AMAK;Mar 2020
# styr
1
# endyr
30
# rec_age
1
# oldest_age
12
# nlength
81
# len_bins
 10 11 12 13 14 15 16 17 18 19 20 21 22 23 24 25 26 27 28 29 30 31 32 33 34 35 36 37 38 39 40 41 42 43 44 45 46 47 48 49 50 51 52 53 54 55 56 57 58 59 60 61 62 63 64 65 66 67 68 69 70 71 72 73 74 75 76 77 78 79 80 81 82 83 84 85 86 87 88 89 90
# datafile_name
amak_data.dat
# model_name
AMAK_MCP
# styr
1
# endyr
30
# rec_age
1
# oldest_age
12
# nfsh
1
# fshname
FLEET1
# catch_bio_in
 160.648 459.44 740.135 974.243 748.718 1261.63 1195.06 2301.84 1222.34 1403.96 1505.3 1487.24 1033.09 1457.93 1480.25 1284.33 2317.05 1687.49 1519.07 1377.03 1675.14 1096.19 1570.79 1131.59 1087.27 973.711 987.274 1344.58 970.067 1375.6
# catch_bio_sd_in
 0.01 0.01 0.01 0.01 0.01 0.01 0.01 0.01 0.01 0.01 0.01 0.01 0.01 0.01 0.01 0.01 0.01 0.01 0.01 0.01 0.01 0.01 0.01 0.01 0.01 0.01 0.01 0.01 0.01 0.01
# nyrs_fsh_age
 30
# nyrs_fsh_length
 0
# yrs_fsh_age_in
 1 2 3 4 5 6 7 8 9 10 11 12 13 14 15 16 17 18 19 20 21 22 23 24 25 26 27 28 29 30
# yrs_fsh_length_in

# n_sample_fsh_length_in

# olc_fsh_in

# nind
1
# indname
SURVEY1
# nyrs_ind
 30
# yrs_ind_in
 1 2 3 4 5 6 7 8 9 10 11 12 13 14 15 16 17 18 19 20 21 22 23 24 25 26 27 28 29 30
# mo_ind
 1
# obs_ind_in
 1.64972 1.48104 1.36702 1.34333 1.41121 1.34416 1.29457 1.26194 1.12703 1.10783 1.23068 1.07809 0.997518 1.16801 1.25292 0.903678 1.06614 0.843873 0.770233 0.821578 0.65584 0.609945 0.653275 0.645943 0.569422 0.603584 0.487218 0.572398 0.54785 0.570429
# obs_se_ind_in
 0.329945 0.296208 0.273403 0.268665 0.282242 0.268833 0.258915 0.252388 0.225407 0.221566 0.246137 0.215617 0.199504 0.233603 0.250584 0.180736 0.213227 0.168775 0.154047 0.164316 0.131168 0.121989 0.130655 0.129189 0.113884 0.120717 0.0974437 0.11448 0.10957 0.114086
# nyrs_ind_age
 30
# nyrs_ind_length
 0
# yrs_ind_age_in
 1 2 3 4 5 6 7 8 9 10 11 12 13 14 15 16 17 18 19 20 21 22 23 24 25 26 27 28 29 30
# yrs_ind_length_in

# yrs_ind_age_in
 1 2 3 4 5 6 7 8 9 10 11 12 13 14 15 16 17 18 19 20 21 22 23 24 25 26 27 28 29 30
# n_sample_ind_length_in

# olc_ind_in

# oac_ind_in
 0.07 0.125 0.185 0.145 0.1 0.09 0.045 0.04 0.02 0.035 0.025 0.12
 0.095 0.095 0.195 0.08 0.13 0.06 0.06 0.05 0.055 0.045 0.03 0.105
 0.065 0.145 0.165 0.125 0.095 0.095 0.07 0.085 0.03 0.035 0.035 0.055
 0.03 0.14 0.155 0.125 0.165 0.08 0.07 0.05 0.055 0.01 0.045 0.075
 0.05 0.135 0.1 0.205 0.105 0.095 0.055 0.055 0.045 0.03 0.035 0.09
 0.09 0.15 0.095 0.1 0.155 0.07 0.075 0.045 0.06 0.025 0.02 0.115
 0.065 0.18 0.13 0.095 0.06 0.1 0.07 0.07 0.05 0.015 0.035 0.13
 0.06 0.19 0.16 0.11 0.06 0.075 0.065 0.04 0.03 0.045 0.035 0.13
 0.105 0.195 0.185 0.1 0.085 0.07 0.05 0.025 0.03 0.025 0.025 0.105
 0.06 0.175 0.225 0.12 0.1 0.055 0.045 0.045 0.055 0.02 0.025 0.075
 0.08 0.125 0.245 0.115 0.085 0.085 0.055 0.035 0.035 0.035 0.01 0.095
 0.085 0.155 0.13 0.18 0.135 0.065 0.08 0.055 0.03 0.02 0.02 0.045
 0.09 0.19 0.165 0.08 0.18 0.055 0.055 0.055 0.015 0.005 0.015 0.095
 0.105 0.125 0.22 0.09 0.06 0.135 0.075 0.06 0.04 0.01 0.015 0.065
 0.07 0.235 0.2 0.145 0.105 0.035 0.07 0.025 0.04 0.01 0.02 0.045
 0.135 0.155 0.26 0.145 0.08 0.055 0.03 0.05 0.025 0.01 0.005 0.05
 0.07 0.255 0.145 0.17 0.115 0.065 0.035 0.035 0.025 0.005 0.03 0.05
 0.065 0.235 0.22 0.11 0.15 0.075 0.05 0.025 0.01 0.02 0.015 0.025
 0.115 0.155 0.17 0.225 0.07 0.115 0.015 0.05 0.025 0.01 0.02 0.03
 0.08 0.225 0.15 0.19 0.1 0.05 0.06 0.04 0.015 0.02 0.02 0.05
 0.095 0.215 0.205 0.14 0.12 0.065 0.08 0.03 0.01 0.02 0.005 0.015
 0.07 0.175 0.25 0.15 0.1 0.105 0.055 0.015 0.04 0.02 0.005 0.015
 0.115 0.205 0.165 0.19 0.095 0.05 0.055 0.035 0.02 0.03 0.02 0.02
 0.14 0.32 0.185 0.105 0.075 0.065 0.03 0.025 0.015 0.015 0.01 0.015
 0.12 0.265 0.24 0.165 0.065 0.07 0.015 0.01 0.02 0.01 0.005 0.015
 0.095 0.35 0.23 0.135 0.06 0.03 0.045 0.02 0.015 0.005 0 0.015
 0.11 0.205 0.315 0.145 0.085 0.06 0.015 0.03 0.015 0 0.005 0.015
 0.16 0.24 0.235 0.18 0.045 0.045 0.02 0.03 0.015 0.005 0.005 0.02
 0.09 0.325 0.24 0.105 0.11 0.04 0.025 0.035 0 0.005 0.005 0.02
 0.15 0.185 0.33 0.105 0.06 0.085 0.025 0.03 0.005 0.005 0.01 0.01
# wt_ind
 1 1 1 1 1 1 1 1 1 1 1 1
 1 1 1 1 1 1 1 1 1 1 1 1
 1 1 1 1 1 1 1 1 1 1 1 1
 1 1 1 1 1 1 1 1 1 1 1 1
 1 1 1 1 1 1 1 1 1 1 1 1
 1 1 1 1 1 1 1 1 1 1 1 1
 1 1 1 1 1 1 1 1 1 1 1 1
 1 1 1 1 1 1 1 1 1 1 1 1
 1 1 1 1 1 1 1 1 1 1 1 1
 1 1 1 1 1 1 1 1 1 1 1 1
 1 1 1 1 1 1 1 1 1 1 1 1
 1 1 1 1 1 1 1 1 1 1 1 1
 1 1 1 1 1 1 1 1 1 1 1 1
 1 1 1 1 1 1 1 1 1 1 1 1
 1 1 1 1 1 1 1 1 1 1 1 1
 1 1 1 1 1 1 1 1 1 1 1 1
 1 1 1 1 1 1 1 1 1 1 1 1
 1 1 1 1 1 1 1 1 1 1 1 1
 1 1 1 1 1 1 1 1 1 1 1 1
 1 1 1 1 1 1 1 1 1 1 1 1
 1 1 1 1 1 1 1 1 1 1 1 1
 1 1 1 1 1 1 1 1 1 1 1 1
 1 1 1 1 1 1 1 1 1 1 1 1
 1 1 1 1 1 1 1 1 1 1 1 1
 1 1 1 1 1 1 1 1 1 1 1 1
 1 1 1 1 1 1 1 1 1 1 1 1
 1 1 1 1 1 1 1 1 1 1 1 1
 1 1 1 1 1 1 1 1 1 1 1 1
 1 1 1 1 1 1 1 1 1 1 1 1
 1 1 1 1 1 1 1 1 1 1 1 1
# wt_pop
 0.000530656 0.00119633 0.00205827 0.00303499 0.00405521 0.0050647 0.00602623 0.00691692 0.00772489 0.00844611 0.00908185 0.0096367
# maturity
 0.0229774 0.320821 0.904651 0.99478 0.999739 0.999987 0.999999 1 1 1 1 1
# spawnmo
1
# age_err
 1 0 0 0 0 0 0 0 0 0 0 0
 0 1 0 0 0 0 0 0 0 0 0 0
 0 0 1 0 0 0 0 0 0 0 0 0
 0 0 0 1 0 0 0 0 0 0 0 0
 0 0 0 0 1 0 0 0 0 0 0 0
 0 0 0 0 0 1 0 0 0 0 0 0
 0 0 0 0 0 0 1 0 0 0 0 0
 0 0 0 0 0 0 0 1 0 0 0 0
 0 0 0 0 0 0 0 0 1 0 0 0
 0 0 0 0 0 0 0 0 0 1 0 0
 0 0 0 0 0 0 0 0 0 0 1 0
 0 0 0 0 0 0 0 0 0 0 0 1
# cntrlfile_name
C:\Users\bai.li\DOCUME~1\Github\AGE_ST~1\ASSAMC\example\output\AMAK\s110\amak.dat
# Map shared selectivity: 
# sel_map
 1 2
 1 1
# datafile_name
amak_data.dat
# model_name
AMAK_MCP
# SrType
2
# use_age_err
0
# retro
0
# sigmarprior
0.2
# cvsigmarprior
0.25
# phase_sigmar
-3
# styr_rec_est
1
# endyr_rec_est
30
# Linfprior
80
# cvLinfprior
0.25
# kprior
0.18
# cvkprior
0.25
# Loprior
27.688
# cvLoprior
0.25
# sdageprior
0.1
# cvsdageprior
0.25
# natmortprior
0.2
# cvnatmortprior
0.25
# phase_M
-4
# npars_Mage
0
# ages_M_changes

# Mage_in

# Mage_offset_in

# phase_Mage
-5
# phase_rw_M
0
# npars_rw_M
0
# yrs_rw_M

# sigma_rw_M

# qprior
 3.48998e-007
# cvqprior
 1
# phase_q
 1
# q_power_prior
 1
# cvq_power_prior
 0.2
# phase_q_power
 -4
# phase_rw_q
 -1
# npars_rw_q
 0
# yrs_rw_q

# sigma_rw_q

# q_age_min
 1
# q_age_max
 12
# q_age_min
 1
# q_age_max
 12
# fsh_sel_opt(k)
2
# phase_sel_fsh(k)
2
# n_sel_ch_fsh(k)
1
# sel_slp_in_fsh(k)(1,n_sel_ch_fsh(k))
 1
# sel_inf_in_fsh(k)(1,n_sel_ch_fsh(k))
 2
# logsel_slp_in_fsh(k)(1,n_sel_ch_fsh(k))
 0
# yrs_sel_ch_fsh(k)(1,n_sel_ch_fsh(k))
 1

Survey SURVEY1
# ind_sel_opt(k)
2
# indname(k)
SURVEY1
# nselages_in_ind(k)
11
# phase_sel_ind(k)
2
# sel_change_in_ind(k)
 1 0 0 0 0 0 0 0 0 0 0 0 0 0 0 0 0 0 0 0 0 0 0 0 0 0 0 0 0 0
# n_sel_ch_ind(k)
1
# yrs_sel_ch_ind(k)(1,n_sel_ch_ind(k))
 1
# sel_slp_in_ind(k,1)
2
# sel_inf_in_ind(k,1)
1.5
# logsel_slp_in_ind(k,1)
0.693147
# logsel_slp_in_indv(k)
0.693147
SURVEY1 ind sel opt 2  1 0 0 0 0 0 0 0 0 0 0 0 0 0 0 0 0 0 0 0 0 0 0 0 0 0 0 0 0 0
Phase indices Sel_Coffs:  -1
 Test: 1.23457e+008
# Fshry Selages:  11
# Srvy  Selages:  11
# Phase for age-spec fishery  -1
# Phase for logistic fishery  2
# Phase for dble logistic fishery  -1
# Phase for age-spec indices   -1
# Phase for logistic indices   2
# Phase for dble logistic ind  -1
# Curv_pen_fsh: 
 0
# Curv_pen_ind: 
 0
# styr_fut
31
# endyr_fut
35
# nyrs_fsh_age
 30
# nyrs_fsh_age
 30
# yrs_fsh_age
 1 2 3 4 5 6 7 8 9 10 11 12 13 14 15 16 17 18 19 20 21 22 23 24 25 26 27 28 29 30
# n_sample_fsh_age
 200 200 200 200 200 200 200 200 200 200 200 200 200 200 200 200 200 200 200 200 200 200 200 200 200 200 200 200 200 200
# oac_fsh
 0.12 0.09 0.095 0.165 0.11 0.075 0.08 0.045 0.04 0.04 0.02 0.12
 0.105 0.105 0.11 0.14 0.125 0.095 0.085 0.07 0.035 0.02 0.015 0.095
 0.05 0.145 0.085 0.155 0.1 0.105 0.05 0.07 0.045 0.05 0.02 0.125
 0.025 0.08 0.145 0.135 0.155 0.11 0.045 0.06 0.06 0.03 0.015 0.14
 0.065 0.095 0.11 0.155 0.07 0.09 0.06 0.09 0.05 0.055 0.025 0.135
 0.065 0.11 0.12 0.11 0.145 0.1 0.09 0.06 0.035 0.02 0.015 0.13
 0.09 0.13 0.13 0.095 0.085 0.095 0.015 0.07 0.035 0.05 0.04 0.165
 0.08 0.16 0.14 0.12 0.07 0.06 0.115 0.06 0.015 0.04 0.03 0.11
 0.095 0.12 0.17 0.165 0.095 0.045 0.035 0.075 0.025 0.05 0.015 0.11
 0.1 0.16 0.13 0.115 0.13 0.065 0.05 0.035 0.035 0.035 0.035 0.11
 0.095 0.09 0.15 0.155 0.145 0.095 0.06 0.02 0.055 0.03 0.015 0.09
 0.095 0.145 0.12 0.175 0.08 0.1 0.085 0.035 0.025 0.03 0.02 0.09
 0.135 0.175 0.155 0.085 0.13 0.095 0.06 0.04 0.015 0.025 0.015 0.07
 0.17 0.1 0.21 0.1 0.07 0.11 0.075 0.03 0.045 0.03 0.015 0.045
 0.05 0.2 0.24 0.155 0.09 0.045 0.06 0.06 0.01 0.03 0.015 0.045
 0.115 0.155 0.195 0.105 0.14 0.115 0.025 0.06 0.045 0.02 0.015 0.01
 0.11 0.215 0.145 0.185 0.12 0.055 0.025 0.045 0.02 0.015 0.005 0.06
 0.065 0.18 0.22 0.11 0.16 0.07 0.05 0.02 0.02 0.03 0.02 0.055
 0.11 0.13 0.22 0.185 0.105 0.105 0.05 0.015 0.02 0.02 0.02 0.02
 0.1 0.15 0.145 0.15 0.145 0.065 0.11 0.04 0.025 0.02 0 0.05
 0.135 0.16 0.16 0.1 0.195 0.095 0.025 0.06 0.035 0.015 0.005 0.015
 0.14 0.155 0.18 0.165 0.08 0.07 0.08 0.035 0.035 0.015 0.01 0.035
 0.23 0.235 0.1 0.165 0.095 0.035 0.04 0.035 0.015 0.01 0.005 0.035
 0.15 0.19 0.205 0.085 0.13 0.07 0.04 0.035 0.03 0.025 0.015 0.025
 0.17 0.17 0.275 0.15 0.08 0.04 0.06 0.01 0.01 0.025 0.01 0
 0.145 0.23 0.21 0.175 0.085 0.06 0.035 0.015 0.005 0.015 0.005 0.02
 0.135 0.215 0.24 0.145 0.135 0.055 0.01 0.03 0.005 0 0.015 0.015
 0.18 0.24 0.205 0.175 0.08 0.065 0.02 0.01 0.01 0 0.005 0.01
 0.12 0.275 0.19 0.125 0.125 0.1 0.035 0.01 0.01 0 0 0.01
 0.18 0.155 0.31 0.13 0.105 0.06 0.015 0.025 0.005 0 0.01 0.005
# olc_fsh

# wt_fsh
 0.000530656 0.00119633 0.00205827 0.00303499 0.00405521 0.0050647 0.00602623 0.00691692 0.00772489 0.00844611 0.00908185 0.0096367
 0.000530656 0.00119633 0.00205827 0.00303499 0.00405521 0.0050647 0.00602623 0.00691692 0.00772489 0.00844611 0.00908185 0.0096367
 0.000530656 0.00119633 0.00205827 0.00303499 0.00405521 0.0050647 0.00602623 0.00691692 0.00772489 0.00844611 0.00908185 0.0096367
 0.000530656 0.00119633 0.00205827 0.00303499 0.00405521 0.0050647 0.00602623 0.00691692 0.00772489 0.00844611 0.00908185 0.0096367
 0.000530656 0.00119633 0.00205827 0.00303499 0.00405521 0.0050647 0.00602623 0.00691692 0.00772489 0.00844611 0.00908185 0.0096367
 0.000530656 0.00119633 0.00205827 0.00303499 0.00405521 0.0050647 0.00602623 0.00691692 0.00772489 0.00844611 0.00908185 0.0096367
 0.000530656 0.00119633 0.00205827 0.00303499 0.00405521 0.0050647 0.00602623 0.00691692 0.00772489 0.00844611 0.00908185 0.0096367
 0.000530656 0.00119633 0.00205827 0.00303499 0.00405521 0.0050647 0.00602623 0.00691692 0.00772489 0.00844611 0.00908185 0.0096367
 0.000530656 0.00119633 0.00205827 0.00303499 0.00405521 0.0050647 0.00602623 0.00691692 0.00772489 0.00844611 0.00908185 0.0096367
 0.000530656 0.00119633 0.00205827 0.00303499 0.00405521 0.0050647 0.00602623 0.00691692 0.00772489 0.00844611 0.00908185 0.0096367
 0.000530656 0.00119633 0.00205827 0.00303499 0.00405521 0.0050647 0.00602623 0.00691692 0.00772489 0.00844611 0.00908185 0.0096367
 0.000530656 0.00119633 0.00205827 0.00303499 0.00405521 0.0050647 0.00602623 0.00691692 0.00772489 0.00844611 0.00908185 0.0096367
 0.000530656 0.00119633 0.00205827 0.00303499 0.00405521 0.0050647 0.00602623 0.00691692 0.00772489 0.00844611 0.00908185 0.0096367
 0.000530656 0.00119633 0.00205827 0.00303499 0.00405521 0.0050647 0.00602623 0.00691692 0.00772489 0.00844611 0.00908185 0.0096367
 0.000530656 0.00119633 0.00205827 0.00303499 0.00405521 0.0050647 0.00602623 0.00691692 0.00772489 0.00844611 0.00908185 0.0096367
 0.000530656 0.00119633 0.00205827 0.00303499 0.00405521 0.0050647 0.00602623 0.00691692 0.00772489 0.00844611 0.00908185 0.0096367
 0.000530656 0.00119633 0.00205827 0.00303499 0.00405521 0.0050647 0.00602623 0.00691692 0.00772489 0.00844611 0.00908185 0.0096367
 0.000530656 0.00119633 0.00205827 0.00303499 0.00405521 0.0050647 0.00602623 0.00691692 0.00772489 0.00844611 0.00908185 0.0096367
 0.000530656 0.00119633 0.00205827 0.00303499 0.00405521 0.0050647 0.00602623 0.00691692 0.00772489 0.00844611 0.00908185 0.0096367
 0.000530656 0.00119633 0.00205827 0.00303499 0.00405521 0.0050647 0.00602623 0.00691692 0.00772489 0.00844611 0.00908185 0.0096367
 0.000530656 0.00119633 0.00205827 0.00303499 0.00405521 0.0050647 0.00602623 0.00691692 0.00772489 0.00844611 0.00908185 0.0096367
 0.000530656 0.00119633 0.00205827 0.00303499 0.00405521 0.0050647 0.00602623 0.00691692 0.00772489 0.00844611 0.00908185 0.0096367
 0.000530656 0.00119633 0.00205827 0.00303499 0.00405521 0.0050647 0.00602623 0.00691692 0.00772489 0.00844611 0.00908185 0.0096367
 0.000530656 0.00119633 0.00205827 0.00303499 0.00405521 0.0050647 0.00602623 0.00691692 0.00772489 0.00844611 0.00908185 0.0096367
 0.000530656 0.00119633 0.00205827 0.00303499 0.00405521 0.0050647 0.00602623 0.00691692 0.00772489 0.00844611 0.00908185 0.0096367
 0.000530656 0.00119633 0.00205827 0.00303499 0.00405521 0.0050647 0.00602623 0.00691692 0.00772489 0.00844611 0.00908185 0.0096367
 0.000530656 0.00119633 0.00205827 0.00303499 0.00405521 0.0050647 0.00602623 0.00691692 0.00772489 0.00844611 0.00908185 0.0096367
 0.000530656 0.00119633 0.00205827 0.00303499 0.00405521 0.0050647 0.00602623 0.00691692 0.00772489 0.00844611 0.00908185 0.0096367
 0.000530656 0.00119633 0.00205827 0.00303499 0.00405521 0.0050647 0.00602623 0.00691692 0.00772489 0.00844611 0.00908185 0.0096367
 0.000530656 0.00119633 0.00205827 0.00303499 0.00405521 0.0050647 0.00602623 0.00691692 0.00772489 0.00844611 0.00908185 0.0096367
# nyrs_ind_age
 30
# yrs_ind_age
 1 2 3 4 5 6 7 8 9 10 11 12 13 14 15 16 17 18 19 20 21 22 23 24 25 26 27 28 29 30
# n_sample_ind_age
 200 200 200 200 200 200 200 200 200 200 200 200 200 200 200 200 200 200 200 200 200 200 200 200 200 200 200 200 200 200
# oac_ind
 0.07 0.125 0.185 0.145 0.1 0.09 0.045 0.04 0.02 0.035 0.025 0.12
 0.095 0.095 0.195 0.08 0.13 0.06 0.06 0.05 0.055 0.045 0.03 0.105
 0.065 0.145 0.165 0.125 0.095 0.095 0.07 0.085 0.03 0.035 0.035 0.055
 0.03 0.14 0.155 0.125 0.165 0.08 0.07 0.05 0.055 0.01 0.045 0.075
 0.05 0.135 0.1 0.205 0.105 0.095 0.055 0.055 0.045 0.03 0.035 0.09
 0.09 0.15 0.095 0.1 0.155 0.07 0.075 0.045 0.06 0.025 0.02 0.115
 0.065 0.18 0.13 0.095 0.06 0.1 0.07 0.07 0.05 0.015 0.035 0.13
 0.06 0.19 0.16 0.11 0.06 0.075 0.065 0.04 0.03 0.045 0.035 0.13
 0.105 0.195 0.185 0.1 0.085 0.07 0.05 0.025 0.03 0.025 0.025 0.105
 0.06 0.175 0.225 0.12 0.1 0.055 0.045 0.045 0.055 0.02 0.025 0.075
 0.08 0.125 0.245 0.115 0.085 0.085 0.055 0.035 0.035 0.035 0.01 0.095
 0.085 0.155 0.13 0.18 0.135 0.065 0.08 0.055 0.03 0.02 0.02 0.045
 0.09 0.19 0.165 0.08 0.18 0.055 0.055 0.055 0.015 0.005 0.015 0.095
 0.105 0.125 0.22 0.09 0.06 0.135 0.075 0.06 0.04 0.01 0.015 0.065
 0.07 0.235 0.2 0.145 0.105 0.035 0.07 0.025 0.04 0.01 0.02 0.045
 0.135 0.155 0.26 0.145 0.08 0.055 0.03 0.05 0.025 0.01 0.005 0.05
 0.07 0.255 0.145 0.17 0.115 0.065 0.035 0.035 0.025 0.005 0.03 0.05
 0.065 0.235 0.22 0.11 0.15 0.075 0.05 0.025 0.01 0.02 0.015 0.025
 0.115 0.155 0.17 0.225 0.07 0.115 0.015 0.05 0.025 0.01 0.02 0.03
 0.08 0.225 0.15 0.19 0.1 0.05 0.06 0.04 0.015 0.02 0.02 0.05
 0.095 0.215 0.205 0.14 0.12 0.065 0.08 0.03 0.01 0.02 0.005 0.015
 0.07 0.175 0.25 0.15 0.1 0.105 0.055 0.015 0.04 0.02 0.005 0.015
 0.115 0.205 0.165 0.19 0.095 0.05 0.055 0.035 0.02 0.03 0.02 0.02
 0.14 0.32 0.185 0.105 0.075 0.065 0.03 0.025 0.015 0.015 0.01 0.015
 0.12 0.265 0.24 0.165 0.065 0.07 0.015 0.01 0.02 0.01 0.005 0.015
 0.095 0.35 0.23 0.135 0.06 0.03 0.045 0.02 0.015 0.005 0 0.015
 0.11 0.205 0.315 0.145 0.085 0.06 0.015 0.03 0.015 0 0.005 0.015
 0.16 0.24 0.235 0.18 0.045 0.045 0.02 0.03 0.015 0.005 0.005 0.02
 0.09 0.325 0.24 0.105 0.11 0.04 0.025 0.035 0 0.005 0.005 0.02
 0.15 0.185 0.33 0.105 0.06 0.085 0.025 0.03 0.005 0.005 0.01 0.01
# olc_ind

# obs_lse_ind
 0.198042 0.198042 0.198042 0.198042 0.198042 0.198042 0.198042 0.198042 0.198042 0.198042 0.198042 0.198042 0.198042 0.198042 0.198042 0.198042 0.198042 0.198042 0.198042 0.198042 0.198042 0.198042 0.198042 0.198042 0.198042 0.198042 0.198042 0.198042 0.198042 0.198042
# xages_fsh
 0 0 0 0 0 0 0 0 0 0 0 0
# xages_fsh
 0 0.0909091 0.181818 0.272727 0.363636 0.454545 0.545455 0.636364 0.727273 0.818182 0.909091 1
# xnodes_fsh

Yrs fsh_sel change:  1 0 0 0 0 0 0 0 0 0 0 0 0 0 0 0 0 0 0 0 0 0 0 0 0 0 0 0 0
Yrs ind_sel change:  1 0 0 0 0 0 0 0 0 0 0 0 0 0 0 0 0 0 0 0 0 0 0 0 0 0 0 0 0
# steepnessprior
0.75
# sigmarprior
0.2
#  SSB estimated in styr endyr: -13 28 
#  Rec estimated in styr endyr: -11 30 
#  SR Curve fit  in styr endyr: 1 30 
#             Model styr endyr: 1 30 
# qprior
 3.48998e-007
# q_power_prior 
 1 
# cv_catchbiomass 
0.05 
# CatchbiomassPen 
200 
# Number of projection years 
5 
# offset_fsh
 13320.8
# offset_ind
 13103.6
Mean Catch
1260.97
R_guess 
15.3998
# nfsh
1
# n_sel_ch_fsh
 1
# nselages_fsh
 11
# phase_selcoff_fsh
 -1
logRzero 15.3998
logmeanrec 15.3998
exp(log_sigmarprior 0.2
Fish sel phase: -1 FLEET1
Fixing fishery sel to
1
Srvy sel phase: -1
Fixing SURVEY1 indices sel to
1
# logsel_slp_in_indv
 0.693147
Leaving parameter init secton
# M
 0.2 0.2 0.2 0.2 0.2 0.2 0.2 0.2 0.2 0.2 0.2 0.2
 0.2 0.2 0.2 0.2 0.2 0.2 0.2 0.2 0.2 0.2 0.2 0.2
 0.2 0.2 0.2 0.2 0.2 0.2 0.2 0.2 0.2 0.2 0.2 0.2
 0.2 0.2 0.2 0.2 0.2 0.2 0.2 0.2 0.2 0.2 0.2 0.2
 0.2 0.2 0.2 0.2 0.2 0.2 0.2 0.2 0.2 0.2 0.2 0.2
 0.2 0.2 0.2 0.2 0.2 0.2 0.2 0.2 0.2 0.2 0.2 0.2
 0.2 0.2 0.2 0.2 0.2 0.2 0.2 0.2 0.2 0.2 0.2 0.2
 0.2 0.2 0.2 0.2 0.2 0.2 0.2 0.2 0.2 0.2 0.2 0.2
 0.2 0.2 0.2 0.2 0.2 0.2 0.2 0.2 0.2 0.2 0.2 0.2
 0.2 0.2 0.2 0.2 0.2 0.2 0.2 0.2 0.2 0.2 0.2 0.2
 0.2 0.2 0.2 0.2 0.2 0.2 0.2 0.2 0.2 0.2 0.2 0.2
 0.2 0.2 0.2 0.2 0.2 0.2 0.2 0.2 0.2 0.2 0.2 0.2
 0.2 0.2 0.2 0.2 0.2 0.2 0.2 0.2 0.2 0.2 0.2 0.2
 0.2 0.2 0.2 0.2 0.2 0.2 0.2 0.2 0.2 0.2 0.2 0.2
 0.2 0.2 0.2 0.2 0.2 0.2 0.2 0.2 0.2 0.2 0.2 0.2
 0.2 0.2 0.2 0.2 0.2 0.2 0.2 0.2 0.2 0.2 0.2 0.2
 0.2 0.2 0.2 0.2 0.2 0.2 0.2 0.2 0.2 0.2 0.2 0.2
 0.2 0.2 0.2 0.2 0.2 0.2 0.2 0.2 0.2 0.2 0.2 0.2
 0.2 0.2 0.2 0.2 0.2 0.2 0.2 0.2 0.2 0.2 0.2 0.2
 0.2 0.2 0.2 0.2 0.2 0.2 0.2 0.2 0.2 0.2 0.2 0.2
 0.2 0.2 0.2 0.2 0.2 0.2 0.2 0.2 0.2 0.2 0.2 0.2
 0.2 0.2 0.2 0.2 0.2 0.2 0.2 0.2 0.2 0.2 0.2 0.2
 0.2 0.2 0.2 0.2 0.2 0.2 0.2 0.2 0.2 0.2 0.2 0.2
 0.2 0.2 0.2 0.2 0.2 0.2 0.2 0.2 0.2 0.2 0.2 0.2
 0.2 0.2 0.2 0.2 0.2 0.2 0.2 0.2 0.2 0.2 0.2 0.2
 0.2 0.2 0.2 0.2 0.2 0.2 0.2 0.2 0.2 0.2 0.2 0.2
 0.2 0.2 0.2 0.2 0.2 0.2 0.2 0.2 0.2 0.2 0.2 0.2
 0.2 0.2 0.2 0.2 0.2 0.2 0.2 0.2 0.2 0.2 0.2 0.2
 0.2 0.2 0.2 0.2 0.2 0.2 0.2 0.2 0.2 0.2 0.2 0.2
 0.2 0.2 0.2 0.2 0.2 0.2 0.2 0.2 0.2 0.2 0.2 0.2
# mean_log_rec
13.7309
# log_Rzero
13.7586
# rec_dev
 -0.118542 -0.141499 -0.172303 -0.0889975 -0.112118 0.0083774 -0.0317495 0.143471 0.0278924 0.203006 0.0598782 0.206443 0.0150344 0.30595 -0.108528 -0.228056 -0.0420324 0.170182 0.134304 0.110236 0.278949 -0.290383 -0.0731028 0.104847 0.0608289 0.380368 -0.112127 0.260661 0.108613 -0.353718 -0.155759 -0.13985 -0.457764 -0.248779 -0.0435417 -0.231618 -0.0111656 -0.302105 -0.26588 0.0370377 -0.537896 -0.199627
# fmort
 0.00943461 0.0269805 0.0441712 0.0601557 0.0481844 0.0858046 0.0869798 0.185147 0.108007 0.130846 0.149858 0.159881 0.117088 0.17151 0.182723 0.163021 0.317749 0.26063 0.256755 0.254819 0.352231 0.260636 0.42419 0.348861 0.353839 0.32278 0.32771 0.472927 0.365634 0.568941
# rec_dev_future
 0 0 0 0 0
