AMAK;Mar 2020
# styr
1
# endyr
30
# rec_age
1
# oldest_age
12
# nlength
81
# len_bins
 10 11 12 13 14 15 16 17 18 19 20 21 22 23 24 25 26 27 28 29 30 31 32 33 34 35 36 37 38 39 40 41 42 43 44 45 46 47 48 49 50 51 52 53 54 55 56 57 58 59 60 61 62 63 64 65 66 67 68 69 70 71 72 73 74 75 76 77 78 79 80 81 82 83 84 85 86 87 88 89 90
# datafile_name
amak_data.dat
# model_name
AMAK_MCP
# styr
1
# endyr
30
# rec_age
1
# oldest_age
12
# nfsh
1
# fshname
FLEET1
# catch_bio_in
 159.852 458.848 741.219 956.36 735.36 1271.17 1209.19 2337.67 1225.66 1414.3 1501.27 1488.08 1010.24 1426.7 1462.18 1282.61 2318.65 1659.06 1511.56 1386.82 1758.06 1200.07 1812.27 1340.21 1244.96 1103.36 1060.79 1363.23 944.825 1314.76
# catch_bio_sd_in
 0.01 0.01 0.01 0.01 0.01 0.01 0.01 0.01 0.01 0.01 0.01 0.01 0.01 0.01 0.01 0.01 0.01 0.01 0.01 0.01 0.01 0.01 0.01 0.01 0.01 0.01 0.01 0.01 0.01 0.01
# nyrs_fsh_age
 30
# nyrs_fsh_length
 0
# yrs_fsh_age_in
 1 2 3 4 5 6 7 8 9 10 11 12 13 14 15 16 17 18 19 20 21 22 23 24 25 26 27 28 29 30
# yrs_fsh_length_in

# n_sample_fsh_length_in

# olc_fsh_in

# nind
1
# indname
SURVEY1
# nyrs_ind
 30
# yrs_ind_in
 1 2 3 4 5 6 7 8 9 10 11 12 13 14 15 16 17 18 19 20 21 22 23 24 25 26 27 28 29 30
# mo_ind
 1
# obs_ind_in
 1.34969 1.61548 1.29128 1.35283 1.19609 1.24564 1.40341 1.64184 1.34064 1.10078 1.14342 1.10968 0.876679 1.12934 0.993105 1.28357 0.79831 0.785102 0.807105 0.864401 0.813373 0.903072 0.727187 0.717406 0.608872 0.604463 0.527917 0.59855 0.389715 0.522309
# obs_se_ind_in
 0.269938 0.323096 0.258255 0.270565 0.239218 0.249127 0.280681 0.328368 0.268129 0.220156 0.228684 0.221936 0.175336 0.225867 0.198621 0.256714 0.159662 0.15702 0.161421 0.17288 0.162675 0.180614 0.145437 0.143481 0.121774 0.120893 0.105583 0.11971 0.077943 0.104462
# nyrs_ind_age
 30
# nyrs_ind_length
 0
# yrs_ind_age_in
 1 2 3 4 5 6 7 8 9 10 11 12 13 14 15 16 17 18 19 20 21 22 23 24 25 26 27 28 29 30
# yrs_ind_length_in

# yrs_ind_age_in
 1 2 3 4 5 6 7 8 9 10 11 12 13 14 15 16 17 18 19 20 21 22 23 24 25 26 27 28 29 30
# n_sample_ind_length_in

# olc_ind_in

# oac_ind_in
 0.055 0.105 0.14 0.11 0.1 0.075 0.04 0.065 0.045 0.035 0.055 0.175
 0.06 0.125 0.155 0.155 0.095 0.085 0.055 0.04 0.04 0.025 0.03 0.135
 0.055 0.1 0.175 0.155 0.135 0.035 0.09 0.06 0.03 0.015 0.03 0.12
 0.075 0.12 0.135 0.115 0.115 0.08 0.075 0.03 0.065 0.015 0.05 0.125
 0.05 0.22 0.12 0.105 0.075 0.09 0.05 0.075 0.03 0.025 0.045 0.115
 0.07 0.13 0.195 0.085 0.08 0.085 0.07 0.06 0.015 0.02 0.045 0.145
 0.065 0.13 0.18 0.17 0.055 0.08 0.055 0.065 0.035 0.03 0.025 0.11
 0.075 0.135 0.125 0.1 0.155 0.08 0.065 0.06 0.045 0.06 0.025 0.075
 0.09 0.165 0.14 0.14 0.12 0.1 0.06 0.045 0.04 0.015 0.005 0.08
 0.08 0.135 0.215 0.12 0.11 0.06 0.045 0.045 0.035 0.025 0.03 0.1
 0.065 0.145 0.205 0.145 0.085 0.08 0.04 0.045 0.04 0.05 0.015 0.085
 0.12 0.205 0.18 0.11 0.125 0.075 0.025 0.03 0.025 0.03 0.015 0.06
 0.055 0.225 0.165 0.125 0.08 0.07 0.065 0.04 0.03 0.04 0.02 0.085
 0.135 0.165 0.18 0.11 0.075 0.09 0.05 0.04 0.03 0.03 0.02 0.075
 0.095 0.315 0.16 0.095 0.055 0.05 0.045 0.055 0.045 0.02 0.02 0.045
 0.055 0.185 0.31 0.12 0.075 0.045 0.05 0.06 0.025 0.02 0.01 0.045
 0.1 0.15 0.22 0.225 0.08 0.055 0.025 0.03 0.02 0.02 0.015 0.06
 0.12 0.175 0.17 0.105 0.125 0.07 0.055 0.035 0.035 0.025 0.01 0.075
 0.105 0.205 0.175 0.095 0.135 0.135 0.03 0.035 0.015 0.005 0.02 0.045
 0.145 0.24 0.175 0.115 0.085 0.07 0.065 0.04 0.035 0.01 0 0.02
 0.135 0.195 0.235 0.12 0.125 0.085 0.035 0.035 0.015 0 0 0.02
 0.095 0.265 0.28 0.15 0.085 0.035 0.01 0.025 0.015 0.015 0.015 0.01
 0.11 0.24 0.21 0.16 0.125 0.05 0.025 0.03 0.015 0 0.015 0.02
 0.13 0.2 0.215 0.145 0.145 0.09 0.04 0.01 0 0.02 0 0.005
 0.14 0.225 0.22 0.16 0.08 0.075 0.02 0.015 0.015 0.01 0.005 0.035
 0.04 0.36 0.24 0.12 0.095 0.045 0.03 0.04 0.015 0.01 0 0.005
 0.095 0.16 0.345 0.14 0.09 0.065 0.06 0.015 0 0.01 0.01 0.01
 0.115 0.275 0.125 0.23 0.06 0.095 0.055 0.02 0.01 0 0.005 0.01
 0.085 0.235 0.275 0.11 0.125 0.05 0.03 0.015 0.055 0 0.01 0.01
 0.21 0.23 0.13 0.185 0.045 0.115 0.05 0.005 0.015 0.005 0 0.01
# wt_ind
 1 1 1 1 1 1 1 1 1 1 1 1
 1 1 1 1 1 1 1 1 1 1 1 1
 1 1 1 1 1 1 1 1 1 1 1 1
 1 1 1 1 1 1 1 1 1 1 1 1
 1 1 1 1 1 1 1 1 1 1 1 1
 1 1 1 1 1 1 1 1 1 1 1 1
 1 1 1 1 1 1 1 1 1 1 1 1
 1 1 1 1 1 1 1 1 1 1 1 1
 1 1 1 1 1 1 1 1 1 1 1 1
 1 1 1 1 1 1 1 1 1 1 1 1
 1 1 1 1 1 1 1 1 1 1 1 1
 1 1 1 1 1 1 1 1 1 1 1 1
 1 1 1 1 1 1 1 1 1 1 1 1
 1 1 1 1 1 1 1 1 1 1 1 1
 1 1 1 1 1 1 1 1 1 1 1 1
 1 1 1 1 1 1 1 1 1 1 1 1
 1 1 1 1 1 1 1 1 1 1 1 1
 1 1 1 1 1 1 1 1 1 1 1 1
 1 1 1 1 1 1 1 1 1 1 1 1
 1 1 1 1 1 1 1 1 1 1 1 1
 1 1 1 1 1 1 1 1 1 1 1 1
 1 1 1 1 1 1 1 1 1 1 1 1
 1 1 1 1 1 1 1 1 1 1 1 1
 1 1 1 1 1 1 1 1 1 1 1 1
 1 1 1 1 1 1 1 1 1 1 1 1
 1 1 1 1 1 1 1 1 1 1 1 1
 1 1 1 1 1 1 1 1 1 1 1 1
 1 1 1 1 1 1 1 1 1 1 1 1
 1 1 1 1 1 1 1 1 1 1 1 1
 1 1 1 1 1 1 1 1 1 1 1 1
# wt_pop
 0.000530656 0.00119633 0.00205827 0.00303499 0.00405521 0.0050647 0.00602623 0.00691692 0.00772489 0.00844611 0.00908185 0.0096367
# maturity
 0.0229774 0.320821 0.904651 0.99478 0.999739 0.999987 0.999999 1 1 1 1 1
# spawnmo
1
# age_err
 1 0 0 0 0 0 0 0 0 0 0 0
 0 1 0 0 0 0 0 0 0 0 0 0
 0 0 1 0 0 0 0 0 0 0 0 0
 0 0 0 1 0 0 0 0 0 0 0 0
 0 0 0 0 1 0 0 0 0 0 0 0
 0 0 0 0 0 1 0 0 0 0 0 0
 0 0 0 0 0 0 1 0 0 0 0 0
 0 0 0 0 0 0 0 1 0 0 0 0
 0 0 0 0 0 0 0 0 1 0 0 0
 0 0 0 0 0 0 0 0 0 1 0 0
 0 0 0 0 0 0 0 0 0 0 1 0
 0 0 0 0 0 0 0 0 0 0 0 1
# cntrlfile_name
C:\Users\bai.li\DOCUME~1\Github\AGE_ST~1\ASSAMC\example\output\AMAK\s135\amak.dat
# Map shared selectivity: 
# sel_map
 1 2
 1 1
# datafile_name
amak_data.dat
# model_name
AMAK_MCP
# SrType
2
# use_age_err
0
# retro
0
# sigmarprior
0.2
# cvsigmarprior
0.25
# phase_sigmar
-3
# styr_rec_est
1
# endyr_rec_est
30
# Linfprior
80
# cvLinfprior
0.25
# kprior
0.18
# cvkprior
0.25
# Loprior
27.688
# cvLoprior
0.25
# sdageprior
0.1
# cvsdageprior
0.25
# natmortprior
0.2
# cvnatmortprior
0.25
# phase_M
-4
# npars_Mage
0
# ages_M_changes

# Mage_in

# Mage_offset_in

# phase_Mage
-5
# phase_rw_M
0
# npars_rw_M
0
# yrs_rw_M

# sigma_rw_M

# qprior
 3.48998e-007
# cvqprior
 1
# phase_q
 1
# q_power_prior
 1
# cvq_power_prior
 0.2
# phase_q_power
 -4
# phase_rw_q
 -1
# npars_rw_q
 0
# yrs_rw_q

# sigma_rw_q

# q_age_min
 1
# q_age_max
 12
# q_age_min
 1
# q_age_max
 12
# fsh_sel_opt(k)
2
# phase_sel_fsh(k)
2
# n_sel_ch_fsh(k)
1
# sel_slp_in_fsh(k)(1,n_sel_ch_fsh(k))
 1
# sel_inf_in_fsh(k)(1,n_sel_ch_fsh(k))
 2
# logsel_slp_in_fsh(k)(1,n_sel_ch_fsh(k))
 0
# yrs_sel_ch_fsh(k)(1,n_sel_ch_fsh(k))
 1

Survey SURVEY1
# ind_sel_opt(k)
2
# indname(k)
SURVEY1
# nselages_in_ind(k)
11
# phase_sel_ind(k)
2
# sel_change_in_ind(k)
 1 0 0 0 0 0 0 0 0 0 0 0 0 0 0 0 0 0 0 0 0 0 0 0 0 0 0 0 0 0
# n_sel_ch_ind(k)
1
# yrs_sel_ch_ind(k)(1,n_sel_ch_ind(k))
 1
# sel_slp_in_ind(k,1)
2
# sel_inf_in_ind(k,1)
1.5
# logsel_slp_in_ind(k,1)
0.693147
# logsel_slp_in_indv(k)
0.693147
SURVEY1 ind sel opt 2  1 0 0 0 0 0 0 0 0 0 0 0 0 0 0 0 0 0 0 0 0 0 0 0 0 0 0 0 0 0
Phase indices Sel_Coffs:  -1
 Test: 1.23457e+008
# Fshry Selages:  11
# Srvy  Selages:  11
# Phase for age-spec fishery  -1
# Phase for logistic fishery  2
# Phase for dble logistic fishery  -1
# Phase for age-spec indices   -1
# Phase for logistic indices   2
# Phase for dble logistic ind  -1
# Curv_pen_fsh: 
 0
# Curv_pen_ind: 
 0
# styr_fut
31
# endyr_fut
35
# nyrs_fsh_age
 30
# nyrs_fsh_age
 30
# yrs_fsh_age
 1 2 3 4 5 6 7 8 9 10 11 12 13 14 15 16 17 18 19 20 21 22 23 24 25 26 27 28 29 30
# n_sample_fsh_age
 200 200 200 200 200 200 200 200 200 200 200 200 200 200 200 200 200 200 200 200 200 200 200 200 200 200 200 200 200 200
# oac_fsh
 0.035 0.12 0.12 0.135 0.14 0.085 0.045 0.075 0.035 0.03 0.05 0.13
 0.08 0.105 0.14 0.11 0.105 0.105 0.09 0.065 0.045 0.035 0.03 0.09
 0.065 0.11 0.175 0.105 0.11 0.075 0.045 0.055 0.055 0.06 0.035 0.11
 0.105 0.115 0.085 0.12 0.11 0.085 0.075 0.05 0.05 0.045 0.035 0.125
 0.12 0.13 0.1 0.125 0.09 0.045 0.1 0.035 0.065 0.04 0.025 0.125
 0.085 0.135 0.17 0.115 0.115 0.04 0.025 0.04 0.03 0.045 0.035 0.165
 0.08 0.07 0.13 0.19 0.11 0.065 0.04 0.065 0.05 0.03 0.035 0.135
 0.06 0.135 0.12 0.105 0.165 0.075 0.055 0.05 0.04 0.04 0.055 0.1
 0.12 0.13 0.115 0.105 0.095 0.115 0.04 0.05 0.045 0.035 0.045 0.105
 0.065 0.115 0.2 0.12 0.1 0.085 0.045 0.075 0.025 0.04 0.02 0.11
 0.065 0.115 0.185 0.09 0.155 0.07 0.105 0.065 0.02 0.01 0.01 0.11
 0.115 0.105 0.16 0.165 0.105 0.075 0.05 0.04 0.05 0.025 0.015 0.095
 0.07 0.22 0.095 0.135 0.13 0.055 0.08 0.03 0.025 0.065 0.025 0.07
 0.155 0.135 0.195 0.11 0.065 0.08 0.09 0.055 0.015 0.025 0.015 0.06
 0.105 0.275 0.12 0.165 0.075 0.055 0.035 0.03 0.055 0.005 0.015 0.065
 0.085 0.105 0.255 0.17 0.11 0.06 0.065 0.035 0.035 0.02 0.02 0.04
 0.065 0.11 0.19 0.195 0.105 0.11 0.065 0.05 0.025 0.02 0.005 0.06
 0.125 0.135 0.17 0.155 0.18 0.075 0.075 0.02 0.03 0.005 0.005 0.025
 0.105 0.2 0.135 0.12 0.15 0.135 0.025 0.04 0.03 0.01 0.015 0.035
 0.15 0.2 0.18 0.125 0.07 0.095 0.07 0.025 0.025 0.03 0.005 0.025
 0.105 0.22 0.215 0.18 0.055 0.06 0.045 0.02 0.02 0.04 0.01 0.03
 0.13 0.235 0.2 0.175 0.085 0.065 0.05 0.01 0.015 0.02 0 0.015
 0.15 0.12 0.245 0.145 0.135 0.065 0.035 0.035 0.02 0.015 0.02 0.015
 0.13 0.205 0.165 0.22 0.135 0.06 0.025 0.01 0.02 0.01 0.01 0.01
 0.225 0.19 0.195 0.15 0.07 0.045 0.055 0.015 0.02 0.015 0 0.02
 0.115 0.21 0.235 0.18 0.095 0.05 0.035 0.025 0.025 0.005 0 0.025
 0.155 0.12 0.325 0.105 0.13 0.05 0.06 0.02 0 0.025 0 0.01
 0.14 0.195 0.165 0.29 0.085 0.05 0.02 0.01 0.015 0.02 0.005 0.005
 0.14 0.175 0.315 0.105 0.115 0.065 0.035 0.01 0.005 0.005 0.005 0.025
 0.195 0.185 0.175 0.17 0.045 0.1 0.03 0.025 0.03 0.02 0.02 0.005
# olc_fsh

# wt_fsh
 0.000530656 0.00119633 0.00205827 0.00303499 0.00405521 0.0050647 0.00602623 0.00691692 0.00772489 0.00844611 0.00908185 0.0096367
 0.000530656 0.00119633 0.00205827 0.00303499 0.00405521 0.0050647 0.00602623 0.00691692 0.00772489 0.00844611 0.00908185 0.0096367
 0.000530656 0.00119633 0.00205827 0.00303499 0.00405521 0.0050647 0.00602623 0.00691692 0.00772489 0.00844611 0.00908185 0.0096367
 0.000530656 0.00119633 0.00205827 0.00303499 0.00405521 0.0050647 0.00602623 0.00691692 0.00772489 0.00844611 0.00908185 0.0096367
 0.000530656 0.00119633 0.00205827 0.00303499 0.00405521 0.0050647 0.00602623 0.00691692 0.00772489 0.00844611 0.00908185 0.0096367
 0.000530656 0.00119633 0.00205827 0.00303499 0.00405521 0.0050647 0.00602623 0.00691692 0.00772489 0.00844611 0.00908185 0.0096367
 0.000530656 0.00119633 0.00205827 0.00303499 0.00405521 0.0050647 0.00602623 0.00691692 0.00772489 0.00844611 0.00908185 0.0096367
 0.000530656 0.00119633 0.00205827 0.00303499 0.00405521 0.0050647 0.00602623 0.00691692 0.00772489 0.00844611 0.00908185 0.0096367
 0.000530656 0.00119633 0.00205827 0.00303499 0.00405521 0.0050647 0.00602623 0.00691692 0.00772489 0.00844611 0.00908185 0.0096367
 0.000530656 0.00119633 0.00205827 0.00303499 0.00405521 0.0050647 0.00602623 0.00691692 0.00772489 0.00844611 0.00908185 0.0096367
 0.000530656 0.00119633 0.00205827 0.00303499 0.00405521 0.0050647 0.00602623 0.00691692 0.00772489 0.00844611 0.00908185 0.0096367
 0.000530656 0.00119633 0.00205827 0.00303499 0.00405521 0.0050647 0.00602623 0.00691692 0.00772489 0.00844611 0.00908185 0.0096367
 0.000530656 0.00119633 0.00205827 0.00303499 0.00405521 0.0050647 0.00602623 0.00691692 0.00772489 0.00844611 0.00908185 0.0096367
 0.000530656 0.00119633 0.00205827 0.00303499 0.00405521 0.0050647 0.00602623 0.00691692 0.00772489 0.00844611 0.00908185 0.0096367
 0.000530656 0.00119633 0.00205827 0.00303499 0.00405521 0.0050647 0.00602623 0.00691692 0.00772489 0.00844611 0.00908185 0.0096367
 0.000530656 0.00119633 0.00205827 0.00303499 0.00405521 0.0050647 0.00602623 0.00691692 0.00772489 0.00844611 0.00908185 0.0096367
 0.000530656 0.00119633 0.00205827 0.00303499 0.00405521 0.0050647 0.00602623 0.00691692 0.00772489 0.00844611 0.00908185 0.0096367
 0.000530656 0.00119633 0.00205827 0.00303499 0.00405521 0.0050647 0.00602623 0.00691692 0.00772489 0.00844611 0.00908185 0.0096367
 0.000530656 0.00119633 0.00205827 0.00303499 0.00405521 0.0050647 0.00602623 0.00691692 0.00772489 0.00844611 0.00908185 0.0096367
 0.000530656 0.00119633 0.00205827 0.00303499 0.00405521 0.0050647 0.00602623 0.00691692 0.00772489 0.00844611 0.00908185 0.0096367
 0.000530656 0.00119633 0.00205827 0.00303499 0.00405521 0.0050647 0.00602623 0.00691692 0.00772489 0.00844611 0.00908185 0.0096367
 0.000530656 0.00119633 0.00205827 0.00303499 0.00405521 0.0050647 0.00602623 0.00691692 0.00772489 0.00844611 0.00908185 0.0096367
 0.000530656 0.00119633 0.00205827 0.00303499 0.00405521 0.0050647 0.00602623 0.00691692 0.00772489 0.00844611 0.00908185 0.0096367
 0.000530656 0.00119633 0.00205827 0.00303499 0.00405521 0.0050647 0.00602623 0.00691692 0.00772489 0.00844611 0.00908185 0.0096367
 0.000530656 0.00119633 0.00205827 0.00303499 0.00405521 0.0050647 0.00602623 0.00691692 0.00772489 0.00844611 0.00908185 0.0096367
 0.000530656 0.00119633 0.00205827 0.00303499 0.00405521 0.0050647 0.00602623 0.00691692 0.00772489 0.00844611 0.00908185 0.0096367
 0.000530656 0.00119633 0.00205827 0.00303499 0.00405521 0.0050647 0.00602623 0.00691692 0.00772489 0.00844611 0.00908185 0.0096367
 0.000530656 0.00119633 0.00205827 0.00303499 0.00405521 0.0050647 0.00602623 0.00691692 0.00772489 0.00844611 0.00908185 0.0096367
 0.000530656 0.00119633 0.00205827 0.00303499 0.00405521 0.0050647 0.00602623 0.00691692 0.00772489 0.00844611 0.00908185 0.0096367
 0.000530656 0.00119633 0.00205827 0.00303499 0.00405521 0.0050647 0.00602623 0.00691692 0.00772489 0.00844611 0.00908185 0.0096367
# nyrs_ind_age
 30
# yrs_ind_age
 1 2 3 4 5 6 7 8 9 10 11 12 13 14 15 16 17 18 19 20 21 22 23 24 25 26 27 28 29 30
# n_sample_ind_age
 200 200 200 200 200 200 200 200 200 200 200 200 200 200 200 200 200 200 200 200 200 200 200 200 200 200 200 200 200 200
# oac_ind
 0.055 0.105 0.14 0.11 0.1 0.075 0.04 0.065 0.045 0.035 0.055 0.175
 0.06 0.125 0.155 0.155 0.095 0.085 0.055 0.04 0.04 0.025 0.03 0.135
 0.055 0.1 0.175 0.155 0.135 0.035 0.09 0.06 0.03 0.015 0.03 0.12
 0.075 0.12 0.135 0.115 0.115 0.08 0.075 0.03 0.065 0.015 0.05 0.125
 0.05 0.22 0.12 0.105 0.075 0.09 0.05 0.075 0.03 0.025 0.045 0.115
 0.07 0.13 0.195 0.085 0.08 0.085 0.07 0.06 0.015 0.02 0.045 0.145
 0.065 0.13 0.18 0.17 0.055 0.08 0.055 0.065 0.035 0.03 0.025 0.11
 0.075 0.135 0.125 0.1 0.155 0.08 0.065 0.06 0.045 0.06 0.025 0.075
 0.09 0.165 0.14 0.14 0.12 0.1 0.06 0.045 0.04 0.015 0.005 0.08
 0.08 0.135 0.215 0.12 0.11 0.06 0.045 0.045 0.035 0.025 0.03 0.1
 0.065 0.145 0.205 0.145 0.085 0.08 0.04 0.045 0.04 0.05 0.015 0.085
 0.12 0.205 0.18 0.11 0.125 0.075 0.025 0.03 0.025 0.03 0.015 0.06
 0.055 0.225 0.165 0.125 0.08 0.07 0.065 0.04 0.03 0.04 0.02 0.085
 0.135 0.165 0.18 0.11 0.075 0.09 0.05 0.04 0.03 0.03 0.02 0.075
 0.095 0.315 0.16 0.095 0.055 0.05 0.045 0.055 0.045 0.02 0.02 0.045
 0.055 0.185 0.31 0.12 0.075 0.045 0.05 0.06 0.025 0.02 0.01 0.045
 0.1 0.15 0.22 0.225 0.08 0.055 0.025 0.03 0.02 0.02 0.015 0.06
 0.12 0.175 0.17 0.105 0.125 0.07 0.055 0.035 0.035 0.025 0.01 0.075
 0.105 0.205 0.175 0.095 0.135 0.135 0.03 0.035 0.015 0.005 0.02 0.045
 0.145 0.24 0.175 0.115 0.085 0.07 0.065 0.04 0.035 0.01 0 0.02
 0.135 0.195 0.235 0.12 0.125 0.085 0.035 0.035 0.015 0 0 0.02
 0.095 0.265 0.28 0.15 0.085 0.035 0.01 0.025 0.015 0.015 0.015 0.01
 0.11 0.24 0.21 0.16 0.125 0.05 0.025 0.03 0.015 0 0.015 0.02
 0.13 0.2 0.215 0.145 0.145 0.09 0.04 0.01 0 0.02 0 0.005
 0.14 0.225 0.22 0.16 0.08 0.075 0.02 0.015 0.015 0.01 0.005 0.035
 0.04 0.36 0.24 0.12 0.095 0.045 0.03 0.04 0.015 0.01 0 0.005
 0.095 0.16 0.345 0.14 0.09 0.065 0.06 0.015 0 0.01 0.01 0.01
 0.115 0.275 0.125 0.23 0.06 0.095 0.055 0.02 0.01 0 0.005 0.01
 0.085 0.235 0.275 0.11 0.125 0.05 0.03 0.015 0.055 0 0.01 0.01
 0.21 0.23 0.13 0.185 0.045 0.115 0.05 0.005 0.015 0.005 0 0.01
# olc_ind

# obs_lse_ind
 0.198042 0.198042 0.198042 0.198042 0.198042 0.198042 0.198042 0.198042 0.198042 0.198042 0.198042 0.198042 0.198042 0.198042 0.198042 0.198042 0.198042 0.198042 0.198042 0.198042 0.198042 0.198042 0.198042 0.198042 0.198042 0.198042 0.198042 0.198042 0.198042 0.198042
# xages_fsh
 0 0 0 0 0 0 0 0 0 0 0 0
# xages_fsh
 0 0.0909091 0.181818 0.272727 0.363636 0.454545 0.545455 0.636364 0.727273 0.818182 0.909091 1
# xnodes_fsh

Yrs fsh_sel change:  1 0 0 0 0 0 0 0 0 0 0 0 0 0 0 0 0 0 0 0 0 0 0 0 0 0 0 0 0
Yrs ind_sel change:  1 0 0 0 0 0 0 0 0 0 0 0 0 0 0 0 0 0 0 0 0 0 0 0 0 0 0 0 0
# steepnessprior
0.75
# sigmarprior
0.2
#  SSB estimated in styr endyr: -13 28 
#  Rec estimated in styr endyr: -11 30 
#  SR Curve fit  in styr endyr: 1 30 
#             Model styr endyr: 1 30 
# qprior
 3.48998e-007
# q_power_prior 
 1 
# cv_catchbiomass 
0.05 
# CatchbiomassPen 
200 
# Number of projection years 
5 
# offset_fsh
 13352.8
# offset_ind
 13103.6
Mean Catch
1289.98
R_guess 
15.4225
# nfsh
1
# n_sel_ch_fsh
 1
# nselages_fsh
 11
# phase_selcoff_fsh
 -1
logRzero 15.4225
logmeanrec 15.4225
exp(log_sigmarprior 0.2
Fish sel phase: -1 FLEET1
Fixing fishery sel to
1
Srvy sel phase: -1
Fixing SURVEY1 indices sel to
1
# logsel_slp_in_indv
 0.693147
Leaving parameter init secton
# M
 0.2 0.2 0.2 0.2 0.2 0.2 0.2 0.2 0.2 0.2 0.2 0.2
 0.2 0.2 0.2 0.2 0.2 0.2 0.2 0.2 0.2 0.2 0.2 0.2
 0.2 0.2 0.2 0.2 0.2 0.2 0.2 0.2 0.2 0.2 0.2 0.2
 0.2 0.2 0.2 0.2 0.2 0.2 0.2 0.2 0.2 0.2 0.2 0.2
 0.2 0.2 0.2 0.2 0.2 0.2 0.2 0.2 0.2 0.2 0.2 0.2
 0.2 0.2 0.2 0.2 0.2 0.2 0.2 0.2 0.2 0.2 0.2 0.2
 0.2 0.2 0.2 0.2 0.2 0.2 0.2 0.2 0.2 0.2 0.2 0.2
 0.2 0.2 0.2 0.2 0.2 0.2 0.2 0.2 0.2 0.2 0.2 0.2
 0.2 0.2 0.2 0.2 0.2 0.2 0.2 0.2 0.2 0.2 0.2 0.2
 0.2 0.2 0.2 0.2 0.2 0.2 0.2 0.2 0.2 0.2 0.2 0.2
 0.2 0.2 0.2 0.2 0.2 0.2 0.2 0.2 0.2 0.2 0.2 0.2
 0.2 0.2 0.2 0.2 0.2 0.2 0.2 0.2 0.2 0.2 0.2 0.2
 0.2 0.2 0.2 0.2 0.2 0.2 0.2 0.2 0.2 0.2 0.2 0.2
 0.2 0.2 0.2 0.2 0.2 0.2 0.2 0.2 0.2 0.2 0.2 0.2
 0.2 0.2 0.2 0.2 0.2 0.2 0.2 0.2 0.2 0.2 0.2 0.2
 0.2 0.2 0.2 0.2 0.2 0.2 0.2 0.2 0.2 0.2 0.2 0.2
 0.2 0.2 0.2 0.2 0.2 0.2 0.2 0.2 0.2 0.2 0.2 0.2
 0.2 0.2 0.2 0.2 0.2 0.2 0.2 0.2 0.2 0.2 0.2 0.2
 0.2 0.2 0.2 0.2 0.2 0.2 0.2 0.2 0.2 0.2 0.2 0.2
 0.2 0.2 0.2 0.2 0.2 0.2 0.2 0.2 0.2 0.2 0.2 0.2
 0.2 0.2 0.2 0.2 0.2 0.2 0.2 0.2 0.2 0.2 0.2 0.2
 0.2 0.2 0.2 0.2 0.2 0.2 0.2 0.2 0.2 0.2 0.2 0.2
 0.2 0.2 0.2 0.2 0.2 0.2 0.2 0.2 0.2 0.2 0.2 0.2
 0.2 0.2 0.2 0.2 0.2 0.2 0.2 0.2 0.2 0.2 0.2 0.2
 0.2 0.2 0.2 0.2 0.2 0.2 0.2 0.2 0.2 0.2 0.2 0.2
 0.2 0.2 0.2 0.2 0.2 0.2 0.2 0.2 0.2 0.2 0.2 0.2
 0.2 0.2 0.2 0.2 0.2 0.2 0.2 0.2 0.2 0.2 0.2 0.2
 0.2 0.2 0.2 0.2 0.2 0.2 0.2 0.2 0.2 0.2 0.2 0.2
 0.2 0.2 0.2 0.2 0.2 0.2 0.2 0.2 0.2 0.2 0.2 0.2
 0.2 0.2 0.2 0.2 0.2 0.2 0.2 0.2 0.2 0.2 0.2 0.2
# mean_log_rec
13.7792
# log_Rzero
13.8068
# rec_dev
 -0.0631703 -0.0761516 0.112828 -0.0827884 -0.0730318 0.0984107 -0.105514 0.0555557 0.0381672 -0.0348392 0.0987806 0.0384203 -0.0077727 -0.0431818 -0.0606894 0.317219 0.0514253 -0.0841653 0.0333436 0.0414287 0.013767 -0.137717 -0.227429 0.107402 -0.108272 0.437938 0.040395 -0.195702 -0.209303 -0.05384 0.0572579 0.0628722 0.0385987 -0.158533 -0.128456 -0.223124 0.150606 -0.668079 -0.163001 -0.48199 -0.472484 -0.0619425
# fmort
 0.00892367 0.0259587 0.0432546 0.0582843 0.0465266 0.0837756 0.0841936 0.179044 0.103605 0.127277 0.145904 0.157274 0.113129 0.165886 0.177245 0.159023 0.313089 0.257597 0.259768 0.256226 0.351864 0.255327 0.416585 0.346865 0.343168 0.314521 0.307453 0.42764 0.32553 0.502195
# rec_dev_future
 0 0 0 0 0
