AMAK;Mar 2020
# styr
1
# endyr
30
# rec_age
1
# oldest_age
12
# nlength
81
# len_bins
 10 11 12 13 14 15 16 17 18 19 20 21 22 23 24 25 26 27 28 29 30 31 32 33 34 35 36 37 38 39 40 41 42 43 44 45 46 47 48 49 50 51 52 53 54 55 56 57 58 59 60 61 62 63 64 65 66 67 68 69 70 71 72 73 74 75 76 77 78 79 80 81 82 83 84 85 86 87 88 89 90
# datafile_name
amak_data.dat
# model_name
AMAK_MCP
# styr
1
# endyr
30
# rec_age
1
# oldest_age
12
# nfsh
1
# fshname
FLEET1
# catch_bio_in
 194.885 353.326 379.556 720.686 1247.79 1121.9 1852.26 1432.74 1292.21 1253.06 1148.66 1977.51 1546 1266.89 1133.62 1499.94 1381.61 1252.08 1764.15 1522.8 1931.16 1391.89 1520.95 884.058 1029.29 1388.13 1317.38 1285.82 776.768 1072.12
# catch_bio_sd_in
 0.01 0.01 0.01 0.01 0.01 0.01 0.01 0.01 0.01 0.01 0.01 0.01 0.01 0.01 0.01 0.01 0.01 0.01 0.01 0.01 0.01 0.01 0.01 0.01 0.01 0.01 0.01 0.01 0.01 0.01
# nyrs_fsh_age
 30
# nyrs_fsh_length
 0
# yrs_fsh_age_in
 1 2 3 4 5 6 7 8 9 10 11 12 13 14 15 16 17 18 19 20 21 22 23 24 25 26 27 28 29 30
# yrs_fsh_length_in

# n_sample_fsh_length_in

# olc_fsh_in

# nind
1
# indname
SURVEY1
# nyrs_ind
 30
# yrs_ind_in
 1 2 3 4 5 6 7 8 9 10 11 12 13 14 15 16 17 18 19 20 21 22 23 24 25 26 27 28 29 30
# mo_ind
 1
# obs_ind_in
 1.324 1.47394 1.59511 1.32008 1.25127 1.5805 1.36057 1.19151 1.09746 1.20995 0.983122 1.10832 0.913153 1.01809 1.01198 1.0417 0.919114 0.773651 0.883685 0.778843 0.654015 0.777558 0.681728 0.545048 0.793936 0.697716 0.627982 0.614436 0.498164 0.667527
# obs_se_ind_in
 0.264799 0.294789 0.319022 0.264016 0.250254 0.316099 0.272115 0.238301 0.219493 0.24199 0.196624 0.221663 0.182631 0.203618 0.202395 0.208341 0.183823 0.15473 0.176737 0.155769 0.130803 0.155512 0.136346 0.10901 0.158787 0.139543 0.125596 0.122887 0.0996328 0.133505
# nyrs_ind_age
 30
# nyrs_ind_length
 0
# yrs_ind_age_in
 1 2 3 4 5 6 7 8 9 10 11 12 13 14 15 16 17 18 19 20 21 22 23 24 25 26 27 28 29 30
# yrs_ind_length_in

# yrs_ind_age_in
 1 2 3 4 5 6 7 8 9 10 11 12 13 14 15 16 17 18 19 20 21 22 23 24 25 26 27 28 29 30
# n_sample_ind_length_in

# olc_ind_in

# oac_ind_in
 0.045 0.12 0.18 0.13 0.065 0.09 0.08 0.035 0.02 0.05 0.04 0.145
 0.075 0.14 0.13 0.13 0.1 0.075 0.055 0.035 0.04 0.04 0.005 0.175
 0.085 0.195 0.125 0.13 0.085 0.08 0.08 0.05 0.025 0.04 0.015 0.09
 0.04 0.14 0.165 0.115 0.11 0.075 0.06 0.08 0.05 0.005 0.035 0.125
 0.075 0.14 0.16 0.135 0.11 0.08 0.03 0.04 0.03 0.045 0.03 0.125
 0.07 0.15 0.115 0.105 0.125 0.095 0.06 0.07 0.035 0.025 0.045 0.105
 0.055 0.125 0.16 0.145 0.1 0.09 0.07 0.05 0.045 0.035 0.045 0.08
 0.055 0.14 0.145 0.135 0.075 0.095 0.085 0.05 0.035 0.05 0.03 0.105
 0.12 0.11 0.12 0.15 0.14 0.075 0.03 0.115 0.02 0.03 0.025 0.065
 0.06 0.255 0.125 0.075 0.09 0.11 0.045 0.05 0.055 0.025 0.025 0.085
 0.11 0.13 0.19 0.145 0.095 0.095 0.065 0.045 0.015 0.04 0.02 0.05
 0.05 0.18 0.125 0.2 0.09 0.08 0.04 0.065 0.025 0.03 0.025 0.09
 0.095 0.175 0.205 0.125 0.125 0.045 0.035 0.08 0.025 0.025 0 0.065
 0.06 0.185 0.155 0.155 0.1 0.095 0.05 0.01 0.055 0.025 0.03 0.08
 0.075 0.205 0.23 0.11 0.125 0.025 0.035 0.04 0.02 0.035 0.02 0.08
 0.065 0.24 0.165 0.16 0.09 0.065 0.055 0.05 0.015 0 0.025 0.07
 0.105 0.205 0.23 0.14 0.06 0.04 0.085 0.05 0.02 0.02 0.005 0.04
 0.12 0.175 0.175 0.175 0.1 0.065 0.045 0.035 0.04 0.015 0.02 0.035
 0.105 0.255 0.14 0.145 0.13 0.07 0.065 0.025 0.01 0.015 0 0.04
 0.09 0.175 0.295 0.125 0.08 0.09 0.045 0.035 0.03 0.01 0.005 0.02
 0.12 0.205 0.145 0.24 0.08 0.075 0.055 0.02 0.02 0.01 0.005 0.025
 0.12 0.22 0.16 0.15 0.165 0.035 0.05 0.05 0.015 0.01 0.005 0.02
 0.11 0.255 0.2 0.17 0.08 0.06 0.035 0.05 0.005 0.01 0.01 0.015
 0.085 0.22 0.245 0.175 0.085 0.055 0.045 0.005 0.03 0.02 0.015 0.02
 0.12 0.22 0.16 0.23 0.095 0.045 0.045 0.035 0.02 0.01 0.005 0.015
 0.105 0.245 0.185 0.215 0.09 0.055 0.04 0.02 0.02 0.005 0.005 0.015
 0.1 0.265 0.2 0.125 0.105 0.085 0.04 0.03 0.01 0.025 0 0.015
 0.1 0.195 0.265 0.2 0.125 0.05 0.03 0.02 0.005 0 0 0.01
 0.12 0.23 0.185 0.165 0.12 0.07 0.03 0.03 0.02 0.01 0.01 0.01
 0.14 0.265 0.2 0.11 0.095 0.085 0.02 0.03 0.03 0.01 0.01 0.005
# wt_ind
 1 1 1 1 1 1 1 1 1 1 1 1
 1 1 1 1 1 1 1 1 1 1 1 1
 1 1 1 1 1 1 1 1 1 1 1 1
 1 1 1 1 1 1 1 1 1 1 1 1
 1 1 1 1 1 1 1 1 1 1 1 1
 1 1 1 1 1 1 1 1 1 1 1 1
 1 1 1 1 1 1 1 1 1 1 1 1
 1 1 1 1 1 1 1 1 1 1 1 1
 1 1 1 1 1 1 1 1 1 1 1 1
 1 1 1 1 1 1 1 1 1 1 1 1
 1 1 1 1 1 1 1 1 1 1 1 1
 1 1 1 1 1 1 1 1 1 1 1 1
 1 1 1 1 1 1 1 1 1 1 1 1
 1 1 1 1 1 1 1 1 1 1 1 1
 1 1 1 1 1 1 1 1 1 1 1 1
 1 1 1 1 1 1 1 1 1 1 1 1
 1 1 1 1 1 1 1 1 1 1 1 1
 1 1 1 1 1 1 1 1 1 1 1 1
 1 1 1 1 1 1 1 1 1 1 1 1
 1 1 1 1 1 1 1 1 1 1 1 1
 1 1 1 1 1 1 1 1 1 1 1 1
 1 1 1 1 1 1 1 1 1 1 1 1
 1 1 1 1 1 1 1 1 1 1 1 1
 1 1 1 1 1 1 1 1 1 1 1 1
 1 1 1 1 1 1 1 1 1 1 1 1
 1 1 1 1 1 1 1 1 1 1 1 1
 1 1 1 1 1 1 1 1 1 1 1 1
 1 1 1 1 1 1 1 1 1 1 1 1
 1 1 1 1 1 1 1 1 1 1 1 1
 1 1 1 1 1 1 1 1 1 1 1 1
# wt_pop
 0.000530656 0.00119633 0.00205827 0.00303499 0.00405521 0.0050647 0.00602623 0.00691692 0.00772489 0.00844611 0.00908185 0.0096367
# maturity
 0.0229774 0.320821 0.904651 0.99478 0.999739 0.999987 0.999999 1 1 1 1 1
# spawnmo
1
# age_err
 1 0 0 0 0 0 0 0 0 0 0 0
 0 1 0 0 0 0 0 0 0 0 0 0
 0 0 1 0 0 0 0 0 0 0 0 0
 0 0 0 1 0 0 0 0 0 0 0 0
 0 0 0 0 1 0 0 0 0 0 0 0
 0 0 0 0 0 1 0 0 0 0 0 0
 0 0 0 0 0 0 1 0 0 0 0 0
 0 0 0 0 0 0 0 1 0 0 0 0
 0 0 0 0 0 0 0 0 1 0 0 0
 0 0 0 0 0 0 0 0 0 1 0 0
 0 0 0 0 0 0 0 0 0 0 1 0
 0 0 0 0 0 0 0 0 0 0 0 1
# cntrlfile_name
C:\Users\bai.li\DOCUME~1\Github\AGE_ST~1\ASSAMC\example\em_input\amak.dat
# Map shared selectivity: 
# sel_map
 1 2
 1 1
# datafile_name
amak_data.dat
# model_name
AMAK_MCP
# SrType
2
# use_age_err
0
# retro
0
# sigmarprior
0.2
# cvsigmarprior
0.25
# phase_sigmar
-3
# styr_rec_est
1
# endyr_rec_est
30
# Linfprior
80
# cvLinfprior
0.25
# kprior
0.18
# cvkprior
0.25
# Loprior
27.688
# cvLoprior
0.25
# sdageprior
0.1
# cvsdageprior
0.25
# natmortprior
0.2
# cvnatmortprior
0.25
# phase_M
-4
# npars_Mage
0
# ages_M_changes

# Mage_in

# Mage_offset_in

# phase_Mage
-5
# phase_rw_M
0
# npars_rw_M
0
# yrs_rw_M

# sigma_rw_M

# qprior
 3.48998e-007
# cvqprior
 1
# phase_q
 1
# q_power_prior
 1
# cvq_power_prior
 0.2
# phase_q_power
 -4
# phase_rw_q
 -1
# npars_rw_q
 0
# yrs_rw_q

# sigma_rw_q

# q_age_min
 1
# q_age_max
 12
# q_age_min
 1
# q_age_max
 12
# fsh_sel_opt(k)
2
# phase_sel_fsh(k)
2
# n_sel_ch_fsh(k)
1
# sel_slp_in_fsh(k)(1,n_sel_ch_fsh(k))
 1
# sel_inf_in_fsh(k)(1,n_sel_ch_fsh(k))
 2
# logsel_slp_in_fsh(k)(1,n_sel_ch_fsh(k))
 0
# yrs_sel_ch_fsh(k)(1,n_sel_ch_fsh(k))
 1

Survey SURVEY1
# ind_sel_opt(k)
2
# indname(k)
SURVEY1
# nselages_in_ind(k)
11
# phase_sel_ind(k)
2
# sel_change_in_ind(k)
 1 0 0 0 0 0 0 0 0 0 0 0 0 0 0 0 0 0 0 0 0 0 0 0 0 0 0 0 0 0
# n_sel_ch_ind(k)
1
# yrs_sel_ch_ind(k)(1,n_sel_ch_ind(k))
 1
# sel_slp_in_ind(k,1)
2
# sel_inf_in_ind(k,1)
1.5
# logsel_slp_in_ind(k,1)
0.693147
# logsel_slp_in_indv(k)
0.693147
SURVEY1 ind sel opt 2  1 0 0 0 0 0 0 0 0 0 0 0 0 0 0 0 0 0 0 0 0 0 0 0 0 0 0 0 0 0
Phase indices Sel_Coffs:  -1
 Test: 1.23457e+008
# Fshry Selages:  11
# Srvy  Selages:  11
# Phase for age-spec fishery  -1
# Phase for logistic fishery  2
# Phase for dble logistic fishery  -1
# Phase for age-spec indices   -1
# Phase for logistic indices   2
# Phase for dble logistic ind  -1
# Curv_pen_fsh: 
 0
# Curv_pen_ind: 
 0
# styr_fut
31
# endyr_fut
35
# nyrs_fsh_age
 30
# nyrs_fsh_age
 30
# yrs_fsh_age
 1 2 3 4 5 6 7 8 9 10 11 12 13 14 15 16 17 18 19 20 21 22 23 24 25 26 27 28 29 30
# n_sample_fsh_age
 200 200 200 200 200 200 200 200 200 200 200 200 200 200 200 200 200 200 200 200 200 200 200 200 200 200 200 200 200 200
# oac_fsh
 0.08 0.115 0.115 0.115 0.145 0.095 0.045 0.055 0.065 0.05 0.02 0.1
 0.075 0.13 0.155 0.11 0.13 0.09 0.055 0.055 0.04 0.03 0.02 0.11
 0.075 0.15 0.11 0.115 0.085 0.055 0.08 0.05 0.045 0.055 0.02 0.16
 0.03 0.14 0.15 0.105 0.13 0.075 0.1 0.055 0.035 0.055 0.02 0.105
 0.09 0.095 0.13 0.145 0.09 0.09 0.055 0.05 0.03 0.035 0.035 0.155
 0.025 0.135 0.135 0.075 0.12 0.105 0.08 0.075 0.04 0.04 0.025 0.145
 0.05 0.12 0.16 0.115 0.12 0.075 0.075 0.05 0.06 0.025 0.025 0.125
 0.075 0.065 0.175 0.18 0.12 0.105 0.035 0.045 0.035 0.05 0.03 0.085
 0.12 0.11 0.065 0.145 0.145 0.075 0.065 0.095 0.035 0.025 0.025 0.095
 0.075 0.185 0.125 0.095 0.115 0.08 0.06 0.065 0.03 0.03 0.035 0.105
 0.115 0.11 0.185 0.12 0.07 0.1 0.085 0.045 0.04 0.03 0.055 0.045
 0.115 0.155 0.125 0.125 0.11 0.04 0.085 0.075 0.025 0.03 0.015 0.1
 0.12 0.13 0.145 0.115 0.13 0.08 0.04 0.04 0.065 0.015 0.04 0.08
 0.125 0.16 0.125 0.15 0.07 0.09 0.06 0.02 0.055 0.025 0.035 0.085
 0.095 0.155 0.185 0.17 0.1 0.04 0.095 0.025 0.02 0.03 0.01 0.075
 0.15 0.175 0.17 0.12 0.105 0.085 0.06 0.045 0.03 0.005 0.01 0.045
 0.095 0.175 0.165 0.14 0.08 0.07 0.07 0.05 0.025 0.04 0.02 0.07
 0.155 0.13 0.21 0.14 0.135 0.035 0.055 0.03 0.03 0.02 0.01 0.05
 0.075 0.195 0.16 0.145 0.14 0.085 0.075 0.045 0.01 0.015 0.03 0.025
 0.155 0.135 0.2 0.155 0.09 0.085 0.055 0.03 0.025 0.015 0.005 0.05
 0.14 0.135 0.19 0.185 0.115 0.07 0.035 0.045 0.025 0.01 0.01 0.04
 0.12 0.21 0.19 0.145 0.14 0.035 0.05 0.035 0.03 0.005 0.005 0.035
 0.11 0.23 0.195 0.16 0.055 0.085 0.025 0.03 0.02 0.03 0.02 0.04
 0.115 0.175 0.215 0.145 0.1 0.08 0.065 0.045 0.015 0.005 0.005 0.035
 0.17 0.16 0.22 0.115 0.115 0.075 0.025 0.065 0.005 0.01 0.025 0.015
 0.085 0.17 0.185 0.22 0.13 0.085 0.03 0.04 0.015 0.005 0.015 0.02
 0.14 0.165 0.235 0.16 0.115 0.095 0.04 0.015 0.02 0 0 0.015
 0.105 0.18 0.225 0.23 0.115 0.055 0.035 0.01 0.03 0 0.005 0.01
 0.15 0.2 0.15 0.155 0.155 0.1 0.035 0.025 0.01 0.015 0 0.005
 0.18 0.25 0.19 0.075 0.125 0.065 0.04 0.025 0.02 0.01 0.015 0.005
# olc_fsh

# wt_fsh
 0.000530656 0.00119633 0.00205827 0.00303499 0.00405521 0.0050647 0.00602623 0.00691692 0.00772489 0.00844611 0.00908185 0.0096367
 0.000530656 0.00119633 0.00205827 0.00303499 0.00405521 0.0050647 0.00602623 0.00691692 0.00772489 0.00844611 0.00908185 0.0096367
 0.000530656 0.00119633 0.00205827 0.00303499 0.00405521 0.0050647 0.00602623 0.00691692 0.00772489 0.00844611 0.00908185 0.0096367
 0.000530656 0.00119633 0.00205827 0.00303499 0.00405521 0.0050647 0.00602623 0.00691692 0.00772489 0.00844611 0.00908185 0.0096367
 0.000530656 0.00119633 0.00205827 0.00303499 0.00405521 0.0050647 0.00602623 0.00691692 0.00772489 0.00844611 0.00908185 0.0096367
 0.000530656 0.00119633 0.00205827 0.00303499 0.00405521 0.0050647 0.00602623 0.00691692 0.00772489 0.00844611 0.00908185 0.0096367
 0.000530656 0.00119633 0.00205827 0.00303499 0.00405521 0.0050647 0.00602623 0.00691692 0.00772489 0.00844611 0.00908185 0.0096367
 0.000530656 0.00119633 0.00205827 0.00303499 0.00405521 0.0050647 0.00602623 0.00691692 0.00772489 0.00844611 0.00908185 0.0096367
 0.000530656 0.00119633 0.00205827 0.00303499 0.00405521 0.0050647 0.00602623 0.00691692 0.00772489 0.00844611 0.00908185 0.0096367
 0.000530656 0.00119633 0.00205827 0.00303499 0.00405521 0.0050647 0.00602623 0.00691692 0.00772489 0.00844611 0.00908185 0.0096367
 0.000530656 0.00119633 0.00205827 0.00303499 0.00405521 0.0050647 0.00602623 0.00691692 0.00772489 0.00844611 0.00908185 0.0096367
 0.000530656 0.00119633 0.00205827 0.00303499 0.00405521 0.0050647 0.00602623 0.00691692 0.00772489 0.00844611 0.00908185 0.0096367
 0.000530656 0.00119633 0.00205827 0.00303499 0.00405521 0.0050647 0.00602623 0.00691692 0.00772489 0.00844611 0.00908185 0.0096367
 0.000530656 0.00119633 0.00205827 0.00303499 0.00405521 0.0050647 0.00602623 0.00691692 0.00772489 0.00844611 0.00908185 0.0096367
 0.000530656 0.00119633 0.00205827 0.00303499 0.00405521 0.0050647 0.00602623 0.00691692 0.00772489 0.00844611 0.00908185 0.0096367
 0.000530656 0.00119633 0.00205827 0.00303499 0.00405521 0.0050647 0.00602623 0.00691692 0.00772489 0.00844611 0.00908185 0.0096367
 0.000530656 0.00119633 0.00205827 0.00303499 0.00405521 0.0050647 0.00602623 0.00691692 0.00772489 0.00844611 0.00908185 0.0096367
 0.000530656 0.00119633 0.00205827 0.00303499 0.00405521 0.0050647 0.00602623 0.00691692 0.00772489 0.00844611 0.00908185 0.0096367
 0.000530656 0.00119633 0.00205827 0.00303499 0.00405521 0.0050647 0.00602623 0.00691692 0.00772489 0.00844611 0.00908185 0.0096367
 0.000530656 0.00119633 0.00205827 0.00303499 0.00405521 0.0050647 0.00602623 0.00691692 0.00772489 0.00844611 0.00908185 0.0096367
 0.000530656 0.00119633 0.00205827 0.00303499 0.00405521 0.0050647 0.00602623 0.00691692 0.00772489 0.00844611 0.00908185 0.0096367
 0.000530656 0.00119633 0.00205827 0.00303499 0.00405521 0.0050647 0.00602623 0.00691692 0.00772489 0.00844611 0.00908185 0.0096367
 0.000530656 0.00119633 0.00205827 0.00303499 0.00405521 0.0050647 0.00602623 0.00691692 0.00772489 0.00844611 0.00908185 0.0096367
 0.000530656 0.00119633 0.00205827 0.00303499 0.00405521 0.0050647 0.00602623 0.00691692 0.00772489 0.00844611 0.00908185 0.0096367
 0.000530656 0.00119633 0.00205827 0.00303499 0.00405521 0.0050647 0.00602623 0.00691692 0.00772489 0.00844611 0.00908185 0.0096367
 0.000530656 0.00119633 0.00205827 0.00303499 0.00405521 0.0050647 0.00602623 0.00691692 0.00772489 0.00844611 0.00908185 0.0096367
 0.000530656 0.00119633 0.00205827 0.00303499 0.00405521 0.0050647 0.00602623 0.00691692 0.00772489 0.00844611 0.00908185 0.0096367
 0.000530656 0.00119633 0.00205827 0.00303499 0.00405521 0.0050647 0.00602623 0.00691692 0.00772489 0.00844611 0.00908185 0.0096367
 0.000530656 0.00119633 0.00205827 0.00303499 0.00405521 0.0050647 0.00602623 0.00691692 0.00772489 0.00844611 0.00908185 0.0096367
 0.000530656 0.00119633 0.00205827 0.00303499 0.00405521 0.0050647 0.00602623 0.00691692 0.00772489 0.00844611 0.00908185 0.0096367
# nyrs_ind_age
 30
# yrs_ind_age
 1 2 3 4 5 6 7 8 9 10 11 12 13 14 15 16 17 18 19 20 21 22 23 24 25 26 27 28 29 30
# n_sample_ind_age
 200 200 200 200 200 200 200 200 200 200 200 200 200 200 200 200 200 200 200 200 200 200 200 200 200 200 200 200 200 200
# oac_ind
 0.045 0.12 0.18 0.13 0.065 0.09 0.08 0.035 0.02 0.05 0.04 0.145
 0.075 0.14 0.13 0.13 0.1 0.075 0.055 0.035 0.04 0.04 0.005 0.175
 0.085 0.195 0.125 0.13 0.085 0.08 0.08 0.05 0.025 0.04 0.015 0.09
 0.04 0.14 0.165 0.115 0.11 0.075 0.06 0.08 0.05 0.005 0.035 0.125
 0.075 0.14 0.16 0.135 0.11 0.08 0.03 0.04 0.03 0.045 0.03 0.125
 0.07 0.15 0.115 0.105 0.125 0.095 0.06 0.07 0.035 0.025 0.045 0.105
 0.055 0.125 0.16 0.145 0.1 0.09 0.07 0.05 0.045 0.035 0.045 0.08
 0.055 0.14 0.145 0.135 0.075 0.095 0.085 0.05 0.035 0.05 0.03 0.105
 0.12 0.11 0.12 0.15 0.14 0.075 0.03 0.115 0.02 0.03 0.025 0.065
 0.06 0.255 0.125 0.075 0.09 0.11 0.045 0.05 0.055 0.025 0.025 0.085
 0.11 0.13 0.19 0.145 0.095 0.095 0.065 0.045 0.015 0.04 0.02 0.05
 0.05 0.18 0.125 0.2 0.09 0.08 0.04 0.065 0.025 0.03 0.025 0.09
 0.095 0.175 0.205 0.125 0.125 0.045 0.035 0.08 0.025 0.025 0 0.065
 0.06 0.185 0.155 0.155 0.1 0.095 0.05 0.01 0.055 0.025 0.03 0.08
 0.075 0.205 0.23 0.11 0.125 0.025 0.035 0.04 0.02 0.035 0.02 0.08
 0.065 0.24 0.165 0.16 0.09 0.065 0.055 0.05 0.015 0 0.025 0.07
 0.105 0.205 0.23 0.14 0.06 0.04 0.085 0.05 0.02 0.02 0.005 0.04
 0.12 0.175 0.175 0.175 0.1 0.065 0.045 0.035 0.04 0.015 0.02 0.035
 0.105 0.255 0.14 0.145 0.13 0.07 0.065 0.025 0.01 0.015 0 0.04
 0.09 0.175 0.295 0.125 0.08 0.09 0.045 0.035 0.03 0.01 0.005 0.02
 0.12 0.205 0.145 0.24 0.08 0.075 0.055 0.02 0.02 0.01 0.005 0.025
 0.12 0.22 0.16 0.15 0.165 0.035 0.05 0.05 0.015 0.01 0.005 0.02
 0.11 0.255 0.2 0.17 0.08 0.06 0.035 0.05 0.005 0.01 0.01 0.015
 0.085 0.22 0.245 0.175 0.085 0.055 0.045 0.005 0.03 0.02 0.015 0.02
 0.12 0.22 0.16 0.23 0.095 0.045 0.045 0.035 0.02 0.01 0.005 0.015
 0.105 0.245 0.185 0.215 0.09 0.055 0.04 0.02 0.02 0.005 0.005 0.015
 0.1 0.265 0.2 0.125 0.105 0.085 0.04 0.03 0.01 0.025 0 0.015
 0.1 0.195 0.265 0.2 0.125 0.05 0.03 0.02 0.005 0 0 0.01
 0.12 0.23 0.185 0.165 0.12 0.07 0.03 0.03 0.02 0.01 0.01 0.01
 0.14 0.265 0.2 0.11 0.095 0.085 0.02 0.03 0.03 0.01 0.01 0.005
# olc_ind

# obs_lse_ind
 0.198042 0.198042 0.198042 0.198042 0.198042 0.198042 0.198042 0.198042 0.198042 0.198042 0.198042 0.198042 0.198042 0.198042 0.198042 0.198042 0.198042 0.198042 0.198042 0.198042 0.198042 0.198042 0.198042 0.198042 0.198042 0.198042 0.198042 0.198042 0.198042 0.198042
# xages_fsh
 0 0 0 0 0 0 0 0 0 0 0 0
# xages_fsh
 0 0.0909091 0.181818 0.272727 0.363636 0.454545 0.545455 0.636364 0.727273 0.818182 0.909091 1
# xnodes_fsh

Yrs fsh_sel change:  1 0 0 0 0 0 0 0 0 0 0 0 0 0 0 0 0 0 0 0 0 0 0 0 0 0 0 0 0
Yrs ind_sel change:  1 0 0 0 0 0 0 0 0 0 0 0 0 0 0 0 0 0 0 0 0 0 0 0 0 0 0 0 0
# steepnessprior
0.75
# sigmarprior
0.2
#  SSB estimated in styr endyr: -13 28 
#  Rec estimated in styr endyr: -11 30 
#  SR Curve fit  in styr endyr: 1 30 
#             Model styr endyr: 1 30 
# qprior
 3.48998e-007
# q_power_prior 
 1 
# cv_catchbiomass 
0.05 
# CatchbiomassPen 
200 
# Number of projection years 
5 
# offset_fsh
 13546.5
# offset_ind
 13239
Mean Catch
1231.31
R_guess 
15.376
# nfsh
1
# n_sel_ch_fsh
 1
# nselages_fsh
 11
# phase_selcoff_fsh
 -1
logRzero 15.376
logmeanrec 15.376
exp(log_sigmarprior 0.2
Fish sel phase: -1 FLEET1
Fixing fishery sel to
1
Srvy sel phase: -1
Fixing SURVEY1 indices sel to
1
# logsel_slp_in_indv
 0.693147
Leaving parameter init secton
# M
 0.2 0.2 0.2 0.2 0.2 0.2 0.2 0.2 0.2 0.2 0.2 0.2
 0.2 0.2 0.2 0.2 0.2 0.2 0.2 0.2 0.2 0.2 0.2 0.2
 0.2 0.2 0.2 0.2 0.2 0.2 0.2 0.2 0.2 0.2 0.2 0.2
 0.2 0.2 0.2 0.2 0.2 0.2 0.2 0.2 0.2 0.2 0.2 0.2
 0.2 0.2 0.2 0.2 0.2 0.2 0.2 0.2 0.2 0.2 0.2 0.2
 0.2 0.2 0.2 0.2 0.2 0.2 0.2 0.2 0.2 0.2 0.2 0.2
 0.2 0.2 0.2 0.2 0.2 0.2 0.2 0.2 0.2 0.2 0.2 0.2
 0.2 0.2 0.2 0.2 0.2 0.2 0.2 0.2 0.2 0.2 0.2 0.2
 0.2 0.2 0.2 0.2 0.2 0.2 0.2 0.2 0.2 0.2 0.2 0.2
 0.2 0.2 0.2 0.2 0.2 0.2 0.2 0.2 0.2 0.2 0.2 0.2
 0.2 0.2 0.2 0.2 0.2 0.2 0.2 0.2 0.2 0.2 0.2 0.2
 0.2 0.2 0.2 0.2 0.2 0.2 0.2 0.2 0.2 0.2 0.2 0.2
 0.2 0.2 0.2 0.2 0.2 0.2 0.2 0.2 0.2 0.2 0.2 0.2
 0.2 0.2 0.2 0.2 0.2 0.2 0.2 0.2 0.2 0.2 0.2 0.2
 0.2 0.2 0.2 0.2 0.2 0.2 0.2 0.2 0.2 0.2 0.2 0.2
 0.2 0.2 0.2 0.2 0.2 0.2 0.2 0.2 0.2 0.2 0.2 0.2
 0.2 0.2 0.2 0.2 0.2 0.2 0.2 0.2 0.2 0.2 0.2 0.2
 0.2 0.2 0.2 0.2 0.2 0.2 0.2 0.2 0.2 0.2 0.2 0.2
 0.2 0.2 0.2 0.2 0.2 0.2 0.2 0.2 0.2 0.2 0.2 0.2
 0.2 0.2 0.2 0.2 0.2 0.2 0.2 0.2 0.2 0.2 0.2 0.2
 0.2 0.2 0.2 0.2 0.2 0.2 0.2 0.2 0.2 0.2 0.2 0.2
 0.2 0.2 0.2 0.2 0.2 0.2 0.2 0.2 0.2 0.2 0.2 0.2
 0.2 0.2 0.2 0.2 0.2 0.2 0.2 0.2 0.2 0.2 0.2 0.2
 0.2 0.2 0.2 0.2 0.2 0.2 0.2 0.2 0.2 0.2 0.2 0.2
 0.2 0.2 0.2 0.2 0.2 0.2 0.2 0.2 0.2 0.2 0.2 0.2
 0.2 0.2 0.2 0.2 0.2 0.2 0.2 0.2 0.2 0.2 0.2 0.2
 0.2 0.2 0.2 0.2 0.2 0.2 0.2 0.2 0.2 0.2 0.2 0.2
 0.2 0.2 0.2 0.2 0.2 0.2 0.2 0.2 0.2 0.2 0.2 0.2
 0.2 0.2 0.2 0.2 0.2 0.2 0.2 0.2 0.2 0.2 0.2 0.2
 0.2 0.2 0.2 0.2 0.2 0.2 0.2 0.2 0.2 0.2 0.2 0.2
# mean_log_rec
13.7158
# log_Rzero
13.8035
# rec_dev
 -0.061848 -0.0745928 -0.0242566 -0.0570971 -0.104398 -0.0164256 -0.0915445 0.0129705 0.0689246 0.0432695 0.0828041 0.11258 0.106107 0.303586 0.143062 0.0303238 0.284247 0.151352 -0.305578 -0.0775833 0.25373 -0.138347 0.103335 -0.0614923 0.0277987 0.041207 0.136247 0.0682604 -0.131978 0.294638 -0.11785 -0.0440452 -0.00629421 0.0363901 -0.0820718 -0.162197 0.0276669 -0.110676 -0.378761 -0.283889 -0.109917 -0.0418222
# fmort
 0.0116948 0.0213064 0.0230051 0.044198 0.0792724 0.0747026 0.132019 0.111354 0.108108 0.11206 0.108469 0.203427 0.177058 0.155873 0.145248 0.200775 0.195493 0.183693 0.274855 0.257823 0.366146 0.29695 0.35394 0.213431 0.243426 0.33832 0.345705 0.369423 0.232736 0.321801
# rec_dev_future
 0 0 0 0 0
