AMAK;Mar 2020
# styr
1
# endyr
30
# rec_age
1
# oldest_age
12
# nlength
81
# len_bins
 10 11 12 13 14 15 16 17 18 19 20 21 22 23 24 25 26 27 28 29 30 31 32 33 34 35 36 37 38 39 40 41 42 43 44 45 46 47 48 49 50 51 52 53 54 55 56 57 58 59 60 61 62 63 64 65 66 67 68 69 70 71 72 73 74 75 76 77 78 79 80 81 82 83 84 85 86 87 88 89 90
# datafile_name
amak_data.dat
# model_name
AMAK_MCP
# styr
1
# endyr
30
# rec_age
1
# oldest_age
12
# nfsh
1
# fshname
FLEET1
# catch_bio_in
 160.735 461.388 739.384 969.909 741.896 1288.62 1232.19 2410.61 1274.82 1479.31 1566.12 1545.71 1077.92 1506.81 1515.26 1283 2255.44 1584.41 1462.03 1356.03 1747.01 1198.05 1848.71 1349.66 1219.9 1036.88 995.039 1330.55 989.519 1442.71
# catch_bio_sd_in
 0.01 0.01 0.01 0.01 0.01 0.01 0.01 0.01 0.01 0.01 0.01 0.01 0.01 0.01 0.01 0.01 0.01 0.01 0.01 0.01 0.01 0.01 0.01 0.01 0.01 0.01 0.01 0.01 0.01 0.01
# nyrs_fsh_age
 30
# nyrs_fsh_length
 0
# yrs_fsh_age_in
 1 2 3 4 5 6 7 8 9 10 11 12 13 14 15 16 17 18 19 20 21 22 23 24 25 26 27 28 29 30
# yrs_fsh_length_in

# n_sample_fsh_length_in

# olc_fsh_in

# nind
1
# indname
SURVEY1
# nyrs_ind
 30
# yrs_ind_in
 1 2 3 4 5 6 7 8 9 10 11 12 13 14 15 16 17 18 19 20 21 22 23 24 25 26 27 28 29 30
# mo_ind
 1
# obs_ind_in
 1.55802 1.39789 1.61273 1.4087 1.69301 1.3939 1.41493 1.18245 1.16934 1.25413 1.20724 0.974799 1.05469 1.0049 0.951104 0.847559 1.0694 0.711018 0.836376 0.787584 0.874389 0.848183 0.797901 0.762236 0.472991 0.583147 0.623741 0.686767 0.502462 0.480551
# obs_se_ind_in
 0.311605 0.279578 0.322546 0.28174 0.338603 0.278781 0.282987 0.236489 0.233867 0.250827 0.241448 0.19496 0.210937 0.20098 0.190221 0.169512 0.213879 0.142204 0.167275 0.157517 0.174878 0.169637 0.15958 0.152447 0.0945981 0.116629 0.124748 0.137353 0.100492 0.0961102
# nyrs_ind_age
 30
# nyrs_ind_length
 0
# yrs_ind_age_in
 1 2 3 4 5 6 7 8 9 10 11 12 13 14 15 16 17 18 19 20 21 22 23 24 25 26 27 28 29 30
# yrs_ind_length_in

# yrs_ind_age_in
 1 2 3 4 5 6 7 8 9 10 11 12 13 14 15 16 17 18 19 20 21 22 23 24 25 26 27 28 29 30
# n_sample_ind_length_in

# olc_ind_in

# oac_ind_in
 0.09 0.105 0.15 0.135 0.105 0.05 0.06 0.025 0.06 0.04 0.03 0.15
 0.035 0.13 0.195 0.13 0.085 0.065 0.045 0.06 0.03 0.035 0.04 0.15
 0.05 0.13 0.145 0.18 0.07 0.075 0.07 0.045 0.05 0.05 0.015 0.12
 0.075 0.145 0.135 0.165 0.11 0.045 0.07 0.035 0.05 0.035 0.03 0.105
 0.065 0.1 0.12 0.09 0.125 0.125 0.115 0.035 0.055 0.01 0 0.16
 0.08 0.11 0.17 0.07 0.105 0.095 0.11 0.04 0.045 0.025 0.015 0.135
 0.095 0.155 0.175 0.12 0.1 0.055 0.055 0.035 0.03 0.04 0.015 0.125
 0.055 0.205 0.175 0.1 0.085 0.075 0.06 0.035 0.08 0.015 0.03 0.085
 0.065 0.145 0.24 0.125 0.08 0.09 0.06 0.03 0.04 0.02 0.015 0.09
 0.095 0.14 0.135 0.17 0.09 0.06 0.055 0.025 0.045 0.03 0.03 0.125
 0.095 0.155 0.155 0.165 0.09 0.085 0.045 0.04 0.035 0.02 0.025 0.09
 0.135 0.175 0.145 0.11 0.12 0.095 0.035 0.045 0.035 0.005 0.02 0.08
 0.055 0.255 0.205 0.16 0.075 0.07 0.075 0.035 0.025 0.005 0 0.04
 0.11 0.13 0.18 0.15 0.125 0.075 0.03 0.06 0.05 0.015 0.015 0.06
 0.075 0.19 0.165 0.15 0.12 0.09 0.035 0.06 0.04 0.015 0.01 0.05
 0.1 0.175 0.16 0.12 0.135 0.08 0.055 0.025 0.035 0.03 0.015 0.07
 0.1 0.17 0.175 0.2 0.105 0.075 0.075 0.035 0.01 0 0.01 0.045
 0.11 0.235 0.18 0.155 0.075 0.075 0.065 0.015 0.025 0.02 0.005 0.04
 0.13 0.2 0.205 0.125 0.095 0.05 0.055 0.045 0.015 0.005 0.01 0.065
 0.06 0.255 0.185 0.125 0.12 0.105 0.05 0.015 0.025 0.015 0.015 0.03
 0.105 0.235 0.22 0.16 0.1 0.06 0.035 0.01 0.015 0.025 0.01 0.025
 0.155 0.19 0.23 0.165 0.105 0.075 0.025 0.005 0.015 0.01 0.01 0.015
 0.12 0.265 0.185 0.17 0.125 0.045 0.035 0.015 0.005 0.015 0.01 0.01
 0.1 0.255 0.205 0.15 0.125 0.035 0.035 0.025 0.005 0.025 0 0.04
 0.1 0.205 0.195 0.225 0.105 0.08 0.04 0.015 0.01 0.015 0 0.01
 0.165 0.17 0.18 0.165 0.125 0.07 0.055 0.03 0.015 0.01 0.005 0.01
 0.105 0.33 0.17 0.115 0.07 0.095 0.035 0.025 0.03 0.005 0 0.02
 0.155 0.245 0.33 0.095 0.085 0.025 0.035 0.01 0.005 0.005 0.005 0.005
 0.14 0.265 0.19 0.21 0.05 0.04 0.045 0.025 0.01 0.01 0.005 0.01
 0.11 0.205 0.315 0.16 0.115 0.035 0.015 0.025 0.01 0.005 0 0.005
# wt_ind
 1 1 1 1 1 1 1 1 1 1 1 1
 1 1 1 1 1 1 1 1 1 1 1 1
 1 1 1 1 1 1 1 1 1 1 1 1
 1 1 1 1 1 1 1 1 1 1 1 1
 1 1 1 1 1 1 1 1 1 1 1 1
 1 1 1 1 1 1 1 1 1 1 1 1
 1 1 1 1 1 1 1 1 1 1 1 1
 1 1 1 1 1 1 1 1 1 1 1 1
 1 1 1 1 1 1 1 1 1 1 1 1
 1 1 1 1 1 1 1 1 1 1 1 1
 1 1 1 1 1 1 1 1 1 1 1 1
 1 1 1 1 1 1 1 1 1 1 1 1
 1 1 1 1 1 1 1 1 1 1 1 1
 1 1 1 1 1 1 1 1 1 1 1 1
 1 1 1 1 1 1 1 1 1 1 1 1
 1 1 1 1 1 1 1 1 1 1 1 1
 1 1 1 1 1 1 1 1 1 1 1 1
 1 1 1 1 1 1 1 1 1 1 1 1
 1 1 1 1 1 1 1 1 1 1 1 1
 1 1 1 1 1 1 1 1 1 1 1 1
 1 1 1 1 1 1 1 1 1 1 1 1
 1 1 1 1 1 1 1 1 1 1 1 1
 1 1 1 1 1 1 1 1 1 1 1 1
 1 1 1 1 1 1 1 1 1 1 1 1
 1 1 1 1 1 1 1 1 1 1 1 1
 1 1 1 1 1 1 1 1 1 1 1 1
 1 1 1 1 1 1 1 1 1 1 1 1
 1 1 1 1 1 1 1 1 1 1 1 1
 1 1 1 1 1 1 1 1 1 1 1 1
 1 1 1 1 1 1 1 1 1 1 1 1
# wt_pop
 0.000530656 0.00119633 0.00205827 0.00303499 0.00405521 0.0050647 0.00602623 0.00691692 0.00772489 0.00844611 0.00908185 0.0096367
# maturity
 0.0229774 0.320821 0.904651 0.99478 0.999739 0.999987 0.999999 1 1 1 1 1
# spawnmo
1
# age_err
 1 0 0 0 0 0 0 0 0 0 0 0
 0 1 0 0 0 0 0 0 0 0 0 0
 0 0 1 0 0 0 0 0 0 0 0 0
 0 0 0 1 0 0 0 0 0 0 0 0
 0 0 0 0 1 0 0 0 0 0 0 0
 0 0 0 0 0 1 0 0 0 0 0 0
 0 0 0 0 0 0 1 0 0 0 0 0
 0 0 0 0 0 0 0 1 0 0 0 0
 0 0 0 0 0 0 0 0 1 0 0 0
 0 0 0 0 0 0 0 0 0 1 0 0
 0 0 0 0 0 0 0 0 0 0 1 0
 0 0 0 0 0 0 0 0 0 0 0 1
# cntrlfile_name
C:\Users\bai.li\DOCUME~1\Github\AGE_ST~1\ASSAMC\example\output\AMAK\s10\amak.dat
# Map shared selectivity: 
# sel_map
 1 2
 1 1
# datafile_name
amak_data.dat
# model_name
AMAK_MCP
# SrType
2
# use_age_err
0
# retro
0
# sigmarprior
0.2
# cvsigmarprior
0.25
# phase_sigmar
-3
# styr_rec_est
1
# endyr_rec_est
30
# Linfprior
80
# cvLinfprior
0.25
# kprior
0.18
# cvkprior
0.25
# Loprior
27.688
# cvLoprior
0.25
# sdageprior
0.1
# cvsdageprior
0.25
# natmortprior
0.2
# cvnatmortprior
0.25
# phase_M
-4
# npars_Mage
0
# ages_M_changes

# Mage_in

# Mage_offset_in

# phase_Mage
-5
# phase_rw_M
0
# npars_rw_M
0
# yrs_rw_M

# sigma_rw_M

# qprior
 3.48998e-007
# cvqprior
 1
# phase_q
 1
# q_power_prior
 1
# cvq_power_prior
 0.2
# phase_q_power
 -4
# phase_rw_q
 -1
# npars_rw_q
 0
# yrs_rw_q

# sigma_rw_q

# q_age_min
 1
# q_age_max
 12
# q_age_min
 1
# q_age_max
 12
# fsh_sel_opt(k)
2
# phase_sel_fsh(k)
2
# n_sel_ch_fsh(k)
1
# sel_slp_in_fsh(k)(1,n_sel_ch_fsh(k))
 1
# sel_inf_in_fsh(k)(1,n_sel_ch_fsh(k))
 2
# logsel_slp_in_fsh(k)(1,n_sel_ch_fsh(k))
 0
# yrs_sel_ch_fsh(k)(1,n_sel_ch_fsh(k))
 1

Survey SURVEY1
# ind_sel_opt(k)
2
# indname(k)
SURVEY1
# nselages_in_ind(k)
11
# phase_sel_ind(k)
2
# sel_change_in_ind(k)
 1 0 0 0 0 0 0 0 0 0 0 0 0 0 0 0 0 0 0 0 0 0 0 0 0 0 0 0 0 0
# n_sel_ch_ind(k)
1
# yrs_sel_ch_ind(k)(1,n_sel_ch_ind(k))
 1
# sel_slp_in_ind(k,1)
2
# sel_inf_in_ind(k,1)
1.5
# logsel_slp_in_ind(k,1)
0.693147
# logsel_slp_in_indv(k)
0.693147
SURVEY1 ind sel opt 2  1 0 0 0 0 0 0 0 0 0 0 0 0 0 0 0 0 0 0 0 0 0 0 0 0 0 0 0 0 0
Phase indices Sel_Coffs:  -1
 Test: 1.23457e+008
# Fshry Selages:  11
# Srvy  Selages:  11
# Phase for age-spec fishery  -1
# Phase for logistic fishery  2
# Phase for dble logistic fishery  -1
# Phase for age-spec indices   -1
# Phase for logistic indices   2
# Phase for dble logistic ind  -1
# Curv_pen_fsh: 
 0
# Curv_pen_ind: 
 0
# styr_fut
31
# endyr_fut
35
# nyrs_fsh_age
 30
# nyrs_fsh_age
 30
# yrs_fsh_age
 1 2 3 4 5 6 7 8 9 10 11 12 13 14 15 16 17 18 19 20 21 22 23 24 25 26 27 28 29 30
# n_sample_fsh_age
 200 200 200 200 200 200 200 200 200 200 200 200 200 200 200 200 200 200 200 200 200 200 200 200 200 200 200 200 200 200
# oac_fsh
 0.08 0.12 0.115 0.145 0.06 0.09 0.06 0.055 0.035 0.045 0.03 0.165
 0.045 0.105 0.14 0.19 0.1 0.08 0.09 0.03 0.035 0.025 0.035 0.125
 0.065 0.085 0.135 0.13 0.095 0.11 0.085 0.06 0.045 0.025 0.05 0.115
 0.12 0.095 0.115 0.13 0.085 0.09 0.07 0.035 0.03 0.04 0.05 0.14
 0.105 0.105 0.125 0.155 0.105 0.08 0.035 0.07 0.04 0.04 0.015 0.125
 0.06 0.06 0.175 0.175 0.07 0.09 0.085 0.065 0.035 0.025 0.04 0.12
 0.065 0.1 0.105 0.16 0.055 0.115 0.065 0.045 0.08 0.05 0.035 0.125
 0.105 0.13 0.115 0.125 0.14 0.07 0.045 0.035 0.04 0.065 0.015 0.115
 0.075 0.11 0.19 0.15 0.1 0.085 0.05 0.055 0.05 0.03 0.03 0.075
 0.07 0.1 0.185 0.16 0.125 0.075 0.085 0.055 0.035 0.015 0.015 0.08
 0.09 0.115 0.08 0.12 0.18 0.115 0.06 0.035 0.04 0.03 0.02 0.115
 0.11 0.155 0.155 0.095 0.14 0.1 0.05 0.025 0.03 0.035 0.015 0.09
 0.065 0.15 0.175 0.165 0.075 0.06 0.125 0.055 0.03 0.03 0 0.07
 0.1 0.135 0.215 0.125 0.09 0.1 0.035 0.08 0.03 0.04 0.01 0.04
 0.07 0.205 0.165 0.135 0.11 0.09 0.035 0.035 0.07 0.03 0.01 0.045
 0.08 0.155 0.195 0.125 0.12 0.11 0.06 0.03 0.035 0.025 0.005 0.06
 0.105 0.11 0.165 0.21 0.11 0.12 0.055 0.035 0.025 0.01 0.01 0.045
 0.105 0.19 0.15 0.12 0.16 0.055 0.1 0.04 0.025 0.01 0.005 0.04
 0.105 0.18 0.19 0.13 0.105 0.105 0.04 0.055 0.03 0.02 0.005 0.035
 0.14 0.235 0.125 0.17 0.11 0.07 0.04 0.02 0.02 0.04 0.02 0.01
 0.115 0.16 0.205 0.15 0.14 0.065 0.055 0.03 0.015 0.025 0.01 0.03
 0.12 0.2 0.18 0.195 0.095 0.095 0.03 0.02 0.035 0 0.02 0.01
 0.11 0.195 0.195 0.175 0.105 0.065 0.05 0.025 0.02 0.015 0.005 0.04
 0.125 0.135 0.32 0.09 0.125 0.095 0.03 0.04 0 0.005 0.015 0.02
 0.13 0.135 0.17 0.215 0.135 0.08 0.06 0.02 0.03 0.01 0.005 0.01
 0.245 0.11 0.18 0.165 0.105 0.1 0.035 0.04 0.015 0 0 0.005
 0.135 0.31 0.185 0.14 0.06 0.105 0.015 0.02 0.01 0.005 0 0.015
 0.25 0.155 0.245 0.125 0.07 0.07 0.02 0.015 0.005 0.02 0.005 0.02
 0.15 0.275 0.155 0.18 0.075 0.05 0.03 0.045 0.01 0.02 0 0.01
 0.15 0.225 0.265 0.095 0.145 0.035 0.03 0.03 0.015 0.005 0.005 0
# olc_fsh

# wt_fsh
 0.000530656 0.00119633 0.00205827 0.00303499 0.00405521 0.0050647 0.00602623 0.00691692 0.00772489 0.00844611 0.00908185 0.0096367
 0.000530656 0.00119633 0.00205827 0.00303499 0.00405521 0.0050647 0.00602623 0.00691692 0.00772489 0.00844611 0.00908185 0.0096367
 0.000530656 0.00119633 0.00205827 0.00303499 0.00405521 0.0050647 0.00602623 0.00691692 0.00772489 0.00844611 0.00908185 0.0096367
 0.000530656 0.00119633 0.00205827 0.00303499 0.00405521 0.0050647 0.00602623 0.00691692 0.00772489 0.00844611 0.00908185 0.0096367
 0.000530656 0.00119633 0.00205827 0.00303499 0.00405521 0.0050647 0.00602623 0.00691692 0.00772489 0.00844611 0.00908185 0.0096367
 0.000530656 0.00119633 0.00205827 0.00303499 0.00405521 0.0050647 0.00602623 0.00691692 0.00772489 0.00844611 0.00908185 0.0096367
 0.000530656 0.00119633 0.00205827 0.00303499 0.00405521 0.0050647 0.00602623 0.00691692 0.00772489 0.00844611 0.00908185 0.0096367
 0.000530656 0.00119633 0.00205827 0.00303499 0.00405521 0.0050647 0.00602623 0.00691692 0.00772489 0.00844611 0.00908185 0.0096367
 0.000530656 0.00119633 0.00205827 0.00303499 0.00405521 0.0050647 0.00602623 0.00691692 0.00772489 0.00844611 0.00908185 0.0096367
 0.000530656 0.00119633 0.00205827 0.00303499 0.00405521 0.0050647 0.00602623 0.00691692 0.00772489 0.00844611 0.00908185 0.0096367
 0.000530656 0.00119633 0.00205827 0.00303499 0.00405521 0.0050647 0.00602623 0.00691692 0.00772489 0.00844611 0.00908185 0.0096367
 0.000530656 0.00119633 0.00205827 0.00303499 0.00405521 0.0050647 0.00602623 0.00691692 0.00772489 0.00844611 0.00908185 0.0096367
 0.000530656 0.00119633 0.00205827 0.00303499 0.00405521 0.0050647 0.00602623 0.00691692 0.00772489 0.00844611 0.00908185 0.0096367
 0.000530656 0.00119633 0.00205827 0.00303499 0.00405521 0.0050647 0.00602623 0.00691692 0.00772489 0.00844611 0.00908185 0.0096367
 0.000530656 0.00119633 0.00205827 0.00303499 0.00405521 0.0050647 0.00602623 0.00691692 0.00772489 0.00844611 0.00908185 0.0096367
 0.000530656 0.00119633 0.00205827 0.00303499 0.00405521 0.0050647 0.00602623 0.00691692 0.00772489 0.00844611 0.00908185 0.0096367
 0.000530656 0.00119633 0.00205827 0.00303499 0.00405521 0.0050647 0.00602623 0.00691692 0.00772489 0.00844611 0.00908185 0.0096367
 0.000530656 0.00119633 0.00205827 0.00303499 0.00405521 0.0050647 0.00602623 0.00691692 0.00772489 0.00844611 0.00908185 0.0096367
 0.000530656 0.00119633 0.00205827 0.00303499 0.00405521 0.0050647 0.00602623 0.00691692 0.00772489 0.00844611 0.00908185 0.0096367
 0.000530656 0.00119633 0.00205827 0.00303499 0.00405521 0.0050647 0.00602623 0.00691692 0.00772489 0.00844611 0.00908185 0.0096367
 0.000530656 0.00119633 0.00205827 0.00303499 0.00405521 0.0050647 0.00602623 0.00691692 0.00772489 0.00844611 0.00908185 0.0096367
 0.000530656 0.00119633 0.00205827 0.00303499 0.00405521 0.0050647 0.00602623 0.00691692 0.00772489 0.00844611 0.00908185 0.0096367
 0.000530656 0.00119633 0.00205827 0.00303499 0.00405521 0.0050647 0.00602623 0.00691692 0.00772489 0.00844611 0.00908185 0.0096367
 0.000530656 0.00119633 0.00205827 0.00303499 0.00405521 0.0050647 0.00602623 0.00691692 0.00772489 0.00844611 0.00908185 0.0096367
 0.000530656 0.00119633 0.00205827 0.00303499 0.00405521 0.0050647 0.00602623 0.00691692 0.00772489 0.00844611 0.00908185 0.0096367
 0.000530656 0.00119633 0.00205827 0.00303499 0.00405521 0.0050647 0.00602623 0.00691692 0.00772489 0.00844611 0.00908185 0.0096367
 0.000530656 0.00119633 0.00205827 0.00303499 0.00405521 0.0050647 0.00602623 0.00691692 0.00772489 0.00844611 0.00908185 0.0096367
 0.000530656 0.00119633 0.00205827 0.00303499 0.00405521 0.0050647 0.00602623 0.00691692 0.00772489 0.00844611 0.00908185 0.0096367
 0.000530656 0.00119633 0.00205827 0.00303499 0.00405521 0.0050647 0.00602623 0.00691692 0.00772489 0.00844611 0.00908185 0.0096367
 0.000530656 0.00119633 0.00205827 0.00303499 0.00405521 0.0050647 0.00602623 0.00691692 0.00772489 0.00844611 0.00908185 0.0096367
# nyrs_ind_age
 30
# yrs_ind_age
 1 2 3 4 5 6 7 8 9 10 11 12 13 14 15 16 17 18 19 20 21 22 23 24 25 26 27 28 29 30
# n_sample_ind_age
 200 200 200 200 200 200 200 200 200 200 200 200 200 200 200 200 200 200 200 200 200 200 200 200 200 200 200 200 200 200
# oac_ind
 0.09 0.105 0.15 0.135 0.105 0.05 0.06 0.025 0.06 0.04 0.03 0.15
 0.035 0.13 0.195 0.13 0.085 0.065 0.045 0.06 0.03 0.035 0.04 0.15
 0.05 0.13 0.145 0.18 0.07 0.075 0.07 0.045 0.05 0.05 0.015 0.12
 0.075 0.145 0.135 0.165 0.11 0.045 0.07 0.035 0.05 0.035 0.03 0.105
 0.065 0.1 0.12 0.09 0.125 0.125 0.115 0.035 0.055 0.01 0 0.16
 0.08 0.11 0.17 0.07 0.105 0.095 0.11 0.04 0.045 0.025 0.015 0.135
 0.095 0.155 0.175 0.12 0.1 0.055 0.055 0.035 0.03 0.04 0.015 0.125
 0.055 0.205 0.175 0.1 0.085 0.075 0.06 0.035 0.08 0.015 0.03 0.085
 0.065 0.145 0.24 0.125 0.08 0.09 0.06 0.03 0.04 0.02 0.015 0.09
 0.095 0.14 0.135 0.17 0.09 0.06 0.055 0.025 0.045 0.03 0.03 0.125
 0.095 0.155 0.155 0.165 0.09 0.085 0.045 0.04 0.035 0.02 0.025 0.09
 0.135 0.175 0.145 0.11 0.12 0.095 0.035 0.045 0.035 0.005 0.02 0.08
 0.055 0.255 0.205 0.16 0.075 0.07 0.075 0.035 0.025 0.005 0 0.04
 0.11 0.13 0.18 0.15 0.125 0.075 0.03 0.06 0.05 0.015 0.015 0.06
 0.075 0.19 0.165 0.15 0.12 0.09 0.035 0.06 0.04 0.015 0.01 0.05
 0.1 0.175 0.16 0.12 0.135 0.08 0.055 0.025 0.035 0.03 0.015 0.07
 0.1 0.17 0.175 0.2 0.105 0.075 0.075 0.035 0.01 0 0.01 0.045
 0.11 0.235 0.18 0.155 0.075 0.075 0.065 0.015 0.025 0.02 0.005 0.04
 0.13 0.2 0.205 0.125 0.095 0.05 0.055 0.045 0.015 0.005 0.01 0.065
 0.06 0.255 0.185 0.125 0.12 0.105 0.05 0.015 0.025 0.015 0.015 0.03
 0.105 0.235 0.22 0.16 0.1 0.06 0.035 0.01 0.015 0.025 0.01 0.025
 0.155 0.19 0.23 0.165 0.105 0.075 0.025 0.005 0.015 0.01 0.01 0.015
 0.12 0.265 0.185 0.17 0.125 0.045 0.035 0.015 0.005 0.015 0.01 0.01
 0.1 0.255 0.205 0.15 0.125 0.035 0.035 0.025 0.005 0.025 0 0.04
 0.1 0.205 0.195 0.225 0.105 0.08 0.04 0.015 0.01 0.015 0 0.01
 0.165 0.17 0.18 0.165 0.125 0.07 0.055 0.03 0.015 0.01 0.005 0.01
 0.105 0.33 0.17 0.115 0.07 0.095 0.035 0.025 0.03 0.005 0 0.02
 0.155 0.245 0.33 0.095 0.085 0.025 0.035 0.01 0.005 0.005 0.005 0.005
 0.14 0.265 0.19 0.21 0.05 0.04 0.045 0.025 0.01 0.01 0.005 0.01
 0.11 0.205 0.315 0.16 0.115 0.035 0.015 0.025 0.01 0.005 0 0.005
# olc_ind

# obs_lse_ind
 0.198042 0.198042 0.198042 0.198042 0.198042 0.198042 0.198042 0.198042 0.198042 0.198042 0.198042 0.198042 0.198042 0.198042 0.198042 0.198042 0.198042 0.198042 0.198042 0.198042 0.198042 0.198042 0.198042 0.198042 0.198042 0.198042 0.198042 0.198042 0.198042 0.198042
# xages_fsh
 0 0 0 0 0 0 0 0 0 0 0 0
# xages_fsh
 0 0.0909091 0.181818 0.272727 0.363636 0.454545 0.545455 0.636364 0.727273 0.818182 0.909091 1
# xnodes_fsh

Yrs fsh_sel change:  1 0 0 0 0 0 0 0 0 0 0 0 0 0 0 0 0 0 0 0 0 0 0 0 0 0 0 0 0
Yrs ind_sel change:  1 0 0 0 0 0 0 0 0 0 0 0 0 0 0 0 0 0 0 0 0 0 0 0 0 0 0 0 0
# steepnessprior
0.75
# sigmarprior
0.2
#  SSB estimated in styr endyr: -13 28 
#  Rec estimated in styr endyr: -11 30 
#  SR Curve fit  in styr endyr: 1 30 
#             Model styr endyr: 1 30 
# qprior
 3.48998e-007
# q_power_prior 
 1 
# cv_catchbiomass 
0.05 
# CatchbiomassPen 
200 
# Number of projection years 
5 
# offset_fsh
 13366.7
# offset_ind
 13085.1
Mean Catch
1302.32
R_guess 
15.432
# nfsh
1
# n_sel_ch_fsh
 1
# nselages_fsh
 11
# phase_selcoff_fsh
 -1
logRzero 15.432
logmeanrec 15.432
exp(log_sigmarprior 0.2
Fish sel phase: -1 FLEET1
Fixing fishery sel to
1
Srvy sel phase: -1
Fixing SURVEY1 indices sel to
1
# logsel_slp_in_indv
 0.693147
Leaving parameter init secton
# M
 0.2 0.2 0.2 0.2 0.2 0.2 0.2 0.2 0.2 0.2 0.2 0.2
 0.2 0.2 0.2 0.2 0.2 0.2 0.2 0.2 0.2 0.2 0.2 0.2
 0.2 0.2 0.2 0.2 0.2 0.2 0.2 0.2 0.2 0.2 0.2 0.2
 0.2 0.2 0.2 0.2 0.2 0.2 0.2 0.2 0.2 0.2 0.2 0.2
 0.2 0.2 0.2 0.2 0.2 0.2 0.2 0.2 0.2 0.2 0.2 0.2
 0.2 0.2 0.2 0.2 0.2 0.2 0.2 0.2 0.2 0.2 0.2 0.2
 0.2 0.2 0.2 0.2 0.2 0.2 0.2 0.2 0.2 0.2 0.2 0.2
 0.2 0.2 0.2 0.2 0.2 0.2 0.2 0.2 0.2 0.2 0.2 0.2
 0.2 0.2 0.2 0.2 0.2 0.2 0.2 0.2 0.2 0.2 0.2 0.2
 0.2 0.2 0.2 0.2 0.2 0.2 0.2 0.2 0.2 0.2 0.2 0.2
 0.2 0.2 0.2 0.2 0.2 0.2 0.2 0.2 0.2 0.2 0.2 0.2
 0.2 0.2 0.2 0.2 0.2 0.2 0.2 0.2 0.2 0.2 0.2 0.2
 0.2 0.2 0.2 0.2 0.2 0.2 0.2 0.2 0.2 0.2 0.2 0.2
 0.2 0.2 0.2 0.2 0.2 0.2 0.2 0.2 0.2 0.2 0.2 0.2
 0.2 0.2 0.2 0.2 0.2 0.2 0.2 0.2 0.2 0.2 0.2 0.2
 0.2 0.2 0.2 0.2 0.2 0.2 0.2 0.2 0.2 0.2 0.2 0.2
 0.2 0.2 0.2 0.2 0.2 0.2 0.2 0.2 0.2 0.2 0.2 0.2
 0.2 0.2 0.2 0.2 0.2 0.2 0.2 0.2 0.2 0.2 0.2 0.2
 0.2 0.2 0.2 0.2 0.2 0.2 0.2 0.2 0.2 0.2 0.2 0.2
 0.2 0.2 0.2 0.2 0.2 0.2 0.2 0.2 0.2 0.2 0.2 0.2
 0.2 0.2 0.2 0.2 0.2 0.2 0.2 0.2 0.2 0.2 0.2 0.2
 0.2 0.2 0.2 0.2 0.2 0.2 0.2 0.2 0.2 0.2 0.2 0.2
 0.2 0.2 0.2 0.2 0.2 0.2 0.2 0.2 0.2 0.2 0.2 0.2
 0.2 0.2 0.2 0.2 0.2 0.2 0.2 0.2 0.2 0.2 0.2 0.2
 0.2 0.2 0.2 0.2 0.2 0.2 0.2 0.2 0.2 0.2 0.2 0.2
 0.2 0.2 0.2 0.2 0.2 0.2 0.2 0.2 0.2 0.2 0.2 0.2
 0.2 0.2 0.2 0.2 0.2 0.2 0.2 0.2 0.2 0.2 0.2 0.2
 0.2 0.2 0.2 0.2 0.2 0.2 0.2 0.2 0.2 0.2 0.2 0.2
 0.2 0.2 0.2 0.2 0.2 0.2 0.2 0.2 0.2 0.2 0.2 0.2
 0.2 0.2 0.2 0.2 0.2 0.2 0.2 0.2 0.2 0.2 0.2 0.2
# mean_log_rec
13.7353
# log_Rzero
13.8217
# rec_dev
 -0.026453 -0.0321419 -0.0589345 0.0483787 -0.0252141 -0.0729726 -0.128099 -0.0852963 -0.0968858 0.0685781 0.0911135 0.190096 0.124375 -0.0173696 -0.0336191 0.153157 -0.0169655 0.108499 0.353521 0.0440596 -0.180598 0.0485736 0.112389 0.238239 -0.113899 0.151247 -0.0345522 -0.110447 0.0842905 -0.0824072 0.122511 0.0279599 -0.0963357 0.106726 -0.227489 -0.386976 -0.493049 0.108127 -0.341748 0.0470508 -0.259792 -0.331394
# fmort
 0.00964498 0.0279139 0.0457846 0.0624487 0.0496939 0.0905014 0.0917383 0.19701 0.114321 0.140651 0.160606 0.171058 0.124614 0.180006 0.191612 0.170264 0.331485 0.267088 0.268214 0.263934 0.368229 0.269997 0.454544 0.378 0.377476 0.346937 0.345792 0.487663 0.38008 0.598317
# rec_dev_future
 0 0 0 0 0
