AMAK;Mar 2020
# styr
1
# endyr
30
# rec_age
1
# oldest_age
12
# nlength
81
# len_bins
 10 11 12 13 14 15 16 17 18 19 20 21 22 23 24 25 26 27 28 29 30 31 32 33 34 35 36 37 38 39 40 41 42 43 44 45 46 47 48 49 50 51 52 53 54 55 56 57 58 59 60 61 62 63 64 65 66 67 68 69 70 71 72 73 74 75 76 77 78 79 80 81 82 83 84 85 86 87 88 89 90
# datafile_name
amak_data.dat
# model_name
AMAK_MCP
# styr
1
# endyr
30
# rec_age
1
# oldest_age
12
# nfsh
1
# fshname
FLEET1
# catch_bio_in
 160.629 456.72 732.856 959.923 733.232 1268.99 1237 2401.34 1285.52 1530.01 1670.51 1708.56 1154.4 1597.12 1569.04 1316.81 2283.42 1601.74 1430.13 1312.98 1674.87 1155.91 1810.98 1404.21 1288.17 1099.17 991.468 1215.84 818.921 1124.36
# catch_bio_sd_in
 0.01 0.01 0.01 0.01 0.01 0.01 0.01 0.01 0.01 0.01 0.01 0.01 0.01 0.01 0.01 0.01 0.01 0.01 0.01 0.01 0.01 0.01 0.01 0.01 0.01 0.01 0.01 0.01 0.01 0.01
# nyrs_fsh_age
 30
# nyrs_fsh_length
 0
# yrs_fsh_age_in
 1 2 3 4 5 6 7 8 9 10 11 12 13 14 15 16 17 18 19 20 21 22 23 24 25 26 27 28 29 30
# yrs_fsh_length_in

# n_sample_fsh_length_in

# olc_fsh_in

# nind
1
# indname
SURVEY1
# nyrs_ind
 30
# yrs_ind_in
 1 2 3 4 5 6 7 8 9 10 11 12 13 14 15 16 17 18 19 20 21 22 23 24 25 26 27 28 29 30
# mo_ind
 1
# obs_ind_in
 1.6291 1.50908 1.49815 1.22048 1.54784 1.58321 1.78452 1.28478 1.02675 1.41944 1.31458 1.16125 1.21605 1.21316 1.02999 1.13382 0.899375 0.789449 0.826584 0.636495 0.757787 0.852734 0.783401 0.838908 0.624999 0.696711 0.529671 0.40481 0.416185 0.462922
# obs_se_ind_in
 0.325821 0.301817 0.299629 0.244096 0.309567 0.316643 0.356905 0.256955 0.205351 0.283887 0.262915 0.23225 0.243211 0.242633 0.205998 0.226763 0.179875 0.15789 0.165317 0.127299 0.151557 0.170547 0.15668 0.167782 0.125 0.139342 0.105934 0.0809621 0.0832371 0.0925844
# nyrs_ind_age
 30
# nyrs_ind_length
 0
# yrs_ind_age_in
 1 2 3 4 5 6 7 8 9 10 11 12 13 14 15 16 17 18 19 20 21 22 23 24 25 26 27 28 29 30
# yrs_ind_length_in

# yrs_ind_age_in
 1 2 3 4 5 6 7 8 9 10 11 12 13 14 15 16 17 18 19 20 21 22 23 24 25 26 27 28 29 30
# n_sample_ind_length_in

# olc_ind_in

# oac_ind_in
 0.045 0.09 0.16 0.12 0.07 0.12 0.08 0.045 0.06 0.055 0.025 0.13
 0.045 0.16 0.17 0.11 0.1 0.115 0.075 0.025 0.03 0.025 0.01 0.135
 0.05 0.12 0.18 0.16 0.07 0.06 0.045 0.07 0.045 0.02 0.04 0.14
 0.07 0.12 0.155 0.13 0.105 0.07 0.06 0.08 0.035 0.025 0.04 0.11
 0.07 0.175 0.13 0.1 0.14 0.06 0.065 0.05 0.045 0.05 0.01 0.105
 0.085 0.19 0.18 0.12 0.08 0.05 0.045 0.03 0.06 0.035 0.05 0.075
 0.075 0.135 0.235 0.155 0.065 0.055 0.055 0.045 0.07 0.01 0.035 0.065
 0.09 0.17 0.185 0.16 0.085 0.05 0.055 0.055 0.015 0.03 0.02 0.085
 0.09 0.16 0.145 0.165 0.135 0.075 0.025 0.045 0.02 0.045 0 0.095
 0.08 0.19 0.215 0.12 0.1 0.075 0.04 0.03 0.015 0.02 0.025 0.09
 0.065 0.175 0.18 0.165 0.06 0.11 0.085 0.025 0.02 0.025 0.01 0.08
 0.055 0.13 0.155 0.155 0.155 0.04 0.065 0.055 0.025 0.035 0.01 0.12
 0.085 0.15 0.16 0.165 0.105 0.075 0.055 0.055 0.035 0.04 0.025 0.05
 0.12 0.195 0.19 0.1 0.095 0.105 0.085 0.035 0.015 0.02 0.01 0.03
 0.1 0.165 0.22 0.1 0.08 0.045 0.08 0.065 0.04 0.04 0.025 0.04
 0.085 0.205 0.21 0.115 0.08 0.085 0.05 0.06 0.045 0.015 0.005 0.045
 0.085 0.165 0.17 0.125 0.125 0.07 0.08 0.055 0.055 0.02 0.005 0.045
 0.07 0.15 0.2 0.17 0.08 0.075 0.075 0.025 0.05 0.045 0.02 0.04
 0.115 0.185 0.17 0.155 0.1 0.085 0.06 0.01 0.015 0.035 0.015 0.055
 0.11 0.22 0.18 0.14 0.095 0.08 0.06 0.04 0.01 0.015 0.015 0.035
 0.105 0.245 0.26 0.1 0.115 0.04 0.03 0.025 0.02 0.03 0.015 0.015
 0.135 0.16 0.26 0.17 0.065 0.05 0.055 0.02 0.02 0.01 0.02 0.035
 0.09 0.255 0.165 0.18 0.135 0.055 0.025 0.035 0.015 0.01 0.015 0.02
 0.115 0.245 0.32 0.085 0.11 0.045 0.02 0.025 0.01 0.005 0.005 0.015
 0.035 0.255 0.255 0.195 0.085 0.07 0.04 0.03 0.015 0.005 0.005 0.01
 0.11 0.165 0.195 0.165 0.18 0.055 0.045 0.03 0.03 0.015 0.01 0
 0.085 0.345 0.095 0.155 0.135 0.095 0.025 0.03 0.005 0.005 0.01 0.015
 0.13 0.14 0.28 0.09 0.105 0.09 0.065 0.03 0.035 0.01 0.01 0.015
 0.13 0.24 0.155 0.17 0.075 0.065 0.075 0.03 0.015 0.03 0.015 0
 0.175 0.3 0.185 0.095 0.115 0.045 0.05 0.02 0.01 0 0.005 0
# wt_ind
 1 1 1 1 1 1 1 1 1 1 1 1
 1 1 1 1 1 1 1 1 1 1 1 1
 1 1 1 1 1 1 1 1 1 1 1 1
 1 1 1 1 1 1 1 1 1 1 1 1
 1 1 1 1 1 1 1 1 1 1 1 1
 1 1 1 1 1 1 1 1 1 1 1 1
 1 1 1 1 1 1 1 1 1 1 1 1
 1 1 1 1 1 1 1 1 1 1 1 1
 1 1 1 1 1 1 1 1 1 1 1 1
 1 1 1 1 1 1 1 1 1 1 1 1
 1 1 1 1 1 1 1 1 1 1 1 1
 1 1 1 1 1 1 1 1 1 1 1 1
 1 1 1 1 1 1 1 1 1 1 1 1
 1 1 1 1 1 1 1 1 1 1 1 1
 1 1 1 1 1 1 1 1 1 1 1 1
 1 1 1 1 1 1 1 1 1 1 1 1
 1 1 1 1 1 1 1 1 1 1 1 1
 1 1 1 1 1 1 1 1 1 1 1 1
 1 1 1 1 1 1 1 1 1 1 1 1
 1 1 1 1 1 1 1 1 1 1 1 1
 1 1 1 1 1 1 1 1 1 1 1 1
 1 1 1 1 1 1 1 1 1 1 1 1
 1 1 1 1 1 1 1 1 1 1 1 1
 1 1 1 1 1 1 1 1 1 1 1 1
 1 1 1 1 1 1 1 1 1 1 1 1
 1 1 1 1 1 1 1 1 1 1 1 1
 1 1 1 1 1 1 1 1 1 1 1 1
 1 1 1 1 1 1 1 1 1 1 1 1
 1 1 1 1 1 1 1 1 1 1 1 1
 1 1 1 1 1 1 1 1 1 1 1 1
# wt_pop
 0.000530656 0.00119633 0.00205827 0.00303499 0.00405521 0.0050647 0.00602623 0.00691692 0.00772489 0.00844611 0.00908185 0.0096367
# maturity
 0.0229774 0.320821 0.904651 0.99478 0.999739 0.999987 0.999999 1 1 1 1 1
# spawnmo
1
# age_err
 1 0 0 0 0 0 0 0 0 0 0 0
 0 1 0 0 0 0 0 0 0 0 0 0
 0 0 1 0 0 0 0 0 0 0 0 0
 0 0 0 1 0 0 0 0 0 0 0 0
 0 0 0 0 1 0 0 0 0 0 0 0
 0 0 0 0 0 1 0 0 0 0 0 0
 0 0 0 0 0 0 1 0 0 0 0 0
 0 0 0 0 0 0 0 1 0 0 0 0
 0 0 0 0 0 0 0 0 1 0 0 0
 0 0 0 0 0 0 0 0 0 1 0 0
 0 0 0 0 0 0 0 0 0 0 1 0
 0 0 0 0 0 0 0 0 0 0 0 1
# cntrlfile_name
C:\Users\bai.li\DOCUME~1\Github\AGE_ST~1\ASSAMC\example\output\AMAK\s132\amak.dat
# Map shared selectivity: 
# sel_map
 1 2
 1 1
# datafile_name
amak_data.dat
# model_name
AMAK_MCP
# SrType
2
# use_age_err
0
# retro
0
# sigmarprior
0.2
# cvsigmarprior
0.25
# phase_sigmar
-3
# styr_rec_est
1
# endyr_rec_est
30
# Linfprior
80
# cvLinfprior
0.25
# kprior
0.18
# cvkprior
0.25
# Loprior
27.688
# cvLoprior
0.25
# sdageprior
0.1
# cvsdageprior
0.25
# natmortprior
0.2
# cvnatmortprior
0.25
# phase_M
-4
# npars_Mage
0
# ages_M_changes

# Mage_in

# Mage_offset_in

# phase_Mage
-5
# phase_rw_M
0
# npars_rw_M
0
# yrs_rw_M

# sigma_rw_M

# qprior
 3.48998e-007
# cvqprior
 1
# phase_q
 1
# q_power_prior
 1
# cvq_power_prior
 0.2
# phase_q_power
 -4
# phase_rw_q
 -1
# npars_rw_q
 0
# yrs_rw_q

# sigma_rw_q

# q_age_min
 1
# q_age_max
 12
# q_age_min
 1
# q_age_max
 12
# fsh_sel_opt(k)
2
# phase_sel_fsh(k)
2
# n_sel_ch_fsh(k)
1
# sel_slp_in_fsh(k)(1,n_sel_ch_fsh(k))
 1
# sel_inf_in_fsh(k)(1,n_sel_ch_fsh(k))
 2
# logsel_slp_in_fsh(k)(1,n_sel_ch_fsh(k))
 0
# yrs_sel_ch_fsh(k)(1,n_sel_ch_fsh(k))
 1

Survey SURVEY1
# ind_sel_opt(k)
2
# indname(k)
SURVEY1
# nselages_in_ind(k)
11
# phase_sel_ind(k)
2
# sel_change_in_ind(k)
 1 0 0 0 0 0 0 0 0 0 0 0 0 0 0 0 0 0 0 0 0 0 0 0 0 0 0 0 0 0
# n_sel_ch_ind(k)
1
# yrs_sel_ch_ind(k)(1,n_sel_ch_ind(k))
 1
# sel_slp_in_ind(k,1)
2
# sel_inf_in_ind(k,1)
1.5
# logsel_slp_in_ind(k,1)
0.693147
# logsel_slp_in_indv(k)
0.693147
SURVEY1 ind sel opt 2  1 0 0 0 0 0 0 0 0 0 0 0 0 0 0 0 0 0 0 0 0 0 0 0 0 0 0 0 0 0
Phase indices Sel_Coffs:  -1
 Test: 1.23457e+008
# Fshry Selages:  11
# Srvy  Selages:  11
# Phase for age-spec fishery  -1
# Phase for logistic fishery  2
# Phase for dble logistic fishery  -1
# Phase for age-spec indices   -1
# Phase for logistic indices   2
# Phase for dble logistic ind  -1
# Curv_pen_fsh: 
 0
# Curv_pen_ind: 
 0
# styr_fut
31
# endyr_fut
35
# nyrs_fsh_age
 30
# nyrs_fsh_age
 30
# yrs_fsh_age
 1 2 3 4 5 6 7 8 9 10 11 12 13 14 15 16 17 18 19 20 21 22 23 24 25 26 27 28 29 30
# n_sample_fsh_age
 200 200 200 200 200 200 200 200 200 200 200 200 200 200 200 200 200 200 200 200 200 200 200 200 200 200 200 200 200 200
# oac_fsh
 0.075 0.08 0.145 0.18 0.1 0.085 0.105 0.055 0.035 0.05 0.03 0.06
 0.05 0.1 0.145 0.085 0.1 0.095 0.095 0.12 0.03 0.02 0.02 0.14
 0.065 0.085 0.105 0.115 0.105 0.125 0.08 0.085 0.04 0.045 0.035 0.115
 0.1 0.075 0.1 0.13 0.09 0.095 0.055 0.03 0.06 0.05 0.05 0.165
 0.08 0.12 0.105 0.105 0.105 0.09 0.05 0.075 0.07 0.03 0.025 0.145
 0.06 0.165 0.1 0.095 0.145 0.09 0.04 0.035 0.06 0.025 0.045 0.14
 0.07 0.135 0.17 0.125 0.085 0.065 0.04 0.08 0.045 0.025 0.035 0.125
 0.095 0.14 0.19 0.185 0.055 0.065 0.03 0.04 0.065 0.035 0.02 0.08
 0.1 0.115 0.1 0.14 0.155 0.085 0.03 0.03 0.03 0.025 0.035 0.155
 0.125 0.165 0.18 0.125 0.105 0.075 0.035 0.03 0.02 0.015 0.02 0.105
 0.07 0.15 0.165 0.195 0.055 0.095 0.06 0.055 0.045 0.01 0.015 0.085
 0.05 0.105 0.165 0.135 0.12 0.1 0.065 0.075 0.05 0.01 0.015 0.11
 0.13 0.11 0.195 0.14 0.11 0.115 0.045 0.045 0.055 0.005 0.02 0.03
 0.11 0.115 0.11 0.155 0.1 0.105 0.105 0.06 0.025 0.05 0.01 0.055
 0.075 0.135 0.2 0.09 0.155 0.11 0.055 0.065 0.015 0.015 0.025 0.06
 0.115 0.155 0.135 0.145 0.105 0.07 0.075 0.1 0.02 0.015 0.015 0.05
 0.105 0.165 0.195 0.155 0.135 0.055 0.055 0.045 0.06 0 0 0.03
 0.085 0.115 0.165 0.165 0.145 0.11 0.045 0.045 0.025 0.025 0.01 0.065
 0.135 0.13 0.155 0.165 0.09 0.11 0.065 0.025 0.025 0.04 0.01 0.05
 0.18 0.21 0.14 0.12 0.11 0.055 0.035 0.03 0.01 0.05 0.015 0.045
 0.1 0.225 0.215 0.11 0.09 0.075 0.05 0.025 0.02 0.03 0 0.06
 0.15 0.175 0.23 0.155 0.1 0.035 0.05 0.04 0.04 0.01 0 0.015
 0.16 0.26 0.145 0.15 0.135 0.055 0.015 0.02 0.03 0.01 0.01 0.01
 0.155 0.17 0.23 0.065 0.16 0.105 0.03 0.045 0.005 0.01 0.015 0.01
 0.05 0.17 0.245 0.23 0.065 0.12 0.05 0.02 0.02 0 0.005 0.025
 0.105 0.11 0.28 0.195 0.145 0.055 0.05 0.015 0.01 0.005 0.005 0.025
 0.115 0.255 0.13 0.155 0.125 0.095 0.045 0.03 0.01 0.015 0.01 0.015
 0.175 0.125 0.195 0.13 0.09 0.105 0.11 0.015 0.025 0.005 0.005 0.02
 0.2 0.235 0.095 0.155 0.095 0.105 0.04 0.045 0.01 0.01 0.005 0.005
 0.205 0.32 0.185 0.08 0.09 0.035 0.025 0.015 0.02 0.01 0.01 0.005
# olc_fsh

# wt_fsh
 0.000530656 0.00119633 0.00205827 0.00303499 0.00405521 0.0050647 0.00602623 0.00691692 0.00772489 0.00844611 0.00908185 0.0096367
 0.000530656 0.00119633 0.00205827 0.00303499 0.00405521 0.0050647 0.00602623 0.00691692 0.00772489 0.00844611 0.00908185 0.0096367
 0.000530656 0.00119633 0.00205827 0.00303499 0.00405521 0.0050647 0.00602623 0.00691692 0.00772489 0.00844611 0.00908185 0.0096367
 0.000530656 0.00119633 0.00205827 0.00303499 0.00405521 0.0050647 0.00602623 0.00691692 0.00772489 0.00844611 0.00908185 0.0096367
 0.000530656 0.00119633 0.00205827 0.00303499 0.00405521 0.0050647 0.00602623 0.00691692 0.00772489 0.00844611 0.00908185 0.0096367
 0.000530656 0.00119633 0.00205827 0.00303499 0.00405521 0.0050647 0.00602623 0.00691692 0.00772489 0.00844611 0.00908185 0.0096367
 0.000530656 0.00119633 0.00205827 0.00303499 0.00405521 0.0050647 0.00602623 0.00691692 0.00772489 0.00844611 0.00908185 0.0096367
 0.000530656 0.00119633 0.00205827 0.00303499 0.00405521 0.0050647 0.00602623 0.00691692 0.00772489 0.00844611 0.00908185 0.0096367
 0.000530656 0.00119633 0.00205827 0.00303499 0.00405521 0.0050647 0.00602623 0.00691692 0.00772489 0.00844611 0.00908185 0.0096367
 0.000530656 0.00119633 0.00205827 0.00303499 0.00405521 0.0050647 0.00602623 0.00691692 0.00772489 0.00844611 0.00908185 0.0096367
 0.000530656 0.00119633 0.00205827 0.00303499 0.00405521 0.0050647 0.00602623 0.00691692 0.00772489 0.00844611 0.00908185 0.0096367
 0.000530656 0.00119633 0.00205827 0.00303499 0.00405521 0.0050647 0.00602623 0.00691692 0.00772489 0.00844611 0.00908185 0.0096367
 0.000530656 0.00119633 0.00205827 0.00303499 0.00405521 0.0050647 0.00602623 0.00691692 0.00772489 0.00844611 0.00908185 0.0096367
 0.000530656 0.00119633 0.00205827 0.00303499 0.00405521 0.0050647 0.00602623 0.00691692 0.00772489 0.00844611 0.00908185 0.0096367
 0.000530656 0.00119633 0.00205827 0.00303499 0.00405521 0.0050647 0.00602623 0.00691692 0.00772489 0.00844611 0.00908185 0.0096367
 0.000530656 0.00119633 0.00205827 0.00303499 0.00405521 0.0050647 0.00602623 0.00691692 0.00772489 0.00844611 0.00908185 0.0096367
 0.000530656 0.00119633 0.00205827 0.00303499 0.00405521 0.0050647 0.00602623 0.00691692 0.00772489 0.00844611 0.00908185 0.0096367
 0.000530656 0.00119633 0.00205827 0.00303499 0.00405521 0.0050647 0.00602623 0.00691692 0.00772489 0.00844611 0.00908185 0.0096367
 0.000530656 0.00119633 0.00205827 0.00303499 0.00405521 0.0050647 0.00602623 0.00691692 0.00772489 0.00844611 0.00908185 0.0096367
 0.000530656 0.00119633 0.00205827 0.00303499 0.00405521 0.0050647 0.00602623 0.00691692 0.00772489 0.00844611 0.00908185 0.0096367
 0.000530656 0.00119633 0.00205827 0.00303499 0.00405521 0.0050647 0.00602623 0.00691692 0.00772489 0.00844611 0.00908185 0.0096367
 0.000530656 0.00119633 0.00205827 0.00303499 0.00405521 0.0050647 0.00602623 0.00691692 0.00772489 0.00844611 0.00908185 0.0096367
 0.000530656 0.00119633 0.00205827 0.00303499 0.00405521 0.0050647 0.00602623 0.00691692 0.00772489 0.00844611 0.00908185 0.0096367
 0.000530656 0.00119633 0.00205827 0.00303499 0.00405521 0.0050647 0.00602623 0.00691692 0.00772489 0.00844611 0.00908185 0.0096367
 0.000530656 0.00119633 0.00205827 0.00303499 0.00405521 0.0050647 0.00602623 0.00691692 0.00772489 0.00844611 0.00908185 0.0096367
 0.000530656 0.00119633 0.00205827 0.00303499 0.00405521 0.0050647 0.00602623 0.00691692 0.00772489 0.00844611 0.00908185 0.0096367
 0.000530656 0.00119633 0.00205827 0.00303499 0.00405521 0.0050647 0.00602623 0.00691692 0.00772489 0.00844611 0.00908185 0.0096367
 0.000530656 0.00119633 0.00205827 0.00303499 0.00405521 0.0050647 0.00602623 0.00691692 0.00772489 0.00844611 0.00908185 0.0096367
 0.000530656 0.00119633 0.00205827 0.00303499 0.00405521 0.0050647 0.00602623 0.00691692 0.00772489 0.00844611 0.00908185 0.0096367
 0.000530656 0.00119633 0.00205827 0.00303499 0.00405521 0.0050647 0.00602623 0.00691692 0.00772489 0.00844611 0.00908185 0.0096367
# nyrs_ind_age
 30
# yrs_ind_age
 1 2 3 4 5 6 7 8 9 10 11 12 13 14 15 16 17 18 19 20 21 22 23 24 25 26 27 28 29 30
# n_sample_ind_age
 200 200 200 200 200 200 200 200 200 200 200 200 200 200 200 200 200 200 200 200 200 200 200 200 200 200 200 200 200 200
# oac_ind
 0.045 0.09 0.16 0.12 0.07 0.12 0.08 0.045 0.06 0.055 0.025 0.13
 0.045 0.16 0.17 0.11 0.1 0.115 0.075 0.025 0.03 0.025 0.01 0.135
 0.05 0.12 0.18 0.16 0.07 0.06 0.045 0.07 0.045 0.02 0.04 0.14
 0.07 0.12 0.155 0.13 0.105 0.07 0.06 0.08 0.035 0.025 0.04 0.11
 0.07 0.175 0.13 0.1 0.14 0.06 0.065 0.05 0.045 0.05 0.01 0.105
 0.085 0.19 0.18 0.12 0.08 0.05 0.045 0.03 0.06 0.035 0.05 0.075
 0.075 0.135 0.235 0.155 0.065 0.055 0.055 0.045 0.07 0.01 0.035 0.065
 0.09 0.17 0.185 0.16 0.085 0.05 0.055 0.055 0.015 0.03 0.02 0.085
 0.09 0.16 0.145 0.165 0.135 0.075 0.025 0.045 0.02 0.045 0 0.095
 0.08 0.19 0.215 0.12 0.1 0.075 0.04 0.03 0.015 0.02 0.025 0.09
 0.065 0.175 0.18 0.165 0.06 0.11 0.085 0.025 0.02 0.025 0.01 0.08
 0.055 0.13 0.155 0.155 0.155 0.04 0.065 0.055 0.025 0.035 0.01 0.12
 0.085 0.15 0.16 0.165 0.105 0.075 0.055 0.055 0.035 0.04 0.025 0.05
 0.12 0.195 0.19 0.1 0.095 0.105 0.085 0.035 0.015 0.02 0.01 0.03
 0.1 0.165 0.22 0.1 0.08 0.045 0.08 0.065 0.04 0.04 0.025 0.04
 0.085 0.205 0.21 0.115 0.08 0.085 0.05 0.06 0.045 0.015 0.005 0.045
 0.085 0.165 0.17 0.125 0.125 0.07 0.08 0.055 0.055 0.02 0.005 0.045
 0.07 0.15 0.2 0.17 0.08 0.075 0.075 0.025 0.05 0.045 0.02 0.04
 0.115 0.185 0.17 0.155 0.1 0.085 0.06 0.01 0.015 0.035 0.015 0.055
 0.11 0.22 0.18 0.14 0.095 0.08 0.06 0.04 0.01 0.015 0.015 0.035
 0.105 0.245 0.26 0.1 0.115 0.04 0.03 0.025 0.02 0.03 0.015 0.015
 0.135 0.16 0.26 0.17 0.065 0.05 0.055 0.02 0.02 0.01 0.02 0.035
 0.09 0.255 0.165 0.18 0.135 0.055 0.025 0.035 0.015 0.01 0.015 0.02
 0.115 0.245 0.32 0.085 0.11 0.045 0.02 0.025 0.01 0.005 0.005 0.015
 0.035 0.255 0.255 0.195 0.085 0.07 0.04 0.03 0.015 0.005 0.005 0.01
 0.11 0.165 0.195 0.165 0.18 0.055 0.045 0.03 0.03 0.015 0.01 0
 0.085 0.345 0.095 0.155 0.135 0.095 0.025 0.03 0.005 0.005 0.01 0.015
 0.13 0.14 0.28 0.09 0.105 0.09 0.065 0.03 0.035 0.01 0.01 0.015
 0.13 0.24 0.155 0.17 0.075 0.065 0.075 0.03 0.015 0.03 0.015 0
 0.175 0.3 0.185 0.095 0.115 0.045 0.05 0.02 0.01 0 0.005 0
# olc_ind

# obs_lse_ind
 0.198042 0.198042 0.198042 0.198042 0.198042 0.198042 0.198042 0.198042 0.198042 0.198042 0.198042 0.198042 0.198042 0.198042 0.198042 0.198042 0.198042 0.198042 0.198042 0.198042 0.198042 0.198042 0.198042 0.198042 0.198042 0.198042 0.198042 0.198042 0.198042 0.198042
# xages_fsh
 0 0 0 0 0 0 0 0 0 0 0 0
# xages_fsh
 0 0.0909091 0.181818 0.272727 0.363636 0.454545 0.545455 0.636364 0.727273 0.818182 0.909091 1
# xnodes_fsh

Yrs fsh_sel change:  1 0 0 0 0 0 0 0 0 0 0 0 0 0 0 0 0 0 0 0 0 0 0 0 0 0 0 0 0
Yrs ind_sel change:  1 0 0 0 0 0 0 0 0 0 0 0 0 0 0 0 0 0 0 0 0 0 0 0 0 0 0 0 0
# steepnessprior
0.75
# sigmarprior
0.2
#  SSB estimated in styr endyr: -13 28 
#  Rec estimated in styr endyr: -11 30 
#  SR Curve fit  in styr endyr: 1 30 
#             Model styr endyr: 1 30 
# qprior
 3.48998e-007
# q_power_prior 
 1 
# cv_catchbiomass 
0.05 
# CatchbiomassPen 
200 
# Number of projection years 
5 
# offset_fsh
 13418.5
# offset_ind
 13235.9
Mean Catch
1299.83
R_guess 
15.4301
# nfsh
1
# n_sel_ch_fsh
 1
# nselages_fsh
 11
# phase_selcoff_fsh
 -1
logRzero 15.4301
logmeanrec 15.4301
exp(log_sigmarprior 0.2
Fish sel phase: -1 FLEET1
Fixing fishery sel to
1
Srvy sel phase: -1
Fixing SURVEY1 indices sel to
1
# logsel_slp_in_indv
 0.693147
Leaving parameter init secton
# M
 0.2 0.2 0.2 0.2 0.2 0.2 0.2 0.2 0.2 0.2 0.2 0.2
 0.2 0.2 0.2 0.2 0.2 0.2 0.2 0.2 0.2 0.2 0.2 0.2
 0.2 0.2 0.2 0.2 0.2 0.2 0.2 0.2 0.2 0.2 0.2 0.2
 0.2 0.2 0.2 0.2 0.2 0.2 0.2 0.2 0.2 0.2 0.2 0.2
 0.2 0.2 0.2 0.2 0.2 0.2 0.2 0.2 0.2 0.2 0.2 0.2
 0.2 0.2 0.2 0.2 0.2 0.2 0.2 0.2 0.2 0.2 0.2 0.2
 0.2 0.2 0.2 0.2 0.2 0.2 0.2 0.2 0.2 0.2 0.2 0.2
 0.2 0.2 0.2 0.2 0.2 0.2 0.2 0.2 0.2 0.2 0.2 0.2
 0.2 0.2 0.2 0.2 0.2 0.2 0.2 0.2 0.2 0.2 0.2 0.2
 0.2 0.2 0.2 0.2 0.2 0.2 0.2 0.2 0.2 0.2 0.2 0.2
 0.2 0.2 0.2 0.2 0.2 0.2 0.2 0.2 0.2 0.2 0.2 0.2
 0.2 0.2 0.2 0.2 0.2 0.2 0.2 0.2 0.2 0.2 0.2 0.2
 0.2 0.2 0.2 0.2 0.2 0.2 0.2 0.2 0.2 0.2 0.2 0.2
 0.2 0.2 0.2 0.2 0.2 0.2 0.2 0.2 0.2 0.2 0.2 0.2
 0.2 0.2 0.2 0.2 0.2 0.2 0.2 0.2 0.2 0.2 0.2 0.2
 0.2 0.2 0.2 0.2 0.2 0.2 0.2 0.2 0.2 0.2 0.2 0.2
 0.2 0.2 0.2 0.2 0.2 0.2 0.2 0.2 0.2 0.2 0.2 0.2
 0.2 0.2 0.2 0.2 0.2 0.2 0.2 0.2 0.2 0.2 0.2 0.2
 0.2 0.2 0.2 0.2 0.2 0.2 0.2 0.2 0.2 0.2 0.2 0.2
 0.2 0.2 0.2 0.2 0.2 0.2 0.2 0.2 0.2 0.2 0.2 0.2
 0.2 0.2 0.2 0.2 0.2 0.2 0.2 0.2 0.2 0.2 0.2 0.2
 0.2 0.2 0.2 0.2 0.2 0.2 0.2 0.2 0.2 0.2 0.2 0.2
 0.2 0.2 0.2 0.2 0.2 0.2 0.2 0.2 0.2 0.2 0.2 0.2
 0.2 0.2 0.2 0.2 0.2 0.2 0.2 0.2 0.2 0.2 0.2 0.2
 0.2 0.2 0.2 0.2 0.2 0.2 0.2 0.2 0.2 0.2 0.2 0.2
 0.2 0.2 0.2 0.2 0.2 0.2 0.2 0.2 0.2 0.2 0.2 0.2
 0.2 0.2 0.2 0.2 0.2 0.2 0.2 0.2 0.2 0.2 0.2 0.2
 0.2 0.2 0.2 0.2 0.2 0.2 0.2 0.2 0.2 0.2 0.2 0.2
 0.2 0.2 0.2 0.2 0.2 0.2 0.2 0.2 0.2 0.2 0.2 0.2
 0.2 0.2 0.2 0.2 0.2 0.2 0.2 0.2 0.2 0.2 0.2 0.2
# mean_log_rec
13.7641
# log_Rzero
13.7931
# rec_dev
 -0.113324 -0.135396 -0.0610731 -0.0331999 -0.0534709 -0.072744 0.0688559 0.196749 0.0478056 0.0890016 -0.0116988 0.0377382 0.0395942 -0.109417 -0.136272 0.0894432 0.384397 0.232553 0.0151346 0.323342 0.283663 0.166454 0.0239521 -0.163397 0.107559 0.0455611 0.000289118 -0.0455755 -0.197561 -0.272809 0.0650033 0.161011 -0.312456 0.210347 -0.0184912 -0.191684 -0.758648 -0.257461 -0.800498 -0.383465 -0.146296 -0.118208
# fmort
 0.00912314 0.0262554 0.0434506 0.0597002 0.0476628 0.0860661 0.0879091 0.184645 0.106804 0.131942 0.151203 0.164661 0.116889 0.169871 0.179139 0.159167 0.306913 0.248891 0.246283 0.243405 0.336929 0.24622 0.411945 0.351227 0.345575 0.317344 0.308531 0.426226 0.31743 0.46028
# rec_dev_future
 0 0 0 0 0
