AMAK;Mar 2020
# styr
1
# endyr
30
# rec_age
1
# oldest_age
12
# nlength
81
# len_bins
 10 11 12 13 14 15 16 17 18 19 20 21 22 23 24 25 26 27 28 29 30 31 32 33 34 35 36 37 38 39 40 41 42 43 44 45 46 47 48 49 50 51 52 53 54 55 56 57 58 59 60 61 62 63 64 65 66 67 68 69 70 71 72 73 74 75 76 77 78 79 80 81 82 83 84 85 86 87 88 89 90
# datafile_name
amak_data.dat
# model_name
AMAK_MCP
# styr
1
# endyr
30
# rec_age
1
# oldest_age
12
# nfsh
1
# fshname
FLEET1
# catch_bio_in
 160.328 461.039 746.626 984 766.719 1329.55 1276.86 2403.83 1255.32 1418.28 1510.51 1488.86 1002.67 1358.44 1321.37 1104.84 1969.86 1439.18 1318.72 1237 1592.58 1105.41 1717.49 1314.57 1313.37 1211.6 1187.34 1549.42 1084.25 1544.55
# catch_bio_sd_in
 0.01 0.01 0.01 0.01 0.01 0.01 0.01 0.01 0.01 0.01 0.01 0.01 0.01 0.01 0.01 0.01 0.01 0.01 0.01 0.01 0.01 0.01 0.01 0.01 0.01 0.01 0.01 0.01 0.01 0.01
# nyrs_fsh_age
 30
# nyrs_fsh_length
 0
# yrs_fsh_age_in
 1 2 3 4 5 6 7 8 9 10 11 12 13 14 15 16 17 18 19 20 21 22 23 24 25 26 27 28 29 30
# yrs_fsh_length_in

# n_sample_fsh_length_in

# olc_fsh_in

# nind
1
# indname
SURVEY1
# nyrs_ind
 30
# yrs_ind_in
 1 2 3 4 5 6 7 8 9 10 11 12 13 14 15 16 17 18 19 20 21 22 23 24 25 26 27 28 29 30
# mo_ind
 1
# obs_ind_in
 1.4684 1.52971 1.55069 1.67252 1.42481 1.44102 1.27269 1.21784 0.997759 1.18479 1.18232 1.19264 0.880093 0.907619 0.994804 0.990486 0.847026 0.982389 0.752261 0.719439 0.892022 0.782262 0.803199 0.718402 0.716442 0.771409 0.72188 0.701101 0.582596 0.644254
# obs_se_ind_in
 0.29368 0.305941 0.310138 0.334504 0.284962 0.288204 0.254539 0.243567 0.199552 0.236958 0.236464 0.238529 0.176019 0.181524 0.198961 0.198097 0.169405 0.196478 0.150452 0.143888 0.178404 0.156452 0.16064 0.14368 0.143288 0.154282 0.144376 0.14022 0.116519 0.128851
# nyrs_ind_age
 30
# nyrs_ind_length
 0
# yrs_ind_age_in
 1 2 3 4 5 6 7 8 9 10 11 12 13 14 15 16 17 18 19 20 21 22 23 24 25 26 27 28 29 30
# yrs_ind_length_in

# yrs_ind_age_in
 1 2 3 4 5 6 7 8 9 10 11 12 13 14 15 16 17 18 19 20 21 22 23 24 25 26 27 28 29 30
# n_sample_ind_length_in

# olc_ind_in

# oac_ind_in
 0.03 0.135 0.13 0.09 0.065 0.075 0.09 0.09 0.065 0.04 0.005 0.185
 0.08 0.135 0.15 0.09 0.085 0.115 0.06 0.06 0.055 0.04 0.04 0.09
 0.065 0.14 0.18 0.12 0.11 0.06 0.085 0.065 0.015 0.035 0.035 0.09
 0.105 0.215 0.14 0.14 0.06 0.055 0.07 0.04 0.03 0.03 0.03 0.085
 0.065 0.145 0.165 0.115 0.09 0.07 0.05 0.065 0.05 0.035 0.045 0.105
 0.04 0.135 0.215 0.16 0.085 0.06 0.045 0.055 0.04 0.025 0.025 0.115
 0.05 0.11 0.115 0.16 0.145 0.07 0.05 0.08 0.05 0.03 0.02 0.12
 0.095 0.16 0.105 0.085 0.115 0.115 0.04 0.035 0.065 0.045 0.01 0.13
 0.035 0.17 0.185 0.085 0.07 0.1 0.115 0.045 0.055 0.025 0.015 0.1
 0.075 0.165 0.195 0.1 0.09 0.045 0.07 0.06 0.05 0.015 0.02 0.115
 0.03 0.16 0.15 0.165 0.14 0.04 0.035 0.06 0.08 0.04 0.025 0.075
 0.07 0.15 0.15 0.17 0.13 0.1 0.045 0.025 0.06 0.015 0.02 0.065
 0.085 0.165 0.19 0.145 0.12 0.065 0.06 0.01 0.02 0.02 0.03 0.09
 0.06 0.14 0.15 0.12 0.115 0.15 0.07 0.03 0.015 0.015 0.01 0.125
 0.14 0.19 0.12 0.095 0.085 0.06 0.065 0.075 0.045 0.015 0.01 0.1
 0.125 0.18 0.185 0.09 0.08 0.105 0.07 0.035 0.035 0.01 0.015 0.07
 0.125 0.135 0.195 0.165 0.075 0.07 0.055 0.055 0.035 0.04 0.02 0.03
 0.105 0.22 0.195 0.12 0.11 0.07 0.055 0.02 0.025 0.03 0.015 0.035
 0.07 0.23 0.265 0.095 0.09 0.085 0.025 0.045 0.03 0.025 0.015 0.025
 0.075 0.26 0.16 0.225 0.05 0.08 0.06 0.01 0.025 0.015 0.02 0.02
 0.145 0.165 0.225 0.125 0.135 0.06 0.06 0.025 0.015 0.015 0.005 0.025
 0.12 0.275 0.205 0.15 0.085 0.07 0.03 0.03 0.005 0.005 0 0.025
 0.145 0.18 0.225 0.16 0.095 0.08 0.04 0.02 0.015 0.02 0 0.02
 0.16 0.285 0.24 0.125 0.075 0.035 0.025 0.015 0.005 0.005 0.01 0.02
 0.095 0.38 0.15 0.135 0.085 0.065 0.03 0.04 0.005 0.005 0.01 0
 0.115 0.185 0.32 0.165 0.105 0.055 0.015 0.02 0.005 0.005 0 0.01
 0.06 0.3 0.195 0.245 0.075 0.04 0.03 0.025 0.005 0.005 0.01 0.01
 0.095 0.195 0.23 0.155 0.15 0.045 0.065 0.03 0 0.02 0.005 0.01
 0.1 0.315 0.18 0.13 0.07 0.1 0.05 0.01 0.035 0 0.005 0.005
 0.13 0.28 0.25 0.11 0.095 0.03 0.055 0.03 0.005 0.01 0 0.005
# wt_ind
 1 1 1 1 1 1 1 1 1 1 1 1
 1 1 1 1 1 1 1 1 1 1 1 1
 1 1 1 1 1 1 1 1 1 1 1 1
 1 1 1 1 1 1 1 1 1 1 1 1
 1 1 1 1 1 1 1 1 1 1 1 1
 1 1 1 1 1 1 1 1 1 1 1 1
 1 1 1 1 1 1 1 1 1 1 1 1
 1 1 1 1 1 1 1 1 1 1 1 1
 1 1 1 1 1 1 1 1 1 1 1 1
 1 1 1 1 1 1 1 1 1 1 1 1
 1 1 1 1 1 1 1 1 1 1 1 1
 1 1 1 1 1 1 1 1 1 1 1 1
 1 1 1 1 1 1 1 1 1 1 1 1
 1 1 1 1 1 1 1 1 1 1 1 1
 1 1 1 1 1 1 1 1 1 1 1 1
 1 1 1 1 1 1 1 1 1 1 1 1
 1 1 1 1 1 1 1 1 1 1 1 1
 1 1 1 1 1 1 1 1 1 1 1 1
 1 1 1 1 1 1 1 1 1 1 1 1
 1 1 1 1 1 1 1 1 1 1 1 1
 1 1 1 1 1 1 1 1 1 1 1 1
 1 1 1 1 1 1 1 1 1 1 1 1
 1 1 1 1 1 1 1 1 1 1 1 1
 1 1 1 1 1 1 1 1 1 1 1 1
 1 1 1 1 1 1 1 1 1 1 1 1
 1 1 1 1 1 1 1 1 1 1 1 1
 1 1 1 1 1 1 1 1 1 1 1 1
 1 1 1 1 1 1 1 1 1 1 1 1
 1 1 1 1 1 1 1 1 1 1 1 1
 1 1 1 1 1 1 1 1 1 1 1 1
# wt_pop
 0.000530656 0.00119633 0.00205827 0.00303499 0.00405521 0.0050647 0.00602623 0.00691692 0.00772489 0.00844611 0.00908185 0.0096367
# maturity
 0.0229774 0.320821 0.904651 0.99478 0.999739 0.999987 0.999999 1 1 1 1 1
# spawnmo
1
# age_err
 1 0 0 0 0 0 0 0 0 0 0 0
 0 1 0 0 0 0 0 0 0 0 0 0
 0 0 1 0 0 0 0 0 0 0 0 0
 0 0 0 1 0 0 0 0 0 0 0 0
 0 0 0 0 1 0 0 0 0 0 0 0
 0 0 0 0 0 1 0 0 0 0 0 0
 0 0 0 0 0 0 1 0 0 0 0 0
 0 0 0 0 0 0 0 1 0 0 0 0
 0 0 0 0 0 0 0 0 1 0 0 0
 0 0 0 0 0 0 0 0 0 1 0 0
 0 0 0 0 0 0 0 0 0 0 1 0
 0 0 0 0 0 0 0 0 0 0 0 1
# cntrlfile_name
C:\Users\bai.li\DOCUME~1\Github\AGE_ST~1\ASSAMC\example\output\AMAK\s29\amak.dat
# Map shared selectivity: 
# sel_map
 1 2
 1 1
# datafile_name
amak_data.dat
# model_name
AMAK_MCP
# SrType
2
# use_age_err
0
# retro
0
# sigmarprior
0.2
# cvsigmarprior
0.25
# phase_sigmar
-3
# styr_rec_est
1
# endyr_rec_est
30
# Linfprior
80
# cvLinfprior
0.25
# kprior
0.18
# cvkprior
0.25
# Loprior
27.688
# cvLoprior
0.25
# sdageprior
0.1
# cvsdageprior
0.25
# natmortprior
0.2
# cvnatmortprior
0.25
# phase_M
-4
# npars_Mage
0
# ages_M_changes

# Mage_in

# Mage_offset_in

# phase_Mage
-5
# phase_rw_M
0
# npars_rw_M
0
# yrs_rw_M

# sigma_rw_M

# qprior
 3.48998e-007
# cvqprior
 1
# phase_q
 1
# q_power_prior
 1
# cvq_power_prior
 0.2
# phase_q_power
 -4
# phase_rw_q
 -1
# npars_rw_q
 0
# yrs_rw_q

# sigma_rw_q

# q_age_min
 1
# q_age_max
 12
# q_age_min
 1
# q_age_max
 12
# fsh_sel_opt(k)
2
# phase_sel_fsh(k)
2
# n_sel_ch_fsh(k)
1
# sel_slp_in_fsh(k)(1,n_sel_ch_fsh(k))
 1
# sel_inf_in_fsh(k)(1,n_sel_ch_fsh(k))
 2
# logsel_slp_in_fsh(k)(1,n_sel_ch_fsh(k))
 0
# yrs_sel_ch_fsh(k)(1,n_sel_ch_fsh(k))
 1

Survey SURVEY1
# ind_sel_opt(k)
2
# indname(k)
SURVEY1
# nselages_in_ind(k)
11
# phase_sel_ind(k)
2
# sel_change_in_ind(k)
 1 0 0 0 0 0 0 0 0 0 0 0 0 0 0 0 0 0 0 0 0 0 0 0 0 0 0 0 0 0
# n_sel_ch_ind(k)
1
# yrs_sel_ch_ind(k)(1,n_sel_ch_ind(k))
 1
# sel_slp_in_ind(k,1)
2
# sel_inf_in_ind(k,1)
1.5
# logsel_slp_in_ind(k,1)
0.693147
# logsel_slp_in_indv(k)
0.693147
SURVEY1 ind sel opt 2  1 0 0 0 0 0 0 0 0 0 0 0 0 0 0 0 0 0 0 0 0 0 0 0 0 0 0 0 0 0
Phase indices Sel_Coffs:  -1
 Test: 1.23457e+008
# Fshry Selages:  11
# Srvy  Selages:  11
# Phase for age-spec fishery  -1
# Phase for logistic fishery  2
# Phase for dble logistic fishery  -1
# Phase for age-spec indices   -1
# Phase for logistic indices   2
# Phase for dble logistic ind  -1
# Curv_pen_fsh: 
 0
# Curv_pen_ind: 
 0
# styr_fut
31
# endyr_fut
35
# nyrs_fsh_age
 30
# nyrs_fsh_age
 30
# yrs_fsh_age
 1 2 3 4 5 6 7 8 9 10 11 12 13 14 15 16 17 18 19 20 21 22 23 24 25 26 27 28 29 30
# n_sample_fsh_age
 200 200 200 200 200 200 200 200 200 200 200 200 200 200 200 200 200 200 200 200 200 200 200 200 200 200 200 200 200 200
# oac_fsh
 0.055 0.085 0.145 0.125 0.115 0.075 0.095 0.05 0.045 0.035 0.04 0.135
 0.065 0.125 0.125 0.095 0.085 0.1 0.07 0.05 0.06 0.05 0.02 0.155
 0.08 0.105 0.105 0.155 0.09 0.085 0.06 0.065 0.045 0.04 0.045 0.125
 0.095 0.145 0.095 0.11 0.08 0.12 0.07 0.07 0.05 0.045 0.02 0.1
 0.06 0.1 0.155 0.12 0.065 0.115 0.06 0.04 0.05 0.04 0.035 0.16
 0.035 0.09 0.175 0.17 0.105 0.065 0.085 0.04 0.045 0.02 0.015 0.155
 0.08 0.045 0.09 0.115 0.14 0.11 0.105 0.06 0.05 0.04 0.04 0.125
 0.09 0.09 0.09 0.085 0.145 0.14 0.075 0.035 0.055 0.02 0.02 0.155
 0.05 0.135 0.155 0.075 0.105 0.125 0.1 0.065 0.035 0.025 0.03 0.1
 0.1 0.125 0.165 0.11 0.055 0.07 0.085 0.065 0.04 0.03 0.02 0.135
 0.065 0.095 0.17 0.165 0.095 0.045 0.035 0.065 0.07 0.035 0.035 0.125
 0.085 0.125 0.165 0.135 0.15 0.08 0.015 0.025 0.025 0.055 0.035 0.105
 0.055 0.115 0.11 0.18 0.15 0.115 0.075 0.03 0.03 0.05 0.025 0.065
 0.1 0.11 0.135 0.15 0.12 0.11 0.07 0.065 0.025 0.01 0.03 0.075
 0.15 0.18 0.12 0.135 0.075 0.085 0.065 0.045 0.015 0.015 0.015 0.1
 0.065 0.18 0.135 0.135 0.13 0.085 0.07 0.06 0.02 0.04 0.02 0.06
 0.205 0.11 0.125 0.135 0.115 0.085 0.06 0.05 0.04 0.015 0.005 0.055
 0.075 0.22 0.125 0.205 0.085 0.075 0.05 0.025 0.04 0.015 0.02 0.065
 0.105 0.115 0.275 0.135 0.085 0.075 0.025 0.035 0.045 0.035 0.03 0.04
 0.17 0.13 0.18 0.185 0.1 0.085 0.015 0.04 0.015 0.015 0.015 0.05
 0.13 0.185 0.215 0.15 0.115 0.075 0.065 0.03 0.005 0.02 0 0.01
 0.15 0.215 0.19 0.155 0.055 0.12 0.035 0.025 0.015 0.005 0.005 0.03
 0.175 0.18 0.185 0.19 0.095 0.045 0.06 0.02 0.015 0.005 0.005 0.025
 0.2 0.16 0.225 0.115 0.07 0.085 0.05 0.04 0.01 0.005 0.02 0.02
 0.155 0.26 0.225 0.145 0.05 0.075 0.03 0.02 0.01 0.015 0.01 0.005
 0.165 0.17 0.255 0.145 0.105 0.055 0.045 0.035 0.01 0.015 0 0
 0.12 0.22 0.15 0.24 0.11 0.065 0.035 0.03 0.015 0 0 0.015
 0.2 0.19 0.15 0.115 0.2 0.065 0.025 0.025 0.005 0 0.005 0.02
 0.14 0.21 0.165 0.2 0.12 0.09 0.025 0.02 0.01 0.01 0.005 0.005
 0.205 0.18 0.23 0.12 0.085 0.045 0.065 0.025 0.03 0.005 0.01 0
# olc_fsh

# wt_fsh
 0.000530656 0.00119633 0.00205827 0.00303499 0.00405521 0.0050647 0.00602623 0.00691692 0.00772489 0.00844611 0.00908185 0.0096367
 0.000530656 0.00119633 0.00205827 0.00303499 0.00405521 0.0050647 0.00602623 0.00691692 0.00772489 0.00844611 0.00908185 0.0096367
 0.000530656 0.00119633 0.00205827 0.00303499 0.00405521 0.0050647 0.00602623 0.00691692 0.00772489 0.00844611 0.00908185 0.0096367
 0.000530656 0.00119633 0.00205827 0.00303499 0.00405521 0.0050647 0.00602623 0.00691692 0.00772489 0.00844611 0.00908185 0.0096367
 0.000530656 0.00119633 0.00205827 0.00303499 0.00405521 0.0050647 0.00602623 0.00691692 0.00772489 0.00844611 0.00908185 0.0096367
 0.000530656 0.00119633 0.00205827 0.00303499 0.00405521 0.0050647 0.00602623 0.00691692 0.00772489 0.00844611 0.00908185 0.0096367
 0.000530656 0.00119633 0.00205827 0.00303499 0.00405521 0.0050647 0.00602623 0.00691692 0.00772489 0.00844611 0.00908185 0.0096367
 0.000530656 0.00119633 0.00205827 0.00303499 0.00405521 0.0050647 0.00602623 0.00691692 0.00772489 0.00844611 0.00908185 0.0096367
 0.000530656 0.00119633 0.00205827 0.00303499 0.00405521 0.0050647 0.00602623 0.00691692 0.00772489 0.00844611 0.00908185 0.0096367
 0.000530656 0.00119633 0.00205827 0.00303499 0.00405521 0.0050647 0.00602623 0.00691692 0.00772489 0.00844611 0.00908185 0.0096367
 0.000530656 0.00119633 0.00205827 0.00303499 0.00405521 0.0050647 0.00602623 0.00691692 0.00772489 0.00844611 0.00908185 0.0096367
 0.000530656 0.00119633 0.00205827 0.00303499 0.00405521 0.0050647 0.00602623 0.00691692 0.00772489 0.00844611 0.00908185 0.0096367
 0.000530656 0.00119633 0.00205827 0.00303499 0.00405521 0.0050647 0.00602623 0.00691692 0.00772489 0.00844611 0.00908185 0.0096367
 0.000530656 0.00119633 0.00205827 0.00303499 0.00405521 0.0050647 0.00602623 0.00691692 0.00772489 0.00844611 0.00908185 0.0096367
 0.000530656 0.00119633 0.00205827 0.00303499 0.00405521 0.0050647 0.00602623 0.00691692 0.00772489 0.00844611 0.00908185 0.0096367
 0.000530656 0.00119633 0.00205827 0.00303499 0.00405521 0.0050647 0.00602623 0.00691692 0.00772489 0.00844611 0.00908185 0.0096367
 0.000530656 0.00119633 0.00205827 0.00303499 0.00405521 0.0050647 0.00602623 0.00691692 0.00772489 0.00844611 0.00908185 0.0096367
 0.000530656 0.00119633 0.00205827 0.00303499 0.00405521 0.0050647 0.00602623 0.00691692 0.00772489 0.00844611 0.00908185 0.0096367
 0.000530656 0.00119633 0.00205827 0.00303499 0.00405521 0.0050647 0.00602623 0.00691692 0.00772489 0.00844611 0.00908185 0.0096367
 0.000530656 0.00119633 0.00205827 0.00303499 0.00405521 0.0050647 0.00602623 0.00691692 0.00772489 0.00844611 0.00908185 0.0096367
 0.000530656 0.00119633 0.00205827 0.00303499 0.00405521 0.0050647 0.00602623 0.00691692 0.00772489 0.00844611 0.00908185 0.0096367
 0.000530656 0.00119633 0.00205827 0.00303499 0.00405521 0.0050647 0.00602623 0.00691692 0.00772489 0.00844611 0.00908185 0.0096367
 0.000530656 0.00119633 0.00205827 0.00303499 0.00405521 0.0050647 0.00602623 0.00691692 0.00772489 0.00844611 0.00908185 0.0096367
 0.000530656 0.00119633 0.00205827 0.00303499 0.00405521 0.0050647 0.00602623 0.00691692 0.00772489 0.00844611 0.00908185 0.0096367
 0.000530656 0.00119633 0.00205827 0.00303499 0.00405521 0.0050647 0.00602623 0.00691692 0.00772489 0.00844611 0.00908185 0.0096367
 0.000530656 0.00119633 0.00205827 0.00303499 0.00405521 0.0050647 0.00602623 0.00691692 0.00772489 0.00844611 0.00908185 0.0096367
 0.000530656 0.00119633 0.00205827 0.00303499 0.00405521 0.0050647 0.00602623 0.00691692 0.00772489 0.00844611 0.00908185 0.0096367
 0.000530656 0.00119633 0.00205827 0.00303499 0.00405521 0.0050647 0.00602623 0.00691692 0.00772489 0.00844611 0.00908185 0.0096367
 0.000530656 0.00119633 0.00205827 0.00303499 0.00405521 0.0050647 0.00602623 0.00691692 0.00772489 0.00844611 0.00908185 0.0096367
 0.000530656 0.00119633 0.00205827 0.00303499 0.00405521 0.0050647 0.00602623 0.00691692 0.00772489 0.00844611 0.00908185 0.0096367
# nyrs_ind_age
 30
# yrs_ind_age
 1 2 3 4 5 6 7 8 9 10 11 12 13 14 15 16 17 18 19 20 21 22 23 24 25 26 27 28 29 30
# n_sample_ind_age
 200 200 200 200 200 200 200 200 200 200 200 200 200 200 200 200 200 200 200 200 200 200 200 200 200 200 200 200 200 200
# oac_ind
 0.03 0.135 0.13 0.09 0.065 0.075 0.09 0.09 0.065 0.04 0.005 0.185
 0.08 0.135 0.15 0.09 0.085 0.115 0.06 0.06 0.055 0.04 0.04 0.09
 0.065 0.14 0.18 0.12 0.11 0.06 0.085 0.065 0.015 0.035 0.035 0.09
 0.105 0.215 0.14 0.14 0.06 0.055 0.07 0.04 0.03 0.03 0.03 0.085
 0.065 0.145 0.165 0.115 0.09 0.07 0.05 0.065 0.05 0.035 0.045 0.105
 0.04 0.135 0.215 0.16 0.085 0.06 0.045 0.055 0.04 0.025 0.025 0.115
 0.05 0.11 0.115 0.16 0.145 0.07 0.05 0.08 0.05 0.03 0.02 0.12
 0.095 0.16 0.105 0.085 0.115 0.115 0.04 0.035 0.065 0.045 0.01 0.13
 0.035 0.17 0.185 0.085 0.07 0.1 0.115 0.045 0.055 0.025 0.015 0.1
 0.075 0.165 0.195 0.1 0.09 0.045 0.07 0.06 0.05 0.015 0.02 0.115
 0.03 0.16 0.15 0.165 0.14 0.04 0.035 0.06 0.08 0.04 0.025 0.075
 0.07 0.15 0.15 0.17 0.13 0.1 0.045 0.025 0.06 0.015 0.02 0.065
 0.085 0.165 0.19 0.145 0.12 0.065 0.06 0.01 0.02 0.02 0.03 0.09
 0.06 0.14 0.15 0.12 0.115 0.15 0.07 0.03 0.015 0.015 0.01 0.125
 0.14 0.19 0.12 0.095 0.085 0.06 0.065 0.075 0.045 0.015 0.01 0.1
 0.125 0.18 0.185 0.09 0.08 0.105 0.07 0.035 0.035 0.01 0.015 0.07
 0.125 0.135 0.195 0.165 0.075 0.07 0.055 0.055 0.035 0.04 0.02 0.03
 0.105 0.22 0.195 0.12 0.11 0.07 0.055 0.02 0.025 0.03 0.015 0.035
 0.07 0.23 0.265 0.095 0.09 0.085 0.025 0.045 0.03 0.025 0.015 0.025
 0.075 0.26 0.16 0.225 0.05 0.08 0.06 0.01 0.025 0.015 0.02 0.02
 0.145 0.165 0.225 0.125 0.135 0.06 0.06 0.025 0.015 0.015 0.005 0.025
 0.12 0.275 0.205 0.15 0.085 0.07 0.03 0.03 0.005 0.005 0 0.025
 0.145 0.18 0.225 0.16 0.095 0.08 0.04 0.02 0.015 0.02 0 0.02
 0.16 0.285 0.24 0.125 0.075 0.035 0.025 0.015 0.005 0.005 0.01 0.02
 0.095 0.38 0.15 0.135 0.085 0.065 0.03 0.04 0.005 0.005 0.01 0
 0.115 0.185 0.32 0.165 0.105 0.055 0.015 0.02 0.005 0.005 0 0.01
 0.06 0.3 0.195 0.245 0.075 0.04 0.03 0.025 0.005 0.005 0.01 0.01
 0.095 0.195 0.23 0.155 0.15 0.045 0.065 0.03 0 0.02 0.005 0.01
 0.1 0.315 0.18 0.13 0.07 0.1 0.05 0.01 0.035 0 0.005 0.005
 0.13 0.28 0.25 0.11 0.095 0.03 0.055 0.03 0.005 0.01 0 0.005
# olc_ind

# obs_lse_ind
 0.198042 0.198042 0.198042 0.198042 0.198042 0.198042 0.198042 0.198042 0.198042 0.198042 0.198042 0.198042 0.198042 0.198042 0.198042 0.198042 0.198042 0.198042 0.198042 0.198042 0.198042 0.198042 0.198042 0.198042 0.198042 0.198042 0.198042 0.198042 0.198042 0.198042
# xages_fsh
 0 0 0 0 0 0 0 0 0 0 0 0
# xages_fsh
 0 0.0909091 0.181818 0.272727 0.363636 0.454545 0.545455 0.636364 0.727273 0.818182 0.909091 1
# xnodes_fsh

Yrs fsh_sel change:  1 0 0 0 0 0 0 0 0 0 0 0 0 0 0 0 0 0 0 0 0 0 0 0 0 0 0 0 0
Yrs ind_sel change:  1 0 0 0 0 0 0 0 0 0 0 0 0 0 0 0 0 0 0 0 0 0 0 0 0 0 0 0 0
# steepnessprior
0.75
# sigmarprior
0.2
#  SSB estimated in styr endyr: -13 28 
#  Rec estimated in styr endyr: -11 30 
#  SR Curve fit  in styr endyr: 1 30 
#             Model styr endyr: 1 30 
# qprior
 3.48998e-007
# q_power_prior 
 1 
# cv_catchbiomass 
0.05 
# CatchbiomassPen 
200 
# Number of projection years 
5 
# offset_fsh
 13441.1
# offset_ind
 13128.6
Mean Catch
1272.49
R_guess 
15.4089
# nfsh
1
# n_sel_ch_fsh
 1
# nselages_fsh
 11
# phase_selcoff_fsh
 -1
logRzero 15.4089
logmeanrec 15.4089
exp(log_sigmarprior 0.2
Fish sel phase: -1 FLEET1
Fixing fishery sel to
1
Srvy sel phase: -1
Fixing SURVEY1 indices sel to
1
# logsel_slp_in_indv
 0.693147
Leaving parameter init secton
# M
 0.2 0.2 0.2 0.2 0.2 0.2 0.2 0.2 0.2 0.2 0.2 0.2
 0.2 0.2 0.2 0.2 0.2 0.2 0.2 0.2 0.2 0.2 0.2 0.2
 0.2 0.2 0.2 0.2 0.2 0.2 0.2 0.2 0.2 0.2 0.2 0.2
 0.2 0.2 0.2 0.2 0.2 0.2 0.2 0.2 0.2 0.2 0.2 0.2
 0.2 0.2 0.2 0.2 0.2 0.2 0.2 0.2 0.2 0.2 0.2 0.2
 0.2 0.2 0.2 0.2 0.2 0.2 0.2 0.2 0.2 0.2 0.2 0.2
 0.2 0.2 0.2 0.2 0.2 0.2 0.2 0.2 0.2 0.2 0.2 0.2
 0.2 0.2 0.2 0.2 0.2 0.2 0.2 0.2 0.2 0.2 0.2 0.2
 0.2 0.2 0.2 0.2 0.2 0.2 0.2 0.2 0.2 0.2 0.2 0.2
 0.2 0.2 0.2 0.2 0.2 0.2 0.2 0.2 0.2 0.2 0.2 0.2
 0.2 0.2 0.2 0.2 0.2 0.2 0.2 0.2 0.2 0.2 0.2 0.2
 0.2 0.2 0.2 0.2 0.2 0.2 0.2 0.2 0.2 0.2 0.2 0.2
 0.2 0.2 0.2 0.2 0.2 0.2 0.2 0.2 0.2 0.2 0.2 0.2
 0.2 0.2 0.2 0.2 0.2 0.2 0.2 0.2 0.2 0.2 0.2 0.2
 0.2 0.2 0.2 0.2 0.2 0.2 0.2 0.2 0.2 0.2 0.2 0.2
 0.2 0.2 0.2 0.2 0.2 0.2 0.2 0.2 0.2 0.2 0.2 0.2
 0.2 0.2 0.2 0.2 0.2 0.2 0.2 0.2 0.2 0.2 0.2 0.2
 0.2 0.2 0.2 0.2 0.2 0.2 0.2 0.2 0.2 0.2 0.2 0.2
 0.2 0.2 0.2 0.2 0.2 0.2 0.2 0.2 0.2 0.2 0.2 0.2
 0.2 0.2 0.2 0.2 0.2 0.2 0.2 0.2 0.2 0.2 0.2 0.2
 0.2 0.2 0.2 0.2 0.2 0.2 0.2 0.2 0.2 0.2 0.2 0.2
 0.2 0.2 0.2 0.2 0.2 0.2 0.2 0.2 0.2 0.2 0.2 0.2
 0.2 0.2 0.2 0.2 0.2 0.2 0.2 0.2 0.2 0.2 0.2 0.2
 0.2 0.2 0.2 0.2 0.2 0.2 0.2 0.2 0.2 0.2 0.2 0.2
 0.2 0.2 0.2 0.2 0.2 0.2 0.2 0.2 0.2 0.2 0.2 0.2
 0.2 0.2 0.2 0.2 0.2 0.2 0.2 0.2 0.2 0.2 0.2 0.2
 0.2 0.2 0.2 0.2 0.2 0.2 0.2 0.2 0.2 0.2 0.2 0.2
 0.2 0.2 0.2 0.2 0.2 0.2 0.2 0.2 0.2 0.2 0.2 0.2
 0.2 0.2 0.2 0.2 0.2 0.2 0.2 0.2 0.2 0.2 0.2 0.2
 0.2 0.2 0.2 0.2 0.2 0.2 0.2 0.2 0.2 0.2 0.2 0.2
# mean_log_rec
13.8176
# log_Rzero
13.791
# rec_dev
 -0.0298531 -0.0362367 -0.168282 -0.0673462 0.111549 0.101621 0.0768943 -0.0234054 0.0496909 -0.0633934 -0.00684489 0.0601693 -0.00349969 0.0546083 0.356391 0.229854 -0.2772 -0.470688 -0.0425292 0.0884582 -0.012593 -0.071414 -0.254184 -0.263592 -0.425816 -0.186849 -0.0910832 -0.346741 0.131977 -0.27643 -0.155134 -0.151583 -0.100378 -0.0980323 -0.0736774 0.266167 -0.305203 -0.156667 -0.433149 -0.139591 -0.33346 -0.184735
# fmort
 0.00885275 0.0258001 0.0428243 0.0582532 0.0466266 0.0840626 0.0861003 0.181094 0.106031 0.128705 0.148221 0.158926 0.114429 0.165695 0.175844 0.157635 0.311796 0.258207 0.254093 0.250919 0.348601 0.2575 0.429515 0.355805 0.363009 0.336373 0.333867 0.47339 0.365716 0.584791
# rec_dev_future
 0 0 0 0 0
