AMAK;Mar 2020
# styr
1
# endyr
30
# rec_age
1
# oldest_age
12
# nlength
81
# len_bins
 10 11 12 13 14 15 16 17 18 19 20 21 22 23 24 25 26 27 28 29 30 31 32 33 34 35 36 37 38 39 40 41 42 43 44 45 46 47 48 49 50 51 52 53 54 55 56 57 58 59 60 61 62 63 64 65 66 67 68 69 70 71 72 73 74 75 76 77 78 79 80 81 82 83 84 85 86 87 88 89 90
# datafile_name
amak_data.dat
# model_name
AMAK_MCP
# styr
1
# endyr
30
# rec_age
1
# oldest_age
12
# nfsh
1
# fshname
FLEET1
# catch_bio_in
 160.045 460.425 755.178 985.297 751.44 1286.3 1229.51 2317.78 1221.66 1393.01 1450.98 1471.31 1023.02 1419.79 1418.2 1245.23 2265.82 1654.46 1509.58 1395.29 1799.31 1261.13 1995.91 1508.37 1395.56 1223.01 1223.74 1692.42 1232.59 1744.33
# catch_bio_sd_in
 0.01 0.01 0.01 0.01 0.01 0.01 0.01 0.01 0.01 0.01 0.01 0.01 0.01 0.01 0.01 0.01 0.01 0.01 0.01 0.01 0.01 0.01 0.01 0.01 0.01 0.01 0.01 0.01 0.01 0.01
# nyrs_fsh_age
 30
# nyrs_fsh_length
 0
# yrs_fsh_age_in
 1 2 3 4 5 6 7 8 9 10 11 12 13 14 15 16 17 18 19 20 21 22 23 24 25 26 27 28 29 30
# yrs_fsh_length_in

# n_sample_fsh_length_in

# olc_fsh_in

# nind
1
# indname
SURVEY1
# nyrs_ind
 30
# yrs_ind_in
 1 2 3 4 5 6 7 8 9 10 11 12 13 14 15 16 17 18 19 20 21 22 23 24 25 26 27 28 29 30
# mo_ind
 1
# obs_ind_in
 1.4831 1.44093 1.57109 1.33674 1.31899 1.6884 0.983024 1.13978 1.14097 1.002 1.03913 1.10591 1.09418 0.981173 0.859337 1.01039 1.01882 0.872094 0.869732 0.704033 0.914221 0.799695 0.920676 0.725558 0.839323 0.61489 0.762631 0.811911 0.597143 0.705795
# obs_se_ind_in
 0.296619 0.288187 0.314218 0.267348 0.263797 0.337679 0.196605 0.227955 0.228195 0.200401 0.207826 0.221182 0.218836 0.196235 0.171867 0.202078 0.203764 0.174419 0.173946 0.140807 0.182844 0.159939 0.184135 0.145112 0.167865 0.122978 0.152526 0.162382 0.119429 0.141159
# nyrs_ind_age
 30
# nyrs_ind_length
 0
# yrs_ind_age_in
 1 2 3 4 5 6 7 8 9 10 11 12 13 14 15 16 17 18 19 20 21 22 23 24 25 26 27 28 29 30
# yrs_ind_length_in

# yrs_ind_age_in
 1 2 3 4 5 6 7 8 9 10 11 12 13 14 15 16 17 18 19 20 21 22 23 24 25 26 27 28 29 30
# n_sample_ind_length_in

# olc_ind_in

# oac_ind_in
 0.06 0.14 0.18 0.135 0.08 0.065 0.045 0.055 0.025 0.02 0.035 0.16
 0.08 0.15 0.18 0.085 0.105 0.065 0.08 0.045 0.05 0.02 0.03 0.11
 0.04 0.155 0.095 0.095 0.1 0.1 0.08 0.06 0.04 0.05 0.06 0.125
 0.045 0.14 0.24 0.11 0.08 0.08 0.055 0.03 0.025 0.035 0.03 0.13
 0.065 0.11 0.17 0.14 0.13 0.06 0.055 0.04 0.04 0.03 0.02 0.14
 0.065 0.135 0.105 0.155 0.125 0.08 0.07 0.05 0.04 0.065 0.02 0.09
 0.08 0.12 0.22 0.12 0.11 0.07 0.065 0.045 0.055 0.01 0.025 0.08
 0.085 0.14 0.16 0.14 0.07 0.065 0.095 0.035 0.04 0.025 0.04 0.105
 0.08 0.16 0.15 0.115 0.11 0.095 0.035 0.05 0.03 0.045 0.045 0.085
 0.105 0.15 0.15 0.16 0.095 0.09 0.07 0.025 0.03 0.035 0.005 0.085
 0.14 0.225 0.145 0.11 0.09 0.055 0.05 0.025 0.035 0.03 0.015 0.08
 0.055 0.235 0.19 0.135 0.06 0.09 0.055 0.025 0.035 0.015 0.01 0.095
 0.065 0.105 0.29 0.16 0.09 0.08 0.06 0.045 0.02 0.015 0.01 0.06
 0.105 0.13 0.145 0.22 0.075 0.09 0.045 0.04 0.035 0.005 0.015 0.095
 0.13 0.215 0.15 0.095 0.145 0.085 0.05 0.05 0.035 0.01 0.005 0.03
 0.11 0.285 0.175 0.07 0.065 0.075 0.045 0.045 0.025 0.03 0.02 0.055
 0.085 0.205 0.25 0.16 0.045 0.085 0.06 0.02 0.015 0.02 0.01 0.045
 0.09 0.11 0.185 0.315 0.1 0.04 0.035 0.03 0.03 0.01 0.005 0.05
 0.1 0.23 0.12 0.125 0.19 0.075 0.045 0.02 0.035 0.01 0.005 0.045
 0.13 0.235 0.205 0.1 0.11 0.085 0.045 0.025 0.005 0.03 0 0.03
 0.12 0.215 0.185 0.175 0.075 0.07 0.1 0.015 0.005 0 0.02 0.02
 0.12 0.365 0.2 0.12 0.09 0.02 0.035 0.025 0.01 0.005 0 0.01
 0.11 0.235 0.32 0.11 0.055 0.04 0.025 0.04 0.035 0.01 0.005 0.015
 0.095 0.16 0.255 0.255 0.1 0.045 0.035 0.01 0.02 0 0.01 0.015
 0.19 0.15 0.195 0.155 0.175 0.055 0.02 0.04 0.005 0 0.01 0.005
 0.175 0.235 0.175 0.135 0.13 0.075 0.035 0.01 0.02 0 0 0.01
 0.11 0.325 0.265 0.09 0.045 0.06 0.03 0.03 0.02 0.015 0.005 0.005
 0.085 0.285 0.305 0.16 0.045 0.035 0.035 0.02 0.02 0.005 0.005 0
 0.12 0.23 0.25 0.185 0.12 0.015 0.02 0.03 0.02 0.01 0 0
 0.09 0.25 0.2 0.185 0.135 0.06 0.05 0.01 0 0.015 0.005 0
# wt_ind
 1 1 1 1 1 1 1 1 1 1 1 1
 1 1 1 1 1 1 1 1 1 1 1 1
 1 1 1 1 1 1 1 1 1 1 1 1
 1 1 1 1 1 1 1 1 1 1 1 1
 1 1 1 1 1 1 1 1 1 1 1 1
 1 1 1 1 1 1 1 1 1 1 1 1
 1 1 1 1 1 1 1 1 1 1 1 1
 1 1 1 1 1 1 1 1 1 1 1 1
 1 1 1 1 1 1 1 1 1 1 1 1
 1 1 1 1 1 1 1 1 1 1 1 1
 1 1 1 1 1 1 1 1 1 1 1 1
 1 1 1 1 1 1 1 1 1 1 1 1
 1 1 1 1 1 1 1 1 1 1 1 1
 1 1 1 1 1 1 1 1 1 1 1 1
 1 1 1 1 1 1 1 1 1 1 1 1
 1 1 1 1 1 1 1 1 1 1 1 1
 1 1 1 1 1 1 1 1 1 1 1 1
 1 1 1 1 1 1 1 1 1 1 1 1
 1 1 1 1 1 1 1 1 1 1 1 1
 1 1 1 1 1 1 1 1 1 1 1 1
 1 1 1 1 1 1 1 1 1 1 1 1
 1 1 1 1 1 1 1 1 1 1 1 1
 1 1 1 1 1 1 1 1 1 1 1 1
 1 1 1 1 1 1 1 1 1 1 1 1
 1 1 1 1 1 1 1 1 1 1 1 1
 1 1 1 1 1 1 1 1 1 1 1 1
 1 1 1 1 1 1 1 1 1 1 1 1
 1 1 1 1 1 1 1 1 1 1 1 1
 1 1 1 1 1 1 1 1 1 1 1 1
 1 1 1 1 1 1 1 1 1 1 1 1
# wt_pop
 0.000530656 0.00119633 0.00205827 0.00303499 0.00405521 0.0050647 0.00602623 0.00691692 0.00772489 0.00844611 0.00908185 0.0096367
# maturity
 0.0229774 0.320821 0.904651 0.99478 0.999739 0.999987 0.999999 1 1 1 1 1
# spawnmo
1
# age_err
 1 0 0 0 0 0 0 0 0 0 0 0
 0 1 0 0 0 0 0 0 0 0 0 0
 0 0 1 0 0 0 0 0 0 0 0 0
 0 0 0 1 0 0 0 0 0 0 0 0
 0 0 0 0 1 0 0 0 0 0 0 0
 0 0 0 0 0 1 0 0 0 0 0 0
 0 0 0 0 0 0 1 0 0 0 0 0
 0 0 0 0 0 0 0 1 0 0 0 0
 0 0 0 0 0 0 0 0 1 0 0 0
 0 0 0 0 0 0 0 0 0 1 0 0
 0 0 0 0 0 0 0 0 0 0 1 0
 0 0 0 0 0 0 0 0 0 0 0 1
# cntrlfile_name
C:\Users\bai.li\DOCUME~1\Github\AGE_ST~1\ASSAMC\example\output\AMAK\s56\amak.dat
# Map shared selectivity: 
# sel_map
 1 2
 1 1
# datafile_name
amak_data.dat
# model_name
AMAK_MCP
# SrType
2
# use_age_err
0
# retro
0
# sigmarprior
0.2
# cvsigmarprior
0.25
# phase_sigmar
-3
# styr_rec_est
1
# endyr_rec_est
30
# Linfprior
80
# cvLinfprior
0.25
# kprior
0.18
# cvkprior
0.25
# Loprior
27.688
# cvLoprior
0.25
# sdageprior
0.1
# cvsdageprior
0.25
# natmortprior
0.2
# cvnatmortprior
0.25
# phase_M
-4
# npars_Mage
0
# ages_M_changes

# Mage_in

# Mage_offset_in

# phase_Mage
-5
# phase_rw_M
0
# npars_rw_M
0
# yrs_rw_M

# sigma_rw_M

# qprior
 3.48998e-007
# cvqprior
 1
# phase_q
 1
# q_power_prior
 1
# cvq_power_prior
 0.2
# phase_q_power
 -4
# phase_rw_q
 -1
# npars_rw_q
 0
# yrs_rw_q

# sigma_rw_q

# q_age_min
 1
# q_age_max
 12
# q_age_min
 1
# q_age_max
 12
# fsh_sel_opt(k)
2
# phase_sel_fsh(k)
2
# n_sel_ch_fsh(k)
1
# sel_slp_in_fsh(k)(1,n_sel_ch_fsh(k))
 1
# sel_inf_in_fsh(k)(1,n_sel_ch_fsh(k))
 2
# logsel_slp_in_fsh(k)(1,n_sel_ch_fsh(k))
 0
# yrs_sel_ch_fsh(k)(1,n_sel_ch_fsh(k))
 1

Survey SURVEY1
# ind_sel_opt(k)
2
# indname(k)
SURVEY1
# nselages_in_ind(k)
11
# phase_sel_ind(k)
2
# sel_change_in_ind(k)
 1 0 0 0 0 0 0 0 0 0 0 0 0 0 0 0 0 0 0 0 0 0 0 0 0 0 0 0 0 0
# n_sel_ch_ind(k)
1
# yrs_sel_ch_ind(k)(1,n_sel_ch_ind(k))
 1
# sel_slp_in_ind(k,1)
2
# sel_inf_in_ind(k,1)
1.5
# logsel_slp_in_ind(k,1)
0.693147
# logsel_slp_in_indv(k)
0.693147
SURVEY1 ind sel opt 2  1 0 0 0 0 0 0 0 0 0 0 0 0 0 0 0 0 0 0 0 0 0 0 0 0 0 0 0 0 0
Phase indices Sel_Coffs:  -1
 Test: 1.23457e+008
# Fshry Selages:  11
# Srvy  Selages:  11
# Phase for age-spec fishery  -1
# Phase for logistic fishery  2
# Phase for dble logistic fishery  -1
# Phase for age-spec indices   -1
# Phase for logistic indices   2
# Phase for dble logistic ind  -1
# Curv_pen_fsh: 
 0
# Curv_pen_ind: 
 0
# styr_fut
31
# endyr_fut
35
# nyrs_fsh_age
 30
# nyrs_fsh_age
 30
# yrs_fsh_age
 1 2 3 4 5 6 7 8 9 10 11 12 13 14 15 16 17 18 19 20 21 22 23 24 25 26 27 28 29 30
# n_sample_fsh_age
 200 200 200 200 200 200 200 200 200 200 200 200 200 200 200 200 200 200 200 200 200 200 200 200 200 200 200 200 200 200
# oac_fsh
 0.07 0.085 0.17 0.08 0.125 0.09 0.08 0.07 0.04 0.03 0.025 0.135
 0.065 0.125 0.15 0.105 0.11 0.095 0.055 0.05 0.045 0.055 0.035 0.11
 0.04 0.125 0.125 0.1 0.125 0.075 0.05 0.095 0.045 0.035 0.025 0.16
 0.07 0.095 0.14 0.155 0.085 0.095 0.055 0.06 0.065 0.04 0.03 0.11
 0.05 0.075 0.095 0.195 0.095 0.095 0.08 0.065 0.04 0.025 0.045 0.14
 0.075 0.115 0.075 0.07 0.125 0.09 0.105 0.095 0.04 0.045 0.04 0.125
 0.085 0.125 0.105 0.115 0.08 0.11 0.085 0.08 0.045 0.045 0.03 0.095
 0.045 0.16 0.165 0.115 0.08 0.09 0.05 0.05 0.055 0.055 0.02 0.115
 0.095 0.125 0.1 0.19 0.08 0.08 0.075 0.06 0.035 0.025 0.025 0.11
 0.08 0.145 0.14 0.115 0.14 0.095 0.07 0.035 0.04 0.03 0.02 0.09
 0.15 0.175 0.1 0.135 0.085 0.075 0.08 0.01 0.015 0.06 0.005 0.11
 0.035 0.195 0.17 0.15 0.085 0.11 0.06 0.055 0.045 0.015 0.015 0.065
 0.055 0.125 0.275 0.11 0.095 0.07 0.09 0.045 0.025 0.01 0.015 0.085
 0.105 0.07 0.105 0.22 0.11 0.08 0.06 0.06 0.06 0.03 0.02 0.08
 0.19 0.215 0.08 0.075 0.18 0.085 0.05 0.025 0.035 0.005 0.02 0.04
 0.09 0.155 0.225 0.095 0.08 0.11 0.09 0.025 0.02 0.035 0.015 0.06
 0.085 0.135 0.26 0.175 0.065 0.07 0.075 0.02 0.02 0.02 0.01 0.065
 0.125 0.13 0.175 0.215 0.12 0.045 0.035 0.065 0.015 0.015 0 0.06
 0.155 0.215 0.125 0.18 0.095 0.08 0.04 0.03 0.025 0.01 0 0.045
 0.135 0.2 0.205 0.16 0.095 0.08 0.03 0.015 0.01 0.025 0 0.045
 0.215 0.18 0.14 0.2 0.055 0.075 0.045 0.03 0.01 0.005 0.005 0.04
 0.165 0.24 0.115 0.175 0.13 0.03 0.055 0.025 0.025 0 0.01 0.03
 0.095 0.21 0.3 0.14 0.085 0.07 0.02 0.045 0.005 0.015 0.005 0.01
 0.14 0.14 0.195 0.235 0.09 0.08 0.04 0.02 0.025 0.005 0.01 0.02
 0.22 0.17 0.155 0.16 0.125 0.05 0.055 0.04 0.005 0 0.01 0.01
 0.175 0.195 0.165 0.13 0.11 0.12 0.03 0.015 0.015 0.01 0.01 0.025
 0.135 0.265 0.22 0.135 0.075 0.075 0.06 0.015 0.005 0.005 0 0.01
 0.095 0.22 0.29 0.14 0.05 0.075 0.04 0.05 0 0.015 0.01 0.015
 0.205 0.195 0.25 0.175 0.075 0.025 0.01 0.015 0.04 0.005 0.005 0
 0.16 0.24 0.215 0.1 0.15 0.025 0.03 0.025 0.03 0.015 0.005 0.005
# olc_fsh

# wt_fsh
 0.000530656 0.00119633 0.00205827 0.00303499 0.00405521 0.0050647 0.00602623 0.00691692 0.00772489 0.00844611 0.00908185 0.0096367
 0.000530656 0.00119633 0.00205827 0.00303499 0.00405521 0.0050647 0.00602623 0.00691692 0.00772489 0.00844611 0.00908185 0.0096367
 0.000530656 0.00119633 0.00205827 0.00303499 0.00405521 0.0050647 0.00602623 0.00691692 0.00772489 0.00844611 0.00908185 0.0096367
 0.000530656 0.00119633 0.00205827 0.00303499 0.00405521 0.0050647 0.00602623 0.00691692 0.00772489 0.00844611 0.00908185 0.0096367
 0.000530656 0.00119633 0.00205827 0.00303499 0.00405521 0.0050647 0.00602623 0.00691692 0.00772489 0.00844611 0.00908185 0.0096367
 0.000530656 0.00119633 0.00205827 0.00303499 0.00405521 0.0050647 0.00602623 0.00691692 0.00772489 0.00844611 0.00908185 0.0096367
 0.000530656 0.00119633 0.00205827 0.00303499 0.00405521 0.0050647 0.00602623 0.00691692 0.00772489 0.00844611 0.00908185 0.0096367
 0.000530656 0.00119633 0.00205827 0.00303499 0.00405521 0.0050647 0.00602623 0.00691692 0.00772489 0.00844611 0.00908185 0.0096367
 0.000530656 0.00119633 0.00205827 0.00303499 0.00405521 0.0050647 0.00602623 0.00691692 0.00772489 0.00844611 0.00908185 0.0096367
 0.000530656 0.00119633 0.00205827 0.00303499 0.00405521 0.0050647 0.00602623 0.00691692 0.00772489 0.00844611 0.00908185 0.0096367
 0.000530656 0.00119633 0.00205827 0.00303499 0.00405521 0.0050647 0.00602623 0.00691692 0.00772489 0.00844611 0.00908185 0.0096367
 0.000530656 0.00119633 0.00205827 0.00303499 0.00405521 0.0050647 0.00602623 0.00691692 0.00772489 0.00844611 0.00908185 0.0096367
 0.000530656 0.00119633 0.00205827 0.00303499 0.00405521 0.0050647 0.00602623 0.00691692 0.00772489 0.00844611 0.00908185 0.0096367
 0.000530656 0.00119633 0.00205827 0.00303499 0.00405521 0.0050647 0.00602623 0.00691692 0.00772489 0.00844611 0.00908185 0.0096367
 0.000530656 0.00119633 0.00205827 0.00303499 0.00405521 0.0050647 0.00602623 0.00691692 0.00772489 0.00844611 0.00908185 0.0096367
 0.000530656 0.00119633 0.00205827 0.00303499 0.00405521 0.0050647 0.00602623 0.00691692 0.00772489 0.00844611 0.00908185 0.0096367
 0.000530656 0.00119633 0.00205827 0.00303499 0.00405521 0.0050647 0.00602623 0.00691692 0.00772489 0.00844611 0.00908185 0.0096367
 0.000530656 0.00119633 0.00205827 0.00303499 0.00405521 0.0050647 0.00602623 0.00691692 0.00772489 0.00844611 0.00908185 0.0096367
 0.000530656 0.00119633 0.00205827 0.00303499 0.00405521 0.0050647 0.00602623 0.00691692 0.00772489 0.00844611 0.00908185 0.0096367
 0.000530656 0.00119633 0.00205827 0.00303499 0.00405521 0.0050647 0.00602623 0.00691692 0.00772489 0.00844611 0.00908185 0.0096367
 0.000530656 0.00119633 0.00205827 0.00303499 0.00405521 0.0050647 0.00602623 0.00691692 0.00772489 0.00844611 0.00908185 0.0096367
 0.000530656 0.00119633 0.00205827 0.00303499 0.00405521 0.0050647 0.00602623 0.00691692 0.00772489 0.00844611 0.00908185 0.0096367
 0.000530656 0.00119633 0.00205827 0.00303499 0.00405521 0.0050647 0.00602623 0.00691692 0.00772489 0.00844611 0.00908185 0.0096367
 0.000530656 0.00119633 0.00205827 0.00303499 0.00405521 0.0050647 0.00602623 0.00691692 0.00772489 0.00844611 0.00908185 0.0096367
 0.000530656 0.00119633 0.00205827 0.00303499 0.00405521 0.0050647 0.00602623 0.00691692 0.00772489 0.00844611 0.00908185 0.0096367
 0.000530656 0.00119633 0.00205827 0.00303499 0.00405521 0.0050647 0.00602623 0.00691692 0.00772489 0.00844611 0.00908185 0.0096367
 0.000530656 0.00119633 0.00205827 0.00303499 0.00405521 0.0050647 0.00602623 0.00691692 0.00772489 0.00844611 0.00908185 0.0096367
 0.000530656 0.00119633 0.00205827 0.00303499 0.00405521 0.0050647 0.00602623 0.00691692 0.00772489 0.00844611 0.00908185 0.0096367
 0.000530656 0.00119633 0.00205827 0.00303499 0.00405521 0.0050647 0.00602623 0.00691692 0.00772489 0.00844611 0.00908185 0.0096367
 0.000530656 0.00119633 0.00205827 0.00303499 0.00405521 0.0050647 0.00602623 0.00691692 0.00772489 0.00844611 0.00908185 0.0096367
# nyrs_ind_age
 30
# yrs_ind_age
 1 2 3 4 5 6 7 8 9 10 11 12 13 14 15 16 17 18 19 20 21 22 23 24 25 26 27 28 29 30
# n_sample_ind_age
 200 200 200 200 200 200 200 200 200 200 200 200 200 200 200 200 200 200 200 200 200 200 200 200 200 200 200 200 200 200
# oac_ind
 0.06 0.14 0.18 0.135 0.08 0.065 0.045 0.055 0.025 0.02 0.035 0.16
 0.08 0.15 0.18 0.085 0.105 0.065 0.08 0.045 0.05 0.02 0.03 0.11
 0.04 0.155 0.095 0.095 0.1 0.1 0.08 0.06 0.04 0.05 0.06 0.125
 0.045 0.14 0.24 0.11 0.08 0.08 0.055 0.03 0.025 0.035 0.03 0.13
 0.065 0.11 0.17 0.14 0.13 0.06 0.055 0.04 0.04 0.03 0.02 0.14
 0.065 0.135 0.105 0.155 0.125 0.08 0.07 0.05 0.04 0.065 0.02 0.09
 0.08 0.12 0.22 0.12 0.11 0.07 0.065 0.045 0.055 0.01 0.025 0.08
 0.085 0.14 0.16 0.14 0.07 0.065 0.095 0.035 0.04 0.025 0.04 0.105
 0.08 0.16 0.15 0.115 0.11 0.095 0.035 0.05 0.03 0.045 0.045 0.085
 0.105 0.15 0.15 0.16 0.095 0.09 0.07 0.025 0.03 0.035 0.005 0.085
 0.14 0.225 0.145 0.11 0.09 0.055 0.05 0.025 0.035 0.03 0.015 0.08
 0.055 0.235 0.19 0.135 0.06 0.09 0.055 0.025 0.035 0.015 0.01 0.095
 0.065 0.105 0.29 0.16 0.09 0.08 0.06 0.045 0.02 0.015 0.01 0.06
 0.105 0.13 0.145 0.22 0.075 0.09 0.045 0.04 0.035 0.005 0.015 0.095
 0.13 0.215 0.15 0.095 0.145 0.085 0.05 0.05 0.035 0.01 0.005 0.03
 0.11 0.285 0.175 0.07 0.065 0.075 0.045 0.045 0.025 0.03 0.02 0.055
 0.085 0.205 0.25 0.16 0.045 0.085 0.06 0.02 0.015 0.02 0.01 0.045
 0.09 0.11 0.185 0.315 0.1 0.04 0.035 0.03 0.03 0.01 0.005 0.05
 0.1 0.23 0.12 0.125 0.19 0.075 0.045 0.02 0.035 0.01 0.005 0.045
 0.13 0.235 0.205 0.1 0.11 0.085 0.045 0.025 0.005 0.03 0 0.03
 0.12 0.215 0.185 0.175 0.075 0.07 0.1 0.015 0.005 0 0.02 0.02
 0.12 0.365 0.2 0.12 0.09 0.02 0.035 0.025 0.01 0.005 0 0.01
 0.11 0.235 0.32 0.11 0.055 0.04 0.025 0.04 0.035 0.01 0.005 0.015
 0.095 0.16 0.255 0.255 0.1 0.045 0.035 0.01 0.02 0 0.01 0.015
 0.19 0.15 0.195 0.155 0.175 0.055 0.02 0.04 0.005 0 0.01 0.005
 0.175 0.235 0.175 0.135 0.13 0.075 0.035 0.01 0.02 0 0 0.01
 0.11 0.325 0.265 0.09 0.045 0.06 0.03 0.03 0.02 0.015 0.005 0.005
 0.085 0.285 0.305 0.16 0.045 0.035 0.035 0.02 0.02 0.005 0.005 0
 0.12 0.23 0.25 0.185 0.12 0.015 0.02 0.03 0.02 0.01 0 0
 0.09 0.25 0.2 0.185 0.135 0.06 0.05 0.01 0 0.015 0.005 0
# olc_ind

# obs_lse_ind
 0.198042 0.198042 0.198042 0.198042 0.198042 0.198042 0.198042 0.198042 0.198042 0.198042 0.198042 0.198042 0.198042 0.198042 0.198042 0.198042 0.198042 0.198042 0.198042 0.198042 0.198042 0.198042 0.198042 0.198042 0.198042 0.198042 0.198042 0.198042 0.198042 0.198042
# xages_fsh
 0 0 0 0 0 0 0 0 0 0 0 0
# xages_fsh
 0 0.0909091 0.181818 0.272727 0.363636 0.454545 0.545455 0.636364 0.727273 0.818182 0.909091 1
# xnodes_fsh

Yrs fsh_sel change:  1 0 0 0 0 0 0 0 0 0 0 0 0 0 0 0 0 0 0 0 0 0 0 0 0 0 0 0 0
Yrs ind_sel change:  1 0 0 0 0 0 0 0 0 0 0 0 0 0 0 0 0 0 0 0 0 0 0 0 0 0 0 0 0
# steepnessprior
0.75
# sigmarprior
0.2
#  SSB estimated in styr endyr: -13 28 
#  Rec estimated in styr endyr: -11 30 
#  SR Curve fit  in styr endyr: 1 30 
#             Model styr endyr: 1 30 
# qprior
 3.48998e-007
# q_power_prior 
 1 
# cv_catchbiomass 
0.05 
# CatchbiomassPen 
200 
# Number of projection years 
5 
# offset_fsh
 13279.6
# offset_ind
 12933.4
Mean Catch
1349.69
R_guess 
15.4678
# nfsh
1
# n_sel_ch_fsh
 1
# nselages_fsh
 11
# phase_selcoff_fsh
 -1
logRzero 15.4678
logmeanrec 15.4678
exp(log_sigmarprior 0.2
Fish sel phase: -1 FLEET1
Fixing fishery sel to
1
Srvy sel phase: -1
Fixing SURVEY1 indices sel to
1
# logsel_slp_in_indv
 0.693147
Leaving parameter init secton
# M
 0.2 0.2 0.2 0.2 0.2 0.2 0.2 0.2 0.2 0.2 0.2 0.2
 0.2 0.2 0.2 0.2 0.2 0.2 0.2 0.2 0.2 0.2 0.2 0.2
 0.2 0.2 0.2 0.2 0.2 0.2 0.2 0.2 0.2 0.2 0.2 0.2
 0.2 0.2 0.2 0.2 0.2 0.2 0.2 0.2 0.2 0.2 0.2 0.2
 0.2 0.2 0.2 0.2 0.2 0.2 0.2 0.2 0.2 0.2 0.2 0.2
 0.2 0.2 0.2 0.2 0.2 0.2 0.2 0.2 0.2 0.2 0.2 0.2
 0.2 0.2 0.2 0.2 0.2 0.2 0.2 0.2 0.2 0.2 0.2 0.2
 0.2 0.2 0.2 0.2 0.2 0.2 0.2 0.2 0.2 0.2 0.2 0.2
 0.2 0.2 0.2 0.2 0.2 0.2 0.2 0.2 0.2 0.2 0.2 0.2
 0.2 0.2 0.2 0.2 0.2 0.2 0.2 0.2 0.2 0.2 0.2 0.2
 0.2 0.2 0.2 0.2 0.2 0.2 0.2 0.2 0.2 0.2 0.2 0.2
 0.2 0.2 0.2 0.2 0.2 0.2 0.2 0.2 0.2 0.2 0.2 0.2
 0.2 0.2 0.2 0.2 0.2 0.2 0.2 0.2 0.2 0.2 0.2 0.2
 0.2 0.2 0.2 0.2 0.2 0.2 0.2 0.2 0.2 0.2 0.2 0.2
 0.2 0.2 0.2 0.2 0.2 0.2 0.2 0.2 0.2 0.2 0.2 0.2
 0.2 0.2 0.2 0.2 0.2 0.2 0.2 0.2 0.2 0.2 0.2 0.2
 0.2 0.2 0.2 0.2 0.2 0.2 0.2 0.2 0.2 0.2 0.2 0.2
 0.2 0.2 0.2 0.2 0.2 0.2 0.2 0.2 0.2 0.2 0.2 0.2
 0.2 0.2 0.2 0.2 0.2 0.2 0.2 0.2 0.2 0.2 0.2 0.2
 0.2 0.2 0.2 0.2 0.2 0.2 0.2 0.2 0.2 0.2 0.2 0.2
 0.2 0.2 0.2 0.2 0.2 0.2 0.2 0.2 0.2 0.2 0.2 0.2
 0.2 0.2 0.2 0.2 0.2 0.2 0.2 0.2 0.2 0.2 0.2 0.2
 0.2 0.2 0.2 0.2 0.2 0.2 0.2 0.2 0.2 0.2 0.2 0.2
 0.2 0.2 0.2 0.2 0.2 0.2 0.2 0.2 0.2 0.2 0.2 0.2
 0.2 0.2 0.2 0.2 0.2 0.2 0.2 0.2 0.2 0.2 0.2 0.2
 0.2 0.2 0.2 0.2 0.2 0.2 0.2 0.2 0.2 0.2 0.2 0.2
 0.2 0.2 0.2 0.2 0.2 0.2 0.2 0.2 0.2 0.2 0.2 0.2
 0.2 0.2 0.2 0.2 0.2 0.2 0.2 0.2 0.2 0.2 0.2 0.2
 0.2 0.2 0.2 0.2 0.2 0.2 0.2 0.2 0.2 0.2 0.2 0.2
 0.2 0.2 0.2 0.2 0.2 0.2 0.2 0.2 0.2 0.2 0.2 0.2
# mean_log_rec
13.7355
# log_Rzero
13.844
# rec_dev
 -0.0721407 -0.0868215 -0.0843741 -0.099957 -0.0294956 0.0518742 -0.0536927 0.0286743 0.0301606 0.00159363 0.15638 0.0769786 0.076478 0.259995 -0.0608771 -0.118051 0.0544427 0.0965985 0.0946224 -0.072271 -0.0559513 0.059204 0.397632 -0.329572 -0.414529 0.15599 0.415958 0.0853795 -0.291661 0.15289 0.0228813 0.00677422 0.500381 0.153943 -0.205336 -0.287632 0.0653359 0.254617 0.0154497 -0.194959 -0.0575671 -0.266439
# fmort
 0.00933862 0.0270946 0.0454546 0.0615673 0.0488919 0.0881737 0.0900173 0.187953 0.109968 0.134192 0.149873 0.162013 0.117302 0.170392 0.181654 0.165255 0.324461 0.266329 0.263661 0.259214 0.358555 0.260233 0.428844 0.357852 0.359699 0.333285 0.336268 0.490762 0.387852 0.629594
# rec_dev_future
 0 0 0 0 0
