AMAK;Mar 2020
# styr
1
# endyr
30
# rec_age
1
# oldest_age
12
# nlength
81
# len_bins
 10 11 12 13 14 15 16 17 18 19 20 21 22 23 24 25 26 27 28 29 30 31 32 33 34 35 36 37 38 39 40 41 42 43 44 45 46 47 48 49 50 51 52 53 54 55 56 57 58 59 60 61 62 63 64 65 66 67 68 69 70 71 72 73 74 75 76 77 78 79 80 81 82 83 84 85 86 87 88 89 90
# datafile_name
amak_data.dat
# model_name
AMAK_MCP
# styr
1
# endyr
30
# rec_age
1
# oldest_age
12
# nfsh
1
# fshname
FLEET1
# catch_bio_in
 161.337 457.273 741.22 973.593 756.088 1300.08 1270.35 2429.44 1289.38 1477.74 1549.65 1541.86 1041.82 1465.39 1487.87 1280 2290.86 1655.15 1503.47 1403.94 1776.31 1185.39 1741.09 1256.61 1169.43 1062.14 1069.55 1467.96 1038.75 1467.26
# catch_bio_sd_in
 0.01 0.01 0.01 0.01 0.01 0.01 0.01 0.01 0.01 0.01 0.01 0.01 0.01 0.01 0.01 0.01 0.01 0.01 0.01 0.01 0.01 0.01 0.01 0.01 0.01 0.01 0.01 0.01 0.01 0.01
# nyrs_fsh_age
 30
# nyrs_fsh_length
 0
# yrs_fsh_age_in
 1 2 3 4 5 6 7 8 9 10 11 12 13 14 15 16 17 18 19 20 21 22 23 24 25 26 27 28 29 30
# yrs_fsh_length_in

# n_sample_fsh_length_in

# olc_fsh_in

# nind
1
# indname
SURVEY1
# nyrs_ind
 30
# yrs_ind_in
 1 2 3 4 5 6 7 8 9 10 11 12 13 14 15 16 17 18 19 20 21 22 23 24 25 26 27 28 29 30
# mo_ind
 1
# obs_ind_in
 1.18384 1.33837 1.14299 1.74578 1.53735 1.46072 1.37828 1.47651 1.13754 1.25727 1.15704 1.10762 1.18881 1.17792 1.00049 1.23148 0.99578 0.882445 0.910216 0.919659 0.623765 0.760627 0.651262 0.545925 0.635249 0.573995 0.681729 0.610524 0.576405 0.578255
# obs_se_ind_in
 0.236768 0.267673 0.228597 0.349156 0.307469 0.292145 0.275656 0.295301 0.227508 0.251454 0.231407 0.221523 0.237762 0.235584 0.200098 0.246297 0.199156 0.176489 0.182043 0.183932 0.124753 0.152125 0.130252 0.109185 0.12705 0.114799 0.136346 0.122105 0.115281 0.115651
# nyrs_ind_age
 30
# nyrs_ind_length
 0
# yrs_ind_age_in
 1 2 3 4 5 6 7 8 9 10 11 12 13 14 15 16 17 18 19 20 21 22 23 24 25 26 27 28 29 30
# yrs_ind_length_in

# yrs_ind_age_in
 1 2 3 4 5 6 7 8 9 10 11 12 13 14 15 16 17 18 19 20 21 22 23 24 25 26 27 28 29 30
# n_sample_ind_length_in

# olc_ind_in

# oac_ind_in
 0.075 0.14 0.12 0.13 0.13 0.08 0.055 0.05 0.045 0.03 0.02 0.125
 0.07 0.1 0.145 0.18 0.09 0.105 0.06 0.04 0.05 0.02 0.06 0.08
 0.07 0.115 0.13 0.095 0.165 0.075 0.065 0.065 0.035 0.035 0.05 0.1
 0.055 0.14 0.11 0.15 0.09 0.09 0.065 0.06 0.05 0.05 0.05 0.09
 0.075 0.185 0.15 0.105 0.105 0.09 0.045 0.075 0.04 0.03 0.015 0.085
 0.065 0.14 0.14 0.135 0.105 0.065 0.07 0.065 0.025 0.025 0.015 0.15
 0.06 0.11 0.195 0.14 0.115 0.08 0.045 0.06 0.04 0.05 0.04 0.065
 0.105 0.135 0.135 0.16 0.125 0.06 0.035 0.05 0.04 0.035 0.015 0.105
 0.065 0.205 0.15 0.145 0.145 0.05 0.07 0.03 0.02 0.04 0.02 0.06
 0.095 0.18 0.18 0.115 0.075 0.085 0.09 0.04 0.025 0.02 0.02 0.075
 0.06 0.155 0.145 0.185 0.085 0.07 0.05 0.07 0.02 0.045 0.015 0.1
 0.115 0.13 0.18 0.135 0.065 0.075 0.095 0.045 0.05 0.04 0.015 0.055
 0.125 0.205 0.115 0.155 0.1 0.085 0.045 0.055 0.02 0.01 0.01 0.075
 0.095 0.29 0.145 0.115 0.13 0.035 0.05 0.03 0.02 0.01 0.005 0.075
 0.09 0.175 0.26 0.11 0.06 0.055 0.05 0.05 0.015 0.04 0.02 0.075
 0.08 0.195 0.13 0.21 0.145 0.05 0.065 0.03 0.015 0.015 0.005 0.06
 0.1 0.21 0.155 0.16 0.115 0.08 0.04 0.06 0.025 0.015 0 0.04
 0.08 0.15 0.19 0.18 0.085 0.12 0.05 0.025 0.035 0.025 0.005 0.055
 0.09 0.205 0.135 0.17 0.09 0.085 0.07 0.065 0.005 0.02 0.015 0.05
 0.075 0.24 0.2 0.12 0.09 0.05 0.035 0.1 0.03 0.02 0.015 0.025
 0.05 0.195 0.26 0.135 0.105 0.1 0.065 0.015 0.04 0.025 0 0.01
 0.11 0.145 0.195 0.2 0.13 0.065 0.065 0.015 0.03 0.015 0.005 0.025
 0.125 0.245 0.135 0.17 0.155 0.065 0.04 0.025 0.02 0.005 0.005 0.01
 0.115 0.23 0.24 0.14 0.09 0.035 0.04 0.03 0.025 0.005 0.02 0.03
 0.15 0.17 0.25 0.19 0.06 0.075 0.04 0.02 0.015 0.01 0.01 0.01
 0.145 0.39 0.15 0.15 0.09 0.015 0.01 0.025 0.015 0 0 0.01
 0.105 0.25 0.3 0.115 0.095 0.08 0.02 0.02 0.01 0.005 0 0
 0.11 0.265 0.23 0.195 0.065 0.065 0.035 0.005 0.015 0.005 0 0.01
 0.1 0.21 0.2 0.21 0.14 0.025 0.05 0.045 0.005 0.01 0 0.005
 0.19 0.18 0.19 0.16 0.105 0.1 0.02 0.035 0.01 0.005 0.005 0
# wt_ind
 1 1 1 1 1 1 1 1 1 1 1 1
 1 1 1 1 1 1 1 1 1 1 1 1
 1 1 1 1 1 1 1 1 1 1 1 1
 1 1 1 1 1 1 1 1 1 1 1 1
 1 1 1 1 1 1 1 1 1 1 1 1
 1 1 1 1 1 1 1 1 1 1 1 1
 1 1 1 1 1 1 1 1 1 1 1 1
 1 1 1 1 1 1 1 1 1 1 1 1
 1 1 1 1 1 1 1 1 1 1 1 1
 1 1 1 1 1 1 1 1 1 1 1 1
 1 1 1 1 1 1 1 1 1 1 1 1
 1 1 1 1 1 1 1 1 1 1 1 1
 1 1 1 1 1 1 1 1 1 1 1 1
 1 1 1 1 1 1 1 1 1 1 1 1
 1 1 1 1 1 1 1 1 1 1 1 1
 1 1 1 1 1 1 1 1 1 1 1 1
 1 1 1 1 1 1 1 1 1 1 1 1
 1 1 1 1 1 1 1 1 1 1 1 1
 1 1 1 1 1 1 1 1 1 1 1 1
 1 1 1 1 1 1 1 1 1 1 1 1
 1 1 1 1 1 1 1 1 1 1 1 1
 1 1 1 1 1 1 1 1 1 1 1 1
 1 1 1 1 1 1 1 1 1 1 1 1
 1 1 1 1 1 1 1 1 1 1 1 1
 1 1 1 1 1 1 1 1 1 1 1 1
 1 1 1 1 1 1 1 1 1 1 1 1
 1 1 1 1 1 1 1 1 1 1 1 1
 1 1 1 1 1 1 1 1 1 1 1 1
 1 1 1 1 1 1 1 1 1 1 1 1
 1 1 1 1 1 1 1 1 1 1 1 1
# wt_pop
 0.000530656 0.00119633 0.00205827 0.00303499 0.00405521 0.0050647 0.00602623 0.00691692 0.00772489 0.00844611 0.00908185 0.0096367
# maturity
 0.0229774 0.320821 0.904651 0.99478 0.999739 0.999987 0.999999 1 1 1 1 1
# spawnmo
1
# age_err
 1 0 0 0 0 0 0 0 0 0 0 0
 0 1 0 0 0 0 0 0 0 0 0 0
 0 0 1 0 0 0 0 0 0 0 0 0
 0 0 0 1 0 0 0 0 0 0 0 0
 0 0 0 0 1 0 0 0 0 0 0 0
 0 0 0 0 0 1 0 0 0 0 0 0
 0 0 0 0 0 0 1 0 0 0 0 0
 0 0 0 0 0 0 0 1 0 0 0 0
 0 0 0 0 0 0 0 0 1 0 0 0
 0 0 0 0 0 0 0 0 0 1 0 0
 0 0 0 0 0 0 0 0 0 0 1 0
 0 0 0 0 0 0 0 0 0 0 0 1
# cntrlfile_name
C:\Users\bai.li\DOCUME~1\Github\AGE_ST~1\ASSAMC\example\output\AMAK\s96\amak.dat
# Map shared selectivity: 
# sel_map
 1 2
 1 1
# datafile_name
amak_data.dat
# model_name
AMAK_MCP
# SrType
2
# use_age_err
0
# retro
0
# sigmarprior
0.2
# cvsigmarprior
0.25
# phase_sigmar
-3
# styr_rec_est
1
# endyr_rec_est
30
# Linfprior
80
# cvLinfprior
0.25
# kprior
0.18
# cvkprior
0.25
# Loprior
27.688
# cvLoprior
0.25
# sdageprior
0.1
# cvsdageprior
0.25
# natmortprior
0.2
# cvnatmortprior
0.25
# phase_M
-4
# npars_Mage
0
# ages_M_changes

# Mage_in

# Mage_offset_in

# phase_Mage
-5
# phase_rw_M
0
# npars_rw_M
0
# yrs_rw_M

# sigma_rw_M

# qprior
 3.48998e-007
# cvqprior
 1
# phase_q
 1
# q_power_prior
 1
# cvq_power_prior
 0.2
# phase_q_power
 -4
# phase_rw_q
 -1
# npars_rw_q
 0
# yrs_rw_q

# sigma_rw_q

# q_age_min
 1
# q_age_max
 12
# q_age_min
 1
# q_age_max
 12
# fsh_sel_opt(k)
2
# phase_sel_fsh(k)
2
# n_sel_ch_fsh(k)
1
# sel_slp_in_fsh(k)(1,n_sel_ch_fsh(k))
 1
# sel_inf_in_fsh(k)(1,n_sel_ch_fsh(k))
 2
# logsel_slp_in_fsh(k)(1,n_sel_ch_fsh(k))
 0
# yrs_sel_ch_fsh(k)(1,n_sel_ch_fsh(k))
 1

Survey SURVEY1
# ind_sel_opt(k)
2
# indname(k)
SURVEY1
# nselages_in_ind(k)
11
# phase_sel_ind(k)
2
# sel_change_in_ind(k)
 1 0 0 0 0 0 0 0 0 0 0 0 0 0 0 0 0 0 0 0 0 0 0 0 0 0 0 0 0 0
# n_sel_ch_ind(k)
1
# yrs_sel_ch_ind(k)(1,n_sel_ch_ind(k))
 1
# sel_slp_in_ind(k,1)
2
# sel_inf_in_ind(k,1)
1.5
# logsel_slp_in_ind(k,1)
0.693147
# logsel_slp_in_indv(k)
0.693147
SURVEY1 ind sel opt 2  1 0 0 0 0 0 0 0 0 0 0 0 0 0 0 0 0 0 0 0 0 0 0 0 0 0 0 0 0 0
Phase indices Sel_Coffs:  -1
 Test: 1.23457e+008
# Fshry Selages:  11
# Srvy  Selages:  11
# Phase for age-spec fishery  -1
# Phase for logistic fishery  2
# Phase for dble logistic fishery  -1
# Phase for age-spec indices   -1
# Phase for logistic indices   2
# Phase for dble logistic ind  -1
# Curv_pen_fsh: 
 0
# Curv_pen_ind: 
 0
# styr_fut
31
# endyr_fut
35
# nyrs_fsh_age
 30
# nyrs_fsh_age
 30
# yrs_fsh_age
 1 2 3 4 5 6 7 8 9 10 11 12 13 14 15 16 17 18 19 20 21 22 23 24 25 26 27 28 29 30
# n_sample_fsh_age
 200 200 200 200 200 200 200 200 200 200 200 200 200 200 200 200 200 200 200 200 200 200 200 200 200 200 200 200 200 200
# oac_fsh
 0.095 0.11 0.195 0.115 0.08 0.065 0.055 0.06 0.045 0.025 0.05 0.105
 0.08 0.135 0.15 0.105 0.11 0.07 0.05 0.07 0.05 0.05 0.015 0.115
 0.065 0.105 0.13 0.14 0.065 0.085 0.08 0.06 0.04 0.05 0.02 0.16
 0.1 0.095 0.115 0.135 0.11 0.095 0.07 0.065 0.045 0.055 0.025 0.09
 0.075 0.18 0.105 0.11 0.08 0.075 0.065 0.09 0.045 0.025 0.045 0.105
 0.045 0.115 0.19 0.07 0.085 0.105 0.07 0.08 0.045 0.025 0.02 0.15
 0.07 0.085 0.14 0.13 0.12 0.1 0.1 0.03 0.03 0.025 0.03 0.14
 0.1 0.115 0.155 0.115 0.125 0.1 0.055 0.03 0.045 0.03 0.025 0.105
 0.065 0.14 0.11 0.11 0.075 0.07 0.1 0.085 0.065 0.04 0.045 0.095
 0.08 0.08 0.235 0.115 0.105 0.08 0.055 0.025 0.045 0.06 0.015 0.105
 0.09 0.125 0.155 0.14 0.065 0.07 0.09 0.1 0.025 0.05 0.02 0.07
 0.12 0.09 0.16 0.125 0.09 0.11 0.035 0.065 0.055 0.035 0.04 0.075
 0.115 0.175 0.085 0.2 0.085 0.1 0.02 0.065 0.04 0.025 0.02 0.07
 0.07 0.24 0.17 0.11 0.105 0.08 0.085 0.035 0.02 0.01 0.03 0.045
 0.095 0.175 0.16 0.16 0.085 0.085 0.055 0.06 0.04 0.04 0.02 0.025
 0.13 0.17 0.16 0.16 0.13 0.04 0.07 0.04 0.03 0.005 0.01 0.055
 0.065 0.185 0.165 0.125 0.17 0.095 0.05 0.05 0.025 0.005 0.02 0.045
 0.13 0.12 0.2 0.14 0.105 0.135 0.04 0.04 0.015 0.01 0.025 0.04
 0.095 0.195 0.16 0.165 0.13 0.075 0.035 0.035 0.02 0.02 0.015 0.055
 0.085 0.22 0.145 0.15 0.125 0.085 0.055 0.055 0.01 0.025 0.005 0.04
 0.08 0.205 0.23 0.15 0.105 0.08 0.05 0.02 0.04 0.02 0.005 0.015
 0.125 0.13 0.23 0.22 0.085 0.045 0.06 0.025 0.035 0.01 0.005 0.03
 0.15 0.205 0.17 0.14 0.13 0.09 0.02 0.015 0.025 0.005 0.015 0.035
 0.105 0.175 0.215 0.115 0.12 0.12 0.05 0.03 0.02 0.02 0.005 0.025
 0.195 0.175 0.17 0.17 0.11 0.05 0.055 0.03 0.01 0.01 0.02 0.005
 0.2 0.3 0.155 0.135 0.08 0.015 0.02 0.03 0.02 0.01 0.01 0.025
 0.185 0.21 0.22 0.115 0.075 0.05 0.03 0.04 0.035 0.015 0.01 0.015
 0.17 0.18 0.225 0.19 0.08 0.03 0.05 0.02 0.01 0.03 0.005 0.01
 0.13 0.21 0.18 0.155 0.16 0.065 0.05 0.01 0.02 0 0.005 0.015
 0.23 0.125 0.21 0.165 0.1 0.07 0.04 0.035 0 0.01 0.01 0.005
# olc_fsh

# wt_fsh
 0.000530656 0.00119633 0.00205827 0.00303499 0.00405521 0.0050647 0.00602623 0.00691692 0.00772489 0.00844611 0.00908185 0.0096367
 0.000530656 0.00119633 0.00205827 0.00303499 0.00405521 0.0050647 0.00602623 0.00691692 0.00772489 0.00844611 0.00908185 0.0096367
 0.000530656 0.00119633 0.00205827 0.00303499 0.00405521 0.0050647 0.00602623 0.00691692 0.00772489 0.00844611 0.00908185 0.0096367
 0.000530656 0.00119633 0.00205827 0.00303499 0.00405521 0.0050647 0.00602623 0.00691692 0.00772489 0.00844611 0.00908185 0.0096367
 0.000530656 0.00119633 0.00205827 0.00303499 0.00405521 0.0050647 0.00602623 0.00691692 0.00772489 0.00844611 0.00908185 0.0096367
 0.000530656 0.00119633 0.00205827 0.00303499 0.00405521 0.0050647 0.00602623 0.00691692 0.00772489 0.00844611 0.00908185 0.0096367
 0.000530656 0.00119633 0.00205827 0.00303499 0.00405521 0.0050647 0.00602623 0.00691692 0.00772489 0.00844611 0.00908185 0.0096367
 0.000530656 0.00119633 0.00205827 0.00303499 0.00405521 0.0050647 0.00602623 0.00691692 0.00772489 0.00844611 0.00908185 0.0096367
 0.000530656 0.00119633 0.00205827 0.00303499 0.00405521 0.0050647 0.00602623 0.00691692 0.00772489 0.00844611 0.00908185 0.0096367
 0.000530656 0.00119633 0.00205827 0.00303499 0.00405521 0.0050647 0.00602623 0.00691692 0.00772489 0.00844611 0.00908185 0.0096367
 0.000530656 0.00119633 0.00205827 0.00303499 0.00405521 0.0050647 0.00602623 0.00691692 0.00772489 0.00844611 0.00908185 0.0096367
 0.000530656 0.00119633 0.00205827 0.00303499 0.00405521 0.0050647 0.00602623 0.00691692 0.00772489 0.00844611 0.00908185 0.0096367
 0.000530656 0.00119633 0.00205827 0.00303499 0.00405521 0.0050647 0.00602623 0.00691692 0.00772489 0.00844611 0.00908185 0.0096367
 0.000530656 0.00119633 0.00205827 0.00303499 0.00405521 0.0050647 0.00602623 0.00691692 0.00772489 0.00844611 0.00908185 0.0096367
 0.000530656 0.00119633 0.00205827 0.00303499 0.00405521 0.0050647 0.00602623 0.00691692 0.00772489 0.00844611 0.00908185 0.0096367
 0.000530656 0.00119633 0.00205827 0.00303499 0.00405521 0.0050647 0.00602623 0.00691692 0.00772489 0.00844611 0.00908185 0.0096367
 0.000530656 0.00119633 0.00205827 0.00303499 0.00405521 0.0050647 0.00602623 0.00691692 0.00772489 0.00844611 0.00908185 0.0096367
 0.000530656 0.00119633 0.00205827 0.00303499 0.00405521 0.0050647 0.00602623 0.00691692 0.00772489 0.00844611 0.00908185 0.0096367
 0.000530656 0.00119633 0.00205827 0.00303499 0.00405521 0.0050647 0.00602623 0.00691692 0.00772489 0.00844611 0.00908185 0.0096367
 0.000530656 0.00119633 0.00205827 0.00303499 0.00405521 0.0050647 0.00602623 0.00691692 0.00772489 0.00844611 0.00908185 0.0096367
 0.000530656 0.00119633 0.00205827 0.00303499 0.00405521 0.0050647 0.00602623 0.00691692 0.00772489 0.00844611 0.00908185 0.0096367
 0.000530656 0.00119633 0.00205827 0.00303499 0.00405521 0.0050647 0.00602623 0.00691692 0.00772489 0.00844611 0.00908185 0.0096367
 0.000530656 0.00119633 0.00205827 0.00303499 0.00405521 0.0050647 0.00602623 0.00691692 0.00772489 0.00844611 0.00908185 0.0096367
 0.000530656 0.00119633 0.00205827 0.00303499 0.00405521 0.0050647 0.00602623 0.00691692 0.00772489 0.00844611 0.00908185 0.0096367
 0.000530656 0.00119633 0.00205827 0.00303499 0.00405521 0.0050647 0.00602623 0.00691692 0.00772489 0.00844611 0.00908185 0.0096367
 0.000530656 0.00119633 0.00205827 0.00303499 0.00405521 0.0050647 0.00602623 0.00691692 0.00772489 0.00844611 0.00908185 0.0096367
 0.000530656 0.00119633 0.00205827 0.00303499 0.00405521 0.0050647 0.00602623 0.00691692 0.00772489 0.00844611 0.00908185 0.0096367
 0.000530656 0.00119633 0.00205827 0.00303499 0.00405521 0.0050647 0.00602623 0.00691692 0.00772489 0.00844611 0.00908185 0.0096367
 0.000530656 0.00119633 0.00205827 0.00303499 0.00405521 0.0050647 0.00602623 0.00691692 0.00772489 0.00844611 0.00908185 0.0096367
 0.000530656 0.00119633 0.00205827 0.00303499 0.00405521 0.0050647 0.00602623 0.00691692 0.00772489 0.00844611 0.00908185 0.0096367
# nyrs_ind_age
 30
# yrs_ind_age
 1 2 3 4 5 6 7 8 9 10 11 12 13 14 15 16 17 18 19 20 21 22 23 24 25 26 27 28 29 30
# n_sample_ind_age
 200 200 200 200 200 200 200 200 200 200 200 200 200 200 200 200 200 200 200 200 200 200 200 200 200 200 200 200 200 200
# oac_ind
 0.075 0.14 0.12 0.13 0.13 0.08 0.055 0.05 0.045 0.03 0.02 0.125
 0.07 0.1 0.145 0.18 0.09 0.105 0.06 0.04 0.05 0.02 0.06 0.08
 0.07 0.115 0.13 0.095 0.165 0.075 0.065 0.065 0.035 0.035 0.05 0.1
 0.055 0.14 0.11 0.15 0.09 0.09 0.065 0.06 0.05 0.05 0.05 0.09
 0.075 0.185 0.15 0.105 0.105 0.09 0.045 0.075 0.04 0.03 0.015 0.085
 0.065 0.14 0.14 0.135 0.105 0.065 0.07 0.065 0.025 0.025 0.015 0.15
 0.06 0.11 0.195 0.14 0.115 0.08 0.045 0.06 0.04 0.05 0.04 0.065
 0.105 0.135 0.135 0.16 0.125 0.06 0.035 0.05 0.04 0.035 0.015 0.105
 0.065 0.205 0.15 0.145 0.145 0.05 0.07 0.03 0.02 0.04 0.02 0.06
 0.095 0.18 0.18 0.115 0.075 0.085 0.09 0.04 0.025 0.02 0.02 0.075
 0.06 0.155 0.145 0.185 0.085 0.07 0.05 0.07 0.02 0.045 0.015 0.1
 0.115 0.13 0.18 0.135 0.065 0.075 0.095 0.045 0.05 0.04 0.015 0.055
 0.125 0.205 0.115 0.155 0.1 0.085 0.045 0.055 0.02 0.01 0.01 0.075
 0.095 0.29 0.145 0.115 0.13 0.035 0.05 0.03 0.02 0.01 0.005 0.075
 0.09 0.175 0.26 0.11 0.06 0.055 0.05 0.05 0.015 0.04 0.02 0.075
 0.08 0.195 0.13 0.21 0.145 0.05 0.065 0.03 0.015 0.015 0.005 0.06
 0.1 0.21 0.155 0.16 0.115 0.08 0.04 0.06 0.025 0.015 0 0.04
 0.08 0.15 0.19 0.18 0.085 0.12 0.05 0.025 0.035 0.025 0.005 0.055
 0.09 0.205 0.135 0.17 0.09 0.085 0.07 0.065 0.005 0.02 0.015 0.05
 0.075 0.24 0.2 0.12 0.09 0.05 0.035 0.1 0.03 0.02 0.015 0.025
 0.05 0.195 0.26 0.135 0.105 0.1 0.065 0.015 0.04 0.025 0 0.01
 0.11 0.145 0.195 0.2 0.13 0.065 0.065 0.015 0.03 0.015 0.005 0.025
 0.125 0.245 0.135 0.17 0.155 0.065 0.04 0.025 0.02 0.005 0.005 0.01
 0.115 0.23 0.24 0.14 0.09 0.035 0.04 0.03 0.025 0.005 0.02 0.03
 0.15 0.17 0.25 0.19 0.06 0.075 0.04 0.02 0.015 0.01 0.01 0.01
 0.145 0.39 0.15 0.15 0.09 0.015 0.01 0.025 0.015 0 0 0.01
 0.105 0.25 0.3 0.115 0.095 0.08 0.02 0.02 0.01 0.005 0 0
 0.11 0.265 0.23 0.195 0.065 0.065 0.035 0.005 0.015 0.005 0 0.01
 0.1 0.21 0.2 0.21 0.14 0.025 0.05 0.045 0.005 0.01 0 0.005
 0.19 0.18 0.19 0.16 0.105 0.1 0.02 0.035 0.01 0.005 0.005 0
# olc_ind

# obs_lse_ind
 0.198042 0.198042 0.198042 0.198042 0.198042 0.198042 0.198042 0.198042 0.198042 0.198042 0.198042 0.198042 0.198042 0.198042 0.198042 0.198042 0.198042 0.198042 0.198042 0.198042 0.198042 0.198042 0.198042 0.198042 0.198042 0.198042 0.198042 0.198042 0.198042 0.198042
# xages_fsh
 0 0 0 0 0 0 0 0 0 0 0 0
# xages_fsh
 0 0.0909091 0.181818 0.272727 0.363636 0.454545 0.545455 0.636364 0.727273 0.818182 0.909091 1
# xnodes_fsh

Yrs fsh_sel change:  1 0 0 0 0 0 0 0 0 0 0 0 0 0 0 0 0 0 0 0 0 0 0 0 0 0 0 0 0
Yrs ind_sel change:  1 0 0 0 0 0 0 0 0 0 0 0 0 0 0 0 0 0 0 0 0 0 0 0 0 0 0 0 0
# steepnessprior
0.75
# sigmarprior
0.2
#  SSB estimated in styr endyr: -13 28 
#  Rec estimated in styr endyr: -11 30 
#  SR Curve fit  in styr endyr: 1 30 
#             Model styr endyr: 1 30 
# qprior
 3.48998e-007
# q_power_prior 
 1 
# cv_catchbiomass 
0.05 
# CatchbiomassPen 
200 
# Number of projection years 
5 
# offset_fsh
 13485.9
# offset_ind
 13170.1
Mean Catch
1310.37
R_guess 
15.4382
# nfsh
1
# n_sel_ch_fsh
 1
# nselages_fsh
 11
# phase_selcoff_fsh
 -1
logRzero 15.4382
logmeanrec 15.4382
exp(log_sigmarprior 0.2
Fish sel phase: -1 FLEET1
Fixing fishery sel to
1
Srvy sel phase: -1
Fixing SURVEY1 indices sel to
1
# logsel_slp_in_indv
 0.693147
Leaving parameter init secton
# M
 0.2 0.2 0.2 0.2 0.2 0.2 0.2 0.2 0.2 0.2 0.2 0.2
 0.2 0.2 0.2 0.2 0.2 0.2 0.2 0.2 0.2 0.2 0.2 0.2
 0.2 0.2 0.2 0.2 0.2 0.2 0.2 0.2 0.2 0.2 0.2 0.2
 0.2 0.2 0.2 0.2 0.2 0.2 0.2 0.2 0.2 0.2 0.2 0.2
 0.2 0.2 0.2 0.2 0.2 0.2 0.2 0.2 0.2 0.2 0.2 0.2
 0.2 0.2 0.2 0.2 0.2 0.2 0.2 0.2 0.2 0.2 0.2 0.2
 0.2 0.2 0.2 0.2 0.2 0.2 0.2 0.2 0.2 0.2 0.2 0.2
 0.2 0.2 0.2 0.2 0.2 0.2 0.2 0.2 0.2 0.2 0.2 0.2
 0.2 0.2 0.2 0.2 0.2 0.2 0.2 0.2 0.2 0.2 0.2 0.2
 0.2 0.2 0.2 0.2 0.2 0.2 0.2 0.2 0.2 0.2 0.2 0.2
 0.2 0.2 0.2 0.2 0.2 0.2 0.2 0.2 0.2 0.2 0.2 0.2
 0.2 0.2 0.2 0.2 0.2 0.2 0.2 0.2 0.2 0.2 0.2 0.2
 0.2 0.2 0.2 0.2 0.2 0.2 0.2 0.2 0.2 0.2 0.2 0.2
 0.2 0.2 0.2 0.2 0.2 0.2 0.2 0.2 0.2 0.2 0.2 0.2
 0.2 0.2 0.2 0.2 0.2 0.2 0.2 0.2 0.2 0.2 0.2 0.2
 0.2 0.2 0.2 0.2 0.2 0.2 0.2 0.2 0.2 0.2 0.2 0.2
 0.2 0.2 0.2 0.2 0.2 0.2 0.2 0.2 0.2 0.2 0.2 0.2
 0.2 0.2 0.2 0.2 0.2 0.2 0.2 0.2 0.2 0.2 0.2 0.2
 0.2 0.2 0.2 0.2 0.2 0.2 0.2 0.2 0.2 0.2 0.2 0.2
 0.2 0.2 0.2 0.2 0.2 0.2 0.2 0.2 0.2 0.2 0.2 0.2
 0.2 0.2 0.2 0.2 0.2 0.2 0.2 0.2 0.2 0.2 0.2 0.2
 0.2 0.2 0.2 0.2 0.2 0.2 0.2 0.2 0.2 0.2 0.2 0.2
 0.2 0.2 0.2 0.2 0.2 0.2 0.2 0.2 0.2 0.2 0.2 0.2
 0.2 0.2 0.2 0.2 0.2 0.2 0.2 0.2 0.2 0.2 0.2 0.2
 0.2 0.2 0.2 0.2 0.2 0.2 0.2 0.2 0.2 0.2 0.2 0.2
 0.2 0.2 0.2 0.2 0.2 0.2 0.2 0.2 0.2 0.2 0.2 0.2
 0.2 0.2 0.2 0.2 0.2 0.2 0.2 0.2 0.2 0.2 0.2 0.2
 0.2 0.2 0.2 0.2 0.2 0.2 0.2 0.2 0.2 0.2 0.2 0.2
 0.2 0.2 0.2 0.2 0.2 0.2 0.2 0.2 0.2 0.2 0.2 0.2
 0.2 0.2 0.2 0.2 0.2 0.2 0.2 0.2 0.2 0.2 0.2 0.2
# mean_log_rec
13.7471
# log_Rzero
13.8097
# rec_dev
 -0.158257 -0.187704 -0.0794891 -0.0733979 -0.0339139 0.0695276 0.0109483 -0.0749131 0.0644525 0.069447 0.168293 0.100027 0.122476 0.0755508 0.0851294 0.280831 0.170941 0.0372788 -0.0610471 0.208287 -0.058091 0.11878 -0.248987 0.145276 0.389422 0.00992486 0.072255 0.130513 -0.16128 -0.0261448 0.143739 -0.0995481 -0.41539 -0.0542992 -0.122425 -0.370602 0.180423 -0.0225197 -0.15022 -0.219054 -0.473874 0.0649826
# fmort
 0.00936122 0.0266445 0.0440544 0.059798 0.0478348 0.0852199 0.0877123 0.184279 0.10816 0.132161 0.14958 0.161357 0.114501 0.165702 0.174978 0.154868 0.300801 0.245675 0.242693 0.242111 0.336876 0.24739 0.406316 0.335664 0.334515 0.310228 0.307109 0.436824 0.330623 0.512725
# rec_dev_future
 0 0 0 0 0
