AMAK;Mar 2020
# styr
1
# endyr
30
# rec_age
1
# oldest_age
12
# nlength
81
# len_bins
 10 11 12 13 14 15 16 17 18 19 20 21 22 23 24 25 26 27 28 29 30 31 32 33 34 35 36 37 38 39 40 41 42 43 44 45 46 47 48 49 50 51 52 53 54 55 56 57 58 59 60 61 62 63 64 65 66 67 68 69 70 71 72 73 74 75 76 77 78 79 80 81 82 83 84 85 86 87 88 89 90
# datafile_name
amak_data.dat
# model_name
AMAK_MCP
# styr
1
# endyr
30
# rec_age
1
# oldest_age
12
# nfsh
1
# fshname
FLEET1
# catch_bio_in
 160.722 460.825 743.527 954.501 726.75 1245.33 1201.21 2323.38 1236.2 1435.39 1549.73 1577.88 1124.79 1617.09 1656.54 1433.02 2584.77 1843.05 1624.9 1481.55 1862.55 1245.37 1824.14 1319.11 1184.8 1026.88 962.199 1271.78 926.447 1364.25
# catch_bio_sd_in
 0.01 0.01 0.01 0.01 0.01 0.01 0.01 0.01 0.01 0.01 0.01 0.01 0.01 0.01 0.01 0.01 0.01 0.01 0.01 0.01 0.01 0.01 0.01 0.01 0.01 0.01 0.01 0.01 0.01 0.01
# nyrs_fsh_age
 30
# nyrs_fsh_length
 0
# yrs_fsh_age_in
 1 2 3 4 5 6 7 8 9 10 11 12 13 14 15 16 17 18 19 20 21 22 23 24 25 26 27 28 29 30
# yrs_fsh_length_in

# n_sample_fsh_length_in

# olc_fsh_in

# nind
1
# indname
SURVEY1
# nyrs_ind
 30
# yrs_ind_in
 1 2 3 4 5 6 7 8 9 10 11 12 13 14 15 16 17 18 19 20 21 22 23 24 25 26 27 28 29 30
# mo_ind
 1
# obs_ind_in
 1.25073 1.23271 1.48975 1.28225 1.46206 1.55157 1.3996 1.20849 1.12952 1.16274 1.19434 1.0392 1.23809 1.06028 1.39545 1.14653 0.91703 0.852592 0.8418 0.824 0.804953 0.680864 0.595292 0.581209 0.617038 0.494656 0.602046 0.543273 0.602279 0.529797
# obs_se_ind_in
 0.250145 0.246542 0.297951 0.25645 0.292411 0.310315 0.27992 0.241697 0.225903 0.232549 0.238869 0.207841 0.247618 0.212056 0.279089 0.229306 0.183406 0.170518 0.16836 0.1648 0.160991 0.136173 0.119058 0.116242 0.123408 0.0989311 0.120409 0.108655 0.120456 0.105959
# nyrs_ind_age
 30
# nyrs_ind_length
 0
# yrs_ind_age_in
 1 2 3 4 5 6 7 8 9 10 11 12 13 14 15 16 17 18 19 20 21 22 23 24 25 26 27 28 29 30
# yrs_ind_length_in

# yrs_ind_age_in
 1 2 3 4 5 6 7 8 9 10 11 12 13 14 15 16 17 18 19 20 21 22 23 24 25 26 27 28 29 30
# n_sample_ind_length_in

# olc_ind_in

# oac_ind_in
 0.065 0.1 0.17 0.13 0.125 0.07 0.07 0.055 0.055 0.02 0.035 0.105
 0.035 0.13 0.175 0.105 0.11 0.07 0.055 0.07 0.05 0.035 0.035 0.13
 0.07 0.06 0.165 0.13 0.095 0.05 0.07 0.03 0.065 0.065 0.035 0.165
 0.095 0.13 0.085 0.115 0.105 0.1 0.07 0.065 0.055 0.05 0.025 0.105
 0.08 0.125 0.195 0.105 0.075 0.08 0.045 0.045 0.04 0.055 0.015 0.14
 0.065 0.215 0.145 0.19 0.08 0.065 0.055 0.02 0.045 0.03 0.025 0.065
 0.02 0.165 0.225 0.085 0.08 0.07 0.055 0.065 0.025 0.04 0.04 0.13
 0.07 0.145 0.13 0.225 0.075 0.06 0.055 0.065 0.02 0.015 0.015 0.125
 0.09 0.21 0.11 0.135 0.115 0.05 0.045 0.03 0.04 0.055 0.025 0.095
 0.09 0.14 0.22 0.095 0.15 0.05 0.045 0.04 0.005 0.04 0.045 0.08
 0.09 0.245 0.135 0.155 0.11 0.06 0.03 0.035 0.025 0.02 0.02 0.075
 0.095 0.175 0.205 0.11 0.125 0.055 0.05 0.045 0.035 0.015 0.005 0.085
 0.06 0.265 0.145 0.155 0.105 0.06 0.035 0.05 0.03 0.015 0.015 0.065
 0.105 0.15 0.24 0.13 0.125 0.07 0.065 0.04 0.01 0.015 0.015 0.035
 0.11 0.18 0.205 0.155 0.1 0.08 0.03 0.04 0.025 0.015 0.015 0.045
 0.1 0.215 0.205 0.125 0.095 0.06 0.08 0.005 0.02 0.01 0.03 0.055
 0.09 0.2 0.18 0.145 0.105 0.1 0.04 0.055 0.025 0.015 0.015 0.03
 0.05 0.165 0.235 0.17 0.125 0.09 0.055 0.025 0.02 0.015 0.025 0.025
 0.145 0.145 0.14 0.2 0.1 0.06 0.045 0.055 0.035 0.025 0.015 0.035
 0.085 0.285 0.15 0.12 0.1 0.075 0.035 0.025 0.035 0.035 0.025 0.03
 0.105 0.235 0.24 0.13 0.065 0.08 0.02 0.055 0.01 0.015 0.015 0.03
 0.095 0.195 0.26 0.205 0.05 0.05 0.06 0.01 0.02 0.015 0.01 0.03
 0.08 0.22 0.185 0.185 0.06 0.085 0.025 0.065 0.04 0.005 0.03 0.02
 0.12 0.285 0.21 0.12 0.085 0.07 0.015 0.02 0.025 0.015 0.015 0.02
 0.18 0.23 0.24 0.085 0.095 0.065 0.04 0.015 0.01 0.02 0.005 0.015
 0.095 0.23 0.175 0.235 0.09 0.04 0.075 0.035 0.005 0.005 0.005 0.01
 0.125 0.225 0.295 0.135 0.085 0.04 0.01 0.035 0.02 0.005 0.005 0.02
 0.18 0.255 0.2 0.14 0.095 0.045 0.03 0.015 0.025 0.01 0 0.005
 0.125 0.295 0.165 0.15 0.095 0.07 0.04 0.02 0.015 0.01 0.01 0.005
 0.14 0.25 0.27 0.175 0.05 0.06 0.01 0.01 0.005 0.005 0.005 0.02
# wt_ind
 1 1 1 1 1 1 1 1 1 1 1 1
 1 1 1 1 1 1 1 1 1 1 1 1
 1 1 1 1 1 1 1 1 1 1 1 1
 1 1 1 1 1 1 1 1 1 1 1 1
 1 1 1 1 1 1 1 1 1 1 1 1
 1 1 1 1 1 1 1 1 1 1 1 1
 1 1 1 1 1 1 1 1 1 1 1 1
 1 1 1 1 1 1 1 1 1 1 1 1
 1 1 1 1 1 1 1 1 1 1 1 1
 1 1 1 1 1 1 1 1 1 1 1 1
 1 1 1 1 1 1 1 1 1 1 1 1
 1 1 1 1 1 1 1 1 1 1 1 1
 1 1 1 1 1 1 1 1 1 1 1 1
 1 1 1 1 1 1 1 1 1 1 1 1
 1 1 1 1 1 1 1 1 1 1 1 1
 1 1 1 1 1 1 1 1 1 1 1 1
 1 1 1 1 1 1 1 1 1 1 1 1
 1 1 1 1 1 1 1 1 1 1 1 1
 1 1 1 1 1 1 1 1 1 1 1 1
 1 1 1 1 1 1 1 1 1 1 1 1
 1 1 1 1 1 1 1 1 1 1 1 1
 1 1 1 1 1 1 1 1 1 1 1 1
 1 1 1 1 1 1 1 1 1 1 1 1
 1 1 1 1 1 1 1 1 1 1 1 1
 1 1 1 1 1 1 1 1 1 1 1 1
 1 1 1 1 1 1 1 1 1 1 1 1
 1 1 1 1 1 1 1 1 1 1 1 1
 1 1 1 1 1 1 1 1 1 1 1 1
 1 1 1 1 1 1 1 1 1 1 1 1
 1 1 1 1 1 1 1 1 1 1 1 1
# wt_pop
 0.000530656 0.00119633 0.00205827 0.00303499 0.00405521 0.0050647 0.00602623 0.00691692 0.00772489 0.00844611 0.00908185 0.0096367
# maturity
 0.0229774 0.320821 0.904651 0.99478 0.999739 0.999987 0.999999 1 1 1 1 1
# spawnmo
1
# age_err
 1 0 0 0 0 0 0 0 0 0 0 0
 0 1 0 0 0 0 0 0 0 0 0 0
 0 0 1 0 0 0 0 0 0 0 0 0
 0 0 0 1 0 0 0 0 0 0 0 0
 0 0 0 0 1 0 0 0 0 0 0 0
 0 0 0 0 0 1 0 0 0 0 0 0
 0 0 0 0 0 0 1 0 0 0 0 0
 0 0 0 0 0 0 0 1 0 0 0 0
 0 0 0 0 0 0 0 0 1 0 0 0
 0 0 0 0 0 0 0 0 0 1 0 0
 0 0 0 0 0 0 0 0 0 0 1 0
 0 0 0 0 0 0 0 0 0 0 0 1
# cntrlfile_name
C:\Users\bai.li\DOCUME~1\Github\AGE_ST~2\ASSAMC\example\C0\output\AMAK\s5\amak.dat
# Map shared selectivity: 
# sel_map
 1 2
 1 1
# datafile_name
amak_data.dat
# model_name
AMAK_MCP
# SrType
2
# use_age_err
0
# retro
0
# sigmarprior
0.2
# cvsigmarprior
0.25
# phase_sigmar
-3
# styr_rec_est
1
# endyr_rec_est
30
# Linfprior
80
# cvLinfprior
0.25
# kprior
0.18
# cvkprior
0.25
# Loprior
27.688
# cvLoprior
0.25
# sdageprior
0.1
# cvsdageprior
0.25
# natmortprior
0.2
# cvnatmortprior
0.25
# phase_M
-4
# npars_Mage
0
# ages_M_changes

# Mage_in

# Mage_offset_in

# phase_Mage
-5
# phase_rw_M
0
# npars_rw_M
0
# yrs_rw_M

# sigma_rw_M

# qprior
 3.48998e-007
# cvqprior
 1
# phase_q
 1
# q_power_prior
 1
# cvq_power_prior
 0.2
# phase_q_power
 -4
# phase_rw_q
 -1
# npars_rw_q
 0
# yrs_rw_q

# sigma_rw_q

# q_age_min
 1
# q_age_max
 12
# q_age_min
 1
# q_age_max
 12
# fsh_sel_opt(k)
2
# phase_sel_fsh(k)
2
# n_sel_ch_fsh(k)
1
# sel_slp_in_fsh(k)(1,n_sel_ch_fsh(k))
 1
# sel_inf_in_fsh(k)(1,n_sel_ch_fsh(k))
 2
# logsel_slp_in_fsh(k)(1,n_sel_ch_fsh(k))
 0
# yrs_sel_ch_fsh(k)(1,n_sel_ch_fsh(k))
 1

Survey SURVEY1
# ind_sel_opt(k)
2
# indname(k)
SURVEY1
# nselages_in_ind(k)
11
# phase_sel_ind(k)
2
# sel_change_in_ind(k)
 1 0 0 0 0 0 0 0 0 0 0 0 0 0 0 0 0 0 0 0 0 0 0 0 0 0 0 0 0 0
# n_sel_ch_ind(k)
1
# yrs_sel_ch_ind(k)(1,n_sel_ch_ind(k))
 1
# sel_slp_in_ind(k,1)
2
# sel_inf_in_ind(k,1)
1.5
# logsel_slp_in_ind(k,1)
0.693147
# logsel_slp_in_indv(k)
0.693147
SURVEY1 ind sel opt 2  1 0 0 0 0 0 0 0 0 0 0 0 0 0 0 0 0 0 0 0 0 0 0 0 0 0 0 0 0 0
Phase indices Sel_Coffs:  -1
 Test: 1.23457e+008
# Fshry Selages:  11
# Srvy  Selages:  11
# Phase for age-spec fishery  -1
# Phase for logistic fishery  2
# Phase for dble logistic fishery  -1
# Phase for age-spec indices   -1
# Phase for logistic indices   2
# Phase for dble logistic ind  -1
# Curv_pen_fsh: 
 0
# Curv_pen_ind: 
 0
# styr_fut
31
# endyr_fut
35
# nyrs_fsh_age
 30
# nyrs_fsh_age
 30
# yrs_fsh_age
 1 2 3 4 5 6 7 8 9 10 11 12 13 14 15 16 17 18 19 20 21 22 23 24 25 26 27 28 29 30
# n_sample_fsh_age
 200 200 200 200 200 200 200 200 200 200 200 200 200 200 200 200 200 200 200 200 200 200 200 200 200 200 200 200 200 200
# oac_fsh
 0.06 0.105 0.135 0.175 0.115 0.07 0.06 0.055 0.035 0.04 0.05 0.1
 0.07 0.105 0.155 0.065 0.105 0.085 0.09 0.085 0.05 0.035 0.04 0.115
 0.055 0.11 0.145 0.125 0.125 0.05 0.07 0.075 0.03 0.045 0.02 0.15
 0.065 0.12 0.09 0.12 0.105 0.07 0.025 0.075 0.06 0.07 0.03 0.17
 0.09 0.085 0.14 0.095 0.085 0.155 0.05 0.05 0.02 0.025 0.04 0.165
 0.075 0.14 0.15 0.095 0.1 0.09 0.095 0.04 0.035 0.04 0.025 0.115
 0.04 0.12 0.175 0.16 0.105 0.055 0.065 0.05 0.015 0.05 0.025 0.14
 0.13 0.09 0.125 0.135 0.1 0.08 0.05 0.055 0.065 0.02 0.015 0.135
 0.13 0.145 0.12 0.155 0.075 0.08 0.06 0.045 0.035 0.035 0.03 0.09
 0.065 0.12 0.215 0.115 0.11 0.055 0.05 0.05 0.035 0.04 0.035 0.11
 0.095 0.18 0.145 0.14 0.09 0.08 0.07 0.035 0.045 0.02 0.005 0.095
 0.09 0.145 0.2 0.17 0.11 0.04 0.03 0.06 0.005 0.03 0.02 0.1
 0.1 0.17 0.11 0.16 0.125 0.115 0.035 0.055 0.04 0.03 0.02 0.04
 0.11 0.165 0.21 0.13 0.11 0.05 0.08 0.03 0.025 0.025 0.015 0.05
 0.12 0.17 0.14 0.13 0.11 0.11 0.05 0.075 0.03 0.015 0.015 0.035
 0.105 0.195 0.145 0.135 0.105 0.065 0.075 0.035 0.04 0.02 0.035 0.045
 0.09 0.19 0.14 0.185 0.105 0.095 0.035 0.05 0.015 0.025 0.015 0.055
 0.075 0.09 0.23 0.19 0.125 0.085 0.08 0.035 0.02 0.02 0.015 0.035
 0.155 0.105 0.12 0.24 0.08 0.07 0.04 0.06 0.045 0.02 0.025 0.04
 0.135 0.175 0.17 0.1 0.13 0.075 0.055 0.03 0.045 0.03 0.035 0.02
 0.125 0.255 0.185 0.09 0.045 0.085 0.08 0.045 0.02 0.025 0.015 0.03
 0.135 0.14 0.245 0.225 0.08 0.045 0.04 0.02 0.005 0.015 0.01 0.04
 0.1 0.155 0.225 0.26 0.08 0.025 0.03 0.035 0.02 0.025 0.005 0.04
 0.06 0.185 0.19 0.15 0.165 0.11 0.04 0.035 0.03 0.015 0 0.02
 0.165 0.21 0.175 0.2 0.075 0.055 0.045 0.03 0.015 0.005 0 0.025
 0.16 0.2 0.19 0.155 0.065 0.07 0.085 0.015 0.01 0.005 0.01 0.035
 0.17 0.16 0.27 0.125 0.1 0.075 0.025 0.04 0.01 0.005 0 0.02
 0.2 0.175 0.19 0.165 0.1 0.05 0.02 0.03 0.02 0.015 0.015 0.02
 0.16 0.295 0.24 0.115 0.07 0.045 0.035 0.01 0.005 0.01 0.01 0.005
 0.135 0.235 0.29 0.11 0.07 0.08 0.02 0.025 0.02 0 0.005 0.01
# olc_fsh

# wt_fsh
 0.000530656 0.00119633 0.00205827 0.00303499 0.00405521 0.0050647 0.00602623 0.00691692 0.00772489 0.00844611 0.00908185 0.0096367
 0.000530656 0.00119633 0.00205827 0.00303499 0.00405521 0.0050647 0.00602623 0.00691692 0.00772489 0.00844611 0.00908185 0.0096367
 0.000530656 0.00119633 0.00205827 0.00303499 0.00405521 0.0050647 0.00602623 0.00691692 0.00772489 0.00844611 0.00908185 0.0096367
 0.000530656 0.00119633 0.00205827 0.00303499 0.00405521 0.0050647 0.00602623 0.00691692 0.00772489 0.00844611 0.00908185 0.0096367
 0.000530656 0.00119633 0.00205827 0.00303499 0.00405521 0.0050647 0.00602623 0.00691692 0.00772489 0.00844611 0.00908185 0.0096367
 0.000530656 0.00119633 0.00205827 0.00303499 0.00405521 0.0050647 0.00602623 0.00691692 0.00772489 0.00844611 0.00908185 0.0096367
 0.000530656 0.00119633 0.00205827 0.00303499 0.00405521 0.0050647 0.00602623 0.00691692 0.00772489 0.00844611 0.00908185 0.0096367
 0.000530656 0.00119633 0.00205827 0.00303499 0.00405521 0.0050647 0.00602623 0.00691692 0.00772489 0.00844611 0.00908185 0.0096367
 0.000530656 0.00119633 0.00205827 0.00303499 0.00405521 0.0050647 0.00602623 0.00691692 0.00772489 0.00844611 0.00908185 0.0096367
 0.000530656 0.00119633 0.00205827 0.00303499 0.00405521 0.0050647 0.00602623 0.00691692 0.00772489 0.00844611 0.00908185 0.0096367
 0.000530656 0.00119633 0.00205827 0.00303499 0.00405521 0.0050647 0.00602623 0.00691692 0.00772489 0.00844611 0.00908185 0.0096367
 0.000530656 0.00119633 0.00205827 0.00303499 0.00405521 0.0050647 0.00602623 0.00691692 0.00772489 0.00844611 0.00908185 0.0096367
 0.000530656 0.00119633 0.00205827 0.00303499 0.00405521 0.0050647 0.00602623 0.00691692 0.00772489 0.00844611 0.00908185 0.0096367
 0.000530656 0.00119633 0.00205827 0.00303499 0.00405521 0.0050647 0.00602623 0.00691692 0.00772489 0.00844611 0.00908185 0.0096367
 0.000530656 0.00119633 0.00205827 0.00303499 0.00405521 0.0050647 0.00602623 0.00691692 0.00772489 0.00844611 0.00908185 0.0096367
 0.000530656 0.00119633 0.00205827 0.00303499 0.00405521 0.0050647 0.00602623 0.00691692 0.00772489 0.00844611 0.00908185 0.0096367
 0.000530656 0.00119633 0.00205827 0.00303499 0.00405521 0.0050647 0.00602623 0.00691692 0.00772489 0.00844611 0.00908185 0.0096367
 0.000530656 0.00119633 0.00205827 0.00303499 0.00405521 0.0050647 0.00602623 0.00691692 0.00772489 0.00844611 0.00908185 0.0096367
 0.000530656 0.00119633 0.00205827 0.00303499 0.00405521 0.0050647 0.00602623 0.00691692 0.00772489 0.00844611 0.00908185 0.0096367
 0.000530656 0.00119633 0.00205827 0.00303499 0.00405521 0.0050647 0.00602623 0.00691692 0.00772489 0.00844611 0.00908185 0.0096367
 0.000530656 0.00119633 0.00205827 0.00303499 0.00405521 0.0050647 0.00602623 0.00691692 0.00772489 0.00844611 0.00908185 0.0096367
 0.000530656 0.00119633 0.00205827 0.00303499 0.00405521 0.0050647 0.00602623 0.00691692 0.00772489 0.00844611 0.00908185 0.0096367
 0.000530656 0.00119633 0.00205827 0.00303499 0.00405521 0.0050647 0.00602623 0.00691692 0.00772489 0.00844611 0.00908185 0.0096367
 0.000530656 0.00119633 0.00205827 0.00303499 0.00405521 0.0050647 0.00602623 0.00691692 0.00772489 0.00844611 0.00908185 0.0096367
 0.000530656 0.00119633 0.00205827 0.00303499 0.00405521 0.0050647 0.00602623 0.00691692 0.00772489 0.00844611 0.00908185 0.0096367
 0.000530656 0.00119633 0.00205827 0.00303499 0.00405521 0.0050647 0.00602623 0.00691692 0.00772489 0.00844611 0.00908185 0.0096367
 0.000530656 0.00119633 0.00205827 0.00303499 0.00405521 0.0050647 0.00602623 0.00691692 0.00772489 0.00844611 0.00908185 0.0096367
 0.000530656 0.00119633 0.00205827 0.00303499 0.00405521 0.0050647 0.00602623 0.00691692 0.00772489 0.00844611 0.00908185 0.0096367
 0.000530656 0.00119633 0.00205827 0.00303499 0.00405521 0.0050647 0.00602623 0.00691692 0.00772489 0.00844611 0.00908185 0.0096367
 0.000530656 0.00119633 0.00205827 0.00303499 0.00405521 0.0050647 0.00602623 0.00691692 0.00772489 0.00844611 0.00908185 0.0096367
# nyrs_ind_age
 30
# yrs_ind_age
 1 2 3 4 5 6 7 8 9 10 11 12 13 14 15 16 17 18 19 20 21 22 23 24 25 26 27 28 29 30
# n_sample_ind_age
 200 200 200 200 200 200 200 200 200 200 200 200 200 200 200 200 200 200 200 200 200 200 200 200 200 200 200 200 200 200
# oac_ind
 0.065 0.1 0.17 0.13 0.125 0.07 0.07 0.055 0.055 0.02 0.035 0.105
 0.035 0.13 0.175 0.105 0.11 0.07 0.055 0.07 0.05 0.035 0.035 0.13
 0.07 0.06 0.165 0.13 0.095 0.05 0.07 0.03 0.065 0.065 0.035 0.165
 0.095 0.13 0.085 0.115 0.105 0.1 0.07 0.065 0.055 0.05 0.025 0.105
 0.08 0.125 0.195 0.105 0.075 0.08 0.045 0.045 0.04 0.055 0.015 0.14
 0.065 0.215 0.145 0.19 0.08 0.065 0.055 0.02 0.045 0.03 0.025 0.065
 0.02 0.165 0.225 0.085 0.08 0.07 0.055 0.065 0.025 0.04 0.04 0.13
 0.07 0.145 0.13 0.225 0.075 0.06 0.055 0.065 0.02 0.015 0.015 0.125
 0.09 0.21 0.11 0.135 0.115 0.05 0.045 0.03 0.04 0.055 0.025 0.095
 0.09 0.14 0.22 0.095 0.15 0.05 0.045 0.04 0.005 0.04 0.045 0.08
 0.09 0.245 0.135 0.155 0.11 0.06 0.03 0.035 0.025 0.02 0.02 0.075
 0.095 0.175 0.205 0.11 0.125 0.055 0.05 0.045 0.035 0.015 0.005 0.085
 0.06 0.265 0.145 0.155 0.105 0.06 0.035 0.05 0.03 0.015 0.015 0.065
 0.105 0.15 0.24 0.13 0.125 0.07 0.065 0.04 0.01 0.015 0.015 0.035
 0.11 0.18 0.205 0.155 0.1 0.08 0.03 0.04 0.025 0.015 0.015 0.045
 0.1 0.215 0.205 0.125 0.095 0.06 0.08 0.005 0.02 0.01 0.03 0.055
 0.09 0.2 0.18 0.145 0.105 0.1 0.04 0.055 0.025 0.015 0.015 0.03
 0.05 0.165 0.235 0.17 0.125 0.09 0.055 0.025 0.02 0.015 0.025 0.025
 0.145 0.145 0.14 0.2 0.1 0.06 0.045 0.055 0.035 0.025 0.015 0.035
 0.085 0.285 0.15 0.12 0.1 0.075 0.035 0.025 0.035 0.035 0.025 0.03
 0.105 0.235 0.24 0.13 0.065 0.08 0.02 0.055 0.01 0.015 0.015 0.03
 0.095 0.195 0.26 0.205 0.05 0.05 0.06 0.01 0.02 0.015 0.01 0.03
 0.08 0.22 0.185 0.185 0.06 0.085 0.025 0.065 0.04 0.005 0.03 0.02
 0.12 0.285 0.21 0.12 0.085 0.07 0.015 0.02 0.025 0.015 0.015 0.02
 0.18 0.23 0.24 0.085 0.095 0.065 0.04 0.015 0.01 0.02 0.005 0.015
 0.095 0.23 0.175 0.235 0.09 0.04 0.075 0.035 0.005 0.005 0.005 0.01
 0.125 0.225 0.295 0.135 0.085 0.04 0.01 0.035 0.02 0.005 0.005 0.02
 0.18 0.255 0.2 0.14 0.095 0.045 0.03 0.015 0.025 0.01 0 0.005
 0.125 0.295 0.165 0.15 0.095 0.07 0.04 0.02 0.015 0.01 0.01 0.005
 0.14 0.25 0.27 0.175 0.05 0.06 0.01 0.01 0.005 0.005 0.005 0.02
# olc_ind

# obs_lse_ind
 0.198042 0.198042 0.198042 0.198042 0.198042 0.198042 0.198042 0.198042 0.198042 0.198042 0.198042 0.198042 0.198042 0.198042 0.198042 0.198042 0.198042 0.198042 0.198042 0.198042 0.198042 0.198042 0.198042 0.198042 0.198042 0.198042 0.198042 0.198042 0.198042 0.198042
# xages_fsh
 0 0 0 0 0 0 0 0 0 0 0 0
# xages_fsh
 0 0.0909091 0.181818 0.272727 0.363636 0.454545 0.545455 0.636364 0.727273 0.818182 0.909091 1
# xnodes_fsh

Yrs fsh_sel change:  1 0 0 0 0 0 0 0 0 0 0 0 0 0 0 0 0 0 0 0 0 0 0 0 0 0 0 0 0
Yrs ind_sel change:  1 0 0 0 0 0 0 0 0 0 0 0 0 0 0 0 0 0 0 0 0 0 0 0 0 0 0 0 0
# steepnessprior
0.75
# sigmarprior
0.2
#  SSB estimated in styr endyr: -13 28 
#  Rec estimated in styr endyr: -11 30 
#  SR Curve fit  in styr endyr: 1 30 
#             Model styr endyr: 1 30 
# qprior
 3.48998e-007
# q_power_prior 
 1 
# cv_catchbiomass 
0.05 
# CatchbiomassPen 
200 
# Number of projection years 
5 
# offset_fsh
 13405.8
# offset_ind
 13127.1
Mean Catch
1332.29
R_guess 
15.4548
# nfsh
1
# n_sel_ch_fsh
 1
# nselages_fsh
 11
# phase_selcoff_fsh
 -1
logRzero 15.4548
logmeanrec 15.4548
exp(log_sigmarprior 0.2
Fish sel phase: -1 FLEET1
Fixing fishery sel to
1
Srvy sel phase: -1
Fixing SURVEY1 indices sel to
1
# logsel_slp_in_indv
 0.693147
Leaving parameter init secton
# M
 0.2 0.2 0.2 0.2 0.2 0.2 0.2 0.2 0.2 0.2 0.2 0.2
 0.2 0.2 0.2 0.2 0.2 0.2 0.2 0.2 0.2 0.2 0.2 0.2
 0.2 0.2 0.2 0.2 0.2 0.2 0.2 0.2 0.2 0.2 0.2 0.2
 0.2 0.2 0.2 0.2 0.2 0.2 0.2 0.2 0.2 0.2 0.2 0.2
 0.2 0.2 0.2 0.2 0.2 0.2 0.2 0.2 0.2 0.2 0.2 0.2
 0.2 0.2 0.2 0.2 0.2 0.2 0.2 0.2 0.2 0.2 0.2 0.2
 0.2 0.2 0.2 0.2 0.2 0.2 0.2 0.2 0.2 0.2 0.2 0.2
 0.2 0.2 0.2 0.2 0.2 0.2 0.2 0.2 0.2 0.2 0.2 0.2
 0.2 0.2 0.2 0.2 0.2 0.2 0.2 0.2 0.2 0.2 0.2 0.2
 0.2 0.2 0.2 0.2 0.2 0.2 0.2 0.2 0.2 0.2 0.2 0.2
 0.2 0.2 0.2 0.2 0.2 0.2 0.2 0.2 0.2 0.2 0.2 0.2
 0.2 0.2 0.2 0.2 0.2 0.2 0.2 0.2 0.2 0.2 0.2 0.2
 0.2 0.2 0.2 0.2 0.2 0.2 0.2 0.2 0.2 0.2 0.2 0.2
 0.2 0.2 0.2 0.2 0.2 0.2 0.2 0.2 0.2 0.2 0.2 0.2
 0.2 0.2 0.2 0.2 0.2 0.2 0.2 0.2 0.2 0.2 0.2 0.2
 0.2 0.2 0.2 0.2 0.2 0.2 0.2 0.2 0.2 0.2 0.2 0.2
 0.2 0.2 0.2 0.2 0.2 0.2 0.2 0.2 0.2 0.2 0.2 0.2
 0.2 0.2 0.2 0.2 0.2 0.2 0.2 0.2 0.2 0.2 0.2 0.2
 0.2 0.2 0.2 0.2 0.2 0.2 0.2 0.2 0.2 0.2 0.2 0.2
 0.2 0.2 0.2 0.2 0.2 0.2 0.2 0.2 0.2 0.2 0.2 0.2
 0.2 0.2 0.2 0.2 0.2 0.2 0.2 0.2 0.2 0.2 0.2 0.2
 0.2 0.2 0.2 0.2 0.2 0.2 0.2 0.2 0.2 0.2 0.2 0.2
 0.2 0.2 0.2 0.2 0.2 0.2 0.2 0.2 0.2 0.2 0.2 0.2
 0.2 0.2 0.2 0.2 0.2 0.2 0.2 0.2 0.2 0.2 0.2 0.2
 0.2 0.2 0.2 0.2 0.2 0.2 0.2 0.2 0.2 0.2 0.2 0.2
 0.2 0.2 0.2 0.2 0.2 0.2 0.2 0.2 0.2 0.2 0.2 0.2
 0.2 0.2 0.2 0.2 0.2 0.2 0.2 0.2 0.2 0.2 0.2 0.2
 0.2 0.2 0.2 0.2 0.2 0.2 0.2 0.2 0.2 0.2 0.2 0.2
 0.2 0.2 0.2 0.2 0.2 0.2 0.2 0.2 0.2 0.2 0.2 0.2
 0.2 0.2 0.2 0.2 0.2 0.2 0.2 0.2 0.2 0.2 0.2 0.2
# mean_log_rec
13.8092
# log_Rzero
13.8452
# rec_dev
 -0.0992854 -0.118905 0.0931332 0.000633999 -0.053065 0.0584774 0.100818 -0.00213826 0.0376875 -0.0462253 -0.113893 0.131635 0.00968651 -0.237608 0.0392039 -0.04839 0.199169 0.0760785 -0.179914 0.265818 0.0134327 0.274377 0.0390265 0.274188 0.0540546 0.150818 0.125963 0.234502 -0.319585 -0.357712 0.0828922 0.134677 -0.242969 -0.273361 -0.211786 -0.384754 -0.176481 -0.4096 -0.287213 -0.000535008 -0.231344 -0.277441
# fmort
 0.00864622 0.0252078 0.0420693 0.0567153 0.0451692 0.0810969 0.0827278 0.175201 0.102073 0.124271 0.141063 0.150647 0.109894 0.161 0.172434 0.154393 0.303914 0.248725 0.245177 0.24495 0.340234 0.247932 0.404483 0.338474 0.33349 0.306795 0.295294 0.410591 0.307618 0.466121
# rec_dev_future
 0 0 0 0 0
