AMAK;Mar 2020
# styr
1
# endyr
30
# rec_age
1
# oldest_age
12
# nlength
81
# len_bins
 10 11 12 13 14 15 16 17 18 19 20 21 22 23 24 25 26 27 28 29 30 31 32 33 34 35 36 37 38 39 40 41 42 43 44 45 46 47 48 49 50 51 52 53 54 55 56 57 58 59 60 61 62 63 64 65 66 67 68 69 70 71 72 73 74 75 76 77 78 79 80 81 82 83 84 85 86 87 88 89 90
# datafile_name
amak_data.dat
# model_name
AMAK_MCP
# styr
1
# endyr
30
# rec_age
1
# oldest_age
12
# nfsh
1
# fshname
FLEET1
# catch_bio_in
 182.271 342.927 497.606 673.877 1334.28 1381.27 1324.05 1393.18 1342.8 1689.46 1378.18 1317.78 1297.93 1553.08 1423.24 1717.55 1058.19 1523.86 1879.53 1530.1 1163.08 1155.06 1633.91 1197.87 1572 1096.48 1077.21 1108.56 857.038 1358.87
# catch_bio_sd_in
 0.01 0.01 0.01 0.01 0.01 0.01 0.01 0.01 0.01 0.01 0.01 0.01 0.01 0.01 0.01 0.01 0.01 0.01 0.01 0.01 0.01 0.01 0.01 0.01 0.01 0.01 0.01 0.01 0.01 0.01
# nyrs_fsh_age
 30
# nyrs_fsh_length
 0
# yrs_fsh_age_in
 1 2 3 4 5 6 7 8 9 10 11 12 13 14 15 16 17 18 19 20 21 22 23 24 25 26 27 28 29 30
# yrs_fsh_length_in

# n_sample_fsh_length_in

# olc_fsh_in

# nind
1
# indname
SURVEY1
# nyrs_ind
 30
# yrs_ind_in
 1 2 3 4 5 6 7 8 9 10 11 12 13 14 15 16 17 18 19 20 21 22 23 24 25 26 27 28 29 30
# mo_ind
 1
# obs_ind_in
 1.12777 1.81132 1.53679 1.67165 1.85645 1.27231 1.31336 1.53378 1.24544 1.06326 1.0346 0.876494 0.908207 1.21547 0.944127 1.14047 0.836442 0.898138 1.0012 0.841573 0.77096 0.65424 0.757817 0.644397 0.641145 0.635406 0.598966 0.514564 0.616806 0.55161
# obs_se_ind_in
 0.225555 0.362264 0.307358 0.334331 0.37129 0.254461 0.262671 0.306757 0.249088 0.212652 0.206919 0.175299 0.181641 0.243093 0.188825 0.228095 0.167288 0.179628 0.20024 0.168315 0.154192 0.130848 0.151563 0.128879 0.128229 0.127081 0.119793 0.102913 0.123361 0.110322
# nyrs_ind_age
 30
# nyrs_ind_length
 0
# yrs_ind_age_in
 1 2 3 4 5 6 7 8 9 10 11 12 13 14 15 16 17 18 19 20 21 22 23 24 25 26 27 28 29 30
# yrs_ind_length_in

# yrs_ind_age_in
 1 2 3 4 5 6 7 8 9 10 11 12 13 14 15 16 17 18 19 20 21 22 23 24 25 26 27 28 29 30
# n_sample_ind_length_in

# olc_ind_in

# oac_ind_in
 0.03 0.14 0.18 0.13 0.1 0.1 0.025 0.04 0.05 0.03 0.01 0.165
 0.095 0.13 0.145 0.08 0.09 0.09 0.085 0.04 0.045 0.045 0.055 0.1
 0.08 0.12 0.125 0.125 0.075 0.095 0.05 0.075 0.05 0.03 0.03 0.145
 0.07 0.18 0.125 0.14 0.095 0.065 0.08 0.05 0.03 0.02 0.035 0.11
 0.035 0.175 0.145 0.145 0.095 0.075 0.055 0.065 0.03 0.035 0.035 0.11
 0.065 0.115 0.18 0.14 0.095 0.06 0.055 0.06 0.025 0.035 0.02 0.15
 0.035 0.145 0.075 0.195 0.135 0.05 0.08 0.075 0.02 0.035 0.03 0.125
 0.105 0.145 0.16 0.115 0.125 0.065 0.04 0.07 0.04 0.015 0.02 0.1
 0.08 0.225 0.11 0.11 0.08 0.08 0.095 0.055 0.015 0.015 0.03 0.105
 0.045 0.155 0.24 0.1 0.09 0.07 0.085 0.065 0.04 0.03 0.025 0.055
 0.05 0.185 0.17 0.16 0.085 0.05 0.03 0.08 0.02 0.02 0.015 0.135
 0.145 0.14 0.16 0.105 0.125 0.065 0.055 0.03 0.055 0.025 0.02 0.075
 0.09 0.24 0.115 0.12 0.065 0.12 0.07 0.025 0.015 0.05 0.02 0.07
 0.07 0.19 0.24 0.11 0.085 0.065 0.08 0.06 0.03 0.005 0.015 0.05
 0.1 0.18 0.255 0.15 0.085 0.025 0.04 0.045 0.03 0.035 0.01 0.045
 0.115 0.14 0.135 0.175 0.16 0.035 0.06 0.03 0.04 0.03 0.01 0.07
 0.09 0.29 0.17 0.12 0.125 0.06 0.03 0.015 0.03 0.015 0.005 0.05
 0.135 0.205 0.225 0.15 0.065 0.075 0.06 0.01 0.025 0.01 0.025 0.015
 0.08 0.175 0.255 0.195 0.06 0.085 0.055 0.025 0.015 0.01 0 0.045
 0.105 0.2 0.2 0.165 0.12 0.065 0.035 0.05 0.01 0 0.03 0.02
 0.08 0.25 0.185 0.12 0.12 0.095 0.05 0.01 0.02 0.02 0.01 0.04
 0.095 0.255 0.195 0.15 0.09 0.07 0.055 0.025 0.025 0.015 0 0.025
 0.1 0.2 0.205 0.18 0.065 0.075 0.02 0.055 0.035 0.015 0.01 0.04
 0.105 0.3 0.115 0.16 0.12 0.075 0.025 0.04 0.03 0.015 0.01 0.005
 0.11 0.2 0.305 0.125 0.11 0.045 0.04 0.02 0.02 0.015 0 0.01
 0.135 0.18 0.185 0.195 0.105 0.07 0.03 0.045 0.015 0.005 0.005 0.03
 0.125 0.26 0.22 0.115 0.115 0.045 0.065 0.03 0.01 0.005 0 0.01
 0.155 0.26 0.2 0.14 0.085 0.07 0.035 0.03 0.01 0 0.005 0.01
 0.12 0.35 0.2 0.12 0.085 0.035 0.03 0.03 0.015 0 0 0.015
 0.065 0.23 0.31 0.15 0.085 0.055 0.03 0.03 0.005 0.02 0.01 0.01
# wt_ind
 1 1 1 1 1 1 1 1 1 1 1 1
 1 1 1 1 1 1 1 1 1 1 1 1
 1 1 1 1 1 1 1 1 1 1 1 1
 1 1 1 1 1 1 1 1 1 1 1 1
 1 1 1 1 1 1 1 1 1 1 1 1
 1 1 1 1 1 1 1 1 1 1 1 1
 1 1 1 1 1 1 1 1 1 1 1 1
 1 1 1 1 1 1 1 1 1 1 1 1
 1 1 1 1 1 1 1 1 1 1 1 1
 1 1 1 1 1 1 1 1 1 1 1 1
 1 1 1 1 1 1 1 1 1 1 1 1
 1 1 1 1 1 1 1 1 1 1 1 1
 1 1 1 1 1 1 1 1 1 1 1 1
 1 1 1 1 1 1 1 1 1 1 1 1
 1 1 1 1 1 1 1 1 1 1 1 1
 1 1 1 1 1 1 1 1 1 1 1 1
 1 1 1 1 1 1 1 1 1 1 1 1
 1 1 1 1 1 1 1 1 1 1 1 1
 1 1 1 1 1 1 1 1 1 1 1 1
 1 1 1 1 1 1 1 1 1 1 1 1
 1 1 1 1 1 1 1 1 1 1 1 1
 1 1 1 1 1 1 1 1 1 1 1 1
 1 1 1 1 1 1 1 1 1 1 1 1
 1 1 1 1 1 1 1 1 1 1 1 1
 1 1 1 1 1 1 1 1 1 1 1 1
 1 1 1 1 1 1 1 1 1 1 1 1
 1 1 1 1 1 1 1 1 1 1 1 1
 1 1 1 1 1 1 1 1 1 1 1 1
 1 1 1 1 1 1 1 1 1 1 1 1
 1 1 1 1 1 1 1 1 1 1 1 1
# wt_pop
 0.000530656 0.00119633 0.00205827 0.00303499 0.00405521 0.0050647 0.00602623 0.00691692 0.00772489 0.00844611 0.00908185 0.0096367
# maturity
 0.0229774 0.320821 0.904651 0.99478 0.999739 0.999987 0.999999 1 1 1 1 1
# spawnmo
1
# age_err
 1 0 0 0 0 0 0 0 0 0 0 0
 0 1 0 0 0 0 0 0 0 0 0 0
 0 0 1 0 0 0 0 0 0 0 0 0
 0 0 0 1 0 0 0 0 0 0 0 0
 0 0 0 0 1 0 0 0 0 0 0 0
 0 0 0 0 0 1 0 0 0 0 0 0
 0 0 0 0 0 0 1 0 0 0 0 0
 0 0 0 0 0 0 0 1 0 0 0 0
 0 0 0 0 0 0 0 0 1 0 0 0
 0 0 0 0 0 0 0 0 0 1 0 0
 0 0 0 0 0 0 0 0 0 0 1 0
 0 0 0 0 0 0 0 0 0 0 0 1
# cntrlfile_name
C:\Users\bai.li\DOCUME~1\Github\AGE_ST~2\ASSAMC\example\C3\output\AMAK\s4\amak.dat
# Map shared selectivity: 
# sel_map
 1 2
 1 1
# datafile_name
amak_data.dat
# model_name
AMAK_MCP
# SrType
2
# use_age_err
0
# retro
0
# sigmarprior
0.2
# cvsigmarprior
0.25
# phase_sigmar
-3
# styr_rec_est
1
# endyr_rec_est
30
# Linfprior
80
# cvLinfprior
0.25
# kprior
0.18
# cvkprior
0.25
# Loprior
27.688
# cvLoprior
0.25
# sdageprior
0.1
# cvsdageprior
0.25
# natmortprior
0.2
# cvnatmortprior
0.25
# phase_M
-4
# npars_Mage
0
# ages_M_changes

# Mage_in

# Mage_offset_in

# phase_Mage
-5
# phase_rw_M
0
# npars_rw_M
0
# yrs_rw_M

# sigma_rw_M

# qprior
 3.48998e-007
# cvqprior
 1
# phase_q
 1
# q_power_prior
 1
# cvq_power_prior
 0.2
# phase_q_power
 -4
# phase_rw_q
 -1
# npars_rw_q
 0
# yrs_rw_q

# sigma_rw_q

# q_age_min
 1
# q_age_max
 12
# q_age_min
 1
# q_age_max
 12
# fsh_sel_opt(k)
2
# phase_sel_fsh(k)
2
# n_sel_ch_fsh(k)
1
# sel_slp_in_fsh(k)(1,n_sel_ch_fsh(k))
 1
# sel_inf_in_fsh(k)(1,n_sel_ch_fsh(k))
 2
# logsel_slp_in_fsh(k)(1,n_sel_ch_fsh(k))
 0
# yrs_sel_ch_fsh(k)(1,n_sel_ch_fsh(k))
 1

Survey SURVEY1
# ind_sel_opt(k)
2
# indname(k)
SURVEY1
# nselages_in_ind(k)
11
# phase_sel_ind(k)
2
# sel_change_in_ind(k)
 1 0 0 0 0 0 0 0 0 0 0 0 0 0 0 0 0 0 0 0 0 0 0 0 0 0 0 0 0 0
# n_sel_ch_ind(k)
1
# yrs_sel_ch_ind(k)(1,n_sel_ch_ind(k))
 1
# sel_slp_in_ind(k,1)
2
# sel_inf_in_ind(k,1)
1.5
# logsel_slp_in_ind(k,1)
0.693147
# logsel_slp_in_indv(k)
0.693147
SURVEY1 ind sel opt 2  1 0 0 0 0 0 0 0 0 0 0 0 0 0 0 0 0 0 0 0 0 0 0 0 0 0 0 0 0 0
Phase indices Sel_Coffs:  -1
 Test: 1.23457e+008
# Fshry Selages:  11
# Srvy  Selages:  11
# Phase for age-spec fishery  -1
# Phase for logistic fishery  2
# Phase for dble logistic fishery  -1
# Phase for age-spec indices   -1
# Phase for logistic indices   2
# Phase for dble logistic ind  -1
# Curv_pen_fsh: 
 0
# Curv_pen_ind: 
 0
# styr_fut
31
# endyr_fut
35
# nyrs_fsh_age
 30
# nyrs_fsh_age
 30
# yrs_fsh_age
 1 2 3 4 5 6 7 8 9 10 11 12 13 14 15 16 17 18 19 20 21 22 23 24 25 26 27 28 29 30
# n_sample_fsh_age
 200 200 200 200 200 200 200 200 200 200 200 200 200 200 200 200 200 200 200 200 200 200 200 200 200 200 200 200 200 200
# oac_fsh
 0.06 0.14 0.12 0.085 0.11 0.095 0.06 0.065 0.065 0.045 0.02 0.135
 0.065 0.1 0.075 0.17 0.11 0.095 0.085 0.05 0.055 0.03 0.03 0.135
 0.075 0.075 0.155 0.075 0.115 0.105 0.065 0.075 0.03 0.04 0.04 0.15
 0.085 0.09 0.14 0.145 0.05 0.07 0.075 0.075 0.06 0.04 0.03 0.14
 0.02 0.18 0.105 0.085 0.105 0.095 0.07 0.07 0.03 0.045 0.055 0.14
 0.08 0.07 0.17 0.115 0.14 0.07 0.075 0.07 0.05 0.04 0.015 0.105
 0.065 0.11 0.145 0.16 0.095 0.085 0.06 0.035 0.075 0.035 0.02 0.115
 0.115 0.105 0.115 0.11 0.125 0.08 0.06 0.055 0.02 0.015 0.05 0.15
 0.08 0.2 0.085 0.1 0.07 0.115 0.065 0.05 0.05 0.045 0.035 0.105
 0.075 0.105 0.13 0.12 0.13 0.05 0.145 0.035 0.03 0.015 0.03 0.135
 0.105 0.08 0.135 0.215 0.105 0.075 0.085 0.055 0.03 0.025 0.005 0.085
 0.1 0.085 0.16 0.145 0.105 0.065 0.07 0.05 0.05 0.03 0.035 0.105
 0.085 0.16 0.135 0.105 0.105 0.125 0.085 0.04 0.04 0.015 0.02 0.085
 0.1 0.185 0.19 0.095 0.085 0.075 0.085 0.04 0.03 0.02 0.025 0.07
 0.115 0.16 0.18 0.12 0.075 0.09 0.055 0.09 0.015 0.02 0.025 0.055
 0.15 0.175 0.145 0.15 0.15 0.05 0.055 0.035 0.025 0.025 0 0.04
 0.13 0.19 0.195 0.1 0.12 0.08 0.025 0.05 0.025 0.03 0.005 0.05
 0.11 0.215 0.235 0.11 0.06 0.095 0.06 0.01 0.03 0.015 0.005 0.055
 0.115 0.135 0.21 0.185 0.09 0.05 0.08 0.035 0.015 0.025 0.015 0.045
 0.15 0.2 0.14 0.195 0.105 0.075 0.055 0.025 0.025 0.01 0.015 0.005
 0.13 0.13 0.18 0.14 0.105 0.105 0.075 0.035 0.03 0.03 0.01 0.03
 0.135 0.14 0.215 0.14 0.05 0.08 0.08 0.045 0.025 0.025 0.02 0.045
 0.18 0.145 0.205 0.13 0.12 0.07 0.07 0.035 0.02 0.005 0 0.02
 0.12 0.215 0.175 0.2 0.115 0.06 0.03 0.03 0.005 0.025 0 0.025
 0.115 0.19 0.26 0.14 0.13 0.04 0.04 0.025 0.02 0.015 0.005 0.02
 0.12 0.23 0.19 0.165 0.105 0.055 0.035 0.03 0 0.015 0.015 0.04
 0.16 0.15 0.245 0.115 0.125 0.07 0.055 0.045 0.005 0.01 0.005 0.015
 0.185 0.19 0.21 0.15 0.095 0.075 0.03 0.02 0.025 0.015 0 0.005
 0.15 0.275 0.2 0.15 0.07 0.045 0.05 0.01 0.02 0.005 0.01 0.015
 0.14 0.19 0.235 0.21 0.12 0.03 0.03 0.025 0.005 0.01 0 0.005
# olc_fsh

# wt_fsh
 0.000530656 0.00119633 0.00205827 0.00303499 0.00405521 0.0050647 0.00602623 0.00691692 0.00772489 0.00844611 0.00908185 0.0096367
 0.000530656 0.00119633 0.00205827 0.00303499 0.00405521 0.0050647 0.00602623 0.00691692 0.00772489 0.00844611 0.00908185 0.0096367
 0.000530656 0.00119633 0.00205827 0.00303499 0.00405521 0.0050647 0.00602623 0.00691692 0.00772489 0.00844611 0.00908185 0.0096367
 0.000530656 0.00119633 0.00205827 0.00303499 0.00405521 0.0050647 0.00602623 0.00691692 0.00772489 0.00844611 0.00908185 0.0096367
 0.000530656 0.00119633 0.00205827 0.00303499 0.00405521 0.0050647 0.00602623 0.00691692 0.00772489 0.00844611 0.00908185 0.0096367
 0.000530656 0.00119633 0.00205827 0.00303499 0.00405521 0.0050647 0.00602623 0.00691692 0.00772489 0.00844611 0.00908185 0.0096367
 0.000530656 0.00119633 0.00205827 0.00303499 0.00405521 0.0050647 0.00602623 0.00691692 0.00772489 0.00844611 0.00908185 0.0096367
 0.000530656 0.00119633 0.00205827 0.00303499 0.00405521 0.0050647 0.00602623 0.00691692 0.00772489 0.00844611 0.00908185 0.0096367
 0.000530656 0.00119633 0.00205827 0.00303499 0.00405521 0.0050647 0.00602623 0.00691692 0.00772489 0.00844611 0.00908185 0.0096367
 0.000530656 0.00119633 0.00205827 0.00303499 0.00405521 0.0050647 0.00602623 0.00691692 0.00772489 0.00844611 0.00908185 0.0096367
 0.000530656 0.00119633 0.00205827 0.00303499 0.00405521 0.0050647 0.00602623 0.00691692 0.00772489 0.00844611 0.00908185 0.0096367
 0.000530656 0.00119633 0.00205827 0.00303499 0.00405521 0.0050647 0.00602623 0.00691692 0.00772489 0.00844611 0.00908185 0.0096367
 0.000530656 0.00119633 0.00205827 0.00303499 0.00405521 0.0050647 0.00602623 0.00691692 0.00772489 0.00844611 0.00908185 0.0096367
 0.000530656 0.00119633 0.00205827 0.00303499 0.00405521 0.0050647 0.00602623 0.00691692 0.00772489 0.00844611 0.00908185 0.0096367
 0.000530656 0.00119633 0.00205827 0.00303499 0.00405521 0.0050647 0.00602623 0.00691692 0.00772489 0.00844611 0.00908185 0.0096367
 0.000530656 0.00119633 0.00205827 0.00303499 0.00405521 0.0050647 0.00602623 0.00691692 0.00772489 0.00844611 0.00908185 0.0096367
 0.000530656 0.00119633 0.00205827 0.00303499 0.00405521 0.0050647 0.00602623 0.00691692 0.00772489 0.00844611 0.00908185 0.0096367
 0.000530656 0.00119633 0.00205827 0.00303499 0.00405521 0.0050647 0.00602623 0.00691692 0.00772489 0.00844611 0.00908185 0.0096367
 0.000530656 0.00119633 0.00205827 0.00303499 0.00405521 0.0050647 0.00602623 0.00691692 0.00772489 0.00844611 0.00908185 0.0096367
 0.000530656 0.00119633 0.00205827 0.00303499 0.00405521 0.0050647 0.00602623 0.00691692 0.00772489 0.00844611 0.00908185 0.0096367
 0.000530656 0.00119633 0.00205827 0.00303499 0.00405521 0.0050647 0.00602623 0.00691692 0.00772489 0.00844611 0.00908185 0.0096367
 0.000530656 0.00119633 0.00205827 0.00303499 0.00405521 0.0050647 0.00602623 0.00691692 0.00772489 0.00844611 0.00908185 0.0096367
 0.000530656 0.00119633 0.00205827 0.00303499 0.00405521 0.0050647 0.00602623 0.00691692 0.00772489 0.00844611 0.00908185 0.0096367
 0.000530656 0.00119633 0.00205827 0.00303499 0.00405521 0.0050647 0.00602623 0.00691692 0.00772489 0.00844611 0.00908185 0.0096367
 0.000530656 0.00119633 0.00205827 0.00303499 0.00405521 0.0050647 0.00602623 0.00691692 0.00772489 0.00844611 0.00908185 0.0096367
 0.000530656 0.00119633 0.00205827 0.00303499 0.00405521 0.0050647 0.00602623 0.00691692 0.00772489 0.00844611 0.00908185 0.0096367
 0.000530656 0.00119633 0.00205827 0.00303499 0.00405521 0.0050647 0.00602623 0.00691692 0.00772489 0.00844611 0.00908185 0.0096367
 0.000530656 0.00119633 0.00205827 0.00303499 0.00405521 0.0050647 0.00602623 0.00691692 0.00772489 0.00844611 0.00908185 0.0096367
 0.000530656 0.00119633 0.00205827 0.00303499 0.00405521 0.0050647 0.00602623 0.00691692 0.00772489 0.00844611 0.00908185 0.0096367
 0.000530656 0.00119633 0.00205827 0.00303499 0.00405521 0.0050647 0.00602623 0.00691692 0.00772489 0.00844611 0.00908185 0.0096367
# nyrs_ind_age
 30
# yrs_ind_age
 1 2 3 4 5 6 7 8 9 10 11 12 13 14 15 16 17 18 19 20 21 22 23 24 25 26 27 28 29 30
# n_sample_ind_age
 200 200 200 200 200 200 200 200 200 200 200 200 200 200 200 200 200 200 200 200 200 200 200 200 200 200 200 200 200 200
# oac_ind
 0.03 0.14 0.18 0.13 0.1 0.1 0.025 0.04 0.05 0.03 0.01 0.165
 0.095 0.13 0.145 0.08 0.09 0.09 0.085 0.04 0.045 0.045 0.055 0.1
 0.08 0.12 0.125 0.125 0.075 0.095 0.05 0.075 0.05 0.03 0.03 0.145
 0.07 0.18 0.125 0.14 0.095 0.065 0.08 0.05 0.03 0.02 0.035 0.11
 0.035 0.175 0.145 0.145 0.095 0.075 0.055 0.065 0.03 0.035 0.035 0.11
 0.065 0.115 0.18 0.14 0.095 0.06 0.055 0.06 0.025 0.035 0.02 0.15
 0.035 0.145 0.075 0.195 0.135 0.05 0.08 0.075 0.02 0.035 0.03 0.125
 0.105 0.145 0.16 0.115 0.125 0.065 0.04 0.07 0.04 0.015 0.02 0.1
 0.08 0.225 0.11 0.11 0.08 0.08 0.095 0.055 0.015 0.015 0.03 0.105
 0.045 0.155 0.24 0.1 0.09 0.07 0.085 0.065 0.04 0.03 0.025 0.055
 0.05 0.185 0.17 0.16 0.085 0.05 0.03 0.08 0.02 0.02 0.015 0.135
 0.145 0.14 0.16 0.105 0.125 0.065 0.055 0.03 0.055 0.025 0.02 0.075
 0.09 0.24 0.115 0.12 0.065 0.12 0.07 0.025 0.015 0.05 0.02 0.07
 0.07 0.19 0.24 0.11 0.085 0.065 0.08 0.06 0.03 0.005 0.015 0.05
 0.1 0.18 0.255 0.15 0.085 0.025 0.04 0.045 0.03 0.035 0.01 0.045
 0.115 0.14 0.135 0.175 0.16 0.035 0.06 0.03 0.04 0.03 0.01 0.07
 0.09 0.29 0.17 0.12 0.125 0.06 0.03 0.015 0.03 0.015 0.005 0.05
 0.135 0.205 0.225 0.15 0.065 0.075 0.06 0.01 0.025 0.01 0.025 0.015
 0.08 0.175 0.255 0.195 0.06 0.085 0.055 0.025 0.015 0.01 0 0.045
 0.105 0.2 0.2 0.165 0.12 0.065 0.035 0.05 0.01 0 0.03 0.02
 0.08 0.25 0.185 0.12 0.12 0.095 0.05 0.01 0.02 0.02 0.01 0.04
 0.095 0.255 0.195 0.15 0.09 0.07 0.055 0.025 0.025 0.015 0 0.025
 0.1 0.2 0.205 0.18 0.065 0.075 0.02 0.055 0.035 0.015 0.01 0.04
 0.105 0.3 0.115 0.16 0.12 0.075 0.025 0.04 0.03 0.015 0.01 0.005
 0.11 0.2 0.305 0.125 0.11 0.045 0.04 0.02 0.02 0.015 0 0.01
 0.135 0.18 0.185 0.195 0.105 0.07 0.03 0.045 0.015 0.005 0.005 0.03
 0.125 0.26 0.22 0.115 0.115 0.045 0.065 0.03 0.01 0.005 0 0.01
 0.155 0.26 0.2 0.14 0.085 0.07 0.035 0.03 0.01 0 0.005 0.01
 0.12 0.35 0.2 0.12 0.085 0.035 0.03 0.03 0.015 0 0 0.015
 0.065 0.23 0.31 0.15 0.085 0.055 0.03 0.03 0.005 0.02 0.01 0.01
# olc_ind

# obs_lse_ind
 0.198042 0.198042 0.198042 0.198042 0.198042 0.198042 0.198042 0.198042 0.198042 0.198042 0.198042 0.198042 0.198042 0.198042 0.198042 0.198042 0.198042 0.198042 0.198042 0.198042 0.198042 0.198042 0.198042 0.198042 0.198042 0.198042 0.198042 0.198042 0.198042 0.198042
# xages_fsh
 0 0 0 0 0 0 0 0 0 0 0 0
# xages_fsh
 0 0.0909091 0.181818 0.272727 0.363636 0.454545 0.545455 0.636364 0.727273 0.818182 0.909091 1
# xnodes_fsh

Yrs fsh_sel change:  1 0 0 0 0 0 0 0 0 0 0 0 0 0 0 0 0 0 0 0 0 0 0 0 0 0 0 0 0
Yrs ind_sel change:  1 0 0 0 0 0 0 0 0 0 0 0 0 0 0 0 0 0 0 0 0 0 0 0 0 0 0 0 0
# steepnessprior
0.75
# sigmarprior
0.2
#  SSB estimated in styr endyr: -13 28 
#  Rec estimated in styr endyr: -11 30 
#  SR Curve fit  in styr endyr: 1 30 
#             Model styr endyr: 1 30 
# qprior
 3.48998e-007
# q_power_prior 
 1 
# cv_catchbiomass 
0.05 
# CatchbiomassPen 
200 
# Number of projection years 
5 
# offset_fsh
 13480.7
# offset_ind
 13146.4
Mean Catch
1235.37
R_guess 
15.3793
# nfsh
1
# n_sel_ch_fsh
 1
# nselages_fsh
 11
# phase_selcoff_fsh
 -1
logRzero 15.3793
logmeanrec 15.3793
exp(log_sigmarprior 0.2
Fish sel phase: -1 FLEET1
Fixing fishery sel to
1
Srvy sel phase: -1
Fixing SURVEY1 indices sel to
1
# logsel_slp_in_indv
 0.693147
Leaving parameter init secton
# M
 0.2 0.2 0.2 0.2 0.2 0.2 0.2 0.2 0.2 0.2 0.2 0.2
 0.2 0.2 0.2 0.2 0.2 0.2 0.2 0.2 0.2 0.2 0.2 0.2
 0.2 0.2 0.2 0.2 0.2 0.2 0.2 0.2 0.2 0.2 0.2 0.2
 0.2 0.2 0.2 0.2 0.2 0.2 0.2 0.2 0.2 0.2 0.2 0.2
 0.2 0.2 0.2 0.2 0.2 0.2 0.2 0.2 0.2 0.2 0.2 0.2
 0.2 0.2 0.2 0.2 0.2 0.2 0.2 0.2 0.2 0.2 0.2 0.2
 0.2 0.2 0.2 0.2 0.2 0.2 0.2 0.2 0.2 0.2 0.2 0.2
 0.2 0.2 0.2 0.2 0.2 0.2 0.2 0.2 0.2 0.2 0.2 0.2
 0.2 0.2 0.2 0.2 0.2 0.2 0.2 0.2 0.2 0.2 0.2 0.2
 0.2 0.2 0.2 0.2 0.2 0.2 0.2 0.2 0.2 0.2 0.2 0.2
 0.2 0.2 0.2 0.2 0.2 0.2 0.2 0.2 0.2 0.2 0.2 0.2
 0.2 0.2 0.2 0.2 0.2 0.2 0.2 0.2 0.2 0.2 0.2 0.2
 0.2 0.2 0.2 0.2 0.2 0.2 0.2 0.2 0.2 0.2 0.2 0.2
 0.2 0.2 0.2 0.2 0.2 0.2 0.2 0.2 0.2 0.2 0.2 0.2
 0.2 0.2 0.2 0.2 0.2 0.2 0.2 0.2 0.2 0.2 0.2 0.2
 0.2 0.2 0.2 0.2 0.2 0.2 0.2 0.2 0.2 0.2 0.2 0.2
 0.2 0.2 0.2 0.2 0.2 0.2 0.2 0.2 0.2 0.2 0.2 0.2
 0.2 0.2 0.2 0.2 0.2 0.2 0.2 0.2 0.2 0.2 0.2 0.2
 0.2 0.2 0.2 0.2 0.2 0.2 0.2 0.2 0.2 0.2 0.2 0.2
 0.2 0.2 0.2 0.2 0.2 0.2 0.2 0.2 0.2 0.2 0.2 0.2
 0.2 0.2 0.2 0.2 0.2 0.2 0.2 0.2 0.2 0.2 0.2 0.2
 0.2 0.2 0.2 0.2 0.2 0.2 0.2 0.2 0.2 0.2 0.2 0.2
 0.2 0.2 0.2 0.2 0.2 0.2 0.2 0.2 0.2 0.2 0.2 0.2
 0.2 0.2 0.2 0.2 0.2 0.2 0.2 0.2 0.2 0.2 0.2 0.2
 0.2 0.2 0.2 0.2 0.2 0.2 0.2 0.2 0.2 0.2 0.2 0.2
 0.2 0.2 0.2 0.2 0.2 0.2 0.2 0.2 0.2 0.2 0.2 0.2
 0.2 0.2 0.2 0.2 0.2 0.2 0.2 0.2 0.2 0.2 0.2 0.2
 0.2 0.2 0.2 0.2 0.2 0.2 0.2 0.2 0.2 0.2 0.2 0.2
 0.2 0.2 0.2 0.2 0.2 0.2 0.2 0.2 0.2 0.2 0.2 0.2
 0.2 0.2 0.2 0.2 0.2 0.2 0.2 0.2 0.2 0.2 0.2 0.2
# mean_log_rec
13.775
# log_Rzero
13.7834
# rec_dev
 -0.0103122 -0.012567 -0.200243 0.0840955 0.0718187 -0.000192191 -0.11504 0.113835 0.00232768 0.0653081 0.029355 -0.0369934 0.00827139 0.00634526 0.0724328 0.320288 -0.224061 -0.0672325 -0.146452 0.2707 -0.131721 -0.150426 -0.365039 0.129599 0.111528 -0.183567 -0.0464269 0.210977 0.0801181 -0.190916 -0.129991 -0.11836 -0.0774823 -0.289182 0.0333308 -0.344973 -0.290919 -0.311997 -0.23772 -0.0209459 -0.334449 -0.482221
# fmort
 0.0102993 0.0196203 0.0290573 0.0403764 0.0836816 0.0925127 0.0951791 0.107785 0.111595 0.152124 0.135401 0.139602 0.147094 0.188755 0.185764 0.242806 0.156708 0.23071 0.310181 0.281954 0.22874 0.234908 0.358564 0.287475 0.416037 0.323949 0.338119 0.366477 0.284711 0.469985
# rec_dev_future
 0 0 0 0 0
