AMAK;Mar 2020
# styr
1
# endyr
30
# rec_age
1
# oldest_age
12
# nlength
81
# len_bins
 10 11 12 13 14 15 16 17 18 19 20 21 22 23 24 25 26 27 28 29 30 31 32 33 34 35 36 37 38 39 40 41 42 43 44 45 46 47 48 49 50 51 52 53 54 55 56 57 58 59 60 61 62 63 64 65 66 67 68 69 70 71 72 73 74 75 76 77 78 79 80 81 82 83 84 85 86 87 88 89 90
# datafile_name
amak_data.dat
# model_name
AMAK_MCP
# styr
1
# endyr
30
# rec_age
1
# oldest_age
12
# nfsh
1
# fshname
FLEET1
# catch_bio_in
 160.843 463.391 749.582 964.121 742.333 1282.11 1217.04 2308.51 1222.17 1391.8 1462.33 1447.19 997.509 1385.5 1389.2 1179.61 2095.17 1489.32 1339.87 1220.2 1542.96 1024.93 1557.65 1125.36 1051.58 948.529 938.319 1275.55 956.619 1336.41
# catch_bio_sd_in
 0.01 0.01 0.01 0.01 0.01 0.01 0.01 0.01 0.01 0.01 0.01 0.01 0.01 0.01 0.01 0.01 0.01 0.01 0.01 0.01 0.01 0.01 0.01 0.01 0.01 0.01 0.01 0.01 0.01 0.01
# nyrs_fsh_age
 30
# nyrs_fsh_length
 0
# yrs_fsh_age_in
 1 2 3 4 5 6 7 8 9 10 11 12 13 14 15 16 17 18 19 20 21 22 23 24 25 26 27 28 29 30
# yrs_fsh_length_in

# n_sample_fsh_length_in

# olc_fsh_in

# nind
1
# indname
SURVEY1
# nyrs_ind
 30
# yrs_ind_in
 1 2 3 4 5 6 7 8 9 10 11 12 13 14 15 16 17 18 19 20 21 22 23 24 25 26 27 28 29 30
# mo_ind
 1
# obs_ind_in
 1.38937 1.74581 1.5286 1.54253 1.62416 1.46768 1.43395 1.28991 1.09633 1.2066 0.957095 1.36679 0.895072 1.06269 1.05494 1.02772 1.03058 0.698319 0.841448 0.693963 0.807144 0.52165 0.588113 0.579676 0.620689 0.584899 0.728847 0.743863 0.689743 0.454839
# obs_se_ind_in
 0.277873 0.349161 0.305721 0.308506 0.324833 0.293536 0.28679 0.257982 0.219266 0.241319 0.191419 0.273358 0.179014 0.212537 0.210988 0.205543 0.206117 0.139664 0.16829 0.138793 0.161429 0.10433 0.117623 0.115935 0.124138 0.11698 0.145769 0.148773 0.137949 0.0909677
# nyrs_ind_age
 30
# nyrs_ind_length
 0
# yrs_ind_age_in
 1 2 3 4 5 6 7 8 9 10 11 12 13 14 15 16 17 18 19 20 21 22 23 24 25 26 27 28 29 30
# yrs_ind_length_in

# yrs_ind_age_in
 1 2 3 4 5 6 7 8 9 10 11 12 13 14 15 16 17 18 19 20 21 22 23 24 25 26 27 28 29 30
# n_sample_ind_length_in

# olc_ind_in

# oac_ind_in
 0.035 0.14 0.18 0.105 0.11 0.04 0.05 0.055 0.045 0.04 0.02 0.18
 0.06 0.135 0.135 0.115 0.11 0.085 0.045 0.04 0.065 0.06 0.02 0.13
 0.045 0.14 0.165 0.09 0.13 0.105 0.035 0.065 0.035 0.065 0.02 0.105
 0.085 0.095 0.13 0.15 0.045 0.135 0.1 0.07 0.025 0.035 0.025 0.105
 0.07 0.11 0.155 0.095 0.11 0.07 0.065 0.055 0.06 0.045 0.025 0.14
 0.02 0.115 0.235 0.135 0.08 0.065 0.04 0.075 0.055 0.055 0.02 0.105
 0.1 0.18 0.135 0.12 0.1 0.04 0.075 0.035 0.025 0.015 0.025 0.15
 0.09 0.15 0.165 0.125 0.16 0.07 0.055 0.025 0.015 0.025 0.025 0.095
 0.07 0.195 0.135 0.135 0.08 0.13 0.05 0.035 0.04 0.01 0.015 0.105
 0.075 0.175 0.18 0.11 0.09 0.095 0.07 0.03 0.05 0.025 0.03 0.07
 0.075 0.145 0.18 0.175 0.085 0.075 0.04 0.065 0.03 0.03 0.03 0.07
 0.03 0.2 0.17 0.12 0.13 0.075 0.055 0.04 0.05 0.02 0.01 0.1
 0.085 0.195 0.235 0.12 0.11 0.045 0.07 0.02 0.02 0.025 0.02 0.055
 0.075 0.195 0.205 0.13 0.07 0.09 0.055 0.03 0.01 0.035 0.025 0.08
 0.055 0.22 0.195 0.135 0.09 0.06 0.08 0.025 0.03 0.025 0.01 0.075
 0.065 0.235 0.165 0.185 0.085 0.055 0.04 0.05 0.025 0.02 0.01 0.065
 0.09 0.155 0.185 0.175 0.115 0.075 0.04 0.03 0.015 0.03 0.015 0.075
 0.085 0.21 0.205 0.16 0.065 0.085 0.05 0.06 0.025 0.005 0.01 0.04
 0.12 0.21 0.18 0.105 0.11 0.065 0.085 0.045 0.02 0.005 0.015 0.04
 0.14 0.155 0.21 0.1 0.11 0.1 0.04 0.04 0.03 0.02 0.015 0.04
 0.11 0.24 0.18 0.13 0.075 0.08 0.055 0.02 0.04 0.005 0.02 0.045
 0.07 0.22 0.27 0.15 0.12 0.04 0.02 0.03 0.03 0 0.005 0.045
 0.1 0.23 0.205 0.205 0.085 0.03 0.05 0.02 0.02 0.02 0 0.035
 0.17 0.245 0.175 0.21 0.085 0.03 0.035 0.01 0.005 0 0.01 0.025
 0.13 0.315 0.18 0.105 0.09 0.075 0.04 0.035 0.005 0.005 0.005 0.015
 0.115 0.26 0.235 0.125 0.08 0.06 0.045 0.03 0.015 0.015 0 0.02
 0.115 0.245 0.175 0.15 0.105 0.1 0.02 0.04 0.015 0.01 0.005 0.02
 0.105 0.285 0.2 0.15 0.125 0.065 0.03 0.025 0.005 0 0.005 0.005
 0.13 0.195 0.245 0.155 0.12 0.09 0.03 0.01 0.005 0.01 0.01 0
 0.115 0.185 0.23 0.21 0.105 0.045 0.07 0.015 0.015 0 0 0.01
# wt_ind
 1 1 1 1 1 1 1 1 1 1 1 1
 1 1 1 1 1 1 1 1 1 1 1 1
 1 1 1 1 1 1 1 1 1 1 1 1
 1 1 1 1 1 1 1 1 1 1 1 1
 1 1 1 1 1 1 1 1 1 1 1 1
 1 1 1 1 1 1 1 1 1 1 1 1
 1 1 1 1 1 1 1 1 1 1 1 1
 1 1 1 1 1 1 1 1 1 1 1 1
 1 1 1 1 1 1 1 1 1 1 1 1
 1 1 1 1 1 1 1 1 1 1 1 1
 1 1 1 1 1 1 1 1 1 1 1 1
 1 1 1 1 1 1 1 1 1 1 1 1
 1 1 1 1 1 1 1 1 1 1 1 1
 1 1 1 1 1 1 1 1 1 1 1 1
 1 1 1 1 1 1 1 1 1 1 1 1
 1 1 1 1 1 1 1 1 1 1 1 1
 1 1 1 1 1 1 1 1 1 1 1 1
 1 1 1 1 1 1 1 1 1 1 1 1
 1 1 1 1 1 1 1 1 1 1 1 1
 1 1 1 1 1 1 1 1 1 1 1 1
 1 1 1 1 1 1 1 1 1 1 1 1
 1 1 1 1 1 1 1 1 1 1 1 1
 1 1 1 1 1 1 1 1 1 1 1 1
 1 1 1 1 1 1 1 1 1 1 1 1
 1 1 1 1 1 1 1 1 1 1 1 1
 1 1 1 1 1 1 1 1 1 1 1 1
 1 1 1 1 1 1 1 1 1 1 1 1
 1 1 1 1 1 1 1 1 1 1 1 1
 1 1 1 1 1 1 1 1 1 1 1 1
 1 1 1 1 1 1 1 1 1 1 1 1
# wt_pop
 0.000530656 0.00119633 0.00205827 0.00303499 0.00405521 0.0050647 0.00602623 0.00691692 0.00772489 0.00844611 0.00908185 0.0096367
# maturity
 0.0229774 0.320821 0.904651 0.99478 0.999739 0.999987 0.999999 1 1 1 1 1
# spawnmo
1
# age_err
 1 0 0 0 0 0 0 0 0 0 0 0
 0 1 0 0 0 0 0 0 0 0 0 0
 0 0 1 0 0 0 0 0 0 0 0 0
 0 0 0 1 0 0 0 0 0 0 0 0
 0 0 0 0 1 0 0 0 0 0 0 0
 0 0 0 0 0 1 0 0 0 0 0 0
 0 0 0 0 0 0 1 0 0 0 0 0
 0 0 0 0 0 0 0 1 0 0 0 0
 0 0 0 0 0 0 0 0 1 0 0 0
 0 0 0 0 0 0 0 0 0 1 0 0
 0 0 0 0 0 0 0 0 0 0 1 0
 0 0 0 0 0 0 0 0 0 0 0 1
# cntrlfile_name
C:\Users\bai.li\DOCUME~1\Github\AGE_ST~1\ASSAMC\example\output\AMAK\s138\amak.dat
# Map shared selectivity: 
# sel_map
 1 2
 1 1
# datafile_name
amak_data.dat
# model_name
AMAK_MCP
# SrType
2
# use_age_err
0
# retro
0
# sigmarprior
0.2
# cvsigmarprior
0.25
# phase_sigmar
-3
# styr_rec_est
1
# endyr_rec_est
30
# Linfprior
80
# cvLinfprior
0.25
# kprior
0.18
# cvkprior
0.25
# Loprior
27.688
# cvLoprior
0.25
# sdageprior
0.1
# cvsdageprior
0.25
# natmortprior
0.2
# cvnatmortprior
0.25
# phase_M
-4
# npars_Mage
0
# ages_M_changes

# Mage_in

# Mage_offset_in

# phase_Mage
-5
# phase_rw_M
0
# npars_rw_M
0
# yrs_rw_M

# sigma_rw_M

# qprior
 3.48998e-007
# cvqprior
 1
# phase_q
 1
# q_power_prior
 1
# cvq_power_prior
 0.2
# phase_q_power
 -4
# phase_rw_q
 -1
# npars_rw_q
 0
# yrs_rw_q

# sigma_rw_q

# q_age_min
 1
# q_age_max
 12
# q_age_min
 1
# q_age_max
 12
# fsh_sel_opt(k)
2
# phase_sel_fsh(k)
2
# n_sel_ch_fsh(k)
1
# sel_slp_in_fsh(k)(1,n_sel_ch_fsh(k))
 1
# sel_inf_in_fsh(k)(1,n_sel_ch_fsh(k))
 2
# logsel_slp_in_fsh(k)(1,n_sel_ch_fsh(k))
 0
# yrs_sel_ch_fsh(k)(1,n_sel_ch_fsh(k))
 1

Survey SURVEY1
# ind_sel_opt(k)
2
# indname(k)
SURVEY1
# nselages_in_ind(k)
11
# phase_sel_ind(k)
2
# sel_change_in_ind(k)
 1 0 0 0 0 0 0 0 0 0 0 0 0 0 0 0 0 0 0 0 0 0 0 0 0 0 0 0 0 0
# n_sel_ch_ind(k)
1
# yrs_sel_ch_ind(k)(1,n_sel_ch_ind(k))
 1
# sel_slp_in_ind(k,1)
2
# sel_inf_in_ind(k,1)
1.5
# logsel_slp_in_ind(k,1)
0.693147
# logsel_slp_in_indv(k)
0.693147
SURVEY1 ind sel opt 2  1 0 0 0 0 0 0 0 0 0 0 0 0 0 0 0 0 0 0 0 0 0 0 0 0 0 0 0 0 0
Phase indices Sel_Coffs:  -1
 Test: 1.23457e+008
# Fshry Selages:  11
# Srvy  Selages:  11
# Phase for age-spec fishery  -1
# Phase for logistic fishery  2
# Phase for dble logistic fishery  -1
# Phase for age-spec indices   -1
# Phase for logistic indices   2
# Phase for dble logistic ind  -1
# Curv_pen_fsh: 
 0
# Curv_pen_ind: 
 0
# styr_fut
31
# endyr_fut
35
# nyrs_fsh_age
 30
# nyrs_fsh_age
 30
# yrs_fsh_age
 1 2 3 4 5 6 7 8 9 10 11 12 13 14 15 16 17 18 19 20 21 22 23 24 25 26 27 28 29 30
# n_sample_fsh_age
 200 200 200 200 200 200 200 200 200 200 200 200 200 200 200 200 200 200 200 200 200 200 200 200 200 200 200 200 200 200
# oac_fsh
 0.06 0.1 0.105 0.12 0.105 0.11 0.095 0.06 0.045 0.035 0.06 0.105
 0.075 0.1 0.16 0.125 0.095 0.11 0.035 0.075 0.03 0.035 0.015 0.145
 0.055 0.135 0.125 0.105 0.1 0.08 0.095 0.05 0.05 0.055 0.025 0.125
 0.045 0.105 0.18 0.13 0.075 0.075 0.065 0.05 0.03 0.03 0.04 0.175
 0.06 0.165 0.11 0.12 0.075 0.07 0.06 0.065 0.055 0.05 0.005 0.165
 0.04 0.075 0.2 0.095 0.1 0.13 0.085 0.075 0.04 0.045 0.025 0.09
 0.105 0.12 0.1 0.14 0.095 0.105 0.03 0.06 0.025 0.035 0.045 0.14
 0.095 0.11 0.125 0.105 0.115 0.1 0.05 0.075 0.05 0.04 0.03 0.105
 0.09 0.145 0.135 0.12 0.095 0.09 0.1 0.04 0.035 0.03 0.02 0.1
 0.065 0.1 0.115 0.13 0.08 0.095 0.1 0.05 0.04 0.045 0.045 0.135
 0.105 0.105 0.17 0.185 0.115 0.035 0.05 0.055 0.035 0.03 0.035 0.08
 0.065 0.145 0.125 0.185 0.15 0.045 0.06 0.035 0.04 0.025 0.03 0.095
 0.18 0.14 0.13 0.08 0.115 0.105 0.05 0.045 0.02 0.05 0.015 0.07
 0.1 0.17 0.13 0.195 0.1 0.065 0.11 0.05 0.015 0.01 0.02 0.035
 0.125 0.165 0.15 0.14 0.095 0.07 0.055 0.045 0.035 0.02 0.01 0.09
 0.12 0.135 0.135 0.19 0.11 0.07 0.055 0.035 0.045 0.015 0.015 0.075
 0.11 0.125 0.17 0.13 0.155 0.075 0.07 0.045 0.035 0.02 0.01 0.055
 0.11 0.155 0.16 0.145 0.105 0.1 0.055 0.04 0.02 0.01 0.02 0.08
 0.145 0.115 0.145 0.165 0.09 0.1 0.075 0.05 0.015 0.03 0.005 0.065
 0.145 0.185 0.215 0.12 0.085 0.065 0.07 0.03 0.03 0.02 0 0.035
 0.135 0.2 0.165 0.11 0.14 0.05 0.09 0.02 0.03 0.01 0.005 0.045
 0.105 0.22 0.21 0.145 0.07 0.055 0.065 0.035 0.03 0.02 0.015 0.03
 0.15 0.165 0.165 0.165 0.1 0.065 0.08 0.02 0.02 0.015 0.01 0.045
 0.185 0.185 0.205 0.12 0.115 0.04 0.065 0.025 0 0.01 0.015 0.035
 0.21 0.21 0.175 0.115 0.12 0.04 0.055 0.025 0.025 0.01 0.005 0.01
 0.2 0.125 0.235 0.135 0.13 0.08 0.04 0.035 0.005 0 0 0.015
 0.175 0.2 0.225 0.215 0.065 0.035 0.045 0.025 0 0 0.005 0.01
 0.16 0.245 0.205 0.105 0.125 0.055 0.04 0.015 0.035 0 0.015 0
 0.055 0.21 0.29 0.12 0.15 0.075 0.05 0.02 0.005 0.01 0 0.015
 0.135 0.205 0.235 0.135 0.115 0.09 0.05 0.015 0.005 0 0.015 0
# olc_fsh

# wt_fsh
 0.000530656 0.00119633 0.00205827 0.00303499 0.00405521 0.0050647 0.00602623 0.00691692 0.00772489 0.00844611 0.00908185 0.0096367
 0.000530656 0.00119633 0.00205827 0.00303499 0.00405521 0.0050647 0.00602623 0.00691692 0.00772489 0.00844611 0.00908185 0.0096367
 0.000530656 0.00119633 0.00205827 0.00303499 0.00405521 0.0050647 0.00602623 0.00691692 0.00772489 0.00844611 0.00908185 0.0096367
 0.000530656 0.00119633 0.00205827 0.00303499 0.00405521 0.0050647 0.00602623 0.00691692 0.00772489 0.00844611 0.00908185 0.0096367
 0.000530656 0.00119633 0.00205827 0.00303499 0.00405521 0.0050647 0.00602623 0.00691692 0.00772489 0.00844611 0.00908185 0.0096367
 0.000530656 0.00119633 0.00205827 0.00303499 0.00405521 0.0050647 0.00602623 0.00691692 0.00772489 0.00844611 0.00908185 0.0096367
 0.000530656 0.00119633 0.00205827 0.00303499 0.00405521 0.0050647 0.00602623 0.00691692 0.00772489 0.00844611 0.00908185 0.0096367
 0.000530656 0.00119633 0.00205827 0.00303499 0.00405521 0.0050647 0.00602623 0.00691692 0.00772489 0.00844611 0.00908185 0.0096367
 0.000530656 0.00119633 0.00205827 0.00303499 0.00405521 0.0050647 0.00602623 0.00691692 0.00772489 0.00844611 0.00908185 0.0096367
 0.000530656 0.00119633 0.00205827 0.00303499 0.00405521 0.0050647 0.00602623 0.00691692 0.00772489 0.00844611 0.00908185 0.0096367
 0.000530656 0.00119633 0.00205827 0.00303499 0.00405521 0.0050647 0.00602623 0.00691692 0.00772489 0.00844611 0.00908185 0.0096367
 0.000530656 0.00119633 0.00205827 0.00303499 0.00405521 0.0050647 0.00602623 0.00691692 0.00772489 0.00844611 0.00908185 0.0096367
 0.000530656 0.00119633 0.00205827 0.00303499 0.00405521 0.0050647 0.00602623 0.00691692 0.00772489 0.00844611 0.00908185 0.0096367
 0.000530656 0.00119633 0.00205827 0.00303499 0.00405521 0.0050647 0.00602623 0.00691692 0.00772489 0.00844611 0.00908185 0.0096367
 0.000530656 0.00119633 0.00205827 0.00303499 0.00405521 0.0050647 0.00602623 0.00691692 0.00772489 0.00844611 0.00908185 0.0096367
 0.000530656 0.00119633 0.00205827 0.00303499 0.00405521 0.0050647 0.00602623 0.00691692 0.00772489 0.00844611 0.00908185 0.0096367
 0.000530656 0.00119633 0.00205827 0.00303499 0.00405521 0.0050647 0.00602623 0.00691692 0.00772489 0.00844611 0.00908185 0.0096367
 0.000530656 0.00119633 0.00205827 0.00303499 0.00405521 0.0050647 0.00602623 0.00691692 0.00772489 0.00844611 0.00908185 0.0096367
 0.000530656 0.00119633 0.00205827 0.00303499 0.00405521 0.0050647 0.00602623 0.00691692 0.00772489 0.00844611 0.00908185 0.0096367
 0.000530656 0.00119633 0.00205827 0.00303499 0.00405521 0.0050647 0.00602623 0.00691692 0.00772489 0.00844611 0.00908185 0.0096367
 0.000530656 0.00119633 0.00205827 0.00303499 0.00405521 0.0050647 0.00602623 0.00691692 0.00772489 0.00844611 0.00908185 0.0096367
 0.000530656 0.00119633 0.00205827 0.00303499 0.00405521 0.0050647 0.00602623 0.00691692 0.00772489 0.00844611 0.00908185 0.0096367
 0.000530656 0.00119633 0.00205827 0.00303499 0.00405521 0.0050647 0.00602623 0.00691692 0.00772489 0.00844611 0.00908185 0.0096367
 0.000530656 0.00119633 0.00205827 0.00303499 0.00405521 0.0050647 0.00602623 0.00691692 0.00772489 0.00844611 0.00908185 0.0096367
 0.000530656 0.00119633 0.00205827 0.00303499 0.00405521 0.0050647 0.00602623 0.00691692 0.00772489 0.00844611 0.00908185 0.0096367
 0.000530656 0.00119633 0.00205827 0.00303499 0.00405521 0.0050647 0.00602623 0.00691692 0.00772489 0.00844611 0.00908185 0.0096367
 0.000530656 0.00119633 0.00205827 0.00303499 0.00405521 0.0050647 0.00602623 0.00691692 0.00772489 0.00844611 0.00908185 0.0096367
 0.000530656 0.00119633 0.00205827 0.00303499 0.00405521 0.0050647 0.00602623 0.00691692 0.00772489 0.00844611 0.00908185 0.0096367
 0.000530656 0.00119633 0.00205827 0.00303499 0.00405521 0.0050647 0.00602623 0.00691692 0.00772489 0.00844611 0.00908185 0.0096367
 0.000530656 0.00119633 0.00205827 0.00303499 0.00405521 0.0050647 0.00602623 0.00691692 0.00772489 0.00844611 0.00908185 0.0096367
# nyrs_ind_age
 30
# yrs_ind_age
 1 2 3 4 5 6 7 8 9 10 11 12 13 14 15 16 17 18 19 20 21 22 23 24 25 26 27 28 29 30
# n_sample_ind_age
 200 200 200 200 200 200 200 200 200 200 200 200 200 200 200 200 200 200 200 200 200 200 200 200 200 200 200 200 200 200
# oac_ind
 0.035 0.14 0.18 0.105 0.11 0.04 0.05 0.055 0.045 0.04 0.02 0.18
 0.06 0.135 0.135 0.115 0.11 0.085 0.045 0.04 0.065 0.06 0.02 0.13
 0.045 0.14 0.165 0.09 0.13 0.105 0.035 0.065 0.035 0.065 0.02 0.105
 0.085 0.095 0.13 0.15 0.045 0.135 0.1 0.07 0.025 0.035 0.025 0.105
 0.07 0.11 0.155 0.095 0.11 0.07 0.065 0.055 0.06 0.045 0.025 0.14
 0.02 0.115 0.235 0.135 0.08 0.065 0.04 0.075 0.055 0.055 0.02 0.105
 0.1 0.18 0.135 0.12 0.1 0.04 0.075 0.035 0.025 0.015 0.025 0.15
 0.09 0.15 0.165 0.125 0.16 0.07 0.055 0.025 0.015 0.025 0.025 0.095
 0.07 0.195 0.135 0.135 0.08 0.13 0.05 0.035 0.04 0.01 0.015 0.105
 0.075 0.175 0.18 0.11 0.09 0.095 0.07 0.03 0.05 0.025 0.03 0.07
 0.075 0.145 0.18 0.175 0.085 0.075 0.04 0.065 0.03 0.03 0.03 0.07
 0.03 0.2 0.17 0.12 0.13 0.075 0.055 0.04 0.05 0.02 0.01 0.1
 0.085 0.195 0.235 0.12 0.11 0.045 0.07 0.02 0.02 0.025 0.02 0.055
 0.075 0.195 0.205 0.13 0.07 0.09 0.055 0.03 0.01 0.035 0.025 0.08
 0.055 0.22 0.195 0.135 0.09 0.06 0.08 0.025 0.03 0.025 0.01 0.075
 0.065 0.235 0.165 0.185 0.085 0.055 0.04 0.05 0.025 0.02 0.01 0.065
 0.09 0.155 0.185 0.175 0.115 0.075 0.04 0.03 0.015 0.03 0.015 0.075
 0.085 0.21 0.205 0.16 0.065 0.085 0.05 0.06 0.025 0.005 0.01 0.04
 0.12 0.21 0.18 0.105 0.11 0.065 0.085 0.045 0.02 0.005 0.015 0.04
 0.14 0.155 0.21 0.1 0.11 0.1 0.04 0.04 0.03 0.02 0.015 0.04
 0.11 0.24 0.18 0.13 0.075 0.08 0.055 0.02 0.04 0.005 0.02 0.045
 0.07 0.22 0.27 0.15 0.12 0.04 0.02 0.03 0.03 0 0.005 0.045
 0.1 0.23 0.205 0.205 0.085 0.03 0.05 0.02 0.02 0.02 0 0.035
 0.17 0.245 0.175 0.21 0.085 0.03 0.035 0.01 0.005 0 0.01 0.025
 0.13 0.315 0.18 0.105 0.09 0.075 0.04 0.035 0.005 0.005 0.005 0.015
 0.115 0.26 0.235 0.125 0.08 0.06 0.045 0.03 0.015 0.015 0 0.02
 0.115 0.245 0.175 0.15 0.105 0.1 0.02 0.04 0.015 0.01 0.005 0.02
 0.105 0.285 0.2 0.15 0.125 0.065 0.03 0.025 0.005 0 0.005 0.005
 0.13 0.195 0.245 0.155 0.12 0.09 0.03 0.01 0.005 0.01 0.01 0
 0.115 0.185 0.23 0.21 0.105 0.045 0.07 0.015 0.015 0 0 0.01
# olc_ind

# obs_lse_ind
 0.198042 0.198042 0.198042 0.198042 0.198042 0.198042 0.198042 0.198042 0.198042 0.198042 0.198042 0.198042 0.198042 0.198042 0.198042 0.198042 0.198042 0.198042 0.198042 0.198042 0.198042 0.198042 0.198042 0.198042 0.198042 0.198042 0.198042 0.198042 0.198042 0.198042
# xages_fsh
 0 0 0 0 0 0 0 0 0 0 0 0
# xages_fsh
 0 0.0909091 0.181818 0.272727 0.363636 0.454545 0.545455 0.636364 0.727273 0.818182 0.909091 1
# xnodes_fsh

Yrs fsh_sel change:  1 0 0 0 0 0 0 0 0 0 0 0 0 0 0 0 0 0 0 0 0 0 0 0 0 0 0 0 0
Yrs ind_sel change:  1 0 0 0 0 0 0 0 0 0 0 0 0 0 0 0 0 0 0 0 0 0 0 0 0 0 0 0 0
# steepnessprior
0.75
# sigmarprior
0.2
#  SSB estimated in styr endyr: -13 28 
#  Rec estimated in styr endyr: -11 30 
#  SR Curve fit  in styr endyr: 1 30 
#             Model styr endyr: 1 30 
# qprior
 3.48998e-007
# q_power_prior 
 1 
# cv_catchbiomass 
0.05 
# CatchbiomassPen 
200 
# Number of projection years 
5 
# offset_fsh
 13485.3
# offset_ind
 13180.8
Mean Catch
1208.86
R_guess 
15.3576
# nfsh
1
# n_sel_ch_fsh
 1
# nselages_fsh
 11
# phase_selcoff_fsh
 -1
logRzero 15.3576
logmeanrec 15.3576
exp(log_sigmarprior 0.2
Fish sel phase: -1 FLEET1
Fixing fishery sel to
1
Srvy sel phase: -1
Fixing SURVEY1 indices sel to
1
# logsel_slp_in_indv
 0.693147
Leaving parameter init secton
# M
 0.2 0.2 0.2 0.2 0.2 0.2 0.2 0.2 0.2 0.2 0.2 0.2
 0.2 0.2 0.2 0.2 0.2 0.2 0.2 0.2 0.2 0.2 0.2 0.2
 0.2 0.2 0.2 0.2 0.2 0.2 0.2 0.2 0.2 0.2 0.2 0.2
 0.2 0.2 0.2 0.2 0.2 0.2 0.2 0.2 0.2 0.2 0.2 0.2
 0.2 0.2 0.2 0.2 0.2 0.2 0.2 0.2 0.2 0.2 0.2 0.2
 0.2 0.2 0.2 0.2 0.2 0.2 0.2 0.2 0.2 0.2 0.2 0.2
 0.2 0.2 0.2 0.2 0.2 0.2 0.2 0.2 0.2 0.2 0.2 0.2
 0.2 0.2 0.2 0.2 0.2 0.2 0.2 0.2 0.2 0.2 0.2 0.2
 0.2 0.2 0.2 0.2 0.2 0.2 0.2 0.2 0.2 0.2 0.2 0.2
 0.2 0.2 0.2 0.2 0.2 0.2 0.2 0.2 0.2 0.2 0.2 0.2
 0.2 0.2 0.2 0.2 0.2 0.2 0.2 0.2 0.2 0.2 0.2 0.2
 0.2 0.2 0.2 0.2 0.2 0.2 0.2 0.2 0.2 0.2 0.2 0.2
 0.2 0.2 0.2 0.2 0.2 0.2 0.2 0.2 0.2 0.2 0.2 0.2
 0.2 0.2 0.2 0.2 0.2 0.2 0.2 0.2 0.2 0.2 0.2 0.2
 0.2 0.2 0.2 0.2 0.2 0.2 0.2 0.2 0.2 0.2 0.2 0.2
 0.2 0.2 0.2 0.2 0.2 0.2 0.2 0.2 0.2 0.2 0.2 0.2
 0.2 0.2 0.2 0.2 0.2 0.2 0.2 0.2 0.2 0.2 0.2 0.2
 0.2 0.2 0.2 0.2 0.2 0.2 0.2 0.2 0.2 0.2 0.2 0.2
 0.2 0.2 0.2 0.2 0.2 0.2 0.2 0.2 0.2 0.2 0.2 0.2
 0.2 0.2 0.2 0.2 0.2 0.2 0.2 0.2 0.2 0.2 0.2 0.2
 0.2 0.2 0.2 0.2 0.2 0.2 0.2 0.2 0.2 0.2 0.2 0.2
 0.2 0.2 0.2 0.2 0.2 0.2 0.2 0.2 0.2 0.2 0.2 0.2
 0.2 0.2 0.2 0.2 0.2 0.2 0.2 0.2 0.2 0.2 0.2 0.2
 0.2 0.2 0.2 0.2 0.2 0.2 0.2 0.2 0.2 0.2 0.2 0.2
 0.2 0.2 0.2 0.2 0.2 0.2 0.2 0.2 0.2 0.2 0.2 0.2
 0.2 0.2 0.2 0.2 0.2 0.2 0.2 0.2 0.2 0.2 0.2 0.2
 0.2 0.2 0.2 0.2 0.2 0.2 0.2 0.2 0.2 0.2 0.2 0.2
 0.2 0.2 0.2 0.2 0.2 0.2 0.2 0.2 0.2 0.2 0.2 0.2
 0.2 0.2 0.2 0.2 0.2 0.2 0.2 0.2 0.2 0.2 0.2 0.2
 0.2 0.2 0.2 0.2 0.2 0.2 0.2 0.2 0.2 0.2 0.2 0.2
# mean_log_rec
13.8096
# log_Rzero
13.7692
# rec_dev
 -0.0104609 -0.0127711 0.0649962 -0.127425 0.0059805 0.108224 -0.0744749 -0.130939 0.106774 0.0392326 0.0672358 -0.0755867 0.0408296 0.00860292 -0.0450835 0.245619 -0.131745 -0.122027 -0.0564836 0.106824 -0.0411646 -0.241931 -0.0424929 -0.138014 0.0760271 -0.108386 -0.0871065 -0.264466 -0.260139 -0.279438 -0.289256 -0.0859272 -0.2188 -0.352133 -0.312612 -0.0497872 -0.232093 -0.23093 -0.0921839 -0.274212 -0.500559 -0.388159
# fmort
 0.0089065 0.025987 0.0432772 0.057959 0.0463406 0.0837612 0.0845948 0.177289 0.103881 0.126178 0.142756 0.152899 0.111061 0.160823 0.170701 0.151928 0.298094 0.24376 0.243204 0.240768 0.335907 0.241112 0.399749 0.320817 0.311092 0.280203 0.269641 0.370037 0.284998 0.422483
# rec_dev_future
 0 0 0 0 0
