AMAK;Mar 2020
# styr
1
# endyr
30
# rec_age
1
# oldest_age
12
# nlength
81
# len_bins
 10 11 12 13 14 15 16 17 18 19 20 21 22 23 24 25 26 27 28 29 30 31 32 33 34 35 36 37 38 39 40 41 42 43 44 45 46 47 48 49 50 51 52 53 54 55 56 57 58 59 60 61 62 63 64 65 66 67 68 69 70 71 72 73 74 75 76 77 78 79 80 81 82 83 84 85 86 87 88 89 90
# datafile_name
amak_data.dat
# model_name
AMAK_MCP
# styr
1
# endyr
30
# rec_age
1
# oldest_age
12
# nfsh
1
# fshname
FLEET1
# catch_bio_in
 161.012 459.793 732.29 938.963 709.342 1228.91 1176.45 2271.37 1222.02 1374.51 1466.17 1462.72 1023.02 1432.29 1463.31 1256.66 2195.81 1549.81 1405.89 1324.12 1737.35 1211.35 1886.57 1405.89 1343.63 1196.15 1158.63 1524.58 1068.31 1535.26
# catch_bio_sd_in
 0.01 0.01 0.01 0.01 0.01 0.01 0.01 0.01 0.01 0.01 0.01 0.01 0.01 0.01 0.01 0.01 0.01 0.01 0.01 0.01 0.01 0.01 0.01 0.01 0.01 0.01 0.01 0.01 0.01 0.01
# nyrs_fsh_age
 30
# nyrs_fsh_length
 0
# yrs_fsh_age_in
 1 2 3 4 5 6 7 8 9 10 11 12 13 14 15 16 17 18 19 20 21 22 23 24 25 26 27 28 29 30
# yrs_fsh_length_in

# n_sample_fsh_length_in

# olc_fsh_in

# nind
1
# indname
SURVEY1
# nyrs_ind
 30
# yrs_ind_in
 1 2 3 4 5 6 7 8 9 10 11 12 13 14 15 16 17 18 19 20 21 22 23 24 25 26 27 28 29 30
# mo_ind
 1
# obs_ind_in
 1.54796 1.42335 1.47125 1.27307 1.33512 1.41287 1.12461 1.61365 1.23672 1.13927 0.933212 0.963674 1.29129 1.17941 1.24851 0.999343 1.07719 0.805872 0.756559 0.786464 0.711839 0.74841 0.642923 0.706876 0.739772 0.644307 0.653069 0.75116 0.561873 0.692063
# obs_se_ind_in
 0.309593 0.28467 0.29425 0.254615 0.267023 0.282574 0.224922 0.322729 0.247344 0.227854 0.186642 0.192735 0.258259 0.235882 0.249701 0.199869 0.215437 0.161174 0.151312 0.157293 0.142368 0.149682 0.128585 0.141375 0.147954 0.128861 0.130614 0.150232 0.112375 0.138413
# nyrs_ind_age
 30
# nyrs_ind_length
 0
# yrs_ind_age_in
 1 2 3 4 5 6 7 8 9 10 11 12 13 14 15 16 17 18 19 20 21 22 23 24 25 26 27 28 29 30
# yrs_ind_length_in

# yrs_ind_age_in
 1 2 3 4 5 6 7 8 9 10 11 12 13 14 15 16 17 18 19 20 21 22 23 24 25 26 27 28 29 30
# n_sample_ind_length_in

# olc_ind_in

# oac_ind_in
 0.06 0.11 0.175 0.15 0.125 0.065 0.08 0.055 0.03 0.015 0.015 0.12
 0.04 0.13 0.16 0.135 0.09 0.1 0.065 0.06 0.02 0.035 0.035 0.13
 0.03 0.04 0.205 0.175 0.145 0.06 0.065 0.045 0.03 0.03 0.02 0.155
 0.105 0.145 0.08 0.145 0.125 0.075 0.045 0.07 0.05 0.03 0.025 0.105
 0.08 0.21 0.07 0.065 0.115 0.08 0.065 0.07 0.035 0.05 0.055 0.105
 0.07 0.17 0.17 0.08 0.055 0.115 0.06 0.04 0.07 0.035 0.025 0.11
 0.09 0.195 0.145 0.14 0.08 0.04 0.055 0.05 0.05 0.055 0.035 0.065
 0.055 0.11 0.18 0.125 0.19 0.075 0.02 0.055 0.055 0.015 0.015 0.105
 0.08 0.13 0.185 0.15 0.135 0.09 0.045 0.025 0.03 0.03 0.02 0.08
 0.09 0.105 0.14 0.115 0.14 0.125 0.07 0.025 0.035 0.02 0.015 0.12
 0.08 0.2 0.135 0.125 0.155 0.1 0.06 0.035 0.025 0.015 0.01 0.06
 0.07 0.155 0.235 0.12 0.09 0.075 0.08 0.03 0.035 0.025 0.01 0.075
 0.11 0.21 0.15 0.205 0.07 0.045 0.055 0.06 0.025 0.03 0.005 0.035
 0.065 0.16 0.245 0.1 0.145 0.045 0.045 0.055 0.025 0.03 0.025 0.06
 0.085 0.205 0.16 0.175 0.065 0.115 0.045 0.02 0.025 0.025 0.02 0.06
 0.08 0.185 0.185 0.17 0.065 0.05 0.095 0.035 0.045 0.02 0.025 0.045
 0.105 0.17 0.17 0.185 0.11 0.09 0.035 0.065 0.02 0.02 0 0.03
 0.07 0.27 0.14 0.165 0.11 0.055 0.05 0.025 0.04 0.015 0.015 0.045
 0.13 0.235 0.235 0.06 0.085 0.07 0.055 0.05 0.015 0.035 0.01 0.02
 0.165 0.215 0.18 0.15 0.08 0.035 0.045 0.045 0.025 0.005 0.02 0.035
 0.075 0.315 0.235 0.125 0.095 0.01 0.03 0.05 0.02 0.015 0.015 0.015
 0.085 0.215 0.26 0.185 0.075 0.055 0.01 0.02 0.05 0 0.015 0.03
 0.095 0.225 0.205 0.19 0.145 0.035 0.04 0.02 0.01 0.015 0.005 0.015
 0.145 0.245 0.235 0.145 0.095 0.06 0.025 0.015 0.005 0 0.005 0.025
 0.09 0.295 0.24 0.155 0.075 0.05 0.065 0.005 0 0.005 0 0.02
 0.135 0.23 0.235 0.145 0.095 0.04 0.035 0.045 0.025 0.01 0 0.005
 0.15 0.275 0.205 0.14 0.095 0.055 0.035 0.025 0.01 0.005 0.005 0
 0.185 0.2 0.235 0.135 0.105 0.075 0.03 0.005 0.01 0.005 0.005 0.01
 0.15 0.3 0.175 0.135 0.12 0.06 0.015 0.025 0.01 0.005 0 0.005
 0.135 0.235 0.27 0.125 0.13 0.04 0.035 0.005 0.01 0.01 0 0.005
# wt_ind
 1 1 1 1 1 1 1 1 1 1 1 1
 1 1 1 1 1 1 1 1 1 1 1 1
 1 1 1 1 1 1 1 1 1 1 1 1
 1 1 1 1 1 1 1 1 1 1 1 1
 1 1 1 1 1 1 1 1 1 1 1 1
 1 1 1 1 1 1 1 1 1 1 1 1
 1 1 1 1 1 1 1 1 1 1 1 1
 1 1 1 1 1 1 1 1 1 1 1 1
 1 1 1 1 1 1 1 1 1 1 1 1
 1 1 1 1 1 1 1 1 1 1 1 1
 1 1 1 1 1 1 1 1 1 1 1 1
 1 1 1 1 1 1 1 1 1 1 1 1
 1 1 1 1 1 1 1 1 1 1 1 1
 1 1 1 1 1 1 1 1 1 1 1 1
 1 1 1 1 1 1 1 1 1 1 1 1
 1 1 1 1 1 1 1 1 1 1 1 1
 1 1 1 1 1 1 1 1 1 1 1 1
 1 1 1 1 1 1 1 1 1 1 1 1
 1 1 1 1 1 1 1 1 1 1 1 1
 1 1 1 1 1 1 1 1 1 1 1 1
 1 1 1 1 1 1 1 1 1 1 1 1
 1 1 1 1 1 1 1 1 1 1 1 1
 1 1 1 1 1 1 1 1 1 1 1 1
 1 1 1 1 1 1 1 1 1 1 1 1
 1 1 1 1 1 1 1 1 1 1 1 1
 1 1 1 1 1 1 1 1 1 1 1 1
 1 1 1 1 1 1 1 1 1 1 1 1
 1 1 1 1 1 1 1 1 1 1 1 1
 1 1 1 1 1 1 1 1 1 1 1 1
 1 1 1 1 1 1 1 1 1 1 1 1
# wt_pop
 0.000530656 0.00119633 0.00205827 0.00303499 0.00405521 0.0050647 0.00602623 0.00691692 0.00772489 0.00844611 0.00908185 0.0096367
# maturity
 0.0229774 0.320821 0.904651 0.99478 0.999739 0.999987 0.999999 1 1 1 1 1
# spawnmo
1
# age_err
 1 0 0 0 0 0 0 0 0 0 0 0
 0 1 0 0 0 0 0 0 0 0 0 0
 0 0 1 0 0 0 0 0 0 0 0 0
 0 0 0 1 0 0 0 0 0 0 0 0
 0 0 0 0 1 0 0 0 0 0 0 0
 0 0 0 0 0 1 0 0 0 0 0 0
 0 0 0 0 0 0 1 0 0 0 0 0
 0 0 0 0 0 0 0 1 0 0 0 0
 0 0 0 0 0 0 0 0 1 0 0 0
 0 0 0 0 0 0 0 0 0 1 0 0
 0 0 0 0 0 0 0 0 0 0 1 0
 0 0 0 0 0 0 0 0 0 0 0 1
# cntrlfile_name
C:\Users\bai.li\DOCUME~1\Github\AGE_ST~1\ASSAMC\example\output\AMAK\s108\amak.dat
# Map shared selectivity: 
# sel_map
 1 2
 1 1
# datafile_name
amak_data.dat
# model_name
AMAK_MCP
# SrType
2
# use_age_err
0
# retro
0
# sigmarprior
0.2
# cvsigmarprior
0.25
# phase_sigmar
-3
# styr_rec_est
1
# endyr_rec_est
30
# Linfprior
80
# cvLinfprior
0.25
# kprior
0.18
# cvkprior
0.25
# Loprior
27.688
# cvLoprior
0.25
# sdageprior
0.1
# cvsdageprior
0.25
# natmortprior
0.2
# cvnatmortprior
0.25
# phase_M
-4
# npars_Mage
0
# ages_M_changes

# Mage_in

# Mage_offset_in

# phase_Mage
-5
# phase_rw_M
0
# npars_rw_M
0
# yrs_rw_M

# sigma_rw_M

# qprior
 3.48998e-007
# cvqprior
 1
# phase_q
 1
# q_power_prior
 1
# cvq_power_prior
 0.2
# phase_q_power
 -4
# phase_rw_q
 -1
# npars_rw_q
 0
# yrs_rw_q

# sigma_rw_q

# q_age_min
 1
# q_age_max
 12
# q_age_min
 1
# q_age_max
 12
# fsh_sel_opt(k)
2
# phase_sel_fsh(k)
2
# n_sel_ch_fsh(k)
1
# sel_slp_in_fsh(k)(1,n_sel_ch_fsh(k))
 1
# sel_inf_in_fsh(k)(1,n_sel_ch_fsh(k))
 2
# logsel_slp_in_fsh(k)(1,n_sel_ch_fsh(k))
 0
# yrs_sel_ch_fsh(k)(1,n_sel_ch_fsh(k))
 1

Survey SURVEY1
# ind_sel_opt(k)
2
# indname(k)
SURVEY1
# nselages_in_ind(k)
11
# phase_sel_ind(k)
2
# sel_change_in_ind(k)
 1 0 0 0 0 0 0 0 0 0 0 0 0 0 0 0 0 0 0 0 0 0 0 0 0 0 0 0 0 0
# n_sel_ch_ind(k)
1
# yrs_sel_ch_ind(k)(1,n_sel_ch_ind(k))
 1
# sel_slp_in_ind(k,1)
2
# sel_inf_in_ind(k,1)
1.5
# logsel_slp_in_ind(k,1)
0.693147
# logsel_slp_in_indv(k)
0.693147
SURVEY1 ind sel opt 2  1 0 0 0 0 0 0 0 0 0 0 0 0 0 0 0 0 0 0 0 0 0 0 0 0 0 0 0 0 0
Phase indices Sel_Coffs:  -1
 Test: 1.23457e+008
# Fshry Selages:  11
# Srvy  Selages:  11
# Phase for age-spec fishery  -1
# Phase for logistic fishery  2
# Phase for dble logistic fishery  -1
# Phase for age-spec indices   -1
# Phase for logistic indices   2
# Phase for dble logistic ind  -1
# Curv_pen_fsh: 
 0
# Curv_pen_ind: 
 0
# styr_fut
31
# endyr_fut
35
# nyrs_fsh_age
 30
# nyrs_fsh_age
 30
# yrs_fsh_age
 1 2 3 4 5 6 7 8 9 10 11 12 13 14 15 16 17 18 19 20 21 22 23 24 25 26 27 28 29 30
# n_sample_fsh_age
 200 200 200 200 200 200 200 200 200 200 200 200 200 200 200 200 200 200 200 200 200 200 200 200 200 200 200 200 200 200
# oac_fsh
 0.07 0.09 0.135 0.085 0.08 0.11 0.07 0.065 0.035 0.02 0.03 0.21
 0.03 0.135 0.065 0.13 0.13 0.13 0.04 0.05 0.045 0.025 0.045 0.175
 0.06 0.065 0.1 0.135 0.135 0.09 0.08 0.09 0.06 0.045 0.015 0.125
 0.13 0.115 0.08 0.09 0.115 0.075 0.08 0.07 0.055 0.045 0.015 0.13
 0.035 0.155 0.105 0.065 0.175 0.065 0.065 0.06 0.04 0.05 0.03 0.155
 0.095 0.09 0.145 0.115 0.05 0.055 0.05 0.08 0.06 0.06 0.045 0.155
 0.1 0.205 0.13 0.125 0.1 0.055 0.04 0.035 0.035 0.055 0.015 0.105
 0.07 0.13 0.2 0.115 0.095 0.09 0.035 0.035 0.085 0.025 0.02 0.1
 0.085 0.1 0.13 0.13 0.115 0.12 0.05 0.035 0.055 0.04 0.035 0.105
 0.095 0.065 0.17 0.145 0.185 0.065 0.08 0.055 0.015 0.05 0.01 0.065
 0.085 0.17 0.13 0.12 0.125 0.055 0.105 0.05 0.045 0.025 0.02 0.07
 0.12 0.07 0.24 0.105 0.07 0.09 0.085 0.045 0.055 0.015 0.015 0.09
 0.145 0.18 0.095 0.17 0.095 0.055 0.06 0.06 0.03 0.04 0.01 0.06
 0.105 0.17 0.205 0.095 0.17 0.055 0.06 0.04 0.01 0.01 0.015 0.065
 0.08 0.155 0.16 0.18 0.085 0.11 0.04 0.05 0.04 0.02 0.01 0.07
 0.08 0.145 0.18 0.16 0.155 0.065 0.07 0.04 0.015 0.015 0.005 0.07
 0.11 0.105 0.135 0.16 0.14 0.12 0.045 0.1 0.015 0.015 0.015 0.04
 0.1 0.19 0.12 0.095 0.105 0.125 0.085 0.05 0.055 0.015 0.01 0.05
 0.165 0.14 0.185 0.09 0.135 0.04 0.075 0.085 0.01 0.03 0.005 0.04
 0.17 0.175 0.155 0.15 0.105 0.07 0.055 0.03 0.03 0.01 0.01 0.04
 0.13 0.245 0.27 0.135 0.08 0.035 0.02 0.03 0.015 0.015 0 0.025
 0.165 0.13 0.265 0.15 0.065 0.09 0.02 0.025 0.02 0.02 0.015 0.035
 0.15 0.205 0.16 0.165 0.135 0.07 0.055 0.005 0.02 0.025 0 0.01
 0.2 0.2 0.165 0.105 0.135 0.085 0.03 0.025 0 0.005 0.015 0.035
 0.115 0.23 0.155 0.2 0.075 0.06 0.085 0.02 0.01 0.015 0.005 0.03
 0.145 0.185 0.18 0.165 0.135 0.075 0.07 0.02 0.015 0.01 0 0
 0.125 0.25 0.16 0.16 0.12 0.08 0.035 0.03 0.005 0.005 0.01 0.02
 0.155 0.19 0.14 0.18 0.17 0.065 0.06 0.01 0.005 0.015 0.005 0.005
 0.155 0.215 0.155 0.175 0.095 0.07 0.045 0.015 0.015 0.015 0.025 0.02
 0.165 0.22 0.2 0.21 0.085 0.07 0.02 0.025 0 0.005 0 0
# olc_fsh

# wt_fsh
 0.000530656 0.00119633 0.00205827 0.00303499 0.00405521 0.0050647 0.00602623 0.00691692 0.00772489 0.00844611 0.00908185 0.0096367
 0.000530656 0.00119633 0.00205827 0.00303499 0.00405521 0.0050647 0.00602623 0.00691692 0.00772489 0.00844611 0.00908185 0.0096367
 0.000530656 0.00119633 0.00205827 0.00303499 0.00405521 0.0050647 0.00602623 0.00691692 0.00772489 0.00844611 0.00908185 0.0096367
 0.000530656 0.00119633 0.00205827 0.00303499 0.00405521 0.0050647 0.00602623 0.00691692 0.00772489 0.00844611 0.00908185 0.0096367
 0.000530656 0.00119633 0.00205827 0.00303499 0.00405521 0.0050647 0.00602623 0.00691692 0.00772489 0.00844611 0.00908185 0.0096367
 0.000530656 0.00119633 0.00205827 0.00303499 0.00405521 0.0050647 0.00602623 0.00691692 0.00772489 0.00844611 0.00908185 0.0096367
 0.000530656 0.00119633 0.00205827 0.00303499 0.00405521 0.0050647 0.00602623 0.00691692 0.00772489 0.00844611 0.00908185 0.0096367
 0.000530656 0.00119633 0.00205827 0.00303499 0.00405521 0.0050647 0.00602623 0.00691692 0.00772489 0.00844611 0.00908185 0.0096367
 0.000530656 0.00119633 0.00205827 0.00303499 0.00405521 0.0050647 0.00602623 0.00691692 0.00772489 0.00844611 0.00908185 0.0096367
 0.000530656 0.00119633 0.00205827 0.00303499 0.00405521 0.0050647 0.00602623 0.00691692 0.00772489 0.00844611 0.00908185 0.0096367
 0.000530656 0.00119633 0.00205827 0.00303499 0.00405521 0.0050647 0.00602623 0.00691692 0.00772489 0.00844611 0.00908185 0.0096367
 0.000530656 0.00119633 0.00205827 0.00303499 0.00405521 0.0050647 0.00602623 0.00691692 0.00772489 0.00844611 0.00908185 0.0096367
 0.000530656 0.00119633 0.00205827 0.00303499 0.00405521 0.0050647 0.00602623 0.00691692 0.00772489 0.00844611 0.00908185 0.0096367
 0.000530656 0.00119633 0.00205827 0.00303499 0.00405521 0.0050647 0.00602623 0.00691692 0.00772489 0.00844611 0.00908185 0.0096367
 0.000530656 0.00119633 0.00205827 0.00303499 0.00405521 0.0050647 0.00602623 0.00691692 0.00772489 0.00844611 0.00908185 0.0096367
 0.000530656 0.00119633 0.00205827 0.00303499 0.00405521 0.0050647 0.00602623 0.00691692 0.00772489 0.00844611 0.00908185 0.0096367
 0.000530656 0.00119633 0.00205827 0.00303499 0.00405521 0.0050647 0.00602623 0.00691692 0.00772489 0.00844611 0.00908185 0.0096367
 0.000530656 0.00119633 0.00205827 0.00303499 0.00405521 0.0050647 0.00602623 0.00691692 0.00772489 0.00844611 0.00908185 0.0096367
 0.000530656 0.00119633 0.00205827 0.00303499 0.00405521 0.0050647 0.00602623 0.00691692 0.00772489 0.00844611 0.00908185 0.0096367
 0.000530656 0.00119633 0.00205827 0.00303499 0.00405521 0.0050647 0.00602623 0.00691692 0.00772489 0.00844611 0.00908185 0.0096367
 0.000530656 0.00119633 0.00205827 0.00303499 0.00405521 0.0050647 0.00602623 0.00691692 0.00772489 0.00844611 0.00908185 0.0096367
 0.000530656 0.00119633 0.00205827 0.00303499 0.00405521 0.0050647 0.00602623 0.00691692 0.00772489 0.00844611 0.00908185 0.0096367
 0.000530656 0.00119633 0.00205827 0.00303499 0.00405521 0.0050647 0.00602623 0.00691692 0.00772489 0.00844611 0.00908185 0.0096367
 0.000530656 0.00119633 0.00205827 0.00303499 0.00405521 0.0050647 0.00602623 0.00691692 0.00772489 0.00844611 0.00908185 0.0096367
 0.000530656 0.00119633 0.00205827 0.00303499 0.00405521 0.0050647 0.00602623 0.00691692 0.00772489 0.00844611 0.00908185 0.0096367
 0.000530656 0.00119633 0.00205827 0.00303499 0.00405521 0.0050647 0.00602623 0.00691692 0.00772489 0.00844611 0.00908185 0.0096367
 0.000530656 0.00119633 0.00205827 0.00303499 0.00405521 0.0050647 0.00602623 0.00691692 0.00772489 0.00844611 0.00908185 0.0096367
 0.000530656 0.00119633 0.00205827 0.00303499 0.00405521 0.0050647 0.00602623 0.00691692 0.00772489 0.00844611 0.00908185 0.0096367
 0.000530656 0.00119633 0.00205827 0.00303499 0.00405521 0.0050647 0.00602623 0.00691692 0.00772489 0.00844611 0.00908185 0.0096367
 0.000530656 0.00119633 0.00205827 0.00303499 0.00405521 0.0050647 0.00602623 0.00691692 0.00772489 0.00844611 0.00908185 0.0096367
# nyrs_ind_age
 30
# yrs_ind_age
 1 2 3 4 5 6 7 8 9 10 11 12 13 14 15 16 17 18 19 20 21 22 23 24 25 26 27 28 29 30
# n_sample_ind_age
 200 200 200 200 200 200 200 200 200 200 200 200 200 200 200 200 200 200 200 200 200 200 200 200 200 200 200 200 200 200
# oac_ind
 0.06 0.11 0.175 0.15 0.125 0.065 0.08 0.055 0.03 0.015 0.015 0.12
 0.04 0.13 0.16 0.135 0.09 0.1 0.065 0.06 0.02 0.035 0.035 0.13
 0.03 0.04 0.205 0.175 0.145 0.06 0.065 0.045 0.03 0.03 0.02 0.155
 0.105 0.145 0.08 0.145 0.125 0.075 0.045 0.07 0.05 0.03 0.025 0.105
 0.08 0.21 0.07 0.065 0.115 0.08 0.065 0.07 0.035 0.05 0.055 0.105
 0.07 0.17 0.17 0.08 0.055 0.115 0.06 0.04 0.07 0.035 0.025 0.11
 0.09 0.195 0.145 0.14 0.08 0.04 0.055 0.05 0.05 0.055 0.035 0.065
 0.055 0.11 0.18 0.125 0.19 0.075 0.02 0.055 0.055 0.015 0.015 0.105
 0.08 0.13 0.185 0.15 0.135 0.09 0.045 0.025 0.03 0.03 0.02 0.08
 0.09 0.105 0.14 0.115 0.14 0.125 0.07 0.025 0.035 0.02 0.015 0.12
 0.08 0.2 0.135 0.125 0.155 0.1 0.06 0.035 0.025 0.015 0.01 0.06
 0.07 0.155 0.235 0.12 0.09 0.075 0.08 0.03 0.035 0.025 0.01 0.075
 0.11 0.21 0.15 0.205 0.07 0.045 0.055 0.06 0.025 0.03 0.005 0.035
 0.065 0.16 0.245 0.1 0.145 0.045 0.045 0.055 0.025 0.03 0.025 0.06
 0.085 0.205 0.16 0.175 0.065 0.115 0.045 0.02 0.025 0.025 0.02 0.06
 0.08 0.185 0.185 0.17 0.065 0.05 0.095 0.035 0.045 0.02 0.025 0.045
 0.105 0.17 0.17 0.185 0.11 0.09 0.035 0.065 0.02 0.02 0 0.03
 0.07 0.27 0.14 0.165 0.11 0.055 0.05 0.025 0.04 0.015 0.015 0.045
 0.13 0.235 0.235 0.06 0.085 0.07 0.055 0.05 0.015 0.035 0.01 0.02
 0.165 0.215 0.18 0.15 0.08 0.035 0.045 0.045 0.025 0.005 0.02 0.035
 0.075 0.315 0.235 0.125 0.095 0.01 0.03 0.05 0.02 0.015 0.015 0.015
 0.085 0.215 0.26 0.185 0.075 0.055 0.01 0.02 0.05 0 0.015 0.03
 0.095 0.225 0.205 0.19 0.145 0.035 0.04 0.02 0.01 0.015 0.005 0.015
 0.145 0.245 0.235 0.145 0.095 0.06 0.025 0.015 0.005 0 0.005 0.025
 0.09 0.295 0.24 0.155 0.075 0.05 0.065 0.005 0 0.005 0 0.02
 0.135 0.23 0.235 0.145 0.095 0.04 0.035 0.045 0.025 0.01 0 0.005
 0.15 0.275 0.205 0.14 0.095 0.055 0.035 0.025 0.01 0.005 0.005 0
 0.185 0.2 0.235 0.135 0.105 0.075 0.03 0.005 0.01 0.005 0.005 0.01
 0.15 0.3 0.175 0.135 0.12 0.06 0.015 0.025 0.01 0.005 0 0.005
 0.135 0.235 0.27 0.125 0.13 0.04 0.035 0.005 0.01 0.01 0 0.005
# olc_ind

# obs_lse_ind
 0.198042 0.198042 0.198042 0.198042 0.198042 0.198042 0.198042 0.198042 0.198042 0.198042 0.198042 0.198042 0.198042 0.198042 0.198042 0.198042 0.198042 0.198042 0.198042 0.198042 0.198042 0.198042 0.198042 0.198042 0.198042 0.198042 0.198042 0.198042 0.198042 0.198042
# xages_fsh
 0 0 0 0 0 0 0 0 0 0 0 0
# xages_fsh
 0 0.0909091 0.181818 0.272727 0.363636 0.454545 0.545455 0.636364 0.727273 0.818182 0.909091 1
# xnodes_fsh

Yrs fsh_sel change:  1 0 0 0 0 0 0 0 0 0 0 0 0 0 0 0 0 0 0 0 0 0 0 0 0 0 0 0 0
Yrs ind_sel change:  1 0 0 0 0 0 0 0 0 0 0 0 0 0 0 0 0 0 0 0 0 0 0 0 0 0 0 0 0
# steepnessprior
0.75
# sigmarprior
0.2
#  SSB estimated in styr endyr: -13 28 
#  Rec estimated in styr endyr: -11 30 
#  SR Curve fit  in styr endyr: 1 30 
#             Model styr endyr: 1 30 
# qprior
 3.48998e-007
# q_power_prior 
 1 
# cv_catchbiomass 
0.05 
# CatchbiomassPen 
200 
# Number of projection years 
5 
# offset_fsh
 13384.6
# offset_ind
 13013.8
Mean Catch
1297.41
R_guess 
15.4283
# nfsh
1
# n_sel_ch_fsh
 1
# nselages_fsh
 11
# phase_selcoff_fsh
 -1
logRzero 15.4283
logmeanrec 15.4283
exp(log_sigmarprior 0.2
Fish sel phase: -1 FLEET1
Fixing fishery sel to
1
Srvy sel phase: -1
Fixing SURVEY1 indices sel to
1
# logsel_slp_in_indv
 0.693147
Leaving parameter init secton
# M
 0.2 0.2 0.2 0.2 0.2 0.2 0.2 0.2 0.2 0.2 0.2 0.2
 0.2 0.2 0.2 0.2 0.2 0.2 0.2 0.2 0.2 0.2 0.2 0.2
 0.2 0.2 0.2 0.2 0.2 0.2 0.2 0.2 0.2 0.2 0.2 0.2
 0.2 0.2 0.2 0.2 0.2 0.2 0.2 0.2 0.2 0.2 0.2 0.2
 0.2 0.2 0.2 0.2 0.2 0.2 0.2 0.2 0.2 0.2 0.2 0.2
 0.2 0.2 0.2 0.2 0.2 0.2 0.2 0.2 0.2 0.2 0.2 0.2
 0.2 0.2 0.2 0.2 0.2 0.2 0.2 0.2 0.2 0.2 0.2 0.2
 0.2 0.2 0.2 0.2 0.2 0.2 0.2 0.2 0.2 0.2 0.2 0.2
 0.2 0.2 0.2 0.2 0.2 0.2 0.2 0.2 0.2 0.2 0.2 0.2
 0.2 0.2 0.2 0.2 0.2 0.2 0.2 0.2 0.2 0.2 0.2 0.2
 0.2 0.2 0.2 0.2 0.2 0.2 0.2 0.2 0.2 0.2 0.2 0.2
 0.2 0.2 0.2 0.2 0.2 0.2 0.2 0.2 0.2 0.2 0.2 0.2
 0.2 0.2 0.2 0.2 0.2 0.2 0.2 0.2 0.2 0.2 0.2 0.2
 0.2 0.2 0.2 0.2 0.2 0.2 0.2 0.2 0.2 0.2 0.2 0.2
 0.2 0.2 0.2 0.2 0.2 0.2 0.2 0.2 0.2 0.2 0.2 0.2
 0.2 0.2 0.2 0.2 0.2 0.2 0.2 0.2 0.2 0.2 0.2 0.2
 0.2 0.2 0.2 0.2 0.2 0.2 0.2 0.2 0.2 0.2 0.2 0.2
 0.2 0.2 0.2 0.2 0.2 0.2 0.2 0.2 0.2 0.2 0.2 0.2
 0.2 0.2 0.2 0.2 0.2 0.2 0.2 0.2 0.2 0.2 0.2 0.2
 0.2 0.2 0.2 0.2 0.2 0.2 0.2 0.2 0.2 0.2 0.2 0.2
 0.2 0.2 0.2 0.2 0.2 0.2 0.2 0.2 0.2 0.2 0.2 0.2
 0.2 0.2 0.2 0.2 0.2 0.2 0.2 0.2 0.2 0.2 0.2 0.2
 0.2 0.2 0.2 0.2 0.2 0.2 0.2 0.2 0.2 0.2 0.2 0.2
 0.2 0.2 0.2 0.2 0.2 0.2 0.2 0.2 0.2 0.2 0.2 0.2
 0.2 0.2 0.2 0.2 0.2 0.2 0.2 0.2 0.2 0.2 0.2 0.2
 0.2 0.2 0.2 0.2 0.2 0.2 0.2 0.2 0.2 0.2 0.2 0.2
 0.2 0.2 0.2 0.2 0.2 0.2 0.2 0.2 0.2 0.2 0.2 0.2
 0.2 0.2 0.2 0.2 0.2 0.2 0.2 0.2 0.2 0.2 0.2 0.2
 0.2 0.2 0.2 0.2 0.2 0.2 0.2 0.2 0.2 0.2 0.2 0.2
 0.2 0.2 0.2 0.2 0.2 0.2 0.2 0.2 0.2 0.2 0.2 0.2
# mean_log_rec
13.6938
# log_Rzero
13.8234
# rec_dev
 -0.0102568 -0.012501 -0.124444 -0.126124 -0.23845 -0.104682 0.0413608 0.0519922 0.117971 0.0868504 0.126892 0.0626108 0.123597 -0.459542 -0.0827622 0.329421 0.124811 0.32124 0.144885 -0.0585033 -0.173141 0.394284 -0.199096 0.278079 0.154962 0.120801 -0.0876933 -0.341516 0.0988412 -0.117988 0.243408 0.28822 -0.092726 0.0888893 0.0271821 0.0963497 -0.111555 -0.0245458 -0.156809 0.0249447 -0.119622 -0.143286
# fmort
 0.00994079 0.0287297 0.0472804 0.0637347 0.0504374 0.0914127 0.0919829 0.193113 0.113734 0.135289 0.15444 0.164538 0.119278 0.171108 0.183028 0.164538 0.319845 0.261991 0.261459 0.260611 0.364809 0.266985 0.446682 0.37036 0.376132 0.348977 0.347281 0.493775 0.374158 0.589855
# rec_dev_future
 0 0 0 0 0
