AMAK;Mar 2020
# styr
1
# endyr
30
# rec_age
1
# oldest_age
12
# nlength
81
# len_bins
 10 11 12 13 14 15 16 17 18 19 20 21 22 23 24 25 26 27 28 29 30 31 32 33 34 35 36 37 38 39 40 41 42 43 44 45 46 47 48 49 50 51 52 53 54 55 56 57 58 59 60 61 62 63 64 65 66 67 68 69 70 71 72 73 74 75 76 77 78 79 80 81 82 83 84 85 86 87 88 89 90
# datafile_name
amak_data.dat
# model_name
AMAK_MCP
# styr
1
# endyr
30
# rec_age
1
# oldest_age
12
# nfsh
1
# fshname
FLEET1
# catch_bio_in
 160.662 463.053 744.951 980.69 744.578 1248.68 1198.57 2302.47 1249.34 1491.49 1664.26 1734.73 1241.09 1773.27 1780.71 1507.36 2626.18 1814.57 1580.37 1406.98 1778.66 1182.57 1718.48 1220.53 1205.3 1198.64 1275.81 1742.83 1210.51 1678.04
# catch_bio_sd_in
 0.01 0.01 0.01 0.01 0.01 0.01 0.01 0.01 0.01 0.01 0.01 0.01 0.01 0.01 0.01 0.01 0.01 0.01 0.01 0.01 0.01 0.01 0.01 0.01 0.01 0.01 0.01 0.01 0.01 0.01
# nyrs_fsh_age
 30
# nyrs_fsh_length
 0
# yrs_fsh_age_in
 1 2 3 4 5 6 7 8 9 10 11 12 13 14 15 16 17 18 19 20 21 22 23 24 25 26 27 28 29 30
# yrs_fsh_length_in

# n_sample_fsh_length_in

# olc_fsh_in

# nind
1
# indname
SURVEY1
# nyrs_ind
 30
# yrs_ind_in
 1 2 3 4 5 6 7 8 9 10 11 12 13 14 15 16 17 18 19 20 21 22 23 24 25 26 27 28 29 30
# mo_ind
 1
# obs_ind_in
 1.51311 1.49442 1.50115 1.62579 1.20074 1.19331 1.32219 1.47754 1.39174 1.2283 1.32567 1.43588 1.13977 1.23987 1.26643 0.988862 1.18049 0.871446 0.749186 0.781404 0.734794 0.614366 0.556275 0.622028 0.77032 0.73276 0.717803 0.73414 0.606788 0.591485
# obs_se_ind_in
 0.302622 0.298884 0.300229 0.325159 0.240148 0.238661 0.264438 0.295507 0.278349 0.24566 0.265134 0.287176 0.227955 0.247974 0.253286 0.197772 0.236099 0.174289 0.149837 0.156281 0.146959 0.122873 0.111255 0.124406 0.154064 0.146552 0.143561 0.146828 0.121358 0.118297
# nyrs_ind_age
 30
# nyrs_ind_length
 0
# yrs_ind_age_in
 1 2 3 4 5 6 7 8 9 10 11 12 13 14 15 16 17 18 19 20 21 22 23 24 25 26 27 28 29 30
# yrs_ind_length_in

# yrs_ind_age_in
 1 2 3 4 5 6 7 8 9 10 11 12 13 14 15 16 17 18 19 20 21 22 23 24 25 26 27 28 29 30
# n_sample_ind_length_in

# olc_ind_in

# oac_ind_in
 0.065 0.145 0.145 0.15 0.085 0.09 0.06 0.03 0.045 0.03 0.055 0.1
 0.1 0.14 0.13 0.085 0.13 0.075 0.035 0.055 0.03 0.045 0.03 0.145
 0.04 0.2 0.15 0.115 0.11 0.09 0.04 0.04 0.03 0.05 0.035 0.1
 0.035 0.145 0.205 0.115 0.105 0.08 0.08 0.065 0.02 0.035 0.02 0.095
 0.045 0.135 0.13 0.135 0.115 0.1 0.03 0.095 0.03 0.02 0.04 0.125
 0.11 0.12 0.15 0.09 0.12 0.075 0.05 0.07 0.05 0.025 0.04 0.1
 0.09 0.16 0.095 0.12 0.06 0.115 0.07 0.05 0.04 0.04 0.025 0.135
 0.05 0.22 0.23 0.06 0.095 0.03 0.055 0.07 0.025 0.03 0.045 0.09
 0.14 0.115 0.26 0.12 0.05 0.035 0.025 0.055 0.035 0.04 0.03 0.095
 0.085 0.215 0.145 0.135 0.105 0.035 0.065 0.01 0.045 0.04 0.025 0.095
 0.06 0.235 0.21 0.1 0.11 0.065 0.035 0.01 0.03 0.025 0.025 0.095
 0.165 0.105 0.175 0.24 0.08 0.115 0.03 0.015 0.015 0.01 0.015 0.035
 0.035 0.3 0.125 0.13 0.18 0.075 0.045 0.03 0.015 0.025 0 0.04
 0.06 0.13 0.34 0.1 0.09 0.1 0.055 0.05 0.025 0 0.02 0.03
 0.145 0.13 0.1 0.19 0.105 0.075 0.085 0.065 0.025 0.025 0.01 0.045
 0.055 0.245 0.145 0.08 0.175 0.065 0.04 0.055 0.04 0.05 0.025 0.025
 0.06 0.095 0.325 0.145 0.08 0.105 0.065 0.065 0.035 0 0.005 0.02
 0.135 0.075 0.14 0.26 0.05 0.05 0.12 0.03 0.03 0.03 0.015 0.065
 0.17 0.185 0.095 0.06 0.195 0.08 0.03 0.06 0.025 0.035 0.035 0.03
 0.095 0.335 0.205 0.07 0.065 0.115 0.02 0.025 0.015 0.015 0.02 0.02
 0.155 0.13 0.29 0.14 0.035 0.03 0.095 0.005 0.035 0.035 0.015 0.035
 0.04 0.3 0.215 0.195 0.095 0.04 0.015 0.055 0.01 0.005 0 0.03
 0.09 0.115 0.32 0.11 0.15 0.05 0.035 0.025 0.04 0.005 0.02 0.04
 0.25 0.235 0.075 0.155 0.095 0.09 0.03 0.02 0.005 0.025 0.005 0.015
 0.2 0.305 0.225 0.02 0.12 0.025 0.065 0.02 0 0 0.015 0.005
 0.105 0.365 0.27 0.135 0.015 0.05 0.005 0.02 0.015 0.015 0.005 0
 0.115 0.215 0.355 0.15 0.065 0.02 0.035 0.005 0.015 0.01 0.01 0.005
 0.045 0.2 0.23 0.31 0.125 0.055 0.005 0 0 0.015 0.005 0.01
 0.14 0.14 0.215 0.155 0.19 0.105 0.015 0.01 0.01 0.01 0 0.01
 0.15 0.34 0.075 0.155 0.125 0.07 0.055 0.01 0.01 0 0.005 0.005
# wt_ind
 1 1 1 1 1 1 1 1 1 1 1 1
 1 1 1 1 1 1 1 1 1 1 1 1
 1 1 1 1 1 1 1 1 1 1 1 1
 1 1 1 1 1 1 1 1 1 1 1 1
 1 1 1 1 1 1 1 1 1 1 1 1
 1 1 1 1 1 1 1 1 1 1 1 1
 1 1 1 1 1 1 1 1 1 1 1 1
 1 1 1 1 1 1 1 1 1 1 1 1
 1 1 1 1 1 1 1 1 1 1 1 1
 1 1 1 1 1 1 1 1 1 1 1 1
 1 1 1 1 1 1 1 1 1 1 1 1
 1 1 1 1 1 1 1 1 1 1 1 1
 1 1 1 1 1 1 1 1 1 1 1 1
 1 1 1 1 1 1 1 1 1 1 1 1
 1 1 1 1 1 1 1 1 1 1 1 1
 1 1 1 1 1 1 1 1 1 1 1 1
 1 1 1 1 1 1 1 1 1 1 1 1
 1 1 1 1 1 1 1 1 1 1 1 1
 1 1 1 1 1 1 1 1 1 1 1 1
 1 1 1 1 1 1 1 1 1 1 1 1
 1 1 1 1 1 1 1 1 1 1 1 1
 1 1 1 1 1 1 1 1 1 1 1 1
 1 1 1 1 1 1 1 1 1 1 1 1
 1 1 1 1 1 1 1 1 1 1 1 1
 1 1 1 1 1 1 1 1 1 1 1 1
 1 1 1 1 1 1 1 1 1 1 1 1
 1 1 1 1 1 1 1 1 1 1 1 1
 1 1 1 1 1 1 1 1 1 1 1 1
 1 1 1 1 1 1 1 1 1 1 1 1
 1 1 1 1 1 1 1 1 1 1 1 1
# wt_pop
 0.000530656 0.00119633 0.00205827 0.00303499 0.00405521 0.0050647 0.00602623 0.00691692 0.00772489 0.00844611 0.00908185 0.0096367
# maturity
 0.0229774 0.320821 0.904651 0.99478 0.999739 0.999987 0.999999 1 1 1 1 1
# spawnmo
1
# age_err
 1 0 0 0 0 0 0 0 0 0 0 0
 0 1 0 0 0 0 0 0 0 0 0 0
 0 0 1 0 0 0 0 0 0 0 0 0
 0 0 0 1 0 0 0 0 0 0 0 0
 0 0 0 0 1 0 0 0 0 0 0 0
 0 0 0 0 0 1 0 0 0 0 0 0
 0 0 0 0 0 0 1 0 0 0 0 0
 0 0 0 0 0 0 0 1 0 0 0 0
 0 0 0 0 0 0 0 0 1 0 0 0
 0 0 0 0 0 0 0 0 0 1 0 0
 0 0 0 0 0 0 0 0 0 0 1 0
 0 0 0 0 0 0 0 0 0 0 0 1
# cntrlfile_name
C:\Users\bai.li\DOCUME~1\Github\AGE_ST~2\ASSAMC\example\C1\output\AMAK\s7\amak.dat
# Map shared selectivity: 
# sel_map
 1 2
 1 1
# datafile_name
amak_data.dat
# model_name
AMAK_MCP
# SrType
2
# use_age_err
0
# retro
0
# sigmarprior
0.4
# cvsigmarprior
0.45
# phase_sigmar
-3
# styr_rec_est
1
# endyr_rec_est
30
# Linfprior
80
# cvLinfprior
0.25
# kprior
0.18
# cvkprior
0.25
# Loprior
27.688
# cvLoprior
0.25
# sdageprior
0.1
# cvsdageprior
0.25
# natmortprior
0.2
# cvnatmortprior
0.25
# phase_M
-4
# npars_Mage
0
# ages_M_changes

# Mage_in

# Mage_offset_in

# phase_Mage
-5
# phase_rw_M
0
# npars_rw_M
0
# yrs_rw_M

# sigma_rw_M

# qprior
 3.48998e-007
# cvqprior
 1
# phase_q
 1
# q_power_prior
 1
# cvq_power_prior
 0.2
# phase_q_power
 -4
# phase_rw_q
 -1
# npars_rw_q
 0
# yrs_rw_q

# sigma_rw_q

# q_age_min
 1
# q_age_max
 12
# q_age_min
 1
# q_age_max
 12
# fsh_sel_opt(k)
2
# phase_sel_fsh(k)
2
# n_sel_ch_fsh(k)
1
# sel_slp_in_fsh(k)(1,n_sel_ch_fsh(k))
 1
# sel_inf_in_fsh(k)(1,n_sel_ch_fsh(k))
 2
# logsel_slp_in_fsh(k)(1,n_sel_ch_fsh(k))
 0
# yrs_sel_ch_fsh(k)(1,n_sel_ch_fsh(k))
 1

Survey SURVEY1
# ind_sel_opt(k)
2
# indname(k)
SURVEY1
# nselages_in_ind(k)
11
# phase_sel_ind(k)
2
# sel_change_in_ind(k)
 1 0 0 0 0 0 0 0 0 0 0 0 0 0 0 0 0 0 0 0 0 0 0 0 0 0 0 0 0 0
# n_sel_ch_ind(k)
1
# yrs_sel_ch_ind(k)(1,n_sel_ch_ind(k))
 1
# sel_slp_in_ind(k,1)
2
# sel_inf_in_ind(k,1)
1.5
# logsel_slp_in_ind(k,1)
0.693147
# logsel_slp_in_indv(k)
0.693147
SURVEY1 ind sel opt 2  1 0 0 0 0 0 0 0 0 0 0 0 0 0 0 0 0 0 0 0 0 0 0 0 0 0 0 0 0 0
Phase indices Sel_Coffs:  -1
 Test: 1.23457e+008
# Fshry Selages:  11
# Srvy  Selages:  11
# Phase for age-spec fishery  -1
# Phase for logistic fishery  2
# Phase for dble logistic fishery  -1
# Phase for age-spec indices   -1
# Phase for logistic indices   2
# Phase for dble logistic ind  -1
# Curv_pen_fsh: 
 0
# Curv_pen_ind: 
 0
# styr_fut
31
# endyr_fut
35
# nyrs_fsh_age
 30
# nyrs_fsh_age
 30
# yrs_fsh_age
 1 2 3 4 5 6 7 8 9 10 11 12 13 14 15 16 17 18 19 20 21 22 23 24 25 26 27 28 29 30
# n_sample_fsh_age
 200 200 200 200 200 200 200 200 200 200 200 200 200 200 200 200 200 200 200 200 200 200 200 200 200 200 200 200 200 200
# oac_fsh
 0.07 0.07 0.12 0.15 0.095 0.11 0.065 0.05 0.04 0.04 0.035 0.155
 0.085 0.07 0.15 0.115 0.085 0.145 0.04 0.04 0.045 0.06 0.04 0.125
 0.07 0.13 0.12 0.125 0.105 0.105 0.07 0.03 0.06 0.035 0.035 0.115
 0.07 0.1 0.18 0.14 0.1 0.085 0.085 0.02 0.045 0.025 0.025 0.125
 0.04 0.13 0.055 0.19 0.115 0.1 0.045 0.055 0.055 0.055 0.025 0.135
 0.1 0.085 0.125 0.09 0.16 0.1 0.04 0.055 0.045 0.035 0.035 0.13
 0.17 0.095 0.12 0.085 0.055 0.095 0.075 0.035 0.04 0.05 0.05 0.13
 0.1 0.16 0.255 0.06 0.085 0.055 0.055 0.035 0.025 0.04 0.05 0.08
 0.115 0.14 0.19 0.12 0.055 0.055 0.05 0.065 0.04 0.04 0.02 0.11
 0.13 0.21 0.075 0.16 0.055 0.05 0.07 0.03 0.04 0.04 0.035 0.105
 0.06 0.16 0.275 0.095 0.105 0.115 0.02 0.025 0.02 0.01 0.02 0.095
 0.185 0.105 0.15 0.16 0.085 0.085 0.07 0.03 0.03 0.02 0.01 0.07
 0.055 0.22 0.09 0.125 0.165 0.07 0.095 0.03 0.005 0.01 0.02 0.115
 0.095 0.115 0.23 0.105 0.16 0.085 0.025 0.075 0.035 0.005 0.03 0.04
 0.16 0.07 0.11 0.21 0.08 0.11 0.105 0.025 0.04 0.035 0.01 0.045
 0.045 0.215 0.105 0.11 0.23 0.07 0.06 0.055 0.025 0.01 0.02 0.055
 0.07 0.08 0.265 0.085 0.045 0.155 0.09 0.065 0.045 0.025 0.01 0.065
 0.145 0.08 0.1 0.22 0.105 0.075 0.11 0.05 0.035 0.045 0.015 0.02
 0.18 0.16 0.145 0.07 0.175 0.075 0.025 0.07 0.02 0.02 0.01 0.05
 0.09 0.31 0.18 0.07 0.03 0.135 0.055 0.04 0.05 0 0.005 0.035
 0.135 0.13 0.24 0.185 0.025 0.055 0.07 0.03 0.015 0.03 0.01 0.075
 0.04 0.22 0.115 0.26 0.125 0.05 0.03 0.065 0 0.035 0.03 0.03
 0.16 0.065 0.265 0.12 0.14 0.095 0.035 0.01 0.035 0.025 0.005 0.045
 0.195 0.28 0.05 0.155 0.075 0.13 0.065 0.02 0.005 0.005 0.01 0.01
 0.24 0.34 0.19 0.04 0.1 0.015 0.02 0.025 0.005 0.005 0.01 0.01
 0.105 0.335 0.3 0.135 0.005 0.04 0.02 0.02 0.015 0 0 0.025
 0.155 0.205 0.275 0.17 0.11 0.005 0.04 0.015 0.015 0.005 0 0.005
 0.085 0.17 0.265 0.245 0.15 0.045 0 0.005 0.02 0.005 0 0.01
 0.235 0.095 0.185 0.16 0.205 0.055 0.05 0 0.01 0 0.005 0
 0.185 0.25 0.135 0.135 0.105 0.13 0.035 0.015 0.005 0.005 0 0
# olc_fsh

# wt_fsh
 0.000530656 0.00119633 0.00205827 0.00303499 0.00405521 0.0050647 0.00602623 0.00691692 0.00772489 0.00844611 0.00908185 0.0096367
 0.000530656 0.00119633 0.00205827 0.00303499 0.00405521 0.0050647 0.00602623 0.00691692 0.00772489 0.00844611 0.00908185 0.0096367
 0.000530656 0.00119633 0.00205827 0.00303499 0.00405521 0.0050647 0.00602623 0.00691692 0.00772489 0.00844611 0.00908185 0.0096367
 0.000530656 0.00119633 0.00205827 0.00303499 0.00405521 0.0050647 0.00602623 0.00691692 0.00772489 0.00844611 0.00908185 0.0096367
 0.000530656 0.00119633 0.00205827 0.00303499 0.00405521 0.0050647 0.00602623 0.00691692 0.00772489 0.00844611 0.00908185 0.0096367
 0.000530656 0.00119633 0.00205827 0.00303499 0.00405521 0.0050647 0.00602623 0.00691692 0.00772489 0.00844611 0.00908185 0.0096367
 0.000530656 0.00119633 0.00205827 0.00303499 0.00405521 0.0050647 0.00602623 0.00691692 0.00772489 0.00844611 0.00908185 0.0096367
 0.000530656 0.00119633 0.00205827 0.00303499 0.00405521 0.0050647 0.00602623 0.00691692 0.00772489 0.00844611 0.00908185 0.0096367
 0.000530656 0.00119633 0.00205827 0.00303499 0.00405521 0.0050647 0.00602623 0.00691692 0.00772489 0.00844611 0.00908185 0.0096367
 0.000530656 0.00119633 0.00205827 0.00303499 0.00405521 0.0050647 0.00602623 0.00691692 0.00772489 0.00844611 0.00908185 0.0096367
 0.000530656 0.00119633 0.00205827 0.00303499 0.00405521 0.0050647 0.00602623 0.00691692 0.00772489 0.00844611 0.00908185 0.0096367
 0.000530656 0.00119633 0.00205827 0.00303499 0.00405521 0.0050647 0.00602623 0.00691692 0.00772489 0.00844611 0.00908185 0.0096367
 0.000530656 0.00119633 0.00205827 0.00303499 0.00405521 0.0050647 0.00602623 0.00691692 0.00772489 0.00844611 0.00908185 0.0096367
 0.000530656 0.00119633 0.00205827 0.00303499 0.00405521 0.0050647 0.00602623 0.00691692 0.00772489 0.00844611 0.00908185 0.0096367
 0.000530656 0.00119633 0.00205827 0.00303499 0.00405521 0.0050647 0.00602623 0.00691692 0.00772489 0.00844611 0.00908185 0.0096367
 0.000530656 0.00119633 0.00205827 0.00303499 0.00405521 0.0050647 0.00602623 0.00691692 0.00772489 0.00844611 0.00908185 0.0096367
 0.000530656 0.00119633 0.00205827 0.00303499 0.00405521 0.0050647 0.00602623 0.00691692 0.00772489 0.00844611 0.00908185 0.0096367
 0.000530656 0.00119633 0.00205827 0.00303499 0.00405521 0.0050647 0.00602623 0.00691692 0.00772489 0.00844611 0.00908185 0.0096367
 0.000530656 0.00119633 0.00205827 0.00303499 0.00405521 0.0050647 0.00602623 0.00691692 0.00772489 0.00844611 0.00908185 0.0096367
 0.000530656 0.00119633 0.00205827 0.00303499 0.00405521 0.0050647 0.00602623 0.00691692 0.00772489 0.00844611 0.00908185 0.0096367
 0.000530656 0.00119633 0.00205827 0.00303499 0.00405521 0.0050647 0.00602623 0.00691692 0.00772489 0.00844611 0.00908185 0.0096367
 0.000530656 0.00119633 0.00205827 0.00303499 0.00405521 0.0050647 0.00602623 0.00691692 0.00772489 0.00844611 0.00908185 0.0096367
 0.000530656 0.00119633 0.00205827 0.00303499 0.00405521 0.0050647 0.00602623 0.00691692 0.00772489 0.00844611 0.00908185 0.0096367
 0.000530656 0.00119633 0.00205827 0.00303499 0.00405521 0.0050647 0.00602623 0.00691692 0.00772489 0.00844611 0.00908185 0.0096367
 0.000530656 0.00119633 0.00205827 0.00303499 0.00405521 0.0050647 0.00602623 0.00691692 0.00772489 0.00844611 0.00908185 0.0096367
 0.000530656 0.00119633 0.00205827 0.00303499 0.00405521 0.0050647 0.00602623 0.00691692 0.00772489 0.00844611 0.00908185 0.0096367
 0.000530656 0.00119633 0.00205827 0.00303499 0.00405521 0.0050647 0.00602623 0.00691692 0.00772489 0.00844611 0.00908185 0.0096367
 0.000530656 0.00119633 0.00205827 0.00303499 0.00405521 0.0050647 0.00602623 0.00691692 0.00772489 0.00844611 0.00908185 0.0096367
 0.000530656 0.00119633 0.00205827 0.00303499 0.00405521 0.0050647 0.00602623 0.00691692 0.00772489 0.00844611 0.00908185 0.0096367
 0.000530656 0.00119633 0.00205827 0.00303499 0.00405521 0.0050647 0.00602623 0.00691692 0.00772489 0.00844611 0.00908185 0.0096367
# nyrs_ind_age
 30
# yrs_ind_age
 1 2 3 4 5 6 7 8 9 10 11 12 13 14 15 16 17 18 19 20 21 22 23 24 25 26 27 28 29 30
# n_sample_ind_age
 200 200 200 200 200 200 200 200 200 200 200 200 200 200 200 200 200 200 200 200 200 200 200 200 200 200 200 200 200 200
# oac_ind
 0.065 0.145 0.145 0.15 0.085 0.09 0.06 0.03 0.045 0.03 0.055 0.1
 0.1 0.14 0.13 0.085 0.13 0.075 0.035 0.055 0.03 0.045 0.03 0.145
 0.04 0.2 0.15 0.115 0.11 0.09 0.04 0.04 0.03 0.05 0.035 0.1
 0.035 0.145 0.205 0.115 0.105 0.08 0.08 0.065 0.02 0.035 0.02 0.095
 0.045 0.135 0.13 0.135 0.115 0.1 0.03 0.095 0.03 0.02 0.04 0.125
 0.11 0.12 0.15 0.09 0.12 0.075 0.05 0.07 0.05 0.025 0.04 0.1
 0.09 0.16 0.095 0.12 0.06 0.115 0.07 0.05 0.04 0.04 0.025 0.135
 0.05 0.22 0.23 0.06 0.095 0.03 0.055 0.07 0.025 0.03 0.045 0.09
 0.14 0.115 0.26 0.12 0.05 0.035 0.025 0.055 0.035 0.04 0.03 0.095
 0.085 0.215 0.145 0.135 0.105 0.035 0.065 0.01 0.045 0.04 0.025 0.095
 0.06 0.235 0.21 0.1 0.11 0.065 0.035 0.01 0.03 0.025 0.025 0.095
 0.165 0.105 0.175 0.24 0.08 0.115 0.03 0.015 0.015 0.01 0.015 0.035
 0.035 0.3 0.125 0.13 0.18 0.075 0.045 0.03 0.015 0.025 0 0.04
 0.06 0.13 0.34 0.1 0.09 0.1 0.055 0.05 0.025 0 0.02 0.03
 0.145 0.13 0.1 0.19 0.105 0.075 0.085 0.065 0.025 0.025 0.01 0.045
 0.055 0.245 0.145 0.08 0.175 0.065 0.04 0.055 0.04 0.05 0.025 0.025
 0.06 0.095 0.325 0.145 0.08 0.105 0.065 0.065 0.035 0 0.005 0.02
 0.135 0.075 0.14 0.26 0.05 0.05 0.12 0.03 0.03 0.03 0.015 0.065
 0.17 0.185 0.095 0.06 0.195 0.08 0.03 0.06 0.025 0.035 0.035 0.03
 0.095 0.335 0.205 0.07 0.065 0.115 0.02 0.025 0.015 0.015 0.02 0.02
 0.155 0.13 0.29 0.14 0.035 0.03 0.095 0.005 0.035 0.035 0.015 0.035
 0.04 0.3 0.215 0.195 0.095 0.04 0.015 0.055 0.01 0.005 0 0.03
 0.09 0.115 0.32 0.11 0.15 0.05 0.035 0.025 0.04 0.005 0.02 0.04
 0.25 0.235 0.075 0.155 0.095 0.09 0.03 0.02 0.005 0.025 0.005 0.015
 0.2 0.305 0.225 0.02 0.12 0.025 0.065 0.02 0 0 0.015 0.005
 0.105 0.365 0.27 0.135 0.015 0.05 0.005 0.02 0.015 0.015 0.005 0
 0.115 0.215 0.355 0.15 0.065 0.02 0.035 0.005 0.015 0.01 0.01 0.005
 0.045 0.2 0.23 0.31 0.125 0.055 0.005 0 0 0.015 0.005 0.01
 0.14 0.14 0.215 0.155 0.19 0.105 0.015 0.01 0.01 0.01 0 0.01
 0.15 0.34 0.075 0.155 0.125 0.07 0.055 0.01 0.01 0 0.005 0.005
# olc_ind

# obs_lse_ind
 0.198042 0.198042 0.198042 0.198042 0.198042 0.198042 0.198042 0.198042 0.198042 0.198042 0.198042 0.198042 0.198042 0.198042 0.198042 0.198042 0.198042 0.198042 0.198042 0.198042 0.198042 0.198042 0.198042 0.198042 0.198042 0.198042 0.198042 0.198042 0.198042 0.198042
# xages_fsh
 0 0 0 0 0 0 0 0 0 0 0 0
# xages_fsh
 0 0.0909091 0.181818 0.272727 0.363636 0.454545 0.545455 0.636364 0.727273 0.818182 0.909091 1
# xnodes_fsh

Yrs fsh_sel change:  1 0 0 0 0 0 0 0 0 0 0 0 0 0 0 0 0 0 0 0 0 0 0 0 0 0 0 0 0
Yrs ind_sel change:  1 0 0 0 0 0 0 0 0 0 0 0 0 0 0 0 0 0 0 0 0 0 0 0 0 0 0 0 0
# steepnessprior
0.75
# sigmarprior
0.4
#  SSB estimated in styr endyr: -13 28 
#  Rec estimated in styr endyr: -11 30 
#  SR Curve fit  in styr endyr: 1 30 
#             Model styr endyr: 1 30 
# qprior
 3.48998e-007
# q_power_prior 
 1 
# cv_catchbiomass 
0.05 
# CatchbiomassPen 
200 
# Number of projection years 
5 
# offset_fsh
 13053.8
# offset_ind
 12810.1
Mean Catch
1397.51
R_guess 
15.5026
# nfsh
1
# n_sel_ch_fsh
 1
# nselages_fsh
 11
# phase_selcoff_fsh
 -1
logRzero 15.5026
logmeanrec 15.5026
exp(log_sigmarprior 0.4
Fish sel phase: -1 FLEET1
Fixing fishery sel to
1
Srvy sel phase: -1
Fixing SURVEY1 indices sel to
1
# logsel_slp_in_indv
 0.693147
Leaving parameter init secton
# M
 0.2 0.2 0.2 0.2 0.2 0.2 0.2 0.2 0.2 0.2 0.2 0.2
 0.2 0.2 0.2 0.2 0.2 0.2 0.2 0.2 0.2 0.2 0.2 0.2
 0.2 0.2 0.2 0.2 0.2 0.2 0.2 0.2 0.2 0.2 0.2 0.2
 0.2 0.2 0.2 0.2 0.2 0.2 0.2 0.2 0.2 0.2 0.2 0.2
 0.2 0.2 0.2 0.2 0.2 0.2 0.2 0.2 0.2 0.2 0.2 0.2
 0.2 0.2 0.2 0.2 0.2 0.2 0.2 0.2 0.2 0.2 0.2 0.2
 0.2 0.2 0.2 0.2 0.2 0.2 0.2 0.2 0.2 0.2 0.2 0.2
 0.2 0.2 0.2 0.2 0.2 0.2 0.2 0.2 0.2 0.2 0.2 0.2
 0.2 0.2 0.2 0.2 0.2 0.2 0.2 0.2 0.2 0.2 0.2 0.2
 0.2 0.2 0.2 0.2 0.2 0.2 0.2 0.2 0.2 0.2 0.2 0.2
 0.2 0.2 0.2 0.2 0.2 0.2 0.2 0.2 0.2 0.2 0.2 0.2
 0.2 0.2 0.2 0.2 0.2 0.2 0.2 0.2 0.2 0.2 0.2 0.2
 0.2 0.2 0.2 0.2 0.2 0.2 0.2 0.2 0.2 0.2 0.2 0.2
 0.2 0.2 0.2 0.2 0.2 0.2 0.2 0.2 0.2 0.2 0.2 0.2
 0.2 0.2 0.2 0.2 0.2 0.2 0.2 0.2 0.2 0.2 0.2 0.2
 0.2 0.2 0.2 0.2 0.2 0.2 0.2 0.2 0.2 0.2 0.2 0.2
 0.2 0.2 0.2 0.2 0.2 0.2 0.2 0.2 0.2 0.2 0.2 0.2
 0.2 0.2 0.2 0.2 0.2 0.2 0.2 0.2 0.2 0.2 0.2 0.2
 0.2 0.2 0.2 0.2 0.2 0.2 0.2 0.2 0.2 0.2 0.2 0.2
 0.2 0.2 0.2 0.2 0.2 0.2 0.2 0.2 0.2 0.2 0.2 0.2
 0.2 0.2 0.2 0.2 0.2 0.2 0.2 0.2 0.2 0.2 0.2 0.2
 0.2 0.2 0.2 0.2 0.2 0.2 0.2 0.2 0.2 0.2 0.2 0.2
 0.2 0.2 0.2 0.2 0.2 0.2 0.2 0.2 0.2 0.2 0.2 0.2
 0.2 0.2 0.2 0.2 0.2 0.2 0.2 0.2 0.2 0.2 0.2 0.2
 0.2 0.2 0.2 0.2 0.2 0.2 0.2 0.2 0.2 0.2 0.2 0.2
 0.2 0.2 0.2 0.2 0.2 0.2 0.2 0.2 0.2 0.2 0.2 0.2
 0.2 0.2 0.2 0.2 0.2 0.2 0.2 0.2 0.2 0.2 0.2 0.2
 0.2 0.2 0.2 0.2 0.2 0.2 0.2 0.2 0.2 0.2 0.2 0.2
 0.2 0.2 0.2 0.2 0.2 0.2 0.2 0.2 0.2 0.2 0.2 0.2
 0.2 0.2 0.2 0.2 0.2 0.2 0.2 0.2 0.2 0.2 0.2 0.2
# mean_log_rec
13.7683
# log_Rzero
13.7858
# rec_dev
 -0.199491 -0.235147 0.170088 -0.0427543 0.115663 -0.123199 -0.0460901 -0.0790052 0.0180402 0.256752 0.0111775 0.0460703 0.105097 0.311283 -0.285082 -0.0555369 -0.413045 0.252083 0.435655 0.00246843 0.58329 0.324709 -0.0582443 0.685078 -0.246993 -0.198257 0.536405 -0.616507 -0.635299 -0.0221861 0.303317 -0.424464 0.0492943 -1.2859 -0.0521573 0.309933 0.513697 -0.012797 -0.18252 -0.838638 0.00191284 -0.151014
# fmort
 0.00913444 0.0264473 0.0434117 0.0592336 0.0469944 0.0834075 0.0855374 0.179839 0.105068 0.128596 0.147695 0.158731 0.115112 0.167912 0.17823 0.159621 0.31328 0.258703 0.258268 0.253601 0.355614 0.263288 0.439453 0.363646 0.364478 0.338336 0.3353 0.483224 0.379718 0.624375
# rec_dev_future
 0 0 0 0 0
