AMAK;Mar 2020
# styr
1
# endyr
30
# rec_age
1
# oldest_age
12
# nlength
81
# len_bins
 10 11 12 13 14 15 16 17 18 19 20 21 22 23 24 25 26 27 28 29 30 31 32 33 34 35 36 37 38 39 40 41 42 43 44 45 46 47 48 49 50 51 52 53 54 55 56 57 58 59 60 61 62 63 64 65 66 67 68 69 70 71 72 73 74 75 76 77 78 79 80 81 82 83 84 85 86 87 88 89 90
# datafile_name
amak_data.dat
# model_name
AMAK_MCP
# styr
1
# endyr
30
# rec_age
1
# oldest_age
12
# nfsh
1
# fshname
FLEET1
# catch_bio_in
 160.577 462.527 742.998 967.322 742.871 1260.22 1204.5 2257.42 1184.73 1373 1445.22 1420.4 968.168 1345.04 1369.95 1182.72 2131.05 1548.27 1422.79 1338.74 1757.22 1269.96 2015.56 1564.27 1496.24 1348.98 1266.69 1595.92 1058.69 1447.41
# catch_bio_sd_in
 0.01 0.01 0.01 0.01 0.01 0.01 0.01 0.01 0.01 0.01 0.01 0.01 0.01 0.01 0.01 0.01 0.01 0.01 0.01 0.01 0.01 0.01 0.01 0.01 0.01 0.01 0.01 0.01 0.01 0.01
# nyrs_fsh_age
 30
# nyrs_fsh_length
 0
# yrs_fsh_age_in
 1 2 3 4 5 6 7 8 9 10 11 12 13 14 15 16 17 18 19 20 21 22 23 24 25 26 27 28 29 30
# yrs_fsh_length_in

# n_sample_fsh_length_in

# olc_fsh_in

# nind
1
# indname
SURVEY1
# nyrs_ind
 30
# yrs_ind_in
 1 2 3 4 5 6 7 8 9 10 11 12 13 14 15 16 17 18 19 20 21 22 23 24 25 26 27 28 29 30
# mo_ind
 1
# obs_ind_in
 1.63416 1.74617 1.31457 1.29145 1.33871 1.25543 1.07893 1.02936 1.06789 1.18866 1.05228 0.880447 0.776586 0.928607 0.813055 1.05511 1.09692 0.897665 0.721838 1.16721 0.874197 0.894386 1.05964 0.847296 0.904515 0.662279 0.668845 0.637503 0.509277 0.508432
# obs_se_ind_in
 0.326831 0.349233 0.262914 0.258291 0.267741 0.251087 0.215787 0.205871 0.213579 0.237732 0.210456 0.176089 0.155317 0.185721 0.162611 0.211022 0.219384 0.179533 0.144368 0.233441 0.174839 0.178877 0.211928 0.169459 0.180903 0.132456 0.133769 0.127501 0.101855 0.101686
# nyrs_ind_age
 30
# nyrs_ind_length
 0
# yrs_ind_age_in
 1 2 3 4 5 6 7 8 9 10 11 12 13 14 15 16 17 18 19 20 21 22 23 24 25 26 27 28 29 30
# yrs_ind_length_in

# yrs_ind_age_in
 1 2 3 4 5 6 7 8 9 10 11 12 13 14 15 16 17 18 19 20 21 22 23 24 25 26 27 28 29 30
# n_sample_ind_length_in

# olc_ind_in

# oac_ind_in
 0.07 0.155 0.155 0.14 0.12 0.07 0.08 0.035 0.025 0.015 0.025 0.11
 0.08 0.16 0.14 0.135 0.075 0.075 0.06 0.075 0.05 0.03 0.01 0.11
 0.065 0.12 0.15 0.12 0.145 0.075 0.085 0.035 0.035 0.04 0.035 0.095
 0.065 0.1 0.15 0.09 0.08 0.085 0.09 0.08 0.03 0.05 0.035 0.145
 0.045 0.185 0.095 0.135 0.125 0.095 0.06 0.045 0.04 0.02 0.045 0.11
 0.045 0.155 0.145 0.125 0.1 0.08 0.06 0.055 0.03 0.03 0.02 0.155
 0.055 0.12 0.17 0.135 0.07 0.07 0.065 0.065 0.055 0.035 0.005 0.155
 0.08 0.15 0.135 0.095 0.1 0.085 0.055 0.055 0.045 0.03 0.015 0.155
 0.075 0.22 0.175 0.11 0.08 0.07 0.075 0.035 0.005 0.02 0.035 0.1
 0.09 0.14 0.175 0.16 0.07 0.075 0.045 0.045 0.035 0.035 0.035 0.095
 0.035 0.195 0.175 0.18 0.085 0.085 0.025 0.045 0.035 0.02 0.02 0.1
 0.09 0.11 0.195 0.125 0.125 0.08 0.1 0.04 0.025 0.025 0.01 0.075
 0.095 0.23 0.145 0.145 0.09 0.09 0.035 0.055 0.025 0.015 0.02 0.055
 0.08 0.18 0.24 0.11 0.095 0.085 0.085 0.025 0.02 0.01 0.005 0.065
 0.06 0.28 0.15 0.12 0.095 0.07 0.045 0.06 0.035 0.015 0.02 0.05
 0.13 0.17 0.26 0.16 0.095 0.06 0.025 0.03 0.01 0.005 0.01 0.045
 0.105 0.23 0.14 0.165 0.08 0.085 0.065 0.035 0.02 0.01 0.02 0.045
 0.065 0.205 0.21 0.15 0.11 0.045 0.08 0.03 0.02 0.02 0.025 0.04
 0.095 0.16 0.2 0.195 0.065 0.075 0.085 0.025 0.03 0.01 0.03 0.03
 0.22 0.25 0.115 0.095 0.125 0.025 0.07 0.015 0.02 0.02 0.005 0.04
 0.105 0.395 0.17 0.095 0.075 0.075 0.03 0.015 0.01 0.005 0.005 0.02
 0.1 0.25 0.3 0.105 0.045 0.06 0.05 0.02 0.025 0.005 0.02 0.02
 0.155 0.23 0.115 0.27 0.105 0.035 0.03 0.035 0.005 0.01 0.005 0.005
 0.13 0.275 0.23 0.12 0.15 0.02 0.015 0.02 0.015 0.005 0.01 0.01
 0.095 0.295 0.22 0.155 0.065 0.095 0.02 0.025 0.02 0.01 0 0
 0.075 0.21 0.28 0.19 0.095 0.045 0.055 0.01 0.005 0.015 0 0.02
 0.065 0.125 0.225 0.225 0.135 0.085 0.055 0.05 0.025 0 0.005 0.005
 0.08 0.215 0.175 0.205 0.12 0.075 0.035 0.03 0.03 0.01 0.005 0.02
 0.13 0.285 0.205 0.1 0.095 0.1 0.035 0.015 0.015 0.02 0 0
 0.125 0.27 0.205 0.13 0.03 0.11 0.075 0.025 0.015 0.01 0 0.005
# wt_ind
 1 1 1 1 1 1 1 1 1 1 1 1
 1 1 1 1 1 1 1 1 1 1 1 1
 1 1 1 1 1 1 1 1 1 1 1 1
 1 1 1 1 1 1 1 1 1 1 1 1
 1 1 1 1 1 1 1 1 1 1 1 1
 1 1 1 1 1 1 1 1 1 1 1 1
 1 1 1 1 1 1 1 1 1 1 1 1
 1 1 1 1 1 1 1 1 1 1 1 1
 1 1 1 1 1 1 1 1 1 1 1 1
 1 1 1 1 1 1 1 1 1 1 1 1
 1 1 1 1 1 1 1 1 1 1 1 1
 1 1 1 1 1 1 1 1 1 1 1 1
 1 1 1 1 1 1 1 1 1 1 1 1
 1 1 1 1 1 1 1 1 1 1 1 1
 1 1 1 1 1 1 1 1 1 1 1 1
 1 1 1 1 1 1 1 1 1 1 1 1
 1 1 1 1 1 1 1 1 1 1 1 1
 1 1 1 1 1 1 1 1 1 1 1 1
 1 1 1 1 1 1 1 1 1 1 1 1
 1 1 1 1 1 1 1 1 1 1 1 1
 1 1 1 1 1 1 1 1 1 1 1 1
 1 1 1 1 1 1 1 1 1 1 1 1
 1 1 1 1 1 1 1 1 1 1 1 1
 1 1 1 1 1 1 1 1 1 1 1 1
 1 1 1 1 1 1 1 1 1 1 1 1
 1 1 1 1 1 1 1 1 1 1 1 1
 1 1 1 1 1 1 1 1 1 1 1 1
 1 1 1 1 1 1 1 1 1 1 1 1
 1 1 1 1 1 1 1 1 1 1 1 1
 1 1 1 1 1 1 1 1 1 1 1 1
# wt_pop
 0.000530656 0.00119633 0.00205827 0.00303499 0.00405521 0.0050647 0.00602623 0.00691692 0.00772489 0.00844611 0.00908185 0.0096367
# maturity
 0.0229774 0.320821 0.904651 0.99478 0.999739 0.999987 0.999999 1 1 1 1 1
# spawnmo
1
# age_err
 1 0 0 0 0 0 0 0 0 0 0 0
 0 1 0 0 0 0 0 0 0 0 0 0
 0 0 1 0 0 0 0 0 0 0 0 0
 0 0 0 1 0 0 0 0 0 0 0 0
 0 0 0 0 1 0 0 0 0 0 0 0
 0 0 0 0 0 1 0 0 0 0 0 0
 0 0 0 0 0 0 1 0 0 0 0 0
 0 0 0 0 0 0 0 1 0 0 0 0
 0 0 0 0 0 0 0 0 1 0 0 0
 0 0 0 0 0 0 0 0 0 1 0 0
 0 0 0 0 0 0 0 0 0 0 1 0
 0 0 0 0 0 0 0 0 0 0 0 1
# cntrlfile_name
C:\Users\bai.li\DOCUME~1\Github\AGE_ST~1\ASSAMC\example\output\AMAK\s20\amak.dat
# Map shared selectivity: 
# sel_map
 1 2
 1 1
# datafile_name
amak_data.dat
# model_name
AMAK_MCP
# SrType
2
# use_age_err
0
# retro
0
# sigmarprior
0.2
# cvsigmarprior
0.25
# phase_sigmar
-3
# styr_rec_est
1
# endyr_rec_est
30
# Linfprior
80
# cvLinfprior
0.25
# kprior
0.18
# cvkprior
0.25
# Loprior
27.688
# cvLoprior
0.25
# sdageprior
0.1
# cvsdageprior
0.25
# natmortprior
0.2
# cvnatmortprior
0.25
# phase_M
-4
# npars_Mage
0
# ages_M_changes

# Mage_in

# Mage_offset_in

# phase_Mage
-5
# phase_rw_M
0
# npars_rw_M
0
# yrs_rw_M

# sigma_rw_M

# qprior
 3.48998e-007
# cvqprior
 1
# phase_q
 1
# q_power_prior
 1
# cvq_power_prior
 0.2
# phase_q_power
 -4
# phase_rw_q
 -1
# npars_rw_q
 0
# yrs_rw_q

# sigma_rw_q

# q_age_min
 1
# q_age_max
 12
# q_age_min
 1
# q_age_max
 12
# fsh_sel_opt(k)
2
# phase_sel_fsh(k)
2
# n_sel_ch_fsh(k)
1
# sel_slp_in_fsh(k)(1,n_sel_ch_fsh(k))
 1
# sel_inf_in_fsh(k)(1,n_sel_ch_fsh(k))
 2
# logsel_slp_in_fsh(k)(1,n_sel_ch_fsh(k))
 0
# yrs_sel_ch_fsh(k)(1,n_sel_ch_fsh(k))
 1

Survey SURVEY1
# ind_sel_opt(k)
2
# indname(k)
SURVEY1
# nselages_in_ind(k)
11
# phase_sel_ind(k)
2
# sel_change_in_ind(k)
 1 0 0 0 0 0 0 0 0 0 0 0 0 0 0 0 0 0 0 0 0 0 0 0 0 0 0 0 0 0
# n_sel_ch_ind(k)
1
# yrs_sel_ch_ind(k)(1,n_sel_ch_ind(k))
 1
# sel_slp_in_ind(k,1)
2
# sel_inf_in_ind(k,1)
1.5
# logsel_slp_in_ind(k,1)
0.693147
# logsel_slp_in_indv(k)
0.693147
SURVEY1 ind sel opt 2  1 0 0 0 0 0 0 0 0 0 0 0 0 0 0 0 0 0 0 0 0 0 0 0 0 0 0 0 0 0
Phase indices Sel_Coffs:  -1
 Test: 1.23457e+008
# Fshry Selages:  11
# Srvy  Selages:  11
# Phase for age-spec fishery  -1
# Phase for logistic fishery  2
# Phase for dble logistic fishery  -1
# Phase for age-spec indices   -1
# Phase for logistic indices   2
# Phase for dble logistic ind  -1
# Curv_pen_fsh: 
 0
# Curv_pen_ind: 
 0
# styr_fut
31
# endyr_fut
35
# nyrs_fsh_age
 30
# nyrs_fsh_age
 30
# yrs_fsh_age
 1 2 3 4 5 6 7 8 9 10 11 12 13 14 15 16 17 18 19 20 21 22 23 24 25 26 27 28 29 30
# n_sample_fsh_age
 200 200 200 200 200 200 200 200 200 200 200 200 200 200 200 200 200 200 200 200 200 200 200 200 200 200 200 200 200 200
# oac_fsh
 0.095 0.135 0.11 0.105 0.1 0.105 0.065 0.06 0.035 0.025 0.035 0.13
 0.075 0.125 0.065 0.145 0.135 0.065 0.1 0.04 0.05 0.02 0.05 0.13
 0.06 0.12 0.135 0.095 0.105 0.11 0.075 0.06 0.065 0.035 0.035 0.105
 0.115 0.09 0.155 0.1 0.095 0.07 0.09 0.07 0.05 0.025 0.035 0.105
 0.085 0.115 0.12 0.115 0.135 0.045 0.075 0.06 0.05 0.055 0.015 0.13
 0.07 0.1 0.16 0.075 0.065 0.12 0.07 0.07 0.07 0.05 0.025 0.125
 0.095 0.145 0.1 0.175 0.045 0.125 0.055 0.06 0.05 0.025 0.02 0.105
 0.09 0.1 0.105 0.155 0.125 0.07 0.06 0.045 0.045 0.025 0.06 0.12
 0.08 0.13 0.145 0.085 0.14 0.095 0.05 0.07 0.05 0.035 0.02 0.1
 0.105 0.115 0.16 0.115 0.095 0.075 0.105 0.025 0.055 0.025 0.025 0.1
 0.06 0.085 0.16 0.175 0.1 0.085 0.075 0.055 0.05 0.045 0 0.11
 0.115 0.125 0.16 0.145 0.13 0.065 0.07 0.05 0.04 0.025 0.03 0.045
 0.095 0.155 0.095 0.155 0.11 0.105 0.04 0.04 0.035 0.03 0.035 0.105
 0.145 0.16 0.185 0.12 0.125 0.05 0.035 0.025 0.035 0.025 0.035 0.06
 0.065 0.21 0.145 0.14 0.085 0.105 0.055 0.065 0.035 0.02 0.02 0.055
 0.135 0.095 0.24 0.15 0.115 0.065 0.07 0.04 0.01 0.025 0 0.055
 0.085 0.225 0.12 0.185 0.105 0.05 0.055 0.04 0.035 0.015 0.005 0.08
 0.105 0.205 0.215 0.07 0.17 0.065 0.065 0.03 0.015 0.005 0.015 0.04
 0.14 0.125 0.195 0.16 0.075 0.095 0.045 0.03 0.025 0.035 0.025 0.05
 0.245 0.195 0.11 0.125 0.105 0.035 0.08 0.005 0.03 0.01 0.015 0.045
 0.11 0.335 0.18 0.075 0.125 0.06 0.015 0.025 0.025 0.015 0.01 0.025
 0.14 0.17 0.31 0.105 0.05 0.085 0.06 0.02 0.015 0.02 0 0.025
 0.13 0.18 0.18 0.255 0.1 0.04 0.015 0.045 0.015 0.01 0.005 0.025
 0.13 0.17 0.22 0.175 0.145 0.095 0.01 0.015 0.02 0.005 0.005 0.01
 0.12 0.23 0.235 0.15 0.085 0.11 0.035 0.015 0.005 0.01 0 0.005
 0.105 0.175 0.235 0.16 0.09 0.065 0.115 0.015 0.01 0.005 0.01 0.015
 0.14 0.12 0.215 0.225 0.115 0.085 0.025 0.05 0.005 0.01 0.005 0.005
 0.13 0.21 0.11 0.24 0.12 0.09 0.045 0.015 0.025 0 0.01 0.005
 0.15 0.165 0.225 0.12 0.12 0.085 0.055 0.035 0.015 0.015 0 0.015
 0.13 0.255 0.19 0.15 0.07 0.065 0.07 0.02 0.02 0 0.01 0.02
# olc_fsh

# wt_fsh
 0.000530656 0.00119633 0.00205827 0.00303499 0.00405521 0.0050647 0.00602623 0.00691692 0.00772489 0.00844611 0.00908185 0.0096367
 0.000530656 0.00119633 0.00205827 0.00303499 0.00405521 0.0050647 0.00602623 0.00691692 0.00772489 0.00844611 0.00908185 0.0096367
 0.000530656 0.00119633 0.00205827 0.00303499 0.00405521 0.0050647 0.00602623 0.00691692 0.00772489 0.00844611 0.00908185 0.0096367
 0.000530656 0.00119633 0.00205827 0.00303499 0.00405521 0.0050647 0.00602623 0.00691692 0.00772489 0.00844611 0.00908185 0.0096367
 0.000530656 0.00119633 0.00205827 0.00303499 0.00405521 0.0050647 0.00602623 0.00691692 0.00772489 0.00844611 0.00908185 0.0096367
 0.000530656 0.00119633 0.00205827 0.00303499 0.00405521 0.0050647 0.00602623 0.00691692 0.00772489 0.00844611 0.00908185 0.0096367
 0.000530656 0.00119633 0.00205827 0.00303499 0.00405521 0.0050647 0.00602623 0.00691692 0.00772489 0.00844611 0.00908185 0.0096367
 0.000530656 0.00119633 0.00205827 0.00303499 0.00405521 0.0050647 0.00602623 0.00691692 0.00772489 0.00844611 0.00908185 0.0096367
 0.000530656 0.00119633 0.00205827 0.00303499 0.00405521 0.0050647 0.00602623 0.00691692 0.00772489 0.00844611 0.00908185 0.0096367
 0.000530656 0.00119633 0.00205827 0.00303499 0.00405521 0.0050647 0.00602623 0.00691692 0.00772489 0.00844611 0.00908185 0.0096367
 0.000530656 0.00119633 0.00205827 0.00303499 0.00405521 0.0050647 0.00602623 0.00691692 0.00772489 0.00844611 0.00908185 0.0096367
 0.000530656 0.00119633 0.00205827 0.00303499 0.00405521 0.0050647 0.00602623 0.00691692 0.00772489 0.00844611 0.00908185 0.0096367
 0.000530656 0.00119633 0.00205827 0.00303499 0.00405521 0.0050647 0.00602623 0.00691692 0.00772489 0.00844611 0.00908185 0.0096367
 0.000530656 0.00119633 0.00205827 0.00303499 0.00405521 0.0050647 0.00602623 0.00691692 0.00772489 0.00844611 0.00908185 0.0096367
 0.000530656 0.00119633 0.00205827 0.00303499 0.00405521 0.0050647 0.00602623 0.00691692 0.00772489 0.00844611 0.00908185 0.0096367
 0.000530656 0.00119633 0.00205827 0.00303499 0.00405521 0.0050647 0.00602623 0.00691692 0.00772489 0.00844611 0.00908185 0.0096367
 0.000530656 0.00119633 0.00205827 0.00303499 0.00405521 0.0050647 0.00602623 0.00691692 0.00772489 0.00844611 0.00908185 0.0096367
 0.000530656 0.00119633 0.00205827 0.00303499 0.00405521 0.0050647 0.00602623 0.00691692 0.00772489 0.00844611 0.00908185 0.0096367
 0.000530656 0.00119633 0.00205827 0.00303499 0.00405521 0.0050647 0.00602623 0.00691692 0.00772489 0.00844611 0.00908185 0.0096367
 0.000530656 0.00119633 0.00205827 0.00303499 0.00405521 0.0050647 0.00602623 0.00691692 0.00772489 0.00844611 0.00908185 0.0096367
 0.000530656 0.00119633 0.00205827 0.00303499 0.00405521 0.0050647 0.00602623 0.00691692 0.00772489 0.00844611 0.00908185 0.0096367
 0.000530656 0.00119633 0.00205827 0.00303499 0.00405521 0.0050647 0.00602623 0.00691692 0.00772489 0.00844611 0.00908185 0.0096367
 0.000530656 0.00119633 0.00205827 0.00303499 0.00405521 0.0050647 0.00602623 0.00691692 0.00772489 0.00844611 0.00908185 0.0096367
 0.000530656 0.00119633 0.00205827 0.00303499 0.00405521 0.0050647 0.00602623 0.00691692 0.00772489 0.00844611 0.00908185 0.0096367
 0.000530656 0.00119633 0.00205827 0.00303499 0.00405521 0.0050647 0.00602623 0.00691692 0.00772489 0.00844611 0.00908185 0.0096367
 0.000530656 0.00119633 0.00205827 0.00303499 0.00405521 0.0050647 0.00602623 0.00691692 0.00772489 0.00844611 0.00908185 0.0096367
 0.000530656 0.00119633 0.00205827 0.00303499 0.00405521 0.0050647 0.00602623 0.00691692 0.00772489 0.00844611 0.00908185 0.0096367
 0.000530656 0.00119633 0.00205827 0.00303499 0.00405521 0.0050647 0.00602623 0.00691692 0.00772489 0.00844611 0.00908185 0.0096367
 0.000530656 0.00119633 0.00205827 0.00303499 0.00405521 0.0050647 0.00602623 0.00691692 0.00772489 0.00844611 0.00908185 0.0096367
 0.000530656 0.00119633 0.00205827 0.00303499 0.00405521 0.0050647 0.00602623 0.00691692 0.00772489 0.00844611 0.00908185 0.0096367
# nyrs_ind_age
 30
# yrs_ind_age
 1 2 3 4 5 6 7 8 9 10 11 12 13 14 15 16 17 18 19 20 21 22 23 24 25 26 27 28 29 30
# n_sample_ind_age
 200 200 200 200 200 200 200 200 200 200 200 200 200 200 200 200 200 200 200 200 200 200 200 200 200 200 200 200 200 200
# oac_ind
 0.07 0.155 0.155 0.14 0.12 0.07 0.08 0.035 0.025 0.015 0.025 0.11
 0.08 0.16 0.14 0.135 0.075 0.075 0.06 0.075 0.05 0.03 0.01 0.11
 0.065 0.12 0.15 0.12 0.145 0.075 0.085 0.035 0.035 0.04 0.035 0.095
 0.065 0.1 0.15 0.09 0.08 0.085 0.09 0.08 0.03 0.05 0.035 0.145
 0.045 0.185 0.095 0.135 0.125 0.095 0.06 0.045 0.04 0.02 0.045 0.11
 0.045 0.155 0.145 0.125 0.1 0.08 0.06 0.055 0.03 0.03 0.02 0.155
 0.055 0.12 0.17 0.135 0.07 0.07 0.065 0.065 0.055 0.035 0.005 0.155
 0.08 0.15 0.135 0.095 0.1 0.085 0.055 0.055 0.045 0.03 0.015 0.155
 0.075 0.22 0.175 0.11 0.08 0.07 0.075 0.035 0.005 0.02 0.035 0.1
 0.09 0.14 0.175 0.16 0.07 0.075 0.045 0.045 0.035 0.035 0.035 0.095
 0.035 0.195 0.175 0.18 0.085 0.085 0.025 0.045 0.035 0.02 0.02 0.1
 0.09 0.11 0.195 0.125 0.125 0.08 0.1 0.04 0.025 0.025 0.01 0.075
 0.095 0.23 0.145 0.145 0.09 0.09 0.035 0.055 0.025 0.015 0.02 0.055
 0.08 0.18 0.24 0.11 0.095 0.085 0.085 0.025 0.02 0.01 0.005 0.065
 0.06 0.28 0.15 0.12 0.095 0.07 0.045 0.06 0.035 0.015 0.02 0.05
 0.13 0.17 0.26 0.16 0.095 0.06 0.025 0.03 0.01 0.005 0.01 0.045
 0.105 0.23 0.14 0.165 0.08 0.085 0.065 0.035 0.02 0.01 0.02 0.045
 0.065 0.205 0.21 0.15 0.11 0.045 0.08 0.03 0.02 0.02 0.025 0.04
 0.095 0.16 0.2 0.195 0.065 0.075 0.085 0.025 0.03 0.01 0.03 0.03
 0.22 0.25 0.115 0.095 0.125 0.025 0.07 0.015 0.02 0.02 0.005 0.04
 0.105 0.395 0.17 0.095 0.075 0.075 0.03 0.015 0.01 0.005 0.005 0.02
 0.1 0.25 0.3 0.105 0.045 0.06 0.05 0.02 0.025 0.005 0.02 0.02
 0.155 0.23 0.115 0.27 0.105 0.035 0.03 0.035 0.005 0.01 0.005 0.005
 0.13 0.275 0.23 0.12 0.15 0.02 0.015 0.02 0.015 0.005 0.01 0.01
 0.095 0.295 0.22 0.155 0.065 0.095 0.02 0.025 0.02 0.01 0 0
 0.075 0.21 0.28 0.19 0.095 0.045 0.055 0.01 0.005 0.015 0 0.02
 0.065 0.125 0.225 0.225 0.135 0.085 0.055 0.05 0.025 0 0.005 0.005
 0.08 0.215 0.175 0.205 0.12 0.075 0.035 0.03 0.03 0.01 0.005 0.02
 0.13 0.285 0.205 0.1 0.095 0.1 0.035 0.015 0.015 0.02 0 0
 0.125 0.27 0.205 0.13 0.03 0.11 0.075 0.025 0.015 0.01 0 0.005
# olc_ind

# obs_lse_ind
 0.198042 0.198042 0.198042 0.198042 0.198042 0.198042 0.198042 0.198042 0.198042 0.198042 0.198042 0.198042 0.198042 0.198042 0.198042 0.198042 0.198042 0.198042 0.198042 0.198042 0.198042 0.198042 0.198042 0.198042 0.198042 0.198042 0.198042 0.198042 0.198042 0.198042
# xages_fsh
 0 0 0 0 0 0 0 0 0 0 0 0
# xages_fsh
 0 0.0909091 0.181818 0.272727 0.363636 0.454545 0.545455 0.636364 0.727273 0.818182 0.909091 1
# xnodes_fsh

Yrs fsh_sel change:  1 0 0 0 0 0 0 0 0 0 0 0 0 0 0 0 0 0 0 0 0 0 0 0 0 0 0 0 0
Yrs ind_sel change:  1 0 0 0 0 0 0 0 0 0 0 0 0 0 0 0 0 0 0 0 0 0 0 0 0 0 0 0 0
# steepnessprior
0.75
# sigmarprior
0.2
#  SSB estimated in styr endyr: -13 28 
#  Rec estimated in styr endyr: -11 30 
#  SR Curve fit  in styr endyr: 1 30 
#             Model styr endyr: 1 30 
# qprior
 3.48998e-007
# q_power_prior 
 1 
# cv_catchbiomass 
0.05 
# CatchbiomassPen 
200 
# Number of projection years 
5 
# offset_fsh
 13393.8
# offset_ind
 13047.2
Mean Catch
1311.65
R_guess 
15.4392
# nfsh
1
# n_sel_ch_fsh
 1
# nselages_fsh
 11
# phase_selcoff_fsh
 -1
logRzero 15.4392
logmeanrec 15.4392
exp(log_sigmarprior 0.2
Fish sel phase: -1 FLEET1
Fixing fishery sel to
1
Srvy sel phase: -1
Fixing SURVEY1 indices sel to
1
# logsel_slp_in_indv
 0.693147
Leaving parameter init secton
# M
 0.2 0.2 0.2 0.2 0.2 0.2 0.2 0.2 0.2 0.2 0.2 0.2
 0.2 0.2 0.2 0.2 0.2 0.2 0.2 0.2 0.2 0.2 0.2 0.2
 0.2 0.2 0.2 0.2 0.2 0.2 0.2 0.2 0.2 0.2 0.2 0.2
 0.2 0.2 0.2 0.2 0.2 0.2 0.2 0.2 0.2 0.2 0.2 0.2
 0.2 0.2 0.2 0.2 0.2 0.2 0.2 0.2 0.2 0.2 0.2 0.2
 0.2 0.2 0.2 0.2 0.2 0.2 0.2 0.2 0.2 0.2 0.2 0.2
 0.2 0.2 0.2 0.2 0.2 0.2 0.2 0.2 0.2 0.2 0.2 0.2
 0.2 0.2 0.2 0.2 0.2 0.2 0.2 0.2 0.2 0.2 0.2 0.2
 0.2 0.2 0.2 0.2 0.2 0.2 0.2 0.2 0.2 0.2 0.2 0.2
 0.2 0.2 0.2 0.2 0.2 0.2 0.2 0.2 0.2 0.2 0.2 0.2
 0.2 0.2 0.2 0.2 0.2 0.2 0.2 0.2 0.2 0.2 0.2 0.2
 0.2 0.2 0.2 0.2 0.2 0.2 0.2 0.2 0.2 0.2 0.2 0.2
 0.2 0.2 0.2 0.2 0.2 0.2 0.2 0.2 0.2 0.2 0.2 0.2
 0.2 0.2 0.2 0.2 0.2 0.2 0.2 0.2 0.2 0.2 0.2 0.2
 0.2 0.2 0.2 0.2 0.2 0.2 0.2 0.2 0.2 0.2 0.2 0.2
 0.2 0.2 0.2 0.2 0.2 0.2 0.2 0.2 0.2 0.2 0.2 0.2
 0.2 0.2 0.2 0.2 0.2 0.2 0.2 0.2 0.2 0.2 0.2 0.2
 0.2 0.2 0.2 0.2 0.2 0.2 0.2 0.2 0.2 0.2 0.2 0.2
 0.2 0.2 0.2 0.2 0.2 0.2 0.2 0.2 0.2 0.2 0.2 0.2
 0.2 0.2 0.2 0.2 0.2 0.2 0.2 0.2 0.2 0.2 0.2 0.2
 0.2 0.2 0.2 0.2 0.2 0.2 0.2 0.2 0.2 0.2 0.2 0.2
 0.2 0.2 0.2 0.2 0.2 0.2 0.2 0.2 0.2 0.2 0.2 0.2
 0.2 0.2 0.2 0.2 0.2 0.2 0.2 0.2 0.2 0.2 0.2 0.2
 0.2 0.2 0.2 0.2 0.2 0.2 0.2 0.2 0.2 0.2 0.2 0.2
 0.2 0.2 0.2 0.2 0.2 0.2 0.2 0.2 0.2 0.2 0.2 0.2
 0.2 0.2 0.2 0.2 0.2 0.2 0.2 0.2 0.2 0.2 0.2 0.2
 0.2 0.2 0.2 0.2 0.2 0.2 0.2 0.2 0.2 0.2 0.2 0.2
 0.2 0.2 0.2 0.2 0.2 0.2 0.2 0.2 0.2 0.2 0.2 0.2
 0.2 0.2 0.2 0.2 0.2 0.2 0.2 0.2 0.2 0.2 0.2 0.2
 0.2 0.2 0.2 0.2 0.2 0.2 0.2 0.2 0.2 0.2 0.2 0.2
# mean_log_rec
13.7625
# log_Rzero
13.8074
# rec_dev
 -0.0872668 -0.104751 -0.0568993 -0.156502 -0.11195 0.0362394 0.0767043 0.0269057 0.0689442 0.111066 0.112654 0.00453035 0.0785247 0.0787265 -0.130709 0.14951 -0.011179 -0.0718896 -0.062608 0.130997 -0.074065 -0.0122065 -0.259099 0.0396654 -0.0801696 0.249884 -0.338328 0.198226 -0.0121643 -0.391581 0.00351274 0.648484 0.00747702 0.124299 0.170647 0.216455 -0.0157494 -0.55127 -0.255274 -0.306368 -0.192017 -0.324622
# fmort
 0.00911459 0.0264662 0.0436106 0.0591165 0.0472882 0.0842601 0.085938 0.178357 0.103697 0.128129 0.145391 0.154615 0.111228 0.160595 0.172341 0.154222 0.301664 0.246349 0.245734 0.242989 0.331082 0.240227 0.392353 0.326346 0.322085 0.299928 0.295262 0.418554 0.313503 0.481795
# rec_dev_future
 0 0 0 0 0
