AMAK;Mar 2020
# styr
1
# endyr
30
# rec_age
1
# oldest_age
12
# nlength
81
# len_bins
 10 11 12 13 14 15 16 17 18 19 20 21 22 23 24 25 26 27 28 29 30 31 32 33 34 35 36 37 38 39 40 41 42 43 44 45 46 47 48 49 50 51 52 53 54 55 56 57 58 59 60 61 62 63 64 65 66 67 68 69 70 71 72 73 74 75 76 77 78 79 80 81 82 83 84 85 86 87 88 89 90
# datafile_name
amak_data.dat
# model_name
AMAK_MCP
# styr
1
# endyr
30
# rec_age
1
# oldest_age
12
# nfsh
1
# fshname
FLEET1
# catch_bio_in
 160.607 459.252 735.561 964.067 742.556 1271.38 1224.22 2353.19 1262.74 1463.6 1570.63 1617.54 1104.03 1545.21 1536.94 1293.17 2287.78 1685.63 1559.12 1467.59 1827.95 1201.77 1781.69 1273.24 1146.02 1011.77 984.79 1329.86 938.583 1318.45
# catch_bio_sd_in
 0.01 0.01 0.01 0.01 0.01 0.01 0.01 0.01 0.01 0.01 0.01 0.01 0.01 0.01 0.01 0.01 0.01 0.01 0.01 0.01 0.01 0.01 0.01 0.01 0.01 0.01 0.01 0.01 0.01 0.01
# nyrs_fsh_age
 30
# nyrs_fsh_length
 0
# yrs_fsh_age_in
 1 2 3 4 5 6 7 8 9 10 11 12 13 14 15 16 17 18 19 20 21 22 23 24 25 26 27 28 29 30
# yrs_fsh_length_in

# n_sample_fsh_length_in

# olc_fsh_in

# nind
1
# indname
SURVEY1
# nyrs_ind
 30
# yrs_ind_in
 1 2 3 4 5 6 7 8 9 10 11 12 13 14 15 16 17 18 19 20 21 22 23 24 25 26 27 28 29 30
# mo_ind
 1
# obs_ind_in
 1.3571 1.45088 1.53136 1.52846 1.28833 1.19911 1.50818 1.58976 1.20536 1.21233 1.14559 1.2174 0.940513 1.06298 1.19531 1.00808 0.995491 1.13085 0.815556 0.882427 0.827615 0.775353 0.819741 0.737258 0.642655 0.610947 0.55316 0.565618 0.55833 0.516657
# obs_se_ind_in
 0.27142 0.290175 0.306272 0.305691 0.257667 0.239821 0.301637 0.317953 0.241072 0.242465 0.229117 0.243479 0.188103 0.212596 0.239062 0.201617 0.199098 0.22617 0.163111 0.176485 0.165523 0.155071 0.163948 0.147452 0.128531 0.122189 0.110632 0.113124 0.111666 0.103331
# nyrs_ind_age
 30
# nyrs_ind_length
 0
# yrs_ind_age_in
 1 2 3 4 5 6 7 8 9 10 11 12 13 14 15 16 17 18 19 20 21 22 23 24 25 26 27 28 29 30
# yrs_ind_length_in

# yrs_ind_age_in
 1 2 3 4 5 6 7 8 9 10 11 12 13 14 15 16 17 18 19 20 21 22 23 24 25 26 27 28 29 30
# n_sample_ind_length_in

# olc_ind_in

# oac_ind_in
 0.025 0.15 0.125 0.145 0.11 0.045 0.08 0.07 0.05 0.025 0.02 0.155
 0.035 0.16 0.125 0.125 0.095 0.09 0.045 0.06 0.065 0.03 0.04 0.13
 0.05 0.12 0.24 0.125 0.095 0.09 0.055 0.04 0.02 0.045 0.03 0.09
 0.07 0.125 0.095 0.085 0.165 0.075 0.11 0.05 0.01 0.045 0.025 0.145
 0.055 0.145 0.165 0.12 0.115 0.12 0.05 0.065 0.04 0 0.02 0.105
 0.06 0.12 0.185 0.175 0.075 0.07 0.08 0.045 0.035 0.025 0.02 0.11
 0.09 0.185 0.125 0.13 0.1 0.06 0.04 0.025 0.05 0.035 0.01 0.15
 0.05 0.13 0.195 0.135 0.13 0.1 0.06 0.03 0.05 0.025 0.02 0.075
 0.06 0.165 0.175 0.185 0.065 0.1 0.035 0.045 0.03 0.035 0.015 0.09
 0.075 0.155 0.155 0.135 0.15 0.07 0.085 0.03 0.035 0.04 0.03 0.04
 0.09 0.215 0.225 0.06 0.11 0.085 0.05 0.05 0.03 0.025 0.01 0.05
 0.055 0.16 0.225 0.125 0.11 0.075 0.065 0.04 0.04 0.035 0.025 0.045
 0.06 0.165 0.19 0.185 0.13 0.05 0.06 0.05 0.025 0.03 0 0.055
 0.11 0.09 0.14 0.145 0.17 0.115 0.03 0.03 0.09 0.01 0.01 0.06
 0.06 0.315 0.105 0.095 0.12 0.1 0.065 0.05 0.02 0.015 0.01 0.045
 0.065 0.1 0.33 0.12 0.11 0.07 0.045 0.05 0.025 0.015 0.025 0.045
 0.125 0.175 0.145 0.23 0.05 0.045 0.025 0.06 0.045 0.05 0.015 0.035
 0.1 0.26 0.13 0.13 0.17 0.025 0.045 0.03 0.02 0.015 0.01 0.065
 0.045 0.165 0.355 0.1 0.055 0.125 0.04 0.04 0.015 0.005 0.025 0.03
 0.095 0.175 0.215 0.24 0.095 0.045 0.04 0.02 0.025 0.015 0.01 0.025
 0.095 0.19 0.205 0.16 0.165 0.04 0.03 0.04 0.01 0.015 0.005 0.045
 0.14 0.18 0.165 0.175 0.11 0.115 0.04 0.005 0.04 0 0.01 0.02
 0.105 0.265 0.2 0.125 0.085 0.055 0.09 0.03 0.01 0.01 0.015 0.01
 0.06 0.265 0.23 0.12 0.1 0.055 0.06 0.04 0.01 0.005 0.01 0.045
 0.115 0.225 0.195 0.165 0.14 0.045 0.03 0.01 0.03 0.005 0.005 0.035
 0.165 0.225 0.225 0.1 0.09 0.08 0.035 0.02 0.025 0.02 0 0.015
 0.105 0.295 0.215 0.135 0.095 0.06 0.055 0.015 0.01 0.005 0.01 0
 0.1 0.265 0.2 0.215 0.095 0.05 0.025 0.02 0.01 0.01 0.005 0.005
 0.135 0.27 0.18 0.165 0.07 0.04 0.05 0.025 0.03 0.01 0.005 0.02
 0.175 0.25 0.175 0.155 0.115 0.03 0.03 0.025 0.015 0.025 0.005 0
# wt_ind
 1 1 1 1 1 1 1 1 1 1 1 1
 1 1 1 1 1 1 1 1 1 1 1 1
 1 1 1 1 1 1 1 1 1 1 1 1
 1 1 1 1 1 1 1 1 1 1 1 1
 1 1 1 1 1 1 1 1 1 1 1 1
 1 1 1 1 1 1 1 1 1 1 1 1
 1 1 1 1 1 1 1 1 1 1 1 1
 1 1 1 1 1 1 1 1 1 1 1 1
 1 1 1 1 1 1 1 1 1 1 1 1
 1 1 1 1 1 1 1 1 1 1 1 1
 1 1 1 1 1 1 1 1 1 1 1 1
 1 1 1 1 1 1 1 1 1 1 1 1
 1 1 1 1 1 1 1 1 1 1 1 1
 1 1 1 1 1 1 1 1 1 1 1 1
 1 1 1 1 1 1 1 1 1 1 1 1
 1 1 1 1 1 1 1 1 1 1 1 1
 1 1 1 1 1 1 1 1 1 1 1 1
 1 1 1 1 1 1 1 1 1 1 1 1
 1 1 1 1 1 1 1 1 1 1 1 1
 1 1 1 1 1 1 1 1 1 1 1 1
 1 1 1 1 1 1 1 1 1 1 1 1
 1 1 1 1 1 1 1 1 1 1 1 1
 1 1 1 1 1 1 1 1 1 1 1 1
 1 1 1 1 1 1 1 1 1 1 1 1
 1 1 1 1 1 1 1 1 1 1 1 1
 1 1 1 1 1 1 1 1 1 1 1 1
 1 1 1 1 1 1 1 1 1 1 1 1
 1 1 1 1 1 1 1 1 1 1 1 1
 1 1 1 1 1 1 1 1 1 1 1 1
 1 1 1 1 1 1 1 1 1 1 1 1
# wt_pop
 0.000530656 0.00119633 0.00205827 0.00303499 0.00405521 0.0050647 0.00602623 0.00691692 0.00772489 0.00844611 0.00908185 0.0096367
# maturity
 0.0229774 0.320821 0.904651 0.99478 0.999739 0.999987 0.999999 1 1 1 1 1
# spawnmo
1
# age_err
 1 0 0 0 0 0 0 0 0 0 0 0
 0 1 0 0 0 0 0 0 0 0 0 0
 0 0 1 0 0 0 0 0 0 0 0 0
 0 0 0 1 0 0 0 0 0 0 0 0
 0 0 0 0 1 0 0 0 0 0 0 0
 0 0 0 0 0 1 0 0 0 0 0 0
 0 0 0 0 0 0 1 0 0 0 0 0
 0 0 0 0 0 0 0 1 0 0 0 0
 0 0 0 0 0 0 0 0 1 0 0 0
 0 0 0 0 0 0 0 0 0 1 0 0
 0 0 0 0 0 0 0 0 0 0 1 0
 0 0 0 0 0 0 0 0 0 0 0 1
# cntrlfile_name
C:\Users\bai.li\DOCUME~1\Github\AGE_ST~1\ASSAMC\example\output\AMAK\s145\amak.dat
# Map shared selectivity: 
# sel_map
 1 2
 1 1
# datafile_name
amak_data.dat
# model_name
AMAK_MCP
# SrType
2
# use_age_err
0
# retro
0
# sigmarprior
0.2
# cvsigmarprior
0.25
# phase_sigmar
-3
# styr_rec_est
1
# endyr_rec_est
30
# Linfprior
80
# cvLinfprior
0.25
# kprior
0.18
# cvkprior
0.25
# Loprior
27.688
# cvLoprior
0.25
# sdageprior
0.1
# cvsdageprior
0.25
# natmortprior
0.2
# cvnatmortprior
0.25
# phase_M
-4
# npars_Mage
0
# ages_M_changes

# Mage_in

# Mage_offset_in

# phase_Mage
-5
# phase_rw_M
0
# npars_rw_M
0
# yrs_rw_M

# sigma_rw_M

# qprior
 3.48998e-007
# cvqprior
 1
# phase_q
 1
# q_power_prior
 1
# cvq_power_prior
 0.2
# phase_q_power
 -4
# phase_rw_q
 -1
# npars_rw_q
 0
# yrs_rw_q

# sigma_rw_q

# q_age_min
 1
# q_age_max
 12
# q_age_min
 1
# q_age_max
 12
# fsh_sel_opt(k)
2
# phase_sel_fsh(k)
2
# n_sel_ch_fsh(k)
1
# sel_slp_in_fsh(k)(1,n_sel_ch_fsh(k))
 1
# sel_inf_in_fsh(k)(1,n_sel_ch_fsh(k))
 2
# logsel_slp_in_fsh(k)(1,n_sel_ch_fsh(k))
 0
# yrs_sel_ch_fsh(k)(1,n_sel_ch_fsh(k))
 1

Survey SURVEY1
# ind_sel_opt(k)
2
# indname(k)
SURVEY1
# nselages_in_ind(k)
11
# phase_sel_ind(k)
2
# sel_change_in_ind(k)
 1 0 0 0 0 0 0 0 0 0 0 0 0 0 0 0 0 0 0 0 0 0 0 0 0 0 0 0 0 0
# n_sel_ch_ind(k)
1
# yrs_sel_ch_ind(k)(1,n_sel_ch_ind(k))
 1
# sel_slp_in_ind(k,1)
2
# sel_inf_in_ind(k,1)
1.5
# logsel_slp_in_ind(k,1)
0.693147
# logsel_slp_in_indv(k)
0.693147
SURVEY1 ind sel opt 2  1 0 0 0 0 0 0 0 0 0 0 0 0 0 0 0 0 0 0 0 0 0 0 0 0 0 0 0 0 0
Phase indices Sel_Coffs:  -1
 Test: 1.23457e+008
# Fshry Selages:  11
# Srvy  Selages:  11
# Phase for age-spec fishery  -1
# Phase for logistic fishery  2
# Phase for dble logistic fishery  -1
# Phase for age-spec indices   -1
# Phase for logistic indices   2
# Phase for dble logistic ind  -1
# Curv_pen_fsh: 
 0
# Curv_pen_ind: 
 0
# styr_fut
31
# endyr_fut
35
# nyrs_fsh_age
 30
# nyrs_fsh_age
 30
# yrs_fsh_age
 1 2 3 4 5 6 7 8 9 10 11 12 13 14 15 16 17 18 19 20 21 22 23 24 25 26 27 28 29 30
# n_sample_fsh_age
 200 200 200 200 200 200 200 200 200 200 200 200 200 200 200 200 200 200 200 200 200 200 200 200 200 200 200 200 200 200
# oac_fsh
 0.085 0.145 0.12 0.125 0.09 0.085 0.05 0.06 0.045 0.025 0.015 0.155
 0.09 0.115 0.12 0.145 0.095 0.065 0.085 0.085 0.055 0.025 0.025 0.095
 0.075 0.12 0.13 0.11 0.075 0.095 0.08 0.075 0.07 0.025 0.025 0.12
 0.11 0.155 0.115 0.08 0.105 0.075 0.035 0.06 0.06 0.045 0.01 0.15
 0.085 0.125 0.135 0.085 0.1 0.08 0.05 0.085 0.045 0.055 0.045 0.11
 0.115 0.04 0.195 0.14 0.1 0.12 0.06 0.06 0.04 0.025 0.035 0.07
 0.09 0.115 0.195 0.155 0.065 0.055 0.09 0.065 0.015 0.02 0.03 0.105
 0.09 0.145 0.19 0.08 0.1 0.07 0.045 0.065 0.01 0.065 0.025 0.115
 0.14 0.11 0.14 0.155 0.07 0.07 0.08 0.035 0.045 0.05 0.025 0.08
 0.135 0.1 0.115 0.12 0.11 0.095 0.05 0.05 0.03 0.03 0.02 0.145
 0.11 0.18 0.19 0.105 0.085 0.06 0.06 0.05 0.045 0.025 0.035 0.055
 0.08 0.135 0.235 0.12 0.09 0.07 0.09 0.055 0.025 0.025 0 0.075
 0.065 0.095 0.22 0.195 0.105 0.06 0.11 0.015 0.025 0.015 0.005 0.09
 0.145 0.065 0.135 0.18 0.13 0.11 0.06 0.03 0.04 0.03 0.02 0.055
 0.075 0.245 0.13 0.07 0.1 0.13 0.085 0.02 0.04 0.03 0.015 0.06
 0.12 0.125 0.225 0.095 0.09 0.065 0.1 0.05 0.03 0.015 0.015 0.07
 0.15 0.125 0.105 0.25 0.085 0.065 0.07 0.055 0.025 0.01 0.015 0.045
 0.12 0.26 0.13 0.08 0.175 0.055 0.045 0.04 0.035 0 0.015 0.045
 0.08 0.14 0.28 0.11 0.085 0.115 0.03 0.045 0.025 0.03 0.01 0.05
 0.05 0.155 0.2 0.225 0.11 0.055 0.085 0.03 0.025 0.015 0.015 0.035
 0.09 0.175 0.155 0.21 0.15 0.085 0.015 0.075 0.01 0.01 0.005 0.02
 0.16 0.135 0.225 0.12 0.09 0.095 0.035 0.03 0.06 0.005 0.01 0.035
 0.13 0.215 0.2 0.145 0.085 0.08 0.055 0.02 0.03 0.03 0 0.01
 0.135 0.215 0.23 0.135 0.075 0.05 0.05 0.035 0.02 0 0.025 0.03
 0.18 0.215 0.155 0.145 0.09 0.07 0.025 0.03 0.05 0.015 0.005 0.02
 0.155 0.26 0.175 0.125 0.11 0.04 0.05 0.035 0 0.035 0 0.015
 0.095 0.26 0.27 0.12 0.095 0.055 0.04 0.02 0.005 0.02 0.01 0.01
 0.175 0.205 0.195 0.2 0.04 0.05 0.045 0.03 0.005 0.015 0.015 0.025
 0.165 0.185 0.215 0.115 0.17 0.07 0.025 0.01 0.01 0.005 0.005 0.025
 0.2 0.18 0.165 0.165 0.145 0.085 0.025 0.015 0 0.005 0 0.015
# olc_fsh

# wt_fsh
 0.000530656 0.00119633 0.00205827 0.00303499 0.00405521 0.0050647 0.00602623 0.00691692 0.00772489 0.00844611 0.00908185 0.0096367
 0.000530656 0.00119633 0.00205827 0.00303499 0.00405521 0.0050647 0.00602623 0.00691692 0.00772489 0.00844611 0.00908185 0.0096367
 0.000530656 0.00119633 0.00205827 0.00303499 0.00405521 0.0050647 0.00602623 0.00691692 0.00772489 0.00844611 0.00908185 0.0096367
 0.000530656 0.00119633 0.00205827 0.00303499 0.00405521 0.0050647 0.00602623 0.00691692 0.00772489 0.00844611 0.00908185 0.0096367
 0.000530656 0.00119633 0.00205827 0.00303499 0.00405521 0.0050647 0.00602623 0.00691692 0.00772489 0.00844611 0.00908185 0.0096367
 0.000530656 0.00119633 0.00205827 0.00303499 0.00405521 0.0050647 0.00602623 0.00691692 0.00772489 0.00844611 0.00908185 0.0096367
 0.000530656 0.00119633 0.00205827 0.00303499 0.00405521 0.0050647 0.00602623 0.00691692 0.00772489 0.00844611 0.00908185 0.0096367
 0.000530656 0.00119633 0.00205827 0.00303499 0.00405521 0.0050647 0.00602623 0.00691692 0.00772489 0.00844611 0.00908185 0.0096367
 0.000530656 0.00119633 0.00205827 0.00303499 0.00405521 0.0050647 0.00602623 0.00691692 0.00772489 0.00844611 0.00908185 0.0096367
 0.000530656 0.00119633 0.00205827 0.00303499 0.00405521 0.0050647 0.00602623 0.00691692 0.00772489 0.00844611 0.00908185 0.0096367
 0.000530656 0.00119633 0.00205827 0.00303499 0.00405521 0.0050647 0.00602623 0.00691692 0.00772489 0.00844611 0.00908185 0.0096367
 0.000530656 0.00119633 0.00205827 0.00303499 0.00405521 0.0050647 0.00602623 0.00691692 0.00772489 0.00844611 0.00908185 0.0096367
 0.000530656 0.00119633 0.00205827 0.00303499 0.00405521 0.0050647 0.00602623 0.00691692 0.00772489 0.00844611 0.00908185 0.0096367
 0.000530656 0.00119633 0.00205827 0.00303499 0.00405521 0.0050647 0.00602623 0.00691692 0.00772489 0.00844611 0.00908185 0.0096367
 0.000530656 0.00119633 0.00205827 0.00303499 0.00405521 0.0050647 0.00602623 0.00691692 0.00772489 0.00844611 0.00908185 0.0096367
 0.000530656 0.00119633 0.00205827 0.00303499 0.00405521 0.0050647 0.00602623 0.00691692 0.00772489 0.00844611 0.00908185 0.0096367
 0.000530656 0.00119633 0.00205827 0.00303499 0.00405521 0.0050647 0.00602623 0.00691692 0.00772489 0.00844611 0.00908185 0.0096367
 0.000530656 0.00119633 0.00205827 0.00303499 0.00405521 0.0050647 0.00602623 0.00691692 0.00772489 0.00844611 0.00908185 0.0096367
 0.000530656 0.00119633 0.00205827 0.00303499 0.00405521 0.0050647 0.00602623 0.00691692 0.00772489 0.00844611 0.00908185 0.0096367
 0.000530656 0.00119633 0.00205827 0.00303499 0.00405521 0.0050647 0.00602623 0.00691692 0.00772489 0.00844611 0.00908185 0.0096367
 0.000530656 0.00119633 0.00205827 0.00303499 0.00405521 0.0050647 0.00602623 0.00691692 0.00772489 0.00844611 0.00908185 0.0096367
 0.000530656 0.00119633 0.00205827 0.00303499 0.00405521 0.0050647 0.00602623 0.00691692 0.00772489 0.00844611 0.00908185 0.0096367
 0.000530656 0.00119633 0.00205827 0.00303499 0.00405521 0.0050647 0.00602623 0.00691692 0.00772489 0.00844611 0.00908185 0.0096367
 0.000530656 0.00119633 0.00205827 0.00303499 0.00405521 0.0050647 0.00602623 0.00691692 0.00772489 0.00844611 0.00908185 0.0096367
 0.000530656 0.00119633 0.00205827 0.00303499 0.00405521 0.0050647 0.00602623 0.00691692 0.00772489 0.00844611 0.00908185 0.0096367
 0.000530656 0.00119633 0.00205827 0.00303499 0.00405521 0.0050647 0.00602623 0.00691692 0.00772489 0.00844611 0.00908185 0.0096367
 0.000530656 0.00119633 0.00205827 0.00303499 0.00405521 0.0050647 0.00602623 0.00691692 0.00772489 0.00844611 0.00908185 0.0096367
 0.000530656 0.00119633 0.00205827 0.00303499 0.00405521 0.0050647 0.00602623 0.00691692 0.00772489 0.00844611 0.00908185 0.0096367
 0.000530656 0.00119633 0.00205827 0.00303499 0.00405521 0.0050647 0.00602623 0.00691692 0.00772489 0.00844611 0.00908185 0.0096367
 0.000530656 0.00119633 0.00205827 0.00303499 0.00405521 0.0050647 0.00602623 0.00691692 0.00772489 0.00844611 0.00908185 0.0096367
# nyrs_ind_age
 30
# yrs_ind_age
 1 2 3 4 5 6 7 8 9 10 11 12 13 14 15 16 17 18 19 20 21 22 23 24 25 26 27 28 29 30
# n_sample_ind_age
 200 200 200 200 200 200 200 200 200 200 200 200 200 200 200 200 200 200 200 200 200 200 200 200 200 200 200 200 200 200
# oac_ind
 0.025 0.15 0.125 0.145 0.11 0.045 0.08 0.07 0.05 0.025 0.02 0.155
 0.035 0.16 0.125 0.125 0.095 0.09 0.045 0.06 0.065 0.03 0.04 0.13
 0.05 0.12 0.24 0.125 0.095 0.09 0.055 0.04 0.02 0.045 0.03 0.09
 0.07 0.125 0.095 0.085 0.165 0.075 0.11 0.05 0.01 0.045 0.025 0.145
 0.055 0.145 0.165 0.12 0.115 0.12 0.05 0.065 0.04 0 0.02 0.105
 0.06 0.12 0.185 0.175 0.075 0.07 0.08 0.045 0.035 0.025 0.02 0.11
 0.09 0.185 0.125 0.13 0.1 0.06 0.04 0.025 0.05 0.035 0.01 0.15
 0.05 0.13 0.195 0.135 0.13 0.1 0.06 0.03 0.05 0.025 0.02 0.075
 0.06 0.165 0.175 0.185 0.065 0.1 0.035 0.045 0.03 0.035 0.015 0.09
 0.075 0.155 0.155 0.135 0.15 0.07 0.085 0.03 0.035 0.04 0.03 0.04
 0.09 0.215 0.225 0.06 0.11 0.085 0.05 0.05 0.03 0.025 0.01 0.05
 0.055 0.16 0.225 0.125 0.11 0.075 0.065 0.04 0.04 0.035 0.025 0.045
 0.06 0.165 0.19 0.185 0.13 0.05 0.06 0.05 0.025 0.03 0 0.055
 0.11 0.09 0.14 0.145 0.17 0.115 0.03 0.03 0.09 0.01 0.01 0.06
 0.06 0.315 0.105 0.095 0.12 0.1 0.065 0.05 0.02 0.015 0.01 0.045
 0.065 0.1 0.33 0.12 0.11 0.07 0.045 0.05 0.025 0.015 0.025 0.045
 0.125 0.175 0.145 0.23 0.05 0.045 0.025 0.06 0.045 0.05 0.015 0.035
 0.1 0.26 0.13 0.13 0.17 0.025 0.045 0.03 0.02 0.015 0.01 0.065
 0.045 0.165 0.355 0.1 0.055 0.125 0.04 0.04 0.015 0.005 0.025 0.03
 0.095 0.175 0.215 0.24 0.095 0.045 0.04 0.02 0.025 0.015 0.01 0.025
 0.095 0.19 0.205 0.16 0.165 0.04 0.03 0.04 0.01 0.015 0.005 0.045
 0.14 0.18 0.165 0.175 0.11 0.115 0.04 0.005 0.04 0 0.01 0.02
 0.105 0.265 0.2 0.125 0.085 0.055 0.09 0.03 0.01 0.01 0.015 0.01
 0.06 0.265 0.23 0.12 0.1 0.055 0.06 0.04 0.01 0.005 0.01 0.045
 0.115 0.225 0.195 0.165 0.14 0.045 0.03 0.01 0.03 0.005 0.005 0.035
 0.165 0.225 0.225 0.1 0.09 0.08 0.035 0.02 0.025 0.02 0 0.015
 0.105 0.295 0.215 0.135 0.095 0.06 0.055 0.015 0.01 0.005 0.01 0
 0.1 0.265 0.2 0.215 0.095 0.05 0.025 0.02 0.01 0.01 0.005 0.005
 0.135 0.27 0.18 0.165 0.07 0.04 0.05 0.025 0.03 0.01 0.005 0.02
 0.175 0.25 0.175 0.155 0.115 0.03 0.03 0.025 0.015 0.025 0.005 0
# olc_ind

# obs_lse_ind
 0.198042 0.198042 0.198042 0.198042 0.198042 0.198042 0.198042 0.198042 0.198042 0.198042 0.198042 0.198042 0.198042 0.198042 0.198042 0.198042 0.198042 0.198042 0.198042 0.198042 0.198042 0.198042 0.198042 0.198042 0.198042 0.198042 0.198042 0.198042 0.198042 0.198042
# xages_fsh
 0 0 0 0 0 0 0 0 0 0 0 0
# xages_fsh
 0 0.0909091 0.181818 0.272727 0.363636 0.454545 0.545455 0.636364 0.727273 0.818182 0.909091 1
# xnodes_fsh

Yrs fsh_sel change:  1 0 0 0 0 0 0 0 0 0 0 0 0 0 0 0 0 0 0 0 0 0 0 0 0 0 0 0 0
Yrs ind_sel change:  1 0 0 0 0 0 0 0 0 0 0 0 0 0 0 0 0 0 0 0 0 0 0 0 0 0 0 0 0
# steepnessprior
0.75
# sigmarprior
0.2
#  SSB estimated in styr endyr: -13 28 
#  Rec estimated in styr endyr: -11 30 
#  SR Curve fit  in styr endyr: 1 30 
#             Model styr endyr: 1 30 
# qprior
 3.48998e-007
# q_power_prior 
 1 
# cv_catchbiomass 
0.05 
# CatchbiomassPen 
200 
# Number of projection years 
5 
# offset_fsh
 13379
# offset_ind
 13086.7
Mean Catch
1303.96
R_guess 
15.4333
# nfsh
1
# n_sel_ch_fsh
 1
# nselages_fsh
 11
# phase_selcoff_fsh
 -1
logRzero 15.4333
logmeanrec 15.4333
exp(log_sigmarprior 0.2
Fish sel phase: -1 FLEET1
Fixing fishery sel to
1
Srvy sel phase: -1
Fixing SURVEY1 indices sel to
1
# logsel_slp_in_indv
 0.693147
Leaving parameter init secton
# M
 0.2 0.2 0.2 0.2 0.2 0.2 0.2 0.2 0.2 0.2 0.2 0.2
 0.2 0.2 0.2 0.2 0.2 0.2 0.2 0.2 0.2 0.2 0.2 0.2
 0.2 0.2 0.2 0.2 0.2 0.2 0.2 0.2 0.2 0.2 0.2 0.2
 0.2 0.2 0.2 0.2 0.2 0.2 0.2 0.2 0.2 0.2 0.2 0.2
 0.2 0.2 0.2 0.2 0.2 0.2 0.2 0.2 0.2 0.2 0.2 0.2
 0.2 0.2 0.2 0.2 0.2 0.2 0.2 0.2 0.2 0.2 0.2 0.2
 0.2 0.2 0.2 0.2 0.2 0.2 0.2 0.2 0.2 0.2 0.2 0.2
 0.2 0.2 0.2 0.2 0.2 0.2 0.2 0.2 0.2 0.2 0.2 0.2
 0.2 0.2 0.2 0.2 0.2 0.2 0.2 0.2 0.2 0.2 0.2 0.2
 0.2 0.2 0.2 0.2 0.2 0.2 0.2 0.2 0.2 0.2 0.2 0.2
 0.2 0.2 0.2 0.2 0.2 0.2 0.2 0.2 0.2 0.2 0.2 0.2
 0.2 0.2 0.2 0.2 0.2 0.2 0.2 0.2 0.2 0.2 0.2 0.2
 0.2 0.2 0.2 0.2 0.2 0.2 0.2 0.2 0.2 0.2 0.2 0.2
 0.2 0.2 0.2 0.2 0.2 0.2 0.2 0.2 0.2 0.2 0.2 0.2
 0.2 0.2 0.2 0.2 0.2 0.2 0.2 0.2 0.2 0.2 0.2 0.2
 0.2 0.2 0.2 0.2 0.2 0.2 0.2 0.2 0.2 0.2 0.2 0.2
 0.2 0.2 0.2 0.2 0.2 0.2 0.2 0.2 0.2 0.2 0.2 0.2
 0.2 0.2 0.2 0.2 0.2 0.2 0.2 0.2 0.2 0.2 0.2 0.2
 0.2 0.2 0.2 0.2 0.2 0.2 0.2 0.2 0.2 0.2 0.2 0.2
 0.2 0.2 0.2 0.2 0.2 0.2 0.2 0.2 0.2 0.2 0.2 0.2
 0.2 0.2 0.2 0.2 0.2 0.2 0.2 0.2 0.2 0.2 0.2 0.2
 0.2 0.2 0.2 0.2 0.2 0.2 0.2 0.2 0.2 0.2 0.2 0.2
 0.2 0.2 0.2 0.2 0.2 0.2 0.2 0.2 0.2 0.2 0.2 0.2
 0.2 0.2 0.2 0.2 0.2 0.2 0.2 0.2 0.2 0.2 0.2 0.2
 0.2 0.2 0.2 0.2 0.2 0.2 0.2 0.2 0.2 0.2 0.2 0.2
 0.2 0.2 0.2 0.2 0.2 0.2 0.2 0.2 0.2 0.2 0.2 0.2
 0.2 0.2 0.2 0.2 0.2 0.2 0.2 0.2 0.2 0.2 0.2 0.2
 0.2 0.2 0.2 0.2 0.2 0.2 0.2 0.2 0.2 0.2 0.2 0.2
 0.2 0.2 0.2 0.2 0.2 0.2 0.2 0.2 0.2 0.2 0.2 0.2
 0.2 0.2 0.2 0.2 0.2 0.2 0.2 0.2 0.2 0.2 0.2 0.2
# mean_log_rec
13.7027
# log_Rzero
13.8399
# rec_dev
 -0.0689989 -0.0831037 -0.216255 -0.109143 -0.0484389 0.0397107 0.101088 -0.0602071 -0.00827922 0.109329 0.0207074 0.164565 0.153537 -0.0185959 0.16888 0.283855 0.0488424 0.366599 0.190386 0.0157519 0.254503 0.427143 0.17125 -0.0819793 -0.294527 0.591074 -0.230527 -0.0650065 0.526477 0.0819611 -0.13518 -0.127819 -0.101925 -0.00247954 -0.172035 -0.257199 -0.00379322 -0.0535906 -0.192298 -0.228507 -0.179695 0.0557647
# fmort
 0.00955718 0.0275946 0.0452659 0.0615045 0.0489155 0.0867566 0.0874414 0.182239 0.106431 0.129238 0.145626 0.157964 0.112363 0.164016 0.173583 0.152861 0.295211 0.243033 0.239146 0.239003 0.331143 0.241696 0.401168 0.328814 0.319751 0.2928 0.285173 0.401825 0.299247 0.443188
# rec_dev_future
 0 0 0 0 0
