AMAK;Mar 2020
# styr
1
# endyr
30
# rec_age
1
# oldest_age
12
# nlength
81
# len_bins
 10 11 12 13 14 15 16 17 18 19 20 21 22 23 24 25 26 27 28 29 30 31 32 33 34 35 36 37 38 39 40 41 42 43 44 45 46 47 48 49 50 51 52 53 54 55 56 57 58 59 60 61 62 63 64 65 66 67 68 69 70 71 72 73 74 75 76 77 78 79 80 81 82 83 84 85 86 87 88 89 90
# datafile_name
amak_data.dat
# model_name
AMAK_MCP
# styr
1
# endyr
30
# rec_age
1
# oldest_age
12
# nfsh
1
# fshname
FLEET1
# catch_bio_in
 160.959 457.585 744.899 969.612 732.571 1251.91 1184.08 2267.79 1182.36 1336.78 1386.76 1343.02 916.89 1285.63 1302.56 1144.23 2071.48 1484.75 1353.46 1252.59 1601.02 1080.76 1627.31 1228.15 1177.55 1090.81 1077.49 1444.83 1018.99 1427.74
# catch_bio_sd_in
 0.01 0.01 0.01 0.01 0.01 0.01 0.01 0.01 0.01 0.01 0.01 0.01 0.01 0.01 0.01 0.01 0.01 0.01 0.01 0.01 0.01 0.01 0.01 0.01 0.01 0.01 0.01 0.01 0.01 0.01
# nyrs_fsh_age
 30
# nyrs_fsh_length
 0
# yrs_fsh_age_in
 1 2 3 4 5 6 7 8 9 10 11 12 13 14 15 16 17 18 19 20 21 22 23 24 25 26 27 28 29 30
# yrs_fsh_length_in

# n_sample_fsh_length_in

# olc_fsh_in

# nind
1
# indname
SURVEY1
# nyrs_ind
 30
# yrs_ind_in
 1 2 3 4 5 6 7 8 9 10 11 12 13 14 15 16 17 18 19 20 21 22 23 24 25 26 27 28 29 30
# mo_ind
 1
# obs_ind_in
 1.72628 1.36092 1.5693 1.28271 1.59074 1.35407 1.2668 1.25589 0.877688 1.22608 1.02511 0.954615 0.906046 0.937299 0.957975 1.02683 1.00877 0.846475 0.79686 0.721071 0.736475 0.712747 0.863636 0.651705 0.774638 0.660029 0.72908 0.650613 0.511492 0.543888
# obs_se_ind_in
 0.345255 0.272185 0.31386 0.256541 0.318147 0.270814 0.25336 0.251178 0.175538 0.245216 0.205023 0.190923 0.181209 0.18746 0.191595 0.205365 0.201754 0.169295 0.159372 0.144214 0.147295 0.142549 0.172727 0.130341 0.154928 0.132006 0.145816 0.130123 0.102298 0.108778
# nyrs_ind_age
 30
# nyrs_ind_length
 0
# yrs_ind_age_in
 1 2 3 4 5 6 7 8 9 10 11 12 13 14 15 16 17 18 19 20 21 22 23 24 25 26 27 28 29 30
# yrs_ind_length_in

# yrs_ind_age_in
 1 2 3 4 5 6 7 8 9 10 11 12 13 14 15 16 17 18 19 20 21 22 23 24 25 26 27 28 29 30
# n_sample_ind_length_in

# olc_ind_in

# oac_ind_in
 0.09 0.16 0.135 0.11 0.13 0.06 0.07 0.06 0.035 0.015 0.015 0.12
 0.05 0.115 0.19 0.13 0.065 0.07 0.085 0.03 0.055 0.035 0.025 0.15
 0.055 0.155 0.13 0.14 0.12 0.075 0.06 0.05 0.035 0.02 0.015 0.145
 0.045 0.12 0.195 0.13 0.095 0.055 0.075 0.065 0.03 0.055 0.035 0.1
 0.05 0.165 0.12 0.19 0.105 0.035 0.095 0.06 0.035 0.035 0.025 0.085
 0.08 0.12 0.13 0.075 0.095 0.115 0.055 0.06 0.065 0.035 0.025 0.145
 0.045 0.155 0.165 0.115 0.095 0.115 0.09 0.045 0.025 0.05 0.02 0.08
 0.05 0.185 0.16 0.125 0.07 0.115 0.05 0.035 0.03 0.045 0.05 0.085
 0.095 0.085 0.21 0.145 0.065 0.1 0.045 0.04 0.03 0.02 0.04 0.125
 0.06 0.215 0.11 0.14 0.125 0.08 0.025 0.045 0.03 0.01 0.04 0.12
 0.04 0.185 0.175 0.1 0.11 0.09 0.07 0.035 0.025 0.02 0.025 0.125
 0.105 0.11 0.2 0.105 0.075 0.085 0.055 0.05 0.03 0.035 0.03 0.12
 0.13 0.205 0.085 0.165 0.14 0.065 0.065 0.04 0.03 0.015 0.015 0.045
 0.105 0.21 0.245 0.07 0.11 0.09 0.015 0.04 0.02 0.02 0.015 0.06
 0.08 0.2 0.215 0.2 0.04 0.06 0.05 0.02 0.035 0.01 0.02 0.07
 0.085 0.13 0.2 0.15 0.125 0.035 0.085 0.045 0.03 0.025 0.035 0.055
 0.08 0.22 0.16 0.15 0.12 0.095 0.025 0.045 0.025 0.035 0.005 0.04
 0.11 0.265 0.185 0.13 0.085 0.07 0.045 0.02 0.025 0.015 0.005 0.045
 0.095 0.2 0.2 0.19 0.085 0.1 0.05 0.02 0.015 0.01 0.005 0.03
 0.115 0.28 0.13 0.12 0.15 0.05 0.045 0.04 0.025 0.005 0 0.04
 0.06 0.18 0.255 0.175 0.095 0.07 0.035 0.055 0.01 0.015 0.01 0.04
 0.13 0.195 0.235 0.185 0.075 0.06 0.06 0.005 0.02 0.005 0.005 0.025
 0.1 0.31 0.165 0.17 0.085 0.07 0.035 0.025 0.025 0 0.01 0.005
 0.105 0.2 0.33 0.095 0.095 0.065 0.03 0.025 0.025 0.02 0.005 0.005
 0.16 0.26 0.185 0.175 0.045 0.085 0.035 0.005 0.025 0.01 0.005 0.01
 0.11 0.315 0.235 0.11 0.105 0.04 0.025 0.01 0.015 0.01 0.01 0.015
 0.105 0.24 0.285 0.14 0.09 0.065 0.025 0.015 0.01 0.01 0 0.015
 0.14 0.18 0.185 0.245 0.11 0.055 0.035 0.005 0.02 0.015 0 0.01
 0.05 0.33 0.15 0.17 0.135 0.05 0.04 0.055 0.005 0.01 0.005 0
 0.145 0.21 0.265 0.12 0.09 0.105 0.03 0.01 0.005 0.01 0.005 0.005
# wt_ind
 1 1 1 1 1 1 1 1 1 1 1 1
 1 1 1 1 1 1 1 1 1 1 1 1
 1 1 1 1 1 1 1 1 1 1 1 1
 1 1 1 1 1 1 1 1 1 1 1 1
 1 1 1 1 1 1 1 1 1 1 1 1
 1 1 1 1 1 1 1 1 1 1 1 1
 1 1 1 1 1 1 1 1 1 1 1 1
 1 1 1 1 1 1 1 1 1 1 1 1
 1 1 1 1 1 1 1 1 1 1 1 1
 1 1 1 1 1 1 1 1 1 1 1 1
 1 1 1 1 1 1 1 1 1 1 1 1
 1 1 1 1 1 1 1 1 1 1 1 1
 1 1 1 1 1 1 1 1 1 1 1 1
 1 1 1 1 1 1 1 1 1 1 1 1
 1 1 1 1 1 1 1 1 1 1 1 1
 1 1 1 1 1 1 1 1 1 1 1 1
 1 1 1 1 1 1 1 1 1 1 1 1
 1 1 1 1 1 1 1 1 1 1 1 1
 1 1 1 1 1 1 1 1 1 1 1 1
 1 1 1 1 1 1 1 1 1 1 1 1
 1 1 1 1 1 1 1 1 1 1 1 1
 1 1 1 1 1 1 1 1 1 1 1 1
 1 1 1 1 1 1 1 1 1 1 1 1
 1 1 1 1 1 1 1 1 1 1 1 1
 1 1 1 1 1 1 1 1 1 1 1 1
 1 1 1 1 1 1 1 1 1 1 1 1
 1 1 1 1 1 1 1 1 1 1 1 1
 1 1 1 1 1 1 1 1 1 1 1 1
 1 1 1 1 1 1 1 1 1 1 1 1
 1 1 1 1 1 1 1 1 1 1 1 1
# wt_pop
 0.000530656 0.00119633 0.00205827 0.00303499 0.00405521 0.0050647 0.00602623 0.00691692 0.00772489 0.00844611 0.00908185 0.0096367
# maturity
 0.0229774 0.320821 0.904651 0.99478 0.999739 0.999987 0.999999 1 1 1 1 1
# spawnmo
1
# age_err
 1 0 0 0 0 0 0 0 0 0 0 0
 0 1 0 0 0 0 0 0 0 0 0 0
 0 0 1 0 0 0 0 0 0 0 0 0
 0 0 0 1 0 0 0 0 0 0 0 0
 0 0 0 0 1 0 0 0 0 0 0 0
 0 0 0 0 0 1 0 0 0 0 0 0
 0 0 0 0 0 0 1 0 0 0 0 0
 0 0 0 0 0 0 0 1 0 0 0 0
 0 0 0 0 0 0 0 0 1 0 0 0
 0 0 0 0 0 0 0 0 0 1 0 0
 0 0 0 0 0 0 0 0 0 0 1 0
 0 0 0 0 0 0 0 0 0 0 0 1
# cntrlfile_name
C:\Users\bai.li\DOCUME~1\Github\AGE_ST~1\ASSAMC\example\output\AMAK\s137\amak.dat
# Map shared selectivity: 
# sel_map
 1 2
 1 1
# datafile_name
amak_data.dat
# model_name
AMAK_MCP
# SrType
2
# use_age_err
0
# retro
0
# sigmarprior
0.2
# cvsigmarprior
0.25
# phase_sigmar
-3
# styr_rec_est
1
# endyr_rec_est
30
# Linfprior
80
# cvLinfprior
0.25
# kprior
0.18
# cvkprior
0.25
# Loprior
27.688
# cvLoprior
0.25
# sdageprior
0.1
# cvsdageprior
0.25
# natmortprior
0.2
# cvnatmortprior
0.25
# phase_M
-4
# npars_Mage
0
# ages_M_changes

# Mage_in

# Mage_offset_in

# phase_Mage
-5
# phase_rw_M
0
# npars_rw_M
0
# yrs_rw_M

# sigma_rw_M

# qprior
 3.48998e-007
# cvqprior
 1
# phase_q
 1
# q_power_prior
 1
# cvq_power_prior
 0.2
# phase_q_power
 -4
# phase_rw_q
 -1
# npars_rw_q
 0
# yrs_rw_q

# sigma_rw_q

# q_age_min
 1
# q_age_max
 12
# q_age_min
 1
# q_age_max
 12
# fsh_sel_opt(k)
2
# phase_sel_fsh(k)
2
# n_sel_ch_fsh(k)
1
# sel_slp_in_fsh(k)(1,n_sel_ch_fsh(k))
 1
# sel_inf_in_fsh(k)(1,n_sel_ch_fsh(k))
 2
# logsel_slp_in_fsh(k)(1,n_sel_ch_fsh(k))
 0
# yrs_sel_ch_fsh(k)(1,n_sel_ch_fsh(k))
 1

Survey SURVEY1
# ind_sel_opt(k)
2
# indname(k)
SURVEY1
# nselages_in_ind(k)
11
# phase_sel_ind(k)
2
# sel_change_in_ind(k)
 1 0 0 0 0 0 0 0 0 0 0 0 0 0 0 0 0 0 0 0 0 0 0 0 0 0 0 0 0 0
# n_sel_ch_ind(k)
1
# yrs_sel_ch_ind(k)(1,n_sel_ch_ind(k))
 1
# sel_slp_in_ind(k,1)
2
# sel_inf_in_ind(k,1)
1.5
# logsel_slp_in_ind(k,1)
0.693147
# logsel_slp_in_indv(k)
0.693147
SURVEY1 ind sel opt 2  1 0 0 0 0 0 0 0 0 0 0 0 0 0 0 0 0 0 0 0 0 0 0 0 0 0 0 0 0 0
Phase indices Sel_Coffs:  -1
 Test: 1.23457e+008
# Fshry Selages:  11
# Srvy  Selages:  11
# Phase for age-spec fishery  -1
# Phase for logistic fishery  2
# Phase for dble logistic fishery  -1
# Phase for age-spec indices   -1
# Phase for logistic indices   2
# Phase for dble logistic ind  -1
# Curv_pen_fsh: 
 0
# Curv_pen_ind: 
 0
# styr_fut
31
# endyr_fut
35
# nyrs_fsh_age
 30
# nyrs_fsh_age
 30
# yrs_fsh_age
 1 2 3 4 5 6 7 8 9 10 11 12 13 14 15 16 17 18 19 20 21 22 23 24 25 26 27 28 29 30
# n_sample_fsh_age
 200 200 200 200 200 200 200 200 200 200 200 200 200 200 200 200 200 200 200 200 200 200 200 200 200 200 200 200 200 200
# oac_fsh
 0.06 0.115 0.13 0.105 0.115 0.075 0.065 0.08 0.07 0.035 0.045 0.105
 0.125 0.11 0.105 0.1 0.11 0.07 0.095 0.06 0.035 0.035 0.015 0.14
 0.05 0.105 0.155 0.1 0.125 0.095 0.09 0.055 0.05 0.03 0.02 0.125
 0.06 0.105 0.17 0.12 0.085 0.08 0.085 0.065 0.06 0.03 0.035 0.105
 0.075 0.08 0.09 0.145 0.105 0.11 0.065 0.06 0.05 0.05 0.035 0.135
 0.085 0.12 0.1 0.08 0.135 0.09 0.08 0.065 0.06 0.035 0.025 0.125
 0.06 0.145 0.145 0.11 0.09 0.09 0.06 0.07 0.035 0.025 0.015 0.155
 0.03 0.17 0.135 0.155 0.13 0.065 0.06 0.05 0.025 0.045 0.01 0.125
 0.105 0.08 0.18 0.145 0.12 0.06 0.045 0.07 0.05 0.03 0.05 0.065
 0.085 0.175 0.105 0.16 0.13 0.115 0.085 0.01 0.03 0.005 0.03 0.07
 0.04 0.13 0.21 0.12 0.09 0.085 0.05 0.07 0.045 0.03 0.005 0.125
 0.09 0.115 0.145 0.16 0.09 0.085 0.055 0.06 0.045 0.025 0.015 0.115
 0.13 0.17 0.09 0.15 0.175 0.05 0.05 0.04 0.025 0.035 0.01 0.075
 0.15 0.215 0.18 0.06 0.085 0.085 0.045 0.045 0.035 0.025 0.01 0.065
 0.095 0.17 0.215 0.21 0.045 0.06 0.075 0.02 0.035 0 0.01 0.065
 0.12 0.135 0.235 0.175 0.11 0.035 0.05 0.04 0.02 0.02 0.015 0.045
 0.09 0.135 0.16 0.16 0.175 0.13 0.045 0.01 0.02 0.005 0.02 0.05
 0.105 0.18 0.175 0.135 0.145 0.09 0.06 0.015 0.035 0.02 0 0.04
 0.15 0.115 0.155 0.17 0.115 0.1 0.075 0.04 0.02 0.025 0 0.035
 0.15 0.22 0.145 0.155 0.11 0.045 0.045 0.065 0.01 0.015 0.02 0.02
 0.11 0.17 0.2 0.145 0.12 0.09 0.035 0.05 0.035 0.02 0.005 0.02
 0.185 0.18 0.165 0.155 0.12 0.095 0.03 0.03 0.005 0.01 0.01 0.015
 0.145 0.21 0.145 0.16 0.125 0.08 0.045 0.035 0.025 0.01 0.01 0.01
 0.095 0.2 0.24 0.145 0.095 0.095 0.025 0.035 0.02 0 0.02 0.03
 0.23 0.185 0.175 0.175 0.055 0.025 0.055 0.045 0.015 0.01 0.005 0.025
 0.16 0.245 0.205 0.095 0.145 0.025 0.045 0.05 0.01 0.005 0.005 0.01
 0.105 0.19 0.3 0.135 0.06 0.09 0.03 0.03 0.015 0.01 0.01 0.025
 0.245 0.135 0.17 0.21 0.1 0.05 0.045 0.01 0.02 0.01 0.005 0
 0.115 0.25 0.155 0.165 0.165 0.075 0.02 0.02 0.005 0.005 0.005 0.02
 0.24 0.17 0.22 0.065 0.105 0.135 0.035 0.015 0.01 0 0.005 0
# olc_fsh

# wt_fsh
 0.000530656 0.00119633 0.00205827 0.00303499 0.00405521 0.0050647 0.00602623 0.00691692 0.00772489 0.00844611 0.00908185 0.0096367
 0.000530656 0.00119633 0.00205827 0.00303499 0.00405521 0.0050647 0.00602623 0.00691692 0.00772489 0.00844611 0.00908185 0.0096367
 0.000530656 0.00119633 0.00205827 0.00303499 0.00405521 0.0050647 0.00602623 0.00691692 0.00772489 0.00844611 0.00908185 0.0096367
 0.000530656 0.00119633 0.00205827 0.00303499 0.00405521 0.0050647 0.00602623 0.00691692 0.00772489 0.00844611 0.00908185 0.0096367
 0.000530656 0.00119633 0.00205827 0.00303499 0.00405521 0.0050647 0.00602623 0.00691692 0.00772489 0.00844611 0.00908185 0.0096367
 0.000530656 0.00119633 0.00205827 0.00303499 0.00405521 0.0050647 0.00602623 0.00691692 0.00772489 0.00844611 0.00908185 0.0096367
 0.000530656 0.00119633 0.00205827 0.00303499 0.00405521 0.0050647 0.00602623 0.00691692 0.00772489 0.00844611 0.00908185 0.0096367
 0.000530656 0.00119633 0.00205827 0.00303499 0.00405521 0.0050647 0.00602623 0.00691692 0.00772489 0.00844611 0.00908185 0.0096367
 0.000530656 0.00119633 0.00205827 0.00303499 0.00405521 0.0050647 0.00602623 0.00691692 0.00772489 0.00844611 0.00908185 0.0096367
 0.000530656 0.00119633 0.00205827 0.00303499 0.00405521 0.0050647 0.00602623 0.00691692 0.00772489 0.00844611 0.00908185 0.0096367
 0.000530656 0.00119633 0.00205827 0.00303499 0.00405521 0.0050647 0.00602623 0.00691692 0.00772489 0.00844611 0.00908185 0.0096367
 0.000530656 0.00119633 0.00205827 0.00303499 0.00405521 0.0050647 0.00602623 0.00691692 0.00772489 0.00844611 0.00908185 0.0096367
 0.000530656 0.00119633 0.00205827 0.00303499 0.00405521 0.0050647 0.00602623 0.00691692 0.00772489 0.00844611 0.00908185 0.0096367
 0.000530656 0.00119633 0.00205827 0.00303499 0.00405521 0.0050647 0.00602623 0.00691692 0.00772489 0.00844611 0.00908185 0.0096367
 0.000530656 0.00119633 0.00205827 0.00303499 0.00405521 0.0050647 0.00602623 0.00691692 0.00772489 0.00844611 0.00908185 0.0096367
 0.000530656 0.00119633 0.00205827 0.00303499 0.00405521 0.0050647 0.00602623 0.00691692 0.00772489 0.00844611 0.00908185 0.0096367
 0.000530656 0.00119633 0.00205827 0.00303499 0.00405521 0.0050647 0.00602623 0.00691692 0.00772489 0.00844611 0.00908185 0.0096367
 0.000530656 0.00119633 0.00205827 0.00303499 0.00405521 0.0050647 0.00602623 0.00691692 0.00772489 0.00844611 0.00908185 0.0096367
 0.000530656 0.00119633 0.00205827 0.00303499 0.00405521 0.0050647 0.00602623 0.00691692 0.00772489 0.00844611 0.00908185 0.0096367
 0.000530656 0.00119633 0.00205827 0.00303499 0.00405521 0.0050647 0.00602623 0.00691692 0.00772489 0.00844611 0.00908185 0.0096367
 0.000530656 0.00119633 0.00205827 0.00303499 0.00405521 0.0050647 0.00602623 0.00691692 0.00772489 0.00844611 0.00908185 0.0096367
 0.000530656 0.00119633 0.00205827 0.00303499 0.00405521 0.0050647 0.00602623 0.00691692 0.00772489 0.00844611 0.00908185 0.0096367
 0.000530656 0.00119633 0.00205827 0.00303499 0.00405521 0.0050647 0.00602623 0.00691692 0.00772489 0.00844611 0.00908185 0.0096367
 0.000530656 0.00119633 0.00205827 0.00303499 0.00405521 0.0050647 0.00602623 0.00691692 0.00772489 0.00844611 0.00908185 0.0096367
 0.000530656 0.00119633 0.00205827 0.00303499 0.00405521 0.0050647 0.00602623 0.00691692 0.00772489 0.00844611 0.00908185 0.0096367
 0.000530656 0.00119633 0.00205827 0.00303499 0.00405521 0.0050647 0.00602623 0.00691692 0.00772489 0.00844611 0.00908185 0.0096367
 0.000530656 0.00119633 0.00205827 0.00303499 0.00405521 0.0050647 0.00602623 0.00691692 0.00772489 0.00844611 0.00908185 0.0096367
 0.000530656 0.00119633 0.00205827 0.00303499 0.00405521 0.0050647 0.00602623 0.00691692 0.00772489 0.00844611 0.00908185 0.0096367
 0.000530656 0.00119633 0.00205827 0.00303499 0.00405521 0.0050647 0.00602623 0.00691692 0.00772489 0.00844611 0.00908185 0.0096367
 0.000530656 0.00119633 0.00205827 0.00303499 0.00405521 0.0050647 0.00602623 0.00691692 0.00772489 0.00844611 0.00908185 0.0096367
# nyrs_ind_age
 30
# yrs_ind_age
 1 2 3 4 5 6 7 8 9 10 11 12 13 14 15 16 17 18 19 20 21 22 23 24 25 26 27 28 29 30
# n_sample_ind_age
 200 200 200 200 200 200 200 200 200 200 200 200 200 200 200 200 200 200 200 200 200 200 200 200 200 200 200 200 200 200
# oac_ind
 0.09 0.16 0.135 0.11 0.13 0.06 0.07 0.06 0.035 0.015 0.015 0.12
 0.05 0.115 0.19 0.13 0.065 0.07 0.085 0.03 0.055 0.035 0.025 0.15
 0.055 0.155 0.13 0.14 0.12 0.075 0.06 0.05 0.035 0.02 0.015 0.145
 0.045 0.12 0.195 0.13 0.095 0.055 0.075 0.065 0.03 0.055 0.035 0.1
 0.05 0.165 0.12 0.19 0.105 0.035 0.095 0.06 0.035 0.035 0.025 0.085
 0.08 0.12 0.13 0.075 0.095 0.115 0.055 0.06 0.065 0.035 0.025 0.145
 0.045 0.155 0.165 0.115 0.095 0.115 0.09 0.045 0.025 0.05 0.02 0.08
 0.05 0.185 0.16 0.125 0.07 0.115 0.05 0.035 0.03 0.045 0.05 0.085
 0.095 0.085 0.21 0.145 0.065 0.1 0.045 0.04 0.03 0.02 0.04 0.125
 0.06 0.215 0.11 0.14 0.125 0.08 0.025 0.045 0.03 0.01 0.04 0.12
 0.04 0.185 0.175 0.1 0.11 0.09 0.07 0.035 0.025 0.02 0.025 0.125
 0.105 0.11 0.2 0.105 0.075 0.085 0.055 0.05 0.03 0.035 0.03 0.12
 0.13 0.205 0.085 0.165 0.14 0.065 0.065 0.04 0.03 0.015 0.015 0.045
 0.105 0.21 0.245 0.07 0.11 0.09 0.015 0.04 0.02 0.02 0.015 0.06
 0.08 0.2 0.215 0.2 0.04 0.06 0.05 0.02 0.035 0.01 0.02 0.07
 0.085 0.13 0.2 0.15 0.125 0.035 0.085 0.045 0.03 0.025 0.035 0.055
 0.08 0.22 0.16 0.15 0.12 0.095 0.025 0.045 0.025 0.035 0.005 0.04
 0.11 0.265 0.185 0.13 0.085 0.07 0.045 0.02 0.025 0.015 0.005 0.045
 0.095 0.2 0.2 0.19 0.085 0.1 0.05 0.02 0.015 0.01 0.005 0.03
 0.115 0.28 0.13 0.12 0.15 0.05 0.045 0.04 0.025 0.005 0 0.04
 0.06 0.18 0.255 0.175 0.095 0.07 0.035 0.055 0.01 0.015 0.01 0.04
 0.13 0.195 0.235 0.185 0.075 0.06 0.06 0.005 0.02 0.005 0.005 0.025
 0.1 0.31 0.165 0.17 0.085 0.07 0.035 0.025 0.025 0 0.01 0.005
 0.105 0.2 0.33 0.095 0.095 0.065 0.03 0.025 0.025 0.02 0.005 0.005
 0.16 0.26 0.185 0.175 0.045 0.085 0.035 0.005 0.025 0.01 0.005 0.01
 0.11 0.315 0.235 0.11 0.105 0.04 0.025 0.01 0.015 0.01 0.01 0.015
 0.105 0.24 0.285 0.14 0.09 0.065 0.025 0.015 0.01 0.01 0 0.015
 0.14 0.18 0.185 0.245 0.11 0.055 0.035 0.005 0.02 0.015 0 0.01
 0.05 0.33 0.15 0.17 0.135 0.05 0.04 0.055 0.005 0.01 0.005 0
 0.145 0.21 0.265 0.12 0.09 0.105 0.03 0.01 0.005 0.01 0.005 0.005
# olc_ind

# obs_lse_ind
 0.198042 0.198042 0.198042 0.198042 0.198042 0.198042 0.198042 0.198042 0.198042 0.198042 0.198042 0.198042 0.198042 0.198042 0.198042 0.198042 0.198042 0.198042 0.198042 0.198042 0.198042 0.198042 0.198042 0.198042 0.198042 0.198042 0.198042 0.198042 0.198042 0.198042
# xages_fsh
 0 0 0 0 0 0 0 0 0 0 0 0
# xages_fsh
 0 0.0909091 0.181818 0.272727 0.363636 0.454545 0.545455 0.636364 0.727273 0.818182 0.909091 1
# xnodes_fsh

Yrs fsh_sel change:  1 0 0 0 0 0 0 0 0 0 0 0 0 0 0 0 0 0 0 0 0 0 0 0 0 0 0 0 0
Yrs ind_sel change:  1 0 0 0 0 0 0 0 0 0 0 0 0 0 0 0 0 0 0 0 0 0 0 0 0 0 0 0 0
# steepnessprior
0.75
# sigmarprior
0.2
#  SSB estimated in styr endyr: -13 28 
#  Rec estimated in styr endyr: -11 30 
#  SR Curve fit  in styr endyr: 1 30 
#             Model styr endyr: 1 30 
# qprior
 3.48998e-007
# q_power_prior 
 1 
# cv_catchbiomass 
0.05 
# CatchbiomassPen 
200 
# Number of projection years 
5 
# offset_fsh
 13332.5
# offset_ind
 13064.9
Mean Catch
1220.15
R_guess 
15.3669
# nfsh
1
# n_sel_ch_fsh
 1
# nselages_fsh
 11
# phase_selcoff_fsh
 -1
logRzero 15.3669
logmeanrec 15.3669
exp(log_sigmarprior 0.2
Fish sel phase: -1 FLEET1
Fixing fishery sel to
1
Srvy sel phase: -1
Fixing SURVEY1 indices sel to
1
# logsel_slp_in_indv
 0.693147
Leaving parameter init secton
# M
 0.2 0.2 0.2 0.2 0.2 0.2 0.2 0.2 0.2 0.2 0.2 0.2
 0.2 0.2 0.2 0.2 0.2 0.2 0.2 0.2 0.2 0.2 0.2 0.2
 0.2 0.2 0.2 0.2 0.2 0.2 0.2 0.2 0.2 0.2 0.2 0.2
 0.2 0.2 0.2 0.2 0.2 0.2 0.2 0.2 0.2 0.2 0.2 0.2
 0.2 0.2 0.2 0.2 0.2 0.2 0.2 0.2 0.2 0.2 0.2 0.2
 0.2 0.2 0.2 0.2 0.2 0.2 0.2 0.2 0.2 0.2 0.2 0.2
 0.2 0.2 0.2 0.2 0.2 0.2 0.2 0.2 0.2 0.2 0.2 0.2
 0.2 0.2 0.2 0.2 0.2 0.2 0.2 0.2 0.2 0.2 0.2 0.2
 0.2 0.2 0.2 0.2 0.2 0.2 0.2 0.2 0.2 0.2 0.2 0.2
 0.2 0.2 0.2 0.2 0.2 0.2 0.2 0.2 0.2 0.2 0.2 0.2
 0.2 0.2 0.2 0.2 0.2 0.2 0.2 0.2 0.2 0.2 0.2 0.2
 0.2 0.2 0.2 0.2 0.2 0.2 0.2 0.2 0.2 0.2 0.2 0.2
 0.2 0.2 0.2 0.2 0.2 0.2 0.2 0.2 0.2 0.2 0.2 0.2
 0.2 0.2 0.2 0.2 0.2 0.2 0.2 0.2 0.2 0.2 0.2 0.2
 0.2 0.2 0.2 0.2 0.2 0.2 0.2 0.2 0.2 0.2 0.2 0.2
 0.2 0.2 0.2 0.2 0.2 0.2 0.2 0.2 0.2 0.2 0.2 0.2
 0.2 0.2 0.2 0.2 0.2 0.2 0.2 0.2 0.2 0.2 0.2 0.2
 0.2 0.2 0.2 0.2 0.2 0.2 0.2 0.2 0.2 0.2 0.2 0.2
 0.2 0.2 0.2 0.2 0.2 0.2 0.2 0.2 0.2 0.2 0.2 0.2
 0.2 0.2 0.2 0.2 0.2 0.2 0.2 0.2 0.2 0.2 0.2 0.2
 0.2 0.2 0.2 0.2 0.2 0.2 0.2 0.2 0.2 0.2 0.2 0.2
 0.2 0.2 0.2 0.2 0.2 0.2 0.2 0.2 0.2 0.2 0.2 0.2
 0.2 0.2 0.2 0.2 0.2 0.2 0.2 0.2 0.2 0.2 0.2 0.2
 0.2 0.2 0.2 0.2 0.2 0.2 0.2 0.2 0.2 0.2 0.2 0.2
 0.2 0.2 0.2 0.2 0.2 0.2 0.2 0.2 0.2 0.2 0.2 0.2
 0.2 0.2 0.2 0.2 0.2 0.2 0.2 0.2 0.2 0.2 0.2 0.2
 0.2 0.2 0.2 0.2 0.2 0.2 0.2 0.2 0.2 0.2 0.2 0.2
 0.2 0.2 0.2 0.2 0.2 0.2 0.2 0.2 0.2 0.2 0.2 0.2
 0.2 0.2 0.2 0.2 0.2 0.2 0.2 0.2 0.2 0.2 0.2 0.2
 0.2 0.2 0.2 0.2 0.2 0.2 0.2 0.2 0.2 0.2 0.2 0.2
# mean_log_rec
13.7118
# log_Rzero
13.7393
# rec_dev
 -0.0642929 -0.0775083 -0.0152394 -0.200224 -0.0697569 0.0340773 -0.0050688 0.0341774 0.0534237 0.0702241 0.107063 0.0680559 0.0639703 0.195531 -0.139273 -0.0396953 0.041132 0.0743748 0.0832453 -0.38022 0.0987735 -0.0518825 -0.600022 0.1372 0.198669 0.149943 -0.1437 0.0751506 -0.00717651 -0.15278 0.0816797 -0.0689696 -0.349062 0.145029 -0.239596 -0.135298 0.231609 -0.178507 -0.501834 -0.0146193 -0.515316 -0.0496898
# fmort
 0.00973906 0.0278775 0.0464681 0.0629536 0.0496336 0.0894117 0.0903164 0.192305 0.112013 0.136384 0.154232 0.16329 0.118008 0.170891 0.17989 0.161845 0.317289 0.255903 0.25113 0.245396 0.340608 0.247331 0.404363 0.339316 0.34145 0.321064 0.317742 0.457113 0.356501 0.563063
# rec_dev_future
 0 0 0 0 0
