AMAK;Mar 2020
# styr
1
# endyr
30
# rec_age
1
# oldest_age
12
# nlength
81
# len_bins
 10 11 12 13 14 15 16 17 18 19 20 21 22 23 24 25 26 27 28 29 30 31 32 33 34 35 36 37 38 39 40 41 42 43 44 45 46 47 48 49 50 51 52 53 54 55 56 57 58 59 60 61 62 63 64 65 66 67 68 69 70 71 72 73 74 75 76 77 78 79 80 81 82 83 84 85 86 87 88 89 90
# datafile_name
amak_data.dat
# model_name
AMAK_MCP
# styr
1
# endyr
30
# rec_age
1
# oldest_age
12
# nfsh
1
# fshname
FLEET1
# catch_bio_in
 161.604 460.201 751.467 956.908 726.228 1220.86 1157.85 2180.41 1160.25 1344.69 1452.51 1471.76 1017.31 1399.78 1413.78 1198.98 2164.88 1595.09 1450.19 1345.77 1663 1100.95 1698.93 1257.06 1138.36 983 931.459 1201.06 881.038 1298.66
# catch_bio_sd_in
 0.01 0.01 0.01 0.01 0.01 0.01 0.01 0.01 0.01 0.01 0.01 0.01 0.01 0.01 0.01 0.01 0.01 0.01 0.01 0.01 0.01 0.01 0.01 0.01 0.01 0.01 0.01 0.01 0.01 0.01
# nyrs_fsh_age
 30
# nyrs_fsh_length
 0
# yrs_fsh_age_in
 1 2 3 4 5 6 7 8 9 10 11 12 13 14 15 16 17 18 19 20 21 22 23 24 25 26 27 28 29 30
# yrs_fsh_length_in

# n_sample_fsh_length_in

# olc_fsh_in

# nind
1
# indname
SURVEY1
# nyrs_ind
 30
# yrs_ind_in
 1 2 3 4 5 6 7 8 9 10 11 12 13 14 15 16 17 18 19 20 21 22 23 24 25 26 27 28 29 30
# mo_ind
 1
# obs_ind_in
 1.72476 1.58768 1.5637 1.34358 1.41633 1.32326 1.19078 1.25365 1.26122 1.28826 0.979396 1.13945 1.02785 1.10587 1.12135 1.14534 1.05715 0.923223 0.846594 0.773981 0.691591 0.892227 0.70314 0.655633 0.487401 0.63875 0.638984 0.491437 0.505915 0.537626
# obs_se_ind_in
 0.344952 0.317536 0.31274 0.268716 0.283266 0.264651 0.238157 0.250729 0.252244 0.257652 0.195879 0.22789 0.20557 0.221175 0.224271 0.229069 0.211431 0.184645 0.169319 0.154796 0.138318 0.178445 0.140628 0.131127 0.0974803 0.12775 0.127797 0.0982874 0.101183 0.107525
# nyrs_ind_age
 30
# nyrs_ind_length
 0
# yrs_ind_age_in
 1 2 3 4 5 6 7 8 9 10 11 12 13 14 15 16 17 18 19 20 21 22 23 24 25 26 27 28 29 30
# yrs_ind_length_in

# yrs_ind_age_in
 1 2 3 4 5 6 7 8 9 10 11 12 13 14 15 16 17 18 19 20 21 22 23 24 25 26 27 28 29 30
# n_sample_ind_length_in

# olc_ind_in

# oac_ind_in
 0.06 0.115 0.165 0.15 0.115 0.06 0.065 0.035 0.035 0.05 0.05 0.1
 0.075 0.12 0.15 0.15 0.11 0.075 0.07 0.015 0.03 0.05 0.025 0.13
 0.03 0.13 0.16 0.135 0.105 0.08 0.08 0.045 0.05 0.045 0.03 0.11
 0.045 0.07 0.23 0.115 0.09 0.075 0.075 0.055 0.03 0.04 0.015 0.16
 0.05 0.135 0.11 0.14 0.11 0.055 0.07 0.06 0.04 0.04 0.045 0.145
 0.04 0.15 0.155 0.095 0.085 0.09 0.07 0.045 0.025 0.04 0.045 0.16
 0.125 0.085 0.17 0.12 0.06 0.06 0.09 0.07 0.03 0.025 0.03 0.135
 0.075 0.185 0.105 0.115 0.08 0.085 0.07 0.075 0.025 0.035 0.035 0.115
 0.085 0.155 0.235 0.11 0.1 0.065 0.025 0.06 0.025 0.025 0.02 0.095
 0.09 0.18 0.145 0.17 0.05 0.07 0.055 0.04 0.05 0.025 0.03 0.095
 0.08 0.18 0.19 0.14 0.13 0.04 0.07 0.03 0.02 0.025 0.01 0.085
 0.035 0.13 0.25 0.22 0.095 0.085 0.02 0.045 0.02 0.01 0.01 0.08
 0.095 0.095 0.185 0.21 0.13 0.065 0.065 0.015 0.025 0.03 0.005 0.08
 0.095 0.165 0.155 0.135 0.13 0.14 0.04 0.03 0.025 0.015 0.02 0.05
 0.085 0.19 0.205 0.055 0.12 0.095 0.055 0.055 0.025 0.015 0.03 0.07
 0.12 0.17 0.155 0.205 0.085 0.075 0.07 0.03 0.025 0.035 0.005 0.025
 0.11 0.215 0.22 0.13 0.125 0.045 0.025 0.035 0.015 0.025 0.02 0.035
 0.11 0.22 0.215 0.135 0.095 0.06 0.035 0.04 0.02 0.025 0.005 0.04
 0.09 0.2 0.225 0.14 0.075 0.08 0.05 0.025 0.005 0.01 0.025 0.075
 0.105 0.125 0.265 0.19 0.115 0.075 0.03 0.025 0.02 0.015 0.005 0.03
 0.11 0.165 0.14 0.225 0.095 0.12 0.055 0.025 0.015 0.015 0.01 0.025
 0.125 0.32 0.14 0.095 0.145 0.04 0.065 0.02 0.03 0.005 0 0.015
 0.105 0.25 0.285 0.125 0.06 0.065 0.05 0.01 0.025 0.005 0.005 0.015
 0.09 0.18 0.255 0.205 0.095 0.055 0.035 0.02 0.01 0.015 0.025 0.015
 0.1 0.205 0.27 0.145 0.15 0.03 0.03 0.025 0 0.015 0.005 0.025
 0.09 0.22 0.18 0.185 0.12 0.09 0.025 0.005 0.035 0.035 0.005 0.01
 0.145 0.225 0.19 0.14 0.115 0.085 0.04 0.025 0.005 0.01 0.01 0.01
 0.115 0.29 0.23 0.165 0.07 0.055 0.02 0.025 0.015 0.005 0.01 0
 0.15 0.165 0.33 0.15 0.055 0.045 0.055 0.02 0.015 0.01 0 0.005
 0.17 0.33 0.2 0.135 0.085 0.02 0.015 0.02 0.01 0.01 0 0.005
# wt_ind
 1 1 1 1 1 1 1 1 1 1 1 1
 1 1 1 1 1 1 1 1 1 1 1 1
 1 1 1 1 1 1 1 1 1 1 1 1
 1 1 1 1 1 1 1 1 1 1 1 1
 1 1 1 1 1 1 1 1 1 1 1 1
 1 1 1 1 1 1 1 1 1 1 1 1
 1 1 1 1 1 1 1 1 1 1 1 1
 1 1 1 1 1 1 1 1 1 1 1 1
 1 1 1 1 1 1 1 1 1 1 1 1
 1 1 1 1 1 1 1 1 1 1 1 1
 1 1 1 1 1 1 1 1 1 1 1 1
 1 1 1 1 1 1 1 1 1 1 1 1
 1 1 1 1 1 1 1 1 1 1 1 1
 1 1 1 1 1 1 1 1 1 1 1 1
 1 1 1 1 1 1 1 1 1 1 1 1
 1 1 1 1 1 1 1 1 1 1 1 1
 1 1 1 1 1 1 1 1 1 1 1 1
 1 1 1 1 1 1 1 1 1 1 1 1
 1 1 1 1 1 1 1 1 1 1 1 1
 1 1 1 1 1 1 1 1 1 1 1 1
 1 1 1 1 1 1 1 1 1 1 1 1
 1 1 1 1 1 1 1 1 1 1 1 1
 1 1 1 1 1 1 1 1 1 1 1 1
 1 1 1 1 1 1 1 1 1 1 1 1
 1 1 1 1 1 1 1 1 1 1 1 1
 1 1 1 1 1 1 1 1 1 1 1 1
 1 1 1 1 1 1 1 1 1 1 1 1
 1 1 1 1 1 1 1 1 1 1 1 1
 1 1 1 1 1 1 1 1 1 1 1 1
 1 1 1 1 1 1 1 1 1 1 1 1
# wt_pop
 0.000530656 0.00119633 0.00205827 0.00303499 0.00405521 0.0050647 0.00602623 0.00691692 0.00772489 0.00844611 0.00908185 0.0096367
# maturity
 0.0229774 0.320821 0.904651 0.99478 0.999739 0.999987 0.999999 1 1 1 1 1
# spawnmo
1
# age_err
 1 0 0 0 0 0 0 0 0 0 0 0
 0 1 0 0 0 0 0 0 0 0 0 0
 0 0 1 0 0 0 0 0 0 0 0 0
 0 0 0 1 0 0 0 0 0 0 0 0
 0 0 0 0 1 0 0 0 0 0 0 0
 0 0 0 0 0 1 0 0 0 0 0 0
 0 0 0 0 0 0 1 0 0 0 0 0
 0 0 0 0 0 0 0 1 0 0 0 0
 0 0 0 0 0 0 0 0 1 0 0 0
 0 0 0 0 0 0 0 0 0 1 0 0
 0 0 0 0 0 0 0 0 0 0 1 0
 0 0 0 0 0 0 0 0 0 0 0 1
# cntrlfile_name
C:\Users\bai.li\DOCUME~1\Github\AGE_ST~1\ASSAMC\example\output\AMAK\s85\amak.dat
# Map shared selectivity: 
# sel_map
 1 2
 1 1
# datafile_name
amak_data.dat
# model_name
AMAK_MCP
# SrType
2
# use_age_err
0
# retro
0
# sigmarprior
0.2
# cvsigmarprior
0.25
# phase_sigmar
-3
# styr_rec_est
1
# endyr_rec_est
30
# Linfprior
80
# cvLinfprior
0.25
# kprior
0.18
# cvkprior
0.25
# Loprior
27.688
# cvLoprior
0.25
# sdageprior
0.1
# cvsdageprior
0.25
# natmortprior
0.2
# cvnatmortprior
0.25
# phase_M
-4
# npars_Mage
0
# ages_M_changes

# Mage_in

# Mage_offset_in

# phase_Mage
-5
# phase_rw_M
0
# npars_rw_M
0
# yrs_rw_M

# sigma_rw_M

# qprior
 3.48998e-007
# cvqprior
 1
# phase_q
 1
# q_power_prior
 1
# cvq_power_prior
 0.2
# phase_q_power
 -4
# phase_rw_q
 -1
# npars_rw_q
 0
# yrs_rw_q

# sigma_rw_q

# q_age_min
 1
# q_age_max
 12
# q_age_min
 1
# q_age_max
 12
# fsh_sel_opt(k)
2
# phase_sel_fsh(k)
2
# n_sel_ch_fsh(k)
1
# sel_slp_in_fsh(k)(1,n_sel_ch_fsh(k))
 1
# sel_inf_in_fsh(k)(1,n_sel_ch_fsh(k))
 2
# logsel_slp_in_fsh(k)(1,n_sel_ch_fsh(k))
 0
# yrs_sel_ch_fsh(k)(1,n_sel_ch_fsh(k))
 1

Survey SURVEY1
# ind_sel_opt(k)
2
# indname(k)
SURVEY1
# nselages_in_ind(k)
11
# phase_sel_ind(k)
2
# sel_change_in_ind(k)
 1 0 0 0 0 0 0 0 0 0 0 0 0 0 0 0 0 0 0 0 0 0 0 0 0 0 0 0 0 0
# n_sel_ch_ind(k)
1
# yrs_sel_ch_ind(k)(1,n_sel_ch_ind(k))
 1
# sel_slp_in_ind(k,1)
2
# sel_inf_in_ind(k,1)
1.5
# logsel_slp_in_ind(k,1)
0.693147
# logsel_slp_in_indv(k)
0.693147
SURVEY1 ind sel opt 2  1 0 0 0 0 0 0 0 0 0 0 0 0 0 0 0 0 0 0 0 0 0 0 0 0 0 0 0 0 0
Phase indices Sel_Coffs:  -1
 Test: 1.23457e+008
# Fshry Selages:  11
# Srvy  Selages:  11
# Phase for age-spec fishery  -1
# Phase for logistic fishery  2
# Phase for dble logistic fishery  -1
# Phase for age-spec indices   -1
# Phase for logistic indices   2
# Phase for dble logistic ind  -1
# Curv_pen_fsh: 
 0
# Curv_pen_ind: 
 0
# styr_fut
31
# endyr_fut
35
# nyrs_fsh_age
 30
# nyrs_fsh_age
 30
# yrs_fsh_age
 1 2 3 4 5 6 7 8 9 10 11 12 13 14 15 16 17 18 19 20 21 22 23 24 25 26 27 28 29 30
# n_sample_fsh_age
 200 200 200 200 200 200 200 200 200 200 200 200 200 200 200 200 200 200 200 200 200 200 200 200 200 200 200 200 200 200
# oac_fsh
 0.085 0.1 0.14 0.125 0.115 0.085 0.07 0.055 0.07 0.015 0.01 0.13
 0.09 0.105 0.12 0.13 0.085 0.085 0.075 0.06 0.045 0.04 0.04 0.125
 0.07 0.07 0.11 0.15 0.11 0.09 0.09 0.05 0.05 0.05 0.025 0.135
 0.035 0.08 0.12 0.11 0.095 0.125 0.08 0.06 0.045 0.04 0.035 0.175
 0.055 0.065 0.075 0.19 0.125 0.12 0.06 0.075 0.07 0.04 0.025 0.1
 0.05 0.1 0.14 0.09 0.1 0.105 0.085 0.08 0.075 0.035 0.025 0.115
 0.12 0.095 0.08 0.085 0.095 0.125 0.085 0.085 0.05 0.03 0.01 0.14
 0.095 0.18 0.07 0.14 0.1 0.07 0.07 0.06 0.035 0.035 0.025 0.12
 0.11 0.155 0.2 0.065 0.08 0.07 0.045 0.06 0.05 0.05 0.01 0.105
 0.125 0.135 0.105 0.155 0.085 0.055 0.07 0.04 0.035 0.03 0.05 0.115
 0.105 0.185 0.2 0.1 0.105 0.04 0.045 0.035 0.035 0.035 0.015 0.1
 0.08 0.125 0.225 0.155 0.095 0.115 0.035 0.035 0.035 0.015 0.025 0.06
 0.1 0.105 0.11 0.2 0.15 0.075 0.095 0.04 0.02 0.015 0.015 0.075
 0.105 0.125 0.12 0.19 0.115 0.1 0.045 0.065 0.015 0.015 0.025 0.08
 0.055 0.185 0.16 0.135 0.11 0.095 0.075 0.05 0.05 0.01 0.01 0.065
 0.15 0.18 0.16 0.12 0.08 0.06 0.055 0.065 0.01 0.055 0 0.065
 0.145 0.17 0.175 0.105 0.085 0.075 0.05 0.045 0.05 0.025 0.01 0.065
 0.125 0.21 0.17 0.145 0.1 0.065 0.03 0.045 0.01 0.03 0.015 0.055
 0.08 0.19 0.195 0.195 0.115 0.065 0.055 0.01 0.01 0.03 0.01 0.045
 0.15 0.135 0.175 0.14 0.135 0.06 0.06 0.035 0.025 0.005 0.025 0.055
 0.175 0.195 0.12 0.18 0.09 0.085 0.04 0.015 0.04 0 0.03 0.03
 0.07 0.32 0.185 0.12 0.09 0.035 0.04 0.06 0.015 0.02 0.005 0.04
 0.1 0.195 0.27 0.14 0.07 0.085 0.06 0.02 0.02 0.005 0.02 0.015
 0.15 0.17 0.14 0.18 0.12 0.06 0.07 0.045 0.005 0.03 0.01 0.02
 0.135 0.165 0.225 0.135 0.12 0.05 0.04 0.035 0.035 0.01 0.02 0.03
 0.14 0.165 0.155 0.245 0.12 0.095 0.025 0.025 0.015 0.005 0.005 0.005
 0.12 0.23 0.17 0.13 0.12 0.07 0.07 0.01 0.015 0.03 0.02 0.015
 0.14 0.24 0.22 0.125 0.105 0.06 0.035 0.04 0.005 0.015 0.01 0.005
 0.195 0.15 0.25 0.195 0.075 0.035 0.055 0.025 0.01 0 0.005 0.005
 0.19 0.27 0.22 0.135 0.065 0.035 0.035 0.015 0.015 0.015 0 0.005
# olc_fsh

# wt_fsh
 0.000530656 0.00119633 0.00205827 0.00303499 0.00405521 0.0050647 0.00602623 0.00691692 0.00772489 0.00844611 0.00908185 0.0096367
 0.000530656 0.00119633 0.00205827 0.00303499 0.00405521 0.0050647 0.00602623 0.00691692 0.00772489 0.00844611 0.00908185 0.0096367
 0.000530656 0.00119633 0.00205827 0.00303499 0.00405521 0.0050647 0.00602623 0.00691692 0.00772489 0.00844611 0.00908185 0.0096367
 0.000530656 0.00119633 0.00205827 0.00303499 0.00405521 0.0050647 0.00602623 0.00691692 0.00772489 0.00844611 0.00908185 0.0096367
 0.000530656 0.00119633 0.00205827 0.00303499 0.00405521 0.0050647 0.00602623 0.00691692 0.00772489 0.00844611 0.00908185 0.0096367
 0.000530656 0.00119633 0.00205827 0.00303499 0.00405521 0.0050647 0.00602623 0.00691692 0.00772489 0.00844611 0.00908185 0.0096367
 0.000530656 0.00119633 0.00205827 0.00303499 0.00405521 0.0050647 0.00602623 0.00691692 0.00772489 0.00844611 0.00908185 0.0096367
 0.000530656 0.00119633 0.00205827 0.00303499 0.00405521 0.0050647 0.00602623 0.00691692 0.00772489 0.00844611 0.00908185 0.0096367
 0.000530656 0.00119633 0.00205827 0.00303499 0.00405521 0.0050647 0.00602623 0.00691692 0.00772489 0.00844611 0.00908185 0.0096367
 0.000530656 0.00119633 0.00205827 0.00303499 0.00405521 0.0050647 0.00602623 0.00691692 0.00772489 0.00844611 0.00908185 0.0096367
 0.000530656 0.00119633 0.00205827 0.00303499 0.00405521 0.0050647 0.00602623 0.00691692 0.00772489 0.00844611 0.00908185 0.0096367
 0.000530656 0.00119633 0.00205827 0.00303499 0.00405521 0.0050647 0.00602623 0.00691692 0.00772489 0.00844611 0.00908185 0.0096367
 0.000530656 0.00119633 0.00205827 0.00303499 0.00405521 0.0050647 0.00602623 0.00691692 0.00772489 0.00844611 0.00908185 0.0096367
 0.000530656 0.00119633 0.00205827 0.00303499 0.00405521 0.0050647 0.00602623 0.00691692 0.00772489 0.00844611 0.00908185 0.0096367
 0.000530656 0.00119633 0.00205827 0.00303499 0.00405521 0.0050647 0.00602623 0.00691692 0.00772489 0.00844611 0.00908185 0.0096367
 0.000530656 0.00119633 0.00205827 0.00303499 0.00405521 0.0050647 0.00602623 0.00691692 0.00772489 0.00844611 0.00908185 0.0096367
 0.000530656 0.00119633 0.00205827 0.00303499 0.00405521 0.0050647 0.00602623 0.00691692 0.00772489 0.00844611 0.00908185 0.0096367
 0.000530656 0.00119633 0.00205827 0.00303499 0.00405521 0.0050647 0.00602623 0.00691692 0.00772489 0.00844611 0.00908185 0.0096367
 0.000530656 0.00119633 0.00205827 0.00303499 0.00405521 0.0050647 0.00602623 0.00691692 0.00772489 0.00844611 0.00908185 0.0096367
 0.000530656 0.00119633 0.00205827 0.00303499 0.00405521 0.0050647 0.00602623 0.00691692 0.00772489 0.00844611 0.00908185 0.0096367
 0.000530656 0.00119633 0.00205827 0.00303499 0.00405521 0.0050647 0.00602623 0.00691692 0.00772489 0.00844611 0.00908185 0.0096367
 0.000530656 0.00119633 0.00205827 0.00303499 0.00405521 0.0050647 0.00602623 0.00691692 0.00772489 0.00844611 0.00908185 0.0096367
 0.000530656 0.00119633 0.00205827 0.00303499 0.00405521 0.0050647 0.00602623 0.00691692 0.00772489 0.00844611 0.00908185 0.0096367
 0.000530656 0.00119633 0.00205827 0.00303499 0.00405521 0.0050647 0.00602623 0.00691692 0.00772489 0.00844611 0.00908185 0.0096367
 0.000530656 0.00119633 0.00205827 0.00303499 0.00405521 0.0050647 0.00602623 0.00691692 0.00772489 0.00844611 0.00908185 0.0096367
 0.000530656 0.00119633 0.00205827 0.00303499 0.00405521 0.0050647 0.00602623 0.00691692 0.00772489 0.00844611 0.00908185 0.0096367
 0.000530656 0.00119633 0.00205827 0.00303499 0.00405521 0.0050647 0.00602623 0.00691692 0.00772489 0.00844611 0.00908185 0.0096367
 0.000530656 0.00119633 0.00205827 0.00303499 0.00405521 0.0050647 0.00602623 0.00691692 0.00772489 0.00844611 0.00908185 0.0096367
 0.000530656 0.00119633 0.00205827 0.00303499 0.00405521 0.0050647 0.00602623 0.00691692 0.00772489 0.00844611 0.00908185 0.0096367
 0.000530656 0.00119633 0.00205827 0.00303499 0.00405521 0.0050647 0.00602623 0.00691692 0.00772489 0.00844611 0.00908185 0.0096367
# nyrs_ind_age
 30
# yrs_ind_age
 1 2 3 4 5 6 7 8 9 10 11 12 13 14 15 16 17 18 19 20 21 22 23 24 25 26 27 28 29 30
# n_sample_ind_age
 200 200 200 200 200 200 200 200 200 200 200 200 200 200 200 200 200 200 200 200 200 200 200 200 200 200 200 200 200 200
# oac_ind
 0.06 0.115 0.165 0.15 0.115 0.06 0.065 0.035 0.035 0.05 0.05 0.1
 0.075 0.12 0.15 0.15 0.11 0.075 0.07 0.015 0.03 0.05 0.025 0.13
 0.03 0.13 0.16 0.135 0.105 0.08 0.08 0.045 0.05 0.045 0.03 0.11
 0.045 0.07 0.23 0.115 0.09 0.075 0.075 0.055 0.03 0.04 0.015 0.16
 0.05 0.135 0.11 0.14 0.11 0.055 0.07 0.06 0.04 0.04 0.045 0.145
 0.04 0.15 0.155 0.095 0.085 0.09 0.07 0.045 0.025 0.04 0.045 0.16
 0.125 0.085 0.17 0.12 0.06 0.06 0.09 0.07 0.03 0.025 0.03 0.135
 0.075 0.185 0.105 0.115 0.08 0.085 0.07 0.075 0.025 0.035 0.035 0.115
 0.085 0.155 0.235 0.11 0.1 0.065 0.025 0.06 0.025 0.025 0.02 0.095
 0.09 0.18 0.145 0.17 0.05 0.07 0.055 0.04 0.05 0.025 0.03 0.095
 0.08 0.18 0.19 0.14 0.13 0.04 0.07 0.03 0.02 0.025 0.01 0.085
 0.035 0.13 0.25 0.22 0.095 0.085 0.02 0.045 0.02 0.01 0.01 0.08
 0.095 0.095 0.185 0.21 0.13 0.065 0.065 0.015 0.025 0.03 0.005 0.08
 0.095 0.165 0.155 0.135 0.13 0.14 0.04 0.03 0.025 0.015 0.02 0.05
 0.085 0.19 0.205 0.055 0.12 0.095 0.055 0.055 0.025 0.015 0.03 0.07
 0.12 0.17 0.155 0.205 0.085 0.075 0.07 0.03 0.025 0.035 0.005 0.025
 0.11 0.215 0.22 0.13 0.125 0.045 0.025 0.035 0.015 0.025 0.02 0.035
 0.11 0.22 0.215 0.135 0.095 0.06 0.035 0.04 0.02 0.025 0.005 0.04
 0.09 0.2 0.225 0.14 0.075 0.08 0.05 0.025 0.005 0.01 0.025 0.075
 0.105 0.125 0.265 0.19 0.115 0.075 0.03 0.025 0.02 0.015 0.005 0.03
 0.11 0.165 0.14 0.225 0.095 0.12 0.055 0.025 0.015 0.015 0.01 0.025
 0.125 0.32 0.14 0.095 0.145 0.04 0.065 0.02 0.03 0.005 0 0.015
 0.105 0.25 0.285 0.125 0.06 0.065 0.05 0.01 0.025 0.005 0.005 0.015
 0.09 0.18 0.255 0.205 0.095 0.055 0.035 0.02 0.01 0.015 0.025 0.015
 0.1 0.205 0.27 0.145 0.15 0.03 0.03 0.025 0 0.015 0.005 0.025
 0.09 0.22 0.18 0.185 0.12 0.09 0.025 0.005 0.035 0.035 0.005 0.01
 0.145 0.225 0.19 0.14 0.115 0.085 0.04 0.025 0.005 0.01 0.01 0.01
 0.115 0.29 0.23 0.165 0.07 0.055 0.02 0.025 0.015 0.005 0.01 0
 0.15 0.165 0.33 0.15 0.055 0.045 0.055 0.02 0.015 0.01 0 0.005
 0.17 0.33 0.2 0.135 0.085 0.02 0.015 0.02 0.01 0.01 0 0.005
# olc_ind

# obs_lse_ind
 0.198042 0.198042 0.198042 0.198042 0.198042 0.198042 0.198042 0.198042 0.198042 0.198042 0.198042 0.198042 0.198042 0.198042 0.198042 0.198042 0.198042 0.198042 0.198042 0.198042 0.198042 0.198042 0.198042 0.198042 0.198042 0.198042 0.198042 0.198042 0.198042 0.198042
# xages_fsh
 0 0 0 0 0 0 0 0 0 0 0 0
# xages_fsh
 0 0.0909091 0.181818 0.272727 0.363636 0.454545 0.545455 0.636364 0.727273 0.818182 0.909091 1
# xnodes_fsh

Yrs fsh_sel change:  1 0 0 0 0 0 0 0 0 0 0 0 0 0 0 0 0 0 0 0 0 0 0 0 0 0 0 0 0
Yrs ind_sel change:  1 0 0 0 0 0 0 0 0 0 0 0 0 0 0 0 0 0 0 0 0 0 0 0 0 0 0 0 0
# steepnessprior
0.75
# sigmarprior
0.2
#  SSB estimated in styr endyr: -13 28 
#  Rec estimated in styr endyr: -11 30 
#  SR Curve fit  in styr endyr: 1 30 
#             Model styr endyr: 1 30 
# qprior
 3.48998e-007
# q_power_prior 
 1 
# cv_catchbiomass 
0.05 
# CatchbiomassPen 
200 
# Number of projection years 
5 
# offset_fsh
 13457.5
# offset_ind
 13081.6
Mean Catch
1226.13
R_guess 
15.3718
# nfsh
1
# n_sel_ch_fsh
 1
# nselages_fsh
 11
# phase_selcoff_fsh
 -1
logRzero 15.3718
logmeanrec 15.3718
exp(log_sigmarprior 0.2
Fish sel phase: -1 FLEET1
Fixing fishery sel to
1
Srvy sel phase: -1
Fixing SURVEY1 indices sel to
1
# logsel_slp_in_indv
 0.693147
Leaving parameter init secton
# M
 0.2 0.2 0.2 0.2 0.2 0.2 0.2 0.2 0.2 0.2 0.2 0.2
 0.2 0.2 0.2 0.2 0.2 0.2 0.2 0.2 0.2 0.2 0.2 0.2
 0.2 0.2 0.2 0.2 0.2 0.2 0.2 0.2 0.2 0.2 0.2 0.2
 0.2 0.2 0.2 0.2 0.2 0.2 0.2 0.2 0.2 0.2 0.2 0.2
 0.2 0.2 0.2 0.2 0.2 0.2 0.2 0.2 0.2 0.2 0.2 0.2
 0.2 0.2 0.2 0.2 0.2 0.2 0.2 0.2 0.2 0.2 0.2 0.2
 0.2 0.2 0.2 0.2 0.2 0.2 0.2 0.2 0.2 0.2 0.2 0.2
 0.2 0.2 0.2 0.2 0.2 0.2 0.2 0.2 0.2 0.2 0.2 0.2
 0.2 0.2 0.2 0.2 0.2 0.2 0.2 0.2 0.2 0.2 0.2 0.2
 0.2 0.2 0.2 0.2 0.2 0.2 0.2 0.2 0.2 0.2 0.2 0.2
 0.2 0.2 0.2 0.2 0.2 0.2 0.2 0.2 0.2 0.2 0.2 0.2
 0.2 0.2 0.2 0.2 0.2 0.2 0.2 0.2 0.2 0.2 0.2 0.2
 0.2 0.2 0.2 0.2 0.2 0.2 0.2 0.2 0.2 0.2 0.2 0.2
 0.2 0.2 0.2 0.2 0.2 0.2 0.2 0.2 0.2 0.2 0.2 0.2
 0.2 0.2 0.2 0.2 0.2 0.2 0.2 0.2 0.2 0.2 0.2 0.2
 0.2 0.2 0.2 0.2 0.2 0.2 0.2 0.2 0.2 0.2 0.2 0.2
 0.2 0.2 0.2 0.2 0.2 0.2 0.2 0.2 0.2 0.2 0.2 0.2
 0.2 0.2 0.2 0.2 0.2 0.2 0.2 0.2 0.2 0.2 0.2 0.2
 0.2 0.2 0.2 0.2 0.2 0.2 0.2 0.2 0.2 0.2 0.2 0.2
 0.2 0.2 0.2 0.2 0.2 0.2 0.2 0.2 0.2 0.2 0.2 0.2
 0.2 0.2 0.2 0.2 0.2 0.2 0.2 0.2 0.2 0.2 0.2 0.2
 0.2 0.2 0.2 0.2 0.2 0.2 0.2 0.2 0.2 0.2 0.2 0.2
 0.2 0.2 0.2 0.2 0.2 0.2 0.2 0.2 0.2 0.2 0.2 0.2
 0.2 0.2 0.2 0.2 0.2 0.2 0.2 0.2 0.2 0.2 0.2 0.2
 0.2 0.2 0.2 0.2 0.2 0.2 0.2 0.2 0.2 0.2 0.2 0.2
 0.2 0.2 0.2 0.2 0.2 0.2 0.2 0.2 0.2 0.2 0.2 0.2
 0.2 0.2 0.2 0.2 0.2 0.2 0.2 0.2 0.2 0.2 0.2 0.2
 0.2 0.2 0.2 0.2 0.2 0.2 0.2 0.2 0.2 0.2 0.2 0.2
 0.2 0.2 0.2 0.2 0.2 0.2 0.2 0.2 0.2 0.2 0.2 0.2
 0.2 0.2 0.2 0.2 0.2 0.2 0.2 0.2 0.2 0.2 0.2 0.2
# mean_log_rec
13.7798
# log_Rzero
13.7313
# rec_dev
 -0.0537279 -0.064921 -0.022965 -0.0294457 0.0701963 -0.0873687 -0.0395785 -0.0557887 0.0447679 0.0493708 0.0739513 0.0675039 0.0499446 0.10244 -0.317824 -0.151695 -0.127421 -0.453423 0.265402 -0.0749923 0.186426 0.18644 -0.0987381 -0.380121 -0.0412509 -0.0791192 -0.0325096 0.0761242 0.0246023 0.0449049 -0.444397 -0.266074 0.137249 -0.224851 -0.201377 -0.49824 -0.539794 -0.391347 -0.282566 -0.553501 -0.223652 -0.28143
# fmort
 0.00929911 0.0266637 0.0446255 0.0593262 0.0472818 0.0846781 0.0868612 0.182948 0.107804 0.131609 0.149737 0.160702 0.116127 0.167651 0.181685 0.162366 0.321716 0.266968 0.26184 0.260842 0.358209 0.258 0.432861 0.362704 0.36076 0.339844 0.343346 0.489627 0.394407 0.652369
# rec_dev_future
 0 0 0 0 0
