AMAK;Mar 2020
# styr
1
# endyr
30
# rec_age
1
# oldest_age
12
# nlength
81
# len_bins
 10 11 12 13 14 15 16 17 18 19 20 21 22 23 24 25 26 27 28 29 30 31 32 33 34 35 36 37 38 39 40 41 42 43 44 45 46 47 48 49 50 51 52 53 54 55 56 57 58 59 60 61 62 63 64 65 66 67 68 69 70 71 72 73 74 75 76 77 78 79 80 81 82 83 84 85 86 87 88 89 90
# datafile_name
amak_data.dat
# model_name
AMAK_MCP
# styr
1
# endyr
30
# rec_age
1
# oldest_age
12
# nfsh
1
# fshname
FLEET1
# catch_bio_in
 160.631 457.545 744.671 959.659 735.451 1226.01 1150.85 2183.19 1154.62 1314.55 1398.93 1385.03 973.914 1362.77 1396.28 1185.73 2114.59 1521.51 1373.38 1235.13 1507.68 1005.78 1589.77 1243.45 1179.38 1047.79 1007.32 1312.84 960.742 1395.84
# catch_bio_sd_in
 0.01 0.01 0.01 0.01 0.01 0.01 0.01 0.01 0.01 0.01 0.01 0.01 0.01 0.01 0.01 0.01 0.01 0.01 0.01 0.01 0.01 0.01 0.01 0.01 0.01 0.01 0.01 0.01 0.01 0.01
# nyrs_fsh_age
 30
# nyrs_fsh_length
 0
# yrs_fsh_age_in
 1 2 3 4 5 6 7 8 9 10 11 12 13 14 15 16 17 18 19 20 21 22 23 24 25 26 27 28 29 30
# yrs_fsh_length_in

# n_sample_fsh_length_in

# olc_fsh_in

# nind
1
# indname
SURVEY1
# nyrs_ind
 30
# yrs_ind_in
 1 2 3 4 5 6 7 8 9 10 11 12 13 14 15 16 17 18 19 20 21 22 23 24 25 26 27 28 29 30
# mo_ind
 1
# obs_ind_in
 1.84471 2.01283 1.64385 1.47774 1.23266 1.5482 1.29641 1.35995 1.10504 1.08053 1.42737 1.29591 1.03197 1.04285 1.01272 0.889086 0.924046 0.715861 0.895513 0.6973 0.703677 0.675215 0.762573 0.83315 0.69509 0.597845 0.654166 0.649069 0.56145 0.651756
# obs_se_ind_in
 0.368942 0.402566 0.328771 0.295547 0.246531 0.309641 0.259282 0.271991 0.221009 0.216106 0.285474 0.259181 0.206395 0.20857 0.202543 0.177817 0.184809 0.143172 0.179103 0.13946 0.140735 0.135043 0.152515 0.16663 0.139018 0.119569 0.130833 0.129814 0.11229 0.130351
# nyrs_ind_age
 30
# nyrs_ind_length
 0
# yrs_ind_age_in
 1 2 3 4 5 6 7 8 9 10 11 12 13 14 15 16 17 18 19 20 21 22 23 24 25 26 27 28 29 30
# yrs_ind_length_in

# yrs_ind_age_in
 1 2 3 4 5 6 7 8 9 10 11 12 13 14 15 16 17 18 19 20 21 22 23 24 25 26 27 28 29 30
# n_sample_ind_length_in

# olc_ind_in

# oac_ind_in
 0.06 0.155 0.145 0.14 0.08 0.075 0.08 0.045 0.06 0.03 0.025 0.105
 0.07 0.115 0.12 0.15 0.05 0.105 0.08 0.075 0.05 0.015 0.05 0.12
 0.04 0.13 0.12 0.12 0.115 0.1 0.045 0.02 0.07 0.06 0.04 0.14
 0.06 0.16 0.16 0.095 0.12 0.075 0.065 0.045 0.035 0.04 0.01 0.135
 0.04 0.145 0.175 0.065 0.105 0.09 0.08 0.085 0.04 0.025 0.065 0.085
 0.085 0.085 0.105 0.105 0.105 0.105 0.06 0.07 0.045 0.04 0.03 0.165
 0.07 0.19 0.135 0.105 0.11 0.07 0.055 0.05 0.045 0.035 0.015 0.12
 0.07 0.17 0.15 0.1 0.065 0.07 0.05 0.075 0.055 0.04 0.04 0.115
 0.05 0.175 0.24 0.13 0.08 0.05 0.055 0.02 0.065 0.025 0.035 0.075
 0.08 0.15 0.145 0.165 0.09 0.045 0.06 0.045 0.035 0.03 0.03 0.125
 0.055 0.245 0.15 0.13 0.09 0.08 0.05 0.04 0.025 0.025 0.01 0.1
 0.08 0.115 0.25 0.125 0.095 0.07 0.065 0.04 0.015 0.04 0.03 0.075
 0.09 0.22 0.14 0.17 0.09 0.085 0.055 0.04 0.01 0.015 0.025 0.06
 0.07 0.165 0.23 0.15 0.105 0.07 0.055 0.025 0.035 0.01 0.015 0.07
 0.085 0.23 0.165 0.205 0.075 0.075 0.03 0.02 0.025 0.03 0.015 0.045
 0.09 0.225 0.18 0.13 0.11 0.08 0.055 0.04 0.03 0.015 0.02 0.025
 0.075 0.275 0.135 0.185 0.1 0.055 0.025 0.05 0.02 0.035 0.02 0.025
 0.08 0.225 0.15 0.135 0.125 0.07 0.07 0.015 0.035 0.015 0.025 0.055
 0.05 0.255 0.21 0.155 0.08 0.045 0.06 0.055 0.015 0.025 0.015 0.035
 0.05 0.13 0.29 0.14 0.11 0.06 0.09 0.035 0.03 0.03 0.005 0.03
 0.155 0.15 0.11 0.21 0.075 0.1 0.05 0.055 0.03 0.015 0.01 0.04
 0.195 0.275 0.185 0.06 0.12 0.06 0.03 0.02 0.02 0.01 0.005 0.02
 0.08 0.325 0.25 0.065 0.065 0.075 0.03 0.04 0.02 0.025 0 0.025
 0.115 0.21 0.325 0.17 0.055 0.03 0.045 0.03 0.005 0 0.005 0.01
 0.11 0.21 0.18 0.245 0.14 0.025 0.025 0.015 0.015 0.01 0.005 0.02
 0.125 0.26 0.215 0.115 0.12 0.08 0.02 0.01 0.025 0.005 0 0.025
 0.06 0.23 0.29 0.16 0.105 0.065 0.05 0.005 0.005 0.02 0 0.01
 0.135 0.24 0.245 0.17 0.07 0.03 0.06 0.035 0.005 0.005 0 0.005
 0.2 0.235 0.195 0.17 0.1 0.055 0.02 0.01 0.01 0 0 0.005
 0.055 0.43 0.215 0.1 0.08 0.03 0.03 0.01 0.03 0.015 0 0.005
# wt_ind
 1 1 1 1 1 1 1 1 1 1 1 1
 1 1 1 1 1 1 1 1 1 1 1 1
 1 1 1 1 1 1 1 1 1 1 1 1
 1 1 1 1 1 1 1 1 1 1 1 1
 1 1 1 1 1 1 1 1 1 1 1 1
 1 1 1 1 1 1 1 1 1 1 1 1
 1 1 1 1 1 1 1 1 1 1 1 1
 1 1 1 1 1 1 1 1 1 1 1 1
 1 1 1 1 1 1 1 1 1 1 1 1
 1 1 1 1 1 1 1 1 1 1 1 1
 1 1 1 1 1 1 1 1 1 1 1 1
 1 1 1 1 1 1 1 1 1 1 1 1
 1 1 1 1 1 1 1 1 1 1 1 1
 1 1 1 1 1 1 1 1 1 1 1 1
 1 1 1 1 1 1 1 1 1 1 1 1
 1 1 1 1 1 1 1 1 1 1 1 1
 1 1 1 1 1 1 1 1 1 1 1 1
 1 1 1 1 1 1 1 1 1 1 1 1
 1 1 1 1 1 1 1 1 1 1 1 1
 1 1 1 1 1 1 1 1 1 1 1 1
 1 1 1 1 1 1 1 1 1 1 1 1
 1 1 1 1 1 1 1 1 1 1 1 1
 1 1 1 1 1 1 1 1 1 1 1 1
 1 1 1 1 1 1 1 1 1 1 1 1
 1 1 1 1 1 1 1 1 1 1 1 1
 1 1 1 1 1 1 1 1 1 1 1 1
 1 1 1 1 1 1 1 1 1 1 1 1
 1 1 1 1 1 1 1 1 1 1 1 1
 1 1 1 1 1 1 1 1 1 1 1 1
 1 1 1 1 1 1 1 1 1 1 1 1
# wt_pop
 0.000530656 0.00119633 0.00205827 0.00303499 0.00405521 0.0050647 0.00602623 0.00691692 0.00772489 0.00844611 0.00908185 0.0096367
# maturity
 0.0229774 0.320821 0.904651 0.99478 0.999739 0.999987 0.999999 1 1 1 1 1
# spawnmo
1
# age_err
 1 0 0 0 0 0 0 0 0 0 0 0
 0 1 0 0 0 0 0 0 0 0 0 0
 0 0 1 0 0 0 0 0 0 0 0 0
 0 0 0 1 0 0 0 0 0 0 0 0
 0 0 0 0 1 0 0 0 0 0 0 0
 0 0 0 0 0 1 0 0 0 0 0 0
 0 0 0 0 0 0 1 0 0 0 0 0
 0 0 0 0 0 0 0 1 0 0 0 0
 0 0 0 0 0 0 0 0 1 0 0 0
 0 0 0 0 0 0 0 0 0 1 0 0
 0 0 0 0 0 0 0 0 0 0 1 0
 0 0 0 0 0 0 0 0 0 0 0 1
# cntrlfile_name
C:\Users\bai.li\DOCUME~1\Github\AGE_ST~1\ASSAMC\example\output\AMAK\s91\amak.dat
# Map shared selectivity: 
# sel_map
 1 2
 1 1
# datafile_name
amak_data.dat
# model_name
AMAK_MCP
# SrType
2
# use_age_err
0
# retro
0
# sigmarprior
0.2
# cvsigmarprior
0.25
# phase_sigmar
-3
# styr_rec_est
1
# endyr_rec_est
30
# Linfprior
80
# cvLinfprior
0.25
# kprior
0.18
# cvkprior
0.25
# Loprior
27.688
# cvLoprior
0.25
# sdageprior
0.1
# cvsdageprior
0.25
# natmortprior
0.2
# cvnatmortprior
0.25
# phase_M
-4
# npars_Mage
0
# ages_M_changes

# Mage_in

# Mage_offset_in

# phase_Mage
-5
# phase_rw_M
0
# npars_rw_M
0
# yrs_rw_M

# sigma_rw_M

# qprior
 3.48998e-007
# cvqprior
 1
# phase_q
 1
# q_power_prior
 1
# cvq_power_prior
 0.2
# phase_q_power
 -4
# phase_rw_q
 -1
# npars_rw_q
 0
# yrs_rw_q

# sigma_rw_q

# q_age_min
 1
# q_age_max
 12
# q_age_min
 1
# q_age_max
 12
# fsh_sel_opt(k)
2
# phase_sel_fsh(k)
2
# n_sel_ch_fsh(k)
1
# sel_slp_in_fsh(k)(1,n_sel_ch_fsh(k))
 1
# sel_inf_in_fsh(k)(1,n_sel_ch_fsh(k))
 2
# logsel_slp_in_fsh(k)(1,n_sel_ch_fsh(k))
 0
# yrs_sel_ch_fsh(k)(1,n_sel_ch_fsh(k))
 1

Survey SURVEY1
# ind_sel_opt(k)
2
# indname(k)
SURVEY1
# nselages_in_ind(k)
11
# phase_sel_ind(k)
2
# sel_change_in_ind(k)
 1 0 0 0 0 0 0 0 0 0 0 0 0 0 0 0 0 0 0 0 0 0 0 0 0 0 0 0 0 0
# n_sel_ch_ind(k)
1
# yrs_sel_ch_ind(k)(1,n_sel_ch_ind(k))
 1
# sel_slp_in_ind(k,1)
2
# sel_inf_in_ind(k,1)
1.5
# logsel_slp_in_ind(k,1)
0.693147
# logsel_slp_in_indv(k)
0.693147
SURVEY1 ind sel opt 2  1 0 0 0 0 0 0 0 0 0 0 0 0 0 0 0 0 0 0 0 0 0 0 0 0 0 0 0 0 0
Phase indices Sel_Coffs:  -1
 Test: 1.23457e+008
# Fshry Selages:  11
# Srvy  Selages:  11
# Phase for age-spec fishery  -1
# Phase for logistic fishery  2
# Phase for dble logistic fishery  -1
# Phase for age-spec indices   -1
# Phase for logistic indices   2
# Phase for dble logistic ind  -1
# Curv_pen_fsh: 
 0
# Curv_pen_ind: 
 0
# styr_fut
31
# endyr_fut
35
# nyrs_fsh_age
 30
# nyrs_fsh_age
 30
# yrs_fsh_age
 1 2 3 4 5 6 7 8 9 10 11 12 13 14 15 16 17 18 19 20 21 22 23 24 25 26 27 28 29 30
# n_sample_fsh_age
 200 200 200 200 200 200 200 200 200 200 200 200 200 200 200 200 200 200 200 200 200 200 200 200 200 200 200 200 200 200
# oac_fsh
 0.075 0.095 0.125 0.125 0.11 0.065 0.055 0.045 0.085 0.065 0.055 0.1
 0.09 0.09 0.11 0.135 0.11 0.095 0.065 0.06 0.055 0.06 0.025 0.105
 0.025 0.14 0.14 0.125 0.11 0.11 0.095 0.045 0.035 0.02 0.04 0.115
 0.06 0.06 0.16 0.12 0.055 0.055 0.065 0.085 0.07 0.04 0.03 0.2
 0.085 0.055 0.125 0.135 0.095 0.065 0.07 0.075 0.075 0.02 0.025 0.175
 0.06 0.135 0.08 0.1 0.12 0.1 0.09 0.035 0.07 0.04 0.05 0.12
 0.105 0.11 0.115 0.075 0.085 0.09 0.08 0.06 0.06 0.045 0.03 0.145
 0.085 0.13 0.145 0.1 0.11 0.07 0.075 0.05 0.025 0.035 0.03 0.145
 0.1 0.13 0.175 0.17 0.08 0.06 0.045 0.065 0.03 0.02 0.015 0.11
 0.115 0.135 0.13 0.135 0.13 0.035 0.07 0.055 0.035 0.005 0.035 0.12
 0.075 0.195 0.135 0.14 0.105 0.095 0.055 0.035 0.02 0.04 0.02 0.085
 0.08 0.135 0.235 0.125 0.08 0.09 0.055 0.04 0.01 0.025 0.015 0.11
 0.135 0.135 0.13 0.195 0.085 0.095 0.03 0.04 0.025 0.015 0.03 0.085
 0.1 0.155 0.21 0.13 0.135 0.07 0.045 0.03 0.02 0.015 0.015 0.075
 0.085 0.15 0.155 0.16 0.09 0.11 0.065 0.03 0.05 0.035 0.005 0.065
 0.13 0.125 0.165 0.17 0.13 0.05 0.08 0.025 0.025 0.035 0.01 0.055
 0.11 0.185 0.12 0.17 0.08 0.13 0.05 0.055 0.025 0.015 0.03 0.03
 0.15 0.145 0.15 0.11 0.125 0.075 0.09 0.035 0.025 0.025 0.015 0.055
 0.07 0.195 0.155 0.14 0.095 0.075 0.06 0.08 0.025 0.015 0.025 0.065
 0.07 0.125 0.25 0.125 0.15 0.095 0.075 0.035 0.02 0.01 0.02 0.025
 0.18 0.125 0.105 0.2 0.135 0.09 0.025 0.035 0.045 0.025 0.015 0.02
 0.185 0.24 0.15 0.095 0.15 0.06 0.035 0.02 0.01 0.025 0.01 0.02
 0.145 0.31 0.205 0.08 0.055 0.105 0.03 0.01 0.02 0.015 0.01 0.015
 0.175 0.215 0.23 0.18 0.045 0.035 0.035 0.025 0.015 0.02 0 0.025
 0.14 0.15 0.145 0.28 0.15 0.04 0.01 0.03 0.01 0.03 0 0.015
 0.15 0.24 0.135 0.15 0.15 0.09 0.03 0 0.005 0.015 0.01 0.025
 0.145 0.19 0.245 0.155 0.12 0.065 0.025 0.025 0.015 0 0.005 0.01
 0.15 0.18 0.195 0.15 0.13 0.07 0.055 0.025 0.005 0.005 0.005 0.03
 0.31 0.19 0.175 0.11 0.11 0.045 0.025 0.015 0.015 0.005 0 0
 0.125 0.27 0.235 0.16 0.095 0.05 0.025 0.015 0.005 0.005 0 0.015
# olc_fsh

# wt_fsh
 0.000530656 0.00119633 0.00205827 0.00303499 0.00405521 0.0050647 0.00602623 0.00691692 0.00772489 0.00844611 0.00908185 0.0096367
 0.000530656 0.00119633 0.00205827 0.00303499 0.00405521 0.0050647 0.00602623 0.00691692 0.00772489 0.00844611 0.00908185 0.0096367
 0.000530656 0.00119633 0.00205827 0.00303499 0.00405521 0.0050647 0.00602623 0.00691692 0.00772489 0.00844611 0.00908185 0.0096367
 0.000530656 0.00119633 0.00205827 0.00303499 0.00405521 0.0050647 0.00602623 0.00691692 0.00772489 0.00844611 0.00908185 0.0096367
 0.000530656 0.00119633 0.00205827 0.00303499 0.00405521 0.0050647 0.00602623 0.00691692 0.00772489 0.00844611 0.00908185 0.0096367
 0.000530656 0.00119633 0.00205827 0.00303499 0.00405521 0.0050647 0.00602623 0.00691692 0.00772489 0.00844611 0.00908185 0.0096367
 0.000530656 0.00119633 0.00205827 0.00303499 0.00405521 0.0050647 0.00602623 0.00691692 0.00772489 0.00844611 0.00908185 0.0096367
 0.000530656 0.00119633 0.00205827 0.00303499 0.00405521 0.0050647 0.00602623 0.00691692 0.00772489 0.00844611 0.00908185 0.0096367
 0.000530656 0.00119633 0.00205827 0.00303499 0.00405521 0.0050647 0.00602623 0.00691692 0.00772489 0.00844611 0.00908185 0.0096367
 0.000530656 0.00119633 0.00205827 0.00303499 0.00405521 0.0050647 0.00602623 0.00691692 0.00772489 0.00844611 0.00908185 0.0096367
 0.000530656 0.00119633 0.00205827 0.00303499 0.00405521 0.0050647 0.00602623 0.00691692 0.00772489 0.00844611 0.00908185 0.0096367
 0.000530656 0.00119633 0.00205827 0.00303499 0.00405521 0.0050647 0.00602623 0.00691692 0.00772489 0.00844611 0.00908185 0.0096367
 0.000530656 0.00119633 0.00205827 0.00303499 0.00405521 0.0050647 0.00602623 0.00691692 0.00772489 0.00844611 0.00908185 0.0096367
 0.000530656 0.00119633 0.00205827 0.00303499 0.00405521 0.0050647 0.00602623 0.00691692 0.00772489 0.00844611 0.00908185 0.0096367
 0.000530656 0.00119633 0.00205827 0.00303499 0.00405521 0.0050647 0.00602623 0.00691692 0.00772489 0.00844611 0.00908185 0.0096367
 0.000530656 0.00119633 0.00205827 0.00303499 0.00405521 0.0050647 0.00602623 0.00691692 0.00772489 0.00844611 0.00908185 0.0096367
 0.000530656 0.00119633 0.00205827 0.00303499 0.00405521 0.0050647 0.00602623 0.00691692 0.00772489 0.00844611 0.00908185 0.0096367
 0.000530656 0.00119633 0.00205827 0.00303499 0.00405521 0.0050647 0.00602623 0.00691692 0.00772489 0.00844611 0.00908185 0.0096367
 0.000530656 0.00119633 0.00205827 0.00303499 0.00405521 0.0050647 0.00602623 0.00691692 0.00772489 0.00844611 0.00908185 0.0096367
 0.000530656 0.00119633 0.00205827 0.00303499 0.00405521 0.0050647 0.00602623 0.00691692 0.00772489 0.00844611 0.00908185 0.0096367
 0.000530656 0.00119633 0.00205827 0.00303499 0.00405521 0.0050647 0.00602623 0.00691692 0.00772489 0.00844611 0.00908185 0.0096367
 0.000530656 0.00119633 0.00205827 0.00303499 0.00405521 0.0050647 0.00602623 0.00691692 0.00772489 0.00844611 0.00908185 0.0096367
 0.000530656 0.00119633 0.00205827 0.00303499 0.00405521 0.0050647 0.00602623 0.00691692 0.00772489 0.00844611 0.00908185 0.0096367
 0.000530656 0.00119633 0.00205827 0.00303499 0.00405521 0.0050647 0.00602623 0.00691692 0.00772489 0.00844611 0.00908185 0.0096367
 0.000530656 0.00119633 0.00205827 0.00303499 0.00405521 0.0050647 0.00602623 0.00691692 0.00772489 0.00844611 0.00908185 0.0096367
 0.000530656 0.00119633 0.00205827 0.00303499 0.00405521 0.0050647 0.00602623 0.00691692 0.00772489 0.00844611 0.00908185 0.0096367
 0.000530656 0.00119633 0.00205827 0.00303499 0.00405521 0.0050647 0.00602623 0.00691692 0.00772489 0.00844611 0.00908185 0.0096367
 0.000530656 0.00119633 0.00205827 0.00303499 0.00405521 0.0050647 0.00602623 0.00691692 0.00772489 0.00844611 0.00908185 0.0096367
 0.000530656 0.00119633 0.00205827 0.00303499 0.00405521 0.0050647 0.00602623 0.00691692 0.00772489 0.00844611 0.00908185 0.0096367
 0.000530656 0.00119633 0.00205827 0.00303499 0.00405521 0.0050647 0.00602623 0.00691692 0.00772489 0.00844611 0.00908185 0.0096367
# nyrs_ind_age
 30
# yrs_ind_age
 1 2 3 4 5 6 7 8 9 10 11 12 13 14 15 16 17 18 19 20 21 22 23 24 25 26 27 28 29 30
# n_sample_ind_age
 200 200 200 200 200 200 200 200 200 200 200 200 200 200 200 200 200 200 200 200 200 200 200 200 200 200 200 200 200 200
# oac_ind
 0.06 0.155 0.145 0.14 0.08 0.075 0.08 0.045 0.06 0.03 0.025 0.105
 0.07 0.115 0.12 0.15 0.05 0.105 0.08 0.075 0.05 0.015 0.05 0.12
 0.04 0.13 0.12 0.12 0.115 0.1 0.045 0.02 0.07 0.06 0.04 0.14
 0.06 0.16 0.16 0.095 0.12 0.075 0.065 0.045 0.035 0.04 0.01 0.135
 0.04 0.145 0.175 0.065 0.105 0.09 0.08 0.085 0.04 0.025 0.065 0.085
 0.085 0.085 0.105 0.105 0.105 0.105 0.06 0.07 0.045 0.04 0.03 0.165
 0.07 0.19 0.135 0.105 0.11 0.07 0.055 0.05 0.045 0.035 0.015 0.12
 0.07 0.17 0.15 0.1 0.065 0.07 0.05 0.075 0.055 0.04 0.04 0.115
 0.05 0.175 0.24 0.13 0.08 0.05 0.055 0.02 0.065 0.025 0.035 0.075
 0.08 0.15 0.145 0.165 0.09 0.045 0.06 0.045 0.035 0.03 0.03 0.125
 0.055 0.245 0.15 0.13 0.09 0.08 0.05 0.04 0.025 0.025 0.01 0.1
 0.08 0.115 0.25 0.125 0.095 0.07 0.065 0.04 0.015 0.04 0.03 0.075
 0.09 0.22 0.14 0.17 0.09 0.085 0.055 0.04 0.01 0.015 0.025 0.06
 0.07 0.165 0.23 0.15 0.105 0.07 0.055 0.025 0.035 0.01 0.015 0.07
 0.085 0.23 0.165 0.205 0.075 0.075 0.03 0.02 0.025 0.03 0.015 0.045
 0.09 0.225 0.18 0.13 0.11 0.08 0.055 0.04 0.03 0.015 0.02 0.025
 0.075 0.275 0.135 0.185 0.1 0.055 0.025 0.05 0.02 0.035 0.02 0.025
 0.08 0.225 0.15 0.135 0.125 0.07 0.07 0.015 0.035 0.015 0.025 0.055
 0.05 0.255 0.21 0.155 0.08 0.045 0.06 0.055 0.015 0.025 0.015 0.035
 0.05 0.13 0.29 0.14 0.11 0.06 0.09 0.035 0.03 0.03 0.005 0.03
 0.155 0.15 0.11 0.21 0.075 0.1 0.05 0.055 0.03 0.015 0.01 0.04
 0.195 0.275 0.185 0.06 0.12 0.06 0.03 0.02 0.02 0.01 0.005 0.02
 0.08 0.325 0.25 0.065 0.065 0.075 0.03 0.04 0.02 0.025 0 0.025
 0.115 0.21 0.325 0.17 0.055 0.03 0.045 0.03 0.005 0 0.005 0.01
 0.11 0.21 0.18 0.245 0.14 0.025 0.025 0.015 0.015 0.01 0.005 0.02
 0.125 0.26 0.215 0.115 0.12 0.08 0.02 0.01 0.025 0.005 0 0.025
 0.06 0.23 0.29 0.16 0.105 0.065 0.05 0.005 0.005 0.02 0 0.01
 0.135 0.24 0.245 0.17 0.07 0.03 0.06 0.035 0.005 0.005 0 0.005
 0.2 0.235 0.195 0.17 0.1 0.055 0.02 0.01 0.01 0 0 0.005
 0.055 0.43 0.215 0.1 0.08 0.03 0.03 0.01 0.03 0.015 0 0.005
# olc_ind

# obs_lse_ind
 0.198042 0.198042 0.198042 0.198042 0.198042 0.198042 0.198042 0.198042 0.198042 0.198042 0.198042 0.198042 0.198042 0.198042 0.198042 0.198042 0.198042 0.198042 0.198042 0.198042 0.198042 0.198042 0.198042 0.198042 0.198042 0.198042 0.198042 0.198042 0.198042 0.198042
# xages_fsh
 0 0 0 0 0 0 0 0 0 0 0 0
# xages_fsh
 0 0.0909091 0.181818 0.272727 0.363636 0.454545 0.545455 0.636364 0.727273 0.818182 0.909091 1
# xnodes_fsh

Yrs fsh_sel change:  1 0 0 0 0 0 0 0 0 0 0 0 0 0 0 0 0 0 0 0 0 0 0 0 0 0 0 0 0
Yrs ind_sel change:  1 0 0 0 0 0 0 0 0 0 0 0 0 0 0 0 0 0 0 0 0 0 0 0 0 0 0 0 0
# steepnessprior
0.75
# sigmarprior
0.2
#  SSB estimated in styr endyr: -13 28 
#  Rec estimated in styr endyr: -11 30 
#  SR Curve fit  in styr endyr: 1 30 
#             Model styr endyr: 1 30 
# qprior
 3.48998e-007
# q_power_prior 
 1 
# cv_catchbiomass 
0.05 
# CatchbiomassPen 
200 
# Number of projection years 
5 
# offset_fsh
 13366.3
# offset_ind
 13061.6
Mean Catch
1209.5
R_guess 
15.3581
# nfsh
1
# n_sel_ch_fsh
 1
# nselages_fsh
 11
# phase_selcoff_fsh
 -1
logRzero 15.3581
logmeanrec 15.3581
exp(log_sigmarprior 0.2
Fish sel phase: -1 FLEET1
Fixing fishery sel to
1
Srvy sel phase: -1
Fixing SURVEY1 indices sel to
1
# logsel_slp_in_indv
 0.693147
Leaving parameter init secton
# M
 0.2 0.2 0.2 0.2 0.2 0.2 0.2 0.2 0.2 0.2 0.2 0.2
 0.2 0.2 0.2 0.2 0.2 0.2 0.2 0.2 0.2 0.2 0.2 0.2
 0.2 0.2 0.2 0.2 0.2 0.2 0.2 0.2 0.2 0.2 0.2 0.2
 0.2 0.2 0.2 0.2 0.2 0.2 0.2 0.2 0.2 0.2 0.2 0.2
 0.2 0.2 0.2 0.2 0.2 0.2 0.2 0.2 0.2 0.2 0.2 0.2
 0.2 0.2 0.2 0.2 0.2 0.2 0.2 0.2 0.2 0.2 0.2 0.2
 0.2 0.2 0.2 0.2 0.2 0.2 0.2 0.2 0.2 0.2 0.2 0.2
 0.2 0.2 0.2 0.2 0.2 0.2 0.2 0.2 0.2 0.2 0.2 0.2
 0.2 0.2 0.2 0.2 0.2 0.2 0.2 0.2 0.2 0.2 0.2 0.2
 0.2 0.2 0.2 0.2 0.2 0.2 0.2 0.2 0.2 0.2 0.2 0.2
 0.2 0.2 0.2 0.2 0.2 0.2 0.2 0.2 0.2 0.2 0.2 0.2
 0.2 0.2 0.2 0.2 0.2 0.2 0.2 0.2 0.2 0.2 0.2 0.2
 0.2 0.2 0.2 0.2 0.2 0.2 0.2 0.2 0.2 0.2 0.2 0.2
 0.2 0.2 0.2 0.2 0.2 0.2 0.2 0.2 0.2 0.2 0.2 0.2
 0.2 0.2 0.2 0.2 0.2 0.2 0.2 0.2 0.2 0.2 0.2 0.2
 0.2 0.2 0.2 0.2 0.2 0.2 0.2 0.2 0.2 0.2 0.2 0.2
 0.2 0.2 0.2 0.2 0.2 0.2 0.2 0.2 0.2 0.2 0.2 0.2
 0.2 0.2 0.2 0.2 0.2 0.2 0.2 0.2 0.2 0.2 0.2 0.2
 0.2 0.2 0.2 0.2 0.2 0.2 0.2 0.2 0.2 0.2 0.2 0.2
 0.2 0.2 0.2 0.2 0.2 0.2 0.2 0.2 0.2 0.2 0.2 0.2
 0.2 0.2 0.2 0.2 0.2 0.2 0.2 0.2 0.2 0.2 0.2 0.2
 0.2 0.2 0.2 0.2 0.2 0.2 0.2 0.2 0.2 0.2 0.2 0.2
 0.2 0.2 0.2 0.2 0.2 0.2 0.2 0.2 0.2 0.2 0.2 0.2
 0.2 0.2 0.2 0.2 0.2 0.2 0.2 0.2 0.2 0.2 0.2 0.2
 0.2 0.2 0.2 0.2 0.2 0.2 0.2 0.2 0.2 0.2 0.2 0.2
 0.2 0.2 0.2 0.2 0.2 0.2 0.2 0.2 0.2 0.2 0.2 0.2
 0.2 0.2 0.2 0.2 0.2 0.2 0.2 0.2 0.2 0.2 0.2 0.2
 0.2 0.2 0.2 0.2 0.2 0.2 0.2 0.2 0.2 0.2 0.2 0.2
 0.2 0.2 0.2 0.2 0.2 0.2 0.2 0.2 0.2 0.2 0.2 0.2
 0.2 0.2 0.2 0.2 0.2 0.2 0.2 0.2 0.2 0.2 0.2 0.2
# mean_log_rec
13.8123
# log_Rzero
13.7087
# rec_dev
 -0.102264 -0.122425 0.0397086 0.102367 0.1792 -0.0897356 0.0788591 -0.112331 0.0329883 0.0678513 0.0297782 -0.0526968 -0.0471557 -0.0131521 -0.159787 -0.32129 -0.298015 -0.00984676 0.0187718 -0.112985 -0.189649 0.158693 -0.27226 0.0824552 -0.0883698 -0.0134889 -0.256075 -0.0792771 -0.231194 -0.00495302 -0.755968 -0.652565 0.0101608 0.154429 -0.32672 -0.347162 -0.225316 -0.347512 -0.466005 -0.346221 0.0697886 -0.668696
# fmort
 0.0088702 0.0256055 0.0430183 0.0582646 0.0471964 0.0841562 0.085554 0.181232 0.106687 0.12961 0.147881 0.156273 0.114051 0.164178 0.177027 0.157067 0.308819 0.253701 0.251624 0.247874 0.34308 0.250638 0.422921 0.360369 0.361889 0.337644 0.336646 0.481001 0.382057 0.608186
# rec_dev_future
 0 0 0 0 0
