AMAK;Mar 2020
# styr
1
# endyr
30
# rec_age
1
# oldest_age
12
# nlength
81
# len_bins
 10 11 12 13 14 15 16 17 18 19 20 21 22 23 24 25 26 27 28 29 30 31 32 33 34 35 36 37 38 39 40 41 42 43 44 45 46 47 48 49 50 51 52 53 54 55 56 57 58 59 60 61 62 63 64 65 66 67 68 69 70 71 72 73 74 75 76 77 78 79 80 81 82 83 84 85 86 87 88 89 90
# datafile_name
amak_data.dat
# model_name
AMAK_MCP
# styr
1
# endyr
30
# rec_age
1
# oldest_age
12
# nfsh
1
# fshname
FLEET1
# catch_bio_in
 160.739 461.882 749.213 990.541 766.236 1350.03 1304.54 2538.07 1355.85 1564.18 1685.21 1676.72 1154.63 1595.9 1586.62 1329.98 2309.62 1669.18 1554.06 1459.49 1867.18 1227.93 1823.43 1326.1 1242.07 1075.89 1025.62 1303.22 938.257 1341.39
# catch_bio_sd_in
 0.01 0.01 0.01 0.01 0.01 0.01 0.01 0.01 0.01 0.01 0.01 0.01 0.01 0.01 0.01 0.01 0.01 0.01 0.01 0.01 0.01 0.01 0.01 0.01 0.01 0.01 0.01 0.01 0.01 0.01
# nyrs_fsh_age
 30
# nyrs_fsh_length
 0
# yrs_fsh_age_in
 1 2 3 4 5 6 7 8 9 10 11 12 13 14 15 16 17 18 19 20 21 22 23 24 25 26 27 28 29 30
# yrs_fsh_length_in

# n_sample_fsh_length_in

# olc_fsh_in

# nind
1
# indname
SURVEY1
# nyrs_ind
 30
# yrs_ind_in
 1 2 3 4 5 6 7 8 9 10 11 12 13 14 15 16 17 18 19 20 21 22 23 24 25 26 27 28 29 30
# mo_ind
 1
# obs_ind_in
 1.57762 1.61462 1.357 1.45855 1.4056 1.3661 1.25515 1.39686 1.38099 1.31142 1.25359 1.14221 0.940183 0.940643 0.875142 0.919634 0.866205 0.913354 0.873133 0.791386 0.837192 0.719701 0.711799 0.576903 0.675808 0.604344 0.585244 0.488351 0.541814 0.454804
# obs_se_ind_in
 0.315524 0.322925 0.2714 0.29171 0.28112 0.27322 0.251029 0.279371 0.276198 0.262283 0.250719 0.228442 0.188037 0.188129 0.175028 0.183927 0.173241 0.182671 0.174627 0.158277 0.167438 0.14394 0.14236 0.115381 0.135162 0.120869 0.117049 0.0976703 0.108363 0.0909608
# nyrs_ind_age
 30
# nyrs_ind_length
 0
# yrs_ind_age_in
 1 2 3 4 5 6 7 8 9 10 11 12 13 14 15 16 17 18 19 20 21 22 23 24 25 26 27 28 29 30
# yrs_ind_length_in

# yrs_ind_age_in
 1 2 3 4 5 6 7 8 9 10 11 12 13 14 15 16 17 18 19 20 21 22 23 24 25 26 27 28 29 30
# n_sample_ind_length_in

# olc_ind_in

# oac_ind_in
 0.055 0.15 0.15 0.19 0.1 0.06 0.08 0.035 0.04 0.035 0.02 0.085
 0.09 0.125 0.145 0.145 0.09 0.065 0.06 0.07 0.045 0.025 0.025 0.115
 0.06 0.165 0.145 0.1 0.085 0.12 0.055 0.055 0.07 0.02 0.025 0.1
 0.085 0.12 0.185 0.15 0.125 0.055 0.055 0.045 0.035 0.05 0.01 0.085
 0.085 0.205 0.115 0.175 0.07 0.055 0.07 0.04 0.025 0.035 0.015 0.11
 0.07 0.135 0.19 0.145 0.12 0.055 0.03 0.055 0.02 0.005 0.055 0.12
 0.065 0.125 0.17 0.185 0.075 0.07 0.065 0.085 0.04 0.02 0.015 0.085
 0.08 0.185 0.165 0.095 0.135 0.065 0.055 0.05 0.035 0.03 0.015 0.09
 0.055 0.155 0.175 0.145 0.08 0.1 0.065 0.065 0.04 0.025 0.005 0.09
 0.075 0.165 0.16 0.185 0.105 0.085 0.075 0.02 0.025 0.03 0.03 0.045
 0.09 0.18 0.145 0.165 0.105 0.075 0.045 0.055 0.025 0.01 0.005 0.1
 0.065 0.205 0.24 0.1 0.11 0.04 0.04 0.04 0.04 0.03 0.02 0.07
 0.075 0.2 0.2 0.185 0.12 0.05 0.05 0.02 0.025 0.015 0.01 0.05
 0.09 0.205 0.105 0.16 0.14 0.07 0.07 0.025 0.035 0.01 0.015 0.075
 0.095 0.155 0.195 0.125 0.145 0.055 0.065 0.045 0.02 0.02 0.01 0.07
 0.075 0.23 0.165 0.15 0.1 0.07 0.065 0.04 0.04 0.025 0.005 0.035
 0.085 0.215 0.165 0.125 0.105 0.065 0.07 0.04 0.025 0.02 0.03 0.055
 0.08 0.225 0.2 0.155 0.095 0.08 0.04 0.045 0.03 0.02 0.01 0.02
 0.125 0.2 0.22 0.1 0.135 0.06 0.04 0.035 0.025 0.025 0.005 0.03
 0.04 0.3 0.26 0.1 0.065 0.055 0.025 0.05 0.025 0.02 0.015 0.045
 0.085 0.115 0.305 0.195 0.1 0.055 0.055 0.015 0.02 0.01 0.02 0.025
 0.1 0.23 0.125 0.265 0.095 0.045 0.06 0.02 0.015 0.01 0.005 0.03
 0.13 0.275 0.175 0.09 0.155 0.065 0.03 0.02 0.025 0.01 0.005 0.02
 0.165 0.21 0.25 0.115 0.055 0.065 0.04 0.01 0.05 0.015 0.005 0.02
 0.085 0.195 0.28 0.19 0.1 0.03 0.045 0.055 0.01 0 0 0.01
 0.07 0.245 0.22 0.17 0.16 0.025 0.015 0.025 0.025 0.015 0.01 0.02
 0.125 0.21 0.255 0.18 0.115 0.055 0.015 0 0.01 0.005 0.01 0.02
 0.15 0.275 0.21 0.1 0.11 0.05 0.055 0.01 0.01 0.01 0.01 0.01
 0.175 0.2 0.215 0.1 0.11 0.06 0.035 0.065 0.015 0.005 0.015 0.005
 0.155 0.325 0.165 0.14 0.07 0.07 0.03 0.025 0 0.005 0 0.015
# wt_ind
 1 1 1 1 1 1 1 1 1 1 1 1
 1 1 1 1 1 1 1 1 1 1 1 1
 1 1 1 1 1 1 1 1 1 1 1 1
 1 1 1 1 1 1 1 1 1 1 1 1
 1 1 1 1 1 1 1 1 1 1 1 1
 1 1 1 1 1 1 1 1 1 1 1 1
 1 1 1 1 1 1 1 1 1 1 1 1
 1 1 1 1 1 1 1 1 1 1 1 1
 1 1 1 1 1 1 1 1 1 1 1 1
 1 1 1 1 1 1 1 1 1 1 1 1
 1 1 1 1 1 1 1 1 1 1 1 1
 1 1 1 1 1 1 1 1 1 1 1 1
 1 1 1 1 1 1 1 1 1 1 1 1
 1 1 1 1 1 1 1 1 1 1 1 1
 1 1 1 1 1 1 1 1 1 1 1 1
 1 1 1 1 1 1 1 1 1 1 1 1
 1 1 1 1 1 1 1 1 1 1 1 1
 1 1 1 1 1 1 1 1 1 1 1 1
 1 1 1 1 1 1 1 1 1 1 1 1
 1 1 1 1 1 1 1 1 1 1 1 1
 1 1 1 1 1 1 1 1 1 1 1 1
 1 1 1 1 1 1 1 1 1 1 1 1
 1 1 1 1 1 1 1 1 1 1 1 1
 1 1 1 1 1 1 1 1 1 1 1 1
 1 1 1 1 1 1 1 1 1 1 1 1
 1 1 1 1 1 1 1 1 1 1 1 1
 1 1 1 1 1 1 1 1 1 1 1 1
 1 1 1 1 1 1 1 1 1 1 1 1
 1 1 1 1 1 1 1 1 1 1 1 1
 1 1 1 1 1 1 1 1 1 1 1 1
# wt_pop
 0.000530656 0.00119633 0.00205827 0.00303499 0.00405521 0.0050647 0.00602623 0.00691692 0.00772489 0.00844611 0.00908185 0.0096367
# maturity
 0.0229774 0.320821 0.904651 0.99478 0.999739 0.999987 0.999999 1 1 1 1 1
# spawnmo
1
# age_err
 1 0 0 0 0 0 0 0 0 0 0 0
 0 1 0 0 0 0 0 0 0 0 0 0
 0 0 1 0 0 0 0 0 0 0 0 0
 0 0 0 1 0 0 0 0 0 0 0 0
 0 0 0 0 1 0 0 0 0 0 0 0
 0 0 0 0 0 1 0 0 0 0 0 0
 0 0 0 0 0 0 1 0 0 0 0 0
 0 0 0 0 0 0 0 1 0 0 0 0
 0 0 0 0 0 0 0 0 1 0 0 0
 0 0 0 0 0 0 0 0 0 1 0 0
 0 0 0 0 0 0 0 0 0 0 1 0
 0 0 0 0 0 0 0 0 0 0 0 1
# cntrlfile_name
C:\Users\bai.li\DOCUME~1\Github\AGE_ST~1\ASSAMC\example\output\AMAK\s46\amak.dat
# Map shared selectivity: 
# sel_map
 1 2
 1 1
# datafile_name
amak_data.dat
# model_name
AMAK_MCP
# SrType
2
# use_age_err
0
# retro
0
# sigmarprior
0.2
# cvsigmarprior
0.25
# phase_sigmar
-3
# styr_rec_est
1
# endyr_rec_est
30
# Linfprior
80
# cvLinfprior
0.25
# kprior
0.18
# cvkprior
0.25
# Loprior
27.688
# cvLoprior
0.25
# sdageprior
0.1
# cvsdageprior
0.25
# natmortprior
0.2
# cvnatmortprior
0.25
# phase_M
-4
# npars_Mage
0
# ages_M_changes

# Mage_in

# Mage_offset_in

# phase_Mage
-5
# phase_rw_M
0
# npars_rw_M
0
# yrs_rw_M

# sigma_rw_M

# qprior
 3.48998e-007
# cvqprior
 1
# phase_q
 1
# q_power_prior
 1
# cvq_power_prior
 0.2
# phase_q_power
 -4
# phase_rw_q
 -1
# npars_rw_q
 0
# yrs_rw_q

# sigma_rw_q

# q_age_min
 1
# q_age_max
 12
# q_age_min
 1
# q_age_max
 12
# fsh_sel_opt(k)
2
# phase_sel_fsh(k)
2
# n_sel_ch_fsh(k)
1
# sel_slp_in_fsh(k)(1,n_sel_ch_fsh(k))
 1
# sel_inf_in_fsh(k)(1,n_sel_ch_fsh(k))
 2
# logsel_slp_in_fsh(k)(1,n_sel_ch_fsh(k))
 0
# yrs_sel_ch_fsh(k)(1,n_sel_ch_fsh(k))
 1

Survey SURVEY1
# ind_sel_opt(k)
2
# indname(k)
SURVEY1
# nselages_in_ind(k)
11
# phase_sel_ind(k)
2
# sel_change_in_ind(k)
 1 0 0 0 0 0 0 0 0 0 0 0 0 0 0 0 0 0 0 0 0 0 0 0 0 0 0 0 0 0
# n_sel_ch_ind(k)
1
# yrs_sel_ch_ind(k)(1,n_sel_ch_ind(k))
 1
# sel_slp_in_ind(k,1)
2
# sel_inf_in_ind(k,1)
1.5
# logsel_slp_in_ind(k,1)
0.693147
# logsel_slp_in_indv(k)
0.693147
SURVEY1 ind sel opt 2  1 0 0 0 0 0 0 0 0 0 0 0 0 0 0 0 0 0 0 0 0 0 0 0 0 0 0 0 0 0
Phase indices Sel_Coffs:  -1
 Test: 1.23457e+008
# Fshry Selages:  11
# Srvy  Selages:  11
# Phase for age-spec fishery  -1
# Phase for logistic fishery  2
# Phase for dble logistic fishery  -1
# Phase for age-spec indices   -1
# Phase for logistic indices   2
# Phase for dble logistic ind  -1
# Curv_pen_fsh: 
 0
# Curv_pen_ind: 
 0
# styr_fut
31
# endyr_fut
35
# nyrs_fsh_age
 30
# nyrs_fsh_age
 30
# yrs_fsh_age
 1 2 3 4 5 6 7 8 9 10 11 12 13 14 15 16 17 18 19 20 21 22 23 24 25 26 27 28 29 30
# n_sample_fsh_age
 200 200 200 200 200 200 200 200 200 200 200 200 200 200 200 200 200 200 200 200 200 200 200 200 200 200 200 200 200 200
# oac_fsh
 0.05 0.08 0.135 0.125 0.13 0.07 0.085 0.05 0.055 0.065 0.025 0.13
 0.105 0.085 0.12 0.135 0.11 0.085 0.07 0.02 0.06 0.055 0.015 0.14
 0.075 0.15 0.125 0.11 0.12 0.12 0.03 0.035 0.025 0.04 0.045 0.125
 0.095 0.105 0.12 0.12 0.09 0.11 0.07 0.045 0.03 0.05 0.015 0.15
 0.075 0.105 0.155 0.115 0.09 0.09 0.085 0.05 0.025 0.015 0.045 0.15
 0.075 0.115 0.195 0.08 0.09 0.075 0.095 0.065 0.055 0.045 0.02 0.09
 0.09 0.095 0.16 0.16 0.085 0.1 0.065 0.035 0.045 0.03 0.025 0.11
 0.105 0.15 0.125 0.085 0.14 0.1 0.075 0.04 0.02 0 0.02 0.14
 0.08 0.165 0.13 0.12 0.115 0.08 0.06 0.05 0.04 0.035 0.015 0.11
 0.09 0.15 0.15 0.175 0.075 0.085 0.11 0.045 0.025 0.02 0.02 0.055
 0.085 0.11 0.145 0.175 0.115 0.075 0.06 0.07 0.05 0.025 0 0.09
 0.07 0.135 0.19 0.125 0.12 0.105 0.045 0.025 0.05 0.025 0.02 0.09
 0.09 0.115 0.17 0.135 0.11 0.085 0.045 0.075 0.025 0.045 0.015 0.09
 0.06 0.13 0.14 0.16 0.145 0.09 0.055 0.035 0.04 0.03 0.025 0.09
 0.12 0.125 0.125 0.14 0.15 0.09 0.065 0.055 0.015 0.035 0 0.08
 0.08 0.17 0.165 0.175 0.1 0.095 0.055 0.045 0.02 0.03 0.01 0.055
 0.08 0.145 0.215 0.135 0.09 0.095 0.1 0.015 0.02 0.035 0.005 0.065
 0.12 0.165 0.175 0.165 0.095 0.085 0.05 0.055 0.035 0.015 0.01 0.03
 0.16 0.185 0.185 0.145 0.12 0.055 0.025 0.04 0.015 0.04 0.01 0.02
 0.07 0.235 0.215 0.155 0.085 0.075 0.02 0.025 0.02 0.03 0.005 0.065
 0.14 0.135 0.285 0.145 0.1 0.035 0.025 0.01 0.025 0.025 0.025 0.05
 0.105 0.195 0.145 0.195 0.1 0.085 0.055 0.045 0.025 0.015 0.005 0.03
 0.155 0.225 0.18 0.095 0.135 0.065 0.05 0.025 0.035 0.005 0 0.03
 0.17 0.175 0.24 0.16 0.05 0.09 0.05 0.01 0.01 0.015 0.005 0.025
 0.105 0.18 0.28 0.17 0.11 0.025 0.055 0.04 0.025 0 0.005 0.005
 0.16 0.12 0.215 0.22 0.11 0.065 0.01 0.035 0.035 0.005 0.01 0.015
 0.12 0.235 0.175 0.14 0.12 0.105 0.04 0.01 0.035 0.005 0.005 0.01
 0.13 0.175 0.18 0.13 0.125 0.12 0.045 0.03 0.005 0.03 0.01 0.02
 0.22 0.205 0.23 0.065 0.125 0.05 0.03 0.045 0.005 0.005 0 0.02
 0.2 0.33 0.165 0.12 0.055 0.025 0.06 0.015 0.01 0 0 0.02
# olc_fsh

# wt_fsh
 0.000530656 0.00119633 0.00205827 0.00303499 0.00405521 0.0050647 0.00602623 0.00691692 0.00772489 0.00844611 0.00908185 0.0096367
 0.000530656 0.00119633 0.00205827 0.00303499 0.00405521 0.0050647 0.00602623 0.00691692 0.00772489 0.00844611 0.00908185 0.0096367
 0.000530656 0.00119633 0.00205827 0.00303499 0.00405521 0.0050647 0.00602623 0.00691692 0.00772489 0.00844611 0.00908185 0.0096367
 0.000530656 0.00119633 0.00205827 0.00303499 0.00405521 0.0050647 0.00602623 0.00691692 0.00772489 0.00844611 0.00908185 0.0096367
 0.000530656 0.00119633 0.00205827 0.00303499 0.00405521 0.0050647 0.00602623 0.00691692 0.00772489 0.00844611 0.00908185 0.0096367
 0.000530656 0.00119633 0.00205827 0.00303499 0.00405521 0.0050647 0.00602623 0.00691692 0.00772489 0.00844611 0.00908185 0.0096367
 0.000530656 0.00119633 0.00205827 0.00303499 0.00405521 0.0050647 0.00602623 0.00691692 0.00772489 0.00844611 0.00908185 0.0096367
 0.000530656 0.00119633 0.00205827 0.00303499 0.00405521 0.0050647 0.00602623 0.00691692 0.00772489 0.00844611 0.00908185 0.0096367
 0.000530656 0.00119633 0.00205827 0.00303499 0.00405521 0.0050647 0.00602623 0.00691692 0.00772489 0.00844611 0.00908185 0.0096367
 0.000530656 0.00119633 0.00205827 0.00303499 0.00405521 0.0050647 0.00602623 0.00691692 0.00772489 0.00844611 0.00908185 0.0096367
 0.000530656 0.00119633 0.00205827 0.00303499 0.00405521 0.0050647 0.00602623 0.00691692 0.00772489 0.00844611 0.00908185 0.0096367
 0.000530656 0.00119633 0.00205827 0.00303499 0.00405521 0.0050647 0.00602623 0.00691692 0.00772489 0.00844611 0.00908185 0.0096367
 0.000530656 0.00119633 0.00205827 0.00303499 0.00405521 0.0050647 0.00602623 0.00691692 0.00772489 0.00844611 0.00908185 0.0096367
 0.000530656 0.00119633 0.00205827 0.00303499 0.00405521 0.0050647 0.00602623 0.00691692 0.00772489 0.00844611 0.00908185 0.0096367
 0.000530656 0.00119633 0.00205827 0.00303499 0.00405521 0.0050647 0.00602623 0.00691692 0.00772489 0.00844611 0.00908185 0.0096367
 0.000530656 0.00119633 0.00205827 0.00303499 0.00405521 0.0050647 0.00602623 0.00691692 0.00772489 0.00844611 0.00908185 0.0096367
 0.000530656 0.00119633 0.00205827 0.00303499 0.00405521 0.0050647 0.00602623 0.00691692 0.00772489 0.00844611 0.00908185 0.0096367
 0.000530656 0.00119633 0.00205827 0.00303499 0.00405521 0.0050647 0.00602623 0.00691692 0.00772489 0.00844611 0.00908185 0.0096367
 0.000530656 0.00119633 0.00205827 0.00303499 0.00405521 0.0050647 0.00602623 0.00691692 0.00772489 0.00844611 0.00908185 0.0096367
 0.000530656 0.00119633 0.00205827 0.00303499 0.00405521 0.0050647 0.00602623 0.00691692 0.00772489 0.00844611 0.00908185 0.0096367
 0.000530656 0.00119633 0.00205827 0.00303499 0.00405521 0.0050647 0.00602623 0.00691692 0.00772489 0.00844611 0.00908185 0.0096367
 0.000530656 0.00119633 0.00205827 0.00303499 0.00405521 0.0050647 0.00602623 0.00691692 0.00772489 0.00844611 0.00908185 0.0096367
 0.000530656 0.00119633 0.00205827 0.00303499 0.00405521 0.0050647 0.00602623 0.00691692 0.00772489 0.00844611 0.00908185 0.0096367
 0.000530656 0.00119633 0.00205827 0.00303499 0.00405521 0.0050647 0.00602623 0.00691692 0.00772489 0.00844611 0.00908185 0.0096367
 0.000530656 0.00119633 0.00205827 0.00303499 0.00405521 0.0050647 0.00602623 0.00691692 0.00772489 0.00844611 0.00908185 0.0096367
 0.000530656 0.00119633 0.00205827 0.00303499 0.00405521 0.0050647 0.00602623 0.00691692 0.00772489 0.00844611 0.00908185 0.0096367
 0.000530656 0.00119633 0.00205827 0.00303499 0.00405521 0.0050647 0.00602623 0.00691692 0.00772489 0.00844611 0.00908185 0.0096367
 0.000530656 0.00119633 0.00205827 0.00303499 0.00405521 0.0050647 0.00602623 0.00691692 0.00772489 0.00844611 0.00908185 0.0096367
 0.000530656 0.00119633 0.00205827 0.00303499 0.00405521 0.0050647 0.00602623 0.00691692 0.00772489 0.00844611 0.00908185 0.0096367
 0.000530656 0.00119633 0.00205827 0.00303499 0.00405521 0.0050647 0.00602623 0.00691692 0.00772489 0.00844611 0.00908185 0.0096367
# nyrs_ind_age
 30
# yrs_ind_age
 1 2 3 4 5 6 7 8 9 10 11 12 13 14 15 16 17 18 19 20 21 22 23 24 25 26 27 28 29 30
# n_sample_ind_age
 200 200 200 200 200 200 200 200 200 200 200 200 200 200 200 200 200 200 200 200 200 200 200 200 200 200 200 200 200 200
# oac_ind
 0.055 0.15 0.15 0.19 0.1 0.06 0.08 0.035 0.04 0.035 0.02 0.085
 0.09 0.125 0.145 0.145 0.09 0.065 0.06 0.07 0.045 0.025 0.025 0.115
 0.06 0.165 0.145 0.1 0.085 0.12 0.055 0.055 0.07 0.02 0.025 0.1
 0.085 0.12 0.185 0.15 0.125 0.055 0.055 0.045 0.035 0.05 0.01 0.085
 0.085 0.205 0.115 0.175 0.07 0.055 0.07 0.04 0.025 0.035 0.015 0.11
 0.07 0.135 0.19 0.145 0.12 0.055 0.03 0.055 0.02 0.005 0.055 0.12
 0.065 0.125 0.17 0.185 0.075 0.07 0.065 0.085 0.04 0.02 0.015 0.085
 0.08 0.185 0.165 0.095 0.135 0.065 0.055 0.05 0.035 0.03 0.015 0.09
 0.055 0.155 0.175 0.145 0.08 0.1 0.065 0.065 0.04 0.025 0.005 0.09
 0.075 0.165 0.16 0.185 0.105 0.085 0.075 0.02 0.025 0.03 0.03 0.045
 0.09 0.18 0.145 0.165 0.105 0.075 0.045 0.055 0.025 0.01 0.005 0.1
 0.065 0.205 0.24 0.1 0.11 0.04 0.04 0.04 0.04 0.03 0.02 0.07
 0.075 0.2 0.2 0.185 0.12 0.05 0.05 0.02 0.025 0.015 0.01 0.05
 0.09 0.205 0.105 0.16 0.14 0.07 0.07 0.025 0.035 0.01 0.015 0.075
 0.095 0.155 0.195 0.125 0.145 0.055 0.065 0.045 0.02 0.02 0.01 0.07
 0.075 0.23 0.165 0.15 0.1 0.07 0.065 0.04 0.04 0.025 0.005 0.035
 0.085 0.215 0.165 0.125 0.105 0.065 0.07 0.04 0.025 0.02 0.03 0.055
 0.08 0.225 0.2 0.155 0.095 0.08 0.04 0.045 0.03 0.02 0.01 0.02
 0.125 0.2 0.22 0.1 0.135 0.06 0.04 0.035 0.025 0.025 0.005 0.03
 0.04 0.3 0.26 0.1 0.065 0.055 0.025 0.05 0.025 0.02 0.015 0.045
 0.085 0.115 0.305 0.195 0.1 0.055 0.055 0.015 0.02 0.01 0.02 0.025
 0.1 0.23 0.125 0.265 0.095 0.045 0.06 0.02 0.015 0.01 0.005 0.03
 0.13 0.275 0.175 0.09 0.155 0.065 0.03 0.02 0.025 0.01 0.005 0.02
 0.165 0.21 0.25 0.115 0.055 0.065 0.04 0.01 0.05 0.015 0.005 0.02
 0.085 0.195 0.28 0.19 0.1 0.03 0.045 0.055 0.01 0 0 0.01
 0.07 0.245 0.22 0.17 0.16 0.025 0.015 0.025 0.025 0.015 0.01 0.02
 0.125 0.21 0.255 0.18 0.115 0.055 0.015 0 0.01 0.005 0.01 0.02
 0.15 0.275 0.21 0.1 0.11 0.05 0.055 0.01 0.01 0.01 0.01 0.01
 0.175 0.2 0.215 0.1 0.11 0.06 0.035 0.065 0.015 0.005 0.015 0.005
 0.155 0.325 0.165 0.14 0.07 0.07 0.03 0.025 0 0.005 0 0.015
# olc_ind

# obs_lse_ind
 0.198042 0.198042 0.198042 0.198042 0.198042 0.198042 0.198042 0.198042 0.198042 0.198042 0.198042 0.198042 0.198042 0.198042 0.198042 0.198042 0.198042 0.198042 0.198042 0.198042 0.198042 0.198042 0.198042 0.198042 0.198042 0.198042 0.198042 0.198042 0.198042 0.198042
# xages_fsh
 0 0 0 0 0 0 0 0 0 0 0 0
# xages_fsh
 0 0.0909091 0.181818 0.272727 0.363636 0.454545 0.545455 0.636364 0.727273 0.818182 0.909091 1
# xnodes_fsh

Yrs fsh_sel change:  1 0 0 0 0 0 0 0 0 0 0 0 0 0 0 0 0 0 0 0 0 0 0 0 0 0 0 0 0
Yrs ind_sel change:  1 0 0 0 0 0 0 0 0 0 0 0 0 0 0 0 0 0 0 0 0 0 0 0 0 0 0 0 0
# steepnessprior
0.75
# sigmarprior
0.2
#  SSB estimated in styr endyr: -13 28 
#  Rec estimated in styr endyr: -11 30 
#  SR Curve fit  in styr endyr: 1 30 
#             Model styr endyr: 1 30 
# qprior
 3.48998e-007
# q_power_prior 
 1 
# cv_catchbiomass 
0.05 
# CatchbiomassPen 
200 
# Number of projection years 
5 
# offset_fsh
 13389.8
# offset_ind
 13077.6
Mean Catch
1347.79
R_guess 
15.4664
# nfsh
1
# n_sel_ch_fsh
 1
# nselages_fsh
 11
# phase_selcoff_fsh
 -1
logRzero 15.4664
logmeanrec 15.4664
exp(log_sigmarprior 0.2
Fish sel phase: -1 FLEET1
Fixing fishery sel to
1
Srvy sel phase: -1
Fixing SURVEY1 indices sel to
1
# logsel_slp_in_indv
 0.693147
Leaving parameter init secton
# M
 0.2 0.2 0.2 0.2 0.2 0.2 0.2 0.2 0.2 0.2 0.2 0.2
 0.2 0.2 0.2 0.2 0.2 0.2 0.2 0.2 0.2 0.2 0.2 0.2
 0.2 0.2 0.2 0.2 0.2 0.2 0.2 0.2 0.2 0.2 0.2 0.2
 0.2 0.2 0.2 0.2 0.2 0.2 0.2 0.2 0.2 0.2 0.2 0.2
 0.2 0.2 0.2 0.2 0.2 0.2 0.2 0.2 0.2 0.2 0.2 0.2
 0.2 0.2 0.2 0.2 0.2 0.2 0.2 0.2 0.2 0.2 0.2 0.2
 0.2 0.2 0.2 0.2 0.2 0.2 0.2 0.2 0.2 0.2 0.2 0.2
 0.2 0.2 0.2 0.2 0.2 0.2 0.2 0.2 0.2 0.2 0.2 0.2
 0.2 0.2 0.2 0.2 0.2 0.2 0.2 0.2 0.2 0.2 0.2 0.2
 0.2 0.2 0.2 0.2 0.2 0.2 0.2 0.2 0.2 0.2 0.2 0.2
 0.2 0.2 0.2 0.2 0.2 0.2 0.2 0.2 0.2 0.2 0.2 0.2
 0.2 0.2 0.2 0.2 0.2 0.2 0.2 0.2 0.2 0.2 0.2 0.2
 0.2 0.2 0.2 0.2 0.2 0.2 0.2 0.2 0.2 0.2 0.2 0.2
 0.2 0.2 0.2 0.2 0.2 0.2 0.2 0.2 0.2 0.2 0.2 0.2
 0.2 0.2 0.2 0.2 0.2 0.2 0.2 0.2 0.2 0.2 0.2 0.2
 0.2 0.2 0.2 0.2 0.2 0.2 0.2 0.2 0.2 0.2 0.2 0.2
 0.2 0.2 0.2 0.2 0.2 0.2 0.2 0.2 0.2 0.2 0.2 0.2
 0.2 0.2 0.2 0.2 0.2 0.2 0.2 0.2 0.2 0.2 0.2 0.2
 0.2 0.2 0.2 0.2 0.2 0.2 0.2 0.2 0.2 0.2 0.2 0.2
 0.2 0.2 0.2 0.2 0.2 0.2 0.2 0.2 0.2 0.2 0.2 0.2
 0.2 0.2 0.2 0.2 0.2 0.2 0.2 0.2 0.2 0.2 0.2 0.2
 0.2 0.2 0.2 0.2 0.2 0.2 0.2 0.2 0.2 0.2 0.2 0.2
 0.2 0.2 0.2 0.2 0.2 0.2 0.2 0.2 0.2 0.2 0.2 0.2
 0.2 0.2 0.2 0.2 0.2 0.2 0.2 0.2 0.2 0.2 0.2 0.2
 0.2 0.2 0.2 0.2 0.2 0.2 0.2 0.2 0.2 0.2 0.2 0.2
 0.2 0.2 0.2 0.2 0.2 0.2 0.2 0.2 0.2 0.2 0.2 0.2
 0.2 0.2 0.2 0.2 0.2 0.2 0.2 0.2 0.2 0.2 0.2 0.2
 0.2 0.2 0.2 0.2 0.2 0.2 0.2 0.2 0.2 0.2 0.2 0.2
 0.2 0.2 0.2 0.2 0.2 0.2 0.2 0.2 0.2 0.2 0.2 0.2
 0.2 0.2 0.2 0.2 0.2 0.2 0.2 0.2 0.2 0.2 0.2 0.2
# mean_log_rec
13.7431
# log_Rzero
13.857
# rec_dev
 -0.105352 -0.126026 -0.117656 0.00733939 0.0770833 -0.09546 0.110987 -0.0674391 -0.0696588 0.144428 0.117102 0.0769942 0.0431033 0.261605 0.0917678 0.430036 0.111633 0.120054 0.221202 0.239959 0.0977661 0.227559 0.25371 -0.0219687 0.0501473 -0.0995726 0.162229 -0.0198796 0.0173587 0.122949 0.340859 -0.525086 -0.115981 0.0879867 0.0215003 -0.136232 -0.334373 -0.416008 -0.285512 -0.370012 0.0611079 -0.0537686
# fmort
 0.00917788 0.0266171 0.0441422 0.0601766 0.0477048 0.0865589 0.0875683 0.185669 0.108458 0.131799 0.150977 0.160124 0.114923 0.165959 0.17716 0.157807 0.30389 0.250702 0.252277 0.250075 0.350286 0.254115 0.417891 0.339424 0.336942 0.30737 0.307579 0.431605 0.33841 0.515176
# rec_dev_future
 0 0 0 0 0
