AMAK;Mar 2020
# styr
1
# endyr
30
# rec_age
1
# oldest_age
12
# nlength
81
# len_bins
 10 11 12 13 14 15 16 17 18 19 20 21 22 23 24 25 26 27 28 29 30 31 32 33 34 35 36 37 38 39 40 41 42 43 44 45 46 47 48 49 50 51 52 53 54 55 56 57 58 59 60 61 62 63 64 65 66 67 68 69 70 71 72 73 74 75 76 77 78 79 80 81 82 83 84 85 86 87 88 89 90
# datafile_name
amak_data.dat
# model_name
AMAK_MCP
# styr
1
# endyr
30
# rec_age
1
# oldest_age
12
# nfsh
1
# fshname
FLEET1
# catch_bio_in
 161.154 463.929 750.214 983.076 753.337 1309.6 1239.64 2367.88 1243.82 1424.15 1526.4 1530.14 1051.43 1465.4 1452.82 1222.98 2135.34 1512.27 1363.72 1224.86 1539.68 1041.43 1585.94 1187.17 1146.18 1036.31 1023.44 1397.11 989.701 1383.83
# catch_bio_sd_in
 0.01 0.01 0.01 0.01 0.01 0.01 0.01 0.01 0.01 0.01 0.01 0.01 0.01 0.01 0.01 0.01 0.01 0.01 0.01 0.01 0.01 0.01 0.01 0.01 0.01 0.01 0.01 0.01 0.01 0.01
# nyrs_fsh_age
 30
# nyrs_fsh_length
 0
# yrs_fsh_age_in
 1 2 3 4 5 6 7 8 9 10 11 12 13 14 15 16 17 18 19 20 21 22 23 24 25 26 27 28 29 30
# yrs_fsh_length_in

# n_sample_fsh_length_in

# olc_fsh_in

# nind
1
# indname
SURVEY1
# nyrs_ind
 30
# yrs_ind_in
 1 2 3 4 5 6 7 8 9 10 11 12 13 14 15 16 17 18 19 20 21 22 23 24 25 26 27 28 29 30
# mo_ind
 1
# obs_ind_in
 1.51814 1.60323 1.43746 1.47193 1.43938 1.62702 1.56569 1.49677 0.911954 1.31095 1.3161 1.01453 1.03057 1.23234 0.939133 0.969828 0.865221 0.77822 0.643675 0.654175 0.783273 0.69016 0.670755 0.532181 0.649331 0.657683 0.59796 0.612134 0.618253 0.589213
# obs_se_ind_in
 0.303627 0.320646 0.287492 0.294386 0.287875 0.325403 0.313138 0.299354 0.182391 0.26219 0.26322 0.202905 0.206114 0.246467 0.187827 0.193966 0.173044 0.155644 0.128735 0.130835 0.156655 0.138032 0.134151 0.106436 0.129866 0.131537 0.119592 0.122427 0.123651 0.117843
# nyrs_ind_age
 30
# nyrs_ind_length
 0
# yrs_ind_age_in
 1 2 3 4 5 6 7 8 9 10 11 12 13 14 15 16 17 18 19 20 21 22 23 24 25 26 27 28 29 30
# yrs_ind_length_in

# yrs_ind_age_in
 1 2 3 4 5 6 7 8 9 10 11 12 13 14 15 16 17 18 19 20 21 22 23 24 25 26 27 28 29 30
# n_sample_ind_length_in

# olc_ind_in

# oac_ind_in
 0.065 0.18 0.13 0.105 0.135 0.055 0.095 0.055 0.04 0.02 0.015 0.105
 0.055 0.16 0.185 0.11 0.085 0.06 0.055 0.08 0.025 0.035 0.035 0.115
 0.07 0.13 0.155 0.13 0.095 0.1 0.05 0.065 0.04 0.015 0.025 0.125
 0.095 0.18 0.145 0.095 0.08 0.09 0.03 0.075 0.04 0.065 0.02 0.085
 0.05 0.195 0.19 0.15 0.085 0.07 0.065 0.02 0.035 0.015 0.045 0.08
 0.105 0.09 0.16 0.1 0.09 0.07 0.04 0.055 0.075 0.02 0.05 0.145
 0.1 0.16 0.12 0.115 0.09 0.05 0.08 0.04 0.055 0.025 0.035 0.13
 0.095 0.125 0.16 0.09 0.105 0.07 0.095 0.065 0.05 0.025 0.01 0.11
 0.05 0.255 0.14 0.155 0.075 0.09 0.04 0.04 0.035 0.04 0.015 0.065
 0.13 0.195 0.17 0.075 0.075 0.015 0.04 0.04 0.05 0.035 0.04 0.135
 0.07 0.145 0.175 0.175 0.075 0.06 0.045 0.05 0.04 0.035 0.02 0.11
 0.09 0.195 0.155 0.145 0.13 0.075 0.05 0.04 0.02 0.035 0.01 0.055
 0.085 0.18 0.19 0.15 0.115 0.095 0.04 0.04 0.005 0.02 0 0.08
 0.12 0.12 0.2 0.17 0.155 0.055 0.045 0.03 0.025 0.015 0.025 0.04
 0.08 0.26 0.145 0.12 0.1 0.09 0.06 0.035 0.02 0.02 0.005 0.065
 0.13 0.185 0.245 0.06 0.075 0.08 0.065 0.03 0.04 0.025 0.02 0.045
 0.11 0.24 0.155 0.185 0.065 0.055 0.055 0.03 0.035 0.02 0.01 0.04
 0.1 0.155 0.31 0.085 0.09 0.04 0.07 0.035 0.025 0 0.045 0.045
 0.07 0.195 0.2 0.145 0.1 0.075 0.04 0.07 0.02 0.04 0.01 0.035
 0.125 0.16 0.18 0.15 0.12 0.05 0.035 0.04 0.04 0.02 0.02 0.06
 0.095 0.22 0.18 0.115 0.095 0.1 0.045 0.055 0.015 0.025 0.025 0.03
 0.05 0.3 0.23 0.11 0.065 0.065 0.08 0.025 0.015 0.01 0.01 0.04
 0.1 0.16 0.25 0.16 0.13 0.065 0.06 0.03 0.005 0.015 0 0.025
 0.125 0.3 0.14 0.19 0.09 0.045 0.02 0.02 0.025 0 0.005 0.04
 0.165 0.225 0.27 0.095 0.085 0.05 0.05 0.025 0.01 0.005 0.005 0.015
 0.15 0.295 0.185 0.155 0.065 0.05 0.025 0.015 0.01 0.025 0.005 0.02
 0.13 0.255 0.245 0.14 0.115 0.05 0.025 0 0.005 0.02 0.01 0.005
 0.1 0.25 0.195 0.18 0.085 0.06 0.04 0.025 0.02 0.02 0.01 0.015
 0.115 0.21 0.22 0.16 0.135 0.07 0.05 0.02 0.015 0.005 0 0
 0.105 0.295 0.185 0.125 0.11 0.095 0.02 0.02 0.005 0.01 0.01 0.02
# wt_ind
 1 1 1 1 1 1 1 1 1 1 1 1
 1 1 1 1 1 1 1 1 1 1 1 1
 1 1 1 1 1 1 1 1 1 1 1 1
 1 1 1 1 1 1 1 1 1 1 1 1
 1 1 1 1 1 1 1 1 1 1 1 1
 1 1 1 1 1 1 1 1 1 1 1 1
 1 1 1 1 1 1 1 1 1 1 1 1
 1 1 1 1 1 1 1 1 1 1 1 1
 1 1 1 1 1 1 1 1 1 1 1 1
 1 1 1 1 1 1 1 1 1 1 1 1
 1 1 1 1 1 1 1 1 1 1 1 1
 1 1 1 1 1 1 1 1 1 1 1 1
 1 1 1 1 1 1 1 1 1 1 1 1
 1 1 1 1 1 1 1 1 1 1 1 1
 1 1 1 1 1 1 1 1 1 1 1 1
 1 1 1 1 1 1 1 1 1 1 1 1
 1 1 1 1 1 1 1 1 1 1 1 1
 1 1 1 1 1 1 1 1 1 1 1 1
 1 1 1 1 1 1 1 1 1 1 1 1
 1 1 1 1 1 1 1 1 1 1 1 1
 1 1 1 1 1 1 1 1 1 1 1 1
 1 1 1 1 1 1 1 1 1 1 1 1
 1 1 1 1 1 1 1 1 1 1 1 1
 1 1 1 1 1 1 1 1 1 1 1 1
 1 1 1 1 1 1 1 1 1 1 1 1
 1 1 1 1 1 1 1 1 1 1 1 1
 1 1 1 1 1 1 1 1 1 1 1 1
 1 1 1 1 1 1 1 1 1 1 1 1
 1 1 1 1 1 1 1 1 1 1 1 1
 1 1 1 1 1 1 1 1 1 1 1 1
# wt_pop
 0.000530656 0.00119633 0.00205827 0.00303499 0.00405521 0.0050647 0.00602623 0.00691692 0.00772489 0.00844611 0.00908185 0.0096367
# maturity
 0.0229774 0.320821 0.904651 0.99478 0.999739 0.999987 0.999999 1 1 1 1 1
# spawnmo
1
# age_err
 1 0 0 0 0 0 0 0 0 0 0 0
 0 1 0 0 0 0 0 0 0 0 0 0
 0 0 1 0 0 0 0 0 0 0 0 0
 0 0 0 1 0 0 0 0 0 0 0 0
 0 0 0 0 1 0 0 0 0 0 0 0
 0 0 0 0 0 1 0 0 0 0 0 0
 0 0 0 0 0 0 1 0 0 0 0 0
 0 0 0 0 0 0 0 1 0 0 0 0
 0 0 0 0 0 0 0 0 1 0 0 0
 0 0 0 0 0 0 0 0 0 1 0 0
 0 0 0 0 0 0 0 0 0 0 1 0
 0 0 0 0 0 0 0 0 0 0 0 1
# cntrlfile_name
C:\Users\bai.li\DOCUME~1\Github\AGE_ST~1\ASSAMC\example\output\AMAK\s77\amak.dat
# Map shared selectivity: 
# sel_map
 1 2
 1 1
# datafile_name
amak_data.dat
# model_name
AMAK_MCP
# SrType
2
# use_age_err
0
# retro
0
# sigmarprior
0.2
# cvsigmarprior
0.25
# phase_sigmar
-3
# styr_rec_est
1
# endyr_rec_est
30
# Linfprior
80
# cvLinfprior
0.25
# kprior
0.18
# cvkprior
0.25
# Loprior
27.688
# cvLoprior
0.25
# sdageprior
0.1
# cvsdageprior
0.25
# natmortprior
0.2
# cvnatmortprior
0.25
# phase_M
-4
# npars_Mage
0
# ages_M_changes

# Mage_in

# Mage_offset_in

# phase_Mage
-5
# phase_rw_M
0
# npars_rw_M
0
# yrs_rw_M

# sigma_rw_M

# qprior
 3.48998e-007
# cvqprior
 1
# phase_q
 1
# q_power_prior
 1
# cvq_power_prior
 0.2
# phase_q_power
 -4
# phase_rw_q
 -1
# npars_rw_q
 0
# yrs_rw_q

# sigma_rw_q

# q_age_min
 1
# q_age_max
 12
# q_age_min
 1
# q_age_max
 12
# fsh_sel_opt(k)
2
# phase_sel_fsh(k)
2
# n_sel_ch_fsh(k)
1
# sel_slp_in_fsh(k)(1,n_sel_ch_fsh(k))
 1
# sel_inf_in_fsh(k)(1,n_sel_ch_fsh(k))
 2
# logsel_slp_in_fsh(k)(1,n_sel_ch_fsh(k))
 0
# yrs_sel_ch_fsh(k)(1,n_sel_ch_fsh(k))
 1

Survey SURVEY1
# ind_sel_opt(k)
2
# indname(k)
SURVEY1
# nselages_in_ind(k)
11
# phase_sel_ind(k)
2
# sel_change_in_ind(k)
 1 0 0 0 0 0 0 0 0 0 0 0 0 0 0 0 0 0 0 0 0 0 0 0 0 0 0 0 0 0
# n_sel_ch_ind(k)
1
# yrs_sel_ch_ind(k)(1,n_sel_ch_ind(k))
 1
# sel_slp_in_ind(k,1)
2
# sel_inf_in_ind(k,1)
1.5
# logsel_slp_in_ind(k,1)
0.693147
# logsel_slp_in_indv(k)
0.693147
SURVEY1 ind sel opt 2  1 0 0 0 0 0 0 0 0 0 0 0 0 0 0 0 0 0 0 0 0 0 0 0 0 0 0 0 0 0
Phase indices Sel_Coffs:  -1
 Test: 1.23457e+008
# Fshry Selages:  11
# Srvy  Selages:  11
# Phase for age-spec fishery  -1
# Phase for logistic fishery  2
# Phase for dble logistic fishery  -1
# Phase for age-spec indices   -1
# Phase for logistic indices   2
# Phase for dble logistic ind  -1
# Curv_pen_fsh: 
 0
# Curv_pen_ind: 
 0
# styr_fut
31
# endyr_fut
35
# nyrs_fsh_age
 30
# nyrs_fsh_age
 30
# yrs_fsh_age
 1 2 3 4 5 6 7 8 9 10 11 12 13 14 15 16 17 18 19 20 21 22 23 24 25 26 27 28 29 30
# n_sample_fsh_age
 200 200 200 200 200 200 200 200 200 200 200 200 200 200 200 200 200 200 200 200 200 200 200 200 200 200 200 200 200 200
# oac_fsh
 0.06 0.125 0.15 0.075 0.1 0.1 0.11 0.065 0.065 0.01 0.01 0.13
 0.12 0.11 0.125 0.08 0.075 0.075 0.08 0.04 0.05 0.035 0.045 0.165
 0.06 0.085 0.095 0.105 0.14 0.09 0.085 0.02 0.04 0.075 0.03 0.175
 0.095 0.105 0.145 0.105 0.105 0.09 0.08 0.05 0.08 0.02 0.03 0.095
 0.035 0.115 0.145 0.15 0.095 0.04 0.075 0.055 0.05 0.035 0.035 0.17
 0.095 0.04 0.115 0.135 0.135 0.105 0.08 0.065 0.045 0.02 0.025 0.14
 0.05 0.16 0.095 0.145 0.115 0.09 0.08 0.045 0.025 0.025 0.065 0.105
 0.05 0.1 0.145 0.12 0.09 0.115 0.085 0.045 0.045 0.025 0.025 0.155
 0.075 0.165 0.085 0.155 0.075 0.115 0.06 0.045 0.03 0.04 0.05 0.105
 0.095 0.15 0.175 0.145 0.08 0.09 0.055 0.02 0.025 0.035 0.025 0.105
 0.135 0.115 0.195 0.155 0.06 0.09 0.055 0.025 0.03 0.025 0.035 0.08
 0.105 0.19 0.15 0.095 0.095 0.07 0.065 0.03 0.055 0.03 0.015 0.1
 0.05 0.22 0.135 0.165 0.08 0.06 0.035 0.05 0.045 0.055 0.025 0.08
 0.135 0.095 0.185 0.125 0.155 0.08 0.06 0.02 0.02 0.03 0.02 0.075
 0.06 0.12 0.12 0.135 0.16 0.12 0.085 0.055 0.025 0.035 0.01 0.075
 0.14 0.11 0.185 0.095 0.13 0.08 0.095 0.03 0.03 0.025 0.03 0.05
 0.115 0.185 0.17 0.135 0.075 0.085 0.095 0.06 0.01 0.025 0.01 0.035
 0.06 0.18 0.2 0.145 0.13 0.03 0.1 0.055 0.045 0.015 0.01 0.03
 0.085 0.11 0.22 0.205 0.105 0.08 0.065 0.03 0.01 0.035 0.01 0.045
 0.115 0.165 0.16 0.17 0.095 0.08 0.07 0.03 0.025 0.03 0.03 0.03
 0.18 0.195 0.14 0.15 0.09 0.085 0.06 0.05 0.005 0.005 0.005 0.035
 0.12 0.215 0.25 0.14 0.09 0.06 0.05 0.025 0.025 0.005 0.005 0.015
 0.14 0.145 0.235 0.145 0.11 0.06 0.04 0.05 0.025 0.01 0.01 0.03
 0.12 0.34 0.13 0.16 0.075 0.045 0.045 0.03 0.02 0.01 0 0.025
 0.17 0.2 0.23 0.08 0.13 0.07 0.03 0.02 0.03 0.02 0.005 0.015
 0.15 0.24 0.135 0.235 0.065 0.055 0.055 0.03 0.005 0.01 0 0.02
 0.13 0.19 0.26 0.175 0.11 0.045 0.04 0.02 0.005 0 0.005 0.02
 0.165 0.155 0.195 0.205 0.105 0.07 0.02 0.045 0.015 0.005 0.005 0.015
 0.165 0.175 0.235 0.12 0.13 0.065 0.055 0.015 0.015 0.005 0.005 0.015
 0.135 0.215 0.15 0.2 0.075 0.1 0.03 0.06 0.005 0.02 0.005 0.005
# olc_fsh

# wt_fsh
 0.000530656 0.00119633 0.00205827 0.00303499 0.00405521 0.0050647 0.00602623 0.00691692 0.00772489 0.00844611 0.00908185 0.0096367
 0.000530656 0.00119633 0.00205827 0.00303499 0.00405521 0.0050647 0.00602623 0.00691692 0.00772489 0.00844611 0.00908185 0.0096367
 0.000530656 0.00119633 0.00205827 0.00303499 0.00405521 0.0050647 0.00602623 0.00691692 0.00772489 0.00844611 0.00908185 0.0096367
 0.000530656 0.00119633 0.00205827 0.00303499 0.00405521 0.0050647 0.00602623 0.00691692 0.00772489 0.00844611 0.00908185 0.0096367
 0.000530656 0.00119633 0.00205827 0.00303499 0.00405521 0.0050647 0.00602623 0.00691692 0.00772489 0.00844611 0.00908185 0.0096367
 0.000530656 0.00119633 0.00205827 0.00303499 0.00405521 0.0050647 0.00602623 0.00691692 0.00772489 0.00844611 0.00908185 0.0096367
 0.000530656 0.00119633 0.00205827 0.00303499 0.00405521 0.0050647 0.00602623 0.00691692 0.00772489 0.00844611 0.00908185 0.0096367
 0.000530656 0.00119633 0.00205827 0.00303499 0.00405521 0.0050647 0.00602623 0.00691692 0.00772489 0.00844611 0.00908185 0.0096367
 0.000530656 0.00119633 0.00205827 0.00303499 0.00405521 0.0050647 0.00602623 0.00691692 0.00772489 0.00844611 0.00908185 0.0096367
 0.000530656 0.00119633 0.00205827 0.00303499 0.00405521 0.0050647 0.00602623 0.00691692 0.00772489 0.00844611 0.00908185 0.0096367
 0.000530656 0.00119633 0.00205827 0.00303499 0.00405521 0.0050647 0.00602623 0.00691692 0.00772489 0.00844611 0.00908185 0.0096367
 0.000530656 0.00119633 0.00205827 0.00303499 0.00405521 0.0050647 0.00602623 0.00691692 0.00772489 0.00844611 0.00908185 0.0096367
 0.000530656 0.00119633 0.00205827 0.00303499 0.00405521 0.0050647 0.00602623 0.00691692 0.00772489 0.00844611 0.00908185 0.0096367
 0.000530656 0.00119633 0.00205827 0.00303499 0.00405521 0.0050647 0.00602623 0.00691692 0.00772489 0.00844611 0.00908185 0.0096367
 0.000530656 0.00119633 0.00205827 0.00303499 0.00405521 0.0050647 0.00602623 0.00691692 0.00772489 0.00844611 0.00908185 0.0096367
 0.000530656 0.00119633 0.00205827 0.00303499 0.00405521 0.0050647 0.00602623 0.00691692 0.00772489 0.00844611 0.00908185 0.0096367
 0.000530656 0.00119633 0.00205827 0.00303499 0.00405521 0.0050647 0.00602623 0.00691692 0.00772489 0.00844611 0.00908185 0.0096367
 0.000530656 0.00119633 0.00205827 0.00303499 0.00405521 0.0050647 0.00602623 0.00691692 0.00772489 0.00844611 0.00908185 0.0096367
 0.000530656 0.00119633 0.00205827 0.00303499 0.00405521 0.0050647 0.00602623 0.00691692 0.00772489 0.00844611 0.00908185 0.0096367
 0.000530656 0.00119633 0.00205827 0.00303499 0.00405521 0.0050647 0.00602623 0.00691692 0.00772489 0.00844611 0.00908185 0.0096367
 0.000530656 0.00119633 0.00205827 0.00303499 0.00405521 0.0050647 0.00602623 0.00691692 0.00772489 0.00844611 0.00908185 0.0096367
 0.000530656 0.00119633 0.00205827 0.00303499 0.00405521 0.0050647 0.00602623 0.00691692 0.00772489 0.00844611 0.00908185 0.0096367
 0.000530656 0.00119633 0.00205827 0.00303499 0.00405521 0.0050647 0.00602623 0.00691692 0.00772489 0.00844611 0.00908185 0.0096367
 0.000530656 0.00119633 0.00205827 0.00303499 0.00405521 0.0050647 0.00602623 0.00691692 0.00772489 0.00844611 0.00908185 0.0096367
 0.000530656 0.00119633 0.00205827 0.00303499 0.00405521 0.0050647 0.00602623 0.00691692 0.00772489 0.00844611 0.00908185 0.0096367
 0.000530656 0.00119633 0.00205827 0.00303499 0.00405521 0.0050647 0.00602623 0.00691692 0.00772489 0.00844611 0.00908185 0.0096367
 0.000530656 0.00119633 0.00205827 0.00303499 0.00405521 0.0050647 0.00602623 0.00691692 0.00772489 0.00844611 0.00908185 0.0096367
 0.000530656 0.00119633 0.00205827 0.00303499 0.00405521 0.0050647 0.00602623 0.00691692 0.00772489 0.00844611 0.00908185 0.0096367
 0.000530656 0.00119633 0.00205827 0.00303499 0.00405521 0.0050647 0.00602623 0.00691692 0.00772489 0.00844611 0.00908185 0.0096367
 0.000530656 0.00119633 0.00205827 0.00303499 0.00405521 0.0050647 0.00602623 0.00691692 0.00772489 0.00844611 0.00908185 0.0096367
# nyrs_ind_age
 30
# yrs_ind_age
 1 2 3 4 5 6 7 8 9 10 11 12 13 14 15 16 17 18 19 20 21 22 23 24 25 26 27 28 29 30
# n_sample_ind_age
 200 200 200 200 200 200 200 200 200 200 200 200 200 200 200 200 200 200 200 200 200 200 200 200 200 200 200 200 200 200
# oac_ind
 0.065 0.18 0.13 0.105 0.135 0.055 0.095 0.055 0.04 0.02 0.015 0.105
 0.055 0.16 0.185 0.11 0.085 0.06 0.055 0.08 0.025 0.035 0.035 0.115
 0.07 0.13 0.155 0.13 0.095 0.1 0.05 0.065 0.04 0.015 0.025 0.125
 0.095 0.18 0.145 0.095 0.08 0.09 0.03 0.075 0.04 0.065 0.02 0.085
 0.05 0.195 0.19 0.15 0.085 0.07 0.065 0.02 0.035 0.015 0.045 0.08
 0.105 0.09 0.16 0.1 0.09 0.07 0.04 0.055 0.075 0.02 0.05 0.145
 0.1 0.16 0.12 0.115 0.09 0.05 0.08 0.04 0.055 0.025 0.035 0.13
 0.095 0.125 0.16 0.09 0.105 0.07 0.095 0.065 0.05 0.025 0.01 0.11
 0.05 0.255 0.14 0.155 0.075 0.09 0.04 0.04 0.035 0.04 0.015 0.065
 0.13 0.195 0.17 0.075 0.075 0.015 0.04 0.04 0.05 0.035 0.04 0.135
 0.07 0.145 0.175 0.175 0.075 0.06 0.045 0.05 0.04 0.035 0.02 0.11
 0.09 0.195 0.155 0.145 0.13 0.075 0.05 0.04 0.02 0.035 0.01 0.055
 0.085 0.18 0.19 0.15 0.115 0.095 0.04 0.04 0.005 0.02 0 0.08
 0.12 0.12 0.2 0.17 0.155 0.055 0.045 0.03 0.025 0.015 0.025 0.04
 0.08 0.26 0.145 0.12 0.1 0.09 0.06 0.035 0.02 0.02 0.005 0.065
 0.13 0.185 0.245 0.06 0.075 0.08 0.065 0.03 0.04 0.025 0.02 0.045
 0.11 0.24 0.155 0.185 0.065 0.055 0.055 0.03 0.035 0.02 0.01 0.04
 0.1 0.155 0.31 0.085 0.09 0.04 0.07 0.035 0.025 0 0.045 0.045
 0.07 0.195 0.2 0.145 0.1 0.075 0.04 0.07 0.02 0.04 0.01 0.035
 0.125 0.16 0.18 0.15 0.12 0.05 0.035 0.04 0.04 0.02 0.02 0.06
 0.095 0.22 0.18 0.115 0.095 0.1 0.045 0.055 0.015 0.025 0.025 0.03
 0.05 0.3 0.23 0.11 0.065 0.065 0.08 0.025 0.015 0.01 0.01 0.04
 0.1 0.16 0.25 0.16 0.13 0.065 0.06 0.03 0.005 0.015 0 0.025
 0.125 0.3 0.14 0.19 0.09 0.045 0.02 0.02 0.025 0 0.005 0.04
 0.165 0.225 0.27 0.095 0.085 0.05 0.05 0.025 0.01 0.005 0.005 0.015
 0.15 0.295 0.185 0.155 0.065 0.05 0.025 0.015 0.01 0.025 0.005 0.02
 0.13 0.255 0.245 0.14 0.115 0.05 0.025 0 0.005 0.02 0.01 0.005
 0.1 0.25 0.195 0.18 0.085 0.06 0.04 0.025 0.02 0.02 0.01 0.015
 0.115 0.21 0.22 0.16 0.135 0.07 0.05 0.02 0.015 0.005 0 0
 0.105 0.295 0.185 0.125 0.11 0.095 0.02 0.02 0.005 0.01 0.01 0.02
# olc_ind

# obs_lse_ind
 0.198042 0.198042 0.198042 0.198042 0.198042 0.198042 0.198042 0.198042 0.198042 0.198042 0.198042 0.198042 0.198042 0.198042 0.198042 0.198042 0.198042 0.198042 0.198042 0.198042 0.198042 0.198042 0.198042 0.198042 0.198042 0.198042 0.198042 0.198042 0.198042 0.198042
# xages_fsh
 0 0 0 0 0 0 0 0 0 0 0 0
# xages_fsh
 0 0.0909091 0.181818 0.272727 0.363636 0.454545 0.545455 0.636364 0.727273 0.818182 0.909091 1
# xnodes_fsh

Yrs fsh_sel change:  1 0 0 0 0 0 0 0 0 0 0 0 0 0 0 0 0 0 0 0 0 0 0 0 0 0 0 0 0
Yrs ind_sel change:  1 0 0 0 0 0 0 0 0 0 0 0 0 0 0 0 0 0 0 0 0 0 0 0 0 0 0 0 0
# steepnessprior
0.75
# sigmarprior
0.2
#  SSB estimated in styr endyr: -13 28 
#  Rec estimated in styr endyr: -11 30 
#  SR Curve fit  in styr endyr: 1 30 
#             Model styr endyr: 1 30 
# qprior
 3.48998e-007
# q_power_prior 
 1 
# cv_catchbiomass 
0.05 
# CatchbiomassPen 
200 
# Number of projection years 
5 
# offset_fsh
 13443.8
# offset_ind
 13195.8
Mean Catch
1250.43
R_guess 
15.3914
# nfsh
1
# n_sel_ch_fsh
 1
# nselages_fsh
 11
# phase_selcoff_fsh
 -1
logRzero 15.3914
logmeanrec 15.3914
exp(log_sigmarprior 0.2
Fish sel phase: -1 FLEET1
Fixing fishery sel to
1
Srvy sel phase: -1
Fixing SURVEY1 indices sel to
1
# logsel_slp_in_indv
 0.693147
Leaving parameter init secton
# M
 0.2 0.2 0.2 0.2 0.2 0.2 0.2 0.2 0.2 0.2 0.2 0.2
 0.2 0.2 0.2 0.2 0.2 0.2 0.2 0.2 0.2 0.2 0.2 0.2
 0.2 0.2 0.2 0.2 0.2 0.2 0.2 0.2 0.2 0.2 0.2 0.2
 0.2 0.2 0.2 0.2 0.2 0.2 0.2 0.2 0.2 0.2 0.2 0.2
 0.2 0.2 0.2 0.2 0.2 0.2 0.2 0.2 0.2 0.2 0.2 0.2
 0.2 0.2 0.2 0.2 0.2 0.2 0.2 0.2 0.2 0.2 0.2 0.2
 0.2 0.2 0.2 0.2 0.2 0.2 0.2 0.2 0.2 0.2 0.2 0.2
 0.2 0.2 0.2 0.2 0.2 0.2 0.2 0.2 0.2 0.2 0.2 0.2
 0.2 0.2 0.2 0.2 0.2 0.2 0.2 0.2 0.2 0.2 0.2 0.2
 0.2 0.2 0.2 0.2 0.2 0.2 0.2 0.2 0.2 0.2 0.2 0.2
 0.2 0.2 0.2 0.2 0.2 0.2 0.2 0.2 0.2 0.2 0.2 0.2
 0.2 0.2 0.2 0.2 0.2 0.2 0.2 0.2 0.2 0.2 0.2 0.2
 0.2 0.2 0.2 0.2 0.2 0.2 0.2 0.2 0.2 0.2 0.2 0.2
 0.2 0.2 0.2 0.2 0.2 0.2 0.2 0.2 0.2 0.2 0.2 0.2
 0.2 0.2 0.2 0.2 0.2 0.2 0.2 0.2 0.2 0.2 0.2 0.2
 0.2 0.2 0.2 0.2 0.2 0.2 0.2 0.2 0.2 0.2 0.2 0.2
 0.2 0.2 0.2 0.2 0.2 0.2 0.2 0.2 0.2 0.2 0.2 0.2
 0.2 0.2 0.2 0.2 0.2 0.2 0.2 0.2 0.2 0.2 0.2 0.2
 0.2 0.2 0.2 0.2 0.2 0.2 0.2 0.2 0.2 0.2 0.2 0.2
 0.2 0.2 0.2 0.2 0.2 0.2 0.2 0.2 0.2 0.2 0.2 0.2
 0.2 0.2 0.2 0.2 0.2 0.2 0.2 0.2 0.2 0.2 0.2 0.2
 0.2 0.2 0.2 0.2 0.2 0.2 0.2 0.2 0.2 0.2 0.2 0.2
 0.2 0.2 0.2 0.2 0.2 0.2 0.2 0.2 0.2 0.2 0.2 0.2
 0.2 0.2 0.2 0.2 0.2 0.2 0.2 0.2 0.2 0.2 0.2 0.2
 0.2 0.2 0.2 0.2 0.2 0.2 0.2 0.2 0.2 0.2 0.2 0.2
 0.2 0.2 0.2 0.2 0.2 0.2 0.2 0.2 0.2 0.2 0.2 0.2
 0.2 0.2 0.2 0.2 0.2 0.2 0.2 0.2 0.2 0.2 0.2 0.2
 0.2 0.2 0.2 0.2 0.2 0.2 0.2 0.2 0.2 0.2 0.2 0.2
 0.2 0.2 0.2 0.2 0.2 0.2 0.2 0.2 0.2 0.2 0.2 0.2
 0.2 0.2 0.2 0.2 0.2 0.2 0.2 0.2 0.2 0.2 0.2 0.2
# mean_log_rec
13.8201
# log_Rzero
13.7964
# rec_dev
 -0.0145349 -0.0177113 -0.169964 -0.0915254 -0.00835925 0.019722 0.182698 0.00226548 0.0539278 -0.0978973 0.0559847 0.0599322 0.0264113 0.0929569 0.0479872 0.0991945 -0.300161 0.0758706 -0.213017 0.127671 -0.0464095 0.125326 0.0631653 0.0339535 -0.426507 0.0494111 -0.233645 0.0965433 -0.121697 -0.357654 -0.350532 -0.170076 -0.0498392 -0.550389 0.0252386 -0.275743 0.018822 -0.236028 -0.230565 -0.390737 -0.222547 -0.387922
# fmort
 0.00871498 0.0253547 0.0420128 0.0570906 0.0454021 0.082836 0.0838963 0.178055 0.103994 0.12684 0.145197 0.154903 0.110725 0.1606 0.170523 0.151676 0.290708 0.232025 0.227448 0.220228 0.30345 0.22107 0.363477 0.299065 0.298466 0.270451 0.262203 0.370889 0.277078 0.414612
# rec_dev_future
 0 0 0 0 0
