AMAK;Mar 2020
# styr
1
# endyr
30
# rec_age
1
# oldest_age
12
# nlength
81
# len_bins
 10 11 12 13 14 15 16 17 18 19 20 21 22 23 24 25 26 27 28 29 30 31 32 33 34 35 36 37 38 39 40 41 42 43 44 45 46 47 48 49 50 51 52 53 54 55 56 57 58 59 60 61 62 63 64 65 66 67 68 69 70 71 72 73 74 75 76 77 78 79 80 81 82 83 84 85 86 87 88 89 90
# datafile_name
amak_data.dat
# model_name
AMAK_MCP
# styr
1
# endyr
30
# rec_age
1
# oldest_age
12
# nfsh
1
# fshname
FLEET1
# catch_bio_in
 160.96 465.293 763.114 1028.82 828.434 1454.92 1394.22 2700.7 1395.76 1579.87 1649.71 1602.38 1088.16 1492.65 1492.7 1285.38 2233.92 1543.15 1393.89 1269.2 1577.13 1042.59 1597.86 1238.91 1234.83 1141.87 1137.46 1487.74 1059.23 1441.41
# catch_bio_sd_in
 0.01 0.01 0.01 0.01 0.01 0.01 0.01 0.01 0.01 0.01 0.01 0.01 0.01 0.01 0.01 0.01 0.01 0.01 0.01 0.01 0.01 0.01 0.01 0.01 0.01 0.01 0.01 0.01 0.01 0.01
# nyrs_fsh_age
 30
# nyrs_fsh_length
 0
# yrs_fsh_age_in
 1 2 3 4 5 6 7 8 9 10 11 12 13 14 15 16 17 18 19 20 21 22 23 24 25 26 27 28 29 30
# yrs_fsh_length_in

# n_sample_fsh_length_in

# olc_fsh_in

# nind
1
# indname
SURVEY1
# nyrs_ind
 30
# yrs_ind_in
 1 2 3 4 5 6 7 8 9 10 11 12 13 14 15 16 17 18 19 20 21 22 23 24 25 26 27 28 29 30
# mo_ind
 1
# obs_ind_in
 1.79067 1.67058 1.47515 1.53318 1.56027 1.42644 1.46366 1.36195 1.22084 1.28795 0.92868 1.11676 1.00787 0.998166 1.07846 0.776031 0.938065 0.861634 0.651263 0.73594 0.798643 0.53415 0.552207 0.750954 0.625231 0.680277 0.617702 0.690458 0.542609 0.50018
# obs_se_ind_in
 0.358134 0.334116 0.295029 0.306636 0.312054 0.285288 0.292731 0.27239 0.244168 0.25759 0.185736 0.223352 0.201574 0.199633 0.215692 0.155206 0.187613 0.172327 0.130253 0.147188 0.159729 0.10683 0.110441 0.150191 0.125046 0.136055 0.12354 0.138092 0.108522 0.100036
# nyrs_ind_age
 30
# nyrs_ind_length
 0
# yrs_ind_age_in
 1 2 3 4 5 6 7 8 9 10 11 12 13 14 15 16 17 18 19 20 21 22 23 24 25 26 27 28 29 30
# yrs_ind_length_in

# yrs_ind_age_in
 1 2 3 4 5 6 7 8 9 10 11 12 13 14 15 16 17 18 19 20 21 22 23 24 25 26 27 28 29 30
# n_sample_ind_length_in

# olc_ind_in

# oac_ind_in
 0.055 0.175 0.14 0.115 0.07 0.04 0.06 0.095 0.02 0.03 0.04 0.16
 0.09 0.165 0.175 0.1 0.105 0.055 0.065 0.05 0.045 0.03 0.03 0.09
 0.09 0.19 0.12 0.13 0.07 0.045 0.07 0.06 0.035 0.05 0.025 0.115
 0.07 0.165 0.23 0.115 0.07 0.065 0.03 0.02 0.03 0.03 0.04 0.135
 0.04 0.165 0.145 0.19 0.09 0.06 0.075 0.03 0.035 0.015 0.025 0.13
 0.04 0.11 0.16 0.1 0.195 0.07 0.075 0.04 0.05 0.03 0.015 0.115
 0.07 0.2 0.11 0.14 0.115 0.125 0.05 0.02 0.035 0.025 0.025 0.085
 0.115 0.1 0.12 0.14 0.095 0.11 0.065 0.02 0.045 0.03 0.025 0.135
 0.075 0.205 0.11 0.125 0.1 0.12 0.095 0.075 0.015 0.015 0.01 0.055
 0.11 0.09 0.185 0.125 0.135 0.055 0.09 0.05 0.04 0.015 0.03 0.075
 0.05 0.21 0.125 0.145 0.12 0.02 0.06 0.035 0.07 0.055 0.015 0.095
 0.06 0.13 0.215 0.085 0.15 0.045 0.1 0.04 0.04 0.015 0.04 0.08
 0.09 0.135 0.185 0.17 0.075 0.075 0.065 0.045 0.015 0.035 0.02 0.09
 0.145 0.18 0.14 0.13 0.09 0.055 0.05 0.04 0.055 0.01 0.03 0.075
 0.06 0.235 0.205 0.105 0.095 0.075 0.03 0.04 0.045 0.025 0.01 0.075
 0.08 0.125 0.25 0.205 0.085 0.05 0.055 0.025 0.02 0.035 0.01 0.06
 0.085 0.16 0.095 0.245 0.12 0.11 0.05 0.035 0 0.035 0.005 0.06
 0.155 0.11 0.19 0.125 0.105 0.105 0.07 0.055 0.035 0.01 0.005 0.035
 0.125 0.27 0.14 0.125 0.09 0.075 0.045 0.025 0.02 0.01 0.03 0.045
 0.12 0.2 0.305 0.09 0.06 0.025 0.085 0.03 0.015 0.02 0.025 0.025
 0.08 0.185 0.255 0.205 0.07 0.035 0.03 0.045 0.01 0.005 0.025 0.055
 0.155 0.245 0.19 0.15 0.115 0.045 0.02 0.015 0.03 0.015 0 0.02
 0.185 0.26 0.155 0.105 0.08 0.07 0.05 0.005 0.025 0.035 0.015 0.015
 0.155 0.35 0.225 0.1 0.045 0.04 0.035 0.01 0.01 0.005 0.01 0.015
 0.08 0.3 0.28 0.17 0.05 0.055 0.01 0.015 0.015 0.005 0.005 0.015
 0.105 0.215 0.31 0.19 0.07 0.025 0.03 0.015 0.02 0 0.01 0.01
 0.07 0.25 0.28 0.2 0.13 0.04 0.005 0 0.01 0 0 0.015
 0.075 0.255 0.25 0.125 0.105 0.045 0.055 0.05 0.015 0 0 0.025
 0.135 0.19 0.2 0.215 0.1 0.065 0.04 0.015 0.01 0.02 0 0.01
 0.115 0.265 0.175 0.16 0.115 0.06 0.035 0.03 0.01 0.025 0 0.01
# wt_ind
 1 1 1 1 1 1 1 1 1 1 1 1
 1 1 1 1 1 1 1 1 1 1 1 1
 1 1 1 1 1 1 1 1 1 1 1 1
 1 1 1 1 1 1 1 1 1 1 1 1
 1 1 1 1 1 1 1 1 1 1 1 1
 1 1 1 1 1 1 1 1 1 1 1 1
 1 1 1 1 1 1 1 1 1 1 1 1
 1 1 1 1 1 1 1 1 1 1 1 1
 1 1 1 1 1 1 1 1 1 1 1 1
 1 1 1 1 1 1 1 1 1 1 1 1
 1 1 1 1 1 1 1 1 1 1 1 1
 1 1 1 1 1 1 1 1 1 1 1 1
 1 1 1 1 1 1 1 1 1 1 1 1
 1 1 1 1 1 1 1 1 1 1 1 1
 1 1 1 1 1 1 1 1 1 1 1 1
 1 1 1 1 1 1 1 1 1 1 1 1
 1 1 1 1 1 1 1 1 1 1 1 1
 1 1 1 1 1 1 1 1 1 1 1 1
 1 1 1 1 1 1 1 1 1 1 1 1
 1 1 1 1 1 1 1 1 1 1 1 1
 1 1 1 1 1 1 1 1 1 1 1 1
 1 1 1 1 1 1 1 1 1 1 1 1
 1 1 1 1 1 1 1 1 1 1 1 1
 1 1 1 1 1 1 1 1 1 1 1 1
 1 1 1 1 1 1 1 1 1 1 1 1
 1 1 1 1 1 1 1 1 1 1 1 1
 1 1 1 1 1 1 1 1 1 1 1 1
 1 1 1 1 1 1 1 1 1 1 1 1
 1 1 1 1 1 1 1 1 1 1 1 1
 1 1 1 1 1 1 1 1 1 1 1 1
# wt_pop
 0.000530656 0.00119633 0.00205827 0.00303499 0.00405521 0.0050647 0.00602623 0.00691692 0.00772489 0.00844611 0.00908185 0.0096367
# maturity
 0.0229774 0.320821 0.904651 0.99478 0.999739 0.999987 0.999999 1 1 1 1 1
# spawnmo
1
# age_err
 1 0 0 0 0 0 0 0 0 0 0 0
 0 1 0 0 0 0 0 0 0 0 0 0
 0 0 1 0 0 0 0 0 0 0 0 0
 0 0 0 1 0 0 0 0 0 0 0 0
 0 0 0 0 1 0 0 0 0 0 0 0
 0 0 0 0 0 1 0 0 0 0 0 0
 0 0 0 0 0 0 1 0 0 0 0 0
 0 0 0 0 0 0 0 1 0 0 0 0
 0 0 0 0 0 0 0 0 1 0 0 0
 0 0 0 0 0 0 0 0 0 1 0 0
 0 0 0 0 0 0 0 0 0 0 1 0
 0 0 0 0 0 0 0 0 0 0 0 1
# cntrlfile_name
C:\Users\bai.li\DOCUME~1\Github\AGE_ST~1\ASSAMC\example\output\AMAK\s148\amak.dat
# Map shared selectivity: 
# sel_map
 1 2
 1 1
# datafile_name
amak_data.dat
# model_name
AMAK_MCP
# SrType
2
# use_age_err
0
# retro
0
# sigmarprior
0.2
# cvsigmarprior
0.25
# phase_sigmar
-3
# styr_rec_est
1
# endyr_rec_est
30
# Linfprior
80
# cvLinfprior
0.25
# kprior
0.18
# cvkprior
0.25
# Loprior
27.688
# cvLoprior
0.25
# sdageprior
0.1
# cvsdageprior
0.25
# natmortprior
0.2
# cvnatmortprior
0.25
# phase_M
-4
# npars_Mage
0
# ages_M_changes

# Mage_in

# Mage_offset_in

# phase_Mage
-5
# phase_rw_M
0
# npars_rw_M
0
# yrs_rw_M

# sigma_rw_M

# qprior
 3.48998e-007
# cvqprior
 1
# phase_q
 1
# q_power_prior
 1
# cvq_power_prior
 0.2
# phase_q_power
 -4
# phase_rw_q
 -1
# npars_rw_q
 0
# yrs_rw_q

# sigma_rw_q

# q_age_min
 1
# q_age_max
 12
# q_age_min
 1
# q_age_max
 12
# fsh_sel_opt(k)
2
# phase_sel_fsh(k)
2
# n_sel_ch_fsh(k)
1
# sel_slp_in_fsh(k)(1,n_sel_ch_fsh(k))
 1
# sel_inf_in_fsh(k)(1,n_sel_ch_fsh(k))
 2
# logsel_slp_in_fsh(k)(1,n_sel_ch_fsh(k))
 0
# yrs_sel_ch_fsh(k)(1,n_sel_ch_fsh(k))
 1

Survey SURVEY1
# ind_sel_opt(k)
2
# indname(k)
SURVEY1
# nselages_in_ind(k)
11
# phase_sel_ind(k)
2
# sel_change_in_ind(k)
 1 0 0 0 0 0 0 0 0 0 0 0 0 0 0 0 0 0 0 0 0 0 0 0 0 0 0 0 0 0
# n_sel_ch_ind(k)
1
# yrs_sel_ch_ind(k)(1,n_sel_ch_ind(k))
 1
# sel_slp_in_ind(k,1)
2
# sel_inf_in_ind(k,1)
1.5
# logsel_slp_in_ind(k,1)
0.693147
# logsel_slp_in_indv(k)
0.693147
SURVEY1 ind sel opt 2  1 0 0 0 0 0 0 0 0 0 0 0 0 0 0 0 0 0 0 0 0 0 0 0 0 0 0 0 0 0
Phase indices Sel_Coffs:  -1
 Test: 1.23457e+008
# Fshry Selages:  11
# Srvy  Selages:  11
# Phase for age-spec fishery  -1
# Phase for logistic fishery  2
# Phase for dble logistic fishery  -1
# Phase for age-spec indices   -1
# Phase for logistic indices   2
# Phase for dble logistic ind  -1
# Curv_pen_fsh: 
 0
# Curv_pen_ind: 
 0
# styr_fut
31
# endyr_fut
35
# nyrs_fsh_age
 30
# nyrs_fsh_age
 30
# yrs_fsh_age
 1 2 3 4 5 6 7 8 9 10 11 12 13 14 15 16 17 18 19 20 21 22 23 24 25 26 27 28 29 30
# n_sample_fsh_age
 200 200 200 200 200 200 200 200 200 200 200 200 200 200 200 200 200 200 200 200 200 200 200 200 200 200 200 200 200 200
# oac_fsh
 0.07 0.095 0.145 0.14 0.09 0.085 0.09 0.05 0.05 0.04 0.015 0.13
 0.14 0.105 0.15 0.08 0.09 0.075 0.06 0.035 0.08 0.03 0.03 0.125
 0.08 0.12 0.095 0.13 0.1 0.07 0.085 0.115 0.015 0.04 0.025 0.125
 0.09 0.07 0.225 0.12 0.065 0.08 0.03 0.07 0.075 0.035 0.02 0.12
 0.065 0.16 0.125 0.17 0.105 0.065 0.045 0.04 0.045 0.035 0.035 0.11
 0.095 0.115 0.175 0.135 0.105 0.065 0.07 0.045 0.05 0.04 0.02 0.085
 0.06 0.105 0.09 0.185 0.16 0.13 0.055 0.045 0.035 0.005 0.035 0.095
 0.075 0.075 0.125 0.08 0.165 0.12 0.095 0.045 0.045 0.035 0.03 0.11
 0.1 0.125 0.155 0.15 0.085 0.07 0.07 0.095 0.035 0.04 0.02 0.055
 0.06 0.115 0.155 0.14 0.085 0.065 0.08 0.07 0.08 0.025 0.025 0.1
 0.105 0.13 0.13 0.14 0.115 0.03 0.045 0.095 0.045 0.06 0.015 0.09
 0.05 0.145 0.13 0.08 0.135 0.065 0.09 0.05 0.09 0.04 0.035 0.09
 0.12 0.1 0.19 0.145 0.075 0.1 0.05 0.05 0.03 0.04 0.01 0.09
 0.135 0.155 0.095 0.14 0.105 0.065 0.08 0.055 0.035 0.045 0.01 0.08
 0.085 0.19 0.175 0.14 0.115 0.08 0.04 0.035 0.02 0.01 0.02 0.09
 0.085 0.115 0.215 0.185 0.055 0.085 0.065 0.03 0.035 0.03 0.025 0.075
 0.065 0.135 0.16 0.195 0.175 0.05 0.055 0.055 0.035 0.01 0.015 0.05
 0.145 0.095 0.12 0.165 0.165 0.095 0.05 0.04 0.035 0.015 0.01 0.065
 0.125 0.255 0.135 0.09 0.08 0.075 0.075 0.025 0.02 0.03 0.035 0.055
 0.12 0.115 0.285 0.115 0.095 0.035 0.075 0.06 0.03 0.025 0.015 0.03
 0.125 0.195 0.175 0.185 0.065 0.07 0.05 0.035 0.045 0.01 0.02 0.025
 0.15 0.18 0.25 0.15 0.11 0.015 0.02 0.03 0.03 0.025 0.01 0.03
 0.175 0.165 0.22 0.12 0.11 0.075 0.035 0.04 0.005 0.02 0.01 0.025
 0.185 0.27 0.16 0.13 0.055 0.04 0.07 0.025 0.025 0.005 0.03 0.005
 0.13 0.205 0.29 0.14 0.08 0.075 0.035 0.015 0.01 0.005 0 0.015
 0.165 0.16 0.225 0.225 0.075 0.08 0.02 0.015 0.015 0.005 0.005 0.01
 0.12 0.21 0.205 0.23 0.105 0.055 0.03 0 0.01 0.02 0.005 0.01
 0.125 0.21 0.24 0.155 0.1 0.075 0.055 0.015 0.005 0.005 0.005 0.01
 0.105 0.13 0.25 0.165 0.11 0.095 0.05 0.035 0.01 0.02 0.005 0.025
 0.15 0.185 0.14 0.185 0.145 0.05 0.06 0.055 0.025 0.005 0 0
# olc_fsh

# wt_fsh
 0.000530656 0.00119633 0.00205827 0.00303499 0.00405521 0.0050647 0.00602623 0.00691692 0.00772489 0.00844611 0.00908185 0.0096367
 0.000530656 0.00119633 0.00205827 0.00303499 0.00405521 0.0050647 0.00602623 0.00691692 0.00772489 0.00844611 0.00908185 0.0096367
 0.000530656 0.00119633 0.00205827 0.00303499 0.00405521 0.0050647 0.00602623 0.00691692 0.00772489 0.00844611 0.00908185 0.0096367
 0.000530656 0.00119633 0.00205827 0.00303499 0.00405521 0.0050647 0.00602623 0.00691692 0.00772489 0.00844611 0.00908185 0.0096367
 0.000530656 0.00119633 0.00205827 0.00303499 0.00405521 0.0050647 0.00602623 0.00691692 0.00772489 0.00844611 0.00908185 0.0096367
 0.000530656 0.00119633 0.00205827 0.00303499 0.00405521 0.0050647 0.00602623 0.00691692 0.00772489 0.00844611 0.00908185 0.0096367
 0.000530656 0.00119633 0.00205827 0.00303499 0.00405521 0.0050647 0.00602623 0.00691692 0.00772489 0.00844611 0.00908185 0.0096367
 0.000530656 0.00119633 0.00205827 0.00303499 0.00405521 0.0050647 0.00602623 0.00691692 0.00772489 0.00844611 0.00908185 0.0096367
 0.000530656 0.00119633 0.00205827 0.00303499 0.00405521 0.0050647 0.00602623 0.00691692 0.00772489 0.00844611 0.00908185 0.0096367
 0.000530656 0.00119633 0.00205827 0.00303499 0.00405521 0.0050647 0.00602623 0.00691692 0.00772489 0.00844611 0.00908185 0.0096367
 0.000530656 0.00119633 0.00205827 0.00303499 0.00405521 0.0050647 0.00602623 0.00691692 0.00772489 0.00844611 0.00908185 0.0096367
 0.000530656 0.00119633 0.00205827 0.00303499 0.00405521 0.0050647 0.00602623 0.00691692 0.00772489 0.00844611 0.00908185 0.0096367
 0.000530656 0.00119633 0.00205827 0.00303499 0.00405521 0.0050647 0.00602623 0.00691692 0.00772489 0.00844611 0.00908185 0.0096367
 0.000530656 0.00119633 0.00205827 0.00303499 0.00405521 0.0050647 0.00602623 0.00691692 0.00772489 0.00844611 0.00908185 0.0096367
 0.000530656 0.00119633 0.00205827 0.00303499 0.00405521 0.0050647 0.00602623 0.00691692 0.00772489 0.00844611 0.00908185 0.0096367
 0.000530656 0.00119633 0.00205827 0.00303499 0.00405521 0.0050647 0.00602623 0.00691692 0.00772489 0.00844611 0.00908185 0.0096367
 0.000530656 0.00119633 0.00205827 0.00303499 0.00405521 0.0050647 0.00602623 0.00691692 0.00772489 0.00844611 0.00908185 0.0096367
 0.000530656 0.00119633 0.00205827 0.00303499 0.00405521 0.0050647 0.00602623 0.00691692 0.00772489 0.00844611 0.00908185 0.0096367
 0.000530656 0.00119633 0.00205827 0.00303499 0.00405521 0.0050647 0.00602623 0.00691692 0.00772489 0.00844611 0.00908185 0.0096367
 0.000530656 0.00119633 0.00205827 0.00303499 0.00405521 0.0050647 0.00602623 0.00691692 0.00772489 0.00844611 0.00908185 0.0096367
 0.000530656 0.00119633 0.00205827 0.00303499 0.00405521 0.0050647 0.00602623 0.00691692 0.00772489 0.00844611 0.00908185 0.0096367
 0.000530656 0.00119633 0.00205827 0.00303499 0.00405521 0.0050647 0.00602623 0.00691692 0.00772489 0.00844611 0.00908185 0.0096367
 0.000530656 0.00119633 0.00205827 0.00303499 0.00405521 0.0050647 0.00602623 0.00691692 0.00772489 0.00844611 0.00908185 0.0096367
 0.000530656 0.00119633 0.00205827 0.00303499 0.00405521 0.0050647 0.00602623 0.00691692 0.00772489 0.00844611 0.00908185 0.0096367
 0.000530656 0.00119633 0.00205827 0.00303499 0.00405521 0.0050647 0.00602623 0.00691692 0.00772489 0.00844611 0.00908185 0.0096367
 0.000530656 0.00119633 0.00205827 0.00303499 0.00405521 0.0050647 0.00602623 0.00691692 0.00772489 0.00844611 0.00908185 0.0096367
 0.000530656 0.00119633 0.00205827 0.00303499 0.00405521 0.0050647 0.00602623 0.00691692 0.00772489 0.00844611 0.00908185 0.0096367
 0.000530656 0.00119633 0.00205827 0.00303499 0.00405521 0.0050647 0.00602623 0.00691692 0.00772489 0.00844611 0.00908185 0.0096367
 0.000530656 0.00119633 0.00205827 0.00303499 0.00405521 0.0050647 0.00602623 0.00691692 0.00772489 0.00844611 0.00908185 0.0096367
 0.000530656 0.00119633 0.00205827 0.00303499 0.00405521 0.0050647 0.00602623 0.00691692 0.00772489 0.00844611 0.00908185 0.0096367
# nyrs_ind_age
 30
# yrs_ind_age
 1 2 3 4 5 6 7 8 9 10 11 12 13 14 15 16 17 18 19 20 21 22 23 24 25 26 27 28 29 30
# n_sample_ind_age
 200 200 200 200 200 200 200 200 200 200 200 200 200 200 200 200 200 200 200 200 200 200 200 200 200 200 200 200 200 200
# oac_ind
 0.055 0.175 0.14 0.115 0.07 0.04 0.06 0.095 0.02 0.03 0.04 0.16
 0.09 0.165 0.175 0.1 0.105 0.055 0.065 0.05 0.045 0.03 0.03 0.09
 0.09 0.19 0.12 0.13 0.07 0.045 0.07 0.06 0.035 0.05 0.025 0.115
 0.07 0.165 0.23 0.115 0.07 0.065 0.03 0.02 0.03 0.03 0.04 0.135
 0.04 0.165 0.145 0.19 0.09 0.06 0.075 0.03 0.035 0.015 0.025 0.13
 0.04 0.11 0.16 0.1 0.195 0.07 0.075 0.04 0.05 0.03 0.015 0.115
 0.07 0.2 0.11 0.14 0.115 0.125 0.05 0.02 0.035 0.025 0.025 0.085
 0.115 0.1 0.12 0.14 0.095 0.11 0.065 0.02 0.045 0.03 0.025 0.135
 0.075 0.205 0.11 0.125 0.1 0.12 0.095 0.075 0.015 0.015 0.01 0.055
 0.11 0.09 0.185 0.125 0.135 0.055 0.09 0.05 0.04 0.015 0.03 0.075
 0.05 0.21 0.125 0.145 0.12 0.02 0.06 0.035 0.07 0.055 0.015 0.095
 0.06 0.13 0.215 0.085 0.15 0.045 0.1 0.04 0.04 0.015 0.04 0.08
 0.09 0.135 0.185 0.17 0.075 0.075 0.065 0.045 0.015 0.035 0.02 0.09
 0.145 0.18 0.14 0.13 0.09 0.055 0.05 0.04 0.055 0.01 0.03 0.075
 0.06 0.235 0.205 0.105 0.095 0.075 0.03 0.04 0.045 0.025 0.01 0.075
 0.08 0.125 0.25 0.205 0.085 0.05 0.055 0.025 0.02 0.035 0.01 0.06
 0.085 0.16 0.095 0.245 0.12 0.11 0.05 0.035 0 0.035 0.005 0.06
 0.155 0.11 0.19 0.125 0.105 0.105 0.07 0.055 0.035 0.01 0.005 0.035
 0.125 0.27 0.14 0.125 0.09 0.075 0.045 0.025 0.02 0.01 0.03 0.045
 0.12 0.2 0.305 0.09 0.06 0.025 0.085 0.03 0.015 0.02 0.025 0.025
 0.08 0.185 0.255 0.205 0.07 0.035 0.03 0.045 0.01 0.005 0.025 0.055
 0.155 0.245 0.19 0.15 0.115 0.045 0.02 0.015 0.03 0.015 0 0.02
 0.185 0.26 0.155 0.105 0.08 0.07 0.05 0.005 0.025 0.035 0.015 0.015
 0.155 0.35 0.225 0.1 0.045 0.04 0.035 0.01 0.01 0.005 0.01 0.015
 0.08 0.3 0.28 0.17 0.05 0.055 0.01 0.015 0.015 0.005 0.005 0.015
 0.105 0.215 0.31 0.19 0.07 0.025 0.03 0.015 0.02 0 0.01 0.01
 0.07 0.25 0.28 0.2 0.13 0.04 0.005 0 0.01 0 0 0.015
 0.075 0.255 0.25 0.125 0.105 0.045 0.055 0.05 0.015 0 0 0.025
 0.135 0.19 0.2 0.215 0.1 0.065 0.04 0.015 0.01 0.02 0 0.01
 0.115 0.265 0.175 0.16 0.115 0.06 0.035 0.03 0.01 0.025 0 0.01
# olc_ind

# obs_lse_ind
 0.198042 0.198042 0.198042 0.198042 0.198042 0.198042 0.198042 0.198042 0.198042 0.198042 0.198042 0.198042 0.198042 0.198042 0.198042 0.198042 0.198042 0.198042 0.198042 0.198042 0.198042 0.198042 0.198042 0.198042 0.198042 0.198042 0.198042 0.198042 0.198042 0.198042
# xages_fsh
 0 0 0 0 0 0 0 0 0 0 0 0
# xages_fsh
 0 0.0909091 0.181818 0.272727 0.363636 0.454545 0.545455 0.636364 0.727273 0.818182 0.909091 1
# xnodes_fsh

Yrs fsh_sel change:  1 0 0 0 0 0 0 0 0 0 0 0 0 0 0 0 0 0 0 0 0 0 0 0 0 0 0 0 0
Yrs ind_sel change:  1 0 0 0 0 0 0 0 0 0 0 0 0 0 0 0 0 0 0 0 0 0 0 0 0 0 0 0 0
# steepnessprior
0.75
# sigmarprior
0.2
#  SSB estimated in styr endyr: -13 28 
#  Rec estimated in styr endyr: -11 30 
#  SR Curve fit  in styr endyr: 1 30 
#             Model styr endyr: 1 30 
# qprior
 3.48998e-007
# q_power_prior 
 1 
# cv_catchbiomass 
0.05 
# CatchbiomassPen 
200 
# Number of projection years 
5 
# offset_fsh
 13459.4
# offset_ind
 13028.2
Mean Catch
1326.08
R_guess 
15.4501
# nfsh
1
# n_sel_ch_fsh
 1
# nselages_fsh
 11
# phase_selcoff_fsh
 -1
logRzero 15.4501
logmeanrec 15.4501
exp(log_sigmarprior 0.2
Fish sel phase: -1 FLEET1
Fixing fishery sel to
1
Srvy sel phase: -1
Fixing SURVEY1 indices sel to
1
# logsel_slp_in_indv
 0.693147
Leaving parameter init secton
# M
 0.2 0.2 0.2 0.2 0.2 0.2 0.2 0.2 0.2 0.2 0.2 0.2
 0.2 0.2 0.2 0.2 0.2 0.2 0.2 0.2 0.2 0.2 0.2 0.2
 0.2 0.2 0.2 0.2 0.2 0.2 0.2 0.2 0.2 0.2 0.2 0.2
 0.2 0.2 0.2 0.2 0.2 0.2 0.2 0.2 0.2 0.2 0.2 0.2
 0.2 0.2 0.2 0.2 0.2 0.2 0.2 0.2 0.2 0.2 0.2 0.2
 0.2 0.2 0.2 0.2 0.2 0.2 0.2 0.2 0.2 0.2 0.2 0.2
 0.2 0.2 0.2 0.2 0.2 0.2 0.2 0.2 0.2 0.2 0.2 0.2
 0.2 0.2 0.2 0.2 0.2 0.2 0.2 0.2 0.2 0.2 0.2 0.2
 0.2 0.2 0.2 0.2 0.2 0.2 0.2 0.2 0.2 0.2 0.2 0.2
 0.2 0.2 0.2 0.2 0.2 0.2 0.2 0.2 0.2 0.2 0.2 0.2
 0.2 0.2 0.2 0.2 0.2 0.2 0.2 0.2 0.2 0.2 0.2 0.2
 0.2 0.2 0.2 0.2 0.2 0.2 0.2 0.2 0.2 0.2 0.2 0.2
 0.2 0.2 0.2 0.2 0.2 0.2 0.2 0.2 0.2 0.2 0.2 0.2
 0.2 0.2 0.2 0.2 0.2 0.2 0.2 0.2 0.2 0.2 0.2 0.2
 0.2 0.2 0.2 0.2 0.2 0.2 0.2 0.2 0.2 0.2 0.2 0.2
 0.2 0.2 0.2 0.2 0.2 0.2 0.2 0.2 0.2 0.2 0.2 0.2
 0.2 0.2 0.2 0.2 0.2 0.2 0.2 0.2 0.2 0.2 0.2 0.2
 0.2 0.2 0.2 0.2 0.2 0.2 0.2 0.2 0.2 0.2 0.2 0.2
 0.2 0.2 0.2 0.2 0.2 0.2 0.2 0.2 0.2 0.2 0.2 0.2
 0.2 0.2 0.2 0.2 0.2 0.2 0.2 0.2 0.2 0.2 0.2 0.2
 0.2 0.2 0.2 0.2 0.2 0.2 0.2 0.2 0.2 0.2 0.2 0.2
 0.2 0.2 0.2 0.2 0.2 0.2 0.2 0.2 0.2 0.2 0.2 0.2
 0.2 0.2 0.2 0.2 0.2 0.2 0.2 0.2 0.2 0.2 0.2 0.2
 0.2 0.2 0.2 0.2 0.2 0.2 0.2 0.2 0.2 0.2 0.2 0.2
 0.2 0.2 0.2 0.2 0.2 0.2 0.2 0.2 0.2 0.2 0.2 0.2
 0.2 0.2 0.2 0.2 0.2 0.2 0.2 0.2 0.2 0.2 0.2 0.2
 0.2 0.2 0.2 0.2 0.2 0.2 0.2 0.2 0.2 0.2 0.2 0.2
 0.2 0.2 0.2 0.2 0.2 0.2 0.2 0.2 0.2 0.2 0.2 0.2
 0.2 0.2 0.2 0.2 0.2 0.2 0.2 0.2 0.2 0.2 0.2 0.2
 0.2 0.2 0.2 0.2 0.2 0.2 0.2 0.2 0.2 0.2 0.2 0.2
# mean_log_rec
13.7932
# log_Rzero
13.8468
# rec_dev
 -0.0357009 -0.0432699 -0.0759724 -0.00930544 -0.104408 0.207898 -0.057481 0.0450565 -0.00355569 -0.0714279 -0.00336075 0.120576 0.0288053 0.572784 0.290605 0.39513 -0.0379325 0.11211 -0.00804155 0.155262 -0.243458 0.0590773 -0.0335285 -0.273415 0.133246 0.24795 -0.331013 -0.318643 -0.483767 0.117289 -0.217481 -0.239819 -0.230353 -0.0864562 0.219551 0.118839 -0.160763 -0.0216185 -0.171364 -0.49162 -0.30094 -0.285241
# fmort
 0.00886989 0.0258711 0.0429721 0.0586979 0.0476793 0.0856843 0.0861274 0.183476 0.105394 0.128314 0.146106 0.155562 0.112889 0.163305 0.17387 0.157671 0.308313 0.250396 0.252624 0.24881 0.340577 0.243716 0.39902 0.326732 0.321678 0.290409 0.28338 0.386442 0.294972 0.442193
# rec_dev_future
 0 0 0 0 0
