AMAK;Mar 2020
# styr
1
# endyr
30
# rec_age
1
# oldest_age
12
# nlength
81
# len_bins
 10 11 12 13 14 15 16 17 18 19 20 21 22 23 24 25 26 27 28 29 30 31 32 33 34 35 36 37 38 39 40 41 42 43 44 45 46 47 48 49 50 51 52 53 54 55 56 57 58 59 60 61 62 63 64 65 66 67 68 69 70 71 72 73 74 75 76 77 78 79 80 81 82 83 84 85 86 87 88 89 90
# datafile_name
amak_data.dat
# model_name
AMAK_MCP
# styr
1
# endyr
30
# rec_age
1
# oldest_age
12
# nfsh
1
# fshname
FLEET1
# catch_bio_in
 160.904 460.321 748.049 977.661 762.629 1350.81 1320.02 2590.33 1404.53 1623.02 1717.48 1679.27 1141.87 1582.37 1568.36 1325.44 2282.51 1599.55 1432.35 1323.91 1710.85 1190.65 1905.64 1447.8 1387.14 1252.94 1238.89 1641.66 1102.58 1442.57
# catch_bio_sd_in
 0.01 0.01 0.01 0.01 0.01 0.01 0.01 0.01 0.01 0.01 0.01 0.01 0.01 0.01 0.01 0.01 0.01 0.01 0.01 0.01 0.01 0.01 0.01 0.01 0.01 0.01 0.01 0.01 0.01 0.01
# nyrs_fsh_age
 30
# nyrs_fsh_length
 0
# yrs_fsh_age_in
 1 2 3 4 5 6 7 8 9 10 11 12 13 14 15 16 17 18 19 20 21 22 23 24 25 26 27 28 29 30
# yrs_fsh_length_in

# n_sample_fsh_length_in

# olc_fsh_in

# nind
1
# indname
SURVEY1
# nyrs_ind
 30
# yrs_ind_in
 1 2 3 4 5 6 7 8 9 10 11 12 13 14 15 16 17 18 19 20 21 22 23 24 25 26 27 28 29 30
# mo_ind
 1
# obs_ind_in
 1.62223 1.24345 1.27842 1.60357 1.46543 1.51533 1.82388 1.39073 1.45934 1.12126 1.05932 0.96302 1.0653 1.12291 0.984149 1.00857 0.986951 0.675767 0.884868 0.789155 0.812842 0.784627 0.944688 0.775716 0.706502 0.658427 0.633908 0.600176 0.456893 0.534098
# obs_se_ind_in
 0.324446 0.24869 0.255685 0.320715 0.293086 0.303066 0.364777 0.278146 0.291869 0.224251 0.211865 0.192604 0.21306 0.224581 0.19683 0.201714 0.19739 0.135153 0.176974 0.157831 0.162568 0.156925 0.188938 0.155143 0.1413 0.131685 0.126782 0.120035 0.0913785 0.10682
# nyrs_ind_age
 30
# nyrs_ind_length
 0
# yrs_ind_age_in
 1 2 3 4 5 6 7 8 9 10 11 12 13 14 15 16 17 18 19 20 21 22 23 24 25 26 27 28 29 30
# yrs_ind_length_in

# yrs_ind_age_in
 1 2 3 4 5 6 7 8 9 10 11 12 13 14 15 16 17 18 19 20 21 22 23 24 25 26 27 28 29 30
# n_sample_ind_length_in

# olc_ind_in

# oac_ind_in
 0.07 0.18 0.13 0.11 0.095 0.035 0.045 0.05 0.02 0.055 0.055 0.155
 0.05 0.08 0.185 0.13 0.125 0.085 0.08 0.04 0.025 0.025 0.025 0.15
 0.045 0.2 0.13 0.095 0.1 0.095 0.055 0.035 0.05 0.03 0.04 0.125
 0.06 0.11 0.135 0.15 0.145 0.08 0.05 0.065 0.045 0.03 0.025 0.105
 0.105 0.105 0.15 0.14 0.075 0.085 0.065 0.08 0.035 0.025 0.02 0.115
 0.1 0.155 0.175 0.11 0.12 0.055 0.05 0.05 0.02 0.045 0.02 0.1
 0.075 0.195 0.175 0.13 0.1 0.085 0.055 0.04 0.01 0.025 0.03 0.08
 0.08 0.17 0.185 0.145 0.13 0.04 0.07 0.04 0.01 0.02 0.01 0.1
 0.05 0.165 0.185 0.21 0.05 0.09 0.04 0.035 0.015 0.04 0.03 0.09
 0.065 0.095 0.165 0.18 0.115 0.115 0.075 0.035 0.045 0.03 0.01 0.07
 0.09 0.125 0.125 0.155 0.135 0.08 0.075 0.04 0.03 0.025 0.01 0.11
 0.055 0.205 0.16 0.135 0.1 0.115 0.045 0.025 0.035 0.025 0.04 0.06
 0.065 0.17 0.25 0.13 0.095 0.075 0.075 0.05 0.005 0.025 0.015 0.045
 0.075 0.24 0.195 0.12 0.09 0.045 0.06 0.04 0.045 0.02 0.015 0.055
 0.08 0.175 0.215 0.085 0.115 0.07 0.04 0.04 0.06 0.03 0.015 0.075
 0.065 0.215 0.165 0.135 0.055 0.1 0.055 0.05 0.035 0.03 0.03 0.065
 0.09 0.155 0.215 0.135 0.145 0.05 0.065 0.025 0.025 0.01 0.015 0.07
 0.1 0.245 0.19 0.145 0.09 0.05 0.045 0.04 0.02 0.015 0.005 0.055
 0.13 0.17 0.245 0.13 0.095 0.08 0.075 0.01 0.025 0.015 0 0.025
 0.11 0.24 0.235 0.11 0.075 0.065 0.045 0.035 0.025 0.015 0.01 0.035
 0.16 0.24 0.195 0.095 0.08 0.075 0.04 0.025 0.035 0.005 0.03 0.02
 0.155 0.275 0.23 0.13 0.08 0.06 0.035 0.005 0.015 0 0.005 0.01
 0.11 0.235 0.215 0.195 0.095 0.05 0.025 0.015 0.025 0.015 0.005 0.015
 0.12 0.275 0.27 0.125 0.13 0.015 0.03 0.015 0.005 0.01 0 0.005
 0.18 0.21 0.18 0.205 0.11 0.04 0.04 0 0.01 0 0.02 0.005
 0.1 0.345 0.225 0.15 0.07 0.035 0.02 0.015 0.02 0.005 0 0.015
 0.075 0.235 0.315 0.14 0.12 0.06 0.025 0.02 0.005 0 0 0.005
 0.06 0.22 0.255 0.25 0.05 0.05 0.045 0.04 0.02 0.005 0 0.005
 0.07 0.18 0.19 0.235 0.125 0.06 0.07 0.025 0.025 0.01 0.01 0
 0.125 0.19 0.235 0.165 0.095 0.08 0.055 0.03 0.02 0.005 0 0
# wt_ind
 1 1 1 1 1 1 1 1 1 1 1 1
 1 1 1 1 1 1 1 1 1 1 1 1
 1 1 1 1 1 1 1 1 1 1 1 1
 1 1 1 1 1 1 1 1 1 1 1 1
 1 1 1 1 1 1 1 1 1 1 1 1
 1 1 1 1 1 1 1 1 1 1 1 1
 1 1 1 1 1 1 1 1 1 1 1 1
 1 1 1 1 1 1 1 1 1 1 1 1
 1 1 1 1 1 1 1 1 1 1 1 1
 1 1 1 1 1 1 1 1 1 1 1 1
 1 1 1 1 1 1 1 1 1 1 1 1
 1 1 1 1 1 1 1 1 1 1 1 1
 1 1 1 1 1 1 1 1 1 1 1 1
 1 1 1 1 1 1 1 1 1 1 1 1
 1 1 1 1 1 1 1 1 1 1 1 1
 1 1 1 1 1 1 1 1 1 1 1 1
 1 1 1 1 1 1 1 1 1 1 1 1
 1 1 1 1 1 1 1 1 1 1 1 1
 1 1 1 1 1 1 1 1 1 1 1 1
 1 1 1 1 1 1 1 1 1 1 1 1
 1 1 1 1 1 1 1 1 1 1 1 1
 1 1 1 1 1 1 1 1 1 1 1 1
 1 1 1 1 1 1 1 1 1 1 1 1
 1 1 1 1 1 1 1 1 1 1 1 1
 1 1 1 1 1 1 1 1 1 1 1 1
 1 1 1 1 1 1 1 1 1 1 1 1
 1 1 1 1 1 1 1 1 1 1 1 1
 1 1 1 1 1 1 1 1 1 1 1 1
 1 1 1 1 1 1 1 1 1 1 1 1
 1 1 1 1 1 1 1 1 1 1 1 1
# wt_pop
 0.000530656 0.00119633 0.00205827 0.00303499 0.00405521 0.0050647 0.00602623 0.00691692 0.00772489 0.00844611 0.00908185 0.0096367
# maturity
 0.0229774 0.320821 0.904651 0.99478 0.999739 0.999987 0.999999 1 1 1 1 1
# spawnmo
1
# age_err
 1 0 0 0 0 0 0 0 0 0 0 0
 0 1 0 0 0 0 0 0 0 0 0 0
 0 0 1 0 0 0 0 0 0 0 0 0
 0 0 0 1 0 0 0 0 0 0 0 0
 0 0 0 0 1 0 0 0 0 0 0 0
 0 0 0 0 0 1 0 0 0 0 0 0
 0 0 0 0 0 0 1 0 0 0 0 0
 0 0 0 0 0 0 0 1 0 0 0 0
 0 0 0 0 0 0 0 0 1 0 0 0
 0 0 0 0 0 0 0 0 0 1 0 0
 0 0 0 0 0 0 0 0 0 0 1 0
 0 0 0 0 0 0 0 0 0 0 0 1
# cntrlfile_name
C:\Users\bai.li\DOCUME~1\Github\AGE_ST~1\ASSAMC\example\output\AMAK\s73\amak.dat
# Map shared selectivity: 
# sel_map
 1 2
 1 1
# datafile_name
amak_data.dat
# model_name
AMAK_MCP
# SrType
2
# use_age_err
0
# retro
0
# sigmarprior
0.2
# cvsigmarprior
0.25
# phase_sigmar
-3
# styr_rec_est
1
# endyr_rec_est
30
# Linfprior
80
# cvLinfprior
0.25
# kprior
0.18
# cvkprior
0.25
# Loprior
27.688
# cvLoprior
0.25
# sdageprior
0.1
# cvsdageprior
0.25
# natmortprior
0.2
# cvnatmortprior
0.25
# phase_M
-4
# npars_Mage
0
# ages_M_changes

# Mage_in

# Mage_offset_in

# phase_Mage
-5
# phase_rw_M
0
# npars_rw_M
0
# yrs_rw_M

# sigma_rw_M

# qprior
 3.48998e-007
# cvqprior
 1
# phase_q
 1
# q_power_prior
 1
# cvq_power_prior
 0.2
# phase_q_power
 -4
# phase_rw_q
 -1
# npars_rw_q
 0
# yrs_rw_q

# sigma_rw_q

# q_age_min
 1
# q_age_max
 12
# q_age_min
 1
# q_age_max
 12
# fsh_sel_opt(k)
2
# phase_sel_fsh(k)
2
# n_sel_ch_fsh(k)
1
# sel_slp_in_fsh(k)(1,n_sel_ch_fsh(k))
 1
# sel_inf_in_fsh(k)(1,n_sel_ch_fsh(k))
 2
# logsel_slp_in_fsh(k)(1,n_sel_ch_fsh(k))
 0
# yrs_sel_ch_fsh(k)(1,n_sel_ch_fsh(k))
 1

Survey SURVEY1
# ind_sel_opt(k)
2
# indname(k)
SURVEY1
# nselages_in_ind(k)
11
# phase_sel_ind(k)
2
# sel_change_in_ind(k)
 1 0 0 0 0 0 0 0 0 0 0 0 0 0 0 0 0 0 0 0 0 0 0 0 0 0 0 0 0 0
# n_sel_ch_ind(k)
1
# yrs_sel_ch_ind(k)(1,n_sel_ch_ind(k))
 1
# sel_slp_in_ind(k,1)
2
# sel_inf_in_ind(k,1)
1.5
# logsel_slp_in_ind(k,1)
0.693147
# logsel_slp_in_indv(k)
0.693147
SURVEY1 ind sel opt 2  1 0 0 0 0 0 0 0 0 0 0 0 0 0 0 0 0 0 0 0 0 0 0 0 0 0 0 0 0 0
Phase indices Sel_Coffs:  -1
 Test: 1.23457e+008
# Fshry Selages:  11
# Srvy  Selages:  11
# Phase for age-spec fishery  -1
# Phase for logistic fishery  2
# Phase for dble logistic fishery  -1
# Phase for age-spec indices   -1
# Phase for logistic indices   2
# Phase for dble logistic ind  -1
# Curv_pen_fsh: 
 0
# Curv_pen_ind: 
 0
# styr_fut
31
# endyr_fut
35
# nyrs_fsh_age
 30
# nyrs_fsh_age
 30
# yrs_fsh_age
 1 2 3 4 5 6 7 8 9 10 11 12 13 14 15 16 17 18 19 20 21 22 23 24 25 26 27 28 29 30
# n_sample_fsh_age
 200 200 200 200 200 200 200 200 200 200 200 200 200 200 200 200 200 200 200 200 200 200 200 200 200 200 200 200 200 200
# oac_fsh
 0.045 0.115 0.16 0.12 0.09 0.11 0.03 0.065 0.065 0.035 0.03 0.135
 0.08 0.14 0.12 0.135 0.08 0.075 0.055 0.065 0.05 0.045 0.02 0.135
 0.05 0.13 0.175 0.08 0.09 0.06 0.075 0.02 0.045 0.045 0.04 0.19
 0.08 0.075 0.2 0.12 0.08 0.105 0.06 0.09 0.045 0.015 0.03 0.1
 0.05 0.145 0.135 0.115 0.075 0.075 0.055 0.075 0.03 0.04 0.05 0.155
 0.115 0.135 0.13 0.105 0.09 0.095 0.06 0.045 0.03 0.025 0.035 0.135
 0.115 0.12 0.105 0.105 0.105 0.09 0.065 0.06 0.05 0.025 0.03 0.13
 0.095 0.145 0.175 0.175 0.105 0.04 0.075 0.04 0.04 0.015 0.015 0.08
 0.08 0.11 0.15 0.145 0.095 0.14 0.04 0.035 0.025 0.035 0.02 0.125
 0.075 0.105 0.16 0.125 0.15 0.075 0.085 0.035 0.04 0.03 0.03 0.09
 0.11 0.16 0.095 0.11 0.155 0.11 0.055 0.07 0.025 0.02 0.01 0.08
 0.09 0.155 0.135 0.09 0.105 0.125 0.085 0.05 0.05 0.02 0.025 0.07
 0.155 0.13 0.19 0.08 0.085 0.075 0.095 0.065 0.045 0.02 0.01 0.05
 0.11 0.155 0.145 0.17 0.095 0.095 0.035 0.045 0.035 0.045 0.025 0.045
 0.08 0.11 0.245 0.095 0.1 0.045 0.06 0.03 0.08 0.04 0.02 0.095
 0.09 0.145 0.195 0.14 0.07 0.09 0.045 0.06 0.055 0.025 0.025 0.06
 0.145 0.105 0.25 0.12 0.105 0.07 0.065 0.03 0.02 0.03 0.01 0.05
 0.11 0.155 0.075 0.16 0.13 0.11 0.03 0.045 0.05 0.03 0.025 0.08
 0.11 0.155 0.18 0.11 0.16 0.085 0.045 0.04 0.045 0.005 0.005 0.06
 0.205 0.145 0.2 0.155 0.09 0.055 0.045 0.015 0.025 0.015 0.01 0.04
 0.135 0.195 0.24 0.125 0.085 0.06 0.03 0.015 0.03 0.015 0.035 0.035
 0.145 0.28 0.135 0.16 0.08 0.07 0.025 0.035 0.015 0.035 0 0.02
 0.125 0.21 0.265 0.15 0.115 0.06 0.03 0.01 0.015 0 0.01 0.01
 0.17 0.195 0.23 0.12 0.105 0.04 0.03 0.035 0.015 0.025 0.005 0.03
 0.185 0.175 0.185 0.16 0.11 0.08 0.05 0.025 0.015 0.005 0.005 0.005
 0.13 0.25 0.16 0.13 0.12 0.08 0.035 0.05 0 0.01 0.005 0.03
 0.115 0.185 0.285 0.115 0.11 0.1 0.035 0.015 0.015 0.015 0 0.01
 0.09 0.145 0.245 0.26 0.09 0.065 0.025 0.035 0.015 0.005 0.005 0.02
 0.14 0.18 0.205 0.155 0.15 0.06 0.04 0.04 0.02 0.005 0 0.005
 0.115 0.17 0.195 0.19 0.125 0.075 0.05 0.025 0.015 0.02 0.01 0.01
# olc_fsh

# wt_fsh
 0.000530656 0.00119633 0.00205827 0.00303499 0.00405521 0.0050647 0.00602623 0.00691692 0.00772489 0.00844611 0.00908185 0.0096367
 0.000530656 0.00119633 0.00205827 0.00303499 0.00405521 0.0050647 0.00602623 0.00691692 0.00772489 0.00844611 0.00908185 0.0096367
 0.000530656 0.00119633 0.00205827 0.00303499 0.00405521 0.0050647 0.00602623 0.00691692 0.00772489 0.00844611 0.00908185 0.0096367
 0.000530656 0.00119633 0.00205827 0.00303499 0.00405521 0.0050647 0.00602623 0.00691692 0.00772489 0.00844611 0.00908185 0.0096367
 0.000530656 0.00119633 0.00205827 0.00303499 0.00405521 0.0050647 0.00602623 0.00691692 0.00772489 0.00844611 0.00908185 0.0096367
 0.000530656 0.00119633 0.00205827 0.00303499 0.00405521 0.0050647 0.00602623 0.00691692 0.00772489 0.00844611 0.00908185 0.0096367
 0.000530656 0.00119633 0.00205827 0.00303499 0.00405521 0.0050647 0.00602623 0.00691692 0.00772489 0.00844611 0.00908185 0.0096367
 0.000530656 0.00119633 0.00205827 0.00303499 0.00405521 0.0050647 0.00602623 0.00691692 0.00772489 0.00844611 0.00908185 0.0096367
 0.000530656 0.00119633 0.00205827 0.00303499 0.00405521 0.0050647 0.00602623 0.00691692 0.00772489 0.00844611 0.00908185 0.0096367
 0.000530656 0.00119633 0.00205827 0.00303499 0.00405521 0.0050647 0.00602623 0.00691692 0.00772489 0.00844611 0.00908185 0.0096367
 0.000530656 0.00119633 0.00205827 0.00303499 0.00405521 0.0050647 0.00602623 0.00691692 0.00772489 0.00844611 0.00908185 0.0096367
 0.000530656 0.00119633 0.00205827 0.00303499 0.00405521 0.0050647 0.00602623 0.00691692 0.00772489 0.00844611 0.00908185 0.0096367
 0.000530656 0.00119633 0.00205827 0.00303499 0.00405521 0.0050647 0.00602623 0.00691692 0.00772489 0.00844611 0.00908185 0.0096367
 0.000530656 0.00119633 0.00205827 0.00303499 0.00405521 0.0050647 0.00602623 0.00691692 0.00772489 0.00844611 0.00908185 0.0096367
 0.000530656 0.00119633 0.00205827 0.00303499 0.00405521 0.0050647 0.00602623 0.00691692 0.00772489 0.00844611 0.00908185 0.0096367
 0.000530656 0.00119633 0.00205827 0.00303499 0.00405521 0.0050647 0.00602623 0.00691692 0.00772489 0.00844611 0.00908185 0.0096367
 0.000530656 0.00119633 0.00205827 0.00303499 0.00405521 0.0050647 0.00602623 0.00691692 0.00772489 0.00844611 0.00908185 0.0096367
 0.000530656 0.00119633 0.00205827 0.00303499 0.00405521 0.0050647 0.00602623 0.00691692 0.00772489 0.00844611 0.00908185 0.0096367
 0.000530656 0.00119633 0.00205827 0.00303499 0.00405521 0.0050647 0.00602623 0.00691692 0.00772489 0.00844611 0.00908185 0.0096367
 0.000530656 0.00119633 0.00205827 0.00303499 0.00405521 0.0050647 0.00602623 0.00691692 0.00772489 0.00844611 0.00908185 0.0096367
 0.000530656 0.00119633 0.00205827 0.00303499 0.00405521 0.0050647 0.00602623 0.00691692 0.00772489 0.00844611 0.00908185 0.0096367
 0.000530656 0.00119633 0.00205827 0.00303499 0.00405521 0.0050647 0.00602623 0.00691692 0.00772489 0.00844611 0.00908185 0.0096367
 0.000530656 0.00119633 0.00205827 0.00303499 0.00405521 0.0050647 0.00602623 0.00691692 0.00772489 0.00844611 0.00908185 0.0096367
 0.000530656 0.00119633 0.00205827 0.00303499 0.00405521 0.0050647 0.00602623 0.00691692 0.00772489 0.00844611 0.00908185 0.0096367
 0.000530656 0.00119633 0.00205827 0.00303499 0.00405521 0.0050647 0.00602623 0.00691692 0.00772489 0.00844611 0.00908185 0.0096367
 0.000530656 0.00119633 0.00205827 0.00303499 0.00405521 0.0050647 0.00602623 0.00691692 0.00772489 0.00844611 0.00908185 0.0096367
 0.000530656 0.00119633 0.00205827 0.00303499 0.00405521 0.0050647 0.00602623 0.00691692 0.00772489 0.00844611 0.00908185 0.0096367
 0.000530656 0.00119633 0.00205827 0.00303499 0.00405521 0.0050647 0.00602623 0.00691692 0.00772489 0.00844611 0.00908185 0.0096367
 0.000530656 0.00119633 0.00205827 0.00303499 0.00405521 0.0050647 0.00602623 0.00691692 0.00772489 0.00844611 0.00908185 0.0096367
 0.000530656 0.00119633 0.00205827 0.00303499 0.00405521 0.0050647 0.00602623 0.00691692 0.00772489 0.00844611 0.00908185 0.0096367
# nyrs_ind_age
 30
# yrs_ind_age
 1 2 3 4 5 6 7 8 9 10 11 12 13 14 15 16 17 18 19 20 21 22 23 24 25 26 27 28 29 30
# n_sample_ind_age
 200 200 200 200 200 200 200 200 200 200 200 200 200 200 200 200 200 200 200 200 200 200 200 200 200 200 200 200 200 200
# oac_ind
 0.07 0.18 0.13 0.11 0.095 0.035 0.045 0.05 0.02 0.055 0.055 0.155
 0.05 0.08 0.185 0.13 0.125 0.085 0.08 0.04 0.025 0.025 0.025 0.15
 0.045 0.2 0.13 0.095 0.1 0.095 0.055 0.035 0.05 0.03 0.04 0.125
 0.06 0.11 0.135 0.15 0.145 0.08 0.05 0.065 0.045 0.03 0.025 0.105
 0.105 0.105 0.15 0.14 0.075 0.085 0.065 0.08 0.035 0.025 0.02 0.115
 0.1 0.155 0.175 0.11 0.12 0.055 0.05 0.05 0.02 0.045 0.02 0.1
 0.075 0.195 0.175 0.13 0.1 0.085 0.055 0.04 0.01 0.025 0.03 0.08
 0.08 0.17 0.185 0.145 0.13 0.04 0.07 0.04 0.01 0.02 0.01 0.1
 0.05 0.165 0.185 0.21 0.05 0.09 0.04 0.035 0.015 0.04 0.03 0.09
 0.065 0.095 0.165 0.18 0.115 0.115 0.075 0.035 0.045 0.03 0.01 0.07
 0.09 0.125 0.125 0.155 0.135 0.08 0.075 0.04 0.03 0.025 0.01 0.11
 0.055 0.205 0.16 0.135 0.1 0.115 0.045 0.025 0.035 0.025 0.04 0.06
 0.065 0.17 0.25 0.13 0.095 0.075 0.075 0.05 0.005 0.025 0.015 0.045
 0.075 0.24 0.195 0.12 0.09 0.045 0.06 0.04 0.045 0.02 0.015 0.055
 0.08 0.175 0.215 0.085 0.115 0.07 0.04 0.04 0.06 0.03 0.015 0.075
 0.065 0.215 0.165 0.135 0.055 0.1 0.055 0.05 0.035 0.03 0.03 0.065
 0.09 0.155 0.215 0.135 0.145 0.05 0.065 0.025 0.025 0.01 0.015 0.07
 0.1 0.245 0.19 0.145 0.09 0.05 0.045 0.04 0.02 0.015 0.005 0.055
 0.13 0.17 0.245 0.13 0.095 0.08 0.075 0.01 0.025 0.015 0 0.025
 0.11 0.24 0.235 0.11 0.075 0.065 0.045 0.035 0.025 0.015 0.01 0.035
 0.16 0.24 0.195 0.095 0.08 0.075 0.04 0.025 0.035 0.005 0.03 0.02
 0.155 0.275 0.23 0.13 0.08 0.06 0.035 0.005 0.015 0 0.005 0.01
 0.11 0.235 0.215 0.195 0.095 0.05 0.025 0.015 0.025 0.015 0.005 0.015
 0.12 0.275 0.27 0.125 0.13 0.015 0.03 0.015 0.005 0.01 0 0.005
 0.18 0.21 0.18 0.205 0.11 0.04 0.04 0 0.01 0 0.02 0.005
 0.1 0.345 0.225 0.15 0.07 0.035 0.02 0.015 0.02 0.005 0 0.015
 0.075 0.235 0.315 0.14 0.12 0.06 0.025 0.02 0.005 0 0 0.005
 0.06 0.22 0.255 0.25 0.05 0.05 0.045 0.04 0.02 0.005 0 0.005
 0.07 0.18 0.19 0.235 0.125 0.06 0.07 0.025 0.025 0.01 0.01 0
 0.125 0.19 0.235 0.165 0.095 0.08 0.055 0.03 0.02 0.005 0 0
# olc_ind

# obs_lse_ind
 0.198042 0.198042 0.198042 0.198042 0.198042 0.198042 0.198042 0.198042 0.198042 0.198042 0.198042 0.198042 0.198042 0.198042 0.198042 0.198042 0.198042 0.198042 0.198042 0.198042 0.198042 0.198042 0.198042 0.198042 0.198042 0.198042 0.198042 0.198042 0.198042 0.198042
# xages_fsh
 0 0 0 0 0 0 0 0 0 0 0 0
# xages_fsh
 0 0.0909091 0.181818 0.272727 0.363636 0.454545 0.545455 0.636364 0.727273 0.818182 0.909091 1
# xnodes_fsh

Yrs fsh_sel change:  1 0 0 0 0 0 0 0 0 0 0 0 0 0 0 0 0 0 0 0 0 0 0 0 0 0 0 0 0
Yrs ind_sel change:  1 0 0 0 0 0 0 0 0 0 0 0 0 0 0 0 0 0 0 0 0 0 0 0 0 0 0 0 0
# steepnessprior
0.75
# sigmarprior
0.2
#  SSB estimated in styr endyr: -13 28 
#  Rec estimated in styr endyr: -11 30 
#  SR Curve fit  in styr endyr: 1 30 
#             Model styr endyr: 1 30 
# qprior
 3.48998e-007
# q_power_prior 
 1 
# cv_catchbiomass 
0.05 
# CatchbiomassPen 
200 
# Number of projection years 
5 
# offset_fsh
 13450.6
# offset_ind
 13005.7
Mean Catch
1379.07
R_guess 
15.4893
# nfsh
1
# n_sel_ch_fsh
 1
# nselages_fsh
 11
# phase_selcoff_fsh
 -1
logRzero 15.4893
logmeanrec 15.4893
exp(log_sigmarprior 0.2
Fish sel phase: -1 FLEET1
Fixing fishery sel to
1
Srvy sel phase: -1
Fixing SURVEY1 indices sel to
1
# logsel_slp_in_indv
 0.693147
Leaving parameter init secton
# M
 0.2 0.2 0.2 0.2 0.2 0.2 0.2 0.2 0.2 0.2 0.2 0.2
 0.2 0.2 0.2 0.2 0.2 0.2 0.2 0.2 0.2 0.2 0.2 0.2
 0.2 0.2 0.2 0.2 0.2 0.2 0.2 0.2 0.2 0.2 0.2 0.2
 0.2 0.2 0.2 0.2 0.2 0.2 0.2 0.2 0.2 0.2 0.2 0.2
 0.2 0.2 0.2 0.2 0.2 0.2 0.2 0.2 0.2 0.2 0.2 0.2
 0.2 0.2 0.2 0.2 0.2 0.2 0.2 0.2 0.2 0.2 0.2 0.2
 0.2 0.2 0.2 0.2 0.2 0.2 0.2 0.2 0.2 0.2 0.2 0.2
 0.2 0.2 0.2 0.2 0.2 0.2 0.2 0.2 0.2 0.2 0.2 0.2
 0.2 0.2 0.2 0.2 0.2 0.2 0.2 0.2 0.2 0.2 0.2 0.2
 0.2 0.2 0.2 0.2 0.2 0.2 0.2 0.2 0.2 0.2 0.2 0.2
 0.2 0.2 0.2 0.2 0.2 0.2 0.2 0.2 0.2 0.2 0.2 0.2
 0.2 0.2 0.2 0.2 0.2 0.2 0.2 0.2 0.2 0.2 0.2 0.2
 0.2 0.2 0.2 0.2 0.2 0.2 0.2 0.2 0.2 0.2 0.2 0.2
 0.2 0.2 0.2 0.2 0.2 0.2 0.2 0.2 0.2 0.2 0.2 0.2
 0.2 0.2 0.2 0.2 0.2 0.2 0.2 0.2 0.2 0.2 0.2 0.2
 0.2 0.2 0.2 0.2 0.2 0.2 0.2 0.2 0.2 0.2 0.2 0.2
 0.2 0.2 0.2 0.2 0.2 0.2 0.2 0.2 0.2 0.2 0.2 0.2
 0.2 0.2 0.2 0.2 0.2 0.2 0.2 0.2 0.2 0.2 0.2 0.2
 0.2 0.2 0.2 0.2 0.2 0.2 0.2 0.2 0.2 0.2 0.2 0.2
 0.2 0.2 0.2 0.2 0.2 0.2 0.2 0.2 0.2 0.2 0.2 0.2
 0.2 0.2 0.2 0.2 0.2 0.2 0.2 0.2 0.2 0.2 0.2 0.2
 0.2 0.2 0.2 0.2 0.2 0.2 0.2 0.2 0.2 0.2 0.2 0.2
 0.2 0.2 0.2 0.2 0.2 0.2 0.2 0.2 0.2 0.2 0.2 0.2
 0.2 0.2 0.2 0.2 0.2 0.2 0.2 0.2 0.2 0.2 0.2 0.2
 0.2 0.2 0.2 0.2 0.2 0.2 0.2 0.2 0.2 0.2 0.2 0.2
 0.2 0.2 0.2 0.2 0.2 0.2 0.2 0.2 0.2 0.2 0.2 0.2
 0.2 0.2 0.2 0.2 0.2 0.2 0.2 0.2 0.2 0.2 0.2 0.2
 0.2 0.2 0.2 0.2 0.2 0.2 0.2 0.2 0.2 0.2 0.2 0.2
 0.2 0.2 0.2 0.2 0.2 0.2 0.2 0.2 0.2 0.2 0.2 0.2
 0.2 0.2 0.2 0.2 0.2 0.2 0.2 0.2 0.2 0.2 0.2 0.2
# mean_log_rec
13.7754
# log_Rzero
13.8944
# rec_dev
 -0.0267794 -0.032495 0.101501 -0.00981882 0.0031396 -0.0179803 -0.122649 -0.0914571 0.0395645 -0.00784453 0.0529413 0.08052 0.0265954 0.223811 -0.0482719 0.257985 0.205291 0.400771 0.367449 0.108663 -0.129927 -0.0974739 0.182684 -0.185043 0.152977 -0.0470064 0.0622664 -0.263881 -0.0229607 -0.141577 -0.00200238 0.0972451 0.182129 0.178897 0.0373763 -0.0893297 0.293057 -0.0184911 -0.229547 -0.365492 -0.436274 -0.324468
# fmort
 0.00899663 0.0261084 0.0435806 0.0590842 0.0475946 0.0872001 0.0886167 0.18663 0.109307 0.133309 0.152365 0.162603 0.117541 0.171919 0.183147 0.164454 0.316629 0.257158 0.253751 0.250567 0.347484 0.250738 0.417069 0.340793 0.335905 0.304204 0.296594 0.415488 0.305667 0.447115
# rec_dev_future
 0 0 0 0 0
