AMAK;Mar 2020
# styr
1
# endyr
30
# rec_age
1
# oldest_age
12
# nlength
81
# len_bins
 10 11 12 13 14 15 16 17 18 19 20 21 22 23 24 25 26 27 28 29 30 31 32 33 34 35 36 37 38 39 40 41 42 43 44 45 46 47 48 49 50 51 52 53 54 55 56 57 58 59 60 61 62 63 64 65 66 67 68 69 70 71 72 73 74 75 76 77 78 79 80 81 82 83 84 85 86 87 88 89 90
# datafile_name
amak_data.dat
# model_name
AMAK_MCP
# styr
1
# endyr
30
# rec_age
1
# oldest_age
12
# nfsh
1
# fshname
FLEET1
# catch_bio_in
 162.013 461.904 752.891 985.294 771.51 1331.36 1305.45 2547.7 1370.89 1563.35 1675.77 1656.57 1141.74 1589.75 1599.53 1354.29 2375.3 1699.29 1533.31 1374.31 1702.81 1136.26 1727.63 1304.47 1252.15 1112.57 1080.09 1390.74 997.007 1413.56
# catch_bio_sd_in
 0.01 0.01 0.01 0.01 0.01 0.01 0.01 0.01 0.01 0.01 0.01 0.01 0.01 0.01 0.01 0.01 0.01 0.01 0.01 0.01 0.01 0.01 0.01 0.01 0.01 0.01 0.01 0.01 0.01 0.01
# nyrs_fsh_age
 30
# nyrs_fsh_length
 0
# yrs_fsh_age_in
 1 2 3 4 5 6 7 8 9 10 11 12 13 14 15 16 17 18 19 20 21 22 23 24 25 26 27 28 29 30
# yrs_fsh_length_in

# n_sample_fsh_length_in

# olc_fsh_in

# nind
1
# indname
SURVEY1
# nyrs_ind
 30
# yrs_ind_in
 1 2 3 4 5 6 7 8 9 10 11 12 13 14 15 16 17 18 19 20 21 22 23 24 25 26 27 28 29 30
# mo_ind
 1
# obs_ind_in
 1.50358 1.35296 1.27916 1.29239 1.40691 1.51053 1.43346 1.46966 1.2395 1.05976 1.15433 0.982254 1.07812 1.1203 1.02839 0.904938 0.985051 1.04468 0.907115 0.784885 0.655619 0.759912 0.751514 0.684785 0.693675 0.614228 0.481685 0.571786 0.485361 0.550008
# obs_se_ind_in
 0.300716 0.270592 0.255833 0.258477 0.281381 0.302107 0.286692 0.293933 0.247899 0.211951 0.230865 0.196451 0.215625 0.224061 0.205678 0.180988 0.19701 0.208936 0.181423 0.156977 0.131124 0.151982 0.150303 0.136957 0.138735 0.122846 0.096337 0.114357 0.0970722 0.110002
# nyrs_ind_age
 30
# nyrs_ind_length
 0
# yrs_ind_age_in
 1 2 3 4 5 6 7 8 9 10 11 12 13 14 15 16 17 18 19 20 21 22 23 24 25 26 27 28 29 30
# yrs_ind_length_in

# yrs_ind_age_in
 1 2 3 4 5 6 7 8 9 10 11 12 13 14 15 16 17 18 19 20 21 22 23 24 25 26 27 28 29 30
# n_sample_ind_length_in

# olc_ind_in

# oac_ind_in
 0.055 0.12 0.155 0.125 0.115 0.085 0.075 0.075 0.025 0.02 0.04 0.11
 0.065 0.12 0.155 0.155 0.12 0.045 0.07 0.05 0.04 0.055 0.025 0.1
 0.045 0.17 0.135 0.08 0.095 0.07 0.08 0.07 0.045 0.05 0.035 0.125
 0.055 0.12 0.175 0.13 0.11 0.05 0.07 0.075 0.05 0.025 0.025 0.115
 0.05 0.12 0.15 0.2 0.08 0.085 0.055 0.06 0.02 0.045 0.02 0.115
 0.105 0.175 0.125 0.07 0.145 0.04 0.08 0.07 0.02 0.03 0.03 0.11
 0.045 0.245 0.175 0.09 0.115 0.09 0.075 0.025 0.015 0.02 0.015 0.09
 0.06 0.185 0.215 0.165 0.055 0.08 0.07 0.04 0.01 0.03 0.025 0.065
 0.05 0.19 0.15 0.125 0.13 0.075 0.06 0.08 0.025 0.01 0.02 0.085
 0.095 0.145 0.115 0.12 0.18 0.1 0.065 0.03 0.035 0.035 0.03 0.05
 0.085 0.185 0.165 0.125 0.115 0.11 0.05 0.035 0.02 0.03 0.015 0.065
 0.075 0.21 0.21 0.095 0.115 0.065 0.075 0.045 0.015 0.03 0.01 0.055
 0.065 0.145 0.235 0.11 0.09 0.07 0.07 0.045 0.035 0.025 0.015 0.095
 0.095 0.215 0.22 0.12 0.06 0.04 0.055 0.04 0.045 0.02 0.02 0.07
 0.075 0.18 0.16 0.15 0.12 0.05 0.06 0.065 0.045 0.01 0.045 0.04
 0.085 0.2 0.155 0.14 0.08 0.1 0.07 0.03 0.045 0.025 0.03 0.04
 0.115 0.11 0.22 0.15 0.12 0.085 0.06 0.02 0.04 0.015 0.02 0.045
 0.08 0.27 0.135 0.13 0.07 0.09 0.045 0.07 0.04 0.02 0 0.05
 0.055 0.145 0.285 0.15 0.115 0.085 0.035 0.02 0.02 0.025 0.015 0.05
 0.09 0.12 0.175 0.23 0.1 0.115 0.045 0.025 0.035 0.01 0.015 0.04
 0.09 0.28 0.15 0.17 0.105 0.085 0.05 0.01 0.01 0.005 0.015 0.03
 0.125 0.285 0.195 0.135 0.045 0.09 0.05 0.04 0 0.015 0.005 0.015
 0.13 0.185 0.23 0.16 0.11 0.05 0.065 0.02 0.005 0.015 0.01 0.02
 0.1 0.26 0.23 0.18 0.095 0.035 0.02 0.035 0.01 0.01 0 0.025
 0.09 0.225 0.295 0.165 0.095 0.04 0.025 0.025 0.015 0.005 0.01 0.01
 0.095 0.255 0.21 0.225 0.125 0.025 0.03 0 0.025 0.01 0 0
 0.16 0.215 0.23 0.15 0.12 0.045 0.035 0.015 0.015 0.005 0.005 0.005
 0.09 0.25 0.23 0.14 0.105 0.09 0.025 0.035 0.01 0.005 0 0.02
 0.105 0.21 0.25 0.115 0.14 0.03 0.045 0.045 0.03 0.01 0.01 0.01
 0.14 0.285 0.185 0.115 0.13 0.035 0.045 0.03 0.01 0.01 0.005 0.01
# wt_ind
 1 1 1 1 1 1 1 1 1 1 1 1
 1 1 1 1 1 1 1 1 1 1 1 1
 1 1 1 1 1 1 1 1 1 1 1 1
 1 1 1 1 1 1 1 1 1 1 1 1
 1 1 1 1 1 1 1 1 1 1 1 1
 1 1 1 1 1 1 1 1 1 1 1 1
 1 1 1 1 1 1 1 1 1 1 1 1
 1 1 1 1 1 1 1 1 1 1 1 1
 1 1 1 1 1 1 1 1 1 1 1 1
 1 1 1 1 1 1 1 1 1 1 1 1
 1 1 1 1 1 1 1 1 1 1 1 1
 1 1 1 1 1 1 1 1 1 1 1 1
 1 1 1 1 1 1 1 1 1 1 1 1
 1 1 1 1 1 1 1 1 1 1 1 1
 1 1 1 1 1 1 1 1 1 1 1 1
 1 1 1 1 1 1 1 1 1 1 1 1
 1 1 1 1 1 1 1 1 1 1 1 1
 1 1 1 1 1 1 1 1 1 1 1 1
 1 1 1 1 1 1 1 1 1 1 1 1
 1 1 1 1 1 1 1 1 1 1 1 1
 1 1 1 1 1 1 1 1 1 1 1 1
 1 1 1 1 1 1 1 1 1 1 1 1
 1 1 1 1 1 1 1 1 1 1 1 1
 1 1 1 1 1 1 1 1 1 1 1 1
 1 1 1 1 1 1 1 1 1 1 1 1
 1 1 1 1 1 1 1 1 1 1 1 1
 1 1 1 1 1 1 1 1 1 1 1 1
 1 1 1 1 1 1 1 1 1 1 1 1
 1 1 1 1 1 1 1 1 1 1 1 1
 1 1 1 1 1 1 1 1 1 1 1 1
# wt_pop
 0.000530656 0.00119633 0.00205827 0.00303499 0.00405521 0.0050647 0.00602623 0.00691692 0.00772489 0.00844611 0.00908185 0.0096367
# maturity
 0.0229774 0.320821 0.904651 0.99478 0.999739 0.999987 0.999999 1 1 1 1 1
# spawnmo
1
# age_err
 1 0 0 0 0 0 0 0 0 0 0 0
 0 1 0 0 0 0 0 0 0 0 0 0
 0 0 1 0 0 0 0 0 0 0 0 0
 0 0 0 1 0 0 0 0 0 0 0 0
 0 0 0 0 1 0 0 0 0 0 0 0
 0 0 0 0 0 1 0 0 0 0 0 0
 0 0 0 0 0 0 1 0 0 0 0 0
 0 0 0 0 0 0 0 1 0 0 0 0
 0 0 0 0 0 0 0 0 1 0 0 0
 0 0 0 0 0 0 0 0 0 1 0 0
 0 0 0 0 0 0 0 0 0 0 1 0
 0 0 0 0 0 0 0 0 0 0 0 1
# cntrlfile_name
C:\Users\bai.li\DOCUME~1\Github\AGE_ST~1\ASSAMC\example\output\AMAK\s49\amak.dat
# Map shared selectivity: 
# sel_map
 1 2
 1 1
# datafile_name
amak_data.dat
# model_name
AMAK_MCP
# SrType
2
# use_age_err
0
# retro
0
# sigmarprior
0.2
# cvsigmarprior
0.25
# phase_sigmar
-3
# styr_rec_est
1
# endyr_rec_est
30
# Linfprior
80
# cvLinfprior
0.25
# kprior
0.18
# cvkprior
0.25
# Loprior
27.688
# cvLoprior
0.25
# sdageprior
0.1
# cvsdageprior
0.25
# natmortprior
0.2
# cvnatmortprior
0.25
# phase_M
-4
# npars_Mage
0
# ages_M_changes

# Mage_in

# Mage_offset_in

# phase_Mage
-5
# phase_rw_M
0
# npars_rw_M
0
# yrs_rw_M

# sigma_rw_M

# qprior
 3.48998e-007
# cvqprior
 1
# phase_q
 1
# q_power_prior
 1
# cvq_power_prior
 0.2
# phase_q_power
 -4
# phase_rw_q
 -1
# npars_rw_q
 0
# yrs_rw_q

# sigma_rw_q

# q_age_min
 1
# q_age_max
 12
# q_age_min
 1
# q_age_max
 12
# fsh_sel_opt(k)
2
# phase_sel_fsh(k)
2
# n_sel_ch_fsh(k)
1
# sel_slp_in_fsh(k)(1,n_sel_ch_fsh(k))
 1
# sel_inf_in_fsh(k)(1,n_sel_ch_fsh(k))
 2
# logsel_slp_in_fsh(k)(1,n_sel_ch_fsh(k))
 0
# yrs_sel_ch_fsh(k)(1,n_sel_ch_fsh(k))
 1

Survey SURVEY1
# ind_sel_opt(k)
2
# indname(k)
SURVEY1
# nselages_in_ind(k)
11
# phase_sel_ind(k)
2
# sel_change_in_ind(k)
 1 0 0 0 0 0 0 0 0 0 0 0 0 0 0 0 0 0 0 0 0 0 0 0 0 0 0 0 0 0
# n_sel_ch_ind(k)
1
# yrs_sel_ch_ind(k)(1,n_sel_ch_ind(k))
 1
# sel_slp_in_ind(k,1)
2
# sel_inf_in_ind(k,1)
1.5
# logsel_slp_in_ind(k,1)
0.693147
# logsel_slp_in_indv(k)
0.693147
SURVEY1 ind sel opt 2  1 0 0 0 0 0 0 0 0 0 0 0 0 0 0 0 0 0 0 0 0 0 0 0 0 0 0 0 0 0
Phase indices Sel_Coffs:  -1
 Test: 1.23457e+008
# Fshry Selages:  11
# Srvy  Selages:  11
# Phase for age-spec fishery  -1
# Phase for logistic fishery  2
# Phase for dble logistic fishery  -1
# Phase for age-spec indices   -1
# Phase for logistic indices   2
# Phase for dble logistic ind  -1
# Curv_pen_fsh: 
 0
# Curv_pen_ind: 
 0
# styr_fut
31
# endyr_fut
35
# nyrs_fsh_age
 30
# nyrs_fsh_age
 30
# yrs_fsh_age
 1 2 3 4 5 6 7 8 9 10 11 12 13 14 15 16 17 18 19 20 21 22 23 24 25 26 27 28 29 30
# n_sample_fsh_age
 200 200 200 200 200 200 200 200 200 200 200 200 200 200 200 200 200 200 200 200 200 200 200 200 200 200 200 200 200 200
# oac_fsh
 0.085 0.125 0.11 0.11 0.095 0.095 0.065 0.055 0.03 0.04 0.03 0.16
 0.135 0.055 0.095 0.15 0.065 0.13 0.045 0.05 0.055 0.025 0.025 0.17
 0.04 0.13 0.145 0.145 0.09 0.075 0.08 0.045 0.055 0.05 0.025 0.12
 0.095 0.095 0.145 0.1 0.065 0.075 0.085 0.045 0.065 0.03 0.065 0.135
 0.08 0.065 0.165 0.155 0.065 0.09 0.085 0.07 0.035 0.05 0.035 0.105
 0.13 0.12 0.125 0.125 0.07 0.065 0.055 0.05 0.05 0.025 0.035 0.15
 0.1 0.15 0.14 0.085 0.12 0.11 0.05 0.055 0.005 0.05 0.03 0.105
 0.06 0.09 0.175 0.18 0.085 0.065 0.08 0.04 0.03 0.01 0.04 0.145
 0.06 0.12 0.1 0.2 0.125 0.055 0.065 0.04 0.04 0.035 0.025 0.135
 0.095 0.1 0.175 0.105 0.135 0.1 0.055 0.065 0.035 0.02 0.02 0.095
 0.12 0.09 0.13 0.155 0.105 0.07 0.075 0.04 0.055 0.015 0.035 0.11
 0.09 0.17 0.12 0.13 0.13 0.05 0.085 0.05 0.035 0.025 0.02 0.095
 0.08 0.155 0.18 0.125 0.065 0.065 0.11 0.075 0.05 0.02 0.005 0.07
 0.115 0.135 0.185 0.195 0.085 0.07 0.035 0.05 0.025 0.03 0.025 0.05
 0.13 0.185 0.14 0.115 0.11 0.06 0.065 0.055 0.025 0.02 0.02 0.075
 0.05 0.165 0.15 0.22 0.13 0.07 0.075 0.045 0.03 0.015 0.01 0.04
 0.125 0.125 0.18 0.11 0.13 0.075 0.09 0.075 0.02 0.015 0 0.055
 0.045 0.205 0.135 0.15 0.135 0.115 0.04 0.07 0.03 0.015 0.025 0.035
 0.11 0.12 0.22 0.145 0.125 0.08 0.075 0.02 0.05 0.01 0.015 0.03
 0.11 0.16 0.14 0.23 0.095 0.075 0.06 0.03 0.03 0.01 0 0.06
 0.165 0.22 0.15 0.105 0.17 0.055 0.025 0.025 0.035 0.01 0.01 0.03
 0.135 0.21 0.23 0.125 0.06 0.085 0.045 0.005 0.015 0.015 0.025 0.05
 0.195 0.15 0.18 0.16 0.11 0.035 0.055 0.03 0.025 0.015 0.02 0.025
 0.15 0.205 0.25 0.165 0.115 0.025 0.02 0.025 0.01 0.01 0.005 0.02
 0.14 0.245 0.24 0.125 0.105 0.065 0.02 0.015 0.015 0.005 0.005 0.02
 0.155 0.215 0.21 0.205 0.07 0.035 0.055 0.02 0.005 0.01 0.015 0.005
 0.14 0.205 0.245 0.13 0.09 0.065 0.08 0.015 0.01 0.01 0.005 0.005
 0.11 0.205 0.245 0.13 0.125 0.095 0.055 0.015 0 0 0.005 0.015
 0.19 0.165 0.245 0.12 0.09 0.07 0.06 0.03 0.015 0.005 0.005 0.005
 0.12 0.24 0.225 0.165 0.11 0.065 0.045 0.005 0.005 0 0.005 0.015
# olc_fsh

# wt_fsh
 0.000530656 0.00119633 0.00205827 0.00303499 0.00405521 0.0050647 0.00602623 0.00691692 0.00772489 0.00844611 0.00908185 0.0096367
 0.000530656 0.00119633 0.00205827 0.00303499 0.00405521 0.0050647 0.00602623 0.00691692 0.00772489 0.00844611 0.00908185 0.0096367
 0.000530656 0.00119633 0.00205827 0.00303499 0.00405521 0.0050647 0.00602623 0.00691692 0.00772489 0.00844611 0.00908185 0.0096367
 0.000530656 0.00119633 0.00205827 0.00303499 0.00405521 0.0050647 0.00602623 0.00691692 0.00772489 0.00844611 0.00908185 0.0096367
 0.000530656 0.00119633 0.00205827 0.00303499 0.00405521 0.0050647 0.00602623 0.00691692 0.00772489 0.00844611 0.00908185 0.0096367
 0.000530656 0.00119633 0.00205827 0.00303499 0.00405521 0.0050647 0.00602623 0.00691692 0.00772489 0.00844611 0.00908185 0.0096367
 0.000530656 0.00119633 0.00205827 0.00303499 0.00405521 0.0050647 0.00602623 0.00691692 0.00772489 0.00844611 0.00908185 0.0096367
 0.000530656 0.00119633 0.00205827 0.00303499 0.00405521 0.0050647 0.00602623 0.00691692 0.00772489 0.00844611 0.00908185 0.0096367
 0.000530656 0.00119633 0.00205827 0.00303499 0.00405521 0.0050647 0.00602623 0.00691692 0.00772489 0.00844611 0.00908185 0.0096367
 0.000530656 0.00119633 0.00205827 0.00303499 0.00405521 0.0050647 0.00602623 0.00691692 0.00772489 0.00844611 0.00908185 0.0096367
 0.000530656 0.00119633 0.00205827 0.00303499 0.00405521 0.0050647 0.00602623 0.00691692 0.00772489 0.00844611 0.00908185 0.0096367
 0.000530656 0.00119633 0.00205827 0.00303499 0.00405521 0.0050647 0.00602623 0.00691692 0.00772489 0.00844611 0.00908185 0.0096367
 0.000530656 0.00119633 0.00205827 0.00303499 0.00405521 0.0050647 0.00602623 0.00691692 0.00772489 0.00844611 0.00908185 0.0096367
 0.000530656 0.00119633 0.00205827 0.00303499 0.00405521 0.0050647 0.00602623 0.00691692 0.00772489 0.00844611 0.00908185 0.0096367
 0.000530656 0.00119633 0.00205827 0.00303499 0.00405521 0.0050647 0.00602623 0.00691692 0.00772489 0.00844611 0.00908185 0.0096367
 0.000530656 0.00119633 0.00205827 0.00303499 0.00405521 0.0050647 0.00602623 0.00691692 0.00772489 0.00844611 0.00908185 0.0096367
 0.000530656 0.00119633 0.00205827 0.00303499 0.00405521 0.0050647 0.00602623 0.00691692 0.00772489 0.00844611 0.00908185 0.0096367
 0.000530656 0.00119633 0.00205827 0.00303499 0.00405521 0.0050647 0.00602623 0.00691692 0.00772489 0.00844611 0.00908185 0.0096367
 0.000530656 0.00119633 0.00205827 0.00303499 0.00405521 0.0050647 0.00602623 0.00691692 0.00772489 0.00844611 0.00908185 0.0096367
 0.000530656 0.00119633 0.00205827 0.00303499 0.00405521 0.0050647 0.00602623 0.00691692 0.00772489 0.00844611 0.00908185 0.0096367
 0.000530656 0.00119633 0.00205827 0.00303499 0.00405521 0.0050647 0.00602623 0.00691692 0.00772489 0.00844611 0.00908185 0.0096367
 0.000530656 0.00119633 0.00205827 0.00303499 0.00405521 0.0050647 0.00602623 0.00691692 0.00772489 0.00844611 0.00908185 0.0096367
 0.000530656 0.00119633 0.00205827 0.00303499 0.00405521 0.0050647 0.00602623 0.00691692 0.00772489 0.00844611 0.00908185 0.0096367
 0.000530656 0.00119633 0.00205827 0.00303499 0.00405521 0.0050647 0.00602623 0.00691692 0.00772489 0.00844611 0.00908185 0.0096367
 0.000530656 0.00119633 0.00205827 0.00303499 0.00405521 0.0050647 0.00602623 0.00691692 0.00772489 0.00844611 0.00908185 0.0096367
 0.000530656 0.00119633 0.00205827 0.00303499 0.00405521 0.0050647 0.00602623 0.00691692 0.00772489 0.00844611 0.00908185 0.0096367
 0.000530656 0.00119633 0.00205827 0.00303499 0.00405521 0.0050647 0.00602623 0.00691692 0.00772489 0.00844611 0.00908185 0.0096367
 0.000530656 0.00119633 0.00205827 0.00303499 0.00405521 0.0050647 0.00602623 0.00691692 0.00772489 0.00844611 0.00908185 0.0096367
 0.000530656 0.00119633 0.00205827 0.00303499 0.00405521 0.0050647 0.00602623 0.00691692 0.00772489 0.00844611 0.00908185 0.0096367
 0.000530656 0.00119633 0.00205827 0.00303499 0.00405521 0.0050647 0.00602623 0.00691692 0.00772489 0.00844611 0.00908185 0.0096367
# nyrs_ind_age
 30
# yrs_ind_age
 1 2 3 4 5 6 7 8 9 10 11 12 13 14 15 16 17 18 19 20 21 22 23 24 25 26 27 28 29 30
# n_sample_ind_age
 200 200 200 200 200 200 200 200 200 200 200 200 200 200 200 200 200 200 200 200 200 200 200 200 200 200 200 200 200 200
# oac_ind
 0.055 0.12 0.155 0.125 0.115 0.085 0.075 0.075 0.025 0.02 0.04 0.11
 0.065 0.12 0.155 0.155 0.12 0.045 0.07 0.05 0.04 0.055 0.025 0.1
 0.045 0.17 0.135 0.08 0.095 0.07 0.08 0.07 0.045 0.05 0.035 0.125
 0.055 0.12 0.175 0.13 0.11 0.05 0.07 0.075 0.05 0.025 0.025 0.115
 0.05 0.12 0.15 0.2 0.08 0.085 0.055 0.06 0.02 0.045 0.02 0.115
 0.105 0.175 0.125 0.07 0.145 0.04 0.08 0.07 0.02 0.03 0.03 0.11
 0.045 0.245 0.175 0.09 0.115 0.09 0.075 0.025 0.015 0.02 0.015 0.09
 0.06 0.185 0.215 0.165 0.055 0.08 0.07 0.04 0.01 0.03 0.025 0.065
 0.05 0.19 0.15 0.125 0.13 0.075 0.06 0.08 0.025 0.01 0.02 0.085
 0.095 0.145 0.115 0.12 0.18 0.1 0.065 0.03 0.035 0.035 0.03 0.05
 0.085 0.185 0.165 0.125 0.115 0.11 0.05 0.035 0.02 0.03 0.015 0.065
 0.075 0.21 0.21 0.095 0.115 0.065 0.075 0.045 0.015 0.03 0.01 0.055
 0.065 0.145 0.235 0.11 0.09 0.07 0.07 0.045 0.035 0.025 0.015 0.095
 0.095 0.215 0.22 0.12 0.06 0.04 0.055 0.04 0.045 0.02 0.02 0.07
 0.075 0.18 0.16 0.15 0.12 0.05 0.06 0.065 0.045 0.01 0.045 0.04
 0.085 0.2 0.155 0.14 0.08 0.1 0.07 0.03 0.045 0.025 0.03 0.04
 0.115 0.11 0.22 0.15 0.12 0.085 0.06 0.02 0.04 0.015 0.02 0.045
 0.08 0.27 0.135 0.13 0.07 0.09 0.045 0.07 0.04 0.02 0 0.05
 0.055 0.145 0.285 0.15 0.115 0.085 0.035 0.02 0.02 0.025 0.015 0.05
 0.09 0.12 0.175 0.23 0.1 0.115 0.045 0.025 0.035 0.01 0.015 0.04
 0.09 0.28 0.15 0.17 0.105 0.085 0.05 0.01 0.01 0.005 0.015 0.03
 0.125 0.285 0.195 0.135 0.045 0.09 0.05 0.04 0 0.015 0.005 0.015
 0.13 0.185 0.23 0.16 0.11 0.05 0.065 0.02 0.005 0.015 0.01 0.02
 0.1 0.26 0.23 0.18 0.095 0.035 0.02 0.035 0.01 0.01 0 0.025
 0.09 0.225 0.295 0.165 0.095 0.04 0.025 0.025 0.015 0.005 0.01 0.01
 0.095 0.255 0.21 0.225 0.125 0.025 0.03 0 0.025 0.01 0 0
 0.16 0.215 0.23 0.15 0.12 0.045 0.035 0.015 0.015 0.005 0.005 0.005
 0.09 0.25 0.23 0.14 0.105 0.09 0.025 0.035 0.01 0.005 0 0.02
 0.105 0.21 0.25 0.115 0.14 0.03 0.045 0.045 0.03 0.01 0.01 0.01
 0.14 0.285 0.185 0.115 0.13 0.035 0.045 0.03 0.01 0.01 0.005 0.01
# olc_ind

# obs_lse_ind
 0.198042 0.198042 0.198042 0.198042 0.198042 0.198042 0.198042 0.198042 0.198042 0.198042 0.198042 0.198042 0.198042 0.198042 0.198042 0.198042 0.198042 0.198042 0.198042 0.198042 0.198042 0.198042 0.198042 0.198042 0.198042 0.198042 0.198042 0.198042 0.198042 0.198042
# xages_fsh
 0 0 0 0 0 0 0 0 0 0 0 0
# xages_fsh
 0 0.0909091 0.181818 0.272727 0.363636 0.454545 0.545455 0.636364 0.727273 0.818182 0.909091 1
# xnodes_fsh

Yrs fsh_sel change:  1 0 0 0 0 0 0 0 0 0 0 0 0 0 0 0 0 0 0 0 0 0 0 0 0 0 0 0 0
Yrs ind_sel change:  1 0 0 0 0 0 0 0 0 0 0 0 0 0 0 0 0 0 0 0 0 0 0 0 0 0 0 0 0
# steepnessprior
0.75
# sigmarprior
0.2
#  SSB estimated in styr endyr: -13 28 
#  Rec estimated in styr endyr: -11 30 
#  SR Curve fit  in styr endyr: 1 30 
#             Model styr endyr: 1 30 
# qprior
 3.48998e-007
# q_power_prior 
 1 
# cv_catchbiomass 
0.05 
# CatchbiomassPen 
200 
# Number of projection years 
5 
# offset_fsh
 13380.1
# offset_ind
 13146
Mean Catch
1345.65
R_guess 
15.4648
# nfsh
1
# n_sel_ch_fsh
 1
# nselages_fsh
 11
# phase_selcoff_fsh
 -1
logRzero 15.4648
logmeanrec 15.4648
exp(log_sigmarprior 0.2
Fish sel phase: -1 FLEET1
Fixing fishery sel to
1
Srvy sel phase: -1
Fixing SURVEY1 indices sel to
1
# logsel_slp_in_indv
 0.693147
Leaving parameter init secton
# M
 0.2 0.2 0.2 0.2 0.2 0.2 0.2 0.2 0.2 0.2 0.2 0.2
 0.2 0.2 0.2 0.2 0.2 0.2 0.2 0.2 0.2 0.2 0.2 0.2
 0.2 0.2 0.2 0.2 0.2 0.2 0.2 0.2 0.2 0.2 0.2 0.2
 0.2 0.2 0.2 0.2 0.2 0.2 0.2 0.2 0.2 0.2 0.2 0.2
 0.2 0.2 0.2 0.2 0.2 0.2 0.2 0.2 0.2 0.2 0.2 0.2
 0.2 0.2 0.2 0.2 0.2 0.2 0.2 0.2 0.2 0.2 0.2 0.2
 0.2 0.2 0.2 0.2 0.2 0.2 0.2 0.2 0.2 0.2 0.2 0.2
 0.2 0.2 0.2 0.2 0.2 0.2 0.2 0.2 0.2 0.2 0.2 0.2
 0.2 0.2 0.2 0.2 0.2 0.2 0.2 0.2 0.2 0.2 0.2 0.2
 0.2 0.2 0.2 0.2 0.2 0.2 0.2 0.2 0.2 0.2 0.2 0.2
 0.2 0.2 0.2 0.2 0.2 0.2 0.2 0.2 0.2 0.2 0.2 0.2
 0.2 0.2 0.2 0.2 0.2 0.2 0.2 0.2 0.2 0.2 0.2 0.2
 0.2 0.2 0.2 0.2 0.2 0.2 0.2 0.2 0.2 0.2 0.2 0.2
 0.2 0.2 0.2 0.2 0.2 0.2 0.2 0.2 0.2 0.2 0.2 0.2
 0.2 0.2 0.2 0.2 0.2 0.2 0.2 0.2 0.2 0.2 0.2 0.2
 0.2 0.2 0.2 0.2 0.2 0.2 0.2 0.2 0.2 0.2 0.2 0.2
 0.2 0.2 0.2 0.2 0.2 0.2 0.2 0.2 0.2 0.2 0.2 0.2
 0.2 0.2 0.2 0.2 0.2 0.2 0.2 0.2 0.2 0.2 0.2 0.2
 0.2 0.2 0.2 0.2 0.2 0.2 0.2 0.2 0.2 0.2 0.2 0.2
 0.2 0.2 0.2 0.2 0.2 0.2 0.2 0.2 0.2 0.2 0.2 0.2
 0.2 0.2 0.2 0.2 0.2 0.2 0.2 0.2 0.2 0.2 0.2 0.2
 0.2 0.2 0.2 0.2 0.2 0.2 0.2 0.2 0.2 0.2 0.2 0.2
 0.2 0.2 0.2 0.2 0.2 0.2 0.2 0.2 0.2 0.2 0.2 0.2
 0.2 0.2 0.2 0.2 0.2 0.2 0.2 0.2 0.2 0.2 0.2 0.2
 0.2 0.2 0.2 0.2 0.2 0.2 0.2 0.2 0.2 0.2 0.2 0.2
 0.2 0.2 0.2 0.2 0.2 0.2 0.2 0.2 0.2 0.2 0.2 0.2
 0.2 0.2 0.2 0.2 0.2 0.2 0.2 0.2 0.2 0.2 0.2 0.2
 0.2 0.2 0.2 0.2 0.2 0.2 0.2 0.2 0.2 0.2 0.2 0.2
 0.2 0.2 0.2 0.2 0.2 0.2 0.2 0.2 0.2 0.2 0.2 0.2
 0.2 0.2 0.2 0.2 0.2 0.2 0.2 0.2 0.2 0.2 0.2 0.2
# mean_log_rec
13.7581
# log_Rzero
13.8627
# rec_dev
 -0.0660756 -0.0795892 -0.00200795 -0.126238 -0.0973806 0.163284 -0.00954765 0.0944577 0.0384303 0.0554893 0.0214352 0.0147084 -0.0111509 0.308678 0.0827538 -0.0299385 0.310896 0.446339 0.10977 0.127855 -0.0573089 0.0304989 0.254243 0.0539329 0.117272 0.0184817 0.086355 -0.162498 0.26007 -0.34965 -0.305712 -0.0222293 0.0161511 -0.0683778 0.129362 -0.110573 -0.14064 -0.186142 -0.142374 -0.349367 -0.130434 -0.263861
# fmort
 0.00910391 0.0263329 0.0440787 0.0598353 0.048454 0.0868017 0.0889198 0.18755 0.10995 0.132806 0.153185 0.163473 0.118016 0.170861 0.182915 0.163517 0.318135 0.261731 0.261098 0.256768 0.357276 0.260142 0.426725 0.351996 0.350182 0.318228 0.312302 0.427238 0.327169 0.503612
# rec_dev_future
 0 0 0 0 0
