AMAK;Mar 2020
# styr
1
# endyr
30
# rec_age
1
# oldest_age
12
# nlength
81
# len_bins
 10 11 12 13 14 15 16 17 18 19 20 21 22 23 24 25 26 27 28 29 30 31 32 33 34 35 36 37 38 39 40 41 42 43 44 45 46 47 48 49 50 51 52 53 54 55 56 57 58 59 60 61 62 63 64 65 66 67 68 69 70 71 72 73 74 75 76 77 78 79 80 81 82 83 84 85 86 87 88 89 90
# datafile_name
amak_data.dat
# model_name
AMAK_MCP
# styr
1
# endyr
30
# rec_age
1
# oldest_age
12
# nfsh
1
# fshname
FLEET1
# catch_bio_in
 161.563 457.831 739.363 961.77 739.344 1255.01 1195.04 2310.71 1222.6 1396.03 1465.13 1457.41 1001.38 1383.76 1376.01 1160.55 2075.75 1519.18 1381.8 1291.09 1638.17 1104 1712.99 1283.55 1209.91 1063.9 1016.52 1356.05 958.31 1348.5
# catch_bio_sd_in
 0.01 0.01 0.01 0.01 0.01 0.01 0.01 0.01 0.01 0.01 0.01 0.01 0.01 0.01 0.01 0.01 0.01 0.01 0.01 0.01 0.01 0.01 0.01 0.01 0.01 0.01 0.01 0.01 0.01 0.01
# nyrs_fsh_age
 30
# nyrs_fsh_length
 0
# yrs_fsh_age_in
 1 2 3 4 5 6 7 8 9 10 11 12 13 14 15 16 17 18 19 20 21 22 23 24 25 26 27 28 29 30
# yrs_fsh_length_in

# n_sample_fsh_length_in

# olc_fsh_in

# nind
1
# indname
SURVEY1
# nyrs_ind
 30
# yrs_ind_in
 1 2 3 4 5 6 7 8 9 10 11 12 13 14 15 16 17 18 19 20 21 22 23 24 25 26 27 28 29 30
# mo_ind
 1
# obs_ind_in
 1.68494 1.81069 1.29009 1.15771 1.46868 1.40262 1.46739 1.36529 1.15702 1.01054 1.15599 0.900065 1.30014 1.00691 0.849138 1.17197 0.890148 0.981547 0.811653 0.864637 0.776659 0.852979 0.786692 0.65737 0.690324 0.64723 0.671806 0.698566 0.484104 0.489592
# obs_se_ind_in
 0.336989 0.362137 0.258019 0.231542 0.293736 0.280525 0.293479 0.273059 0.231404 0.202108 0.231199 0.180013 0.260028 0.201383 0.169828 0.234394 0.17803 0.196309 0.162331 0.172927 0.155332 0.170596 0.157338 0.131474 0.138065 0.129446 0.134361 0.139713 0.0968208 0.0979185
# nyrs_ind_age
 30
# nyrs_ind_length
 0
# yrs_ind_age_in
 1 2 3 4 5 6 7 8 9 10 11 12 13 14 15 16 17 18 19 20 21 22 23 24 25 26 27 28 29 30
# yrs_ind_length_in

# yrs_ind_age_in
 1 2 3 4 5 6 7 8 9 10 11 12 13 14 15 16 17 18 19 20 21 22 23 24 25 26 27 28 29 30
# n_sample_ind_length_in

# olc_ind_in

# oac_ind_in
 0.05 0.12 0.195 0.115 0.07 0.105 0.055 0.065 0.025 0.045 0.035 0.12
 0.05 0.17 0.145 0.125 0.085 0.065 0.065 0.06 0.07 0.03 0.035 0.1
 0.075 0.08 0.135 0.115 0.105 0.065 0.085 0.055 0.04 0.065 0.03 0.15
 0.06 0.13 0.145 0.155 0.12 0.08 0.065 0.07 0.045 0.025 0.025 0.08
 0.05 0.17 0.135 0.15 0.125 0.09 0.045 0.05 0.07 0.03 0.01 0.075
 0.095 0.14 0.205 0.105 0.07 0.09 0.035 0.04 0.07 0.035 0.02 0.095
 0.035 0.23 0.1 0.165 0.06 0.075 0.08 0.05 0.055 0.01 0.03 0.11
 0.065 0.205 0.185 0.08 0.075 0.065 0.085 0.035 0.045 0.03 0.05 0.08
 0.07 0.125 0.175 0.165 0.07 0.085 0.06 0.035 0.035 0.02 0.035 0.125
 0.065 0.15 0.155 0.135 0.135 0.05 0.07 0.045 0.035 0.04 0.02 0.1
 0.065 0.215 0.16 0.155 0.11 0.11 0.04 0.04 0.005 0.015 0.02 0.065
 0.075 0.17 0.15 0.155 0.105 0.07 0.06 0.04 0.025 0.01 0.03 0.11
 0.06 0.205 0.18 0.11 0.1 0.1 0.045 0.045 0.03 0.035 0.015 0.075
 0.055 0.165 0.235 0.12 0.06 0.12 0.07 0.045 0.03 0.03 0.02 0.05
 0.135 0.185 0.135 0.15 0.09 0.09 0.045 0.035 0.01 0.035 0.025 0.065
 0.135 0.215 0.175 0.12 0.105 0.08 0.035 0.045 0.015 0.015 0.005 0.055
 0.1 0.155 0.19 0.14 0.13 0.08 0.045 0.035 0.025 0.02 0.015 0.065
 0.095 0.26 0.165 0.16 0.065 0.055 0.06 0.035 0.015 0.02 0.01 0.06
 0.075 0.165 0.235 0.15 0.115 0.08 0.08 0.02 0.02 0.015 0.02 0.025
 0.12 0.22 0.195 0.175 0.11 0.05 0.04 0.02 0.015 0.025 0.005 0.025
 0.145 0.215 0.205 0.12 0.155 0.075 0.03 0.01 0.005 0.015 0 0.025
 0.12 0.27 0.24 0.095 0.07 0.06 0.035 0.04 0.01 0.015 0.01 0.035
 0.135 0.165 0.295 0.135 0.07 0.04 0.075 0.04 0.01 0.025 0.005 0.005
 0.125 0.255 0.17 0.225 0.095 0.03 0.055 0.02 0.015 0 0.005 0.005
 0.11 0.21 0.25 0.145 0.155 0.04 0.045 0.02 0.01 0.005 0.005 0.005
 0.115 0.29 0.19 0.155 0.075 0.07 0.045 0.025 0 0.025 0 0.01
 0.145 0.31 0.17 0.16 0.095 0.04 0.02 0.025 0.015 0 0.005 0.015
 0.09 0.32 0.175 0.15 0.09 0.08 0.035 0.03 0.005 0.005 0.005 0.015
 0.16 0.21 0.19 0.16 0.095 0.07 0.045 0.005 0.025 0.03 0.01 0
 0.16 0.25 0.21 0.17 0.07 0.06 0.03 0.015 0.015 0.005 0 0.015
# wt_ind
 1 1 1 1 1 1 1 1 1 1 1 1
 1 1 1 1 1 1 1 1 1 1 1 1
 1 1 1 1 1 1 1 1 1 1 1 1
 1 1 1 1 1 1 1 1 1 1 1 1
 1 1 1 1 1 1 1 1 1 1 1 1
 1 1 1 1 1 1 1 1 1 1 1 1
 1 1 1 1 1 1 1 1 1 1 1 1
 1 1 1 1 1 1 1 1 1 1 1 1
 1 1 1 1 1 1 1 1 1 1 1 1
 1 1 1 1 1 1 1 1 1 1 1 1
 1 1 1 1 1 1 1 1 1 1 1 1
 1 1 1 1 1 1 1 1 1 1 1 1
 1 1 1 1 1 1 1 1 1 1 1 1
 1 1 1 1 1 1 1 1 1 1 1 1
 1 1 1 1 1 1 1 1 1 1 1 1
 1 1 1 1 1 1 1 1 1 1 1 1
 1 1 1 1 1 1 1 1 1 1 1 1
 1 1 1 1 1 1 1 1 1 1 1 1
 1 1 1 1 1 1 1 1 1 1 1 1
 1 1 1 1 1 1 1 1 1 1 1 1
 1 1 1 1 1 1 1 1 1 1 1 1
 1 1 1 1 1 1 1 1 1 1 1 1
 1 1 1 1 1 1 1 1 1 1 1 1
 1 1 1 1 1 1 1 1 1 1 1 1
 1 1 1 1 1 1 1 1 1 1 1 1
 1 1 1 1 1 1 1 1 1 1 1 1
 1 1 1 1 1 1 1 1 1 1 1 1
 1 1 1 1 1 1 1 1 1 1 1 1
 1 1 1 1 1 1 1 1 1 1 1 1
 1 1 1 1 1 1 1 1 1 1 1 1
# wt_pop
 0.000530656 0.00119633 0.00205827 0.00303499 0.00405521 0.0050647 0.00602623 0.00691692 0.00772489 0.00844611 0.00908185 0.0096367
# maturity
 0.0229774 0.320821 0.904651 0.99478 0.999739 0.999987 0.999999 1 1 1 1 1
# spawnmo
1
# age_err
 1 0 0 0 0 0 0 0 0 0 0 0
 0 1 0 0 0 0 0 0 0 0 0 0
 0 0 1 0 0 0 0 0 0 0 0 0
 0 0 0 1 0 0 0 0 0 0 0 0
 0 0 0 0 1 0 0 0 0 0 0 0
 0 0 0 0 0 1 0 0 0 0 0 0
 0 0 0 0 0 0 1 0 0 0 0 0
 0 0 0 0 0 0 0 1 0 0 0 0
 0 0 0 0 0 0 0 0 1 0 0 0
 0 0 0 0 0 0 0 0 0 1 0 0
 0 0 0 0 0 0 0 0 0 0 1 0
 0 0 0 0 0 0 0 0 0 0 0 1
# cntrlfile_name
C:\Users\bai.li\DOCUME~1\Github\AGE_ST~1\ASSAMC\example\output\AMAK\s74\amak.dat
# Map shared selectivity: 
# sel_map
 1 2
 1 1
# datafile_name
amak_data.dat
# model_name
AMAK_MCP
# SrType
2
# use_age_err
0
# retro
0
# sigmarprior
0.2
# cvsigmarprior
0.25
# phase_sigmar
-3
# styr_rec_est
1
# endyr_rec_est
30
# Linfprior
80
# cvLinfprior
0.25
# kprior
0.18
# cvkprior
0.25
# Loprior
27.688
# cvLoprior
0.25
# sdageprior
0.1
# cvsdageprior
0.25
# natmortprior
0.2
# cvnatmortprior
0.25
# phase_M
-4
# npars_Mage
0
# ages_M_changes

# Mage_in

# Mage_offset_in

# phase_Mage
-5
# phase_rw_M
0
# npars_rw_M
0
# yrs_rw_M

# sigma_rw_M

# qprior
 3.48998e-007
# cvqprior
 1
# phase_q
 1
# q_power_prior
 1
# cvq_power_prior
 0.2
# phase_q_power
 -4
# phase_rw_q
 -1
# npars_rw_q
 0
# yrs_rw_q

# sigma_rw_q

# q_age_min
 1
# q_age_max
 12
# q_age_min
 1
# q_age_max
 12
# fsh_sel_opt(k)
2
# phase_sel_fsh(k)
2
# n_sel_ch_fsh(k)
1
# sel_slp_in_fsh(k)(1,n_sel_ch_fsh(k))
 1
# sel_inf_in_fsh(k)(1,n_sel_ch_fsh(k))
 2
# logsel_slp_in_fsh(k)(1,n_sel_ch_fsh(k))
 0
# yrs_sel_ch_fsh(k)(1,n_sel_ch_fsh(k))
 1

Survey SURVEY1
# ind_sel_opt(k)
2
# indname(k)
SURVEY1
# nselages_in_ind(k)
11
# phase_sel_ind(k)
2
# sel_change_in_ind(k)
 1 0 0 0 0 0 0 0 0 0 0 0 0 0 0 0 0 0 0 0 0 0 0 0 0 0 0 0 0 0
# n_sel_ch_ind(k)
1
# yrs_sel_ch_ind(k)(1,n_sel_ch_ind(k))
 1
# sel_slp_in_ind(k,1)
2
# sel_inf_in_ind(k,1)
1.5
# logsel_slp_in_ind(k,1)
0.693147
# logsel_slp_in_indv(k)
0.693147
SURVEY1 ind sel opt 2  1 0 0 0 0 0 0 0 0 0 0 0 0 0 0 0 0 0 0 0 0 0 0 0 0 0 0 0 0 0
Phase indices Sel_Coffs:  -1
 Test: 1.23457e+008
# Fshry Selages:  11
# Srvy  Selages:  11
# Phase for age-spec fishery  -1
# Phase for logistic fishery  2
# Phase for dble logistic fishery  -1
# Phase for age-spec indices   -1
# Phase for logistic indices   2
# Phase for dble logistic ind  -1
# Curv_pen_fsh: 
 0
# Curv_pen_ind: 
 0
# styr_fut
31
# endyr_fut
35
# nyrs_fsh_age
 30
# nyrs_fsh_age
 30
# yrs_fsh_age
 1 2 3 4 5 6 7 8 9 10 11 12 13 14 15 16 17 18 19 20 21 22 23 24 25 26 27 28 29 30
# n_sample_fsh_age
 200 200 200 200 200 200 200 200 200 200 200 200 200 200 200 200 200 200 200 200 200 200 200 200 200 200 200 200 200 200
# oac_fsh
 0.06 0.08 0.095 0.125 0.14 0.08 0.1 0.085 0.04 0.015 0.045 0.135
 0.075 0.11 0.13 0.125 0.09 0.095 0.1 0.04 0.025 0.045 0.03 0.135
 0.045 0.115 0.1 0.11 0.11 0.115 0.105 0.065 0.055 0.035 0.035 0.11
 0.09 0.08 0.15 0.11 0.095 0.08 0.065 0.035 0.085 0.035 0.025 0.15
 0.075 0.09 0.11 0.145 0.115 0.085 0.07 0.06 0.045 0.035 0.03 0.14
 0.09 0.095 0.13 0.11 0.135 0.065 0.07 0.06 0.035 0.05 0.035 0.125
 0.105 0.155 0.13 0.115 0.085 0.1 0.045 0.045 0.05 0.02 0.025 0.125
 0.08 0.135 0.205 0.105 0.11 0.045 0.085 0.07 0.05 0.025 0.015 0.075
 0.05 0.11 0.195 0.14 0.07 0.075 0.055 0.055 0.055 0.065 0.03 0.1
 0.07 0.145 0.155 0.18 0.13 0.05 0.095 0.04 0.005 0.015 0.025 0.09
 0.105 0.18 0.135 0.13 0.075 0.1 0.06 0.04 0.03 0.02 0.01 0.115
 0.145 0.145 0.145 0.11 0.075 0.135 0.045 0.045 0.015 0.015 0.025 0.1
 0.1 0.16 0.165 0.115 0.095 0.065 0.05 0.11 0.03 0.03 0.005 0.075
 0.13 0.135 0.22 0.15 0.095 0.08 0.045 0.035 0.04 0.01 0.01 0.05
 0.11 0.13 0.11 0.185 0.06 0.09 0.09 0.045 0.065 0.035 0.015 0.065
 0.16 0.175 0.125 0.095 0.16 0.05 0.05 0.06 0.025 0.015 0.02 0.065
 0.14 0.15 0.16 0.155 0.085 0.09 0.065 0.045 0.02 0.025 0.005 0.06
 0.135 0.18 0.195 0.155 0.08 0.06 0.07 0.02 0.03 0.025 0.005 0.045
 0.115 0.11 0.215 0.165 0.115 0.075 0.03 0.05 0.025 0.035 0.025 0.04
 0.11 0.135 0.235 0.145 0.115 0.09 0.025 0.045 0.015 0.03 0.02 0.035
 0.205 0.235 0.14 0.13 0.105 0.06 0.045 0.025 0.015 0.025 0 0.015
 0.095 0.235 0.19 0.11 0.08 0.08 0.055 0.075 0.025 0.005 0.015 0.035
 0.15 0.17 0.245 0.175 0.065 0.06 0.06 0.04 0.02 0.005 0.01 0
 0.13 0.2 0.13 0.225 0.095 0.085 0.035 0.04 0.015 0.005 0.01 0.03
 0.18 0.19 0.205 0.11 0.14 0.07 0.045 0.01 0.02 0.01 0.01 0.01
 0.12 0.16 0.23 0.195 0.1 0.065 0.05 0.03 0.005 0.005 0.01 0.03
 0.15 0.175 0.2 0.15 0.145 0.045 0.065 0.02 0.035 0 0.005 0.01
 0.115 0.245 0.18 0.205 0.11 0.07 0.035 0.02 0.015 0 0 0.005
 0.1 0.195 0.25 0.1 0.12 0.11 0.065 0.015 0.01 0.01 0.01 0.015
 0.19 0.195 0.19 0.19 0.08 0.055 0.025 0.03 0.015 0.01 0.005 0.015
# olc_fsh

# wt_fsh
 0.000530656 0.00119633 0.00205827 0.00303499 0.00405521 0.0050647 0.00602623 0.00691692 0.00772489 0.00844611 0.00908185 0.0096367
 0.000530656 0.00119633 0.00205827 0.00303499 0.00405521 0.0050647 0.00602623 0.00691692 0.00772489 0.00844611 0.00908185 0.0096367
 0.000530656 0.00119633 0.00205827 0.00303499 0.00405521 0.0050647 0.00602623 0.00691692 0.00772489 0.00844611 0.00908185 0.0096367
 0.000530656 0.00119633 0.00205827 0.00303499 0.00405521 0.0050647 0.00602623 0.00691692 0.00772489 0.00844611 0.00908185 0.0096367
 0.000530656 0.00119633 0.00205827 0.00303499 0.00405521 0.0050647 0.00602623 0.00691692 0.00772489 0.00844611 0.00908185 0.0096367
 0.000530656 0.00119633 0.00205827 0.00303499 0.00405521 0.0050647 0.00602623 0.00691692 0.00772489 0.00844611 0.00908185 0.0096367
 0.000530656 0.00119633 0.00205827 0.00303499 0.00405521 0.0050647 0.00602623 0.00691692 0.00772489 0.00844611 0.00908185 0.0096367
 0.000530656 0.00119633 0.00205827 0.00303499 0.00405521 0.0050647 0.00602623 0.00691692 0.00772489 0.00844611 0.00908185 0.0096367
 0.000530656 0.00119633 0.00205827 0.00303499 0.00405521 0.0050647 0.00602623 0.00691692 0.00772489 0.00844611 0.00908185 0.0096367
 0.000530656 0.00119633 0.00205827 0.00303499 0.00405521 0.0050647 0.00602623 0.00691692 0.00772489 0.00844611 0.00908185 0.0096367
 0.000530656 0.00119633 0.00205827 0.00303499 0.00405521 0.0050647 0.00602623 0.00691692 0.00772489 0.00844611 0.00908185 0.0096367
 0.000530656 0.00119633 0.00205827 0.00303499 0.00405521 0.0050647 0.00602623 0.00691692 0.00772489 0.00844611 0.00908185 0.0096367
 0.000530656 0.00119633 0.00205827 0.00303499 0.00405521 0.0050647 0.00602623 0.00691692 0.00772489 0.00844611 0.00908185 0.0096367
 0.000530656 0.00119633 0.00205827 0.00303499 0.00405521 0.0050647 0.00602623 0.00691692 0.00772489 0.00844611 0.00908185 0.0096367
 0.000530656 0.00119633 0.00205827 0.00303499 0.00405521 0.0050647 0.00602623 0.00691692 0.00772489 0.00844611 0.00908185 0.0096367
 0.000530656 0.00119633 0.00205827 0.00303499 0.00405521 0.0050647 0.00602623 0.00691692 0.00772489 0.00844611 0.00908185 0.0096367
 0.000530656 0.00119633 0.00205827 0.00303499 0.00405521 0.0050647 0.00602623 0.00691692 0.00772489 0.00844611 0.00908185 0.0096367
 0.000530656 0.00119633 0.00205827 0.00303499 0.00405521 0.0050647 0.00602623 0.00691692 0.00772489 0.00844611 0.00908185 0.0096367
 0.000530656 0.00119633 0.00205827 0.00303499 0.00405521 0.0050647 0.00602623 0.00691692 0.00772489 0.00844611 0.00908185 0.0096367
 0.000530656 0.00119633 0.00205827 0.00303499 0.00405521 0.0050647 0.00602623 0.00691692 0.00772489 0.00844611 0.00908185 0.0096367
 0.000530656 0.00119633 0.00205827 0.00303499 0.00405521 0.0050647 0.00602623 0.00691692 0.00772489 0.00844611 0.00908185 0.0096367
 0.000530656 0.00119633 0.00205827 0.00303499 0.00405521 0.0050647 0.00602623 0.00691692 0.00772489 0.00844611 0.00908185 0.0096367
 0.000530656 0.00119633 0.00205827 0.00303499 0.00405521 0.0050647 0.00602623 0.00691692 0.00772489 0.00844611 0.00908185 0.0096367
 0.000530656 0.00119633 0.00205827 0.00303499 0.00405521 0.0050647 0.00602623 0.00691692 0.00772489 0.00844611 0.00908185 0.0096367
 0.000530656 0.00119633 0.00205827 0.00303499 0.00405521 0.0050647 0.00602623 0.00691692 0.00772489 0.00844611 0.00908185 0.0096367
 0.000530656 0.00119633 0.00205827 0.00303499 0.00405521 0.0050647 0.00602623 0.00691692 0.00772489 0.00844611 0.00908185 0.0096367
 0.000530656 0.00119633 0.00205827 0.00303499 0.00405521 0.0050647 0.00602623 0.00691692 0.00772489 0.00844611 0.00908185 0.0096367
 0.000530656 0.00119633 0.00205827 0.00303499 0.00405521 0.0050647 0.00602623 0.00691692 0.00772489 0.00844611 0.00908185 0.0096367
 0.000530656 0.00119633 0.00205827 0.00303499 0.00405521 0.0050647 0.00602623 0.00691692 0.00772489 0.00844611 0.00908185 0.0096367
 0.000530656 0.00119633 0.00205827 0.00303499 0.00405521 0.0050647 0.00602623 0.00691692 0.00772489 0.00844611 0.00908185 0.0096367
# nyrs_ind_age
 30
# yrs_ind_age
 1 2 3 4 5 6 7 8 9 10 11 12 13 14 15 16 17 18 19 20 21 22 23 24 25 26 27 28 29 30
# n_sample_ind_age
 200 200 200 200 200 200 200 200 200 200 200 200 200 200 200 200 200 200 200 200 200 200 200 200 200 200 200 200 200 200
# oac_ind
 0.05 0.12 0.195 0.115 0.07 0.105 0.055 0.065 0.025 0.045 0.035 0.12
 0.05 0.17 0.145 0.125 0.085 0.065 0.065 0.06 0.07 0.03 0.035 0.1
 0.075 0.08 0.135 0.115 0.105 0.065 0.085 0.055 0.04 0.065 0.03 0.15
 0.06 0.13 0.145 0.155 0.12 0.08 0.065 0.07 0.045 0.025 0.025 0.08
 0.05 0.17 0.135 0.15 0.125 0.09 0.045 0.05 0.07 0.03 0.01 0.075
 0.095 0.14 0.205 0.105 0.07 0.09 0.035 0.04 0.07 0.035 0.02 0.095
 0.035 0.23 0.1 0.165 0.06 0.075 0.08 0.05 0.055 0.01 0.03 0.11
 0.065 0.205 0.185 0.08 0.075 0.065 0.085 0.035 0.045 0.03 0.05 0.08
 0.07 0.125 0.175 0.165 0.07 0.085 0.06 0.035 0.035 0.02 0.035 0.125
 0.065 0.15 0.155 0.135 0.135 0.05 0.07 0.045 0.035 0.04 0.02 0.1
 0.065 0.215 0.16 0.155 0.11 0.11 0.04 0.04 0.005 0.015 0.02 0.065
 0.075 0.17 0.15 0.155 0.105 0.07 0.06 0.04 0.025 0.01 0.03 0.11
 0.06 0.205 0.18 0.11 0.1 0.1 0.045 0.045 0.03 0.035 0.015 0.075
 0.055 0.165 0.235 0.12 0.06 0.12 0.07 0.045 0.03 0.03 0.02 0.05
 0.135 0.185 0.135 0.15 0.09 0.09 0.045 0.035 0.01 0.035 0.025 0.065
 0.135 0.215 0.175 0.12 0.105 0.08 0.035 0.045 0.015 0.015 0.005 0.055
 0.1 0.155 0.19 0.14 0.13 0.08 0.045 0.035 0.025 0.02 0.015 0.065
 0.095 0.26 0.165 0.16 0.065 0.055 0.06 0.035 0.015 0.02 0.01 0.06
 0.075 0.165 0.235 0.15 0.115 0.08 0.08 0.02 0.02 0.015 0.02 0.025
 0.12 0.22 0.195 0.175 0.11 0.05 0.04 0.02 0.015 0.025 0.005 0.025
 0.145 0.215 0.205 0.12 0.155 0.075 0.03 0.01 0.005 0.015 0 0.025
 0.12 0.27 0.24 0.095 0.07 0.06 0.035 0.04 0.01 0.015 0.01 0.035
 0.135 0.165 0.295 0.135 0.07 0.04 0.075 0.04 0.01 0.025 0.005 0.005
 0.125 0.255 0.17 0.225 0.095 0.03 0.055 0.02 0.015 0 0.005 0.005
 0.11 0.21 0.25 0.145 0.155 0.04 0.045 0.02 0.01 0.005 0.005 0.005
 0.115 0.29 0.19 0.155 0.075 0.07 0.045 0.025 0 0.025 0 0.01
 0.145 0.31 0.17 0.16 0.095 0.04 0.02 0.025 0.015 0 0.005 0.015
 0.09 0.32 0.175 0.15 0.09 0.08 0.035 0.03 0.005 0.005 0.005 0.015
 0.16 0.21 0.19 0.16 0.095 0.07 0.045 0.005 0.025 0.03 0.01 0
 0.16 0.25 0.21 0.17 0.07 0.06 0.03 0.015 0.015 0.005 0 0.015
# olc_ind

# obs_lse_ind
 0.198042 0.198042 0.198042 0.198042 0.198042 0.198042 0.198042 0.198042 0.198042 0.198042 0.198042 0.198042 0.198042 0.198042 0.198042 0.198042 0.198042 0.198042 0.198042 0.198042 0.198042 0.198042 0.198042 0.198042 0.198042 0.198042 0.198042 0.198042 0.198042 0.198042
# xages_fsh
 0 0 0 0 0 0 0 0 0 0 0 0
# xages_fsh
 0 0.0909091 0.181818 0.272727 0.363636 0.454545 0.545455 0.636364 0.727273 0.818182 0.909091 1
# xnodes_fsh

Yrs fsh_sel change:  1 0 0 0 0 0 0 0 0 0 0 0 0 0 0 0 0 0 0 0 0 0 0 0 0 0 0 0 0
Yrs ind_sel change:  1 0 0 0 0 0 0 0 0 0 0 0 0 0 0 0 0 0 0 0 0 0 0 0 0 0 0 0 0
# steepnessprior
0.75
# sigmarprior
0.2
#  SSB estimated in styr endyr: -13 28 
#  Rec estimated in styr endyr: -11 30 
#  SR Curve fit  in styr endyr: 1 30 
#             Model styr endyr: 1 30 
# qprior
 3.48998e-007
# q_power_prior 
 1 
# cv_catchbiomass 
0.05 
# CatchbiomassPen 
200 
# Number of projection years 
5 
# offset_fsh
 13466.3
# offset_ind
 13151.4
Mean Catch
1241.44
R_guess 
15.3842
# nfsh
1
# n_sel_ch_fsh
 1
# nselages_fsh
 11
# phase_selcoff_fsh
 -1
logRzero 15.3842
logmeanrec 15.3842
exp(log_sigmarprior 0.2
Fish sel phase: -1 FLEET1
Fixing fishery sel to
1
Srvy sel phase: -1
Fixing SURVEY1 indices sel to
1
# logsel_slp_in_indv
 0.693147
Leaving parameter init secton
# M
 0.2 0.2 0.2 0.2 0.2 0.2 0.2 0.2 0.2 0.2 0.2 0.2
 0.2 0.2 0.2 0.2 0.2 0.2 0.2 0.2 0.2 0.2 0.2 0.2
 0.2 0.2 0.2 0.2 0.2 0.2 0.2 0.2 0.2 0.2 0.2 0.2
 0.2 0.2 0.2 0.2 0.2 0.2 0.2 0.2 0.2 0.2 0.2 0.2
 0.2 0.2 0.2 0.2 0.2 0.2 0.2 0.2 0.2 0.2 0.2 0.2
 0.2 0.2 0.2 0.2 0.2 0.2 0.2 0.2 0.2 0.2 0.2 0.2
 0.2 0.2 0.2 0.2 0.2 0.2 0.2 0.2 0.2 0.2 0.2 0.2
 0.2 0.2 0.2 0.2 0.2 0.2 0.2 0.2 0.2 0.2 0.2 0.2
 0.2 0.2 0.2 0.2 0.2 0.2 0.2 0.2 0.2 0.2 0.2 0.2
 0.2 0.2 0.2 0.2 0.2 0.2 0.2 0.2 0.2 0.2 0.2 0.2
 0.2 0.2 0.2 0.2 0.2 0.2 0.2 0.2 0.2 0.2 0.2 0.2
 0.2 0.2 0.2 0.2 0.2 0.2 0.2 0.2 0.2 0.2 0.2 0.2
 0.2 0.2 0.2 0.2 0.2 0.2 0.2 0.2 0.2 0.2 0.2 0.2
 0.2 0.2 0.2 0.2 0.2 0.2 0.2 0.2 0.2 0.2 0.2 0.2
 0.2 0.2 0.2 0.2 0.2 0.2 0.2 0.2 0.2 0.2 0.2 0.2
 0.2 0.2 0.2 0.2 0.2 0.2 0.2 0.2 0.2 0.2 0.2 0.2
 0.2 0.2 0.2 0.2 0.2 0.2 0.2 0.2 0.2 0.2 0.2 0.2
 0.2 0.2 0.2 0.2 0.2 0.2 0.2 0.2 0.2 0.2 0.2 0.2
 0.2 0.2 0.2 0.2 0.2 0.2 0.2 0.2 0.2 0.2 0.2 0.2
 0.2 0.2 0.2 0.2 0.2 0.2 0.2 0.2 0.2 0.2 0.2 0.2
 0.2 0.2 0.2 0.2 0.2 0.2 0.2 0.2 0.2 0.2 0.2 0.2
 0.2 0.2 0.2 0.2 0.2 0.2 0.2 0.2 0.2 0.2 0.2 0.2
 0.2 0.2 0.2 0.2 0.2 0.2 0.2 0.2 0.2 0.2 0.2 0.2
 0.2 0.2 0.2 0.2 0.2 0.2 0.2 0.2 0.2 0.2 0.2 0.2
 0.2 0.2 0.2 0.2 0.2 0.2 0.2 0.2 0.2 0.2 0.2 0.2
 0.2 0.2 0.2 0.2 0.2 0.2 0.2 0.2 0.2 0.2 0.2 0.2
 0.2 0.2 0.2 0.2 0.2 0.2 0.2 0.2 0.2 0.2 0.2 0.2
 0.2 0.2 0.2 0.2 0.2 0.2 0.2 0.2 0.2 0.2 0.2 0.2
 0.2 0.2 0.2 0.2 0.2 0.2 0.2 0.2 0.2 0.2 0.2 0.2
 0.2 0.2 0.2 0.2 0.2 0.2 0.2 0.2 0.2 0.2 0.2 0.2
# mean_log_rec
13.7534
# log_Rzero
13.7616
# rec_dev
 -0.102362 -0.122542 0.000117398 -0.0950952 -0.108261 0.0894324 -0.0440748 0.112685 0.102847 0.0128543 0.0679167 0.0276394 0.0585181 0.0543348 -0.162724 0.0971004 -0.151902 0.287519 0.111747 -0.0535142 -0.0206285 -0.0746065 -0.0990027 0.120667 -0.203615 -0.136871 0.0503042 0.0173158 0.120528 -0.197516 -0.213025 -0.0265657 0.198997 -0.308901 -0.0126475 -0.178949 -0.187705 -0.323784 -0.130422 -0.409772 -0.372869 -0.181415
# fmort
 0.00933009 0.0266952 0.0443046 0.0601635 0.0483752 0.0864753 0.0875153 0.185801 0.108122 0.131241 0.148369 0.159508 0.11548 0.166966 0.177444 0.157478 0.307433 0.252197 0.246766 0.245655 0.338754 0.242447 0.401204 0.332206 0.33184 0.304389 0.297782 0.426871 0.32773 0.509802
# rec_dev_future
 0 0 0 0 0
