AMAK;Mar 2020
# styr
1
# endyr
30
# rec_age
1
# oldest_age
12
# nlength
81
# len_bins
 10 11 12 13 14 15 16 17 18 19 20 21 22 23 24 25 26 27 28 29 30 31 32 33 34 35 36 37 38 39 40 41 42 43 44 45 46 47 48 49 50 51 52 53 54 55 56 57 58 59 60 61 62 63 64 65 66 67 68 69 70 71 72 73 74 75 76 77 78 79 80 81 82 83 84 85 86 87 88 89 90
# datafile_name
amak_data.dat
# model_name
AMAK_MCP
# styr
1
# endyr
30
# rec_age
1
# oldest_age
12
# nfsh
1
# fshname
FLEET1
# catch_bio_in
 161.992 458.502 740.194 951.099 719.607 1233.08 1180.45 2261.48 1213.83 1404.21 1495.5 1487.22 1013.94 1419.26 1398.57 1170.46 2042.5 1440.82 1323.29 1276.38 1702 1192.8 1810.17 1333.27 1216.3 1042.26 978.777 1304.24 962.115 1436.39
# catch_bio_sd_in
 0.01 0.01 0.01 0.01 0.01 0.01 0.01 0.01 0.01 0.01 0.01 0.01 0.01 0.01 0.01 0.01 0.01 0.01 0.01 0.01 0.01 0.01 0.01 0.01 0.01 0.01 0.01 0.01 0.01 0.01
# nyrs_fsh_age
 30
# nyrs_fsh_length
 0
# yrs_fsh_age_in
 1 2 3 4 5 6 7 8 9 10 11 12 13 14 15 16 17 18 19 20 21 22 23 24 25 26 27 28 29 30
# yrs_fsh_length_in

# n_sample_fsh_length_in

# olc_fsh_in

# nind
1
# indname
SURVEY1
# nyrs_ind
 30
# yrs_ind_in
 1 2 3 4 5 6 7 8 9 10 11 12 13 14 15 16 17 18 19 20 21 22 23 24 25 26 27 28 29 30
# mo_ind
 1
# obs_ind_in
 1.61779 1.57027 1.71915 1.20485 1.43419 1.47877 1.39783 1.31472 1.33545 1.18993 0.964504 1.0131 1.24148 1.0577 1.04984 0.870576 0.873103 0.906299 0.826019 0.919821 0.94308 0.700097 0.659722 0.781329 0.552789 0.687091 0.548369 0.581668 0.567048 0.582781
# obs_se_ind_in
 0.323558 0.314054 0.343831 0.24097 0.286839 0.295754 0.279567 0.262945 0.26709 0.237986 0.192901 0.202621 0.248295 0.211541 0.209968 0.174115 0.174621 0.18126 0.165204 0.183964 0.188616 0.140019 0.131944 0.156266 0.110558 0.137418 0.109674 0.116334 0.11341 0.116556
# nyrs_ind_age
 30
# nyrs_ind_length
 0
# yrs_ind_age_in
 1 2 3 4 5 6 7 8 9 10 11 12 13 14 15 16 17 18 19 20 21 22 23 24 25 26 27 28 29 30
# yrs_ind_length_in

# yrs_ind_age_in
 1 2 3 4 5 6 7 8 9 10 11 12 13 14 15 16 17 18 19 20 21 22 23 24 25 26 27 28 29 30
# n_sample_ind_length_in

# olc_ind_in

# oac_ind_in
 0.045 0.16 0.135 0.105 0.115 0.09 0.07 0.055 0.05 0.035 0.03 0.11
 0.045 0.145 0.165 0.155 0.12 0.065 0.07 0.04 0.025 0.045 0.02 0.105
 0.08 0.1 0.115 0.14 0.125 0.095 0.085 0.055 0.04 0.045 0.025 0.095
 0.055 0.145 0.075 0.11 0.12 0.08 0.065 0.07 0.05 0.045 0.025 0.16
 0.09 0.11 0.14 0.12 0.12 0.085 0.09 0.055 0.045 0.025 0.04 0.08
 0.095 0.165 0.085 0.115 0.07 0.07 0.065 0.075 0.04 0.025 0.03 0.165
 0.06 0.15 0.2 0.115 0.085 0.055 0.045 0.075 0.035 0.025 0.035 0.12
 0.055 0.13 0.165 0.125 0.12 0.095 0.08 0.015 0.035 0.02 0.02 0.14
 0.065 0.185 0.245 0.09 0.15 0.05 0.04 0.03 0.02 0.015 0.02 0.09
 0.045 0.145 0.225 0.11 0.09 0.115 0.05 0.055 0.02 0.03 0.025 0.09
 0.075 0.13 0.16 0.195 0.12 0.075 0.07 0.045 0.035 0.015 0.02 0.06
 0.095 0.165 0.165 0.12 0.145 0.06 0.035 0.045 0.02 0.04 0.02 0.09
 0.08 0.175 0.135 0.14 0.14 0.11 0.075 0.035 0.02 0.02 0.03 0.04
 0.04 0.22 0.27 0.12 0.055 0.035 0.1 0.03 0.03 0.02 0.03 0.05
 0.065 0.2 0.14 0.215 0.09 0.04 0.05 0.045 0.02 0.02 0.015 0.1
 0.085 0.185 0.19 0.125 0.13 0.055 0.045 0.06 0.045 0.025 0.015 0.04
 0.115 0.185 0.175 0.12 0.105 0.11 0.04 0.045 0.02 0.02 0.025 0.04
 0.115 0.205 0.18 0.13 0.105 0.03 0.09 0.05 0.005 0.02 0.02 0.05
 0.145 0.255 0.19 0.085 0.06 0.07 0.04 0.06 0.02 0.01 0.015 0.05
 0.11 0.255 0.18 0.17 0.095 0.06 0.035 0.035 0.02 0.01 0.005 0.025
 0.105 0.23 0.245 0.15 0.105 0.06 0.015 0.035 0 0.025 0.01 0.02
 0.09 0.21 0.23 0.195 0.11 0.07 0.005 0.03 0.03 0.01 0.005 0.015
 0.11 0.18 0.26 0.12 0.16 0.055 0.045 0.015 0.02 0.01 0 0.025
 0.1 0.295 0.185 0.12 0.1 0.075 0.045 0.03 0.025 0.015 0 0.01
 0.135 0.21 0.24 0.14 0.08 0.085 0.05 0.03 0.01 0.005 0 0.015
 0.105 0.205 0.22 0.125 0.12 0.09 0.04 0.03 0.02 0.025 0.005 0.015
 0.14 0.265 0.175 0.17 0.095 0.035 0.055 0.025 0.03 0.005 0.005 0
 0.185 0.18 0.245 0.155 0.075 0.06 0.05 0.01 0.015 0.015 0.005 0.005
 0.165 0.275 0.22 0.16 0.075 0.07 0.01 0.01 0.01 0 0.005 0
 0.16 0.265 0.285 0.115 0.09 0.03 0.03 0.005 0.005 0.005 0.005 0.005
# wt_ind
 1 1 1 1 1 1 1 1 1 1 1 1
 1 1 1 1 1 1 1 1 1 1 1 1
 1 1 1 1 1 1 1 1 1 1 1 1
 1 1 1 1 1 1 1 1 1 1 1 1
 1 1 1 1 1 1 1 1 1 1 1 1
 1 1 1 1 1 1 1 1 1 1 1 1
 1 1 1 1 1 1 1 1 1 1 1 1
 1 1 1 1 1 1 1 1 1 1 1 1
 1 1 1 1 1 1 1 1 1 1 1 1
 1 1 1 1 1 1 1 1 1 1 1 1
 1 1 1 1 1 1 1 1 1 1 1 1
 1 1 1 1 1 1 1 1 1 1 1 1
 1 1 1 1 1 1 1 1 1 1 1 1
 1 1 1 1 1 1 1 1 1 1 1 1
 1 1 1 1 1 1 1 1 1 1 1 1
 1 1 1 1 1 1 1 1 1 1 1 1
 1 1 1 1 1 1 1 1 1 1 1 1
 1 1 1 1 1 1 1 1 1 1 1 1
 1 1 1 1 1 1 1 1 1 1 1 1
 1 1 1 1 1 1 1 1 1 1 1 1
 1 1 1 1 1 1 1 1 1 1 1 1
 1 1 1 1 1 1 1 1 1 1 1 1
 1 1 1 1 1 1 1 1 1 1 1 1
 1 1 1 1 1 1 1 1 1 1 1 1
 1 1 1 1 1 1 1 1 1 1 1 1
 1 1 1 1 1 1 1 1 1 1 1 1
 1 1 1 1 1 1 1 1 1 1 1 1
 1 1 1 1 1 1 1 1 1 1 1 1
 1 1 1 1 1 1 1 1 1 1 1 1
 1 1 1 1 1 1 1 1 1 1 1 1
# wt_pop
 0.000530656 0.00119633 0.00205827 0.00303499 0.00405521 0.0050647 0.00602623 0.00691692 0.00772489 0.00844611 0.00908185 0.0096367
# maturity
 0.0229774 0.320821 0.904651 0.99478 0.999739 0.999987 0.999999 1 1 1 1 1
# spawnmo
1
# age_err
 1 0 0 0 0 0 0 0 0 0 0 0
 0 1 0 0 0 0 0 0 0 0 0 0
 0 0 1 0 0 0 0 0 0 0 0 0
 0 0 0 1 0 0 0 0 0 0 0 0
 0 0 0 0 1 0 0 0 0 0 0 0
 0 0 0 0 0 1 0 0 0 0 0 0
 0 0 0 0 0 0 1 0 0 0 0 0
 0 0 0 0 0 0 0 1 0 0 0 0
 0 0 0 0 0 0 0 0 1 0 0 0
 0 0 0 0 0 0 0 0 0 1 0 0
 0 0 0 0 0 0 0 0 0 0 1 0
 0 0 0 0 0 0 0 0 0 0 0 1
# cntrlfile_name
C:\Users\bai.li\DOCUME~1\Github\AGE_ST~1\ASSAMC\example\output\AMAK\s44\amak.dat
# Map shared selectivity: 
# sel_map
 1 2
 1 1
# datafile_name
amak_data.dat
# model_name
AMAK_MCP
# SrType
2
# use_age_err
0
# retro
0
# sigmarprior
0.2
# cvsigmarprior
0.25
# phase_sigmar
-3
# styr_rec_est
1
# endyr_rec_est
30
# Linfprior
80
# cvLinfprior
0.25
# kprior
0.18
# cvkprior
0.25
# Loprior
27.688
# cvLoprior
0.25
# sdageprior
0.1
# cvsdageprior
0.25
# natmortprior
0.2
# cvnatmortprior
0.25
# phase_M
-4
# npars_Mage
0
# ages_M_changes

# Mage_in

# Mage_offset_in

# phase_Mage
-5
# phase_rw_M
0
# npars_rw_M
0
# yrs_rw_M

# sigma_rw_M

# qprior
 3.48998e-007
# cvqprior
 1
# phase_q
 1
# q_power_prior
 1
# cvq_power_prior
 0.2
# phase_q_power
 -4
# phase_rw_q
 -1
# npars_rw_q
 0
# yrs_rw_q

# sigma_rw_q

# q_age_min
 1
# q_age_max
 12
# q_age_min
 1
# q_age_max
 12
# fsh_sel_opt(k)
2
# phase_sel_fsh(k)
2
# n_sel_ch_fsh(k)
1
# sel_slp_in_fsh(k)(1,n_sel_ch_fsh(k))
 1
# sel_inf_in_fsh(k)(1,n_sel_ch_fsh(k))
 2
# logsel_slp_in_fsh(k)(1,n_sel_ch_fsh(k))
 0
# yrs_sel_ch_fsh(k)(1,n_sel_ch_fsh(k))
 1

Survey SURVEY1
# ind_sel_opt(k)
2
# indname(k)
SURVEY1
# nselages_in_ind(k)
11
# phase_sel_ind(k)
2
# sel_change_in_ind(k)
 1 0 0 0 0 0 0 0 0 0 0 0 0 0 0 0 0 0 0 0 0 0 0 0 0 0 0 0 0 0
# n_sel_ch_ind(k)
1
# yrs_sel_ch_ind(k)(1,n_sel_ch_ind(k))
 1
# sel_slp_in_ind(k,1)
2
# sel_inf_in_ind(k,1)
1.5
# logsel_slp_in_ind(k,1)
0.693147
# logsel_slp_in_indv(k)
0.693147
SURVEY1 ind sel opt 2  1 0 0 0 0 0 0 0 0 0 0 0 0 0 0 0 0 0 0 0 0 0 0 0 0 0 0 0 0 0
Phase indices Sel_Coffs:  -1
 Test: 1.23457e+008
# Fshry Selages:  11
# Srvy  Selages:  11
# Phase for age-spec fishery  -1
# Phase for logistic fishery  2
# Phase for dble logistic fishery  -1
# Phase for age-spec indices   -1
# Phase for logistic indices   2
# Phase for dble logistic ind  -1
# Curv_pen_fsh: 
 0
# Curv_pen_ind: 
 0
# styr_fut
31
# endyr_fut
35
# nyrs_fsh_age
 30
# nyrs_fsh_age
 30
# yrs_fsh_age
 1 2 3 4 5 6 7 8 9 10 11 12 13 14 15 16 17 18 19 20 21 22 23 24 25 26 27 28 29 30
# n_sample_fsh_age
 200 200 200 200 200 200 200 200 200 200 200 200 200 200 200 200 200 200 200 200 200 200 200 200 200 200 200 200 200 200
# oac_fsh
 0.07 0.085 0.145 0.15 0.07 0.105 0.06 0.055 0.065 0.065 0.025 0.105
 0.045 0.13 0.11 0.16 0.095 0.1 0.085 0.08 0.03 0.03 0.03 0.105
 0.075 0.06 0.125 0.12 0.115 0.08 0.115 0.06 0.035 0.025 0.045 0.145
 0.08 0.125 0.075 0.115 0.125 0.095 0.085 0.065 0.03 0.03 0.05 0.125
 0.11 0.07 0.1 0.08 0.135 0.115 0.085 0.055 0.035 0.05 0.025 0.14
 0.08 0.155 0.095 0.13 0.095 0.095 0.095 0.025 0.025 0.05 0.025 0.13
 0.1 0.12 0.19 0.11 0.09 0.045 0.08 0.035 0.025 0.035 0.025 0.145
 0.11 0.125 0.145 0.155 0.08 0.125 0.055 0.03 0.045 0.015 0.005 0.11
 0.055 0.245 0.12 0.12 0.095 0.055 0.07 0.03 0.055 0.015 0.02 0.12
 0.09 0.125 0.21 0.095 0.105 0.135 0.03 0.06 0.03 0.03 0.015 0.075
 0.07 0.145 0.16 0.17 0.125 0.095 0.035 0.025 0.025 0.02 0.04 0.09
 0.1 0.135 0.15 0.125 0.135 0.085 0.055 0.06 0.035 0.03 0.005 0.085
 0.09 0.19 0.155 0.09 0.085 0.135 0.045 0.065 0.03 0.025 0.015 0.075
 0.12 0.11 0.21 0.115 0.105 0.075 0.095 0.045 0.02 0.025 0.015 0.065
 0.05 0.165 0.175 0.14 0.145 0.08 0.045 0.075 0.035 0.005 0.02 0.065
 0.09 0.135 0.2 0.13 0.15 0.09 0.045 0.035 0.04 0.02 0.005 0.06
 0.11 0.125 0.13 0.185 0.115 0.075 0.09 0.03 0.045 0.03 0.015 0.05
 0.135 0.18 0.145 0.14 0.115 0.075 0.08 0.03 0.03 0.025 0.005 0.04
 0.16 0.18 0.175 0.125 0.05 0.065 0.055 0.09 0.025 0.02 0.025 0.03
 0.11 0.23 0.165 0.2 0.08 0.065 0.045 0.015 0.03 0.025 0.005 0.03
 0.14 0.195 0.245 0.13 0.115 0.065 0.05 0.015 0.005 0.02 0.01 0.01
 0.11 0.14 0.27 0.18 0.165 0.05 0.035 0.02 0 0.015 0.005 0.01
 0.18 0.17 0.245 0.14 0.145 0.04 0.03 0.005 0.01 0.02 0.015 0
 0.13 0.205 0.175 0.15 0.11 0.09 0.045 0.045 0.015 0.005 0.005 0.025
 0.13 0.2 0.22 0.135 0.085 0.09 0.085 0.025 0.025 0 0.005 0
 0.145 0.205 0.19 0.145 0.125 0.07 0.05 0.03 0.01 0.02 0.005 0.005
 0.15 0.24 0.195 0.16 0.09 0.055 0.03 0.02 0.015 0.02 0.005 0.02
 0.18 0.195 0.21 0.115 0.13 0.085 0.025 0.025 0.01 0 0.025 0
 0.16 0.3 0.15 0.125 0.1 0.03 0.045 0.03 0.035 0 0.02 0.005
 0.15 0.255 0.27 0.11 0.1 0.04 0.01 0.01 0.025 0.005 0.01 0.015
# olc_fsh

# wt_fsh
 0.000530656 0.00119633 0.00205827 0.00303499 0.00405521 0.0050647 0.00602623 0.00691692 0.00772489 0.00844611 0.00908185 0.0096367
 0.000530656 0.00119633 0.00205827 0.00303499 0.00405521 0.0050647 0.00602623 0.00691692 0.00772489 0.00844611 0.00908185 0.0096367
 0.000530656 0.00119633 0.00205827 0.00303499 0.00405521 0.0050647 0.00602623 0.00691692 0.00772489 0.00844611 0.00908185 0.0096367
 0.000530656 0.00119633 0.00205827 0.00303499 0.00405521 0.0050647 0.00602623 0.00691692 0.00772489 0.00844611 0.00908185 0.0096367
 0.000530656 0.00119633 0.00205827 0.00303499 0.00405521 0.0050647 0.00602623 0.00691692 0.00772489 0.00844611 0.00908185 0.0096367
 0.000530656 0.00119633 0.00205827 0.00303499 0.00405521 0.0050647 0.00602623 0.00691692 0.00772489 0.00844611 0.00908185 0.0096367
 0.000530656 0.00119633 0.00205827 0.00303499 0.00405521 0.0050647 0.00602623 0.00691692 0.00772489 0.00844611 0.00908185 0.0096367
 0.000530656 0.00119633 0.00205827 0.00303499 0.00405521 0.0050647 0.00602623 0.00691692 0.00772489 0.00844611 0.00908185 0.0096367
 0.000530656 0.00119633 0.00205827 0.00303499 0.00405521 0.0050647 0.00602623 0.00691692 0.00772489 0.00844611 0.00908185 0.0096367
 0.000530656 0.00119633 0.00205827 0.00303499 0.00405521 0.0050647 0.00602623 0.00691692 0.00772489 0.00844611 0.00908185 0.0096367
 0.000530656 0.00119633 0.00205827 0.00303499 0.00405521 0.0050647 0.00602623 0.00691692 0.00772489 0.00844611 0.00908185 0.0096367
 0.000530656 0.00119633 0.00205827 0.00303499 0.00405521 0.0050647 0.00602623 0.00691692 0.00772489 0.00844611 0.00908185 0.0096367
 0.000530656 0.00119633 0.00205827 0.00303499 0.00405521 0.0050647 0.00602623 0.00691692 0.00772489 0.00844611 0.00908185 0.0096367
 0.000530656 0.00119633 0.00205827 0.00303499 0.00405521 0.0050647 0.00602623 0.00691692 0.00772489 0.00844611 0.00908185 0.0096367
 0.000530656 0.00119633 0.00205827 0.00303499 0.00405521 0.0050647 0.00602623 0.00691692 0.00772489 0.00844611 0.00908185 0.0096367
 0.000530656 0.00119633 0.00205827 0.00303499 0.00405521 0.0050647 0.00602623 0.00691692 0.00772489 0.00844611 0.00908185 0.0096367
 0.000530656 0.00119633 0.00205827 0.00303499 0.00405521 0.0050647 0.00602623 0.00691692 0.00772489 0.00844611 0.00908185 0.0096367
 0.000530656 0.00119633 0.00205827 0.00303499 0.00405521 0.0050647 0.00602623 0.00691692 0.00772489 0.00844611 0.00908185 0.0096367
 0.000530656 0.00119633 0.00205827 0.00303499 0.00405521 0.0050647 0.00602623 0.00691692 0.00772489 0.00844611 0.00908185 0.0096367
 0.000530656 0.00119633 0.00205827 0.00303499 0.00405521 0.0050647 0.00602623 0.00691692 0.00772489 0.00844611 0.00908185 0.0096367
 0.000530656 0.00119633 0.00205827 0.00303499 0.00405521 0.0050647 0.00602623 0.00691692 0.00772489 0.00844611 0.00908185 0.0096367
 0.000530656 0.00119633 0.00205827 0.00303499 0.00405521 0.0050647 0.00602623 0.00691692 0.00772489 0.00844611 0.00908185 0.0096367
 0.000530656 0.00119633 0.00205827 0.00303499 0.00405521 0.0050647 0.00602623 0.00691692 0.00772489 0.00844611 0.00908185 0.0096367
 0.000530656 0.00119633 0.00205827 0.00303499 0.00405521 0.0050647 0.00602623 0.00691692 0.00772489 0.00844611 0.00908185 0.0096367
 0.000530656 0.00119633 0.00205827 0.00303499 0.00405521 0.0050647 0.00602623 0.00691692 0.00772489 0.00844611 0.00908185 0.0096367
 0.000530656 0.00119633 0.00205827 0.00303499 0.00405521 0.0050647 0.00602623 0.00691692 0.00772489 0.00844611 0.00908185 0.0096367
 0.000530656 0.00119633 0.00205827 0.00303499 0.00405521 0.0050647 0.00602623 0.00691692 0.00772489 0.00844611 0.00908185 0.0096367
 0.000530656 0.00119633 0.00205827 0.00303499 0.00405521 0.0050647 0.00602623 0.00691692 0.00772489 0.00844611 0.00908185 0.0096367
 0.000530656 0.00119633 0.00205827 0.00303499 0.00405521 0.0050647 0.00602623 0.00691692 0.00772489 0.00844611 0.00908185 0.0096367
 0.000530656 0.00119633 0.00205827 0.00303499 0.00405521 0.0050647 0.00602623 0.00691692 0.00772489 0.00844611 0.00908185 0.0096367
# nyrs_ind_age
 30
# yrs_ind_age
 1 2 3 4 5 6 7 8 9 10 11 12 13 14 15 16 17 18 19 20 21 22 23 24 25 26 27 28 29 30
# n_sample_ind_age
 200 200 200 200 200 200 200 200 200 200 200 200 200 200 200 200 200 200 200 200 200 200 200 200 200 200 200 200 200 200
# oac_ind
 0.045 0.16 0.135 0.105 0.115 0.09 0.07 0.055 0.05 0.035 0.03 0.11
 0.045 0.145 0.165 0.155 0.12 0.065 0.07 0.04 0.025 0.045 0.02 0.105
 0.08 0.1 0.115 0.14 0.125 0.095 0.085 0.055 0.04 0.045 0.025 0.095
 0.055 0.145 0.075 0.11 0.12 0.08 0.065 0.07 0.05 0.045 0.025 0.16
 0.09 0.11 0.14 0.12 0.12 0.085 0.09 0.055 0.045 0.025 0.04 0.08
 0.095 0.165 0.085 0.115 0.07 0.07 0.065 0.075 0.04 0.025 0.03 0.165
 0.06 0.15 0.2 0.115 0.085 0.055 0.045 0.075 0.035 0.025 0.035 0.12
 0.055 0.13 0.165 0.125 0.12 0.095 0.08 0.015 0.035 0.02 0.02 0.14
 0.065 0.185 0.245 0.09 0.15 0.05 0.04 0.03 0.02 0.015 0.02 0.09
 0.045 0.145 0.225 0.11 0.09 0.115 0.05 0.055 0.02 0.03 0.025 0.09
 0.075 0.13 0.16 0.195 0.12 0.075 0.07 0.045 0.035 0.015 0.02 0.06
 0.095 0.165 0.165 0.12 0.145 0.06 0.035 0.045 0.02 0.04 0.02 0.09
 0.08 0.175 0.135 0.14 0.14 0.11 0.075 0.035 0.02 0.02 0.03 0.04
 0.04 0.22 0.27 0.12 0.055 0.035 0.1 0.03 0.03 0.02 0.03 0.05
 0.065 0.2 0.14 0.215 0.09 0.04 0.05 0.045 0.02 0.02 0.015 0.1
 0.085 0.185 0.19 0.125 0.13 0.055 0.045 0.06 0.045 0.025 0.015 0.04
 0.115 0.185 0.175 0.12 0.105 0.11 0.04 0.045 0.02 0.02 0.025 0.04
 0.115 0.205 0.18 0.13 0.105 0.03 0.09 0.05 0.005 0.02 0.02 0.05
 0.145 0.255 0.19 0.085 0.06 0.07 0.04 0.06 0.02 0.01 0.015 0.05
 0.11 0.255 0.18 0.17 0.095 0.06 0.035 0.035 0.02 0.01 0.005 0.025
 0.105 0.23 0.245 0.15 0.105 0.06 0.015 0.035 0 0.025 0.01 0.02
 0.09 0.21 0.23 0.195 0.11 0.07 0.005 0.03 0.03 0.01 0.005 0.015
 0.11 0.18 0.26 0.12 0.16 0.055 0.045 0.015 0.02 0.01 0 0.025
 0.1 0.295 0.185 0.12 0.1 0.075 0.045 0.03 0.025 0.015 0 0.01
 0.135 0.21 0.24 0.14 0.08 0.085 0.05 0.03 0.01 0.005 0 0.015
 0.105 0.205 0.22 0.125 0.12 0.09 0.04 0.03 0.02 0.025 0.005 0.015
 0.14 0.265 0.175 0.17 0.095 0.035 0.055 0.025 0.03 0.005 0.005 0
 0.185 0.18 0.245 0.155 0.075 0.06 0.05 0.01 0.015 0.015 0.005 0.005
 0.165 0.275 0.22 0.16 0.075 0.07 0.01 0.01 0.01 0 0.005 0
 0.16 0.265 0.285 0.115 0.09 0.03 0.03 0.005 0.005 0.005 0.005 0.005
# olc_ind

# obs_lse_ind
 0.198042 0.198042 0.198042 0.198042 0.198042 0.198042 0.198042 0.198042 0.198042 0.198042 0.198042 0.198042 0.198042 0.198042 0.198042 0.198042 0.198042 0.198042 0.198042 0.198042 0.198042 0.198042 0.198042 0.198042 0.198042 0.198042 0.198042 0.198042 0.198042 0.198042
# xages_fsh
 0 0 0 0 0 0 0 0 0 0 0 0
# xages_fsh
 0 0.0909091 0.181818 0.272727 0.363636 0.454545 0.545455 0.636364 0.727273 0.818182 0.909091 1
# xnodes_fsh

Yrs fsh_sel change:  1 0 0 0 0 0 0 0 0 0 0 0 0 0 0 0 0 0 0 0 0 0 0 0 0 0 0 0 0
Yrs ind_sel change:  1 0 0 0 0 0 0 0 0 0 0 0 0 0 0 0 0 0 0 0 0 0 0 0 0 0 0 0 0
# steepnessprior
0.75
# sigmarprior
0.2
#  SSB estimated in styr endyr: -13 28 
#  Rec estimated in styr endyr: -11 30 
#  SR Curve fit  in styr endyr: 1 30 
#             Model styr endyr: 1 30 
# qprior
 3.48998e-007
# q_power_prior 
 1 
# cv_catchbiomass 
0.05 
# CatchbiomassPen 
200 
# Number of projection years 
5 
# offset_fsh
 13339.7
# offset_ind
 13144.2
Mean Catch
1245.69
R_guess 
15.3876
# nfsh
1
# n_sel_ch_fsh
 1
# nselages_fsh
 11
# phase_selcoff_fsh
 -1
logRzero 15.3876
logmeanrec 15.3876
exp(log_sigmarprior 0.2
Fish sel phase: -1 FLEET1
Fixing fishery sel to
1
Srvy sel phase: -1
Fixing SURVEY1 indices sel to
1
# logsel_slp_in_indv
 0.693147
Leaving parameter init secton
# M
 0.2 0.2 0.2 0.2 0.2 0.2 0.2 0.2 0.2 0.2 0.2 0.2
 0.2 0.2 0.2 0.2 0.2 0.2 0.2 0.2 0.2 0.2 0.2 0.2
 0.2 0.2 0.2 0.2 0.2 0.2 0.2 0.2 0.2 0.2 0.2 0.2
 0.2 0.2 0.2 0.2 0.2 0.2 0.2 0.2 0.2 0.2 0.2 0.2
 0.2 0.2 0.2 0.2 0.2 0.2 0.2 0.2 0.2 0.2 0.2 0.2
 0.2 0.2 0.2 0.2 0.2 0.2 0.2 0.2 0.2 0.2 0.2 0.2
 0.2 0.2 0.2 0.2 0.2 0.2 0.2 0.2 0.2 0.2 0.2 0.2
 0.2 0.2 0.2 0.2 0.2 0.2 0.2 0.2 0.2 0.2 0.2 0.2
 0.2 0.2 0.2 0.2 0.2 0.2 0.2 0.2 0.2 0.2 0.2 0.2
 0.2 0.2 0.2 0.2 0.2 0.2 0.2 0.2 0.2 0.2 0.2 0.2
 0.2 0.2 0.2 0.2 0.2 0.2 0.2 0.2 0.2 0.2 0.2 0.2
 0.2 0.2 0.2 0.2 0.2 0.2 0.2 0.2 0.2 0.2 0.2 0.2
 0.2 0.2 0.2 0.2 0.2 0.2 0.2 0.2 0.2 0.2 0.2 0.2
 0.2 0.2 0.2 0.2 0.2 0.2 0.2 0.2 0.2 0.2 0.2 0.2
 0.2 0.2 0.2 0.2 0.2 0.2 0.2 0.2 0.2 0.2 0.2 0.2
 0.2 0.2 0.2 0.2 0.2 0.2 0.2 0.2 0.2 0.2 0.2 0.2
 0.2 0.2 0.2 0.2 0.2 0.2 0.2 0.2 0.2 0.2 0.2 0.2
 0.2 0.2 0.2 0.2 0.2 0.2 0.2 0.2 0.2 0.2 0.2 0.2
 0.2 0.2 0.2 0.2 0.2 0.2 0.2 0.2 0.2 0.2 0.2 0.2
 0.2 0.2 0.2 0.2 0.2 0.2 0.2 0.2 0.2 0.2 0.2 0.2
 0.2 0.2 0.2 0.2 0.2 0.2 0.2 0.2 0.2 0.2 0.2 0.2
 0.2 0.2 0.2 0.2 0.2 0.2 0.2 0.2 0.2 0.2 0.2 0.2
 0.2 0.2 0.2 0.2 0.2 0.2 0.2 0.2 0.2 0.2 0.2 0.2
 0.2 0.2 0.2 0.2 0.2 0.2 0.2 0.2 0.2 0.2 0.2 0.2
 0.2 0.2 0.2 0.2 0.2 0.2 0.2 0.2 0.2 0.2 0.2 0.2
 0.2 0.2 0.2 0.2 0.2 0.2 0.2 0.2 0.2 0.2 0.2 0.2
 0.2 0.2 0.2 0.2 0.2 0.2 0.2 0.2 0.2 0.2 0.2 0.2
 0.2 0.2 0.2 0.2 0.2 0.2 0.2 0.2 0.2 0.2 0.2 0.2
 0.2 0.2 0.2 0.2 0.2 0.2 0.2 0.2 0.2 0.2 0.2 0.2
 0.2 0.2 0.2 0.2 0.2 0.2 0.2 0.2 0.2 0.2 0.2 0.2
# mean_log_rec
13.7293
# log_Rzero
13.7472
# rec_dev
 -0.125634 -0.14979 -0.105438 0.0323661 0.0900225 -0.0677532 -0.000721273 0.0535891 0.0717734 0.000680798 0.085743 0.0896566 0.0247897 -0.275313 0.071262 -0.156734 0.238479 0.0233335 0.0554844 0.345602 -0.0599817 -0.168587 -0.0762067 0.216714 -0.131088 -0.0282625 -0.235365 -0.221392 0.0483399 0.0269862 0.25009 0.0408039 -0.0383379 -0.196881 -0.102243 -0.252137 -0.344697 -0.227179 -0.389042 -0.0373194 -0.188536 -0.269571
# fmort
 0.00953694 0.0273104 0.0455028 0.0614938 0.048849 0.0882221 0.0897859 0.188847 0.110863 0.13491 0.153905 0.165496 0.118684 0.172813 0.181806 0.161529 0.315675 0.255975 0.251813 0.25016 0.350412 0.259466 0.431023 0.364919 0.367343 0.340096 0.336472 0.491279 0.393958 0.654023
# rec_dev_future
 0 0 0 0 0
