AMAK;Mar 2020
# styr
1
# endyr
30
# rec_age
1
# oldest_age
12
# nlength
81
# len_bins
 10 11 12 13 14 15 16 17 18 19 20 21 22 23 24 25 26 27 28 29 30 31 32 33 34 35 36 37 38 39 40 41 42 43 44 45 46 47 48 49 50 51 52 53 54 55 56 57 58 59 60 61 62 63 64 65 66 67 68 69 70 71 72 73 74 75 76 77 78 79 80 81 82 83 84 85 86 87 88 89 90
# datafile_name
amak_data.dat
# model_name
AMAK_MCP
# styr
1
# endyr
30
# rec_age
1
# oldest_age
12
# nfsh
1
# fshname
FLEET1
# catch_bio_in
 160.717 458.653 740.18 964.082 744.247 1306.9 1261.26 2412.93 1264.41 1442.93 1531.35 1520.54 1044.93 1461.56 1470.85 1241.29 2159.39 1504.35 1348 1204.15 1521.89 1037.22 1588.73 1232.74 1215.64 1110.23 1076.94 1427.34 1004.73 1379.18
# catch_bio_sd_in
 0.01 0.01 0.01 0.01 0.01 0.01 0.01 0.01 0.01 0.01 0.01 0.01 0.01 0.01 0.01 0.01 0.01 0.01 0.01 0.01 0.01 0.01 0.01 0.01 0.01 0.01 0.01 0.01 0.01 0.01
# nyrs_fsh_age
 30
# nyrs_fsh_length
 0
# yrs_fsh_age_in
 1 2 3 4 5 6 7 8 9 10 11 12 13 14 15 16 17 18 19 20 21 22 23 24 25 26 27 28 29 30
# yrs_fsh_length_in

# n_sample_fsh_length_in

# olc_fsh_in

# nind
1
# indname
SURVEY1
# nyrs_ind
 30
# yrs_ind_in
 1 2 3 4 5 6 7 8 9 10 11 12 13 14 15 16 17 18 19 20 21 22 23 24 25 26 27 28 29 30
# mo_ind
 1
# obs_ind_in
 1.76886 1.47152 1.72662 1.50585 1.46948 1.6251 1.63106 1.62997 1.43817 1.229 1.14669 1.07426 1.02904 1.06497 0.966561 1.05657 0.929336 0.826135 0.670947 0.696215 0.66731 0.573749 0.619621 0.857248 0.672677 0.683323 0.761262 0.660199 0.548128 0.53004
# obs_se_ind_in
 0.353771 0.294303 0.345323 0.30117 0.293896 0.325019 0.326213 0.325994 0.287634 0.245799 0.229338 0.214852 0.205809 0.212995 0.193312 0.211314 0.185867 0.165227 0.134189 0.139243 0.133462 0.11475 0.123924 0.17145 0.134535 0.136665 0.152252 0.13204 0.109626 0.106008
# nyrs_ind_age
 30
# nyrs_ind_length
 0
# yrs_ind_age_in
 1 2 3 4 5 6 7 8 9 10 11 12 13 14 15 16 17 18 19 20 21 22 23 24 25 26 27 28 29 30
# yrs_ind_length_in

# yrs_ind_age_in
 1 2 3 4 5 6 7 8 9 10 11 12 13 14 15 16 17 18 19 20 21 22 23 24 25 26 27 28 29 30
# n_sample_ind_length_in

# olc_ind_in

# oac_ind_in
 0.07 0.105 0.17 0.12 0.1 0.08 0.09 0.04 0.03 0.05 0.02 0.125
 0.075 0.105 0.13 0.1 0.095 0.125 0.09 0.075 0.025 0.025 0.04 0.115
 0.04 0.135 0.145 0.085 0.095 0.08 0.065 0.08 0.035 0.035 0.065 0.14
 0.085 0.125 0.15 0.135 0.09 0.05 0.065 0.065 0.025 0.065 0.01 0.135
 0.07 0.165 0.12 0.105 0.085 0.085 0.06 0.06 0.06 0.03 0.035 0.125
 0.05 0.18 0.175 0.11 0.105 0.085 0.045 0.06 0.055 0.025 0.025 0.085
 0.095 0.085 0.15 0.18 0.065 0.08 0.045 0.035 0.08 0.045 0.03 0.11
 0.05 0.2 0.12 0.155 0.135 0.095 0.04 0.07 0.025 0.025 0.025 0.06
 0.075 0.125 0.205 0.105 0.145 0.09 0.065 0.04 0.045 0.02 0.015 0.07
 0.085 0.15 0.14 0.12 0.125 0.065 0.12 0.03 0.02 0.005 0.045 0.095
 0.03 0.2 0.22 0.12 0.085 0.08 0.13 0.035 0.01 0.025 0.01 0.055
 0.095 0.115 0.175 0.1 0.075 0.105 0.05 0.05 0.08 0.045 0.04 0.07
 0.13 0.265 0.1 0.12 0.085 0.04 0.07 0.03 0.035 0.045 0.01 0.07
 0.06 0.23 0.255 0.055 0.1 0.065 0.03 0.06 0.03 0.015 0.015 0.085
 0.04 0.165 0.15 0.175 0.08 0.18 0.06 0.03 0.02 0.01 0.01 0.08
 0.065 0.155 0.16 0.19 0.135 0.085 0.08 0.035 0.025 0.03 0.01 0.03
 0.065 0.195 0.205 0.13 0.09 0.09 0.03 0.05 0.04 0.015 0.025 0.065
 0.085 0.165 0.205 0.125 0.1 0.1 0.065 0.025 0.03 0 0.015 0.085
 0.08 0.185 0.19 0.145 0.065 0.085 0.075 0.085 0.02 0.02 0.005 0.045
 0.165 0.175 0.17 0.12 0.11 0.045 0.025 0.045 0.065 0.005 0.02 0.055
 0.14 0.245 0.225 0.13 0.075 0.065 0.03 0.025 0.04 0.01 0.015 0
 0.075 0.31 0.195 0.135 0.115 0.045 0.035 0.02 0.005 0.005 0.02 0.04
 0.14 0.205 0.23 0.12 0.13 0.075 0.03 0.02 0.005 0.01 0.015 0.02
 0.12 0.325 0.165 0.155 0.11 0.05 0.03 0.01 0.015 0.01 0 0.01
 0.14 0.195 0.345 0.11 0.08 0.055 0.02 0.025 0.005 0 0.005 0.02
 0.18 0.215 0.2 0.17 0.08 0.04 0.04 0.03 0.025 0.015 0 0.005
 0.095 0.255 0.17 0.195 0.13 0.055 0.05 0.02 0.015 0.005 0 0.01
 0.085 0.225 0.355 0.085 0.085 0.085 0.02 0.01 0.02 0.01 0.01 0.01
 0.095 0.305 0.16 0.18 0.08 0.07 0.055 0.01 0 0.01 0 0.035
 0.125 0.245 0.22 0.145 0.14 0.045 0.03 0.025 0.01 0 0.01 0.005
# wt_ind
 1 1 1 1 1 1 1 1 1 1 1 1
 1 1 1 1 1 1 1 1 1 1 1 1
 1 1 1 1 1 1 1 1 1 1 1 1
 1 1 1 1 1 1 1 1 1 1 1 1
 1 1 1 1 1 1 1 1 1 1 1 1
 1 1 1 1 1 1 1 1 1 1 1 1
 1 1 1 1 1 1 1 1 1 1 1 1
 1 1 1 1 1 1 1 1 1 1 1 1
 1 1 1 1 1 1 1 1 1 1 1 1
 1 1 1 1 1 1 1 1 1 1 1 1
 1 1 1 1 1 1 1 1 1 1 1 1
 1 1 1 1 1 1 1 1 1 1 1 1
 1 1 1 1 1 1 1 1 1 1 1 1
 1 1 1 1 1 1 1 1 1 1 1 1
 1 1 1 1 1 1 1 1 1 1 1 1
 1 1 1 1 1 1 1 1 1 1 1 1
 1 1 1 1 1 1 1 1 1 1 1 1
 1 1 1 1 1 1 1 1 1 1 1 1
 1 1 1 1 1 1 1 1 1 1 1 1
 1 1 1 1 1 1 1 1 1 1 1 1
 1 1 1 1 1 1 1 1 1 1 1 1
 1 1 1 1 1 1 1 1 1 1 1 1
 1 1 1 1 1 1 1 1 1 1 1 1
 1 1 1 1 1 1 1 1 1 1 1 1
 1 1 1 1 1 1 1 1 1 1 1 1
 1 1 1 1 1 1 1 1 1 1 1 1
 1 1 1 1 1 1 1 1 1 1 1 1
 1 1 1 1 1 1 1 1 1 1 1 1
 1 1 1 1 1 1 1 1 1 1 1 1
 1 1 1 1 1 1 1 1 1 1 1 1
# wt_pop
 0.000530656 0.00119633 0.00205827 0.00303499 0.00405521 0.0050647 0.00602623 0.00691692 0.00772489 0.00844611 0.00908185 0.0096367
# maturity
 0.0229774 0.320821 0.904651 0.99478 0.999739 0.999987 0.999999 1 1 1 1 1
# spawnmo
1
# age_err
 1 0 0 0 0 0 0 0 0 0 0 0
 0 1 0 0 0 0 0 0 0 0 0 0
 0 0 1 0 0 0 0 0 0 0 0 0
 0 0 0 1 0 0 0 0 0 0 0 0
 0 0 0 0 1 0 0 0 0 0 0 0
 0 0 0 0 0 1 0 0 0 0 0 0
 0 0 0 0 0 0 1 0 0 0 0 0
 0 0 0 0 0 0 0 1 0 0 0 0
 0 0 0 0 0 0 0 0 1 0 0 0
 0 0 0 0 0 0 0 0 0 1 0 0
 0 0 0 0 0 0 0 0 0 0 1 0
 0 0 0 0 0 0 0 0 0 0 0 1
# cntrlfile_name
C:\Users\bai.li\DOCUME~1\Github\AGE_ST~1\ASSAMC\example\output\AMAK\s31\amak.dat
# Map shared selectivity: 
# sel_map
 1 2
 1 1
# datafile_name
amak_data.dat
# model_name
AMAK_MCP
# SrType
2
# use_age_err
0
# retro
0
# sigmarprior
0.2
# cvsigmarprior
0.25
# phase_sigmar
-3
# styr_rec_est
1
# endyr_rec_est
30
# Linfprior
80
# cvLinfprior
0.25
# kprior
0.18
# cvkprior
0.25
# Loprior
27.688
# cvLoprior
0.25
# sdageprior
0.1
# cvsdageprior
0.25
# natmortprior
0.2
# cvnatmortprior
0.25
# phase_M
-4
# npars_Mage
0
# ages_M_changes

# Mage_in

# Mage_offset_in

# phase_Mage
-5
# phase_rw_M
0
# npars_rw_M
0
# yrs_rw_M

# sigma_rw_M

# qprior
 3.48998e-007
# cvqprior
 1
# phase_q
 1
# q_power_prior
 1
# cvq_power_prior
 0.2
# phase_q_power
 -4
# phase_rw_q
 -1
# npars_rw_q
 0
# yrs_rw_q

# sigma_rw_q

# q_age_min
 1
# q_age_max
 12
# q_age_min
 1
# q_age_max
 12
# fsh_sel_opt(k)
2
# phase_sel_fsh(k)
2
# n_sel_ch_fsh(k)
1
# sel_slp_in_fsh(k)(1,n_sel_ch_fsh(k))
 1
# sel_inf_in_fsh(k)(1,n_sel_ch_fsh(k))
 2
# logsel_slp_in_fsh(k)(1,n_sel_ch_fsh(k))
 0
# yrs_sel_ch_fsh(k)(1,n_sel_ch_fsh(k))
 1

Survey SURVEY1
# ind_sel_opt(k)
2
# indname(k)
SURVEY1
# nselages_in_ind(k)
11
# phase_sel_ind(k)
2
# sel_change_in_ind(k)
 1 0 0 0 0 0 0 0 0 0 0 0 0 0 0 0 0 0 0 0 0 0 0 0 0 0 0 0 0 0
# n_sel_ch_ind(k)
1
# yrs_sel_ch_ind(k)(1,n_sel_ch_ind(k))
 1
# sel_slp_in_ind(k,1)
2
# sel_inf_in_ind(k,1)
1.5
# logsel_slp_in_ind(k,1)
0.693147
# logsel_slp_in_indv(k)
0.693147
SURVEY1 ind sel opt 2  1 0 0 0 0 0 0 0 0 0 0 0 0 0 0 0 0 0 0 0 0 0 0 0 0 0 0 0 0 0
Phase indices Sel_Coffs:  -1
 Test: 1.23457e+008
# Fshry Selages:  11
# Srvy  Selages:  11
# Phase for age-spec fishery  -1
# Phase for logistic fishery  2
# Phase for dble logistic fishery  -1
# Phase for age-spec indices   -1
# Phase for logistic indices   2
# Phase for dble logistic ind  -1
# Curv_pen_fsh: 
 0
# Curv_pen_ind: 
 0
# styr_fut
31
# endyr_fut
35
# nyrs_fsh_age
 30
# nyrs_fsh_age
 30
# yrs_fsh_age
 1 2 3 4 5 6 7 8 9 10 11 12 13 14 15 16 17 18 19 20 21 22 23 24 25 26 27 28 29 30
# n_sample_fsh_age
 200 200 200 200 200 200 200 200 200 200 200 200 200 200 200 200 200 200 200 200 200 200 200 200 200 200 200 200 200 200
# oac_fsh
 0.095 0.125 0.15 0.095 0.1 0.07 0.08 0.065 0.035 0.03 0.03 0.125
 0.075 0.11 0.08 0.1 0.1 0.09 0.065 0.075 0.035 0.07 0.015 0.185
 0.095 0.12 0.095 0.105 0.1 0.085 0.065 0.045 0.06 0.06 0.045 0.125
 0.09 0.07 0.13 0.115 0.08 0.075 0.105 0.065 0.055 0.065 0.015 0.135
 0.07 0.115 0.125 0.16 0.06 0.08 0.08 0.075 0.045 0.04 0.025 0.125
 0.06 0.11 0.115 0.105 0.085 0.11 0.125 0.06 0.055 0.02 0.035 0.12
 0.065 0.155 0.145 0.16 0.07 0.1 0.085 0.04 0.045 0.01 0.035 0.09
 0.095 0.145 0.12 0.18 0.125 0.06 0.07 0.01 0.035 0.04 0.015 0.105
 0.075 0.11 0.175 0.11 0.16 0.115 0.04 0.035 0.025 0.03 0.01 0.115
 0.14 0.14 0.11 0.085 0.095 0.11 0.095 0.035 0.035 0.015 0.025 0.115
 0.055 0.175 0.2 0.065 0.075 0.055 0.095 0.075 0.035 0.025 0.015 0.13
 0.13 0.07 0.185 0.17 0.07 0.08 0.055 0.075 0.015 0.02 0.045 0.085
 0.115 0.2 0.085 0.12 0.14 0.08 0.04 0.045 0.065 0.05 0.005 0.055
 0.095 0.215 0.205 0.08 0.12 0.075 0.05 0.045 0.045 0.025 0.005 0.04
 0.04 0.115 0.22 0.24 0.05 0.075 0.065 0.05 0.03 0.02 0.005 0.09
 0.085 0.145 0.135 0.21 0.195 0.03 0.065 0.02 0.045 0.005 0.03 0.035
 0.1 0.175 0.125 0.12 0.15 0.125 0.03 0.065 0.015 0.025 0.035 0.035
 0.105 0.15 0.185 0.13 0.11 0.085 0.065 0.02 0.02 0.045 0.01 0.075
 0.13 0.185 0.14 0.105 0.115 0.105 0.04 0.07 0.01 0.02 0.02 0.06
 0.145 0.13 0.215 0.14 0.105 0.045 0.06 0.06 0.01 0.02 0.02 0.05
 0.15 0.225 0.13 0.135 0.1 0.065 0.015 0.055 0.06 0.025 0.005 0.035
 0.125 0.17 0.205 0.125 0.14 0.055 0.035 0.03 0.02 0.03 0.02 0.045
 0.245 0.12 0.265 0.17 0.06 0.025 0.035 0.015 0.035 0.005 0.005 0.02
 0.16 0.26 0.12 0.175 0.12 0.04 0.035 0.02 0.015 0.01 0.015 0.03
 0.115 0.2 0.385 0.1 0.1 0.05 0.03 0.01 0.005 0 0 0.005
 0.175 0.16 0.21 0.23 0.055 0.085 0.03 0.02 0.015 0.01 0.005 0.005
 0.145 0.24 0.155 0.12 0.185 0.06 0.025 0.02 0.02 0.01 0 0.02
 0.17 0.15 0.2 0.155 0.115 0.1 0.045 0.035 0.005 0.015 0 0.01
 0.115 0.245 0.165 0.195 0.07 0.085 0.065 0.025 0.01 0 0.02 0.005
 0.18 0.2 0.19 0.135 0.13 0.05 0.035 0.03 0.01 0.025 0.005 0.01
# olc_fsh

# wt_fsh
 0.000530656 0.00119633 0.00205827 0.00303499 0.00405521 0.0050647 0.00602623 0.00691692 0.00772489 0.00844611 0.00908185 0.0096367
 0.000530656 0.00119633 0.00205827 0.00303499 0.00405521 0.0050647 0.00602623 0.00691692 0.00772489 0.00844611 0.00908185 0.0096367
 0.000530656 0.00119633 0.00205827 0.00303499 0.00405521 0.0050647 0.00602623 0.00691692 0.00772489 0.00844611 0.00908185 0.0096367
 0.000530656 0.00119633 0.00205827 0.00303499 0.00405521 0.0050647 0.00602623 0.00691692 0.00772489 0.00844611 0.00908185 0.0096367
 0.000530656 0.00119633 0.00205827 0.00303499 0.00405521 0.0050647 0.00602623 0.00691692 0.00772489 0.00844611 0.00908185 0.0096367
 0.000530656 0.00119633 0.00205827 0.00303499 0.00405521 0.0050647 0.00602623 0.00691692 0.00772489 0.00844611 0.00908185 0.0096367
 0.000530656 0.00119633 0.00205827 0.00303499 0.00405521 0.0050647 0.00602623 0.00691692 0.00772489 0.00844611 0.00908185 0.0096367
 0.000530656 0.00119633 0.00205827 0.00303499 0.00405521 0.0050647 0.00602623 0.00691692 0.00772489 0.00844611 0.00908185 0.0096367
 0.000530656 0.00119633 0.00205827 0.00303499 0.00405521 0.0050647 0.00602623 0.00691692 0.00772489 0.00844611 0.00908185 0.0096367
 0.000530656 0.00119633 0.00205827 0.00303499 0.00405521 0.0050647 0.00602623 0.00691692 0.00772489 0.00844611 0.00908185 0.0096367
 0.000530656 0.00119633 0.00205827 0.00303499 0.00405521 0.0050647 0.00602623 0.00691692 0.00772489 0.00844611 0.00908185 0.0096367
 0.000530656 0.00119633 0.00205827 0.00303499 0.00405521 0.0050647 0.00602623 0.00691692 0.00772489 0.00844611 0.00908185 0.0096367
 0.000530656 0.00119633 0.00205827 0.00303499 0.00405521 0.0050647 0.00602623 0.00691692 0.00772489 0.00844611 0.00908185 0.0096367
 0.000530656 0.00119633 0.00205827 0.00303499 0.00405521 0.0050647 0.00602623 0.00691692 0.00772489 0.00844611 0.00908185 0.0096367
 0.000530656 0.00119633 0.00205827 0.00303499 0.00405521 0.0050647 0.00602623 0.00691692 0.00772489 0.00844611 0.00908185 0.0096367
 0.000530656 0.00119633 0.00205827 0.00303499 0.00405521 0.0050647 0.00602623 0.00691692 0.00772489 0.00844611 0.00908185 0.0096367
 0.000530656 0.00119633 0.00205827 0.00303499 0.00405521 0.0050647 0.00602623 0.00691692 0.00772489 0.00844611 0.00908185 0.0096367
 0.000530656 0.00119633 0.00205827 0.00303499 0.00405521 0.0050647 0.00602623 0.00691692 0.00772489 0.00844611 0.00908185 0.0096367
 0.000530656 0.00119633 0.00205827 0.00303499 0.00405521 0.0050647 0.00602623 0.00691692 0.00772489 0.00844611 0.00908185 0.0096367
 0.000530656 0.00119633 0.00205827 0.00303499 0.00405521 0.0050647 0.00602623 0.00691692 0.00772489 0.00844611 0.00908185 0.0096367
 0.000530656 0.00119633 0.00205827 0.00303499 0.00405521 0.0050647 0.00602623 0.00691692 0.00772489 0.00844611 0.00908185 0.0096367
 0.000530656 0.00119633 0.00205827 0.00303499 0.00405521 0.0050647 0.00602623 0.00691692 0.00772489 0.00844611 0.00908185 0.0096367
 0.000530656 0.00119633 0.00205827 0.00303499 0.00405521 0.0050647 0.00602623 0.00691692 0.00772489 0.00844611 0.00908185 0.0096367
 0.000530656 0.00119633 0.00205827 0.00303499 0.00405521 0.0050647 0.00602623 0.00691692 0.00772489 0.00844611 0.00908185 0.0096367
 0.000530656 0.00119633 0.00205827 0.00303499 0.00405521 0.0050647 0.00602623 0.00691692 0.00772489 0.00844611 0.00908185 0.0096367
 0.000530656 0.00119633 0.00205827 0.00303499 0.00405521 0.0050647 0.00602623 0.00691692 0.00772489 0.00844611 0.00908185 0.0096367
 0.000530656 0.00119633 0.00205827 0.00303499 0.00405521 0.0050647 0.00602623 0.00691692 0.00772489 0.00844611 0.00908185 0.0096367
 0.000530656 0.00119633 0.00205827 0.00303499 0.00405521 0.0050647 0.00602623 0.00691692 0.00772489 0.00844611 0.00908185 0.0096367
 0.000530656 0.00119633 0.00205827 0.00303499 0.00405521 0.0050647 0.00602623 0.00691692 0.00772489 0.00844611 0.00908185 0.0096367
 0.000530656 0.00119633 0.00205827 0.00303499 0.00405521 0.0050647 0.00602623 0.00691692 0.00772489 0.00844611 0.00908185 0.0096367
# nyrs_ind_age
 30
# yrs_ind_age
 1 2 3 4 5 6 7 8 9 10 11 12 13 14 15 16 17 18 19 20 21 22 23 24 25 26 27 28 29 30
# n_sample_ind_age
 200 200 200 200 200 200 200 200 200 200 200 200 200 200 200 200 200 200 200 200 200 200 200 200 200 200 200 200 200 200
# oac_ind
 0.07 0.105 0.17 0.12 0.1 0.08 0.09 0.04 0.03 0.05 0.02 0.125
 0.075 0.105 0.13 0.1 0.095 0.125 0.09 0.075 0.025 0.025 0.04 0.115
 0.04 0.135 0.145 0.085 0.095 0.08 0.065 0.08 0.035 0.035 0.065 0.14
 0.085 0.125 0.15 0.135 0.09 0.05 0.065 0.065 0.025 0.065 0.01 0.135
 0.07 0.165 0.12 0.105 0.085 0.085 0.06 0.06 0.06 0.03 0.035 0.125
 0.05 0.18 0.175 0.11 0.105 0.085 0.045 0.06 0.055 0.025 0.025 0.085
 0.095 0.085 0.15 0.18 0.065 0.08 0.045 0.035 0.08 0.045 0.03 0.11
 0.05 0.2 0.12 0.155 0.135 0.095 0.04 0.07 0.025 0.025 0.025 0.06
 0.075 0.125 0.205 0.105 0.145 0.09 0.065 0.04 0.045 0.02 0.015 0.07
 0.085 0.15 0.14 0.12 0.125 0.065 0.12 0.03 0.02 0.005 0.045 0.095
 0.03 0.2 0.22 0.12 0.085 0.08 0.13 0.035 0.01 0.025 0.01 0.055
 0.095 0.115 0.175 0.1 0.075 0.105 0.05 0.05 0.08 0.045 0.04 0.07
 0.13 0.265 0.1 0.12 0.085 0.04 0.07 0.03 0.035 0.045 0.01 0.07
 0.06 0.23 0.255 0.055 0.1 0.065 0.03 0.06 0.03 0.015 0.015 0.085
 0.04 0.165 0.15 0.175 0.08 0.18 0.06 0.03 0.02 0.01 0.01 0.08
 0.065 0.155 0.16 0.19 0.135 0.085 0.08 0.035 0.025 0.03 0.01 0.03
 0.065 0.195 0.205 0.13 0.09 0.09 0.03 0.05 0.04 0.015 0.025 0.065
 0.085 0.165 0.205 0.125 0.1 0.1 0.065 0.025 0.03 0 0.015 0.085
 0.08 0.185 0.19 0.145 0.065 0.085 0.075 0.085 0.02 0.02 0.005 0.045
 0.165 0.175 0.17 0.12 0.11 0.045 0.025 0.045 0.065 0.005 0.02 0.055
 0.14 0.245 0.225 0.13 0.075 0.065 0.03 0.025 0.04 0.01 0.015 0
 0.075 0.31 0.195 0.135 0.115 0.045 0.035 0.02 0.005 0.005 0.02 0.04
 0.14 0.205 0.23 0.12 0.13 0.075 0.03 0.02 0.005 0.01 0.015 0.02
 0.12 0.325 0.165 0.155 0.11 0.05 0.03 0.01 0.015 0.01 0 0.01
 0.14 0.195 0.345 0.11 0.08 0.055 0.02 0.025 0.005 0 0.005 0.02
 0.18 0.215 0.2 0.17 0.08 0.04 0.04 0.03 0.025 0.015 0 0.005
 0.095 0.255 0.17 0.195 0.13 0.055 0.05 0.02 0.015 0.005 0 0.01
 0.085 0.225 0.355 0.085 0.085 0.085 0.02 0.01 0.02 0.01 0.01 0.01
 0.095 0.305 0.16 0.18 0.08 0.07 0.055 0.01 0 0.01 0 0.035
 0.125 0.245 0.22 0.145 0.14 0.045 0.03 0.025 0.01 0 0.01 0.005
# olc_ind

# obs_lse_ind
 0.198042 0.198042 0.198042 0.198042 0.198042 0.198042 0.198042 0.198042 0.198042 0.198042 0.198042 0.198042 0.198042 0.198042 0.198042 0.198042 0.198042 0.198042 0.198042 0.198042 0.198042 0.198042 0.198042 0.198042 0.198042 0.198042 0.198042 0.198042 0.198042 0.198042
# xages_fsh
 0 0 0 0 0 0 0 0 0 0 0 0
# xages_fsh
 0 0.0909091 0.181818 0.272727 0.363636 0.454545 0.545455 0.636364 0.727273 0.818182 0.909091 1
# xnodes_fsh

Yrs fsh_sel change:  1 0 0 0 0 0 0 0 0 0 0 0 0 0 0 0 0 0 0 0 0 0 0 0 0 0 0 0 0
Yrs ind_sel change:  1 0 0 0 0 0 0 0 0 0 0 0 0 0 0 0 0 0 0 0 0 0 0 0 0 0 0 0 0
# steepnessprior
0.75
# sigmarprior
0.2
#  SSB estimated in styr endyr: -13 28 
#  Rec estimated in styr endyr: -11 30 
#  SR Curve fit  in styr endyr: 1 30 
#             Model styr endyr: 1 30 
# qprior
 3.48998e-007
# q_power_prior 
 1 
# cv_catchbiomass 
0.05 
# CatchbiomassPen 
200 
# Number of projection years 
5 
# offset_fsh
 13377.9
# offset_ind
 13163.7
Mean Catch
1261.25
R_guess 
15.4
# nfsh
1
# n_sel_ch_fsh
 1
# nselages_fsh
 11
# phase_selcoff_fsh
 -1
logRzero 15.4
logmeanrec 15.4
exp(log_sigmarprior 0.2
Fish sel phase: -1 FLEET1
Fixing fishery sel to
1
Srvy sel phase: -1
Fixing SURVEY1 indices sel to
1
# logsel_slp_in_indv
 0.693147
Leaving parameter init secton
# M
 0.2 0.2 0.2 0.2 0.2 0.2 0.2 0.2 0.2 0.2 0.2 0.2
 0.2 0.2 0.2 0.2 0.2 0.2 0.2 0.2 0.2 0.2 0.2 0.2
 0.2 0.2 0.2 0.2 0.2 0.2 0.2 0.2 0.2 0.2 0.2 0.2
 0.2 0.2 0.2 0.2 0.2 0.2 0.2 0.2 0.2 0.2 0.2 0.2
 0.2 0.2 0.2 0.2 0.2 0.2 0.2 0.2 0.2 0.2 0.2 0.2
 0.2 0.2 0.2 0.2 0.2 0.2 0.2 0.2 0.2 0.2 0.2 0.2
 0.2 0.2 0.2 0.2 0.2 0.2 0.2 0.2 0.2 0.2 0.2 0.2
 0.2 0.2 0.2 0.2 0.2 0.2 0.2 0.2 0.2 0.2 0.2 0.2
 0.2 0.2 0.2 0.2 0.2 0.2 0.2 0.2 0.2 0.2 0.2 0.2
 0.2 0.2 0.2 0.2 0.2 0.2 0.2 0.2 0.2 0.2 0.2 0.2
 0.2 0.2 0.2 0.2 0.2 0.2 0.2 0.2 0.2 0.2 0.2 0.2
 0.2 0.2 0.2 0.2 0.2 0.2 0.2 0.2 0.2 0.2 0.2 0.2
 0.2 0.2 0.2 0.2 0.2 0.2 0.2 0.2 0.2 0.2 0.2 0.2
 0.2 0.2 0.2 0.2 0.2 0.2 0.2 0.2 0.2 0.2 0.2 0.2
 0.2 0.2 0.2 0.2 0.2 0.2 0.2 0.2 0.2 0.2 0.2 0.2
 0.2 0.2 0.2 0.2 0.2 0.2 0.2 0.2 0.2 0.2 0.2 0.2
 0.2 0.2 0.2 0.2 0.2 0.2 0.2 0.2 0.2 0.2 0.2 0.2
 0.2 0.2 0.2 0.2 0.2 0.2 0.2 0.2 0.2 0.2 0.2 0.2
 0.2 0.2 0.2 0.2 0.2 0.2 0.2 0.2 0.2 0.2 0.2 0.2
 0.2 0.2 0.2 0.2 0.2 0.2 0.2 0.2 0.2 0.2 0.2 0.2
 0.2 0.2 0.2 0.2 0.2 0.2 0.2 0.2 0.2 0.2 0.2 0.2
 0.2 0.2 0.2 0.2 0.2 0.2 0.2 0.2 0.2 0.2 0.2 0.2
 0.2 0.2 0.2 0.2 0.2 0.2 0.2 0.2 0.2 0.2 0.2 0.2
 0.2 0.2 0.2 0.2 0.2 0.2 0.2 0.2 0.2 0.2 0.2 0.2
 0.2 0.2 0.2 0.2 0.2 0.2 0.2 0.2 0.2 0.2 0.2 0.2
 0.2 0.2 0.2 0.2 0.2 0.2 0.2 0.2 0.2 0.2 0.2 0.2
 0.2 0.2 0.2 0.2 0.2 0.2 0.2 0.2 0.2 0.2 0.2 0.2
 0.2 0.2 0.2 0.2 0.2 0.2 0.2 0.2 0.2 0.2 0.2 0.2
 0.2 0.2 0.2 0.2 0.2 0.2 0.2 0.2 0.2 0.2 0.2 0.2
 0.2 0.2 0.2 0.2 0.2 0.2 0.2 0.2 0.2 0.2 0.2 0.2
# mean_log_rec
13.7987
# log_Rzero
13.7923
# rec_dev
 -0.0385433 -0.0466906 -0.0730494 -0.0426441 0.0800086 -0.147938 0.177554 0.000647181 0.0705007 0.0492697 0.041312 -0.0499036 -0.0202671 0.0795038 -0.104147 0.287492 0.258969 -0.0486116 0.0989232 -0.189453 0.0169941 0.123921 -0.530474 0.290934 0.162137 -0.176758 -0.326191 -0.200736 -0.329377 -0.218997 -0.301728 -0.0907157 -0.0328381 -0.393179 0.271065 -0.156253 -0.364707 0.00741422 -0.386773 -0.218696 -0.404045 -0.262022
# fmort
 0.00880448 0.0254728 0.0423619 0.057509 0.0459884 0.0837847 0.0848916 0.177563 0.102577 0.124812 0.143016 0.153673 0.110886 0.16027 0.170296 0.152023 0.297274 0.242084 0.243205 0.237309 0.329289 0.240506 0.390476 0.324022 0.325929 0.301613 0.295367 0.415016 0.314433 0.470873
# rec_dev_future
 0 0 0 0 0
