AMAK;Mar 2020
# styr
1
# endyr
30
# rec_age
1
# oldest_age
12
# nlength
81
# len_bins
 10 11 12 13 14 15 16 17 18 19 20 21 22 23 24 25 26 27 28 29 30 31 32 33 34 35 36 37 38 39 40 41 42 43 44 45 46 47 48 49 50 51 52 53 54 55 56 57 58 59 60 61 62 63 64 65 66 67 68 69 70 71 72 73 74 75 76 77 78 79 80 81 82 83 84 85 86 87 88 89 90
# datafile_name
amak_data.dat
# model_name
AMAK_MCP
# styr
1
# endyr
30
# rec_age
1
# oldest_age
12
# nfsh
1
# fshname
FLEET1
# catch_bio_in
 160.598 457.949 746.898 973.763 742.784 1273.56 1189.96 2258.67 1196.13 1387.79 1487.19 1529.42 1079.62 1517.2 1544.49 1346.39 2410.98 1771.32 1619.54 1494.38 1882.94 1260.73 1892.29 1408.4 1342.77 1174.24 1098.77 1420.7 988.671 1398.84
# catch_bio_sd_in
 0.01 0.01 0.01 0.01 0.01 0.01 0.01 0.01 0.01 0.01 0.01 0.01 0.01 0.01 0.01 0.01 0.01 0.01 0.01 0.01 0.01 0.01 0.01 0.01 0.01 0.01 0.01 0.01 0.01 0.01
# nyrs_fsh_age
 30
# nyrs_fsh_length
 0
# yrs_fsh_age_in
 1 2 3 4 5 6 7 8 9 10 11 12 13 14 15 16 17 18 19 20 21 22 23 24 25 26 27 28 29 30
# yrs_fsh_length_in

# n_sample_fsh_length_in

# olc_fsh_in

# nind
1
# indname
SURVEY1
# nyrs_ind
 30
# yrs_ind_in
 1 2 3 4 5 6 7 8 9 10 11 12 13 14 15 16 17 18 19 20 21 22 23 24 25 26 27 28 29 30
# mo_ind
 1
# obs_ind_in
 1.48471 1.40634 1.54485 1.42236 1.18608 1.28023 1.17511 1.11452 1.08677 1.27723 1.34114 1.19332 1.18168 1.07293 1.15728 1.20044 0.929628 0.994918 0.959691 0.752031 0.804198 0.739193 0.904111 0.630869 0.770264 0.585465 0.659848 0.536097 0.474765 0.549737
# obs_se_ind_in
 0.296942 0.281268 0.308969 0.284473 0.237216 0.256046 0.235023 0.222905 0.217354 0.255445 0.268228 0.238664 0.236337 0.214587 0.231457 0.240088 0.185926 0.198984 0.191938 0.150406 0.16084 0.147839 0.180822 0.126174 0.154053 0.117093 0.13197 0.107219 0.0949531 0.109947
# nyrs_ind_age
 30
# nyrs_ind_length
 0
# yrs_ind_age_in
 1 2 3 4 5 6 7 8 9 10 11 12 13 14 15 16 17 18 19 20 21 22 23 24 25 26 27 28 29 30
# yrs_ind_length_in

# yrs_ind_age_in
 1 2 3 4 5 6 7 8 9 10 11 12 13 14 15 16 17 18 19 20 21 22 23 24 25 26 27 28 29 30
# n_sample_ind_length_in

# olc_ind_in

# oac_ind_in
 0.045 0.165 0.115 0.125 0.125 0.065 0.075 0.07 0.03 0.04 0.045 0.1
 0.045 0.11 0.19 0.085 0.085 0.07 0.065 0.085 0.045 0.06 0.025 0.135
 0.03 0.14 0.155 0.125 0.075 0.085 0.055 0.045 0.075 0.055 0.035 0.125
 0.02 0.15 0.2 0.135 0.1 0.085 0.065 0.045 0.035 0.035 0.025 0.105
 0.035 0.095 0.135 0.2 0.09 0.125 0.02 0.07 0.03 0.025 0.02 0.155
 0.06 0.13 0.12 0.11 0.14 0.08 0.065 0.04 0.05 0.04 0.04 0.125
 0.07 0.135 0.125 0.115 0.08 0.11 0.075 0.09 0.015 0.025 0.03 0.13
 0.09 0.13 0.215 0.1 0.075 0.07 0.05 0.065 0.04 0 0.02 0.145
 0.15 0.12 0.195 0.11 0.065 0.05 0.065 0.08 0.045 0.015 0 0.105
 0.115 0.26 0.095 0.19 0.05 0.04 0.05 0.02 0.07 0.01 0.025 0.075
 0.1 0.16 0.28 0.1 0.115 0.04 0.03 0.02 0.03 0.035 0.01 0.08
 0.105 0.15 0.21 0.15 0.065 0.09 0.035 0.025 0.025 0.02 0.03 0.095
 0.055 0.18 0.18 0.17 0.14 0.065 0.06 0.03 0.02 0.02 0.02 0.06
 0.07 0.145 0.195 0.16 0.07 0.14 0.045 0.05 0.035 0.01 0.02 0.06
 0.095 0.185 0.15 0.125 0.125 0.08 0.1 0.025 0.035 0.015 0.01 0.055
 0.1 0.27 0.165 0.115 0.115 0.045 0.04 0.05 0.025 0.015 0.015 0.045
 0.075 0.255 0.23 0.11 0.115 0.04 0.055 0.02 0.045 0.01 0.015 0.03
 0.095 0.195 0.155 0.205 0.1 0.08 0.065 0.035 0.015 0.01 0.005 0.04
 0.09 0.21 0.145 0.12 0.13 0.11 0.05 0.04 0.025 0.02 0.005 0.055
 0.115 0.255 0.21 0.11 0.095 0.075 0.04 0.025 0.03 0.005 0.005 0.035
 0.1 0.195 0.25 0.145 0.105 0.07 0.035 0.055 0.01 0.01 0.005 0.02
 0.08 0.26 0.19 0.17 0.08 0.07 0.045 0.035 0.02 0.025 0.01 0.015
 0.15 0.25 0.205 0.155 0.09 0.04 0.025 0.04 0.025 0 0.005 0.015
 0.18 0.225 0.225 0.13 0.095 0.07 0.03 0.015 0.01 0.02 0 0
 0.13 0.27 0.22 0.185 0.06 0.025 0.03 0.04 0.01 0.01 0 0.02
 0.065 0.27 0.22 0.17 0.145 0.04 0.035 0.035 0.01 0 0.005 0.005
 0.125 0.15 0.25 0.165 0.125 0.09 0.04 0.015 0.02 0.005 0.01 0.005
 0.12 0.235 0.165 0.155 0.095 0.095 0.05 0.03 0.005 0.02 0.005 0.025
 0.125 0.175 0.25 0.13 0.105 0.085 0.065 0.035 0.015 0.005 0 0.01
 0.11 0.315 0.195 0.14 0.105 0.04 0.035 0.025 0.01 0.01 0.015 0
# wt_ind
 1 1 1 1 1 1 1 1 1 1 1 1
 1 1 1 1 1 1 1 1 1 1 1 1
 1 1 1 1 1 1 1 1 1 1 1 1
 1 1 1 1 1 1 1 1 1 1 1 1
 1 1 1 1 1 1 1 1 1 1 1 1
 1 1 1 1 1 1 1 1 1 1 1 1
 1 1 1 1 1 1 1 1 1 1 1 1
 1 1 1 1 1 1 1 1 1 1 1 1
 1 1 1 1 1 1 1 1 1 1 1 1
 1 1 1 1 1 1 1 1 1 1 1 1
 1 1 1 1 1 1 1 1 1 1 1 1
 1 1 1 1 1 1 1 1 1 1 1 1
 1 1 1 1 1 1 1 1 1 1 1 1
 1 1 1 1 1 1 1 1 1 1 1 1
 1 1 1 1 1 1 1 1 1 1 1 1
 1 1 1 1 1 1 1 1 1 1 1 1
 1 1 1 1 1 1 1 1 1 1 1 1
 1 1 1 1 1 1 1 1 1 1 1 1
 1 1 1 1 1 1 1 1 1 1 1 1
 1 1 1 1 1 1 1 1 1 1 1 1
 1 1 1 1 1 1 1 1 1 1 1 1
 1 1 1 1 1 1 1 1 1 1 1 1
 1 1 1 1 1 1 1 1 1 1 1 1
 1 1 1 1 1 1 1 1 1 1 1 1
 1 1 1 1 1 1 1 1 1 1 1 1
 1 1 1 1 1 1 1 1 1 1 1 1
 1 1 1 1 1 1 1 1 1 1 1 1
 1 1 1 1 1 1 1 1 1 1 1 1
 1 1 1 1 1 1 1 1 1 1 1 1
 1 1 1 1 1 1 1 1 1 1 1 1
# wt_pop
 0.000530656 0.00119633 0.00205827 0.00303499 0.00405521 0.0050647 0.00602623 0.00691692 0.00772489 0.00844611 0.00908185 0.0096367
# maturity
 0.0229774 0.320821 0.904651 0.99478 0.999739 0.999987 0.999999 1 1 1 1 1
# spawnmo
1
# age_err
 1 0 0 0 0 0 0 0 0 0 0 0
 0 1 0 0 0 0 0 0 0 0 0 0
 0 0 1 0 0 0 0 0 0 0 0 0
 0 0 0 1 0 0 0 0 0 0 0 0
 0 0 0 0 1 0 0 0 0 0 0 0
 0 0 0 0 0 1 0 0 0 0 0 0
 0 0 0 0 0 0 1 0 0 0 0 0
 0 0 0 0 0 0 0 1 0 0 0 0
 0 0 0 0 0 0 0 0 1 0 0 0
 0 0 0 0 0 0 0 0 0 1 0 0
 0 0 0 0 0 0 0 0 0 0 1 0
 0 0 0 0 0 0 0 0 0 0 0 1
# cntrlfile_name
C:\Users\bai.li\DOCUME~1\Github\AGE_ST~1\ASSAMC\example\output\AMAK\s61\amak.dat
# Map shared selectivity: 
# sel_map
 1 2
 1 1
# datafile_name
amak_data.dat
# model_name
AMAK_MCP
# SrType
2
# use_age_err
0
# retro
0
# sigmarprior
0.2
# cvsigmarprior
0.25
# phase_sigmar
-3
# styr_rec_est
1
# endyr_rec_est
30
# Linfprior
80
# cvLinfprior
0.25
# kprior
0.18
# cvkprior
0.25
# Loprior
27.688
# cvLoprior
0.25
# sdageprior
0.1
# cvsdageprior
0.25
# natmortprior
0.2
# cvnatmortprior
0.25
# phase_M
-4
# npars_Mage
0
# ages_M_changes

# Mage_in

# Mage_offset_in

# phase_Mage
-5
# phase_rw_M
0
# npars_rw_M
0
# yrs_rw_M

# sigma_rw_M

# qprior
 3.48998e-007
# cvqprior
 1
# phase_q
 1
# q_power_prior
 1
# cvq_power_prior
 0.2
# phase_q_power
 -4
# phase_rw_q
 -1
# npars_rw_q
 0
# yrs_rw_q

# sigma_rw_q

# q_age_min
 1
# q_age_max
 12
# q_age_min
 1
# q_age_max
 12
# fsh_sel_opt(k)
2
# phase_sel_fsh(k)
2
# n_sel_ch_fsh(k)
1
# sel_slp_in_fsh(k)(1,n_sel_ch_fsh(k))
 1
# sel_inf_in_fsh(k)(1,n_sel_ch_fsh(k))
 2
# logsel_slp_in_fsh(k)(1,n_sel_ch_fsh(k))
 0
# yrs_sel_ch_fsh(k)(1,n_sel_ch_fsh(k))
 1

Survey SURVEY1
# ind_sel_opt(k)
2
# indname(k)
SURVEY1
# nselages_in_ind(k)
11
# phase_sel_ind(k)
2
# sel_change_in_ind(k)
 1 0 0 0 0 0 0 0 0 0 0 0 0 0 0 0 0 0 0 0 0 0 0 0 0 0 0 0 0 0
# n_sel_ch_ind(k)
1
# yrs_sel_ch_ind(k)(1,n_sel_ch_ind(k))
 1
# sel_slp_in_ind(k,1)
2
# sel_inf_in_ind(k,1)
1.5
# logsel_slp_in_ind(k,1)
0.693147
# logsel_slp_in_indv(k)
0.693147
SURVEY1 ind sel opt 2  1 0 0 0 0 0 0 0 0 0 0 0 0 0 0 0 0 0 0 0 0 0 0 0 0 0 0 0 0 0
Phase indices Sel_Coffs:  -1
 Test: 1.23457e+008
# Fshry Selages:  11
# Srvy  Selages:  11
# Phase for age-spec fishery  -1
# Phase for logistic fishery  2
# Phase for dble logistic fishery  -1
# Phase for age-spec indices   -1
# Phase for logistic indices   2
# Phase for dble logistic ind  -1
# Curv_pen_fsh: 
 0
# Curv_pen_ind: 
 0
# styr_fut
31
# endyr_fut
35
# nyrs_fsh_age
 30
# nyrs_fsh_age
 30
# yrs_fsh_age
 1 2 3 4 5 6 7 8 9 10 11 12 13 14 15 16 17 18 19 20 21 22 23 24 25 26 27 28 29 30
# n_sample_fsh_age
 200 200 200 200 200 200 200 200 200 200 200 200 200 200 200 200 200 200 200 200 200 200 200 200 200 200 200 200 200 200
# oac_fsh
 0.065 0.09 0.12 0.15 0.085 0.055 0.065 0.08 0.085 0.03 0.03 0.145
 0.08 0.115 0.16 0.11 0.115 0.065 0.105 0.04 0.03 0.03 0.05 0.1
 0.045 0.12 0.17 0.115 0.095 0.08 0.07 0.065 0.06 0.03 0.03 0.12
 0.06 0.115 0.175 0.18 0.08 0.12 0.05 0.045 0.05 0.035 0.02 0.07
 0.055 0.07 0.125 0.14 0.11 0.06 0.06 0.05 0.06 0.065 0.02 0.185
 0.065 0.105 0.08 0.13 0.155 0.09 0.075 0.035 0.04 0.04 0.01 0.175
 0.09 0.12 0.1 0.13 0.09 0.13 0.105 0.055 0.02 0.045 0.03 0.085
 0.06 0.14 0.135 0.105 0.075 0.105 0.085 0.035 0.055 0.035 0.03 0.14
 0.16 0.125 0.155 0.095 0.1 0.075 0.055 0.07 0.055 0.015 0.01 0.085
 0.115 0.15 0.125 0.11 0.105 0.095 0.035 0.07 0.04 0.03 0.025 0.1
 0.04 0.16 0.23 0.13 0.115 0.085 0.045 0.015 0.02 0.035 0.03 0.095
 0.135 0.1 0.2 0.155 0.105 0.105 0.04 0.015 0.015 0.01 0.035 0.085
 0.08 0.14 0.145 0.17 0.165 0.08 0.055 0.03 0.025 0.005 0.04 0.065
 0.07 0.115 0.14 0.16 0.145 0.125 0.035 0.06 0.025 0.02 0.02 0.085
 0.12 0.19 0.125 0.15 0.125 0.09 0.08 0.015 0.025 0.01 0.015 0.055
 0.1 0.175 0.135 0.14 0.135 0.08 0.035 0.055 0.035 0.04 0.02 0.05
 0.09 0.16 0.185 0.17 0.075 0.06 0.07 0.065 0.055 0.015 0.01 0.045
 0.07 0.17 0.21 0.19 0.105 0.085 0.05 0.04 0.04 0.005 0.01 0.025
 0.14 0.175 0.18 0.145 0.165 0.06 0.06 0.025 0.02 0.005 0.02 0.005
 0.14 0.185 0.11 0.125 0.14 0.085 0.075 0.035 0.015 0.025 0.015 0.05
 0.11 0.18 0.28 0.115 0.105 0.06 0.07 0.025 0.015 0.03 0 0.01
 0.165 0.135 0.195 0.15 0.09 0.055 0.05 0.045 0.045 0.01 0.01 0.05
 0.15 0.195 0.17 0.185 0.1 0.045 0.04 0.03 0.015 0.015 0 0.055
 0.14 0.205 0.23 0.14 0.095 0.075 0.05 0.015 0.005 0.01 0.01 0.025
 0.115 0.11 0.265 0.185 0.145 0.05 0.05 0.025 0.005 0.025 0.005 0.02
 0.07 0.215 0.21 0.21 0.085 0.065 0.065 0.005 0.03 0.01 0.015 0.02
 0.13 0.155 0.215 0.2 0.13 0.07 0.03 0.025 0.02 0.015 0 0.01
 0.135 0.195 0.125 0.19 0.105 0.105 0.07 0.02 0.025 0.005 0.01 0.015
 0.215 0.165 0.21 0.095 0.115 0.1 0.04 0.025 0.015 0.005 0 0.015
 0.175 0.34 0.19 0.13 0.05 0.04 0.035 0.015 0.01 0.01 0 0.005
# olc_fsh

# wt_fsh
 0.000530656 0.00119633 0.00205827 0.00303499 0.00405521 0.0050647 0.00602623 0.00691692 0.00772489 0.00844611 0.00908185 0.0096367
 0.000530656 0.00119633 0.00205827 0.00303499 0.00405521 0.0050647 0.00602623 0.00691692 0.00772489 0.00844611 0.00908185 0.0096367
 0.000530656 0.00119633 0.00205827 0.00303499 0.00405521 0.0050647 0.00602623 0.00691692 0.00772489 0.00844611 0.00908185 0.0096367
 0.000530656 0.00119633 0.00205827 0.00303499 0.00405521 0.0050647 0.00602623 0.00691692 0.00772489 0.00844611 0.00908185 0.0096367
 0.000530656 0.00119633 0.00205827 0.00303499 0.00405521 0.0050647 0.00602623 0.00691692 0.00772489 0.00844611 0.00908185 0.0096367
 0.000530656 0.00119633 0.00205827 0.00303499 0.00405521 0.0050647 0.00602623 0.00691692 0.00772489 0.00844611 0.00908185 0.0096367
 0.000530656 0.00119633 0.00205827 0.00303499 0.00405521 0.0050647 0.00602623 0.00691692 0.00772489 0.00844611 0.00908185 0.0096367
 0.000530656 0.00119633 0.00205827 0.00303499 0.00405521 0.0050647 0.00602623 0.00691692 0.00772489 0.00844611 0.00908185 0.0096367
 0.000530656 0.00119633 0.00205827 0.00303499 0.00405521 0.0050647 0.00602623 0.00691692 0.00772489 0.00844611 0.00908185 0.0096367
 0.000530656 0.00119633 0.00205827 0.00303499 0.00405521 0.0050647 0.00602623 0.00691692 0.00772489 0.00844611 0.00908185 0.0096367
 0.000530656 0.00119633 0.00205827 0.00303499 0.00405521 0.0050647 0.00602623 0.00691692 0.00772489 0.00844611 0.00908185 0.0096367
 0.000530656 0.00119633 0.00205827 0.00303499 0.00405521 0.0050647 0.00602623 0.00691692 0.00772489 0.00844611 0.00908185 0.0096367
 0.000530656 0.00119633 0.00205827 0.00303499 0.00405521 0.0050647 0.00602623 0.00691692 0.00772489 0.00844611 0.00908185 0.0096367
 0.000530656 0.00119633 0.00205827 0.00303499 0.00405521 0.0050647 0.00602623 0.00691692 0.00772489 0.00844611 0.00908185 0.0096367
 0.000530656 0.00119633 0.00205827 0.00303499 0.00405521 0.0050647 0.00602623 0.00691692 0.00772489 0.00844611 0.00908185 0.0096367
 0.000530656 0.00119633 0.00205827 0.00303499 0.00405521 0.0050647 0.00602623 0.00691692 0.00772489 0.00844611 0.00908185 0.0096367
 0.000530656 0.00119633 0.00205827 0.00303499 0.00405521 0.0050647 0.00602623 0.00691692 0.00772489 0.00844611 0.00908185 0.0096367
 0.000530656 0.00119633 0.00205827 0.00303499 0.00405521 0.0050647 0.00602623 0.00691692 0.00772489 0.00844611 0.00908185 0.0096367
 0.000530656 0.00119633 0.00205827 0.00303499 0.00405521 0.0050647 0.00602623 0.00691692 0.00772489 0.00844611 0.00908185 0.0096367
 0.000530656 0.00119633 0.00205827 0.00303499 0.00405521 0.0050647 0.00602623 0.00691692 0.00772489 0.00844611 0.00908185 0.0096367
 0.000530656 0.00119633 0.00205827 0.00303499 0.00405521 0.0050647 0.00602623 0.00691692 0.00772489 0.00844611 0.00908185 0.0096367
 0.000530656 0.00119633 0.00205827 0.00303499 0.00405521 0.0050647 0.00602623 0.00691692 0.00772489 0.00844611 0.00908185 0.0096367
 0.000530656 0.00119633 0.00205827 0.00303499 0.00405521 0.0050647 0.00602623 0.00691692 0.00772489 0.00844611 0.00908185 0.0096367
 0.000530656 0.00119633 0.00205827 0.00303499 0.00405521 0.0050647 0.00602623 0.00691692 0.00772489 0.00844611 0.00908185 0.0096367
 0.000530656 0.00119633 0.00205827 0.00303499 0.00405521 0.0050647 0.00602623 0.00691692 0.00772489 0.00844611 0.00908185 0.0096367
 0.000530656 0.00119633 0.00205827 0.00303499 0.00405521 0.0050647 0.00602623 0.00691692 0.00772489 0.00844611 0.00908185 0.0096367
 0.000530656 0.00119633 0.00205827 0.00303499 0.00405521 0.0050647 0.00602623 0.00691692 0.00772489 0.00844611 0.00908185 0.0096367
 0.000530656 0.00119633 0.00205827 0.00303499 0.00405521 0.0050647 0.00602623 0.00691692 0.00772489 0.00844611 0.00908185 0.0096367
 0.000530656 0.00119633 0.00205827 0.00303499 0.00405521 0.0050647 0.00602623 0.00691692 0.00772489 0.00844611 0.00908185 0.0096367
 0.000530656 0.00119633 0.00205827 0.00303499 0.00405521 0.0050647 0.00602623 0.00691692 0.00772489 0.00844611 0.00908185 0.0096367
# nyrs_ind_age
 30
# yrs_ind_age
 1 2 3 4 5 6 7 8 9 10 11 12 13 14 15 16 17 18 19 20 21 22 23 24 25 26 27 28 29 30
# n_sample_ind_age
 200 200 200 200 200 200 200 200 200 200 200 200 200 200 200 200 200 200 200 200 200 200 200 200 200 200 200 200 200 200
# oac_ind
 0.045 0.165 0.115 0.125 0.125 0.065 0.075 0.07 0.03 0.04 0.045 0.1
 0.045 0.11 0.19 0.085 0.085 0.07 0.065 0.085 0.045 0.06 0.025 0.135
 0.03 0.14 0.155 0.125 0.075 0.085 0.055 0.045 0.075 0.055 0.035 0.125
 0.02 0.15 0.2 0.135 0.1 0.085 0.065 0.045 0.035 0.035 0.025 0.105
 0.035 0.095 0.135 0.2 0.09 0.125 0.02 0.07 0.03 0.025 0.02 0.155
 0.06 0.13 0.12 0.11 0.14 0.08 0.065 0.04 0.05 0.04 0.04 0.125
 0.07 0.135 0.125 0.115 0.08 0.11 0.075 0.09 0.015 0.025 0.03 0.13
 0.09 0.13 0.215 0.1 0.075 0.07 0.05 0.065 0.04 0 0.02 0.145
 0.15 0.12 0.195 0.11 0.065 0.05 0.065 0.08 0.045 0.015 0 0.105
 0.115 0.26 0.095 0.19 0.05 0.04 0.05 0.02 0.07 0.01 0.025 0.075
 0.1 0.16 0.28 0.1 0.115 0.04 0.03 0.02 0.03 0.035 0.01 0.08
 0.105 0.15 0.21 0.15 0.065 0.09 0.035 0.025 0.025 0.02 0.03 0.095
 0.055 0.18 0.18 0.17 0.14 0.065 0.06 0.03 0.02 0.02 0.02 0.06
 0.07 0.145 0.195 0.16 0.07 0.14 0.045 0.05 0.035 0.01 0.02 0.06
 0.095 0.185 0.15 0.125 0.125 0.08 0.1 0.025 0.035 0.015 0.01 0.055
 0.1 0.27 0.165 0.115 0.115 0.045 0.04 0.05 0.025 0.015 0.015 0.045
 0.075 0.255 0.23 0.11 0.115 0.04 0.055 0.02 0.045 0.01 0.015 0.03
 0.095 0.195 0.155 0.205 0.1 0.08 0.065 0.035 0.015 0.01 0.005 0.04
 0.09 0.21 0.145 0.12 0.13 0.11 0.05 0.04 0.025 0.02 0.005 0.055
 0.115 0.255 0.21 0.11 0.095 0.075 0.04 0.025 0.03 0.005 0.005 0.035
 0.1 0.195 0.25 0.145 0.105 0.07 0.035 0.055 0.01 0.01 0.005 0.02
 0.08 0.26 0.19 0.17 0.08 0.07 0.045 0.035 0.02 0.025 0.01 0.015
 0.15 0.25 0.205 0.155 0.09 0.04 0.025 0.04 0.025 0 0.005 0.015
 0.18 0.225 0.225 0.13 0.095 0.07 0.03 0.015 0.01 0.02 0 0
 0.13 0.27 0.22 0.185 0.06 0.025 0.03 0.04 0.01 0.01 0 0.02
 0.065 0.27 0.22 0.17 0.145 0.04 0.035 0.035 0.01 0 0.005 0.005
 0.125 0.15 0.25 0.165 0.125 0.09 0.04 0.015 0.02 0.005 0.01 0.005
 0.12 0.235 0.165 0.155 0.095 0.095 0.05 0.03 0.005 0.02 0.005 0.025
 0.125 0.175 0.25 0.13 0.105 0.085 0.065 0.035 0.015 0.005 0 0.01
 0.11 0.315 0.195 0.14 0.105 0.04 0.035 0.025 0.01 0.01 0.015 0
# olc_ind

# obs_lse_ind
 0.198042 0.198042 0.198042 0.198042 0.198042 0.198042 0.198042 0.198042 0.198042 0.198042 0.198042 0.198042 0.198042 0.198042 0.198042 0.198042 0.198042 0.198042 0.198042 0.198042 0.198042 0.198042 0.198042 0.198042 0.198042 0.198042 0.198042 0.198042 0.198042 0.198042
# xages_fsh
 0 0 0 0 0 0 0 0 0 0 0 0
# xages_fsh
 0 0.0909091 0.181818 0.272727 0.363636 0.454545 0.545455 0.636364 0.727273 0.818182 0.909091 1
# xnodes_fsh

Yrs fsh_sel change:  1 0 0 0 0 0 0 0 0 0 0 0 0 0 0 0 0 0 0 0 0 0 0 0 0 0 0 0 0
Yrs ind_sel change:  1 0 0 0 0 0 0 0 0 0 0 0 0 0 0 0 0 0 0 0 0 0 0 0 0 0 0 0 0
# steepnessprior
0.75
# sigmarprior
0.2
#  SSB estimated in styr endyr: -13 28 
#  Rec estimated in styr endyr: -11 30 
#  SR Curve fit  in styr endyr: 1 30 
#             Model styr endyr: 1 30 
# qprior
 3.48998e-007
# q_power_prior 
 1 
# cv_catchbiomass 
0.05 
# CatchbiomassPen 
200 
# Number of projection years 
5 
# offset_fsh
 13398.3
# offset_ind
 13106.4
Mean Catch
1335.23
R_guess 
15.457
# nfsh
1
# n_sel_ch_fsh
 1
# nselages_fsh
 11
# phase_selcoff_fsh
 -1
logRzero 15.457
logmeanrec 15.457
exp(log_sigmarprior 0.2
Fish sel phase: -1 FLEET1
Fixing fishery sel to
1
Srvy sel phase: -1
Fixing SURVEY1 indices sel to
1
# logsel_slp_in_indv
 0.693147
Leaving parameter init secton
# M
 0.2 0.2 0.2 0.2 0.2 0.2 0.2 0.2 0.2 0.2 0.2 0.2
 0.2 0.2 0.2 0.2 0.2 0.2 0.2 0.2 0.2 0.2 0.2 0.2
 0.2 0.2 0.2 0.2 0.2 0.2 0.2 0.2 0.2 0.2 0.2 0.2
 0.2 0.2 0.2 0.2 0.2 0.2 0.2 0.2 0.2 0.2 0.2 0.2
 0.2 0.2 0.2 0.2 0.2 0.2 0.2 0.2 0.2 0.2 0.2 0.2
 0.2 0.2 0.2 0.2 0.2 0.2 0.2 0.2 0.2 0.2 0.2 0.2
 0.2 0.2 0.2 0.2 0.2 0.2 0.2 0.2 0.2 0.2 0.2 0.2
 0.2 0.2 0.2 0.2 0.2 0.2 0.2 0.2 0.2 0.2 0.2 0.2
 0.2 0.2 0.2 0.2 0.2 0.2 0.2 0.2 0.2 0.2 0.2 0.2
 0.2 0.2 0.2 0.2 0.2 0.2 0.2 0.2 0.2 0.2 0.2 0.2
 0.2 0.2 0.2 0.2 0.2 0.2 0.2 0.2 0.2 0.2 0.2 0.2
 0.2 0.2 0.2 0.2 0.2 0.2 0.2 0.2 0.2 0.2 0.2 0.2
 0.2 0.2 0.2 0.2 0.2 0.2 0.2 0.2 0.2 0.2 0.2 0.2
 0.2 0.2 0.2 0.2 0.2 0.2 0.2 0.2 0.2 0.2 0.2 0.2
 0.2 0.2 0.2 0.2 0.2 0.2 0.2 0.2 0.2 0.2 0.2 0.2
 0.2 0.2 0.2 0.2 0.2 0.2 0.2 0.2 0.2 0.2 0.2 0.2
 0.2 0.2 0.2 0.2 0.2 0.2 0.2 0.2 0.2 0.2 0.2 0.2
 0.2 0.2 0.2 0.2 0.2 0.2 0.2 0.2 0.2 0.2 0.2 0.2
 0.2 0.2 0.2 0.2 0.2 0.2 0.2 0.2 0.2 0.2 0.2 0.2
 0.2 0.2 0.2 0.2 0.2 0.2 0.2 0.2 0.2 0.2 0.2 0.2
 0.2 0.2 0.2 0.2 0.2 0.2 0.2 0.2 0.2 0.2 0.2 0.2
 0.2 0.2 0.2 0.2 0.2 0.2 0.2 0.2 0.2 0.2 0.2 0.2
 0.2 0.2 0.2 0.2 0.2 0.2 0.2 0.2 0.2 0.2 0.2 0.2
 0.2 0.2 0.2 0.2 0.2 0.2 0.2 0.2 0.2 0.2 0.2 0.2
 0.2 0.2 0.2 0.2 0.2 0.2 0.2 0.2 0.2 0.2 0.2 0.2
 0.2 0.2 0.2 0.2 0.2 0.2 0.2 0.2 0.2 0.2 0.2 0.2
 0.2 0.2 0.2 0.2 0.2 0.2 0.2 0.2 0.2 0.2 0.2 0.2
 0.2 0.2 0.2 0.2 0.2 0.2 0.2 0.2 0.2 0.2 0.2 0.2
 0.2 0.2 0.2 0.2 0.2 0.2 0.2 0.2 0.2 0.2 0.2 0.2
 0.2 0.2 0.2 0.2 0.2 0.2 0.2 0.2 0.2 0.2 0.2 0.2
# mean_log_rec
13.7709
# log_Rzero
13.8304
# rec_dev
 -0.112131 -0.13401 -0.0149945 -0.00808314 0.0967015 0.0688731 0.0687136 -0.0131688 -0.0301043 0.0307253 -0.184529 0.110918 0.118712 0.298977 -0.0253371 -0.260049 -0.202655 -0.0685636 0.150804 -0.131779 0.429954 0.175984 0.0411268 0.0971145 -0.0644401 0.0855718 0.291339 0.11178 -0.073174 -0.0907143 0.116038 -0.00910864 -0.0712793 0.0798457 0.0847149 -0.0814043 -0.152899 -0.586886 -0.286847 -0.425278 -0.0231275 -0.263078
# fmort
 0.0090433 0.0261452 0.0436391 0.0589281 0.0468145 0.0850568 0.0856887 0.181424 0.106254 0.129527 0.144943 0.155627 0.112888 0.163479 0.175434 0.158545 0.307507 0.255143 0.25533 0.25392 0.352704 0.256357 0.417961 0.343127 0.343387 0.314233 0.308411 0.447032 0.348004 0.54501
# rec_dev_future
 0 0 0 0 0
