AMAK;Mar 2020
# styr
1
# endyr
30
# rec_age
1
# oldest_age
12
# nlength
81
# len_bins
 10 11 12 13 14 15 16 17 18 19 20 21 22 23 24 25 26 27 28 29 30 31 32 33 34 35 36 37 38 39 40 41 42 43 44 45 46 47 48 49 50 51 52 53 54 55 56 57 58 59 60 61 62 63 64 65 66 67 68 69 70 71 72 73 74 75 76 77 78 79 80 81 82 83 84 85 86 87 88 89 90
# datafile_name
amak_data.dat
# model_name
AMAK_MCP
# styr
1
# endyr
30
# rec_age
1
# oldest_age
12
# nfsh
1
# fshname
FLEET1
# catch_bio_in
 161.372 458.928 741.333 964.066 744.318 1288.59 1260.42 2455.69 1315.93 1520.35 1622.51 1634.16 1143.43 1578.72 1576.18 1317.02 2300.87 1664.09 1520.01 1487.08 1955.19 1338.33 2015.72 1437.52 1326.89 1159.4 1095.6 1394.52 958.372 1294.46
# catch_bio_sd_in
 0.01 0.01 0.01 0.01 0.01 0.01 0.01 0.01 0.01 0.01 0.01 0.01 0.01 0.01 0.01 0.01 0.01 0.01 0.01 0.01 0.01 0.01 0.01 0.01 0.01 0.01 0.01 0.01 0.01 0.01
# nyrs_fsh_age
 30
# nyrs_fsh_length
 0
# yrs_fsh_age_in
 1 2 3 4 5 6 7 8 9 10 11 12 13 14 15 16 17 18 19 20 21 22 23 24 25 26 27 28 29 30
# yrs_fsh_length_in

# n_sample_fsh_length_in

# olc_fsh_in

# nind
1
# indname
SURVEY1
# nyrs_ind
 30
# yrs_ind_in
 1 2 3 4 5 6 7 8 9 10 11 12 13 14 15 16 17 18 19 20 21 22 23 24 25 26 27 28 29 30
# mo_ind
 1
# obs_ind_in
 1.54975 1.36809 1.28426 1.49694 1.40421 1.41752 1.36658 1.37117 1.27468 1.19928 1.04416 1.11868 1.03332 1.12023 0.939845 0.901212 0.85441 0.758272 0.757613 0.848069 0.793062 0.85194 0.732863 0.613198 0.513568 0.622748 0.54523 0.52425 0.506853 0.533974
# obs_se_ind_in
 0.309951 0.273618 0.256852 0.299387 0.280841 0.283505 0.273316 0.274233 0.254935 0.239856 0.208832 0.223736 0.206665 0.224046 0.187969 0.180242 0.170882 0.151654 0.151523 0.169614 0.158612 0.170388 0.146573 0.12264 0.102714 0.12455 0.109046 0.10485 0.101371 0.106795
# nyrs_ind_age
 30
# nyrs_ind_length
 0
# yrs_ind_age_in
 1 2 3 4 5 6 7 8 9 10 11 12 13 14 15 16 17 18 19 20 21 22 23 24 25 26 27 28 29 30
# yrs_ind_length_in

# yrs_ind_age_in
 1 2 3 4 5 6 7 8 9 10 11 12 13 14 15 16 17 18 19 20 21 22 23 24 25 26 27 28 29 30
# n_sample_ind_length_in

# olc_ind_in

# oac_ind_in
 0.07 0.105 0.16 0.11 0.105 0.065 0.07 0.07 0.025 0.05 0.05 0.12
 0.055 0.115 0.165 0.1 0.11 0.1 0.085 0.065 0.025 0.04 0.02 0.12
 0.085 0.125 0.15 0.105 0.115 0.08 0.105 0.045 0.03 0.03 0.035 0.095
 0.03 0.195 0.135 0.105 0.08 0.095 0.045 0.075 0.05 0.02 0.025 0.145
 0.075 0.18 0.115 0.105 0.105 0.07 0.07 0.06 0.035 0.04 0.04 0.105
 0.11 0.155 0.075 0.135 0.125 0.085 0.055 0.06 0.04 0.02 0.025 0.115
 0.04 0.17 0.22 0.115 0.105 0.05 0.085 0.045 0.015 0.015 0.02 0.12
 0.065 0.15 0.185 0.135 0.1 0.135 0.055 0.04 0.025 0.03 0.005 0.075
 0.065 0.21 0.155 0.145 0.155 0.055 0.05 0.035 0.03 0.035 0.01 0.055
 0.045 0.175 0.25 0.11 0.125 0.085 0.025 0.055 0.025 0.02 0.02 0.065
 0.105 0.155 0.215 0.145 0.065 0.085 0.065 0.015 0.03 0.01 0.015 0.095
 0.075 0.16 0.14 0.15 0.16 0.04 0.085 0.035 0.02 0.02 0.015 0.1
 0.045 0.2 0.175 0.135 0.135 0.09 0.035 0.085 0.035 0.02 0.015 0.03
 0.08 0.17 0.23 0.195 0.095 0.06 0.05 0.015 0.025 0.03 0.015 0.035
 0.08 0.12 0.195 0.16 0.135 0.08 0.055 0.055 0.015 0.02 0.01 0.075
 0.08 0.225 0.105 0.12 0.155 0.12 0.065 0.035 0.02 0.01 0.005 0.06
 0.055 0.24 0.17 0.11 0.09 0.085 0.07 0.03 0.045 0.045 0.01 0.05
 0.16 0.105 0.265 0.165 0.095 0.085 0.035 0.05 0.01 0 0 0.03
 0.1 0.32 0.16 0.105 0.115 0.05 0.05 0.04 0.01 0.01 0.005 0.035
 0.095 0.195 0.36 0.08 0.085 0.07 0.03 0.01 0.01 0.015 0.015 0.035
 0.08 0.19 0.215 0.25 0.07 0.095 0.03 0.015 0.015 0 0.015 0.025
 0.12 0.105 0.24 0.185 0.18 0.035 0.05 0.01 0.01 0.02 0.015 0.03
 0.12 0.225 0.17 0.175 0.105 0.095 0.025 0.025 0.005 0.005 0.015 0.035
 0.065 0.295 0.21 0.16 0.085 0.07 0.045 0.035 0.01 0.01 0 0.015
 0.085 0.295 0.2 0.15 0.065 0.105 0.02 0.045 0.01 0.01 0.005 0.01
 0.115 0.245 0.21 0.18 0.085 0.055 0.01 0.035 0.025 0.015 0.01 0.015
 0.065 0.265 0.265 0.175 0.075 0.045 0.045 0.005 0.025 0.015 0 0.02
 0.1 0.26 0.185 0.18 0.085 0.095 0.04 0.005 0.02 0.005 0.01 0.015
 0.095 0.295 0.18 0.15 0.135 0.065 0.02 0.025 0 0.01 0.005 0.02
 0.1 0.27 0.225 0.135 0.08 0.095 0.035 0.01 0.04 0.005 0.005 0
# wt_ind
 1 1 1 1 1 1 1 1 1 1 1 1
 1 1 1 1 1 1 1 1 1 1 1 1
 1 1 1 1 1 1 1 1 1 1 1 1
 1 1 1 1 1 1 1 1 1 1 1 1
 1 1 1 1 1 1 1 1 1 1 1 1
 1 1 1 1 1 1 1 1 1 1 1 1
 1 1 1 1 1 1 1 1 1 1 1 1
 1 1 1 1 1 1 1 1 1 1 1 1
 1 1 1 1 1 1 1 1 1 1 1 1
 1 1 1 1 1 1 1 1 1 1 1 1
 1 1 1 1 1 1 1 1 1 1 1 1
 1 1 1 1 1 1 1 1 1 1 1 1
 1 1 1 1 1 1 1 1 1 1 1 1
 1 1 1 1 1 1 1 1 1 1 1 1
 1 1 1 1 1 1 1 1 1 1 1 1
 1 1 1 1 1 1 1 1 1 1 1 1
 1 1 1 1 1 1 1 1 1 1 1 1
 1 1 1 1 1 1 1 1 1 1 1 1
 1 1 1 1 1 1 1 1 1 1 1 1
 1 1 1 1 1 1 1 1 1 1 1 1
 1 1 1 1 1 1 1 1 1 1 1 1
 1 1 1 1 1 1 1 1 1 1 1 1
 1 1 1 1 1 1 1 1 1 1 1 1
 1 1 1 1 1 1 1 1 1 1 1 1
 1 1 1 1 1 1 1 1 1 1 1 1
 1 1 1 1 1 1 1 1 1 1 1 1
 1 1 1 1 1 1 1 1 1 1 1 1
 1 1 1 1 1 1 1 1 1 1 1 1
 1 1 1 1 1 1 1 1 1 1 1 1
 1 1 1 1 1 1 1 1 1 1 1 1
# wt_pop
 0.000530656 0.00119633 0.00205827 0.00303499 0.00405521 0.0050647 0.00602623 0.00691692 0.00772489 0.00844611 0.00908185 0.0096367
# maturity
 0.0229774 0.320821 0.904651 0.99478 0.999739 0.999987 0.999999 1 1 1 1 1
# spawnmo
1
# age_err
 1 0 0 0 0 0 0 0 0 0 0 0
 0 1 0 0 0 0 0 0 0 0 0 0
 0 0 1 0 0 0 0 0 0 0 0 0
 0 0 0 1 0 0 0 0 0 0 0 0
 0 0 0 0 1 0 0 0 0 0 0 0
 0 0 0 0 0 1 0 0 0 0 0 0
 0 0 0 0 0 0 1 0 0 0 0 0
 0 0 0 0 0 0 0 1 0 0 0 0
 0 0 0 0 0 0 0 0 1 0 0 0
 0 0 0 0 0 0 0 0 0 1 0 0
 0 0 0 0 0 0 0 0 0 0 1 0
 0 0 0 0 0 0 0 0 0 0 0 1
# cntrlfile_name
C:\Users\bai.li\DOCUME~1\Github\AGE_ST~1\ASSAMC\example\output\AMAK\s52\amak.dat
# Map shared selectivity: 
# sel_map
 1 2
 1 1
# datafile_name
amak_data.dat
# model_name
AMAK_MCP
# SrType
2
# use_age_err
0
# retro
0
# sigmarprior
0.2
# cvsigmarprior
0.25
# phase_sigmar
-3
# styr_rec_est
1
# endyr_rec_est
30
# Linfprior
80
# cvLinfprior
0.25
# kprior
0.18
# cvkprior
0.25
# Loprior
27.688
# cvLoprior
0.25
# sdageprior
0.1
# cvsdageprior
0.25
# natmortprior
0.2
# cvnatmortprior
0.25
# phase_M
-4
# npars_Mage
0
# ages_M_changes

# Mage_in

# Mage_offset_in

# phase_Mage
-5
# phase_rw_M
0
# npars_rw_M
0
# yrs_rw_M

# sigma_rw_M

# qprior
 3.48998e-007
# cvqprior
 1
# phase_q
 1
# q_power_prior
 1
# cvq_power_prior
 0.2
# phase_q_power
 -4
# phase_rw_q
 -1
# npars_rw_q
 0
# yrs_rw_q

# sigma_rw_q

# q_age_min
 1
# q_age_max
 12
# q_age_min
 1
# q_age_max
 12
# fsh_sel_opt(k)
2
# phase_sel_fsh(k)
2
# n_sel_ch_fsh(k)
1
# sel_slp_in_fsh(k)(1,n_sel_ch_fsh(k))
 1
# sel_inf_in_fsh(k)(1,n_sel_ch_fsh(k))
 2
# logsel_slp_in_fsh(k)(1,n_sel_ch_fsh(k))
 0
# yrs_sel_ch_fsh(k)(1,n_sel_ch_fsh(k))
 1

Survey SURVEY1
# ind_sel_opt(k)
2
# indname(k)
SURVEY1
# nselages_in_ind(k)
11
# phase_sel_ind(k)
2
# sel_change_in_ind(k)
 1 0 0 0 0 0 0 0 0 0 0 0 0 0 0 0 0 0 0 0 0 0 0 0 0 0 0 0 0 0
# n_sel_ch_ind(k)
1
# yrs_sel_ch_ind(k)(1,n_sel_ch_ind(k))
 1
# sel_slp_in_ind(k,1)
2
# sel_inf_in_ind(k,1)
1.5
# logsel_slp_in_ind(k,1)
0.693147
# logsel_slp_in_indv(k)
0.693147
SURVEY1 ind sel opt 2  1 0 0 0 0 0 0 0 0 0 0 0 0 0 0 0 0 0 0 0 0 0 0 0 0 0 0 0 0 0
Phase indices Sel_Coffs:  -1
 Test: 1.23457e+008
# Fshry Selages:  11
# Srvy  Selages:  11
# Phase for age-spec fishery  -1
# Phase for logistic fishery  2
# Phase for dble logistic fishery  -1
# Phase for age-spec indices   -1
# Phase for logistic indices   2
# Phase for dble logistic ind  -1
# Curv_pen_fsh: 
 0
# Curv_pen_ind: 
 0
# styr_fut
31
# endyr_fut
35
# nyrs_fsh_age
 30
# nyrs_fsh_age
 30
# yrs_fsh_age
 1 2 3 4 5 6 7 8 9 10 11 12 13 14 15 16 17 18 19 20 21 22 23 24 25 26 27 28 29 30
# n_sample_fsh_age
 200 200 200 200 200 200 200 200 200 200 200 200 200 200 200 200 200 200 200 200 200 200 200 200 200 200 200 200 200 200
# oac_fsh
 0.08 0.075 0.115 0.175 0.105 0.095 0.07 0.07 0.05 0.035 0.035 0.095
 0.07 0.07 0.12 0.15 0.1 0.1 0.095 0.055 0.05 0.055 0.035 0.1
 0.07 0.085 0.145 0.115 0.115 0.08 0.08 0.075 0.025 0.05 0.035 0.125
 0.05 0.125 0.145 0.11 0.105 0.135 0.075 0.065 0.03 0.03 0.03 0.1
 0.125 0.11 0.17 0.12 0.09 0.08 0.05 0.06 0.035 0.01 0.02 0.13
 0.045 0.15 0.145 0.145 0.115 0.085 0.085 0.045 0.045 0.02 0.025 0.095
 0.055 0.14 0.16 0.1 0.13 0.09 0.06 0.03 0.04 0.045 0.04 0.11
 0.11 0.115 0.14 0.155 0.085 0.085 0.055 0.05 0.045 0.04 0.02 0.1
 0.135 0.1 0.11 0.155 0.17 0.045 0.06 0.045 0.04 0.025 0.035 0.08
 0.07 0.155 0.165 0.125 0.115 0.07 0.06 0.065 0.035 0.02 0.02 0.1
 0.105 0.125 0.19 0.125 0.07 0.12 0.04 0.05 0.035 0.03 0.02 0.09
 0.09 0.22 0.155 0.14 0.105 0.055 0.04 0.05 0.005 0.04 0.01 0.09
 0.05 0.165 0.225 0.1 0.12 0.085 0.05 0.04 0.05 0.015 0.06 0.04
 0.1 0.135 0.21 0.15 0.09 0.075 0.06 0.015 0.055 0.05 0.01 0.05
 0.145 0.105 0.205 0.13 0.13 0.065 0.06 0.065 0.01 0.02 0.015 0.05
 0.08 0.19 0.11 0.115 0.15 0.13 0.06 0.03 0.035 0.015 0.035 0.05
 0.1 0.15 0.195 0.1 0.12 0.075 0.08 0.04 0.025 0.035 0.02 0.06
 0.175 0.08 0.255 0.135 0.07 0.055 0.05 0.05 0.015 0.02 0.045 0.05
 0.135 0.24 0.15 0.175 0.09 0.045 0.035 0.045 0.025 0.025 0 0.035
 0.135 0.14 0.32 0.12 0.085 0.07 0.025 0.02 0.02 0.025 0.005 0.035
 0.115 0.195 0.145 0.215 0.13 0.08 0.045 0.035 0.01 0.005 0.01 0.015
 0.115 0.18 0.195 0.165 0.17 0.045 0.055 0.02 0.005 0.01 0.005 0.035
 0.17 0.165 0.165 0.16 0.125 0.105 0.045 0.02 0.01 0.005 0.01 0.02
 0.14 0.255 0.155 0.09 0.155 0.085 0.07 0.005 0.015 0.005 0 0.025
 0.115 0.175 0.265 0.165 0.08 0.05 0.05 0.04 0.005 0.025 0 0.03
 0.095 0.245 0.25 0.145 0.085 0.05 0.055 0.055 0.005 0.005 0.005 0.005
 0.185 0.175 0.2 0.12 0.18 0.035 0.04 0.015 0.015 0.035 0 0
 0.14 0.22 0.14 0.19 0.12 0.075 0.045 0.005 0.02 0.015 0.015 0.015
 0.14 0.22 0.19 0.115 0.14 0.055 0.045 0.06 0.015 0.01 0 0.01
 0.175 0.22 0.205 0.155 0.12 0.045 0.03 0 0.015 0.025 0 0.01
# olc_fsh

# wt_fsh
 0.000530656 0.00119633 0.00205827 0.00303499 0.00405521 0.0050647 0.00602623 0.00691692 0.00772489 0.00844611 0.00908185 0.0096367
 0.000530656 0.00119633 0.00205827 0.00303499 0.00405521 0.0050647 0.00602623 0.00691692 0.00772489 0.00844611 0.00908185 0.0096367
 0.000530656 0.00119633 0.00205827 0.00303499 0.00405521 0.0050647 0.00602623 0.00691692 0.00772489 0.00844611 0.00908185 0.0096367
 0.000530656 0.00119633 0.00205827 0.00303499 0.00405521 0.0050647 0.00602623 0.00691692 0.00772489 0.00844611 0.00908185 0.0096367
 0.000530656 0.00119633 0.00205827 0.00303499 0.00405521 0.0050647 0.00602623 0.00691692 0.00772489 0.00844611 0.00908185 0.0096367
 0.000530656 0.00119633 0.00205827 0.00303499 0.00405521 0.0050647 0.00602623 0.00691692 0.00772489 0.00844611 0.00908185 0.0096367
 0.000530656 0.00119633 0.00205827 0.00303499 0.00405521 0.0050647 0.00602623 0.00691692 0.00772489 0.00844611 0.00908185 0.0096367
 0.000530656 0.00119633 0.00205827 0.00303499 0.00405521 0.0050647 0.00602623 0.00691692 0.00772489 0.00844611 0.00908185 0.0096367
 0.000530656 0.00119633 0.00205827 0.00303499 0.00405521 0.0050647 0.00602623 0.00691692 0.00772489 0.00844611 0.00908185 0.0096367
 0.000530656 0.00119633 0.00205827 0.00303499 0.00405521 0.0050647 0.00602623 0.00691692 0.00772489 0.00844611 0.00908185 0.0096367
 0.000530656 0.00119633 0.00205827 0.00303499 0.00405521 0.0050647 0.00602623 0.00691692 0.00772489 0.00844611 0.00908185 0.0096367
 0.000530656 0.00119633 0.00205827 0.00303499 0.00405521 0.0050647 0.00602623 0.00691692 0.00772489 0.00844611 0.00908185 0.0096367
 0.000530656 0.00119633 0.00205827 0.00303499 0.00405521 0.0050647 0.00602623 0.00691692 0.00772489 0.00844611 0.00908185 0.0096367
 0.000530656 0.00119633 0.00205827 0.00303499 0.00405521 0.0050647 0.00602623 0.00691692 0.00772489 0.00844611 0.00908185 0.0096367
 0.000530656 0.00119633 0.00205827 0.00303499 0.00405521 0.0050647 0.00602623 0.00691692 0.00772489 0.00844611 0.00908185 0.0096367
 0.000530656 0.00119633 0.00205827 0.00303499 0.00405521 0.0050647 0.00602623 0.00691692 0.00772489 0.00844611 0.00908185 0.0096367
 0.000530656 0.00119633 0.00205827 0.00303499 0.00405521 0.0050647 0.00602623 0.00691692 0.00772489 0.00844611 0.00908185 0.0096367
 0.000530656 0.00119633 0.00205827 0.00303499 0.00405521 0.0050647 0.00602623 0.00691692 0.00772489 0.00844611 0.00908185 0.0096367
 0.000530656 0.00119633 0.00205827 0.00303499 0.00405521 0.0050647 0.00602623 0.00691692 0.00772489 0.00844611 0.00908185 0.0096367
 0.000530656 0.00119633 0.00205827 0.00303499 0.00405521 0.0050647 0.00602623 0.00691692 0.00772489 0.00844611 0.00908185 0.0096367
 0.000530656 0.00119633 0.00205827 0.00303499 0.00405521 0.0050647 0.00602623 0.00691692 0.00772489 0.00844611 0.00908185 0.0096367
 0.000530656 0.00119633 0.00205827 0.00303499 0.00405521 0.0050647 0.00602623 0.00691692 0.00772489 0.00844611 0.00908185 0.0096367
 0.000530656 0.00119633 0.00205827 0.00303499 0.00405521 0.0050647 0.00602623 0.00691692 0.00772489 0.00844611 0.00908185 0.0096367
 0.000530656 0.00119633 0.00205827 0.00303499 0.00405521 0.0050647 0.00602623 0.00691692 0.00772489 0.00844611 0.00908185 0.0096367
 0.000530656 0.00119633 0.00205827 0.00303499 0.00405521 0.0050647 0.00602623 0.00691692 0.00772489 0.00844611 0.00908185 0.0096367
 0.000530656 0.00119633 0.00205827 0.00303499 0.00405521 0.0050647 0.00602623 0.00691692 0.00772489 0.00844611 0.00908185 0.0096367
 0.000530656 0.00119633 0.00205827 0.00303499 0.00405521 0.0050647 0.00602623 0.00691692 0.00772489 0.00844611 0.00908185 0.0096367
 0.000530656 0.00119633 0.00205827 0.00303499 0.00405521 0.0050647 0.00602623 0.00691692 0.00772489 0.00844611 0.00908185 0.0096367
 0.000530656 0.00119633 0.00205827 0.00303499 0.00405521 0.0050647 0.00602623 0.00691692 0.00772489 0.00844611 0.00908185 0.0096367
 0.000530656 0.00119633 0.00205827 0.00303499 0.00405521 0.0050647 0.00602623 0.00691692 0.00772489 0.00844611 0.00908185 0.0096367
# nyrs_ind_age
 30
# yrs_ind_age
 1 2 3 4 5 6 7 8 9 10 11 12 13 14 15 16 17 18 19 20 21 22 23 24 25 26 27 28 29 30
# n_sample_ind_age
 200 200 200 200 200 200 200 200 200 200 200 200 200 200 200 200 200 200 200 200 200 200 200 200 200 200 200 200 200 200
# oac_ind
 0.07 0.105 0.16 0.11 0.105 0.065 0.07 0.07 0.025 0.05 0.05 0.12
 0.055 0.115 0.165 0.1 0.11 0.1 0.085 0.065 0.025 0.04 0.02 0.12
 0.085 0.125 0.15 0.105 0.115 0.08 0.105 0.045 0.03 0.03 0.035 0.095
 0.03 0.195 0.135 0.105 0.08 0.095 0.045 0.075 0.05 0.02 0.025 0.145
 0.075 0.18 0.115 0.105 0.105 0.07 0.07 0.06 0.035 0.04 0.04 0.105
 0.11 0.155 0.075 0.135 0.125 0.085 0.055 0.06 0.04 0.02 0.025 0.115
 0.04 0.17 0.22 0.115 0.105 0.05 0.085 0.045 0.015 0.015 0.02 0.12
 0.065 0.15 0.185 0.135 0.1 0.135 0.055 0.04 0.025 0.03 0.005 0.075
 0.065 0.21 0.155 0.145 0.155 0.055 0.05 0.035 0.03 0.035 0.01 0.055
 0.045 0.175 0.25 0.11 0.125 0.085 0.025 0.055 0.025 0.02 0.02 0.065
 0.105 0.155 0.215 0.145 0.065 0.085 0.065 0.015 0.03 0.01 0.015 0.095
 0.075 0.16 0.14 0.15 0.16 0.04 0.085 0.035 0.02 0.02 0.015 0.1
 0.045 0.2 0.175 0.135 0.135 0.09 0.035 0.085 0.035 0.02 0.015 0.03
 0.08 0.17 0.23 0.195 0.095 0.06 0.05 0.015 0.025 0.03 0.015 0.035
 0.08 0.12 0.195 0.16 0.135 0.08 0.055 0.055 0.015 0.02 0.01 0.075
 0.08 0.225 0.105 0.12 0.155 0.12 0.065 0.035 0.02 0.01 0.005 0.06
 0.055 0.24 0.17 0.11 0.09 0.085 0.07 0.03 0.045 0.045 0.01 0.05
 0.16 0.105 0.265 0.165 0.095 0.085 0.035 0.05 0.01 0 0 0.03
 0.1 0.32 0.16 0.105 0.115 0.05 0.05 0.04 0.01 0.01 0.005 0.035
 0.095 0.195 0.36 0.08 0.085 0.07 0.03 0.01 0.01 0.015 0.015 0.035
 0.08 0.19 0.215 0.25 0.07 0.095 0.03 0.015 0.015 0 0.015 0.025
 0.12 0.105 0.24 0.185 0.18 0.035 0.05 0.01 0.01 0.02 0.015 0.03
 0.12 0.225 0.17 0.175 0.105 0.095 0.025 0.025 0.005 0.005 0.015 0.035
 0.065 0.295 0.21 0.16 0.085 0.07 0.045 0.035 0.01 0.01 0 0.015
 0.085 0.295 0.2 0.15 0.065 0.105 0.02 0.045 0.01 0.01 0.005 0.01
 0.115 0.245 0.21 0.18 0.085 0.055 0.01 0.035 0.025 0.015 0.01 0.015
 0.065 0.265 0.265 0.175 0.075 0.045 0.045 0.005 0.025 0.015 0 0.02
 0.1 0.26 0.185 0.18 0.085 0.095 0.04 0.005 0.02 0.005 0.01 0.015
 0.095 0.295 0.18 0.15 0.135 0.065 0.02 0.025 0 0.01 0.005 0.02
 0.1 0.27 0.225 0.135 0.08 0.095 0.035 0.01 0.04 0.005 0.005 0
# olc_ind

# obs_lse_ind
 0.198042 0.198042 0.198042 0.198042 0.198042 0.198042 0.198042 0.198042 0.198042 0.198042 0.198042 0.198042 0.198042 0.198042 0.198042 0.198042 0.198042 0.198042 0.198042 0.198042 0.198042 0.198042 0.198042 0.198042 0.198042 0.198042 0.198042 0.198042 0.198042 0.198042
# xages_fsh
 0 0 0 0 0 0 0 0 0 0 0 0
# xages_fsh
 0 0.0909091 0.181818 0.272727 0.363636 0.454545 0.545455 0.636364 0.727273 0.818182 0.909091 1
# xnodes_fsh

Yrs fsh_sel change:  1 0 0 0 0 0 0 0 0 0 0 0 0 0 0 0 0 0 0 0 0 0 0 0 0 0 0 0 0
Yrs ind_sel change:  1 0 0 0 0 0 0 0 0 0 0 0 0 0 0 0 0 0 0 0 0 0 0 0 0 0 0 0 0
# steepnessprior
0.75
# sigmarprior
0.2
#  SSB estimated in styr endyr: -13 28 
#  Rec estimated in styr endyr: -11 30 
#  SR Curve fit  in styr endyr: 1 30 
#             Model styr endyr: 1 30 
# qprior
 3.48998e-007
# q_power_prior 
 1 
# cv_catchbiomass 
0.05 
# CatchbiomassPen 
200 
# Number of projection years 
5 
# offset_fsh
 13368.9
# offset_ind
 13018.6
Mean Catch
1357.7
R_guess 
15.4737
# nfsh
1
# n_sel_ch_fsh
 1
# nselages_fsh
 11
# phase_selcoff_fsh
 -1
logRzero 15.4737
logmeanrec 15.4737
exp(log_sigmarprior 0.2
Fish sel phase: -1 FLEET1
Fixing fishery sel to
1
Srvy sel phase: -1
Fixing SURVEY1 indices sel to
1
# logsel_slp_in_indv
 0.693147
Leaving parameter init secton
# M
 0.2 0.2 0.2 0.2 0.2 0.2 0.2 0.2 0.2 0.2 0.2 0.2
 0.2 0.2 0.2 0.2 0.2 0.2 0.2 0.2 0.2 0.2 0.2 0.2
 0.2 0.2 0.2 0.2 0.2 0.2 0.2 0.2 0.2 0.2 0.2 0.2
 0.2 0.2 0.2 0.2 0.2 0.2 0.2 0.2 0.2 0.2 0.2 0.2
 0.2 0.2 0.2 0.2 0.2 0.2 0.2 0.2 0.2 0.2 0.2 0.2
 0.2 0.2 0.2 0.2 0.2 0.2 0.2 0.2 0.2 0.2 0.2 0.2
 0.2 0.2 0.2 0.2 0.2 0.2 0.2 0.2 0.2 0.2 0.2 0.2
 0.2 0.2 0.2 0.2 0.2 0.2 0.2 0.2 0.2 0.2 0.2 0.2
 0.2 0.2 0.2 0.2 0.2 0.2 0.2 0.2 0.2 0.2 0.2 0.2
 0.2 0.2 0.2 0.2 0.2 0.2 0.2 0.2 0.2 0.2 0.2 0.2
 0.2 0.2 0.2 0.2 0.2 0.2 0.2 0.2 0.2 0.2 0.2 0.2
 0.2 0.2 0.2 0.2 0.2 0.2 0.2 0.2 0.2 0.2 0.2 0.2
 0.2 0.2 0.2 0.2 0.2 0.2 0.2 0.2 0.2 0.2 0.2 0.2
 0.2 0.2 0.2 0.2 0.2 0.2 0.2 0.2 0.2 0.2 0.2 0.2
 0.2 0.2 0.2 0.2 0.2 0.2 0.2 0.2 0.2 0.2 0.2 0.2
 0.2 0.2 0.2 0.2 0.2 0.2 0.2 0.2 0.2 0.2 0.2 0.2
 0.2 0.2 0.2 0.2 0.2 0.2 0.2 0.2 0.2 0.2 0.2 0.2
 0.2 0.2 0.2 0.2 0.2 0.2 0.2 0.2 0.2 0.2 0.2 0.2
 0.2 0.2 0.2 0.2 0.2 0.2 0.2 0.2 0.2 0.2 0.2 0.2
 0.2 0.2 0.2 0.2 0.2 0.2 0.2 0.2 0.2 0.2 0.2 0.2
 0.2 0.2 0.2 0.2 0.2 0.2 0.2 0.2 0.2 0.2 0.2 0.2
 0.2 0.2 0.2 0.2 0.2 0.2 0.2 0.2 0.2 0.2 0.2 0.2
 0.2 0.2 0.2 0.2 0.2 0.2 0.2 0.2 0.2 0.2 0.2 0.2
 0.2 0.2 0.2 0.2 0.2 0.2 0.2 0.2 0.2 0.2 0.2 0.2
 0.2 0.2 0.2 0.2 0.2 0.2 0.2 0.2 0.2 0.2 0.2 0.2
 0.2 0.2 0.2 0.2 0.2 0.2 0.2 0.2 0.2 0.2 0.2 0.2
 0.2 0.2 0.2 0.2 0.2 0.2 0.2 0.2 0.2 0.2 0.2 0.2
 0.2 0.2 0.2 0.2 0.2 0.2 0.2 0.2 0.2 0.2 0.2 0.2
 0.2 0.2 0.2 0.2 0.2 0.2 0.2 0.2 0.2 0.2 0.2 0.2
 0.2 0.2 0.2 0.2 0.2 0.2 0.2 0.2 0.2 0.2 0.2 0.2
# mean_log_rec
13.713
# log_Rzero
13.8423
# rec_dev
 -0.173433 -0.205196 -0.00178861 -0.0403635 0.0209284 0.0285548 -0.0639647 0.0414622 0.118199 0.0633904 0.124147 0.00907938 0.0738136 0.0580419 0.288842 -0.0388105 0.364537 0.32061 -0.0805309 0.31253 0.222554 0.0131107 0.343492 0.215981 0.0106838 -0.215978 0.136858 0.206565 -0.171842 0.577296 0.149781 0.14448 -0.152554 -0.0129512 0.123424 -0.0705486 -0.0129764 -0.255902 -0.197805 -0.153331 -0.196473 -0.164079
# fmort
 0.00940853 0.0270891 0.0449433 0.0607242 0.0484439 0.0869149 0.0889782 0.188616 0.11048 0.13436 0.152268 0.163092 0.118112 0.168871 0.180662 0.160496 0.311495 0.254757 0.245761 0.245135 0.342072 0.252733 0.42389 0.345863 0.342435 0.313229 0.305021 0.418902 0.309197 0.443732
# rec_dev_future
 0 0 0 0 0
