AMAK;Mar 2020
# styr
1
# endyr
30
# rec_age
1
# oldest_age
12
# nlength
81
# len_bins
 10 11 12 13 14 15 16 17 18 19 20 21 22 23 24 25 26 27 28 29 30 31 32 33 34 35 36 37 38 39 40 41 42 43 44 45 46 47 48 49 50 51 52 53 54 55 56 57 58 59 60 61 62 63 64 65 66 67 68 69 70 71 72 73 74 75 76 77 78 79 80 81 82 83 84 85 86 87 88 89 90
# datafile_name
amak_data.dat
# model_name
AMAK_MCP
# styr
1
# endyr
30
# rec_age
1
# oldest_age
12
# nfsh
1
# fshname
FLEET1
# catch_bio_in
 160.952 460.051 748.039 986.152 774.91 1358.39 1325.65 2625.48 1419.4 1645.71 1736.84 1718.43 1149.45 1583.83 1552.11 1291.2 2280.08 1629.17 1497.2 1379.11 1751.74 1165.14 1704.52 1198.23 1111.06 966.776 935.045 1255.55 928.045 1322.6
# catch_bio_sd_in
 0.01 0.01 0.01 0.01 0.01 0.01 0.01 0.01 0.01 0.01 0.01 0.01 0.01 0.01 0.01 0.01 0.01 0.01 0.01 0.01 0.01 0.01 0.01 0.01 0.01 0.01 0.01 0.01 0.01 0.01
# nyrs_fsh_age
 30
# nyrs_fsh_length
 0
# yrs_fsh_age_in
 1 2 3 4 5 6 7 8 9 10 11 12 13 14 15 16 17 18 19 20 21 22 23 24 25 26 27 28 29 30
# yrs_fsh_length_in

# n_sample_fsh_length_in

# olc_fsh_in

# nind
1
# indname
SURVEY1
# nyrs_ind
 30
# yrs_ind_in
 1 2 3 4 5 6 7 8 9 10 11 12 13 14 15 16 17 18 19 20 21 22 23 24 25 26 27 28 29 30
# mo_ind
 1
# obs_ind_in
 1.5445 1.29956 1.37987 1.88069 1.44395 1.94879 1.52152 1.47708 1.78002 1.24437 1.17577 1.08438 1.20592 1.17794 0.920479 1.10759 0.814052 0.831025 0.747036 0.609304 0.622975 0.588759 0.620132 0.546653 0.490504 0.595621 0.642143 0.499113 0.39474 0.511011
# obs_se_ind_in
 0.3089 0.259913 0.275974 0.376138 0.288789 0.389758 0.304304 0.295417 0.356004 0.248875 0.235154 0.216876 0.241183 0.235589 0.184096 0.221518 0.16281 0.166205 0.149407 0.121861 0.124595 0.117752 0.124026 0.109331 0.0981008 0.119124 0.128429 0.0998227 0.0789481 0.102202
# nyrs_ind_age
 30
# nyrs_ind_length
 0
# yrs_ind_age_in
 1 2 3 4 5 6 7 8 9 10 11 12 13 14 15 16 17 18 19 20 21 22 23 24 25 26 27 28 29 30
# yrs_ind_length_in

# yrs_ind_age_in
 1 2 3 4 5 6 7 8 9 10 11 12 13 14 15 16 17 18 19 20 21 22 23 24 25 26 27 28 29 30
# n_sample_ind_length_in

# olc_ind_in

# oac_ind_in
 0.05 0.16 0.16 0.105 0.09 0.095 0.045 0.03 0.055 0.05 0.02 0.14
 0.035 0.12 0.155 0.155 0.11 0.095 0.05 0.04 0.055 0.035 0.02 0.13
 0.085 0.16 0.135 0.15 0.12 0.075 0.085 0.015 0.02 0.04 0.035 0.08
 0.08 0.2 0.135 0.17 0.045 0.065 0.05 0.04 0.035 0.04 0.015 0.125
 0.06 0.185 0.145 0.175 0.065 0.055 0.07 0.04 0.06 0.025 0.01 0.11
 0.06 0.13 0.185 0.12 0.135 0.08 0.095 0.035 0.005 0.025 0.025 0.105
 0.04 0.2 0.165 0.145 0.095 0.075 0.075 0.045 0.02 0.015 0.01 0.115
 0.08 0.09 0.15 0.125 0.115 0.08 0.07 0.06 0.03 0.03 0.045 0.125
 0.05 0.17 0.19 0.175 0.125 0.09 0.045 0.04 0.015 0.02 0.005 0.075
 0.06 0.185 0.185 0.1 0.145 0.08 0.045 0.02 0.02 0.055 0.02 0.085
 0.085 0.135 0.145 0.14 0.1 0.13 0.05 0.03 0.04 0.04 0.025 0.08
 0.08 0.14 0.125 0.14 0.155 0.1 0.065 0.03 0.04 0.025 0.02 0.08
 0.075 0.255 0.12 0.105 0.1 0.1 0.04 0.055 0.035 0.03 0.005 0.08
 0.075 0.155 0.18 0.155 0.065 0.065 0.075 0.03 0.065 0.025 0.03 0.08
 0.06 0.21 0.125 0.21 0.09 0.07 0.045 0.04 0.025 0.025 0.025 0.075
 0.065 0.2 0.17 0.12 0.115 0.07 0.07 0.035 0.045 0.02 0.025 0.065
 0.11 0.235 0.15 0.16 0.05 0.045 0.05 0.045 0.055 0.03 0.025 0.045
 0.09 0.085 0.33 0.16 0.08 0.05 0.085 0.04 0.005 0.015 0.015 0.045
 0.115 0.22 0.165 0.225 0.095 0.055 0.015 0.02 0.02 0.04 0 0.03
 0.08 0.275 0.23 0.135 0.08 0.04 0.065 0.015 0.025 0.015 0.015 0.025
 0.075 0.18 0.285 0.14 0.07 0.075 0.055 0.045 0.015 0.03 0.01 0.02
 0.105 0.2 0.18 0.175 0.105 0.035 0.075 0.045 0.02 0.01 0.02 0.03
 0.11 0.25 0.165 0.125 0.145 0.065 0.035 0.03 0.025 0.01 0.005 0.035
 0.085 0.26 0.255 0.11 0.135 0.065 0.015 0.025 0.02 0.005 0.005 0.02
 0.165 0.21 0.27 0.135 0.095 0.045 0.035 0.01 0.015 0.005 0.005 0.01
 0.11 0.255 0.19 0.22 0.1 0.045 0.025 0.025 0.01 0.015 0.005 0
 0.18 0.295 0.225 0.12 0.095 0.035 0.01 0.015 0.015 0.005 0 0.005
 0.065 0.265 0.225 0.18 0.115 0.075 0.025 0.005 0.02 0.015 0.01 0
 0.19 0.18 0.28 0.16 0.07 0.04 0.02 0.04 0 0.005 0 0.015
 0.095 0.315 0.16 0.175 0.07 0.105 0.04 0.03 0.005 0 0 0.005
# wt_ind
 1 1 1 1 1 1 1 1 1 1 1 1
 1 1 1 1 1 1 1 1 1 1 1 1
 1 1 1 1 1 1 1 1 1 1 1 1
 1 1 1 1 1 1 1 1 1 1 1 1
 1 1 1 1 1 1 1 1 1 1 1 1
 1 1 1 1 1 1 1 1 1 1 1 1
 1 1 1 1 1 1 1 1 1 1 1 1
 1 1 1 1 1 1 1 1 1 1 1 1
 1 1 1 1 1 1 1 1 1 1 1 1
 1 1 1 1 1 1 1 1 1 1 1 1
 1 1 1 1 1 1 1 1 1 1 1 1
 1 1 1 1 1 1 1 1 1 1 1 1
 1 1 1 1 1 1 1 1 1 1 1 1
 1 1 1 1 1 1 1 1 1 1 1 1
 1 1 1 1 1 1 1 1 1 1 1 1
 1 1 1 1 1 1 1 1 1 1 1 1
 1 1 1 1 1 1 1 1 1 1 1 1
 1 1 1 1 1 1 1 1 1 1 1 1
 1 1 1 1 1 1 1 1 1 1 1 1
 1 1 1 1 1 1 1 1 1 1 1 1
 1 1 1 1 1 1 1 1 1 1 1 1
 1 1 1 1 1 1 1 1 1 1 1 1
 1 1 1 1 1 1 1 1 1 1 1 1
 1 1 1 1 1 1 1 1 1 1 1 1
 1 1 1 1 1 1 1 1 1 1 1 1
 1 1 1 1 1 1 1 1 1 1 1 1
 1 1 1 1 1 1 1 1 1 1 1 1
 1 1 1 1 1 1 1 1 1 1 1 1
 1 1 1 1 1 1 1 1 1 1 1 1
 1 1 1 1 1 1 1 1 1 1 1 1
# wt_pop
 0.000530656 0.00119633 0.00205827 0.00303499 0.00405521 0.0050647 0.00602623 0.00691692 0.00772489 0.00844611 0.00908185 0.0096367
# maturity
 0.0229774 0.320821 0.904651 0.99478 0.999739 0.999987 0.999999 1 1 1 1 1
# spawnmo
1
# age_err
 1 0 0 0 0 0 0 0 0 0 0 0
 0 1 0 0 0 0 0 0 0 0 0 0
 0 0 1 0 0 0 0 0 0 0 0 0
 0 0 0 1 0 0 0 0 0 0 0 0
 0 0 0 0 1 0 0 0 0 0 0 0
 0 0 0 0 0 1 0 0 0 0 0 0
 0 0 0 0 0 0 1 0 0 0 0 0
 0 0 0 0 0 0 0 1 0 0 0 0
 0 0 0 0 0 0 0 0 1 0 0 0
 0 0 0 0 0 0 0 0 0 1 0 0
 0 0 0 0 0 0 0 0 0 0 1 0
 0 0 0 0 0 0 0 0 0 0 0 1
# cntrlfile_name
C:\Users\bai.li\DOCUME~1\Github\AGE_ST~1\ASSAMC\example\output\AMAK\s82\amak.dat
# Map shared selectivity: 
# sel_map
 1 2
 1 1
# datafile_name
amak_data.dat
# model_name
AMAK_MCP
# SrType
2
# use_age_err
0
# retro
0
# sigmarprior
0.2
# cvsigmarprior
0.25
# phase_sigmar
-3
# styr_rec_est
1
# endyr_rec_est
30
# Linfprior
80
# cvLinfprior
0.25
# kprior
0.18
# cvkprior
0.25
# Loprior
27.688
# cvLoprior
0.25
# sdageprior
0.1
# cvsdageprior
0.25
# natmortprior
0.2
# cvnatmortprior
0.25
# phase_M
-4
# npars_Mage
0
# ages_M_changes

# Mage_in

# Mage_offset_in

# phase_Mage
-5
# phase_rw_M
0
# npars_rw_M
0
# yrs_rw_M

# sigma_rw_M

# qprior
 3.48998e-007
# cvqprior
 1
# phase_q
 1
# q_power_prior
 1
# cvq_power_prior
 0.2
# phase_q_power
 -4
# phase_rw_q
 -1
# npars_rw_q
 0
# yrs_rw_q

# sigma_rw_q

# q_age_min
 1
# q_age_max
 12
# q_age_min
 1
# q_age_max
 12
# fsh_sel_opt(k)
2
# phase_sel_fsh(k)
2
# n_sel_ch_fsh(k)
1
# sel_slp_in_fsh(k)(1,n_sel_ch_fsh(k))
 1
# sel_inf_in_fsh(k)(1,n_sel_ch_fsh(k))
 2
# logsel_slp_in_fsh(k)(1,n_sel_ch_fsh(k))
 0
# yrs_sel_ch_fsh(k)(1,n_sel_ch_fsh(k))
 1

Survey SURVEY1
# ind_sel_opt(k)
2
# indname(k)
SURVEY1
# nselages_in_ind(k)
11
# phase_sel_ind(k)
2
# sel_change_in_ind(k)
 1 0 0 0 0 0 0 0 0 0 0 0 0 0 0 0 0 0 0 0 0 0 0 0 0 0 0 0 0 0
# n_sel_ch_ind(k)
1
# yrs_sel_ch_ind(k)(1,n_sel_ch_ind(k))
 1
# sel_slp_in_ind(k,1)
2
# sel_inf_in_ind(k,1)
1.5
# logsel_slp_in_ind(k,1)
0.693147
# logsel_slp_in_indv(k)
0.693147
SURVEY1 ind sel opt 2  1 0 0 0 0 0 0 0 0 0 0 0 0 0 0 0 0 0 0 0 0 0 0 0 0 0 0 0 0 0
Phase indices Sel_Coffs:  -1
 Test: 1.23457e+008
# Fshry Selages:  11
# Srvy  Selages:  11
# Phase for age-spec fishery  -1
# Phase for logistic fishery  2
# Phase for dble logistic fishery  -1
# Phase for age-spec indices   -1
# Phase for logistic indices   2
# Phase for dble logistic ind  -1
# Curv_pen_fsh: 
 0
# Curv_pen_ind: 
 0
# styr_fut
31
# endyr_fut
35
# nyrs_fsh_age
 30
# nyrs_fsh_age
 30
# yrs_fsh_age
 1 2 3 4 5 6 7 8 9 10 11 12 13 14 15 16 17 18 19 20 21 22 23 24 25 26 27 28 29 30
# n_sample_fsh_age
 200 200 200 200 200 200 200 200 200 200 200 200 200 200 200 200 200 200 200 200 200 200 200 200 200 200 200 200 200 200
# oac_fsh
 0.05 0.145 0.11 0.145 0.09 0.065 0.065 0.05 0.06 0.05 0.04 0.13
 0.055 0.115 0.15 0.1 0.1 0.075 0.095 0.07 0.065 0.045 0.045 0.085
 0.085 0.09 0.115 0.165 0.105 0.085 0.05 0.06 0.04 0.03 0.025 0.15
 0.08 0.12 0.155 0.11 0.08 0.09 0.07 0.065 0.065 0.03 0.035 0.1
 0.06 0.18 0.125 0.13 0.1 0.06 0.07 0.055 0.05 0.015 0.035 0.12
 0.1 0.065 0.155 0.125 0.145 0.085 0.075 0.045 0.05 0.03 0.035 0.09
 0.075 0.11 0.15 0.115 0.135 0.105 0.03 0.045 0.03 0.04 0.015 0.15
 0.065 0.155 0.21 0.105 0.125 0.05 0.055 0.03 0.045 0.035 0.015 0.11
 0.075 0.135 0.09 0.14 0.135 0.105 0.085 0.075 0.025 0.04 0.02 0.075
 0.05 0.12 0.17 0.15 0.15 0.075 0.065 0.055 0.025 0.045 0.02 0.075
 0.105 0.12 0.175 0.11 0.135 0.125 0.05 0.015 0.045 0.05 0.03 0.04
 0.105 0.11 0.11 0.105 0.165 0.07 0.105 0.045 0.04 0.04 0.015 0.09
 0.1 0.175 0.135 0.13 0.095 0.115 0.05 0.065 0.025 0.03 0.02 0.06
 0.095 0.17 0.225 0.115 0.11 0.05 0.07 0.045 0.01 0.025 0.015 0.07
 0.1 0.16 0.1 0.13 0.085 0.07 0.1 0.04 0.035 0.07 0.015 0.095
 0.13 0.14 0.155 0.145 0.125 0.065 0.07 0.04 0.045 0.02 0.01 0.055
 0.085 0.22 0.145 0.1 0.095 0.08 0.06 0.045 0.035 0.04 0.005 0.09
 0.13 0.12 0.25 0.095 0.1 0.065 0.09 0.035 0.015 0.01 0.015 0.075
 0.155 0.17 0.12 0.205 0.115 0.055 0.04 0.055 0.03 0.01 0.005 0.04
 0.13 0.22 0.175 0.115 0.18 0.04 0.07 0 0.02 0 0.01 0.04
 0.065 0.185 0.235 0.145 0.13 0.075 0.035 0.04 0.03 0.015 0.025 0.02
 0.125 0.135 0.215 0.225 0.11 0.05 0.05 0.03 0.02 0.005 0.01 0.025
 0.105 0.175 0.21 0.17 0.13 0.055 0.06 0.035 0.01 0.01 0 0.04
 0.125 0.23 0.22 0.13 0.105 0.07 0.055 0.02 0 0.01 0 0.035
 0.185 0.17 0.22 0.135 0.095 0.045 0.075 0.025 0.01 0.01 0.005 0.025
 0.13 0.195 0.19 0.19 0.12 0.03 0.06 0.03 0.02 0 0.01 0.025
 0.19 0.165 0.235 0.135 0.115 0.06 0.025 0.045 0.01 0.01 0.005 0.005
 0.125 0.245 0.22 0.16 0.08 0.065 0.035 0.01 0.025 0.015 0.01 0.01
 0.175 0.18 0.225 0.165 0.12 0.04 0.05 0.01 0.01 0.01 0.005 0.01
 0.155 0.235 0.165 0.175 0.105 0.075 0.03 0.035 0.01 0 0.005 0.01
# olc_fsh

# wt_fsh
 0.000530656 0.00119633 0.00205827 0.00303499 0.00405521 0.0050647 0.00602623 0.00691692 0.00772489 0.00844611 0.00908185 0.0096367
 0.000530656 0.00119633 0.00205827 0.00303499 0.00405521 0.0050647 0.00602623 0.00691692 0.00772489 0.00844611 0.00908185 0.0096367
 0.000530656 0.00119633 0.00205827 0.00303499 0.00405521 0.0050647 0.00602623 0.00691692 0.00772489 0.00844611 0.00908185 0.0096367
 0.000530656 0.00119633 0.00205827 0.00303499 0.00405521 0.0050647 0.00602623 0.00691692 0.00772489 0.00844611 0.00908185 0.0096367
 0.000530656 0.00119633 0.00205827 0.00303499 0.00405521 0.0050647 0.00602623 0.00691692 0.00772489 0.00844611 0.00908185 0.0096367
 0.000530656 0.00119633 0.00205827 0.00303499 0.00405521 0.0050647 0.00602623 0.00691692 0.00772489 0.00844611 0.00908185 0.0096367
 0.000530656 0.00119633 0.00205827 0.00303499 0.00405521 0.0050647 0.00602623 0.00691692 0.00772489 0.00844611 0.00908185 0.0096367
 0.000530656 0.00119633 0.00205827 0.00303499 0.00405521 0.0050647 0.00602623 0.00691692 0.00772489 0.00844611 0.00908185 0.0096367
 0.000530656 0.00119633 0.00205827 0.00303499 0.00405521 0.0050647 0.00602623 0.00691692 0.00772489 0.00844611 0.00908185 0.0096367
 0.000530656 0.00119633 0.00205827 0.00303499 0.00405521 0.0050647 0.00602623 0.00691692 0.00772489 0.00844611 0.00908185 0.0096367
 0.000530656 0.00119633 0.00205827 0.00303499 0.00405521 0.0050647 0.00602623 0.00691692 0.00772489 0.00844611 0.00908185 0.0096367
 0.000530656 0.00119633 0.00205827 0.00303499 0.00405521 0.0050647 0.00602623 0.00691692 0.00772489 0.00844611 0.00908185 0.0096367
 0.000530656 0.00119633 0.00205827 0.00303499 0.00405521 0.0050647 0.00602623 0.00691692 0.00772489 0.00844611 0.00908185 0.0096367
 0.000530656 0.00119633 0.00205827 0.00303499 0.00405521 0.0050647 0.00602623 0.00691692 0.00772489 0.00844611 0.00908185 0.0096367
 0.000530656 0.00119633 0.00205827 0.00303499 0.00405521 0.0050647 0.00602623 0.00691692 0.00772489 0.00844611 0.00908185 0.0096367
 0.000530656 0.00119633 0.00205827 0.00303499 0.00405521 0.0050647 0.00602623 0.00691692 0.00772489 0.00844611 0.00908185 0.0096367
 0.000530656 0.00119633 0.00205827 0.00303499 0.00405521 0.0050647 0.00602623 0.00691692 0.00772489 0.00844611 0.00908185 0.0096367
 0.000530656 0.00119633 0.00205827 0.00303499 0.00405521 0.0050647 0.00602623 0.00691692 0.00772489 0.00844611 0.00908185 0.0096367
 0.000530656 0.00119633 0.00205827 0.00303499 0.00405521 0.0050647 0.00602623 0.00691692 0.00772489 0.00844611 0.00908185 0.0096367
 0.000530656 0.00119633 0.00205827 0.00303499 0.00405521 0.0050647 0.00602623 0.00691692 0.00772489 0.00844611 0.00908185 0.0096367
 0.000530656 0.00119633 0.00205827 0.00303499 0.00405521 0.0050647 0.00602623 0.00691692 0.00772489 0.00844611 0.00908185 0.0096367
 0.000530656 0.00119633 0.00205827 0.00303499 0.00405521 0.0050647 0.00602623 0.00691692 0.00772489 0.00844611 0.00908185 0.0096367
 0.000530656 0.00119633 0.00205827 0.00303499 0.00405521 0.0050647 0.00602623 0.00691692 0.00772489 0.00844611 0.00908185 0.0096367
 0.000530656 0.00119633 0.00205827 0.00303499 0.00405521 0.0050647 0.00602623 0.00691692 0.00772489 0.00844611 0.00908185 0.0096367
 0.000530656 0.00119633 0.00205827 0.00303499 0.00405521 0.0050647 0.00602623 0.00691692 0.00772489 0.00844611 0.00908185 0.0096367
 0.000530656 0.00119633 0.00205827 0.00303499 0.00405521 0.0050647 0.00602623 0.00691692 0.00772489 0.00844611 0.00908185 0.0096367
 0.000530656 0.00119633 0.00205827 0.00303499 0.00405521 0.0050647 0.00602623 0.00691692 0.00772489 0.00844611 0.00908185 0.0096367
 0.000530656 0.00119633 0.00205827 0.00303499 0.00405521 0.0050647 0.00602623 0.00691692 0.00772489 0.00844611 0.00908185 0.0096367
 0.000530656 0.00119633 0.00205827 0.00303499 0.00405521 0.0050647 0.00602623 0.00691692 0.00772489 0.00844611 0.00908185 0.0096367
 0.000530656 0.00119633 0.00205827 0.00303499 0.00405521 0.0050647 0.00602623 0.00691692 0.00772489 0.00844611 0.00908185 0.0096367
# nyrs_ind_age
 30
# yrs_ind_age
 1 2 3 4 5 6 7 8 9 10 11 12 13 14 15 16 17 18 19 20 21 22 23 24 25 26 27 28 29 30
# n_sample_ind_age
 200 200 200 200 200 200 200 200 200 200 200 200 200 200 200 200 200 200 200 200 200 200 200 200 200 200 200 200 200 200
# oac_ind
 0.05 0.16 0.16 0.105 0.09 0.095 0.045 0.03 0.055 0.05 0.02 0.14
 0.035 0.12 0.155 0.155 0.11 0.095 0.05 0.04 0.055 0.035 0.02 0.13
 0.085 0.16 0.135 0.15 0.12 0.075 0.085 0.015 0.02 0.04 0.035 0.08
 0.08 0.2 0.135 0.17 0.045 0.065 0.05 0.04 0.035 0.04 0.015 0.125
 0.06 0.185 0.145 0.175 0.065 0.055 0.07 0.04 0.06 0.025 0.01 0.11
 0.06 0.13 0.185 0.12 0.135 0.08 0.095 0.035 0.005 0.025 0.025 0.105
 0.04 0.2 0.165 0.145 0.095 0.075 0.075 0.045 0.02 0.015 0.01 0.115
 0.08 0.09 0.15 0.125 0.115 0.08 0.07 0.06 0.03 0.03 0.045 0.125
 0.05 0.17 0.19 0.175 0.125 0.09 0.045 0.04 0.015 0.02 0.005 0.075
 0.06 0.185 0.185 0.1 0.145 0.08 0.045 0.02 0.02 0.055 0.02 0.085
 0.085 0.135 0.145 0.14 0.1 0.13 0.05 0.03 0.04 0.04 0.025 0.08
 0.08 0.14 0.125 0.14 0.155 0.1 0.065 0.03 0.04 0.025 0.02 0.08
 0.075 0.255 0.12 0.105 0.1 0.1 0.04 0.055 0.035 0.03 0.005 0.08
 0.075 0.155 0.18 0.155 0.065 0.065 0.075 0.03 0.065 0.025 0.03 0.08
 0.06 0.21 0.125 0.21 0.09 0.07 0.045 0.04 0.025 0.025 0.025 0.075
 0.065 0.2 0.17 0.12 0.115 0.07 0.07 0.035 0.045 0.02 0.025 0.065
 0.11 0.235 0.15 0.16 0.05 0.045 0.05 0.045 0.055 0.03 0.025 0.045
 0.09 0.085 0.33 0.16 0.08 0.05 0.085 0.04 0.005 0.015 0.015 0.045
 0.115 0.22 0.165 0.225 0.095 0.055 0.015 0.02 0.02 0.04 0 0.03
 0.08 0.275 0.23 0.135 0.08 0.04 0.065 0.015 0.025 0.015 0.015 0.025
 0.075 0.18 0.285 0.14 0.07 0.075 0.055 0.045 0.015 0.03 0.01 0.02
 0.105 0.2 0.18 0.175 0.105 0.035 0.075 0.045 0.02 0.01 0.02 0.03
 0.11 0.25 0.165 0.125 0.145 0.065 0.035 0.03 0.025 0.01 0.005 0.035
 0.085 0.26 0.255 0.11 0.135 0.065 0.015 0.025 0.02 0.005 0.005 0.02
 0.165 0.21 0.27 0.135 0.095 0.045 0.035 0.01 0.015 0.005 0.005 0.01
 0.11 0.255 0.19 0.22 0.1 0.045 0.025 0.025 0.01 0.015 0.005 0
 0.18 0.295 0.225 0.12 0.095 0.035 0.01 0.015 0.015 0.005 0 0.005
 0.065 0.265 0.225 0.18 0.115 0.075 0.025 0.005 0.02 0.015 0.01 0
 0.19 0.18 0.28 0.16 0.07 0.04 0.02 0.04 0 0.005 0 0.015
 0.095 0.315 0.16 0.175 0.07 0.105 0.04 0.03 0.005 0 0 0.005
# olc_ind

# obs_lse_ind
 0.198042 0.198042 0.198042 0.198042 0.198042 0.198042 0.198042 0.198042 0.198042 0.198042 0.198042 0.198042 0.198042 0.198042 0.198042 0.198042 0.198042 0.198042 0.198042 0.198042 0.198042 0.198042 0.198042 0.198042 0.198042 0.198042 0.198042 0.198042 0.198042 0.198042
# xages_fsh
 0 0 0 0 0 0 0 0 0 0 0 0
# xages_fsh
 0 0.0909091 0.181818 0.272727 0.363636 0.454545 0.545455 0.636364 0.727273 0.818182 0.909091 1
# xnodes_fsh

Yrs fsh_sel change:  1 0 0 0 0 0 0 0 0 0 0 0 0 0 0 0 0 0 0 0 0 0 0 0 0 0 0 0 0
Yrs ind_sel change:  1 0 0 0 0 0 0 0 0 0 0 0 0 0 0 0 0 0 0 0 0 0 0 0 0 0 0 0 0
# steepnessprior
0.75
# sigmarprior
0.2
#  SSB estimated in styr endyr: -13 28 
#  Rec estimated in styr endyr: -11 30 
#  SR Curve fit  in styr endyr: 1 30 
#             Model styr endyr: 1 30 
# qprior
 3.48998e-007
# q_power_prior 
 1 
# cv_catchbiomass 
0.05 
# CatchbiomassPen 
200 
# Number of projection years 
5 
# offset_fsh
 13447
# offset_ind
 13062
Mean Catch
1322.03
R_guess 
15.4471
# nfsh
1
# n_sel_ch_fsh
 1
# nselages_fsh
 11
# phase_selcoff_fsh
 -1
logRzero 15.4471
logmeanrec 15.4471
exp(log_sigmarprior 0.2
Fish sel phase: -1 FLEET1
Fixing fishery sel to
1
Srvy sel phase: -1
Fixing SURVEY1 indices sel to
1
# logsel_slp_in_indv
 0.693147
Leaving parameter init secton
# M
 0.2 0.2 0.2 0.2 0.2 0.2 0.2 0.2 0.2 0.2 0.2 0.2
 0.2 0.2 0.2 0.2 0.2 0.2 0.2 0.2 0.2 0.2 0.2 0.2
 0.2 0.2 0.2 0.2 0.2 0.2 0.2 0.2 0.2 0.2 0.2 0.2
 0.2 0.2 0.2 0.2 0.2 0.2 0.2 0.2 0.2 0.2 0.2 0.2
 0.2 0.2 0.2 0.2 0.2 0.2 0.2 0.2 0.2 0.2 0.2 0.2
 0.2 0.2 0.2 0.2 0.2 0.2 0.2 0.2 0.2 0.2 0.2 0.2
 0.2 0.2 0.2 0.2 0.2 0.2 0.2 0.2 0.2 0.2 0.2 0.2
 0.2 0.2 0.2 0.2 0.2 0.2 0.2 0.2 0.2 0.2 0.2 0.2
 0.2 0.2 0.2 0.2 0.2 0.2 0.2 0.2 0.2 0.2 0.2 0.2
 0.2 0.2 0.2 0.2 0.2 0.2 0.2 0.2 0.2 0.2 0.2 0.2
 0.2 0.2 0.2 0.2 0.2 0.2 0.2 0.2 0.2 0.2 0.2 0.2
 0.2 0.2 0.2 0.2 0.2 0.2 0.2 0.2 0.2 0.2 0.2 0.2
 0.2 0.2 0.2 0.2 0.2 0.2 0.2 0.2 0.2 0.2 0.2 0.2
 0.2 0.2 0.2 0.2 0.2 0.2 0.2 0.2 0.2 0.2 0.2 0.2
 0.2 0.2 0.2 0.2 0.2 0.2 0.2 0.2 0.2 0.2 0.2 0.2
 0.2 0.2 0.2 0.2 0.2 0.2 0.2 0.2 0.2 0.2 0.2 0.2
 0.2 0.2 0.2 0.2 0.2 0.2 0.2 0.2 0.2 0.2 0.2 0.2
 0.2 0.2 0.2 0.2 0.2 0.2 0.2 0.2 0.2 0.2 0.2 0.2
 0.2 0.2 0.2 0.2 0.2 0.2 0.2 0.2 0.2 0.2 0.2 0.2
 0.2 0.2 0.2 0.2 0.2 0.2 0.2 0.2 0.2 0.2 0.2 0.2
 0.2 0.2 0.2 0.2 0.2 0.2 0.2 0.2 0.2 0.2 0.2 0.2
 0.2 0.2 0.2 0.2 0.2 0.2 0.2 0.2 0.2 0.2 0.2 0.2
 0.2 0.2 0.2 0.2 0.2 0.2 0.2 0.2 0.2 0.2 0.2 0.2
 0.2 0.2 0.2 0.2 0.2 0.2 0.2 0.2 0.2 0.2 0.2 0.2
 0.2 0.2 0.2 0.2 0.2 0.2 0.2 0.2 0.2 0.2 0.2 0.2
 0.2 0.2 0.2 0.2 0.2 0.2 0.2 0.2 0.2 0.2 0.2 0.2
 0.2 0.2 0.2 0.2 0.2 0.2 0.2 0.2 0.2 0.2 0.2 0.2
 0.2 0.2 0.2 0.2 0.2 0.2 0.2 0.2 0.2 0.2 0.2 0.2
 0.2 0.2 0.2 0.2 0.2 0.2 0.2 0.2 0.2 0.2 0.2 0.2
 0.2 0.2 0.2 0.2 0.2 0.2 0.2 0.2 0.2 0.2 0.2 0.2
# mean_log_rec
13.788
# log_Rzero
13.8343
# rec_dev
 -0.0912188 -0.109416 -0.0927616 0.073838 0.0763986 -0.014446 -0.0969998 -0.0152072 0.0027679 0.0127806 0.0448935 0.131622 0.0758987 0.224155 0.208117 0.294032 0.124994 0.409359 0.0694126 0.24057 0.0063741 -0.12502 -0.097128 0.160639 -0.235074 -0.0534929 -0.138878 0.210149 -0.282562 -0.0966947 0.113508 -0.155238 -0.405055 -0.20474 -0.108031 -0.401317 -0.169344 -0.279678 -0.125719 -0.54902 -0.125659 -0.368031
# fmort
 0.00899802 0.0259257 0.0429451 0.0581377 0.0466803 0.0839623 0.0851154 0.181865 0.106966 0.131287 0.1499 0.162437 0.116304 0.170279 0.181749 0.161951 0.31939 0.262579 0.265068 0.262036 0.366745 0.269321 0.443243 0.357428 0.35461 0.319469 0.307778 0.429071 0.332324 0.508316
# rec_dev_future
 0 0 0 0 0
