AMAK;Mar 2020
# styr
1
# endyr
30
# rec_age
1
# oldest_age
12
# nlength
81
# len_bins
 10 11 12 13 14 15 16 17 18 19 20 21 22 23 24 25 26 27 28 29 30 31 32 33 34 35 36 37 38 39 40 41 42 43 44 45 46 47 48 49 50 51 52 53 54 55 56 57 58 59 60 61 62 63 64 65 66 67 68 69 70 71 72 73 74 75 76 77 78 79 80 81 82 83 84 85 86 87 88 89 90
# datafile_name
amak_data.dat
# model_name
AMAK_MCP
# styr
1
# endyr
30
# rec_age
1
# oldest_age
12
# nfsh
1
# fshname
FLEET1
# catch_bio_in
 161.096 459.829 742.687 992.51 764.925 1323.85 1279.91 2516.35 1367.74 1582.31 1682.03 1701.66 1174.68 1645.66 1643.78 1382.63 2411.62 1731.41 1549.73 1411.49 1782.99 1187.52 1742.44 1265.95 1229.36 1130.6 1103.43 1480.85 1062.62 1521.35
# catch_bio_sd_in
 0.01 0.01 0.01 0.01 0.01 0.01 0.01 0.01 0.01 0.01 0.01 0.01 0.01 0.01 0.01 0.01 0.01 0.01 0.01 0.01 0.01 0.01 0.01 0.01 0.01 0.01 0.01 0.01 0.01 0.01
# nyrs_fsh_age
 30
# nyrs_fsh_length
 0
# yrs_fsh_age_in
 1 2 3 4 5 6 7 8 9 10 11 12 13 14 15 16 17 18 19 20 21 22 23 24 25 26 27 28 29 30
# yrs_fsh_length_in

# n_sample_fsh_length_in

# olc_fsh_in

# nind
1
# indname
SURVEY1
# nyrs_ind
 30
# yrs_ind_in
 1 2 3 4 5 6 7 8 9 10 11 12 13 14 15 16 17 18 19 20 21 22 23 24 25 26 27 28 29 30
# mo_ind
 1
# obs_ind_in
 1.45573 1.51589 1.52004 1.37482 1.6854 1.52183 1.51253 1.52756 1.38505 1.20479 1.14728 1.27493 1.00383 1.18148 1.12196 0.986021 1.18036 0.770363 0.901815 0.726276 0.760604 0.756822 0.556651 0.788571 0.61433 0.57839 0.587499 0.577606 0.619585 0.578506
# obs_se_ind_in
 0.291146 0.303179 0.304009 0.274964 0.33708 0.304365 0.302507 0.305513 0.277009 0.240958 0.229456 0.254986 0.200766 0.236295 0.224392 0.197204 0.236072 0.154073 0.180363 0.145255 0.152121 0.151364 0.11133 0.157714 0.122866 0.115678 0.1175 0.115521 0.123917 0.115701
# nyrs_ind_age
 30
# nyrs_ind_length
 0
# yrs_ind_age_in
 1 2 3 4 5 6 7 8 9 10 11 12 13 14 15 16 17 18 19 20 21 22 23 24 25 26 27 28 29 30
# yrs_ind_length_in

# yrs_ind_age_in
 1 2 3 4 5 6 7 8 9 10 11 12 13 14 15 16 17 18 19 20 21 22 23 24 25 26 27 28 29 30
# n_sample_ind_length_in

# olc_ind_in

# oac_ind_in
 0.06 0.13 0.135 0.115 0.115 0.115 0.07 0.065 0.03 0.035 0.045 0.085
 0.065 0.095 0.165 0.15 0.1 0.085 0.085 0.065 0.03 0.045 0.02 0.095
 0.045 0.23 0.12 0.1 0.07 0.115 0.065 0.06 0.035 0.03 0.02 0.11
 0.07 0.135 0.15 0.13 0.105 0.065 0.06 0.05 0.02 0.03 0.04 0.145
 0.045 0.08 0.155 0.225 0.095 0.075 0.075 0.065 0.04 0.03 0 0.115
 0.095 0.135 0.13 0.105 0.115 0.11 0.065 0.05 0.045 0.005 0.02 0.125
 0.075 0.21 0.18 0.07 0.09 0.075 0.065 0.05 0.045 0.02 0.03 0.09
 0.115 0.155 0.2 0.135 0.09 0.055 0.05 0.055 0.025 0.015 0.03 0.075
 0.085 0.13 0.225 0.145 0.12 0.045 0.055 0.045 0.025 0.025 0.02 0.08
 0.085 0.165 0.18 0.165 0.1 0.07 0.03 0.03 0.035 0.005 0.015 0.12
 0.125 0.14 0.17 0.145 0.115 0.08 0.05 0.025 0.015 0.03 0.02 0.085
 0.105 0.18 0.155 0.165 0.085 0.085 0.07 0.03 0.025 0.025 0.035 0.04
 0.095 0.185 0.205 0.105 0.1 0.085 0.085 0.045 0.015 0.015 0.02 0.045
 0.055 0.185 0.18 0.225 0.085 0.065 0.055 0.04 0.005 0.03 0.025 0.05
 0.095 0.2 0.18 0.15 0.085 0.075 0.065 0.055 0.025 0.02 0.015 0.035
 0.105 0.175 0.19 0.11 0.1 0.105 0.05 0.03 0.05 0.02 0.025 0.04
 0.1 0.225 0.155 0.135 0.125 0.07 0.085 0.02 0.015 0.02 0.025 0.025
 0.12 0.19 0.225 0.105 0.13 0.045 0.05 0.05 0.015 0.015 0.01 0.045
 0.11 0.275 0.155 0.155 0.07 0.065 0.02 0.045 0.045 0.02 0.01 0.03
 0.155 0.22 0.19 0.095 0.095 0.05 0.055 0.03 0.04 0.02 0.01 0.04
 0.055 0.29 0.215 0.165 0.06 0.095 0.03 0.025 0.015 0.01 0.02 0.02
 0.09 0.125 0.28 0.18 0.09 0.105 0.055 0.015 0.025 0.015 0.005 0.015
 0.13 0.205 0.135 0.2 0.11 0.075 0.06 0.045 0.02 0 0.005 0.015
 0.265 0.265 0.13 0.11 0.105 0.055 0.025 0.015 0.01 0.005 0.005 0.01
 0.11 0.325 0.255 0.145 0.07 0.035 0.025 0 0.01 0.005 0 0.02
 0.145 0.18 0.35 0.145 0.05 0.005 0.05 0.015 0.02 0.005 0.015 0.02
 0.11 0.23 0.22 0.21 0.085 0.035 0.04 0.025 0.015 0 0.01 0.02
 0.11 0.215 0.19 0.14 0.21 0.065 0.02 0.03 0.01 0.005 0.005 0
 0.12 0.25 0.215 0.155 0.09 0.105 0.025 0.005 0.01 0.01 0.005 0.01
 0.125 0.235 0.195 0.155 0.085 0.075 0.055 0.015 0.01 0.025 0.015 0.01
# wt_ind
 1 1 1 1 1 1 1 1 1 1 1 1
 1 1 1 1 1 1 1 1 1 1 1 1
 1 1 1 1 1 1 1 1 1 1 1 1
 1 1 1 1 1 1 1 1 1 1 1 1
 1 1 1 1 1 1 1 1 1 1 1 1
 1 1 1 1 1 1 1 1 1 1 1 1
 1 1 1 1 1 1 1 1 1 1 1 1
 1 1 1 1 1 1 1 1 1 1 1 1
 1 1 1 1 1 1 1 1 1 1 1 1
 1 1 1 1 1 1 1 1 1 1 1 1
 1 1 1 1 1 1 1 1 1 1 1 1
 1 1 1 1 1 1 1 1 1 1 1 1
 1 1 1 1 1 1 1 1 1 1 1 1
 1 1 1 1 1 1 1 1 1 1 1 1
 1 1 1 1 1 1 1 1 1 1 1 1
 1 1 1 1 1 1 1 1 1 1 1 1
 1 1 1 1 1 1 1 1 1 1 1 1
 1 1 1 1 1 1 1 1 1 1 1 1
 1 1 1 1 1 1 1 1 1 1 1 1
 1 1 1 1 1 1 1 1 1 1 1 1
 1 1 1 1 1 1 1 1 1 1 1 1
 1 1 1 1 1 1 1 1 1 1 1 1
 1 1 1 1 1 1 1 1 1 1 1 1
 1 1 1 1 1 1 1 1 1 1 1 1
 1 1 1 1 1 1 1 1 1 1 1 1
 1 1 1 1 1 1 1 1 1 1 1 1
 1 1 1 1 1 1 1 1 1 1 1 1
 1 1 1 1 1 1 1 1 1 1 1 1
 1 1 1 1 1 1 1 1 1 1 1 1
 1 1 1 1 1 1 1 1 1 1 1 1
# wt_pop
 0.000530656 0.00119633 0.00205827 0.00303499 0.00405521 0.0050647 0.00602623 0.00691692 0.00772489 0.00844611 0.00908185 0.0096367
# maturity
 0.0229774 0.320821 0.904651 0.99478 0.999739 0.999987 0.999999 1 1 1 1 1
# spawnmo
1
# age_err
 1 0 0 0 0 0 0 0 0 0 0 0
 0 1 0 0 0 0 0 0 0 0 0 0
 0 0 1 0 0 0 0 0 0 0 0 0
 0 0 0 1 0 0 0 0 0 0 0 0
 0 0 0 0 1 0 0 0 0 0 0 0
 0 0 0 0 0 1 0 0 0 0 0 0
 0 0 0 0 0 0 1 0 0 0 0 0
 0 0 0 0 0 0 0 1 0 0 0 0
 0 0 0 0 0 0 0 0 1 0 0 0
 0 0 0 0 0 0 0 0 0 1 0 0
 0 0 0 0 0 0 0 0 0 0 1 0
 0 0 0 0 0 0 0 0 0 0 0 1
# cntrlfile_name
C:\Users\bai.li\DOCUME~1\Github\AGE_ST~1\ASSAMC\example\output\AMAK\s6\amak.dat
# Map shared selectivity: 
# sel_map
 1 2
 1 1
# datafile_name
amak_data.dat
# model_name
AMAK_MCP
# SrType
2
# use_age_err
0
# retro
0
# sigmarprior
0.2
# cvsigmarprior
0.25
# phase_sigmar
-3
# styr_rec_est
1
# endyr_rec_est
30
# Linfprior
80
# cvLinfprior
0.25
# kprior
0.18
# cvkprior
0.25
# Loprior
27.688
# cvLoprior
0.25
# sdageprior
0.1
# cvsdageprior
0.25
# natmortprior
0.2
# cvnatmortprior
0.25
# phase_M
-4
# npars_Mage
0
# ages_M_changes

# Mage_in

# Mage_offset_in

# phase_Mage
-5
# phase_rw_M
0
# npars_rw_M
0
# yrs_rw_M

# sigma_rw_M

# qprior
 3.48998e-007
# cvqprior
 1
# phase_q
 1
# q_power_prior
 1
# cvq_power_prior
 0.2
# phase_q_power
 -4
# phase_rw_q
 -1
# npars_rw_q
 0
# yrs_rw_q

# sigma_rw_q

# q_age_min
 1
# q_age_max
 12
# q_age_min
 1
# q_age_max
 12
# fsh_sel_opt(k)
2
# phase_sel_fsh(k)
2
# n_sel_ch_fsh(k)
1
# sel_slp_in_fsh(k)(1,n_sel_ch_fsh(k))
 1
# sel_inf_in_fsh(k)(1,n_sel_ch_fsh(k))
 2
# logsel_slp_in_fsh(k)(1,n_sel_ch_fsh(k))
 0
# yrs_sel_ch_fsh(k)(1,n_sel_ch_fsh(k))
 1

Survey SURVEY1
# ind_sel_opt(k)
2
# indname(k)
SURVEY1
# nselages_in_ind(k)
11
# phase_sel_ind(k)
2
# sel_change_in_ind(k)
 1 0 0 0 0 0 0 0 0 0 0 0 0 0 0 0 0 0 0 0 0 0 0 0 0 0 0 0 0 0
# n_sel_ch_ind(k)
1
# yrs_sel_ch_ind(k)(1,n_sel_ch_ind(k))
 1
# sel_slp_in_ind(k,1)
2
# sel_inf_in_ind(k,1)
1.5
# logsel_slp_in_ind(k,1)
0.693147
# logsel_slp_in_indv(k)
0.693147
SURVEY1 ind sel opt 2  1 0 0 0 0 0 0 0 0 0 0 0 0 0 0 0 0 0 0 0 0 0 0 0 0 0 0 0 0 0
Phase indices Sel_Coffs:  -1
 Test: 1.23457e+008
# Fshry Selages:  11
# Srvy  Selages:  11
# Phase for age-spec fishery  -1
# Phase for logistic fishery  2
# Phase for dble logistic fishery  -1
# Phase for age-spec indices   -1
# Phase for logistic indices   2
# Phase for dble logistic ind  -1
# Curv_pen_fsh: 
 0
# Curv_pen_ind: 
 0
# styr_fut
31
# endyr_fut
35
# nyrs_fsh_age
 30
# nyrs_fsh_age
 30
# yrs_fsh_age
 1 2 3 4 5 6 7 8 9 10 11 12 13 14 15 16 17 18 19 20 21 22 23 24 25 26 27 28 29 30
# n_sample_fsh_age
 200 200 200 200 200 200 200 200 200 200 200 200 200 200 200 200 200 200 200 200 200 200 200 200 200 200 200 200 200 200
# oac_fsh
 0.09 0.105 0.085 0.135 0.13 0.065 0.08 0.09 0.04 0.035 0.045 0.1
 0.09 0.09 0.1 0.14 0.125 0.115 0.075 0.05 0.025 0.035 0.04 0.115
 0.085 0.115 0.145 0.08 0.1 0.1 0.05 0.07 0.04 0.025 0.025 0.165
 0.04 0.12 0.165 0.145 0.095 0.08 0.08 0.04 0.035 0.025 0.025 0.15
 0.1 0.11 0.115 0.15 0.1 0.095 0.11 0.03 0.05 0.015 0.01 0.115
 0.095 0.125 0.13 0.14 0.095 0.07 0.07 0.045 0.025 0.04 0.045 0.12
 0.1 0.19 0.125 0.085 0.11 0.08 0.085 0.065 0.04 0.035 0.005 0.08
 0.105 0.165 0.155 0.17 0.07 0.075 0.065 0.03 0.035 0.025 0.025 0.08
 0.045 0.135 0.18 0.125 0.11 0.095 0.06 0.075 0.02 0.035 0.045 0.075
 0.065 0.115 0.16 0.165 0.11 0.105 0.055 0.035 0.05 0.03 0.025 0.085
 0.13 0.11 0.15 0.125 0.12 0.075 0.05 0.05 0.03 0.025 0.04 0.095
 0.075 0.135 0.12 0.18 0.135 0.135 0.065 0.035 0.015 0.01 0.025 0.07
 0.05 0.17 0.18 0.115 0.105 0.07 0.095 0.06 0.035 0.035 0.015 0.07
 0.11 0.13 0.165 0.16 0.11 0.11 0.045 0.04 0.025 0.035 0.01 0.06
 0.09 0.15 0.18 0.13 0.16 0.04 0.015 0.06 0.04 0.035 0.025 0.075
 0.095 0.125 0.15 0.16 0.09 0.11 0.05 0.06 0.03 0.035 0.03 0.065
 0.115 0.2 0.095 0.155 0.085 0.075 0.085 0.055 0.03 0.035 0.015 0.055
 0.105 0.165 0.225 0.095 0.11 0.055 0.06 0.085 0.015 0.015 0.02 0.05
 0.1 0.19 0.16 0.165 0.105 0.065 0.06 0.02 0.06 0.015 0.015 0.045
 0.15 0.17 0.135 0.11 0.175 0.065 0.075 0.025 0.005 0.04 0.025 0.025
 0.13 0.185 0.195 0.125 0.105 0.11 0.03 0.045 0.02 0.02 0.015 0.02
 0.095 0.17 0.225 0.115 0.155 0.05 0.08 0.03 0.03 0.015 0 0.035
 0.13 0.185 0.195 0.19 0.085 0.075 0.035 0.04 0.01 0.015 0.015 0.025
 0.235 0.215 0.11 0.125 0.13 0.045 0.05 0.03 0.035 0.01 0.015 0
 0.11 0.265 0.195 0.11 0.105 0.09 0.045 0.01 0.025 0.015 0 0.03
 0.13 0.205 0.3 0.16 0.095 0.035 0.035 0.005 0.01 0 0.005 0.02
 0.135 0.14 0.2 0.275 0.125 0.07 0.015 0.025 0.005 0.005 0 0.005
 0.185 0.18 0.15 0.15 0.185 0.08 0.015 0.015 0.03 0.005 0 0.005
 0.145 0.245 0.18 0.17 0.115 0.045 0.045 0.03 0.005 0.015 0 0.005
 0.2 0.205 0.195 0.165 0.09 0.055 0.055 0.01 0.005 0 0 0.02
# olc_fsh

# wt_fsh
 0.000530656 0.00119633 0.00205827 0.00303499 0.00405521 0.0050647 0.00602623 0.00691692 0.00772489 0.00844611 0.00908185 0.0096367
 0.000530656 0.00119633 0.00205827 0.00303499 0.00405521 0.0050647 0.00602623 0.00691692 0.00772489 0.00844611 0.00908185 0.0096367
 0.000530656 0.00119633 0.00205827 0.00303499 0.00405521 0.0050647 0.00602623 0.00691692 0.00772489 0.00844611 0.00908185 0.0096367
 0.000530656 0.00119633 0.00205827 0.00303499 0.00405521 0.0050647 0.00602623 0.00691692 0.00772489 0.00844611 0.00908185 0.0096367
 0.000530656 0.00119633 0.00205827 0.00303499 0.00405521 0.0050647 0.00602623 0.00691692 0.00772489 0.00844611 0.00908185 0.0096367
 0.000530656 0.00119633 0.00205827 0.00303499 0.00405521 0.0050647 0.00602623 0.00691692 0.00772489 0.00844611 0.00908185 0.0096367
 0.000530656 0.00119633 0.00205827 0.00303499 0.00405521 0.0050647 0.00602623 0.00691692 0.00772489 0.00844611 0.00908185 0.0096367
 0.000530656 0.00119633 0.00205827 0.00303499 0.00405521 0.0050647 0.00602623 0.00691692 0.00772489 0.00844611 0.00908185 0.0096367
 0.000530656 0.00119633 0.00205827 0.00303499 0.00405521 0.0050647 0.00602623 0.00691692 0.00772489 0.00844611 0.00908185 0.0096367
 0.000530656 0.00119633 0.00205827 0.00303499 0.00405521 0.0050647 0.00602623 0.00691692 0.00772489 0.00844611 0.00908185 0.0096367
 0.000530656 0.00119633 0.00205827 0.00303499 0.00405521 0.0050647 0.00602623 0.00691692 0.00772489 0.00844611 0.00908185 0.0096367
 0.000530656 0.00119633 0.00205827 0.00303499 0.00405521 0.0050647 0.00602623 0.00691692 0.00772489 0.00844611 0.00908185 0.0096367
 0.000530656 0.00119633 0.00205827 0.00303499 0.00405521 0.0050647 0.00602623 0.00691692 0.00772489 0.00844611 0.00908185 0.0096367
 0.000530656 0.00119633 0.00205827 0.00303499 0.00405521 0.0050647 0.00602623 0.00691692 0.00772489 0.00844611 0.00908185 0.0096367
 0.000530656 0.00119633 0.00205827 0.00303499 0.00405521 0.0050647 0.00602623 0.00691692 0.00772489 0.00844611 0.00908185 0.0096367
 0.000530656 0.00119633 0.00205827 0.00303499 0.00405521 0.0050647 0.00602623 0.00691692 0.00772489 0.00844611 0.00908185 0.0096367
 0.000530656 0.00119633 0.00205827 0.00303499 0.00405521 0.0050647 0.00602623 0.00691692 0.00772489 0.00844611 0.00908185 0.0096367
 0.000530656 0.00119633 0.00205827 0.00303499 0.00405521 0.0050647 0.00602623 0.00691692 0.00772489 0.00844611 0.00908185 0.0096367
 0.000530656 0.00119633 0.00205827 0.00303499 0.00405521 0.0050647 0.00602623 0.00691692 0.00772489 0.00844611 0.00908185 0.0096367
 0.000530656 0.00119633 0.00205827 0.00303499 0.00405521 0.0050647 0.00602623 0.00691692 0.00772489 0.00844611 0.00908185 0.0096367
 0.000530656 0.00119633 0.00205827 0.00303499 0.00405521 0.0050647 0.00602623 0.00691692 0.00772489 0.00844611 0.00908185 0.0096367
 0.000530656 0.00119633 0.00205827 0.00303499 0.00405521 0.0050647 0.00602623 0.00691692 0.00772489 0.00844611 0.00908185 0.0096367
 0.000530656 0.00119633 0.00205827 0.00303499 0.00405521 0.0050647 0.00602623 0.00691692 0.00772489 0.00844611 0.00908185 0.0096367
 0.000530656 0.00119633 0.00205827 0.00303499 0.00405521 0.0050647 0.00602623 0.00691692 0.00772489 0.00844611 0.00908185 0.0096367
 0.000530656 0.00119633 0.00205827 0.00303499 0.00405521 0.0050647 0.00602623 0.00691692 0.00772489 0.00844611 0.00908185 0.0096367
 0.000530656 0.00119633 0.00205827 0.00303499 0.00405521 0.0050647 0.00602623 0.00691692 0.00772489 0.00844611 0.00908185 0.0096367
 0.000530656 0.00119633 0.00205827 0.00303499 0.00405521 0.0050647 0.00602623 0.00691692 0.00772489 0.00844611 0.00908185 0.0096367
 0.000530656 0.00119633 0.00205827 0.00303499 0.00405521 0.0050647 0.00602623 0.00691692 0.00772489 0.00844611 0.00908185 0.0096367
 0.000530656 0.00119633 0.00205827 0.00303499 0.00405521 0.0050647 0.00602623 0.00691692 0.00772489 0.00844611 0.00908185 0.0096367
 0.000530656 0.00119633 0.00205827 0.00303499 0.00405521 0.0050647 0.00602623 0.00691692 0.00772489 0.00844611 0.00908185 0.0096367
# nyrs_ind_age
 30
# yrs_ind_age
 1 2 3 4 5 6 7 8 9 10 11 12 13 14 15 16 17 18 19 20 21 22 23 24 25 26 27 28 29 30
# n_sample_ind_age
 200 200 200 200 200 200 200 200 200 200 200 200 200 200 200 200 200 200 200 200 200 200 200 200 200 200 200 200 200 200
# oac_ind
 0.06 0.13 0.135 0.115 0.115 0.115 0.07 0.065 0.03 0.035 0.045 0.085
 0.065 0.095 0.165 0.15 0.1 0.085 0.085 0.065 0.03 0.045 0.02 0.095
 0.045 0.23 0.12 0.1 0.07 0.115 0.065 0.06 0.035 0.03 0.02 0.11
 0.07 0.135 0.15 0.13 0.105 0.065 0.06 0.05 0.02 0.03 0.04 0.145
 0.045 0.08 0.155 0.225 0.095 0.075 0.075 0.065 0.04 0.03 0 0.115
 0.095 0.135 0.13 0.105 0.115 0.11 0.065 0.05 0.045 0.005 0.02 0.125
 0.075 0.21 0.18 0.07 0.09 0.075 0.065 0.05 0.045 0.02 0.03 0.09
 0.115 0.155 0.2 0.135 0.09 0.055 0.05 0.055 0.025 0.015 0.03 0.075
 0.085 0.13 0.225 0.145 0.12 0.045 0.055 0.045 0.025 0.025 0.02 0.08
 0.085 0.165 0.18 0.165 0.1 0.07 0.03 0.03 0.035 0.005 0.015 0.12
 0.125 0.14 0.17 0.145 0.115 0.08 0.05 0.025 0.015 0.03 0.02 0.085
 0.105 0.18 0.155 0.165 0.085 0.085 0.07 0.03 0.025 0.025 0.035 0.04
 0.095 0.185 0.205 0.105 0.1 0.085 0.085 0.045 0.015 0.015 0.02 0.045
 0.055 0.185 0.18 0.225 0.085 0.065 0.055 0.04 0.005 0.03 0.025 0.05
 0.095 0.2 0.18 0.15 0.085 0.075 0.065 0.055 0.025 0.02 0.015 0.035
 0.105 0.175 0.19 0.11 0.1 0.105 0.05 0.03 0.05 0.02 0.025 0.04
 0.1 0.225 0.155 0.135 0.125 0.07 0.085 0.02 0.015 0.02 0.025 0.025
 0.12 0.19 0.225 0.105 0.13 0.045 0.05 0.05 0.015 0.015 0.01 0.045
 0.11 0.275 0.155 0.155 0.07 0.065 0.02 0.045 0.045 0.02 0.01 0.03
 0.155 0.22 0.19 0.095 0.095 0.05 0.055 0.03 0.04 0.02 0.01 0.04
 0.055 0.29 0.215 0.165 0.06 0.095 0.03 0.025 0.015 0.01 0.02 0.02
 0.09 0.125 0.28 0.18 0.09 0.105 0.055 0.015 0.025 0.015 0.005 0.015
 0.13 0.205 0.135 0.2 0.11 0.075 0.06 0.045 0.02 0 0.005 0.015
 0.265 0.265 0.13 0.11 0.105 0.055 0.025 0.015 0.01 0.005 0.005 0.01
 0.11 0.325 0.255 0.145 0.07 0.035 0.025 0 0.01 0.005 0 0.02
 0.145 0.18 0.35 0.145 0.05 0.005 0.05 0.015 0.02 0.005 0.015 0.02
 0.11 0.23 0.22 0.21 0.085 0.035 0.04 0.025 0.015 0 0.01 0.02
 0.11 0.215 0.19 0.14 0.21 0.065 0.02 0.03 0.01 0.005 0.005 0
 0.12 0.25 0.215 0.155 0.09 0.105 0.025 0.005 0.01 0.01 0.005 0.01
 0.125 0.235 0.195 0.155 0.085 0.075 0.055 0.015 0.01 0.025 0.015 0.01
# olc_ind

# obs_lse_ind
 0.198042 0.198042 0.198042 0.198042 0.198042 0.198042 0.198042 0.198042 0.198042 0.198042 0.198042 0.198042 0.198042 0.198042 0.198042 0.198042 0.198042 0.198042 0.198042 0.198042 0.198042 0.198042 0.198042 0.198042 0.198042 0.198042 0.198042 0.198042 0.198042 0.198042
# xages_fsh
 0 0 0 0 0 0 0 0 0 0 0 0
# xages_fsh
 0 0.0909091 0.181818 0.272727 0.363636 0.454545 0.545455 0.636364 0.727273 0.818182 0.909091 1
# xnodes_fsh

Yrs fsh_sel change:  1 0 0 0 0 0 0 0 0 0 0 0 0 0 0 0 0 0 0 0 0 0 0 0 0 0 0 0 0
Yrs ind_sel change:  1 0 0 0 0 0 0 0 0 0 0 0 0 0 0 0 0 0 0 0 0 0 0 0 0 0 0 0 0
# steepnessprior
0.75
# sigmarprior
0.2
#  SSB estimated in styr endyr: -13 28 
#  Rec estimated in styr endyr: -11 30 
#  SR Curve fit  in styr endyr: 1 30 
#             Model styr endyr: 1 30 
# qprior
 3.48998e-007
# q_power_prior 
 1 
# cv_catchbiomass 
0.05 
# CatchbiomassPen 
200 
# Number of projection years 
5 
# offset_fsh
 13424
# offset_ind
 13081
Mean Catch
1367.77
R_guess 
15.4811
# nfsh
1
# n_sel_ch_fsh
 1
# nselages_fsh
 11
# phase_selcoff_fsh
 -1
logRzero 15.4811
logmeanrec 15.4811
exp(log_sigmarprior 0.2
Fish sel phase: -1 FLEET1
Fixing fishery sel to
1
Srvy sel phase: -1
Fixing SURVEY1 indices sel to
1
# logsel_slp_in_indv
 0.693147
Leaving parameter init secton
# M
 0.2 0.2 0.2 0.2 0.2 0.2 0.2 0.2 0.2 0.2 0.2 0.2
 0.2 0.2 0.2 0.2 0.2 0.2 0.2 0.2 0.2 0.2 0.2 0.2
 0.2 0.2 0.2 0.2 0.2 0.2 0.2 0.2 0.2 0.2 0.2 0.2
 0.2 0.2 0.2 0.2 0.2 0.2 0.2 0.2 0.2 0.2 0.2 0.2
 0.2 0.2 0.2 0.2 0.2 0.2 0.2 0.2 0.2 0.2 0.2 0.2
 0.2 0.2 0.2 0.2 0.2 0.2 0.2 0.2 0.2 0.2 0.2 0.2
 0.2 0.2 0.2 0.2 0.2 0.2 0.2 0.2 0.2 0.2 0.2 0.2
 0.2 0.2 0.2 0.2 0.2 0.2 0.2 0.2 0.2 0.2 0.2 0.2
 0.2 0.2 0.2 0.2 0.2 0.2 0.2 0.2 0.2 0.2 0.2 0.2
 0.2 0.2 0.2 0.2 0.2 0.2 0.2 0.2 0.2 0.2 0.2 0.2
 0.2 0.2 0.2 0.2 0.2 0.2 0.2 0.2 0.2 0.2 0.2 0.2
 0.2 0.2 0.2 0.2 0.2 0.2 0.2 0.2 0.2 0.2 0.2 0.2
 0.2 0.2 0.2 0.2 0.2 0.2 0.2 0.2 0.2 0.2 0.2 0.2
 0.2 0.2 0.2 0.2 0.2 0.2 0.2 0.2 0.2 0.2 0.2 0.2
 0.2 0.2 0.2 0.2 0.2 0.2 0.2 0.2 0.2 0.2 0.2 0.2
 0.2 0.2 0.2 0.2 0.2 0.2 0.2 0.2 0.2 0.2 0.2 0.2
 0.2 0.2 0.2 0.2 0.2 0.2 0.2 0.2 0.2 0.2 0.2 0.2
 0.2 0.2 0.2 0.2 0.2 0.2 0.2 0.2 0.2 0.2 0.2 0.2
 0.2 0.2 0.2 0.2 0.2 0.2 0.2 0.2 0.2 0.2 0.2 0.2
 0.2 0.2 0.2 0.2 0.2 0.2 0.2 0.2 0.2 0.2 0.2 0.2
 0.2 0.2 0.2 0.2 0.2 0.2 0.2 0.2 0.2 0.2 0.2 0.2
 0.2 0.2 0.2 0.2 0.2 0.2 0.2 0.2 0.2 0.2 0.2 0.2
 0.2 0.2 0.2 0.2 0.2 0.2 0.2 0.2 0.2 0.2 0.2 0.2
 0.2 0.2 0.2 0.2 0.2 0.2 0.2 0.2 0.2 0.2 0.2 0.2
 0.2 0.2 0.2 0.2 0.2 0.2 0.2 0.2 0.2 0.2 0.2 0.2
 0.2 0.2 0.2 0.2 0.2 0.2 0.2 0.2 0.2 0.2 0.2 0.2
 0.2 0.2 0.2 0.2 0.2 0.2 0.2 0.2 0.2 0.2 0.2 0.2
 0.2 0.2 0.2 0.2 0.2 0.2 0.2 0.2 0.2 0.2 0.2 0.2
 0.2 0.2 0.2 0.2 0.2 0.2 0.2 0.2 0.2 0.2 0.2 0.2
 0.2 0.2 0.2 0.2 0.2 0.2 0.2 0.2 0.2 0.2 0.2 0.2
# mean_log_rec
13.7281
# log_Rzero
13.8502
# rec_dev
 -0.151146 -0.179453 0.0838547 -0.0116805 -0.0770286 -0.00948023 -0.0925572 0.0301782 0.043285 0.114228 0.085063 0.0604932 0.0993619 0.318668 0.0850847 -0.0484393 0.228713 0.343048 0.396296 0.24489 0.143239 -0.0161146 0.38392 0.10762 0.0240315 0.125441 -0.140694 0.25878 -0.0612344 0.0166181 -0.0576293 0.169003 -0.2877 -0.300972 0.00510277 0.368579 -0.15577 -0.217472 -0.210997 -0.156053 -0.252608 -0.147245
# fmort
 0.00944672 0.027196 0.0448474 0.0619405 0.0493264 0.0888923 0.0901726 0.191743 0.112562 0.136074 0.1534 0.165678 0.119141 0.173483 0.185676 0.165883 0.323091 0.267414 0.263832 0.25875 0.360194 0.262879 0.431011 0.351807 0.351336 0.32094 0.312038 0.448648 0.352475 0.567318
# rec_dev_future
 0 0 0 0 0
