AMAK;Mar 2020
# styr
1
# endyr
30
# rec_age
1
# oldest_age
12
# nlength
81
# len_bins
 10 11 12 13 14 15 16 17 18 19 20 21 22 23 24 25 26 27 28 29 30 31 32 33 34 35 36 37 38 39 40 41 42 43 44 45 46 47 48 49 50 51 52 53 54 55 56 57 58 59 60 61 62 63 64 65 66 67 68 69 70 71 72 73 74 75 76 77 78 79 80 81 82 83 84 85 86 87 88 89 90
# datafile_name
amak_data.dat
# model_name
AMAK_MCP
# styr
1
# endyr
30
# rec_age
1
# oldest_age
12
# nfsh
1
# fshname
FLEET1
# catch_bio_in
 159.205 462.988 740.977 972.341 743.027 1258.99 1196.92 2249.24 1199.1 1368.23 1479.87 1478.29 1042.14 1463.18 1457.5 1235.6 2157.06 1556.85 1419.14 1348.72 1721.49 1155.31 1739.84 1317.58 1239.03 1122.3 1119.09 1463.5 1011.07 1418.08
# catch_bio_sd_in
 0.01 0.01 0.01 0.01 0.01 0.01 0.01 0.01 0.01 0.01 0.01 0.01 0.01 0.01 0.01 0.01 0.01 0.01 0.01 0.01 0.01 0.01 0.01 0.01 0.01 0.01 0.01 0.01 0.01 0.01
# nyrs_fsh_age
 30
# nyrs_fsh_length
 0
# yrs_fsh_age_in
 1 2 3 4 5 6 7 8 9 10 11 12 13 14 15 16 17 18 19 20 21 22 23 24 25 26 27 28 29 30
# yrs_fsh_length_in

# n_sample_fsh_length_in

# olc_fsh_in

# nind
1
# indname
SURVEY1
# nyrs_ind
 30
# yrs_ind_in
 1 2 3 4 5 6 7 8 9 10 11 12 13 14 15 16 17 18 19 20 21 22 23 24 25 26 27 28 29 30
# mo_ind
 1
# obs_ind_in
 1.41863 1.6048 1.49878 1.2657 1.50522 1.33989 1.21266 1.50134 1.32233 1.22653 0.934934 1.15585 1.16269 1.14368 1.23426 0.944906 0.948215 0.897026 0.827908 0.844807 0.761871 0.755607 0.663644 0.606048 0.795822 0.635934 0.759553 0.657138 0.656097 0.527748
# obs_se_ind_in
 0.283725 0.32096 0.299755 0.253139 0.301043 0.267977 0.242532 0.300267 0.264466 0.245307 0.186987 0.23117 0.232538 0.228735 0.246853 0.188981 0.189643 0.179405 0.165582 0.168961 0.152374 0.151121 0.132729 0.12121 0.159164 0.127187 0.151911 0.131428 0.131219 0.10555
# nyrs_ind_age
 30
# nyrs_ind_length
 0
# yrs_ind_age_in
 1 2 3 4 5 6 7 8 9 10 11 12 13 14 15 16 17 18 19 20 21 22 23 24 25 26 27 28 29 30
# yrs_ind_length_in

# yrs_ind_age_in
 1 2 3 4 5 6 7 8 9 10 11 12 13 14 15 16 17 18 19 20 21 22 23 24 25 26 27 28 29 30
# n_sample_ind_length_in

# olc_ind_in

# oac_ind_in
 0.07 0.145 0.13 0.12 0.08 0.08 0.04 0.065 0.035 0.04 0.015 0.18
 0.045 0.18 0.09 0.155 0.12 0.08 0.1 0.03 0.04 0.025 0.02 0.115
 0.08 0.135 0.14 0.125 0.075 0.095 0.085 0.03 0.05 0.025 0.05 0.11
 0.065 0.135 0.16 0.11 0.115 0.1 0.06 0.035 0.03 0.04 0.05 0.1
 0.065 0.14 0.16 0.14 0.105 0.075 0.07 0.05 0.045 0.03 0.045 0.075
 0.06 0.145 0.185 0.115 0.145 0.045 0.065 0.03 0.015 0.02 0.035 0.14
 0.06 0.19 0.145 0.13 0.1 0.08 0.055 0.065 0.03 0.02 0.03 0.095
 0.075 0.17 0.14 0.125 0.095 0.055 0.035 0.04 0.055 0.035 0.03 0.145
 0.095 0.19 0.18 0.12 0.075 0.07 0.035 0.07 0.03 0.025 0.035 0.075
 0.05 0.215 0.205 0.135 0.085 0.02 0.035 0.045 0.06 0.025 0.015 0.11
 0.09 0.16 0.285 0.125 0.075 0.06 0.025 0.04 0.02 0.025 0.02 0.075
 0.085 0.205 0.135 0.16 0.12 0.085 0.06 0.03 0.03 0 0.02 0.07
 0.085 0.21 0.165 0.125 0.14 0.055 0.045 0.035 0.04 0.02 0.025 0.055
 0.085 0.165 0.215 0.155 0.095 0.095 0.055 0.03 0.005 0.015 0.01 0.075
 0.055 0.175 0.18 0.135 0.125 0.09 0.075 0.03 0.045 0.02 0.01 0.06
 0.13 0.14 0.2 0.155 0.09 0.1 0.055 0.055 0.01 0.005 0.005 0.055
 0.075 0.195 0.19 0.125 0.08 0.13 0.045 0.03 0.045 0.02 0.02 0.045
 0.185 0.185 0.2 0.1 0.085 0.07 0.055 0.055 0.015 0.01 0.02 0.02
 0.09 0.265 0.19 0.22 0.07 0.045 0.02 0.045 0.015 0.015 0.015 0.01
 0.07 0.245 0.275 0.12 0.145 0.04 0.03 0.035 0.02 0.01 0.005 0.005
 0.08 0.165 0.225 0.21 0.12 0.1 0.015 0.02 0.015 0.015 0.005 0.03
 0.095 0.225 0.22 0.125 0.145 0.05 0.035 0.03 0.015 0.025 0.015 0.02
 0.085 0.29 0.185 0.08 0.105 0.135 0.03 0.05 0.015 0.005 0 0.02
 0.125 0.2 0.23 0.12 0.11 0.08 0.065 0.02 0.025 0.01 0 0.015
 0.14 0.3 0.18 0.14 0.11 0.02 0.03 0.03 0.015 0.02 0.005 0.01
 0.1 0.34 0.24 0.1 0.095 0.055 0.005 0.04 0.005 0.015 0 0.005
 0.09 0.185 0.3 0.205 0.065 0.065 0.03 0.015 0.01 0.015 0.005 0.015
 0.115 0.18 0.205 0.225 0.09 0.075 0.06 0.015 0.005 0.01 0.01 0.01
 0.11 0.205 0.14 0.195 0.19 0.06 0.02 0.045 0.015 0.01 0 0.01
 0.135 0.205 0.255 0.1 0.105 0.09 0.04 0.035 0.015 0.01 0 0.01
# wt_ind
 1 1 1 1 1 1 1 1 1 1 1 1
 1 1 1 1 1 1 1 1 1 1 1 1
 1 1 1 1 1 1 1 1 1 1 1 1
 1 1 1 1 1 1 1 1 1 1 1 1
 1 1 1 1 1 1 1 1 1 1 1 1
 1 1 1 1 1 1 1 1 1 1 1 1
 1 1 1 1 1 1 1 1 1 1 1 1
 1 1 1 1 1 1 1 1 1 1 1 1
 1 1 1 1 1 1 1 1 1 1 1 1
 1 1 1 1 1 1 1 1 1 1 1 1
 1 1 1 1 1 1 1 1 1 1 1 1
 1 1 1 1 1 1 1 1 1 1 1 1
 1 1 1 1 1 1 1 1 1 1 1 1
 1 1 1 1 1 1 1 1 1 1 1 1
 1 1 1 1 1 1 1 1 1 1 1 1
 1 1 1 1 1 1 1 1 1 1 1 1
 1 1 1 1 1 1 1 1 1 1 1 1
 1 1 1 1 1 1 1 1 1 1 1 1
 1 1 1 1 1 1 1 1 1 1 1 1
 1 1 1 1 1 1 1 1 1 1 1 1
 1 1 1 1 1 1 1 1 1 1 1 1
 1 1 1 1 1 1 1 1 1 1 1 1
 1 1 1 1 1 1 1 1 1 1 1 1
 1 1 1 1 1 1 1 1 1 1 1 1
 1 1 1 1 1 1 1 1 1 1 1 1
 1 1 1 1 1 1 1 1 1 1 1 1
 1 1 1 1 1 1 1 1 1 1 1 1
 1 1 1 1 1 1 1 1 1 1 1 1
 1 1 1 1 1 1 1 1 1 1 1 1
 1 1 1 1 1 1 1 1 1 1 1 1
# wt_pop
 0.000530656 0.00119633 0.00205827 0.00303499 0.00405521 0.0050647 0.00602623 0.00691692 0.00772489 0.00844611 0.00908185 0.0096367
# maturity
 0.0229774 0.320821 0.904651 0.99478 0.999739 0.999987 0.999999 1 1 1 1 1
# spawnmo
1
# age_err
 1 0 0 0 0 0 0 0 0 0 0 0
 0 1 0 0 0 0 0 0 0 0 0 0
 0 0 1 0 0 0 0 0 0 0 0 0
 0 0 0 1 0 0 0 0 0 0 0 0
 0 0 0 0 1 0 0 0 0 0 0 0
 0 0 0 0 0 1 0 0 0 0 0 0
 0 0 0 0 0 0 1 0 0 0 0 0
 0 0 0 0 0 0 0 1 0 0 0 0
 0 0 0 0 0 0 0 0 1 0 0 0
 0 0 0 0 0 0 0 0 0 1 0 0
 0 0 0 0 0 0 0 0 0 0 1 0
 0 0 0 0 0 0 0 0 0 0 0 1
# cntrlfile_name
C:\Users\bai.li\DOCUME~1\Github\AGE_ST~1\ASSAMC\example\output\AMAK\s36\amak.dat
# Map shared selectivity: 
# sel_map
 1 2
 1 1
# datafile_name
amak_data.dat
# model_name
AMAK_MCP
# SrType
2
# use_age_err
0
# retro
0
# sigmarprior
0.2
# cvsigmarprior
0.25
# phase_sigmar
-3
# styr_rec_est
1
# endyr_rec_est
30
# Linfprior
80
# cvLinfprior
0.25
# kprior
0.18
# cvkprior
0.25
# Loprior
27.688
# cvLoprior
0.25
# sdageprior
0.1
# cvsdageprior
0.25
# natmortprior
0.2
# cvnatmortprior
0.25
# phase_M
-4
# npars_Mage
0
# ages_M_changes

# Mage_in

# Mage_offset_in

# phase_Mage
-5
# phase_rw_M
0
# npars_rw_M
0
# yrs_rw_M

# sigma_rw_M

# qprior
 3.48998e-007
# cvqprior
 1
# phase_q
 1
# q_power_prior
 1
# cvq_power_prior
 0.2
# phase_q_power
 -4
# phase_rw_q
 -1
# npars_rw_q
 0
# yrs_rw_q

# sigma_rw_q

# q_age_min
 1
# q_age_max
 12
# q_age_min
 1
# q_age_max
 12
# fsh_sel_opt(k)
2
# phase_sel_fsh(k)
2
# n_sel_ch_fsh(k)
1
# sel_slp_in_fsh(k)(1,n_sel_ch_fsh(k))
 1
# sel_inf_in_fsh(k)(1,n_sel_ch_fsh(k))
 2
# logsel_slp_in_fsh(k)(1,n_sel_ch_fsh(k))
 0
# yrs_sel_ch_fsh(k)(1,n_sel_ch_fsh(k))
 1

Survey SURVEY1
# ind_sel_opt(k)
2
# indname(k)
SURVEY1
# nselages_in_ind(k)
11
# phase_sel_ind(k)
2
# sel_change_in_ind(k)
 1 0 0 0 0 0 0 0 0 0 0 0 0 0 0 0 0 0 0 0 0 0 0 0 0 0 0 0 0 0
# n_sel_ch_ind(k)
1
# yrs_sel_ch_ind(k)(1,n_sel_ch_ind(k))
 1
# sel_slp_in_ind(k,1)
2
# sel_inf_in_ind(k,1)
1.5
# logsel_slp_in_ind(k,1)
0.693147
# logsel_slp_in_indv(k)
0.693147
SURVEY1 ind sel opt 2  1 0 0 0 0 0 0 0 0 0 0 0 0 0 0 0 0 0 0 0 0 0 0 0 0 0 0 0 0 0
Phase indices Sel_Coffs:  -1
 Test: 1.23457e+008
# Fshry Selages:  11
# Srvy  Selages:  11
# Phase for age-spec fishery  -1
# Phase for logistic fishery  2
# Phase for dble logistic fishery  -1
# Phase for age-spec indices   -1
# Phase for logistic indices   2
# Phase for dble logistic ind  -1
# Curv_pen_fsh: 
 0
# Curv_pen_ind: 
 0
# styr_fut
31
# endyr_fut
35
# nyrs_fsh_age
 30
# nyrs_fsh_age
 30
# yrs_fsh_age
 1 2 3 4 5 6 7 8 9 10 11 12 13 14 15 16 17 18 19 20 21 22 23 24 25 26 27 28 29 30
# n_sample_fsh_age
 200 200 200 200 200 200 200 200 200 200 200 200 200 200 200 200 200 200 200 200 200 200 200 200 200 200 200 200 200 200
# oac_fsh
 0.06 0.095 0.09 0.115 0.125 0.095 0.07 0.04 0.045 0.035 0.03 0.2
 0.1 0.07 0.13 0.125 0.08 0.075 0.07 0.045 0.055 0.055 0.015 0.18
 0.06 0.115 0.09 0.14 0.105 0.105 0.135 0.035 0.05 0.01 0.035 0.12
 0.055 0.1 0.16 0.14 0.11 0.08 0.06 0.065 0.03 0.035 0.05 0.115
 0.055 0.075 0.115 0.145 0.095 0.105 0.105 0.09 0.025 0.035 0.04 0.115
 0.055 0.095 0.135 0.095 0.09 0.075 0.09 0.08 0.05 0.02 0.045 0.17
 0.095 0.145 0.09 0.125 0.075 0.075 0.09 0.07 0.07 0.045 0.01 0.11
 0.075 0.115 0.13 0.125 0.095 0.115 0.055 0.04 0.045 0.06 0.025 0.12
 0.105 0.155 0.145 0.1 0.1 0.08 0.05 0.065 0.035 0.025 0.025 0.115
 0.08 0.2 0.14 0.115 0.12 0.04 0.05 0.045 0.045 0.04 0.02 0.105
 0.115 0.125 0.205 0.17 0.09 0.025 0.05 0.04 0.045 0.045 0.015 0.075
 0.11 0.17 0.115 0.14 0.115 0.085 0.07 0.035 0.04 0.02 0.02 0.08
 0.095 0.16 0.155 0.11 0.13 0.08 0.05 0.065 0.04 0.02 0.015 0.08
 0.085 0.14 0.195 0.145 0.14 0.075 0.055 0.04 0.015 0.02 0.015 0.075
 0.125 0.105 0.175 0.16 0.14 0.06 0.075 0.05 0.035 0.03 0.015 0.03
 0.12 0.135 0.15 0.14 0.13 0.11 0.045 0.025 0.035 0.025 0.01 0.075
 0.14 0.2 0.14 0.12 0.09 0.09 0.065 0.02 0.02 0.035 0.025 0.055
 0.19 0.17 0.135 0.15 0.075 0.035 0.075 0.055 0.025 0.025 0.02 0.045
 0.1 0.22 0.12 0.24 0.07 0.055 0.045 0.025 0.035 0.025 0.01 0.055
 0.09 0.155 0.29 0.12 0.145 0.06 0.05 0.015 0.025 0.02 0.01 0.02
 0.145 0.135 0.21 0.2 0.105 0.06 0.05 0.015 0.005 0.02 0.025 0.03
 0.16 0.24 0.12 0.125 0.14 0.055 0.065 0.05 0.015 0 0.02 0.01
 0.085 0.225 0.21 0.155 0.075 0.075 0.055 0.065 0.01 0.01 0 0.035
 0.2 0.175 0.205 0.135 0.08 0.075 0.05 0.025 0.02 0.01 0 0.025
 0.155 0.205 0.145 0.23 0.09 0.055 0.04 0.025 0.035 0.005 0 0.015
 0.12 0.28 0.22 0.09 0.15 0.055 0.04 0.025 0.005 0 0 0.015
 0.18 0.13 0.275 0.145 0.09 0.055 0.05 0.01 0.02 0.04 0 0.005
 0.18 0.19 0.115 0.265 0.11 0.035 0.055 0.015 0 0.015 0.005 0.015
 0.14 0.2 0.17 0.135 0.17 0.075 0.045 0.03 0.005 0.01 0.005 0.015
 0.175 0.14 0.205 0.135 0.13 0.14 0.015 0.015 0.02 0.015 0 0.01
# olc_fsh

# wt_fsh
 0.000530656 0.00119633 0.00205827 0.00303499 0.00405521 0.0050647 0.00602623 0.00691692 0.00772489 0.00844611 0.00908185 0.0096367
 0.000530656 0.00119633 0.00205827 0.00303499 0.00405521 0.0050647 0.00602623 0.00691692 0.00772489 0.00844611 0.00908185 0.0096367
 0.000530656 0.00119633 0.00205827 0.00303499 0.00405521 0.0050647 0.00602623 0.00691692 0.00772489 0.00844611 0.00908185 0.0096367
 0.000530656 0.00119633 0.00205827 0.00303499 0.00405521 0.0050647 0.00602623 0.00691692 0.00772489 0.00844611 0.00908185 0.0096367
 0.000530656 0.00119633 0.00205827 0.00303499 0.00405521 0.0050647 0.00602623 0.00691692 0.00772489 0.00844611 0.00908185 0.0096367
 0.000530656 0.00119633 0.00205827 0.00303499 0.00405521 0.0050647 0.00602623 0.00691692 0.00772489 0.00844611 0.00908185 0.0096367
 0.000530656 0.00119633 0.00205827 0.00303499 0.00405521 0.0050647 0.00602623 0.00691692 0.00772489 0.00844611 0.00908185 0.0096367
 0.000530656 0.00119633 0.00205827 0.00303499 0.00405521 0.0050647 0.00602623 0.00691692 0.00772489 0.00844611 0.00908185 0.0096367
 0.000530656 0.00119633 0.00205827 0.00303499 0.00405521 0.0050647 0.00602623 0.00691692 0.00772489 0.00844611 0.00908185 0.0096367
 0.000530656 0.00119633 0.00205827 0.00303499 0.00405521 0.0050647 0.00602623 0.00691692 0.00772489 0.00844611 0.00908185 0.0096367
 0.000530656 0.00119633 0.00205827 0.00303499 0.00405521 0.0050647 0.00602623 0.00691692 0.00772489 0.00844611 0.00908185 0.0096367
 0.000530656 0.00119633 0.00205827 0.00303499 0.00405521 0.0050647 0.00602623 0.00691692 0.00772489 0.00844611 0.00908185 0.0096367
 0.000530656 0.00119633 0.00205827 0.00303499 0.00405521 0.0050647 0.00602623 0.00691692 0.00772489 0.00844611 0.00908185 0.0096367
 0.000530656 0.00119633 0.00205827 0.00303499 0.00405521 0.0050647 0.00602623 0.00691692 0.00772489 0.00844611 0.00908185 0.0096367
 0.000530656 0.00119633 0.00205827 0.00303499 0.00405521 0.0050647 0.00602623 0.00691692 0.00772489 0.00844611 0.00908185 0.0096367
 0.000530656 0.00119633 0.00205827 0.00303499 0.00405521 0.0050647 0.00602623 0.00691692 0.00772489 0.00844611 0.00908185 0.0096367
 0.000530656 0.00119633 0.00205827 0.00303499 0.00405521 0.0050647 0.00602623 0.00691692 0.00772489 0.00844611 0.00908185 0.0096367
 0.000530656 0.00119633 0.00205827 0.00303499 0.00405521 0.0050647 0.00602623 0.00691692 0.00772489 0.00844611 0.00908185 0.0096367
 0.000530656 0.00119633 0.00205827 0.00303499 0.00405521 0.0050647 0.00602623 0.00691692 0.00772489 0.00844611 0.00908185 0.0096367
 0.000530656 0.00119633 0.00205827 0.00303499 0.00405521 0.0050647 0.00602623 0.00691692 0.00772489 0.00844611 0.00908185 0.0096367
 0.000530656 0.00119633 0.00205827 0.00303499 0.00405521 0.0050647 0.00602623 0.00691692 0.00772489 0.00844611 0.00908185 0.0096367
 0.000530656 0.00119633 0.00205827 0.00303499 0.00405521 0.0050647 0.00602623 0.00691692 0.00772489 0.00844611 0.00908185 0.0096367
 0.000530656 0.00119633 0.00205827 0.00303499 0.00405521 0.0050647 0.00602623 0.00691692 0.00772489 0.00844611 0.00908185 0.0096367
 0.000530656 0.00119633 0.00205827 0.00303499 0.00405521 0.0050647 0.00602623 0.00691692 0.00772489 0.00844611 0.00908185 0.0096367
 0.000530656 0.00119633 0.00205827 0.00303499 0.00405521 0.0050647 0.00602623 0.00691692 0.00772489 0.00844611 0.00908185 0.0096367
 0.000530656 0.00119633 0.00205827 0.00303499 0.00405521 0.0050647 0.00602623 0.00691692 0.00772489 0.00844611 0.00908185 0.0096367
 0.000530656 0.00119633 0.00205827 0.00303499 0.00405521 0.0050647 0.00602623 0.00691692 0.00772489 0.00844611 0.00908185 0.0096367
 0.000530656 0.00119633 0.00205827 0.00303499 0.00405521 0.0050647 0.00602623 0.00691692 0.00772489 0.00844611 0.00908185 0.0096367
 0.000530656 0.00119633 0.00205827 0.00303499 0.00405521 0.0050647 0.00602623 0.00691692 0.00772489 0.00844611 0.00908185 0.0096367
 0.000530656 0.00119633 0.00205827 0.00303499 0.00405521 0.0050647 0.00602623 0.00691692 0.00772489 0.00844611 0.00908185 0.0096367
# nyrs_ind_age
 30
# yrs_ind_age
 1 2 3 4 5 6 7 8 9 10 11 12 13 14 15 16 17 18 19 20 21 22 23 24 25 26 27 28 29 30
# n_sample_ind_age
 200 200 200 200 200 200 200 200 200 200 200 200 200 200 200 200 200 200 200 200 200 200 200 200 200 200 200 200 200 200
# oac_ind
 0.07 0.145 0.13 0.12 0.08 0.08 0.04 0.065 0.035 0.04 0.015 0.18
 0.045 0.18 0.09 0.155 0.12 0.08 0.1 0.03 0.04 0.025 0.02 0.115
 0.08 0.135 0.14 0.125 0.075 0.095 0.085 0.03 0.05 0.025 0.05 0.11
 0.065 0.135 0.16 0.11 0.115 0.1 0.06 0.035 0.03 0.04 0.05 0.1
 0.065 0.14 0.16 0.14 0.105 0.075 0.07 0.05 0.045 0.03 0.045 0.075
 0.06 0.145 0.185 0.115 0.145 0.045 0.065 0.03 0.015 0.02 0.035 0.14
 0.06 0.19 0.145 0.13 0.1 0.08 0.055 0.065 0.03 0.02 0.03 0.095
 0.075 0.17 0.14 0.125 0.095 0.055 0.035 0.04 0.055 0.035 0.03 0.145
 0.095 0.19 0.18 0.12 0.075 0.07 0.035 0.07 0.03 0.025 0.035 0.075
 0.05 0.215 0.205 0.135 0.085 0.02 0.035 0.045 0.06 0.025 0.015 0.11
 0.09 0.16 0.285 0.125 0.075 0.06 0.025 0.04 0.02 0.025 0.02 0.075
 0.085 0.205 0.135 0.16 0.12 0.085 0.06 0.03 0.03 0 0.02 0.07
 0.085 0.21 0.165 0.125 0.14 0.055 0.045 0.035 0.04 0.02 0.025 0.055
 0.085 0.165 0.215 0.155 0.095 0.095 0.055 0.03 0.005 0.015 0.01 0.075
 0.055 0.175 0.18 0.135 0.125 0.09 0.075 0.03 0.045 0.02 0.01 0.06
 0.13 0.14 0.2 0.155 0.09 0.1 0.055 0.055 0.01 0.005 0.005 0.055
 0.075 0.195 0.19 0.125 0.08 0.13 0.045 0.03 0.045 0.02 0.02 0.045
 0.185 0.185 0.2 0.1 0.085 0.07 0.055 0.055 0.015 0.01 0.02 0.02
 0.09 0.265 0.19 0.22 0.07 0.045 0.02 0.045 0.015 0.015 0.015 0.01
 0.07 0.245 0.275 0.12 0.145 0.04 0.03 0.035 0.02 0.01 0.005 0.005
 0.08 0.165 0.225 0.21 0.12 0.1 0.015 0.02 0.015 0.015 0.005 0.03
 0.095 0.225 0.22 0.125 0.145 0.05 0.035 0.03 0.015 0.025 0.015 0.02
 0.085 0.29 0.185 0.08 0.105 0.135 0.03 0.05 0.015 0.005 0 0.02
 0.125 0.2 0.23 0.12 0.11 0.08 0.065 0.02 0.025 0.01 0 0.015
 0.14 0.3 0.18 0.14 0.11 0.02 0.03 0.03 0.015 0.02 0.005 0.01
 0.1 0.34 0.24 0.1 0.095 0.055 0.005 0.04 0.005 0.015 0 0.005
 0.09 0.185 0.3 0.205 0.065 0.065 0.03 0.015 0.01 0.015 0.005 0.015
 0.115 0.18 0.205 0.225 0.09 0.075 0.06 0.015 0.005 0.01 0.01 0.01
 0.11 0.205 0.14 0.195 0.19 0.06 0.02 0.045 0.015 0.01 0 0.01
 0.135 0.205 0.255 0.1 0.105 0.09 0.04 0.035 0.015 0.01 0 0.01
# olc_ind

# obs_lse_ind
 0.198042 0.198042 0.198042 0.198042 0.198042 0.198042 0.198042 0.198042 0.198042 0.198042 0.198042 0.198042 0.198042 0.198042 0.198042 0.198042 0.198042 0.198042 0.198042 0.198042 0.198042 0.198042 0.198042 0.198042 0.198042 0.198042 0.198042 0.198042 0.198042 0.198042
# xages_fsh
 0 0 0 0 0 0 0 0 0 0 0 0
# xages_fsh
 0 0.0909091 0.181818 0.272727 0.363636 0.454545 0.545455 0.636364 0.727273 0.818182 0.909091 1
# xnodes_fsh

Yrs fsh_sel change:  1 0 0 0 0 0 0 0 0 0 0 0 0 0 0 0 0 0 0 0 0 0 0 0 0 0 0 0 0
Yrs ind_sel change:  1 0 0 0 0 0 0 0 0 0 0 0 0 0 0 0 0 0 0 0 0 0 0 0 0 0 0 0 0
# steepnessprior
0.75
# sigmarprior
0.2
#  SSB estimated in styr endyr: -13 28 
#  Rec estimated in styr endyr: -11 30 
#  SR Curve fit  in styr endyr: 1 30 
#             Model styr endyr: 1 30 
# qprior
 3.48998e-007
# q_power_prior 
 1 
# cv_catchbiomass 
0.05 
# CatchbiomassPen 
200 
# Number of projection years 
5 
# offset_fsh
 13418.5
# offset_ind
 13069.4
Mean Catch
1276.56
R_guess 
15.4121
# nfsh
1
# n_sel_ch_fsh
 1
# nselages_fsh
 11
# phase_selcoff_fsh
 -1
logRzero 15.4121
logmeanrec 15.4121
exp(log_sigmarprior 0.2
Fish sel phase: -1 FLEET1
Fixing fishery sel to
1
Srvy sel phase: -1
Fixing SURVEY1 indices sel to
1
# logsel_slp_in_indv
 0.693147
Leaving parameter init secton
# M
 0.2 0.2 0.2 0.2 0.2 0.2 0.2 0.2 0.2 0.2 0.2 0.2
 0.2 0.2 0.2 0.2 0.2 0.2 0.2 0.2 0.2 0.2 0.2 0.2
 0.2 0.2 0.2 0.2 0.2 0.2 0.2 0.2 0.2 0.2 0.2 0.2
 0.2 0.2 0.2 0.2 0.2 0.2 0.2 0.2 0.2 0.2 0.2 0.2
 0.2 0.2 0.2 0.2 0.2 0.2 0.2 0.2 0.2 0.2 0.2 0.2
 0.2 0.2 0.2 0.2 0.2 0.2 0.2 0.2 0.2 0.2 0.2 0.2
 0.2 0.2 0.2 0.2 0.2 0.2 0.2 0.2 0.2 0.2 0.2 0.2
 0.2 0.2 0.2 0.2 0.2 0.2 0.2 0.2 0.2 0.2 0.2 0.2
 0.2 0.2 0.2 0.2 0.2 0.2 0.2 0.2 0.2 0.2 0.2 0.2
 0.2 0.2 0.2 0.2 0.2 0.2 0.2 0.2 0.2 0.2 0.2 0.2
 0.2 0.2 0.2 0.2 0.2 0.2 0.2 0.2 0.2 0.2 0.2 0.2
 0.2 0.2 0.2 0.2 0.2 0.2 0.2 0.2 0.2 0.2 0.2 0.2
 0.2 0.2 0.2 0.2 0.2 0.2 0.2 0.2 0.2 0.2 0.2 0.2
 0.2 0.2 0.2 0.2 0.2 0.2 0.2 0.2 0.2 0.2 0.2 0.2
 0.2 0.2 0.2 0.2 0.2 0.2 0.2 0.2 0.2 0.2 0.2 0.2
 0.2 0.2 0.2 0.2 0.2 0.2 0.2 0.2 0.2 0.2 0.2 0.2
 0.2 0.2 0.2 0.2 0.2 0.2 0.2 0.2 0.2 0.2 0.2 0.2
 0.2 0.2 0.2 0.2 0.2 0.2 0.2 0.2 0.2 0.2 0.2 0.2
 0.2 0.2 0.2 0.2 0.2 0.2 0.2 0.2 0.2 0.2 0.2 0.2
 0.2 0.2 0.2 0.2 0.2 0.2 0.2 0.2 0.2 0.2 0.2 0.2
 0.2 0.2 0.2 0.2 0.2 0.2 0.2 0.2 0.2 0.2 0.2 0.2
 0.2 0.2 0.2 0.2 0.2 0.2 0.2 0.2 0.2 0.2 0.2 0.2
 0.2 0.2 0.2 0.2 0.2 0.2 0.2 0.2 0.2 0.2 0.2 0.2
 0.2 0.2 0.2 0.2 0.2 0.2 0.2 0.2 0.2 0.2 0.2 0.2
 0.2 0.2 0.2 0.2 0.2 0.2 0.2 0.2 0.2 0.2 0.2 0.2
 0.2 0.2 0.2 0.2 0.2 0.2 0.2 0.2 0.2 0.2 0.2 0.2
 0.2 0.2 0.2 0.2 0.2 0.2 0.2 0.2 0.2 0.2 0.2 0.2
 0.2 0.2 0.2 0.2 0.2 0.2 0.2 0.2 0.2 0.2 0.2 0.2
 0.2 0.2 0.2 0.2 0.2 0.2 0.2 0.2 0.2 0.2 0.2 0.2
 0.2 0.2 0.2 0.2 0.2 0.2 0.2 0.2 0.2 0.2 0.2 0.2
# mean_log_rec
13.71
# log_Rzero
13.8239
# rec_dev
 0.0123669 0.0151772 -0.153187 -0.164828 0.0149529 -0.00912851 -0.0179555 -0.0092888 0.034003 0.0530776 0.108628 0.0935067 0.0181221 0.166768 -0.0134548 0.00858591 -0.109969 -0.000102879 0.0558789 0.12945 0.274915 -0.0666741 0.175526 0.18041 -0.0604594 -0.117609 -0.11492 0.250746 -0.0177155 0.370373 0.00815372 -0.244848 -0.0193706 0.1346 -0.244319 0.066297 0.313484 -0.209056 -0.284491 -0.123623 -0.337588 -0.101311
# fmort
 0.0096038 0.0282603 0.0464598 0.0635237 0.0506664 0.0906186 0.0924632 0.193582 0.114358 0.13803 0.158391 0.167876 0.122323 0.177356 0.188362 0.168816 0.326194 0.26424 0.253815 0.249077 0.341062 0.245264 0.400436 0.336274 0.329231 0.298535 0.29333 0.401914 0.297502 0.453414
# rec_dev_future
 0 0 0 0 0
