AMAK;Mar 2020
# styr
1
# endyr
30
# rec_age
1
# oldest_age
12
# nlength
81
# len_bins
 10 11 12 13 14 15 16 17 18 19 20 21 22 23 24 25 26 27 28 29 30 31 32 33 34 35 36 37 38 39 40 41 42 43 44 45 46 47 48 49 50 51 52 53 54 55 56 57 58 59 60 61 62 63 64 65 66 67 68 69 70 71 72 73 74 75 76 77 78 79 80 81 82 83 84 85 86 87 88 89 90
# datafile_name
amak_data.dat
# model_name
AMAK_MCP
# styr
1
# endyr
30
# rec_age
1
# oldest_age
12
# nfsh
1
# fshname
FLEET1
# catch_bio_in
 160.473 464.745 735.513 960.669 745.571 1288.88 1223 2327.32 1218.49 1373.57 1433.22 1412.87 979.063 1383.5 1412.19 1202.89 2161.65 1533.97 1436.12 1370.87 1822.6 1274.23 1981.41 1476.44 1369.37 1187.21 1144.77 1540.44 1143.51 1656.97
# catch_bio_sd_in
 0.01 0.01 0.01 0.01 0.01 0.01 0.01 0.01 0.01 0.01 0.01 0.01 0.01 0.01 0.01 0.01 0.01 0.01 0.01 0.01 0.01 0.01 0.01 0.01 0.01 0.01 0.01 0.01 0.01 0.01
# nyrs_fsh_age
 30
# nyrs_fsh_length
 0
# yrs_fsh_age_in
 1 2 3 4 5 6 7 8 9 10 11 12 13 14 15 16 17 18 19 20 21 22 23 24 25 26 27 28 29 30
# yrs_fsh_length_in

# n_sample_fsh_length_in

# olc_fsh_in

# nind
1
# indname
SURVEY1
# nyrs_ind
 30
# yrs_ind_in
 1 2 3 4 5 6 7 8 9 10 11 12 13 14 15 16 17 18 19 20 21 22 23 24 25 26 27 28 29 30
# mo_ind
 1
# obs_ind_in
 1.19162 1.57459 1.57405 1.40682 1.4561 1.48715 1.23482 1.40537 1.05572 0.922353 0.886997 0.83859 1.02529 1.12117 0.961649 0.815173 0.821804 0.917991 0.696383 0.91729 1.00132 0.79029 0.764926 0.723245 0.65298 0.626264 0.685163 0.774974 0.580191 0.759801
# obs_se_ind_in
 0.238324 0.314917 0.314809 0.281364 0.29122 0.29743 0.246964 0.281075 0.211144 0.184471 0.177399 0.167718 0.205059 0.224234 0.19233 0.163035 0.164361 0.183598 0.139277 0.183458 0.200264 0.158058 0.152985 0.144649 0.130596 0.125253 0.137033 0.154995 0.116038 0.15196
# nyrs_ind_age
 30
# nyrs_ind_length
 0
# yrs_ind_age_in
 1 2 3 4 5 6 7 8 9 10 11 12 13 14 15 16 17 18 19 20 21 22 23 24 25 26 27 28 29 30
# yrs_ind_length_in

# yrs_ind_age_in
 1 2 3 4 5 6 7 8 9 10 11 12 13 14 15 16 17 18 19 20 21 22 23 24 25 26 27 28 29 30
# n_sample_ind_length_in

# olc_ind_in

# oac_ind_in
 0.05 0.16 0.155 0.135 0.07 0.09 0.095 0.065 0.03 0.02 0.02 0.11
 0.02 0.125 0.185 0.16 0.1 0.055 0.055 0.07 0.035 0.07 0.02 0.105
 0.045 0.13 0.135 0.13 0.115 0.08 0.035 0.08 0.055 0.035 0.025 0.135
 0.095 0.105 0.16 0.115 0.12 0.1 0.08 0.02 0.03 0.03 0.025 0.12
 0.035 0.19 0.135 0.105 0.115 0.105 0.055 0.065 0.03 0.02 0.04 0.105
 0.05 0.145 0.27 0.095 0.135 0.055 0.045 0.06 0.015 0.01 0.01 0.11
 0.075 0.09 0.16 0.17 0.08 0.065 0.07 0.075 0.03 0.035 0.015 0.135
 0.05 0.155 0.125 0.115 0.155 0.06 0.075 0.06 0.045 0.02 0.015 0.125
 0.055 0.155 0.18 0.09 0.065 0.115 0.075 0.055 0.05 0.04 0.015 0.105
 0.035 0.165 0.22 0.145 0.055 0.095 0.075 0.025 0.04 0.035 0.025 0.085
 0.085 0.21 0.14 0.14 0.095 0.035 0.055 0.06 0.04 0.05 0.015 0.075
 0.09 0.155 0.22 0.12 0.075 0.08 0.05 0.05 0.03 0.01 0.005 0.115
 0.11 0.215 0.155 0.14 0.06 0.065 0.075 0.05 0.02 0.025 0.015 0.07
 0.08 0.22 0.18 0.11 0.085 0.09 0.06 0.045 0.015 0.03 0.035 0.05
 0.06 0.175 0.23 0.13 0.095 0.11 0.045 0.05 0.03 0.005 0.005 0.065
 0.08 0.185 0.19 0.19 0.1 0.055 0.055 0.04 0.035 0.035 0 0.035
 0.12 0.185 0.195 0.1 0.105 0.11 0.06 0.04 0.02 0.015 0.015 0.035
 0.115 0.195 0.14 0.15 0.11 0.115 0.035 0.055 0.03 0.005 0.02 0.03
 0.115 0.195 0.255 0.145 0.075 0.05 0.04 0.025 0.03 0.01 0.03 0.03
 0.09 0.28 0.205 0.175 0.09 0.03 0.025 0.025 0.04 0.015 0.01 0.015
 0.1 0.195 0.27 0.125 0.085 0.08 0.02 0.02 0.04 0.02 0.015 0.03
 0.125 0.22 0.235 0.21 0.09 0.055 0.02 0.005 0.015 0.015 0 0.01
 0.08 0.175 0.255 0.18 0.135 0.075 0.04 0.03 0.005 0.005 0.005 0.015
 0.08 0.265 0.255 0.17 0.1 0.05 0.035 0.01 0.015 0.01 0 0.01
 0.105 0.15 0.255 0.175 0.14 0.04 0.06 0.04 0.015 0.01 0 0.01
 0.16 0.205 0.2 0.175 0.08 0.12 0.02 0.01 0.01 0.01 0.005 0.005
 0.165 0.3 0.175 0.085 0.08 0.07 0.045 0.02 0.03 0.005 0.01 0.015
 0.18 0.24 0.235 0.135 0.055 0.06 0.035 0.03 0.01 0.015 0.005 0
 0.185 0.235 0.22 0.145 0.085 0.065 0.025 0.02 0.005 0.005 0 0.01
 0.145 0.225 0.26 0.185 0.065 0.055 0.02 0.005 0.01 0.01 0 0.02
# wt_ind
 1 1 1 1 1 1 1 1 1 1 1 1
 1 1 1 1 1 1 1 1 1 1 1 1
 1 1 1 1 1 1 1 1 1 1 1 1
 1 1 1 1 1 1 1 1 1 1 1 1
 1 1 1 1 1 1 1 1 1 1 1 1
 1 1 1 1 1 1 1 1 1 1 1 1
 1 1 1 1 1 1 1 1 1 1 1 1
 1 1 1 1 1 1 1 1 1 1 1 1
 1 1 1 1 1 1 1 1 1 1 1 1
 1 1 1 1 1 1 1 1 1 1 1 1
 1 1 1 1 1 1 1 1 1 1 1 1
 1 1 1 1 1 1 1 1 1 1 1 1
 1 1 1 1 1 1 1 1 1 1 1 1
 1 1 1 1 1 1 1 1 1 1 1 1
 1 1 1 1 1 1 1 1 1 1 1 1
 1 1 1 1 1 1 1 1 1 1 1 1
 1 1 1 1 1 1 1 1 1 1 1 1
 1 1 1 1 1 1 1 1 1 1 1 1
 1 1 1 1 1 1 1 1 1 1 1 1
 1 1 1 1 1 1 1 1 1 1 1 1
 1 1 1 1 1 1 1 1 1 1 1 1
 1 1 1 1 1 1 1 1 1 1 1 1
 1 1 1 1 1 1 1 1 1 1 1 1
 1 1 1 1 1 1 1 1 1 1 1 1
 1 1 1 1 1 1 1 1 1 1 1 1
 1 1 1 1 1 1 1 1 1 1 1 1
 1 1 1 1 1 1 1 1 1 1 1 1
 1 1 1 1 1 1 1 1 1 1 1 1
 1 1 1 1 1 1 1 1 1 1 1 1
 1 1 1 1 1 1 1 1 1 1 1 1
# wt_pop
 0.000530656 0.00119633 0.00205827 0.00303499 0.00405521 0.0050647 0.00602623 0.00691692 0.00772489 0.00844611 0.00908185 0.0096367
# maturity
 0.0229774 0.320821 0.904651 0.99478 0.999739 0.999987 0.999999 1 1 1 1 1
# spawnmo
1
# age_err
 1 0 0 0 0 0 0 0 0 0 0 0
 0 1 0 0 0 0 0 0 0 0 0 0
 0 0 1 0 0 0 0 0 0 0 0 0
 0 0 0 1 0 0 0 0 0 0 0 0
 0 0 0 0 1 0 0 0 0 0 0 0
 0 0 0 0 0 1 0 0 0 0 0 0
 0 0 0 0 0 0 1 0 0 0 0 0
 0 0 0 0 0 0 0 1 0 0 0 0
 0 0 0 0 0 0 0 0 1 0 0 0
 0 0 0 0 0 0 0 0 0 1 0 0
 0 0 0 0 0 0 0 0 0 0 1 0
 0 0 0 0 0 0 0 0 0 0 0 1
# cntrlfile_name
C:\Users\bai.li\DOCUME~1\Github\AGE_ST~1\ASSAMC\example\output\AMAK\s105\amak.dat
# Map shared selectivity: 
# sel_map
 1 2
 1 1
# datafile_name
amak_data.dat
# model_name
AMAK_MCP
# SrType
2
# use_age_err
0
# retro
0
# sigmarprior
0.2
# cvsigmarprior
0.25
# phase_sigmar
-3
# styr_rec_est
1
# endyr_rec_est
30
# Linfprior
80
# cvLinfprior
0.25
# kprior
0.18
# cvkprior
0.25
# Loprior
27.688
# cvLoprior
0.25
# sdageprior
0.1
# cvsdageprior
0.25
# natmortprior
0.2
# cvnatmortprior
0.25
# phase_M
-4
# npars_Mage
0
# ages_M_changes

# Mage_in

# Mage_offset_in

# phase_Mage
-5
# phase_rw_M
0
# npars_rw_M
0
# yrs_rw_M

# sigma_rw_M

# qprior
 3.48998e-007
# cvqprior
 1
# phase_q
 1
# q_power_prior
 1
# cvq_power_prior
 0.2
# phase_q_power
 -4
# phase_rw_q
 -1
# npars_rw_q
 0
# yrs_rw_q

# sigma_rw_q

# q_age_min
 1
# q_age_max
 12
# q_age_min
 1
# q_age_max
 12
# fsh_sel_opt(k)
2
# phase_sel_fsh(k)
2
# n_sel_ch_fsh(k)
1
# sel_slp_in_fsh(k)(1,n_sel_ch_fsh(k))
 1
# sel_inf_in_fsh(k)(1,n_sel_ch_fsh(k))
 2
# logsel_slp_in_fsh(k)(1,n_sel_ch_fsh(k))
 0
# yrs_sel_ch_fsh(k)(1,n_sel_ch_fsh(k))
 1

Survey SURVEY1
# ind_sel_opt(k)
2
# indname(k)
SURVEY1
# nselages_in_ind(k)
11
# phase_sel_ind(k)
2
# sel_change_in_ind(k)
 1 0 0 0 0 0 0 0 0 0 0 0 0 0 0 0 0 0 0 0 0 0 0 0 0 0 0 0 0 0
# n_sel_ch_ind(k)
1
# yrs_sel_ch_ind(k)(1,n_sel_ch_ind(k))
 1
# sel_slp_in_ind(k,1)
2
# sel_inf_in_ind(k,1)
1.5
# logsel_slp_in_ind(k,1)
0.693147
# logsel_slp_in_indv(k)
0.693147
SURVEY1 ind sel opt 2  1 0 0 0 0 0 0 0 0 0 0 0 0 0 0 0 0 0 0 0 0 0 0 0 0 0 0 0 0 0
Phase indices Sel_Coffs:  -1
 Test: 1.23457e+008
# Fshry Selages:  11
# Srvy  Selages:  11
# Phase for age-spec fishery  -1
# Phase for logistic fishery  2
# Phase for dble logistic fishery  -1
# Phase for age-spec indices   -1
# Phase for logistic indices   2
# Phase for dble logistic ind  -1
# Curv_pen_fsh: 
 0
# Curv_pen_ind: 
 0
# styr_fut
31
# endyr_fut
35
# nyrs_fsh_age
 30
# nyrs_fsh_age
 30
# yrs_fsh_age
 1 2 3 4 5 6 7 8 9 10 11 12 13 14 15 16 17 18 19 20 21 22 23 24 25 26 27 28 29 30
# n_sample_fsh_age
 200 200 200 200 200 200 200 200 200 200 200 200 200 200 200 200 200 200 200 200 200 200 200 200 200 200 200 200 200 200
# oac_fsh
 0.065 0.14 0.16 0.115 0.095 0.095 0.055 0.045 0.005 0.04 0.045 0.14
 0.085 0.105 0.13 0.11 0.09 0.085 0.1 0.075 0.025 0.03 0.04 0.125
 0.07 0.07 0.17 0.155 0.105 0.095 0.065 0.065 0.07 0.035 0.03 0.07
 0.14 0.105 0.13 0.085 0.1 0.09 0.08 0.05 0.05 0.035 0.045 0.09
 0.085 0.15 0.115 0.12 0.095 0.12 0.085 0.045 0.005 0.025 0.02 0.135
 0.06 0.1 0.165 0.095 0.095 0.1 0.105 0.055 0.035 0.03 0.03 0.13
 0.095 0.095 0.13 0.17 0.12 0.1 0.065 0.04 0.035 0.03 0.015 0.105
 0.095 0.12 0.07 0.14 0.12 0.07 0.065 0.07 0.05 0.015 0.035 0.15
 0.08 0.12 0.11 0.115 0.095 0.09 0.035 0.085 0.035 0.06 0.045 0.13
 0.1 0.145 0.12 0.15 0.085 0.065 0.075 0.025 0.05 0.045 0.03 0.11
 0.08 0.145 0.135 0.155 0.09 0.06 0.055 0.085 0.055 0.03 0.015 0.095
 0.1 0.09 0.195 0.14 0.135 0.08 0.05 0.045 0.05 0.02 0.04 0.055
 0.14 0.14 0.15 0.125 0.11 0.09 0.055 0.045 0.03 0.02 0.01 0.085
 0.11 0.14 0.145 0.165 0.14 0.075 0.075 0.03 0.03 0.015 0.015 0.06
 0.075 0.14 0.22 0.18 0.125 0.05 0.04 0.025 0.025 0.015 0.015 0.09
 0.045 0.115 0.17 0.235 0.135 0.06 0.06 0.02 0.03 0.025 0.01 0.095
 0.11 0.12 0.195 0.14 0.12 0.06 0.09 0.055 0.02 0.02 0.01 0.06
 0.11 0.225 0.19 0.06 0.11 0.095 0.09 0.03 0.01 0.025 0.005 0.05
 0.135 0.185 0.205 0.155 0.065 0.06 0.045 0.05 0.04 0.005 0.015 0.04
 0.115 0.225 0.155 0.135 0.13 0.055 0.045 0.045 0.035 0.015 0.025 0.02
 0.11 0.175 0.255 0.145 0.075 0.055 0.07 0.04 0.025 0.01 0 0.04
 0.145 0.27 0.165 0.165 0.1 0.055 0.02 0.025 0.015 0.015 0 0.025
 0.115 0.17 0.24 0.145 0.16 0.05 0.035 0.03 0.01 0.025 0 0.02
 0.1 0.155 0.25 0.205 0.12 0.065 0.05 0.02 0.02 0.005 0 0.01
 0.14 0.13 0.215 0.17 0.095 0.08 0.08 0.035 0 0.02 0.01 0.025
 0.19 0.215 0.135 0.18 0.13 0.045 0.035 0.045 0.005 0.005 0 0.015
 0.185 0.245 0.19 0.1 0.105 0.06 0.065 0.005 0.02 0.005 0.01 0.01
 0.115 0.245 0.28 0.115 0.065 0.065 0.035 0.045 0.015 0.01 0.005 0.005
 0.155 0.14 0.245 0.18 0.115 0.045 0.045 0.025 0.025 0.01 0.005 0.01
 0.13 0.25 0.185 0.18 0.115 0.045 0.015 0.03 0.015 0.02 0 0.015
# olc_fsh

# wt_fsh
 0.000530656 0.00119633 0.00205827 0.00303499 0.00405521 0.0050647 0.00602623 0.00691692 0.00772489 0.00844611 0.00908185 0.0096367
 0.000530656 0.00119633 0.00205827 0.00303499 0.00405521 0.0050647 0.00602623 0.00691692 0.00772489 0.00844611 0.00908185 0.0096367
 0.000530656 0.00119633 0.00205827 0.00303499 0.00405521 0.0050647 0.00602623 0.00691692 0.00772489 0.00844611 0.00908185 0.0096367
 0.000530656 0.00119633 0.00205827 0.00303499 0.00405521 0.0050647 0.00602623 0.00691692 0.00772489 0.00844611 0.00908185 0.0096367
 0.000530656 0.00119633 0.00205827 0.00303499 0.00405521 0.0050647 0.00602623 0.00691692 0.00772489 0.00844611 0.00908185 0.0096367
 0.000530656 0.00119633 0.00205827 0.00303499 0.00405521 0.0050647 0.00602623 0.00691692 0.00772489 0.00844611 0.00908185 0.0096367
 0.000530656 0.00119633 0.00205827 0.00303499 0.00405521 0.0050647 0.00602623 0.00691692 0.00772489 0.00844611 0.00908185 0.0096367
 0.000530656 0.00119633 0.00205827 0.00303499 0.00405521 0.0050647 0.00602623 0.00691692 0.00772489 0.00844611 0.00908185 0.0096367
 0.000530656 0.00119633 0.00205827 0.00303499 0.00405521 0.0050647 0.00602623 0.00691692 0.00772489 0.00844611 0.00908185 0.0096367
 0.000530656 0.00119633 0.00205827 0.00303499 0.00405521 0.0050647 0.00602623 0.00691692 0.00772489 0.00844611 0.00908185 0.0096367
 0.000530656 0.00119633 0.00205827 0.00303499 0.00405521 0.0050647 0.00602623 0.00691692 0.00772489 0.00844611 0.00908185 0.0096367
 0.000530656 0.00119633 0.00205827 0.00303499 0.00405521 0.0050647 0.00602623 0.00691692 0.00772489 0.00844611 0.00908185 0.0096367
 0.000530656 0.00119633 0.00205827 0.00303499 0.00405521 0.0050647 0.00602623 0.00691692 0.00772489 0.00844611 0.00908185 0.0096367
 0.000530656 0.00119633 0.00205827 0.00303499 0.00405521 0.0050647 0.00602623 0.00691692 0.00772489 0.00844611 0.00908185 0.0096367
 0.000530656 0.00119633 0.00205827 0.00303499 0.00405521 0.0050647 0.00602623 0.00691692 0.00772489 0.00844611 0.00908185 0.0096367
 0.000530656 0.00119633 0.00205827 0.00303499 0.00405521 0.0050647 0.00602623 0.00691692 0.00772489 0.00844611 0.00908185 0.0096367
 0.000530656 0.00119633 0.00205827 0.00303499 0.00405521 0.0050647 0.00602623 0.00691692 0.00772489 0.00844611 0.00908185 0.0096367
 0.000530656 0.00119633 0.00205827 0.00303499 0.00405521 0.0050647 0.00602623 0.00691692 0.00772489 0.00844611 0.00908185 0.0096367
 0.000530656 0.00119633 0.00205827 0.00303499 0.00405521 0.0050647 0.00602623 0.00691692 0.00772489 0.00844611 0.00908185 0.0096367
 0.000530656 0.00119633 0.00205827 0.00303499 0.00405521 0.0050647 0.00602623 0.00691692 0.00772489 0.00844611 0.00908185 0.0096367
 0.000530656 0.00119633 0.00205827 0.00303499 0.00405521 0.0050647 0.00602623 0.00691692 0.00772489 0.00844611 0.00908185 0.0096367
 0.000530656 0.00119633 0.00205827 0.00303499 0.00405521 0.0050647 0.00602623 0.00691692 0.00772489 0.00844611 0.00908185 0.0096367
 0.000530656 0.00119633 0.00205827 0.00303499 0.00405521 0.0050647 0.00602623 0.00691692 0.00772489 0.00844611 0.00908185 0.0096367
 0.000530656 0.00119633 0.00205827 0.00303499 0.00405521 0.0050647 0.00602623 0.00691692 0.00772489 0.00844611 0.00908185 0.0096367
 0.000530656 0.00119633 0.00205827 0.00303499 0.00405521 0.0050647 0.00602623 0.00691692 0.00772489 0.00844611 0.00908185 0.0096367
 0.000530656 0.00119633 0.00205827 0.00303499 0.00405521 0.0050647 0.00602623 0.00691692 0.00772489 0.00844611 0.00908185 0.0096367
 0.000530656 0.00119633 0.00205827 0.00303499 0.00405521 0.0050647 0.00602623 0.00691692 0.00772489 0.00844611 0.00908185 0.0096367
 0.000530656 0.00119633 0.00205827 0.00303499 0.00405521 0.0050647 0.00602623 0.00691692 0.00772489 0.00844611 0.00908185 0.0096367
 0.000530656 0.00119633 0.00205827 0.00303499 0.00405521 0.0050647 0.00602623 0.00691692 0.00772489 0.00844611 0.00908185 0.0096367
 0.000530656 0.00119633 0.00205827 0.00303499 0.00405521 0.0050647 0.00602623 0.00691692 0.00772489 0.00844611 0.00908185 0.0096367
# nyrs_ind_age
 30
# yrs_ind_age
 1 2 3 4 5 6 7 8 9 10 11 12 13 14 15 16 17 18 19 20 21 22 23 24 25 26 27 28 29 30
# n_sample_ind_age
 200 200 200 200 200 200 200 200 200 200 200 200 200 200 200 200 200 200 200 200 200 200 200 200 200 200 200 200 200 200
# oac_ind
 0.05 0.16 0.155 0.135 0.07 0.09 0.095 0.065 0.03 0.02 0.02 0.11
 0.02 0.125 0.185 0.16 0.1 0.055 0.055 0.07 0.035 0.07 0.02 0.105
 0.045 0.13 0.135 0.13 0.115 0.08 0.035 0.08 0.055 0.035 0.025 0.135
 0.095 0.105 0.16 0.115 0.12 0.1 0.08 0.02 0.03 0.03 0.025 0.12
 0.035 0.19 0.135 0.105 0.115 0.105 0.055 0.065 0.03 0.02 0.04 0.105
 0.05 0.145 0.27 0.095 0.135 0.055 0.045 0.06 0.015 0.01 0.01 0.11
 0.075 0.09 0.16 0.17 0.08 0.065 0.07 0.075 0.03 0.035 0.015 0.135
 0.05 0.155 0.125 0.115 0.155 0.06 0.075 0.06 0.045 0.02 0.015 0.125
 0.055 0.155 0.18 0.09 0.065 0.115 0.075 0.055 0.05 0.04 0.015 0.105
 0.035 0.165 0.22 0.145 0.055 0.095 0.075 0.025 0.04 0.035 0.025 0.085
 0.085 0.21 0.14 0.14 0.095 0.035 0.055 0.06 0.04 0.05 0.015 0.075
 0.09 0.155 0.22 0.12 0.075 0.08 0.05 0.05 0.03 0.01 0.005 0.115
 0.11 0.215 0.155 0.14 0.06 0.065 0.075 0.05 0.02 0.025 0.015 0.07
 0.08 0.22 0.18 0.11 0.085 0.09 0.06 0.045 0.015 0.03 0.035 0.05
 0.06 0.175 0.23 0.13 0.095 0.11 0.045 0.05 0.03 0.005 0.005 0.065
 0.08 0.185 0.19 0.19 0.1 0.055 0.055 0.04 0.035 0.035 0 0.035
 0.12 0.185 0.195 0.1 0.105 0.11 0.06 0.04 0.02 0.015 0.015 0.035
 0.115 0.195 0.14 0.15 0.11 0.115 0.035 0.055 0.03 0.005 0.02 0.03
 0.115 0.195 0.255 0.145 0.075 0.05 0.04 0.025 0.03 0.01 0.03 0.03
 0.09 0.28 0.205 0.175 0.09 0.03 0.025 0.025 0.04 0.015 0.01 0.015
 0.1 0.195 0.27 0.125 0.085 0.08 0.02 0.02 0.04 0.02 0.015 0.03
 0.125 0.22 0.235 0.21 0.09 0.055 0.02 0.005 0.015 0.015 0 0.01
 0.08 0.175 0.255 0.18 0.135 0.075 0.04 0.03 0.005 0.005 0.005 0.015
 0.08 0.265 0.255 0.17 0.1 0.05 0.035 0.01 0.015 0.01 0 0.01
 0.105 0.15 0.255 0.175 0.14 0.04 0.06 0.04 0.015 0.01 0 0.01
 0.16 0.205 0.2 0.175 0.08 0.12 0.02 0.01 0.01 0.01 0.005 0.005
 0.165 0.3 0.175 0.085 0.08 0.07 0.045 0.02 0.03 0.005 0.01 0.015
 0.18 0.24 0.235 0.135 0.055 0.06 0.035 0.03 0.01 0.015 0.005 0
 0.185 0.235 0.22 0.145 0.085 0.065 0.025 0.02 0.005 0.005 0 0.01
 0.145 0.225 0.26 0.185 0.065 0.055 0.02 0.005 0.01 0.01 0 0.02
# olc_ind

# obs_lse_ind
 0.198042 0.198042 0.198042 0.198042 0.198042 0.198042 0.198042 0.198042 0.198042 0.198042 0.198042 0.198042 0.198042 0.198042 0.198042 0.198042 0.198042 0.198042 0.198042 0.198042 0.198042 0.198042 0.198042 0.198042 0.198042 0.198042 0.198042 0.198042 0.198042 0.198042
# xages_fsh
 0 0 0 0 0 0 0 0 0 0 0 0
# xages_fsh
 0 0.0909091 0.181818 0.272727 0.363636 0.454545 0.545455 0.636364 0.727273 0.818182 0.909091 1
# xnodes_fsh

Yrs fsh_sel change:  1 0 0 0 0 0 0 0 0 0 0 0 0 0 0 0 0 0 0 0 0 0 0 0 0 0 0 0 0
Yrs ind_sel change:  1 0 0 0 0 0 0 0 0 0 0 0 0 0 0 0 0 0 0 0 0 0 0 0 0 0 0 0 0
# steepnessprior
0.75
# sigmarprior
0.2
#  SSB estimated in styr endyr: -13 28 
#  Rec estimated in styr endyr: -11 30 
#  SR Curve fit  in styr endyr: 1 30 
#             Model styr endyr: 1 30 
# qprior
 3.48998e-007
# q_power_prior 
 1 
# cv_catchbiomass 
0.05 
# CatchbiomassPen 
200 
# Number of projection years 
5 
# offset_fsh
 13398.7
# offset_ind
 13054.8
Mean Catch
1314.05
R_guess 
15.441
# nfsh
1
# n_sel_ch_fsh
 1
# nselages_fsh
 11
# phase_selcoff_fsh
 -1
logRzero 15.441
logmeanrec 15.441
exp(log_sigmarprior 0.2
Fish sel phase: -1 FLEET1
Fixing fishery sel to
1
Srvy sel phase: -1
Fixing SURVEY1 indices sel to
1
# logsel_slp_in_indv
 0.693147
Leaving parameter init secton
# M
 0.2 0.2 0.2 0.2 0.2 0.2 0.2 0.2 0.2 0.2 0.2 0.2
 0.2 0.2 0.2 0.2 0.2 0.2 0.2 0.2 0.2 0.2 0.2 0.2
 0.2 0.2 0.2 0.2 0.2 0.2 0.2 0.2 0.2 0.2 0.2 0.2
 0.2 0.2 0.2 0.2 0.2 0.2 0.2 0.2 0.2 0.2 0.2 0.2
 0.2 0.2 0.2 0.2 0.2 0.2 0.2 0.2 0.2 0.2 0.2 0.2
 0.2 0.2 0.2 0.2 0.2 0.2 0.2 0.2 0.2 0.2 0.2 0.2
 0.2 0.2 0.2 0.2 0.2 0.2 0.2 0.2 0.2 0.2 0.2 0.2
 0.2 0.2 0.2 0.2 0.2 0.2 0.2 0.2 0.2 0.2 0.2 0.2
 0.2 0.2 0.2 0.2 0.2 0.2 0.2 0.2 0.2 0.2 0.2 0.2
 0.2 0.2 0.2 0.2 0.2 0.2 0.2 0.2 0.2 0.2 0.2 0.2
 0.2 0.2 0.2 0.2 0.2 0.2 0.2 0.2 0.2 0.2 0.2 0.2
 0.2 0.2 0.2 0.2 0.2 0.2 0.2 0.2 0.2 0.2 0.2 0.2
 0.2 0.2 0.2 0.2 0.2 0.2 0.2 0.2 0.2 0.2 0.2 0.2
 0.2 0.2 0.2 0.2 0.2 0.2 0.2 0.2 0.2 0.2 0.2 0.2
 0.2 0.2 0.2 0.2 0.2 0.2 0.2 0.2 0.2 0.2 0.2 0.2
 0.2 0.2 0.2 0.2 0.2 0.2 0.2 0.2 0.2 0.2 0.2 0.2
 0.2 0.2 0.2 0.2 0.2 0.2 0.2 0.2 0.2 0.2 0.2 0.2
 0.2 0.2 0.2 0.2 0.2 0.2 0.2 0.2 0.2 0.2 0.2 0.2
 0.2 0.2 0.2 0.2 0.2 0.2 0.2 0.2 0.2 0.2 0.2 0.2
 0.2 0.2 0.2 0.2 0.2 0.2 0.2 0.2 0.2 0.2 0.2 0.2
 0.2 0.2 0.2 0.2 0.2 0.2 0.2 0.2 0.2 0.2 0.2 0.2
 0.2 0.2 0.2 0.2 0.2 0.2 0.2 0.2 0.2 0.2 0.2 0.2
 0.2 0.2 0.2 0.2 0.2 0.2 0.2 0.2 0.2 0.2 0.2 0.2
 0.2 0.2 0.2 0.2 0.2 0.2 0.2 0.2 0.2 0.2 0.2 0.2
 0.2 0.2 0.2 0.2 0.2 0.2 0.2 0.2 0.2 0.2 0.2 0.2
 0.2 0.2 0.2 0.2 0.2 0.2 0.2 0.2 0.2 0.2 0.2 0.2
 0.2 0.2 0.2 0.2 0.2 0.2 0.2 0.2 0.2 0.2 0.2 0.2
 0.2 0.2 0.2 0.2 0.2 0.2 0.2 0.2 0.2 0.2 0.2 0.2
 0.2 0.2 0.2 0.2 0.2 0.2 0.2 0.2 0.2 0.2 0.2 0.2
 0.2 0.2 0.2 0.2 0.2 0.2 0.2 0.2 0.2 0.2 0.2 0.2
# mean_log_rec
13.7228
# log_Rzero
13.8323
# rec_dev
 -0.117556 -0.140347 -0.0664848 -0.0962049 -0.0981748 -0.0219819 0.165473 0.0769976 -0.234843 0.049774 0.129211 0.253388 0.0963648 0.12701 -0.0559164 0.401378 0.0141299 -0.235365 0.0598719 0.0498413 -0.079464 0.0725475 -0.0277706 0.0913875 0.23326 -0.0279781 -0.148333 -0.0443905 0.1002 0.0418264 0.331823 0.0580161 0.257939 0.0962112 0.0211083 -0.374346 -0.134645 0.118024 0.10563 -0.0676066 0.0331301 -0.0899343
# fmort
 0.00946623 0.0275475 0.0444814 0.0600484 0.0480569 0.0863769 0.086955 0.183599 0.107132 0.129491 0.145828 0.154814 0.1118 0.162349 0.173606 0.154457 0.306273 0.246876 0.24712 0.24427 0.34097 0.247621 0.407283 0.336723 0.339227 0.315229 0.312169 0.439482 0.34059 0.529799
# rec_dev_future
 0 0 0 0 0
