AMAK;Mar 2020
# styr
1
# endyr
30
# rec_age
1
# oldest_age
12
# nlength
81
# len_bins
 10 11 12 13 14 15 16 17 18 19 20 21 22 23 24 25 26 27 28 29 30 31 32 33 34 35 36 37 38 39 40 41 42 43 44 45 46 47 48 49 50 51 52 53 54 55 56 57 58 59 60 61 62 63 64 65 66 67 68 69 70 71 72 73 74 75 76 77 78 79 80 81 82 83 84 85 86 87 88 89 90
# datafile_name
amak_data.dat
# model_name
AMAK_MCP
# styr
1
# endyr
30
# rec_age
1
# oldest_age
12
# nfsh
1
# fshname
FLEET1
# catch_bio_in
 161.006 459.578 732.704 948.484 714.1 1227.54 1192.52 2311.5 1240.29 1493.43 1671.98 1767.38 1289.41 1881.08 1958.44 1721.07 3100.56 2223.38 1946.74 1728.42 2139.9 1401.82 2063.32 1415.42 1257.66 1041.85 961.505 1261.66 949.445 1408.77
# catch_bio_sd_in
 0.01 0.01 0.01 0.01 0.01 0.01 0.01 0.01 0.01 0.01 0.01 0.01 0.01 0.01 0.01 0.01 0.01 0.01 0.01 0.01 0.01 0.01 0.01 0.01 0.01 0.01 0.01 0.01 0.01 0.01
# nyrs_fsh_age
 30
# nyrs_fsh_length
 0
# yrs_fsh_age_in
 1 2 3 4 5 6 7 8 9 10 11 12 13 14 15 16 17 18 19 20 21 22 23 24 25 26 27 28 29 30
# yrs_fsh_length_in

# n_sample_fsh_length_in

# olc_fsh_in

# nind
1
# indname
SURVEY1
# nyrs_ind
 30
# yrs_ind_in
 1 2 3 4 5 6 7 8 9 10 11 12 13 14 15 16 17 18 19 20 21 22 23 24 25 26 27 28 29 30
# mo_ind
 1
# obs_ind_in
 1.25967 1.34446 1.05893 1.24628 1.12946 1.11086 1.1563 1.24098 1.04636 1.14882 1.37251 1.40572 1.41472 1.2405 1.40198 1.46254 1.01648 0.93512 0.896494 0.972173 0.77942 0.675624 0.799664 0.58064 0.490444 0.523201 0.460111 0.646114 0.504072 0.542046
# obs_se_ind_in
 0.251934 0.268892 0.211786 0.249255 0.225892 0.222172 0.231261 0.248197 0.209271 0.229763 0.274501 0.281143 0.282944 0.248101 0.280396 0.292507 0.203296 0.187024 0.179299 0.194435 0.155884 0.135125 0.159933 0.116128 0.0980888 0.10464 0.0920222 0.129223 0.100814 0.108409
# nyrs_ind_age
 30
# nyrs_ind_length
 0
# yrs_ind_age_in
 1 2 3 4 5 6 7 8 9 10 11 12 13 14 15 16 17 18 19 20 21 22 23 24 25 26 27 28 29 30
# yrs_ind_length_in

# yrs_ind_age_in
 1 2 3 4 5 6 7 8 9 10 11 12 13 14 15 16 17 18 19 20 21 22 23 24 25 26 27 28 29 30
# n_sample_ind_length_in

# olc_ind_in

# oac_ind_in
 0.065 0.145 0.135 0.15 0.075 0.06 0.04 0.05 0.045 0.03 0.045 0.16
 0.025 0.07 0.14 0.15 0.12 0.08 0.115 0.04 0.055 0.045 0.035 0.125
 0.05 0.11 0.17 0.15 0.11 0.09 0.035 0.09 0.02 0.035 0.035 0.105
 0.055 0.13 0.095 0.105 0.115 0.055 0.13 0.055 0.035 0.04 0.045 0.14
 0.1 0.115 0.095 0.12 0.125 0.095 0.07 0.045 0.03 0.035 0.025 0.145
 0.1 0.175 0.18 0.07 0.055 0.065 0.05 0.05 0.07 0.01 0.03 0.145
 0.07 0.17 0.23 0.095 0.055 0.025 0.075 0.055 0.04 0.015 0.035 0.135
 0.095 0.12 0.16 0.185 0.09 0.055 0.035 0.07 0.055 0.02 0.015 0.1
 0.07 0.31 0.09 0.1 0.145 0.055 0.045 0.03 0.02 0.02 0.02 0.095
 0.15 0.105 0.305 0.075 0.12 0.035 0.06 0.01 0.005 0.02 0.035 0.08
 0.065 0.27 0.135 0.195 0.04 0.08 0.08 0.025 0.025 0.015 0.02 0.05
 0.09 0.205 0.23 0.12 0.125 0.025 0.04 0.05 0.02 0.01 0.015 0.07
 0.085 0.25 0.195 0.175 0.06 0.08 0.005 0.035 0.01 0.025 0.025 0.055
 0.08 0.165 0.25 0.135 0.15 0.055 0.085 0.015 0.02 0.01 0.02 0.015
 0.105 0.175 0.175 0.19 0.075 0.095 0.06 0.055 0.01 0.045 0.01 0.005
 0.115 0.235 0.125 0.15 0.085 0.06 0.085 0.035 0.035 0.02 0.01 0.045
 0.02 0.235 0.205 0.11 0.115 0.125 0.035 0.065 0.03 0.025 0.005 0.03
 0.055 0.14 0.275 0.175 0.125 0.045 0.05 0.025 0.05 0.005 0.02 0.035
 0.115 0.11 0.12 0.225 0.12 0.085 0.09 0.05 0.02 0.025 0.015 0.025
 0.13 0.27 0.1 0.08 0.155 0.1 0.06 0.015 0.025 0.015 0.035 0.015
 0.04 0.29 0.23 0.12 0.06 0.09 0.035 0.035 0.015 0.03 0.03 0.025
 0.075 0.145 0.31 0.2 0.02 0.035 0.07 0.045 0.03 0.015 0.02 0.035
 0.115 0.215 0.12 0.265 0.155 0.015 0.02 0.035 0.01 0.015 0.015 0.02
 0.06 0.265 0.155 0.145 0.165 0.08 0.025 0.02 0.035 0.02 0.02 0.01
 0.105 0.23 0.275 0.095 0.09 0.07 0.045 0.015 0.015 0.02 0.005 0.035
 0.075 0.31 0.19 0.185 0.075 0.03 0.05 0.05 0 0 0.005 0.03
 0.11 0.17 0.255 0.14 0.13 0.07 0.025 0.05 0.025 0.005 0.005 0.015
 0.16 0.31 0.135 0.135 0.065 0.07 0.05 0.03 0.02 0.01 0 0.015
 0.11 0.355 0.24 0.105 0.105 0.025 0.015 0.01 0.01 0.005 0.005 0.015
 0.09 0.235 0.34 0.165 0.035 0.035 0.025 0.04 0.015 0.01 0 0.01
# wt_ind
 1 1 1 1 1 1 1 1 1 1 1 1
 1 1 1 1 1 1 1 1 1 1 1 1
 1 1 1 1 1 1 1 1 1 1 1 1
 1 1 1 1 1 1 1 1 1 1 1 1
 1 1 1 1 1 1 1 1 1 1 1 1
 1 1 1 1 1 1 1 1 1 1 1 1
 1 1 1 1 1 1 1 1 1 1 1 1
 1 1 1 1 1 1 1 1 1 1 1 1
 1 1 1 1 1 1 1 1 1 1 1 1
 1 1 1 1 1 1 1 1 1 1 1 1
 1 1 1 1 1 1 1 1 1 1 1 1
 1 1 1 1 1 1 1 1 1 1 1 1
 1 1 1 1 1 1 1 1 1 1 1 1
 1 1 1 1 1 1 1 1 1 1 1 1
 1 1 1 1 1 1 1 1 1 1 1 1
 1 1 1 1 1 1 1 1 1 1 1 1
 1 1 1 1 1 1 1 1 1 1 1 1
 1 1 1 1 1 1 1 1 1 1 1 1
 1 1 1 1 1 1 1 1 1 1 1 1
 1 1 1 1 1 1 1 1 1 1 1 1
 1 1 1 1 1 1 1 1 1 1 1 1
 1 1 1 1 1 1 1 1 1 1 1 1
 1 1 1 1 1 1 1 1 1 1 1 1
 1 1 1 1 1 1 1 1 1 1 1 1
 1 1 1 1 1 1 1 1 1 1 1 1
 1 1 1 1 1 1 1 1 1 1 1 1
 1 1 1 1 1 1 1 1 1 1 1 1
 1 1 1 1 1 1 1 1 1 1 1 1
 1 1 1 1 1 1 1 1 1 1 1 1
 1 1 1 1 1 1 1 1 1 1 1 1
# wt_pop
 0.000530656 0.00119633 0.00205827 0.00303499 0.00405521 0.0050647 0.00602623 0.00691692 0.00772489 0.00844611 0.00908185 0.0096367
# maturity
 0.0229774 0.320821 0.904651 0.99478 0.999739 0.999987 0.999999 1 1 1 1 1
# spawnmo
1
# age_err
 1 0 0 0 0 0 0 0 0 0 0 0
 0 1 0 0 0 0 0 0 0 0 0 0
 0 0 1 0 0 0 0 0 0 0 0 0
 0 0 0 1 0 0 0 0 0 0 0 0
 0 0 0 0 1 0 0 0 0 0 0 0
 0 0 0 0 0 1 0 0 0 0 0 0
 0 0 0 0 0 0 1 0 0 0 0 0
 0 0 0 0 0 0 0 1 0 0 0 0
 0 0 0 0 0 0 0 0 1 0 0 0
 0 0 0 0 0 0 0 0 0 1 0 0
 0 0 0 0 0 0 0 0 0 0 1 0
 0 0 0 0 0 0 0 0 0 0 0 1
# cntrlfile_name
C:\Users\bai.li\DOCUME~1\Github\AGE_ST~2\ASSAMC\example\C1\output\AMAK\s5\amak.dat
# Map shared selectivity: 
# sel_map
 1 2
 1 1
# datafile_name
amak_data.dat
# model_name
AMAK_MCP
# SrType
2
# use_age_err
0
# retro
0
# sigmarprior
0.4
# cvsigmarprior
0.45
# phase_sigmar
-3
# styr_rec_est
1
# endyr_rec_est
30
# Linfprior
80
# cvLinfprior
0.25
# kprior
0.18
# cvkprior
0.25
# Loprior
27.688
# cvLoprior
0.25
# sdageprior
0.1
# cvsdageprior
0.25
# natmortprior
0.2
# cvnatmortprior
0.25
# phase_M
-4
# npars_Mage
0
# ages_M_changes

# Mage_in

# Mage_offset_in

# phase_Mage
-5
# phase_rw_M
0
# npars_rw_M
0
# yrs_rw_M

# sigma_rw_M

# qprior
 3.48998e-007
# cvqprior
 1
# phase_q
 1
# q_power_prior
 1
# cvq_power_prior
 0.2
# phase_q_power
 -4
# phase_rw_q
 -1
# npars_rw_q
 0
# yrs_rw_q

# sigma_rw_q

# q_age_min
 1
# q_age_max
 12
# q_age_min
 1
# q_age_max
 12
# fsh_sel_opt(k)
2
# phase_sel_fsh(k)
2
# n_sel_ch_fsh(k)
1
# sel_slp_in_fsh(k)(1,n_sel_ch_fsh(k))
 1
# sel_inf_in_fsh(k)(1,n_sel_ch_fsh(k))
 2
# logsel_slp_in_fsh(k)(1,n_sel_ch_fsh(k))
 0
# yrs_sel_ch_fsh(k)(1,n_sel_ch_fsh(k))
 1

Survey SURVEY1
# ind_sel_opt(k)
2
# indname(k)
SURVEY1
# nselages_in_ind(k)
11
# phase_sel_ind(k)
2
# sel_change_in_ind(k)
 1 0 0 0 0 0 0 0 0 0 0 0 0 0 0 0 0 0 0 0 0 0 0 0 0 0 0 0 0 0
# n_sel_ch_ind(k)
1
# yrs_sel_ch_ind(k)(1,n_sel_ch_ind(k))
 1
# sel_slp_in_ind(k,1)
2
# sel_inf_in_ind(k,1)
1.5
# logsel_slp_in_ind(k,1)
0.693147
# logsel_slp_in_indv(k)
0.693147
SURVEY1 ind sel opt 2  1 0 0 0 0 0 0 0 0 0 0 0 0 0 0 0 0 0 0 0 0 0 0 0 0 0 0 0 0 0
Phase indices Sel_Coffs:  -1
 Test: 1.23457e+008
# Fshry Selages:  11
# Srvy  Selages:  11
# Phase for age-spec fishery  -1
# Phase for logistic fishery  2
# Phase for dble logistic fishery  -1
# Phase for age-spec indices   -1
# Phase for logistic indices   2
# Phase for dble logistic ind  -1
# Curv_pen_fsh: 
 0
# Curv_pen_ind: 
 0
# styr_fut
31
# endyr_fut
35
# nyrs_fsh_age
 30
# nyrs_fsh_age
 30
# yrs_fsh_age
 1 2 3 4 5 6 7 8 9 10 11 12 13 14 15 16 17 18 19 20 21 22 23 24 25 26 27 28 29 30
# n_sample_fsh_age
 200 200 200 200 200 200 200 200 200 200 200 200 200 200 200 200 200 200 200 200 200 200 200 200 200 200 200 200 200 200
# oac_fsh
 0.07 0.075 0.15 0.125 0.09 0.085 0.065 0.09 0.04 0.055 0.03 0.125
 0.04 0.13 0.125 0.11 0.085 0.105 0.065 0.075 0.055 0.045 0.035 0.13
 0.03 0.065 0.15 0.14 0.1 0.125 0.09 0.055 0.045 0.03 0.04 0.13
 0.055 0.1 0.1 0.135 0.135 0.06 0.08 0.07 0.045 0.025 0.03 0.165
 0.11 0.075 0.115 0.07 0.085 0.1 0.055 0.075 0.06 0.045 0.055 0.155
 0.12 0.125 0.155 0.07 0.065 0.09 0.085 0.065 0.05 0.05 0.025 0.1
 0.05 0.12 0.24 0.09 0.085 0.07 0.06 0.04 0.035 0.035 0.045 0.13
 0.12 0.115 0.19 0.135 0.065 0.075 0.05 0.05 0.03 0.025 0.04 0.105
 0.085 0.27 0.095 0.16 0.1 0.07 0.035 0.02 0.03 0.015 0.02 0.1
 0.145 0.08 0.22 0.055 0.105 0.09 0.1 0.05 0.02 0.05 0.005 0.08
 0.075 0.215 0.12 0.23 0.05 0.07 0.045 0.05 0.04 0.005 0.015 0.085
 0.17 0.145 0.24 0.105 0.12 0.03 0.06 0.03 0.02 0.02 0.025 0.035
 0.115 0.205 0.145 0.19 0.1 0.11 0.02 0.045 0 0.015 0.01 0.045
 0.115 0.175 0.24 0.14 0.135 0.045 0.075 0 0.02 0.025 0 0.03
 0.12 0.12 0.165 0.15 0.05 0.145 0.055 0.09 0.015 0.025 0.01 0.055
 0.145 0.195 0.22 0.085 0.115 0.035 0.055 0.035 0.04 0.015 0.02 0.04
 0.04 0.205 0.23 0.12 0.075 0.075 0.09 0.07 0.015 0.03 0.005 0.045
 0.02 0.105 0.245 0.215 0.1 0.075 0.085 0.035 0.04 0.03 0.01 0.04
 0.125 0.05 0.105 0.21 0.185 0.085 0.055 0.065 0.035 0.03 0 0.055
 0.16 0.255 0.095 0.055 0.16 0.09 0.055 0.03 0.035 0.01 0.03 0.025
 0.085 0.235 0.25 0.045 0.105 0.09 0.045 0.02 0.035 0.005 0.02 0.065
 0.105 0.125 0.26 0.225 0.07 0.04 0.045 0.055 0.03 0.015 0.005 0.025
 0.155 0.165 0.155 0.195 0.13 0.025 0.04 0.05 0.025 0.02 0.01 0.03
 0.115 0.14 0.225 0.12 0.19 0.075 0.035 0.015 0.02 0.01 0.015 0.04
 0.165 0.17 0.21 0.12 0.105 0.125 0.045 0.015 0 0.015 0.005 0.025
 0.09 0.21 0.165 0.185 0.115 0.075 0.065 0.035 0.015 0.005 0.015 0.025
 0.195 0.175 0.215 0.1 0.09 0.07 0.05 0.04 0.035 0.005 0.005 0.02
 0.215 0.25 0.11 0.18 0.08 0.075 0.055 0.015 0.015 0.005 0 0
 0.175 0.285 0.23 0.09 0.095 0.045 0.02 0.025 0.005 0.005 0.02 0.005
 0.135 0.24 0.28 0.17 0.05 0.04 0.04 0.02 0.01 0.005 0.01 0
# olc_fsh

# wt_fsh
 0.000530656 0.00119633 0.00205827 0.00303499 0.00405521 0.0050647 0.00602623 0.00691692 0.00772489 0.00844611 0.00908185 0.0096367
 0.000530656 0.00119633 0.00205827 0.00303499 0.00405521 0.0050647 0.00602623 0.00691692 0.00772489 0.00844611 0.00908185 0.0096367
 0.000530656 0.00119633 0.00205827 0.00303499 0.00405521 0.0050647 0.00602623 0.00691692 0.00772489 0.00844611 0.00908185 0.0096367
 0.000530656 0.00119633 0.00205827 0.00303499 0.00405521 0.0050647 0.00602623 0.00691692 0.00772489 0.00844611 0.00908185 0.0096367
 0.000530656 0.00119633 0.00205827 0.00303499 0.00405521 0.0050647 0.00602623 0.00691692 0.00772489 0.00844611 0.00908185 0.0096367
 0.000530656 0.00119633 0.00205827 0.00303499 0.00405521 0.0050647 0.00602623 0.00691692 0.00772489 0.00844611 0.00908185 0.0096367
 0.000530656 0.00119633 0.00205827 0.00303499 0.00405521 0.0050647 0.00602623 0.00691692 0.00772489 0.00844611 0.00908185 0.0096367
 0.000530656 0.00119633 0.00205827 0.00303499 0.00405521 0.0050647 0.00602623 0.00691692 0.00772489 0.00844611 0.00908185 0.0096367
 0.000530656 0.00119633 0.00205827 0.00303499 0.00405521 0.0050647 0.00602623 0.00691692 0.00772489 0.00844611 0.00908185 0.0096367
 0.000530656 0.00119633 0.00205827 0.00303499 0.00405521 0.0050647 0.00602623 0.00691692 0.00772489 0.00844611 0.00908185 0.0096367
 0.000530656 0.00119633 0.00205827 0.00303499 0.00405521 0.0050647 0.00602623 0.00691692 0.00772489 0.00844611 0.00908185 0.0096367
 0.000530656 0.00119633 0.00205827 0.00303499 0.00405521 0.0050647 0.00602623 0.00691692 0.00772489 0.00844611 0.00908185 0.0096367
 0.000530656 0.00119633 0.00205827 0.00303499 0.00405521 0.0050647 0.00602623 0.00691692 0.00772489 0.00844611 0.00908185 0.0096367
 0.000530656 0.00119633 0.00205827 0.00303499 0.00405521 0.0050647 0.00602623 0.00691692 0.00772489 0.00844611 0.00908185 0.0096367
 0.000530656 0.00119633 0.00205827 0.00303499 0.00405521 0.0050647 0.00602623 0.00691692 0.00772489 0.00844611 0.00908185 0.0096367
 0.000530656 0.00119633 0.00205827 0.00303499 0.00405521 0.0050647 0.00602623 0.00691692 0.00772489 0.00844611 0.00908185 0.0096367
 0.000530656 0.00119633 0.00205827 0.00303499 0.00405521 0.0050647 0.00602623 0.00691692 0.00772489 0.00844611 0.00908185 0.0096367
 0.000530656 0.00119633 0.00205827 0.00303499 0.00405521 0.0050647 0.00602623 0.00691692 0.00772489 0.00844611 0.00908185 0.0096367
 0.000530656 0.00119633 0.00205827 0.00303499 0.00405521 0.0050647 0.00602623 0.00691692 0.00772489 0.00844611 0.00908185 0.0096367
 0.000530656 0.00119633 0.00205827 0.00303499 0.00405521 0.0050647 0.00602623 0.00691692 0.00772489 0.00844611 0.00908185 0.0096367
 0.000530656 0.00119633 0.00205827 0.00303499 0.00405521 0.0050647 0.00602623 0.00691692 0.00772489 0.00844611 0.00908185 0.0096367
 0.000530656 0.00119633 0.00205827 0.00303499 0.00405521 0.0050647 0.00602623 0.00691692 0.00772489 0.00844611 0.00908185 0.0096367
 0.000530656 0.00119633 0.00205827 0.00303499 0.00405521 0.0050647 0.00602623 0.00691692 0.00772489 0.00844611 0.00908185 0.0096367
 0.000530656 0.00119633 0.00205827 0.00303499 0.00405521 0.0050647 0.00602623 0.00691692 0.00772489 0.00844611 0.00908185 0.0096367
 0.000530656 0.00119633 0.00205827 0.00303499 0.00405521 0.0050647 0.00602623 0.00691692 0.00772489 0.00844611 0.00908185 0.0096367
 0.000530656 0.00119633 0.00205827 0.00303499 0.00405521 0.0050647 0.00602623 0.00691692 0.00772489 0.00844611 0.00908185 0.0096367
 0.000530656 0.00119633 0.00205827 0.00303499 0.00405521 0.0050647 0.00602623 0.00691692 0.00772489 0.00844611 0.00908185 0.0096367
 0.000530656 0.00119633 0.00205827 0.00303499 0.00405521 0.0050647 0.00602623 0.00691692 0.00772489 0.00844611 0.00908185 0.0096367
 0.000530656 0.00119633 0.00205827 0.00303499 0.00405521 0.0050647 0.00602623 0.00691692 0.00772489 0.00844611 0.00908185 0.0096367
 0.000530656 0.00119633 0.00205827 0.00303499 0.00405521 0.0050647 0.00602623 0.00691692 0.00772489 0.00844611 0.00908185 0.0096367
# nyrs_ind_age
 30
# yrs_ind_age
 1 2 3 4 5 6 7 8 9 10 11 12 13 14 15 16 17 18 19 20 21 22 23 24 25 26 27 28 29 30
# n_sample_ind_age
 200 200 200 200 200 200 200 200 200 200 200 200 200 200 200 200 200 200 200 200 200 200 200 200 200 200 200 200 200 200
# oac_ind
 0.065 0.145 0.135 0.15 0.075 0.06 0.04 0.05 0.045 0.03 0.045 0.16
 0.025 0.07 0.14 0.15 0.12 0.08 0.115 0.04 0.055 0.045 0.035 0.125
 0.05 0.11 0.17 0.15 0.11 0.09 0.035 0.09 0.02 0.035 0.035 0.105
 0.055 0.13 0.095 0.105 0.115 0.055 0.13 0.055 0.035 0.04 0.045 0.14
 0.1 0.115 0.095 0.12 0.125 0.095 0.07 0.045 0.03 0.035 0.025 0.145
 0.1 0.175 0.18 0.07 0.055 0.065 0.05 0.05 0.07 0.01 0.03 0.145
 0.07 0.17 0.23 0.095 0.055 0.025 0.075 0.055 0.04 0.015 0.035 0.135
 0.095 0.12 0.16 0.185 0.09 0.055 0.035 0.07 0.055 0.02 0.015 0.1
 0.07 0.31 0.09 0.1 0.145 0.055 0.045 0.03 0.02 0.02 0.02 0.095
 0.15 0.105 0.305 0.075 0.12 0.035 0.06 0.01 0.005 0.02 0.035 0.08
 0.065 0.27 0.135 0.195 0.04 0.08 0.08 0.025 0.025 0.015 0.02 0.05
 0.09 0.205 0.23 0.12 0.125 0.025 0.04 0.05 0.02 0.01 0.015 0.07
 0.085 0.25 0.195 0.175 0.06 0.08 0.005 0.035 0.01 0.025 0.025 0.055
 0.08 0.165 0.25 0.135 0.15 0.055 0.085 0.015 0.02 0.01 0.02 0.015
 0.105 0.175 0.175 0.19 0.075 0.095 0.06 0.055 0.01 0.045 0.01 0.005
 0.115 0.235 0.125 0.15 0.085 0.06 0.085 0.035 0.035 0.02 0.01 0.045
 0.02 0.235 0.205 0.11 0.115 0.125 0.035 0.065 0.03 0.025 0.005 0.03
 0.055 0.14 0.275 0.175 0.125 0.045 0.05 0.025 0.05 0.005 0.02 0.035
 0.115 0.11 0.12 0.225 0.12 0.085 0.09 0.05 0.02 0.025 0.015 0.025
 0.13 0.27 0.1 0.08 0.155 0.1 0.06 0.015 0.025 0.015 0.035 0.015
 0.04 0.29 0.23 0.12 0.06 0.09 0.035 0.035 0.015 0.03 0.03 0.025
 0.075 0.145 0.31 0.2 0.02 0.035 0.07 0.045 0.03 0.015 0.02 0.035
 0.115 0.215 0.12 0.265 0.155 0.015 0.02 0.035 0.01 0.015 0.015 0.02
 0.06 0.265 0.155 0.145 0.165 0.08 0.025 0.02 0.035 0.02 0.02 0.01
 0.105 0.23 0.275 0.095 0.09 0.07 0.045 0.015 0.015 0.02 0.005 0.035
 0.075 0.31 0.19 0.185 0.075 0.03 0.05 0.05 0 0 0.005 0.03
 0.11 0.17 0.255 0.14 0.13 0.07 0.025 0.05 0.025 0.005 0.005 0.015
 0.16 0.31 0.135 0.135 0.065 0.07 0.05 0.03 0.02 0.01 0 0.015
 0.11 0.355 0.24 0.105 0.105 0.025 0.015 0.01 0.01 0.005 0.005 0.015
 0.09 0.235 0.34 0.165 0.035 0.035 0.025 0.04 0.015 0.01 0 0.01
# olc_ind

# obs_lse_ind
 0.198042 0.198042 0.198042 0.198042 0.198042 0.198042 0.198042 0.198042 0.198042 0.198042 0.198042 0.198042 0.198042 0.198042 0.198042 0.198042 0.198042 0.198042 0.198042 0.198042 0.198042 0.198042 0.198042 0.198042 0.198042 0.198042 0.198042 0.198042 0.198042 0.198042
# xages_fsh
 0 0 0 0 0 0 0 0 0 0 0 0
# xages_fsh
 0 0.0909091 0.181818 0.272727 0.363636 0.454545 0.545455 0.636364 0.727273 0.818182 0.909091 1
# xnodes_fsh

Yrs fsh_sel change:  1 0 0 0 0 0 0 0 0 0 0 0 0 0 0 0 0 0 0 0 0 0 0 0 0 0 0 0 0
Yrs ind_sel change:  1 0 0 0 0 0 0 0 0 0 0 0 0 0 0 0 0 0 0 0 0 0 0 0 0 0 0 0 0
# steepnessprior
0.75
# sigmarprior
0.4
#  SSB estimated in styr endyr: -13 28 
#  Rec estimated in styr endyr: -11 30 
#  SR Curve fit  in styr endyr: 1 30 
#             Model styr endyr: 1 30 
# qprior
 3.48998e-007
# q_power_prior 
 1 
# cv_catchbiomass 
0.05 
# CatchbiomassPen 
200 
# Number of projection years 
5 
# offset_fsh
 13235.3
# offset_ind
 12948.1
Mean Catch
1455.7
R_guess 
15.5434
# nfsh
1
# n_sel_ch_fsh
 1
# nselages_fsh
 11
# phase_selcoff_fsh
 -1
logRzero 15.5434
logmeanrec 15.5434
exp(log_sigmarprior 0.4
Fish sel phase: -1 FLEET1
Fixing fishery sel to
1
Srvy sel phase: -1
Fixing SURVEY1 indices sel to
1
# logsel_slp_in_indv
 0.693147
Leaving parameter init secton
# M
 0.2 0.2 0.2 0.2 0.2 0.2 0.2 0.2 0.2 0.2 0.2 0.2
 0.2 0.2 0.2 0.2 0.2 0.2 0.2 0.2 0.2 0.2 0.2 0.2
 0.2 0.2 0.2 0.2 0.2 0.2 0.2 0.2 0.2 0.2 0.2 0.2
 0.2 0.2 0.2 0.2 0.2 0.2 0.2 0.2 0.2 0.2 0.2 0.2
 0.2 0.2 0.2 0.2 0.2 0.2 0.2 0.2 0.2 0.2 0.2 0.2
 0.2 0.2 0.2 0.2 0.2 0.2 0.2 0.2 0.2 0.2 0.2 0.2
 0.2 0.2 0.2 0.2 0.2 0.2 0.2 0.2 0.2 0.2 0.2 0.2
 0.2 0.2 0.2 0.2 0.2 0.2 0.2 0.2 0.2 0.2 0.2 0.2
 0.2 0.2 0.2 0.2 0.2 0.2 0.2 0.2 0.2 0.2 0.2 0.2
 0.2 0.2 0.2 0.2 0.2 0.2 0.2 0.2 0.2 0.2 0.2 0.2
 0.2 0.2 0.2 0.2 0.2 0.2 0.2 0.2 0.2 0.2 0.2 0.2
 0.2 0.2 0.2 0.2 0.2 0.2 0.2 0.2 0.2 0.2 0.2 0.2
 0.2 0.2 0.2 0.2 0.2 0.2 0.2 0.2 0.2 0.2 0.2 0.2
 0.2 0.2 0.2 0.2 0.2 0.2 0.2 0.2 0.2 0.2 0.2 0.2
 0.2 0.2 0.2 0.2 0.2 0.2 0.2 0.2 0.2 0.2 0.2 0.2
 0.2 0.2 0.2 0.2 0.2 0.2 0.2 0.2 0.2 0.2 0.2 0.2
 0.2 0.2 0.2 0.2 0.2 0.2 0.2 0.2 0.2 0.2 0.2 0.2
 0.2 0.2 0.2 0.2 0.2 0.2 0.2 0.2 0.2 0.2 0.2 0.2
 0.2 0.2 0.2 0.2 0.2 0.2 0.2 0.2 0.2 0.2 0.2 0.2
 0.2 0.2 0.2 0.2 0.2 0.2 0.2 0.2 0.2 0.2 0.2 0.2
 0.2 0.2 0.2 0.2 0.2 0.2 0.2 0.2 0.2 0.2 0.2 0.2
 0.2 0.2 0.2 0.2 0.2 0.2 0.2 0.2 0.2 0.2 0.2 0.2
 0.2 0.2 0.2 0.2 0.2 0.2 0.2 0.2 0.2 0.2 0.2 0.2
 0.2 0.2 0.2 0.2 0.2 0.2 0.2 0.2 0.2 0.2 0.2 0.2
 0.2 0.2 0.2 0.2 0.2 0.2 0.2 0.2 0.2 0.2 0.2 0.2
 0.2 0.2 0.2 0.2 0.2 0.2 0.2 0.2 0.2 0.2 0.2 0.2
 0.2 0.2 0.2 0.2 0.2 0.2 0.2 0.2 0.2 0.2 0.2 0.2
 0.2 0.2 0.2 0.2 0.2 0.2 0.2 0.2 0.2 0.2 0.2 0.2
 0.2 0.2 0.2 0.2 0.2 0.2 0.2 0.2 0.2 0.2 0.2 0.2
 0.2 0.2 0.2 0.2 0.2 0.2 0.2 0.2 0.2 0.2 0.2 0.2
# mean_log_rec
13.7755
# log_Rzero
13.8588
# rec_dev
 -0.178662 -0.211216 0.0140058 0.050136 0.0759538 0.110657 -0.115238 0.0550399 -0.0175563 0.154288 -0.0317902 0.0524099 0.0286498 -0.397074 -0.261205 -0.0523417 0.284292 0.251966 -0.377235 0.669133 0.0225746 0.70279 0.240203 0.580568 0.2824 0.297336 0.499842 0.538104 -0.38484 -0.650711 0.320539 0.384492 -0.31526 -0.216618 -0.0884607 -0.452903 -0.20132 -0.690147 -0.0717434 0.154525 -0.158453 -0.347901
# fmort
 0.00882997 0.0256256 0.0424441 0.0582969 0.046493 0.0843461 0.0867113 0.182851 0.105791 0.129777 0.147632 0.157646 0.113752 0.164694 0.175891 0.157353 0.304748 0.250059 0.24862 0.246762 0.341654 0.246462 0.411232 0.332959 0.330415 0.298632 0.291014 0.405291 0.308928 0.466032
# rec_dev_future
 0 0 0 0 0
