AMAK;Mar 2020
# styr
1
# endyr
30
# rec_age
1
# oldest_age
12
# nlength
81
# len_bins
 10 11 12 13 14 15 16 17 18 19 20 21 22 23 24 25 26 27 28 29 30 31 32 33 34 35 36 37 38 39 40 41 42 43 44 45 46 47 48 49 50 51 52 53 54 55 56 57 58 59 60 61 62 63 64 65 66 67 68 69 70 71 72 73 74 75 76 77 78 79 80 81 82 83 84 85 86 87 88 89 90
# datafile_name
amak_data.dat
# model_name
AMAK_MCP
# styr
1
# endyr
30
# rec_age
1
# oldest_age
12
# nfsh
1
# fshname
FLEET1
# catch_bio_in
 159.426 457.893 741.547 974.457 754.87 1310.13 1271.06 2448.95 1290.95 1453.7 1555.73 1552.27 1067.13 1488.59 1485.05 1272.39 2282.72 1673.63 1512.18 1359.27 1684.44 1127.39 1677.41 1201 1095.59 961.312 920.221 1203 874.157 1307.48
# catch_bio_sd_in
 0.01 0.01 0.01 0.01 0.01 0.01 0.01 0.01 0.01 0.01 0.01 0.01 0.01 0.01 0.01 0.01 0.01 0.01 0.01 0.01 0.01 0.01 0.01 0.01 0.01 0.01 0.01 0.01 0.01 0.01
# nyrs_fsh_age
 30
# nyrs_fsh_length
 0
# yrs_fsh_age_in
 1 2 3 4 5 6 7 8 9 10 11 12 13 14 15 16 17 18 19 20 21 22 23 24 25 26 27 28 29 30
# yrs_fsh_length_in

# n_sample_fsh_length_in

# olc_fsh_in

# nind
1
# indname
SURVEY1
# nyrs_ind
 30
# yrs_ind_in
 1 2 3 4 5 6 7 8 9 10 11 12 13 14 15 16 17 18 19 20 21 22 23 24 25 26 27 28 29 30
# mo_ind
 1
# obs_ind_in
 1.27108 1.65041 1.45058 1.44013 1.47082 1.65678 1.29888 1.35106 1.13376 1.13012 1.28046 0.940309 1.04906 1.06829 1.08754 1.02623 0.809795 0.952222 0.829522 0.732359 0.703447 0.718339 0.647169 0.549577 0.648087 0.478681 0.576583 0.555772 0.492704 0.596745
# obs_se_ind_in
 0.254217 0.330081 0.290115 0.288025 0.294164 0.331356 0.259777 0.270212 0.226752 0.226023 0.256091 0.188062 0.209813 0.213658 0.217509 0.205246 0.161959 0.190444 0.165904 0.146472 0.140689 0.143668 0.129434 0.109915 0.129617 0.0957362 0.115317 0.111154 0.0985409 0.119349
# nyrs_ind_age
 30
# nyrs_ind_length
 0
# yrs_ind_age_in
 1 2 3 4 5 6 7 8 9 10 11 12 13 14 15 16 17 18 19 20 21 22 23 24 25 26 27 28 29 30
# yrs_ind_length_in

# yrs_ind_age_in
 1 2 3 4 5 6 7 8 9 10 11 12 13 14 15 16 17 18 19 20 21 22 23 24 25 26 27 28 29 30
# n_sample_ind_length_in

# olc_ind_in

# oac_ind_in
 0.055 0.14 0.105 0.125 0.08 0.12 0.04 0.095 0.05 0.035 0.025 0.13
 0.075 0.14 0.18 0.055 0.125 0.105 0.06 0.05 0.035 0.03 0.035 0.11
 0.045 0.14 0.19 0.105 0.09 0.085 0.065 0.055 0.035 0.06 0.01 0.12
 0.07 0.155 0.145 0.12 0.1 0.05 0.08 0.04 0.035 0.045 0.025 0.135
 0.06 0.155 0.165 0.13 0.095 0.075 0.075 0.045 0.025 0.045 0.025 0.105
 0.06 0.13 0.225 0.125 0.085 0.065 0.05 0.055 0.03 0.02 0.025 0.13
 0.05 0.085 0.2 0.2 0.105 0.085 0.055 0.04 0.045 0.035 0.02 0.08
 0.09 0.115 0.13 0.18 0.12 0.075 0.07 0.045 0.04 0.02 0.015 0.1
 0.095 0.205 0.12 0.13 0.1 0.1 0.03 0.035 0.025 0.01 0.015 0.135
 0.065 0.235 0.18 0.045 0.08 0.08 0.1 0.02 0.04 0.04 0.01 0.105
 0.09 0.145 0.185 0.115 0.075 0.09 0.075 0.065 0.045 0.03 0.025 0.06
 0.04 0.165 0.175 0.2 0.085 0.04 0.085 0.035 0.055 0.025 0.025 0.07
 0.06 0.165 0.215 0.125 0.1 0.065 0.05 0.04 0.015 0.045 0.055 0.065
 0.085 0.21 0.145 0.155 0.085 0.09 0.085 0.02 0.035 0.005 0.015 0.07
 0.1 0.225 0.16 0.1 0.115 0.065 0.07 0.015 0.05 0.015 0.03 0.055
 0.145 0.13 0.2 0.165 0.07 0.09 0.045 0.035 0.035 0.025 0.01 0.05
 0.125 0.225 0.19 0.14 0.08 0.065 0.045 0.035 0.025 0.02 0.005 0.045
 0.085 0.185 0.215 0.115 0.105 0.08 0.05 0.04 0.01 0.03 0.015 0.07
 0.04 0.15 0.2 0.17 0.115 0.12 0.05 0.035 0.025 0.005 0.025 0.065
 0.14 0.185 0.185 0.145 0.11 0.05 0.095 0.025 0.015 0.015 0.015 0.02
 0.095 0.235 0.135 0.12 0.13 0.07 0.07 0.045 0.035 0.035 0.005 0.025
 0.085 0.2 0.225 0.115 0.115 0.06 0.055 0.06 0.03 0.005 0.015 0.035
 0.135 0.155 0.295 0.18 0.07 0.035 0.045 0.01 0.01 0.01 0.015 0.04
 0.115 0.265 0.185 0.155 0.115 0.05 0.035 0.035 0.005 0.01 0.005 0.025
 0.135 0.265 0.185 0.075 0.145 0.08 0.035 0.015 0.015 0.015 0.015 0.02
 0.12 0.3 0.21 0.175 0.055 0.08 0.015 0.015 0.005 0.01 0.005 0.01
 0.105 0.175 0.275 0.12 0.115 0.065 0.055 0.04 0.02 0.01 0.01 0.01
 0.135 0.195 0.18 0.24 0.075 0.075 0.035 0.035 0.015 0.005 0 0.01
 0.155 0.295 0.175 0.165 0.065 0.04 0.04 0.02 0.02 0.01 0 0.015
 0.145 0.315 0.22 0.12 0.055 0.08 0.03 0.035 0 0 0 0
# wt_ind
 1 1 1 1 1 1 1 1 1 1 1 1
 1 1 1 1 1 1 1 1 1 1 1 1
 1 1 1 1 1 1 1 1 1 1 1 1
 1 1 1 1 1 1 1 1 1 1 1 1
 1 1 1 1 1 1 1 1 1 1 1 1
 1 1 1 1 1 1 1 1 1 1 1 1
 1 1 1 1 1 1 1 1 1 1 1 1
 1 1 1 1 1 1 1 1 1 1 1 1
 1 1 1 1 1 1 1 1 1 1 1 1
 1 1 1 1 1 1 1 1 1 1 1 1
 1 1 1 1 1 1 1 1 1 1 1 1
 1 1 1 1 1 1 1 1 1 1 1 1
 1 1 1 1 1 1 1 1 1 1 1 1
 1 1 1 1 1 1 1 1 1 1 1 1
 1 1 1 1 1 1 1 1 1 1 1 1
 1 1 1 1 1 1 1 1 1 1 1 1
 1 1 1 1 1 1 1 1 1 1 1 1
 1 1 1 1 1 1 1 1 1 1 1 1
 1 1 1 1 1 1 1 1 1 1 1 1
 1 1 1 1 1 1 1 1 1 1 1 1
 1 1 1 1 1 1 1 1 1 1 1 1
 1 1 1 1 1 1 1 1 1 1 1 1
 1 1 1 1 1 1 1 1 1 1 1 1
 1 1 1 1 1 1 1 1 1 1 1 1
 1 1 1 1 1 1 1 1 1 1 1 1
 1 1 1 1 1 1 1 1 1 1 1 1
 1 1 1 1 1 1 1 1 1 1 1 1
 1 1 1 1 1 1 1 1 1 1 1 1
 1 1 1 1 1 1 1 1 1 1 1 1
 1 1 1 1 1 1 1 1 1 1 1 1
# wt_pop
 0.000530656 0.00119633 0.00205827 0.00303499 0.00405521 0.0050647 0.00602623 0.00691692 0.00772489 0.00844611 0.00908185 0.0096367
# maturity
 0.0229774 0.320821 0.904651 0.99478 0.999739 0.999987 0.999999 1 1 1 1 1
# spawnmo
1
# age_err
 1 0 0 0 0 0 0 0 0 0 0 0
 0 1 0 0 0 0 0 0 0 0 0 0
 0 0 1 0 0 0 0 0 0 0 0 0
 0 0 0 1 0 0 0 0 0 0 0 0
 0 0 0 0 1 0 0 0 0 0 0 0
 0 0 0 0 0 1 0 0 0 0 0 0
 0 0 0 0 0 0 1 0 0 0 0 0
 0 0 0 0 0 0 0 1 0 0 0 0
 0 0 0 0 0 0 0 0 1 0 0 0
 0 0 0 0 0 0 0 0 0 1 0 0
 0 0 0 0 0 0 0 0 0 0 1 0
 0 0 0 0 0 0 0 0 0 0 0 1
# cntrlfile_name
C:\Users\bai.li\DOCUME~1\Github\AGE_ST~1\ASSAMC\example\output\AMAK\s72\amak.dat
# Map shared selectivity: 
# sel_map
 1 2
 1 1
# datafile_name
amak_data.dat
# model_name
AMAK_MCP
# SrType
2
# use_age_err
0
# retro
0
# sigmarprior
0.2
# cvsigmarprior
0.25
# phase_sigmar
-3
# styr_rec_est
1
# endyr_rec_est
30
# Linfprior
80
# cvLinfprior
0.25
# kprior
0.18
# cvkprior
0.25
# Loprior
27.688
# cvLoprior
0.25
# sdageprior
0.1
# cvsdageprior
0.25
# natmortprior
0.2
# cvnatmortprior
0.25
# phase_M
-4
# npars_Mage
0
# ages_M_changes

# Mage_in

# Mage_offset_in

# phase_Mage
-5
# phase_rw_M
0
# npars_rw_M
0
# yrs_rw_M

# sigma_rw_M

# qprior
 3.48998e-007
# cvqprior
 1
# phase_q
 1
# q_power_prior
 1
# cvq_power_prior
 0.2
# phase_q_power
 -4
# phase_rw_q
 -1
# npars_rw_q
 0
# yrs_rw_q

# sigma_rw_q

# q_age_min
 1
# q_age_max
 12
# q_age_min
 1
# q_age_max
 12
# fsh_sel_opt(k)
2
# phase_sel_fsh(k)
2
# n_sel_ch_fsh(k)
1
# sel_slp_in_fsh(k)(1,n_sel_ch_fsh(k))
 1
# sel_inf_in_fsh(k)(1,n_sel_ch_fsh(k))
 2
# logsel_slp_in_fsh(k)(1,n_sel_ch_fsh(k))
 0
# yrs_sel_ch_fsh(k)(1,n_sel_ch_fsh(k))
 1

Survey SURVEY1
# ind_sel_opt(k)
2
# indname(k)
SURVEY1
# nselages_in_ind(k)
11
# phase_sel_ind(k)
2
# sel_change_in_ind(k)
 1 0 0 0 0 0 0 0 0 0 0 0 0 0 0 0 0 0 0 0 0 0 0 0 0 0 0 0 0 0
# n_sel_ch_ind(k)
1
# yrs_sel_ch_ind(k)(1,n_sel_ch_ind(k))
 1
# sel_slp_in_ind(k,1)
2
# sel_inf_in_ind(k,1)
1.5
# logsel_slp_in_ind(k,1)
0.693147
# logsel_slp_in_indv(k)
0.693147
SURVEY1 ind sel opt 2  1 0 0 0 0 0 0 0 0 0 0 0 0 0 0 0 0 0 0 0 0 0 0 0 0 0 0 0 0 0
Phase indices Sel_Coffs:  -1
 Test: 1.23457e+008
# Fshry Selages:  11
# Srvy  Selages:  11
# Phase for age-spec fishery  -1
# Phase for logistic fishery  2
# Phase for dble logistic fishery  -1
# Phase for age-spec indices   -1
# Phase for logistic indices   2
# Phase for dble logistic ind  -1
# Curv_pen_fsh: 
 0
# Curv_pen_ind: 
 0
# styr_fut
31
# endyr_fut
35
# nyrs_fsh_age
 30
# nyrs_fsh_age
 30
# yrs_fsh_age
 1 2 3 4 5 6 7 8 9 10 11 12 13 14 15 16 17 18 19 20 21 22 23 24 25 26 27 28 29 30
# n_sample_fsh_age
 200 200 200 200 200 200 200 200 200 200 200 200 200 200 200 200 200 200 200 200 200 200 200 200 200 200 200 200 200 200
# oac_fsh
 0.06 0.105 0.155 0.135 0.09 0.105 0.065 0.045 0.055 0.025 0.035 0.125
 0.075 0.135 0.125 0.105 0.08 0.11 0.065 0.05 0.05 0.035 0.05 0.12
 0.09 0.105 0.13 0.145 0.125 0.085 0.045 0.075 0.035 0.02 0.025 0.12
 0.1 0.07 0.165 0.145 0.085 0.08 0.075 0.05 0.045 0.035 0.025 0.125
 0.09 0.15 0.11 0.165 0.085 0.08 0.045 0.08 0.035 0.03 0.015 0.115
 0.055 0.11 0.145 0.06 0.075 0.08 0.065 0.09 0.05 0.055 0.03 0.185
 0.065 0.075 0.165 0.16 0.12 0.095 0.04 0.065 0.04 0.02 0.04 0.115
 0.105 0.06 0.095 0.155 0.15 0.085 0.06 0.08 0.065 0.04 0.015 0.09
 0.115 0.105 0.105 0.15 0.115 0.13 0.035 0.045 0.04 0.015 0.035 0.11
 0.075 0.12 0.15 0.085 0.16 0.09 0.09 0.035 0.035 0.02 0.03 0.11
 0.08 0.15 0.215 0.15 0.08 0.1 0.065 0.04 0.03 0.01 0.035 0.045
 0.1 0.135 0.16 0.19 0.08 0.05 0.055 0.065 0.035 0.015 0.015 0.1
 0.09 0.1 0.175 0.175 0.16 0.105 0.04 0.03 0.045 0.03 0.01 0.04
 0.095 0.12 0.085 0.155 0.11 0.105 0.08 0.055 0.055 0.02 0.05 0.07
 0.135 0.19 0.15 0.105 0.13 0.05 0.055 0.07 0.015 0.015 0.015 0.07
 0.135 0.145 0.23 0.095 0.11 0.085 0.045 0.06 0.03 0.01 0.01 0.045
 0.135 0.175 0.115 0.175 0.085 0.1 0.065 0.03 0.025 0.01 0.015 0.07
 0.085 0.205 0.205 0.14 0.09 0.075 0.045 0.03 0.04 0.01 0.015 0.06
 0.12 0.16 0.205 0.165 0.14 0.06 0.025 0.04 0.03 0.015 0 0.04
 0.165 0.14 0.155 0.155 0.15 0.09 0.045 0.025 0.015 0.03 0.01 0.02
 0.175 0.195 0.105 0.095 0.16 0.13 0.05 0.03 0.005 0.01 0 0.045
 0.13 0.19 0.18 0.13 0.105 0.06 0.065 0.05 0.03 0.01 0.005 0.045
 0.12 0.135 0.235 0.19 0.125 0.055 0.05 0.035 0.01 0.04 0.005 0
 0.13 0.23 0.195 0.15 0.135 0.035 0.04 0.035 0.01 0.015 0.005 0.02
 0.19 0.16 0.225 0.125 0.13 0.06 0 0.035 0.025 0.015 0.01 0.025
 0.1 0.225 0.255 0.175 0.065 0.07 0.05 0.015 0.015 0.005 0.01 0.015
 0.135 0.16 0.205 0.17 0.105 0.065 0.105 0.02 0.005 0 0 0.03
 0.19 0.24 0.135 0.18 0.07 0.06 0.045 0.02 0.015 0.02 0.005 0.02
 0.18 0.28 0.2 0.09 0.11 0.04 0.035 0.01 0.025 0.015 0 0.015
 0.215 0.235 0.19 0.1 0.105 0.045 0.03 0.03 0.02 0.015 0 0.015
# olc_fsh

# wt_fsh
 0.000530656 0.00119633 0.00205827 0.00303499 0.00405521 0.0050647 0.00602623 0.00691692 0.00772489 0.00844611 0.00908185 0.0096367
 0.000530656 0.00119633 0.00205827 0.00303499 0.00405521 0.0050647 0.00602623 0.00691692 0.00772489 0.00844611 0.00908185 0.0096367
 0.000530656 0.00119633 0.00205827 0.00303499 0.00405521 0.0050647 0.00602623 0.00691692 0.00772489 0.00844611 0.00908185 0.0096367
 0.000530656 0.00119633 0.00205827 0.00303499 0.00405521 0.0050647 0.00602623 0.00691692 0.00772489 0.00844611 0.00908185 0.0096367
 0.000530656 0.00119633 0.00205827 0.00303499 0.00405521 0.0050647 0.00602623 0.00691692 0.00772489 0.00844611 0.00908185 0.0096367
 0.000530656 0.00119633 0.00205827 0.00303499 0.00405521 0.0050647 0.00602623 0.00691692 0.00772489 0.00844611 0.00908185 0.0096367
 0.000530656 0.00119633 0.00205827 0.00303499 0.00405521 0.0050647 0.00602623 0.00691692 0.00772489 0.00844611 0.00908185 0.0096367
 0.000530656 0.00119633 0.00205827 0.00303499 0.00405521 0.0050647 0.00602623 0.00691692 0.00772489 0.00844611 0.00908185 0.0096367
 0.000530656 0.00119633 0.00205827 0.00303499 0.00405521 0.0050647 0.00602623 0.00691692 0.00772489 0.00844611 0.00908185 0.0096367
 0.000530656 0.00119633 0.00205827 0.00303499 0.00405521 0.0050647 0.00602623 0.00691692 0.00772489 0.00844611 0.00908185 0.0096367
 0.000530656 0.00119633 0.00205827 0.00303499 0.00405521 0.0050647 0.00602623 0.00691692 0.00772489 0.00844611 0.00908185 0.0096367
 0.000530656 0.00119633 0.00205827 0.00303499 0.00405521 0.0050647 0.00602623 0.00691692 0.00772489 0.00844611 0.00908185 0.0096367
 0.000530656 0.00119633 0.00205827 0.00303499 0.00405521 0.0050647 0.00602623 0.00691692 0.00772489 0.00844611 0.00908185 0.0096367
 0.000530656 0.00119633 0.00205827 0.00303499 0.00405521 0.0050647 0.00602623 0.00691692 0.00772489 0.00844611 0.00908185 0.0096367
 0.000530656 0.00119633 0.00205827 0.00303499 0.00405521 0.0050647 0.00602623 0.00691692 0.00772489 0.00844611 0.00908185 0.0096367
 0.000530656 0.00119633 0.00205827 0.00303499 0.00405521 0.0050647 0.00602623 0.00691692 0.00772489 0.00844611 0.00908185 0.0096367
 0.000530656 0.00119633 0.00205827 0.00303499 0.00405521 0.0050647 0.00602623 0.00691692 0.00772489 0.00844611 0.00908185 0.0096367
 0.000530656 0.00119633 0.00205827 0.00303499 0.00405521 0.0050647 0.00602623 0.00691692 0.00772489 0.00844611 0.00908185 0.0096367
 0.000530656 0.00119633 0.00205827 0.00303499 0.00405521 0.0050647 0.00602623 0.00691692 0.00772489 0.00844611 0.00908185 0.0096367
 0.000530656 0.00119633 0.00205827 0.00303499 0.00405521 0.0050647 0.00602623 0.00691692 0.00772489 0.00844611 0.00908185 0.0096367
 0.000530656 0.00119633 0.00205827 0.00303499 0.00405521 0.0050647 0.00602623 0.00691692 0.00772489 0.00844611 0.00908185 0.0096367
 0.000530656 0.00119633 0.00205827 0.00303499 0.00405521 0.0050647 0.00602623 0.00691692 0.00772489 0.00844611 0.00908185 0.0096367
 0.000530656 0.00119633 0.00205827 0.00303499 0.00405521 0.0050647 0.00602623 0.00691692 0.00772489 0.00844611 0.00908185 0.0096367
 0.000530656 0.00119633 0.00205827 0.00303499 0.00405521 0.0050647 0.00602623 0.00691692 0.00772489 0.00844611 0.00908185 0.0096367
 0.000530656 0.00119633 0.00205827 0.00303499 0.00405521 0.0050647 0.00602623 0.00691692 0.00772489 0.00844611 0.00908185 0.0096367
 0.000530656 0.00119633 0.00205827 0.00303499 0.00405521 0.0050647 0.00602623 0.00691692 0.00772489 0.00844611 0.00908185 0.0096367
 0.000530656 0.00119633 0.00205827 0.00303499 0.00405521 0.0050647 0.00602623 0.00691692 0.00772489 0.00844611 0.00908185 0.0096367
 0.000530656 0.00119633 0.00205827 0.00303499 0.00405521 0.0050647 0.00602623 0.00691692 0.00772489 0.00844611 0.00908185 0.0096367
 0.000530656 0.00119633 0.00205827 0.00303499 0.00405521 0.0050647 0.00602623 0.00691692 0.00772489 0.00844611 0.00908185 0.0096367
 0.000530656 0.00119633 0.00205827 0.00303499 0.00405521 0.0050647 0.00602623 0.00691692 0.00772489 0.00844611 0.00908185 0.0096367
# nyrs_ind_age
 30
# yrs_ind_age
 1 2 3 4 5 6 7 8 9 10 11 12 13 14 15 16 17 18 19 20 21 22 23 24 25 26 27 28 29 30
# n_sample_ind_age
 200 200 200 200 200 200 200 200 200 200 200 200 200 200 200 200 200 200 200 200 200 200 200 200 200 200 200 200 200 200
# oac_ind
 0.055 0.14 0.105 0.125 0.08 0.12 0.04 0.095 0.05 0.035 0.025 0.13
 0.075 0.14 0.18 0.055 0.125 0.105 0.06 0.05 0.035 0.03 0.035 0.11
 0.045 0.14 0.19 0.105 0.09 0.085 0.065 0.055 0.035 0.06 0.01 0.12
 0.07 0.155 0.145 0.12 0.1 0.05 0.08 0.04 0.035 0.045 0.025 0.135
 0.06 0.155 0.165 0.13 0.095 0.075 0.075 0.045 0.025 0.045 0.025 0.105
 0.06 0.13 0.225 0.125 0.085 0.065 0.05 0.055 0.03 0.02 0.025 0.13
 0.05 0.085 0.2 0.2 0.105 0.085 0.055 0.04 0.045 0.035 0.02 0.08
 0.09 0.115 0.13 0.18 0.12 0.075 0.07 0.045 0.04 0.02 0.015 0.1
 0.095 0.205 0.12 0.13 0.1 0.1 0.03 0.035 0.025 0.01 0.015 0.135
 0.065 0.235 0.18 0.045 0.08 0.08 0.1 0.02 0.04 0.04 0.01 0.105
 0.09 0.145 0.185 0.115 0.075 0.09 0.075 0.065 0.045 0.03 0.025 0.06
 0.04 0.165 0.175 0.2 0.085 0.04 0.085 0.035 0.055 0.025 0.025 0.07
 0.06 0.165 0.215 0.125 0.1 0.065 0.05 0.04 0.015 0.045 0.055 0.065
 0.085 0.21 0.145 0.155 0.085 0.09 0.085 0.02 0.035 0.005 0.015 0.07
 0.1 0.225 0.16 0.1 0.115 0.065 0.07 0.015 0.05 0.015 0.03 0.055
 0.145 0.13 0.2 0.165 0.07 0.09 0.045 0.035 0.035 0.025 0.01 0.05
 0.125 0.225 0.19 0.14 0.08 0.065 0.045 0.035 0.025 0.02 0.005 0.045
 0.085 0.185 0.215 0.115 0.105 0.08 0.05 0.04 0.01 0.03 0.015 0.07
 0.04 0.15 0.2 0.17 0.115 0.12 0.05 0.035 0.025 0.005 0.025 0.065
 0.14 0.185 0.185 0.145 0.11 0.05 0.095 0.025 0.015 0.015 0.015 0.02
 0.095 0.235 0.135 0.12 0.13 0.07 0.07 0.045 0.035 0.035 0.005 0.025
 0.085 0.2 0.225 0.115 0.115 0.06 0.055 0.06 0.03 0.005 0.015 0.035
 0.135 0.155 0.295 0.18 0.07 0.035 0.045 0.01 0.01 0.01 0.015 0.04
 0.115 0.265 0.185 0.155 0.115 0.05 0.035 0.035 0.005 0.01 0.005 0.025
 0.135 0.265 0.185 0.075 0.145 0.08 0.035 0.015 0.015 0.015 0.015 0.02
 0.12 0.3 0.21 0.175 0.055 0.08 0.015 0.015 0.005 0.01 0.005 0.01
 0.105 0.175 0.275 0.12 0.115 0.065 0.055 0.04 0.02 0.01 0.01 0.01
 0.135 0.195 0.18 0.24 0.075 0.075 0.035 0.035 0.015 0.005 0 0.01
 0.155 0.295 0.175 0.165 0.065 0.04 0.04 0.02 0.02 0.01 0 0.015
 0.145 0.315 0.22 0.12 0.055 0.08 0.03 0.035 0 0 0 0
# olc_ind

# obs_lse_ind
 0.198042 0.198042 0.198042 0.198042 0.198042 0.198042 0.198042 0.198042 0.198042 0.198042 0.198042 0.198042 0.198042 0.198042 0.198042 0.198042 0.198042 0.198042 0.198042 0.198042 0.198042 0.198042 0.198042 0.198042 0.198042 0.198042 0.198042 0.198042 0.198042 0.198042
# xages_fsh
 0 0 0 0 0 0 0 0 0 0 0 0
# xages_fsh
 0 0.0909091 0.181818 0.272727 0.363636 0.454545 0.545455 0.636364 0.727273 0.818182 0.909091 1
# xnodes_fsh

Yrs fsh_sel change:  1 0 0 0 0 0 0 0 0 0 0 0 0 0 0 0 0 0 0 0 0 0 0 0 0 0 0 0 0
Yrs ind_sel change:  1 0 0 0 0 0 0 0 0 0 0 0 0 0 0 0 0 0 0 0 0 0 0 0 0 0 0 0 0
# steepnessprior
0.75
# sigmarprior
0.2
#  SSB estimated in styr endyr: -13 28 
#  Rec estimated in styr endyr: -11 30 
#  SR Curve fit  in styr endyr: 1 30 
#             Model styr endyr: 1 30 
# qprior
 3.48998e-007
# q_power_prior 
 1 
# cv_catchbiomass 
0.05 
# CatchbiomassPen 
200 
# Number of projection years 
5 
# offset_fsh
 13421.6
# offset_ind
 13234.2
Mean Catch
1272.13
R_guess 
15.4086
# nfsh
1
# n_sel_ch_fsh
 1
# nselages_fsh
 11
# phase_selcoff_fsh
 -1
logRzero 15.4086
logmeanrec 15.4086
exp(log_sigmarprior 0.2
Fish sel phase: -1 FLEET1
Fixing fishery sel to
1
Srvy sel phase: -1
Fixing SURVEY1 indices sel to
1
# logsel_slp_in_indv
 0.693147
Leaving parameter init secton
# M
 0.2 0.2 0.2 0.2 0.2 0.2 0.2 0.2 0.2 0.2 0.2 0.2
 0.2 0.2 0.2 0.2 0.2 0.2 0.2 0.2 0.2 0.2 0.2 0.2
 0.2 0.2 0.2 0.2 0.2 0.2 0.2 0.2 0.2 0.2 0.2 0.2
 0.2 0.2 0.2 0.2 0.2 0.2 0.2 0.2 0.2 0.2 0.2 0.2
 0.2 0.2 0.2 0.2 0.2 0.2 0.2 0.2 0.2 0.2 0.2 0.2
 0.2 0.2 0.2 0.2 0.2 0.2 0.2 0.2 0.2 0.2 0.2 0.2
 0.2 0.2 0.2 0.2 0.2 0.2 0.2 0.2 0.2 0.2 0.2 0.2
 0.2 0.2 0.2 0.2 0.2 0.2 0.2 0.2 0.2 0.2 0.2 0.2
 0.2 0.2 0.2 0.2 0.2 0.2 0.2 0.2 0.2 0.2 0.2 0.2
 0.2 0.2 0.2 0.2 0.2 0.2 0.2 0.2 0.2 0.2 0.2 0.2
 0.2 0.2 0.2 0.2 0.2 0.2 0.2 0.2 0.2 0.2 0.2 0.2
 0.2 0.2 0.2 0.2 0.2 0.2 0.2 0.2 0.2 0.2 0.2 0.2
 0.2 0.2 0.2 0.2 0.2 0.2 0.2 0.2 0.2 0.2 0.2 0.2
 0.2 0.2 0.2 0.2 0.2 0.2 0.2 0.2 0.2 0.2 0.2 0.2
 0.2 0.2 0.2 0.2 0.2 0.2 0.2 0.2 0.2 0.2 0.2 0.2
 0.2 0.2 0.2 0.2 0.2 0.2 0.2 0.2 0.2 0.2 0.2 0.2
 0.2 0.2 0.2 0.2 0.2 0.2 0.2 0.2 0.2 0.2 0.2 0.2
 0.2 0.2 0.2 0.2 0.2 0.2 0.2 0.2 0.2 0.2 0.2 0.2
 0.2 0.2 0.2 0.2 0.2 0.2 0.2 0.2 0.2 0.2 0.2 0.2
 0.2 0.2 0.2 0.2 0.2 0.2 0.2 0.2 0.2 0.2 0.2 0.2
 0.2 0.2 0.2 0.2 0.2 0.2 0.2 0.2 0.2 0.2 0.2 0.2
 0.2 0.2 0.2 0.2 0.2 0.2 0.2 0.2 0.2 0.2 0.2 0.2
 0.2 0.2 0.2 0.2 0.2 0.2 0.2 0.2 0.2 0.2 0.2 0.2
 0.2 0.2 0.2 0.2 0.2 0.2 0.2 0.2 0.2 0.2 0.2 0.2
 0.2 0.2 0.2 0.2 0.2 0.2 0.2 0.2 0.2 0.2 0.2 0.2
 0.2 0.2 0.2 0.2 0.2 0.2 0.2 0.2 0.2 0.2 0.2 0.2
 0.2 0.2 0.2 0.2 0.2 0.2 0.2 0.2 0.2 0.2 0.2 0.2
 0.2 0.2 0.2 0.2 0.2 0.2 0.2 0.2 0.2 0.2 0.2 0.2
 0.2 0.2 0.2 0.2 0.2 0.2 0.2 0.2 0.2 0.2 0.2 0.2
 0.2 0.2 0.2 0.2 0.2 0.2 0.2 0.2 0.2 0.2 0.2 0.2
# mean_log_rec
13.7805
# log_Rzero
13.8137
# rec_dev
 -0.0709501 -0.0854324 -0.0561852 0.0248866 -0.0486377 0.0549523 -0.10032 0.089837 -0.0184691 0.0672031 -0.0106311 0.054737 0.0976834 0.11621 0.010911 0.382382 0.195505 0.02736 -0.256125 0.105241 0.228434 -0.038648 0.0753504 -0.177416 -0.101553 0.154743 0.00203121 0.154565 0.0562287 -0.266828 -0.391352 -0.0283205 -0.00256386 -0.418295 -0.154291 -0.334583 -0.150942 -0.523789 -0.413805 -0.166487 -0.120627 -0.101511
# fmort
 0.00897537 0.0260541 0.0432282 0.0587685 0.0467979 0.0837474 0.085186 0.180113 0.104986 0.125723 0.143704 0.153911 0.111492 0.163421 0.174406 0.156625 0.30632 0.253283 0.250559 0.24559 0.339927 0.249321 0.409058 0.332295 0.324075 0.295592 0.289157 0.402276 0.306612 0.475923
# rec_dev_future
 0 0 0 0 0
