AMAK;Mar 2020
# styr
1
# endyr
30
# rec_age
1
# oldest_age
12
# nlength
81
# len_bins
 10 11 12 13 14 15 16 17 18 19 20 21 22 23 24 25 26 27 28 29 30 31 32 33 34 35 36 37 38 39 40 41 42 43 44 45 46 47 48 49 50 51 52 53 54 55 56 57 58 59 60 61 62 63 64 65 66 67 68 69 70 71 72 73 74 75 76 77 78 79 80 81 82 83 84 85 86 87 88 89 90
# datafile_name
amak_data.dat
# model_name
AMAK_MCP
# styr
1
# endyr
30
# rec_age
1
# oldest_age
12
# nfsh
1
# fshname
FLEET1
# catch_bio_in
 161.426 461.902 737.268 933.396 706.528 1241.65 1240.82 2570.23 1433.86 1699.63 1861.6 1875.79 1277.25 1737.58 1698.36 1426.93 2509.24 1764.16 1595.44 1508.19 2012.88 1341.29 1994.16 1460.31 1415.43 1331.19 1354.44 1804.77 1246.52 1695.89
# catch_bio_sd_in
 0.01 0.01 0.01 0.01 0.01 0.01 0.01 0.01 0.01 0.01 0.01 0.01 0.01 0.01 0.01 0.01 0.01 0.01 0.01 0.01 0.01 0.01 0.01 0.01 0.01 0.01 0.01 0.01 0.01 0.01
# nyrs_fsh_age
 30
# nyrs_fsh_length
 0
# yrs_fsh_age_in
 1 2 3 4 5 6 7 8 9 10 11 12 13 14 15 16 17 18 19 20 21 22 23 24 25 26 27 28 29 30
# yrs_fsh_length_in

# n_sample_fsh_length_in

# olc_fsh_in

# nind
1
# indname
SURVEY1
# nyrs_ind
 30
# yrs_ind_in
 1 2 3 4 5 6 7 8 9 10 11 12 13 14 15 16 17 18 19 20 21 22 23 24 25 26 27 28 29 30
# mo_ind
 1
# obs_ind_in
 1.14125 1.43703 1.17717 1.32971 1.06769 1.35128 1.46918 1.59016 1.47508 1.52821 1.28106 0.970128 0.96892 0.965985 1.03765 0.841903 0.947891 0.720549 0.877083 0.88005 0.852099 0.825055 0.640421 0.607176 0.697966 0.830727 0.652763 0.654808 0.502062 0.479124
# obs_se_ind_in
 0.22825 0.287405 0.235434 0.265942 0.213539 0.270255 0.293836 0.318031 0.295016 0.305643 0.256211 0.194026 0.193784 0.193197 0.207529 0.168381 0.189578 0.14411 0.175417 0.17601 0.17042 0.165011 0.128084 0.121435 0.139593 0.166145 0.130553 0.130962 0.100412 0.0958248
# nyrs_ind_age
 30
# nyrs_ind_length
 0
# yrs_ind_age_in
 1 2 3 4 5 6 7 8 9 10 11 12 13 14 15 16 17 18 19 20 21 22 23 24 25 26 27 28 29 30
# yrs_ind_length_in

# yrs_ind_age_in
 1 2 3 4 5 6 7 8 9 10 11 12 13 14 15 16 17 18 19 20 21 22 23 24 25 26 27 28 29 30
# n_sample_ind_length_in

# olc_ind_in

# oac_ind_in
 0.045 0.13 0.155 0.135 0.06 0.085 0.06 0.075 0.085 0.02 0.015 0.135
 0.045 0.13 0.185 0.105 0.095 0.06 0.055 0.06 0.05 0.03 0.025 0.16
 0.035 0.115 0.115 0.125 0.1 0.115 0.055 0.055 0.05 0.065 0.025 0.145
 0.07 0.095 0.09 0.155 0.14 0.105 0.075 0.075 0.035 0.03 0.035 0.095
 0.18 0.075 0.085 0.085 0.095 0.135 0.065 0.09 0.045 0.015 0.02 0.11
 0.1 0.265 0.115 0.03 0.06 0.065 0.07 0.05 0.055 0.045 0.025 0.12
 0.085 0.2 0.31 0.06 0.045 0.02 0.055 0.045 0.03 0.03 0.005 0.115
 0.095 0.11 0.3 0.2 0.035 0.035 0.03 0.035 0.04 0.03 0.035 0.055
 0.045 0.165 0.205 0.195 0.17 0.03 0.015 0.03 0.035 0.015 0.025 0.07
 0.1 0.1 0.19 0.135 0.16 0.155 0.025 0.02 0.02 0.02 0.015 0.06
 0.055 0.25 0.14 0.115 0.09 0.11 0.1 0.025 0.04 0.005 0.005 0.065
 0.05 0.15 0.275 0.105 0.085 0.07 0.09 0.07 0.02 0.01 0.01 0.065
 0.065 0.145 0.15 0.185 0.065 0.095 0.08 0.07 0.06 0.015 0.01 0.06
 0.13 0.145 0.135 0.13 0.15 0.075 0.04 0.045 0.055 0.035 0.01 0.05
 0.07 0.19 0.17 0.08 0.105 0.13 0.065 0.05 0.045 0.035 0.01 0.05
 0.135 0.12 0.22 0.085 0.07 0.07 0.09 0.05 0.05 0.015 0.035 0.06
 0.02 0.245 0.185 0.2 0.085 0.045 0.05 0.06 0.035 0.02 0 0.055
 0.1 0.095 0.335 0.11 0.11 0.025 0.035 0.04 0.05 0.015 0.02 0.065
 0.17 0.19 0.075 0.26 0.065 0.045 0.025 0.035 0.01 0.04 0.01 0.075
 0.13 0.34 0.175 0.07 0.11 0.05 0.045 0.02 0.01 0.005 0.015 0.03
 0.055 0.225 0.335 0.135 0.02 0.13 0.02 0.01 0.015 0 0 0.055
 0.085 0.09 0.275 0.285 0.1 0.015 0.065 0.02 0.025 0.005 0.025 0.01
 0.16 0.12 0.13 0.205 0.205 0.085 0.03 0.03 0.02 0.01 0 0.005
 0.06 0.425 0.125 0.07 0.105 0.12 0.035 0 0.025 0.01 0.01 0.015
 0.22 0.18 0.38 0.055 0.025 0.07 0.025 0.03 0 0.005 0 0.01
 0.11 0.415 0.135 0.185 0.03 0.025 0.005 0.045 0.03 0.01 0.01 0
 0.11 0.2 0.37 0.105 0.13 0.01 0.01 0.025 0.01 0.015 0.005 0.01
 0.115 0.18 0.2 0.29 0.075 0.11 0 0.005 0.015 0.01 0 0
 0.075 0.235 0.24 0.12 0.185 0.04 0.045 0.02 0.01 0.005 0.02 0.005
 0.195 0.125 0.245 0.12 0.125 0.125 0.03 0.01 0.01 0 0.015 0
# wt_ind
 1 1 1 1 1 1 1 1 1 1 1 1
 1 1 1 1 1 1 1 1 1 1 1 1
 1 1 1 1 1 1 1 1 1 1 1 1
 1 1 1 1 1 1 1 1 1 1 1 1
 1 1 1 1 1 1 1 1 1 1 1 1
 1 1 1 1 1 1 1 1 1 1 1 1
 1 1 1 1 1 1 1 1 1 1 1 1
 1 1 1 1 1 1 1 1 1 1 1 1
 1 1 1 1 1 1 1 1 1 1 1 1
 1 1 1 1 1 1 1 1 1 1 1 1
 1 1 1 1 1 1 1 1 1 1 1 1
 1 1 1 1 1 1 1 1 1 1 1 1
 1 1 1 1 1 1 1 1 1 1 1 1
 1 1 1 1 1 1 1 1 1 1 1 1
 1 1 1 1 1 1 1 1 1 1 1 1
 1 1 1 1 1 1 1 1 1 1 1 1
 1 1 1 1 1 1 1 1 1 1 1 1
 1 1 1 1 1 1 1 1 1 1 1 1
 1 1 1 1 1 1 1 1 1 1 1 1
 1 1 1 1 1 1 1 1 1 1 1 1
 1 1 1 1 1 1 1 1 1 1 1 1
 1 1 1 1 1 1 1 1 1 1 1 1
 1 1 1 1 1 1 1 1 1 1 1 1
 1 1 1 1 1 1 1 1 1 1 1 1
 1 1 1 1 1 1 1 1 1 1 1 1
 1 1 1 1 1 1 1 1 1 1 1 1
 1 1 1 1 1 1 1 1 1 1 1 1
 1 1 1 1 1 1 1 1 1 1 1 1
 1 1 1 1 1 1 1 1 1 1 1 1
 1 1 1 1 1 1 1 1 1 1 1 1
# wt_pop
 0.000530656 0.00119633 0.00205827 0.00303499 0.00405521 0.0050647 0.00602623 0.00691692 0.00772489 0.00844611 0.00908185 0.0096367
# maturity
 0.0229774 0.320821 0.904651 0.99478 0.999739 0.999987 0.999999 1 1 1 1 1
# spawnmo
1
# age_err
 1 0 0 0 0 0 0 0 0 0 0 0
 0 1 0 0 0 0 0 0 0 0 0 0
 0 0 1 0 0 0 0 0 0 0 0 0
 0 0 0 1 0 0 0 0 0 0 0 0
 0 0 0 0 1 0 0 0 0 0 0 0
 0 0 0 0 0 1 0 0 0 0 0 0
 0 0 0 0 0 0 1 0 0 0 0 0
 0 0 0 0 0 0 0 1 0 0 0 0
 0 0 0 0 0 0 0 0 1 0 0 0
 0 0 0 0 0 0 0 0 0 1 0 0
 0 0 0 0 0 0 0 0 0 0 1 0
 0 0 0 0 0 0 0 0 0 0 0 1
# cntrlfile_name
C:\Users\bai.li\DOCUME~1\Github\AGE_ST~2\ASSAMC\example\C2\output\AMAK\s3\amak.dat
# Map shared selectivity: 
# sel_map
 1 2
 1 1
# datafile_name
amak_data.dat
# model_name
AMAK_MCP
# SrType
2
# use_age_err
0
# retro
0
# sigmarprior
0.6
# cvsigmarprior
0.65
# phase_sigmar
-3
# styr_rec_est
1
# endyr_rec_est
30
# Linfprior
80
# cvLinfprior
0.25
# kprior
0.18
# cvkprior
0.25
# Loprior
27.688
# cvLoprior
0.25
# sdageprior
0.1
# cvsdageprior
0.25
# natmortprior
0.2
# cvnatmortprior
0.25
# phase_M
-4
# npars_Mage
0
# ages_M_changes

# Mage_in

# Mage_offset_in

# phase_Mage
-5
# phase_rw_M
0
# npars_rw_M
0
# yrs_rw_M

# sigma_rw_M

# qprior
 3.48998e-007
# cvqprior
 1
# phase_q
 1
# q_power_prior
 1
# cvq_power_prior
 0.2
# phase_q_power
 -4
# phase_rw_q
 -1
# npars_rw_q
 0
# yrs_rw_q

# sigma_rw_q

# q_age_min
 1
# q_age_max
 12
# q_age_min
 1
# q_age_max
 12
# fsh_sel_opt(k)
2
# phase_sel_fsh(k)
2
# n_sel_ch_fsh(k)
1
# sel_slp_in_fsh(k)(1,n_sel_ch_fsh(k))
 1
# sel_inf_in_fsh(k)(1,n_sel_ch_fsh(k))
 2
# logsel_slp_in_fsh(k)(1,n_sel_ch_fsh(k))
 0
# yrs_sel_ch_fsh(k)(1,n_sel_ch_fsh(k))
 1

Survey SURVEY1
# ind_sel_opt(k)
2
# indname(k)
SURVEY1
# nselages_in_ind(k)
11
# phase_sel_ind(k)
2
# sel_change_in_ind(k)
 1 0 0 0 0 0 0 0 0 0 0 0 0 0 0 0 0 0 0 0 0 0 0 0 0 0 0 0 0 0
# n_sel_ch_ind(k)
1
# yrs_sel_ch_ind(k)(1,n_sel_ch_ind(k))
 1
# sel_slp_in_ind(k,1)
2
# sel_inf_in_ind(k,1)
1.5
# logsel_slp_in_ind(k,1)
0.693147
# logsel_slp_in_indv(k)
0.693147
SURVEY1 ind sel opt 2  1 0 0 0 0 0 0 0 0 0 0 0 0 0 0 0 0 0 0 0 0 0 0 0 0 0 0 0 0 0
Phase indices Sel_Coffs:  -1
 Test: 1.23457e+008
# Fshry Selages:  11
# Srvy  Selages:  11
# Phase for age-spec fishery  -1
# Phase for logistic fishery  2
# Phase for dble logistic fishery  -1
# Phase for age-spec indices   -1
# Phase for logistic indices   2
# Phase for dble logistic ind  -1
# Curv_pen_fsh: 
 0
# Curv_pen_ind: 
 0
# styr_fut
31
# endyr_fut
35
# nyrs_fsh_age
 30
# nyrs_fsh_age
 30
# yrs_fsh_age
 1 2 3 4 5 6 7 8 9 10 11 12 13 14 15 16 17 18 19 20 21 22 23 24 25 26 27 28 29 30
# n_sample_fsh_age
 200 200 200 200 200 200 200 200 200 200 200 200 200 200 200 200 200 200 200 200 200 200 200 200 200 200 200 200 200 200
# oac_fsh
 0.08 0.115 0.13 0.12 0.135 0.11 0.075 0.03 0.04 0.055 0.015 0.095
 0.045 0.115 0.14 0.105 0.11 0.07 0.07 0.065 0.055 0.04 0.05 0.135
 0.065 0.095 0.15 0.11 0.13 0.1 0.065 0.065 0.04 0.035 0.015 0.13
 0.06 0.065 0.145 0.135 0.11 0.085 0.05 0.07 0.035 0.065 0.025 0.155
 0.19 0.025 0.075 0.1 0.1 0.11 0.065 0.035 0.07 0.05 0.04 0.14
 0.105 0.245 0.065 0.065 0.095 0.07 0.03 0.065 0.055 0.05 0.04 0.115
 0.065 0.16 0.265 0.04 0.055 0.04 0.075 0.05 0.045 0.055 0.04 0.11
 0.1 0.125 0.215 0.235 0.05 0.05 0.03 0.035 0.025 0.035 0.02 0.08
 0.085 0.12 0.14 0.15 0.205 0.045 0.045 0.02 0.035 0.03 0.03 0.095
 0.13 0.12 0.12 0.175 0.14 0.09 0.015 0.025 0.04 0.03 0.045 0.07
 0.085 0.19 0.115 0.09 0.085 0.14 0.16 0.015 0.02 0.025 0.02 0.055
 0.08 0.105 0.2 0.12 0.12 0.06 0.1 0.08 0.02 0.01 0.005 0.1
 0.085 0.075 0.14 0.175 0.08 0.065 0.095 0.09 0.065 0.025 0.02 0.085
 0.12 0.095 0.095 0.15 0.16 0.1 0.085 0.02 0.065 0.04 0.01 0.06
 0.05 0.2 0.1 0.07 0.085 0.19 0.09 0.05 0.03 0.04 0.055 0.04
 0.175 0.13 0.205 0.1 0.075 0.055 0.09 0.04 0.055 0.03 0.02 0.025
 0.045 0.2 0.165 0.2 0.065 0.035 0.07 0.075 0.045 0.03 0.01 0.06
 0.09 0.06 0.35 0.13 0.17 0.015 0.05 0.025 0.05 0.01 0.005 0.045
 0.165 0.145 0.065 0.225 0.11 0.135 0.04 0.025 0.02 0.02 0.01 0.04
 0.145 0.25 0.2 0.035 0.18 0.04 0.045 0.03 0 0.025 0.03 0.02
 0.085 0.145 0.3 0.13 0.05 0.11 0.05 0.025 0.015 0.02 0.015 0.055
 0.075 0.14 0.225 0.26 0.105 0.025 0.08 0.03 0.02 0.005 0.005 0.03
 0.205 0.085 0.095 0.18 0.18 0.085 0.015 0.065 0.04 0.02 0 0.03
 0.11 0.43 0.09 0.085 0.08 0.11 0.035 0.005 0.035 0.01 0.005 0.005
 0.245 0.11 0.34 0.065 0.055 0.055 0.06 0.02 0 0.025 0.01 0.015
 0.1 0.335 0.135 0.225 0.07 0.035 0.025 0.045 0.01 0 0.015 0.005
 0.12 0.185 0.395 0.065 0.15 0.015 0.015 0.015 0.02 0.005 0.005 0.01
 0.125 0.17 0.16 0.265 0.07 0.13 0.015 0.005 0.02 0.015 0 0.025
 0.08 0.21 0.18 0.165 0.2 0.035 0.085 0.015 0.01 0.005 0 0.015
 0.305 0.135 0.165 0.12 0.1 0.095 0.035 0.015 0 0.005 0.01 0.015
# olc_fsh

# wt_fsh
 0.000530656 0.00119633 0.00205827 0.00303499 0.00405521 0.0050647 0.00602623 0.00691692 0.00772489 0.00844611 0.00908185 0.0096367
 0.000530656 0.00119633 0.00205827 0.00303499 0.00405521 0.0050647 0.00602623 0.00691692 0.00772489 0.00844611 0.00908185 0.0096367
 0.000530656 0.00119633 0.00205827 0.00303499 0.00405521 0.0050647 0.00602623 0.00691692 0.00772489 0.00844611 0.00908185 0.0096367
 0.000530656 0.00119633 0.00205827 0.00303499 0.00405521 0.0050647 0.00602623 0.00691692 0.00772489 0.00844611 0.00908185 0.0096367
 0.000530656 0.00119633 0.00205827 0.00303499 0.00405521 0.0050647 0.00602623 0.00691692 0.00772489 0.00844611 0.00908185 0.0096367
 0.000530656 0.00119633 0.00205827 0.00303499 0.00405521 0.0050647 0.00602623 0.00691692 0.00772489 0.00844611 0.00908185 0.0096367
 0.000530656 0.00119633 0.00205827 0.00303499 0.00405521 0.0050647 0.00602623 0.00691692 0.00772489 0.00844611 0.00908185 0.0096367
 0.000530656 0.00119633 0.00205827 0.00303499 0.00405521 0.0050647 0.00602623 0.00691692 0.00772489 0.00844611 0.00908185 0.0096367
 0.000530656 0.00119633 0.00205827 0.00303499 0.00405521 0.0050647 0.00602623 0.00691692 0.00772489 0.00844611 0.00908185 0.0096367
 0.000530656 0.00119633 0.00205827 0.00303499 0.00405521 0.0050647 0.00602623 0.00691692 0.00772489 0.00844611 0.00908185 0.0096367
 0.000530656 0.00119633 0.00205827 0.00303499 0.00405521 0.0050647 0.00602623 0.00691692 0.00772489 0.00844611 0.00908185 0.0096367
 0.000530656 0.00119633 0.00205827 0.00303499 0.00405521 0.0050647 0.00602623 0.00691692 0.00772489 0.00844611 0.00908185 0.0096367
 0.000530656 0.00119633 0.00205827 0.00303499 0.00405521 0.0050647 0.00602623 0.00691692 0.00772489 0.00844611 0.00908185 0.0096367
 0.000530656 0.00119633 0.00205827 0.00303499 0.00405521 0.0050647 0.00602623 0.00691692 0.00772489 0.00844611 0.00908185 0.0096367
 0.000530656 0.00119633 0.00205827 0.00303499 0.00405521 0.0050647 0.00602623 0.00691692 0.00772489 0.00844611 0.00908185 0.0096367
 0.000530656 0.00119633 0.00205827 0.00303499 0.00405521 0.0050647 0.00602623 0.00691692 0.00772489 0.00844611 0.00908185 0.0096367
 0.000530656 0.00119633 0.00205827 0.00303499 0.00405521 0.0050647 0.00602623 0.00691692 0.00772489 0.00844611 0.00908185 0.0096367
 0.000530656 0.00119633 0.00205827 0.00303499 0.00405521 0.0050647 0.00602623 0.00691692 0.00772489 0.00844611 0.00908185 0.0096367
 0.000530656 0.00119633 0.00205827 0.00303499 0.00405521 0.0050647 0.00602623 0.00691692 0.00772489 0.00844611 0.00908185 0.0096367
 0.000530656 0.00119633 0.00205827 0.00303499 0.00405521 0.0050647 0.00602623 0.00691692 0.00772489 0.00844611 0.00908185 0.0096367
 0.000530656 0.00119633 0.00205827 0.00303499 0.00405521 0.0050647 0.00602623 0.00691692 0.00772489 0.00844611 0.00908185 0.0096367
 0.000530656 0.00119633 0.00205827 0.00303499 0.00405521 0.0050647 0.00602623 0.00691692 0.00772489 0.00844611 0.00908185 0.0096367
 0.000530656 0.00119633 0.00205827 0.00303499 0.00405521 0.0050647 0.00602623 0.00691692 0.00772489 0.00844611 0.00908185 0.0096367
 0.000530656 0.00119633 0.00205827 0.00303499 0.00405521 0.0050647 0.00602623 0.00691692 0.00772489 0.00844611 0.00908185 0.0096367
 0.000530656 0.00119633 0.00205827 0.00303499 0.00405521 0.0050647 0.00602623 0.00691692 0.00772489 0.00844611 0.00908185 0.0096367
 0.000530656 0.00119633 0.00205827 0.00303499 0.00405521 0.0050647 0.00602623 0.00691692 0.00772489 0.00844611 0.00908185 0.0096367
 0.000530656 0.00119633 0.00205827 0.00303499 0.00405521 0.0050647 0.00602623 0.00691692 0.00772489 0.00844611 0.00908185 0.0096367
 0.000530656 0.00119633 0.00205827 0.00303499 0.00405521 0.0050647 0.00602623 0.00691692 0.00772489 0.00844611 0.00908185 0.0096367
 0.000530656 0.00119633 0.00205827 0.00303499 0.00405521 0.0050647 0.00602623 0.00691692 0.00772489 0.00844611 0.00908185 0.0096367
 0.000530656 0.00119633 0.00205827 0.00303499 0.00405521 0.0050647 0.00602623 0.00691692 0.00772489 0.00844611 0.00908185 0.0096367
# nyrs_ind_age
 30
# yrs_ind_age
 1 2 3 4 5 6 7 8 9 10 11 12 13 14 15 16 17 18 19 20 21 22 23 24 25 26 27 28 29 30
# n_sample_ind_age
 200 200 200 200 200 200 200 200 200 200 200 200 200 200 200 200 200 200 200 200 200 200 200 200 200 200 200 200 200 200
# oac_ind
 0.045 0.13 0.155 0.135 0.06 0.085 0.06 0.075 0.085 0.02 0.015 0.135
 0.045 0.13 0.185 0.105 0.095 0.06 0.055 0.06 0.05 0.03 0.025 0.16
 0.035 0.115 0.115 0.125 0.1 0.115 0.055 0.055 0.05 0.065 0.025 0.145
 0.07 0.095 0.09 0.155 0.14 0.105 0.075 0.075 0.035 0.03 0.035 0.095
 0.18 0.075 0.085 0.085 0.095 0.135 0.065 0.09 0.045 0.015 0.02 0.11
 0.1 0.265 0.115 0.03 0.06 0.065 0.07 0.05 0.055 0.045 0.025 0.12
 0.085 0.2 0.31 0.06 0.045 0.02 0.055 0.045 0.03 0.03 0.005 0.115
 0.095 0.11 0.3 0.2 0.035 0.035 0.03 0.035 0.04 0.03 0.035 0.055
 0.045 0.165 0.205 0.195 0.17 0.03 0.015 0.03 0.035 0.015 0.025 0.07
 0.1 0.1 0.19 0.135 0.16 0.155 0.025 0.02 0.02 0.02 0.015 0.06
 0.055 0.25 0.14 0.115 0.09 0.11 0.1 0.025 0.04 0.005 0.005 0.065
 0.05 0.15 0.275 0.105 0.085 0.07 0.09 0.07 0.02 0.01 0.01 0.065
 0.065 0.145 0.15 0.185 0.065 0.095 0.08 0.07 0.06 0.015 0.01 0.06
 0.13 0.145 0.135 0.13 0.15 0.075 0.04 0.045 0.055 0.035 0.01 0.05
 0.07 0.19 0.17 0.08 0.105 0.13 0.065 0.05 0.045 0.035 0.01 0.05
 0.135 0.12 0.22 0.085 0.07 0.07 0.09 0.05 0.05 0.015 0.035 0.06
 0.02 0.245 0.185 0.2 0.085 0.045 0.05 0.06 0.035 0.02 0 0.055
 0.1 0.095 0.335 0.11 0.11 0.025 0.035 0.04 0.05 0.015 0.02 0.065
 0.17 0.19 0.075 0.26 0.065 0.045 0.025 0.035 0.01 0.04 0.01 0.075
 0.13 0.34 0.175 0.07 0.11 0.05 0.045 0.02 0.01 0.005 0.015 0.03
 0.055 0.225 0.335 0.135 0.02 0.13 0.02 0.01 0.015 0 0 0.055
 0.085 0.09 0.275 0.285 0.1 0.015 0.065 0.02 0.025 0.005 0.025 0.01
 0.16 0.12 0.13 0.205 0.205 0.085 0.03 0.03 0.02 0.01 0 0.005
 0.06 0.425 0.125 0.07 0.105 0.12 0.035 0 0.025 0.01 0.01 0.015
 0.22 0.18 0.38 0.055 0.025 0.07 0.025 0.03 0 0.005 0 0.01
 0.11 0.415 0.135 0.185 0.03 0.025 0.005 0.045 0.03 0.01 0.01 0
 0.11 0.2 0.37 0.105 0.13 0.01 0.01 0.025 0.01 0.015 0.005 0.01
 0.115 0.18 0.2 0.29 0.075 0.11 0 0.005 0.015 0.01 0 0
 0.075 0.235 0.24 0.12 0.185 0.04 0.045 0.02 0.01 0.005 0.02 0.005
 0.195 0.125 0.245 0.12 0.125 0.125 0.03 0.01 0.01 0 0.015 0
# olc_ind

# obs_lse_ind
 0.198042 0.198042 0.198042 0.198042 0.198042 0.198042 0.198042 0.198042 0.198042 0.198042 0.198042 0.198042 0.198042 0.198042 0.198042 0.198042 0.198042 0.198042 0.198042 0.198042 0.198042 0.198042 0.198042 0.198042 0.198042 0.198042 0.198042 0.198042 0.198042 0.198042
# xages_fsh
 0 0 0 0 0 0 0 0 0 0 0 0
# xages_fsh
 0 0.0909091 0.181818 0.272727 0.363636 0.454545 0.545455 0.636364 0.727273 0.818182 0.909091 1
# xnodes_fsh

Yrs fsh_sel change:  1 0 0 0 0 0 0 0 0 0 0 0 0 0 0 0 0 0 0 0 0 0 0 0 0 0 0 0 0
Yrs ind_sel change:  1 0 0 0 0 0 0 0 0 0 0 0 0 0 0 0 0 0 0 0 0 0 0 0 0 0 0 0 0
# steepnessprior
0.75
# sigmarprior
0.6
#  SSB estimated in styr endyr: -13 28 
#  Rec estimated in styr endyr: -11 30 
#  SR Curve fit  in styr endyr: 1 30 
#             Model styr endyr: 1 30 
# qprior
 3.48998e-007
# q_power_prior 
 1 
# cv_catchbiomass 
0.05 
# CatchbiomassPen 
200 
# Number of projection years 
5 
# offset_fsh
 13095.8
# offset_ind
 12730
Mean Catch
1469.94
R_guess 
15.5531
# nfsh
1
# n_sel_ch_fsh
 1
# nselages_fsh
 11
# phase_selcoff_fsh
 -1
logRzero 15.5531
logmeanrec 15.5531
exp(log_sigmarprior 0.6
Fish sel phase: -1 FLEET1
Fixing fishery sel to
1
Srvy sel phase: -1
Fixing SURVEY1 indices sel to
1
# logsel_slp_in_indv
 0.693147
Leaving parameter init secton
# M
 0.2 0.2 0.2 0.2 0.2 0.2 0.2 0.2 0.2 0.2 0.2 0.2
 0.2 0.2 0.2 0.2 0.2 0.2 0.2 0.2 0.2 0.2 0.2 0.2
 0.2 0.2 0.2 0.2 0.2 0.2 0.2 0.2 0.2 0.2 0.2 0.2
 0.2 0.2 0.2 0.2 0.2 0.2 0.2 0.2 0.2 0.2 0.2 0.2
 0.2 0.2 0.2 0.2 0.2 0.2 0.2 0.2 0.2 0.2 0.2 0.2
 0.2 0.2 0.2 0.2 0.2 0.2 0.2 0.2 0.2 0.2 0.2 0.2
 0.2 0.2 0.2 0.2 0.2 0.2 0.2 0.2 0.2 0.2 0.2 0.2
 0.2 0.2 0.2 0.2 0.2 0.2 0.2 0.2 0.2 0.2 0.2 0.2
 0.2 0.2 0.2 0.2 0.2 0.2 0.2 0.2 0.2 0.2 0.2 0.2
 0.2 0.2 0.2 0.2 0.2 0.2 0.2 0.2 0.2 0.2 0.2 0.2
 0.2 0.2 0.2 0.2 0.2 0.2 0.2 0.2 0.2 0.2 0.2 0.2
 0.2 0.2 0.2 0.2 0.2 0.2 0.2 0.2 0.2 0.2 0.2 0.2
 0.2 0.2 0.2 0.2 0.2 0.2 0.2 0.2 0.2 0.2 0.2 0.2
 0.2 0.2 0.2 0.2 0.2 0.2 0.2 0.2 0.2 0.2 0.2 0.2
 0.2 0.2 0.2 0.2 0.2 0.2 0.2 0.2 0.2 0.2 0.2 0.2
 0.2 0.2 0.2 0.2 0.2 0.2 0.2 0.2 0.2 0.2 0.2 0.2
 0.2 0.2 0.2 0.2 0.2 0.2 0.2 0.2 0.2 0.2 0.2 0.2
 0.2 0.2 0.2 0.2 0.2 0.2 0.2 0.2 0.2 0.2 0.2 0.2
 0.2 0.2 0.2 0.2 0.2 0.2 0.2 0.2 0.2 0.2 0.2 0.2
 0.2 0.2 0.2 0.2 0.2 0.2 0.2 0.2 0.2 0.2 0.2 0.2
 0.2 0.2 0.2 0.2 0.2 0.2 0.2 0.2 0.2 0.2 0.2 0.2
 0.2 0.2 0.2 0.2 0.2 0.2 0.2 0.2 0.2 0.2 0.2 0.2
 0.2 0.2 0.2 0.2 0.2 0.2 0.2 0.2 0.2 0.2 0.2 0.2
 0.2 0.2 0.2 0.2 0.2 0.2 0.2 0.2 0.2 0.2 0.2 0.2
 0.2 0.2 0.2 0.2 0.2 0.2 0.2 0.2 0.2 0.2 0.2 0.2
 0.2 0.2 0.2 0.2 0.2 0.2 0.2 0.2 0.2 0.2 0.2 0.2
 0.2 0.2 0.2 0.2 0.2 0.2 0.2 0.2 0.2 0.2 0.2 0.2
 0.2 0.2 0.2 0.2 0.2 0.2 0.2 0.2 0.2 0.2 0.2 0.2
 0.2 0.2 0.2 0.2 0.2 0.2 0.2 0.2 0.2 0.2 0.2 0.2
 0.2 0.2 0.2 0.2 0.2 0.2 0.2 0.2 0.2 0.2 0.2 0.2
# mean_log_rec
13.7593
# log_Rzero
13.8226
# rec_dev
 -0.167533 -0.198408 -0.426513 0.0729896 0.00902977 0.0763795 0.0636018 0.0178413 0.0371448 0.149803 0.0986761 0.168811 0.0754139 -0.229248 -0.430242 -0.462856 0.88816 0.700021 0.278853 0.269802 0.0670818 0.591 0.00431388 -0.305191 -0.286167 0.303823 -0.0946568 0.569009 -0.897036 0.0343144 0.572012 0.147266 -0.596987 -0.680796 0.558883 -0.371782 0.62003 -0.121566 -0.233079 -0.204937 -0.780936 0.307664
# fmort
 0.00917282 0.0263888 0.0432801 0.0577695 0.0460183 0.0838981 0.085183 0.182914 0.107043 0.130146 0.149132 0.159461 0.11481 0.167007 0.17941 0.161027 0.314569 0.253179 0.249727 0.247668 0.352543 0.256358 0.431687 0.366057 0.368897 0.343117 0.340775 0.48794 0.385793 0.62462
# rec_dev_future
 0 0 0 0 0
