AMAK;Mar 2020
# styr
1
# endyr
30
# rec_age
1
# oldest_age
12
# nlength
81
# len_bins
 10 11 12 13 14 15 16 17 18 19 20 21 22 23 24 25 26 27 28 29 30 31 32 33 34 35 36 37 38 39 40 41 42 43 44 45 46 47 48 49 50 51 52 53 54 55 56 57 58 59 60 61 62 63 64 65 66 67 68 69 70 71 72 73 74 75 76 77 78 79 80 81 82 83 84 85 86 87 88 89 90
# datafile_name
amak_data.dat
# model_name
AMAK_MCP
# styr
1
# endyr
30
# rec_age
1
# oldest_age
12
# nfsh
1
# fshname
FLEET1
# catch_bio_in
 164.244 390.456 568.312 771.617 1181.01 1143.27 1171.59 1674.62 1331.31 1739.79 1531.22 1272.62 1156.13 1885.07 1540.67 1322.02 1186.89 1236.53 1756.86 1195.79 1059.8 998.588 1305.3 1596.91 1773.05 1420.79 1145.28 946.985 1056.91 1140
# catch_bio_sd_in
 0.01 0.01 0.01 0.01 0.01 0.01 0.01 0.01 0.01 0.01 0.01 0.01 0.01 0.01 0.01 0.01 0.01 0.01 0.01 0.01 0.01 0.01 0.01 0.01 0.01 0.01 0.01 0.01 0.01 0.01
# nyrs_fsh_age
 30
# nyrs_fsh_length
 0
# yrs_fsh_age_in
 1 2 3 4 5 6 7 8 9 10 11 12 13 14 15 16 17 18 19 20 21 22 23 24 25 26 27 28 29 30
# yrs_fsh_length_in

# n_sample_fsh_length_in

# olc_fsh_in

# nind
1
# indname
SURVEY1
# nyrs_ind
 30
# yrs_ind_in
 1 2 3 4 5 6 7 8 9 10 11 12 13 14 15 16 17 18 19 20 21 22 23 24 25 26 27 28 29 30
# mo_ind
 1
# obs_ind_in
 1.63335 1.66309 1.54146 1.63528 1.25995 1.18871 1.44953 1.26911 1.00797 0.944102 1.11144 1.07392 1.05389 0.812171 1.00095 0.927674 0.832849 0.843078 0.694104 0.847396 0.695351 0.714895 0.968515 0.760385 0.760792 0.610407 0.531208 0.503274 0.478534 0.437899
# obs_se_ind_in
 0.32667 0.332619 0.308292 0.327056 0.251991 0.237742 0.289906 0.253822 0.201594 0.18882 0.222288 0.214785 0.210777 0.162434 0.20019 0.185535 0.16657 0.168616 0.138821 0.169479 0.13907 0.142979 0.193703 0.152077 0.152158 0.122081 0.106242 0.100655 0.0957068 0.0875798
# nyrs_ind_age
 30
# nyrs_ind_length
 0
# yrs_ind_age_in
 1 2 3 4 5 6 7 8 9 10 11 12 13 14 15 16 17 18 19 20 21 22 23 24 25 26 27 28 29 30
# yrs_ind_length_in

# yrs_ind_age_in
 1 2 3 4 5 6 7 8 9 10 11 12 13 14 15 16 17 18 19 20 21 22 23 24 25 26 27 28 29 30
# n_sample_ind_length_in

# olc_ind_in

# oac_ind_in
 0.065 0.155 0.13 0.085 0.125 0.08 0.065 0.055 0.035 0.045 0.03 0.13
 0.05 0.15 0.135 0.17 0.08 0.08 0.07 0.055 0.04 0.035 0.03 0.105
 0.075 0.1 0.195 0.12 0.07 0.12 0.08 0.045 0.03 0.025 0.02 0.12
 0.055 0.135 0.085 0.145 0.11 0.075 0.075 0.07 0.03 0.03 0.035 0.155
 0.045 0.12 0.19 0.105 0.13 0.085 0.065 0.05 0.045 0.035 0.02 0.11
 0.085 0.14 0.145 0.13 0.1 0.075 0.055 0.055 0.04 0.045 0.035 0.095
 0.07 0.135 0.1 0.095 0.135 0.105 0.095 0.04 0.06 0.02 0.015 0.13
 0.035 0.16 0.175 0.115 0.135 0.1 0.045 0.06 0.03 0.025 0.025 0.095
 0.105 0.095 0.155 0.12 0.07 0.1 0.075 0.045 0.065 0.03 0.02 0.12
 0.13 0.12 0.11 0.105 0.115 0.085 0.085 0.06 0.01 0.035 0.025 0.12
 0.1 0.24 0.195 0.105 0.095 0.06 0.035 0.045 0.03 0.025 0.005 0.065
 0.11 0.205 0.195 0.115 0.06 0.07 0.075 0.045 0.02 0.03 0.02 0.055
 0.04 0.185 0.175 0.19 0.08 0.065 0.06 0.025 0.045 0.03 0.02 0.085
 0.1 0.12 0.13 0.15 0.18 0.08 0.04 0.015 0.05 0.03 0.03 0.075
 0.075 0.21 0.125 0.115 0.11 0.095 0.07 0.03 0.05 0.02 0.01 0.09
 0.195 0.155 0.24 0.095 0.06 0.07 0.08 0.03 0.015 0.025 0.01 0.025
 0.08 0.25 0.205 0.18 0.07 0.045 0.045 0.045 0.035 0.025 0.005 0.015
 0.085 0.165 0.26 0.155 0.12 0.04 0.04 0.045 0.04 0 0.005 0.045
 0.06 0.23 0.245 0.215 0.07 0.055 0.025 0.025 0.015 0.03 0.01 0.02
 0.11 0.115 0.225 0.135 0.145 0.06 0.08 0.055 0.015 0.025 0.005 0.03
 0.145 0.19 0.15 0.14 0.145 0.095 0.03 0.045 0.01 0.01 0.01 0.03
 0.11 0.325 0.2 0.07 0.08 0.09 0.04 0.015 0.025 0.015 0.01 0.02
 0.08 0.325 0.24 0.125 0.05 0.065 0.02 0.015 0.02 0.025 0.005 0.03
 0.14 0.15 0.27 0.165 0.125 0.025 0.025 0.025 0.015 0.015 0.02 0.025
 0.065 0.26 0.165 0.21 0.145 0.075 0.015 0.02 0.03 0.015 0 0
 0.14 0.155 0.27 0.105 0.15 0.065 0.04 0.01 0.02 0.005 0.015 0.025
 0.12 0.245 0.175 0.225 0.06 0.075 0.045 0.02 0.005 0.005 0.01 0.015
 0.12 0.215 0.29 0.14 0.135 0.04 0.04 0 0.005 0.005 0.005 0.005
 0.14 0.235 0.205 0.155 0.08 0.1 0.03 0.03 0.01 0.005 0.005 0.005
 0.16 0.23 0.165 0.185 0.11 0.045 0.045 0.015 0.025 0 0 0.02
# wt_ind
 1 1 1 1 1 1 1 1 1 1 1 1
 1 1 1 1 1 1 1 1 1 1 1 1
 1 1 1 1 1 1 1 1 1 1 1 1
 1 1 1 1 1 1 1 1 1 1 1 1
 1 1 1 1 1 1 1 1 1 1 1 1
 1 1 1 1 1 1 1 1 1 1 1 1
 1 1 1 1 1 1 1 1 1 1 1 1
 1 1 1 1 1 1 1 1 1 1 1 1
 1 1 1 1 1 1 1 1 1 1 1 1
 1 1 1 1 1 1 1 1 1 1 1 1
 1 1 1 1 1 1 1 1 1 1 1 1
 1 1 1 1 1 1 1 1 1 1 1 1
 1 1 1 1 1 1 1 1 1 1 1 1
 1 1 1 1 1 1 1 1 1 1 1 1
 1 1 1 1 1 1 1 1 1 1 1 1
 1 1 1 1 1 1 1 1 1 1 1 1
 1 1 1 1 1 1 1 1 1 1 1 1
 1 1 1 1 1 1 1 1 1 1 1 1
 1 1 1 1 1 1 1 1 1 1 1 1
 1 1 1 1 1 1 1 1 1 1 1 1
 1 1 1 1 1 1 1 1 1 1 1 1
 1 1 1 1 1 1 1 1 1 1 1 1
 1 1 1 1 1 1 1 1 1 1 1 1
 1 1 1 1 1 1 1 1 1 1 1 1
 1 1 1 1 1 1 1 1 1 1 1 1
 1 1 1 1 1 1 1 1 1 1 1 1
 1 1 1 1 1 1 1 1 1 1 1 1
 1 1 1 1 1 1 1 1 1 1 1 1
 1 1 1 1 1 1 1 1 1 1 1 1
 1 1 1 1 1 1 1 1 1 1 1 1
# wt_pop
 0.000530656 0.00119633 0.00205827 0.00303499 0.00405521 0.0050647 0.00602623 0.00691692 0.00772489 0.00844611 0.00908185 0.0096367
# maturity
 0.0229774 0.320821 0.904651 0.99478 0.999739 0.999987 0.999999 1 1 1 1 1
# spawnmo
1
# age_err
 1 0 0 0 0 0 0 0 0 0 0 0
 0 1 0 0 0 0 0 0 0 0 0 0
 0 0 1 0 0 0 0 0 0 0 0 0
 0 0 0 1 0 0 0 0 0 0 0 0
 0 0 0 0 1 0 0 0 0 0 0 0
 0 0 0 0 0 1 0 0 0 0 0 0
 0 0 0 0 0 0 1 0 0 0 0 0
 0 0 0 0 0 0 0 1 0 0 0 0
 0 0 0 0 0 0 0 0 1 0 0 0
 0 0 0 0 0 0 0 0 0 1 0 0
 0 0 0 0 0 0 0 0 0 0 1 0
 0 0 0 0 0 0 0 0 0 0 0 1
# cntrlfile_name
C:\Users\bai.li\DOCUME~1\Github\AGE_ST~2\ASSAMC\example\C3\output\AMAK\s5\amak.dat
# Map shared selectivity: 
# sel_map
 1 2
 1 1
# datafile_name
amak_data.dat
# model_name
AMAK_MCP
# SrType
2
# use_age_err
0
# retro
0
# sigmarprior
0.2
# cvsigmarprior
0.25
# phase_sigmar
-3
# styr_rec_est
1
# endyr_rec_est
30
# Linfprior
80
# cvLinfprior
0.25
# kprior
0.18
# cvkprior
0.25
# Loprior
27.688
# cvLoprior
0.25
# sdageprior
0.1
# cvsdageprior
0.25
# natmortprior
0.2
# cvnatmortprior
0.25
# phase_M
-4
# npars_Mage
0
# ages_M_changes

# Mage_in

# Mage_offset_in

# phase_Mage
-5
# phase_rw_M
0
# npars_rw_M
0
# yrs_rw_M

# sigma_rw_M

# qprior
 3.48998e-007
# cvqprior
 1
# phase_q
 1
# q_power_prior
 1
# cvq_power_prior
 0.2
# phase_q_power
 -4
# phase_rw_q
 -1
# npars_rw_q
 0
# yrs_rw_q

# sigma_rw_q

# q_age_min
 1
# q_age_max
 12
# q_age_min
 1
# q_age_max
 12
# fsh_sel_opt(k)
2
# phase_sel_fsh(k)
2
# n_sel_ch_fsh(k)
1
# sel_slp_in_fsh(k)(1,n_sel_ch_fsh(k))
 1
# sel_inf_in_fsh(k)(1,n_sel_ch_fsh(k))
 2
# logsel_slp_in_fsh(k)(1,n_sel_ch_fsh(k))
 0
# yrs_sel_ch_fsh(k)(1,n_sel_ch_fsh(k))
 1

Survey SURVEY1
# ind_sel_opt(k)
2
# indname(k)
SURVEY1
# nselages_in_ind(k)
11
# phase_sel_ind(k)
2
# sel_change_in_ind(k)
 1 0 0 0 0 0 0 0 0 0 0 0 0 0 0 0 0 0 0 0 0 0 0 0 0 0 0 0 0 0
# n_sel_ch_ind(k)
1
# yrs_sel_ch_ind(k)(1,n_sel_ch_ind(k))
 1
# sel_slp_in_ind(k,1)
2
# sel_inf_in_ind(k,1)
1.5
# logsel_slp_in_ind(k,1)
0.693147
# logsel_slp_in_indv(k)
0.693147
SURVEY1 ind sel opt 2  1 0 0 0 0 0 0 0 0 0 0 0 0 0 0 0 0 0 0 0 0 0 0 0 0 0 0 0 0 0
Phase indices Sel_Coffs:  -1
 Test: 1.23457e+008
# Fshry Selages:  11
# Srvy  Selages:  11
# Phase for age-spec fishery  -1
# Phase for logistic fishery  2
# Phase for dble logistic fishery  -1
# Phase for age-spec indices   -1
# Phase for logistic indices   2
# Phase for dble logistic ind  -1
# Curv_pen_fsh: 
 0
# Curv_pen_ind: 
 0
# styr_fut
31
# endyr_fut
35
# nyrs_fsh_age
 30
# nyrs_fsh_age
 30
# yrs_fsh_age
 1 2 3 4 5 6 7 8 9 10 11 12 13 14 15 16 17 18 19 20 21 22 23 24 25 26 27 28 29 30
# n_sample_fsh_age
 200 200 200 200 200 200 200 200 200 200 200 200 200 200 200 200 200 200 200 200 200 200 200 200 200 200 200 200 200 200
# oac_fsh
 0.07 0.1 0.085 0.14 0.08 0.115 0.08 0.065 0.025 0.05 0.02 0.17
 0.025 0.105 0.115 0.12 0.145 0.125 0.06 0.045 0.05 0.035 0.02 0.155
 0.08 0.06 0.155 0.115 0.11 0.095 0.06 0.055 0.05 0.055 0.02 0.145
 0.09 0.115 0.105 0.15 0.055 0.11 0.045 0.04 0.045 0.06 0.025 0.16
 0.06 0.14 0.135 0.095 0.105 0.06 0.065 0.05 0.055 0.06 0.025 0.15
 0.085 0.095 0.16 0.115 0.1 0.07 0.06 0.08 0.06 0.025 0.02 0.13
 0.06 0.125 0.095 0.11 0.155 0.08 0.065 0.065 0.055 0.01 0.04 0.14
 0.045 0.115 0.125 0.07 0.12 0.075 0.08 0.09 0.05 0.07 0.03 0.13
 0.055 0.09 0.14 0.155 0.095 0.105 0.1 0.065 0.04 0.03 0.015 0.11
 0.16 0.135 0.09 0.125 0.08 0.06 0.065 0.085 0.02 0.025 0.045 0.11
 0.115 0.095 0.12 0.14 0.065 0.08 0.065 0.07 0.05 0.045 0.025 0.13
 0.05 0.145 0.195 0.11 0.1 0.105 0.045 0.055 0.055 0.04 0.015 0.085
 0.095 0.155 0.175 0.18 0.125 0.04 0.035 0.03 0.04 0.015 0.02 0.09
 0.11 0.12 0.145 0.15 0.13 0.085 0.08 0.045 0.025 0.02 0.025 0.065
 0.095 0.195 0.13 0.125 0.125 0.125 0.07 0.015 0.02 0.015 0.03 0.055
 0.145 0.135 0.175 0.165 0.095 0.07 0.05 0.04 0.015 0.025 0.035 0.05
 0.105 0.2 0.135 0.185 0.05 0.065 0.06 0.065 0.035 0.015 0.015 0.07
 0.12 0.19 0.195 0.175 0.14 0.035 0.035 0.03 0.015 0.02 0.015 0.03
 0.045 0.185 0.165 0.185 0.13 0.11 0.04 0.025 0.03 0.03 0.02 0.035
 0.145 0.145 0.185 0.155 0.16 0.05 0.07 0.02 0.01 0.025 0.005 0.03
 0.155 0.185 0.13 0.175 0.105 0.09 0.04 0.05 0.015 0.015 0.005 0.035
 0.17 0.2 0.165 0.125 0.115 0.09 0.055 0.01 0.01 0.01 0.01 0.04
 0.095 0.265 0.21 0.115 0.11 0.1 0.035 0.02 0.005 0.015 0.005 0.025
 0.13 0.125 0.24 0.2 0.13 0.055 0.02 0.025 0.025 0.02 0.015 0.015
 0.145 0.2 0.135 0.21 0.13 0.07 0.025 0.035 0.005 0.015 0 0.03
 0.15 0.16 0.285 0.075 0.13 0.1 0.045 0.02 0.01 0.02 0 0.005
 0.135 0.16 0.17 0.305 0.06 0.08 0.035 0.02 0.02 0 0.005 0.01
 0.125 0.205 0.245 0.125 0.15 0.02 0.055 0.03 0.015 0 0.005 0.025
 0.145 0.255 0.155 0.2 0.09 0.085 0.005 0.05 0.01 0 0 0.005
 0.24 0.195 0.155 0.135 0.12 0.045 0.06 0.035 0.01 0 0.005 0
# olc_fsh

# wt_fsh
 0.000530656 0.00119633 0.00205827 0.00303499 0.00405521 0.0050647 0.00602623 0.00691692 0.00772489 0.00844611 0.00908185 0.0096367
 0.000530656 0.00119633 0.00205827 0.00303499 0.00405521 0.0050647 0.00602623 0.00691692 0.00772489 0.00844611 0.00908185 0.0096367
 0.000530656 0.00119633 0.00205827 0.00303499 0.00405521 0.0050647 0.00602623 0.00691692 0.00772489 0.00844611 0.00908185 0.0096367
 0.000530656 0.00119633 0.00205827 0.00303499 0.00405521 0.0050647 0.00602623 0.00691692 0.00772489 0.00844611 0.00908185 0.0096367
 0.000530656 0.00119633 0.00205827 0.00303499 0.00405521 0.0050647 0.00602623 0.00691692 0.00772489 0.00844611 0.00908185 0.0096367
 0.000530656 0.00119633 0.00205827 0.00303499 0.00405521 0.0050647 0.00602623 0.00691692 0.00772489 0.00844611 0.00908185 0.0096367
 0.000530656 0.00119633 0.00205827 0.00303499 0.00405521 0.0050647 0.00602623 0.00691692 0.00772489 0.00844611 0.00908185 0.0096367
 0.000530656 0.00119633 0.00205827 0.00303499 0.00405521 0.0050647 0.00602623 0.00691692 0.00772489 0.00844611 0.00908185 0.0096367
 0.000530656 0.00119633 0.00205827 0.00303499 0.00405521 0.0050647 0.00602623 0.00691692 0.00772489 0.00844611 0.00908185 0.0096367
 0.000530656 0.00119633 0.00205827 0.00303499 0.00405521 0.0050647 0.00602623 0.00691692 0.00772489 0.00844611 0.00908185 0.0096367
 0.000530656 0.00119633 0.00205827 0.00303499 0.00405521 0.0050647 0.00602623 0.00691692 0.00772489 0.00844611 0.00908185 0.0096367
 0.000530656 0.00119633 0.00205827 0.00303499 0.00405521 0.0050647 0.00602623 0.00691692 0.00772489 0.00844611 0.00908185 0.0096367
 0.000530656 0.00119633 0.00205827 0.00303499 0.00405521 0.0050647 0.00602623 0.00691692 0.00772489 0.00844611 0.00908185 0.0096367
 0.000530656 0.00119633 0.00205827 0.00303499 0.00405521 0.0050647 0.00602623 0.00691692 0.00772489 0.00844611 0.00908185 0.0096367
 0.000530656 0.00119633 0.00205827 0.00303499 0.00405521 0.0050647 0.00602623 0.00691692 0.00772489 0.00844611 0.00908185 0.0096367
 0.000530656 0.00119633 0.00205827 0.00303499 0.00405521 0.0050647 0.00602623 0.00691692 0.00772489 0.00844611 0.00908185 0.0096367
 0.000530656 0.00119633 0.00205827 0.00303499 0.00405521 0.0050647 0.00602623 0.00691692 0.00772489 0.00844611 0.00908185 0.0096367
 0.000530656 0.00119633 0.00205827 0.00303499 0.00405521 0.0050647 0.00602623 0.00691692 0.00772489 0.00844611 0.00908185 0.0096367
 0.000530656 0.00119633 0.00205827 0.00303499 0.00405521 0.0050647 0.00602623 0.00691692 0.00772489 0.00844611 0.00908185 0.0096367
 0.000530656 0.00119633 0.00205827 0.00303499 0.00405521 0.0050647 0.00602623 0.00691692 0.00772489 0.00844611 0.00908185 0.0096367
 0.000530656 0.00119633 0.00205827 0.00303499 0.00405521 0.0050647 0.00602623 0.00691692 0.00772489 0.00844611 0.00908185 0.0096367
 0.000530656 0.00119633 0.00205827 0.00303499 0.00405521 0.0050647 0.00602623 0.00691692 0.00772489 0.00844611 0.00908185 0.0096367
 0.000530656 0.00119633 0.00205827 0.00303499 0.00405521 0.0050647 0.00602623 0.00691692 0.00772489 0.00844611 0.00908185 0.0096367
 0.000530656 0.00119633 0.00205827 0.00303499 0.00405521 0.0050647 0.00602623 0.00691692 0.00772489 0.00844611 0.00908185 0.0096367
 0.000530656 0.00119633 0.00205827 0.00303499 0.00405521 0.0050647 0.00602623 0.00691692 0.00772489 0.00844611 0.00908185 0.0096367
 0.000530656 0.00119633 0.00205827 0.00303499 0.00405521 0.0050647 0.00602623 0.00691692 0.00772489 0.00844611 0.00908185 0.0096367
 0.000530656 0.00119633 0.00205827 0.00303499 0.00405521 0.0050647 0.00602623 0.00691692 0.00772489 0.00844611 0.00908185 0.0096367
 0.000530656 0.00119633 0.00205827 0.00303499 0.00405521 0.0050647 0.00602623 0.00691692 0.00772489 0.00844611 0.00908185 0.0096367
 0.000530656 0.00119633 0.00205827 0.00303499 0.00405521 0.0050647 0.00602623 0.00691692 0.00772489 0.00844611 0.00908185 0.0096367
 0.000530656 0.00119633 0.00205827 0.00303499 0.00405521 0.0050647 0.00602623 0.00691692 0.00772489 0.00844611 0.00908185 0.0096367
# nyrs_ind_age
 30
# yrs_ind_age
 1 2 3 4 5 6 7 8 9 10 11 12 13 14 15 16 17 18 19 20 21 22 23 24 25 26 27 28 29 30
# n_sample_ind_age
 200 200 200 200 200 200 200 200 200 200 200 200 200 200 200 200 200 200 200 200 200 200 200 200 200 200 200 200 200 200
# oac_ind
 0.065 0.155 0.13 0.085 0.125 0.08 0.065 0.055 0.035 0.045 0.03 0.13
 0.05 0.15 0.135 0.17 0.08 0.08 0.07 0.055 0.04 0.035 0.03 0.105
 0.075 0.1 0.195 0.12 0.07 0.12 0.08 0.045 0.03 0.025 0.02 0.12
 0.055 0.135 0.085 0.145 0.11 0.075 0.075 0.07 0.03 0.03 0.035 0.155
 0.045 0.12 0.19 0.105 0.13 0.085 0.065 0.05 0.045 0.035 0.02 0.11
 0.085 0.14 0.145 0.13 0.1 0.075 0.055 0.055 0.04 0.045 0.035 0.095
 0.07 0.135 0.1 0.095 0.135 0.105 0.095 0.04 0.06 0.02 0.015 0.13
 0.035 0.16 0.175 0.115 0.135 0.1 0.045 0.06 0.03 0.025 0.025 0.095
 0.105 0.095 0.155 0.12 0.07 0.1 0.075 0.045 0.065 0.03 0.02 0.12
 0.13 0.12 0.11 0.105 0.115 0.085 0.085 0.06 0.01 0.035 0.025 0.12
 0.1 0.24 0.195 0.105 0.095 0.06 0.035 0.045 0.03 0.025 0.005 0.065
 0.11 0.205 0.195 0.115 0.06 0.07 0.075 0.045 0.02 0.03 0.02 0.055
 0.04 0.185 0.175 0.19 0.08 0.065 0.06 0.025 0.045 0.03 0.02 0.085
 0.1 0.12 0.13 0.15 0.18 0.08 0.04 0.015 0.05 0.03 0.03 0.075
 0.075 0.21 0.125 0.115 0.11 0.095 0.07 0.03 0.05 0.02 0.01 0.09
 0.195 0.155 0.24 0.095 0.06 0.07 0.08 0.03 0.015 0.025 0.01 0.025
 0.08 0.25 0.205 0.18 0.07 0.045 0.045 0.045 0.035 0.025 0.005 0.015
 0.085 0.165 0.26 0.155 0.12 0.04 0.04 0.045 0.04 0 0.005 0.045
 0.06 0.23 0.245 0.215 0.07 0.055 0.025 0.025 0.015 0.03 0.01 0.02
 0.11 0.115 0.225 0.135 0.145 0.06 0.08 0.055 0.015 0.025 0.005 0.03
 0.145 0.19 0.15 0.14 0.145 0.095 0.03 0.045 0.01 0.01 0.01 0.03
 0.11 0.325 0.2 0.07 0.08 0.09 0.04 0.015 0.025 0.015 0.01 0.02
 0.08 0.325 0.24 0.125 0.05 0.065 0.02 0.015 0.02 0.025 0.005 0.03
 0.14 0.15 0.27 0.165 0.125 0.025 0.025 0.025 0.015 0.015 0.02 0.025
 0.065 0.26 0.165 0.21 0.145 0.075 0.015 0.02 0.03 0.015 0 0
 0.14 0.155 0.27 0.105 0.15 0.065 0.04 0.01 0.02 0.005 0.015 0.025
 0.12 0.245 0.175 0.225 0.06 0.075 0.045 0.02 0.005 0.005 0.01 0.015
 0.12 0.215 0.29 0.14 0.135 0.04 0.04 0 0.005 0.005 0.005 0.005
 0.14 0.235 0.205 0.155 0.08 0.1 0.03 0.03 0.01 0.005 0.005 0.005
 0.16 0.23 0.165 0.185 0.11 0.045 0.045 0.015 0.025 0 0 0.02
# olc_ind

# obs_lse_ind
 0.198042 0.198042 0.198042 0.198042 0.198042 0.198042 0.198042 0.198042 0.198042 0.198042 0.198042 0.198042 0.198042 0.198042 0.198042 0.198042 0.198042 0.198042 0.198042 0.198042 0.198042 0.198042 0.198042 0.198042 0.198042 0.198042 0.198042 0.198042 0.198042 0.198042
# xages_fsh
 0 0 0 0 0 0 0 0 0 0 0 0
# xages_fsh
 0 0.0909091 0.181818 0.272727 0.363636 0.454545 0.545455 0.636364 0.727273 0.818182 0.909091 1
# xnodes_fsh

Yrs fsh_sel change:  1 0 0 0 0 0 0 0 0 0 0 0 0 0 0 0 0 0 0 0 0 0 0 0 0 0 0 0 0
Yrs ind_sel change:  1 0 0 0 0 0 0 0 0 0 0 0 0 0 0 0 0 0 0 0 0 0 0 0 0 0 0 0 0
# steepnessprior
0.75
# sigmarprior
0.2
#  SSB estimated in styr endyr: -13 28 
#  Rec estimated in styr endyr: -11 30 
#  SR Curve fit  in styr endyr: 1 30 
#             Model styr endyr: 1 30 
# qprior
 3.48998e-007
# q_power_prior 
 1 
# cv_catchbiomass 
0.05 
# CatchbiomassPen 
200 
# Number of projection years 
5 
# offset_fsh
 13402.2
# offset_ind
 13162.7
Mean Catch
1222.12
R_guess 
15.3685
# nfsh
1
# n_sel_ch_fsh
 1
# nselages_fsh
 11
# phase_selcoff_fsh
 -1
logRzero 15.3685
logmeanrec 15.3685
exp(log_sigmarprior 0.2
Fish sel phase: -1 FLEET1
Fixing fishery sel to
1
Srvy sel phase: -1
Fixing SURVEY1 indices sel to
1
# logsel_slp_in_indv
 0.693147
Leaving parameter init secton
# M
 0.2 0.2 0.2 0.2 0.2 0.2 0.2 0.2 0.2 0.2 0.2 0.2
 0.2 0.2 0.2 0.2 0.2 0.2 0.2 0.2 0.2 0.2 0.2 0.2
 0.2 0.2 0.2 0.2 0.2 0.2 0.2 0.2 0.2 0.2 0.2 0.2
 0.2 0.2 0.2 0.2 0.2 0.2 0.2 0.2 0.2 0.2 0.2 0.2
 0.2 0.2 0.2 0.2 0.2 0.2 0.2 0.2 0.2 0.2 0.2 0.2
 0.2 0.2 0.2 0.2 0.2 0.2 0.2 0.2 0.2 0.2 0.2 0.2
 0.2 0.2 0.2 0.2 0.2 0.2 0.2 0.2 0.2 0.2 0.2 0.2
 0.2 0.2 0.2 0.2 0.2 0.2 0.2 0.2 0.2 0.2 0.2 0.2
 0.2 0.2 0.2 0.2 0.2 0.2 0.2 0.2 0.2 0.2 0.2 0.2
 0.2 0.2 0.2 0.2 0.2 0.2 0.2 0.2 0.2 0.2 0.2 0.2
 0.2 0.2 0.2 0.2 0.2 0.2 0.2 0.2 0.2 0.2 0.2 0.2
 0.2 0.2 0.2 0.2 0.2 0.2 0.2 0.2 0.2 0.2 0.2 0.2
 0.2 0.2 0.2 0.2 0.2 0.2 0.2 0.2 0.2 0.2 0.2 0.2
 0.2 0.2 0.2 0.2 0.2 0.2 0.2 0.2 0.2 0.2 0.2 0.2
 0.2 0.2 0.2 0.2 0.2 0.2 0.2 0.2 0.2 0.2 0.2 0.2
 0.2 0.2 0.2 0.2 0.2 0.2 0.2 0.2 0.2 0.2 0.2 0.2
 0.2 0.2 0.2 0.2 0.2 0.2 0.2 0.2 0.2 0.2 0.2 0.2
 0.2 0.2 0.2 0.2 0.2 0.2 0.2 0.2 0.2 0.2 0.2 0.2
 0.2 0.2 0.2 0.2 0.2 0.2 0.2 0.2 0.2 0.2 0.2 0.2
 0.2 0.2 0.2 0.2 0.2 0.2 0.2 0.2 0.2 0.2 0.2 0.2
 0.2 0.2 0.2 0.2 0.2 0.2 0.2 0.2 0.2 0.2 0.2 0.2
 0.2 0.2 0.2 0.2 0.2 0.2 0.2 0.2 0.2 0.2 0.2 0.2
 0.2 0.2 0.2 0.2 0.2 0.2 0.2 0.2 0.2 0.2 0.2 0.2
 0.2 0.2 0.2 0.2 0.2 0.2 0.2 0.2 0.2 0.2 0.2 0.2
 0.2 0.2 0.2 0.2 0.2 0.2 0.2 0.2 0.2 0.2 0.2 0.2
 0.2 0.2 0.2 0.2 0.2 0.2 0.2 0.2 0.2 0.2 0.2 0.2
 0.2 0.2 0.2 0.2 0.2 0.2 0.2 0.2 0.2 0.2 0.2 0.2
 0.2 0.2 0.2 0.2 0.2 0.2 0.2 0.2 0.2 0.2 0.2 0.2
 0.2 0.2 0.2 0.2 0.2 0.2 0.2 0.2 0.2 0.2 0.2 0.2
 0.2 0.2 0.2 0.2 0.2 0.2 0.2 0.2 0.2 0.2 0.2 0.2
# mean_log_rec
13.7641
# log_Rzero
13.7442
# rec_dev
 0.0114723 0.0139934 -0.078062 0.0262682 -0.171176 -0.0017808 -0.0451242 0.00672198 0.0425848 0.00691684 0.0553425 -0.0158358 0.149476 -0.142164 0.171904 0.0925855 -0.163664 -0.0193715 -0.100212 -0.332632 -0.0826572 0.206437 0.00228745 -0.237629 -0.374861 0.0956081 -0.218338 0.13164 -0.106237 -0.120081 -0.534185 -0.167106 0.0674018 0.1931 -0.473515 0.133735 -0.423979 -0.213924 -0.432313 -0.482115 -0.44486 -0.184353
# fmort
 0.00969751 0.0232756 0.0345414 0.0482743 0.0773155 0.0792573 0.0862496 0.134099 0.117396 0.169833 0.166042 0.148397 0.141848 0.253362 0.234796 0.219154 0.206068 0.220817 0.340658 0.256956 0.238796 0.225939 0.296375 0.383252 0.487387 0.457158 0.413841 0.3674 0.442538 0.540642
# rec_dev_future
 0 0 0 0 0
