AMAK;Mar 2020
# styr
1
# endyr
30
# rec_age
1
# oldest_age
12
# nlength
81
# len_bins
 10 11 12 13 14 15 16 17 18 19 20 21 22 23 24 25 26 27 28 29 30 31 32 33 34 35 36 37 38 39 40 41 42 43 44 45 46 47 48 49 50 51 52 53 54 55 56 57 58 59 60 61 62 63 64 65 66 67 68 69 70 71 72 73 74 75 76 77 78 79 80 81 82 83 84 85 86 87 88 89 90
# datafile_name
amak_data.dat
# model_name
AMAK_MCP
# styr
1
# endyr
30
# rec_age
1
# oldest_age
12
# nfsh
1
# fshname
FLEET1
# catch_bio_in
 161.067 461.558 747.65 991.068 765.32 1322.59 1251.51 2411.17 1251.76 1406.76 1483.23 1468.15 998.109 1380.71 1359.21 1156.99 2107.24 1608.98 1521.68 1411.54 1798.67 1213.07 1896.64 1432.84 1345.87 1178.83 1128.56 1468.69 1028.34 1413.2
# catch_bio_sd_in
 0.01 0.01 0.01 0.01 0.01 0.01 0.01 0.01 0.01 0.01 0.01 0.01 0.01 0.01 0.01 0.01 0.01 0.01 0.01 0.01 0.01 0.01 0.01 0.01 0.01 0.01 0.01 0.01 0.01 0.01
# nyrs_fsh_age
 30
# nyrs_fsh_length
 0
# yrs_fsh_age_in
 1 2 3 4 5 6 7 8 9 10 11 12 13 14 15 16 17 18 19 20 21 22 23 24 25 26 27 28 29 30
# yrs_fsh_length_in

# n_sample_fsh_length_in

# olc_fsh_in

# nind
1
# indname
SURVEY1
# nyrs_ind
 30
# yrs_ind_in
 1 2 3 4 5 6 7 8 9 10 11 12 13 14 15 16 17 18 19 20 21 22 23 24 25 26 27 28 29 30
# mo_ind
 1
# obs_ind_in
 1.4042 1.54929 1.5041 1.51317 1.45298 1.36801 1.33325 1.23564 1.12388 0.899531 1.0143 1.03508 0.793297 0.719744 0.892129 0.940704 1.05004 1.09849 0.914628 0.86727 0.598764 0.818886 0.779113 0.855415 0.754723 0.730929 0.584685 0.617445 0.70149 0.561587
# obs_se_ind_in
 0.280841 0.309858 0.300819 0.302634 0.290596 0.273602 0.266651 0.247127 0.224777 0.179906 0.202861 0.207015 0.158659 0.143949 0.178426 0.188141 0.210008 0.219697 0.182926 0.173454 0.119753 0.163777 0.155823 0.171083 0.150945 0.146186 0.116937 0.123489 0.140298 0.112317
# nyrs_ind_age
 30
# nyrs_ind_length
 0
# yrs_ind_age_in
 1 2 3 4 5 6 7 8 9 10 11 12 13 14 15 16 17 18 19 20 21 22 23 24 25 26 27 28 29 30
# yrs_ind_length_in

# yrs_ind_age_in
 1 2 3 4 5 6 7 8 9 10 11 12 13 14 15 16 17 18 19 20 21 22 23 24 25 26 27 28 29 30
# n_sample_ind_length_in

# olc_ind_in

# oac_ind_in
 0.06 0.115 0.21 0.1 0.12 0.08 0.06 0.06 0.05 0.03 0.02 0.095
 0.07 0.08 0.14 0.14 0.145 0.105 0.055 0.05 0.08 0.02 0.02 0.095
 0.05 0.16 0.125 0.15 0.09 0.05 0.09 0.04 0.06 0.02 0.045 0.12
 0.08 0.16 0.13 0.095 0.065 0.07 0.07 0.045 0.03 0.025 0.06 0.17
 0.07 0.18 0.18 0.135 0.105 0.085 0.04 0.045 0.035 0.02 0.025 0.08
 0.07 0.135 0.13 0.13 0.1 0.09 0.045 0.07 0.05 0.02 0.035 0.125
 0.05 0.09 0.2 0.175 0.075 0.075 0.07 0.015 0.055 0.03 0.03 0.135
 0.085 0.125 0.135 0.19 0.07 0.05 0.045 0.03 0.04 0.04 0.05 0.14
 0.09 0.14 0.085 0.1 0.17 0.11 0.045 0.1 0.015 0.03 0.025 0.09
 0.07 0.245 0.115 0.075 0.08 0.08 0.08 0.045 0.06 0.03 0.04 0.08
 0.07 0.12 0.245 0.13 0.06 0.07 0.065 0.045 0.04 0.055 0.025 0.075
 0.09 0.19 0.15 0.21 0.12 0.045 0.045 0.04 0.015 0.025 0.03 0.04
 0.06 0.2 0.175 0.14 0.12 0.08 0.035 0.04 0.015 0.025 0.025 0.085
 0.05 0.15 0.25 0.15 0.085 0.07 0.06 0.05 0.025 0.04 0.015 0.055
 0.06 0.155 0.095 0.155 0.165 0.05 0.1 0.04 0.03 0.01 0.05 0.09
 0.2 0.255 0.155 0.08 0.08 0.08 0.025 0.055 0.015 0.01 0.02 0.025
 0.105 0.29 0.185 0.12 0.075 0.05 0.065 0.02 0.025 0.01 0.005 0.05
 0.11 0.2 0.285 0.105 0.11 0.015 0.06 0.025 0.01 0.015 0.02 0.045
 0.06 0.255 0.185 0.265 0.065 0.035 0.04 0.065 0.01 0 0.005 0.015
 0.115 0.12 0.25 0.155 0.16 0.06 0.035 0.015 0.02 0 0.01 0.06
 0.12 0.175 0.14 0.18 0.09 0.175 0.075 0.01 0.01 0.01 0.005 0.01
 0.13 0.265 0.23 0.06 0.115 0.09 0.085 0.01 0.005 0 0 0.01
 0.1 0.345 0.25 0.07 0.08 0.045 0.02 0.045 0.015 0.015 0.005 0.01
 0.09 0.25 0.285 0.17 0.07 0.065 0.015 0.02 0.025 0.005 0 0.005
 0.105 0.15 0.185 0.295 0.1 0.04 0.035 0.045 0.015 0.015 0.01 0.005
 0.185 0.24 0.15 0.125 0.145 0.07 0.02 0.02 0.015 0.01 0.01 0.01
 0.085 0.255 0.25 0.125 0.125 0.065 0.025 0.03 0.005 0.01 0 0.025
 0.11 0.185 0.285 0.175 0.075 0.06 0.075 0.01 0.015 0.005 0.005 0
 0.115 0.22 0.185 0.255 0.075 0.065 0.035 0.035 0 0.005 0 0.01
 0.06 0.25 0.25 0.16 0.11 0.055 0.035 0.04 0.02 0.005 0.005 0.01
# wt_ind
 1 1 1 1 1 1 1 1 1 1 1 1
 1 1 1 1 1 1 1 1 1 1 1 1
 1 1 1 1 1 1 1 1 1 1 1 1
 1 1 1 1 1 1 1 1 1 1 1 1
 1 1 1 1 1 1 1 1 1 1 1 1
 1 1 1 1 1 1 1 1 1 1 1 1
 1 1 1 1 1 1 1 1 1 1 1 1
 1 1 1 1 1 1 1 1 1 1 1 1
 1 1 1 1 1 1 1 1 1 1 1 1
 1 1 1 1 1 1 1 1 1 1 1 1
 1 1 1 1 1 1 1 1 1 1 1 1
 1 1 1 1 1 1 1 1 1 1 1 1
 1 1 1 1 1 1 1 1 1 1 1 1
 1 1 1 1 1 1 1 1 1 1 1 1
 1 1 1 1 1 1 1 1 1 1 1 1
 1 1 1 1 1 1 1 1 1 1 1 1
 1 1 1 1 1 1 1 1 1 1 1 1
 1 1 1 1 1 1 1 1 1 1 1 1
 1 1 1 1 1 1 1 1 1 1 1 1
 1 1 1 1 1 1 1 1 1 1 1 1
 1 1 1 1 1 1 1 1 1 1 1 1
 1 1 1 1 1 1 1 1 1 1 1 1
 1 1 1 1 1 1 1 1 1 1 1 1
 1 1 1 1 1 1 1 1 1 1 1 1
 1 1 1 1 1 1 1 1 1 1 1 1
 1 1 1 1 1 1 1 1 1 1 1 1
 1 1 1 1 1 1 1 1 1 1 1 1
 1 1 1 1 1 1 1 1 1 1 1 1
 1 1 1 1 1 1 1 1 1 1 1 1
 1 1 1 1 1 1 1 1 1 1 1 1
# wt_pop
 0.000530656 0.00119633 0.00205827 0.00303499 0.00405521 0.0050647 0.00602623 0.00691692 0.00772489 0.00844611 0.00908185 0.0096367
# maturity
 0.0229774 0.320821 0.904651 0.99478 0.999739 0.999987 0.999999 1 1 1 1 1
# spawnmo
1
# age_err
 1 0 0 0 0 0 0 0 0 0 0 0
 0 1 0 0 0 0 0 0 0 0 0 0
 0 0 1 0 0 0 0 0 0 0 0 0
 0 0 0 1 0 0 0 0 0 0 0 0
 0 0 0 0 1 0 0 0 0 0 0 0
 0 0 0 0 0 1 0 0 0 0 0 0
 0 0 0 0 0 0 1 0 0 0 0 0
 0 0 0 0 0 0 0 1 0 0 0 0
 0 0 0 0 0 0 0 0 1 0 0 0
 0 0 0 0 0 0 0 0 0 1 0 0
 0 0 0 0 0 0 0 0 0 0 1 0
 0 0 0 0 0 0 0 0 0 0 0 1
# cntrlfile_name
C:\Users\bai.li\DOCUME~1\Github\AGE_ST~1\ASSAMC\example\output\AMAK\s48\amak.dat
# Map shared selectivity: 
# sel_map
 1 2
 1 1
# datafile_name
amak_data.dat
# model_name
AMAK_MCP
# SrType
2
# use_age_err
0
# retro
0
# sigmarprior
0.2
# cvsigmarprior
0.25
# phase_sigmar
-3
# styr_rec_est
1
# endyr_rec_est
30
# Linfprior
80
# cvLinfprior
0.25
# kprior
0.18
# cvkprior
0.25
# Loprior
27.688
# cvLoprior
0.25
# sdageprior
0.1
# cvsdageprior
0.25
# natmortprior
0.2
# cvnatmortprior
0.25
# phase_M
-4
# npars_Mage
0
# ages_M_changes

# Mage_in

# Mage_offset_in

# phase_Mage
-5
# phase_rw_M
0
# npars_rw_M
0
# yrs_rw_M

# sigma_rw_M

# qprior
 3.48998e-007
# cvqprior
 1
# phase_q
 1
# q_power_prior
 1
# cvq_power_prior
 0.2
# phase_q_power
 -4
# phase_rw_q
 -1
# npars_rw_q
 0
# yrs_rw_q

# sigma_rw_q

# q_age_min
 1
# q_age_max
 12
# q_age_min
 1
# q_age_max
 12
# fsh_sel_opt(k)
2
# phase_sel_fsh(k)
2
# n_sel_ch_fsh(k)
1
# sel_slp_in_fsh(k)(1,n_sel_ch_fsh(k))
 1
# sel_inf_in_fsh(k)(1,n_sel_ch_fsh(k))
 2
# logsel_slp_in_fsh(k)(1,n_sel_ch_fsh(k))
 0
# yrs_sel_ch_fsh(k)(1,n_sel_ch_fsh(k))
 1

Survey SURVEY1
# ind_sel_opt(k)
2
# indname(k)
SURVEY1
# nselages_in_ind(k)
11
# phase_sel_ind(k)
2
# sel_change_in_ind(k)
 1 0 0 0 0 0 0 0 0 0 0 0 0 0 0 0 0 0 0 0 0 0 0 0 0 0 0 0 0 0
# n_sel_ch_ind(k)
1
# yrs_sel_ch_ind(k)(1,n_sel_ch_ind(k))
 1
# sel_slp_in_ind(k,1)
2
# sel_inf_in_ind(k,1)
1.5
# logsel_slp_in_ind(k,1)
0.693147
# logsel_slp_in_indv(k)
0.693147
SURVEY1 ind sel opt 2  1 0 0 0 0 0 0 0 0 0 0 0 0 0 0 0 0 0 0 0 0 0 0 0 0 0 0 0 0 0
Phase indices Sel_Coffs:  -1
 Test: 1.23457e+008
# Fshry Selages:  11
# Srvy  Selages:  11
# Phase for age-spec fishery  -1
# Phase for logistic fishery  2
# Phase for dble logistic fishery  -1
# Phase for age-spec indices   -1
# Phase for logistic indices   2
# Phase for dble logistic ind  -1
# Curv_pen_fsh: 
 0
# Curv_pen_ind: 
 0
# styr_fut
31
# endyr_fut
35
# nyrs_fsh_age
 30
# nyrs_fsh_age
 30
# yrs_fsh_age
 1 2 3 4 5 6 7 8 9 10 11 12 13 14 15 16 17 18 19 20 21 22 23 24 25 26 27 28 29 30
# n_sample_fsh_age
 200 200 200 200 200 200 200 200 200 200 200 200 200 200 200 200 200 200 200 200 200 200 200 200 200 200 200 200 200 200
# oac_fsh
 0.045 0.12 0.11 0.165 0.085 0.09 0.08 0.055 0.05 0.045 0.02 0.135
 0.07 0.12 0.115 0.075 0.085 0.075 0.085 0.09 0.05 0.035 0.025 0.175
 0.065 0.13 0.12 0.09 0.09 0.115 0.095 0.045 0.05 0.055 0.045 0.1
 0.08 0.105 0.14 0.115 0.095 0.085 0.05 0.06 0.05 0.05 0.035 0.135
 0.09 0.095 0.155 0.125 0.07 0.08 0.1 0.09 0.025 0.015 0.02 0.135
 0.06 0.14 0.13 0.145 0.07 0.085 0.07 0.075 0.04 0.03 0.02 0.135
 0.07 0.12 0.16 0.12 0.135 0.07 0.05 0.07 0.05 0.04 0.02 0.095
 0.06 0.13 0.14 0.2 0.09 0.05 0.075 0.04 0.045 0.04 0.025 0.105
 0.075 0.14 0.1 0.11 0.115 0.065 0.06 0.065 0.045 0.05 0.05 0.125
 0.09 0.135 0.165 0.075 0.115 0.08 0.05 0.065 0.06 0.045 0.015 0.105
 0.13 0.05 0.23 0.12 0.095 0.09 0.085 0.025 0.03 0.015 0.045 0.085
 0.085 0.14 0.075 0.23 0.06 0.105 0.08 0.055 0.025 0.025 0.02 0.1
 0.075 0.15 0.205 0.1 0.135 0.07 0.045 0.04 0.065 0.04 0.015 0.06
 0.125 0.1 0.185 0.11 0.11 0.105 0.05 0.045 0.025 0.06 0.015 0.07
 0.085 0.155 0.115 0.18 0.13 0.065 0.08 0.085 0.015 0.025 0.01 0.055
 0.15 0.175 0.165 0.08 0.115 0.075 0.075 0.06 0.035 0.01 0.025 0.035
 0.14 0.225 0.145 0.125 0.055 0.085 0.05 0.045 0.02 0.035 0.005 0.07
 0.145 0.19 0.275 0.115 0.04 0.035 0.05 0.015 0.025 0.03 0.015 0.065
 0.08 0.17 0.195 0.23 0.06 0.065 0.045 0.05 0.035 0 0.025 0.045
 0.16 0.115 0.2 0.135 0.185 0.08 0.035 0.02 0.02 0 0.015 0.035
 0.15 0.225 0.175 0.14 0.095 0.11 0.03 0.005 0.02 0.015 0.02 0.015
 0.18 0.205 0.17 0.125 0.12 0.065 0.08 0.015 0.01 0.01 0.01 0.01
 0.17 0.255 0.21 0.125 0.075 0.065 0.025 0.05 0.01 0.005 0 0.01
 0.14 0.14 0.26 0.175 0.11 0.035 0.045 0.01 0.05 0.02 0.005 0.01
 0.105 0.15 0.22 0.22 0.105 0.065 0.025 0.035 0.03 0.02 0.01 0.015
 0.175 0.22 0.17 0.165 0.155 0.05 0.025 0.02 0.01 0 0.005 0.005
 0.1 0.265 0.185 0.15 0.14 0.08 0.045 0.005 0.005 0.01 0.005 0.01
 0.12 0.16 0.235 0.19 0.095 0.065 0.07 0.025 0.005 0.01 0.015 0.01
 0.165 0.155 0.17 0.23 0.125 0.07 0.025 0.02 0.01 0.01 0.01 0.01
 0.19 0.2 0.21 0.11 0.155 0.055 0.03 0.025 0.015 0.005 0.005 0
# olc_fsh

# wt_fsh
 0.000530656 0.00119633 0.00205827 0.00303499 0.00405521 0.0050647 0.00602623 0.00691692 0.00772489 0.00844611 0.00908185 0.0096367
 0.000530656 0.00119633 0.00205827 0.00303499 0.00405521 0.0050647 0.00602623 0.00691692 0.00772489 0.00844611 0.00908185 0.0096367
 0.000530656 0.00119633 0.00205827 0.00303499 0.00405521 0.0050647 0.00602623 0.00691692 0.00772489 0.00844611 0.00908185 0.0096367
 0.000530656 0.00119633 0.00205827 0.00303499 0.00405521 0.0050647 0.00602623 0.00691692 0.00772489 0.00844611 0.00908185 0.0096367
 0.000530656 0.00119633 0.00205827 0.00303499 0.00405521 0.0050647 0.00602623 0.00691692 0.00772489 0.00844611 0.00908185 0.0096367
 0.000530656 0.00119633 0.00205827 0.00303499 0.00405521 0.0050647 0.00602623 0.00691692 0.00772489 0.00844611 0.00908185 0.0096367
 0.000530656 0.00119633 0.00205827 0.00303499 0.00405521 0.0050647 0.00602623 0.00691692 0.00772489 0.00844611 0.00908185 0.0096367
 0.000530656 0.00119633 0.00205827 0.00303499 0.00405521 0.0050647 0.00602623 0.00691692 0.00772489 0.00844611 0.00908185 0.0096367
 0.000530656 0.00119633 0.00205827 0.00303499 0.00405521 0.0050647 0.00602623 0.00691692 0.00772489 0.00844611 0.00908185 0.0096367
 0.000530656 0.00119633 0.00205827 0.00303499 0.00405521 0.0050647 0.00602623 0.00691692 0.00772489 0.00844611 0.00908185 0.0096367
 0.000530656 0.00119633 0.00205827 0.00303499 0.00405521 0.0050647 0.00602623 0.00691692 0.00772489 0.00844611 0.00908185 0.0096367
 0.000530656 0.00119633 0.00205827 0.00303499 0.00405521 0.0050647 0.00602623 0.00691692 0.00772489 0.00844611 0.00908185 0.0096367
 0.000530656 0.00119633 0.00205827 0.00303499 0.00405521 0.0050647 0.00602623 0.00691692 0.00772489 0.00844611 0.00908185 0.0096367
 0.000530656 0.00119633 0.00205827 0.00303499 0.00405521 0.0050647 0.00602623 0.00691692 0.00772489 0.00844611 0.00908185 0.0096367
 0.000530656 0.00119633 0.00205827 0.00303499 0.00405521 0.0050647 0.00602623 0.00691692 0.00772489 0.00844611 0.00908185 0.0096367
 0.000530656 0.00119633 0.00205827 0.00303499 0.00405521 0.0050647 0.00602623 0.00691692 0.00772489 0.00844611 0.00908185 0.0096367
 0.000530656 0.00119633 0.00205827 0.00303499 0.00405521 0.0050647 0.00602623 0.00691692 0.00772489 0.00844611 0.00908185 0.0096367
 0.000530656 0.00119633 0.00205827 0.00303499 0.00405521 0.0050647 0.00602623 0.00691692 0.00772489 0.00844611 0.00908185 0.0096367
 0.000530656 0.00119633 0.00205827 0.00303499 0.00405521 0.0050647 0.00602623 0.00691692 0.00772489 0.00844611 0.00908185 0.0096367
 0.000530656 0.00119633 0.00205827 0.00303499 0.00405521 0.0050647 0.00602623 0.00691692 0.00772489 0.00844611 0.00908185 0.0096367
 0.000530656 0.00119633 0.00205827 0.00303499 0.00405521 0.0050647 0.00602623 0.00691692 0.00772489 0.00844611 0.00908185 0.0096367
 0.000530656 0.00119633 0.00205827 0.00303499 0.00405521 0.0050647 0.00602623 0.00691692 0.00772489 0.00844611 0.00908185 0.0096367
 0.000530656 0.00119633 0.00205827 0.00303499 0.00405521 0.0050647 0.00602623 0.00691692 0.00772489 0.00844611 0.00908185 0.0096367
 0.000530656 0.00119633 0.00205827 0.00303499 0.00405521 0.0050647 0.00602623 0.00691692 0.00772489 0.00844611 0.00908185 0.0096367
 0.000530656 0.00119633 0.00205827 0.00303499 0.00405521 0.0050647 0.00602623 0.00691692 0.00772489 0.00844611 0.00908185 0.0096367
 0.000530656 0.00119633 0.00205827 0.00303499 0.00405521 0.0050647 0.00602623 0.00691692 0.00772489 0.00844611 0.00908185 0.0096367
 0.000530656 0.00119633 0.00205827 0.00303499 0.00405521 0.0050647 0.00602623 0.00691692 0.00772489 0.00844611 0.00908185 0.0096367
 0.000530656 0.00119633 0.00205827 0.00303499 0.00405521 0.0050647 0.00602623 0.00691692 0.00772489 0.00844611 0.00908185 0.0096367
 0.000530656 0.00119633 0.00205827 0.00303499 0.00405521 0.0050647 0.00602623 0.00691692 0.00772489 0.00844611 0.00908185 0.0096367
 0.000530656 0.00119633 0.00205827 0.00303499 0.00405521 0.0050647 0.00602623 0.00691692 0.00772489 0.00844611 0.00908185 0.0096367
# nyrs_ind_age
 30
# yrs_ind_age
 1 2 3 4 5 6 7 8 9 10 11 12 13 14 15 16 17 18 19 20 21 22 23 24 25 26 27 28 29 30
# n_sample_ind_age
 200 200 200 200 200 200 200 200 200 200 200 200 200 200 200 200 200 200 200 200 200 200 200 200 200 200 200 200 200 200
# oac_ind
 0.06 0.115 0.21 0.1 0.12 0.08 0.06 0.06 0.05 0.03 0.02 0.095
 0.07 0.08 0.14 0.14 0.145 0.105 0.055 0.05 0.08 0.02 0.02 0.095
 0.05 0.16 0.125 0.15 0.09 0.05 0.09 0.04 0.06 0.02 0.045 0.12
 0.08 0.16 0.13 0.095 0.065 0.07 0.07 0.045 0.03 0.025 0.06 0.17
 0.07 0.18 0.18 0.135 0.105 0.085 0.04 0.045 0.035 0.02 0.025 0.08
 0.07 0.135 0.13 0.13 0.1 0.09 0.045 0.07 0.05 0.02 0.035 0.125
 0.05 0.09 0.2 0.175 0.075 0.075 0.07 0.015 0.055 0.03 0.03 0.135
 0.085 0.125 0.135 0.19 0.07 0.05 0.045 0.03 0.04 0.04 0.05 0.14
 0.09 0.14 0.085 0.1 0.17 0.11 0.045 0.1 0.015 0.03 0.025 0.09
 0.07 0.245 0.115 0.075 0.08 0.08 0.08 0.045 0.06 0.03 0.04 0.08
 0.07 0.12 0.245 0.13 0.06 0.07 0.065 0.045 0.04 0.055 0.025 0.075
 0.09 0.19 0.15 0.21 0.12 0.045 0.045 0.04 0.015 0.025 0.03 0.04
 0.06 0.2 0.175 0.14 0.12 0.08 0.035 0.04 0.015 0.025 0.025 0.085
 0.05 0.15 0.25 0.15 0.085 0.07 0.06 0.05 0.025 0.04 0.015 0.055
 0.06 0.155 0.095 0.155 0.165 0.05 0.1 0.04 0.03 0.01 0.05 0.09
 0.2 0.255 0.155 0.08 0.08 0.08 0.025 0.055 0.015 0.01 0.02 0.025
 0.105 0.29 0.185 0.12 0.075 0.05 0.065 0.02 0.025 0.01 0.005 0.05
 0.11 0.2 0.285 0.105 0.11 0.015 0.06 0.025 0.01 0.015 0.02 0.045
 0.06 0.255 0.185 0.265 0.065 0.035 0.04 0.065 0.01 0 0.005 0.015
 0.115 0.12 0.25 0.155 0.16 0.06 0.035 0.015 0.02 0 0.01 0.06
 0.12 0.175 0.14 0.18 0.09 0.175 0.075 0.01 0.01 0.01 0.005 0.01
 0.13 0.265 0.23 0.06 0.115 0.09 0.085 0.01 0.005 0 0 0.01
 0.1 0.345 0.25 0.07 0.08 0.045 0.02 0.045 0.015 0.015 0.005 0.01
 0.09 0.25 0.285 0.17 0.07 0.065 0.015 0.02 0.025 0.005 0 0.005
 0.105 0.15 0.185 0.295 0.1 0.04 0.035 0.045 0.015 0.015 0.01 0.005
 0.185 0.24 0.15 0.125 0.145 0.07 0.02 0.02 0.015 0.01 0.01 0.01
 0.085 0.255 0.25 0.125 0.125 0.065 0.025 0.03 0.005 0.01 0 0.025
 0.11 0.185 0.285 0.175 0.075 0.06 0.075 0.01 0.015 0.005 0.005 0
 0.115 0.22 0.185 0.255 0.075 0.065 0.035 0.035 0 0.005 0 0.01
 0.06 0.25 0.25 0.16 0.11 0.055 0.035 0.04 0.02 0.005 0.005 0.01
# olc_ind

# obs_lse_ind
 0.198042 0.198042 0.198042 0.198042 0.198042 0.198042 0.198042 0.198042 0.198042 0.198042 0.198042 0.198042 0.198042 0.198042 0.198042 0.198042 0.198042 0.198042 0.198042 0.198042 0.198042 0.198042 0.198042 0.198042 0.198042 0.198042 0.198042 0.198042 0.198042 0.198042
# xages_fsh
 0 0 0 0 0 0 0 0 0 0 0 0
# xages_fsh
 0 0.0909091 0.181818 0.272727 0.363636 0.454545 0.545455 0.636364 0.727273 0.818182 0.909091 1
# xnodes_fsh

Yrs fsh_sel change:  1 0 0 0 0 0 0 0 0 0 0 0 0 0 0 0 0 0 0 0 0 0 0 0 0 0 0 0 0
Yrs ind_sel change:  1 0 0 0 0 0 0 0 0 0 0 0 0 0 0 0 0 0 0 0 0 0 0 0 0 0 0 0 0
# steepnessprior
0.75
# sigmarprior
0.2
#  SSB estimated in styr endyr: -13 28 
#  Rec estimated in styr endyr: -11 30 
#  SR Curve fit  in styr endyr: 1 30 
#             Model styr endyr: 1 30 
# qprior
 3.48998e-007
# q_power_prior 
 1 
# cv_catchbiomass 
0.05 
# CatchbiomassPen 
200 
# Number of projection years 
5 
# offset_fsh
 13378.7
# offset_ind
 12997.9
Mean Catch
1305.7
R_guess 
15.4346
# nfsh
1
# n_sel_ch_fsh
 1
# nselages_fsh
 11
# phase_selcoff_fsh
 -1
logRzero 15.4346
logmeanrec 15.4346
exp(log_sigmarprior 0.2
Fish sel phase: -1 FLEET1
Fixing fishery sel to
1
Srvy sel phase: -1
Fixing SURVEY1 indices sel to
1
# logsel_slp_in_indv
 0.693147
Leaving parameter init secton
# M
 0.2 0.2 0.2 0.2 0.2 0.2 0.2 0.2 0.2 0.2 0.2 0.2
 0.2 0.2 0.2 0.2 0.2 0.2 0.2 0.2 0.2 0.2 0.2 0.2
 0.2 0.2 0.2 0.2 0.2 0.2 0.2 0.2 0.2 0.2 0.2 0.2
 0.2 0.2 0.2 0.2 0.2 0.2 0.2 0.2 0.2 0.2 0.2 0.2
 0.2 0.2 0.2 0.2 0.2 0.2 0.2 0.2 0.2 0.2 0.2 0.2
 0.2 0.2 0.2 0.2 0.2 0.2 0.2 0.2 0.2 0.2 0.2 0.2
 0.2 0.2 0.2 0.2 0.2 0.2 0.2 0.2 0.2 0.2 0.2 0.2
 0.2 0.2 0.2 0.2 0.2 0.2 0.2 0.2 0.2 0.2 0.2 0.2
 0.2 0.2 0.2 0.2 0.2 0.2 0.2 0.2 0.2 0.2 0.2 0.2
 0.2 0.2 0.2 0.2 0.2 0.2 0.2 0.2 0.2 0.2 0.2 0.2
 0.2 0.2 0.2 0.2 0.2 0.2 0.2 0.2 0.2 0.2 0.2 0.2
 0.2 0.2 0.2 0.2 0.2 0.2 0.2 0.2 0.2 0.2 0.2 0.2
 0.2 0.2 0.2 0.2 0.2 0.2 0.2 0.2 0.2 0.2 0.2 0.2
 0.2 0.2 0.2 0.2 0.2 0.2 0.2 0.2 0.2 0.2 0.2 0.2
 0.2 0.2 0.2 0.2 0.2 0.2 0.2 0.2 0.2 0.2 0.2 0.2
 0.2 0.2 0.2 0.2 0.2 0.2 0.2 0.2 0.2 0.2 0.2 0.2
 0.2 0.2 0.2 0.2 0.2 0.2 0.2 0.2 0.2 0.2 0.2 0.2
 0.2 0.2 0.2 0.2 0.2 0.2 0.2 0.2 0.2 0.2 0.2 0.2
 0.2 0.2 0.2 0.2 0.2 0.2 0.2 0.2 0.2 0.2 0.2 0.2
 0.2 0.2 0.2 0.2 0.2 0.2 0.2 0.2 0.2 0.2 0.2 0.2
 0.2 0.2 0.2 0.2 0.2 0.2 0.2 0.2 0.2 0.2 0.2 0.2
 0.2 0.2 0.2 0.2 0.2 0.2 0.2 0.2 0.2 0.2 0.2 0.2
 0.2 0.2 0.2 0.2 0.2 0.2 0.2 0.2 0.2 0.2 0.2 0.2
 0.2 0.2 0.2 0.2 0.2 0.2 0.2 0.2 0.2 0.2 0.2 0.2
 0.2 0.2 0.2 0.2 0.2 0.2 0.2 0.2 0.2 0.2 0.2 0.2
 0.2 0.2 0.2 0.2 0.2 0.2 0.2 0.2 0.2 0.2 0.2 0.2
 0.2 0.2 0.2 0.2 0.2 0.2 0.2 0.2 0.2 0.2 0.2 0.2
 0.2 0.2 0.2 0.2 0.2 0.2 0.2 0.2 0.2 0.2 0.2 0.2
 0.2 0.2 0.2 0.2 0.2 0.2 0.2 0.2 0.2 0.2 0.2 0.2
 0.2 0.2 0.2 0.2 0.2 0.2 0.2 0.2 0.2 0.2 0.2 0.2
# mean_log_rec
13.7458
# log_Rzero
13.8069
# rec_dev
 -0.0861519 -0.103404 -0.145752 -0.0891148 0.0538841 0.142809 0.0724517 -0.0802218 0.0296148 0.102647 0.108234 0.0139004 -0.0213428 0.151236 0.0842269 0.0705852 0.282066 -0.0427452 -0.238866 -0.0370834 0.242813 -0.28674 0.00217527 0.0398077 -0.44957 -0.183388 -0.0514925 0.557583 0.0670822 0.137307 -0.303063 -0.0467752 0.119627 0.372254 0.0113581 -0.241752 -0.0789974 0.138106 -0.348925 -0.239898 -0.203171 -0.292895
# fmort
 0.00926238 0.0268618 0.044719 0.0617148 0.049442 0.0892174 0.0895121 0.191338 0.11105 0.134064 0.152783 0.163889 0.117943 0.172423 0.184526 0.165946 0.325732 0.269772 0.266726 0.259884 0.363183 0.262177 0.432453 0.352828 0.347333 0.314714 0.304793 0.419057 0.31467 0.471328
# rec_dev_future
 0 0 0 0 0
