AMAK;Mar 2020
# styr
1
# endyr
30
# rec_age
1
# oldest_age
12
# nlength
81
# len_bins
 10 11 12 13 14 15 16 17 18 19 20 21 22 23 24 25 26 27 28 29 30 31 32 33 34 35 36 37 38 39 40 41 42 43 44 45 46 47 48 49 50 51 52 53 54 55 56 57 58 59 60 61 62 63 64 65 66 67 68 69 70 71 72 73 74 75 76 77 78 79 80 81 82 83 84 85 86 87 88 89 90
# datafile_name
amak_data.dat
# model_name
AMAK_MCP
# styr
1
# endyr
30
# rec_age
1
# oldest_age
12
# nfsh
1
# fshname
FLEET1
# catch_bio_in
 161.479 454.793 749.333 968.237 753.63 1280.9 1208.63 2300.78 1215.57 1372.23 1449.54 1443.26 1004.87 1401.06 1393.49 1155.83 1957.77 1379.4 1238.72 1145.47 1462.49 1009.16 1525.11 1148.84 1099.69 1016.72 1025.51 1380.51 1008.54 1485.17
# catch_bio_sd_in
 0.01 0.01 0.01 0.01 0.01 0.01 0.01 0.01 0.01 0.01 0.01 0.01 0.01 0.01 0.01 0.01 0.01 0.01 0.01 0.01 0.01 0.01 0.01 0.01 0.01 0.01 0.01 0.01 0.01 0.01
# nyrs_fsh_age
 30
# nyrs_fsh_length
 0
# yrs_fsh_age_in
 1 2 3 4 5 6 7 8 9 10 11 12 13 14 15 16 17 18 19 20 21 22 23 24 25 26 27 28 29 30
# yrs_fsh_length_in

# n_sample_fsh_length_in

# olc_fsh_in

# nind
1
# indname
SURVEY1
# nyrs_ind
 30
# yrs_ind_in
 1 2 3 4 5 6 7 8 9 10 11 12 13 14 15 16 17 18 19 20 21 22 23 24 25 26 27 28 29 30
# mo_ind
 1
# obs_ind_in
 1.68438 1.2959 1.58074 1.51363 1.7149 1.61513 1.34232 1.60591 1.14912 1.25054 1.1684 0.993884 1.06255 0.934926 0.960211 0.781689 0.691297 0.679502 0.759054 0.719111 0.667781 0.633652 0.776124 0.59742 0.681592 0.688548 0.755054 0.632972 0.717574 0.760257
# obs_se_ind_in
 0.336876 0.259179 0.316147 0.302726 0.342981 0.323026 0.268463 0.321183 0.229823 0.250108 0.233679 0.198777 0.21251 0.186985 0.192042 0.156338 0.138259 0.1359 0.151811 0.143822 0.133556 0.12673 0.155225 0.119484 0.136318 0.13771 0.151011 0.126594 0.143515 0.152051
# nyrs_ind_age
 30
# nyrs_ind_length
 0
# yrs_ind_age_in
 1 2 3 4 5 6 7 8 9 10 11 12 13 14 15 16 17 18 19 20 21 22 23 24 25 26 27 28 29 30
# yrs_ind_length_in

# yrs_ind_age_in
 1 2 3 4 5 6 7 8 9 10 11 12 13 14 15 16 17 18 19 20 21 22 23 24 25 26 27 28 29 30
# n_sample_ind_length_in

# olc_ind_in

# oac_ind_in
 0.09 0.14 0.105 0.09 0.11 0.085 0.08 0.08 0.055 0.03 0.035 0.1
 0.075 0.17 0.145 0.165 0.075 0.07 0.045 0.055 0.035 0.055 0.035 0.075
 0.07 0.135 0.14 0.155 0.085 0.09 0.085 0.015 0.05 0.05 0.04 0.085
 0.07 0.105 0.135 0.14 0.12 0.095 0.045 0.065 0.035 0.03 0.01 0.15
 0.085 0.1 0.2 0.145 0.06 0.085 0.05 0.05 0.055 0.01 0.015 0.145
 0.065 0.135 0.085 0.175 0.115 0.06 0.065 0.075 0.045 0.02 0.05 0.11
 0.09 0.135 0.165 0.125 0.075 0.085 0.075 0.025 0.05 0.025 0.03 0.12
 0.03 0.22 0.145 0.135 0.06 0.07 0.085 0.025 0.06 0.02 0.06 0.09
 0.08 0.1 0.215 0.105 0.145 0.04 0.07 0.045 0.035 0.03 0.02 0.115
 0.08 0.145 0.145 0.205 0.07 0.075 0.075 0.065 0.065 0.025 0.015 0.035
 0.105 0.24 0.135 0.08 0.145 0.045 0.03 0.025 0.055 0.01 0.035 0.095
 0.125 0.175 0.215 0.155 0.065 0.085 0.025 0.025 0.045 0.01 0.02 0.055
 0.06 0.21 0.215 0.18 0.115 0.04 0.06 0.04 0.03 0 0.01 0.04
 0.06 0.2 0.215 0.105 0.125 0.07 0.045 0.06 0.02 0.03 0.02 0.05
 0.04 0.13 0.18 0.215 0.165 0.065 0.045 0.05 0.015 0.005 0.005 0.085
 0.085 0.13 0.19 0.135 0.135 0.095 0.09 0.035 0.01 0.03 0.005 0.06
 0.08 0.24 0.17 0.08 0.095 0.125 0.05 0.04 0.035 0.025 0.025 0.035
 0.05 0.25 0.22 0.11 0.085 0.035 0.08 0.075 0.035 0.03 0.01 0.02
 0.08 0.165 0.205 0.165 0.09 0.09 0.05 0.04 0.035 0.035 0.015 0.03
 0.06 0.28 0.18 0.19 0.125 0.005 0.035 0.035 0.04 0.02 0.02 0.01
 0.085 0.295 0.21 0.135 0.11 0.04 0.035 0.015 0.015 0.015 0.005 0.04
 0.13 0.18 0.23 0.21 0.065 0.055 0.055 0.01 0.015 0.02 0 0.03
 0.1 0.245 0.155 0.225 0.15 0.04 0.045 0.01 0.01 0.005 0.01 0.005
 0.12 0.285 0.205 0.125 0.1 0.07 0.035 0.02 0.015 0.01 0.005 0.01
 0.12 0.255 0.225 0.14 0.1 0.04 0.04 0.02 0.015 0.025 0 0.02
 0.08 0.27 0.24 0.175 0.115 0.03 0.035 0.025 0.015 0.01 0 0.005
 0.08 0.245 0.23 0.175 0.075 0.09 0.025 0.035 0.025 0.01 0 0.01
 0.125 0.25 0.27 0.16 0.125 0.03 0.02 0 0.015 0 0 0.005
 0.19 0.215 0.24 0.15 0.085 0.035 0.035 0.025 0.005 0.01 0.01 0
 0.15 0.33 0.185 0.11 0.08 0.065 0.06 0.01 0 0.005 0 0.005
# wt_ind
 1 1 1 1 1 1 1 1 1 1 1 1
 1 1 1 1 1 1 1 1 1 1 1 1
 1 1 1 1 1 1 1 1 1 1 1 1
 1 1 1 1 1 1 1 1 1 1 1 1
 1 1 1 1 1 1 1 1 1 1 1 1
 1 1 1 1 1 1 1 1 1 1 1 1
 1 1 1 1 1 1 1 1 1 1 1 1
 1 1 1 1 1 1 1 1 1 1 1 1
 1 1 1 1 1 1 1 1 1 1 1 1
 1 1 1 1 1 1 1 1 1 1 1 1
 1 1 1 1 1 1 1 1 1 1 1 1
 1 1 1 1 1 1 1 1 1 1 1 1
 1 1 1 1 1 1 1 1 1 1 1 1
 1 1 1 1 1 1 1 1 1 1 1 1
 1 1 1 1 1 1 1 1 1 1 1 1
 1 1 1 1 1 1 1 1 1 1 1 1
 1 1 1 1 1 1 1 1 1 1 1 1
 1 1 1 1 1 1 1 1 1 1 1 1
 1 1 1 1 1 1 1 1 1 1 1 1
 1 1 1 1 1 1 1 1 1 1 1 1
 1 1 1 1 1 1 1 1 1 1 1 1
 1 1 1 1 1 1 1 1 1 1 1 1
 1 1 1 1 1 1 1 1 1 1 1 1
 1 1 1 1 1 1 1 1 1 1 1 1
 1 1 1 1 1 1 1 1 1 1 1 1
 1 1 1 1 1 1 1 1 1 1 1 1
 1 1 1 1 1 1 1 1 1 1 1 1
 1 1 1 1 1 1 1 1 1 1 1 1
 1 1 1 1 1 1 1 1 1 1 1 1
 1 1 1 1 1 1 1 1 1 1 1 1
# wt_pop
 0.000530656 0.00119633 0.00205827 0.00303499 0.00405521 0.0050647 0.00602623 0.00691692 0.00772489 0.00844611 0.00908185 0.0096367
# maturity
 0.0229774 0.320821 0.904651 0.99478 0.999739 0.999987 0.999999 1 1 1 1 1
# spawnmo
1
# age_err
 1 0 0 0 0 0 0 0 0 0 0 0
 0 1 0 0 0 0 0 0 0 0 0 0
 0 0 1 0 0 0 0 0 0 0 0 0
 0 0 0 1 0 0 0 0 0 0 0 0
 0 0 0 0 1 0 0 0 0 0 0 0
 0 0 0 0 0 1 0 0 0 0 0 0
 0 0 0 0 0 0 1 0 0 0 0 0
 0 0 0 0 0 0 0 1 0 0 0 0
 0 0 0 0 0 0 0 0 1 0 0 0
 0 0 0 0 0 0 0 0 0 1 0 0
 0 0 0 0 0 0 0 0 0 0 1 0
 0 0 0 0 0 0 0 0 0 0 0 1
# cntrlfile_name
C:\Users\bai.li\DOCUME~1\Github\AGE_ST~1\ASSAMC\example\output\AMAK\s156\amak.dat
# Map shared selectivity: 
# sel_map
 1 2
 1 1
# datafile_name
amak_data.dat
# model_name
AMAK_MCP
# SrType
2
# use_age_err
0
# retro
0
# sigmarprior
0.2
# cvsigmarprior
0.25
# phase_sigmar
-3
# styr_rec_est
1
# endyr_rec_est
30
# Linfprior
80
# cvLinfprior
0.25
# kprior
0.18
# cvkprior
0.25
# Loprior
27.688
# cvLoprior
0.25
# sdageprior
0.1
# cvsdageprior
0.25
# natmortprior
0.2
# cvnatmortprior
0.25
# phase_M
-4
# npars_Mage
0
# ages_M_changes

# Mage_in

# Mage_offset_in

# phase_Mage
-5
# phase_rw_M
0
# npars_rw_M
0
# yrs_rw_M

# sigma_rw_M

# qprior
 3.48998e-007
# cvqprior
 1
# phase_q
 1
# q_power_prior
 1
# cvq_power_prior
 0.2
# phase_q_power
 -4
# phase_rw_q
 -1
# npars_rw_q
 0
# yrs_rw_q

# sigma_rw_q

# q_age_min
 1
# q_age_max
 12
# q_age_min
 1
# q_age_max
 12
# fsh_sel_opt(k)
2
# phase_sel_fsh(k)
2
# n_sel_ch_fsh(k)
1
# sel_slp_in_fsh(k)(1,n_sel_ch_fsh(k))
 1
# sel_inf_in_fsh(k)(1,n_sel_ch_fsh(k))
 2
# logsel_slp_in_fsh(k)(1,n_sel_ch_fsh(k))
 0
# yrs_sel_ch_fsh(k)(1,n_sel_ch_fsh(k))
 1

Survey SURVEY1
# ind_sel_opt(k)
2
# indname(k)
SURVEY1
# nselages_in_ind(k)
11
# phase_sel_ind(k)
2
# sel_change_in_ind(k)
 1 0 0 0 0 0 0 0 0 0 0 0 0 0 0 0 0 0 0 0 0 0 0 0 0 0 0 0 0 0
# n_sel_ch_ind(k)
1
# yrs_sel_ch_ind(k)(1,n_sel_ch_ind(k))
 1
# sel_slp_in_ind(k,1)
2
# sel_inf_in_ind(k,1)
1.5
# logsel_slp_in_ind(k,1)
0.693147
# logsel_slp_in_indv(k)
0.693147
SURVEY1 ind sel opt 2  1 0 0 0 0 0 0 0 0 0 0 0 0 0 0 0 0 0 0 0 0 0 0 0 0 0 0 0 0 0
Phase indices Sel_Coffs:  -1
 Test: 1.23457e+008
# Fshry Selages:  11
# Srvy  Selages:  11
# Phase for age-spec fishery  -1
# Phase for logistic fishery  2
# Phase for dble logistic fishery  -1
# Phase for age-spec indices   -1
# Phase for logistic indices   2
# Phase for dble logistic ind  -1
# Curv_pen_fsh: 
 0
# Curv_pen_ind: 
 0
# styr_fut
31
# endyr_fut
35
# nyrs_fsh_age
 30
# nyrs_fsh_age
 30
# yrs_fsh_age
 1 2 3 4 5 6 7 8 9 10 11 12 13 14 15 16 17 18 19 20 21 22 23 24 25 26 27 28 29 30
# n_sample_fsh_age
 200 200 200 200 200 200 200 200 200 200 200 200 200 200 200 200 200 200 200 200 200 200 200 200 200 200 200 200 200 200
# oac_fsh
 0.085 0.065 0.075 0.085 0.11 0.095 0.115 0.05 0.055 0.05 0.05 0.165
 0.1 0.085 0.115 0.12 0.095 0.08 0.045 0.075 0.06 0.04 0.04 0.145
 0.1 0.115 0.1 0.1 0.105 0.065 0.1 0.06 0.035 0.025 0.04 0.155
 0.07 0.135 0.12 0.105 0.13 0.09 0.07 0.055 0.045 0.035 0.04 0.105
 0.08 0.13 0.15 0.12 0.085 0.075 0.055 0.065 0.04 0.035 0.05 0.115
 0.09 0.07 0.135 0.105 0.135 0.115 0.035 0.05 0.05 0.035 0.04 0.14
 0.155 0.11 0.125 0.06 0.11 0.09 0.055 0.065 0.02 0.04 0.03 0.14
 0.075 0.185 0.11 0.11 0.07 0.135 0.055 0.055 0.035 0.035 0.025 0.11
 0.03 0.105 0.22 0.11 0.085 0.08 0.105 0.06 0.045 0.035 0.02 0.105
 0.1 0.13 0.1 0.22 0.065 0.08 0.065 0.055 0.045 0.015 0.02 0.105
 0.09 0.22 0.13 0.065 0.16 0.06 0.065 0.035 0.035 0.03 0.025 0.085
 0.075 0.165 0.225 0.095 0.07 0.14 0.05 0.03 0.005 0.005 0.04 0.1
 0.095 0.14 0.155 0.2 0.1 0.06 0.08 0.045 0.025 0.01 0.005 0.085
 0.06 0.11 0.17 0.16 0.12 0.1 0.045 0.085 0.04 0.015 0.015 0.08
 0.09 0.085 0.18 0.17 0.11 0.145 0.06 0.04 0.06 0.015 0.005 0.04
 0.14 0.115 0.15 0.115 0.15 0.15 0.06 0.035 0.005 0.035 0.005 0.04
 0.105 0.19 0.11 0.125 0.135 0.09 0.09 0.05 0.03 0 0.02 0.055
 0.11 0.165 0.185 0.09 0.075 0.09 0.075 0.055 0.05 0.015 0.02 0.07
 0.15 0.145 0.175 0.17 0.105 0.025 0.065 0.05 0.025 0.015 0.02 0.055
 0.125 0.24 0.17 0.135 0.125 0.025 0.055 0.035 0.02 0.01 0.025 0.035
 0.105 0.22 0.255 0.14 0.08 0.07 0.035 0.015 0.035 0.005 0.015 0.025
 0.17 0.16 0.145 0.25 0.105 0.08 0.04 0.015 0.01 0 0.005 0.02
 0.175 0.245 0.14 0.115 0.11 0.05 0.06 0.06 0.015 0 0.005 0.025
 0.175 0.19 0.21 0.17 0.09 0.09 0.015 0.005 0.025 0.005 0 0.025
 0.12 0.275 0.225 0.15 0.07 0.045 0.04 0.035 0.015 0.005 0.005 0.015
 0.14 0.2 0.23 0.145 0.14 0.045 0.03 0.025 0.015 0.01 0 0.02
 0.165 0.22 0.24 0.155 0.1 0.035 0.035 0.015 0.015 0.005 0 0.015
 0.12 0.18 0.235 0.15 0.165 0.07 0.04 0.005 0.015 0.01 0 0.01
 0.255 0.17 0.215 0.12 0.1 0.07 0.02 0.02 0 0.015 0 0.015
 0.19 0.355 0.175 0.07 0.05 0.065 0.045 0.025 0.015 0 0.005 0.005
# olc_fsh

# wt_fsh
 0.000530656 0.00119633 0.00205827 0.00303499 0.00405521 0.0050647 0.00602623 0.00691692 0.00772489 0.00844611 0.00908185 0.0096367
 0.000530656 0.00119633 0.00205827 0.00303499 0.00405521 0.0050647 0.00602623 0.00691692 0.00772489 0.00844611 0.00908185 0.0096367
 0.000530656 0.00119633 0.00205827 0.00303499 0.00405521 0.0050647 0.00602623 0.00691692 0.00772489 0.00844611 0.00908185 0.0096367
 0.000530656 0.00119633 0.00205827 0.00303499 0.00405521 0.0050647 0.00602623 0.00691692 0.00772489 0.00844611 0.00908185 0.0096367
 0.000530656 0.00119633 0.00205827 0.00303499 0.00405521 0.0050647 0.00602623 0.00691692 0.00772489 0.00844611 0.00908185 0.0096367
 0.000530656 0.00119633 0.00205827 0.00303499 0.00405521 0.0050647 0.00602623 0.00691692 0.00772489 0.00844611 0.00908185 0.0096367
 0.000530656 0.00119633 0.00205827 0.00303499 0.00405521 0.0050647 0.00602623 0.00691692 0.00772489 0.00844611 0.00908185 0.0096367
 0.000530656 0.00119633 0.00205827 0.00303499 0.00405521 0.0050647 0.00602623 0.00691692 0.00772489 0.00844611 0.00908185 0.0096367
 0.000530656 0.00119633 0.00205827 0.00303499 0.00405521 0.0050647 0.00602623 0.00691692 0.00772489 0.00844611 0.00908185 0.0096367
 0.000530656 0.00119633 0.00205827 0.00303499 0.00405521 0.0050647 0.00602623 0.00691692 0.00772489 0.00844611 0.00908185 0.0096367
 0.000530656 0.00119633 0.00205827 0.00303499 0.00405521 0.0050647 0.00602623 0.00691692 0.00772489 0.00844611 0.00908185 0.0096367
 0.000530656 0.00119633 0.00205827 0.00303499 0.00405521 0.0050647 0.00602623 0.00691692 0.00772489 0.00844611 0.00908185 0.0096367
 0.000530656 0.00119633 0.00205827 0.00303499 0.00405521 0.0050647 0.00602623 0.00691692 0.00772489 0.00844611 0.00908185 0.0096367
 0.000530656 0.00119633 0.00205827 0.00303499 0.00405521 0.0050647 0.00602623 0.00691692 0.00772489 0.00844611 0.00908185 0.0096367
 0.000530656 0.00119633 0.00205827 0.00303499 0.00405521 0.0050647 0.00602623 0.00691692 0.00772489 0.00844611 0.00908185 0.0096367
 0.000530656 0.00119633 0.00205827 0.00303499 0.00405521 0.0050647 0.00602623 0.00691692 0.00772489 0.00844611 0.00908185 0.0096367
 0.000530656 0.00119633 0.00205827 0.00303499 0.00405521 0.0050647 0.00602623 0.00691692 0.00772489 0.00844611 0.00908185 0.0096367
 0.000530656 0.00119633 0.00205827 0.00303499 0.00405521 0.0050647 0.00602623 0.00691692 0.00772489 0.00844611 0.00908185 0.0096367
 0.000530656 0.00119633 0.00205827 0.00303499 0.00405521 0.0050647 0.00602623 0.00691692 0.00772489 0.00844611 0.00908185 0.0096367
 0.000530656 0.00119633 0.00205827 0.00303499 0.00405521 0.0050647 0.00602623 0.00691692 0.00772489 0.00844611 0.00908185 0.0096367
 0.000530656 0.00119633 0.00205827 0.00303499 0.00405521 0.0050647 0.00602623 0.00691692 0.00772489 0.00844611 0.00908185 0.0096367
 0.000530656 0.00119633 0.00205827 0.00303499 0.00405521 0.0050647 0.00602623 0.00691692 0.00772489 0.00844611 0.00908185 0.0096367
 0.000530656 0.00119633 0.00205827 0.00303499 0.00405521 0.0050647 0.00602623 0.00691692 0.00772489 0.00844611 0.00908185 0.0096367
 0.000530656 0.00119633 0.00205827 0.00303499 0.00405521 0.0050647 0.00602623 0.00691692 0.00772489 0.00844611 0.00908185 0.0096367
 0.000530656 0.00119633 0.00205827 0.00303499 0.00405521 0.0050647 0.00602623 0.00691692 0.00772489 0.00844611 0.00908185 0.0096367
 0.000530656 0.00119633 0.00205827 0.00303499 0.00405521 0.0050647 0.00602623 0.00691692 0.00772489 0.00844611 0.00908185 0.0096367
 0.000530656 0.00119633 0.00205827 0.00303499 0.00405521 0.0050647 0.00602623 0.00691692 0.00772489 0.00844611 0.00908185 0.0096367
 0.000530656 0.00119633 0.00205827 0.00303499 0.00405521 0.0050647 0.00602623 0.00691692 0.00772489 0.00844611 0.00908185 0.0096367
 0.000530656 0.00119633 0.00205827 0.00303499 0.00405521 0.0050647 0.00602623 0.00691692 0.00772489 0.00844611 0.00908185 0.0096367
 0.000530656 0.00119633 0.00205827 0.00303499 0.00405521 0.0050647 0.00602623 0.00691692 0.00772489 0.00844611 0.00908185 0.0096367
# nyrs_ind_age
 30
# yrs_ind_age
 1 2 3 4 5 6 7 8 9 10 11 12 13 14 15 16 17 18 19 20 21 22 23 24 25 26 27 28 29 30
# n_sample_ind_age
 200 200 200 200 200 200 200 200 200 200 200 200 200 200 200 200 200 200 200 200 200 200 200 200 200 200 200 200 200 200
# oac_ind
 0.09 0.14 0.105 0.09 0.11 0.085 0.08 0.08 0.055 0.03 0.035 0.1
 0.075 0.17 0.145 0.165 0.075 0.07 0.045 0.055 0.035 0.055 0.035 0.075
 0.07 0.135 0.14 0.155 0.085 0.09 0.085 0.015 0.05 0.05 0.04 0.085
 0.07 0.105 0.135 0.14 0.12 0.095 0.045 0.065 0.035 0.03 0.01 0.15
 0.085 0.1 0.2 0.145 0.06 0.085 0.05 0.05 0.055 0.01 0.015 0.145
 0.065 0.135 0.085 0.175 0.115 0.06 0.065 0.075 0.045 0.02 0.05 0.11
 0.09 0.135 0.165 0.125 0.075 0.085 0.075 0.025 0.05 0.025 0.03 0.12
 0.03 0.22 0.145 0.135 0.06 0.07 0.085 0.025 0.06 0.02 0.06 0.09
 0.08 0.1 0.215 0.105 0.145 0.04 0.07 0.045 0.035 0.03 0.02 0.115
 0.08 0.145 0.145 0.205 0.07 0.075 0.075 0.065 0.065 0.025 0.015 0.035
 0.105 0.24 0.135 0.08 0.145 0.045 0.03 0.025 0.055 0.01 0.035 0.095
 0.125 0.175 0.215 0.155 0.065 0.085 0.025 0.025 0.045 0.01 0.02 0.055
 0.06 0.21 0.215 0.18 0.115 0.04 0.06 0.04 0.03 0 0.01 0.04
 0.06 0.2 0.215 0.105 0.125 0.07 0.045 0.06 0.02 0.03 0.02 0.05
 0.04 0.13 0.18 0.215 0.165 0.065 0.045 0.05 0.015 0.005 0.005 0.085
 0.085 0.13 0.19 0.135 0.135 0.095 0.09 0.035 0.01 0.03 0.005 0.06
 0.08 0.24 0.17 0.08 0.095 0.125 0.05 0.04 0.035 0.025 0.025 0.035
 0.05 0.25 0.22 0.11 0.085 0.035 0.08 0.075 0.035 0.03 0.01 0.02
 0.08 0.165 0.205 0.165 0.09 0.09 0.05 0.04 0.035 0.035 0.015 0.03
 0.06 0.28 0.18 0.19 0.125 0.005 0.035 0.035 0.04 0.02 0.02 0.01
 0.085 0.295 0.21 0.135 0.11 0.04 0.035 0.015 0.015 0.015 0.005 0.04
 0.13 0.18 0.23 0.21 0.065 0.055 0.055 0.01 0.015 0.02 0 0.03
 0.1 0.245 0.155 0.225 0.15 0.04 0.045 0.01 0.01 0.005 0.01 0.005
 0.12 0.285 0.205 0.125 0.1 0.07 0.035 0.02 0.015 0.01 0.005 0.01
 0.12 0.255 0.225 0.14 0.1 0.04 0.04 0.02 0.015 0.025 0 0.02
 0.08 0.27 0.24 0.175 0.115 0.03 0.035 0.025 0.015 0.01 0 0.005
 0.08 0.245 0.23 0.175 0.075 0.09 0.025 0.035 0.025 0.01 0 0.01
 0.125 0.25 0.27 0.16 0.125 0.03 0.02 0 0.015 0 0 0.005
 0.19 0.215 0.24 0.15 0.085 0.035 0.035 0.025 0.005 0.01 0.01 0
 0.15 0.33 0.185 0.11 0.08 0.065 0.06 0.01 0 0.005 0 0.005
# olc_ind

# obs_lse_ind
 0.198042 0.198042 0.198042 0.198042 0.198042 0.198042 0.198042 0.198042 0.198042 0.198042 0.198042 0.198042 0.198042 0.198042 0.198042 0.198042 0.198042 0.198042 0.198042 0.198042 0.198042 0.198042 0.198042 0.198042 0.198042 0.198042 0.198042 0.198042 0.198042 0.198042
# xages_fsh
 0 0 0 0 0 0 0 0 0 0 0 0
# xages_fsh
 0 0.0909091 0.181818 0.272727 0.363636 0.454545 0.545455 0.636364 0.727273 0.818182 0.909091 1
# xnodes_fsh

Yrs fsh_sel change:  1 0 0 0 0 0 0 0 0 0 0 0 0 0 0 0 0 0 0 0 0 0 0 0 0 0 0 0 0
Yrs ind_sel change:  1 0 0 0 0 0 0 0 0 0 0 0 0 0 0 0 0 0 0 0 0 0 0 0 0 0 0 0 0
# steepnessprior
0.75
# sigmarprior
0.2
#  SSB estimated in styr endyr: -13 28 
#  Rec estimated in styr endyr: -11 30 
#  SR Curve fit  in styr endyr: 1 30 
#             Model styr endyr: 1 30 
# qprior
 3.48998e-007
# q_power_prior 
 1 
# cv_catchbiomass 
0.05 
# CatchbiomassPen 
200 
# Number of projection years 
5 
# offset_fsh
 13303.8
# offset_ind
 13016
Mean Catch
1206.56
R_guess 
15.3557
# nfsh
1
# n_sel_ch_fsh
 1
# nselages_fsh
 11
# phase_selcoff_fsh
 -1
logRzero 15.3557
logmeanrec 15.3557
exp(log_sigmarprior 0.2
Fish sel phase: -1 FLEET1
Fixing fishery sel to
1
Srvy sel phase: -1
Fixing SURVEY1 indices sel to
1
# logsel_slp_in_indv
 0.693147
Leaving parameter init secton
# M
 0.2 0.2 0.2 0.2 0.2 0.2 0.2 0.2 0.2 0.2 0.2 0.2
 0.2 0.2 0.2 0.2 0.2 0.2 0.2 0.2 0.2 0.2 0.2 0.2
 0.2 0.2 0.2 0.2 0.2 0.2 0.2 0.2 0.2 0.2 0.2 0.2
 0.2 0.2 0.2 0.2 0.2 0.2 0.2 0.2 0.2 0.2 0.2 0.2
 0.2 0.2 0.2 0.2 0.2 0.2 0.2 0.2 0.2 0.2 0.2 0.2
 0.2 0.2 0.2 0.2 0.2 0.2 0.2 0.2 0.2 0.2 0.2 0.2
 0.2 0.2 0.2 0.2 0.2 0.2 0.2 0.2 0.2 0.2 0.2 0.2
 0.2 0.2 0.2 0.2 0.2 0.2 0.2 0.2 0.2 0.2 0.2 0.2
 0.2 0.2 0.2 0.2 0.2 0.2 0.2 0.2 0.2 0.2 0.2 0.2
 0.2 0.2 0.2 0.2 0.2 0.2 0.2 0.2 0.2 0.2 0.2 0.2
 0.2 0.2 0.2 0.2 0.2 0.2 0.2 0.2 0.2 0.2 0.2 0.2
 0.2 0.2 0.2 0.2 0.2 0.2 0.2 0.2 0.2 0.2 0.2 0.2
 0.2 0.2 0.2 0.2 0.2 0.2 0.2 0.2 0.2 0.2 0.2 0.2
 0.2 0.2 0.2 0.2 0.2 0.2 0.2 0.2 0.2 0.2 0.2 0.2
 0.2 0.2 0.2 0.2 0.2 0.2 0.2 0.2 0.2 0.2 0.2 0.2
 0.2 0.2 0.2 0.2 0.2 0.2 0.2 0.2 0.2 0.2 0.2 0.2
 0.2 0.2 0.2 0.2 0.2 0.2 0.2 0.2 0.2 0.2 0.2 0.2
 0.2 0.2 0.2 0.2 0.2 0.2 0.2 0.2 0.2 0.2 0.2 0.2
 0.2 0.2 0.2 0.2 0.2 0.2 0.2 0.2 0.2 0.2 0.2 0.2
 0.2 0.2 0.2 0.2 0.2 0.2 0.2 0.2 0.2 0.2 0.2 0.2
 0.2 0.2 0.2 0.2 0.2 0.2 0.2 0.2 0.2 0.2 0.2 0.2
 0.2 0.2 0.2 0.2 0.2 0.2 0.2 0.2 0.2 0.2 0.2 0.2
 0.2 0.2 0.2 0.2 0.2 0.2 0.2 0.2 0.2 0.2 0.2 0.2
 0.2 0.2 0.2 0.2 0.2 0.2 0.2 0.2 0.2 0.2 0.2 0.2
 0.2 0.2 0.2 0.2 0.2 0.2 0.2 0.2 0.2 0.2 0.2 0.2
 0.2 0.2 0.2 0.2 0.2 0.2 0.2 0.2 0.2 0.2 0.2 0.2
 0.2 0.2 0.2 0.2 0.2 0.2 0.2 0.2 0.2 0.2 0.2 0.2
 0.2 0.2 0.2 0.2 0.2 0.2 0.2 0.2 0.2 0.2 0.2 0.2
 0.2 0.2 0.2 0.2 0.2 0.2 0.2 0.2 0.2 0.2 0.2 0.2
 0.2 0.2 0.2 0.2 0.2 0.2 0.2 0.2 0.2 0.2 0.2 0.2
# mean_log_rec
13.6918
# log_Rzero
13.7237
# rec_dev
 -0.107479 -0.128541 0.0117337 0.0189758 0.128775 0.0144814 0.103871 -0.0992944 0.0629065 -0.0536035 -0.0245043 0.0338957 0.0375069 0.15749 0.173197 -0.139013 0.000481964 -0.126757 0.426095 -0.300513 -0.0652346 0.277804 0.138783 0.149787 -0.0935449 -0.341829 -0.422612 0.00898532 -0.0921215 -0.288532 0.0996618 -0.0953286 -0.332495 -0.0419831 -0.0924031 0.00538827 -0.128258 -0.19707 -0.276395 -0.337593 0.159747 -0.113328
# fmort
 0.00993823 0.0284651 0.048334 0.065164 0.0528765 0.0949158 0.0959455 0.203296 0.119558 0.144089 0.163242 0.172849 0.123992 0.178264 0.190528 0.170368 0.327885 0.269732 0.266378 0.261997 0.36183 0.26756 0.439896 0.366712 0.36464 0.342071 0.34922 0.514946 0.416824 0.689623
# rec_dev_future
 0 0 0 0 0
