AMAK;Mar 2020
# styr
1
# endyr
30
# rec_age
1
# oldest_age
12
# nlength
81
# len_bins
 10 11 12 13 14 15 16 17 18 19 20 21 22 23 24 25 26 27 28 29 30 31 32 33 34 35 36 37 38 39 40 41 42 43 44 45 46 47 48 49 50 51 52 53 54 55 56 57 58 59 60 61 62 63 64 65 66 67 68 69 70 71 72 73 74 75 76 77 78 79 80 81 82 83 84 85 86 87 88 89 90
# datafile_name
amak_data.dat
# model_name
AMAK_MCP
# styr
1
# endyr
30
# rec_age
1
# oldest_age
12
# nfsh
1
# fshname
FLEET1
# catch_bio_in
 162.007 457.194 743.058 969.816 751.576 1317.02 1258.43 2405.97 1302.17 1478.72 1567.03 1557.16 1070.51 1502.33 1525.7 1337.75 2458.6 1810.04 1661 1500.5 1853.97 1246.87 1934.1 1436.81 1348.05 1213.16 1161.97 1540.52 1088.16 1505.54
# catch_bio_sd_in
 0.01 0.01 0.01 0.01 0.01 0.01 0.01 0.01 0.01 0.01 0.01 0.01 0.01 0.01 0.01 0.01 0.01 0.01 0.01 0.01 0.01 0.01 0.01 0.01 0.01 0.01 0.01 0.01 0.01 0.01
# nyrs_fsh_age
 30
# nyrs_fsh_length
 0
# yrs_fsh_age_in
 1 2 3 4 5 6 7 8 9 10 11 12 13 14 15 16 17 18 19 20 21 22 23 24 25 26 27 28 29 30
# yrs_fsh_length_in

# n_sample_fsh_length_in

# olc_fsh_in

# nind
1
# indname
SURVEY1
# nyrs_ind
 30
# yrs_ind_in
 1 2 3 4 5 6 7 8 9 10 11 12 13 14 15 16 17 18 19 20 21 22 23 24 25 26 27 28 29 30
# mo_ind
 1
# obs_ind_in
 1.46763 1.43142 1.63185 1.48165 1.38731 1.26097 1.37964 1.03466 1.38054 1.10935 1.1732 1.01727 1.0175 0.960001 0.921842 1.06936 1.15418 1.0831 0.85163 0.757741 0.737782 0.849552 0.805693 0.844167 0.60121 0.718179 0.648793 0.584765 0.551706 0.551035
# obs_se_ind_in
 0.293526 0.286285 0.326369 0.29633 0.277463 0.252193 0.275928 0.206932 0.276107 0.22187 0.234639 0.203453 0.203499 0.192 0.184368 0.213872 0.230837 0.21662 0.170326 0.151548 0.147556 0.16991 0.161139 0.168833 0.120242 0.143636 0.129759 0.116953 0.110341 0.110207
# nyrs_ind_age
 30
# nyrs_ind_length
 0
# yrs_ind_age_in
 1 2 3 4 5 6 7 8 9 10 11 12 13 14 15 16 17 18 19 20 21 22 23 24 25 26 27 28 29 30
# yrs_ind_length_in

# yrs_ind_age_in
 1 2 3 4 5 6 7 8 9 10 11 12 13 14 15 16 17 18 19 20 21 22 23 24 25 26 27 28 29 30
# n_sample_ind_length_in

# olc_ind_in

# oac_ind_in
 0.075 0.16 0.12 0.08 0.115 0.1 0.085 0.05 0.045 0.025 0.02 0.125
 0.105 0.15 0.065 0.13 0.085 0.085 0.075 0.06 0.055 0.045 0.025 0.12
 0.065 0.135 0.11 0.125 0.115 0.075 0.08 0.055 0.025 0.06 0.05 0.105
 0.065 0.17 0.13 0.11 0.14 0.04 0.06 0.04 0.03 0.06 0.03 0.125
 0.08 0.145 0.22 0.105 0.075 0.045 0.08 0.04 0.05 0.025 0.01 0.125
 0.065 0.085 0.155 0.15 0.1 0.055 0.1 0.03 0.065 0.04 0.045 0.11
 0.07 0.165 0.16 0.11 0.085 0.1 0.045 0.07 0.03 0.03 0.015 0.12
 0.08 0.15 0.15 0.135 0.125 0.07 0.07 0.03 0.01 0.035 0.04 0.105
 0.075 0.105 0.165 0.135 0.125 0.085 0.115 0.03 0.02 0.035 0.02 0.09
 0.065 0.185 0.145 0.145 0.12 0.045 0.06 0.035 0.055 0.02 0.02 0.105
 0.045 0.195 0.2 0.09 0.105 0.085 0.06 0.065 0.035 0.01 0.03 0.08
 0.08 0.14 0.23 0.12 0.095 0.13 0.045 0.035 0.025 0.01 0.025 0.065
 0.18 0.14 0.175 0.095 0.12 0.07 0.035 0.065 0.02 0.025 0.035 0.04
 0.1 0.23 0.15 0.12 0.12 0.045 0.07 0.055 0.015 0.025 0.025 0.045
 0.075 0.205 0.255 0.11 0.055 0.065 0.065 0.02 0.045 0.03 0.015 0.06
 0.14 0.185 0.15 0.25 0.08 0.06 0.03 0.025 0.005 0.01 0.01 0.055
 0.085 0.26 0.12 0.135 0.16 0.055 0.055 0.03 0.015 0.015 0.02 0.05
 0.05 0.19 0.285 0.125 0.07 0.1 0.06 0.04 0.025 0.015 0 0.04
 0.055 0.16 0.195 0.22 0.105 0.065 0.07 0.05 0.005 0.02 0.005 0.05
 0.065 0.225 0.195 0.115 0.15 0.11 0.03 0.07 0.015 0.005 0 0.02
 0.24 0.155 0.165 0.07 0.105 0.095 0.04 0.035 0.035 0.02 0.015 0.025
 0.14 0.26 0.125 0.1 0.115 0.09 0.03 0.055 0.02 0.02 0.005 0.04
 0.08 0.305 0.3 0.075 0.065 0.06 0.04 0.02 0.025 0 0.01 0.02
 0.15 0.14 0.25 0.2 0.065 0.065 0.035 0.04 0.03 0.005 0.005 0.015
 0.15 0.315 0.115 0.195 0.11 0.055 0.005 0.025 0.02 0.01 0 0
 0.14 0.205 0.265 0.105 0.11 0.1 0 0.035 0.005 0.005 0.01 0.02
 0.13 0.215 0.225 0.185 0.115 0.055 0.05 0.025 0 0 0 0
 0.115 0.3 0.24 0.145 0.095 0.04 0.03 0.005 0.005 0 0.005 0.02
 0.105 0.26 0.27 0.115 0.105 0.07 0.015 0.035 0.02 0 0.005 0
 0.175 0.16 0.23 0.185 0.08 0.04 0.07 0.025 0.015 0.015 0.005 0
# wt_ind
 1 1 1 1 1 1 1 1 1 1 1 1
 1 1 1 1 1 1 1 1 1 1 1 1
 1 1 1 1 1 1 1 1 1 1 1 1
 1 1 1 1 1 1 1 1 1 1 1 1
 1 1 1 1 1 1 1 1 1 1 1 1
 1 1 1 1 1 1 1 1 1 1 1 1
 1 1 1 1 1 1 1 1 1 1 1 1
 1 1 1 1 1 1 1 1 1 1 1 1
 1 1 1 1 1 1 1 1 1 1 1 1
 1 1 1 1 1 1 1 1 1 1 1 1
 1 1 1 1 1 1 1 1 1 1 1 1
 1 1 1 1 1 1 1 1 1 1 1 1
 1 1 1 1 1 1 1 1 1 1 1 1
 1 1 1 1 1 1 1 1 1 1 1 1
 1 1 1 1 1 1 1 1 1 1 1 1
 1 1 1 1 1 1 1 1 1 1 1 1
 1 1 1 1 1 1 1 1 1 1 1 1
 1 1 1 1 1 1 1 1 1 1 1 1
 1 1 1 1 1 1 1 1 1 1 1 1
 1 1 1 1 1 1 1 1 1 1 1 1
 1 1 1 1 1 1 1 1 1 1 1 1
 1 1 1 1 1 1 1 1 1 1 1 1
 1 1 1 1 1 1 1 1 1 1 1 1
 1 1 1 1 1 1 1 1 1 1 1 1
 1 1 1 1 1 1 1 1 1 1 1 1
 1 1 1 1 1 1 1 1 1 1 1 1
 1 1 1 1 1 1 1 1 1 1 1 1
 1 1 1 1 1 1 1 1 1 1 1 1
 1 1 1 1 1 1 1 1 1 1 1 1
 1 1 1 1 1 1 1 1 1 1 1 1
# wt_pop
 0.000530656 0.00119633 0.00205827 0.00303499 0.00405521 0.0050647 0.00602623 0.00691692 0.00772489 0.00844611 0.00908185 0.0096367
# maturity
 0.0229774 0.320821 0.904651 0.99478 0.999739 0.999987 0.999999 1 1 1 1 1
# spawnmo
1
# age_err
 1 0 0 0 0 0 0 0 0 0 0 0
 0 1 0 0 0 0 0 0 0 0 0 0
 0 0 1 0 0 0 0 0 0 0 0 0
 0 0 0 1 0 0 0 0 0 0 0 0
 0 0 0 0 1 0 0 0 0 0 0 0
 0 0 0 0 0 1 0 0 0 0 0 0
 0 0 0 0 0 0 1 0 0 0 0 0
 0 0 0 0 0 0 0 1 0 0 0 0
 0 0 0 0 0 0 0 0 1 0 0 0
 0 0 0 0 0 0 0 0 0 1 0 0
 0 0 0 0 0 0 0 0 0 0 1 0
 0 0 0 0 0 0 0 0 0 0 0 1
# cntrlfile_name
C:\Users\bai.li\DOCUME~1\Github\AGE_ST~1\ASSAMC\example\output\AMAK\s22\amak.dat
# Map shared selectivity: 
# sel_map
 1 2
 1 1
# datafile_name
amak_data.dat
# model_name
AMAK_MCP
# SrType
2
# use_age_err
0
# retro
0
# sigmarprior
0.2
# cvsigmarprior
0.25
# phase_sigmar
-3
# styr_rec_est
1
# endyr_rec_est
30
# Linfprior
80
# cvLinfprior
0.25
# kprior
0.18
# cvkprior
0.25
# Loprior
27.688
# cvLoprior
0.25
# sdageprior
0.1
# cvsdageprior
0.25
# natmortprior
0.2
# cvnatmortprior
0.25
# phase_M
-4
# npars_Mage
0
# ages_M_changes

# Mage_in

# Mage_offset_in

# phase_Mage
-5
# phase_rw_M
0
# npars_rw_M
0
# yrs_rw_M

# sigma_rw_M

# qprior
 3.48998e-007
# cvqprior
 1
# phase_q
 1
# q_power_prior
 1
# cvq_power_prior
 0.2
# phase_q_power
 -4
# phase_rw_q
 -1
# npars_rw_q
 0
# yrs_rw_q

# sigma_rw_q

# q_age_min
 1
# q_age_max
 12
# q_age_min
 1
# q_age_max
 12
# fsh_sel_opt(k)
2
# phase_sel_fsh(k)
2
# n_sel_ch_fsh(k)
1
# sel_slp_in_fsh(k)(1,n_sel_ch_fsh(k))
 1
# sel_inf_in_fsh(k)(1,n_sel_ch_fsh(k))
 2
# logsel_slp_in_fsh(k)(1,n_sel_ch_fsh(k))
 0
# yrs_sel_ch_fsh(k)(1,n_sel_ch_fsh(k))
 1

Survey SURVEY1
# ind_sel_opt(k)
2
# indname(k)
SURVEY1
# nselages_in_ind(k)
11
# phase_sel_ind(k)
2
# sel_change_in_ind(k)
 1 0 0 0 0 0 0 0 0 0 0 0 0 0 0 0 0 0 0 0 0 0 0 0 0 0 0 0 0 0
# n_sel_ch_ind(k)
1
# yrs_sel_ch_ind(k)(1,n_sel_ch_ind(k))
 1
# sel_slp_in_ind(k,1)
2
# sel_inf_in_ind(k,1)
1.5
# logsel_slp_in_ind(k,1)
0.693147
# logsel_slp_in_indv(k)
0.693147
SURVEY1 ind sel opt 2  1 0 0 0 0 0 0 0 0 0 0 0 0 0 0 0 0 0 0 0 0 0 0 0 0 0 0 0 0 0
Phase indices Sel_Coffs:  -1
 Test: 1.23457e+008
# Fshry Selages:  11
# Srvy  Selages:  11
# Phase for age-spec fishery  -1
# Phase for logistic fishery  2
# Phase for dble logistic fishery  -1
# Phase for age-spec indices   -1
# Phase for logistic indices   2
# Phase for dble logistic ind  -1
# Curv_pen_fsh: 
 0
# Curv_pen_ind: 
 0
# styr_fut
31
# endyr_fut
35
# nyrs_fsh_age
 30
# nyrs_fsh_age
 30
# yrs_fsh_age
 1 2 3 4 5 6 7 8 9 10 11 12 13 14 15 16 17 18 19 20 21 22 23 24 25 26 27 28 29 30
# n_sample_fsh_age
 200 200 200 200 200 200 200 200 200 200 200 200 200 200 200 200 200 200 200 200 200 200 200 200 200 200 200 200 200 200
# oac_fsh
 0.09 0.11 0.08 0.14 0.12 0.1 0.07 0.055 0.03 0.04 0.045 0.12
 0.035 0.09 0.12 0.155 0.125 0.1 0.085 0.055 0.015 0.085 0.035 0.1
 0.085 0.135 0.09 0.115 0.05 0.105 0.095 0.06 0.05 0.025 0.04 0.15
 0.105 0.13 0.1 0.105 0.075 0.11 0.075 0.08 0.025 0.01 0.03 0.155
 0.075 0.105 0.13 0.075 0.09 0.085 0.08 0.115 0.06 0.03 0.02 0.135
 0.125 0.105 0.135 0.13 0.1 0.09 0.05 0.06 0.06 0.04 0.015 0.09
 0.09 0.13 0.11 0.135 0.11 0.1 0.065 0.065 0.04 0.025 0.025 0.105
 0.025 0.16 0.15 0.11 0.14 0.08 0.075 0.025 0.05 0.03 0.035 0.12
 0.075 0.055 0.15 0.2 0.075 0.09 0.08 0.05 0.045 0.035 0.03 0.115
 0.07 0.13 0.145 0.16 0.145 0.06 0.055 0.08 0.035 0.03 0.02 0.07
 0.075 0.145 0.175 0.1 0.12 0.1 0.04 0.07 0.03 0.03 0.03 0.085
 0.065 0.125 0.18 0.18 0.08 0.085 0.08 0.03 0.07 0.03 0.015 0.06
 0.155 0.115 0.11 0.125 0.135 0.055 0.085 0.035 0.015 0.02 0.035 0.115
 0.1 0.205 0.15 0.1 0.135 0.065 0.06 0.045 0.03 0.02 0.015 0.075
 0.1 0.18 0.24 0.11 0.08 0.045 0.08 0 0.03 0.03 0.03 0.075
 0.145 0.14 0.18 0.19 0.095 0.06 0.04 0.045 0.02 0.03 0.025 0.03
 0.075 0.235 0.12 0.155 0.14 0.105 0.04 0.04 0.02 0.01 0.025 0.035
 0.13 0.155 0.26 0.095 0.095 0.08 0.06 0.04 0.05 0.01 0.005 0.02
 0.095 0.115 0.195 0.225 0.14 0.045 0.08 0.035 0.02 0.025 0.01 0.015
 0.065 0.155 0.21 0.19 0.165 0.05 0.035 0.055 0.025 0.02 0 0.03
 0.18 0.13 0.195 0.135 0.15 0.08 0.03 0.015 0.035 0.01 0.015 0.025
 0.135 0.245 0.155 0.1 0.1 0.085 0.05 0.035 0.025 0.025 0.01 0.035
 0.105 0.195 0.27 0.12 0.065 0.055 0.04 0.085 0.015 0.02 0.01 0.02
 0.225 0.145 0.225 0.175 0.03 0.05 0.025 0.03 0.035 0.015 0.015 0.03
 0.085 0.28 0.175 0.205 0.09 0.055 0.03 0.015 0.025 0.015 0 0.025
 0.165 0.18 0.18 0.16 0.075 0.15 0.02 0.02 0.02 0.01 0.015 0.005
 0.12 0.24 0.185 0.205 0.08 0.065 0.035 0.015 0.015 0.015 0.005 0.02
 0.16 0.19 0.15 0.17 0.19 0.03 0.04 0.03 0 0.005 0.01 0.025
 0.115 0.205 0.205 0.22 0.105 0.065 0.04 0.01 0.025 0.01 0 0
 0.18 0.165 0.175 0.15 0.12 0.085 0.05 0.01 0.025 0.025 0.005 0.01
# olc_fsh

# wt_fsh
 0.000530656 0.00119633 0.00205827 0.00303499 0.00405521 0.0050647 0.00602623 0.00691692 0.00772489 0.00844611 0.00908185 0.0096367
 0.000530656 0.00119633 0.00205827 0.00303499 0.00405521 0.0050647 0.00602623 0.00691692 0.00772489 0.00844611 0.00908185 0.0096367
 0.000530656 0.00119633 0.00205827 0.00303499 0.00405521 0.0050647 0.00602623 0.00691692 0.00772489 0.00844611 0.00908185 0.0096367
 0.000530656 0.00119633 0.00205827 0.00303499 0.00405521 0.0050647 0.00602623 0.00691692 0.00772489 0.00844611 0.00908185 0.0096367
 0.000530656 0.00119633 0.00205827 0.00303499 0.00405521 0.0050647 0.00602623 0.00691692 0.00772489 0.00844611 0.00908185 0.0096367
 0.000530656 0.00119633 0.00205827 0.00303499 0.00405521 0.0050647 0.00602623 0.00691692 0.00772489 0.00844611 0.00908185 0.0096367
 0.000530656 0.00119633 0.00205827 0.00303499 0.00405521 0.0050647 0.00602623 0.00691692 0.00772489 0.00844611 0.00908185 0.0096367
 0.000530656 0.00119633 0.00205827 0.00303499 0.00405521 0.0050647 0.00602623 0.00691692 0.00772489 0.00844611 0.00908185 0.0096367
 0.000530656 0.00119633 0.00205827 0.00303499 0.00405521 0.0050647 0.00602623 0.00691692 0.00772489 0.00844611 0.00908185 0.0096367
 0.000530656 0.00119633 0.00205827 0.00303499 0.00405521 0.0050647 0.00602623 0.00691692 0.00772489 0.00844611 0.00908185 0.0096367
 0.000530656 0.00119633 0.00205827 0.00303499 0.00405521 0.0050647 0.00602623 0.00691692 0.00772489 0.00844611 0.00908185 0.0096367
 0.000530656 0.00119633 0.00205827 0.00303499 0.00405521 0.0050647 0.00602623 0.00691692 0.00772489 0.00844611 0.00908185 0.0096367
 0.000530656 0.00119633 0.00205827 0.00303499 0.00405521 0.0050647 0.00602623 0.00691692 0.00772489 0.00844611 0.00908185 0.0096367
 0.000530656 0.00119633 0.00205827 0.00303499 0.00405521 0.0050647 0.00602623 0.00691692 0.00772489 0.00844611 0.00908185 0.0096367
 0.000530656 0.00119633 0.00205827 0.00303499 0.00405521 0.0050647 0.00602623 0.00691692 0.00772489 0.00844611 0.00908185 0.0096367
 0.000530656 0.00119633 0.00205827 0.00303499 0.00405521 0.0050647 0.00602623 0.00691692 0.00772489 0.00844611 0.00908185 0.0096367
 0.000530656 0.00119633 0.00205827 0.00303499 0.00405521 0.0050647 0.00602623 0.00691692 0.00772489 0.00844611 0.00908185 0.0096367
 0.000530656 0.00119633 0.00205827 0.00303499 0.00405521 0.0050647 0.00602623 0.00691692 0.00772489 0.00844611 0.00908185 0.0096367
 0.000530656 0.00119633 0.00205827 0.00303499 0.00405521 0.0050647 0.00602623 0.00691692 0.00772489 0.00844611 0.00908185 0.0096367
 0.000530656 0.00119633 0.00205827 0.00303499 0.00405521 0.0050647 0.00602623 0.00691692 0.00772489 0.00844611 0.00908185 0.0096367
 0.000530656 0.00119633 0.00205827 0.00303499 0.00405521 0.0050647 0.00602623 0.00691692 0.00772489 0.00844611 0.00908185 0.0096367
 0.000530656 0.00119633 0.00205827 0.00303499 0.00405521 0.0050647 0.00602623 0.00691692 0.00772489 0.00844611 0.00908185 0.0096367
 0.000530656 0.00119633 0.00205827 0.00303499 0.00405521 0.0050647 0.00602623 0.00691692 0.00772489 0.00844611 0.00908185 0.0096367
 0.000530656 0.00119633 0.00205827 0.00303499 0.00405521 0.0050647 0.00602623 0.00691692 0.00772489 0.00844611 0.00908185 0.0096367
 0.000530656 0.00119633 0.00205827 0.00303499 0.00405521 0.0050647 0.00602623 0.00691692 0.00772489 0.00844611 0.00908185 0.0096367
 0.000530656 0.00119633 0.00205827 0.00303499 0.00405521 0.0050647 0.00602623 0.00691692 0.00772489 0.00844611 0.00908185 0.0096367
 0.000530656 0.00119633 0.00205827 0.00303499 0.00405521 0.0050647 0.00602623 0.00691692 0.00772489 0.00844611 0.00908185 0.0096367
 0.000530656 0.00119633 0.00205827 0.00303499 0.00405521 0.0050647 0.00602623 0.00691692 0.00772489 0.00844611 0.00908185 0.0096367
 0.000530656 0.00119633 0.00205827 0.00303499 0.00405521 0.0050647 0.00602623 0.00691692 0.00772489 0.00844611 0.00908185 0.0096367
 0.000530656 0.00119633 0.00205827 0.00303499 0.00405521 0.0050647 0.00602623 0.00691692 0.00772489 0.00844611 0.00908185 0.0096367
# nyrs_ind_age
 30
# yrs_ind_age
 1 2 3 4 5 6 7 8 9 10 11 12 13 14 15 16 17 18 19 20 21 22 23 24 25 26 27 28 29 30
# n_sample_ind_age
 200 200 200 200 200 200 200 200 200 200 200 200 200 200 200 200 200 200 200 200 200 200 200 200 200 200 200 200 200 200
# oac_ind
 0.075 0.16 0.12 0.08 0.115 0.1 0.085 0.05 0.045 0.025 0.02 0.125
 0.105 0.15 0.065 0.13 0.085 0.085 0.075 0.06 0.055 0.045 0.025 0.12
 0.065 0.135 0.11 0.125 0.115 0.075 0.08 0.055 0.025 0.06 0.05 0.105
 0.065 0.17 0.13 0.11 0.14 0.04 0.06 0.04 0.03 0.06 0.03 0.125
 0.08 0.145 0.22 0.105 0.075 0.045 0.08 0.04 0.05 0.025 0.01 0.125
 0.065 0.085 0.155 0.15 0.1 0.055 0.1 0.03 0.065 0.04 0.045 0.11
 0.07 0.165 0.16 0.11 0.085 0.1 0.045 0.07 0.03 0.03 0.015 0.12
 0.08 0.15 0.15 0.135 0.125 0.07 0.07 0.03 0.01 0.035 0.04 0.105
 0.075 0.105 0.165 0.135 0.125 0.085 0.115 0.03 0.02 0.035 0.02 0.09
 0.065 0.185 0.145 0.145 0.12 0.045 0.06 0.035 0.055 0.02 0.02 0.105
 0.045 0.195 0.2 0.09 0.105 0.085 0.06 0.065 0.035 0.01 0.03 0.08
 0.08 0.14 0.23 0.12 0.095 0.13 0.045 0.035 0.025 0.01 0.025 0.065
 0.18 0.14 0.175 0.095 0.12 0.07 0.035 0.065 0.02 0.025 0.035 0.04
 0.1 0.23 0.15 0.12 0.12 0.045 0.07 0.055 0.015 0.025 0.025 0.045
 0.075 0.205 0.255 0.11 0.055 0.065 0.065 0.02 0.045 0.03 0.015 0.06
 0.14 0.185 0.15 0.25 0.08 0.06 0.03 0.025 0.005 0.01 0.01 0.055
 0.085 0.26 0.12 0.135 0.16 0.055 0.055 0.03 0.015 0.015 0.02 0.05
 0.05 0.19 0.285 0.125 0.07 0.1 0.06 0.04 0.025 0.015 0 0.04
 0.055 0.16 0.195 0.22 0.105 0.065 0.07 0.05 0.005 0.02 0.005 0.05
 0.065 0.225 0.195 0.115 0.15 0.11 0.03 0.07 0.015 0.005 0 0.02
 0.24 0.155 0.165 0.07 0.105 0.095 0.04 0.035 0.035 0.02 0.015 0.025
 0.14 0.26 0.125 0.1 0.115 0.09 0.03 0.055 0.02 0.02 0.005 0.04
 0.08 0.305 0.3 0.075 0.065 0.06 0.04 0.02 0.025 0 0.01 0.02
 0.15 0.14 0.25 0.2 0.065 0.065 0.035 0.04 0.03 0.005 0.005 0.015
 0.15 0.315 0.115 0.195 0.11 0.055 0.005 0.025 0.02 0.01 0 0
 0.14 0.205 0.265 0.105 0.11 0.1 0 0.035 0.005 0.005 0.01 0.02
 0.13 0.215 0.225 0.185 0.115 0.055 0.05 0.025 0 0 0 0
 0.115 0.3 0.24 0.145 0.095 0.04 0.03 0.005 0.005 0 0.005 0.02
 0.105 0.26 0.27 0.115 0.105 0.07 0.015 0.035 0.02 0 0.005 0
 0.175 0.16 0.23 0.185 0.08 0.04 0.07 0.025 0.015 0.015 0.005 0
# olc_ind

# obs_lse_ind
 0.198042 0.198042 0.198042 0.198042 0.198042 0.198042 0.198042 0.198042 0.198042 0.198042 0.198042 0.198042 0.198042 0.198042 0.198042 0.198042 0.198042 0.198042 0.198042 0.198042 0.198042 0.198042 0.198042 0.198042 0.198042 0.198042 0.198042 0.198042 0.198042 0.198042
# xages_fsh
 0 0 0 0 0 0 0 0 0 0 0 0
# xages_fsh
 0 0.0909091 0.181818 0.272727 0.363636 0.454545 0.545455 0.636364 0.727273 0.818182 0.909091 1
# xnodes_fsh

Yrs fsh_sel change:  1 0 0 0 0 0 0 0 0 0 0 0 0 0 0 0 0 0 0 0 0 0 0 0 0 0 0 0 0
Yrs ind_sel change:  1 0 0 0 0 0 0 0 0 0 0 0 0 0 0 0 0 0 0 0 0 0 0 0 0 0 0 0 0
# steepnessprior
0.75
# sigmarprior
0.2
#  SSB estimated in styr endyr: -13 28 
#  Rec estimated in styr endyr: -11 30 
#  SR Curve fit  in styr endyr: 1 30 
#             Model styr endyr: 1 30 
# qprior
 3.48998e-007
# q_power_prior 
 1 
# cv_catchbiomass 
0.05 
# CatchbiomassPen 
200 
# Number of projection years 
5 
# offset_fsh
 13412
# offset_ind
 13090.5
Mean Catch
1372.19
R_guess 
15.4843
# nfsh
1
# n_sel_ch_fsh
 1
# nselages_fsh
 11
# phase_selcoff_fsh
 -1
logRzero 15.4843
logmeanrec 15.4843
exp(log_sigmarprior 0.2
Fish sel phase: -1 FLEET1
Fixing fishery sel to
1
Srvy sel phase: -1
Fixing SURVEY1 indices sel to
1
# logsel_slp_in_indv
 0.693147
Leaving parameter init secton
# M
 0.2 0.2 0.2 0.2 0.2 0.2 0.2 0.2 0.2 0.2 0.2 0.2
 0.2 0.2 0.2 0.2 0.2 0.2 0.2 0.2 0.2 0.2 0.2 0.2
 0.2 0.2 0.2 0.2 0.2 0.2 0.2 0.2 0.2 0.2 0.2 0.2
 0.2 0.2 0.2 0.2 0.2 0.2 0.2 0.2 0.2 0.2 0.2 0.2
 0.2 0.2 0.2 0.2 0.2 0.2 0.2 0.2 0.2 0.2 0.2 0.2
 0.2 0.2 0.2 0.2 0.2 0.2 0.2 0.2 0.2 0.2 0.2 0.2
 0.2 0.2 0.2 0.2 0.2 0.2 0.2 0.2 0.2 0.2 0.2 0.2
 0.2 0.2 0.2 0.2 0.2 0.2 0.2 0.2 0.2 0.2 0.2 0.2
 0.2 0.2 0.2 0.2 0.2 0.2 0.2 0.2 0.2 0.2 0.2 0.2
 0.2 0.2 0.2 0.2 0.2 0.2 0.2 0.2 0.2 0.2 0.2 0.2
 0.2 0.2 0.2 0.2 0.2 0.2 0.2 0.2 0.2 0.2 0.2 0.2
 0.2 0.2 0.2 0.2 0.2 0.2 0.2 0.2 0.2 0.2 0.2 0.2
 0.2 0.2 0.2 0.2 0.2 0.2 0.2 0.2 0.2 0.2 0.2 0.2
 0.2 0.2 0.2 0.2 0.2 0.2 0.2 0.2 0.2 0.2 0.2 0.2
 0.2 0.2 0.2 0.2 0.2 0.2 0.2 0.2 0.2 0.2 0.2 0.2
 0.2 0.2 0.2 0.2 0.2 0.2 0.2 0.2 0.2 0.2 0.2 0.2
 0.2 0.2 0.2 0.2 0.2 0.2 0.2 0.2 0.2 0.2 0.2 0.2
 0.2 0.2 0.2 0.2 0.2 0.2 0.2 0.2 0.2 0.2 0.2 0.2
 0.2 0.2 0.2 0.2 0.2 0.2 0.2 0.2 0.2 0.2 0.2 0.2
 0.2 0.2 0.2 0.2 0.2 0.2 0.2 0.2 0.2 0.2 0.2 0.2
 0.2 0.2 0.2 0.2 0.2 0.2 0.2 0.2 0.2 0.2 0.2 0.2
 0.2 0.2 0.2 0.2 0.2 0.2 0.2 0.2 0.2 0.2 0.2 0.2
 0.2 0.2 0.2 0.2 0.2 0.2 0.2 0.2 0.2 0.2 0.2 0.2
 0.2 0.2 0.2 0.2 0.2 0.2 0.2 0.2 0.2 0.2 0.2 0.2
 0.2 0.2 0.2 0.2 0.2 0.2 0.2 0.2 0.2 0.2 0.2 0.2
 0.2 0.2 0.2 0.2 0.2 0.2 0.2 0.2 0.2 0.2 0.2 0.2
 0.2 0.2 0.2 0.2 0.2 0.2 0.2 0.2 0.2 0.2 0.2 0.2
 0.2 0.2 0.2 0.2 0.2 0.2 0.2 0.2 0.2 0.2 0.2 0.2
 0.2 0.2 0.2 0.2 0.2 0.2 0.2 0.2 0.2 0.2 0.2 0.2
 0.2 0.2 0.2 0.2 0.2 0.2 0.2 0.2 0.2 0.2 0.2 0.2
# mean_log_rec
13.7772
# log_Rzero
13.8635
# rec_dev
 -0.112523 -0.134427 -0.0593741 -0.0645624 0.170117 -0.0470085 -0.0470884 0.0327117 0.14362 0.115209 -0.00520408 0.0370994 -0.0320191 0.0655937 0.225017 0.182543 -0.0342643 0.22374 0.187738 -0.220896 0.0819787 0.0449459 -0.148374 -0.0528268 0.458023 0.0609881 0.00843656 0.44782 0.0972665 -0.126642 -0.208663 -0.399214 0.30829 0.119907 -0.289981 0.176664 -0.129788 -0.0851633 -0.0724475 -0.17249 -0.447836 -0.0590425
# fmort
 0.00893341 0.0255648 0.0427496 0.0579568 0.0464424 0.0846475 0.0851884 0.177849 0.105775 0.128089 0.146467 0.157937 0.114336 0.165674 0.175008 0.156818 0.308232 0.250853 0.247673 0.242837 0.336951 0.248049 0.417327 0.342948 0.338812 0.313133 0.302358 0.423102 0.320234 0.484388
# rec_dev_future
 0 0 0 0 0
