AMAK;Mar 2020
# styr
1
# endyr
30
# rec_age
1
# oldest_age
12
# nlength
81
# len_bins
 10 11 12 13 14 15 16 17 18 19 20 21 22 23 24 25 26 27 28 29 30 31 32 33 34 35 36 37 38 39 40 41 42 43 44 45 46 47 48 49 50 51 52 53 54 55 56 57 58 59 60 61 62 63 64 65 66 67 68 69 70 71 72 73 74 75 76 77 78 79 80 81 82 83 84 85 86 87 88 89 90
# datafile_name
amak_data.dat
# model_name
AMAK_MCP
# styr
1
# endyr
30
# rec_age
1
# oldest_age
12
# nfsh
1
# fshname
FLEET1
# catch_bio_in
 160.851 459.87 737.902 951.375 721.171 1214.76 1131.79 2166.73 1140.44 1297.29 1377.86 1374.78 954.98 1333.83 1354 1156.82 2060.89 1535.72 1472.42 1398.95 1785.45 1208.18 1790.03 1295.59 1233.18 1112.16 1107.94 1492.93 1090.52 1501.58
# catch_bio_sd_in
 0.01 0.01 0.01 0.01 0.01 0.01 0.01 0.01 0.01 0.01 0.01 0.01 0.01 0.01 0.01 0.01 0.01 0.01 0.01 0.01 0.01 0.01 0.01 0.01 0.01 0.01 0.01 0.01 0.01 0.01
# nyrs_fsh_age
 30
# nyrs_fsh_length
 0
# yrs_fsh_age_in
 1 2 3 4 5 6 7 8 9 10 11 12 13 14 15 16 17 18 19 20 21 22 23 24 25 26 27 28 29 30
# yrs_fsh_length_in

# n_sample_fsh_length_in

# olc_fsh_in

# nind
1
# indname
SURVEY1
# nyrs_ind
 30
# yrs_ind_in
 1 2 3 4 5 6 7 8 9 10 11 12 13 14 15 16 17 18 19 20 21 22 23 24 25 26 27 28 29 30
# mo_ind
 1
# obs_ind_in
 1.26636 1.28368 1.4678 1.48615 1.69149 1.57517 1.26053 1.1177 1.15166 1.04862 1.08243 1.00402 1.18915 1.07804 1.04965 1.04059 1.10395 0.924034 0.810951 0.793796 0.702174 0.861987 0.816327 0.707709 0.72329 0.661753 0.654859 0.759402 0.707678 0.489196
# obs_se_ind_in
 0.253272 0.256735 0.293561 0.297229 0.338298 0.315034 0.252106 0.22354 0.230331 0.209725 0.216487 0.200804 0.23783 0.215608 0.20993 0.208118 0.220791 0.184807 0.16219 0.158759 0.140435 0.172397 0.163265 0.141542 0.144658 0.132351 0.130972 0.15188 0.141536 0.0978391
# nyrs_ind_age
 30
# nyrs_ind_length
 0
# yrs_ind_age_in
 1 2 3 4 5 6 7 8 9 10 11 12 13 14 15 16 17 18 19 20 21 22 23 24 25 26 27 28 29 30
# yrs_ind_length_in

# yrs_ind_age_in
 1 2 3 4 5 6 7 8 9 10 11 12 13 14 15 16 17 18 19 20 21 22 23 24 25 26 27 28 29 30
# n_sample_ind_length_in

# olc_ind_in

# oac_ind_in
 0.06 0.12 0.105 0.095 0.13 0.1 0.085 0.08 0.04 0.03 0.04 0.115
 0.065 0.115 0.19 0.14 0.085 0.08 0.045 0.015 0.065 0.015 0.025 0.16
 0.065 0.145 0.11 0.185 0.06 0.085 0.05 0.03 0.07 0.03 0.04 0.13
 0.075 0.07 0.205 0.16 0.065 0.075 0.04 0.075 0.04 0.01 0.03 0.155
 0.055 0.14 0.12 0.12 0.12 0.085 0.11 0.045 0.04 0.04 0.03 0.095
 0.095 0.11 0.145 0.09 0.1 0.095 0.07 0.04 0.06 0.04 0.025 0.13
 0.035 0.15 0.12 0.155 0.115 0.06 0.08 0.045 0.045 0.01 0.025 0.16
 0.06 0.215 0.15 0.09 0.12 0.06 0.055 0.04 0.04 0.03 0.025 0.115
 0.06 0.165 0.185 0.155 0.085 0.075 0.06 0.045 0.02 0.035 0.01 0.105
 0.08 0.19 0.145 0.12 0.14 0.05 0.09 0.01 0.03 0.015 0.025 0.105
 0.055 0.115 0.19 0.15 0.125 0.11 0.04 0.03 0.03 0.05 0.01 0.095
 0.085 0.165 0.19 0.165 0.11 0.05 0.06 0.045 0.01 0.025 0.02 0.075
 0.065 0.25 0.15 0.115 0.135 0.07 0.035 0.05 0.03 0.01 0.01 0.08
 0.085 0.2 0.24 0.105 0.1 0.085 0.045 0.035 0.015 0.01 0.015 0.065
 0.08 0.155 0.15 0.22 0.085 0.07 0.065 0.055 0.015 0.035 0.015 0.055
 0.1 0.16 0.165 0.125 0.21 0.06 0.05 0.035 0.025 0.015 0.02 0.035
 0.1 0.22 0.225 0.12 0.11 0.085 0.025 0.035 0.025 0.01 0 0.045
 0.18 0.135 0.21 0.165 0.065 0.055 0.095 0.005 0.015 0.02 0.005 0.05
 0.07 0.29 0.255 0.16 0.1 0.045 0.015 0.02 0.005 0.015 0 0.025
 0.045 0.21 0.265 0.145 0.145 0.065 0.025 0.025 0.02 0.01 0.01 0.035
 0.125 0.225 0.16 0.19 0.115 0.08 0.045 0.025 0.015 0.02 0 0
 0.095 0.215 0.245 0.115 0.13 0.07 0.045 0.04 0.015 0.005 0.015 0.01
 0.125 0.18 0.29 0.13 0.075 0.105 0.02 0.015 0.03 0.005 0.005 0.02
 0.115 0.185 0.235 0.165 0.07 0.06 0.075 0.035 0.02 0.025 0.005 0.01
 0.085 0.345 0.12 0.125 0.14 0.05 0.04 0.05 0.01 0.01 0.01 0.015
 0.06 0.325 0.325 0.085 0.085 0.05 0.03 0.005 0.02 0 0.005 0.01
 0.14 0.205 0.28 0.16 0.055 0.06 0.04 0.02 0.01 0.005 0.015 0.01
 0.095 0.34 0.18 0.155 0.11 0.035 0.035 0.025 0.01 0 0.005 0.01
 0.085 0.31 0.285 0.1 0.1 0.055 0.03 0.01 0.015 0 0.005 0.005
 0.095 0.185 0.225 0.23 0.105 0.065 0.06 0.015 0 0.005 0 0.015
# wt_ind
 1 1 1 1 1 1 1 1 1 1 1 1
 1 1 1 1 1 1 1 1 1 1 1 1
 1 1 1 1 1 1 1 1 1 1 1 1
 1 1 1 1 1 1 1 1 1 1 1 1
 1 1 1 1 1 1 1 1 1 1 1 1
 1 1 1 1 1 1 1 1 1 1 1 1
 1 1 1 1 1 1 1 1 1 1 1 1
 1 1 1 1 1 1 1 1 1 1 1 1
 1 1 1 1 1 1 1 1 1 1 1 1
 1 1 1 1 1 1 1 1 1 1 1 1
 1 1 1 1 1 1 1 1 1 1 1 1
 1 1 1 1 1 1 1 1 1 1 1 1
 1 1 1 1 1 1 1 1 1 1 1 1
 1 1 1 1 1 1 1 1 1 1 1 1
 1 1 1 1 1 1 1 1 1 1 1 1
 1 1 1 1 1 1 1 1 1 1 1 1
 1 1 1 1 1 1 1 1 1 1 1 1
 1 1 1 1 1 1 1 1 1 1 1 1
 1 1 1 1 1 1 1 1 1 1 1 1
 1 1 1 1 1 1 1 1 1 1 1 1
 1 1 1 1 1 1 1 1 1 1 1 1
 1 1 1 1 1 1 1 1 1 1 1 1
 1 1 1 1 1 1 1 1 1 1 1 1
 1 1 1 1 1 1 1 1 1 1 1 1
 1 1 1 1 1 1 1 1 1 1 1 1
 1 1 1 1 1 1 1 1 1 1 1 1
 1 1 1 1 1 1 1 1 1 1 1 1
 1 1 1 1 1 1 1 1 1 1 1 1
 1 1 1 1 1 1 1 1 1 1 1 1
 1 1 1 1 1 1 1 1 1 1 1 1
# wt_pop
 0.000530656 0.00119633 0.00205827 0.00303499 0.00405521 0.0050647 0.00602623 0.00691692 0.00772489 0.00844611 0.00908185 0.0096367
# maturity
 0.0229774 0.320821 0.904651 0.99478 0.999739 0.999987 0.999999 1 1 1 1 1
# spawnmo
1
# age_err
 1 0 0 0 0 0 0 0 0 0 0 0
 0 1 0 0 0 0 0 0 0 0 0 0
 0 0 1 0 0 0 0 0 0 0 0 0
 0 0 0 1 0 0 0 0 0 0 0 0
 0 0 0 0 1 0 0 0 0 0 0 0
 0 0 0 0 0 1 0 0 0 0 0 0
 0 0 0 0 0 0 1 0 0 0 0 0
 0 0 0 0 0 0 0 1 0 0 0 0
 0 0 0 0 0 0 0 0 1 0 0 0
 0 0 0 0 0 0 0 0 0 1 0 0
 0 0 0 0 0 0 0 0 0 0 1 0
 0 0 0 0 0 0 0 0 0 0 0 1
# cntrlfile_name
C:\Users\bai.li\DOCUME~1\Github\AGE_ST~1\ASSAMC\example\output\AMAK\s121\amak.dat
# Map shared selectivity: 
# sel_map
 1 2
 1 1
# datafile_name
amak_data.dat
# model_name
AMAK_MCP
# SrType
2
# use_age_err
0
# retro
0
# sigmarprior
0.2
# cvsigmarprior
0.25
# phase_sigmar
-3
# styr_rec_est
1
# endyr_rec_est
30
# Linfprior
80
# cvLinfprior
0.25
# kprior
0.18
# cvkprior
0.25
# Loprior
27.688
# cvLoprior
0.25
# sdageprior
0.1
# cvsdageprior
0.25
# natmortprior
0.2
# cvnatmortprior
0.25
# phase_M
-4
# npars_Mage
0
# ages_M_changes

# Mage_in

# Mage_offset_in

# phase_Mage
-5
# phase_rw_M
0
# npars_rw_M
0
# yrs_rw_M

# sigma_rw_M

# qprior
 3.48998e-007
# cvqprior
 1
# phase_q
 1
# q_power_prior
 1
# cvq_power_prior
 0.2
# phase_q_power
 -4
# phase_rw_q
 -1
# npars_rw_q
 0
# yrs_rw_q

# sigma_rw_q

# q_age_min
 1
# q_age_max
 12
# q_age_min
 1
# q_age_max
 12
# fsh_sel_opt(k)
2
# phase_sel_fsh(k)
2
# n_sel_ch_fsh(k)
1
# sel_slp_in_fsh(k)(1,n_sel_ch_fsh(k))
 1
# sel_inf_in_fsh(k)(1,n_sel_ch_fsh(k))
 2
# logsel_slp_in_fsh(k)(1,n_sel_ch_fsh(k))
 0
# yrs_sel_ch_fsh(k)(1,n_sel_ch_fsh(k))
 1

Survey SURVEY1
# ind_sel_opt(k)
2
# indname(k)
SURVEY1
# nselages_in_ind(k)
11
# phase_sel_ind(k)
2
# sel_change_in_ind(k)
 1 0 0 0 0 0 0 0 0 0 0 0 0 0 0 0 0 0 0 0 0 0 0 0 0 0 0 0 0 0
# n_sel_ch_ind(k)
1
# yrs_sel_ch_ind(k)(1,n_sel_ch_ind(k))
 1
# sel_slp_in_ind(k,1)
2
# sel_inf_in_ind(k,1)
1.5
# logsel_slp_in_ind(k,1)
0.693147
# logsel_slp_in_indv(k)
0.693147
SURVEY1 ind sel opt 2  1 0 0 0 0 0 0 0 0 0 0 0 0 0 0 0 0 0 0 0 0 0 0 0 0 0 0 0 0 0
Phase indices Sel_Coffs:  -1
 Test: 1.23457e+008
# Fshry Selages:  11
# Srvy  Selages:  11
# Phase for age-spec fishery  -1
# Phase for logistic fishery  2
# Phase for dble logistic fishery  -1
# Phase for age-spec indices   -1
# Phase for logistic indices   2
# Phase for dble logistic ind  -1
# Curv_pen_fsh: 
 0
# Curv_pen_ind: 
 0
# styr_fut
31
# endyr_fut
35
# nyrs_fsh_age
 30
# nyrs_fsh_age
 30
# yrs_fsh_age
 1 2 3 4 5 6 7 8 9 10 11 12 13 14 15 16 17 18 19 20 21 22 23 24 25 26 27 28 29 30
# n_sample_fsh_age
 200 200 200 200 200 200 200 200 200 200 200 200 200 200 200 200 200 200 200 200 200 200 200 200 200 200 200 200 200 200
# oac_fsh
 0.035 0.095 0.125 0.115 0.105 0.11 0.07 0.05 0.07 0.07 0.035 0.12
 0.075 0.105 0.12 0.115 0.12 0.135 0.07 0.02 0.075 0.04 0.035 0.09
 0.05 0.07 0.095 0.12 0.125 0.12 0.08 0.085 0.045 0.035 0.02 0.155
 0.075 0.095 0.13 0.12 0.1 0.1 0.045 0.065 0.055 0.03 0.035 0.15
 0.05 0.09 0.075 0.11 0.105 0.1 0.05 0.085 0.035 0.06 0.045 0.195
 0.1 0.095 0.135 0.08 0.12 0.09 0.055 0.045 0.065 0.03 0.04 0.145
 0.04 0.12 0.09 0.11 0.1 0.055 0.11 0.06 0.05 0.04 0.035 0.19
 0.1 0.135 0.19 0.095 0.1 0.085 0.045 0.045 0.04 0.02 0.02 0.125
 0.07 0.085 0.135 0.21 0.14 0.065 0.04 0.045 0.045 0.025 0.025 0.115
 0.11 0.155 0.105 0.115 0.175 0.06 0.055 0.035 0.015 0.01 0.02 0.145
 0.08 0.1 0.18 0.16 0.08 0.095 0.02 0.055 0.015 0.055 0.03 0.13
 0.185 0.115 0.115 0.11 0.135 0.09 0.055 0.015 0.045 0.02 0.03 0.085
 0.085 0.205 0.16 0.11 0.12 0.06 0.075 0.05 0.025 0.03 0.005 0.075
 0.075 0.155 0.195 0.095 0.08 0.115 0.065 0.045 0.075 0.02 0.025 0.055
 0.145 0.13 0.13 0.205 0.07 0.12 0.055 0.03 0.025 0.015 0.01 0.065
 0.13 0.145 0.135 0.14 0.165 0.07 0.055 0.045 0.02 0.03 0.015 0.05
 0.095 0.17 0.195 0.13 0.065 0.16 0.02 0.035 0.02 0.02 0.02 0.07
 0.135 0.16 0.2 0.145 0.1 0.085 0.08 0.015 0.015 0.025 0.015 0.025
 0.065 0.255 0.245 0.14 0.095 0.045 0.055 0.02 0.01 0.005 0.02 0.045
 0.105 0.2 0.255 0.155 0.085 0.05 0.065 0.03 0.01 0.005 0.01 0.03
 0.19 0.15 0.13 0.21 0.07 0.075 0.09 0.02 0.01 0.015 0.005 0.035
 0.14 0.2 0.2 0.11 0.12 0.07 0.06 0.04 0.005 0.01 0.01 0.035
 0.105 0.23 0.165 0.14 0.06 0.145 0.055 0.005 0.03 0.015 0.01 0.04
 0.205 0.17 0.185 0.16 0.07 0.055 0.06 0.045 0.03 0.005 0 0.015
 0.08 0.335 0.16 0.14 0.13 0.055 0.055 0.025 0.01 0 0 0.01
 0.16 0.18 0.215 0.165 0.13 0.05 0.03 0.01 0.015 0.02 0.01 0.015
 0.235 0.17 0.175 0.19 0.09 0.045 0.03 0.025 0.01 0.005 0 0.025
 0.15 0.235 0.215 0.13 0.115 0.07 0.045 0.02 0.01 0.005 0 0.005
 0.09 0.22 0.255 0.18 0.105 0.065 0.035 0.02 0.015 0.005 0 0.01
 0.135 0.16 0.22 0.235 0.09 0.09 0.025 0.01 0.01 0.015 0.005 0.005
# olc_fsh

# wt_fsh
 0.000530656 0.00119633 0.00205827 0.00303499 0.00405521 0.0050647 0.00602623 0.00691692 0.00772489 0.00844611 0.00908185 0.0096367
 0.000530656 0.00119633 0.00205827 0.00303499 0.00405521 0.0050647 0.00602623 0.00691692 0.00772489 0.00844611 0.00908185 0.0096367
 0.000530656 0.00119633 0.00205827 0.00303499 0.00405521 0.0050647 0.00602623 0.00691692 0.00772489 0.00844611 0.00908185 0.0096367
 0.000530656 0.00119633 0.00205827 0.00303499 0.00405521 0.0050647 0.00602623 0.00691692 0.00772489 0.00844611 0.00908185 0.0096367
 0.000530656 0.00119633 0.00205827 0.00303499 0.00405521 0.0050647 0.00602623 0.00691692 0.00772489 0.00844611 0.00908185 0.0096367
 0.000530656 0.00119633 0.00205827 0.00303499 0.00405521 0.0050647 0.00602623 0.00691692 0.00772489 0.00844611 0.00908185 0.0096367
 0.000530656 0.00119633 0.00205827 0.00303499 0.00405521 0.0050647 0.00602623 0.00691692 0.00772489 0.00844611 0.00908185 0.0096367
 0.000530656 0.00119633 0.00205827 0.00303499 0.00405521 0.0050647 0.00602623 0.00691692 0.00772489 0.00844611 0.00908185 0.0096367
 0.000530656 0.00119633 0.00205827 0.00303499 0.00405521 0.0050647 0.00602623 0.00691692 0.00772489 0.00844611 0.00908185 0.0096367
 0.000530656 0.00119633 0.00205827 0.00303499 0.00405521 0.0050647 0.00602623 0.00691692 0.00772489 0.00844611 0.00908185 0.0096367
 0.000530656 0.00119633 0.00205827 0.00303499 0.00405521 0.0050647 0.00602623 0.00691692 0.00772489 0.00844611 0.00908185 0.0096367
 0.000530656 0.00119633 0.00205827 0.00303499 0.00405521 0.0050647 0.00602623 0.00691692 0.00772489 0.00844611 0.00908185 0.0096367
 0.000530656 0.00119633 0.00205827 0.00303499 0.00405521 0.0050647 0.00602623 0.00691692 0.00772489 0.00844611 0.00908185 0.0096367
 0.000530656 0.00119633 0.00205827 0.00303499 0.00405521 0.0050647 0.00602623 0.00691692 0.00772489 0.00844611 0.00908185 0.0096367
 0.000530656 0.00119633 0.00205827 0.00303499 0.00405521 0.0050647 0.00602623 0.00691692 0.00772489 0.00844611 0.00908185 0.0096367
 0.000530656 0.00119633 0.00205827 0.00303499 0.00405521 0.0050647 0.00602623 0.00691692 0.00772489 0.00844611 0.00908185 0.0096367
 0.000530656 0.00119633 0.00205827 0.00303499 0.00405521 0.0050647 0.00602623 0.00691692 0.00772489 0.00844611 0.00908185 0.0096367
 0.000530656 0.00119633 0.00205827 0.00303499 0.00405521 0.0050647 0.00602623 0.00691692 0.00772489 0.00844611 0.00908185 0.0096367
 0.000530656 0.00119633 0.00205827 0.00303499 0.00405521 0.0050647 0.00602623 0.00691692 0.00772489 0.00844611 0.00908185 0.0096367
 0.000530656 0.00119633 0.00205827 0.00303499 0.00405521 0.0050647 0.00602623 0.00691692 0.00772489 0.00844611 0.00908185 0.0096367
 0.000530656 0.00119633 0.00205827 0.00303499 0.00405521 0.0050647 0.00602623 0.00691692 0.00772489 0.00844611 0.00908185 0.0096367
 0.000530656 0.00119633 0.00205827 0.00303499 0.00405521 0.0050647 0.00602623 0.00691692 0.00772489 0.00844611 0.00908185 0.0096367
 0.000530656 0.00119633 0.00205827 0.00303499 0.00405521 0.0050647 0.00602623 0.00691692 0.00772489 0.00844611 0.00908185 0.0096367
 0.000530656 0.00119633 0.00205827 0.00303499 0.00405521 0.0050647 0.00602623 0.00691692 0.00772489 0.00844611 0.00908185 0.0096367
 0.000530656 0.00119633 0.00205827 0.00303499 0.00405521 0.0050647 0.00602623 0.00691692 0.00772489 0.00844611 0.00908185 0.0096367
 0.000530656 0.00119633 0.00205827 0.00303499 0.00405521 0.0050647 0.00602623 0.00691692 0.00772489 0.00844611 0.00908185 0.0096367
 0.000530656 0.00119633 0.00205827 0.00303499 0.00405521 0.0050647 0.00602623 0.00691692 0.00772489 0.00844611 0.00908185 0.0096367
 0.000530656 0.00119633 0.00205827 0.00303499 0.00405521 0.0050647 0.00602623 0.00691692 0.00772489 0.00844611 0.00908185 0.0096367
 0.000530656 0.00119633 0.00205827 0.00303499 0.00405521 0.0050647 0.00602623 0.00691692 0.00772489 0.00844611 0.00908185 0.0096367
 0.000530656 0.00119633 0.00205827 0.00303499 0.00405521 0.0050647 0.00602623 0.00691692 0.00772489 0.00844611 0.00908185 0.0096367
# nyrs_ind_age
 30
# yrs_ind_age
 1 2 3 4 5 6 7 8 9 10 11 12 13 14 15 16 17 18 19 20 21 22 23 24 25 26 27 28 29 30
# n_sample_ind_age
 200 200 200 200 200 200 200 200 200 200 200 200 200 200 200 200 200 200 200 200 200 200 200 200 200 200 200 200 200 200
# oac_ind
 0.06 0.12 0.105 0.095 0.13 0.1 0.085 0.08 0.04 0.03 0.04 0.115
 0.065 0.115 0.19 0.14 0.085 0.08 0.045 0.015 0.065 0.015 0.025 0.16
 0.065 0.145 0.11 0.185 0.06 0.085 0.05 0.03 0.07 0.03 0.04 0.13
 0.075 0.07 0.205 0.16 0.065 0.075 0.04 0.075 0.04 0.01 0.03 0.155
 0.055 0.14 0.12 0.12 0.12 0.085 0.11 0.045 0.04 0.04 0.03 0.095
 0.095 0.11 0.145 0.09 0.1 0.095 0.07 0.04 0.06 0.04 0.025 0.13
 0.035 0.15 0.12 0.155 0.115 0.06 0.08 0.045 0.045 0.01 0.025 0.16
 0.06 0.215 0.15 0.09 0.12 0.06 0.055 0.04 0.04 0.03 0.025 0.115
 0.06 0.165 0.185 0.155 0.085 0.075 0.06 0.045 0.02 0.035 0.01 0.105
 0.08 0.19 0.145 0.12 0.14 0.05 0.09 0.01 0.03 0.015 0.025 0.105
 0.055 0.115 0.19 0.15 0.125 0.11 0.04 0.03 0.03 0.05 0.01 0.095
 0.085 0.165 0.19 0.165 0.11 0.05 0.06 0.045 0.01 0.025 0.02 0.075
 0.065 0.25 0.15 0.115 0.135 0.07 0.035 0.05 0.03 0.01 0.01 0.08
 0.085 0.2 0.24 0.105 0.1 0.085 0.045 0.035 0.015 0.01 0.015 0.065
 0.08 0.155 0.15 0.22 0.085 0.07 0.065 0.055 0.015 0.035 0.015 0.055
 0.1 0.16 0.165 0.125 0.21 0.06 0.05 0.035 0.025 0.015 0.02 0.035
 0.1 0.22 0.225 0.12 0.11 0.085 0.025 0.035 0.025 0.01 0 0.045
 0.18 0.135 0.21 0.165 0.065 0.055 0.095 0.005 0.015 0.02 0.005 0.05
 0.07 0.29 0.255 0.16 0.1 0.045 0.015 0.02 0.005 0.015 0 0.025
 0.045 0.21 0.265 0.145 0.145 0.065 0.025 0.025 0.02 0.01 0.01 0.035
 0.125 0.225 0.16 0.19 0.115 0.08 0.045 0.025 0.015 0.02 0 0
 0.095 0.215 0.245 0.115 0.13 0.07 0.045 0.04 0.015 0.005 0.015 0.01
 0.125 0.18 0.29 0.13 0.075 0.105 0.02 0.015 0.03 0.005 0.005 0.02
 0.115 0.185 0.235 0.165 0.07 0.06 0.075 0.035 0.02 0.025 0.005 0.01
 0.085 0.345 0.12 0.125 0.14 0.05 0.04 0.05 0.01 0.01 0.01 0.015
 0.06 0.325 0.325 0.085 0.085 0.05 0.03 0.005 0.02 0 0.005 0.01
 0.14 0.205 0.28 0.16 0.055 0.06 0.04 0.02 0.01 0.005 0.015 0.01
 0.095 0.34 0.18 0.155 0.11 0.035 0.035 0.025 0.01 0 0.005 0.01
 0.085 0.31 0.285 0.1 0.1 0.055 0.03 0.01 0.015 0 0.005 0.005
 0.095 0.185 0.225 0.23 0.105 0.065 0.06 0.015 0 0.005 0 0.015
# olc_ind

# obs_lse_ind
 0.198042 0.198042 0.198042 0.198042 0.198042 0.198042 0.198042 0.198042 0.198042 0.198042 0.198042 0.198042 0.198042 0.198042 0.198042 0.198042 0.198042 0.198042 0.198042 0.198042 0.198042 0.198042 0.198042 0.198042 0.198042 0.198042 0.198042 0.198042 0.198042 0.198042
# xages_fsh
 0 0 0 0 0 0 0 0 0 0 0 0
# xages_fsh
 0 0.0909091 0.181818 0.272727 0.363636 0.454545 0.545455 0.636364 0.727273 0.818182 0.909091 1
# xnodes_fsh

Yrs fsh_sel change:  1 0 0 0 0 0 0 0 0 0 0 0 0 0 0 0 0 0 0 0 0 0 0 0 0 0 0 0 0
Yrs ind_sel change:  1 0 0 0 0 0 0 0 0 0 0 0 0 0 0 0 0 0 0 0 0 0 0 0 0 0 0 0 0
# steepnessprior
0.75
# sigmarprior
0.2
#  SSB estimated in styr endyr: -13 28 
#  Rec estimated in styr endyr: -11 30 
#  SR Curve fit  in styr endyr: 1 30 
#             Model styr endyr: 1 30 
# qprior
 3.48998e-007
# q_power_prior 
 1 
# cv_catchbiomass 
0.05 
# CatchbiomassPen 
200 
# Number of projection years 
5 
# offset_fsh
 13315.6
# offset_ind
 12946.8
Mean Catch
1254
R_guess 
15.3942
# nfsh
1
# n_sel_ch_fsh
 1
# nselages_fsh
 11
# phase_selcoff_fsh
 -1
logRzero 15.3942
logmeanrec 15.3942
exp(log_sigmarprior 0.2
Fish sel phase: -1 FLEET1
Fixing fishery sel to
1
Srvy sel phase: -1
Fixing SURVEY1 indices sel to
1
# logsel_slp_in_indv
 0.693147
Leaving parameter init secton
# M
 0.2 0.2 0.2 0.2 0.2 0.2 0.2 0.2 0.2 0.2 0.2 0.2
 0.2 0.2 0.2 0.2 0.2 0.2 0.2 0.2 0.2 0.2 0.2 0.2
 0.2 0.2 0.2 0.2 0.2 0.2 0.2 0.2 0.2 0.2 0.2 0.2
 0.2 0.2 0.2 0.2 0.2 0.2 0.2 0.2 0.2 0.2 0.2 0.2
 0.2 0.2 0.2 0.2 0.2 0.2 0.2 0.2 0.2 0.2 0.2 0.2
 0.2 0.2 0.2 0.2 0.2 0.2 0.2 0.2 0.2 0.2 0.2 0.2
 0.2 0.2 0.2 0.2 0.2 0.2 0.2 0.2 0.2 0.2 0.2 0.2
 0.2 0.2 0.2 0.2 0.2 0.2 0.2 0.2 0.2 0.2 0.2 0.2
 0.2 0.2 0.2 0.2 0.2 0.2 0.2 0.2 0.2 0.2 0.2 0.2
 0.2 0.2 0.2 0.2 0.2 0.2 0.2 0.2 0.2 0.2 0.2 0.2
 0.2 0.2 0.2 0.2 0.2 0.2 0.2 0.2 0.2 0.2 0.2 0.2
 0.2 0.2 0.2 0.2 0.2 0.2 0.2 0.2 0.2 0.2 0.2 0.2
 0.2 0.2 0.2 0.2 0.2 0.2 0.2 0.2 0.2 0.2 0.2 0.2
 0.2 0.2 0.2 0.2 0.2 0.2 0.2 0.2 0.2 0.2 0.2 0.2
 0.2 0.2 0.2 0.2 0.2 0.2 0.2 0.2 0.2 0.2 0.2 0.2
 0.2 0.2 0.2 0.2 0.2 0.2 0.2 0.2 0.2 0.2 0.2 0.2
 0.2 0.2 0.2 0.2 0.2 0.2 0.2 0.2 0.2 0.2 0.2 0.2
 0.2 0.2 0.2 0.2 0.2 0.2 0.2 0.2 0.2 0.2 0.2 0.2
 0.2 0.2 0.2 0.2 0.2 0.2 0.2 0.2 0.2 0.2 0.2 0.2
 0.2 0.2 0.2 0.2 0.2 0.2 0.2 0.2 0.2 0.2 0.2 0.2
 0.2 0.2 0.2 0.2 0.2 0.2 0.2 0.2 0.2 0.2 0.2 0.2
 0.2 0.2 0.2 0.2 0.2 0.2 0.2 0.2 0.2 0.2 0.2 0.2
 0.2 0.2 0.2 0.2 0.2 0.2 0.2 0.2 0.2 0.2 0.2 0.2
 0.2 0.2 0.2 0.2 0.2 0.2 0.2 0.2 0.2 0.2 0.2 0.2
 0.2 0.2 0.2 0.2 0.2 0.2 0.2 0.2 0.2 0.2 0.2 0.2
 0.2 0.2 0.2 0.2 0.2 0.2 0.2 0.2 0.2 0.2 0.2 0.2
 0.2 0.2 0.2 0.2 0.2 0.2 0.2 0.2 0.2 0.2 0.2 0.2
 0.2 0.2 0.2 0.2 0.2 0.2 0.2 0.2 0.2 0.2 0.2 0.2
 0.2 0.2 0.2 0.2 0.2 0.2 0.2 0.2 0.2 0.2 0.2 0.2
 0.2 0.2 0.2 0.2 0.2 0.2 0.2 0.2 0.2 0.2 0.2 0.2
# mean_log_rec
13.7595
# log_Rzero
13.7605
# rec_dev
 -0.063077 -0.0760393 0.0465927 0.088786 -0.00991281 0.109143 -0.110804 0.0610111 0.0575309 -0.0330684 -0.0493029 0.0161752 -0.0370754 -0.0236363 -0.273579 -0.0310597 -0.27619 0.17105 -0.0867122 -0.0997545 0.00672963 -0.178491 -0.324093 0.288861 -0.159917 -0.208266 0.0608264 0.0829832 0.0262171 0.310017 -0.23934 -0.158481 0.0429457 -0.120841 -0.312648 0.111149 -0.122171 -0.244932 0.126179 -0.146737 -0.537931 -0.409885
# fmort
 0.00928777 0.0270485 0.0450138 0.0612033 0.0490488 0.0880259 0.0882658 0.187843 0.109741 0.13321 0.152685 0.164644 0.119877 0.173112 0.185445 0.165064 0.318984 0.262622 0.264916 0.262385 0.364212 0.268123 0.438716 0.359079 0.363224 0.337116 0.336822 0.476538 0.370651 0.570167
# rec_dev_future
 0 0 0 0 0
