AMAK;Mar 2020
# styr
1
# endyr
30
# rec_age
1
# oldest_age
12
# nlength
81
# len_bins
 10 11 12 13 14 15 16 17 18 19 20 21 22 23 24 25 26 27 28 29 30 31 32 33 34 35 36 37 38 39 40 41 42 43 44 45 46 47 48 49 50 51 52 53 54 55 56 57 58 59 60 61 62 63 64 65 66 67 68 69 70 71 72 73 74 75 76 77 78 79 80 81 82 83 84 85 86 87 88 89 90
# datafile_name
amak_data.dat
# model_name
AMAK_MCP
# styr
1
# endyr
30
# rec_age
1
# oldest_age
12
# nfsh
1
# fshname
FLEET1
# catch_bio_in
 196.284 356.193 378.639 724.216 1241.83 1125.2 1862.17 1431.36 1282.51 1236.58 1147 1984.76 1536.19 1268.36 1125.79 1506.56 1384.04 1270.78 1765.29 1532.57 1953.45 1379.82 1510.31 887.175 1036.01 1373.16 1314.3 1276.09 767.424 1067.84
# catch_bio_sd_in
 0.01 0.01 0.01 0.01 0.01 0.01 0.01 0.01 0.01 0.01 0.01 0.01 0.01 0.01 0.01 0.01 0.01 0.01 0.01 0.01 0.01 0.01 0.01 0.01 0.01 0.01 0.01 0.01 0.01 0.01
# nyrs_fsh_age
 30
# nyrs_fsh_length
 0
# yrs_fsh_age_in
 1 2 3 4 5 6 7 8 9 10 11 12 13 14 15 16 17 18 19 20 21 22 23 24 25 26 27 28 29 30
# yrs_fsh_length_in

# n_sample_fsh_length_in

# olc_fsh_in

# nind
1
# indname
SURVEY1
# nyrs_ind
 30
# yrs_ind_in
 1 2 3 4 5 6 7 8 9 10 11 12 13 14 15 16 17 18 19 20 21 22 23 24 25 26 27 28 29 30
# mo_ind
 1
# obs_ind_in
 1.47191 1.57654 1.72975 1.38624 1.54763 1.6389 1.28724 1.15717 1.09879 1.26529 0.991978 1.23376 0.971864 0.845454 1.10184 0.998052 0.918521 1.02665 0.851511 0.665502 0.937712 0.648029 0.623345 0.666456 0.693221 0.71839 0.722412 0.647215 0.592414 0.561833
# obs_se_ind_in
 0.294382 0.315309 0.34595 0.277249 0.309526 0.32778 0.257448 0.231434 0.219757 0.253058 0.198396 0.246751 0.194373 0.169091 0.220368 0.19961 0.183704 0.205331 0.170302 0.1331 0.187542 0.129606 0.124669 0.133291 0.138644 0.143678 0.144482 0.129443 0.118483 0.112367
# nyrs_ind_age
 30
# nyrs_ind_length
 0
# yrs_ind_age_in
 1 2 3 4 5 6 7 8 9 10 11 12 13 14 15 16 17 18 19 20 21 22 23 24 25 26 27 28 29 30
# yrs_ind_length_in

# yrs_ind_age_in
 1 2 3 4 5 6 7 8 9 10 11 12 13 14 15 16 17 18 19 20 21 22 23 24 25 26 27 28 29 30
# n_sample_ind_length_in

# olc_ind_in

# oac_ind_in
 0.075 0.14 0.135 0.125 0.12 0.065 0.055 0.04 0.05 0.045 0.03 0.12
 0.075 0.135 0.15 0.135 0.065 0.095 0.04 0.05 0.04 0.045 0.05 0.12
 0.04 0.155 0.13 0.11 0.125 0.085 0.065 0.04 0.045 0.04 0.03 0.135
 0.06 0.14 0.185 0.105 0.075 0.08 0.05 0.04 0.05 0.03 0.03 0.155
 0.065 0.13 0.17 0.145 0.11 0.095 0.055 0.04 0.03 0.03 0.025 0.105
 0.045 0.23 0.145 0.085 0.13 0.075 0.04 0.055 0.045 0.035 0.025 0.09
 0.055 0.145 0.18 0.105 0.11 0.065 0.07 0.02 0.025 0.055 0.05 0.12
 0.045 0.13 0.18 0.165 0.09 0.06 0.065 0.035 0.045 0.04 0.015 0.13
 0.13 0.125 0.155 0.075 0.16 0.1 0.06 0.05 0.02 0.03 0.01 0.085
 0.065 0.21 0.105 0.12 0.135 0.07 0.065 0.05 0.025 0.035 0.03 0.09
 0.06 0.2 0.18 0.14 0.075 0.075 0.06 0.07 0.03 0.02 0.03 0.06
 0.1 0.17 0.18 0.155 0.08 0.055 0.06 0.035 0.03 0.03 0.04 0.065
 0.095 0.14 0.17 0.12 0.16 0.095 0.04 0.045 0.03 0.025 0.005 0.075
 0.105 0.15 0.185 0.15 0.095 0.12 0.045 0.025 0.035 0.02 0.015 0.055
 0.11 0.16 0.225 0.115 0.125 0.065 0.08 0.015 0.025 0.035 0 0.045
 0.085 0.305 0.165 0.155 0.07 0.05 0.04 0.025 0.015 0.03 0.005 0.055
 0.07 0.24 0.175 0.155 0.08 0.085 0.05 0.035 0.04 0.025 0.01 0.035
 0.14 0.17 0.2 0.17 0.13 0.07 0.04 0.035 0 0.025 0.005 0.015
 0.07 0.29 0.135 0.17 0.12 0.075 0.035 0.02 0.02 0.02 0.01 0.035
 0.055 0.205 0.24 0.095 0.135 0.085 0.035 0.025 0.015 0.055 0.02 0.035
 0.08 0.22 0.15 0.175 0.105 0.065 0.075 0.045 0.02 0.02 0 0.045
 0.12 0.205 0.22 0.16 0.11 0.065 0.015 0.035 0.015 0.01 0.01 0.035
 0.12 0.21 0.19 0.15 0.09 0.105 0.02 0.025 0.045 0.015 0.01 0.02
 0.1 0.21 0.195 0.16 0.14 0.065 0.04 0.025 0.015 0.01 0.015 0.025
 0.145 0.205 0.21 0.17 0.08 0.085 0.02 0.04 0.005 0.01 0.01 0.02
 0.12 0.24 0.165 0.195 0.095 0.065 0.055 0.02 0.01 0.01 0.005 0.02
 0.115 0.195 0.215 0.175 0.14 0.065 0.02 0.02 0.02 0.015 0.005 0.015
 0.17 0.195 0.215 0.12 0.09 0.085 0.045 0.02 0.02 0.01 0.02 0.01
 0.095 0.195 0.185 0.22 0.08 0.04 0.05 0.04 0.03 0.03 0 0.035
 0.11 0.225 0.265 0.14 0.08 0.04 0.06 0.05 0.02 0 0.005 0.005
# wt_ind
 1 1 1 1 1 1 1 1 1 1 1 1
 1 1 1 1 1 1 1 1 1 1 1 1
 1 1 1 1 1 1 1 1 1 1 1 1
 1 1 1 1 1 1 1 1 1 1 1 1
 1 1 1 1 1 1 1 1 1 1 1 1
 1 1 1 1 1 1 1 1 1 1 1 1
 1 1 1 1 1 1 1 1 1 1 1 1
 1 1 1 1 1 1 1 1 1 1 1 1
 1 1 1 1 1 1 1 1 1 1 1 1
 1 1 1 1 1 1 1 1 1 1 1 1
 1 1 1 1 1 1 1 1 1 1 1 1
 1 1 1 1 1 1 1 1 1 1 1 1
 1 1 1 1 1 1 1 1 1 1 1 1
 1 1 1 1 1 1 1 1 1 1 1 1
 1 1 1 1 1 1 1 1 1 1 1 1
 1 1 1 1 1 1 1 1 1 1 1 1
 1 1 1 1 1 1 1 1 1 1 1 1
 1 1 1 1 1 1 1 1 1 1 1 1
 1 1 1 1 1 1 1 1 1 1 1 1
 1 1 1 1 1 1 1 1 1 1 1 1
 1 1 1 1 1 1 1 1 1 1 1 1
 1 1 1 1 1 1 1 1 1 1 1 1
 1 1 1 1 1 1 1 1 1 1 1 1
 1 1 1 1 1 1 1 1 1 1 1 1
 1 1 1 1 1 1 1 1 1 1 1 1
 1 1 1 1 1 1 1 1 1 1 1 1
 1 1 1 1 1 1 1 1 1 1 1 1
 1 1 1 1 1 1 1 1 1 1 1 1
 1 1 1 1 1 1 1 1 1 1 1 1
 1 1 1 1 1 1 1 1 1 1 1 1
# wt_pop
 0.000530656 0.00119633 0.00205827 0.00303499 0.00405521 0.0050647 0.00602623 0.00691692 0.00772489 0.00844611 0.00908185 0.0096367
# maturity
 0.0229774 0.320821 0.904651 0.99478 0.999739 0.999987 0.999999 1 1 1 1 1
# spawnmo
1
# age_err
 1 0 0 0 0 0 0 0 0 0 0 0
 0 1 0 0 0 0 0 0 0 0 0 0
 0 0 1 0 0 0 0 0 0 0 0 0
 0 0 0 1 0 0 0 0 0 0 0 0
 0 0 0 0 1 0 0 0 0 0 0 0
 0 0 0 0 0 1 0 0 0 0 0 0
 0 0 0 0 0 0 1 0 0 0 0 0
 0 0 0 0 0 0 0 1 0 0 0 0
 0 0 0 0 0 0 0 0 1 0 0 0
 0 0 0 0 0 0 0 0 0 1 0 0
 0 0 0 0 0 0 0 0 0 0 1 0
 0 0 0 0 0 0 0 0 0 0 0 1
# cntrlfile_name
C:\Users\bai.li\DOCUME~1\Github\AGE_ST~1\ASSAMC\example\em_input\amak.dat
# Map shared selectivity: 
# sel_map
 1 2
 1 1
# datafile_name
amak_data.dat
# model_name
AMAK_MCP
# SrType
2
# use_age_err
0
# retro
0
# sigmarprior
0.2
# cvsigmarprior
0.25
# phase_sigmar
-3
# styr_rec_est
1
# endyr_rec_est
30
# Linfprior
80
# cvLinfprior
0.25
# kprior
0.18
# cvkprior
0.25
# Loprior
27.688
# cvLoprior
0.25
# sdageprior
0.1
# cvsdageprior
0.25
# natmortprior
0.2
# cvnatmortprior
0.25
# phase_M
-4
# npars_Mage
0
# ages_M_changes

# Mage_in

# Mage_offset_in

# phase_Mage
-5
# phase_rw_M
0
# npars_rw_M
0
# yrs_rw_M

# sigma_rw_M

# qprior
 3.48998e-007
# cvqprior
 1
# phase_q
 1
# q_power_prior
 1
# cvq_power_prior
 0.2
# phase_q_power
 -4
# phase_rw_q
 -1
# npars_rw_q
 0
# yrs_rw_q

# sigma_rw_q

# q_age_min
 1
# q_age_max
 12
# q_age_min
 1
# q_age_max
 12
# fsh_sel_opt(k)
2
# phase_sel_fsh(k)
2
# n_sel_ch_fsh(k)
1
# sel_slp_in_fsh(k)(1,n_sel_ch_fsh(k))
 1
# sel_inf_in_fsh(k)(1,n_sel_ch_fsh(k))
 2
# logsel_slp_in_fsh(k)(1,n_sel_ch_fsh(k))
 0
# yrs_sel_ch_fsh(k)(1,n_sel_ch_fsh(k))
 1

Survey SURVEY1
# ind_sel_opt(k)
2
# indname(k)
SURVEY1
# nselages_in_ind(k)
11
# phase_sel_ind(k)
2
# sel_change_in_ind(k)
 1 0 0 0 0 0 0 0 0 0 0 0 0 0 0 0 0 0 0 0 0 0 0 0 0 0 0 0 0 0
# n_sel_ch_ind(k)
1
# yrs_sel_ch_ind(k)(1,n_sel_ch_ind(k))
 1
# sel_slp_in_ind(k,1)
2
# sel_inf_in_ind(k,1)
1.5
# logsel_slp_in_ind(k,1)
0.693147
# logsel_slp_in_indv(k)
0.693147
SURVEY1 ind sel opt 2  1 0 0 0 0 0 0 0 0 0 0 0 0 0 0 0 0 0 0 0 0 0 0 0 0 0 0 0 0 0
Phase indices Sel_Coffs:  -1
 Test: 1.23457e+008
# Fshry Selages:  11
# Srvy  Selages:  11
# Phase for age-spec fishery  -1
# Phase for logistic fishery  2
# Phase for dble logistic fishery  -1
# Phase for age-spec indices   -1
# Phase for logistic indices   2
# Phase for dble logistic ind  -1
# Curv_pen_fsh: 
 0
# Curv_pen_ind: 
 0
# styr_fut
31
# endyr_fut
35
# nyrs_fsh_age
 30
# nyrs_fsh_age
 30
# yrs_fsh_age
 1 2 3 4 5 6 7 8 9 10 11 12 13 14 15 16 17 18 19 20 21 22 23 24 25 26 27 28 29 30
# n_sample_fsh_age
 200 200 200 200 200 200 200 200 200 200 200 200 200 200 200 200 200 200 200 200 200 200 200 200 200 200 200 200 200 200
# oac_fsh
 0.05 0.15 0.145 0.095 0.1 0.105 0.055 0.04 0.025 0.04 0.03 0.165
 0.065 0.095 0.16 0.12 0.115 0.105 0.08 0.065 0.03 0.03 0.02 0.115
 0.04 0.12 0.105 0.1 0.145 0.11 0.065 0.055 0.06 0.05 0.035 0.115
 0.055 0.12 0.17 0.095 0.12 0.115 0.04 0.045 0.035 0.045 0.015 0.145
 0.13 0.07 0.115 0.105 0.1 0.105 0.085 0.07 0.05 0.03 0.025 0.115
 0.095 0.165 0.08 0.12 0.16 0.065 0.03 0.05 0.045 0.05 0.02 0.12
 0.05 0.135 0.14 0.155 0.06 0.1 0.07 0.06 0.05 0.05 0.01 0.12
 0.12 0.085 0.105 0.19 0.09 0.055 0.065 0.08 0.05 0.02 0.03 0.11
 0.115 0.075 0.12 0.16 0.14 0.1 0.035 0.075 0.04 0.01 0.035 0.095
 0.105 0.14 0.135 0.105 0.155 0.055 0.085 0.055 0.03 0.02 0.005 0.11
 0.145 0.055 0.185 0.09 0.125 0.075 0.08 0.07 0.02 0.015 0.025 0.115
 0.11 0.16 0.14 0.185 0.09 0.06 0.05 0.06 0.015 0.05 0.01 0.07
 0.085 0.125 0.18 0.105 0.145 0.07 0.04 0.04 0.03 0.025 0.035 0.12
 0.11 0.145 0.22 0.115 0.08 0.095 0.08 0.03 0.035 0.01 0.03 0.05
 0.13 0.17 0.1 0.105 0.16 0.07 0.09 0.03 0.04 0.015 0.045 0.045
 0.115 0.2 0.18 0.13 0.085 0.09 0.04 0.055 0.025 0.005 0.01 0.065
 0.12 0.125 0.165 0.195 0.125 0.08 0.06 0.02 0.025 0.03 0 0.055
 0.195 0.085 0.205 0.225 0.095 0.045 0.04 0.02 0.03 0.015 0.005 0.04
 0.09 0.17 0.165 0.185 0.12 0.09 0.045 0.03 0.04 0 0.02 0.045
 0.08 0.175 0.245 0.12 0.09 0.105 0.065 0.02 0.015 0.015 0.02 0.05
 0.13 0.17 0.175 0.195 0.085 0.095 0.02 0.035 0.02 0.01 0.035 0.03
 0.16 0.16 0.185 0.125 0.15 0.055 0.065 0.025 0.02 0.02 0.01 0.025
 0.135 0.21 0.155 0.185 0.09 0.065 0.055 0.005 0.03 0.015 0.015 0.04
 0.13 0.2 0.195 0.11 0.165 0.065 0.05 0.025 0.01 0.02 0.01 0.02
 0.125 0.185 0.21 0.22 0.085 0.065 0.035 0.02 0.03 0.01 0 0.015
 0.22 0.185 0.195 0.18 0.065 0.045 0.035 0.025 0.03 0.005 0.005 0.01
 0.075 0.16 0.22 0.14 0.165 0.1 0.05 0.03 0.02 0.01 0.015 0.015
 0.15 0.17 0.205 0.195 0.095 0.055 0.05 0.03 0.025 0.01 0.005 0.01
 0.135 0.15 0.235 0.14 0.125 0.065 0.05 0.045 0.025 0.01 0 0.02
 0.155 0.15 0.235 0.165 0.095 0.055 0.04 0.02 0.03 0.03 0.01 0.015
# olc_fsh

# wt_fsh
 0.000530656 0.00119633 0.00205827 0.00303499 0.00405521 0.0050647 0.00602623 0.00691692 0.00772489 0.00844611 0.00908185 0.0096367
 0.000530656 0.00119633 0.00205827 0.00303499 0.00405521 0.0050647 0.00602623 0.00691692 0.00772489 0.00844611 0.00908185 0.0096367
 0.000530656 0.00119633 0.00205827 0.00303499 0.00405521 0.0050647 0.00602623 0.00691692 0.00772489 0.00844611 0.00908185 0.0096367
 0.000530656 0.00119633 0.00205827 0.00303499 0.00405521 0.0050647 0.00602623 0.00691692 0.00772489 0.00844611 0.00908185 0.0096367
 0.000530656 0.00119633 0.00205827 0.00303499 0.00405521 0.0050647 0.00602623 0.00691692 0.00772489 0.00844611 0.00908185 0.0096367
 0.000530656 0.00119633 0.00205827 0.00303499 0.00405521 0.0050647 0.00602623 0.00691692 0.00772489 0.00844611 0.00908185 0.0096367
 0.000530656 0.00119633 0.00205827 0.00303499 0.00405521 0.0050647 0.00602623 0.00691692 0.00772489 0.00844611 0.00908185 0.0096367
 0.000530656 0.00119633 0.00205827 0.00303499 0.00405521 0.0050647 0.00602623 0.00691692 0.00772489 0.00844611 0.00908185 0.0096367
 0.000530656 0.00119633 0.00205827 0.00303499 0.00405521 0.0050647 0.00602623 0.00691692 0.00772489 0.00844611 0.00908185 0.0096367
 0.000530656 0.00119633 0.00205827 0.00303499 0.00405521 0.0050647 0.00602623 0.00691692 0.00772489 0.00844611 0.00908185 0.0096367
 0.000530656 0.00119633 0.00205827 0.00303499 0.00405521 0.0050647 0.00602623 0.00691692 0.00772489 0.00844611 0.00908185 0.0096367
 0.000530656 0.00119633 0.00205827 0.00303499 0.00405521 0.0050647 0.00602623 0.00691692 0.00772489 0.00844611 0.00908185 0.0096367
 0.000530656 0.00119633 0.00205827 0.00303499 0.00405521 0.0050647 0.00602623 0.00691692 0.00772489 0.00844611 0.00908185 0.0096367
 0.000530656 0.00119633 0.00205827 0.00303499 0.00405521 0.0050647 0.00602623 0.00691692 0.00772489 0.00844611 0.00908185 0.0096367
 0.000530656 0.00119633 0.00205827 0.00303499 0.00405521 0.0050647 0.00602623 0.00691692 0.00772489 0.00844611 0.00908185 0.0096367
 0.000530656 0.00119633 0.00205827 0.00303499 0.00405521 0.0050647 0.00602623 0.00691692 0.00772489 0.00844611 0.00908185 0.0096367
 0.000530656 0.00119633 0.00205827 0.00303499 0.00405521 0.0050647 0.00602623 0.00691692 0.00772489 0.00844611 0.00908185 0.0096367
 0.000530656 0.00119633 0.00205827 0.00303499 0.00405521 0.0050647 0.00602623 0.00691692 0.00772489 0.00844611 0.00908185 0.0096367
 0.000530656 0.00119633 0.00205827 0.00303499 0.00405521 0.0050647 0.00602623 0.00691692 0.00772489 0.00844611 0.00908185 0.0096367
 0.000530656 0.00119633 0.00205827 0.00303499 0.00405521 0.0050647 0.00602623 0.00691692 0.00772489 0.00844611 0.00908185 0.0096367
 0.000530656 0.00119633 0.00205827 0.00303499 0.00405521 0.0050647 0.00602623 0.00691692 0.00772489 0.00844611 0.00908185 0.0096367
 0.000530656 0.00119633 0.00205827 0.00303499 0.00405521 0.0050647 0.00602623 0.00691692 0.00772489 0.00844611 0.00908185 0.0096367
 0.000530656 0.00119633 0.00205827 0.00303499 0.00405521 0.0050647 0.00602623 0.00691692 0.00772489 0.00844611 0.00908185 0.0096367
 0.000530656 0.00119633 0.00205827 0.00303499 0.00405521 0.0050647 0.00602623 0.00691692 0.00772489 0.00844611 0.00908185 0.0096367
 0.000530656 0.00119633 0.00205827 0.00303499 0.00405521 0.0050647 0.00602623 0.00691692 0.00772489 0.00844611 0.00908185 0.0096367
 0.000530656 0.00119633 0.00205827 0.00303499 0.00405521 0.0050647 0.00602623 0.00691692 0.00772489 0.00844611 0.00908185 0.0096367
 0.000530656 0.00119633 0.00205827 0.00303499 0.00405521 0.0050647 0.00602623 0.00691692 0.00772489 0.00844611 0.00908185 0.0096367
 0.000530656 0.00119633 0.00205827 0.00303499 0.00405521 0.0050647 0.00602623 0.00691692 0.00772489 0.00844611 0.00908185 0.0096367
 0.000530656 0.00119633 0.00205827 0.00303499 0.00405521 0.0050647 0.00602623 0.00691692 0.00772489 0.00844611 0.00908185 0.0096367
 0.000530656 0.00119633 0.00205827 0.00303499 0.00405521 0.0050647 0.00602623 0.00691692 0.00772489 0.00844611 0.00908185 0.0096367
# nyrs_ind_age
 30
# yrs_ind_age
 1 2 3 4 5 6 7 8 9 10 11 12 13 14 15 16 17 18 19 20 21 22 23 24 25 26 27 28 29 30
# n_sample_ind_age
 200 200 200 200 200 200 200 200 200 200 200 200 200 200 200 200 200 200 200 200 200 200 200 200 200 200 200 200 200 200
# oac_ind
 0.075 0.14 0.135 0.125 0.12 0.065 0.055 0.04 0.05 0.045 0.03 0.12
 0.075 0.135 0.15 0.135 0.065 0.095 0.04 0.05 0.04 0.045 0.05 0.12
 0.04 0.155 0.13 0.11 0.125 0.085 0.065 0.04 0.045 0.04 0.03 0.135
 0.06 0.14 0.185 0.105 0.075 0.08 0.05 0.04 0.05 0.03 0.03 0.155
 0.065 0.13 0.17 0.145 0.11 0.095 0.055 0.04 0.03 0.03 0.025 0.105
 0.045 0.23 0.145 0.085 0.13 0.075 0.04 0.055 0.045 0.035 0.025 0.09
 0.055 0.145 0.18 0.105 0.11 0.065 0.07 0.02 0.025 0.055 0.05 0.12
 0.045 0.13 0.18 0.165 0.09 0.06 0.065 0.035 0.045 0.04 0.015 0.13
 0.13 0.125 0.155 0.075 0.16 0.1 0.06 0.05 0.02 0.03 0.01 0.085
 0.065 0.21 0.105 0.12 0.135 0.07 0.065 0.05 0.025 0.035 0.03 0.09
 0.06 0.2 0.18 0.14 0.075 0.075 0.06 0.07 0.03 0.02 0.03 0.06
 0.1 0.17 0.18 0.155 0.08 0.055 0.06 0.035 0.03 0.03 0.04 0.065
 0.095 0.14 0.17 0.12 0.16 0.095 0.04 0.045 0.03 0.025 0.005 0.075
 0.105 0.15 0.185 0.15 0.095 0.12 0.045 0.025 0.035 0.02 0.015 0.055
 0.11 0.16 0.225 0.115 0.125 0.065 0.08 0.015 0.025 0.035 0 0.045
 0.085 0.305 0.165 0.155 0.07 0.05 0.04 0.025 0.015 0.03 0.005 0.055
 0.07 0.24 0.175 0.155 0.08 0.085 0.05 0.035 0.04 0.025 0.01 0.035
 0.14 0.17 0.2 0.17 0.13 0.07 0.04 0.035 0 0.025 0.005 0.015
 0.07 0.29 0.135 0.17 0.12 0.075 0.035 0.02 0.02 0.02 0.01 0.035
 0.055 0.205 0.24 0.095 0.135 0.085 0.035 0.025 0.015 0.055 0.02 0.035
 0.08 0.22 0.15 0.175 0.105 0.065 0.075 0.045 0.02 0.02 0 0.045
 0.12 0.205 0.22 0.16 0.11 0.065 0.015 0.035 0.015 0.01 0.01 0.035
 0.12 0.21 0.19 0.15 0.09 0.105 0.02 0.025 0.045 0.015 0.01 0.02
 0.1 0.21 0.195 0.16 0.14 0.065 0.04 0.025 0.015 0.01 0.015 0.025
 0.145 0.205 0.21 0.17 0.08 0.085 0.02 0.04 0.005 0.01 0.01 0.02
 0.12 0.24 0.165 0.195 0.095 0.065 0.055 0.02 0.01 0.01 0.005 0.02
 0.115 0.195 0.215 0.175 0.14 0.065 0.02 0.02 0.02 0.015 0.005 0.015
 0.17 0.195 0.215 0.12 0.09 0.085 0.045 0.02 0.02 0.01 0.02 0.01
 0.095 0.195 0.185 0.22 0.08 0.04 0.05 0.04 0.03 0.03 0 0.035
 0.11 0.225 0.265 0.14 0.08 0.04 0.06 0.05 0.02 0 0.005 0.005
# olc_ind

# obs_lse_ind
 0.198042 0.198042 0.198042 0.198042 0.198042 0.198042 0.198042 0.198042 0.198042 0.198042 0.198042 0.198042 0.198042 0.198042 0.198042 0.198042 0.198042 0.198042 0.198042 0.198042 0.198042 0.198042 0.198042 0.198042 0.198042 0.198042 0.198042 0.198042 0.198042 0.198042
# xages_fsh
 0 0 0 0 0 0 0 0 0 0 0 0
# xages_fsh
 0 0.0909091 0.181818 0.272727 0.363636 0.454545 0.545455 0.636364 0.727273 0.818182 0.909091 1
# xnodes_fsh

Yrs fsh_sel change:  1 0 0 0 0 0 0 0 0 0 0 0 0 0 0 0 0 0 0 0 0 0 0 0 0 0 0 0 0
Yrs ind_sel change:  1 0 0 0 0 0 0 0 0 0 0 0 0 0 0 0 0 0 0 0 0 0 0 0 0 0 0 0 0
# steepnessprior
0.75
# sigmarprior
0.2
#  SSB estimated in styr endyr: -13 28 
#  Rec estimated in styr endyr: -11 30 
#  SR Curve fit  in styr endyr: 1 30 
#             Model styr endyr: 1 30 
# qprior
 3.48998e-007
# q_power_prior 
 1 
# cv_catchbiomass 
0.05 
# CatchbiomassPen 
200 
# Number of projection years 
5 
# offset_fsh
 13478.4
# offset_ind
 13309.5
Mean Catch
1230.73
R_guess 
15.3755
# nfsh
1
# n_sel_ch_fsh
 1
# nselages_fsh
 11
# phase_selcoff_fsh
 -1
logRzero 15.3755
logmeanrec 15.3755
exp(log_sigmarprior 0.2
Fish sel phase: -1 FLEET1
Fixing fishery sel to
1
Srvy sel phase: -1
Fixing SURVEY1 indices sel to
1
# logsel_slp_in_indv
 0.693147
Leaving parameter init secton
# M
 0.2 0.2 0.2 0.2 0.2 0.2 0.2 0.2 0.2 0.2 0.2 0.2
 0.2 0.2 0.2 0.2 0.2 0.2 0.2 0.2 0.2 0.2 0.2 0.2
 0.2 0.2 0.2 0.2 0.2 0.2 0.2 0.2 0.2 0.2 0.2 0.2
 0.2 0.2 0.2 0.2 0.2 0.2 0.2 0.2 0.2 0.2 0.2 0.2
 0.2 0.2 0.2 0.2 0.2 0.2 0.2 0.2 0.2 0.2 0.2 0.2
 0.2 0.2 0.2 0.2 0.2 0.2 0.2 0.2 0.2 0.2 0.2 0.2
 0.2 0.2 0.2 0.2 0.2 0.2 0.2 0.2 0.2 0.2 0.2 0.2
 0.2 0.2 0.2 0.2 0.2 0.2 0.2 0.2 0.2 0.2 0.2 0.2
 0.2 0.2 0.2 0.2 0.2 0.2 0.2 0.2 0.2 0.2 0.2 0.2
 0.2 0.2 0.2 0.2 0.2 0.2 0.2 0.2 0.2 0.2 0.2 0.2
 0.2 0.2 0.2 0.2 0.2 0.2 0.2 0.2 0.2 0.2 0.2 0.2
 0.2 0.2 0.2 0.2 0.2 0.2 0.2 0.2 0.2 0.2 0.2 0.2
 0.2 0.2 0.2 0.2 0.2 0.2 0.2 0.2 0.2 0.2 0.2 0.2
 0.2 0.2 0.2 0.2 0.2 0.2 0.2 0.2 0.2 0.2 0.2 0.2
 0.2 0.2 0.2 0.2 0.2 0.2 0.2 0.2 0.2 0.2 0.2 0.2
 0.2 0.2 0.2 0.2 0.2 0.2 0.2 0.2 0.2 0.2 0.2 0.2
 0.2 0.2 0.2 0.2 0.2 0.2 0.2 0.2 0.2 0.2 0.2 0.2
 0.2 0.2 0.2 0.2 0.2 0.2 0.2 0.2 0.2 0.2 0.2 0.2
 0.2 0.2 0.2 0.2 0.2 0.2 0.2 0.2 0.2 0.2 0.2 0.2
 0.2 0.2 0.2 0.2 0.2 0.2 0.2 0.2 0.2 0.2 0.2 0.2
 0.2 0.2 0.2 0.2 0.2 0.2 0.2 0.2 0.2 0.2 0.2 0.2
 0.2 0.2 0.2 0.2 0.2 0.2 0.2 0.2 0.2 0.2 0.2 0.2
 0.2 0.2 0.2 0.2 0.2 0.2 0.2 0.2 0.2 0.2 0.2 0.2
 0.2 0.2 0.2 0.2 0.2 0.2 0.2 0.2 0.2 0.2 0.2 0.2
 0.2 0.2 0.2 0.2 0.2 0.2 0.2 0.2 0.2 0.2 0.2 0.2
 0.2 0.2 0.2 0.2 0.2 0.2 0.2 0.2 0.2 0.2 0.2 0.2
 0.2 0.2 0.2 0.2 0.2 0.2 0.2 0.2 0.2 0.2 0.2 0.2
 0.2 0.2 0.2 0.2 0.2 0.2 0.2 0.2 0.2 0.2 0.2 0.2
 0.2 0.2 0.2 0.2 0.2 0.2 0.2 0.2 0.2 0.2 0.2 0.2
 0.2 0.2 0.2 0.2 0.2 0.2 0.2 0.2 0.2 0.2 0.2 0.2
# mean_log_rec
13.7084
# log_Rzero
13.8105
# rec_dev
 -0.0618023 -0.0745124 -0.0638677 0.0583168 -0.0239198 -0.117739 -0.00890018 -0.0440228 0.0733252 0.0259341 0.138484 0.0640084 0.0306125 0.215564 0.00184952 0.0797148 0.305676 0.104841 -0.113255 -0.0893473 0.299227 -0.0633289 0.144696 -0.0127026 -0.0368205 0.112026 0.253701 0.11681 -0.120282 0.30583 -0.0572942 0.0765783 -0.11145 0.0325789 0.0467803 -0.137792 -0.0584594 -0.0584031 -0.206895 -0.101873 -0.273097 -0.144092
# fmort
 0.0117704 0.0215497 0.0231861 0.0452881 0.0811619 0.0775328 0.137889 0.115679 0.111093 0.113671 0.110395 0.206355 0.176491 0.155546 0.142878 0.197901 0.1901 0.179388 0.262848 0.245878 0.347716 0.273705 0.324168 0.196493 0.22458 0.305663 0.31257 0.32518 0.199197 0.275199
# rec_dev_future
 0 0 0 0 0
