AMAK;Mar 2020
# styr
1
# endyr
30
# rec_age
1
# oldest_age
12
# nlength
81
# len_bins
 10 11 12 13 14 15 16 17 18 19 20 21 22 23 24 25 26 27 28 29 30 31 32 33 34 35 36 37 38 39 40 41 42 43 44 45 46 47 48 49 50 51 52 53 54 55 56 57 58 59 60 61 62 63 64 65 66 67 68 69 70 71 72 73 74 75 76 77 78 79 80 81 82 83 84 85 86 87 88 89 90
# datafile_name
amak_data.dat
# model_name
AMAK_MCP
# styr
1
# endyr
30
# rec_age
1
# oldest_age
12
# nfsh
1
# fshname
FLEET1
# catch_bio_in
 160.52 458.831 745.509 970.84 745.736 1262.06 1197.65 2318.78 1235.45 1451.54 1569.72 1611.07 1107.78 1560.32 1564.23 1319.17 2318.64 1661.66 1517.54 1420.26 1872.07 1297.68 1984.52 1436.65 1301.92 1114.12 1060 1396.94 1008.13 1405.23
# catch_bio_sd_in
 0.01 0.01 0.01 0.01 0.01 0.01 0.01 0.01 0.01 0.01 0.01 0.01 0.01 0.01 0.01 0.01 0.01 0.01 0.01 0.01 0.01 0.01 0.01 0.01 0.01 0.01 0.01 0.01 0.01 0.01
# nyrs_fsh_age
 30
# nyrs_fsh_length
 0
# yrs_fsh_age_in
 1 2 3 4 5 6 7 8 9 10 11 12 13 14 15 16 17 18 19 20 21 22 23 24 25 26 27 28 29 30
# yrs_fsh_length_in

# n_sample_fsh_length_in

# olc_fsh_in

# nind
1
# indname
SURVEY1
# nyrs_ind
 30
# yrs_ind_in
 1 2 3 4 5 6 7 8 9 10 11 12 13 14 15 16 17 18 19 20 21 22 23 24 25 26 27 28 29 30
# mo_ind
 1
# obs_ind_in
 1.35522 1.42716 1.28287 1.55767 1.47023 1.29653 1.29252 1.33735 1.20949 1.27641 1.29047 1.25766 1.1146 1.06889 1.09492 1.1882 0.948081 0.973984 0.719797 0.899015 0.826228 0.833524 0.87818 0.697266 0.646507 0.565756 0.528971 0.58449 0.541989 0.428574
# obs_se_ind_in
 0.271044 0.285431 0.256574 0.311534 0.294047 0.259306 0.258505 0.267469 0.241898 0.255281 0.258094 0.251532 0.222921 0.213778 0.218983 0.23764 0.189616 0.194797 0.143959 0.179803 0.165246 0.166705 0.175636 0.139453 0.129301 0.113151 0.105794 0.116898 0.108398 0.0857149
# nyrs_ind_age
 30
# nyrs_ind_length
 0
# yrs_ind_age_in
 1 2 3 4 5 6 7 8 9 10 11 12 13 14 15 16 17 18 19 20 21 22 23 24 25 26 27 28 29 30
# yrs_ind_length_in

# yrs_ind_age_in
 1 2 3 4 5 6 7 8 9 10 11 12 13 14 15 16 17 18 19 20 21 22 23 24 25 26 27 28 29 30
# n_sample_ind_length_in

# olc_ind_in

# oac_ind_in
 0.08 0.145 0.11 0.11 0.125 0.075 0.055 0.045 0.04 0.035 0.055 0.125
 0.065 0.09 0.13 0.125 0.125 0.085 0.04 0.07 0.055 0.025 0.04 0.15
 0.025 0.14 0.11 0.13 0.11 0.1 0.075 0.065 0.055 0.025 0.03 0.135
 0.035 0.15 0.17 0.16 0.09 0.05 0.065 0.045 0.02 0.045 0.04 0.13
 0.07 0.145 0.185 0.1 0.125 0.06 0.04 0.055 0.045 0.05 0.02 0.105
 0.1 0.125 0.14 0.08 0.095 0.075 0.075 0.055 0.04 0.04 0.045 0.13
 0.08 0.16 0.125 0.095 0.085 0.085 0.07 0.045 0.045 0.03 0.035 0.145
 0.135 0.125 0.185 0.03 0.115 0.08 0.055 0.05 0.035 0.03 0.03 0.13
 0.1 0.195 0.125 0.175 0.095 0.06 0.075 0.04 0.03 0.045 0.025 0.035
 0.055 0.26 0.175 0.095 0.1 0.045 0.065 0.045 0.01 0 0.025 0.125
 0.075 0.15 0.205 0.15 0.08 0.09 0.04 0.045 0.035 0.03 0.03 0.07
 0.11 0.22 0.145 0.17 0.11 0.055 0.06 0.005 0.04 0.015 0.01 0.06
 0.04 0.205 0.175 0.19 0.12 0.095 0.065 0.03 0.01 0.01 0.01 0.05
 0.07 0.15 0.21 0.155 0.12 0.135 0.055 0.03 0.01 0.005 0.005 0.055
 0.115 0.19 0.145 0.18 0.105 0.06 0.07 0.03 0.03 0.035 0.01 0.03
 0.055 0.19 0.22 0.095 0.11 0.09 0.075 0.04 0.02 0.02 0.005 0.08
 0.09 0.135 0.21 0.13 0.055 0.11 0.055 0.07 0.02 0.03 0.02 0.075
 0.07 0.225 0.12 0.18 0.13 0.05 0.06 0.045 0.025 0.03 0.015 0.05
 0.195 0.17 0.23 0.125 0.09 0.06 0.025 0.03 0.025 0.02 0.015 0.015
 0.1 0.3 0.165 0.15 0.065 0.05 0.05 0.03 0.025 0.015 0.025 0.025
 0.095 0.225 0.315 0.13 0.085 0.025 0.025 0.035 0.005 0.015 0.015 0.03
 0.07 0.245 0.235 0.22 0.06 0.07 0.015 0.03 0.03 0.01 0 0.015
 0.08 0.215 0.21 0.15 0.155 0.03 0.07 0.025 0.02 0.015 0 0.03
 0.165 0.125 0.315 0.135 0.075 0.105 0.04 0.02 0 0.01 0.005 0.005
 0.11 0.23 0.17 0.2 0.1 0.055 0.085 0.015 0.025 0.005 0.005 0
 0.115 0.29 0.24 0.09 0.075 0.06 0.045 0.045 0.015 0.005 0 0.02
 0.125 0.265 0.25 0.135 0.085 0.07 0.02 0.015 0.01 0.015 0.005 0.005
 0.135 0.245 0.225 0.135 0.09 0.045 0.055 0.02 0.01 0.005 0.015 0.02
 0.16 0.17 0.205 0.195 0.095 0.06 0.045 0.04 0 0.015 0.015 0
 0.11 0.275 0.195 0.155 0.095 0.08 0.025 0.01 0.02 0.02 0 0.015
# wt_ind
 1 1 1 1 1 1 1 1 1 1 1 1
 1 1 1 1 1 1 1 1 1 1 1 1
 1 1 1 1 1 1 1 1 1 1 1 1
 1 1 1 1 1 1 1 1 1 1 1 1
 1 1 1 1 1 1 1 1 1 1 1 1
 1 1 1 1 1 1 1 1 1 1 1 1
 1 1 1 1 1 1 1 1 1 1 1 1
 1 1 1 1 1 1 1 1 1 1 1 1
 1 1 1 1 1 1 1 1 1 1 1 1
 1 1 1 1 1 1 1 1 1 1 1 1
 1 1 1 1 1 1 1 1 1 1 1 1
 1 1 1 1 1 1 1 1 1 1 1 1
 1 1 1 1 1 1 1 1 1 1 1 1
 1 1 1 1 1 1 1 1 1 1 1 1
 1 1 1 1 1 1 1 1 1 1 1 1
 1 1 1 1 1 1 1 1 1 1 1 1
 1 1 1 1 1 1 1 1 1 1 1 1
 1 1 1 1 1 1 1 1 1 1 1 1
 1 1 1 1 1 1 1 1 1 1 1 1
 1 1 1 1 1 1 1 1 1 1 1 1
 1 1 1 1 1 1 1 1 1 1 1 1
 1 1 1 1 1 1 1 1 1 1 1 1
 1 1 1 1 1 1 1 1 1 1 1 1
 1 1 1 1 1 1 1 1 1 1 1 1
 1 1 1 1 1 1 1 1 1 1 1 1
 1 1 1 1 1 1 1 1 1 1 1 1
 1 1 1 1 1 1 1 1 1 1 1 1
 1 1 1 1 1 1 1 1 1 1 1 1
 1 1 1 1 1 1 1 1 1 1 1 1
 1 1 1 1 1 1 1 1 1 1 1 1
# wt_pop
 0.000530656 0.00119633 0.00205827 0.00303499 0.00405521 0.0050647 0.00602623 0.00691692 0.00772489 0.00844611 0.00908185 0.0096367
# maturity
 0.0229774 0.320821 0.904651 0.99478 0.999739 0.999987 0.999999 1 1 1 1 1
# spawnmo
1
# age_err
 1 0 0 0 0 0 0 0 0 0 0 0
 0 1 0 0 0 0 0 0 0 0 0 0
 0 0 1 0 0 0 0 0 0 0 0 0
 0 0 0 1 0 0 0 0 0 0 0 0
 0 0 0 0 1 0 0 0 0 0 0 0
 0 0 0 0 0 1 0 0 0 0 0 0
 0 0 0 0 0 0 1 0 0 0 0 0
 0 0 0 0 0 0 0 1 0 0 0 0
 0 0 0 0 0 0 0 0 1 0 0 0
 0 0 0 0 0 0 0 0 0 1 0 0
 0 0 0 0 0 0 0 0 0 0 1 0
 0 0 0 0 0 0 0 0 0 0 0 1
# cntrlfile_name
C:\Users\bai.li\DOCUME~1\Github\AGE_ST~1\ASSAMC\example\output\AMAK\s27\amak.dat
# Map shared selectivity: 
# sel_map
 1 2
 1 1
# datafile_name
amak_data.dat
# model_name
AMAK_MCP
# SrType
2
# use_age_err
0
# retro
0
# sigmarprior
0.2
# cvsigmarprior
0.25
# phase_sigmar
-3
# styr_rec_est
1
# endyr_rec_est
30
# Linfprior
80
# cvLinfprior
0.25
# kprior
0.18
# cvkprior
0.25
# Loprior
27.688
# cvLoprior
0.25
# sdageprior
0.1
# cvsdageprior
0.25
# natmortprior
0.2
# cvnatmortprior
0.25
# phase_M
-4
# npars_Mage
0
# ages_M_changes

# Mage_in

# Mage_offset_in

# phase_Mage
-5
# phase_rw_M
0
# npars_rw_M
0
# yrs_rw_M

# sigma_rw_M

# qprior
 3.48998e-007
# cvqprior
 1
# phase_q
 1
# q_power_prior
 1
# cvq_power_prior
 0.2
# phase_q_power
 -4
# phase_rw_q
 -1
# npars_rw_q
 0
# yrs_rw_q

# sigma_rw_q

# q_age_min
 1
# q_age_max
 12
# q_age_min
 1
# q_age_max
 12
# fsh_sel_opt(k)
2
# phase_sel_fsh(k)
2
# n_sel_ch_fsh(k)
1
# sel_slp_in_fsh(k)(1,n_sel_ch_fsh(k))
 1
# sel_inf_in_fsh(k)(1,n_sel_ch_fsh(k))
 2
# logsel_slp_in_fsh(k)(1,n_sel_ch_fsh(k))
 0
# yrs_sel_ch_fsh(k)(1,n_sel_ch_fsh(k))
 1

Survey SURVEY1
# ind_sel_opt(k)
2
# indname(k)
SURVEY1
# nselages_in_ind(k)
11
# phase_sel_ind(k)
2
# sel_change_in_ind(k)
 1 0 0 0 0 0 0 0 0 0 0 0 0 0 0 0 0 0 0 0 0 0 0 0 0 0 0 0 0 0
# n_sel_ch_ind(k)
1
# yrs_sel_ch_ind(k)(1,n_sel_ch_ind(k))
 1
# sel_slp_in_ind(k,1)
2
# sel_inf_in_ind(k,1)
1.5
# logsel_slp_in_ind(k,1)
0.693147
# logsel_slp_in_indv(k)
0.693147
SURVEY1 ind sel opt 2  1 0 0 0 0 0 0 0 0 0 0 0 0 0 0 0 0 0 0 0 0 0 0 0 0 0 0 0 0 0
Phase indices Sel_Coffs:  -1
 Test: 1.23457e+008
# Fshry Selages:  11
# Srvy  Selages:  11
# Phase for age-spec fishery  -1
# Phase for logistic fishery  2
# Phase for dble logistic fishery  -1
# Phase for age-spec indices   -1
# Phase for logistic indices   2
# Phase for dble logistic ind  -1
# Curv_pen_fsh: 
 0
# Curv_pen_ind: 
 0
# styr_fut
31
# endyr_fut
35
# nyrs_fsh_age
 30
# nyrs_fsh_age
 30
# yrs_fsh_age
 1 2 3 4 5 6 7 8 9 10 11 12 13 14 15 16 17 18 19 20 21 22 23 24 25 26 27 28 29 30
# n_sample_fsh_age
 200 200 200 200 200 200 200 200 200 200 200 200 200 200 200 200 200 200 200 200 200 200 200 200 200 200 200 200 200 200
# oac_fsh
 0.055 0.1 0.095 0.09 0.125 0.08 0.065 0.06 0.1 0.045 0.04 0.145
 0.09 0.085 0.125 0.095 0.105 0.1 0.075 0.06 0.055 0.02 0.04 0.15
 0.08 0.08 0.13 0.15 0.12 0.075 0.085 0.065 0.045 0.045 0.015 0.11
 0.065 0.12 0.195 0.1 0.09 0.1 0.04 0.04 0.055 0.04 0.02 0.135
 0.06 0.11 0.11 0.155 0.1 0.07 0.04 0.09 0.045 0.05 0.035 0.135
 0.05 0.08 0.095 0.11 0.135 0.11 0.07 0.06 0.06 0.035 0.04 0.155
 0.085 0.11 0.115 0.105 0.14 0.12 0.05 0.065 0.045 0.035 0.005 0.125
 0.08 0.115 0.205 0.105 0.1 0.08 0.095 0.055 0.025 0.04 0.025 0.075
 0.12 0.195 0.14 0.155 0.075 0.07 0.06 0.055 0.045 0.015 0.015 0.055
 0.11 0.165 0.155 0.1 0.105 0.045 0.085 0.04 0.055 0.02 0.02 0.1
 0.07 0.1 0.17 0.155 0.125 0.11 0.035 0.045 0.045 0.03 0.015 0.1
 0.085 0.15 0.09 0.2 0.11 0.09 0.1 0.02 0.045 0.035 0.025 0.05
 0.07 0.135 0.155 0.1 0.19 0.13 0.08 0.06 0.02 0.005 0.02 0.035
 0.11 0.1 0.175 0.095 0.105 0.165 0.105 0.035 0.03 0.005 0.02 0.055
 0.095 0.145 0.145 0.165 0.115 0.08 0.075 0.075 0.02 0.015 0.02 0.05
 0.085 0.15 0.165 0.12 0.09 0.095 0.07 0.065 0.03 0.02 0.045 0.065
 0.15 0.125 0.165 0.165 0.11 0.05 0.07 0.05 0.035 0.02 0.015 0.045
 0.07 0.23 0.13 0.185 0.115 0.04 0.06 0.03 0.04 0.035 0.015 0.05
 0.195 0.12 0.205 0.09 0.1 0.09 0.045 0.03 0.03 0.015 0.02 0.06
 0.095 0.28 0.145 0.185 0.055 0.075 0.05 0.025 0.03 0.01 0.015 0.035
 0.12 0.175 0.255 0.115 0.13 0.065 0.055 0.05 0.01 0.005 0 0.02
 0.13 0.155 0.23 0.2 0.075 0.07 0.05 0.015 0.02 0.02 0.01 0.025
 0.125 0.16 0.265 0.18 0.13 0.06 0.025 0.025 0.005 0.015 0 0.01
 0.18 0.145 0.19 0.165 0.13 0.095 0.04 0.02 0.005 0.005 0.005 0.02
 0.15 0.165 0.16 0.185 0.145 0.115 0.045 0.005 0.02 0.005 0 0.005
 0.185 0.22 0.2 0.105 0.13 0.06 0.025 0.04 0.01 0.01 0 0.015
 0.175 0.23 0.195 0.115 0.095 0.085 0.035 0.025 0.03 0.01 0 0.005
 0.12 0.245 0.21 0.155 0.12 0.035 0.055 0.02 0.015 0.015 0 0.01
 0.14 0.19 0.225 0.17 0.135 0.06 0.02 0.015 0.02 0.005 0.01 0.01
 0.135 0.225 0.265 0.125 0.1 0.03 0.05 0.015 0.025 0.015 0.005 0.01
# olc_fsh

# wt_fsh
 0.000530656 0.00119633 0.00205827 0.00303499 0.00405521 0.0050647 0.00602623 0.00691692 0.00772489 0.00844611 0.00908185 0.0096367
 0.000530656 0.00119633 0.00205827 0.00303499 0.00405521 0.0050647 0.00602623 0.00691692 0.00772489 0.00844611 0.00908185 0.0096367
 0.000530656 0.00119633 0.00205827 0.00303499 0.00405521 0.0050647 0.00602623 0.00691692 0.00772489 0.00844611 0.00908185 0.0096367
 0.000530656 0.00119633 0.00205827 0.00303499 0.00405521 0.0050647 0.00602623 0.00691692 0.00772489 0.00844611 0.00908185 0.0096367
 0.000530656 0.00119633 0.00205827 0.00303499 0.00405521 0.0050647 0.00602623 0.00691692 0.00772489 0.00844611 0.00908185 0.0096367
 0.000530656 0.00119633 0.00205827 0.00303499 0.00405521 0.0050647 0.00602623 0.00691692 0.00772489 0.00844611 0.00908185 0.0096367
 0.000530656 0.00119633 0.00205827 0.00303499 0.00405521 0.0050647 0.00602623 0.00691692 0.00772489 0.00844611 0.00908185 0.0096367
 0.000530656 0.00119633 0.00205827 0.00303499 0.00405521 0.0050647 0.00602623 0.00691692 0.00772489 0.00844611 0.00908185 0.0096367
 0.000530656 0.00119633 0.00205827 0.00303499 0.00405521 0.0050647 0.00602623 0.00691692 0.00772489 0.00844611 0.00908185 0.0096367
 0.000530656 0.00119633 0.00205827 0.00303499 0.00405521 0.0050647 0.00602623 0.00691692 0.00772489 0.00844611 0.00908185 0.0096367
 0.000530656 0.00119633 0.00205827 0.00303499 0.00405521 0.0050647 0.00602623 0.00691692 0.00772489 0.00844611 0.00908185 0.0096367
 0.000530656 0.00119633 0.00205827 0.00303499 0.00405521 0.0050647 0.00602623 0.00691692 0.00772489 0.00844611 0.00908185 0.0096367
 0.000530656 0.00119633 0.00205827 0.00303499 0.00405521 0.0050647 0.00602623 0.00691692 0.00772489 0.00844611 0.00908185 0.0096367
 0.000530656 0.00119633 0.00205827 0.00303499 0.00405521 0.0050647 0.00602623 0.00691692 0.00772489 0.00844611 0.00908185 0.0096367
 0.000530656 0.00119633 0.00205827 0.00303499 0.00405521 0.0050647 0.00602623 0.00691692 0.00772489 0.00844611 0.00908185 0.0096367
 0.000530656 0.00119633 0.00205827 0.00303499 0.00405521 0.0050647 0.00602623 0.00691692 0.00772489 0.00844611 0.00908185 0.0096367
 0.000530656 0.00119633 0.00205827 0.00303499 0.00405521 0.0050647 0.00602623 0.00691692 0.00772489 0.00844611 0.00908185 0.0096367
 0.000530656 0.00119633 0.00205827 0.00303499 0.00405521 0.0050647 0.00602623 0.00691692 0.00772489 0.00844611 0.00908185 0.0096367
 0.000530656 0.00119633 0.00205827 0.00303499 0.00405521 0.0050647 0.00602623 0.00691692 0.00772489 0.00844611 0.00908185 0.0096367
 0.000530656 0.00119633 0.00205827 0.00303499 0.00405521 0.0050647 0.00602623 0.00691692 0.00772489 0.00844611 0.00908185 0.0096367
 0.000530656 0.00119633 0.00205827 0.00303499 0.00405521 0.0050647 0.00602623 0.00691692 0.00772489 0.00844611 0.00908185 0.0096367
 0.000530656 0.00119633 0.00205827 0.00303499 0.00405521 0.0050647 0.00602623 0.00691692 0.00772489 0.00844611 0.00908185 0.0096367
 0.000530656 0.00119633 0.00205827 0.00303499 0.00405521 0.0050647 0.00602623 0.00691692 0.00772489 0.00844611 0.00908185 0.0096367
 0.000530656 0.00119633 0.00205827 0.00303499 0.00405521 0.0050647 0.00602623 0.00691692 0.00772489 0.00844611 0.00908185 0.0096367
 0.000530656 0.00119633 0.00205827 0.00303499 0.00405521 0.0050647 0.00602623 0.00691692 0.00772489 0.00844611 0.00908185 0.0096367
 0.000530656 0.00119633 0.00205827 0.00303499 0.00405521 0.0050647 0.00602623 0.00691692 0.00772489 0.00844611 0.00908185 0.0096367
 0.000530656 0.00119633 0.00205827 0.00303499 0.00405521 0.0050647 0.00602623 0.00691692 0.00772489 0.00844611 0.00908185 0.0096367
 0.000530656 0.00119633 0.00205827 0.00303499 0.00405521 0.0050647 0.00602623 0.00691692 0.00772489 0.00844611 0.00908185 0.0096367
 0.000530656 0.00119633 0.00205827 0.00303499 0.00405521 0.0050647 0.00602623 0.00691692 0.00772489 0.00844611 0.00908185 0.0096367
 0.000530656 0.00119633 0.00205827 0.00303499 0.00405521 0.0050647 0.00602623 0.00691692 0.00772489 0.00844611 0.00908185 0.0096367
# nyrs_ind_age
 30
# yrs_ind_age
 1 2 3 4 5 6 7 8 9 10 11 12 13 14 15 16 17 18 19 20 21 22 23 24 25 26 27 28 29 30
# n_sample_ind_age
 200 200 200 200 200 200 200 200 200 200 200 200 200 200 200 200 200 200 200 200 200 200 200 200 200 200 200 200 200 200
# oac_ind
 0.08 0.145 0.11 0.11 0.125 0.075 0.055 0.045 0.04 0.035 0.055 0.125
 0.065 0.09 0.13 0.125 0.125 0.085 0.04 0.07 0.055 0.025 0.04 0.15
 0.025 0.14 0.11 0.13 0.11 0.1 0.075 0.065 0.055 0.025 0.03 0.135
 0.035 0.15 0.17 0.16 0.09 0.05 0.065 0.045 0.02 0.045 0.04 0.13
 0.07 0.145 0.185 0.1 0.125 0.06 0.04 0.055 0.045 0.05 0.02 0.105
 0.1 0.125 0.14 0.08 0.095 0.075 0.075 0.055 0.04 0.04 0.045 0.13
 0.08 0.16 0.125 0.095 0.085 0.085 0.07 0.045 0.045 0.03 0.035 0.145
 0.135 0.125 0.185 0.03 0.115 0.08 0.055 0.05 0.035 0.03 0.03 0.13
 0.1 0.195 0.125 0.175 0.095 0.06 0.075 0.04 0.03 0.045 0.025 0.035
 0.055 0.26 0.175 0.095 0.1 0.045 0.065 0.045 0.01 0 0.025 0.125
 0.075 0.15 0.205 0.15 0.08 0.09 0.04 0.045 0.035 0.03 0.03 0.07
 0.11 0.22 0.145 0.17 0.11 0.055 0.06 0.005 0.04 0.015 0.01 0.06
 0.04 0.205 0.175 0.19 0.12 0.095 0.065 0.03 0.01 0.01 0.01 0.05
 0.07 0.15 0.21 0.155 0.12 0.135 0.055 0.03 0.01 0.005 0.005 0.055
 0.115 0.19 0.145 0.18 0.105 0.06 0.07 0.03 0.03 0.035 0.01 0.03
 0.055 0.19 0.22 0.095 0.11 0.09 0.075 0.04 0.02 0.02 0.005 0.08
 0.09 0.135 0.21 0.13 0.055 0.11 0.055 0.07 0.02 0.03 0.02 0.075
 0.07 0.225 0.12 0.18 0.13 0.05 0.06 0.045 0.025 0.03 0.015 0.05
 0.195 0.17 0.23 0.125 0.09 0.06 0.025 0.03 0.025 0.02 0.015 0.015
 0.1 0.3 0.165 0.15 0.065 0.05 0.05 0.03 0.025 0.015 0.025 0.025
 0.095 0.225 0.315 0.13 0.085 0.025 0.025 0.035 0.005 0.015 0.015 0.03
 0.07 0.245 0.235 0.22 0.06 0.07 0.015 0.03 0.03 0.01 0 0.015
 0.08 0.215 0.21 0.15 0.155 0.03 0.07 0.025 0.02 0.015 0 0.03
 0.165 0.125 0.315 0.135 0.075 0.105 0.04 0.02 0 0.01 0.005 0.005
 0.11 0.23 0.17 0.2 0.1 0.055 0.085 0.015 0.025 0.005 0.005 0
 0.115 0.29 0.24 0.09 0.075 0.06 0.045 0.045 0.015 0.005 0 0.02
 0.125 0.265 0.25 0.135 0.085 0.07 0.02 0.015 0.01 0.015 0.005 0.005
 0.135 0.245 0.225 0.135 0.09 0.045 0.055 0.02 0.01 0.005 0.015 0.02
 0.16 0.17 0.205 0.195 0.095 0.06 0.045 0.04 0 0.015 0.015 0
 0.11 0.275 0.195 0.155 0.095 0.08 0.025 0.01 0.02 0.02 0 0.015
# olc_ind

# obs_lse_ind
 0.198042 0.198042 0.198042 0.198042 0.198042 0.198042 0.198042 0.198042 0.198042 0.198042 0.198042 0.198042 0.198042 0.198042 0.198042 0.198042 0.198042 0.198042 0.198042 0.198042 0.198042 0.198042 0.198042 0.198042 0.198042 0.198042 0.198042 0.198042 0.198042 0.198042
# xages_fsh
 0 0 0 0 0 0 0 0 0 0 0 0
# xages_fsh
 0 0.0909091 0.181818 0.272727 0.363636 0.454545 0.545455 0.636364 0.727273 0.818182 0.909091 1
# xnodes_fsh

Yrs fsh_sel change:  1 0 0 0 0 0 0 0 0 0 0 0 0 0 0 0 0 0 0 0 0 0 0 0 0 0 0 0 0
Yrs ind_sel change:  1 0 0 0 0 0 0 0 0 0 0 0 0 0 0 0 0 0 0 0 0 0 0 0 0 0 0 0 0
# steepnessprior
0.75
# sigmarprior
0.2
#  SSB estimated in styr endyr: -13 28 
#  Rec estimated in styr endyr: -11 30 
#  SR Curve fit  in styr endyr: 1 30 
#             Model styr endyr: 1 30 
# qprior
 3.48998e-007
# q_power_prior 
 1 
# cv_catchbiomass 
0.05 
# CatchbiomassPen 
200 
# Number of projection years 
5 
# offset_fsh
 13397.8
# offset_ind
 13115.7
Mean Catch
1335.82
R_guess 
15.4574
# nfsh
1
# n_sel_ch_fsh
 1
# nselages_fsh
 11
# phase_selcoff_fsh
 -1
logRzero 15.4574
logmeanrec 15.4574
exp(log_sigmarprior 0.2
Fish sel phase: -1 FLEET1
Fixing fishery sel to
1
Srvy sel phase: -1
Fixing SURVEY1 indices sel to
1
# logsel_slp_in_indv
 0.693147
Leaving parameter init secton
# M
 0.2 0.2 0.2 0.2 0.2 0.2 0.2 0.2 0.2 0.2 0.2 0.2
 0.2 0.2 0.2 0.2 0.2 0.2 0.2 0.2 0.2 0.2 0.2 0.2
 0.2 0.2 0.2 0.2 0.2 0.2 0.2 0.2 0.2 0.2 0.2 0.2
 0.2 0.2 0.2 0.2 0.2 0.2 0.2 0.2 0.2 0.2 0.2 0.2
 0.2 0.2 0.2 0.2 0.2 0.2 0.2 0.2 0.2 0.2 0.2 0.2
 0.2 0.2 0.2 0.2 0.2 0.2 0.2 0.2 0.2 0.2 0.2 0.2
 0.2 0.2 0.2 0.2 0.2 0.2 0.2 0.2 0.2 0.2 0.2 0.2
 0.2 0.2 0.2 0.2 0.2 0.2 0.2 0.2 0.2 0.2 0.2 0.2
 0.2 0.2 0.2 0.2 0.2 0.2 0.2 0.2 0.2 0.2 0.2 0.2
 0.2 0.2 0.2 0.2 0.2 0.2 0.2 0.2 0.2 0.2 0.2 0.2
 0.2 0.2 0.2 0.2 0.2 0.2 0.2 0.2 0.2 0.2 0.2 0.2
 0.2 0.2 0.2 0.2 0.2 0.2 0.2 0.2 0.2 0.2 0.2 0.2
 0.2 0.2 0.2 0.2 0.2 0.2 0.2 0.2 0.2 0.2 0.2 0.2
 0.2 0.2 0.2 0.2 0.2 0.2 0.2 0.2 0.2 0.2 0.2 0.2
 0.2 0.2 0.2 0.2 0.2 0.2 0.2 0.2 0.2 0.2 0.2 0.2
 0.2 0.2 0.2 0.2 0.2 0.2 0.2 0.2 0.2 0.2 0.2 0.2
 0.2 0.2 0.2 0.2 0.2 0.2 0.2 0.2 0.2 0.2 0.2 0.2
 0.2 0.2 0.2 0.2 0.2 0.2 0.2 0.2 0.2 0.2 0.2 0.2
 0.2 0.2 0.2 0.2 0.2 0.2 0.2 0.2 0.2 0.2 0.2 0.2
 0.2 0.2 0.2 0.2 0.2 0.2 0.2 0.2 0.2 0.2 0.2 0.2
 0.2 0.2 0.2 0.2 0.2 0.2 0.2 0.2 0.2 0.2 0.2 0.2
 0.2 0.2 0.2 0.2 0.2 0.2 0.2 0.2 0.2 0.2 0.2 0.2
 0.2 0.2 0.2 0.2 0.2 0.2 0.2 0.2 0.2 0.2 0.2 0.2
 0.2 0.2 0.2 0.2 0.2 0.2 0.2 0.2 0.2 0.2 0.2 0.2
 0.2 0.2 0.2 0.2 0.2 0.2 0.2 0.2 0.2 0.2 0.2 0.2
 0.2 0.2 0.2 0.2 0.2 0.2 0.2 0.2 0.2 0.2 0.2 0.2
 0.2 0.2 0.2 0.2 0.2 0.2 0.2 0.2 0.2 0.2 0.2 0.2
 0.2 0.2 0.2 0.2 0.2 0.2 0.2 0.2 0.2 0.2 0.2 0.2
 0.2 0.2 0.2 0.2 0.2 0.2 0.2 0.2 0.2 0.2 0.2 0.2
 0.2 0.2 0.2 0.2 0.2 0.2 0.2 0.2 0.2 0.2 0.2 0.2
# mean_log_rec
13.7398
# log_Rzero
13.8334
# rec_dev
 -0.0823152 -0.0988693 0.0979812 0.0190283 -0.0276177 -0.0112097 0.0176892 0.0181596 0.0451293 0.0161913 -0.0457013 0.028832 0.0189579 0.171752 0.071298 0.00534363 -0.227667 0.254288 0.035954 0.296497 0.409076 0.0696163 0.0966868 0.129411 -0.228741 0.112286 0.0683478 -0.291241 0.177042 -0.202672 0.452562 0.0962789 0.0549663 0.062645 -0.358453 -0.124642 -0.115182 -0.100954 -0.17067 -0.290776 -0.19043 -0.372801
# fmort
 0.00933379 0.0271553 0.0455091 0.0618076 0.049485 0.0880878 0.0891609 0.190174 0.110556 0.13485 0.15198 0.163836 0.116733 0.171068 0.183856 0.164993 0.324484 0.270321 0.270246 0.266041 0.371786 0.270665 0.449751 0.372949 0.372383 0.339632 0.331057 0.465209 0.361462 0.556396
# rec_dev_future
 0 0 0 0 0
