AMAK;Mar 2020
# styr
1
# endyr
30
# rec_age
1
# oldest_age
12
# nlength
81
# len_bins
 10 11 12 13 14 15 16 17 18 19 20 21 22 23 24 25 26 27 28 29 30 31 32 33 34 35 36 37 38 39 40 41 42 43 44 45 46 47 48 49 50 51 52 53 54 55 56 57 58 59 60 61 62 63 64 65 66 67 68 69 70 71 72 73 74 75 76 77 78 79 80 81 82 83 84 85 86 87 88 89 90
# datafile_name
amak_data.dat
# model_name
AMAK_MCP
# styr
1
# endyr
30
# rec_age
1
# oldest_age
12
# nfsh
1
# fshname
FLEET1
# catch_bio_in
 160.887 463.223 741.308 983.049 748.65 1306.43 1258.71 2433.77 1304.66 1511.89 1609.3 1589.25 1096.16 1517.17 1498.42 1263.03 2264.44 1612.94 1453.02 1316.58 1632.59 1099.89 1645.59 1218.63 1124.1 980.098 932.493 1221.79 879.232 1286.14
# catch_bio_sd_in
 0.01 0.01 0.01 0.01 0.01 0.01 0.01 0.01 0.01 0.01 0.01 0.01 0.01 0.01 0.01 0.01 0.01 0.01 0.01 0.01 0.01 0.01 0.01 0.01 0.01 0.01 0.01 0.01 0.01 0.01
# nyrs_fsh_age
 30
# nyrs_fsh_length
 0
# yrs_fsh_age_in
 1 2 3 4 5 6 7 8 9 10 11 12 13 14 15 16 17 18 19 20 21 22 23 24 25 26 27 28 29 30
# yrs_fsh_length_in

# n_sample_fsh_length_in

# olc_fsh_in

# nind
1
# indname
SURVEY1
# nyrs_ind
 30
# yrs_ind_in
 1 2 3 4 5 6 7 8 9 10 11 12 13 14 15 16 17 18 19 20 21 22 23 24 25 26 27 28 29 30
# mo_ind
 1
# obs_ind_in
 1.46271 1.5473 1.53344 1.54009 1.38075 1.56262 1.69038 1.43057 1.10593 1.24401 1.24206 1.26943 1.02278 1.09573 0.959097 0.895757 1.04845 0.844496 0.890694 0.771551 0.702443 0.758252 0.67936 0.520516 0.478005 0.626723 0.527941 0.633942 0.513293 0.532364
# obs_se_ind_in
 0.292542 0.30946 0.306688 0.308019 0.276149 0.312524 0.338076 0.286114 0.221187 0.248802 0.248412 0.253886 0.204555 0.219146 0.191819 0.179151 0.209691 0.168899 0.178139 0.15431 0.140489 0.15165 0.135872 0.104103 0.095601 0.125345 0.105588 0.126788 0.102659 0.106473
# nyrs_ind_age
 30
# nyrs_ind_length
 0
# yrs_ind_age_in
 1 2 3 4 5 6 7 8 9 10 11 12 13 14 15 16 17 18 19 20 21 22 23 24 25 26 27 28 29 30
# yrs_ind_length_in

# yrs_ind_age_in
 1 2 3 4 5 6 7 8 9 10 11 12 13 14 15 16 17 18 19 20 21 22 23 24 25 26 27 28 29 30
# n_sample_ind_length_in

# olc_ind_in

# oac_ind_in
 0.045 0.115 0.155 0.13 0.12 0.09 0.08 0.075 0.055 0.015 0.02 0.1
 0.09 0.12 0.155 0.16 0.08 0.06 0.05 0.05 0.035 0.04 0.025 0.135
 0.035 0.165 0.115 0.13 0.14 0.09 0.08 0.075 0.025 0.03 0.025 0.09
 0.07 0.11 0.185 0.12 0.07 0.075 0.055 0.075 0.04 0.01 0.045 0.145
 0.11 0.115 0.175 0.14 0.055 0.1 0.08 0.025 0.03 0.03 0.04 0.1
 0.075 0.18 0.13 0.145 0.145 0.065 0.045 0.03 0.035 0.03 0.025 0.095
 0.045 0.185 0.22 0.095 0.08 0.045 0.035 0.08 0.045 0.04 0.02 0.11
 0.065 0.17 0.205 0.135 0.065 0.075 0.105 0.01 0.02 0.03 0.02 0.1
 0.135 0.13 0.125 0.135 0.12 0.065 0.045 0.06 0.03 0.035 0.015 0.105
 0.04 0.17 0.14 0.11 0.14 0.1 0.055 0.045 0.035 0.035 0.02 0.11
 0.075 0.175 0.135 0.195 0.095 0.08 0.09 0.03 0.04 0.04 0.005 0.04
 0.085 0.155 0.185 0.11 0.145 0.085 0.05 0.02 0.045 0.025 0.005 0.09
 0.08 0.175 0.15 0.145 0.105 0.105 0.065 0.06 0.035 0.03 0.005 0.045
 0.085 0.13 0.13 0.175 0.14 0.09 0.065 0.045 0.025 0.035 0.01 0.07
 0.085 0.23 0.175 0.085 0.12 0.12 0.035 0.055 0.005 0.02 0.005 0.065
 0.135 0.215 0.13 0.155 0.085 0.07 0.04 0.045 0.04 0.03 0.015 0.04
 0.075 0.23 0.185 0.155 0.14 0.065 0.06 0.01 0.025 0.01 0.01 0.035
 0.08 0.24 0.26 0.13 0.085 0.055 0.025 0.035 0.015 0.005 0.005 0.065
 0.1 0.145 0.22 0.155 0.065 0.085 0.06 0.045 0.03 0.035 0.025 0.035
 0.09 0.18 0.15 0.245 0.12 0.06 0.05 0.03 0.005 0.02 0.02 0.03
 0.11 0.195 0.215 0.11 0.155 0.08 0.025 0.02 0.015 0.005 0.02 0.05
 0.135 0.28 0.16 0.12 0.11 0.06 0.04 0.02 0.02 0.005 0.01 0.04
 0.1 0.29 0.285 0.11 0.065 0.04 0.04 0.035 0 0.015 0 0.02
 0.11 0.22 0.255 0.215 0.06 0.045 0.03 0.015 0.02 0.005 0.005 0.02
 0.1 0.17 0.225 0.19 0.115 0.065 0.04 0.045 0.015 0.005 0.005 0.025
 0.11 0.305 0.21 0.14 0.095 0.065 0.015 0.015 0.01 0.02 0.005 0.01
 0.14 0.195 0.255 0.17 0.075 0.075 0.025 0.015 0.025 0.01 0.01 0.005
 0.13 0.26 0.175 0.18 0.12 0.04 0.04 0.04 0.005 0.005 0.005 0
 0.125 0.29 0.205 0.115 0.105 0.06 0.045 0.03 0.015 0.005 0.005 0
 0.095 0.34 0.22 0.145 0.06 0.06 0.03 0.02 0.01 0.01 0 0.01
# wt_ind
 1 1 1 1 1 1 1 1 1 1 1 1
 1 1 1 1 1 1 1 1 1 1 1 1
 1 1 1 1 1 1 1 1 1 1 1 1
 1 1 1 1 1 1 1 1 1 1 1 1
 1 1 1 1 1 1 1 1 1 1 1 1
 1 1 1 1 1 1 1 1 1 1 1 1
 1 1 1 1 1 1 1 1 1 1 1 1
 1 1 1 1 1 1 1 1 1 1 1 1
 1 1 1 1 1 1 1 1 1 1 1 1
 1 1 1 1 1 1 1 1 1 1 1 1
 1 1 1 1 1 1 1 1 1 1 1 1
 1 1 1 1 1 1 1 1 1 1 1 1
 1 1 1 1 1 1 1 1 1 1 1 1
 1 1 1 1 1 1 1 1 1 1 1 1
 1 1 1 1 1 1 1 1 1 1 1 1
 1 1 1 1 1 1 1 1 1 1 1 1
 1 1 1 1 1 1 1 1 1 1 1 1
 1 1 1 1 1 1 1 1 1 1 1 1
 1 1 1 1 1 1 1 1 1 1 1 1
 1 1 1 1 1 1 1 1 1 1 1 1
 1 1 1 1 1 1 1 1 1 1 1 1
 1 1 1 1 1 1 1 1 1 1 1 1
 1 1 1 1 1 1 1 1 1 1 1 1
 1 1 1 1 1 1 1 1 1 1 1 1
 1 1 1 1 1 1 1 1 1 1 1 1
 1 1 1 1 1 1 1 1 1 1 1 1
 1 1 1 1 1 1 1 1 1 1 1 1
 1 1 1 1 1 1 1 1 1 1 1 1
 1 1 1 1 1 1 1 1 1 1 1 1
 1 1 1 1 1 1 1 1 1 1 1 1
# wt_pop
 0.000530656 0.00119633 0.00205827 0.00303499 0.00405521 0.0050647 0.00602623 0.00691692 0.00772489 0.00844611 0.00908185 0.0096367
# maturity
 0.0229774 0.320821 0.904651 0.99478 0.999739 0.999987 0.999999 1 1 1 1 1
# spawnmo
1
# age_err
 1 0 0 0 0 0 0 0 0 0 0 0
 0 1 0 0 0 0 0 0 0 0 0 0
 0 0 1 0 0 0 0 0 0 0 0 0
 0 0 0 1 0 0 0 0 0 0 0 0
 0 0 0 0 1 0 0 0 0 0 0 0
 0 0 0 0 0 1 0 0 0 0 0 0
 0 0 0 0 0 0 1 0 0 0 0 0
 0 0 0 0 0 0 0 1 0 0 0 0
 0 0 0 0 0 0 0 0 1 0 0 0
 0 0 0 0 0 0 0 0 0 1 0 0
 0 0 0 0 0 0 0 0 0 0 1 0
 0 0 0 0 0 0 0 0 0 0 0 1
# cntrlfile_name
C:\Users\bai.li\DOCUME~1\Github\AGE_ST~2\ASSAMC\example\C0\output\AMAK\s1\amak.dat
# Map shared selectivity: 
# sel_map
 1 2
 1 1
# datafile_name
amak_data.dat
# model_name
AMAK_MCP
# SrType
2
# use_age_err
0
# retro
0
# sigmarprior
0.2
# cvsigmarprior
0.25
# phase_sigmar
-3
# styr_rec_est
1
# endyr_rec_est
30
# Linfprior
80
# cvLinfprior
0.25
# kprior
0.18
# cvkprior
0.25
# Loprior
27.688
# cvLoprior
0.25
# sdageprior
0.1
# cvsdageprior
0.25
# natmortprior
0.2
# cvnatmortprior
0.25
# phase_M
-4
# npars_Mage
0
# ages_M_changes

# Mage_in

# Mage_offset_in

# phase_Mage
-5
# phase_rw_M
0
# npars_rw_M
0
# yrs_rw_M

# sigma_rw_M

# qprior
 3.48998e-007
# cvqprior
 1
# phase_q
 1
# q_power_prior
 1
# cvq_power_prior
 0.2
# phase_q_power
 -4
# phase_rw_q
 -1
# npars_rw_q
 0
# yrs_rw_q

# sigma_rw_q

# q_age_min
 1
# q_age_max
 12
# q_age_min
 1
# q_age_max
 12
# fsh_sel_opt(k)
2
# phase_sel_fsh(k)
2
# n_sel_ch_fsh(k)
1
# sel_slp_in_fsh(k)(1,n_sel_ch_fsh(k))
 1
# sel_inf_in_fsh(k)(1,n_sel_ch_fsh(k))
 2
# logsel_slp_in_fsh(k)(1,n_sel_ch_fsh(k))
 0
# yrs_sel_ch_fsh(k)(1,n_sel_ch_fsh(k))
 1

Survey SURVEY1
# ind_sel_opt(k)
2
# indname(k)
SURVEY1
# nselages_in_ind(k)
11
# phase_sel_ind(k)
2
# sel_change_in_ind(k)
 1 0 0 0 0 0 0 0 0 0 0 0 0 0 0 0 0 0 0 0 0 0 0 0 0 0 0 0 0 0
# n_sel_ch_ind(k)
1
# yrs_sel_ch_ind(k)(1,n_sel_ch_ind(k))
 1
# sel_slp_in_ind(k,1)
2
# sel_inf_in_ind(k,1)
1.5
# logsel_slp_in_ind(k,1)
0.693147
# logsel_slp_in_indv(k)
0.693147
SURVEY1 ind sel opt 2  1 0 0 0 0 0 0 0 0 0 0 0 0 0 0 0 0 0 0 0 0 0 0 0 0 0 0 0 0 0
Phase indices Sel_Coffs:  -1
 Test: 1.23457e+008
# Fshry Selages:  11
# Srvy  Selages:  11
# Phase for age-spec fishery  -1
# Phase for logistic fishery  2
# Phase for dble logistic fishery  -1
# Phase for age-spec indices   -1
# Phase for logistic indices   2
# Phase for dble logistic ind  -1
# Curv_pen_fsh: 
 0
# Curv_pen_ind: 
 0
# styr_fut
31
# endyr_fut
35
# nyrs_fsh_age
 30
# nyrs_fsh_age
 30
# yrs_fsh_age
 1 2 3 4 5 6 7 8 9 10 11 12 13 14 15 16 17 18 19 20 21 22 23 24 25 26 27 28 29 30
# n_sample_fsh_age
 200 200 200 200 200 200 200 200 200 200 200 200 200 200 200 200 200 200 200 200 200 200 200 200 200 200 200 200 200 200
# oac_fsh
 0.07 0.1 0.125 0.11 0.11 0.125 0.095 0.055 0.015 0.055 0.025 0.115
 0.095 0.08 0.12 0.145 0.13 0.065 0.05 0.05 0.03 0.02 0.04 0.175
 0.075 0.14 0.13 0.09 0.09 0.065 0.085 0.045 0.075 0.055 0.035 0.115
 0.055 0.085 0.21 0.14 0.08 0.1 0.07 0.045 0.025 0.04 0.04 0.11
 0.115 0.07 0.15 0.125 0.105 0.075 0.075 0.055 0.04 0.05 0.035 0.105
 0.08 0.125 0.1 0.135 0.105 0.09 0.06 0.04 0.05 0.035 0.055 0.125
 0.065 0.16 0.165 0.09 0.08 0.125 0.05 0.05 0.055 0.02 0.025 0.115
 0.065 0.08 0.125 0.195 0.115 0.05 0.08 0.045 0.045 0.055 0.005 0.14
 0.055 0.135 0.15 0.185 0.165 0.06 0.03 0.025 0.055 0.01 0.01 0.12
 0.1 0.115 0.19 0.1 0.105 0.095 0.05 0.05 0.065 0.03 0.035 0.065
 0.07 0.14 0.15 0.14 0.125 0.115 0.07 0.02 0.035 0.035 0.03 0.07
 0.105 0.155 0.16 0.115 0.12 0.085 0.055 0.035 0.02 0.03 0.045 0.075
 0.095 0.125 0.15 0.19 0.1 0.08 0.065 0.035 0.05 0.015 0.025 0.07
 0.09 0.135 0.135 0.205 0.1 0.08 0.055 0.015 0.04 0.05 0.02 0.075
 0.125 0.14 0.135 0.165 0.125 0.105 0.05 0.055 0.035 0.005 0.025 0.035
 0.12 0.175 0.15 0.17 0.09 0.06 0.07 0.045 0.01 0.01 0.025 0.075
 0.1 0.18 0.175 0.165 0.075 0.065 0.06 0.05 0.035 0.01 0 0.085
 0.1 0.155 0.23 0.165 0.07 0.04 0.04 0.065 0.03 0.04 0.02 0.045
 0.135 0.105 0.22 0.14 0.11 0.075 0.06 0.04 0.04 0.02 0.01 0.045
 0.105 0.15 0.15 0.195 0.15 0.095 0.045 0.01 0.045 0.03 0.015 0.01
 0.17 0.15 0.15 0.125 0.175 0.085 0.055 0.025 0.005 0 0.01 0.05
 0.175 0.21 0.12 0.205 0.065 0.075 0.025 0.045 0.035 0 0.005 0.04
 0.1 0.265 0.21 0.105 0.105 0.06 0.05 0.025 0.035 0.01 0.01 0.025
 0.13 0.2 0.215 0.195 0.07 0.075 0.02 0.02 0.03 0.015 0.02 0.01
 0.19 0.18 0.205 0.145 0.115 0.04 0.03 0.03 0.025 0.01 0.02 0.01
 0.13 0.245 0.135 0.18 0.145 0.065 0.025 0.025 0.01 0.02 0.005 0.015
 0.165 0.17 0.24 0.1 0.075 0.095 0.085 0.02 0.025 0.01 0.005 0.01
 0.145 0.21 0.16 0.225 0.08 0.07 0.025 0.04 0.015 0.01 0 0.02
 0.165 0.215 0.205 0.12 0.155 0.055 0.025 0.015 0.015 0.015 0.005 0.01
 0.18 0.225 0.235 0.075 0.09 0.09 0.025 0.025 0.035 0.01 0 0.01
# olc_fsh

# wt_fsh
 0.000530656 0.00119633 0.00205827 0.00303499 0.00405521 0.0050647 0.00602623 0.00691692 0.00772489 0.00844611 0.00908185 0.0096367
 0.000530656 0.00119633 0.00205827 0.00303499 0.00405521 0.0050647 0.00602623 0.00691692 0.00772489 0.00844611 0.00908185 0.0096367
 0.000530656 0.00119633 0.00205827 0.00303499 0.00405521 0.0050647 0.00602623 0.00691692 0.00772489 0.00844611 0.00908185 0.0096367
 0.000530656 0.00119633 0.00205827 0.00303499 0.00405521 0.0050647 0.00602623 0.00691692 0.00772489 0.00844611 0.00908185 0.0096367
 0.000530656 0.00119633 0.00205827 0.00303499 0.00405521 0.0050647 0.00602623 0.00691692 0.00772489 0.00844611 0.00908185 0.0096367
 0.000530656 0.00119633 0.00205827 0.00303499 0.00405521 0.0050647 0.00602623 0.00691692 0.00772489 0.00844611 0.00908185 0.0096367
 0.000530656 0.00119633 0.00205827 0.00303499 0.00405521 0.0050647 0.00602623 0.00691692 0.00772489 0.00844611 0.00908185 0.0096367
 0.000530656 0.00119633 0.00205827 0.00303499 0.00405521 0.0050647 0.00602623 0.00691692 0.00772489 0.00844611 0.00908185 0.0096367
 0.000530656 0.00119633 0.00205827 0.00303499 0.00405521 0.0050647 0.00602623 0.00691692 0.00772489 0.00844611 0.00908185 0.0096367
 0.000530656 0.00119633 0.00205827 0.00303499 0.00405521 0.0050647 0.00602623 0.00691692 0.00772489 0.00844611 0.00908185 0.0096367
 0.000530656 0.00119633 0.00205827 0.00303499 0.00405521 0.0050647 0.00602623 0.00691692 0.00772489 0.00844611 0.00908185 0.0096367
 0.000530656 0.00119633 0.00205827 0.00303499 0.00405521 0.0050647 0.00602623 0.00691692 0.00772489 0.00844611 0.00908185 0.0096367
 0.000530656 0.00119633 0.00205827 0.00303499 0.00405521 0.0050647 0.00602623 0.00691692 0.00772489 0.00844611 0.00908185 0.0096367
 0.000530656 0.00119633 0.00205827 0.00303499 0.00405521 0.0050647 0.00602623 0.00691692 0.00772489 0.00844611 0.00908185 0.0096367
 0.000530656 0.00119633 0.00205827 0.00303499 0.00405521 0.0050647 0.00602623 0.00691692 0.00772489 0.00844611 0.00908185 0.0096367
 0.000530656 0.00119633 0.00205827 0.00303499 0.00405521 0.0050647 0.00602623 0.00691692 0.00772489 0.00844611 0.00908185 0.0096367
 0.000530656 0.00119633 0.00205827 0.00303499 0.00405521 0.0050647 0.00602623 0.00691692 0.00772489 0.00844611 0.00908185 0.0096367
 0.000530656 0.00119633 0.00205827 0.00303499 0.00405521 0.0050647 0.00602623 0.00691692 0.00772489 0.00844611 0.00908185 0.0096367
 0.000530656 0.00119633 0.00205827 0.00303499 0.00405521 0.0050647 0.00602623 0.00691692 0.00772489 0.00844611 0.00908185 0.0096367
 0.000530656 0.00119633 0.00205827 0.00303499 0.00405521 0.0050647 0.00602623 0.00691692 0.00772489 0.00844611 0.00908185 0.0096367
 0.000530656 0.00119633 0.00205827 0.00303499 0.00405521 0.0050647 0.00602623 0.00691692 0.00772489 0.00844611 0.00908185 0.0096367
 0.000530656 0.00119633 0.00205827 0.00303499 0.00405521 0.0050647 0.00602623 0.00691692 0.00772489 0.00844611 0.00908185 0.0096367
 0.000530656 0.00119633 0.00205827 0.00303499 0.00405521 0.0050647 0.00602623 0.00691692 0.00772489 0.00844611 0.00908185 0.0096367
 0.000530656 0.00119633 0.00205827 0.00303499 0.00405521 0.0050647 0.00602623 0.00691692 0.00772489 0.00844611 0.00908185 0.0096367
 0.000530656 0.00119633 0.00205827 0.00303499 0.00405521 0.0050647 0.00602623 0.00691692 0.00772489 0.00844611 0.00908185 0.0096367
 0.000530656 0.00119633 0.00205827 0.00303499 0.00405521 0.0050647 0.00602623 0.00691692 0.00772489 0.00844611 0.00908185 0.0096367
 0.000530656 0.00119633 0.00205827 0.00303499 0.00405521 0.0050647 0.00602623 0.00691692 0.00772489 0.00844611 0.00908185 0.0096367
 0.000530656 0.00119633 0.00205827 0.00303499 0.00405521 0.0050647 0.00602623 0.00691692 0.00772489 0.00844611 0.00908185 0.0096367
 0.000530656 0.00119633 0.00205827 0.00303499 0.00405521 0.0050647 0.00602623 0.00691692 0.00772489 0.00844611 0.00908185 0.0096367
 0.000530656 0.00119633 0.00205827 0.00303499 0.00405521 0.0050647 0.00602623 0.00691692 0.00772489 0.00844611 0.00908185 0.0096367
# nyrs_ind_age
 30
# yrs_ind_age
 1 2 3 4 5 6 7 8 9 10 11 12 13 14 15 16 17 18 19 20 21 22 23 24 25 26 27 28 29 30
# n_sample_ind_age
 200 200 200 200 200 200 200 200 200 200 200 200 200 200 200 200 200 200 200 200 200 200 200 200 200 200 200 200 200 200
# oac_ind
 0.045 0.115 0.155 0.13 0.12 0.09 0.08 0.075 0.055 0.015 0.02 0.1
 0.09 0.12 0.155 0.16 0.08 0.06 0.05 0.05 0.035 0.04 0.025 0.135
 0.035 0.165 0.115 0.13 0.14 0.09 0.08 0.075 0.025 0.03 0.025 0.09
 0.07 0.11 0.185 0.12 0.07 0.075 0.055 0.075 0.04 0.01 0.045 0.145
 0.11 0.115 0.175 0.14 0.055 0.1 0.08 0.025 0.03 0.03 0.04 0.1
 0.075 0.18 0.13 0.145 0.145 0.065 0.045 0.03 0.035 0.03 0.025 0.095
 0.045 0.185 0.22 0.095 0.08 0.045 0.035 0.08 0.045 0.04 0.02 0.11
 0.065 0.17 0.205 0.135 0.065 0.075 0.105 0.01 0.02 0.03 0.02 0.1
 0.135 0.13 0.125 0.135 0.12 0.065 0.045 0.06 0.03 0.035 0.015 0.105
 0.04 0.17 0.14 0.11 0.14 0.1 0.055 0.045 0.035 0.035 0.02 0.11
 0.075 0.175 0.135 0.195 0.095 0.08 0.09 0.03 0.04 0.04 0.005 0.04
 0.085 0.155 0.185 0.11 0.145 0.085 0.05 0.02 0.045 0.025 0.005 0.09
 0.08 0.175 0.15 0.145 0.105 0.105 0.065 0.06 0.035 0.03 0.005 0.045
 0.085 0.13 0.13 0.175 0.14 0.09 0.065 0.045 0.025 0.035 0.01 0.07
 0.085 0.23 0.175 0.085 0.12 0.12 0.035 0.055 0.005 0.02 0.005 0.065
 0.135 0.215 0.13 0.155 0.085 0.07 0.04 0.045 0.04 0.03 0.015 0.04
 0.075 0.23 0.185 0.155 0.14 0.065 0.06 0.01 0.025 0.01 0.01 0.035
 0.08 0.24 0.26 0.13 0.085 0.055 0.025 0.035 0.015 0.005 0.005 0.065
 0.1 0.145 0.22 0.155 0.065 0.085 0.06 0.045 0.03 0.035 0.025 0.035
 0.09 0.18 0.15 0.245 0.12 0.06 0.05 0.03 0.005 0.02 0.02 0.03
 0.11 0.195 0.215 0.11 0.155 0.08 0.025 0.02 0.015 0.005 0.02 0.05
 0.135 0.28 0.16 0.12 0.11 0.06 0.04 0.02 0.02 0.005 0.01 0.04
 0.1 0.29 0.285 0.11 0.065 0.04 0.04 0.035 0 0.015 0 0.02
 0.11 0.22 0.255 0.215 0.06 0.045 0.03 0.015 0.02 0.005 0.005 0.02
 0.1 0.17 0.225 0.19 0.115 0.065 0.04 0.045 0.015 0.005 0.005 0.025
 0.11 0.305 0.21 0.14 0.095 0.065 0.015 0.015 0.01 0.02 0.005 0.01
 0.14 0.195 0.255 0.17 0.075 0.075 0.025 0.015 0.025 0.01 0.01 0.005
 0.13 0.26 0.175 0.18 0.12 0.04 0.04 0.04 0.005 0.005 0.005 0
 0.125 0.29 0.205 0.115 0.105 0.06 0.045 0.03 0.015 0.005 0.005 0
 0.095 0.34 0.22 0.145 0.06 0.06 0.03 0.02 0.01 0.01 0 0.01
# olc_ind

# obs_lse_ind
 0.198042 0.198042 0.198042 0.198042 0.198042 0.198042 0.198042 0.198042 0.198042 0.198042 0.198042 0.198042 0.198042 0.198042 0.198042 0.198042 0.198042 0.198042 0.198042 0.198042 0.198042 0.198042 0.198042 0.198042 0.198042 0.198042 0.198042 0.198042 0.198042 0.198042
# xages_fsh
 0 0 0 0 0 0 0 0 0 0 0 0
# xages_fsh
 0 0.0909091 0.181818 0.272727 0.363636 0.454545 0.545455 0.636364 0.727273 0.818182 0.909091 1
# xnodes_fsh

Yrs fsh_sel change:  1 0 0 0 0 0 0 0 0 0 0 0 0 0 0 0 0 0 0 0 0 0 0 0 0 0 0 0 0
Yrs ind_sel change:  1 0 0 0 0 0 0 0 0 0 0 0 0 0 0 0 0 0 0 0 0 0 0 0 0 0 0 0 0
# steepnessprior
0.75
# sigmarprior
0.2
#  SSB estimated in styr endyr: -13 28 
#  Rec estimated in styr endyr: -11 30 
#  SR Curve fit  in styr endyr: 1 30 
#             Model styr endyr: 1 30 
# qprior
 3.48998e-007
# q_power_prior 
 1 
# cv_catchbiomass 
0.05 
# CatchbiomassPen 
200 
# Number of projection years 
5 
# offset_fsh
 13456.5
# offset_ind
 13106.6
Mean Catch
1271.78
R_guess 
15.4083
# nfsh
1
# n_sel_ch_fsh
 1
# nselages_fsh
 11
# phase_selcoff_fsh
 -1
logRzero 15.4083
logmeanrec 15.4083
exp(log_sigmarprior 0.2
Fish sel phase: -1 FLEET1
Fixing fishery sel to
1
Srvy sel phase: -1
Fixing SURVEY1 indices sel to
1
# logsel_slp_in_indv
 0.693147
Leaving parameter init secton
# M
 0.2 0.2 0.2 0.2 0.2 0.2 0.2 0.2 0.2 0.2 0.2 0.2
 0.2 0.2 0.2 0.2 0.2 0.2 0.2 0.2 0.2 0.2 0.2 0.2
 0.2 0.2 0.2 0.2 0.2 0.2 0.2 0.2 0.2 0.2 0.2 0.2
 0.2 0.2 0.2 0.2 0.2 0.2 0.2 0.2 0.2 0.2 0.2 0.2
 0.2 0.2 0.2 0.2 0.2 0.2 0.2 0.2 0.2 0.2 0.2 0.2
 0.2 0.2 0.2 0.2 0.2 0.2 0.2 0.2 0.2 0.2 0.2 0.2
 0.2 0.2 0.2 0.2 0.2 0.2 0.2 0.2 0.2 0.2 0.2 0.2
 0.2 0.2 0.2 0.2 0.2 0.2 0.2 0.2 0.2 0.2 0.2 0.2
 0.2 0.2 0.2 0.2 0.2 0.2 0.2 0.2 0.2 0.2 0.2 0.2
 0.2 0.2 0.2 0.2 0.2 0.2 0.2 0.2 0.2 0.2 0.2 0.2
 0.2 0.2 0.2 0.2 0.2 0.2 0.2 0.2 0.2 0.2 0.2 0.2
 0.2 0.2 0.2 0.2 0.2 0.2 0.2 0.2 0.2 0.2 0.2 0.2
 0.2 0.2 0.2 0.2 0.2 0.2 0.2 0.2 0.2 0.2 0.2 0.2
 0.2 0.2 0.2 0.2 0.2 0.2 0.2 0.2 0.2 0.2 0.2 0.2
 0.2 0.2 0.2 0.2 0.2 0.2 0.2 0.2 0.2 0.2 0.2 0.2
 0.2 0.2 0.2 0.2 0.2 0.2 0.2 0.2 0.2 0.2 0.2 0.2
 0.2 0.2 0.2 0.2 0.2 0.2 0.2 0.2 0.2 0.2 0.2 0.2
 0.2 0.2 0.2 0.2 0.2 0.2 0.2 0.2 0.2 0.2 0.2 0.2
 0.2 0.2 0.2 0.2 0.2 0.2 0.2 0.2 0.2 0.2 0.2 0.2
 0.2 0.2 0.2 0.2 0.2 0.2 0.2 0.2 0.2 0.2 0.2 0.2
 0.2 0.2 0.2 0.2 0.2 0.2 0.2 0.2 0.2 0.2 0.2 0.2
 0.2 0.2 0.2 0.2 0.2 0.2 0.2 0.2 0.2 0.2 0.2 0.2
 0.2 0.2 0.2 0.2 0.2 0.2 0.2 0.2 0.2 0.2 0.2 0.2
 0.2 0.2 0.2 0.2 0.2 0.2 0.2 0.2 0.2 0.2 0.2 0.2
 0.2 0.2 0.2 0.2 0.2 0.2 0.2 0.2 0.2 0.2 0.2 0.2
 0.2 0.2 0.2 0.2 0.2 0.2 0.2 0.2 0.2 0.2 0.2 0.2
 0.2 0.2 0.2 0.2 0.2 0.2 0.2 0.2 0.2 0.2 0.2 0.2
 0.2 0.2 0.2 0.2 0.2 0.2 0.2 0.2 0.2 0.2 0.2 0.2
 0.2 0.2 0.2 0.2 0.2 0.2 0.2 0.2 0.2 0.2 0.2 0.2
 0.2 0.2 0.2 0.2 0.2 0.2 0.2 0.2 0.2 0.2 0.2 0.2
# mean_log_rec
13.7374
# log_Rzero
13.8012
# rec_dev
 -0.081964 -0.0984533 -0.098153 -0.0435394 -0.102767 0.067829 0.0809999 0.0810336 0.0475698 -0.00624966 0.145459 0.0168305 -0.0111473 0.32488 0.0515476 -0.0741641 0.377615 0.267074 0.016828 0.160269 0.0365854 0.144831 0.104448 -0.107064 -0.0840608 -0.0115677 0.0367521 0.15183 0.137975 -0.304416 -0.144438 -0.363119 0.0847615 0.0355268 -0.22612 -0.355512 -0.0514022 -0.447195 -0.283797 -0.193578 -0.13228 -0.270048
# fmort
 0.00930334 0.0270597 0.0443259 0.0608983 0.0479357 0.0869038 0.0878124 0.184623 0.10833 0.132957 0.151659 0.161181 0.117183 0.171203 0.182814 0.163557 0.323917 0.262085 0.257068 0.252991 0.351313 0.258944 0.419468 0.344385 0.337031 0.305342 0.295081 0.409131 0.309015 0.47478
# rec_dev_future
 0 0 0 0 0
