AMAK;Mar 2020
# styr
1
# endyr
30
# rec_age
1
# oldest_age
12
# nlength
81
# len_bins
 10 11 12 13 14 15 16 17 18 19 20 21 22 23 24 25 26 27 28 29 30 31 32 33 34 35 36 37 38 39 40 41 42 43 44 45 46 47 48 49 50 51 52 53 54 55 56 57 58 59 60 61 62 63 64 65 66 67 68 69 70 71 72 73 74 75 76 77 78 79 80 81 82 83 84 85 86 87 88 89 90
# datafile_name
amak_data.dat
# model_name
AMAK_MCP
# styr
1
# endyr
30
# rec_age
1
# oldest_age
12
# nfsh
1
# fshname
FLEET1
# catch_bio_in
 160.157 462.083 737.353 955.674 727.072 1243.11 1174.2 2239.86 1194.6 1399.15 1481.87 1508.23 1065.99 1491.72 1507.82 1281.44 2233.63 1565.64 1377.15 1254.19 1560.18 1039.82 1534.95 1133.72 1091.89 986.49 966.291 1305.13 955.634 1379.19
# catch_bio_sd_in
 0.01 0.01 0.01 0.01 0.01 0.01 0.01 0.01 0.01 0.01 0.01 0.01 0.01 0.01 0.01 0.01 0.01 0.01 0.01 0.01 0.01 0.01 0.01 0.01 0.01 0.01 0.01 0.01 0.01 0.01
# nyrs_fsh_age
 30
# nyrs_fsh_length
 0
# yrs_fsh_age_in
 1 2 3 4 5 6 7 8 9 10 11 12 13 14 15 16 17 18 19 20 21 22 23 24 25 26 27 28 29 30
# yrs_fsh_length_in

# n_sample_fsh_length_in

# olc_fsh_in

# nind
1
# indname
SURVEY1
# nyrs_ind
 30
# yrs_ind_in
 1 2 3 4 5 6 7 8 9 10 11 12 13 14 15 16 17 18 19 20 21 22 23 24 25 26 27 28 29 30
# mo_ind
 1
# obs_ind_in
 1.45958 1.20289 1.34258 1.28278 1.41248 1.25332 1.52179 1.4798 1.3935 0.955584 1.16476 1.25365 1.06075 1.07298 1.14015 1.03848 0.984923 0.976017 0.777716 0.651592 0.765419 0.646032 0.6767 0.56821 0.599133 0.658987 0.522275 0.743299 0.557594 0.498892
# obs_se_ind_in
 0.291917 0.240578 0.268515 0.256557 0.282496 0.250663 0.304359 0.29596 0.278701 0.191117 0.232952 0.25073 0.212151 0.214596 0.228031 0.207696 0.196985 0.195203 0.155543 0.130318 0.153084 0.129206 0.13534 0.113642 0.119827 0.131797 0.104455 0.14866 0.111519 0.0997784
# nyrs_ind_age
 30
# nyrs_ind_length
 0
# yrs_ind_age_in
 1 2 3 4 5 6 7 8 9 10 11 12 13 14 15 16 17 18 19 20 21 22 23 24 25 26 27 28 29 30
# yrs_ind_length_in

# yrs_ind_age_in
 1 2 3 4 5 6 7 8 9 10 11 12 13 14 15 16 17 18 19 20 21 22 23 24 25 26 27 28 29 30
# n_sample_ind_length_in

# olc_ind_in

# oac_ind_in
 0.03 0.16 0.16 0.125 0.095 0.07 0.1 0.06 0.02 0.025 0.03 0.125
 0.055 0.17 0.16 0.135 0.085 0.08 0.07 0.045 0.03 0.04 0.025 0.105
 0.075 0.11 0.15 0.12 0.125 0.08 0.04 0.05 0.05 0.025 0.02 0.155
 0.095 0.145 0.075 0.135 0.065 0.09 0.055 0.06 0.06 0.04 0.025 0.155
 0.065 0.12 0.21 0.095 0.11 0.095 0.06 0.04 0.015 0.02 0.03 0.14
 0.05 0.13 0.16 0.15 0.085 0.085 0.06 0.05 0.06 0.025 0.035 0.11
 0.09 0.08 0.2 0.19 0.085 0.055 0.075 0.05 0.015 0.02 0.015 0.125
 0.07 0.26 0.08 0.135 0.085 0.065 0.04 0.05 0.02 0.035 0.025 0.135
 0.035 0.185 0.26 0.105 0.065 0.085 0.055 0.04 0.025 0.02 0.035 0.09
 0.07 0.16 0.185 0.2 0.035 0.055 0.075 0.06 0.025 0.01 0.02 0.105
 0.1 0.16 0.155 0.155 0.135 0.045 0.075 0.02 0.035 0.035 0.015 0.07
 0.095 0.215 0.195 0.13 0.095 0.105 0.03 0.065 0.005 0.02 0.005 0.04
 0.065 0.145 0.225 0.2 0.12 0.015 0.08 0.01 0.04 0.03 0.005 0.065
 0.125 0.145 0.2 0.14 0.1 0.08 0.065 0.03 0.035 0.025 0.02 0.035
 0.065 0.26 0.17 0.12 0.15 0.065 0.035 0.035 0.015 0.01 0.005 0.07
 0.06 0.15 0.26 0.1 0.1 0.13 0.06 0.02 0.02 0.035 0 0.065
 0.135 0.115 0.18 0.165 0.11 0.09 0.055 0.035 0.035 0.01 0.02 0.05
 0.1 0.18 0.15 0.165 0.095 0.08 0.065 0.05 0.04 0.025 0.01 0.04
 0.1 0.195 0.21 0.105 0.085 0.1 0.05 0.045 0.045 0.015 0.01 0.04
 0.055 0.23 0.245 0.135 0.075 0.055 0.07 0.04 0.015 0.03 0.015 0.035
 0.105 0.215 0.24 0.15 0.085 0.055 0.05 0.025 0.03 0.02 0.01 0.015
 0.115 0.145 0.235 0.165 0.115 0.04 0.035 0.055 0.02 0.02 0.03 0.025
 0.145 0.24 0.165 0.115 0.135 0.06 0.025 0.035 0.025 0.015 0.015 0.025
 0.14 0.295 0.165 0.12 0.075 0.065 0.05 0.02 0.02 0.01 0.005 0.035
 0.14 0.265 0.235 0.135 0.07 0.05 0.04 0.03 0.01 0.01 0.005 0.01
 0.045 0.275 0.29 0.105 0.075 0.075 0.035 0.035 0.005 0.01 0.005 0.045
 0.11 0.17 0.26 0.23 0.11 0.055 0.01 0.025 0.005 0 0 0.025
 0.135 0.29 0.145 0.155 0.11 0.06 0.07 0.01 0.015 0.005 0.005 0
 0.115 0.3 0.255 0.08 0.135 0.04 0.02 0.03 0.015 0.01 0 0
 0.13 0.205 0.305 0.17 0.04 0.04 0.04 0.025 0.015 0.01 0.005 0.015
# wt_ind
 1 1 1 1 1 1 1 1 1 1 1 1
 1 1 1 1 1 1 1 1 1 1 1 1
 1 1 1 1 1 1 1 1 1 1 1 1
 1 1 1 1 1 1 1 1 1 1 1 1
 1 1 1 1 1 1 1 1 1 1 1 1
 1 1 1 1 1 1 1 1 1 1 1 1
 1 1 1 1 1 1 1 1 1 1 1 1
 1 1 1 1 1 1 1 1 1 1 1 1
 1 1 1 1 1 1 1 1 1 1 1 1
 1 1 1 1 1 1 1 1 1 1 1 1
 1 1 1 1 1 1 1 1 1 1 1 1
 1 1 1 1 1 1 1 1 1 1 1 1
 1 1 1 1 1 1 1 1 1 1 1 1
 1 1 1 1 1 1 1 1 1 1 1 1
 1 1 1 1 1 1 1 1 1 1 1 1
 1 1 1 1 1 1 1 1 1 1 1 1
 1 1 1 1 1 1 1 1 1 1 1 1
 1 1 1 1 1 1 1 1 1 1 1 1
 1 1 1 1 1 1 1 1 1 1 1 1
 1 1 1 1 1 1 1 1 1 1 1 1
 1 1 1 1 1 1 1 1 1 1 1 1
 1 1 1 1 1 1 1 1 1 1 1 1
 1 1 1 1 1 1 1 1 1 1 1 1
 1 1 1 1 1 1 1 1 1 1 1 1
 1 1 1 1 1 1 1 1 1 1 1 1
 1 1 1 1 1 1 1 1 1 1 1 1
 1 1 1 1 1 1 1 1 1 1 1 1
 1 1 1 1 1 1 1 1 1 1 1 1
 1 1 1 1 1 1 1 1 1 1 1 1
 1 1 1 1 1 1 1 1 1 1 1 1
# wt_pop
 0.000530656 0.00119633 0.00205827 0.00303499 0.00405521 0.0050647 0.00602623 0.00691692 0.00772489 0.00844611 0.00908185 0.0096367
# maturity
 0.0229774 0.320821 0.904651 0.99478 0.999739 0.999987 0.999999 1 1 1 1 1
# spawnmo
1
# age_err
 1 0 0 0 0 0 0 0 0 0 0 0
 0 1 0 0 0 0 0 0 0 0 0 0
 0 0 1 0 0 0 0 0 0 0 0 0
 0 0 0 1 0 0 0 0 0 0 0 0
 0 0 0 0 1 0 0 0 0 0 0 0
 0 0 0 0 0 1 0 0 0 0 0 0
 0 0 0 0 0 0 1 0 0 0 0 0
 0 0 0 0 0 0 0 1 0 0 0 0
 0 0 0 0 0 0 0 0 1 0 0 0
 0 0 0 0 0 0 0 0 0 1 0 0
 0 0 0 0 0 0 0 0 0 0 1 0
 0 0 0 0 0 0 0 0 0 0 0 1
# cntrlfile_name
C:\Users\bai.li\DOCUME~1\Github\AGE_ST~1\ASSAMC\example\output\AMAK\s33\amak.dat
# Map shared selectivity: 
# sel_map
 1 2
 1 1
# datafile_name
amak_data.dat
# model_name
AMAK_MCP
# SrType
2
# use_age_err
0
# retro
0
# sigmarprior
0.2
# cvsigmarprior
0.25
# phase_sigmar
-3
# styr_rec_est
1
# endyr_rec_est
30
# Linfprior
80
# cvLinfprior
0.25
# kprior
0.18
# cvkprior
0.25
# Loprior
27.688
# cvLoprior
0.25
# sdageprior
0.1
# cvsdageprior
0.25
# natmortprior
0.2
# cvnatmortprior
0.25
# phase_M
-4
# npars_Mage
0
# ages_M_changes

# Mage_in

# Mage_offset_in

# phase_Mage
-5
# phase_rw_M
0
# npars_rw_M
0
# yrs_rw_M

# sigma_rw_M

# qprior
 3.48998e-007
# cvqprior
 1
# phase_q
 1
# q_power_prior
 1
# cvq_power_prior
 0.2
# phase_q_power
 -4
# phase_rw_q
 -1
# npars_rw_q
 0
# yrs_rw_q

# sigma_rw_q

# q_age_min
 1
# q_age_max
 12
# q_age_min
 1
# q_age_max
 12
# fsh_sel_opt(k)
2
# phase_sel_fsh(k)
2
# n_sel_ch_fsh(k)
1
# sel_slp_in_fsh(k)(1,n_sel_ch_fsh(k))
 1
# sel_inf_in_fsh(k)(1,n_sel_ch_fsh(k))
 2
# logsel_slp_in_fsh(k)(1,n_sel_ch_fsh(k))
 0
# yrs_sel_ch_fsh(k)(1,n_sel_ch_fsh(k))
 1

Survey SURVEY1
# ind_sel_opt(k)
2
# indname(k)
SURVEY1
# nselages_in_ind(k)
11
# phase_sel_ind(k)
2
# sel_change_in_ind(k)
 1 0 0 0 0 0 0 0 0 0 0 0 0 0 0 0 0 0 0 0 0 0 0 0 0 0 0 0 0 0
# n_sel_ch_ind(k)
1
# yrs_sel_ch_ind(k)(1,n_sel_ch_ind(k))
 1
# sel_slp_in_ind(k,1)
2
# sel_inf_in_ind(k,1)
1.5
# logsel_slp_in_ind(k,1)
0.693147
# logsel_slp_in_indv(k)
0.693147
SURVEY1 ind sel opt 2  1 0 0 0 0 0 0 0 0 0 0 0 0 0 0 0 0 0 0 0 0 0 0 0 0 0 0 0 0 0
Phase indices Sel_Coffs:  -1
 Test: 1.23457e+008
# Fshry Selages:  11
# Srvy  Selages:  11
# Phase for age-spec fishery  -1
# Phase for logistic fishery  2
# Phase for dble logistic fishery  -1
# Phase for age-spec indices   -1
# Phase for logistic indices   2
# Phase for dble logistic ind  -1
# Curv_pen_fsh: 
 0
# Curv_pen_ind: 
 0
# styr_fut
31
# endyr_fut
35
# nyrs_fsh_age
 30
# nyrs_fsh_age
 30
# yrs_fsh_age
 1 2 3 4 5 6 7 8 9 10 11 12 13 14 15 16 17 18 19 20 21 22 23 24 25 26 27 28 29 30
# n_sample_fsh_age
 200 200 200 200 200 200 200 200 200 200 200 200 200 200 200 200 200 200 200 200 200 200 200 200 200 200 200 200 200 200
# oac_fsh
 0.075 0.115 0.115 0.115 0.145 0.08 0.06 0.08 0.035 0.025 0.05 0.105
 0.045 0.08 0.105 0.115 0.135 0.125 0.06 0.055 0.065 0.045 0.035 0.135
 0.105 0.05 0.14 0.1 0.075 0.11 0.08 0.07 0.06 0.03 0.035 0.145
 0.075 0.085 0.085 0.11 0.08 0.105 0.085 0.085 0.06 0.045 0.03 0.155
 0.04 0.155 0.1 0.11 0.09 0.09 0.07 0.03 0.04 0.065 0.035 0.175
 0.05 0.155 0.145 0.14 0.1 0.07 0.08 0.045 0.035 0.035 0.035 0.11
 0.115 0.1 0.17 0.17 0.095 0.06 0.07 0.05 0.035 0.04 0.015 0.08
 0.01 0.205 0.095 0.11 0.14 0.075 0.05 0.07 0.055 0.05 0.025 0.115
 0.115 0.175 0.215 0.09 0.08 0.07 0.035 0.035 0.02 0.03 0.04 0.095
 0.11 0.145 0.09 0.21 0.07 0.08 0.065 0.05 0.01 0.045 0.025 0.1
 0.13 0.165 0.13 0.155 0.13 0.065 0.055 0.05 0.025 0.02 0 0.075
 0.145 0.16 0.175 0.135 0.095 0.12 0.015 0.025 0.02 0.015 0.02 0.075
 0.1 0.135 0.175 0.135 0.13 0.06 0.11 0.03 0.025 0.02 0.035 0.045
 0.12 0.105 0.165 0.215 0.11 0.055 0.055 0.075 0.02 0.04 0.015 0.025
 0.075 0.19 0.11 0.17 0.105 0.115 0.08 0.045 0.04 0.01 0.01 0.05
 0.065 0.135 0.255 0.125 0.115 0.1 0.035 0.045 0.015 0.05 0.005 0.055
 0.11 0.11 0.18 0.155 0.11 0.08 0.065 0.04 0.025 0.035 0.035 0.055
 0.105 0.155 0.16 0.085 0.17 0.09 0.08 0.03 0.045 0.035 0.025 0.02
 0.175 0.17 0.175 0.12 0.09 0.075 0.06 0.035 0.04 0.035 0.01 0.015
 0.105 0.245 0.13 0.15 0.095 0.075 0.06 0.015 0.04 0.025 0.035 0.025
 0.13 0.2 0.215 0.12 0.09 0.045 0.045 0.055 0.03 0.015 0.015 0.04
 0.11 0.17 0.195 0.19 0.085 0.085 0.05 0.02 0.035 0.02 0.02 0.02
 0.175 0.145 0.14 0.15 0.145 0.065 0.045 0.025 0.02 0.015 0.02 0.055
 0.17 0.265 0.195 0.135 0.075 0.065 0.03 0.03 0.02 0.01 0 0.005
 0.145 0.22 0.23 0.14 0.095 0.04 0.05 0.02 0.01 0.01 0.01 0.03
 0.06 0.295 0.255 0.15 0.09 0.035 0.05 0.005 0.015 0.02 0.01 0.015
 0.19 0.13 0.26 0.17 0.125 0.035 0.025 0.02 0.02 0.005 0.01 0.01
 0.19 0.22 0.145 0.16 0.11 0.075 0.035 0.005 0.025 0.015 0.005 0.015
 0.19 0.33 0.2 0.07 0.09 0.045 0.03 0.02 0.01 0 0.005 0.01
 0.2 0.225 0.22 0.165 0.06 0.06 0.015 0.015 0.005 0.015 0.005 0.015
# olc_fsh

# wt_fsh
 0.000530656 0.00119633 0.00205827 0.00303499 0.00405521 0.0050647 0.00602623 0.00691692 0.00772489 0.00844611 0.00908185 0.0096367
 0.000530656 0.00119633 0.00205827 0.00303499 0.00405521 0.0050647 0.00602623 0.00691692 0.00772489 0.00844611 0.00908185 0.0096367
 0.000530656 0.00119633 0.00205827 0.00303499 0.00405521 0.0050647 0.00602623 0.00691692 0.00772489 0.00844611 0.00908185 0.0096367
 0.000530656 0.00119633 0.00205827 0.00303499 0.00405521 0.0050647 0.00602623 0.00691692 0.00772489 0.00844611 0.00908185 0.0096367
 0.000530656 0.00119633 0.00205827 0.00303499 0.00405521 0.0050647 0.00602623 0.00691692 0.00772489 0.00844611 0.00908185 0.0096367
 0.000530656 0.00119633 0.00205827 0.00303499 0.00405521 0.0050647 0.00602623 0.00691692 0.00772489 0.00844611 0.00908185 0.0096367
 0.000530656 0.00119633 0.00205827 0.00303499 0.00405521 0.0050647 0.00602623 0.00691692 0.00772489 0.00844611 0.00908185 0.0096367
 0.000530656 0.00119633 0.00205827 0.00303499 0.00405521 0.0050647 0.00602623 0.00691692 0.00772489 0.00844611 0.00908185 0.0096367
 0.000530656 0.00119633 0.00205827 0.00303499 0.00405521 0.0050647 0.00602623 0.00691692 0.00772489 0.00844611 0.00908185 0.0096367
 0.000530656 0.00119633 0.00205827 0.00303499 0.00405521 0.0050647 0.00602623 0.00691692 0.00772489 0.00844611 0.00908185 0.0096367
 0.000530656 0.00119633 0.00205827 0.00303499 0.00405521 0.0050647 0.00602623 0.00691692 0.00772489 0.00844611 0.00908185 0.0096367
 0.000530656 0.00119633 0.00205827 0.00303499 0.00405521 0.0050647 0.00602623 0.00691692 0.00772489 0.00844611 0.00908185 0.0096367
 0.000530656 0.00119633 0.00205827 0.00303499 0.00405521 0.0050647 0.00602623 0.00691692 0.00772489 0.00844611 0.00908185 0.0096367
 0.000530656 0.00119633 0.00205827 0.00303499 0.00405521 0.0050647 0.00602623 0.00691692 0.00772489 0.00844611 0.00908185 0.0096367
 0.000530656 0.00119633 0.00205827 0.00303499 0.00405521 0.0050647 0.00602623 0.00691692 0.00772489 0.00844611 0.00908185 0.0096367
 0.000530656 0.00119633 0.00205827 0.00303499 0.00405521 0.0050647 0.00602623 0.00691692 0.00772489 0.00844611 0.00908185 0.0096367
 0.000530656 0.00119633 0.00205827 0.00303499 0.00405521 0.0050647 0.00602623 0.00691692 0.00772489 0.00844611 0.00908185 0.0096367
 0.000530656 0.00119633 0.00205827 0.00303499 0.00405521 0.0050647 0.00602623 0.00691692 0.00772489 0.00844611 0.00908185 0.0096367
 0.000530656 0.00119633 0.00205827 0.00303499 0.00405521 0.0050647 0.00602623 0.00691692 0.00772489 0.00844611 0.00908185 0.0096367
 0.000530656 0.00119633 0.00205827 0.00303499 0.00405521 0.0050647 0.00602623 0.00691692 0.00772489 0.00844611 0.00908185 0.0096367
 0.000530656 0.00119633 0.00205827 0.00303499 0.00405521 0.0050647 0.00602623 0.00691692 0.00772489 0.00844611 0.00908185 0.0096367
 0.000530656 0.00119633 0.00205827 0.00303499 0.00405521 0.0050647 0.00602623 0.00691692 0.00772489 0.00844611 0.00908185 0.0096367
 0.000530656 0.00119633 0.00205827 0.00303499 0.00405521 0.0050647 0.00602623 0.00691692 0.00772489 0.00844611 0.00908185 0.0096367
 0.000530656 0.00119633 0.00205827 0.00303499 0.00405521 0.0050647 0.00602623 0.00691692 0.00772489 0.00844611 0.00908185 0.0096367
 0.000530656 0.00119633 0.00205827 0.00303499 0.00405521 0.0050647 0.00602623 0.00691692 0.00772489 0.00844611 0.00908185 0.0096367
 0.000530656 0.00119633 0.00205827 0.00303499 0.00405521 0.0050647 0.00602623 0.00691692 0.00772489 0.00844611 0.00908185 0.0096367
 0.000530656 0.00119633 0.00205827 0.00303499 0.00405521 0.0050647 0.00602623 0.00691692 0.00772489 0.00844611 0.00908185 0.0096367
 0.000530656 0.00119633 0.00205827 0.00303499 0.00405521 0.0050647 0.00602623 0.00691692 0.00772489 0.00844611 0.00908185 0.0096367
 0.000530656 0.00119633 0.00205827 0.00303499 0.00405521 0.0050647 0.00602623 0.00691692 0.00772489 0.00844611 0.00908185 0.0096367
 0.000530656 0.00119633 0.00205827 0.00303499 0.00405521 0.0050647 0.00602623 0.00691692 0.00772489 0.00844611 0.00908185 0.0096367
# nyrs_ind_age
 30
# yrs_ind_age
 1 2 3 4 5 6 7 8 9 10 11 12 13 14 15 16 17 18 19 20 21 22 23 24 25 26 27 28 29 30
# n_sample_ind_age
 200 200 200 200 200 200 200 200 200 200 200 200 200 200 200 200 200 200 200 200 200 200 200 200 200 200 200 200 200 200
# oac_ind
 0.03 0.16 0.16 0.125 0.095 0.07 0.1 0.06 0.02 0.025 0.03 0.125
 0.055 0.17 0.16 0.135 0.085 0.08 0.07 0.045 0.03 0.04 0.025 0.105
 0.075 0.11 0.15 0.12 0.125 0.08 0.04 0.05 0.05 0.025 0.02 0.155
 0.095 0.145 0.075 0.135 0.065 0.09 0.055 0.06 0.06 0.04 0.025 0.155
 0.065 0.12 0.21 0.095 0.11 0.095 0.06 0.04 0.015 0.02 0.03 0.14
 0.05 0.13 0.16 0.15 0.085 0.085 0.06 0.05 0.06 0.025 0.035 0.11
 0.09 0.08 0.2 0.19 0.085 0.055 0.075 0.05 0.015 0.02 0.015 0.125
 0.07 0.26 0.08 0.135 0.085 0.065 0.04 0.05 0.02 0.035 0.025 0.135
 0.035 0.185 0.26 0.105 0.065 0.085 0.055 0.04 0.025 0.02 0.035 0.09
 0.07 0.16 0.185 0.2 0.035 0.055 0.075 0.06 0.025 0.01 0.02 0.105
 0.1 0.16 0.155 0.155 0.135 0.045 0.075 0.02 0.035 0.035 0.015 0.07
 0.095 0.215 0.195 0.13 0.095 0.105 0.03 0.065 0.005 0.02 0.005 0.04
 0.065 0.145 0.225 0.2 0.12 0.015 0.08 0.01 0.04 0.03 0.005 0.065
 0.125 0.145 0.2 0.14 0.1 0.08 0.065 0.03 0.035 0.025 0.02 0.035
 0.065 0.26 0.17 0.12 0.15 0.065 0.035 0.035 0.015 0.01 0.005 0.07
 0.06 0.15 0.26 0.1 0.1 0.13 0.06 0.02 0.02 0.035 0 0.065
 0.135 0.115 0.18 0.165 0.11 0.09 0.055 0.035 0.035 0.01 0.02 0.05
 0.1 0.18 0.15 0.165 0.095 0.08 0.065 0.05 0.04 0.025 0.01 0.04
 0.1 0.195 0.21 0.105 0.085 0.1 0.05 0.045 0.045 0.015 0.01 0.04
 0.055 0.23 0.245 0.135 0.075 0.055 0.07 0.04 0.015 0.03 0.015 0.035
 0.105 0.215 0.24 0.15 0.085 0.055 0.05 0.025 0.03 0.02 0.01 0.015
 0.115 0.145 0.235 0.165 0.115 0.04 0.035 0.055 0.02 0.02 0.03 0.025
 0.145 0.24 0.165 0.115 0.135 0.06 0.025 0.035 0.025 0.015 0.015 0.025
 0.14 0.295 0.165 0.12 0.075 0.065 0.05 0.02 0.02 0.01 0.005 0.035
 0.14 0.265 0.235 0.135 0.07 0.05 0.04 0.03 0.01 0.01 0.005 0.01
 0.045 0.275 0.29 0.105 0.075 0.075 0.035 0.035 0.005 0.01 0.005 0.045
 0.11 0.17 0.26 0.23 0.11 0.055 0.01 0.025 0.005 0 0 0.025
 0.135 0.29 0.145 0.155 0.11 0.06 0.07 0.01 0.015 0.005 0.005 0
 0.115 0.3 0.255 0.08 0.135 0.04 0.02 0.03 0.015 0.01 0 0
 0.13 0.205 0.305 0.17 0.04 0.04 0.04 0.025 0.015 0.01 0.005 0.015
# olc_ind

# obs_lse_ind
 0.198042 0.198042 0.198042 0.198042 0.198042 0.198042 0.198042 0.198042 0.198042 0.198042 0.198042 0.198042 0.198042 0.198042 0.198042 0.198042 0.198042 0.198042 0.198042 0.198042 0.198042 0.198042 0.198042 0.198042 0.198042 0.198042 0.198042 0.198042 0.198042 0.198042
# xages_fsh
 0 0 0 0 0 0 0 0 0 0 0 0
# xages_fsh
 0 0.0909091 0.181818 0.272727 0.363636 0.454545 0.545455 0.636364 0.727273 0.818182 0.909091 1
# xnodes_fsh

Yrs fsh_sel change:  1 0 0 0 0 0 0 0 0 0 0 0 0 0 0 0 0 0 0 0 0 0 0 0 0 0 0 0 0
Yrs ind_sel change:  1 0 0 0 0 0 0 0 0 0 0 0 0 0 0 0 0 0 0 0 0 0 0 0 0 0 0 0 0
# steepnessprior
0.75
# sigmarprior
0.2
#  SSB estimated in styr endyr: -13 28 
#  Rec estimated in styr endyr: -11 30 
#  SR Curve fit  in styr endyr: 1 30 
#             Model styr endyr: 1 30 
# qprior
 3.48998e-007
# q_power_prior 
 1 
# cv_catchbiomass 
0.05 
# CatchbiomassPen 
200 
# Number of projection years 
5 
# offset_fsh
 13372.1
# offset_ind
 13084.1
Mean Catch
1233.81
R_guess 
15.378
# nfsh
1
# n_sel_ch_fsh
 1
# nselages_fsh
 11
# phase_selcoff_fsh
 -1
logRzero 15.378
logmeanrec 15.378
exp(log_sigmarprior 0.2
Fish sel phase: -1 FLEET1
Fixing fishery sel to
1
Srvy sel phase: -1
Fixing SURVEY1 indices sel to
1
# logsel_slp_in_indv
 0.693147
Leaving parameter init secton
# M
 0.2 0.2 0.2 0.2 0.2 0.2 0.2 0.2 0.2 0.2 0.2 0.2
 0.2 0.2 0.2 0.2 0.2 0.2 0.2 0.2 0.2 0.2 0.2 0.2
 0.2 0.2 0.2 0.2 0.2 0.2 0.2 0.2 0.2 0.2 0.2 0.2
 0.2 0.2 0.2 0.2 0.2 0.2 0.2 0.2 0.2 0.2 0.2 0.2
 0.2 0.2 0.2 0.2 0.2 0.2 0.2 0.2 0.2 0.2 0.2 0.2
 0.2 0.2 0.2 0.2 0.2 0.2 0.2 0.2 0.2 0.2 0.2 0.2
 0.2 0.2 0.2 0.2 0.2 0.2 0.2 0.2 0.2 0.2 0.2 0.2
 0.2 0.2 0.2 0.2 0.2 0.2 0.2 0.2 0.2 0.2 0.2 0.2
 0.2 0.2 0.2 0.2 0.2 0.2 0.2 0.2 0.2 0.2 0.2 0.2
 0.2 0.2 0.2 0.2 0.2 0.2 0.2 0.2 0.2 0.2 0.2 0.2
 0.2 0.2 0.2 0.2 0.2 0.2 0.2 0.2 0.2 0.2 0.2 0.2
 0.2 0.2 0.2 0.2 0.2 0.2 0.2 0.2 0.2 0.2 0.2 0.2
 0.2 0.2 0.2 0.2 0.2 0.2 0.2 0.2 0.2 0.2 0.2 0.2
 0.2 0.2 0.2 0.2 0.2 0.2 0.2 0.2 0.2 0.2 0.2 0.2
 0.2 0.2 0.2 0.2 0.2 0.2 0.2 0.2 0.2 0.2 0.2 0.2
 0.2 0.2 0.2 0.2 0.2 0.2 0.2 0.2 0.2 0.2 0.2 0.2
 0.2 0.2 0.2 0.2 0.2 0.2 0.2 0.2 0.2 0.2 0.2 0.2
 0.2 0.2 0.2 0.2 0.2 0.2 0.2 0.2 0.2 0.2 0.2 0.2
 0.2 0.2 0.2 0.2 0.2 0.2 0.2 0.2 0.2 0.2 0.2 0.2
 0.2 0.2 0.2 0.2 0.2 0.2 0.2 0.2 0.2 0.2 0.2 0.2
 0.2 0.2 0.2 0.2 0.2 0.2 0.2 0.2 0.2 0.2 0.2 0.2
 0.2 0.2 0.2 0.2 0.2 0.2 0.2 0.2 0.2 0.2 0.2 0.2
 0.2 0.2 0.2 0.2 0.2 0.2 0.2 0.2 0.2 0.2 0.2 0.2
 0.2 0.2 0.2 0.2 0.2 0.2 0.2 0.2 0.2 0.2 0.2 0.2
 0.2 0.2 0.2 0.2 0.2 0.2 0.2 0.2 0.2 0.2 0.2 0.2
 0.2 0.2 0.2 0.2 0.2 0.2 0.2 0.2 0.2 0.2 0.2 0.2
 0.2 0.2 0.2 0.2 0.2 0.2 0.2 0.2 0.2 0.2 0.2 0.2
 0.2 0.2 0.2 0.2 0.2 0.2 0.2 0.2 0.2 0.2 0.2 0.2
 0.2 0.2 0.2 0.2 0.2 0.2 0.2 0.2 0.2 0.2 0.2 0.2
 0.2 0.2 0.2 0.2 0.2 0.2 0.2 0.2 0.2 0.2 0.2 0.2
# mean_log_rec
13.7167
# log_Rzero
13.7592
# rec_dev
 -0.0606039 -0.0730953 0.0894086 -0.0722087 -0.0810288 0.00853793 0.0527036 0.0412814 0.0309526 0.00975435 0.042774 -0.00435051 0.0141735 -0.24154 0.0636891 0.160036 0.0811616 -0.3352 0.483344 0.0331358 0.0691212 0.191155 0.297219 0.149817 -0.0378173 0.276414 -0.0900674 -0.264594 -0.098055 -0.164355 0.0284777 -0.215549 -0.355562 -0.263635 -0.0711388 -0.0696964 -0.0930416 -0.724795 -0.152077 -0.0344185 -0.306818 -0.202291
# fmort
 0.00945376 0.0277659 0.0459746 0.0627202 0.0499276 0.0898102 0.0902358 0.189063 0.109967 0.134881 0.150479 0.160667 0.116204 0.165934 0.17589 0.156414 0.30354 0.248049 0.242905 0.239848 0.330449 0.243269 0.401328 0.334408 0.337988 0.314568 0.317217 0.467277 0.370505 0.58846
# rec_dev_future
 0 0 0 0 0
