AMAK;Mar 2020
# styr
1
# endyr
30
# rec_age
1
# oldest_age
12
# nlength
81
# len_bins
 10 11 12 13 14 15 16 17 18 19 20 21 22 23 24 25 26 27 28 29 30 31 32 33 34 35 36 37 38 39 40 41 42 43 44 45 46 47 48 49 50 51 52 53 54 55 56 57 58 59 60 61 62 63 64 65 66 67 68 69 70 71 72 73 74 75 76 77 78 79 80 81 82 83 84 85 86 87 88 89 90
# datafile_name
amak_data.dat
# model_name
AMAK_MCP
# styr
1
# endyr
30
# rec_age
1
# oldest_age
12
# nfsh
1
# fshname
FLEET1
# catch_bio_in
 161.041 455.029 747.336 984.042 770.259 1339.85 1282.35 2408.8 1292.13 1447.67 1517.69 1487.39 1031.07 1423.27 1419.82 1204.65 2136.82 1560.64 1480.42 1399.19 1806.47 1213.06 1766.19 1312.86 1219.48 1079.81 1035.16 1328.84 896.176 1228.18
# catch_bio_sd_in
 0.01 0.01 0.01 0.01 0.01 0.01 0.01 0.01 0.01 0.01 0.01 0.01 0.01 0.01 0.01 0.01 0.01 0.01 0.01 0.01 0.01 0.01 0.01 0.01 0.01 0.01 0.01 0.01 0.01 0.01
# nyrs_fsh_age
 30
# nyrs_fsh_length
 0
# yrs_fsh_age_in
 1 2 3 4 5 6 7 8 9 10 11 12 13 14 15 16 17 18 19 20 21 22 23 24 25 26 27 28 29 30
# yrs_fsh_length_in

# n_sample_fsh_length_in

# olc_fsh_in

# nind
1
# indname
SURVEY1
# nyrs_ind
 30
# yrs_ind_in
 1 2 3 4 5 6 7 8 9 10 11 12 13 14 15 16 17 18 19 20 21 22 23 24 25 26 27 28 29 30
# mo_ind
 1
# obs_ind_in
 1.67251 1.62679 1.26352 1.79342 1.72412 1.3328 1.58113 1.14062 1.14003 1.29768 1.2886 1.18388 1.1195 0.966239 1.01348 0.806754 1.03116 1.05822 0.889566 0.849576 0.876576 0.752061 0.896043 0.585516 0.808256 0.726123 0.630071 0.561721 0.52957 0.456347
# obs_se_ind_in
 0.334503 0.325357 0.252704 0.358684 0.344824 0.266559 0.316227 0.228123 0.228006 0.259536 0.25772 0.236775 0.223901 0.193248 0.202695 0.161351 0.206231 0.211644 0.177913 0.169915 0.175315 0.150412 0.179209 0.117103 0.161651 0.145225 0.126014 0.112344 0.105914 0.0912695
# nyrs_ind_age
 30
# nyrs_ind_length
 0
# yrs_ind_age_in
 1 2 3 4 5 6 7 8 9 10 11 12 13 14 15 16 17 18 19 20 21 22 23 24 25 26 27 28 29 30
# yrs_ind_length_in

# yrs_ind_age_in
 1 2 3 4 5 6 7 8 9 10 11 12 13 14 15 16 17 18 19 20 21 22 23 24 25 26 27 28 29 30
# n_sample_ind_length_in

# olc_ind_in

# oac_ind_in
 0.08 0.18 0.15 0.11 0.085 0.07 0.075 0.045 0.035 0.02 0.02 0.13
 0.04 0.13 0.155 0.13 0.125 0.105 0.06 0.035 0.05 0.045 0.03 0.095
 0.07 0.17 0.145 0.125 0.105 0.075 0.06 0.055 0.025 0.03 0.025 0.115
 0.06 0.16 0.105 0.15 0.09 0.07 0.065 0.065 0.045 0.045 0.035 0.11
 0.035 0.13 0.18 0.13 0.145 0.055 0.045 0.06 0.035 0.045 0.04 0.1
 0.08 0.09 0.125 0.22 0.11 0.07 0.055 0.085 0.035 0.02 0.02 0.09
 0.04 0.15 0.115 0.14 0.145 0.065 0.065 0.08 0.03 0.025 0.025 0.12
 0.03 0.17 0.17 0.125 0.105 0.095 0.075 0.03 0.035 0.025 0.03 0.11
 0.095 0.11 0.135 0.185 0.105 0.1 0.07 0.04 0.035 0.02 0.02 0.085
 0.065 0.23 0.08 0.11 0.11 0.04 0.105 0.105 0.035 0.02 0.02 0.08
 0.09 0.155 0.27 0.075 0.075 0.035 0.075 0.075 0.04 0.01 0.02 0.08
 0.095 0.22 0.125 0.145 0.08 0.07 0.065 0.02 0.02 0.035 0.04 0.085
 0.08 0.225 0.215 0.105 0.085 0.045 0.055 0.06 0.015 0.035 0.03 0.05
 0.11 0.175 0.13 0.14 0.1 0.12 0.055 0.05 0.025 0.015 0.02 0.06
 0.105 0.16 0.15 0.14 0.125 0.1 0.065 0.015 0.01 0.04 0.025 0.065
 0.11 0.16 0.14 0.165 0.065 0.075 0.05 0.065 0.03 0.03 0.03 0.08
 0.12 0.19 0.215 0.1 0.135 0.045 0.065 0.035 0.04 0.01 0.015 0.03
 0.145 0.245 0.17 0.135 0.07 0.085 0.045 0.02 0.02 0.015 0 0.05
 0.095 0.255 0.205 0.13 0.095 0.03 0.055 0.045 0.03 0.015 0.01 0.035
 0.09 0.15 0.285 0.155 0.09 0.085 0.035 0.045 0.025 0.01 0.005 0.025
 0.12 0.2 0.145 0.25 0.1 0.02 0.04 0.025 0.035 0.02 0.005 0.04
 0.08 0.285 0.155 0.16 0.145 0.07 0.04 0.035 0 0.01 0 0.02
 0.13 0.205 0.235 0.165 0.105 0.085 0.03 0.015 0.015 0 0.015 0
 0.155 0.26 0.18 0.145 0.085 0.05 0.06 0.04 0.01 0.01 0 0.005
 0.135 0.24 0.2 0.19 0.07 0.04 0.03 0.035 0.01 0.015 0.005 0.03
 0.11 0.215 0.28 0.195 0.09 0.04 0.01 0.015 0.01 0.01 0.005 0.02
 0.1 0.155 0.305 0.19 0.08 0.05 0.04 0.03 0.025 0.02 0 0.005
 0.125 0.185 0.175 0.185 0.145 0.085 0.035 0.02 0.025 0.01 0 0.01
 0.08 0.305 0.195 0.115 0.15 0.06 0.04 0.015 0.02 0.005 0 0.015
 0.2 0.205 0.245 0.11 0.065 0.065 0.045 0.03 0.025 0.01 0 0
# wt_ind
 1 1 1 1 1 1 1 1 1 1 1 1
 1 1 1 1 1 1 1 1 1 1 1 1
 1 1 1 1 1 1 1 1 1 1 1 1
 1 1 1 1 1 1 1 1 1 1 1 1
 1 1 1 1 1 1 1 1 1 1 1 1
 1 1 1 1 1 1 1 1 1 1 1 1
 1 1 1 1 1 1 1 1 1 1 1 1
 1 1 1 1 1 1 1 1 1 1 1 1
 1 1 1 1 1 1 1 1 1 1 1 1
 1 1 1 1 1 1 1 1 1 1 1 1
 1 1 1 1 1 1 1 1 1 1 1 1
 1 1 1 1 1 1 1 1 1 1 1 1
 1 1 1 1 1 1 1 1 1 1 1 1
 1 1 1 1 1 1 1 1 1 1 1 1
 1 1 1 1 1 1 1 1 1 1 1 1
 1 1 1 1 1 1 1 1 1 1 1 1
 1 1 1 1 1 1 1 1 1 1 1 1
 1 1 1 1 1 1 1 1 1 1 1 1
 1 1 1 1 1 1 1 1 1 1 1 1
 1 1 1 1 1 1 1 1 1 1 1 1
 1 1 1 1 1 1 1 1 1 1 1 1
 1 1 1 1 1 1 1 1 1 1 1 1
 1 1 1 1 1 1 1 1 1 1 1 1
 1 1 1 1 1 1 1 1 1 1 1 1
 1 1 1 1 1 1 1 1 1 1 1 1
 1 1 1 1 1 1 1 1 1 1 1 1
 1 1 1 1 1 1 1 1 1 1 1 1
 1 1 1 1 1 1 1 1 1 1 1 1
 1 1 1 1 1 1 1 1 1 1 1 1
 1 1 1 1 1 1 1 1 1 1 1 1
# wt_pop
 0.000530656 0.00119633 0.00205827 0.00303499 0.00405521 0.0050647 0.00602623 0.00691692 0.00772489 0.00844611 0.00908185 0.0096367
# maturity
 0.0229774 0.320821 0.904651 0.99478 0.999739 0.999987 0.999999 1 1 1 1 1
# spawnmo
1
# age_err
 1 0 0 0 0 0 0 0 0 0 0 0
 0 1 0 0 0 0 0 0 0 0 0 0
 0 0 1 0 0 0 0 0 0 0 0 0
 0 0 0 1 0 0 0 0 0 0 0 0
 0 0 0 0 1 0 0 0 0 0 0 0
 0 0 0 0 0 1 0 0 0 0 0 0
 0 0 0 0 0 0 1 0 0 0 0 0
 0 0 0 0 0 0 0 1 0 0 0 0
 0 0 0 0 0 0 0 0 1 0 0 0
 0 0 0 0 0 0 0 0 0 1 0 0
 0 0 0 0 0 0 0 0 0 0 1 0
 0 0 0 0 0 0 0 0 0 0 0 1
# cntrlfile_name
C:\Users\bai.li\DOCUME~1\Github\AGE_ST~1\ASSAMC\example\output\AMAK\s17\amak.dat
# Map shared selectivity: 
# sel_map
 1 2
 1 1
# datafile_name
amak_data.dat
# model_name
AMAK_MCP
# SrType
2
# use_age_err
0
# retro
0
# sigmarprior
0.2
# cvsigmarprior
0.25
# phase_sigmar
-3
# styr_rec_est
1
# endyr_rec_est
30
# Linfprior
80
# cvLinfprior
0.25
# kprior
0.18
# cvkprior
0.25
# Loprior
27.688
# cvLoprior
0.25
# sdageprior
0.1
# cvsdageprior
0.25
# natmortprior
0.2
# cvnatmortprior
0.25
# phase_M
-4
# npars_Mage
0
# ages_M_changes

# Mage_in

# Mage_offset_in

# phase_Mage
-5
# phase_rw_M
0
# npars_rw_M
0
# yrs_rw_M

# sigma_rw_M

# qprior
 3.48998e-007
# cvqprior
 1
# phase_q
 1
# q_power_prior
 1
# cvq_power_prior
 0.2
# phase_q_power
 -4
# phase_rw_q
 -1
# npars_rw_q
 0
# yrs_rw_q

# sigma_rw_q

# q_age_min
 1
# q_age_max
 12
# q_age_min
 1
# q_age_max
 12
# fsh_sel_opt(k)
2
# phase_sel_fsh(k)
2
# n_sel_ch_fsh(k)
1
# sel_slp_in_fsh(k)(1,n_sel_ch_fsh(k))
 1
# sel_inf_in_fsh(k)(1,n_sel_ch_fsh(k))
 2
# logsel_slp_in_fsh(k)(1,n_sel_ch_fsh(k))
 0
# yrs_sel_ch_fsh(k)(1,n_sel_ch_fsh(k))
 1

Survey SURVEY1
# ind_sel_opt(k)
2
# indname(k)
SURVEY1
# nselages_in_ind(k)
11
# phase_sel_ind(k)
2
# sel_change_in_ind(k)
 1 0 0 0 0 0 0 0 0 0 0 0 0 0 0 0 0 0 0 0 0 0 0 0 0 0 0 0 0 0
# n_sel_ch_ind(k)
1
# yrs_sel_ch_ind(k)(1,n_sel_ch_ind(k))
 1
# sel_slp_in_ind(k,1)
2
# sel_inf_in_ind(k,1)
1.5
# logsel_slp_in_ind(k,1)
0.693147
# logsel_slp_in_indv(k)
0.693147
SURVEY1 ind sel opt 2  1 0 0 0 0 0 0 0 0 0 0 0 0 0 0 0 0 0 0 0 0 0 0 0 0 0 0 0 0 0
Phase indices Sel_Coffs:  -1
 Test: 1.23457e+008
# Fshry Selages:  11
# Srvy  Selages:  11
# Phase for age-spec fishery  -1
# Phase for logistic fishery  2
# Phase for dble logistic fishery  -1
# Phase for age-spec indices   -1
# Phase for logistic indices   2
# Phase for dble logistic ind  -1
# Curv_pen_fsh: 
 0
# Curv_pen_ind: 
 0
# styr_fut
31
# endyr_fut
35
# nyrs_fsh_age
 30
# nyrs_fsh_age
 30
# yrs_fsh_age
 1 2 3 4 5 6 7 8 9 10 11 12 13 14 15 16 17 18 19 20 21 22 23 24 25 26 27 28 29 30
# n_sample_fsh_age
 200 200 200 200 200 200 200 200 200 200 200 200 200 200 200 200 200 200 200 200 200 200 200 200 200 200 200 200 200 200
# oac_fsh
 0.075 0.095 0.105 0.11 0.105 0.135 0.09 0.07 0.02 0.055 0.015 0.125
 0.045 0.14 0.1 0.16 0.11 0.055 0.09 0.055 0.035 0.035 0.05 0.125
 0.14 0.08 0.1 0.125 0.07 0.125 0.085 0.05 0.035 0.04 0.025 0.125
 0.065 0.17 0.16 0.115 0.08 0.12 0.04 0.04 0.03 0.035 0.02 0.125
 0.06 0.11 0.18 0.155 0.08 0.07 0.06 0.06 0.03 0.04 0.03 0.125
 0.08 0.09 0.115 0.195 0.09 0.075 0.075 0.035 0.025 0.03 0.035 0.155
 0.055 0.12 0.095 0.15 0.135 0.075 0.07 0.085 0.035 0.045 0.025 0.11
 0.02 0.11 0.195 0.08 0.14 0.115 0.05 0.055 0.065 0.03 0.045 0.095
 0.125 0.055 0.105 0.185 0.045 0.06 0.09 0.06 0.045 0.035 0.035 0.16
 0.08 0.21 0.105 0.155 0.1 0.045 0.04 0.07 0.02 0.025 0.025 0.125
 0.11 0.09 0.175 0.1 0.09 0.08 0.08 0.06 0.045 0.035 0.01 0.125
 0.065 0.195 0.14 0.135 0.1 0.1 0.06 0.03 0.05 0.045 0.01 0.07
 0.095 0.105 0.215 0.115 0.12 0.055 0.075 0.07 0.025 0.045 0.01 0.07
 0.08 0.165 0.15 0.125 0.11 0.08 0.035 0.045 0.06 0.015 0.045 0.09
 0.12 0.155 0.18 0.085 0.16 0.05 0.055 0.035 0.01 0.03 0.025 0.095
 0.15 0.16 0.125 0.13 0.09 0.13 0.065 0.05 0.02 0.005 0.015 0.06
 0.12 0.185 0.18 0.125 0.13 0.06 0.095 0.02 0.025 0.01 0.005 0.045
 0.21 0.19 0.2 0.13 0.045 0.1 0.02 0.03 0.025 0.025 0.005 0.02
 0.13 0.21 0.175 0.13 0.11 0.04 0.065 0.035 0.035 0.01 0.015 0.045
 0.115 0.185 0.265 0.155 0.095 0.05 0.03 0.015 0.02 0.02 0.02 0.03
 0.125 0.155 0.165 0.225 0.115 0.06 0.035 0.035 0.03 0.03 0 0.025
 0.13 0.155 0.215 0.14 0.11 0.085 0.04 0.04 0.01 0.03 0.015 0.03
 0.175 0.145 0.205 0.145 0.06 0.085 0.065 0.03 0.03 0.01 0.01 0.04
 0.195 0.24 0.16 0.12 0.1 0.04 0.055 0.04 0.015 0 0 0.035
 0.12 0.29 0.24 0.14 0.1 0.05 0.01 0.02 0.015 0.01 0 0.005
 0.105 0.26 0.22 0.115 0.095 0.07 0.045 0.02 0.025 0.01 0.02 0.015
 0.125 0.14 0.25 0.18 0.12 0.105 0.025 0.015 0.01 0.015 0.01 0.005
 0.155 0.16 0.17 0.215 0.13 0.08 0.02 0.035 0.02 0 0.005 0.01
 0.115 0.215 0.15 0.165 0.12 0.09 0.065 0.04 0.02 0.01 0.005 0.005
 0.15 0.15 0.22 0.19 0.04 0.095 0.075 0.03 0.015 0.005 0.01 0.02
# olc_fsh

# wt_fsh
 0.000530656 0.00119633 0.00205827 0.00303499 0.00405521 0.0050647 0.00602623 0.00691692 0.00772489 0.00844611 0.00908185 0.0096367
 0.000530656 0.00119633 0.00205827 0.00303499 0.00405521 0.0050647 0.00602623 0.00691692 0.00772489 0.00844611 0.00908185 0.0096367
 0.000530656 0.00119633 0.00205827 0.00303499 0.00405521 0.0050647 0.00602623 0.00691692 0.00772489 0.00844611 0.00908185 0.0096367
 0.000530656 0.00119633 0.00205827 0.00303499 0.00405521 0.0050647 0.00602623 0.00691692 0.00772489 0.00844611 0.00908185 0.0096367
 0.000530656 0.00119633 0.00205827 0.00303499 0.00405521 0.0050647 0.00602623 0.00691692 0.00772489 0.00844611 0.00908185 0.0096367
 0.000530656 0.00119633 0.00205827 0.00303499 0.00405521 0.0050647 0.00602623 0.00691692 0.00772489 0.00844611 0.00908185 0.0096367
 0.000530656 0.00119633 0.00205827 0.00303499 0.00405521 0.0050647 0.00602623 0.00691692 0.00772489 0.00844611 0.00908185 0.0096367
 0.000530656 0.00119633 0.00205827 0.00303499 0.00405521 0.0050647 0.00602623 0.00691692 0.00772489 0.00844611 0.00908185 0.0096367
 0.000530656 0.00119633 0.00205827 0.00303499 0.00405521 0.0050647 0.00602623 0.00691692 0.00772489 0.00844611 0.00908185 0.0096367
 0.000530656 0.00119633 0.00205827 0.00303499 0.00405521 0.0050647 0.00602623 0.00691692 0.00772489 0.00844611 0.00908185 0.0096367
 0.000530656 0.00119633 0.00205827 0.00303499 0.00405521 0.0050647 0.00602623 0.00691692 0.00772489 0.00844611 0.00908185 0.0096367
 0.000530656 0.00119633 0.00205827 0.00303499 0.00405521 0.0050647 0.00602623 0.00691692 0.00772489 0.00844611 0.00908185 0.0096367
 0.000530656 0.00119633 0.00205827 0.00303499 0.00405521 0.0050647 0.00602623 0.00691692 0.00772489 0.00844611 0.00908185 0.0096367
 0.000530656 0.00119633 0.00205827 0.00303499 0.00405521 0.0050647 0.00602623 0.00691692 0.00772489 0.00844611 0.00908185 0.0096367
 0.000530656 0.00119633 0.00205827 0.00303499 0.00405521 0.0050647 0.00602623 0.00691692 0.00772489 0.00844611 0.00908185 0.0096367
 0.000530656 0.00119633 0.00205827 0.00303499 0.00405521 0.0050647 0.00602623 0.00691692 0.00772489 0.00844611 0.00908185 0.0096367
 0.000530656 0.00119633 0.00205827 0.00303499 0.00405521 0.0050647 0.00602623 0.00691692 0.00772489 0.00844611 0.00908185 0.0096367
 0.000530656 0.00119633 0.00205827 0.00303499 0.00405521 0.0050647 0.00602623 0.00691692 0.00772489 0.00844611 0.00908185 0.0096367
 0.000530656 0.00119633 0.00205827 0.00303499 0.00405521 0.0050647 0.00602623 0.00691692 0.00772489 0.00844611 0.00908185 0.0096367
 0.000530656 0.00119633 0.00205827 0.00303499 0.00405521 0.0050647 0.00602623 0.00691692 0.00772489 0.00844611 0.00908185 0.0096367
 0.000530656 0.00119633 0.00205827 0.00303499 0.00405521 0.0050647 0.00602623 0.00691692 0.00772489 0.00844611 0.00908185 0.0096367
 0.000530656 0.00119633 0.00205827 0.00303499 0.00405521 0.0050647 0.00602623 0.00691692 0.00772489 0.00844611 0.00908185 0.0096367
 0.000530656 0.00119633 0.00205827 0.00303499 0.00405521 0.0050647 0.00602623 0.00691692 0.00772489 0.00844611 0.00908185 0.0096367
 0.000530656 0.00119633 0.00205827 0.00303499 0.00405521 0.0050647 0.00602623 0.00691692 0.00772489 0.00844611 0.00908185 0.0096367
 0.000530656 0.00119633 0.00205827 0.00303499 0.00405521 0.0050647 0.00602623 0.00691692 0.00772489 0.00844611 0.00908185 0.0096367
 0.000530656 0.00119633 0.00205827 0.00303499 0.00405521 0.0050647 0.00602623 0.00691692 0.00772489 0.00844611 0.00908185 0.0096367
 0.000530656 0.00119633 0.00205827 0.00303499 0.00405521 0.0050647 0.00602623 0.00691692 0.00772489 0.00844611 0.00908185 0.0096367
 0.000530656 0.00119633 0.00205827 0.00303499 0.00405521 0.0050647 0.00602623 0.00691692 0.00772489 0.00844611 0.00908185 0.0096367
 0.000530656 0.00119633 0.00205827 0.00303499 0.00405521 0.0050647 0.00602623 0.00691692 0.00772489 0.00844611 0.00908185 0.0096367
 0.000530656 0.00119633 0.00205827 0.00303499 0.00405521 0.0050647 0.00602623 0.00691692 0.00772489 0.00844611 0.00908185 0.0096367
# nyrs_ind_age
 30
# yrs_ind_age
 1 2 3 4 5 6 7 8 9 10 11 12 13 14 15 16 17 18 19 20 21 22 23 24 25 26 27 28 29 30
# n_sample_ind_age
 200 200 200 200 200 200 200 200 200 200 200 200 200 200 200 200 200 200 200 200 200 200 200 200 200 200 200 200 200 200
# oac_ind
 0.08 0.18 0.15 0.11 0.085 0.07 0.075 0.045 0.035 0.02 0.02 0.13
 0.04 0.13 0.155 0.13 0.125 0.105 0.06 0.035 0.05 0.045 0.03 0.095
 0.07 0.17 0.145 0.125 0.105 0.075 0.06 0.055 0.025 0.03 0.025 0.115
 0.06 0.16 0.105 0.15 0.09 0.07 0.065 0.065 0.045 0.045 0.035 0.11
 0.035 0.13 0.18 0.13 0.145 0.055 0.045 0.06 0.035 0.045 0.04 0.1
 0.08 0.09 0.125 0.22 0.11 0.07 0.055 0.085 0.035 0.02 0.02 0.09
 0.04 0.15 0.115 0.14 0.145 0.065 0.065 0.08 0.03 0.025 0.025 0.12
 0.03 0.17 0.17 0.125 0.105 0.095 0.075 0.03 0.035 0.025 0.03 0.11
 0.095 0.11 0.135 0.185 0.105 0.1 0.07 0.04 0.035 0.02 0.02 0.085
 0.065 0.23 0.08 0.11 0.11 0.04 0.105 0.105 0.035 0.02 0.02 0.08
 0.09 0.155 0.27 0.075 0.075 0.035 0.075 0.075 0.04 0.01 0.02 0.08
 0.095 0.22 0.125 0.145 0.08 0.07 0.065 0.02 0.02 0.035 0.04 0.085
 0.08 0.225 0.215 0.105 0.085 0.045 0.055 0.06 0.015 0.035 0.03 0.05
 0.11 0.175 0.13 0.14 0.1 0.12 0.055 0.05 0.025 0.015 0.02 0.06
 0.105 0.16 0.15 0.14 0.125 0.1 0.065 0.015 0.01 0.04 0.025 0.065
 0.11 0.16 0.14 0.165 0.065 0.075 0.05 0.065 0.03 0.03 0.03 0.08
 0.12 0.19 0.215 0.1 0.135 0.045 0.065 0.035 0.04 0.01 0.015 0.03
 0.145 0.245 0.17 0.135 0.07 0.085 0.045 0.02 0.02 0.015 0 0.05
 0.095 0.255 0.205 0.13 0.095 0.03 0.055 0.045 0.03 0.015 0.01 0.035
 0.09 0.15 0.285 0.155 0.09 0.085 0.035 0.045 0.025 0.01 0.005 0.025
 0.12 0.2 0.145 0.25 0.1 0.02 0.04 0.025 0.035 0.02 0.005 0.04
 0.08 0.285 0.155 0.16 0.145 0.07 0.04 0.035 0 0.01 0 0.02
 0.13 0.205 0.235 0.165 0.105 0.085 0.03 0.015 0.015 0 0.015 0
 0.155 0.26 0.18 0.145 0.085 0.05 0.06 0.04 0.01 0.01 0 0.005
 0.135 0.24 0.2 0.19 0.07 0.04 0.03 0.035 0.01 0.015 0.005 0.03
 0.11 0.215 0.28 0.195 0.09 0.04 0.01 0.015 0.01 0.01 0.005 0.02
 0.1 0.155 0.305 0.19 0.08 0.05 0.04 0.03 0.025 0.02 0 0.005
 0.125 0.185 0.175 0.185 0.145 0.085 0.035 0.02 0.025 0.01 0 0.01
 0.08 0.305 0.195 0.115 0.15 0.06 0.04 0.015 0.02 0.005 0 0.015
 0.2 0.205 0.245 0.11 0.065 0.065 0.045 0.03 0.025 0.01 0 0
# olc_ind

# obs_lse_ind
 0.198042 0.198042 0.198042 0.198042 0.198042 0.198042 0.198042 0.198042 0.198042 0.198042 0.198042 0.198042 0.198042 0.198042 0.198042 0.198042 0.198042 0.198042 0.198042 0.198042 0.198042 0.198042 0.198042 0.198042 0.198042 0.198042 0.198042 0.198042 0.198042 0.198042
# xages_fsh
 0 0 0 0 0 0 0 0 0 0 0 0
# xages_fsh
 0 0.0909091 0.181818 0.272727 0.363636 0.454545 0.545455 0.636364 0.727273 0.818182 0.909091 1
# xnodes_fsh

Yrs fsh_sel change:  1 0 0 0 0 0 0 0 0 0 0 0 0 0 0 0 0 0 0 0 0 0 0 0 0 0 0 0 0
Yrs ind_sel change:  1 0 0 0 0 0 0 0 0 0 0 0 0 0 0 0 0 0 0 0 0 0 0 0 0 0 0 0 0
# steepnessprior
0.75
# sigmarprior
0.2
#  SSB estimated in styr endyr: -13 28 
#  Rec estimated in styr endyr: -11 30 
#  SR Curve fit  in styr endyr: 1 30 
#             Model styr endyr: 1 30 
# qprior
 3.48998e-007
# q_power_prior 
 1 
# cv_catchbiomass 
0.05 
# CatchbiomassPen 
200 
# Number of projection years 
5 
# offset_fsh
 13407
# offset_ind
 13172.8
Mean Catch
1281.19
R_guess 
15.4157
# nfsh
1
# n_sel_ch_fsh
 1
# nselages_fsh
 11
# phase_selcoff_fsh
 -1
logRzero 15.4157
logmeanrec 15.4157
exp(log_sigmarprior 0.2
Fish sel phase: -1 FLEET1
Fixing fishery sel to
1
Srvy sel phase: -1
Fixing SURVEY1 indices sel to
1
# logsel_slp_in_indv
 0.693147
Leaving parameter init secton
# M
 0.2 0.2 0.2 0.2 0.2 0.2 0.2 0.2 0.2 0.2 0.2 0.2
 0.2 0.2 0.2 0.2 0.2 0.2 0.2 0.2 0.2 0.2 0.2 0.2
 0.2 0.2 0.2 0.2 0.2 0.2 0.2 0.2 0.2 0.2 0.2 0.2
 0.2 0.2 0.2 0.2 0.2 0.2 0.2 0.2 0.2 0.2 0.2 0.2
 0.2 0.2 0.2 0.2 0.2 0.2 0.2 0.2 0.2 0.2 0.2 0.2
 0.2 0.2 0.2 0.2 0.2 0.2 0.2 0.2 0.2 0.2 0.2 0.2
 0.2 0.2 0.2 0.2 0.2 0.2 0.2 0.2 0.2 0.2 0.2 0.2
 0.2 0.2 0.2 0.2 0.2 0.2 0.2 0.2 0.2 0.2 0.2 0.2
 0.2 0.2 0.2 0.2 0.2 0.2 0.2 0.2 0.2 0.2 0.2 0.2
 0.2 0.2 0.2 0.2 0.2 0.2 0.2 0.2 0.2 0.2 0.2 0.2
 0.2 0.2 0.2 0.2 0.2 0.2 0.2 0.2 0.2 0.2 0.2 0.2
 0.2 0.2 0.2 0.2 0.2 0.2 0.2 0.2 0.2 0.2 0.2 0.2
 0.2 0.2 0.2 0.2 0.2 0.2 0.2 0.2 0.2 0.2 0.2 0.2
 0.2 0.2 0.2 0.2 0.2 0.2 0.2 0.2 0.2 0.2 0.2 0.2
 0.2 0.2 0.2 0.2 0.2 0.2 0.2 0.2 0.2 0.2 0.2 0.2
 0.2 0.2 0.2 0.2 0.2 0.2 0.2 0.2 0.2 0.2 0.2 0.2
 0.2 0.2 0.2 0.2 0.2 0.2 0.2 0.2 0.2 0.2 0.2 0.2
 0.2 0.2 0.2 0.2 0.2 0.2 0.2 0.2 0.2 0.2 0.2 0.2
 0.2 0.2 0.2 0.2 0.2 0.2 0.2 0.2 0.2 0.2 0.2 0.2
 0.2 0.2 0.2 0.2 0.2 0.2 0.2 0.2 0.2 0.2 0.2 0.2
 0.2 0.2 0.2 0.2 0.2 0.2 0.2 0.2 0.2 0.2 0.2 0.2
 0.2 0.2 0.2 0.2 0.2 0.2 0.2 0.2 0.2 0.2 0.2 0.2
 0.2 0.2 0.2 0.2 0.2 0.2 0.2 0.2 0.2 0.2 0.2 0.2
 0.2 0.2 0.2 0.2 0.2 0.2 0.2 0.2 0.2 0.2 0.2 0.2
 0.2 0.2 0.2 0.2 0.2 0.2 0.2 0.2 0.2 0.2 0.2 0.2
 0.2 0.2 0.2 0.2 0.2 0.2 0.2 0.2 0.2 0.2 0.2 0.2
 0.2 0.2 0.2 0.2 0.2 0.2 0.2 0.2 0.2 0.2 0.2 0.2
 0.2 0.2 0.2 0.2 0.2 0.2 0.2 0.2 0.2 0.2 0.2 0.2
 0.2 0.2 0.2 0.2 0.2 0.2 0.2 0.2 0.2 0.2 0.2 0.2
 0.2 0.2 0.2 0.2 0.2 0.2 0.2 0.2 0.2 0.2 0.2 0.2
# mean_log_rec
13.7928
# log_Rzero
13.8069
# rec_dev
 -0.0690493 -0.0831725 -0.187323 0.062764 -0.112102 -0.00286324 0.0258746 0.0937658 -0.0221782 0.0785203 0.0572249 0.0834416 0.0745355 0.0422578 0.408061 0.141349 -0.210468 0.171748 -0.0904093 -0.427535 0.175378 -0.173145 0.131128 -0.191257 0.023736 -0.289963 -0.025167 -0.0345994 0.0829895 0.285209 -0.194169 -0.140762 -0.0750518 -0.170961 -0.0068766 0.0490838 -0.0345066 -0.503536 -0.438596 -0.219488 -0.559631 -0.164245
# fmort
 0.00892384 0.0254029 0.0425272 0.0575757 0.0461794 0.0832638 0.0843515 0.175167 0.104926 0.127265 0.144968 0.153994 0.112431 0.162723 0.174163 0.156709 0.306728 0.250743 0.251211 0.247 0.346425 0.253553 0.404906 0.333497 0.319508 0.283769 0.273261 0.37427 0.271355 0.396531
# rec_dev_future
 0 0 0 0 0
