AMAK;Mar 2020
# styr
1
# endyr
30
# rec_age
1
# oldest_age
12
# nlength
81
# len_bins
 10 11 12 13 14 15 16 17 18 19 20 21 22 23 24 25 26 27 28 29 30 31 32 33 34 35 36 37 38 39 40 41 42 43 44 45 46 47 48 49 50 51 52 53 54 55 56 57 58 59 60 61 62 63 64 65 66 67 68 69 70 71 72 73 74 75 76 77 78 79 80 81 82 83 84 85 86 87 88 89 90
# datafile_name
amak_data.dat
# model_name
AMAK_MCP
# styr
1
# endyr
30
# rec_age
1
# oldest_age
12
# nfsh
1
# fshname
FLEET1
# catch_bio_in
 162.281 460.743 743.803 963.379 739.255 1294.87 1253.07 2401.17 1266.08 1458.48 1533.55 1544.91 1092.19 1536.19 1545.41 1312.51 2252.82 1576.74 1390.77 1238.58 1574.23 1081.85 1696.91 1269.93 1193.01 1059.18 1037.31 1384.16 954.757 1324.44
# catch_bio_sd_in
 0.01 0.01 0.01 0.01 0.01 0.01 0.01 0.01 0.01 0.01 0.01 0.01 0.01 0.01 0.01 0.01 0.01 0.01 0.01 0.01 0.01 0.01 0.01 0.01 0.01 0.01 0.01 0.01 0.01 0.01
# nyrs_fsh_age
 30
# nyrs_fsh_length
 0
# yrs_fsh_age_in
 1 2 3 4 5 6 7 8 9 10 11 12 13 14 15 16 17 18 19 20 21 22 23 24 25 26 27 28 29 30
# yrs_fsh_length_in

# n_sample_fsh_length_in

# olc_fsh_in

# nind
1
# indname
SURVEY1
# nyrs_ind
 30
# yrs_ind_in
 1 2 3 4 5 6 7 8 9 10 11 12 13 14 15 16 17 18 19 20 21 22 23 24 25 26 27 28 29 30
# mo_ind
 1
# obs_ind_in
 1.35129 1.53005 1.42221 1.52763 1.59126 1.67551 1.53099 1.35317 1.138 1.31998 1.12766 1.14729 1.27611 1.15399 1.14664 1.01007 1.0001 0.845786 0.734501 0.665199 0.753745 0.631012 0.745147 0.563594 0.58497 0.737957 0.582859 0.512026 0.5593 0.564875
# obs_se_ind_in
 0.270257 0.30601 0.284442 0.305527 0.318253 0.335102 0.306198 0.270633 0.2276 0.263996 0.225532 0.229457 0.255222 0.230798 0.229327 0.202014 0.200019 0.169157 0.1469 0.13304 0.150749 0.126202 0.149029 0.112719 0.116994 0.147591 0.116572 0.102405 0.11186 0.112975
# nyrs_ind_age
 30
# nyrs_ind_length
 0
# yrs_ind_age_in
 1 2 3 4 5 6 7 8 9 10 11 12 13 14 15 16 17 18 19 20 21 22 23 24 25 26 27 28 29 30
# yrs_ind_length_in

# yrs_ind_age_in
 1 2 3 4 5 6 7 8 9 10 11 12 13 14 15 16 17 18 19 20 21 22 23 24 25 26 27 28 29 30
# n_sample_ind_length_in

# olc_ind_in

# oac_ind_in
 0.065 0.15 0.14 0.13 0.125 0.07 0.07 0.06 0.045 0.02 0.04 0.085
 0.055 0.165 0.14 0.145 0.095 0.09 0.07 0.065 0.045 0.02 0.03 0.08
 0.055 0.105 0.14 0.125 0.105 0.1 0.085 0.035 0.035 0.025 0.02 0.17
 0.09 0.185 0.09 0.105 0.115 0.06 0.05 0.085 0.025 0.05 0.02 0.125
 0.05 0.225 0.13 0.08 0.08 0.11 0.075 0.055 0.02 0.05 0.02 0.105
 0.05 0.105 0.18 0.14 0.08 0.075 0.075 0.065 0.03 0.055 0.04 0.105
 0.075 0.13 0.15 0.18 0.14 0.08 0.06 0.025 0.045 0.015 0.015 0.085
 0.115 0.155 0.175 0.085 0.055 0.14 0.03 0.07 0.025 0.035 0.02 0.095
 0.09 0.155 0.17 0.14 0.095 0.085 0.07 0.025 0.055 0.03 0.01 0.075
 0.09 0.19 0.135 0.11 0.1 0.07 0.085 0.04 0.04 0.025 0.01 0.105
 0.07 0.225 0.145 0.14 0.055 0.085 0.045 0.06 0.055 0.03 0.015 0.075
 0.105 0.22 0.155 0.105 0.07 0.08 0.06 0.025 0.03 0.025 0.02 0.105
 0.125 0.205 0.195 0.125 0.085 0.065 0.025 0.025 0.035 0.045 0.015 0.055
 0.065 0.18 0.235 0.14 0.08 0.05 0.045 0.045 0.03 0.005 0.025 0.1
 0.06 0.235 0.175 0.175 0.13 0.09 0.045 0.02 0.005 0.02 0.005 0.04
 0.105 0.11 0.21 0.14 0.17 0.075 0.065 0.015 0.005 0.035 0.02 0.05
 0.105 0.24 0.13 0.11 0.11 0.1 0.06 0.06 0.01 0.01 0.015 0.05
 0.095 0.18 0.2 0.14 0.095 0.1 0.065 0.055 0.025 0 0.01 0.035
 0.1 0.18 0.215 0.16 0.1 0.06 0.06 0.02 0.03 0.015 0.025 0.035
 0.1 0.235 0.16 0.125 0.15 0.07 0.025 0.05 0.015 0.03 0.005 0.035
 0.155 0.32 0.16 0.11 0.08 0.045 0.045 0.01 0.025 0.01 0.025 0.015
 0.075 0.315 0.205 0.135 0.095 0.05 0.04 0.025 0.01 0.015 0.005 0.03
 0.11 0.145 0.33 0.135 0.095 0.07 0.02 0.045 0.005 0 0.01 0.035
 0.13 0.2 0.13 0.245 0.13 0.05 0.05 0.01 0.005 0.01 0.005 0.035
 0.135 0.275 0.225 0.095 0.135 0.05 0.025 0.025 0.01 0.005 0 0.02
 0.115 0.305 0.21 0.155 0.07 0.075 0.045 0.005 0 0.01 0.005 0.005
 0.105 0.215 0.29 0.125 0.1 0.05 0.07 0.015 0.01 0.005 0.005 0.01
 0.11 0.21 0.265 0.15 0.105 0.045 0.03 0.055 0.015 0 0.005 0.01
 0.09 0.285 0.2 0.175 0.115 0.045 0.045 0.02 0.01 0.01 0 0.005
 0.135 0.19 0.215 0.155 0.165 0.05 0.045 0.03 0.005 0.01 0 0
# wt_ind
 1 1 1 1 1 1 1 1 1 1 1 1
 1 1 1 1 1 1 1 1 1 1 1 1
 1 1 1 1 1 1 1 1 1 1 1 1
 1 1 1 1 1 1 1 1 1 1 1 1
 1 1 1 1 1 1 1 1 1 1 1 1
 1 1 1 1 1 1 1 1 1 1 1 1
 1 1 1 1 1 1 1 1 1 1 1 1
 1 1 1 1 1 1 1 1 1 1 1 1
 1 1 1 1 1 1 1 1 1 1 1 1
 1 1 1 1 1 1 1 1 1 1 1 1
 1 1 1 1 1 1 1 1 1 1 1 1
 1 1 1 1 1 1 1 1 1 1 1 1
 1 1 1 1 1 1 1 1 1 1 1 1
 1 1 1 1 1 1 1 1 1 1 1 1
 1 1 1 1 1 1 1 1 1 1 1 1
 1 1 1 1 1 1 1 1 1 1 1 1
 1 1 1 1 1 1 1 1 1 1 1 1
 1 1 1 1 1 1 1 1 1 1 1 1
 1 1 1 1 1 1 1 1 1 1 1 1
 1 1 1 1 1 1 1 1 1 1 1 1
 1 1 1 1 1 1 1 1 1 1 1 1
 1 1 1 1 1 1 1 1 1 1 1 1
 1 1 1 1 1 1 1 1 1 1 1 1
 1 1 1 1 1 1 1 1 1 1 1 1
 1 1 1 1 1 1 1 1 1 1 1 1
 1 1 1 1 1 1 1 1 1 1 1 1
 1 1 1 1 1 1 1 1 1 1 1 1
 1 1 1 1 1 1 1 1 1 1 1 1
 1 1 1 1 1 1 1 1 1 1 1 1
 1 1 1 1 1 1 1 1 1 1 1 1
# wt_pop
 0.000530656 0.00119633 0.00205827 0.00303499 0.00405521 0.0050647 0.00602623 0.00691692 0.00772489 0.00844611 0.00908185 0.0096367
# maturity
 0.0229774 0.320821 0.904651 0.99478 0.999739 0.999987 0.999999 1 1 1 1 1
# spawnmo
1
# age_err
 1 0 0 0 0 0 0 0 0 0 0 0
 0 1 0 0 0 0 0 0 0 0 0 0
 0 0 1 0 0 0 0 0 0 0 0 0
 0 0 0 1 0 0 0 0 0 0 0 0
 0 0 0 0 1 0 0 0 0 0 0 0
 0 0 0 0 0 1 0 0 0 0 0 0
 0 0 0 0 0 0 1 0 0 0 0 0
 0 0 0 0 0 0 0 1 0 0 0 0
 0 0 0 0 0 0 0 0 1 0 0 0
 0 0 0 0 0 0 0 0 0 1 0 0
 0 0 0 0 0 0 0 0 0 0 1 0
 0 0 0 0 0 0 0 0 0 0 0 1
# cntrlfile_name
C:\Users\bai.li\DOCUME~1\Github\AGE_ST~1\ASSAMC\example\output\AMAK\s78\amak.dat
# Map shared selectivity: 
# sel_map
 1 2
 1 1
# datafile_name
amak_data.dat
# model_name
AMAK_MCP
# SrType
2
# use_age_err
0
# retro
0
# sigmarprior
0.2
# cvsigmarprior
0.25
# phase_sigmar
-3
# styr_rec_est
1
# endyr_rec_est
30
# Linfprior
80
# cvLinfprior
0.25
# kprior
0.18
# cvkprior
0.25
# Loprior
27.688
# cvLoprior
0.25
# sdageprior
0.1
# cvsdageprior
0.25
# natmortprior
0.2
# cvnatmortprior
0.25
# phase_M
-4
# npars_Mage
0
# ages_M_changes

# Mage_in

# Mage_offset_in

# phase_Mage
-5
# phase_rw_M
0
# npars_rw_M
0
# yrs_rw_M

# sigma_rw_M

# qprior
 3.48998e-007
# cvqprior
 1
# phase_q
 1
# q_power_prior
 1
# cvq_power_prior
 0.2
# phase_q_power
 -4
# phase_rw_q
 -1
# npars_rw_q
 0
# yrs_rw_q

# sigma_rw_q

# q_age_min
 1
# q_age_max
 12
# q_age_min
 1
# q_age_max
 12
# fsh_sel_opt(k)
2
# phase_sel_fsh(k)
2
# n_sel_ch_fsh(k)
1
# sel_slp_in_fsh(k)(1,n_sel_ch_fsh(k))
 1
# sel_inf_in_fsh(k)(1,n_sel_ch_fsh(k))
 2
# logsel_slp_in_fsh(k)(1,n_sel_ch_fsh(k))
 0
# yrs_sel_ch_fsh(k)(1,n_sel_ch_fsh(k))
 1

Survey SURVEY1
# ind_sel_opt(k)
2
# indname(k)
SURVEY1
# nselages_in_ind(k)
11
# phase_sel_ind(k)
2
# sel_change_in_ind(k)
 1 0 0 0 0 0 0 0 0 0 0 0 0 0 0 0 0 0 0 0 0 0 0 0 0 0 0 0 0 0
# n_sel_ch_ind(k)
1
# yrs_sel_ch_ind(k)(1,n_sel_ch_ind(k))
 1
# sel_slp_in_ind(k,1)
2
# sel_inf_in_ind(k,1)
1.5
# logsel_slp_in_ind(k,1)
0.693147
# logsel_slp_in_indv(k)
0.693147
SURVEY1 ind sel opt 2  1 0 0 0 0 0 0 0 0 0 0 0 0 0 0 0 0 0 0 0 0 0 0 0 0 0 0 0 0 0
Phase indices Sel_Coffs:  -1
 Test: 1.23457e+008
# Fshry Selages:  11
# Srvy  Selages:  11
# Phase for age-spec fishery  -1
# Phase for logistic fishery  2
# Phase for dble logistic fishery  -1
# Phase for age-spec indices   -1
# Phase for logistic indices   2
# Phase for dble logistic ind  -1
# Curv_pen_fsh: 
 0
# Curv_pen_ind: 
 0
# styr_fut
31
# endyr_fut
35
# nyrs_fsh_age
 30
# nyrs_fsh_age
 30
# yrs_fsh_age
 1 2 3 4 5 6 7 8 9 10 11 12 13 14 15 16 17 18 19 20 21 22 23 24 25 26 27 28 29 30
# n_sample_fsh_age
 200 200 200 200 200 200 200 200 200 200 200 200 200 200 200 200 200 200 200 200 200 200 200 200 200 200 200 200 200 200
# oac_fsh
 0.09 0.095 0.145 0.12 0.09 0.085 0.065 0.06 0.045 0.045 0.03 0.13
 0.065 0.095 0.12 0.08 0.11 0.12 0.075 0.05 0.065 0.04 0.04 0.14
 0.075 0.08 0.16 0.15 0.08 0.11 0.06 0.05 0.06 0.055 0.025 0.095
 0.105 0.11 0.14 0.075 0.105 0.06 0.075 0.06 0.035 0.05 0.04 0.145
 0.075 0.16 0.115 0.145 0.115 0.075 0.07 0.035 0.045 0.05 0.015 0.1
 0.06 0.13 0.195 0.125 0.09 0.09 0.075 0.05 0.055 0.035 0.005 0.09
 0.08 0.115 0.11 0.145 0.165 0.055 0.07 0.065 0.015 0.025 0.055 0.1
 0.07 0.115 0.185 0.08 0.15 0.115 0.065 0.045 0.035 0.025 0.03 0.085
 0.065 0.14 0.16 0.125 0.055 0.145 0.11 0.02 0.03 0.02 0.015 0.115
 0.11 0.13 0.16 0.195 0.04 0.05 0.09 0.045 0.035 0.015 0.025 0.105
 0.12 0.13 0.145 0.13 0.09 0.065 0.035 0.08 0.06 0.005 0.03 0.11
 0.1 0.165 0.17 0.13 0.11 0.1 0.07 0.025 0.03 0.015 0.015 0.07
 0.08 0.195 0.165 0.135 0.085 0.04 0.085 0.04 0.02 0.055 0.03 0.07
 0.08 0.2 0.16 0.18 0.11 0.07 0.045 0.04 0.03 0.01 0.015 0.06
 0.06 0.115 0.155 0.185 0.14 0.095 0.06 0.075 0.01 0.035 0.02 0.05
 0.11 0.1 0.17 0.14 0.16 0.12 0.05 0.035 0.015 0.035 0.025 0.04
 0.1 0.155 0.155 0.14 0.11 0.12 0.07 0.045 0.03 0.025 0.01 0.04
 0.115 0.155 0.13 0.12 0.115 0.13 0.09 0.03 0.03 0.02 0.01 0.055
 0.155 0.125 0.15 0.155 0.095 0.075 0.065 0.065 0.025 0.02 0.005 0.065
 0.22 0.175 0.13 0.135 0.065 0.045 0.055 0.075 0.01 0.025 0.03 0.035
 0.175 0.235 0.11 0.135 0.12 0.07 0.055 0.01 0.025 0.025 0.02 0.02
 0.085 0.255 0.245 0.115 0.09 0.045 0.05 0.035 0.02 0.015 0.01 0.035
 0.155 0.135 0.28 0.185 0.105 0.04 0.035 0.03 0.02 0 0 0.015
 0.14 0.155 0.16 0.265 0.11 0.075 0.02 0.04 0.01 0.005 0 0.02
 0.18 0.23 0.17 0.095 0.17 0.075 0.03 0.015 0.015 0.005 0.005 0.01
 0.155 0.2 0.24 0.13 0.07 0.11 0.03 0.015 0.025 0.01 0.01 0.005
 0.095 0.27 0.165 0.21 0.085 0.085 0.035 0.025 0 0.005 0 0.025
 0.165 0.14 0.2 0.2 0.085 0.06 0.03 0.04 0.035 0.005 0.02 0.02
 0.135 0.175 0.205 0.165 0.13 0.085 0.025 0.025 0.025 0 0.005 0.025
 0.215 0.16 0.205 0.145 0.13 0.075 0.025 0.02 0.015 0.01 0 0
# olc_fsh

# wt_fsh
 0.000530656 0.00119633 0.00205827 0.00303499 0.00405521 0.0050647 0.00602623 0.00691692 0.00772489 0.00844611 0.00908185 0.0096367
 0.000530656 0.00119633 0.00205827 0.00303499 0.00405521 0.0050647 0.00602623 0.00691692 0.00772489 0.00844611 0.00908185 0.0096367
 0.000530656 0.00119633 0.00205827 0.00303499 0.00405521 0.0050647 0.00602623 0.00691692 0.00772489 0.00844611 0.00908185 0.0096367
 0.000530656 0.00119633 0.00205827 0.00303499 0.00405521 0.0050647 0.00602623 0.00691692 0.00772489 0.00844611 0.00908185 0.0096367
 0.000530656 0.00119633 0.00205827 0.00303499 0.00405521 0.0050647 0.00602623 0.00691692 0.00772489 0.00844611 0.00908185 0.0096367
 0.000530656 0.00119633 0.00205827 0.00303499 0.00405521 0.0050647 0.00602623 0.00691692 0.00772489 0.00844611 0.00908185 0.0096367
 0.000530656 0.00119633 0.00205827 0.00303499 0.00405521 0.0050647 0.00602623 0.00691692 0.00772489 0.00844611 0.00908185 0.0096367
 0.000530656 0.00119633 0.00205827 0.00303499 0.00405521 0.0050647 0.00602623 0.00691692 0.00772489 0.00844611 0.00908185 0.0096367
 0.000530656 0.00119633 0.00205827 0.00303499 0.00405521 0.0050647 0.00602623 0.00691692 0.00772489 0.00844611 0.00908185 0.0096367
 0.000530656 0.00119633 0.00205827 0.00303499 0.00405521 0.0050647 0.00602623 0.00691692 0.00772489 0.00844611 0.00908185 0.0096367
 0.000530656 0.00119633 0.00205827 0.00303499 0.00405521 0.0050647 0.00602623 0.00691692 0.00772489 0.00844611 0.00908185 0.0096367
 0.000530656 0.00119633 0.00205827 0.00303499 0.00405521 0.0050647 0.00602623 0.00691692 0.00772489 0.00844611 0.00908185 0.0096367
 0.000530656 0.00119633 0.00205827 0.00303499 0.00405521 0.0050647 0.00602623 0.00691692 0.00772489 0.00844611 0.00908185 0.0096367
 0.000530656 0.00119633 0.00205827 0.00303499 0.00405521 0.0050647 0.00602623 0.00691692 0.00772489 0.00844611 0.00908185 0.0096367
 0.000530656 0.00119633 0.00205827 0.00303499 0.00405521 0.0050647 0.00602623 0.00691692 0.00772489 0.00844611 0.00908185 0.0096367
 0.000530656 0.00119633 0.00205827 0.00303499 0.00405521 0.0050647 0.00602623 0.00691692 0.00772489 0.00844611 0.00908185 0.0096367
 0.000530656 0.00119633 0.00205827 0.00303499 0.00405521 0.0050647 0.00602623 0.00691692 0.00772489 0.00844611 0.00908185 0.0096367
 0.000530656 0.00119633 0.00205827 0.00303499 0.00405521 0.0050647 0.00602623 0.00691692 0.00772489 0.00844611 0.00908185 0.0096367
 0.000530656 0.00119633 0.00205827 0.00303499 0.00405521 0.0050647 0.00602623 0.00691692 0.00772489 0.00844611 0.00908185 0.0096367
 0.000530656 0.00119633 0.00205827 0.00303499 0.00405521 0.0050647 0.00602623 0.00691692 0.00772489 0.00844611 0.00908185 0.0096367
 0.000530656 0.00119633 0.00205827 0.00303499 0.00405521 0.0050647 0.00602623 0.00691692 0.00772489 0.00844611 0.00908185 0.0096367
 0.000530656 0.00119633 0.00205827 0.00303499 0.00405521 0.0050647 0.00602623 0.00691692 0.00772489 0.00844611 0.00908185 0.0096367
 0.000530656 0.00119633 0.00205827 0.00303499 0.00405521 0.0050647 0.00602623 0.00691692 0.00772489 0.00844611 0.00908185 0.0096367
 0.000530656 0.00119633 0.00205827 0.00303499 0.00405521 0.0050647 0.00602623 0.00691692 0.00772489 0.00844611 0.00908185 0.0096367
 0.000530656 0.00119633 0.00205827 0.00303499 0.00405521 0.0050647 0.00602623 0.00691692 0.00772489 0.00844611 0.00908185 0.0096367
 0.000530656 0.00119633 0.00205827 0.00303499 0.00405521 0.0050647 0.00602623 0.00691692 0.00772489 0.00844611 0.00908185 0.0096367
 0.000530656 0.00119633 0.00205827 0.00303499 0.00405521 0.0050647 0.00602623 0.00691692 0.00772489 0.00844611 0.00908185 0.0096367
 0.000530656 0.00119633 0.00205827 0.00303499 0.00405521 0.0050647 0.00602623 0.00691692 0.00772489 0.00844611 0.00908185 0.0096367
 0.000530656 0.00119633 0.00205827 0.00303499 0.00405521 0.0050647 0.00602623 0.00691692 0.00772489 0.00844611 0.00908185 0.0096367
 0.000530656 0.00119633 0.00205827 0.00303499 0.00405521 0.0050647 0.00602623 0.00691692 0.00772489 0.00844611 0.00908185 0.0096367
# nyrs_ind_age
 30
# yrs_ind_age
 1 2 3 4 5 6 7 8 9 10 11 12 13 14 15 16 17 18 19 20 21 22 23 24 25 26 27 28 29 30
# n_sample_ind_age
 200 200 200 200 200 200 200 200 200 200 200 200 200 200 200 200 200 200 200 200 200 200 200 200 200 200 200 200 200 200
# oac_ind
 0.065 0.15 0.14 0.13 0.125 0.07 0.07 0.06 0.045 0.02 0.04 0.085
 0.055 0.165 0.14 0.145 0.095 0.09 0.07 0.065 0.045 0.02 0.03 0.08
 0.055 0.105 0.14 0.125 0.105 0.1 0.085 0.035 0.035 0.025 0.02 0.17
 0.09 0.185 0.09 0.105 0.115 0.06 0.05 0.085 0.025 0.05 0.02 0.125
 0.05 0.225 0.13 0.08 0.08 0.11 0.075 0.055 0.02 0.05 0.02 0.105
 0.05 0.105 0.18 0.14 0.08 0.075 0.075 0.065 0.03 0.055 0.04 0.105
 0.075 0.13 0.15 0.18 0.14 0.08 0.06 0.025 0.045 0.015 0.015 0.085
 0.115 0.155 0.175 0.085 0.055 0.14 0.03 0.07 0.025 0.035 0.02 0.095
 0.09 0.155 0.17 0.14 0.095 0.085 0.07 0.025 0.055 0.03 0.01 0.075
 0.09 0.19 0.135 0.11 0.1 0.07 0.085 0.04 0.04 0.025 0.01 0.105
 0.07 0.225 0.145 0.14 0.055 0.085 0.045 0.06 0.055 0.03 0.015 0.075
 0.105 0.22 0.155 0.105 0.07 0.08 0.06 0.025 0.03 0.025 0.02 0.105
 0.125 0.205 0.195 0.125 0.085 0.065 0.025 0.025 0.035 0.045 0.015 0.055
 0.065 0.18 0.235 0.14 0.08 0.05 0.045 0.045 0.03 0.005 0.025 0.1
 0.06 0.235 0.175 0.175 0.13 0.09 0.045 0.02 0.005 0.02 0.005 0.04
 0.105 0.11 0.21 0.14 0.17 0.075 0.065 0.015 0.005 0.035 0.02 0.05
 0.105 0.24 0.13 0.11 0.11 0.1 0.06 0.06 0.01 0.01 0.015 0.05
 0.095 0.18 0.2 0.14 0.095 0.1 0.065 0.055 0.025 0 0.01 0.035
 0.1 0.18 0.215 0.16 0.1 0.06 0.06 0.02 0.03 0.015 0.025 0.035
 0.1 0.235 0.16 0.125 0.15 0.07 0.025 0.05 0.015 0.03 0.005 0.035
 0.155 0.32 0.16 0.11 0.08 0.045 0.045 0.01 0.025 0.01 0.025 0.015
 0.075 0.315 0.205 0.135 0.095 0.05 0.04 0.025 0.01 0.015 0.005 0.03
 0.11 0.145 0.33 0.135 0.095 0.07 0.02 0.045 0.005 0 0.01 0.035
 0.13 0.2 0.13 0.245 0.13 0.05 0.05 0.01 0.005 0.01 0.005 0.035
 0.135 0.275 0.225 0.095 0.135 0.05 0.025 0.025 0.01 0.005 0 0.02
 0.115 0.305 0.21 0.155 0.07 0.075 0.045 0.005 0 0.01 0.005 0.005
 0.105 0.215 0.29 0.125 0.1 0.05 0.07 0.015 0.01 0.005 0.005 0.01
 0.11 0.21 0.265 0.15 0.105 0.045 0.03 0.055 0.015 0 0.005 0.01
 0.09 0.285 0.2 0.175 0.115 0.045 0.045 0.02 0.01 0.01 0 0.005
 0.135 0.19 0.215 0.155 0.165 0.05 0.045 0.03 0.005 0.01 0 0
# olc_ind

# obs_lse_ind
 0.198042 0.198042 0.198042 0.198042 0.198042 0.198042 0.198042 0.198042 0.198042 0.198042 0.198042 0.198042 0.198042 0.198042 0.198042 0.198042 0.198042 0.198042 0.198042 0.198042 0.198042 0.198042 0.198042 0.198042 0.198042 0.198042 0.198042 0.198042 0.198042 0.198042
# xages_fsh
 0 0 0 0 0 0 0 0 0 0 0 0
# xages_fsh
 0 0.0909091 0.181818 0.272727 0.363636 0.454545 0.545455 0.636364 0.727273 0.818182 0.909091 1
# xnodes_fsh

Yrs fsh_sel change:  1 0 0 0 0 0 0 0 0 0 0 0 0 0 0 0 0 0 0 0 0 0 0 0 0 0 0 0 0
Yrs ind_sel change:  1 0 0 0 0 0 0 0 0 0 0 0 0 0 0 0 0 0 0 0 0 0 0 0 0 0 0 0 0
# steepnessprior
0.75
# sigmarprior
0.2
#  SSB estimated in styr endyr: -13 28 
#  Rec estimated in styr endyr: -11 30 
#  SR Curve fit  in styr endyr: 1 30 
#             Model styr endyr: 1 30 
# qprior
 3.48998e-007
# q_power_prior 
 1 
# cv_catchbiomass 
0.05 
# CatchbiomassPen 
200 
# Number of projection years 
5 
# offset_fsh
 13417.8
# offset_ind
 13090.4
Mean Catch
1278.09
R_guess 
15.4133
# nfsh
1
# n_sel_ch_fsh
 1
# nselages_fsh
 11
# phase_selcoff_fsh
 -1
logRzero 15.4133
logmeanrec 15.4133
exp(log_sigmarprior 0.2
Fish sel phase: -1 FLEET1
Fixing fishery sel to
1
Srvy sel phase: -1
Fixing SURVEY1 indices sel to
1
# logsel_slp_in_indv
 0.693147
Leaving parameter init secton
# M
 0.2 0.2 0.2 0.2 0.2 0.2 0.2 0.2 0.2 0.2 0.2 0.2
 0.2 0.2 0.2 0.2 0.2 0.2 0.2 0.2 0.2 0.2 0.2 0.2
 0.2 0.2 0.2 0.2 0.2 0.2 0.2 0.2 0.2 0.2 0.2 0.2
 0.2 0.2 0.2 0.2 0.2 0.2 0.2 0.2 0.2 0.2 0.2 0.2
 0.2 0.2 0.2 0.2 0.2 0.2 0.2 0.2 0.2 0.2 0.2 0.2
 0.2 0.2 0.2 0.2 0.2 0.2 0.2 0.2 0.2 0.2 0.2 0.2
 0.2 0.2 0.2 0.2 0.2 0.2 0.2 0.2 0.2 0.2 0.2 0.2
 0.2 0.2 0.2 0.2 0.2 0.2 0.2 0.2 0.2 0.2 0.2 0.2
 0.2 0.2 0.2 0.2 0.2 0.2 0.2 0.2 0.2 0.2 0.2 0.2
 0.2 0.2 0.2 0.2 0.2 0.2 0.2 0.2 0.2 0.2 0.2 0.2
 0.2 0.2 0.2 0.2 0.2 0.2 0.2 0.2 0.2 0.2 0.2 0.2
 0.2 0.2 0.2 0.2 0.2 0.2 0.2 0.2 0.2 0.2 0.2 0.2
 0.2 0.2 0.2 0.2 0.2 0.2 0.2 0.2 0.2 0.2 0.2 0.2
 0.2 0.2 0.2 0.2 0.2 0.2 0.2 0.2 0.2 0.2 0.2 0.2
 0.2 0.2 0.2 0.2 0.2 0.2 0.2 0.2 0.2 0.2 0.2 0.2
 0.2 0.2 0.2 0.2 0.2 0.2 0.2 0.2 0.2 0.2 0.2 0.2
 0.2 0.2 0.2 0.2 0.2 0.2 0.2 0.2 0.2 0.2 0.2 0.2
 0.2 0.2 0.2 0.2 0.2 0.2 0.2 0.2 0.2 0.2 0.2 0.2
 0.2 0.2 0.2 0.2 0.2 0.2 0.2 0.2 0.2 0.2 0.2 0.2
 0.2 0.2 0.2 0.2 0.2 0.2 0.2 0.2 0.2 0.2 0.2 0.2
 0.2 0.2 0.2 0.2 0.2 0.2 0.2 0.2 0.2 0.2 0.2 0.2
 0.2 0.2 0.2 0.2 0.2 0.2 0.2 0.2 0.2 0.2 0.2 0.2
 0.2 0.2 0.2 0.2 0.2 0.2 0.2 0.2 0.2 0.2 0.2 0.2
 0.2 0.2 0.2 0.2 0.2 0.2 0.2 0.2 0.2 0.2 0.2 0.2
 0.2 0.2 0.2 0.2 0.2 0.2 0.2 0.2 0.2 0.2 0.2 0.2
 0.2 0.2 0.2 0.2 0.2 0.2 0.2 0.2 0.2 0.2 0.2 0.2
 0.2 0.2 0.2 0.2 0.2 0.2 0.2 0.2 0.2 0.2 0.2 0.2
 0.2 0.2 0.2 0.2 0.2 0.2 0.2 0.2 0.2 0.2 0.2 0.2
 0.2 0.2 0.2 0.2 0.2 0.2 0.2 0.2 0.2 0.2 0.2 0.2
 0.2 0.2 0.2 0.2 0.2 0.2 0.2 0.2 0.2 0.2 0.2 0.2
# mean_log_rec
13.7417
# log_Rzero
13.7807
# rec_dev
 -0.126525 -0.15084 -0.0284067 -0.0255115 -0.108478 0.0490157 0.0186964 -0.0341046 0.155112 0.0589418 0.00764762 0.0960438 0.086846 -0.0914789 0.26368 0.383691 -0.136512 0.0710802 0.0857504 0.005668 -0.0570796 0.115303 0.220094 0.267146 0.139506 -0.0751117 -0.235446 -0.0289133 -0.155048 -0.254514 -0.202411 0.0965833 0.320906 -0.405575 -0.18667 -0.0893558 -0.0542202 -0.0859756 -0.363968 -0.269003 -0.514061 -0.15784
# fmort
 0.00948201 0.0271886 0.0450197 0.0603858 0.0476666 0.0864275 0.0882004 0.186058 0.108748 0.134106 0.151957 0.163768 0.119477 0.171852 0.18242 0.164069 0.316612 0.259204 0.256181 0.248771 0.342399 0.245424 0.405681 0.335924 0.335191 0.305954 0.301085 0.426368 0.319347 0.489105
# rec_dev_future
 0 0 0 0 0
