AMAK;Mar 2020
# styr
1
# endyr
30
# rec_age
1
# oldest_age
12
# nlength
81
# len_bins
 10 11 12 13 14 15 16 17 18 19 20 21 22 23 24 25 26 27 28 29 30 31 32 33 34 35 36 37 38 39 40 41 42 43 44 45 46 47 48 49 50 51 52 53 54 55 56 57 58 59 60 61 62 63 64 65 66 67 68 69 70 71 72 73 74 75 76 77 78 79 80 81 82 83 84 85 86 87 88 89 90
# datafile_name
amak_data.dat
# model_name
AMAK_MCP
# styr
1
# endyr
30
# rec_age
1
# oldest_age
12
# nfsh
1
# fshname
FLEET1
# catch_bio_in
 159.732 464.219 750.994 980.07 754.68 1307.23 1289.29 2441.76 1266.63 1439.04 1510.92 1492.48 1010.19 1367.64 1341.74 1124.41 1972.59 1424.11 1308.63 1211.4 1506.62 991.334 1445.38 1051.34 1005.39 930.684 956.428 1317.47 971.936 1395.99
# catch_bio_sd_in
 0.01 0.01 0.01 0.01 0.01 0.01 0.01 0.01 0.01 0.01 0.01 0.01 0.01 0.01 0.01 0.01 0.01 0.01 0.01 0.01 0.01 0.01 0.01 0.01 0.01 0.01 0.01 0.01 0.01 0.01
# nyrs_fsh_age
 30
# nyrs_fsh_length
 0
# yrs_fsh_age_in
 1 2 3 4 5 6 7 8 9 10 11 12 13 14 15 16 17 18 19 20 21 22 23 24 25 26 27 28 29 30
# yrs_fsh_length_in

# n_sample_fsh_length_in

# olc_fsh_in

# nind
1
# indname
SURVEY1
# nyrs_ind
 30
# yrs_ind_in
 1 2 3 4 5 6 7 8 9 10 11 12 13 14 15 16 17 18 19 20 21 22 23 24 25 26 27 28 29 30
# mo_ind
 1
# obs_ind_in
 1.56839 1.69408 1.48192 1.79549 1.6736 1.44068 1.44577 1.29951 1.12739 1.20145 1.05109 1.16089 1.07956 0.984289 0.985338 0.906055 0.880112 0.890468 0.914488 0.699089 0.650838 0.724607 0.572508 0.571361 0.657409 0.499534 0.714137 0.668044 0.548683 0.577711
# obs_se_ind_in
 0.313677 0.338817 0.296384 0.359097 0.334721 0.288136 0.289153 0.259903 0.225478 0.24029 0.210219 0.232178 0.215913 0.196858 0.197068 0.181211 0.176022 0.178094 0.182898 0.139818 0.130168 0.144921 0.114502 0.114272 0.131482 0.0999068 0.142827 0.133609 0.109737 0.115542
# nyrs_ind_age
 30
# nyrs_ind_length
 0
# yrs_ind_age_in
 1 2 3 4 5 6 7 8 9 10 11 12 13 14 15 16 17 18 19 20 21 22 23 24 25 26 27 28 29 30
# yrs_ind_length_in

# yrs_ind_age_in
 1 2 3 4 5 6 7 8 9 10 11 12 13 14 15 16 17 18 19 20 21 22 23 24 25 26 27 28 29 30
# n_sample_ind_length_in

# olc_ind_in

# oac_ind_in
 0.065 0.11 0.165 0.125 0.105 0.09 0.05 0.04 0.02 0.02 0.045 0.165
 0.055 0.13 0.125 0.135 0.11 0.065 0.07 0.04 0.035 0.04 0.03 0.165
 0.065 0.205 0.115 0.09 0.1 0.055 0.05 0.08 0.04 0.035 0.005 0.16
 0.075 0.125 0.185 0.145 0.085 0.09 0.04 0.05 0.05 0.02 0.025 0.11
 0.065 0.155 0.155 0.22 0.085 0.045 0.055 0.065 0.025 0.02 0.01 0.1
 0.1 0.11 0.135 0.1 0.13 0.11 0.08 0.025 0.04 0.03 0 0.14
 0.08 0.155 0.19 0.125 0.075 0.125 0.035 0.025 0.03 0.02 0.05 0.09
 0.04 0.17 0.205 0.105 0.065 0.07 0.07 0.04 0.05 0.045 0.03 0.11
 0.065 0.095 0.19 0.16 0.095 0.06 0.07 0.05 0.035 0.045 0.02 0.115
 0.09 0.17 0.125 0.135 0.085 0.095 0.075 0.035 0.045 0.04 0.04 0.065
 0.08 0.185 0.19 0.145 0.07 0.11 0.05 0.02 0.045 0.015 0.015 0.075
 0.06 0.16 0.22 0.12 0.065 0.065 0.09 0.07 0.045 0.025 0.03 0.05
 0.055 0.145 0.2 0.2 0.1 0.06 0.07 0.04 0.015 0.015 0.01 0.09
 0.075 0.125 0.135 0.14 0.15 0.07 0.04 0.05 0.085 0.025 0.03 0.075
 0.115 0.14 0.14 0.075 0.13 0.13 0.05 0.05 0.05 0.015 0.02 0.085
 0.05 0.26 0.225 0.11 0.095 0.05 0.06 0.035 0.01 0.04 0.03 0.035
 0.1 0.2 0.24 0.11 0.07 0.08 0.07 0.045 0.02 0.015 0.005 0.045
 0.08 0.2 0.205 0.205 0.06 0.045 0.07 0.02 0.025 0.01 0.01 0.07
 0.065 0.27 0.225 0.165 0.1 0.045 0.005 0.03 0.02 0.035 0.01 0.03
 0.1 0.22 0.17 0.185 0.095 0.09 0.045 0.015 0.02 0.015 0.005 0.04
 0.1 0.245 0.155 0.145 0.135 0.07 0.07 0.025 0.005 0.01 0.01 0.03
 0.06 0.2 0.255 0.105 0.1 0.11 0.08 0.05 0.01 0.015 0 0.015
 0.09 0.2 0.21 0.245 0.085 0.055 0.04 0.035 0.02 0.005 0.005 0.01
 0.225 0.2 0.15 0.125 0.12 0.025 0.035 0.045 0.025 0.01 0.005 0.035
 0.095 0.295 0.25 0.105 0.085 0.045 0.045 0.02 0.015 0.015 0.015 0.015
 0.125 0.23 0.31 0.125 0.065 0.04 0.04 0.015 0.045 0 0 0.005
 0.115 0.285 0.22 0.185 0.03 0.04 0.035 0.045 0 0.01 0.015 0.02
 0.09 0.27 0.235 0.135 0.135 0.065 0.02 0.015 0.005 0.01 0.005 0.015
 0.08 0.21 0.27 0.19 0.07 0.09 0.035 0.02 0.005 0.005 0.025 0
 0.145 0.275 0.2 0.185 0.09 0.045 0.035 0.01 0.01 0.005 0 0
# wt_ind
 1 1 1 1 1 1 1 1 1 1 1 1
 1 1 1 1 1 1 1 1 1 1 1 1
 1 1 1 1 1 1 1 1 1 1 1 1
 1 1 1 1 1 1 1 1 1 1 1 1
 1 1 1 1 1 1 1 1 1 1 1 1
 1 1 1 1 1 1 1 1 1 1 1 1
 1 1 1 1 1 1 1 1 1 1 1 1
 1 1 1 1 1 1 1 1 1 1 1 1
 1 1 1 1 1 1 1 1 1 1 1 1
 1 1 1 1 1 1 1 1 1 1 1 1
 1 1 1 1 1 1 1 1 1 1 1 1
 1 1 1 1 1 1 1 1 1 1 1 1
 1 1 1 1 1 1 1 1 1 1 1 1
 1 1 1 1 1 1 1 1 1 1 1 1
 1 1 1 1 1 1 1 1 1 1 1 1
 1 1 1 1 1 1 1 1 1 1 1 1
 1 1 1 1 1 1 1 1 1 1 1 1
 1 1 1 1 1 1 1 1 1 1 1 1
 1 1 1 1 1 1 1 1 1 1 1 1
 1 1 1 1 1 1 1 1 1 1 1 1
 1 1 1 1 1 1 1 1 1 1 1 1
 1 1 1 1 1 1 1 1 1 1 1 1
 1 1 1 1 1 1 1 1 1 1 1 1
 1 1 1 1 1 1 1 1 1 1 1 1
 1 1 1 1 1 1 1 1 1 1 1 1
 1 1 1 1 1 1 1 1 1 1 1 1
 1 1 1 1 1 1 1 1 1 1 1 1
 1 1 1 1 1 1 1 1 1 1 1 1
 1 1 1 1 1 1 1 1 1 1 1 1
 1 1 1 1 1 1 1 1 1 1 1 1
# wt_pop
 0.000530656 0.00119633 0.00205827 0.00303499 0.00405521 0.0050647 0.00602623 0.00691692 0.00772489 0.00844611 0.00908185 0.0096367
# maturity
 0.0229774 0.320821 0.904651 0.99478 0.999739 0.999987 0.999999 1 1 1 1 1
# spawnmo
1
# age_err
 1 0 0 0 0 0 0 0 0 0 0 0
 0 1 0 0 0 0 0 0 0 0 0 0
 0 0 1 0 0 0 0 0 0 0 0 0
 0 0 0 1 0 0 0 0 0 0 0 0
 0 0 0 0 1 0 0 0 0 0 0 0
 0 0 0 0 0 1 0 0 0 0 0 0
 0 0 0 0 0 0 1 0 0 0 0 0
 0 0 0 0 0 0 0 1 0 0 0 0
 0 0 0 0 0 0 0 0 1 0 0 0
 0 0 0 0 0 0 0 0 0 1 0 0
 0 0 0 0 0 0 0 0 0 0 1 0
 0 0 0 0 0 0 0 0 0 0 0 1
# cntrlfile_name
C:\Users\bai.li\DOCUME~1\Github\AGE_ST~1\ASSAMC\example\output\AMAK\s119\amak.dat
# Map shared selectivity: 
# sel_map
 1 2
 1 1
# datafile_name
amak_data.dat
# model_name
AMAK_MCP
# SrType
2
# use_age_err
0
# retro
0
# sigmarprior
0.2
# cvsigmarprior
0.25
# phase_sigmar
-3
# styr_rec_est
1
# endyr_rec_est
30
# Linfprior
80
# cvLinfprior
0.25
# kprior
0.18
# cvkprior
0.25
# Loprior
27.688
# cvLoprior
0.25
# sdageprior
0.1
# cvsdageprior
0.25
# natmortprior
0.2
# cvnatmortprior
0.25
# phase_M
-4
# npars_Mage
0
# ages_M_changes

# Mage_in

# Mage_offset_in

# phase_Mage
-5
# phase_rw_M
0
# npars_rw_M
0
# yrs_rw_M

# sigma_rw_M

# qprior
 3.48998e-007
# cvqprior
 1
# phase_q
 1
# q_power_prior
 1
# cvq_power_prior
 0.2
# phase_q_power
 -4
# phase_rw_q
 -1
# npars_rw_q
 0
# yrs_rw_q

# sigma_rw_q

# q_age_min
 1
# q_age_max
 12
# q_age_min
 1
# q_age_max
 12
# fsh_sel_opt(k)
2
# phase_sel_fsh(k)
2
# n_sel_ch_fsh(k)
1
# sel_slp_in_fsh(k)(1,n_sel_ch_fsh(k))
 1
# sel_inf_in_fsh(k)(1,n_sel_ch_fsh(k))
 2
# logsel_slp_in_fsh(k)(1,n_sel_ch_fsh(k))
 0
# yrs_sel_ch_fsh(k)(1,n_sel_ch_fsh(k))
 1

Survey SURVEY1
# ind_sel_opt(k)
2
# indname(k)
SURVEY1
# nselages_in_ind(k)
11
# phase_sel_ind(k)
2
# sel_change_in_ind(k)
 1 0 0 0 0 0 0 0 0 0 0 0 0 0 0 0 0 0 0 0 0 0 0 0 0 0 0 0 0 0
# n_sel_ch_ind(k)
1
# yrs_sel_ch_ind(k)(1,n_sel_ch_ind(k))
 1
# sel_slp_in_ind(k,1)
2
# sel_inf_in_ind(k,1)
1.5
# logsel_slp_in_ind(k,1)
0.693147
# logsel_slp_in_indv(k)
0.693147
SURVEY1 ind sel opt 2  1 0 0 0 0 0 0 0 0 0 0 0 0 0 0 0 0 0 0 0 0 0 0 0 0 0 0 0 0 0
Phase indices Sel_Coffs:  -1
 Test: 1.23457e+008
# Fshry Selages:  11
# Srvy  Selages:  11
# Phase for age-spec fishery  -1
# Phase for logistic fishery  2
# Phase for dble logistic fishery  -1
# Phase for age-spec indices   -1
# Phase for logistic indices   2
# Phase for dble logistic ind  -1
# Curv_pen_fsh: 
 0
# Curv_pen_ind: 
 0
# styr_fut
31
# endyr_fut
35
# nyrs_fsh_age
 30
# nyrs_fsh_age
 30
# yrs_fsh_age
 1 2 3 4 5 6 7 8 9 10 11 12 13 14 15 16 17 18 19 20 21 22 23 24 25 26 27 28 29 30
# n_sample_fsh_age
 200 200 200 200 200 200 200 200 200 200 200 200 200 200 200 200 200 200 200 200 200 200 200 200 200 200 200 200 200 200
# oac_fsh
 0.045 0.115 0.15 0.11 0.09 0.115 0.05 0.06 0.04 0.035 0.035 0.155
 0.085 0.105 0.105 0.105 0.1 0.115 0.09 0.07 0.05 0.045 0.025 0.105
 0.055 0.125 0.105 0.105 0.11 0.09 0.025 0.09 0.04 0.05 0.025 0.18
 0.085 0.08 0.145 0.125 0.13 0.065 0.065 0.065 0.045 0.04 0.015 0.14
 0.07 0.125 0.125 0.115 0.15 0.1 0.035 0.06 0.065 0.015 0.03 0.11
 0.105 0.09 0.13 0.13 0.11 0.07 0.055 0.05 0.07 0.035 0.015 0.14
 0.075 0.125 0.14 0.14 0.145 0.1 0.055 0.04 0.015 0.05 0.05 0.065
 0.06 0.1 0.19 0.11 0.145 0.105 0.04 0.055 0.06 0.035 0.015 0.085
 0.055 0.075 0.13 0.195 0.16 0.09 0.07 0.045 0.03 0.025 0.02 0.105
 0.115 0.145 0.07 0.135 0.085 0.09 0.1 0.075 0.06 0.04 0.02 0.065
 0.075 0.195 0.145 0.09 0.11 0.07 0.06 0.065 0.035 0.035 0.015 0.105
 0.08 0.11 0.15 0.135 0.075 0.055 0.105 0.05 0.05 0.045 0.035 0.11
 0.07 0.1 0.135 0.2 0.155 0.06 0.055 0.04 0.03 0.03 0.03 0.095
 0.08 0.1 0.155 0.17 0.12 0.11 0.05 0.035 0.03 0.045 0.035 0.07
 0.115 0.16 0.115 0.125 0.13 0.105 0.065 0.04 0.04 0.025 0.015 0.065
 0.105 0.21 0.15 0.08 0.105 0.09 0.075 0.025 0.04 0.005 0.035 0.08
 0.08 0.175 0.21 0.15 0.065 0.065 0.05 0.065 0.04 0.03 0.025 0.045
 0.14 0.25 0.17 0.135 0.085 0.065 0.025 0.055 0.01 0.02 0.005 0.04
 0.105 0.2 0.245 0.125 0.13 0.06 0.025 0.025 0.015 0.03 0.015 0.025
 0.155 0.125 0.225 0.175 0.135 0.045 0.05 0.015 0.02 0.02 0.01 0.025
 0.125 0.185 0.155 0.145 0.13 0.075 0.08 0.02 0.015 0.015 0.01 0.045
 0.13 0.165 0.21 0.095 0.14 0.105 0.06 0.015 0.01 0.02 0.015 0.035
 0.155 0.155 0.19 0.18 0.11 0.065 0.055 0.03 0.025 0.01 0.015 0.01
 0.195 0.17 0.19 0.18 0.06 0.09 0.045 0.025 0.01 0.02 0.01 0.005
 0.165 0.365 0.145 0.095 0.085 0.06 0.02 0.015 0.02 0.015 0.01 0.005
 0.215 0.195 0.335 0.085 0.06 0.025 0.03 0.005 0.01 0.005 0.005 0.03
 0.115 0.225 0.17 0.295 0.1 0.025 0.02 0.025 0.015 0.005 0.005 0
 0.13 0.255 0.225 0.15 0.11 0.03 0.025 0.025 0.005 0.01 0.005 0.03
 0.15 0.14 0.245 0.17 0.11 0.11 0.04 0.01 0.015 0.005 0 0.005
 0.18 0.275 0.15 0.135 0.12 0.055 0.055 0.01 0.005 0.01 0.005 0
# olc_fsh

# wt_fsh
 0.000530656 0.00119633 0.00205827 0.00303499 0.00405521 0.0050647 0.00602623 0.00691692 0.00772489 0.00844611 0.00908185 0.0096367
 0.000530656 0.00119633 0.00205827 0.00303499 0.00405521 0.0050647 0.00602623 0.00691692 0.00772489 0.00844611 0.00908185 0.0096367
 0.000530656 0.00119633 0.00205827 0.00303499 0.00405521 0.0050647 0.00602623 0.00691692 0.00772489 0.00844611 0.00908185 0.0096367
 0.000530656 0.00119633 0.00205827 0.00303499 0.00405521 0.0050647 0.00602623 0.00691692 0.00772489 0.00844611 0.00908185 0.0096367
 0.000530656 0.00119633 0.00205827 0.00303499 0.00405521 0.0050647 0.00602623 0.00691692 0.00772489 0.00844611 0.00908185 0.0096367
 0.000530656 0.00119633 0.00205827 0.00303499 0.00405521 0.0050647 0.00602623 0.00691692 0.00772489 0.00844611 0.00908185 0.0096367
 0.000530656 0.00119633 0.00205827 0.00303499 0.00405521 0.0050647 0.00602623 0.00691692 0.00772489 0.00844611 0.00908185 0.0096367
 0.000530656 0.00119633 0.00205827 0.00303499 0.00405521 0.0050647 0.00602623 0.00691692 0.00772489 0.00844611 0.00908185 0.0096367
 0.000530656 0.00119633 0.00205827 0.00303499 0.00405521 0.0050647 0.00602623 0.00691692 0.00772489 0.00844611 0.00908185 0.0096367
 0.000530656 0.00119633 0.00205827 0.00303499 0.00405521 0.0050647 0.00602623 0.00691692 0.00772489 0.00844611 0.00908185 0.0096367
 0.000530656 0.00119633 0.00205827 0.00303499 0.00405521 0.0050647 0.00602623 0.00691692 0.00772489 0.00844611 0.00908185 0.0096367
 0.000530656 0.00119633 0.00205827 0.00303499 0.00405521 0.0050647 0.00602623 0.00691692 0.00772489 0.00844611 0.00908185 0.0096367
 0.000530656 0.00119633 0.00205827 0.00303499 0.00405521 0.0050647 0.00602623 0.00691692 0.00772489 0.00844611 0.00908185 0.0096367
 0.000530656 0.00119633 0.00205827 0.00303499 0.00405521 0.0050647 0.00602623 0.00691692 0.00772489 0.00844611 0.00908185 0.0096367
 0.000530656 0.00119633 0.00205827 0.00303499 0.00405521 0.0050647 0.00602623 0.00691692 0.00772489 0.00844611 0.00908185 0.0096367
 0.000530656 0.00119633 0.00205827 0.00303499 0.00405521 0.0050647 0.00602623 0.00691692 0.00772489 0.00844611 0.00908185 0.0096367
 0.000530656 0.00119633 0.00205827 0.00303499 0.00405521 0.0050647 0.00602623 0.00691692 0.00772489 0.00844611 0.00908185 0.0096367
 0.000530656 0.00119633 0.00205827 0.00303499 0.00405521 0.0050647 0.00602623 0.00691692 0.00772489 0.00844611 0.00908185 0.0096367
 0.000530656 0.00119633 0.00205827 0.00303499 0.00405521 0.0050647 0.00602623 0.00691692 0.00772489 0.00844611 0.00908185 0.0096367
 0.000530656 0.00119633 0.00205827 0.00303499 0.00405521 0.0050647 0.00602623 0.00691692 0.00772489 0.00844611 0.00908185 0.0096367
 0.000530656 0.00119633 0.00205827 0.00303499 0.00405521 0.0050647 0.00602623 0.00691692 0.00772489 0.00844611 0.00908185 0.0096367
 0.000530656 0.00119633 0.00205827 0.00303499 0.00405521 0.0050647 0.00602623 0.00691692 0.00772489 0.00844611 0.00908185 0.0096367
 0.000530656 0.00119633 0.00205827 0.00303499 0.00405521 0.0050647 0.00602623 0.00691692 0.00772489 0.00844611 0.00908185 0.0096367
 0.000530656 0.00119633 0.00205827 0.00303499 0.00405521 0.0050647 0.00602623 0.00691692 0.00772489 0.00844611 0.00908185 0.0096367
 0.000530656 0.00119633 0.00205827 0.00303499 0.00405521 0.0050647 0.00602623 0.00691692 0.00772489 0.00844611 0.00908185 0.0096367
 0.000530656 0.00119633 0.00205827 0.00303499 0.00405521 0.0050647 0.00602623 0.00691692 0.00772489 0.00844611 0.00908185 0.0096367
 0.000530656 0.00119633 0.00205827 0.00303499 0.00405521 0.0050647 0.00602623 0.00691692 0.00772489 0.00844611 0.00908185 0.0096367
 0.000530656 0.00119633 0.00205827 0.00303499 0.00405521 0.0050647 0.00602623 0.00691692 0.00772489 0.00844611 0.00908185 0.0096367
 0.000530656 0.00119633 0.00205827 0.00303499 0.00405521 0.0050647 0.00602623 0.00691692 0.00772489 0.00844611 0.00908185 0.0096367
 0.000530656 0.00119633 0.00205827 0.00303499 0.00405521 0.0050647 0.00602623 0.00691692 0.00772489 0.00844611 0.00908185 0.0096367
# nyrs_ind_age
 30
# yrs_ind_age
 1 2 3 4 5 6 7 8 9 10 11 12 13 14 15 16 17 18 19 20 21 22 23 24 25 26 27 28 29 30
# n_sample_ind_age
 200 200 200 200 200 200 200 200 200 200 200 200 200 200 200 200 200 200 200 200 200 200 200 200 200 200 200 200 200 200
# oac_ind
 0.065 0.11 0.165 0.125 0.105 0.09 0.05 0.04 0.02 0.02 0.045 0.165
 0.055 0.13 0.125 0.135 0.11 0.065 0.07 0.04 0.035 0.04 0.03 0.165
 0.065 0.205 0.115 0.09 0.1 0.055 0.05 0.08 0.04 0.035 0.005 0.16
 0.075 0.125 0.185 0.145 0.085 0.09 0.04 0.05 0.05 0.02 0.025 0.11
 0.065 0.155 0.155 0.22 0.085 0.045 0.055 0.065 0.025 0.02 0.01 0.1
 0.1 0.11 0.135 0.1 0.13 0.11 0.08 0.025 0.04 0.03 0 0.14
 0.08 0.155 0.19 0.125 0.075 0.125 0.035 0.025 0.03 0.02 0.05 0.09
 0.04 0.17 0.205 0.105 0.065 0.07 0.07 0.04 0.05 0.045 0.03 0.11
 0.065 0.095 0.19 0.16 0.095 0.06 0.07 0.05 0.035 0.045 0.02 0.115
 0.09 0.17 0.125 0.135 0.085 0.095 0.075 0.035 0.045 0.04 0.04 0.065
 0.08 0.185 0.19 0.145 0.07 0.11 0.05 0.02 0.045 0.015 0.015 0.075
 0.06 0.16 0.22 0.12 0.065 0.065 0.09 0.07 0.045 0.025 0.03 0.05
 0.055 0.145 0.2 0.2 0.1 0.06 0.07 0.04 0.015 0.015 0.01 0.09
 0.075 0.125 0.135 0.14 0.15 0.07 0.04 0.05 0.085 0.025 0.03 0.075
 0.115 0.14 0.14 0.075 0.13 0.13 0.05 0.05 0.05 0.015 0.02 0.085
 0.05 0.26 0.225 0.11 0.095 0.05 0.06 0.035 0.01 0.04 0.03 0.035
 0.1 0.2 0.24 0.11 0.07 0.08 0.07 0.045 0.02 0.015 0.005 0.045
 0.08 0.2 0.205 0.205 0.06 0.045 0.07 0.02 0.025 0.01 0.01 0.07
 0.065 0.27 0.225 0.165 0.1 0.045 0.005 0.03 0.02 0.035 0.01 0.03
 0.1 0.22 0.17 0.185 0.095 0.09 0.045 0.015 0.02 0.015 0.005 0.04
 0.1 0.245 0.155 0.145 0.135 0.07 0.07 0.025 0.005 0.01 0.01 0.03
 0.06 0.2 0.255 0.105 0.1 0.11 0.08 0.05 0.01 0.015 0 0.015
 0.09 0.2 0.21 0.245 0.085 0.055 0.04 0.035 0.02 0.005 0.005 0.01
 0.225 0.2 0.15 0.125 0.12 0.025 0.035 0.045 0.025 0.01 0.005 0.035
 0.095 0.295 0.25 0.105 0.085 0.045 0.045 0.02 0.015 0.015 0.015 0.015
 0.125 0.23 0.31 0.125 0.065 0.04 0.04 0.015 0.045 0 0 0.005
 0.115 0.285 0.22 0.185 0.03 0.04 0.035 0.045 0 0.01 0.015 0.02
 0.09 0.27 0.235 0.135 0.135 0.065 0.02 0.015 0.005 0.01 0.005 0.015
 0.08 0.21 0.27 0.19 0.07 0.09 0.035 0.02 0.005 0.005 0.025 0
 0.145 0.275 0.2 0.185 0.09 0.045 0.035 0.01 0.01 0.005 0 0
# olc_ind

# obs_lse_ind
 0.198042 0.198042 0.198042 0.198042 0.198042 0.198042 0.198042 0.198042 0.198042 0.198042 0.198042 0.198042 0.198042 0.198042 0.198042 0.198042 0.198042 0.198042 0.198042 0.198042 0.198042 0.198042 0.198042 0.198042 0.198042 0.198042 0.198042 0.198042 0.198042 0.198042
# xages_fsh
 0 0 0 0 0 0 0 0 0 0 0 0
# xages_fsh
 0 0.0909091 0.181818 0.272727 0.363636 0.454545 0.545455 0.636364 0.727273 0.818182 0.909091 1
# xnodes_fsh

Yrs fsh_sel change:  1 0 0 0 0 0 0 0 0 0 0 0 0 0 0 0 0 0 0 0 0 0 0 0 0 0 0 0 0
Yrs ind_sel change:  1 0 0 0 0 0 0 0 0 0 0 0 0 0 0 0 0 0 0 0 0 0 0 0 0 0 0 0 0
# steepnessprior
0.75
# sigmarprior
0.2
#  SSB estimated in styr endyr: -13 28 
#  Rec estimated in styr endyr: -11 30 
#  SR Curve fit  in styr endyr: 1 30 
#             Model styr endyr: 1 30 
# qprior
 3.48998e-007
# q_power_prior 
 1 
# cv_catchbiomass 
0.05 
# CatchbiomassPen 
200 
# Number of projection years 
5 
# offset_fsh
 13344.1
# offset_ind
 13088.3
Mean Catch
1206.34
R_guess 
15.3555
# nfsh
1
# n_sel_ch_fsh
 1
# nselages_fsh
 11
# phase_selcoff_fsh
 -1
logRzero 15.3555
logmeanrec 15.3555
exp(log_sigmarprior 0.2
Fish sel phase: -1 FLEET1
Fixing fishery sel to
1
Srvy sel phase: -1
Fixing SURVEY1 indices sel to
1
# logsel_slp_in_indv
 0.693147
Leaving parameter init secton
# M
 0.2 0.2 0.2 0.2 0.2 0.2 0.2 0.2 0.2 0.2 0.2 0.2
 0.2 0.2 0.2 0.2 0.2 0.2 0.2 0.2 0.2 0.2 0.2 0.2
 0.2 0.2 0.2 0.2 0.2 0.2 0.2 0.2 0.2 0.2 0.2 0.2
 0.2 0.2 0.2 0.2 0.2 0.2 0.2 0.2 0.2 0.2 0.2 0.2
 0.2 0.2 0.2 0.2 0.2 0.2 0.2 0.2 0.2 0.2 0.2 0.2
 0.2 0.2 0.2 0.2 0.2 0.2 0.2 0.2 0.2 0.2 0.2 0.2
 0.2 0.2 0.2 0.2 0.2 0.2 0.2 0.2 0.2 0.2 0.2 0.2
 0.2 0.2 0.2 0.2 0.2 0.2 0.2 0.2 0.2 0.2 0.2 0.2
 0.2 0.2 0.2 0.2 0.2 0.2 0.2 0.2 0.2 0.2 0.2 0.2
 0.2 0.2 0.2 0.2 0.2 0.2 0.2 0.2 0.2 0.2 0.2 0.2
 0.2 0.2 0.2 0.2 0.2 0.2 0.2 0.2 0.2 0.2 0.2 0.2
 0.2 0.2 0.2 0.2 0.2 0.2 0.2 0.2 0.2 0.2 0.2 0.2
 0.2 0.2 0.2 0.2 0.2 0.2 0.2 0.2 0.2 0.2 0.2 0.2
 0.2 0.2 0.2 0.2 0.2 0.2 0.2 0.2 0.2 0.2 0.2 0.2
 0.2 0.2 0.2 0.2 0.2 0.2 0.2 0.2 0.2 0.2 0.2 0.2
 0.2 0.2 0.2 0.2 0.2 0.2 0.2 0.2 0.2 0.2 0.2 0.2
 0.2 0.2 0.2 0.2 0.2 0.2 0.2 0.2 0.2 0.2 0.2 0.2
 0.2 0.2 0.2 0.2 0.2 0.2 0.2 0.2 0.2 0.2 0.2 0.2
 0.2 0.2 0.2 0.2 0.2 0.2 0.2 0.2 0.2 0.2 0.2 0.2
 0.2 0.2 0.2 0.2 0.2 0.2 0.2 0.2 0.2 0.2 0.2 0.2
 0.2 0.2 0.2 0.2 0.2 0.2 0.2 0.2 0.2 0.2 0.2 0.2
 0.2 0.2 0.2 0.2 0.2 0.2 0.2 0.2 0.2 0.2 0.2 0.2
 0.2 0.2 0.2 0.2 0.2 0.2 0.2 0.2 0.2 0.2 0.2 0.2
 0.2 0.2 0.2 0.2 0.2 0.2 0.2 0.2 0.2 0.2 0.2 0.2
 0.2 0.2 0.2 0.2 0.2 0.2 0.2 0.2 0.2 0.2 0.2 0.2
 0.2 0.2 0.2 0.2 0.2 0.2 0.2 0.2 0.2 0.2 0.2 0.2
 0.2 0.2 0.2 0.2 0.2 0.2 0.2 0.2 0.2 0.2 0.2 0.2
 0.2 0.2 0.2 0.2 0.2 0.2 0.2 0.2 0.2 0.2 0.2 0.2
 0.2 0.2 0.2 0.2 0.2 0.2 0.2 0.2 0.2 0.2 0.2 0.2
 0.2 0.2 0.2 0.2 0.2 0.2 0.2 0.2 0.2 0.2 0.2 0.2
# mean_log_rec
13.7221
# log_Rzero
13.7605
# rec_dev
 0.0438863 0.0541459 0.104132 -0.0783738 -0.165919 -0.0627473 -0.125523 0.0717017 0.0248845 0.0358979 0.0114602 0.0216221 0.0632994 0.297334 0.113927 0.175837 0.109098 0.277089 0.0422272 -0.279002 -0.0162429 0.181994 -0.0712785 -0.268944 -0.458578 -0.212982 0.118529 -0.0440217 0.0803085 -0.0885647 -0.36898 -0.101017 -0.30521 -0.498484 -0.377398 0.175921 -0.275919 -0.0886509 -0.148307 -0.468027 -0.25039 -0.193742
# fmort
 0.00956597 0.0281565 0.0466623 0.0629026 0.049828 0.089366 0.0926399 0.192659 0.111035 0.135643 0.154525 0.165902 0.119906 0.174429 0.188699 0.170111 0.330364 0.268885 0.265412 0.261704 0.359802 0.260737 0.426815 0.353727 0.352797 0.322552 0.322196 0.462683 0.368429 0.597539
# rec_dev_future
 0 0 0 0 0
