AMAK;Mar 2020
# styr
1
# endyr
30
# rec_age
1
# oldest_age
12
# nlength
81
# len_bins
 10 11 12 13 14 15 16 17 18 19 20 21 22 23 24 25 26 27 28 29 30 31 32 33 34 35 36 37 38 39 40 41 42 43 44 45 46 47 48 49 50 51 52 53 54 55 56 57 58 59 60 61 62 63 64 65 66 67 68 69 70 71 72 73 74 75 76 77 78 79 80 81 82 83 84 85 86 87 88 89 90
# datafile_name
amak_data.dat
# model_name
AMAK_MCP
# styr
1
# endyr
30
# rec_age
1
# oldest_age
12
# nfsh
1
# fshname
FLEET1
# catch_bio_in
 161.191 458.811 737.253 953.78 742.744 1278.19 1238.29 2432.44 1292.3 1489.74 1551.96 1541.5 1056.69 1462.29 1504.61 1298.23 2322.4 1682.02 1494.36 1350.28 1709.41 1165.22 1750.7 1351.52 1302.12 1206.58 1193.65 1617.14 1171.98 1658.42
# catch_bio_sd_in
 0.01 0.01 0.01 0.01 0.01 0.01 0.01 0.01 0.01 0.01 0.01 0.01 0.01 0.01 0.01 0.01 0.01 0.01 0.01 0.01 0.01 0.01 0.01 0.01 0.01 0.01 0.01 0.01 0.01 0.01
# nyrs_fsh_age
 30
# nyrs_fsh_length
 0
# yrs_fsh_age_in
 1 2 3 4 5 6 7 8 9 10 11 12 13 14 15 16 17 18 19 20 21 22 23 24 25 26 27 28 29 30
# yrs_fsh_length_in

# n_sample_fsh_length_in

# olc_fsh_in

# nind
1
# indname
SURVEY1
# nyrs_ind
 30
# yrs_ind_in
 1 2 3 4 5 6 7 8 9 10 11 12 13 14 15 16 17 18 19 20 21 22 23 24 25 26 27 28 29 30
# mo_ind
 1
# obs_ind_in
 1.42821 1.36232 1.10179 1.27214 1.22409 1.37961 1.29304 1.22452 1.20264 1.10611 1.06787 1.02357 0.948943 0.99904 1.26428 0.840245 0.900785 0.740655 0.874036 0.700428 0.808618 0.691145 0.669965 0.736469 0.701957 0.716472 0.747064 0.783822 0.647326 0.671764
# obs_se_ind_in
 0.285643 0.272464 0.220359 0.254428 0.244818 0.275922 0.258609 0.244903 0.240527 0.221221 0.213574 0.204714 0.189789 0.199808 0.252857 0.168049 0.180157 0.148131 0.174807 0.140086 0.161724 0.138229 0.133993 0.147294 0.140391 0.143294 0.149413 0.156764 0.129465 0.134353
# nyrs_ind_age
 30
# nyrs_ind_length
 0
# yrs_ind_age_in
 1 2 3 4 5 6 7 8 9 10 11 12 13 14 15 16 17 18 19 20 21 22 23 24 25 26 27 28 29 30
# yrs_ind_length_in

# yrs_ind_age_in
 1 2 3 4 5 6 7 8 9 10 11 12 13 14 15 16 17 18 19 20 21 22 23 24 25 26 27 28 29 30
# n_sample_ind_length_in

# olc_ind_in

# oac_ind_in
 0.055 0.13 0.125 0.12 0.095 0.095 0.05 0.075 0.05 0.035 0.05 0.12
 0.065 0.13 0.165 0.145 0.085 0.07 0.05 0.035 0.04 0.035 0.045 0.135
 0.06 0.105 0.155 0.11 0.085 0.065 0.08 0.065 0.075 0.02 0.025 0.155
 0.11 0.145 0.12 0.17 0.075 0.065 0.05 0.04 0.02 0.035 0.025 0.145
 0.07 0.19 0.12 0.115 0.105 0.09 0.06 0.03 0.03 0.055 0.02 0.115
 0.095 0.195 0.175 0.095 0.06 0.08 0.04 0.07 0.03 0.02 0.03 0.11
 0.06 0.175 0.155 0.19 0.065 0.075 0.06 0.055 0.035 0.035 0.015 0.08
 0.07 0.14 0.2 0.165 0.075 0.08 0.025 0.045 0.015 0.02 0.015 0.15
 0.045 0.18 0.08 0.23 0.12 0.09 0.03 0.045 0.035 0.035 0.02 0.09
 0.095 0.125 0.19 0.135 0.14 0.065 0.08 0.04 0.015 0.005 0.01 0.1
 0.04 0.215 0.16 0.12 0.075 0.1 0.03 0.065 0.04 0.015 0.04 0.1
 0.055 0.14 0.21 0.105 0.09 0.11 0.075 0.035 0.03 0.045 0.03 0.075
 0.13 0.145 0.135 0.185 0.05 0.05 0.075 0.075 0.035 0.04 0.02 0.06
 0.115 0.22 0.14 0.125 0.12 0.07 0.055 0.03 0.035 0.035 0.025 0.03
 0.06 0.22 0.26 0.115 0.075 0.085 0.03 0.05 0.015 0.02 0.025 0.045
 0.1 0.185 0.255 0.15 0.09 0.065 0.035 0.02 0.045 0 0.015 0.04
 0.05 0.25 0.145 0.165 0.12 0.075 0.04 0.035 0.03 0.01 0.02 0.06
 0.08 0.165 0.225 0.15 0.14 0.095 0.045 0.005 0.045 0.01 0.005 0.035
 0.15 0.185 0.175 0.13 0.06 0.08 0.07 0.015 0.025 0.03 0 0.08
 0.08 0.24 0.18 0.14 0.115 0.045 0.075 0.05 0.01 0.02 0.005 0.04
 0.115 0.225 0.28 0.12 0.05 0.07 0.015 0.05 0.015 0.01 0 0.05
 0.15 0.19 0.195 0.175 0.065 0.045 0.065 0.025 0.03 0.025 0.005 0.03
 0.105 0.315 0.175 0.125 0.08 0.04 0.06 0.03 0.015 0.015 0.01 0.03
 0.1 0.23 0.235 0.145 0.105 0.06 0.025 0.015 0.03 0.005 0.015 0.035
 0.11 0.295 0.19 0.175 0.095 0.05 0.045 0.01 0.005 0.01 0 0.015
 0.085 0.315 0.24 0.17 0.085 0.06 0.01 0.015 0.01 0.005 0 0.005
 0.09 0.18 0.31 0.145 0.1 0.075 0.045 0.015 0.015 0.005 0.005 0.015
 0.12 0.305 0.15 0.22 0.12 0.02 0.02 0.01 0.005 0.01 0 0.02
 0.145 0.295 0.24 0.08 0.105 0.07 0.025 0.015 0.005 0.005 0.005 0.01
 0.105 0.235 0.3 0.19 0.035 0.07 0.03 0.01 0.01 0.015 0 0
# wt_ind
 1 1 1 1 1 1 1 1 1 1 1 1
 1 1 1 1 1 1 1 1 1 1 1 1
 1 1 1 1 1 1 1 1 1 1 1 1
 1 1 1 1 1 1 1 1 1 1 1 1
 1 1 1 1 1 1 1 1 1 1 1 1
 1 1 1 1 1 1 1 1 1 1 1 1
 1 1 1 1 1 1 1 1 1 1 1 1
 1 1 1 1 1 1 1 1 1 1 1 1
 1 1 1 1 1 1 1 1 1 1 1 1
 1 1 1 1 1 1 1 1 1 1 1 1
 1 1 1 1 1 1 1 1 1 1 1 1
 1 1 1 1 1 1 1 1 1 1 1 1
 1 1 1 1 1 1 1 1 1 1 1 1
 1 1 1 1 1 1 1 1 1 1 1 1
 1 1 1 1 1 1 1 1 1 1 1 1
 1 1 1 1 1 1 1 1 1 1 1 1
 1 1 1 1 1 1 1 1 1 1 1 1
 1 1 1 1 1 1 1 1 1 1 1 1
 1 1 1 1 1 1 1 1 1 1 1 1
 1 1 1 1 1 1 1 1 1 1 1 1
 1 1 1 1 1 1 1 1 1 1 1 1
 1 1 1 1 1 1 1 1 1 1 1 1
 1 1 1 1 1 1 1 1 1 1 1 1
 1 1 1 1 1 1 1 1 1 1 1 1
 1 1 1 1 1 1 1 1 1 1 1 1
 1 1 1 1 1 1 1 1 1 1 1 1
 1 1 1 1 1 1 1 1 1 1 1 1
 1 1 1 1 1 1 1 1 1 1 1 1
 1 1 1 1 1 1 1 1 1 1 1 1
 1 1 1 1 1 1 1 1 1 1 1 1
# wt_pop
 0.000530656 0.00119633 0.00205827 0.00303499 0.00405521 0.0050647 0.00602623 0.00691692 0.00772489 0.00844611 0.00908185 0.0096367
# maturity
 0.0229774 0.320821 0.904651 0.99478 0.999739 0.999987 0.999999 1 1 1 1 1
# spawnmo
1
# age_err
 1 0 0 0 0 0 0 0 0 0 0 0
 0 1 0 0 0 0 0 0 0 0 0 0
 0 0 1 0 0 0 0 0 0 0 0 0
 0 0 0 1 0 0 0 0 0 0 0 0
 0 0 0 0 1 0 0 0 0 0 0 0
 0 0 0 0 0 1 0 0 0 0 0 0
 0 0 0 0 0 0 1 0 0 0 0 0
 0 0 0 0 0 0 0 1 0 0 0 0
 0 0 0 0 0 0 0 0 1 0 0 0
 0 0 0 0 0 0 0 0 0 1 0 0
 0 0 0 0 0 0 0 0 0 0 1 0
 0 0 0 0 0 0 0 0 0 0 0 1
# cntrlfile_name
C:\Users\bai.li\DOCUME~1\Github\AGE_ST~2\ASSAMC\example\C0\output\AMAK\s2\amak.dat
# Map shared selectivity: 
# sel_map
 1 2
 1 1
# datafile_name
amak_data.dat
# model_name
AMAK_MCP
# SrType
2
# use_age_err
0
# retro
0
# sigmarprior
0.2
# cvsigmarprior
0.25
# phase_sigmar
-3
# styr_rec_est
1
# endyr_rec_est
30
# Linfprior
80
# cvLinfprior
0.25
# kprior
0.18
# cvkprior
0.25
# Loprior
27.688
# cvLoprior
0.25
# sdageprior
0.1
# cvsdageprior
0.25
# natmortprior
0.2
# cvnatmortprior
0.25
# phase_M
-4
# npars_Mage
0
# ages_M_changes

# Mage_in

# Mage_offset_in

# phase_Mage
-5
# phase_rw_M
0
# npars_rw_M
0
# yrs_rw_M

# sigma_rw_M

# qprior
 3.48998e-007
# cvqprior
 1
# phase_q
 1
# q_power_prior
 1
# cvq_power_prior
 0.2
# phase_q_power
 -4
# phase_rw_q
 -1
# npars_rw_q
 0
# yrs_rw_q

# sigma_rw_q

# q_age_min
 1
# q_age_max
 12
# q_age_min
 1
# q_age_max
 12
# fsh_sel_opt(k)
2
# phase_sel_fsh(k)
2
# n_sel_ch_fsh(k)
1
# sel_slp_in_fsh(k)(1,n_sel_ch_fsh(k))
 1
# sel_inf_in_fsh(k)(1,n_sel_ch_fsh(k))
 2
# logsel_slp_in_fsh(k)(1,n_sel_ch_fsh(k))
 0
# yrs_sel_ch_fsh(k)(1,n_sel_ch_fsh(k))
 1

Survey SURVEY1
# ind_sel_opt(k)
2
# indname(k)
SURVEY1
# nselages_in_ind(k)
11
# phase_sel_ind(k)
2
# sel_change_in_ind(k)
 1 0 0 0 0 0 0 0 0 0 0 0 0 0 0 0 0 0 0 0 0 0 0 0 0 0 0 0 0 0
# n_sel_ch_ind(k)
1
# yrs_sel_ch_ind(k)(1,n_sel_ch_ind(k))
 1
# sel_slp_in_ind(k,1)
2
# sel_inf_in_ind(k,1)
1.5
# logsel_slp_in_ind(k,1)
0.693147
# logsel_slp_in_indv(k)
0.693147
SURVEY1 ind sel opt 2  1 0 0 0 0 0 0 0 0 0 0 0 0 0 0 0 0 0 0 0 0 0 0 0 0 0 0 0 0 0
Phase indices Sel_Coffs:  -1
 Test: 1.23457e+008
# Fshry Selages:  11
# Srvy  Selages:  11
# Phase for age-spec fishery  -1
# Phase for logistic fishery  2
# Phase for dble logistic fishery  -1
# Phase for age-spec indices   -1
# Phase for logistic indices   2
# Phase for dble logistic ind  -1
# Curv_pen_fsh: 
 0
# Curv_pen_ind: 
 0
# styr_fut
31
# endyr_fut
35
# nyrs_fsh_age
 30
# nyrs_fsh_age
 30
# yrs_fsh_age
 1 2 3 4 5 6 7 8 9 10 11 12 13 14 15 16 17 18 19 20 21 22 23 24 25 26 27 28 29 30
# n_sample_fsh_age
 200 200 200 200 200 200 200 200 200 200 200 200 200 200 200 200 200 200 200 200 200 200 200 200 200 200 200 200 200 200
# oac_fsh
 0.08 0.09 0.125 0.075 0.11 0.095 0.09 0.065 0.045 0.045 0.02 0.16
 0.055 0.085 0.1 0.16 0.085 0.1 0.045 0.05 0.055 0.035 0.045 0.185
 0.065 0.07 0.125 0.16 0.1 0.07 0.065 0.065 0.06 0.05 0.065 0.105
 0.105 0.11 0.12 0.135 0.115 0.075 0.115 0.025 0.03 0.01 0.035 0.125
 0.105 0.125 0.155 0.11 0.11 0.07 0.08 0.065 0.05 0.035 0.005 0.09
 0.095 0.11 0.145 0.15 0.08 0.055 0.05 0.03 0.035 0.035 0.045 0.17
 0.08 0.21 0.13 0.135 0.1 0.055 0.085 0.045 0.01 0.025 0.03 0.095
 0.08 0.075 0.17 0.155 0.09 0.07 0.085 0.085 0.01 0.04 0.02 0.12
 0.07 0.17 0.165 0.12 0.135 0.08 0.09 0.025 0.03 0.005 0.03 0.08
 0.14 0.135 0.14 0.08 0.16 0.09 0.06 0.06 0.035 0.01 0.02 0.07
 0.075 0.19 0.115 0.165 0.085 0.1 0.08 0.055 0.035 0.02 0.015 0.065
 0.09 0.11 0.275 0.15 0.09 0.06 0.075 0.065 0 0.015 0.02 0.05
 0.125 0.13 0.14 0.19 0.055 0.055 0.05 0.08 0.025 0.03 0.015 0.105
 0.105 0.21 0.12 0.105 0.155 0.07 0.04 0.04 0.075 0 0.025 0.055
 0.085 0.21 0.155 0.095 0.095 0.115 0.06 0.03 0.015 0.025 0.025 0.09
 0.135 0.09 0.18 0.19 0.1 0.055 0.05 0.03 0.035 0.025 0.025 0.085
 0.095 0.195 0.15 0.13 0.135 0.075 0.055 0.03 0.03 0.01 0.025 0.07
 0.11 0.125 0.27 0.125 0.105 0.115 0.025 0.035 0.02 0.015 0 0.055
 0.13 0.19 0.14 0.145 0.085 0.105 0.065 0.03 0.005 0.01 0.02 0.075
 0.19 0.205 0.125 0.12 0.095 0.085 0.045 0.055 0.005 0.01 0.02 0.045
 0.155 0.155 0.245 0.095 0.075 0.07 0.04 0.055 0.045 0.03 0.005 0.03
 0.165 0.18 0.195 0.165 0.105 0.06 0.03 0.035 0.025 0.015 0.005 0.02
 0.175 0.22 0.155 0.185 0.12 0.05 0.035 0.02 0.01 0.01 0.01 0.01
 0.195 0.19 0.24 0.13 0.08 0.07 0.02 0.015 0.025 0.005 0.005 0.025
 0.205 0.23 0.155 0.155 0.065 0.085 0.05 0.025 0.01 0.015 0.005 0
 0.09 0.3 0.19 0.155 0.105 0.075 0.03 0.015 0.005 0.005 0.02 0.01
 0.19 0.15 0.24 0.19 0.1 0.06 0.02 0.015 0.02 0.005 0.005 0.005
 0.16 0.275 0.105 0.195 0.13 0.045 0.05 0.005 0.015 0.005 0 0.015
 0.11 0.245 0.23 0.15 0.13 0.065 0.03 0.01 0.025 0 0.005 0
 0.14 0.205 0.19 0.215 0.075 0.08 0.04 0.03 0.01 0.005 0 0.01
# olc_fsh

# wt_fsh
 0.000530656 0.00119633 0.00205827 0.00303499 0.00405521 0.0050647 0.00602623 0.00691692 0.00772489 0.00844611 0.00908185 0.0096367
 0.000530656 0.00119633 0.00205827 0.00303499 0.00405521 0.0050647 0.00602623 0.00691692 0.00772489 0.00844611 0.00908185 0.0096367
 0.000530656 0.00119633 0.00205827 0.00303499 0.00405521 0.0050647 0.00602623 0.00691692 0.00772489 0.00844611 0.00908185 0.0096367
 0.000530656 0.00119633 0.00205827 0.00303499 0.00405521 0.0050647 0.00602623 0.00691692 0.00772489 0.00844611 0.00908185 0.0096367
 0.000530656 0.00119633 0.00205827 0.00303499 0.00405521 0.0050647 0.00602623 0.00691692 0.00772489 0.00844611 0.00908185 0.0096367
 0.000530656 0.00119633 0.00205827 0.00303499 0.00405521 0.0050647 0.00602623 0.00691692 0.00772489 0.00844611 0.00908185 0.0096367
 0.000530656 0.00119633 0.00205827 0.00303499 0.00405521 0.0050647 0.00602623 0.00691692 0.00772489 0.00844611 0.00908185 0.0096367
 0.000530656 0.00119633 0.00205827 0.00303499 0.00405521 0.0050647 0.00602623 0.00691692 0.00772489 0.00844611 0.00908185 0.0096367
 0.000530656 0.00119633 0.00205827 0.00303499 0.00405521 0.0050647 0.00602623 0.00691692 0.00772489 0.00844611 0.00908185 0.0096367
 0.000530656 0.00119633 0.00205827 0.00303499 0.00405521 0.0050647 0.00602623 0.00691692 0.00772489 0.00844611 0.00908185 0.0096367
 0.000530656 0.00119633 0.00205827 0.00303499 0.00405521 0.0050647 0.00602623 0.00691692 0.00772489 0.00844611 0.00908185 0.0096367
 0.000530656 0.00119633 0.00205827 0.00303499 0.00405521 0.0050647 0.00602623 0.00691692 0.00772489 0.00844611 0.00908185 0.0096367
 0.000530656 0.00119633 0.00205827 0.00303499 0.00405521 0.0050647 0.00602623 0.00691692 0.00772489 0.00844611 0.00908185 0.0096367
 0.000530656 0.00119633 0.00205827 0.00303499 0.00405521 0.0050647 0.00602623 0.00691692 0.00772489 0.00844611 0.00908185 0.0096367
 0.000530656 0.00119633 0.00205827 0.00303499 0.00405521 0.0050647 0.00602623 0.00691692 0.00772489 0.00844611 0.00908185 0.0096367
 0.000530656 0.00119633 0.00205827 0.00303499 0.00405521 0.0050647 0.00602623 0.00691692 0.00772489 0.00844611 0.00908185 0.0096367
 0.000530656 0.00119633 0.00205827 0.00303499 0.00405521 0.0050647 0.00602623 0.00691692 0.00772489 0.00844611 0.00908185 0.0096367
 0.000530656 0.00119633 0.00205827 0.00303499 0.00405521 0.0050647 0.00602623 0.00691692 0.00772489 0.00844611 0.00908185 0.0096367
 0.000530656 0.00119633 0.00205827 0.00303499 0.00405521 0.0050647 0.00602623 0.00691692 0.00772489 0.00844611 0.00908185 0.0096367
 0.000530656 0.00119633 0.00205827 0.00303499 0.00405521 0.0050647 0.00602623 0.00691692 0.00772489 0.00844611 0.00908185 0.0096367
 0.000530656 0.00119633 0.00205827 0.00303499 0.00405521 0.0050647 0.00602623 0.00691692 0.00772489 0.00844611 0.00908185 0.0096367
 0.000530656 0.00119633 0.00205827 0.00303499 0.00405521 0.0050647 0.00602623 0.00691692 0.00772489 0.00844611 0.00908185 0.0096367
 0.000530656 0.00119633 0.00205827 0.00303499 0.00405521 0.0050647 0.00602623 0.00691692 0.00772489 0.00844611 0.00908185 0.0096367
 0.000530656 0.00119633 0.00205827 0.00303499 0.00405521 0.0050647 0.00602623 0.00691692 0.00772489 0.00844611 0.00908185 0.0096367
 0.000530656 0.00119633 0.00205827 0.00303499 0.00405521 0.0050647 0.00602623 0.00691692 0.00772489 0.00844611 0.00908185 0.0096367
 0.000530656 0.00119633 0.00205827 0.00303499 0.00405521 0.0050647 0.00602623 0.00691692 0.00772489 0.00844611 0.00908185 0.0096367
 0.000530656 0.00119633 0.00205827 0.00303499 0.00405521 0.0050647 0.00602623 0.00691692 0.00772489 0.00844611 0.00908185 0.0096367
 0.000530656 0.00119633 0.00205827 0.00303499 0.00405521 0.0050647 0.00602623 0.00691692 0.00772489 0.00844611 0.00908185 0.0096367
 0.000530656 0.00119633 0.00205827 0.00303499 0.00405521 0.0050647 0.00602623 0.00691692 0.00772489 0.00844611 0.00908185 0.0096367
 0.000530656 0.00119633 0.00205827 0.00303499 0.00405521 0.0050647 0.00602623 0.00691692 0.00772489 0.00844611 0.00908185 0.0096367
# nyrs_ind_age
 30
# yrs_ind_age
 1 2 3 4 5 6 7 8 9 10 11 12 13 14 15 16 17 18 19 20 21 22 23 24 25 26 27 28 29 30
# n_sample_ind_age
 200 200 200 200 200 200 200 200 200 200 200 200 200 200 200 200 200 200 200 200 200 200 200 200 200 200 200 200 200 200
# oac_ind
 0.055 0.13 0.125 0.12 0.095 0.095 0.05 0.075 0.05 0.035 0.05 0.12
 0.065 0.13 0.165 0.145 0.085 0.07 0.05 0.035 0.04 0.035 0.045 0.135
 0.06 0.105 0.155 0.11 0.085 0.065 0.08 0.065 0.075 0.02 0.025 0.155
 0.11 0.145 0.12 0.17 0.075 0.065 0.05 0.04 0.02 0.035 0.025 0.145
 0.07 0.19 0.12 0.115 0.105 0.09 0.06 0.03 0.03 0.055 0.02 0.115
 0.095 0.195 0.175 0.095 0.06 0.08 0.04 0.07 0.03 0.02 0.03 0.11
 0.06 0.175 0.155 0.19 0.065 0.075 0.06 0.055 0.035 0.035 0.015 0.08
 0.07 0.14 0.2 0.165 0.075 0.08 0.025 0.045 0.015 0.02 0.015 0.15
 0.045 0.18 0.08 0.23 0.12 0.09 0.03 0.045 0.035 0.035 0.02 0.09
 0.095 0.125 0.19 0.135 0.14 0.065 0.08 0.04 0.015 0.005 0.01 0.1
 0.04 0.215 0.16 0.12 0.075 0.1 0.03 0.065 0.04 0.015 0.04 0.1
 0.055 0.14 0.21 0.105 0.09 0.11 0.075 0.035 0.03 0.045 0.03 0.075
 0.13 0.145 0.135 0.185 0.05 0.05 0.075 0.075 0.035 0.04 0.02 0.06
 0.115 0.22 0.14 0.125 0.12 0.07 0.055 0.03 0.035 0.035 0.025 0.03
 0.06 0.22 0.26 0.115 0.075 0.085 0.03 0.05 0.015 0.02 0.025 0.045
 0.1 0.185 0.255 0.15 0.09 0.065 0.035 0.02 0.045 0 0.015 0.04
 0.05 0.25 0.145 0.165 0.12 0.075 0.04 0.035 0.03 0.01 0.02 0.06
 0.08 0.165 0.225 0.15 0.14 0.095 0.045 0.005 0.045 0.01 0.005 0.035
 0.15 0.185 0.175 0.13 0.06 0.08 0.07 0.015 0.025 0.03 0 0.08
 0.08 0.24 0.18 0.14 0.115 0.045 0.075 0.05 0.01 0.02 0.005 0.04
 0.115 0.225 0.28 0.12 0.05 0.07 0.015 0.05 0.015 0.01 0 0.05
 0.15 0.19 0.195 0.175 0.065 0.045 0.065 0.025 0.03 0.025 0.005 0.03
 0.105 0.315 0.175 0.125 0.08 0.04 0.06 0.03 0.015 0.015 0.01 0.03
 0.1 0.23 0.235 0.145 0.105 0.06 0.025 0.015 0.03 0.005 0.015 0.035
 0.11 0.295 0.19 0.175 0.095 0.05 0.045 0.01 0.005 0.01 0 0.015
 0.085 0.315 0.24 0.17 0.085 0.06 0.01 0.015 0.01 0.005 0 0.005
 0.09 0.18 0.31 0.145 0.1 0.075 0.045 0.015 0.015 0.005 0.005 0.015
 0.12 0.305 0.15 0.22 0.12 0.02 0.02 0.01 0.005 0.01 0 0.02
 0.145 0.295 0.24 0.08 0.105 0.07 0.025 0.015 0.005 0.005 0.005 0.01
 0.105 0.235 0.3 0.19 0.035 0.07 0.03 0.01 0.01 0.015 0 0
# olc_ind

# obs_lse_ind
 0.198042 0.198042 0.198042 0.198042 0.198042 0.198042 0.198042 0.198042 0.198042 0.198042 0.198042 0.198042 0.198042 0.198042 0.198042 0.198042 0.198042 0.198042 0.198042 0.198042 0.198042 0.198042 0.198042 0.198042 0.198042 0.198042 0.198042 0.198042 0.198042 0.198042
# xages_fsh
 0 0 0 0 0 0 0 0 0 0 0 0
# xages_fsh
 0 0.0909091 0.181818 0.272727 0.363636 0.454545 0.545455 0.636364 0.727273 0.818182 0.909091 1
# xnodes_fsh

Yrs fsh_sel change:  1 0 0 0 0 0 0 0 0 0 0 0 0 0 0 0 0 0 0 0 0 0 0 0 0 0 0 0 0
Yrs ind_sel change:  1 0 0 0 0 0 0 0 0 0 0 0 0 0 0 0 0 0 0 0 0 0 0 0 0 0 0 0 0
# steepnessprior
0.75
# sigmarprior
0.2
#  SSB estimated in styr endyr: -13 28 
#  Rec estimated in styr endyr: -11 30 
#  SR Curve fit  in styr endyr: 1 30 
#             Model styr endyr: 1 30 
# qprior
 3.48998e-007
# q_power_prior 
 1 
# cv_catchbiomass 
0.05 
# CatchbiomassPen 
200 
# Number of projection years 
5 
# offset_fsh
 13266.2
# offset_ind
 13023.5
Mean Catch
1339.19
R_guess 
15.46
# nfsh
1
# n_sel_ch_fsh
 1
# nselages_fsh
 11
# phase_selcoff_fsh
 -1
logRzero 15.46
logmeanrec 15.46
exp(log_sigmarprior 0.2
Fish sel phase: -1 FLEET1
Fixing fishery sel to
1
Srvy sel phase: -1
Fixing SURVEY1 indices sel to
1
# logsel_slp_in_indv
 0.693147
Leaving parameter init secton
# M
 0.2 0.2 0.2 0.2 0.2 0.2 0.2 0.2 0.2 0.2 0.2 0.2
 0.2 0.2 0.2 0.2 0.2 0.2 0.2 0.2 0.2 0.2 0.2 0.2
 0.2 0.2 0.2 0.2 0.2 0.2 0.2 0.2 0.2 0.2 0.2 0.2
 0.2 0.2 0.2 0.2 0.2 0.2 0.2 0.2 0.2 0.2 0.2 0.2
 0.2 0.2 0.2 0.2 0.2 0.2 0.2 0.2 0.2 0.2 0.2 0.2
 0.2 0.2 0.2 0.2 0.2 0.2 0.2 0.2 0.2 0.2 0.2 0.2
 0.2 0.2 0.2 0.2 0.2 0.2 0.2 0.2 0.2 0.2 0.2 0.2
 0.2 0.2 0.2 0.2 0.2 0.2 0.2 0.2 0.2 0.2 0.2 0.2
 0.2 0.2 0.2 0.2 0.2 0.2 0.2 0.2 0.2 0.2 0.2 0.2
 0.2 0.2 0.2 0.2 0.2 0.2 0.2 0.2 0.2 0.2 0.2 0.2
 0.2 0.2 0.2 0.2 0.2 0.2 0.2 0.2 0.2 0.2 0.2 0.2
 0.2 0.2 0.2 0.2 0.2 0.2 0.2 0.2 0.2 0.2 0.2 0.2
 0.2 0.2 0.2 0.2 0.2 0.2 0.2 0.2 0.2 0.2 0.2 0.2
 0.2 0.2 0.2 0.2 0.2 0.2 0.2 0.2 0.2 0.2 0.2 0.2
 0.2 0.2 0.2 0.2 0.2 0.2 0.2 0.2 0.2 0.2 0.2 0.2
 0.2 0.2 0.2 0.2 0.2 0.2 0.2 0.2 0.2 0.2 0.2 0.2
 0.2 0.2 0.2 0.2 0.2 0.2 0.2 0.2 0.2 0.2 0.2 0.2
 0.2 0.2 0.2 0.2 0.2 0.2 0.2 0.2 0.2 0.2 0.2 0.2
 0.2 0.2 0.2 0.2 0.2 0.2 0.2 0.2 0.2 0.2 0.2 0.2
 0.2 0.2 0.2 0.2 0.2 0.2 0.2 0.2 0.2 0.2 0.2 0.2
 0.2 0.2 0.2 0.2 0.2 0.2 0.2 0.2 0.2 0.2 0.2 0.2
 0.2 0.2 0.2 0.2 0.2 0.2 0.2 0.2 0.2 0.2 0.2 0.2
 0.2 0.2 0.2 0.2 0.2 0.2 0.2 0.2 0.2 0.2 0.2 0.2
 0.2 0.2 0.2 0.2 0.2 0.2 0.2 0.2 0.2 0.2 0.2 0.2
 0.2 0.2 0.2 0.2 0.2 0.2 0.2 0.2 0.2 0.2 0.2 0.2
 0.2 0.2 0.2 0.2 0.2 0.2 0.2 0.2 0.2 0.2 0.2 0.2
 0.2 0.2 0.2 0.2 0.2 0.2 0.2 0.2 0.2 0.2 0.2 0.2
 0.2 0.2 0.2 0.2 0.2 0.2 0.2 0.2 0.2 0.2 0.2 0.2
 0.2 0.2 0.2 0.2 0.2 0.2 0.2 0.2 0.2 0.2 0.2 0.2
 0.2 0.2 0.2 0.2 0.2 0.2 0.2 0.2 0.2 0.2 0.2 0.2
# mean_log_rec
13.7596
# log_Rzero
13.8863
# rec_dev
 -0.0457764 -0.0553681 0.0159321 0.0765833 0.0540818 0.0466129 -0.0529956 0.0100157 -0.0313871 -0.0892815 0.0195323 -0.0401374 0.0871215 -0.0970738 0.0762352 0.263559 0.234452 0.434441 -0.0315636 0.0808116 -0.136299 0.2948 -0.190554 -0.16363 0.283041 0.229797 -0.158128 0.15926 -0.216051 -0.22316 0.116664 -0.0431196 -0.0893474 0.124482 -0.0441418 0.10704 0.241184 -0.380719 0.138187 0.0569826 -0.157648 -0.215897
# fmort
 0.00901114 0.0262229 0.0436696 0.0591259 0.0477721 0.0849338 0.0854476 0.180767 0.104686 0.127639 0.14238 0.152256 0.109992 0.158176 0.171136 0.153375 0.301215 0.250784 0.246922 0.241199 0.334022 0.244189 0.392955 0.329934 0.325306 0.301564 0.295879 0.419408 0.319879 0.488781
# rec_dev_future
 0 0 0 0 0
