AMAK;Mar 2020
# styr
1
# endyr
30
# rec_age
1
# oldest_age
12
# nlength
81
# len_bins
 10 11 12 13 14 15 16 17 18 19 20 21 22 23 24 25 26 27 28 29 30 31 32 33 34 35 36 37 38 39 40 41 42 43 44 45 46 47 48 49 50 51 52 53 54 55 56 57 58 59 60 61 62 63 64 65 66 67 68 69 70 71 72 73 74 75 76 77 78 79 80 81 82 83 84 85 86 87 88 89 90
# datafile_name
amak_data.dat
# model_name
AMAK_MCP
# styr
1
# endyr
30
# rec_age
1
# oldest_age
12
# nfsh
1
# fshname
FLEET1
# catch_bio_in
 162.43 460.884 741.182 977.519 759.017 1341.69 1305.47 2546.86 1341.06 1548.62 1613.68 1577.69 1077.22 1487.52 1475.48 1235.23 2156.53 1516.55 1376.75 1253.35 1623.88 1117.91 1718.1 1295.1 1226.27 1122.85 1113.56 1498.36 1066.2 1460.64
# catch_bio_sd_in
 0.01 0.01 0.01 0.01 0.01 0.01 0.01 0.01 0.01 0.01 0.01 0.01 0.01 0.01 0.01 0.01 0.01 0.01 0.01 0.01 0.01 0.01 0.01 0.01 0.01 0.01 0.01 0.01 0.01 0.01
# nyrs_fsh_age
 30
# nyrs_fsh_length
 0
# yrs_fsh_age_in
 1 2 3 4 5 6 7 8 9 10 11 12 13 14 15 16 17 18 19 20 21 22 23 24 25 26 27 28 29 30
# yrs_fsh_length_in

# n_sample_fsh_length_in

# olc_fsh_in

# nind
1
# indname
SURVEY1
# nyrs_ind
 30
# yrs_ind_in
 1 2 3 4 5 6 7 8 9 10 11 12 13 14 15 16 17 18 19 20 21 22 23 24 25 26 27 28 29 30
# mo_ind
 1
# obs_ind_in
 1.45446 1.574 1.51812 1.56883 1.52954 1.37678 1.73663 1.33173 0.929565 1.12979 1.32804 1.03782 0.991505 1.02917 0.967752 0.791535 0.912951 0.843801 0.675545 0.686204 0.766935 0.753037 0.742982 0.724414 0.589507 0.593168 0.7459 0.692706 0.48875 0.395154
# obs_se_ind_in
 0.290891 0.314801 0.303624 0.313766 0.305908 0.275356 0.347326 0.266346 0.185913 0.225957 0.265608 0.207563 0.198301 0.205835 0.19355 0.158307 0.18259 0.16876 0.135109 0.137241 0.153387 0.150607 0.148596 0.144883 0.117901 0.118634 0.14918 0.138541 0.0977499 0.0790308
# nyrs_ind_age
 30
# nyrs_ind_length
 0
# yrs_ind_age_in
 1 2 3 4 5 6 7 8 9 10 11 12 13 14 15 16 17 18 19 20 21 22 23 24 25 26 27 28 29 30
# yrs_ind_length_in

# yrs_ind_age_in
 1 2 3 4 5 6 7 8 9 10 11 12 13 14 15 16 17 18 19 20 21 22 23 24 25 26 27 28 29 30
# n_sample_ind_length_in

# olc_ind_in

# oac_ind_in
 0.055 0.14 0.165 0.07 0.095 0.08 0.045 0.045 0.055 0.05 0.055 0.145
 0.02 0.145 0.11 0.1 0.15 0.085 0.08 0.055 0.045 0.06 0.025 0.125
 0.05 0.16 0.175 0.15 0.08 0.085 0.055 0.05 0.035 0.05 0.025 0.085
 0.08 0.16 0.17 0.12 0.08 0.07 0.06 0.04 0.035 0.03 0.03 0.125
 0.075 0.14 0.165 0.11 0.085 0.08 0.07 0.06 0.045 0.04 0.02 0.11
 0.07 0.13 0.155 0.185 0.095 0.065 0.04 0.065 0.02 0.03 0.025 0.12
 0.08 0.175 0.18 0.13 0.125 0.075 0.05 0.03 0.045 0.035 0.02 0.055
 0.045 0.14 0.19 0.15 0.115 0.09 0.045 0.035 0.05 0.04 0.04 0.06
 0.085 0.115 0.19 0.135 0.12 0.095 0.075 0.05 0.015 0.03 0.02 0.07
 0.075 0.16 0.115 0.175 0.16 0.055 0.04 0.08 0.04 0.035 0.01 0.055
 0.085 0.17 0.19 0.1 0.075 0.085 0.065 0.04 0.025 0.03 0.04 0.095
 0.06 0.175 0.155 0.185 0.1 0.08 0.07 0.055 0.02 0.04 0.02 0.04
 0.105 0.13 0.18 0.115 0.14 0.07 0.07 0.03 0.035 0.05 0.02 0.055
 0.08 0.26 0.07 0.115 0.105 0.075 0.05 0.065 0.05 0.04 0.025 0.065
 0.07 0.195 0.23 0.095 0.1 0.08 0.06 0.025 0.02 0.03 0.015 0.08
 0.07 0.205 0.14 0.185 0.06 0.105 0.055 0.04 0.035 0.02 0.01 0.075
 0.065 0.14 0.175 0.165 0.17 0.045 0.045 0.065 0.025 0.03 0.035 0.04
 0.06 0.2 0.14 0.15 0.085 0.1 0.045 0.045 0.035 0.03 0.02 0.09
 0.09 0.225 0.21 0.085 0.11 0.06 0.095 0.02 0.03 0.015 0.01 0.05
 0.115 0.17 0.175 0.2 0.065 0.08 0.065 0.055 0.03 0 0.01 0.035
 0.145 0.235 0.22 0.1 0.12 0.065 0.03 0.025 0.025 0 0.01 0.025
 0.05 0.31 0.22 0.13 0.09 0.09 0.035 0.045 0.005 0.005 0.005 0.015
 0.12 0.145 0.335 0.155 0.08 0.05 0.05 0.01 0.005 0.025 0.01 0.015
 0.15 0.2 0.225 0.13 0.11 0.085 0.02 0.005 0.03 0.005 0.02 0.02
 0.125 0.3 0.21 0.12 0.11 0.045 0.03 0.005 0.015 0.005 0 0.035
 0.13 0.27 0.275 0.13 0.05 0.05 0.035 0.02 0.02 0.005 0.005 0.01
 0.085 0.265 0.25 0.2 0.08 0.03 0.045 0.035 0.005 0 0 0.005
 0.1 0.25 0.28 0.11 0.105 0.07 0.025 0.025 0.02 0 0.005 0.01
 0.07 0.205 0.29 0.155 0.08 0.09 0.04 0.015 0.015 0.025 0.01 0.005
 0.165 0.215 0.18 0.16 0.13 0.06 0.06 0.015 0 0.01 0 0.005
# wt_ind
 1 1 1 1 1 1 1 1 1 1 1 1
 1 1 1 1 1 1 1 1 1 1 1 1
 1 1 1 1 1 1 1 1 1 1 1 1
 1 1 1 1 1 1 1 1 1 1 1 1
 1 1 1 1 1 1 1 1 1 1 1 1
 1 1 1 1 1 1 1 1 1 1 1 1
 1 1 1 1 1 1 1 1 1 1 1 1
 1 1 1 1 1 1 1 1 1 1 1 1
 1 1 1 1 1 1 1 1 1 1 1 1
 1 1 1 1 1 1 1 1 1 1 1 1
 1 1 1 1 1 1 1 1 1 1 1 1
 1 1 1 1 1 1 1 1 1 1 1 1
 1 1 1 1 1 1 1 1 1 1 1 1
 1 1 1 1 1 1 1 1 1 1 1 1
 1 1 1 1 1 1 1 1 1 1 1 1
 1 1 1 1 1 1 1 1 1 1 1 1
 1 1 1 1 1 1 1 1 1 1 1 1
 1 1 1 1 1 1 1 1 1 1 1 1
 1 1 1 1 1 1 1 1 1 1 1 1
 1 1 1 1 1 1 1 1 1 1 1 1
 1 1 1 1 1 1 1 1 1 1 1 1
 1 1 1 1 1 1 1 1 1 1 1 1
 1 1 1 1 1 1 1 1 1 1 1 1
 1 1 1 1 1 1 1 1 1 1 1 1
 1 1 1 1 1 1 1 1 1 1 1 1
 1 1 1 1 1 1 1 1 1 1 1 1
 1 1 1 1 1 1 1 1 1 1 1 1
 1 1 1 1 1 1 1 1 1 1 1 1
 1 1 1 1 1 1 1 1 1 1 1 1
 1 1 1 1 1 1 1 1 1 1 1 1
# wt_pop
 0.000530656 0.00119633 0.00205827 0.00303499 0.00405521 0.0050647 0.00602623 0.00691692 0.00772489 0.00844611 0.00908185 0.0096367
# maturity
 0.0229774 0.320821 0.904651 0.99478 0.999739 0.999987 0.999999 1 1 1 1 1
# spawnmo
1
# age_err
 1 0 0 0 0 0 0 0 0 0 0 0
 0 1 0 0 0 0 0 0 0 0 0 0
 0 0 1 0 0 0 0 0 0 0 0 0
 0 0 0 1 0 0 0 0 0 0 0 0
 0 0 0 0 1 0 0 0 0 0 0 0
 0 0 0 0 0 1 0 0 0 0 0 0
 0 0 0 0 0 0 1 0 0 0 0 0
 0 0 0 0 0 0 0 1 0 0 0 0
 0 0 0 0 0 0 0 0 1 0 0 0
 0 0 0 0 0 0 0 0 0 1 0 0
 0 0 0 0 0 0 0 0 0 0 1 0
 0 0 0 0 0 0 0 0 0 0 0 1
# cntrlfile_name
C:\Users\bai.li\DOCUME~1\Github\AGE_ST~1\ASSAMC\example\output\AMAK\s122\amak.dat
# Map shared selectivity: 
# sel_map
 1 2
 1 1
# datafile_name
amak_data.dat
# model_name
AMAK_MCP
# SrType
2
# use_age_err
0
# retro
0
# sigmarprior
0.2
# cvsigmarprior
0.25
# phase_sigmar
-3
# styr_rec_est
1
# endyr_rec_est
30
# Linfprior
80
# cvLinfprior
0.25
# kprior
0.18
# cvkprior
0.25
# Loprior
27.688
# cvLoprior
0.25
# sdageprior
0.1
# cvsdageprior
0.25
# natmortprior
0.2
# cvnatmortprior
0.25
# phase_M
-4
# npars_Mage
0
# ages_M_changes

# Mage_in

# Mage_offset_in

# phase_Mage
-5
# phase_rw_M
0
# npars_rw_M
0
# yrs_rw_M

# sigma_rw_M

# qprior
 3.48998e-007
# cvqprior
 1
# phase_q
 1
# q_power_prior
 1
# cvq_power_prior
 0.2
# phase_q_power
 -4
# phase_rw_q
 -1
# npars_rw_q
 0
# yrs_rw_q

# sigma_rw_q

# q_age_min
 1
# q_age_max
 12
# q_age_min
 1
# q_age_max
 12
# fsh_sel_opt(k)
2
# phase_sel_fsh(k)
2
# n_sel_ch_fsh(k)
1
# sel_slp_in_fsh(k)(1,n_sel_ch_fsh(k))
 1
# sel_inf_in_fsh(k)(1,n_sel_ch_fsh(k))
 2
# logsel_slp_in_fsh(k)(1,n_sel_ch_fsh(k))
 0
# yrs_sel_ch_fsh(k)(1,n_sel_ch_fsh(k))
 1

Survey SURVEY1
# ind_sel_opt(k)
2
# indname(k)
SURVEY1
# nselages_in_ind(k)
11
# phase_sel_ind(k)
2
# sel_change_in_ind(k)
 1 0 0 0 0 0 0 0 0 0 0 0 0 0 0 0 0 0 0 0 0 0 0 0 0 0 0 0 0 0
# n_sel_ch_ind(k)
1
# yrs_sel_ch_ind(k)(1,n_sel_ch_ind(k))
 1
# sel_slp_in_ind(k,1)
2
# sel_inf_in_ind(k,1)
1.5
# logsel_slp_in_ind(k,1)
0.693147
# logsel_slp_in_indv(k)
0.693147
SURVEY1 ind sel opt 2  1 0 0 0 0 0 0 0 0 0 0 0 0 0 0 0 0 0 0 0 0 0 0 0 0 0 0 0 0 0
Phase indices Sel_Coffs:  -1
 Test: 1.23457e+008
# Fshry Selages:  11
# Srvy  Selages:  11
# Phase for age-spec fishery  -1
# Phase for logistic fishery  2
# Phase for dble logistic fishery  -1
# Phase for age-spec indices   -1
# Phase for logistic indices   2
# Phase for dble logistic ind  -1
# Curv_pen_fsh: 
 0
# Curv_pen_ind: 
 0
# styr_fut
31
# endyr_fut
35
# nyrs_fsh_age
 30
# nyrs_fsh_age
 30
# yrs_fsh_age
 1 2 3 4 5 6 7 8 9 10 11 12 13 14 15 16 17 18 19 20 21 22 23 24 25 26 27 28 29 30
# n_sample_fsh_age
 200 200 200 200 200 200 200 200 200 200 200 200 200 200 200 200 200 200 200 200 200 200 200 200 200 200 200 200 200 200
# oac_fsh
 0.065 0.125 0.085 0.085 0.125 0.115 0.06 0.04 0.06 0.045 0.045 0.15
 0.065 0.11 0.165 0.08 0.11 0.08 0.07 0.085 0.03 0.04 0.055 0.11
 0.085 0.13 0.135 0.08 0.1 0.095 0.08 0.03 0.065 0.03 0.03 0.14
 0.1 0.12 0.155 0.105 0.125 0.095 0.06 0.05 0.035 0.015 0.015 0.125
 0.065 0.12 0.115 0.13 0.065 0.11 0.095 0.055 0.045 0.025 0.015 0.16
 0.12 0.16 0.12 0.125 0.125 0.105 0.045 0.025 0.03 0.03 0.025 0.09
 0.075 0.215 0.13 0.13 0.09 0.105 0.02 0.08 0.03 0.025 0.025 0.075
 0.075 0.085 0.2 0.13 0.115 0.1 0.05 0.07 0.04 0.015 0.005 0.115
 0.11 0.09 0.135 0.16 0.085 0.065 0.08 0.035 0.05 0.03 0.05 0.11
 0.095 0.14 0.11 0.155 0.135 0.06 0.065 0.045 0.05 0.025 0.025 0.095
 0.135 0.135 0.15 0.11 0.095 0.095 0.045 0.065 0.03 0.03 0.035 0.075
 0.05 0.14 0.215 0.145 0.075 0.08 0.085 0.05 0.035 0.035 0.04 0.05
 0.145 0.075 0.19 0.13 0.135 0.075 0.06 0.035 0.045 0.025 0.015 0.07
 0.095 0.2 0.085 0.165 0.095 0.1 0.025 0.045 0.06 0.025 0.02 0.085
 0.095 0.2 0.17 0.11 0.115 0.045 0.075 0.02 0.035 0.04 0.005 0.09
 0.055 0.15 0.17 0.215 0.07 0.105 0.06 0.055 0.025 0.025 0.01 0.06
 0.13 0.095 0.165 0.125 0.185 0.085 0.03 0.05 0.025 0.04 0.01 0.06
 0.12 0.19 0.16 0.145 0.12 0.09 0.03 0.015 0.055 0.025 0.005 0.045
 0.12 0.135 0.19 0.075 0.12 0.075 0.105 0.03 0.03 0.02 0.03 0.07
 0.15 0.185 0.195 0.18 0.06 0.09 0.03 0.025 0.025 0.005 0.005 0.05
 0.14 0.205 0.21 0.105 0.115 0.065 0.05 0.03 0.035 0.01 0.025 0.01
 0.13 0.23 0.21 0.17 0.1 0.05 0.045 0.015 0.015 0.01 0.005 0.02
 0.105 0.165 0.31 0.135 0.135 0.05 0.035 0.005 0.025 0 0.02 0.015
 0.225 0.185 0.085 0.285 0.105 0.045 0.02 0.02 0.015 0.005 0 0.01
 0.145 0.245 0.205 0.095 0.135 0.055 0.03 0.005 0.035 0.01 0.01 0.03
 0.175 0.18 0.335 0.13 0.05 0.05 0.035 0.015 0.005 0.005 0 0.02
 0.185 0.215 0.17 0.16 0.09 0.055 0.045 0.04 0.02 0.015 0.005 0
 0.135 0.265 0.245 0.095 0.105 0.055 0.03 0.035 0.02 0.01 0 0.005
 0.14 0.18 0.225 0.135 0.115 0.1 0.05 0.025 0.015 0.005 0 0.01
 0.13 0.16 0.195 0.225 0.115 0.055 0.055 0.035 0.01 0.005 0.005 0.01
# olc_fsh

# wt_fsh
 0.000530656 0.00119633 0.00205827 0.00303499 0.00405521 0.0050647 0.00602623 0.00691692 0.00772489 0.00844611 0.00908185 0.0096367
 0.000530656 0.00119633 0.00205827 0.00303499 0.00405521 0.0050647 0.00602623 0.00691692 0.00772489 0.00844611 0.00908185 0.0096367
 0.000530656 0.00119633 0.00205827 0.00303499 0.00405521 0.0050647 0.00602623 0.00691692 0.00772489 0.00844611 0.00908185 0.0096367
 0.000530656 0.00119633 0.00205827 0.00303499 0.00405521 0.0050647 0.00602623 0.00691692 0.00772489 0.00844611 0.00908185 0.0096367
 0.000530656 0.00119633 0.00205827 0.00303499 0.00405521 0.0050647 0.00602623 0.00691692 0.00772489 0.00844611 0.00908185 0.0096367
 0.000530656 0.00119633 0.00205827 0.00303499 0.00405521 0.0050647 0.00602623 0.00691692 0.00772489 0.00844611 0.00908185 0.0096367
 0.000530656 0.00119633 0.00205827 0.00303499 0.00405521 0.0050647 0.00602623 0.00691692 0.00772489 0.00844611 0.00908185 0.0096367
 0.000530656 0.00119633 0.00205827 0.00303499 0.00405521 0.0050647 0.00602623 0.00691692 0.00772489 0.00844611 0.00908185 0.0096367
 0.000530656 0.00119633 0.00205827 0.00303499 0.00405521 0.0050647 0.00602623 0.00691692 0.00772489 0.00844611 0.00908185 0.0096367
 0.000530656 0.00119633 0.00205827 0.00303499 0.00405521 0.0050647 0.00602623 0.00691692 0.00772489 0.00844611 0.00908185 0.0096367
 0.000530656 0.00119633 0.00205827 0.00303499 0.00405521 0.0050647 0.00602623 0.00691692 0.00772489 0.00844611 0.00908185 0.0096367
 0.000530656 0.00119633 0.00205827 0.00303499 0.00405521 0.0050647 0.00602623 0.00691692 0.00772489 0.00844611 0.00908185 0.0096367
 0.000530656 0.00119633 0.00205827 0.00303499 0.00405521 0.0050647 0.00602623 0.00691692 0.00772489 0.00844611 0.00908185 0.0096367
 0.000530656 0.00119633 0.00205827 0.00303499 0.00405521 0.0050647 0.00602623 0.00691692 0.00772489 0.00844611 0.00908185 0.0096367
 0.000530656 0.00119633 0.00205827 0.00303499 0.00405521 0.0050647 0.00602623 0.00691692 0.00772489 0.00844611 0.00908185 0.0096367
 0.000530656 0.00119633 0.00205827 0.00303499 0.00405521 0.0050647 0.00602623 0.00691692 0.00772489 0.00844611 0.00908185 0.0096367
 0.000530656 0.00119633 0.00205827 0.00303499 0.00405521 0.0050647 0.00602623 0.00691692 0.00772489 0.00844611 0.00908185 0.0096367
 0.000530656 0.00119633 0.00205827 0.00303499 0.00405521 0.0050647 0.00602623 0.00691692 0.00772489 0.00844611 0.00908185 0.0096367
 0.000530656 0.00119633 0.00205827 0.00303499 0.00405521 0.0050647 0.00602623 0.00691692 0.00772489 0.00844611 0.00908185 0.0096367
 0.000530656 0.00119633 0.00205827 0.00303499 0.00405521 0.0050647 0.00602623 0.00691692 0.00772489 0.00844611 0.00908185 0.0096367
 0.000530656 0.00119633 0.00205827 0.00303499 0.00405521 0.0050647 0.00602623 0.00691692 0.00772489 0.00844611 0.00908185 0.0096367
 0.000530656 0.00119633 0.00205827 0.00303499 0.00405521 0.0050647 0.00602623 0.00691692 0.00772489 0.00844611 0.00908185 0.0096367
 0.000530656 0.00119633 0.00205827 0.00303499 0.00405521 0.0050647 0.00602623 0.00691692 0.00772489 0.00844611 0.00908185 0.0096367
 0.000530656 0.00119633 0.00205827 0.00303499 0.00405521 0.0050647 0.00602623 0.00691692 0.00772489 0.00844611 0.00908185 0.0096367
 0.000530656 0.00119633 0.00205827 0.00303499 0.00405521 0.0050647 0.00602623 0.00691692 0.00772489 0.00844611 0.00908185 0.0096367
 0.000530656 0.00119633 0.00205827 0.00303499 0.00405521 0.0050647 0.00602623 0.00691692 0.00772489 0.00844611 0.00908185 0.0096367
 0.000530656 0.00119633 0.00205827 0.00303499 0.00405521 0.0050647 0.00602623 0.00691692 0.00772489 0.00844611 0.00908185 0.0096367
 0.000530656 0.00119633 0.00205827 0.00303499 0.00405521 0.0050647 0.00602623 0.00691692 0.00772489 0.00844611 0.00908185 0.0096367
 0.000530656 0.00119633 0.00205827 0.00303499 0.00405521 0.0050647 0.00602623 0.00691692 0.00772489 0.00844611 0.00908185 0.0096367
 0.000530656 0.00119633 0.00205827 0.00303499 0.00405521 0.0050647 0.00602623 0.00691692 0.00772489 0.00844611 0.00908185 0.0096367
# nyrs_ind_age
 30
# yrs_ind_age
 1 2 3 4 5 6 7 8 9 10 11 12 13 14 15 16 17 18 19 20 21 22 23 24 25 26 27 28 29 30
# n_sample_ind_age
 200 200 200 200 200 200 200 200 200 200 200 200 200 200 200 200 200 200 200 200 200 200 200 200 200 200 200 200 200 200
# oac_ind
 0.055 0.14 0.165 0.07 0.095 0.08 0.045 0.045 0.055 0.05 0.055 0.145
 0.02 0.145 0.11 0.1 0.15 0.085 0.08 0.055 0.045 0.06 0.025 0.125
 0.05 0.16 0.175 0.15 0.08 0.085 0.055 0.05 0.035 0.05 0.025 0.085
 0.08 0.16 0.17 0.12 0.08 0.07 0.06 0.04 0.035 0.03 0.03 0.125
 0.075 0.14 0.165 0.11 0.085 0.08 0.07 0.06 0.045 0.04 0.02 0.11
 0.07 0.13 0.155 0.185 0.095 0.065 0.04 0.065 0.02 0.03 0.025 0.12
 0.08 0.175 0.18 0.13 0.125 0.075 0.05 0.03 0.045 0.035 0.02 0.055
 0.045 0.14 0.19 0.15 0.115 0.09 0.045 0.035 0.05 0.04 0.04 0.06
 0.085 0.115 0.19 0.135 0.12 0.095 0.075 0.05 0.015 0.03 0.02 0.07
 0.075 0.16 0.115 0.175 0.16 0.055 0.04 0.08 0.04 0.035 0.01 0.055
 0.085 0.17 0.19 0.1 0.075 0.085 0.065 0.04 0.025 0.03 0.04 0.095
 0.06 0.175 0.155 0.185 0.1 0.08 0.07 0.055 0.02 0.04 0.02 0.04
 0.105 0.13 0.18 0.115 0.14 0.07 0.07 0.03 0.035 0.05 0.02 0.055
 0.08 0.26 0.07 0.115 0.105 0.075 0.05 0.065 0.05 0.04 0.025 0.065
 0.07 0.195 0.23 0.095 0.1 0.08 0.06 0.025 0.02 0.03 0.015 0.08
 0.07 0.205 0.14 0.185 0.06 0.105 0.055 0.04 0.035 0.02 0.01 0.075
 0.065 0.14 0.175 0.165 0.17 0.045 0.045 0.065 0.025 0.03 0.035 0.04
 0.06 0.2 0.14 0.15 0.085 0.1 0.045 0.045 0.035 0.03 0.02 0.09
 0.09 0.225 0.21 0.085 0.11 0.06 0.095 0.02 0.03 0.015 0.01 0.05
 0.115 0.17 0.175 0.2 0.065 0.08 0.065 0.055 0.03 0 0.01 0.035
 0.145 0.235 0.22 0.1 0.12 0.065 0.03 0.025 0.025 0 0.01 0.025
 0.05 0.31 0.22 0.13 0.09 0.09 0.035 0.045 0.005 0.005 0.005 0.015
 0.12 0.145 0.335 0.155 0.08 0.05 0.05 0.01 0.005 0.025 0.01 0.015
 0.15 0.2 0.225 0.13 0.11 0.085 0.02 0.005 0.03 0.005 0.02 0.02
 0.125 0.3 0.21 0.12 0.11 0.045 0.03 0.005 0.015 0.005 0 0.035
 0.13 0.27 0.275 0.13 0.05 0.05 0.035 0.02 0.02 0.005 0.005 0.01
 0.085 0.265 0.25 0.2 0.08 0.03 0.045 0.035 0.005 0 0 0.005
 0.1 0.25 0.28 0.11 0.105 0.07 0.025 0.025 0.02 0 0.005 0.01
 0.07 0.205 0.29 0.155 0.08 0.09 0.04 0.015 0.015 0.025 0.01 0.005
 0.165 0.215 0.18 0.16 0.13 0.06 0.06 0.015 0 0.01 0 0.005
# olc_ind

# obs_lse_ind
 0.198042 0.198042 0.198042 0.198042 0.198042 0.198042 0.198042 0.198042 0.198042 0.198042 0.198042 0.198042 0.198042 0.198042 0.198042 0.198042 0.198042 0.198042 0.198042 0.198042 0.198042 0.198042 0.198042 0.198042 0.198042 0.198042 0.198042 0.198042 0.198042 0.198042
# xages_fsh
 0 0 0 0 0 0 0 0 0 0 0 0
# xages_fsh
 0 0.0909091 0.181818 0.272727 0.363636 0.454545 0.545455 0.636364 0.727273 0.818182 0.909091 1
# xnodes_fsh

Yrs fsh_sel change:  1 0 0 0 0 0 0 0 0 0 0 0 0 0 0 0 0 0 0 0 0 0 0 0 0 0 0 0 0
Yrs ind_sel change:  1 0 0 0 0 0 0 0 0 0 0 0 0 0 0 0 0 0 0 0 0 0 0 0 0 0 0 0 0
# steepnessprior
0.75
# sigmarprior
0.2
#  SSB estimated in styr endyr: -13 28 
#  Rec estimated in styr endyr: -11 30 
#  SR Curve fit  in styr endyr: 1 30 
#             Model styr endyr: 1 30 
# qprior
 3.48998e-007
# q_power_prior 
 1 
# cv_catchbiomass 
0.05 
# CatchbiomassPen 
200 
# Number of projection years 
5 
# offset_fsh
 13332.8
# offset_ind
 13195.8
Mean Catch
1306.59
R_guess 
15.4353
# nfsh
1
# n_sel_ch_fsh
 1
# nselages_fsh
 11
# phase_selcoff_fsh
 -1
logRzero 15.4353
logmeanrec 15.4353
exp(log_sigmarprior 0.2
Fish sel phase: -1 FLEET1
Fixing fishery sel to
1
Srvy sel phase: -1
Fixing SURVEY1 indices sel to
1
# logsel_slp_in_indv
 0.693147
Leaving parameter init secton
# M
 0.2 0.2 0.2 0.2 0.2 0.2 0.2 0.2 0.2 0.2 0.2 0.2
 0.2 0.2 0.2 0.2 0.2 0.2 0.2 0.2 0.2 0.2 0.2 0.2
 0.2 0.2 0.2 0.2 0.2 0.2 0.2 0.2 0.2 0.2 0.2 0.2
 0.2 0.2 0.2 0.2 0.2 0.2 0.2 0.2 0.2 0.2 0.2 0.2
 0.2 0.2 0.2 0.2 0.2 0.2 0.2 0.2 0.2 0.2 0.2 0.2
 0.2 0.2 0.2 0.2 0.2 0.2 0.2 0.2 0.2 0.2 0.2 0.2
 0.2 0.2 0.2 0.2 0.2 0.2 0.2 0.2 0.2 0.2 0.2 0.2
 0.2 0.2 0.2 0.2 0.2 0.2 0.2 0.2 0.2 0.2 0.2 0.2
 0.2 0.2 0.2 0.2 0.2 0.2 0.2 0.2 0.2 0.2 0.2 0.2
 0.2 0.2 0.2 0.2 0.2 0.2 0.2 0.2 0.2 0.2 0.2 0.2
 0.2 0.2 0.2 0.2 0.2 0.2 0.2 0.2 0.2 0.2 0.2 0.2
 0.2 0.2 0.2 0.2 0.2 0.2 0.2 0.2 0.2 0.2 0.2 0.2
 0.2 0.2 0.2 0.2 0.2 0.2 0.2 0.2 0.2 0.2 0.2 0.2
 0.2 0.2 0.2 0.2 0.2 0.2 0.2 0.2 0.2 0.2 0.2 0.2
 0.2 0.2 0.2 0.2 0.2 0.2 0.2 0.2 0.2 0.2 0.2 0.2
 0.2 0.2 0.2 0.2 0.2 0.2 0.2 0.2 0.2 0.2 0.2 0.2
 0.2 0.2 0.2 0.2 0.2 0.2 0.2 0.2 0.2 0.2 0.2 0.2
 0.2 0.2 0.2 0.2 0.2 0.2 0.2 0.2 0.2 0.2 0.2 0.2
 0.2 0.2 0.2 0.2 0.2 0.2 0.2 0.2 0.2 0.2 0.2 0.2
 0.2 0.2 0.2 0.2 0.2 0.2 0.2 0.2 0.2 0.2 0.2 0.2
 0.2 0.2 0.2 0.2 0.2 0.2 0.2 0.2 0.2 0.2 0.2 0.2
 0.2 0.2 0.2 0.2 0.2 0.2 0.2 0.2 0.2 0.2 0.2 0.2
 0.2 0.2 0.2 0.2 0.2 0.2 0.2 0.2 0.2 0.2 0.2 0.2
 0.2 0.2 0.2 0.2 0.2 0.2 0.2 0.2 0.2 0.2 0.2 0.2
 0.2 0.2 0.2 0.2 0.2 0.2 0.2 0.2 0.2 0.2 0.2 0.2
 0.2 0.2 0.2 0.2 0.2 0.2 0.2 0.2 0.2 0.2 0.2 0.2
 0.2 0.2 0.2 0.2 0.2 0.2 0.2 0.2 0.2 0.2 0.2 0.2
 0.2 0.2 0.2 0.2 0.2 0.2 0.2 0.2 0.2 0.2 0.2 0.2
 0.2 0.2 0.2 0.2 0.2 0.2 0.2 0.2 0.2 0.2 0.2 0.2
 0.2 0.2 0.2 0.2 0.2 0.2 0.2 0.2 0.2 0.2 0.2 0.2
# mean_log_rec
13.7505
# log_Rzero
13.8246
# rec_dev
 -0.0957015 -0.114693 0.0718736 0.0749432 0.0932721 -0.122974 -0.0829174 -0.0183101 0.018996 -0.00470985 0.0114463 0.0924629 0.073348 0.176481 0.257789 0.207378 0.18471 0.387087 0.153772 -0.127128 0.178756 0.0495694 0.0558632 -0.400421 0.296054 -0.0350443 -0.045281 -0.37858 0.00515667 -0.246943 -0.0847872 0.0156154 0.225528 -0.368922 -0.120902 0.181866 -0.154592 -0.00842161 -0.0125293 -0.33887 -0.449066 -0.233582
# fmort
 0.00931234 0.0267615 0.0440502 0.059925 0.0477129 0.0867959 0.0879038 0.185851 0.107109 0.131371 0.147128 0.155766 0.112713 0.163775 0.173412 0.15356 0.299254 0.244117 0.245583 0.241487 0.339124 0.246692 0.40626 0.339247 0.335665 0.310509 0.305692 0.431238 0.331394 0.509919
# rec_dev_future
 0 0 0 0 0
