AMAK;Mar 2020
# styr
1
# endyr
30
# rec_age
1
# oldest_age
12
# nlength
81
# len_bins
 10 11 12 13 14 15 16 17 18 19 20 21 22 23 24 25 26 27 28 29 30 31 32 33 34 35 36 37 38 39 40 41 42 43 44 45 46 47 48 49 50 51 52 53 54 55 56 57 58 59 60 61 62 63 64 65 66 67 68 69 70 71 72 73 74 75 76 77 78 79 80 81 82 83 84 85 86 87 88 89 90
# datafile_name
amak_data.dat
# model_name
AMAK_MCP
# styr
1
# endyr
30
# rec_age
1
# oldest_age
12
# nfsh
1
# fshname
FLEET1
# catch_bio_in
 161.388 460.885 742.927 980.186 750.69 1297.31 1255.6 2431.87 1311.08 1530.3 1660.23 1656.87 1154.51 1592.91 1559.45 1327.29 2283.8 1598.59 1453.77 1360.37 1764.61 1194.99 1797.01 1290.58 1213.53 1068.17 1057.28 1413.71 1004.18 1409.66
# catch_bio_sd_in
 0.01 0.01 0.01 0.01 0.01 0.01 0.01 0.01 0.01 0.01 0.01 0.01 0.01 0.01 0.01 0.01 0.01 0.01 0.01 0.01 0.01 0.01 0.01 0.01 0.01 0.01 0.01 0.01 0.01 0.01
# nyrs_fsh_age
 30
# nyrs_fsh_length
 0
# yrs_fsh_age_in
 1 2 3 4 5 6 7 8 9 10 11 12 13 14 15 16 17 18 19 20 21 22 23 24 25 26 27 28 29 30
# yrs_fsh_length_in

# n_sample_fsh_length_in

# olc_fsh_in

# nind
1
# indname
SURVEY1
# nyrs_ind
 30
# yrs_ind_in
 1 2 3 4 5 6 7 8 9 10 11 12 13 14 15 16 17 18 19 20 21 22 23 24 25 26 27 28 29 30
# mo_ind
 1
# obs_ind_in
 1.43064 1.33937 1.47803 1.48696 1.50341 1.40673 1.3863 1.26215 1.35795 1.15849 1.23688 1.06557 1.20246 1.16817 0.947807 0.991822 0.752666 0.856353 0.850782 0.879586 0.76849 0.711353 0.794922 0.599055 0.524814 0.679104 0.632764 0.574382 0.447716 0.581471
# obs_se_ind_in
 0.286129 0.267874 0.295605 0.297392 0.300682 0.281347 0.277261 0.25243 0.271589 0.231699 0.247376 0.213115 0.240492 0.233634 0.189561 0.198364 0.150533 0.171271 0.170156 0.175917 0.153698 0.142271 0.158984 0.119811 0.104963 0.135821 0.126553 0.114876 0.0895431 0.116294
# nyrs_ind_age
 30
# nyrs_ind_length
 0
# yrs_ind_age_in
 1 2 3 4 5 6 7 8 9 10 11 12 13 14 15 16 17 18 19 20 21 22 23 24 25 26 27 28 29 30
# yrs_ind_length_in

# yrs_ind_age_in
 1 2 3 4 5 6 7 8 9 10 11 12 13 14 15 16 17 18 19 20 21 22 23 24 25 26 27 28 29 30
# n_sample_ind_length_in

# olc_ind_in

# oac_ind_in
 0.05 0.14 0.145 0.145 0.14 0.065 0.075 0.03 0.035 0.05 0.01 0.115
 0.04 0.145 0.15 0.11 0.14 0.055 0.065 0.045 0.045 0.045 0.035 0.125
 0.06 0.105 0.155 0.115 0.105 0.05 0.055 0.055 0.06 0.055 0.045 0.14
 0.1 0.14 0.145 0.155 0.105 0.085 0.055 0.055 0.05 0.035 0.01 0.065
 0.04 0.165 0.11 0.115 0.13 0.105 0.045 0.05 0.065 0.035 0.025 0.115
 0.07 0.195 0.12 0.165 0.07 0.08 0.02 0.065 0.04 0.025 0.02 0.13
 0.055 0.105 0.22 0.135 0.09 0.08 0.05 0.05 0.05 0.02 0.02 0.125
 0.09 0.21 0.125 0.18 0.085 0.05 0.085 0.015 0.01 0.015 0.03 0.105
 0.115 0.14 0.21 0.1 0.105 0.06 0.025 0.07 0.03 0.025 0.01 0.11
 0.085 0.25 0.13 0.155 0.08 0.095 0.07 0.02 0.04 0.005 0.01 0.06
 0.08 0.165 0.23 0.095 0.1 0.065 0.065 0.05 0.02 0.02 0.005 0.105
 0.105 0.165 0.165 0.145 0.08 0.075 0.065 0.05 0.03 0.03 0.005 0.085
 0.06 0.175 0.145 0.155 0.14 0.115 0.075 0.035 0.04 0.005 0.01 0.045
 0.1 0.15 0.245 0.105 0.09 0.1 0.055 0.045 0.04 0.035 0.01 0.025
 0.075 0.24 0.13 0.145 0.095 0.085 0.03 0.05 0.025 0.015 0.02 0.09
 0.08 0.175 0.235 0.105 0.135 0.04 0.025 0.04 0.02 0.055 0.025 0.065
 0.08 0.19 0.17 0.18 0.1 0.075 0.04 0.04 0.04 0.025 0.01 0.05
 0.1 0.195 0.155 0.115 0.16 0.045 0.085 0.045 0.03 0.025 0.01 0.035
 0.085 0.28 0.205 0.115 0.08 0.07 0.045 0.035 0.02 0.015 0.005 0.045
 0.145 0.19 0.25 0.12 0.075 0.065 0.06 0.025 0 0.03 0.01 0.03
 0.065 0.245 0.185 0.265 0.065 0.055 0.035 0.015 0.02 0.005 0.005 0.04
 0.06 0.18 0.305 0.17 0.14 0.055 0.01 0.015 0.03 0.01 0.005 0.02
 0.17 0.18 0.165 0.135 0.12 0.085 0.025 0.045 0.005 0.025 0 0.045
 0.06 0.385 0.13 0.095 0.135 0.075 0.065 0.015 0.005 0.01 0.01 0.015
 0.155 0.17 0.275 0.12 0.085 0.075 0.05 0.02 0.02 0.015 0 0.015
 0.125 0.245 0.155 0.2 0.075 0.045 0.055 0.045 0.025 0.015 0 0.015
 0.135 0.23 0.24 0.1 0.13 0.025 0.01 0.035 0.035 0.03 0.01 0.02
 0.115 0.215 0.305 0.17 0.035 0.085 0.035 0.01 0.005 0.01 0 0.015
 0.145 0.16 0.29 0.215 0.065 0.03 0.035 0.03 0.015 0.01 0 0.005
 0.16 0.225 0.165 0.155 0.12 0.085 0.025 0.03 0 0.005 0.015 0.015
# wt_ind
 1 1 1 1 1 1 1 1 1 1 1 1
 1 1 1 1 1 1 1 1 1 1 1 1
 1 1 1 1 1 1 1 1 1 1 1 1
 1 1 1 1 1 1 1 1 1 1 1 1
 1 1 1 1 1 1 1 1 1 1 1 1
 1 1 1 1 1 1 1 1 1 1 1 1
 1 1 1 1 1 1 1 1 1 1 1 1
 1 1 1 1 1 1 1 1 1 1 1 1
 1 1 1 1 1 1 1 1 1 1 1 1
 1 1 1 1 1 1 1 1 1 1 1 1
 1 1 1 1 1 1 1 1 1 1 1 1
 1 1 1 1 1 1 1 1 1 1 1 1
 1 1 1 1 1 1 1 1 1 1 1 1
 1 1 1 1 1 1 1 1 1 1 1 1
 1 1 1 1 1 1 1 1 1 1 1 1
 1 1 1 1 1 1 1 1 1 1 1 1
 1 1 1 1 1 1 1 1 1 1 1 1
 1 1 1 1 1 1 1 1 1 1 1 1
 1 1 1 1 1 1 1 1 1 1 1 1
 1 1 1 1 1 1 1 1 1 1 1 1
 1 1 1 1 1 1 1 1 1 1 1 1
 1 1 1 1 1 1 1 1 1 1 1 1
 1 1 1 1 1 1 1 1 1 1 1 1
 1 1 1 1 1 1 1 1 1 1 1 1
 1 1 1 1 1 1 1 1 1 1 1 1
 1 1 1 1 1 1 1 1 1 1 1 1
 1 1 1 1 1 1 1 1 1 1 1 1
 1 1 1 1 1 1 1 1 1 1 1 1
 1 1 1 1 1 1 1 1 1 1 1 1
 1 1 1 1 1 1 1 1 1 1 1 1
# wt_pop
 0.000530656 0.00119633 0.00205827 0.00303499 0.00405521 0.0050647 0.00602623 0.00691692 0.00772489 0.00844611 0.00908185 0.0096367
# maturity
 0.0229774 0.320821 0.904651 0.99478 0.999739 0.999987 0.999999 1 1 1 1 1
# spawnmo
1
# age_err
 1 0 0 0 0 0 0 0 0 0 0 0
 0 1 0 0 0 0 0 0 0 0 0 0
 0 0 1 0 0 0 0 0 0 0 0 0
 0 0 0 1 0 0 0 0 0 0 0 0
 0 0 0 0 1 0 0 0 0 0 0 0
 0 0 0 0 0 1 0 0 0 0 0 0
 0 0 0 0 0 0 1 0 0 0 0 0
 0 0 0 0 0 0 0 1 0 0 0 0
 0 0 0 0 0 0 0 0 1 0 0 0
 0 0 0 0 0 0 0 0 0 1 0 0
 0 0 0 0 0 0 0 0 0 0 1 0
 0 0 0 0 0 0 0 0 0 0 0 1
# cntrlfile_name
C:\Users\bai.li\DOCUME~1\Github\AGE_ST~1\ASSAMC\example\output\AMAK\s120\amak.dat
# Map shared selectivity: 
# sel_map
 1 2
 1 1
# datafile_name
amak_data.dat
# model_name
AMAK_MCP
# SrType
2
# use_age_err
0
# retro
0
# sigmarprior
0.2
# cvsigmarprior
0.25
# phase_sigmar
-3
# styr_rec_est
1
# endyr_rec_est
30
# Linfprior
80
# cvLinfprior
0.25
# kprior
0.18
# cvkprior
0.25
# Loprior
27.688
# cvLoprior
0.25
# sdageprior
0.1
# cvsdageprior
0.25
# natmortprior
0.2
# cvnatmortprior
0.25
# phase_M
-4
# npars_Mage
0
# ages_M_changes

# Mage_in

# Mage_offset_in

# phase_Mage
-5
# phase_rw_M
0
# npars_rw_M
0
# yrs_rw_M

# sigma_rw_M

# qprior
 3.48998e-007
# cvqprior
 1
# phase_q
 1
# q_power_prior
 1
# cvq_power_prior
 0.2
# phase_q_power
 -4
# phase_rw_q
 -1
# npars_rw_q
 0
# yrs_rw_q

# sigma_rw_q

# q_age_min
 1
# q_age_max
 12
# q_age_min
 1
# q_age_max
 12
# fsh_sel_opt(k)
2
# phase_sel_fsh(k)
2
# n_sel_ch_fsh(k)
1
# sel_slp_in_fsh(k)(1,n_sel_ch_fsh(k))
 1
# sel_inf_in_fsh(k)(1,n_sel_ch_fsh(k))
 2
# logsel_slp_in_fsh(k)(1,n_sel_ch_fsh(k))
 0
# yrs_sel_ch_fsh(k)(1,n_sel_ch_fsh(k))
 1

Survey SURVEY1
# ind_sel_opt(k)
2
# indname(k)
SURVEY1
# nselages_in_ind(k)
11
# phase_sel_ind(k)
2
# sel_change_in_ind(k)
 1 0 0 0 0 0 0 0 0 0 0 0 0 0 0 0 0 0 0 0 0 0 0 0 0 0 0 0 0 0
# n_sel_ch_ind(k)
1
# yrs_sel_ch_ind(k)(1,n_sel_ch_ind(k))
 1
# sel_slp_in_ind(k,1)
2
# sel_inf_in_ind(k,1)
1.5
# logsel_slp_in_ind(k,1)
0.693147
# logsel_slp_in_indv(k)
0.693147
SURVEY1 ind sel opt 2  1 0 0 0 0 0 0 0 0 0 0 0 0 0 0 0 0 0 0 0 0 0 0 0 0 0 0 0 0 0
Phase indices Sel_Coffs:  -1
 Test: 1.23457e+008
# Fshry Selages:  11
# Srvy  Selages:  11
# Phase for age-spec fishery  -1
# Phase for logistic fishery  2
# Phase for dble logistic fishery  -1
# Phase for age-spec indices   -1
# Phase for logistic indices   2
# Phase for dble logistic ind  -1
# Curv_pen_fsh: 
 0
# Curv_pen_ind: 
 0
# styr_fut
31
# endyr_fut
35
# nyrs_fsh_age
 30
# nyrs_fsh_age
 30
# yrs_fsh_age
 1 2 3 4 5 6 7 8 9 10 11 12 13 14 15 16 17 18 19 20 21 22 23 24 25 26 27 28 29 30
# n_sample_fsh_age
 200 200 200 200 200 200 200 200 200 200 200 200 200 200 200 200 200 200 200 200 200 200 200 200 200 200 200 200 200 200
# oac_fsh
 0.055 0.11 0.115 0.12 0.075 0.095 0.07 0.09 0.035 0.045 0.045 0.145
 0.075 0.13 0.15 0.11 0.12 0.085 0.065 0.06 0.02 0.055 0.05 0.08
 0.085 0.12 0.095 0.115 0.1 0.09 0.06 0.065 0.035 0.035 0.01 0.19
 0.075 0.125 0.1 0.115 0.065 0.105 0.1 0.065 0.045 0.03 0.025 0.15
 0.06 0.105 0.15 0.135 0.12 0.06 0.11 0.055 0.01 0.015 0.03 0.15
 0.045 0.17 0.115 0.12 0.075 0.105 0.065 0.065 0.035 0.055 0.05 0.1
 0.09 0.115 0.15 0.14 0.085 0.06 0.06 0.035 0.06 0.04 0.035 0.13
 0.06 0.155 0.085 0.185 0.15 0.065 0.065 0.03 0.05 0.035 0.015 0.105
 0.06 0.125 0.195 0.14 0.16 0.085 0.06 0.06 0.025 0.015 0.015 0.06
 0.09 0.14 0.145 0.23 0.075 0.12 0.045 0.025 0.02 0.015 0.015 0.08
 0.065 0.155 0.165 0.115 0.115 0.06 0.06 0.095 0.035 0.03 0.02 0.085
 0.07 0.15 0.18 0.195 0.09 0.095 0.035 0.055 0.015 0.03 0.025 0.06
 0.065 0.185 0.125 0.15 0.16 0.09 0.06 0.045 0.01 0.035 0.025 0.05
 0.115 0.085 0.175 0.115 0.085 0.11 0.065 0.075 0.03 0.04 0.02 0.085
 0.095 0.15 0.145 0.165 0.09 0.085 0.07 0.035 0.02 0.035 0.03 0.08
 0.065 0.115 0.22 0.135 0.14 0.09 0.085 0.04 0.005 0.015 0.015 0.075
 0.13 0.125 0.135 0.23 0.07 0.1 0.06 0.035 0.015 0.025 0.035 0.04
 0.22 0.13 0.125 0.08 0.145 0.04 0.05 0.055 0.025 0.04 0.03 0.06
 0.15 0.25 0.175 0.11 0.095 0.065 0.015 0.04 0.025 0.025 0.025 0.025
 0.16 0.165 0.22 0.11 0.095 0.075 0.045 0.045 0.03 0.015 0.01 0.03
 0.115 0.15 0.2 0.21 0.08 0.08 0.04 0.025 0.005 0.035 0.01 0.05
 0.06 0.155 0.285 0.15 0.115 0.05 0.05 0.035 0.03 0.005 0.01 0.055
 0.205 0.12 0.13 0.155 0.12 0.15 0.025 0.03 0.005 0.02 0.005 0.035
 0.1 0.295 0.15 0.14 0.115 0.095 0.045 0.02 0.015 0.01 0.01 0.005
 0.205 0.2 0.26 0.12 0.055 0.04 0.045 0.05 0.01 0.005 0 0.01
 0.22 0.26 0.12 0.18 0.06 0.035 0.05 0.035 0.025 0.005 0.005 0.005
 0.165 0.205 0.2 0.105 0.145 0.085 0.04 0.02 0.01 0.015 0.005 0.005
 0.155 0.12 0.305 0.21 0.055 0.07 0.035 0.015 0.015 0.015 0.005 0
 0.255 0.14 0.18 0.16 0.12 0.055 0.05 0.015 0.005 0.005 0.005 0.01
 0.235 0.2 0.205 0.1 0.09 0.07 0.005 0.03 0.025 0.005 0.02 0.015
# olc_fsh

# wt_fsh
 0.000530656 0.00119633 0.00205827 0.00303499 0.00405521 0.0050647 0.00602623 0.00691692 0.00772489 0.00844611 0.00908185 0.0096367
 0.000530656 0.00119633 0.00205827 0.00303499 0.00405521 0.0050647 0.00602623 0.00691692 0.00772489 0.00844611 0.00908185 0.0096367
 0.000530656 0.00119633 0.00205827 0.00303499 0.00405521 0.0050647 0.00602623 0.00691692 0.00772489 0.00844611 0.00908185 0.0096367
 0.000530656 0.00119633 0.00205827 0.00303499 0.00405521 0.0050647 0.00602623 0.00691692 0.00772489 0.00844611 0.00908185 0.0096367
 0.000530656 0.00119633 0.00205827 0.00303499 0.00405521 0.0050647 0.00602623 0.00691692 0.00772489 0.00844611 0.00908185 0.0096367
 0.000530656 0.00119633 0.00205827 0.00303499 0.00405521 0.0050647 0.00602623 0.00691692 0.00772489 0.00844611 0.00908185 0.0096367
 0.000530656 0.00119633 0.00205827 0.00303499 0.00405521 0.0050647 0.00602623 0.00691692 0.00772489 0.00844611 0.00908185 0.0096367
 0.000530656 0.00119633 0.00205827 0.00303499 0.00405521 0.0050647 0.00602623 0.00691692 0.00772489 0.00844611 0.00908185 0.0096367
 0.000530656 0.00119633 0.00205827 0.00303499 0.00405521 0.0050647 0.00602623 0.00691692 0.00772489 0.00844611 0.00908185 0.0096367
 0.000530656 0.00119633 0.00205827 0.00303499 0.00405521 0.0050647 0.00602623 0.00691692 0.00772489 0.00844611 0.00908185 0.0096367
 0.000530656 0.00119633 0.00205827 0.00303499 0.00405521 0.0050647 0.00602623 0.00691692 0.00772489 0.00844611 0.00908185 0.0096367
 0.000530656 0.00119633 0.00205827 0.00303499 0.00405521 0.0050647 0.00602623 0.00691692 0.00772489 0.00844611 0.00908185 0.0096367
 0.000530656 0.00119633 0.00205827 0.00303499 0.00405521 0.0050647 0.00602623 0.00691692 0.00772489 0.00844611 0.00908185 0.0096367
 0.000530656 0.00119633 0.00205827 0.00303499 0.00405521 0.0050647 0.00602623 0.00691692 0.00772489 0.00844611 0.00908185 0.0096367
 0.000530656 0.00119633 0.00205827 0.00303499 0.00405521 0.0050647 0.00602623 0.00691692 0.00772489 0.00844611 0.00908185 0.0096367
 0.000530656 0.00119633 0.00205827 0.00303499 0.00405521 0.0050647 0.00602623 0.00691692 0.00772489 0.00844611 0.00908185 0.0096367
 0.000530656 0.00119633 0.00205827 0.00303499 0.00405521 0.0050647 0.00602623 0.00691692 0.00772489 0.00844611 0.00908185 0.0096367
 0.000530656 0.00119633 0.00205827 0.00303499 0.00405521 0.0050647 0.00602623 0.00691692 0.00772489 0.00844611 0.00908185 0.0096367
 0.000530656 0.00119633 0.00205827 0.00303499 0.00405521 0.0050647 0.00602623 0.00691692 0.00772489 0.00844611 0.00908185 0.0096367
 0.000530656 0.00119633 0.00205827 0.00303499 0.00405521 0.0050647 0.00602623 0.00691692 0.00772489 0.00844611 0.00908185 0.0096367
 0.000530656 0.00119633 0.00205827 0.00303499 0.00405521 0.0050647 0.00602623 0.00691692 0.00772489 0.00844611 0.00908185 0.0096367
 0.000530656 0.00119633 0.00205827 0.00303499 0.00405521 0.0050647 0.00602623 0.00691692 0.00772489 0.00844611 0.00908185 0.0096367
 0.000530656 0.00119633 0.00205827 0.00303499 0.00405521 0.0050647 0.00602623 0.00691692 0.00772489 0.00844611 0.00908185 0.0096367
 0.000530656 0.00119633 0.00205827 0.00303499 0.00405521 0.0050647 0.00602623 0.00691692 0.00772489 0.00844611 0.00908185 0.0096367
 0.000530656 0.00119633 0.00205827 0.00303499 0.00405521 0.0050647 0.00602623 0.00691692 0.00772489 0.00844611 0.00908185 0.0096367
 0.000530656 0.00119633 0.00205827 0.00303499 0.00405521 0.0050647 0.00602623 0.00691692 0.00772489 0.00844611 0.00908185 0.0096367
 0.000530656 0.00119633 0.00205827 0.00303499 0.00405521 0.0050647 0.00602623 0.00691692 0.00772489 0.00844611 0.00908185 0.0096367
 0.000530656 0.00119633 0.00205827 0.00303499 0.00405521 0.0050647 0.00602623 0.00691692 0.00772489 0.00844611 0.00908185 0.0096367
 0.000530656 0.00119633 0.00205827 0.00303499 0.00405521 0.0050647 0.00602623 0.00691692 0.00772489 0.00844611 0.00908185 0.0096367
 0.000530656 0.00119633 0.00205827 0.00303499 0.00405521 0.0050647 0.00602623 0.00691692 0.00772489 0.00844611 0.00908185 0.0096367
# nyrs_ind_age
 30
# yrs_ind_age
 1 2 3 4 5 6 7 8 9 10 11 12 13 14 15 16 17 18 19 20 21 22 23 24 25 26 27 28 29 30
# n_sample_ind_age
 200 200 200 200 200 200 200 200 200 200 200 200 200 200 200 200 200 200 200 200 200 200 200 200 200 200 200 200 200 200
# oac_ind
 0.05 0.14 0.145 0.145 0.14 0.065 0.075 0.03 0.035 0.05 0.01 0.115
 0.04 0.145 0.15 0.11 0.14 0.055 0.065 0.045 0.045 0.045 0.035 0.125
 0.06 0.105 0.155 0.115 0.105 0.05 0.055 0.055 0.06 0.055 0.045 0.14
 0.1 0.14 0.145 0.155 0.105 0.085 0.055 0.055 0.05 0.035 0.01 0.065
 0.04 0.165 0.11 0.115 0.13 0.105 0.045 0.05 0.065 0.035 0.025 0.115
 0.07 0.195 0.12 0.165 0.07 0.08 0.02 0.065 0.04 0.025 0.02 0.13
 0.055 0.105 0.22 0.135 0.09 0.08 0.05 0.05 0.05 0.02 0.02 0.125
 0.09 0.21 0.125 0.18 0.085 0.05 0.085 0.015 0.01 0.015 0.03 0.105
 0.115 0.14 0.21 0.1 0.105 0.06 0.025 0.07 0.03 0.025 0.01 0.11
 0.085 0.25 0.13 0.155 0.08 0.095 0.07 0.02 0.04 0.005 0.01 0.06
 0.08 0.165 0.23 0.095 0.1 0.065 0.065 0.05 0.02 0.02 0.005 0.105
 0.105 0.165 0.165 0.145 0.08 0.075 0.065 0.05 0.03 0.03 0.005 0.085
 0.06 0.175 0.145 0.155 0.14 0.115 0.075 0.035 0.04 0.005 0.01 0.045
 0.1 0.15 0.245 0.105 0.09 0.1 0.055 0.045 0.04 0.035 0.01 0.025
 0.075 0.24 0.13 0.145 0.095 0.085 0.03 0.05 0.025 0.015 0.02 0.09
 0.08 0.175 0.235 0.105 0.135 0.04 0.025 0.04 0.02 0.055 0.025 0.065
 0.08 0.19 0.17 0.18 0.1 0.075 0.04 0.04 0.04 0.025 0.01 0.05
 0.1 0.195 0.155 0.115 0.16 0.045 0.085 0.045 0.03 0.025 0.01 0.035
 0.085 0.28 0.205 0.115 0.08 0.07 0.045 0.035 0.02 0.015 0.005 0.045
 0.145 0.19 0.25 0.12 0.075 0.065 0.06 0.025 0 0.03 0.01 0.03
 0.065 0.245 0.185 0.265 0.065 0.055 0.035 0.015 0.02 0.005 0.005 0.04
 0.06 0.18 0.305 0.17 0.14 0.055 0.01 0.015 0.03 0.01 0.005 0.02
 0.17 0.18 0.165 0.135 0.12 0.085 0.025 0.045 0.005 0.025 0 0.045
 0.06 0.385 0.13 0.095 0.135 0.075 0.065 0.015 0.005 0.01 0.01 0.015
 0.155 0.17 0.275 0.12 0.085 0.075 0.05 0.02 0.02 0.015 0 0.015
 0.125 0.245 0.155 0.2 0.075 0.045 0.055 0.045 0.025 0.015 0 0.015
 0.135 0.23 0.24 0.1 0.13 0.025 0.01 0.035 0.035 0.03 0.01 0.02
 0.115 0.215 0.305 0.17 0.035 0.085 0.035 0.01 0.005 0.01 0 0.015
 0.145 0.16 0.29 0.215 0.065 0.03 0.035 0.03 0.015 0.01 0 0.005
 0.16 0.225 0.165 0.155 0.12 0.085 0.025 0.03 0 0.005 0.015 0.015
# olc_ind

# obs_lse_ind
 0.198042 0.198042 0.198042 0.198042 0.198042 0.198042 0.198042 0.198042 0.198042 0.198042 0.198042 0.198042 0.198042 0.198042 0.198042 0.198042 0.198042 0.198042 0.198042 0.198042 0.198042 0.198042 0.198042 0.198042 0.198042 0.198042 0.198042 0.198042 0.198042 0.198042
# xages_fsh
 0 0 0 0 0 0 0 0 0 0 0 0
# xages_fsh
 0 0.0909091 0.181818 0.272727 0.363636 0.454545 0.545455 0.636364 0.727273 0.818182 0.909091 1
# xnodes_fsh

Yrs fsh_sel change:  1 0 0 0 0 0 0 0 0 0 0 0 0 0 0 0 0 0 0 0 0 0 0 0 0 0 0 0 0
Yrs ind_sel change:  1 0 0 0 0 0 0 0 0 0 0 0 0 0 0 0 0 0 0 0 0 0 0 0 0 0 0 0 0
# steepnessprior
0.75
# sigmarprior
0.2
#  SSB estimated in styr endyr: -13 28 
#  Rec estimated in styr endyr: -11 30 
#  SR Curve fit  in styr endyr: 1 30 
#             Model styr endyr: 1 30 
# qprior
 3.48998e-007
# q_power_prior 
 1 
# cv_catchbiomass 
0.05 
# CatchbiomassPen 
200 
# Number of projection years 
5 
# offset_fsh
 13349.2
# offset_ind
 13097.2
Mean Catch
1326.12
R_guess 
15.4502
# nfsh
1
# n_sel_ch_fsh
 1
# nselages_fsh
 11
# phase_selcoff_fsh
 -1
logRzero 15.4502
logmeanrec 15.4502
exp(log_sigmarprior 0.2
Fish sel phase: -1 FLEET1
Fixing fishery sel to
1
Srvy sel phase: -1
Fixing SURVEY1 indices sel to
1
# logsel_slp_in_indv
 0.693147
Leaving parameter init secton
# M
 0.2 0.2 0.2 0.2 0.2 0.2 0.2 0.2 0.2 0.2 0.2 0.2
 0.2 0.2 0.2 0.2 0.2 0.2 0.2 0.2 0.2 0.2 0.2 0.2
 0.2 0.2 0.2 0.2 0.2 0.2 0.2 0.2 0.2 0.2 0.2 0.2
 0.2 0.2 0.2 0.2 0.2 0.2 0.2 0.2 0.2 0.2 0.2 0.2
 0.2 0.2 0.2 0.2 0.2 0.2 0.2 0.2 0.2 0.2 0.2 0.2
 0.2 0.2 0.2 0.2 0.2 0.2 0.2 0.2 0.2 0.2 0.2 0.2
 0.2 0.2 0.2 0.2 0.2 0.2 0.2 0.2 0.2 0.2 0.2 0.2
 0.2 0.2 0.2 0.2 0.2 0.2 0.2 0.2 0.2 0.2 0.2 0.2
 0.2 0.2 0.2 0.2 0.2 0.2 0.2 0.2 0.2 0.2 0.2 0.2
 0.2 0.2 0.2 0.2 0.2 0.2 0.2 0.2 0.2 0.2 0.2 0.2
 0.2 0.2 0.2 0.2 0.2 0.2 0.2 0.2 0.2 0.2 0.2 0.2
 0.2 0.2 0.2 0.2 0.2 0.2 0.2 0.2 0.2 0.2 0.2 0.2
 0.2 0.2 0.2 0.2 0.2 0.2 0.2 0.2 0.2 0.2 0.2 0.2
 0.2 0.2 0.2 0.2 0.2 0.2 0.2 0.2 0.2 0.2 0.2 0.2
 0.2 0.2 0.2 0.2 0.2 0.2 0.2 0.2 0.2 0.2 0.2 0.2
 0.2 0.2 0.2 0.2 0.2 0.2 0.2 0.2 0.2 0.2 0.2 0.2
 0.2 0.2 0.2 0.2 0.2 0.2 0.2 0.2 0.2 0.2 0.2 0.2
 0.2 0.2 0.2 0.2 0.2 0.2 0.2 0.2 0.2 0.2 0.2 0.2
 0.2 0.2 0.2 0.2 0.2 0.2 0.2 0.2 0.2 0.2 0.2 0.2
 0.2 0.2 0.2 0.2 0.2 0.2 0.2 0.2 0.2 0.2 0.2 0.2
 0.2 0.2 0.2 0.2 0.2 0.2 0.2 0.2 0.2 0.2 0.2 0.2
 0.2 0.2 0.2 0.2 0.2 0.2 0.2 0.2 0.2 0.2 0.2 0.2
 0.2 0.2 0.2 0.2 0.2 0.2 0.2 0.2 0.2 0.2 0.2 0.2
 0.2 0.2 0.2 0.2 0.2 0.2 0.2 0.2 0.2 0.2 0.2 0.2
 0.2 0.2 0.2 0.2 0.2 0.2 0.2 0.2 0.2 0.2 0.2 0.2
 0.2 0.2 0.2 0.2 0.2 0.2 0.2 0.2 0.2 0.2 0.2 0.2
 0.2 0.2 0.2 0.2 0.2 0.2 0.2 0.2 0.2 0.2 0.2 0.2
 0.2 0.2 0.2 0.2 0.2 0.2 0.2 0.2 0.2 0.2 0.2 0.2
 0.2 0.2 0.2 0.2 0.2 0.2 0.2 0.2 0.2 0.2 0.2 0.2
 0.2 0.2 0.2 0.2 0.2 0.2 0.2 0.2 0.2 0.2 0.2 0.2
# mean_log_rec
13.7729
# log_Rzero
13.8449
# rec_dev
 -0.0816347 -0.098075 -0.0915905 0.166084 -0.0280599 -0.0507075 0.000665396 0.0108331 -0.00603041 0.0746944 0.0737266 -0.0122738 0.0394895 0.0279784 0.0382047 0.15795 0.345151 -0.0302118 0.330032 0.0442924 0.287015 0.101014 -0.0480629 0.160752 -0.255155 0.216187 -0.186977 -0.187228 -0.142783 0.305335 0.0277731 0.0995248 -0.355862 -0.421043 0.174452 -0.532498 -0.0425334 -0.0113209 -0.264481 -0.413376 -0.160416 -0.00355543
# fmort
 0.00902924 0.0261558 0.0434213 0.0597686 0.0474605 0.0851814 0.0862989 0.181253 0.105994 0.129409 0.148737 0.158524 0.116116 0.168076 0.176798 0.160233 0.310284 0.25109 0.247352 0.240699 0.332725 0.242892 0.404893 0.332314 0.33602 0.307702 0.306468 0.433262 0.331248 0.504362
# rec_dev_future
 0 0 0 0 0
