AMAK;Mar 2020
# styr
1
# endyr
30
# rec_age
1
# oldest_age
12
# nlength
81
# len_bins
 10 11 12 13 14 15 16 17 18 19 20 21 22 23 24 25 26 27 28 29 30 31 32 33 34 35 36 37 38 39 40 41 42 43 44 45 46 47 48 49 50 51 52 53 54 55 56 57 58 59 60 61 62 63 64 65 66 67 68 69 70 71 72 73 74 75 76 77 78 79 80 81 82 83 84 85 86 87 88 89 90
# datafile_name
amak_data.dat
# model_name
AMAK_MCP
# styr
1
# endyr
30
# rec_age
1
# oldest_age
12
# nfsh
1
# fshname
FLEET1
# catch_bio_in
 160.5 463.343 741.774 961.391 742.327 1265.36 1209.51 2334.13 1232.57 1393.89 1473.21 1471.26 1060.31 1543.21 1601.09 1410.03 2508.4 1803.75 1620.64 1477.56 1802.71 1191.21 1819.57 1403.06 1380.98 1206.93 1129.18 1435.52 999.482 1402.15
# catch_bio_sd_in
 0.01 0.01 0.01 0.01 0.01 0.01 0.01 0.01 0.01 0.01 0.01 0.01 0.01 0.01 0.01 0.01 0.01 0.01 0.01 0.01 0.01 0.01 0.01 0.01 0.01 0.01 0.01 0.01 0.01 0.01
# nyrs_fsh_age
 30
# nyrs_fsh_length
 0
# yrs_fsh_age_in
 1 2 3 4 5 6 7 8 9 10 11 12 13 14 15 16 17 18 19 20 21 22 23 24 25 26 27 28 29 30
# yrs_fsh_length_in

# n_sample_fsh_length_in

# olc_fsh_in

# nind
1
# indname
SURVEY1
# nyrs_ind
 30
# yrs_ind_in
 1 2 3 4 5 6 7 8 9 10 11 12 13 14 15 16 17 18 19 20 21 22 23 24 25 26 27 28 29 30
# mo_ind
 1
# obs_ind_in
 1.69283 1.51967 1.38909 1.39083 1.41306 1.46423 1.06792 1.15662 1.1486 1.36324 1.18808 1.11483 1.11379 1.13048 1.05829 1.06522 0.859163 0.833921 0.884227 0.707794 0.714374 0.734936 0.594823 0.578774 0.817801 0.607338 0.601196 0.560326 0.670117 0.585294
# obs_se_ind_in
 0.338566 0.303933 0.277818 0.278167 0.282611 0.292845 0.213583 0.231324 0.22972 0.272647 0.237615 0.222966 0.222759 0.226095 0.211658 0.213044 0.171833 0.166784 0.176845 0.141559 0.142875 0.146987 0.118965 0.115755 0.16356 0.121468 0.120239 0.112065 0.134023 0.117059
# nyrs_ind_age
 30
# nyrs_ind_length
 0
# yrs_ind_age_in
 1 2 3 4 5 6 7 8 9 10 11 12 13 14 15 16 17 18 19 20 21 22 23 24 25 26 27 28 29 30
# yrs_ind_length_in

# yrs_ind_age_in
 1 2 3 4 5 6 7 8 9 10 11 12 13 14 15 16 17 18 19 20 21 22 23 24 25 26 27 28 29 30
# n_sample_ind_length_in

# olc_ind_in

# oac_ind_in
 0.065 0.15 0.15 0.125 0.105 0.065 0.055 0.06 0.035 0.035 0.04 0.115
 0.045 0.125 0.14 0.115 0.105 0.105 0.085 0.055 0.04 0.035 0.015 0.135
 0.105 0.1 0.115 0.17 0.1 0.08 0.07 0.07 0.03 0.035 0.025 0.1
 0.085 0.165 0.12 0.135 0.13 0.07 0.05 0.045 0.035 0.04 0.025 0.1
 0.065 0.16 0.15 0.115 0.095 0.08 0.07 0.045 0.03 0.055 0.025 0.11
 0.095 0.135 0.14 0.155 0.085 0.09 0.05 0.08 0.04 0.015 0.02 0.095
 0.09 0.215 0.195 0.095 0.09 0.05 0.05 0.065 0.02 0.035 0.025 0.07
 0.045 0.18 0.195 0.12 0.075 0.115 0.05 0.035 0.025 0.02 0.055 0.085
 0.05 0.135 0.13 0.16 0.11 0.115 0.03 0.07 0.03 0.015 0.035 0.12
 0.075 0.11 0.13 0.15 0.115 0.07 0.095 0.075 0.04 0.025 0.025 0.09
 0.14 0.185 0.095 0.13 0.07 0.105 0.05 0.055 0.025 0.02 0.015 0.11
 0.095 0.255 0.25 0.075 0.095 0.075 0.04 0.025 0.02 0.015 0.015 0.04
 0.115 0.19 0.24 0.11 0.09 0.05 0.085 0.005 0.01 0.015 0.015 0.075
 0.065 0.275 0.12 0.19 0.1 0.06 0.04 0.015 0.025 0.03 0.02 0.06
 0.085 0.11 0.305 0.11 0.145 0.11 0.02 0.015 0.03 0.015 0.015 0.04
 0.09 0.125 0.165 0.26 0.115 0.09 0.03 0.015 0.035 0.01 0.015 0.05
 0.08 0.215 0.11 0.1 0.21 0.085 0.06 0.035 0.045 0.025 0 0.035
 0.06 0.185 0.2 0.135 0.065 0.11 0.07 0.05 0.045 0.01 0 0.07
 0.135 0.17 0.155 0.195 0.08 0.08 0.075 0.035 0.025 0.02 0.01 0.02
 0.055 0.19 0.155 0.2 0.14 0.05 0.03 0.07 0.035 0.03 0.01 0.035
 0.11 0.225 0.215 0.095 0.105 0.08 0.035 0.03 0.035 0.025 0.025 0.02
 0.13 0.205 0.265 0.125 0.075 0.055 0.055 0.025 0.005 0.03 0.015 0.015
 0.175 0.22 0.26 0.095 0.085 0.045 0.04 0.04 0.025 0 0.01 0.005
 0.105 0.275 0.245 0.135 0.065 0.025 0.045 0.035 0.04 0.015 0.005 0.01
 0.09 0.235 0.27 0.18 0.1 0.02 0.025 0.02 0.01 0.025 0 0.025
 0.13 0.11 0.305 0.21 0.11 0.065 0.015 0.02 0.01 0.01 0 0.015
 0.105 0.225 0.14 0.17 0.17 0.055 0.025 0.05 0.015 0.015 0.005 0.025
 0.105 0.245 0.21 0.12 0.14 0.08 0.03 0.02 0.02 0.005 0.01 0.015
 0.195 0.185 0.185 0.165 0.065 0.06 0.075 0.01 0.035 0.01 0.01 0.005
 0.11 0.31 0.27 0.115 0.075 0.03 0.05 0.02 0.01 0 0.005 0.005
# wt_ind
 1 1 1 1 1 1 1 1 1 1 1 1
 1 1 1 1 1 1 1 1 1 1 1 1
 1 1 1 1 1 1 1 1 1 1 1 1
 1 1 1 1 1 1 1 1 1 1 1 1
 1 1 1 1 1 1 1 1 1 1 1 1
 1 1 1 1 1 1 1 1 1 1 1 1
 1 1 1 1 1 1 1 1 1 1 1 1
 1 1 1 1 1 1 1 1 1 1 1 1
 1 1 1 1 1 1 1 1 1 1 1 1
 1 1 1 1 1 1 1 1 1 1 1 1
 1 1 1 1 1 1 1 1 1 1 1 1
 1 1 1 1 1 1 1 1 1 1 1 1
 1 1 1 1 1 1 1 1 1 1 1 1
 1 1 1 1 1 1 1 1 1 1 1 1
 1 1 1 1 1 1 1 1 1 1 1 1
 1 1 1 1 1 1 1 1 1 1 1 1
 1 1 1 1 1 1 1 1 1 1 1 1
 1 1 1 1 1 1 1 1 1 1 1 1
 1 1 1 1 1 1 1 1 1 1 1 1
 1 1 1 1 1 1 1 1 1 1 1 1
 1 1 1 1 1 1 1 1 1 1 1 1
 1 1 1 1 1 1 1 1 1 1 1 1
 1 1 1 1 1 1 1 1 1 1 1 1
 1 1 1 1 1 1 1 1 1 1 1 1
 1 1 1 1 1 1 1 1 1 1 1 1
 1 1 1 1 1 1 1 1 1 1 1 1
 1 1 1 1 1 1 1 1 1 1 1 1
 1 1 1 1 1 1 1 1 1 1 1 1
 1 1 1 1 1 1 1 1 1 1 1 1
 1 1 1 1 1 1 1 1 1 1 1 1
# wt_pop
 0.000530656 0.00119633 0.00205827 0.00303499 0.00405521 0.0050647 0.00602623 0.00691692 0.00772489 0.00844611 0.00908185 0.0096367
# maturity
 0.0229774 0.320821 0.904651 0.99478 0.999739 0.999987 0.999999 1 1 1 1 1
# spawnmo
1
# age_err
 1 0 0 0 0 0 0 0 0 0 0 0
 0 1 0 0 0 0 0 0 0 0 0 0
 0 0 1 0 0 0 0 0 0 0 0 0
 0 0 0 1 0 0 0 0 0 0 0 0
 0 0 0 0 1 0 0 0 0 0 0 0
 0 0 0 0 0 1 0 0 0 0 0 0
 0 0 0 0 0 0 1 0 0 0 0 0
 0 0 0 0 0 0 0 1 0 0 0 0
 0 0 0 0 0 0 0 0 1 0 0 0
 0 0 0 0 0 0 0 0 0 1 0 0
 0 0 0 0 0 0 0 0 0 0 1 0
 0 0 0 0 0 0 0 0 0 0 0 1
# cntrlfile_name
C:\Users\bai.li\DOCUME~1\Github\AGE_ST~1\ASSAMC\example\output\AMAK\s123\amak.dat
# Map shared selectivity: 
# sel_map
 1 2
 1 1
# datafile_name
amak_data.dat
# model_name
AMAK_MCP
# SrType
2
# use_age_err
0
# retro
0
# sigmarprior
0.2
# cvsigmarprior
0.25
# phase_sigmar
-3
# styr_rec_est
1
# endyr_rec_est
30
# Linfprior
80
# cvLinfprior
0.25
# kprior
0.18
# cvkprior
0.25
# Loprior
27.688
# cvLoprior
0.25
# sdageprior
0.1
# cvsdageprior
0.25
# natmortprior
0.2
# cvnatmortprior
0.25
# phase_M
-4
# npars_Mage
0
# ages_M_changes

# Mage_in

# Mage_offset_in

# phase_Mage
-5
# phase_rw_M
0
# npars_rw_M
0
# yrs_rw_M

# sigma_rw_M

# qprior
 3.48998e-007
# cvqprior
 1
# phase_q
 1
# q_power_prior
 1
# cvq_power_prior
 0.2
# phase_q_power
 -4
# phase_rw_q
 -1
# npars_rw_q
 0
# yrs_rw_q

# sigma_rw_q

# q_age_min
 1
# q_age_max
 12
# q_age_min
 1
# q_age_max
 12
# fsh_sel_opt(k)
2
# phase_sel_fsh(k)
2
# n_sel_ch_fsh(k)
1
# sel_slp_in_fsh(k)(1,n_sel_ch_fsh(k))
 1
# sel_inf_in_fsh(k)(1,n_sel_ch_fsh(k))
 2
# logsel_slp_in_fsh(k)(1,n_sel_ch_fsh(k))
 0
# yrs_sel_ch_fsh(k)(1,n_sel_ch_fsh(k))
 1

Survey SURVEY1
# ind_sel_opt(k)
2
# indname(k)
SURVEY1
# nselages_in_ind(k)
11
# phase_sel_ind(k)
2
# sel_change_in_ind(k)
 1 0 0 0 0 0 0 0 0 0 0 0 0 0 0 0 0 0 0 0 0 0 0 0 0 0 0 0 0 0
# n_sel_ch_ind(k)
1
# yrs_sel_ch_ind(k)(1,n_sel_ch_ind(k))
 1
# sel_slp_in_ind(k,1)
2
# sel_inf_in_ind(k,1)
1.5
# logsel_slp_in_ind(k,1)
0.693147
# logsel_slp_in_indv(k)
0.693147
SURVEY1 ind sel opt 2  1 0 0 0 0 0 0 0 0 0 0 0 0 0 0 0 0 0 0 0 0 0 0 0 0 0 0 0 0 0
Phase indices Sel_Coffs:  -1
 Test: 1.23457e+008
# Fshry Selages:  11
# Srvy  Selages:  11
# Phase for age-spec fishery  -1
# Phase for logistic fishery  2
# Phase for dble logistic fishery  -1
# Phase for age-spec indices   -1
# Phase for logistic indices   2
# Phase for dble logistic ind  -1
# Curv_pen_fsh: 
 0
# Curv_pen_ind: 
 0
# styr_fut
31
# endyr_fut
35
# nyrs_fsh_age
 30
# nyrs_fsh_age
 30
# yrs_fsh_age
 1 2 3 4 5 6 7 8 9 10 11 12 13 14 15 16 17 18 19 20 21 22 23 24 25 26 27 28 29 30
# n_sample_fsh_age
 200 200 200 200 200 200 200 200 200 200 200 200 200 200 200 200 200 200 200 200 200 200 200 200 200 200 200 200 200 200
# oac_fsh
 0.075 0.11 0.155 0.1 0.07 0.095 0.1 0.035 0.045 0.04 0.03 0.145
 0.045 0.12 0.125 0.12 0.09 0.09 0.065 0.04 0.07 0.05 0.035 0.15
 0.08 0.08 0.105 0.15 0.09 0.085 0.095 0.07 0.03 0.035 0.045 0.135
 0.075 0.115 0.08 0.105 0.12 0.12 0.11 0.04 0.06 0.025 0.025 0.125
 0.075 0.065 0.16 0.08 0.115 0.145 0.08 0.02 0.05 0.05 0.045 0.115
 0.085 0.12 0.075 0.17 0.09 0.11 0.065 0.055 0.05 0.025 0.045 0.11
 0.055 0.16 0.09 0.11 0.105 0.05 0.09 0.055 0.055 0.035 0.04 0.155
 0.09 0.125 0.145 0.095 0.085 0.115 0.05 0.04 0.02 0.05 0.02 0.165
 0.1 0.115 0.12 0.195 0.08 0.07 0.055 0.05 0.05 0.035 0.02 0.11
 0.115 0.07 0.175 0.105 0.165 0.085 0.045 0.04 0.04 0.045 0.03 0.085
 0.17 0.185 0.105 0.115 0.1 0.08 0.035 0.025 0.03 0.03 0.025 0.1
 0.075 0.21 0.155 0.12 0.08 0.07 0.105 0.03 0.03 0.02 0.02 0.085
 0.125 0.175 0.215 0.08 0.05 0.08 0.065 0.065 0.04 0.015 0.03 0.06
 0.085 0.18 0.145 0.23 0.13 0.05 0.055 0.025 0.03 0.03 0.005 0.035
 0.07 0.095 0.245 0.095 0.195 0.09 0.055 0.05 0.04 0.015 0.015 0.035
 0.11 0.105 0.21 0.2 0.065 0.125 0.05 0.05 0.02 0.02 0.005 0.04
 0.09 0.17 0.13 0.125 0.165 0.06 0.105 0.06 0.01 0.025 0.02 0.04
 0.08 0.145 0.2 0.19 0.08 0.115 0.035 0.06 0.025 0 0.005 0.065
 0.105 0.115 0.195 0.2 0.09 0.04 0.11 0.035 0.06 0.01 0.01 0.03
 0.11 0.125 0.18 0.17 0.155 0.065 0.05 0.04 0.015 0.05 0 0.04
 0.175 0.16 0.135 0.115 0.12 0.1 0.035 0.02 0.05 0.025 0.01 0.055
 0.17 0.185 0.2 0.135 0.065 0.09 0.05 0.02 0.02 0.03 0.005 0.03
 0.23 0.23 0.165 0.07 0.085 0.06 0.045 0.04 0.03 0.01 0.025 0.01
 0.165 0.29 0.165 0.15 0.09 0.055 0.01 0.01 0.025 0.015 0.005 0.02
 0.1 0.195 0.31 0.155 0.075 0.055 0.045 0.01 0.015 0.02 0.01 0.01
 0.105 0.16 0.165 0.28 0.16 0.045 0.02 0.015 0.015 0.015 0.015 0.005
 0.115 0.19 0.135 0.165 0.19 0.09 0.045 0.02 0.03 0 0.015 0.005
 0.16 0.24 0.18 0.085 0.14 0.11 0.04 0.01 0.01 0.01 0.01 0.005
 0.2 0.2 0.175 0.105 0.055 0.16 0.045 0.02 0.02 0.02 0 0
 0.165 0.26 0.2 0.115 0.13 0.035 0.04 0.025 0.01 0.005 0.01 0.005
# olc_fsh

# wt_fsh
 0.000530656 0.00119633 0.00205827 0.00303499 0.00405521 0.0050647 0.00602623 0.00691692 0.00772489 0.00844611 0.00908185 0.0096367
 0.000530656 0.00119633 0.00205827 0.00303499 0.00405521 0.0050647 0.00602623 0.00691692 0.00772489 0.00844611 0.00908185 0.0096367
 0.000530656 0.00119633 0.00205827 0.00303499 0.00405521 0.0050647 0.00602623 0.00691692 0.00772489 0.00844611 0.00908185 0.0096367
 0.000530656 0.00119633 0.00205827 0.00303499 0.00405521 0.0050647 0.00602623 0.00691692 0.00772489 0.00844611 0.00908185 0.0096367
 0.000530656 0.00119633 0.00205827 0.00303499 0.00405521 0.0050647 0.00602623 0.00691692 0.00772489 0.00844611 0.00908185 0.0096367
 0.000530656 0.00119633 0.00205827 0.00303499 0.00405521 0.0050647 0.00602623 0.00691692 0.00772489 0.00844611 0.00908185 0.0096367
 0.000530656 0.00119633 0.00205827 0.00303499 0.00405521 0.0050647 0.00602623 0.00691692 0.00772489 0.00844611 0.00908185 0.0096367
 0.000530656 0.00119633 0.00205827 0.00303499 0.00405521 0.0050647 0.00602623 0.00691692 0.00772489 0.00844611 0.00908185 0.0096367
 0.000530656 0.00119633 0.00205827 0.00303499 0.00405521 0.0050647 0.00602623 0.00691692 0.00772489 0.00844611 0.00908185 0.0096367
 0.000530656 0.00119633 0.00205827 0.00303499 0.00405521 0.0050647 0.00602623 0.00691692 0.00772489 0.00844611 0.00908185 0.0096367
 0.000530656 0.00119633 0.00205827 0.00303499 0.00405521 0.0050647 0.00602623 0.00691692 0.00772489 0.00844611 0.00908185 0.0096367
 0.000530656 0.00119633 0.00205827 0.00303499 0.00405521 0.0050647 0.00602623 0.00691692 0.00772489 0.00844611 0.00908185 0.0096367
 0.000530656 0.00119633 0.00205827 0.00303499 0.00405521 0.0050647 0.00602623 0.00691692 0.00772489 0.00844611 0.00908185 0.0096367
 0.000530656 0.00119633 0.00205827 0.00303499 0.00405521 0.0050647 0.00602623 0.00691692 0.00772489 0.00844611 0.00908185 0.0096367
 0.000530656 0.00119633 0.00205827 0.00303499 0.00405521 0.0050647 0.00602623 0.00691692 0.00772489 0.00844611 0.00908185 0.0096367
 0.000530656 0.00119633 0.00205827 0.00303499 0.00405521 0.0050647 0.00602623 0.00691692 0.00772489 0.00844611 0.00908185 0.0096367
 0.000530656 0.00119633 0.00205827 0.00303499 0.00405521 0.0050647 0.00602623 0.00691692 0.00772489 0.00844611 0.00908185 0.0096367
 0.000530656 0.00119633 0.00205827 0.00303499 0.00405521 0.0050647 0.00602623 0.00691692 0.00772489 0.00844611 0.00908185 0.0096367
 0.000530656 0.00119633 0.00205827 0.00303499 0.00405521 0.0050647 0.00602623 0.00691692 0.00772489 0.00844611 0.00908185 0.0096367
 0.000530656 0.00119633 0.00205827 0.00303499 0.00405521 0.0050647 0.00602623 0.00691692 0.00772489 0.00844611 0.00908185 0.0096367
 0.000530656 0.00119633 0.00205827 0.00303499 0.00405521 0.0050647 0.00602623 0.00691692 0.00772489 0.00844611 0.00908185 0.0096367
 0.000530656 0.00119633 0.00205827 0.00303499 0.00405521 0.0050647 0.00602623 0.00691692 0.00772489 0.00844611 0.00908185 0.0096367
 0.000530656 0.00119633 0.00205827 0.00303499 0.00405521 0.0050647 0.00602623 0.00691692 0.00772489 0.00844611 0.00908185 0.0096367
 0.000530656 0.00119633 0.00205827 0.00303499 0.00405521 0.0050647 0.00602623 0.00691692 0.00772489 0.00844611 0.00908185 0.0096367
 0.000530656 0.00119633 0.00205827 0.00303499 0.00405521 0.0050647 0.00602623 0.00691692 0.00772489 0.00844611 0.00908185 0.0096367
 0.000530656 0.00119633 0.00205827 0.00303499 0.00405521 0.0050647 0.00602623 0.00691692 0.00772489 0.00844611 0.00908185 0.0096367
 0.000530656 0.00119633 0.00205827 0.00303499 0.00405521 0.0050647 0.00602623 0.00691692 0.00772489 0.00844611 0.00908185 0.0096367
 0.000530656 0.00119633 0.00205827 0.00303499 0.00405521 0.0050647 0.00602623 0.00691692 0.00772489 0.00844611 0.00908185 0.0096367
 0.000530656 0.00119633 0.00205827 0.00303499 0.00405521 0.0050647 0.00602623 0.00691692 0.00772489 0.00844611 0.00908185 0.0096367
 0.000530656 0.00119633 0.00205827 0.00303499 0.00405521 0.0050647 0.00602623 0.00691692 0.00772489 0.00844611 0.00908185 0.0096367
# nyrs_ind_age
 30
# yrs_ind_age
 1 2 3 4 5 6 7 8 9 10 11 12 13 14 15 16 17 18 19 20 21 22 23 24 25 26 27 28 29 30
# n_sample_ind_age
 200 200 200 200 200 200 200 200 200 200 200 200 200 200 200 200 200 200 200 200 200 200 200 200 200 200 200 200 200 200
# oac_ind
 0.065 0.15 0.15 0.125 0.105 0.065 0.055 0.06 0.035 0.035 0.04 0.115
 0.045 0.125 0.14 0.115 0.105 0.105 0.085 0.055 0.04 0.035 0.015 0.135
 0.105 0.1 0.115 0.17 0.1 0.08 0.07 0.07 0.03 0.035 0.025 0.1
 0.085 0.165 0.12 0.135 0.13 0.07 0.05 0.045 0.035 0.04 0.025 0.1
 0.065 0.16 0.15 0.115 0.095 0.08 0.07 0.045 0.03 0.055 0.025 0.11
 0.095 0.135 0.14 0.155 0.085 0.09 0.05 0.08 0.04 0.015 0.02 0.095
 0.09 0.215 0.195 0.095 0.09 0.05 0.05 0.065 0.02 0.035 0.025 0.07
 0.045 0.18 0.195 0.12 0.075 0.115 0.05 0.035 0.025 0.02 0.055 0.085
 0.05 0.135 0.13 0.16 0.11 0.115 0.03 0.07 0.03 0.015 0.035 0.12
 0.075 0.11 0.13 0.15 0.115 0.07 0.095 0.075 0.04 0.025 0.025 0.09
 0.14 0.185 0.095 0.13 0.07 0.105 0.05 0.055 0.025 0.02 0.015 0.11
 0.095 0.255 0.25 0.075 0.095 0.075 0.04 0.025 0.02 0.015 0.015 0.04
 0.115 0.19 0.24 0.11 0.09 0.05 0.085 0.005 0.01 0.015 0.015 0.075
 0.065 0.275 0.12 0.19 0.1 0.06 0.04 0.015 0.025 0.03 0.02 0.06
 0.085 0.11 0.305 0.11 0.145 0.11 0.02 0.015 0.03 0.015 0.015 0.04
 0.09 0.125 0.165 0.26 0.115 0.09 0.03 0.015 0.035 0.01 0.015 0.05
 0.08 0.215 0.11 0.1 0.21 0.085 0.06 0.035 0.045 0.025 0 0.035
 0.06 0.185 0.2 0.135 0.065 0.11 0.07 0.05 0.045 0.01 0 0.07
 0.135 0.17 0.155 0.195 0.08 0.08 0.075 0.035 0.025 0.02 0.01 0.02
 0.055 0.19 0.155 0.2 0.14 0.05 0.03 0.07 0.035 0.03 0.01 0.035
 0.11 0.225 0.215 0.095 0.105 0.08 0.035 0.03 0.035 0.025 0.025 0.02
 0.13 0.205 0.265 0.125 0.075 0.055 0.055 0.025 0.005 0.03 0.015 0.015
 0.175 0.22 0.26 0.095 0.085 0.045 0.04 0.04 0.025 0 0.01 0.005
 0.105 0.275 0.245 0.135 0.065 0.025 0.045 0.035 0.04 0.015 0.005 0.01
 0.09 0.235 0.27 0.18 0.1 0.02 0.025 0.02 0.01 0.025 0 0.025
 0.13 0.11 0.305 0.21 0.11 0.065 0.015 0.02 0.01 0.01 0 0.015
 0.105 0.225 0.14 0.17 0.17 0.055 0.025 0.05 0.015 0.015 0.005 0.025
 0.105 0.245 0.21 0.12 0.14 0.08 0.03 0.02 0.02 0.005 0.01 0.015
 0.195 0.185 0.185 0.165 0.065 0.06 0.075 0.01 0.035 0.01 0.01 0.005
 0.11 0.31 0.27 0.115 0.075 0.03 0.05 0.02 0.01 0 0.005 0.005
# olc_ind

# obs_lse_ind
 0.198042 0.198042 0.198042 0.198042 0.198042 0.198042 0.198042 0.198042 0.198042 0.198042 0.198042 0.198042 0.198042 0.198042 0.198042 0.198042 0.198042 0.198042 0.198042 0.198042 0.198042 0.198042 0.198042 0.198042 0.198042 0.198042 0.198042 0.198042 0.198042 0.198042
# xages_fsh
 0 0 0 0 0 0 0 0 0 0 0 0
# xages_fsh
 0 0.0909091 0.181818 0.272727 0.363636 0.454545 0.545455 0.636364 0.727273 0.818182 0.909091 1
# xnodes_fsh

Yrs fsh_sel change:  1 0 0 0 0 0 0 0 0 0 0 0 0 0 0 0 0 0 0 0 0 0 0 0 0 0 0 0 0
Yrs ind_sel change:  1 0 0 0 0 0 0 0 0 0 0 0 0 0 0 0 0 0 0 0 0 0 0 0 0 0 0 0 0
# steepnessprior
0.75
# sigmarprior
0.2
#  SSB estimated in styr endyr: -13 28 
#  Rec estimated in styr endyr: -11 30 
#  SR Curve fit  in styr endyr: 1 30 
#             Model styr endyr: 1 30 
# qprior
 3.48998e-007
# q_power_prior 
 1 
# cv_catchbiomass 
0.05 
# CatchbiomassPen 
200 
# Number of projection years 
5 
# offset_fsh
 13383.4
# offset_ind
 13136.4
Mean Catch
1341.5
R_guess 
15.4617
# nfsh
1
# n_sel_ch_fsh
 1
# nselages_fsh
 11
# phase_selcoff_fsh
 -1
logRzero 15.4617
logmeanrec 15.4617
exp(log_sigmarprior 0.2
Fish sel phase: -1 FLEET1
Fixing fishery sel to
1
Srvy sel phase: -1
Fixing SURVEY1 indices sel to
1
# logsel_slp_in_indv
 0.693147
Leaving parameter init secton
# M
 0.2 0.2 0.2 0.2 0.2 0.2 0.2 0.2 0.2 0.2 0.2 0.2
 0.2 0.2 0.2 0.2 0.2 0.2 0.2 0.2 0.2 0.2 0.2 0.2
 0.2 0.2 0.2 0.2 0.2 0.2 0.2 0.2 0.2 0.2 0.2 0.2
 0.2 0.2 0.2 0.2 0.2 0.2 0.2 0.2 0.2 0.2 0.2 0.2
 0.2 0.2 0.2 0.2 0.2 0.2 0.2 0.2 0.2 0.2 0.2 0.2
 0.2 0.2 0.2 0.2 0.2 0.2 0.2 0.2 0.2 0.2 0.2 0.2
 0.2 0.2 0.2 0.2 0.2 0.2 0.2 0.2 0.2 0.2 0.2 0.2
 0.2 0.2 0.2 0.2 0.2 0.2 0.2 0.2 0.2 0.2 0.2 0.2
 0.2 0.2 0.2 0.2 0.2 0.2 0.2 0.2 0.2 0.2 0.2 0.2
 0.2 0.2 0.2 0.2 0.2 0.2 0.2 0.2 0.2 0.2 0.2 0.2
 0.2 0.2 0.2 0.2 0.2 0.2 0.2 0.2 0.2 0.2 0.2 0.2
 0.2 0.2 0.2 0.2 0.2 0.2 0.2 0.2 0.2 0.2 0.2 0.2
 0.2 0.2 0.2 0.2 0.2 0.2 0.2 0.2 0.2 0.2 0.2 0.2
 0.2 0.2 0.2 0.2 0.2 0.2 0.2 0.2 0.2 0.2 0.2 0.2
 0.2 0.2 0.2 0.2 0.2 0.2 0.2 0.2 0.2 0.2 0.2 0.2
 0.2 0.2 0.2 0.2 0.2 0.2 0.2 0.2 0.2 0.2 0.2 0.2
 0.2 0.2 0.2 0.2 0.2 0.2 0.2 0.2 0.2 0.2 0.2 0.2
 0.2 0.2 0.2 0.2 0.2 0.2 0.2 0.2 0.2 0.2 0.2 0.2
 0.2 0.2 0.2 0.2 0.2 0.2 0.2 0.2 0.2 0.2 0.2 0.2
 0.2 0.2 0.2 0.2 0.2 0.2 0.2 0.2 0.2 0.2 0.2 0.2
 0.2 0.2 0.2 0.2 0.2 0.2 0.2 0.2 0.2 0.2 0.2 0.2
 0.2 0.2 0.2 0.2 0.2 0.2 0.2 0.2 0.2 0.2 0.2 0.2
 0.2 0.2 0.2 0.2 0.2 0.2 0.2 0.2 0.2 0.2 0.2 0.2
 0.2 0.2 0.2 0.2 0.2 0.2 0.2 0.2 0.2 0.2 0.2 0.2
 0.2 0.2 0.2 0.2 0.2 0.2 0.2 0.2 0.2 0.2 0.2 0.2
 0.2 0.2 0.2 0.2 0.2 0.2 0.2 0.2 0.2 0.2 0.2 0.2
 0.2 0.2 0.2 0.2 0.2 0.2 0.2 0.2 0.2 0.2 0.2 0.2
 0.2 0.2 0.2 0.2 0.2 0.2 0.2 0.2 0.2 0.2 0.2 0.2
 0.2 0.2 0.2 0.2 0.2 0.2 0.2 0.2 0.2 0.2 0.2 0.2
 0.2 0.2 0.2 0.2 0.2 0.2 0.2 0.2 0.2 0.2 0.2 0.2
# mean_log_rec
13.7475
# log_Rzero
13.8368
# rec_dev
 -0.0995082 -0.119167 -0.0344624 -0.112111 -0.0207092 -0.0449204 -0.0461906 0.119307 0.00375385 0.0230624 0.108722 0.157098 0.0615549 -0.131419 0.184125 -0.0265402 0.00535105 0.279467 0.0323042 -0.0271542 -0.243169 0.172535 0.52211 0.0472183 0.56362 -0.0934563 -0.0866527 0.261892 0.043949 -0.259364 -0.134327 -0.138446 -0.000212026 0.0889051 0.375308 0.0659469 -0.514677 -0.218767 -0.258992 -0.185692 0.0658115 -0.221519
# fmort
 0.00936243 0.027279 0.044796 0.060464 0.0486052 0.0868007 0.0878802 0.186123 0.108452 0.130881 0.147863 0.155679 0.112933 0.163651 0.173876 0.157643 0.307123 0.252249 0.250692 0.252074 0.348675 0.254766 0.420686 0.348312 0.351148 0.316519 0.30848 0.430376 0.323703 0.482138
# rec_dev_future
 0 0 0 0 0
