AMAK;Mar 2020
# styr
1
# endyr
30
# rec_age
1
# oldest_age
12
# nlength
81
# len_bins
 10 11 12 13 14 15 16 17 18 19 20 21 22 23 24 25 26 27 28 29 30 31 32 33 34 35 36 37 38 39 40 41 42 43 44 45 46 47 48 49 50 51 52 53 54 55 56 57 58 59 60 61 62 63 64 65 66 67 68 69 70 71 72 73 74 75 76 77 78 79 80 81 82 83 84 85 86 87 88 89 90
# datafile_name
amak_data.dat
# model_name
AMAK_MCP
# styr
1
# endyr
30
# rec_age
1
# oldest_age
12
# nfsh
1
# fshname
FLEET1
# catch_bio_in
 160.615 460.794 732.839 958.362 731.801 1269.82 1227.62 2333.92 1242.59 1424.51 1510.03 1527.03 1042.93 1445.78 1482.16 1311.22 2350.02 1683.19 1536.7 1413.73 1766.4 1211.67 1859.64 1407.33 1338.68 1166.48 1089 1405.64 959.596 1350.54
# catch_bio_sd_in
 0.01 0.01 0.01 0.01 0.01 0.01 0.01 0.01 0.01 0.01 0.01 0.01 0.01 0.01 0.01 0.01 0.01 0.01 0.01 0.01 0.01 0.01 0.01 0.01 0.01 0.01 0.01 0.01 0.01 0.01
# nyrs_fsh_age
 30
# nyrs_fsh_length
 0
# yrs_fsh_age_in
 1 2 3 4 5 6 7 8 9 10 11 12 13 14 15 16 17 18 19 20 21 22 23 24 25 26 27 28 29 30
# yrs_fsh_length_in

# n_sample_fsh_length_in

# olc_fsh_in

# nind
1
# indname
SURVEY1
# nyrs_ind
 30
# yrs_ind_in
 1 2 3 4 5 6 7 8 9 10 11 12 13 14 15 16 17 18 19 20 21 22 23 24 25 26 27 28 29 30
# mo_ind
 1
# obs_ind_in
 1.48353 1.28572 1.55636 1.48434 1.68144 1.27791 1.4013 1.24315 1.35438 1.06059 1.11672 1.00185 1.1188 1.01539 1.25967 1.11995 0.970919 0.895918 0.696319 0.830043 0.785868 0.808966 0.742035 0.682 0.790527 0.661476 0.61192 0.513593 0.503208 0.688551
# obs_se_ind_in
 0.296707 0.257144 0.311271 0.296869 0.336288 0.255582 0.28026 0.24863 0.270876 0.212118 0.223344 0.200369 0.223759 0.203078 0.251934 0.22399 0.194184 0.179184 0.139264 0.166009 0.157174 0.161793 0.148407 0.1364 0.158105 0.132295 0.122384 0.102719 0.100642 0.13771
# nyrs_ind_age
 30
# nyrs_ind_length
 0
# yrs_ind_age_in
 1 2 3 4 5 6 7 8 9 10 11 12 13 14 15 16 17 18 19 20 21 22 23 24 25 26 27 28 29 30
# yrs_ind_length_in

# yrs_ind_age_in
 1 2 3 4 5 6 7 8 9 10 11 12 13 14 15 16 17 18 19 20 21 22 23 24 25 26 27 28 29 30
# n_sample_ind_length_in

# olc_ind_in

# oac_ind_in
 0.09 0.12 0.14 0.15 0.095 0.08 0.085 0.04 0.05 0.045 0.015 0.09
 0.045 0.085 0.135 0.13 0.085 0.11 0.09 0.065 0.05 0.04 0.045 0.12
 0.065 0.13 0.18 0.11 0.11 0.065 0.095 0.04 0.045 0.035 0.005 0.12
 0.085 0.16 0.1 0.105 0.12 0.055 0.07 0.045 0.045 0.045 0.015 0.155
 0.05 0.155 0.155 0.13 0.095 0.075 0.035 0.055 0.055 0.015 0.055 0.125
 0.1 0.105 0.185 0.11 0.1 0.09 0.06 0.065 0.055 0.02 0.03 0.08
 0.075 0.16 0.12 0.2 0.07 0.05 0.035 0.085 0.025 0.02 0.035 0.125
 0.075 0.135 0.185 0.1 0.125 0.115 0.035 0.035 0.035 0.025 0.015 0.12
 0.095 0.16 0.16 0.125 0.075 0.09 0.08 0.03 0.035 0.035 0.02 0.095
 0.095 0.205 0.18 0.095 0.11 0.055 0.05 0.04 0.05 0.015 0.015 0.09
 0.06 0.19 0.18 0.14 0.1 0.095 0.04 0.05 0.035 0.025 0.02 0.065
 0.065 0.09 0.22 0.2 0.115 0.07 0.065 0.025 0.035 0.03 0.01 0.075
 0.13 0.145 0.145 0.13 0.135 0.07 0.05 0.055 0.025 0.03 0.03 0.055
 0.13 0.2 0.12 0.065 0.115 0.09 0.075 0.045 0.07 0.015 0.01 0.065
 0.07 0.235 0.23 0.095 0.04 0.11 0.08 0.02 0.02 0.005 0.03 0.065
 0.07 0.195 0.175 0.18 0.08 0.08 0.075 0.05 0.025 0.035 0 0.035
 0.07 0.21 0.225 0.12 0.145 0.085 0 0.035 0.03 0.01 0.015 0.055
 0.1 0.15 0.2 0.14 0.18 0.105 0.03 0.02 0.03 0.005 0.015 0.025
 0.125 0.21 0.195 0.165 0.075 0.07 0.07 0 0.02 0.02 0.025 0.025
 0.075 0.27 0.2 0.125 0.08 0.065 0.04 0.06 0.015 0.015 0.03 0.025
 0.165 0.145 0.24 0.2 0.065 0.075 0.035 0.015 0.025 0.02 0.005 0.01
 0.195 0.25 0.185 0.125 0.1 0.05 0.03 0.02 0.01 0.005 0.02 0.01
 0.075 0.32 0.235 0.085 0.12 0.06 0.025 0.03 0.005 0.01 0.005 0.03
 0.12 0.23 0.27 0.2 0.07 0.04 0.035 0.005 0.015 0.005 0 0.01
 0.075 0.23 0.2 0.225 0.12 0.035 0.01 0.025 0.01 0.03 0.005 0.035
 0.06 0.205 0.285 0.145 0.14 0.06 0.025 0.02 0.025 0.01 0.015 0.01
 0.09 0.24 0.215 0.15 0.095 0.095 0.075 0.015 0.005 0.015 0 0.005
 0.07 0.23 0.245 0.135 0.105 0.065 0.08 0.045 0.005 0.005 0 0.015
 0.16 0.18 0.2 0.22 0.075 0.065 0.045 0.025 0.02 0.005 0 0.005
 0.165 0.26 0.21 0.075 0.17 0.03 0.05 0.005 0.01 0.005 0 0.02
# wt_ind
 1 1 1 1 1 1 1 1 1 1 1 1
 1 1 1 1 1 1 1 1 1 1 1 1
 1 1 1 1 1 1 1 1 1 1 1 1
 1 1 1 1 1 1 1 1 1 1 1 1
 1 1 1 1 1 1 1 1 1 1 1 1
 1 1 1 1 1 1 1 1 1 1 1 1
 1 1 1 1 1 1 1 1 1 1 1 1
 1 1 1 1 1 1 1 1 1 1 1 1
 1 1 1 1 1 1 1 1 1 1 1 1
 1 1 1 1 1 1 1 1 1 1 1 1
 1 1 1 1 1 1 1 1 1 1 1 1
 1 1 1 1 1 1 1 1 1 1 1 1
 1 1 1 1 1 1 1 1 1 1 1 1
 1 1 1 1 1 1 1 1 1 1 1 1
 1 1 1 1 1 1 1 1 1 1 1 1
 1 1 1 1 1 1 1 1 1 1 1 1
 1 1 1 1 1 1 1 1 1 1 1 1
 1 1 1 1 1 1 1 1 1 1 1 1
 1 1 1 1 1 1 1 1 1 1 1 1
 1 1 1 1 1 1 1 1 1 1 1 1
 1 1 1 1 1 1 1 1 1 1 1 1
 1 1 1 1 1 1 1 1 1 1 1 1
 1 1 1 1 1 1 1 1 1 1 1 1
 1 1 1 1 1 1 1 1 1 1 1 1
 1 1 1 1 1 1 1 1 1 1 1 1
 1 1 1 1 1 1 1 1 1 1 1 1
 1 1 1 1 1 1 1 1 1 1 1 1
 1 1 1 1 1 1 1 1 1 1 1 1
 1 1 1 1 1 1 1 1 1 1 1 1
 1 1 1 1 1 1 1 1 1 1 1 1
# wt_pop
 0.000530656 0.00119633 0.00205827 0.00303499 0.00405521 0.0050647 0.00602623 0.00691692 0.00772489 0.00844611 0.00908185 0.0096367
# maturity
 0.0229774 0.320821 0.904651 0.99478 0.999739 0.999987 0.999999 1 1 1 1 1
# spawnmo
1
# age_err
 1 0 0 0 0 0 0 0 0 0 0 0
 0 1 0 0 0 0 0 0 0 0 0 0
 0 0 1 0 0 0 0 0 0 0 0 0
 0 0 0 1 0 0 0 0 0 0 0 0
 0 0 0 0 1 0 0 0 0 0 0 0
 0 0 0 0 0 1 0 0 0 0 0 0
 0 0 0 0 0 0 1 0 0 0 0 0
 0 0 0 0 0 0 0 1 0 0 0 0
 0 0 0 0 0 0 0 0 1 0 0 0
 0 0 0 0 0 0 0 0 0 1 0 0
 0 0 0 0 0 0 0 0 0 0 1 0
 0 0 0 0 0 0 0 0 0 0 0 1
# cntrlfile_name
C:\Users\bai.li\DOCUME~1\Github\AGE_ST~1\ASSAMC\example\output\AMAK\s160\amak.dat
# Map shared selectivity: 
# sel_map
 1 2
 1 1
# datafile_name
amak_data.dat
# model_name
AMAK_MCP
# SrType
2
# use_age_err
0
# retro
0
# sigmarprior
0.2
# cvsigmarprior
0.25
# phase_sigmar
-3
# styr_rec_est
1
# endyr_rec_est
30
# Linfprior
80
# cvLinfprior
0.25
# kprior
0.18
# cvkprior
0.25
# Loprior
27.688
# cvLoprior
0.25
# sdageprior
0.1
# cvsdageprior
0.25
# natmortprior
0.2
# cvnatmortprior
0.25
# phase_M
-4
# npars_Mage
0
# ages_M_changes

# Mage_in

# Mage_offset_in

# phase_Mage
-5
# phase_rw_M
0
# npars_rw_M
0
# yrs_rw_M

# sigma_rw_M

# qprior
 3.48998e-007
# cvqprior
 1
# phase_q
 1
# q_power_prior
 1
# cvq_power_prior
 0.2
# phase_q_power
 -4
# phase_rw_q
 -1
# npars_rw_q
 0
# yrs_rw_q

# sigma_rw_q

# q_age_min
 1
# q_age_max
 12
# q_age_min
 1
# q_age_max
 12
# fsh_sel_opt(k)
2
# phase_sel_fsh(k)
2
# n_sel_ch_fsh(k)
1
# sel_slp_in_fsh(k)(1,n_sel_ch_fsh(k))
 1
# sel_inf_in_fsh(k)(1,n_sel_ch_fsh(k))
 2
# logsel_slp_in_fsh(k)(1,n_sel_ch_fsh(k))
 0
# yrs_sel_ch_fsh(k)(1,n_sel_ch_fsh(k))
 1

Survey SURVEY1
# ind_sel_opt(k)
2
# indname(k)
SURVEY1
# nselages_in_ind(k)
11
# phase_sel_ind(k)
2
# sel_change_in_ind(k)
 1 0 0 0 0 0 0 0 0 0 0 0 0 0 0 0 0 0 0 0 0 0 0 0 0 0 0 0 0 0
# n_sel_ch_ind(k)
1
# yrs_sel_ch_ind(k)(1,n_sel_ch_ind(k))
 1
# sel_slp_in_ind(k,1)
2
# sel_inf_in_ind(k,1)
1.5
# logsel_slp_in_ind(k,1)
0.693147
# logsel_slp_in_indv(k)
0.693147
SURVEY1 ind sel opt 2  1 0 0 0 0 0 0 0 0 0 0 0 0 0 0 0 0 0 0 0 0 0 0 0 0 0 0 0 0 0
Phase indices Sel_Coffs:  -1
 Test: 1.23457e+008
# Fshry Selages:  11
# Srvy  Selages:  11
# Phase for age-spec fishery  -1
# Phase for logistic fishery  2
# Phase for dble logistic fishery  -1
# Phase for age-spec indices   -1
# Phase for logistic indices   2
# Phase for dble logistic ind  -1
# Curv_pen_fsh: 
 0
# Curv_pen_ind: 
 0
# styr_fut
31
# endyr_fut
35
# nyrs_fsh_age
 30
# nyrs_fsh_age
 30
# yrs_fsh_age
 1 2 3 4 5 6 7 8 9 10 11 12 13 14 15 16 17 18 19 20 21 22 23 24 25 26 27 28 29 30
# n_sample_fsh_age
 200 200 200 200 200 200 200 200 200 200 200 200 200 200 200 200 200 200 200 200 200 200 200 200 200 200 200 200 200 200
# oac_fsh
 0.04 0.11 0.12 0.12 0.11 0.095 0.07 0.08 0.075 0.03 0.02 0.13
 0.03 0.1 0.15 0.15 0.1 0.065 0.08 0.055 0.07 0.045 0.035 0.12
 0.085 0.1 0.105 0.15 0.085 0.07 0.075 0.05 0.06 0.075 0.015 0.13
 0.1 0.1 0.085 0.115 0.12 0.105 0.07 0.055 0.055 0.04 0.03 0.125
 0.065 0.165 0.075 0.075 0.14 0.095 0.105 0.06 0.05 0.045 0.035 0.09
 0.06 0.075 0.095 0.14 0.125 0.125 0.065 0.065 0.03 0.04 0.02 0.16
 0.105 0.105 0.115 0.11 0.14 0.07 0.115 0.05 0.04 0.005 0.02 0.125
 0.05 0.125 0.135 0.12 0.12 0.085 0.055 0.065 0.06 0.025 0.02 0.14
 0.125 0.09 0.155 0.15 0.09 0.115 0.065 0.02 0.04 0.035 0.02 0.095
 0.08 0.16 0.13 0.145 0.075 0.095 0.095 0.06 0.025 0.025 0.01 0.1
 0.085 0.13 0.21 0.11 0.11 0.1 0.03 0.03 0.035 0.03 0.025 0.105
 0.07 0.125 0.135 0.205 0.08 0.085 0.085 0.025 0.055 0.035 0.015 0.085
 0.13 0.1 0.115 0.19 0.145 0.07 0.06 0.045 0.025 0.03 0.015 0.075
 0.125 0.215 0.14 0.1 0.085 0.085 0.06 0.04 0.04 0.015 0.015 0.08
 0.07 0.19 0.25 0.105 0.055 0.1 0.075 0.045 0.02 0.015 0.01 0.065
 0.095 0.12 0.175 0.2 0.075 0.085 0.05 0.035 0.035 0.03 0.03 0.07
 0.125 0.15 0.185 0.16 0.12 0.105 0.035 0.04 0.03 0.005 0.015 0.03
 0.09 0.12 0.205 0.155 0.1 0.135 0.05 0.045 0.035 0.02 0.005 0.04
 0.14 0.155 0.15 0.11 0.125 0.14 0.085 0.025 0.02 0.015 0.02 0.015
 0.12 0.225 0.15 0.09 0.12 0.065 0.09 0.04 0.01 0.01 0.025 0.055
 0.16 0.165 0.145 0.115 0.085 0.095 0.075 0.05 0.04 0.01 0.02 0.04
 0.175 0.22 0.105 0.175 0.135 0.055 0.05 0.025 0.01 0.015 0.005 0.03
 0.1 0.255 0.24 0.115 0.09 0.065 0.015 0.035 0.03 0.02 0.015 0.02
 0.17 0.155 0.295 0.135 0.075 0.065 0.03 0.02 0.015 0.025 0 0.015
 0.18 0.23 0.145 0.21 0.1 0.04 0.025 0.02 0.01 0.03 0.01 0
 0.155 0.215 0.205 0.16 0.12 0.06 0.025 0.04 0.005 0 0.005 0.01
 0.1 0.22 0.18 0.195 0.075 0.1 0.04 0.035 0.025 0.005 0.005 0.02
 0.14 0.185 0.19 0.145 0.125 0.045 0.08 0.05 0.02 0.005 0.01 0.005
 0.205 0.19 0.155 0.185 0.095 0.08 0.03 0.02 0.01 0 0.01 0.02
 0.235 0.26 0.15 0.12 0.11 0.02 0.06 0.01 0.015 0.005 0.005 0.01
# olc_fsh

# wt_fsh
 0.000530656 0.00119633 0.00205827 0.00303499 0.00405521 0.0050647 0.00602623 0.00691692 0.00772489 0.00844611 0.00908185 0.0096367
 0.000530656 0.00119633 0.00205827 0.00303499 0.00405521 0.0050647 0.00602623 0.00691692 0.00772489 0.00844611 0.00908185 0.0096367
 0.000530656 0.00119633 0.00205827 0.00303499 0.00405521 0.0050647 0.00602623 0.00691692 0.00772489 0.00844611 0.00908185 0.0096367
 0.000530656 0.00119633 0.00205827 0.00303499 0.00405521 0.0050647 0.00602623 0.00691692 0.00772489 0.00844611 0.00908185 0.0096367
 0.000530656 0.00119633 0.00205827 0.00303499 0.00405521 0.0050647 0.00602623 0.00691692 0.00772489 0.00844611 0.00908185 0.0096367
 0.000530656 0.00119633 0.00205827 0.00303499 0.00405521 0.0050647 0.00602623 0.00691692 0.00772489 0.00844611 0.00908185 0.0096367
 0.000530656 0.00119633 0.00205827 0.00303499 0.00405521 0.0050647 0.00602623 0.00691692 0.00772489 0.00844611 0.00908185 0.0096367
 0.000530656 0.00119633 0.00205827 0.00303499 0.00405521 0.0050647 0.00602623 0.00691692 0.00772489 0.00844611 0.00908185 0.0096367
 0.000530656 0.00119633 0.00205827 0.00303499 0.00405521 0.0050647 0.00602623 0.00691692 0.00772489 0.00844611 0.00908185 0.0096367
 0.000530656 0.00119633 0.00205827 0.00303499 0.00405521 0.0050647 0.00602623 0.00691692 0.00772489 0.00844611 0.00908185 0.0096367
 0.000530656 0.00119633 0.00205827 0.00303499 0.00405521 0.0050647 0.00602623 0.00691692 0.00772489 0.00844611 0.00908185 0.0096367
 0.000530656 0.00119633 0.00205827 0.00303499 0.00405521 0.0050647 0.00602623 0.00691692 0.00772489 0.00844611 0.00908185 0.0096367
 0.000530656 0.00119633 0.00205827 0.00303499 0.00405521 0.0050647 0.00602623 0.00691692 0.00772489 0.00844611 0.00908185 0.0096367
 0.000530656 0.00119633 0.00205827 0.00303499 0.00405521 0.0050647 0.00602623 0.00691692 0.00772489 0.00844611 0.00908185 0.0096367
 0.000530656 0.00119633 0.00205827 0.00303499 0.00405521 0.0050647 0.00602623 0.00691692 0.00772489 0.00844611 0.00908185 0.0096367
 0.000530656 0.00119633 0.00205827 0.00303499 0.00405521 0.0050647 0.00602623 0.00691692 0.00772489 0.00844611 0.00908185 0.0096367
 0.000530656 0.00119633 0.00205827 0.00303499 0.00405521 0.0050647 0.00602623 0.00691692 0.00772489 0.00844611 0.00908185 0.0096367
 0.000530656 0.00119633 0.00205827 0.00303499 0.00405521 0.0050647 0.00602623 0.00691692 0.00772489 0.00844611 0.00908185 0.0096367
 0.000530656 0.00119633 0.00205827 0.00303499 0.00405521 0.0050647 0.00602623 0.00691692 0.00772489 0.00844611 0.00908185 0.0096367
 0.000530656 0.00119633 0.00205827 0.00303499 0.00405521 0.0050647 0.00602623 0.00691692 0.00772489 0.00844611 0.00908185 0.0096367
 0.000530656 0.00119633 0.00205827 0.00303499 0.00405521 0.0050647 0.00602623 0.00691692 0.00772489 0.00844611 0.00908185 0.0096367
 0.000530656 0.00119633 0.00205827 0.00303499 0.00405521 0.0050647 0.00602623 0.00691692 0.00772489 0.00844611 0.00908185 0.0096367
 0.000530656 0.00119633 0.00205827 0.00303499 0.00405521 0.0050647 0.00602623 0.00691692 0.00772489 0.00844611 0.00908185 0.0096367
 0.000530656 0.00119633 0.00205827 0.00303499 0.00405521 0.0050647 0.00602623 0.00691692 0.00772489 0.00844611 0.00908185 0.0096367
 0.000530656 0.00119633 0.00205827 0.00303499 0.00405521 0.0050647 0.00602623 0.00691692 0.00772489 0.00844611 0.00908185 0.0096367
 0.000530656 0.00119633 0.00205827 0.00303499 0.00405521 0.0050647 0.00602623 0.00691692 0.00772489 0.00844611 0.00908185 0.0096367
 0.000530656 0.00119633 0.00205827 0.00303499 0.00405521 0.0050647 0.00602623 0.00691692 0.00772489 0.00844611 0.00908185 0.0096367
 0.000530656 0.00119633 0.00205827 0.00303499 0.00405521 0.0050647 0.00602623 0.00691692 0.00772489 0.00844611 0.00908185 0.0096367
 0.000530656 0.00119633 0.00205827 0.00303499 0.00405521 0.0050647 0.00602623 0.00691692 0.00772489 0.00844611 0.00908185 0.0096367
 0.000530656 0.00119633 0.00205827 0.00303499 0.00405521 0.0050647 0.00602623 0.00691692 0.00772489 0.00844611 0.00908185 0.0096367
# nyrs_ind_age
 30
# yrs_ind_age
 1 2 3 4 5 6 7 8 9 10 11 12 13 14 15 16 17 18 19 20 21 22 23 24 25 26 27 28 29 30
# n_sample_ind_age
 200 200 200 200 200 200 200 200 200 200 200 200 200 200 200 200 200 200 200 200 200 200 200 200 200 200 200 200 200 200
# oac_ind
 0.09 0.12 0.14 0.15 0.095 0.08 0.085 0.04 0.05 0.045 0.015 0.09
 0.045 0.085 0.135 0.13 0.085 0.11 0.09 0.065 0.05 0.04 0.045 0.12
 0.065 0.13 0.18 0.11 0.11 0.065 0.095 0.04 0.045 0.035 0.005 0.12
 0.085 0.16 0.1 0.105 0.12 0.055 0.07 0.045 0.045 0.045 0.015 0.155
 0.05 0.155 0.155 0.13 0.095 0.075 0.035 0.055 0.055 0.015 0.055 0.125
 0.1 0.105 0.185 0.11 0.1 0.09 0.06 0.065 0.055 0.02 0.03 0.08
 0.075 0.16 0.12 0.2 0.07 0.05 0.035 0.085 0.025 0.02 0.035 0.125
 0.075 0.135 0.185 0.1 0.125 0.115 0.035 0.035 0.035 0.025 0.015 0.12
 0.095 0.16 0.16 0.125 0.075 0.09 0.08 0.03 0.035 0.035 0.02 0.095
 0.095 0.205 0.18 0.095 0.11 0.055 0.05 0.04 0.05 0.015 0.015 0.09
 0.06 0.19 0.18 0.14 0.1 0.095 0.04 0.05 0.035 0.025 0.02 0.065
 0.065 0.09 0.22 0.2 0.115 0.07 0.065 0.025 0.035 0.03 0.01 0.075
 0.13 0.145 0.145 0.13 0.135 0.07 0.05 0.055 0.025 0.03 0.03 0.055
 0.13 0.2 0.12 0.065 0.115 0.09 0.075 0.045 0.07 0.015 0.01 0.065
 0.07 0.235 0.23 0.095 0.04 0.11 0.08 0.02 0.02 0.005 0.03 0.065
 0.07 0.195 0.175 0.18 0.08 0.08 0.075 0.05 0.025 0.035 0 0.035
 0.07 0.21 0.225 0.12 0.145 0.085 0 0.035 0.03 0.01 0.015 0.055
 0.1 0.15 0.2 0.14 0.18 0.105 0.03 0.02 0.03 0.005 0.015 0.025
 0.125 0.21 0.195 0.165 0.075 0.07 0.07 0 0.02 0.02 0.025 0.025
 0.075 0.27 0.2 0.125 0.08 0.065 0.04 0.06 0.015 0.015 0.03 0.025
 0.165 0.145 0.24 0.2 0.065 0.075 0.035 0.015 0.025 0.02 0.005 0.01
 0.195 0.25 0.185 0.125 0.1 0.05 0.03 0.02 0.01 0.005 0.02 0.01
 0.075 0.32 0.235 0.085 0.12 0.06 0.025 0.03 0.005 0.01 0.005 0.03
 0.12 0.23 0.27 0.2 0.07 0.04 0.035 0.005 0.015 0.005 0 0.01
 0.075 0.23 0.2 0.225 0.12 0.035 0.01 0.025 0.01 0.03 0.005 0.035
 0.06 0.205 0.285 0.145 0.14 0.06 0.025 0.02 0.025 0.01 0.015 0.01
 0.09 0.24 0.215 0.15 0.095 0.095 0.075 0.015 0.005 0.015 0 0.005
 0.07 0.23 0.245 0.135 0.105 0.065 0.08 0.045 0.005 0.005 0 0.015
 0.16 0.18 0.2 0.22 0.075 0.065 0.045 0.025 0.02 0.005 0 0.005
 0.165 0.26 0.21 0.075 0.17 0.03 0.05 0.005 0.01 0.005 0 0.02
# olc_ind

# obs_lse_ind
 0.198042 0.198042 0.198042 0.198042 0.198042 0.198042 0.198042 0.198042 0.198042 0.198042 0.198042 0.198042 0.198042 0.198042 0.198042 0.198042 0.198042 0.198042 0.198042 0.198042 0.198042 0.198042 0.198042 0.198042 0.198042 0.198042 0.198042 0.198042 0.198042 0.198042
# xages_fsh
 0 0 0 0 0 0 0 0 0 0 0 0
# xages_fsh
 0 0.0909091 0.181818 0.272727 0.363636 0.454545 0.545455 0.636364 0.727273 0.818182 0.909091 1
# xnodes_fsh

Yrs fsh_sel change:  1 0 0 0 0 0 0 0 0 0 0 0 0 0 0 0 0 0 0 0 0 0 0 0 0 0 0 0 0
Yrs ind_sel change:  1 0 0 0 0 0 0 0 0 0 0 0 0 0 0 0 0 0 0 0 0 0 0 0 0 0 0 0 0
# steepnessprior
0.75
# sigmarprior
0.2
#  SSB estimated in styr endyr: -13 28 
#  Rec estimated in styr endyr: -11 30 
#  SR Curve fit  in styr endyr: 1 30 
#             Model styr endyr: 1 30 
# qprior
 3.48998e-007
# q_power_prior 
 1 
# cv_catchbiomass 
0.05 
# CatchbiomassPen 
200 
# Number of projection years 
5 
# offset_fsh
 13447
# offset_ind
 13105.1
Mean Catch
1313.35
R_guess 
15.4405
# nfsh
1
# n_sel_ch_fsh
 1
# nselages_fsh
 11
# phase_selcoff_fsh
 -1
logRzero 15.4405
logmeanrec 15.4405
exp(log_sigmarprior 0.2
Fish sel phase: -1 FLEET1
Fixing fishery sel to
1
Srvy sel phase: -1
Fixing SURVEY1 indices sel to
1
# logsel_slp_in_indv
 0.693147
Leaving parameter init secton
# M
 0.2 0.2 0.2 0.2 0.2 0.2 0.2 0.2 0.2 0.2 0.2 0.2
 0.2 0.2 0.2 0.2 0.2 0.2 0.2 0.2 0.2 0.2 0.2 0.2
 0.2 0.2 0.2 0.2 0.2 0.2 0.2 0.2 0.2 0.2 0.2 0.2
 0.2 0.2 0.2 0.2 0.2 0.2 0.2 0.2 0.2 0.2 0.2 0.2
 0.2 0.2 0.2 0.2 0.2 0.2 0.2 0.2 0.2 0.2 0.2 0.2
 0.2 0.2 0.2 0.2 0.2 0.2 0.2 0.2 0.2 0.2 0.2 0.2
 0.2 0.2 0.2 0.2 0.2 0.2 0.2 0.2 0.2 0.2 0.2 0.2
 0.2 0.2 0.2 0.2 0.2 0.2 0.2 0.2 0.2 0.2 0.2 0.2
 0.2 0.2 0.2 0.2 0.2 0.2 0.2 0.2 0.2 0.2 0.2 0.2
 0.2 0.2 0.2 0.2 0.2 0.2 0.2 0.2 0.2 0.2 0.2 0.2
 0.2 0.2 0.2 0.2 0.2 0.2 0.2 0.2 0.2 0.2 0.2 0.2
 0.2 0.2 0.2 0.2 0.2 0.2 0.2 0.2 0.2 0.2 0.2 0.2
 0.2 0.2 0.2 0.2 0.2 0.2 0.2 0.2 0.2 0.2 0.2 0.2
 0.2 0.2 0.2 0.2 0.2 0.2 0.2 0.2 0.2 0.2 0.2 0.2
 0.2 0.2 0.2 0.2 0.2 0.2 0.2 0.2 0.2 0.2 0.2 0.2
 0.2 0.2 0.2 0.2 0.2 0.2 0.2 0.2 0.2 0.2 0.2 0.2
 0.2 0.2 0.2 0.2 0.2 0.2 0.2 0.2 0.2 0.2 0.2 0.2
 0.2 0.2 0.2 0.2 0.2 0.2 0.2 0.2 0.2 0.2 0.2 0.2
 0.2 0.2 0.2 0.2 0.2 0.2 0.2 0.2 0.2 0.2 0.2 0.2
 0.2 0.2 0.2 0.2 0.2 0.2 0.2 0.2 0.2 0.2 0.2 0.2
 0.2 0.2 0.2 0.2 0.2 0.2 0.2 0.2 0.2 0.2 0.2 0.2
 0.2 0.2 0.2 0.2 0.2 0.2 0.2 0.2 0.2 0.2 0.2 0.2
 0.2 0.2 0.2 0.2 0.2 0.2 0.2 0.2 0.2 0.2 0.2 0.2
 0.2 0.2 0.2 0.2 0.2 0.2 0.2 0.2 0.2 0.2 0.2 0.2
 0.2 0.2 0.2 0.2 0.2 0.2 0.2 0.2 0.2 0.2 0.2 0.2
 0.2 0.2 0.2 0.2 0.2 0.2 0.2 0.2 0.2 0.2 0.2 0.2
 0.2 0.2 0.2 0.2 0.2 0.2 0.2 0.2 0.2 0.2 0.2 0.2
 0.2 0.2 0.2 0.2 0.2 0.2 0.2 0.2 0.2 0.2 0.2 0.2
 0.2 0.2 0.2 0.2 0.2 0.2 0.2 0.2 0.2 0.2 0.2 0.2
 0.2 0.2 0.2 0.2 0.2 0.2 0.2 0.2 0.2 0.2 0.2 0.2
# mean_log_rec
13.7615
# log_Rzero
13.8106
# rec_dev
 -0.120439 -0.143724 -0.202117 0.0300545 -0.0144175 0.0891215 0.12448 0.0188897 0.052877 -0.0425085 0.0390012 0.102916 0.0639014 -0.133618 0.106147 0.217699 -0.157055 0.135961 0.053073 -0.0366354 0.261314 0.12539 -0.292184 -0.196513 0.337673 0.198792 0.0271568 0.0598138 -0.222327 -0.0429335 0.0303099 -0.290894 0.159562 0.30587 -0.209104 -0.0104118 -0.282036 -0.135787 -0.452446 -0.44662 -0.122444 -0.0273574
# fmort
 0.00921188 0.026763 0.0437812 0.0596785 0.0473961 0.0860684 0.0883659 0.185301 0.108758 0.131784 0.148554 0.161146 0.115749 0.166585 0.178757 0.162922 0.318472 0.260368 0.261706 0.261874 0.363387 0.268493 0.439987 0.362447 0.363907 0.332411 0.322141 0.457425 0.345814 0.533685
# rec_dev_future
 0 0 0 0 0
