AMAK;Mar 2020
# styr
1
# endyr
30
# rec_age
1
# oldest_age
12
# nlength
81
# len_bins
 10 11 12 13 14 15 16 17 18 19 20 21 22 23 24 25 26 27 28 29 30 31 32 33 34 35 36 37 38 39 40 41 42 43 44 45 46 47 48 49 50 51 52 53 54 55 56 57 58 59 60 61 62 63 64 65 66 67 68 69 70 71 72 73 74 75 76 77 78 79 80 81 82 83 84 85 86 87 88 89 90
# datafile_name
amak_data.dat
# model_name
AMAK_MCP
# styr
1
# endyr
30
# rec_age
1
# oldest_age
12
# nfsh
1
# fshname
FLEET1
# catch_bio_in
 161.432 462.769 759.103 993.888 775.524 1359.12 1321.4 2527.02 1326.43 1493.48 1562.76 1574.47 1118.2 1566.75 1575.11 1338.56 2406.73 1735.92 1537.48 1393.15 1764.25 1187.71 1788.04 1299.83 1181.96 1037.52 999.302 1340.93 960.869 1344.93
# catch_bio_sd_in
 0.01 0.01 0.01 0.01 0.01 0.01 0.01 0.01 0.01 0.01 0.01 0.01 0.01 0.01 0.01 0.01 0.01 0.01 0.01 0.01 0.01 0.01 0.01 0.01 0.01 0.01 0.01 0.01 0.01 0.01
# nyrs_fsh_age
 30
# nyrs_fsh_length
 0
# yrs_fsh_age_in
 1 2 3 4 5 6 7 8 9 10 11 12 13 14 15 16 17 18 19 20 21 22 23 24 25 26 27 28 29 30
# yrs_fsh_length_in

# n_sample_fsh_length_in

# olc_fsh_in

# nind
1
# indname
SURVEY1
# nyrs_ind
 30
# yrs_ind_in
 1 2 3 4 5 6 7 8 9 10 11 12 13 14 15 16 17 18 19 20 21 22 23 24 25 26 27 28 29 30
# mo_ind
 1
# obs_ind_in
 1.41465 1.45389 1.47128 1.53266 1.34309 1.48856 1.39201 1.20472 1.27305 1.09416 1.16022 0.965256 1.03749 1.17544 1.18557 0.936434 0.869386 0.850062 0.759848 0.693661 0.768106 0.907563 0.673341 0.632031 0.578917 0.560313 0.462069 0.59403 0.509728 0.460528
# obs_se_ind_in
 0.282929 0.290778 0.294257 0.306532 0.268618 0.297711 0.278401 0.240944 0.25461 0.218832 0.232043 0.193051 0.207498 0.235088 0.237114 0.187287 0.173877 0.170012 0.15197 0.138732 0.153621 0.181513 0.134668 0.126406 0.115783 0.112063 0.0924137 0.118806 0.101946 0.0921057
# nyrs_ind_age
 30
# nyrs_ind_length
 0
# yrs_ind_age_in
 1 2 3 4 5 6 7 8 9 10 11 12 13 14 15 16 17 18 19 20 21 22 23 24 25 26 27 28 29 30
# yrs_ind_length_in

# yrs_ind_age_in
 1 2 3 4 5 6 7 8 9 10 11 12 13 14 15 16 17 18 19 20 21 22 23 24 25 26 27 28 29 30
# n_sample_ind_length_in

# olc_ind_in

# oac_ind_in
 0.03 0.1 0.165 0.135 0.135 0.065 0.065 0.035 0.03 0.025 0.035 0.18
 0.1 0.115 0.175 0.08 0.095 0.06 0.045 0.07 0.025 0.04 0.015 0.18
 0.075 0.185 0.16 0.14 0.08 0.07 0.03 0.035 0.045 0.06 0.035 0.085
 0.05 0.125 0.2 0.125 0.085 0.07 0.06 0.07 0.05 0.04 0.01 0.115
 0.08 0.11 0.195 0.16 0.085 0.105 0.05 0.05 0.03 0.025 0.02 0.09
 0.05 0.135 0.145 0.155 0.125 0.075 0.06 0.05 0.045 0.04 0.02 0.1
 0.06 0.095 0.19 0.105 0.105 0.105 0.065 0.035 0.055 0.03 0.02 0.135
 0.085 0.185 0.15 0.1 0.12 0.06 0.08 0.03 0.025 0.06 0.025 0.08
 0.07 0.095 0.16 0.12 0.085 0.085 0.08 0.095 0.055 0.015 0.015 0.125
 0.11 0.18 0.155 0.13 0.105 0.075 0.06 0.04 0.025 0.035 0.025 0.06
 0.115 0.15 0.155 0.095 0.1 0.06 0.06 0.06 0.055 0.035 0.01 0.105
 0.065 0.23 0.17 0.095 0.08 0.09 0.035 0.06 0.035 0.03 0.015 0.095
 0.08 0.16 0.24 0.175 0.075 0.065 0.055 0.025 0.035 0.04 0.03 0.02
 0.085 0.175 0.17 0.21 0.115 0.045 0.04 0.04 0.01 0.035 0.01 0.065
 0.115 0.2 0.17 0.12 0.09 0.115 0.04 0.03 0.035 0.015 0.01 0.06
 0.075 0.195 0.225 0.155 0.115 0.1 0.045 0.01 0.005 0.02 0.01 0.045
 0.09 0.205 0.165 0.18 0.095 0.1 0.065 0.04 0.025 0.005 0 0.03
 0.075 0.215 0.215 0.12 0.12 0.07 0.05 0.03 0.04 0.01 0.015 0.04
 0.075 0.26 0.15 0.165 0.1 0.095 0.025 0.03 0.02 0.02 0.02 0.04
 0.145 0.2 0.19 0.16 0.1 0.075 0.02 0.02 0.03 0.015 0.025 0.02
 0.135 0.255 0.18 0.11 0.095 0.05 0.065 0.015 0.02 0.035 0.005 0.035
 0.1 0.24 0.23 0.18 0.055 0.04 0.04 0.03 0.03 0 0.015 0.04
 0.105 0.255 0.215 0.175 0.065 0.05 0.035 0.03 0.01 0.02 0.005 0.035
 0.125 0.16 0.285 0.13 0.13 0.03 0.035 0.025 0.025 0.025 0.005 0.025
 0.14 0.245 0.205 0.15 0.1 0.075 0.025 0.03 0.01 0.005 0.005 0.01
 0.195 0.22 0.27 0.09 0.085 0.045 0.05 0.01 0.015 0.015 0 0.005
 0.095 0.265 0.195 0.18 0.06 0.07 0.045 0.04 0.005 0.01 0.005 0.03
 0.11 0.255 0.27 0.15 0.13 0.03 0.025 0.025 0 0 0 0.005
 0.17 0.195 0.205 0.175 0.085 0.075 0.03 0.015 0.02 0.005 0.005 0.02
 0.17 0.29 0.17 0.15 0.095 0.05 0.045 0.005 0.015 0.005 0.005 0
# wt_ind
 1 1 1 1 1 1 1 1 1 1 1 1
 1 1 1 1 1 1 1 1 1 1 1 1
 1 1 1 1 1 1 1 1 1 1 1 1
 1 1 1 1 1 1 1 1 1 1 1 1
 1 1 1 1 1 1 1 1 1 1 1 1
 1 1 1 1 1 1 1 1 1 1 1 1
 1 1 1 1 1 1 1 1 1 1 1 1
 1 1 1 1 1 1 1 1 1 1 1 1
 1 1 1 1 1 1 1 1 1 1 1 1
 1 1 1 1 1 1 1 1 1 1 1 1
 1 1 1 1 1 1 1 1 1 1 1 1
 1 1 1 1 1 1 1 1 1 1 1 1
 1 1 1 1 1 1 1 1 1 1 1 1
 1 1 1 1 1 1 1 1 1 1 1 1
 1 1 1 1 1 1 1 1 1 1 1 1
 1 1 1 1 1 1 1 1 1 1 1 1
 1 1 1 1 1 1 1 1 1 1 1 1
 1 1 1 1 1 1 1 1 1 1 1 1
 1 1 1 1 1 1 1 1 1 1 1 1
 1 1 1 1 1 1 1 1 1 1 1 1
 1 1 1 1 1 1 1 1 1 1 1 1
 1 1 1 1 1 1 1 1 1 1 1 1
 1 1 1 1 1 1 1 1 1 1 1 1
 1 1 1 1 1 1 1 1 1 1 1 1
 1 1 1 1 1 1 1 1 1 1 1 1
 1 1 1 1 1 1 1 1 1 1 1 1
 1 1 1 1 1 1 1 1 1 1 1 1
 1 1 1 1 1 1 1 1 1 1 1 1
 1 1 1 1 1 1 1 1 1 1 1 1
 1 1 1 1 1 1 1 1 1 1 1 1
# wt_pop
 0.000530656 0.00119633 0.00205827 0.00303499 0.00405521 0.0050647 0.00602623 0.00691692 0.00772489 0.00844611 0.00908185 0.0096367
# maturity
 0.0229774 0.320821 0.904651 0.99478 0.999739 0.999987 0.999999 1 1 1 1 1
# spawnmo
1
# age_err
 1 0 0 0 0 0 0 0 0 0 0 0
 0 1 0 0 0 0 0 0 0 0 0 0
 0 0 1 0 0 0 0 0 0 0 0 0
 0 0 0 1 0 0 0 0 0 0 0 0
 0 0 0 0 1 0 0 0 0 0 0 0
 0 0 0 0 0 1 0 0 0 0 0 0
 0 0 0 0 0 0 1 0 0 0 0 0
 0 0 0 0 0 0 0 1 0 0 0 0
 0 0 0 0 0 0 0 0 1 0 0 0
 0 0 0 0 0 0 0 0 0 1 0 0
 0 0 0 0 0 0 0 0 0 0 1 0
 0 0 0 0 0 0 0 0 0 0 0 1
# cntrlfile_name
C:\Users\bai.li\DOCUME~1\Github\AGE_ST~1\ASSAMC\example\output\AMAK\s158\amak.dat
# Map shared selectivity: 
# sel_map
 1 2
 1 1
# datafile_name
amak_data.dat
# model_name
AMAK_MCP
# SrType
2
# use_age_err
0
# retro
0
# sigmarprior
0.2
# cvsigmarprior
0.25
# phase_sigmar
-3
# styr_rec_est
1
# endyr_rec_est
30
# Linfprior
80
# cvLinfprior
0.25
# kprior
0.18
# cvkprior
0.25
# Loprior
27.688
# cvLoprior
0.25
# sdageprior
0.1
# cvsdageprior
0.25
# natmortprior
0.2
# cvnatmortprior
0.25
# phase_M
-4
# npars_Mage
0
# ages_M_changes

# Mage_in

# Mage_offset_in

# phase_Mage
-5
# phase_rw_M
0
# npars_rw_M
0
# yrs_rw_M

# sigma_rw_M

# qprior
 3.48998e-007
# cvqprior
 1
# phase_q
 1
# q_power_prior
 1
# cvq_power_prior
 0.2
# phase_q_power
 -4
# phase_rw_q
 -1
# npars_rw_q
 0
# yrs_rw_q

# sigma_rw_q

# q_age_min
 1
# q_age_max
 12
# q_age_min
 1
# q_age_max
 12
# fsh_sel_opt(k)
2
# phase_sel_fsh(k)
2
# n_sel_ch_fsh(k)
1
# sel_slp_in_fsh(k)(1,n_sel_ch_fsh(k))
 1
# sel_inf_in_fsh(k)(1,n_sel_ch_fsh(k))
 2
# logsel_slp_in_fsh(k)(1,n_sel_ch_fsh(k))
 0
# yrs_sel_ch_fsh(k)(1,n_sel_ch_fsh(k))
 1

Survey SURVEY1
# ind_sel_opt(k)
2
# indname(k)
SURVEY1
# nselages_in_ind(k)
11
# phase_sel_ind(k)
2
# sel_change_in_ind(k)
 1 0 0 0 0 0 0 0 0 0 0 0 0 0 0 0 0 0 0 0 0 0 0 0 0 0 0 0 0 0
# n_sel_ch_ind(k)
1
# yrs_sel_ch_ind(k)(1,n_sel_ch_ind(k))
 1
# sel_slp_in_ind(k,1)
2
# sel_inf_in_ind(k,1)
1.5
# logsel_slp_in_ind(k,1)
0.693147
# logsel_slp_in_indv(k)
0.693147
SURVEY1 ind sel opt 2  1 0 0 0 0 0 0 0 0 0 0 0 0 0 0 0 0 0 0 0 0 0 0 0 0 0 0 0 0 0
Phase indices Sel_Coffs:  -1
 Test: 1.23457e+008
# Fshry Selages:  11
# Srvy  Selages:  11
# Phase for age-spec fishery  -1
# Phase for logistic fishery  2
# Phase for dble logistic fishery  -1
# Phase for age-spec indices   -1
# Phase for logistic indices   2
# Phase for dble logistic ind  -1
# Curv_pen_fsh: 
 0
# Curv_pen_ind: 
 0
# styr_fut
31
# endyr_fut
35
# nyrs_fsh_age
 30
# nyrs_fsh_age
 30
# yrs_fsh_age
 1 2 3 4 5 6 7 8 9 10 11 12 13 14 15 16 17 18 19 20 21 22 23 24 25 26 27 28 29 30
# n_sample_fsh_age
 200 200 200 200 200 200 200 200 200 200 200 200 200 200 200 200 200 200 200 200 200 200 200 200 200 200 200 200 200 200
# oac_fsh
 0.045 0.065 0.11 0.14 0.13 0.11 0.08 0.05 0.035 0.04 0.025 0.17
 0.075 0.115 0.125 0.1 0.07 0.13 0.06 0.075 0.05 0.03 0.025 0.145
 0.045 0.11 0.16 0.085 0.13 0.08 0.075 0.05 0.075 0.025 0.015 0.15
 0.065 0.14 0.185 0.095 0.15 0.095 0.065 0.045 0.025 0.04 0.015 0.08
 0.035 0.13 0.135 0.15 0.1 0.09 0.08 0.045 0.03 0.05 0.01 0.145
 0.085 0.125 0.11 0.13 0.085 0.075 0.055 0.055 0.025 0.06 0.035 0.16
 0.065 0.11 0.13 0.14 0.085 0.105 0.065 0.06 0.04 0.02 0.02 0.16
 0.07 0.135 0.135 0.165 0.105 0.08 0.09 0.06 0.015 0.025 0.02 0.1
 0.075 0.08 0.135 0.165 0.125 0.09 0.08 0.065 0.05 0.025 0.005 0.105
 0.13 0.135 0.105 0.15 0.11 0.095 0.05 0.06 0.055 0.025 0.01 0.075
 0.175 0.2 0.085 0.09 0.115 0.075 0.055 0.03 0.06 0.02 0.025 0.07
 0.095 0.14 0.2 0.13 0.08 0.065 0.085 0.04 0.04 0.03 0.02 0.075
 0.075 0.145 0.23 0.14 0.095 0.075 0.055 0.05 0.03 0.025 0.03 0.05
 0.085 0.11 0.11 0.225 0.125 0.075 0.035 0.065 0.06 0.025 0.01 0.075
 0.105 0.175 0.155 0.09 0.195 0.085 0.04 0.025 0.025 0.01 0.025 0.07
 0.15 0.155 0.225 0.1 0.085 0.105 0.045 0.045 0.015 0.01 0.015 0.05
 0.11 0.195 0.185 0.19 0.08 0.08 0.065 0.025 0.015 0 0.015 0.04
 0.09 0.13 0.18 0.12 0.165 0.1 0.08 0.035 0.045 0.015 0.02 0.02
 0.115 0.145 0.155 0.185 0.105 0.1 0.035 0.035 0.045 0.035 0 0.045
 0.17 0.185 0.145 0.135 0.105 0.05 0.06 0.03 0.04 0.035 0 0.045
 0.145 0.22 0.23 0.135 0.08 0.055 0.025 0.035 0.02 0.015 0.01 0.03
 0.135 0.195 0.255 0.12 0.07 0.04 0.045 0.04 0.02 0.005 0.015 0.06
 0.105 0.215 0.15 0.23 0.095 0.06 0.04 0.04 0.005 0.02 0.01 0.03
 0.155 0.17 0.17 0.195 0.115 0.085 0.02 0.02 0.03 0.02 0.01 0.01
 0.16 0.195 0.195 0.155 0.08 0.065 0.055 0.025 0.02 0 0.015 0.035
 0.16 0.215 0.23 0.14 0.11 0.06 0.04 0.02 0.02 0 0 0.005
 0.185 0.205 0.22 0.115 0.07 0.09 0.035 0.04 0.005 0.01 0.01 0.015
 0.105 0.215 0.245 0.14 0.145 0.035 0.04 0.015 0.035 0.01 0.005 0.01
 0.185 0.175 0.165 0.175 0.15 0.065 0.03 0.01 0.01 0.02 0.005 0.01
 0.185 0.195 0.17 0.17 0.11 0.05 0.02 0.035 0.035 0 0.01 0.02
# olc_fsh

# wt_fsh
 0.000530656 0.00119633 0.00205827 0.00303499 0.00405521 0.0050647 0.00602623 0.00691692 0.00772489 0.00844611 0.00908185 0.0096367
 0.000530656 0.00119633 0.00205827 0.00303499 0.00405521 0.0050647 0.00602623 0.00691692 0.00772489 0.00844611 0.00908185 0.0096367
 0.000530656 0.00119633 0.00205827 0.00303499 0.00405521 0.0050647 0.00602623 0.00691692 0.00772489 0.00844611 0.00908185 0.0096367
 0.000530656 0.00119633 0.00205827 0.00303499 0.00405521 0.0050647 0.00602623 0.00691692 0.00772489 0.00844611 0.00908185 0.0096367
 0.000530656 0.00119633 0.00205827 0.00303499 0.00405521 0.0050647 0.00602623 0.00691692 0.00772489 0.00844611 0.00908185 0.0096367
 0.000530656 0.00119633 0.00205827 0.00303499 0.00405521 0.0050647 0.00602623 0.00691692 0.00772489 0.00844611 0.00908185 0.0096367
 0.000530656 0.00119633 0.00205827 0.00303499 0.00405521 0.0050647 0.00602623 0.00691692 0.00772489 0.00844611 0.00908185 0.0096367
 0.000530656 0.00119633 0.00205827 0.00303499 0.00405521 0.0050647 0.00602623 0.00691692 0.00772489 0.00844611 0.00908185 0.0096367
 0.000530656 0.00119633 0.00205827 0.00303499 0.00405521 0.0050647 0.00602623 0.00691692 0.00772489 0.00844611 0.00908185 0.0096367
 0.000530656 0.00119633 0.00205827 0.00303499 0.00405521 0.0050647 0.00602623 0.00691692 0.00772489 0.00844611 0.00908185 0.0096367
 0.000530656 0.00119633 0.00205827 0.00303499 0.00405521 0.0050647 0.00602623 0.00691692 0.00772489 0.00844611 0.00908185 0.0096367
 0.000530656 0.00119633 0.00205827 0.00303499 0.00405521 0.0050647 0.00602623 0.00691692 0.00772489 0.00844611 0.00908185 0.0096367
 0.000530656 0.00119633 0.00205827 0.00303499 0.00405521 0.0050647 0.00602623 0.00691692 0.00772489 0.00844611 0.00908185 0.0096367
 0.000530656 0.00119633 0.00205827 0.00303499 0.00405521 0.0050647 0.00602623 0.00691692 0.00772489 0.00844611 0.00908185 0.0096367
 0.000530656 0.00119633 0.00205827 0.00303499 0.00405521 0.0050647 0.00602623 0.00691692 0.00772489 0.00844611 0.00908185 0.0096367
 0.000530656 0.00119633 0.00205827 0.00303499 0.00405521 0.0050647 0.00602623 0.00691692 0.00772489 0.00844611 0.00908185 0.0096367
 0.000530656 0.00119633 0.00205827 0.00303499 0.00405521 0.0050647 0.00602623 0.00691692 0.00772489 0.00844611 0.00908185 0.0096367
 0.000530656 0.00119633 0.00205827 0.00303499 0.00405521 0.0050647 0.00602623 0.00691692 0.00772489 0.00844611 0.00908185 0.0096367
 0.000530656 0.00119633 0.00205827 0.00303499 0.00405521 0.0050647 0.00602623 0.00691692 0.00772489 0.00844611 0.00908185 0.0096367
 0.000530656 0.00119633 0.00205827 0.00303499 0.00405521 0.0050647 0.00602623 0.00691692 0.00772489 0.00844611 0.00908185 0.0096367
 0.000530656 0.00119633 0.00205827 0.00303499 0.00405521 0.0050647 0.00602623 0.00691692 0.00772489 0.00844611 0.00908185 0.0096367
 0.000530656 0.00119633 0.00205827 0.00303499 0.00405521 0.0050647 0.00602623 0.00691692 0.00772489 0.00844611 0.00908185 0.0096367
 0.000530656 0.00119633 0.00205827 0.00303499 0.00405521 0.0050647 0.00602623 0.00691692 0.00772489 0.00844611 0.00908185 0.0096367
 0.000530656 0.00119633 0.00205827 0.00303499 0.00405521 0.0050647 0.00602623 0.00691692 0.00772489 0.00844611 0.00908185 0.0096367
 0.000530656 0.00119633 0.00205827 0.00303499 0.00405521 0.0050647 0.00602623 0.00691692 0.00772489 0.00844611 0.00908185 0.0096367
 0.000530656 0.00119633 0.00205827 0.00303499 0.00405521 0.0050647 0.00602623 0.00691692 0.00772489 0.00844611 0.00908185 0.0096367
 0.000530656 0.00119633 0.00205827 0.00303499 0.00405521 0.0050647 0.00602623 0.00691692 0.00772489 0.00844611 0.00908185 0.0096367
 0.000530656 0.00119633 0.00205827 0.00303499 0.00405521 0.0050647 0.00602623 0.00691692 0.00772489 0.00844611 0.00908185 0.0096367
 0.000530656 0.00119633 0.00205827 0.00303499 0.00405521 0.0050647 0.00602623 0.00691692 0.00772489 0.00844611 0.00908185 0.0096367
 0.000530656 0.00119633 0.00205827 0.00303499 0.00405521 0.0050647 0.00602623 0.00691692 0.00772489 0.00844611 0.00908185 0.0096367
# nyrs_ind_age
 30
# yrs_ind_age
 1 2 3 4 5 6 7 8 9 10 11 12 13 14 15 16 17 18 19 20 21 22 23 24 25 26 27 28 29 30
# n_sample_ind_age
 200 200 200 200 200 200 200 200 200 200 200 200 200 200 200 200 200 200 200 200 200 200 200 200 200 200 200 200 200 200
# oac_ind
 0.03 0.1 0.165 0.135 0.135 0.065 0.065 0.035 0.03 0.025 0.035 0.18
 0.1 0.115 0.175 0.08 0.095 0.06 0.045 0.07 0.025 0.04 0.015 0.18
 0.075 0.185 0.16 0.14 0.08 0.07 0.03 0.035 0.045 0.06 0.035 0.085
 0.05 0.125 0.2 0.125 0.085 0.07 0.06 0.07 0.05 0.04 0.01 0.115
 0.08 0.11 0.195 0.16 0.085 0.105 0.05 0.05 0.03 0.025 0.02 0.09
 0.05 0.135 0.145 0.155 0.125 0.075 0.06 0.05 0.045 0.04 0.02 0.1
 0.06 0.095 0.19 0.105 0.105 0.105 0.065 0.035 0.055 0.03 0.02 0.135
 0.085 0.185 0.15 0.1 0.12 0.06 0.08 0.03 0.025 0.06 0.025 0.08
 0.07 0.095 0.16 0.12 0.085 0.085 0.08 0.095 0.055 0.015 0.015 0.125
 0.11 0.18 0.155 0.13 0.105 0.075 0.06 0.04 0.025 0.035 0.025 0.06
 0.115 0.15 0.155 0.095 0.1 0.06 0.06 0.06 0.055 0.035 0.01 0.105
 0.065 0.23 0.17 0.095 0.08 0.09 0.035 0.06 0.035 0.03 0.015 0.095
 0.08 0.16 0.24 0.175 0.075 0.065 0.055 0.025 0.035 0.04 0.03 0.02
 0.085 0.175 0.17 0.21 0.115 0.045 0.04 0.04 0.01 0.035 0.01 0.065
 0.115 0.2 0.17 0.12 0.09 0.115 0.04 0.03 0.035 0.015 0.01 0.06
 0.075 0.195 0.225 0.155 0.115 0.1 0.045 0.01 0.005 0.02 0.01 0.045
 0.09 0.205 0.165 0.18 0.095 0.1 0.065 0.04 0.025 0.005 0 0.03
 0.075 0.215 0.215 0.12 0.12 0.07 0.05 0.03 0.04 0.01 0.015 0.04
 0.075 0.26 0.15 0.165 0.1 0.095 0.025 0.03 0.02 0.02 0.02 0.04
 0.145 0.2 0.19 0.16 0.1 0.075 0.02 0.02 0.03 0.015 0.025 0.02
 0.135 0.255 0.18 0.11 0.095 0.05 0.065 0.015 0.02 0.035 0.005 0.035
 0.1 0.24 0.23 0.18 0.055 0.04 0.04 0.03 0.03 0 0.015 0.04
 0.105 0.255 0.215 0.175 0.065 0.05 0.035 0.03 0.01 0.02 0.005 0.035
 0.125 0.16 0.285 0.13 0.13 0.03 0.035 0.025 0.025 0.025 0.005 0.025
 0.14 0.245 0.205 0.15 0.1 0.075 0.025 0.03 0.01 0.005 0.005 0.01
 0.195 0.22 0.27 0.09 0.085 0.045 0.05 0.01 0.015 0.015 0 0.005
 0.095 0.265 0.195 0.18 0.06 0.07 0.045 0.04 0.005 0.01 0.005 0.03
 0.11 0.255 0.27 0.15 0.13 0.03 0.025 0.025 0 0 0 0.005
 0.17 0.195 0.205 0.175 0.085 0.075 0.03 0.015 0.02 0.005 0.005 0.02
 0.17 0.29 0.17 0.15 0.095 0.05 0.045 0.005 0.015 0.005 0.005 0
# olc_ind

# obs_lse_ind
 0.198042 0.198042 0.198042 0.198042 0.198042 0.198042 0.198042 0.198042 0.198042 0.198042 0.198042 0.198042 0.198042 0.198042 0.198042 0.198042 0.198042 0.198042 0.198042 0.198042 0.198042 0.198042 0.198042 0.198042 0.198042 0.198042 0.198042 0.198042 0.198042 0.198042
# xages_fsh
 0 0 0 0 0 0 0 0 0 0 0 0
# xages_fsh
 0 0.0909091 0.181818 0.272727 0.363636 0.454545 0.545455 0.636364 0.727273 0.818182 0.909091 1
# xnodes_fsh

Yrs fsh_sel change:  1 0 0 0 0 0 0 0 0 0 0 0 0 0 0 0 0 0 0 0 0 0 0 0 0 0 0 0 0
Yrs ind_sel change:  1 0 0 0 0 0 0 0 0 0 0 0 0 0 0 0 0 0 0 0 0 0 0 0 0 0 0 0 0
# steepnessprior
0.75
# sigmarprior
0.2
#  SSB estimated in styr endyr: -13 28 
#  Rec estimated in styr endyr: -11 30 
#  SR Curve fit  in styr endyr: 1 30 
#             Model styr endyr: 1 30 
# qprior
 3.48998e-007
# q_power_prior 
 1 
# cv_catchbiomass 
0.05 
# CatchbiomassPen 
200 
# Number of projection years 
5 
# offset_fsh
 13393.9
# offset_ind
 13128.4
Mean Catch
1329.82
R_guess 
15.4529
# nfsh
1
# n_sel_ch_fsh
 1
# nselages_fsh
 11
# phase_selcoff_fsh
 -1
logRzero 15.4529
logmeanrec 15.4529
exp(log_sigmarprior 0.2
Fish sel phase: -1 FLEET1
Fixing fishery sel to
1
Srvy sel phase: -1
Fixing SURVEY1 indices sel to
1
# logsel_slp_in_indv
 0.693147
Leaving parameter init secton
# M
 0.2 0.2 0.2 0.2 0.2 0.2 0.2 0.2 0.2 0.2 0.2 0.2
 0.2 0.2 0.2 0.2 0.2 0.2 0.2 0.2 0.2 0.2 0.2 0.2
 0.2 0.2 0.2 0.2 0.2 0.2 0.2 0.2 0.2 0.2 0.2 0.2
 0.2 0.2 0.2 0.2 0.2 0.2 0.2 0.2 0.2 0.2 0.2 0.2
 0.2 0.2 0.2 0.2 0.2 0.2 0.2 0.2 0.2 0.2 0.2 0.2
 0.2 0.2 0.2 0.2 0.2 0.2 0.2 0.2 0.2 0.2 0.2 0.2
 0.2 0.2 0.2 0.2 0.2 0.2 0.2 0.2 0.2 0.2 0.2 0.2
 0.2 0.2 0.2 0.2 0.2 0.2 0.2 0.2 0.2 0.2 0.2 0.2
 0.2 0.2 0.2 0.2 0.2 0.2 0.2 0.2 0.2 0.2 0.2 0.2
 0.2 0.2 0.2 0.2 0.2 0.2 0.2 0.2 0.2 0.2 0.2 0.2
 0.2 0.2 0.2 0.2 0.2 0.2 0.2 0.2 0.2 0.2 0.2 0.2
 0.2 0.2 0.2 0.2 0.2 0.2 0.2 0.2 0.2 0.2 0.2 0.2
 0.2 0.2 0.2 0.2 0.2 0.2 0.2 0.2 0.2 0.2 0.2 0.2
 0.2 0.2 0.2 0.2 0.2 0.2 0.2 0.2 0.2 0.2 0.2 0.2
 0.2 0.2 0.2 0.2 0.2 0.2 0.2 0.2 0.2 0.2 0.2 0.2
 0.2 0.2 0.2 0.2 0.2 0.2 0.2 0.2 0.2 0.2 0.2 0.2
 0.2 0.2 0.2 0.2 0.2 0.2 0.2 0.2 0.2 0.2 0.2 0.2
 0.2 0.2 0.2 0.2 0.2 0.2 0.2 0.2 0.2 0.2 0.2 0.2
 0.2 0.2 0.2 0.2 0.2 0.2 0.2 0.2 0.2 0.2 0.2 0.2
 0.2 0.2 0.2 0.2 0.2 0.2 0.2 0.2 0.2 0.2 0.2 0.2
 0.2 0.2 0.2 0.2 0.2 0.2 0.2 0.2 0.2 0.2 0.2 0.2
 0.2 0.2 0.2 0.2 0.2 0.2 0.2 0.2 0.2 0.2 0.2 0.2
 0.2 0.2 0.2 0.2 0.2 0.2 0.2 0.2 0.2 0.2 0.2 0.2
 0.2 0.2 0.2 0.2 0.2 0.2 0.2 0.2 0.2 0.2 0.2 0.2
 0.2 0.2 0.2 0.2 0.2 0.2 0.2 0.2 0.2 0.2 0.2 0.2
 0.2 0.2 0.2 0.2 0.2 0.2 0.2 0.2 0.2 0.2 0.2 0.2
 0.2 0.2 0.2 0.2 0.2 0.2 0.2 0.2 0.2 0.2 0.2 0.2
 0.2 0.2 0.2 0.2 0.2 0.2 0.2 0.2 0.2 0.2 0.2 0.2
 0.2 0.2 0.2 0.2 0.2 0.2 0.2 0.2 0.2 0.2 0.2 0.2
 0.2 0.2 0.2 0.2 0.2 0.2 0.2 0.2 0.2 0.2 0.2 0.2
# mean_log_rec
13.7608
# log_Rzero
13.8874
# rec_dev
 0.0372971 0.0459695 -0.0181579 -0.148565 -0.119923 -0.111789 0.133005 -0.033768 0.0931577 -0.0115091 0.0338562 0.029084 0.0662774 0.330212 0.21585 0.0992701 0.146262 0.0570607 0.110953 -0.183604 -0.0951942 0.229546 0.377295 0.033611 -0.0519773 0.231679 0.0387015 0.103393 -0.104345 -0.164402 -0.100709 0.171971 -0.0608353 -0.0469845 -0.342767 -0.0895617 -0.182666 -0.0677979 -0.218891 -0.42181 -0.132546 -0.0746986
# fmort
 0.00907689 0.0263808 0.0442667 0.0596957 0.0478026 0.0868696 0.0892162 0.18836 0.110339 0.133911 0.151123 0.162042 0.118637 0.171031 0.181454 0.160574 0.316972 0.262716 0.258279 0.254225 0.354175 0.256023 0.419795 0.345025 0.337166 0.306027 0.294702 0.413414 0.314198 0.469113
# rec_dev_future
 0 0 0 0 0
