AMAK;Mar 2020
# styr
1
# endyr
30
# rec_age
1
# oldest_age
12
# nlength
81
# len_bins
 10 11 12 13 14 15 16 17 18 19 20 21 22 23 24 25 26 27 28 29 30 31 32 33 34 35 36 37 38 39 40 41 42 43 44 45 46 47 48 49 50 51 52 53 54 55 56 57 58 59 60 61 62 63 64 65 66 67 68 69 70 71 72 73 74 75 76 77 78 79 80 81 82 83 84 85 86 87 88 89 90
# datafile_name
amak_data.dat
# model_name
AMAK_MCP
# styr
1
# endyr
30
# rec_age
1
# oldest_age
12
# nfsh
1
# fshname
FLEET1
# catch_bio_in
 161.013 458.234 744.406 970.189 748.716 1307.19 1260.44 2434.79 1297.38 1492.34 1574.88 1528.15 1027.63 1398.92 1356.36 1152.03 2010.76 1473.06 1390.08 1310.15 1708.87 1168.52 1794.47 1337.01 1265.52 1129.04 1116.38 1475.05 1017.82 1433.92
# catch_bio_sd_in
 0.01 0.01 0.01 0.01 0.01 0.01 0.01 0.01 0.01 0.01 0.01 0.01 0.01 0.01 0.01 0.01 0.01 0.01 0.01 0.01 0.01 0.01 0.01 0.01 0.01 0.01 0.01 0.01 0.01 0.01
# nyrs_fsh_age
 30
# nyrs_fsh_length
 0
# yrs_fsh_age_in
 1 2 3 4 5 6 7 8 9 10 11 12 13 14 15 16 17 18 19 20 21 22 23 24 25 26 27 28 29 30
# yrs_fsh_length_in

# n_sample_fsh_length_in

# olc_fsh_in

# nind
1
# indname
SURVEY1
# nyrs_ind
 30
# yrs_ind_in
 1 2 3 4 5 6 7 8 9 10 11 12 13 14 15 16 17 18 19 20 21 22 23 24 25 26 27 28 29 30
# mo_ind
 1
# obs_ind_in
 1.24261 1.58076 1.9206 1.61664 1.45207 1.44528 1.20171 1.40539 1.50276 1.17264 1.13939 0.88614 0.980276 0.861817 0.920782 0.845626 0.877225 0.930289 0.693725 0.806545 0.782121 0.838697 0.719201 0.786657 0.673707 0.685473 0.616708 0.642382 0.57995 0.502819
# obs_se_ind_in
 0.248522 0.316153 0.384121 0.323329 0.290413 0.289056 0.240343 0.281078 0.300553 0.234527 0.227877 0.177228 0.196055 0.172363 0.184156 0.169125 0.175445 0.186058 0.138745 0.161309 0.156424 0.167739 0.14384 0.157331 0.134741 0.137095 0.123342 0.128476 0.11599 0.100564
# nyrs_ind_age
 30
# nyrs_ind_length
 0
# yrs_ind_age_in
 1 2 3 4 5 6 7 8 9 10 11 12 13 14 15 16 17 18 19 20 21 22 23 24 25 26 27 28 29 30
# yrs_ind_length_in

# yrs_ind_age_in
 1 2 3 4 5 6 7 8 9 10 11 12 13 14 15 16 17 18 19 20 21 22 23 24 25 26 27 28 29 30
# n_sample_ind_length_in

# olc_ind_in

# oac_ind_in
 0.04 0.125 0.185 0.095 0.13 0.095 0.05 0.05 0.03 0.025 0.02 0.155
 0.05 0.15 0.15 0.165 0.095 0.075 0.05 0.045 0.06 0.04 0.025 0.095
 0.08 0.105 0.135 0.17 0.065 0.095 0.08 0.03 0.04 0.04 0.015 0.145
 0.06 0.14 0.155 0.09 0.09 0.065 0.085 0.055 0.025 0.03 0.045 0.16
 0.07 0.13 0.17 0.06 0.105 0.11 0.09 0.045 0.04 0.04 0.025 0.115
 0.035 0.185 0.17 0.13 0.085 0.065 0.04 0.04 0.045 0.02 0.055 0.13
 0.09 0.13 0.22 0.12 0.085 0.065 0.1 0.055 0.005 0.035 0.02 0.075
 0.085 0.16 0.15 0.115 0.13 0.085 0.06 0.03 0.035 0.025 0.02 0.105
 0.075 0.195 0.185 0.13 0.08 0.045 0.095 0.025 0.01 0.015 0.01 0.135
 0.055 0.175 0.205 0.135 0.095 0.075 0.03 0.07 0.035 0.015 0.02 0.09
 0.085 0.095 0.155 0.24 0.105 0.03 0.105 0.065 0.02 0.025 0.02 0.055
 0.06 0.2 0.125 0.12 0.17 0.07 0.04 0.06 0.03 0.035 0.015 0.075
 0.125 0.1 0.165 0.125 0.1 0.075 0.07 0.05 0.04 0.015 0.055 0.08
 0.065 0.195 0.19 0.175 0.05 0.075 0.085 0.05 0.03 0.02 0 0.065
 0.11 0.165 0.18 0.11 0.09 0.06 0.045 0.06 0.02 0.045 0.02 0.095
 0.135 0.2 0.125 0.19 0.095 0.06 0.02 0.055 0.015 0.03 0.015 0.06
 0.13 0.19 0.18 0.08 0.175 0.04 0.055 0.015 0.03 0.015 0.02 0.07
 0.065 0.255 0.19 0.15 0.095 0.08 0.04 0.025 0.025 0.025 0.005 0.045
 0.11 0.22 0.23 0.12 0.13 0.06 0.05 0.015 0.015 0.005 0.015 0.03
 0.075 0.28 0.205 0.17 0.075 0.08 0.035 0.03 0.005 0.015 0.01 0.02
 0.115 0.145 0.29 0.15 0.105 0.04 0.07 0.03 0.025 0.005 0 0.025
 0.11 0.25 0.16 0.19 0.105 0.04 0.06 0.035 0.01 0.02 0.005 0.015
 0.115 0.235 0.225 0.125 0.09 0.09 0.04 0.025 0.02 0.005 0.005 0.025
 0.085 0.275 0.295 0.125 0.06 0.055 0.03 0.03 0 0.01 0.005 0.03
 0.11 0.26 0.175 0.185 0.09 0.05 0.065 0.02 0.01 0.02 0.005 0.01
 0.125 0.325 0.165 0.145 0.06 0.08 0.015 0.01 0.02 0.02 0.015 0.02
 0.08 0.24 0.29 0.15 0.095 0.065 0.045 0.015 0.02 0 0 0
 0.09 0.19 0.255 0.195 0.07 0.075 0.075 0.025 0.005 0.01 0 0.01
 0.14 0.285 0.155 0.165 0.135 0.045 0.025 0.02 0.015 0 0.005 0.01
 0.135 0.21 0.21 0.16 0.095 0.115 0.025 0.015 0.01 0.01 0 0.015
# wt_ind
 1 1 1 1 1 1 1 1 1 1 1 1
 1 1 1 1 1 1 1 1 1 1 1 1
 1 1 1 1 1 1 1 1 1 1 1 1
 1 1 1 1 1 1 1 1 1 1 1 1
 1 1 1 1 1 1 1 1 1 1 1 1
 1 1 1 1 1 1 1 1 1 1 1 1
 1 1 1 1 1 1 1 1 1 1 1 1
 1 1 1 1 1 1 1 1 1 1 1 1
 1 1 1 1 1 1 1 1 1 1 1 1
 1 1 1 1 1 1 1 1 1 1 1 1
 1 1 1 1 1 1 1 1 1 1 1 1
 1 1 1 1 1 1 1 1 1 1 1 1
 1 1 1 1 1 1 1 1 1 1 1 1
 1 1 1 1 1 1 1 1 1 1 1 1
 1 1 1 1 1 1 1 1 1 1 1 1
 1 1 1 1 1 1 1 1 1 1 1 1
 1 1 1 1 1 1 1 1 1 1 1 1
 1 1 1 1 1 1 1 1 1 1 1 1
 1 1 1 1 1 1 1 1 1 1 1 1
 1 1 1 1 1 1 1 1 1 1 1 1
 1 1 1 1 1 1 1 1 1 1 1 1
 1 1 1 1 1 1 1 1 1 1 1 1
 1 1 1 1 1 1 1 1 1 1 1 1
 1 1 1 1 1 1 1 1 1 1 1 1
 1 1 1 1 1 1 1 1 1 1 1 1
 1 1 1 1 1 1 1 1 1 1 1 1
 1 1 1 1 1 1 1 1 1 1 1 1
 1 1 1 1 1 1 1 1 1 1 1 1
 1 1 1 1 1 1 1 1 1 1 1 1
 1 1 1 1 1 1 1 1 1 1 1 1
# wt_pop
 0.000530656 0.00119633 0.00205827 0.00303499 0.00405521 0.0050647 0.00602623 0.00691692 0.00772489 0.00844611 0.00908185 0.0096367
# maturity
 0.0229774 0.320821 0.904651 0.99478 0.999739 0.999987 0.999999 1 1 1 1 1
# spawnmo
1
# age_err
 1 0 0 0 0 0 0 0 0 0 0 0
 0 1 0 0 0 0 0 0 0 0 0 0
 0 0 1 0 0 0 0 0 0 0 0 0
 0 0 0 1 0 0 0 0 0 0 0 0
 0 0 0 0 1 0 0 0 0 0 0 0
 0 0 0 0 0 1 0 0 0 0 0 0
 0 0 0 0 0 0 1 0 0 0 0 0
 0 0 0 0 0 0 0 1 0 0 0 0
 0 0 0 0 0 0 0 0 1 0 0 0
 0 0 0 0 0 0 0 0 0 1 0 0
 0 0 0 0 0 0 0 0 0 0 1 0
 0 0 0 0 0 0 0 0 0 0 0 1
# cntrlfile_name
C:\Users\bai.li\DOCUME~1\Github\AGE_ST~1\ASSAMC\example\output\AMAK\s63\amak.dat
# Map shared selectivity: 
# sel_map
 1 2
 1 1
# datafile_name
amak_data.dat
# model_name
AMAK_MCP
# SrType
2
# use_age_err
0
# retro
0
# sigmarprior
0.2
# cvsigmarprior
0.25
# phase_sigmar
-3
# styr_rec_est
1
# endyr_rec_est
30
# Linfprior
80
# cvLinfprior
0.25
# kprior
0.18
# cvkprior
0.25
# Loprior
27.688
# cvLoprior
0.25
# sdageprior
0.1
# cvsdageprior
0.25
# natmortprior
0.2
# cvnatmortprior
0.25
# phase_M
-4
# npars_Mage
0
# ages_M_changes

# Mage_in

# Mage_offset_in

# phase_Mage
-5
# phase_rw_M
0
# npars_rw_M
0
# yrs_rw_M

# sigma_rw_M

# qprior
 3.48998e-007
# cvqprior
 1
# phase_q
 1
# q_power_prior
 1
# cvq_power_prior
 0.2
# phase_q_power
 -4
# phase_rw_q
 -1
# npars_rw_q
 0
# yrs_rw_q

# sigma_rw_q

# q_age_min
 1
# q_age_max
 12
# q_age_min
 1
# q_age_max
 12
# fsh_sel_opt(k)
2
# phase_sel_fsh(k)
2
# n_sel_ch_fsh(k)
1
# sel_slp_in_fsh(k)(1,n_sel_ch_fsh(k))
 1
# sel_inf_in_fsh(k)(1,n_sel_ch_fsh(k))
 2
# logsel_slp_in_fsh(k)(1,n_sel_ch_fsh(k))
 0
# yrs_sel_ch_fsh(k)(1,n_sel_ch_fsh(k))
 1

Survey SURVEY1
# ind_sel_opt(k)
2
# indname(k)
SURVEY1
# nselages_in_ind(k)
11
# phase_sel_ind(k)
2
# sel_change_in_ind(k)
 1 0 0 0 0 0 0 0 0 0 0 0 0 0 0 0 0 0 0 0 0 0 0 0 0 0 0 0 0 0
# n_sel_ch_ind(k)
1
# yrs_sel_ch_ind(k)(1,n_sel_ch_ind(k))
 1
# sel_slp_in_ind(k,1)
2
# sel_inf_in_ind(k,1)
1.5
# logsel_slp_in_ind(k,1)
0.693147
# logsel_slp_in_indv(k)
0.693147
SURVEY1 ind sel opt 2  1 0 0 0 0 0 0 0 0 0 0 0 0 0 0 0 0 0 0 0 0 0 0 0 0 0 0 0 0 0
Phase indices Sel_Coffs:  -1
 Test: 1.23457e+008
# Fshry Selages:  11
# Srvy  Selages:  11
# Phase for age-spec fishery  -1
# Phase for logistic fishery  2
# Phase for dble logistic fishery  -1
# Phase for age-spec indices   -1
# Phase for logistic indices   2
# Phase for dble logistic ind  -1
# Curv_pen_fsh: 
 0
# Curv_pen_ind: 
 0
# styr_fut
31
# endyr_fut
35
# nyrs_fsh_age
 30
# nyrs_fsh_age
 30
# yrs_fsh_age
 1 2 3 4 5 6 7 8 9 10 11 12 13 14 15 16 17 18 19 20 21 22 23 24 25 26 27 28 29 30
# n_sample_fsh_age
 200 200 200 200 200 200 200 200 200 200 200 200 200 200 200 200 200 200 200 200 200 200 200 200 200 200 200 200 200 200
# oac_fsh
 0.08 0.075 0.135 0.135 0.11 0.09 0.06 0.065 0.05 0.035 0.035 0.13
 0.09 0.09 0.15 0.115 0.06 0.12 0.04 0.055 0.035 0.045 0.05 0.15
 0.085 0.105 0.205 0.09 0.115 0.085 0.08 0.05 0.02 0.045 0.025 0.095
 0.085 0.115 0.155 0.135 0.12 0.065 0.06 0.07 0.025 0.045 0.03 0.095
 0.05 0.08 0.115 0.095 0.155 0.14 0.045 0.05 0.055 0.035 0.035 0.145
 0.075 0.15 0.135 0.17 0.1 0.08 0.055 0.045 0.03 0.015 0.01 0.135
 0.105 0.075 0.155 0.115 0.155 0.085 0.05 0.03 0.045 0.045 0.02 0.12
 0.115 0.195 0.07 0.105 0.115 0.095 0.05 0.045 0.03 0.03 0.025 0.125
 0.035 0.17 0.16 0.15 0.095 0.145 0.05 0.02 0.025 0.03 0.015 0.105
 0.065 0.07 0.16 0.135 0.135 0.105 0.085 0.07 0.025 0.015 0.025 0.11
 0.07 0.11 0.115 0.155 0.13 0.065 0.115 0.055 0.035 0.03 0.025 0.095
 0.045 0.155 0.15 0.125 0.115 0.075 0.06 0.09 0.055 0.015 0.03 0.085
 0.085 0.125 0.14 0.16 0.085 0.115 0.085 0.04 0.025 0.055 0.035 0.05
 0.11 0.13 0.15 0.095 0.12 0.075 0.08 0.075 0.025 0.035 0.03 0.075
 0.11 0.135 0.195 0.075 0.135 0.045 0.075 0.075 0.05 0.025 0.015 0.065
 0.075 0.195 0.16 0.215 0.075 0.07 0.035 0.025 0.06 0.02 0 0.07
 0.13 0.17 0.18 0.155 0.105 0.07 0.06 0.025 0.03 0.025 0.015 0.035
 0.12 0.16 0.15 0.175 0.1 0.095 0.045 0.055 0.02 0.01 0.02 0.05
 0.16 0.145 0.19 0.15 0.09 0.05 0.085 0.025 0.005 0.015 0.015 0.07
 0.1 0.235 0.17 0.185 0.08 0.08 0.05 0.04 0.02 0.01 0.005 0.025
 0.11 0.155 0.195 0.165 0.15 0.06 0.055 0.035 0.03 0.005 0.01 0.03
 0.22 0.2 0.145 0.14 0.06 0.115 0.055 0.005 0.02 0 0.01 0.03
 0.105 0.295 0.17 0.15 0.08 0.08 0.03 0.025 0.015 0.01 0.01 0.03
 0.17 0.225 0.245 0.14 0.075 0.07 0.035 0.015 0.01 0.01 0 0.005
 0.215 0.205 0.165 0.14 0.11 0.04 0.06 0.015 0.005 0.015 0.005 0.025
 0.145 0.255 0.145 0.185 0.135 0.06 0.03 0.02 0.005 0.005 0.01 0.005
 0.1 0.18 0.295 0.13 0.115 0.055 0.06 0.025 0.02 0 0 0.02
 0.135 0.12 0.23 0.265 0.055 0.055 0.05 0.055 0.02 0.01 0 0.005
 0.175 0.25 0.145 0.13 0.135 0.055 0.04 0.025 0.025 0.015 0.005 0
 0.23 0.21 0.185 0.08 0.08 0.08 0.05 0.025 0.01 0.025 0 0.025
# olc_fsh

# wt_fsh
 0.000530656 0.00119633 0.00205827 0.00303499 0.00405521 0.0050647 0.00602623 0.00691692 0.00772489 0.00844611 0.00908185 0.0096367
 0.000530656 0.00119633 0.00205827 0.00303499 0.00405521 0.0050647 0.00602623 0.00691692 0.00772489 0.00844611 0.00908185 0.0096367
 0.000530656 0.00119633 0.00205827 0.00303499 0.00405521 0.0050647 0.00602623 0.00691692 0.00772489 0.00844611 0.00908185 0.0096367
 0.000530656 0.00119633 0.00205827 0.00303499 0.00405521 0.0050647 0.00602623 0.00691692 0.00772489 0.00844611 0.00908185 0.0096367
 0.000530656 0.00119633 0.00205827 0.00303499 0.00405521 0.0050647 0.00602623 0.00691692 0.00772489 0.00844611 0.00908185 0.0096367
 0.000530656 0.00119633 0.00205827 0.00303499 0.00405521 0.0050647 0.00602623 0.00691692 0.00772489 0.00844611 0.00908185 0.0096367
 0.000530656 0.00119633 0.00205827 0.00303499 0.00405521 0.0050647 0.00602623 0.00691692 0.00772489 0.00844611 0.00908185 0.0096367
 0.000530656 0.00119633 0.00205827 0.00303499 0.00405521 0.0050647 0.00602623 0.00691692 0.00772489 0.00844611 0.00908185 0.0096367
 0.000530656 0.00119633 0.00205827 0.00303499 0.00405521 0.0050647 0.00602623 0.00691692 0.00772489 0.00844611 0.00908185 0.0096367
 0.000530656 0.00119633 0.00205827 0.00303499 0.00405521 0.0050647 0.00602623 0.00691692 0.00772489 0.00844611 0.00908185 0.0096367
 0.000530656 0.00119633 0.00205827 0.00303499 0.00405521 0.0050647 0.00602623 0.00691692 0.00772489 0.00844611 0.00908185 0.0096367
 0.000530656 0.00119633 0.00205827 0.00303499 0.00405521 0.0050647 0.00602623 0.00691692 0.00772489 0.00844611 0.00908185 0.0096367
 0.000530656 0.00119633 0.00205827 0.00303499 0.00405521 0.0050647 0.00602623 0.00691692 0.00772489 0.00844611 0.00908185 0.0096367
 0.000530656 0.00119633 0.00205827 0.00303499 0.00405521 0.0050647 0.00602623 0.00691692 0.00772489 0.00844611 0.00908185 0.0096367
 0.000530656 0.00119633 0.00205827 0.00303499 0.00405521 0.0050647 0.00602623 0.00691692 0.00772489 0.00844611 0.00908185 0.0096367
 0.000530656 0.00119633 0.00205827 0.00303499 0.00405521 0.0050647 0.00602623 0.00691692 0.00772489 0.00844611 0.00908185 0.0096367
 0.000530656 0.00119633 0.00205827 0.00303499 0.00405521 0.0050647 0.00602623 0.00691692 0.00772489 0.00844611 0.00908185 0.0096367
 0.000530656 0.00119633 0.00205827 0.00303499 0.00405521 0.0050647 0.00602623 0.00691692 0.00772489 0.00844611 0.00908185 0.0096367
 0.000530656 0.00119633 0.00205827 0.00303499 0.00405521 0.0050647 0.00602623 0.00691692 0.00772489 0.00844611 0.00908185 0.0096367
 0.000530656 0.00119633 0.00205827 0.00303499 0.00405521 0.0050647 0.00602623 0.00691692 0.00772489 0.00844611 0.00908185 0.0096367
 0.000530656 0.00119633 0.00205827 0.00303499 0.00405521 0.0050647 0.00602623 0.00691692 0.00772489 0.00844611 0.00908185 0.0096367
 0.000530656 0.00119633 0.00205827 0.00303499 0.00405521 0.0050647 0.00602623 0.00691692 0.00772489 0.00844611 0.00908185 0.0096367
 0.000530656 0.00119633 0.00205827 0.00303499 0.00405521 0.0050647 0.00602623 0.00691692 0.00772489 0.00844611 0.00908185 0.0096367
 0.000530656 0.00119633 0.00205827 0.00303499 0.00405521 0.0050647 0.00602623 0.00691692 0.00772489 0.00844611 0.00908185 0.0096367
 0.000530656 0.00119633 0.00205827 0.00303499 0.00405521 0.0050647 0.00602623 0.00691692 0.00772489 0.00844611 0.00908185 0.0096367
 0.000530656 0.00119633 0.00205827 0.00303499 0.00405521 0.0050647 0.00602623 0.00691692 0.00772489 0.00844611 0.00908185 0.0096367
 0.000530656 0.00119633 0.00205827 0.00303499 0.00405521 0.0050647 0.00602623 0.00691692 0.00772489 0.00844611 0.00908185 0.0096367
 0.000530656 0.00119633 0.00205827 0.00303499 0.00405521 0.0050647 0.00602623 0.00691692 0.00772489 0.00844611 0.00908185 0.0096367
 0.000530656 0.00119633 0.00205827 0.00303499 0.00405521 0.0050647 0.00602623 0.00691692 0.00772489 0.00844611 0.00908185 0.0096367
 0.000530656 0.00119633 0.00205827 0.00303499 0.00405521 0.0050647 0.00602623 0.00691692 0.00772489 0.00844611 0.00908185 0.0096367
# nyrs_ind_age
 30
# yrs_ind_age
 1 2 3 4 5 6 7 8 9 10 11 12 13 14 15 16 17 18 19 20 21 22 23 24 25 26 27 28 29 30
# n_sample_ind_age
 200 200 200 200 200 200 200 200 200 200 200 200 200 200 200 200 200 200 200 200 200 200 200 200 200 200 200 200 200 200
# oac_ind
 0.04 0.125 0.185 0.095 0.13 0.095 0.05 0.05 0.03 0.025 0.02 0.155
 0.05 0.15 0.15 0.165 0.095 0.075 0.05 0.045 0.06 0.04 0.025 0.095
 0.08 0.105 0.135 0.17 0.065 0.095 0.08 0.03 0.04 0.04 0.015 0.145
 0.06 0.14 0.155 0.09 0.09 0.065 0.085 0.055 0.025 0.03 0.045 0.16
 0.07 0.13 0.17 0.06 0.105 0.11 0.09 0.045 0.04 0.04 0.025 0.115
 0.035 0.185 0.17 0.13 0.085 0.065 0.04 0.04 0.045 0.02 0.055 0.13
 0.09 0.13 0.22 0.12 0.085 0.065 0.1 0.055 0.005 0.035 0.02 0.075
 0.085 0.16 0.15 0.115 0.13 0.085 0.06 0.03 0.035 0.025 0.02 0.105
 0.075 0.195 0.185 0.13 0.08 0.045 0.095 0.025 0.01 0.015 0.01 0.135
 0.055 0.175 0.205 0.135 0.095 0.075 0.03 0.07 0.035 0.015 0.02 0.09
 0.085 0.095 0.155 0.24 0.105 0.03 0.105 0.065 0.02 0.025 0.02 0.055
 0.06 0.2 0.125 0.12 0.17 0.07 0.04 0.06 0.03 0.035 0.015 0.075
 0.125 0.1 0.165 0.125 0.1 0.075 0.07 0.05 0.04 0.015 0.055 0.08
 0.065 0.195 0.19 0.175 0.05 0.075 0.085 0.05 0.03 0.02 0 0.065
 0.11 0.165 0.18 0.11 0.09 0.06 0.045 0.06 0.02 0.045 0.02 0.095
 0.135 0.2 0.125 0.19 0.095 0.06 0.02 0.055 0.015 0.03 0.015 0.06
 0.13 0.19 0.18 0.08 0.175 0.04 0.055 0.015 0.03 0.015 0.02 0.07
 0.065 0.255 0.19 0.15 0.095 0.08 0.04 0.025 0.025 0.025 0.005 0.045
 0.11 0.22 0.23 0.12 0.13 0.06 0.05 0.015 0.015 0.005 0.015 0.03
 0.075 0.28 0.205 0.17 0.075 0.08 0.035 0.03 0.005 0.015 0.01 0.02
 0.115 0.145 0.29 0.15 0.105 0.04 0.07 0.03 0.025 0.005 0 0.025
 0.11 0.25 0.16 0.19 0.105 0.04 0.06 0.035 0.01 0.02 0.005 0.015
 0.115 0.235 0.225 0.125 0.09 0.09 0.04 0.025 0.02 0.005 0.005 0.025
 0.085 0.275 0.295 0.125 0.06 0.055 0.03 0.03 0 0.01 0.005 0.03
 0.11 0.26 0.175 0.185 0.09 0.05 0.065 0.02 0.01 0.02 0.005 0.01
 0.125 0.325 0.165 0.145 0.06 0.08 0.015 0.01 0.02 0.02 0.015 0.02
 0.08 0.24 0.29 0.15 0.095 0.065 0.045 0.015 0.02 0 0 0
 0.09 0.19 0.255 0.195 0.07 0.075 0.075 0.025 0.005 0.01 0 0.01
 0.14 0.285 0.155 0.165 0.135 0.045 0.025 0.02 0.015 0 0.005 0.01
 0.135 0.21 0.21 0.16 0.095 0.115 0.025 0.015 0.01 0.01 0 0.015
# olc_ind

# obs_lse_ind
 0.198042 0.198042 0.198042 0.198042 0.198042 0.198042 0.198042 0.198042 0.198042 0.198042 0.198042 0.198042 0.198042 0.198042 0.198042 0.198042 0.198042 0.198042 0.198042 0.198042 0.198042 0.198042 0.198042 0.198042 0.198042 0.198042 0.198042 0.198042 0.198042 0.198042
# xages_fsh
 0 0 0 0 0 0 0 0 0 0 0 0
# xages_fsh
 0 0.0909091 0.181818 0.272727 0.363636 0.454545 0.545455 0.636364 0.727273 0.818182 0.909091 1
# xnodes_fsh

Yrs fsh_sel change:  1 0 0 0 0 0 0 0 0 0 0 0 0 0 0 0 0 0 0 0 0 0 0 0 0 0 0 0 0
Yrs ind_sel change:  1 0 0 0 0 0 0 0 0 0 0 0 0 0 0 0 0 0 0 0 0 0 0 0 0 0 0 0 0
# steepnessprior
0.75
# sigmarprior
0.2
#  SSB estimated in styr endyr: -13 28 
#  Rec estimated in styr endyr: -11 30 
#  SR Curve fit  in styr endyr: 1 30 
#             Model styr endyr: 1 30 
# qprior
 3.48998e-007
# q_power_prior 
 1 
# cv_catchbiomass 
0.05 
# CatchbiomassPen 
200 
# Number of projection years 
5 
# offset_fsh
 13372.2
# offset_ind
 13081.9
Mean Catch
1284.78
R_guess 
15.4185
# nfsh
1
# n_sel_ch_fsh
 1
# nselages_fsh
 11
# phase_selcoff_fsh
 -1
logRzero 15.4185
logmeanrec 15.4185
exp(log_sigmarprior 0.2
Fish sel phase: -1 FLEET1
Fixing fishery sel to
1
Srvy sel phase: -1
Fixing SURVEY1 indices sel to
1
# logsel_slp_in_indv
 0.693147
Leaving parameter init secton
# M
 0.2 0.2 0.2 0.2 0.2 0.2 0.2 0.2 0.2 0.2 0.2 0.2
 0.2 0.2 0.2 0.2 0.2 0.2 0.2 0.2 0.2 0.2 0.2 0.2
 0.2 0.2 0.2 0.2 0.2 0.2 0.2 0.2 0.2 0.2 0.2 0.2
 0.2 0.2 0.2 0.2 0.2 0.2 0.2 0.2 0.2 0.2 0.2 0.2
 0.2 0.2 0.2 0.2 0.2 0.2 0.2 0.2 0.2 0.2 0.2 0.2
 0.2 0.2 0.2 0.2 0.2 0.2 0.2 0.2 0.2 0.2 0.2 0.2
 0.2 0.2 0.2 0.2 0.2 0.2 0.2 0.2 0.2 0.2 0.2 0.2
 0.2 0.2 0.2 0.2 0.2 0.2 0.2 0.2 0.2 0.2 0.2 0.2
 0.2 0.2 0.2 0.2 0.2 0.2 0.2 0.2 0.2 0.2 0.2 0.2
 0.2 0.2 0.2 0.2 0.2 0.2 0.2 0.2 0.2 0.2 0.2 0.2
 0.2 0.2 0.2 0.2 0.2 0.2 0.2 0.2 0.2 0.2 0.2 0.2
 0.2 0.2 0.2 0.2 0.2 0.2 0.2 0.2 0.2 0.2 0.2 0.2
 0.2 0.2 0.2 0.2 0.2 0.2 0.2 0.2 0.2 0.2 0.2 0.2
 0.2 0.2 0.2 0.2 0.2 0.2 0.2 0.2 0.2 0.2 0.2 0.2
 0.2 0.2 0.2 0.2 0.2 0.2 0.2 0.2 0.2 0.2 0.2 0.2
 0.2 0.2 0.2 0.2 0.2 0.2 0.2 0.2 0.2 0.2 0.2 0.2
 0.2 0.2 0.2 0.2 0.2 0.2 0.2 0.2 0.2 0.2 0.2 0.2
 0.2 0.2 0.2 0.2 0.2 0.2 0.2 0.2 0.2 0.2 0.2 0.2
 0.2 0.2 0.2 0.2 0.2 0.2 0.2 0.2 0.2 0.2 0.2 0.2
 0.2 0.2 0.2 0.2 0.2 0.2 0.2 0.2 0.2 0.2 0.2 0.2
 0.2 0.2 0.2 0.2 0.2 0.2 0.2 0.2 0.2 0.2 0.2 0.2
 0.2 0.2 0.2 0.2 0.2 0.2 0.2 0.2 0.2 0.2 0.2 0.2
 0.2 0.2 0.2 0.2 0.2 0.2 0.2 0.2 0.2 0.2 0.2 0.2
 0.2 0.2 0.2 0.2 0.2 0.2 0.2 0.2 0.2 0.2 0.2 0.2
 0.2 0.2 0.2 0.2 0.2 0.2 0.2 0.2 0.2 0.2 0.2 0.2
 0.2 0.2 0.2 0.2 0.2 0.2 0.2 0.2 0.2 0.2 0.2 0.2
 0.2 0.2 0.2 0.2 0.2 0.2 0.2 0.2 0.2 0.2 0.2 0.2
 0.2 0.2 0.2 0.2 0.2 0.2 0.2 0.2 0.2 0.2 0.2 0.2
 0.2 0.2 0.2 0.2 0.2 0.2 0.2 0.2 0.2 0.2 0.2 0.2
 0.2 0.2 0.2 0.2 0.2 0.2 0.2 0.2 0.2 0.2 0.2 0.2
# mean_log_rec
13.7577
# log_Rzero
13.8231
# rec_dev
 -0.0376118 -0.0455812 -0.069833 -0.00842148 -0.0433532 0.0953083 -0.0864466 -0.0937851 0.108645 0.00431938 0.0186395 0.0734679 0.082035 -0.017912 0.232799 0.152636 0.234336 -0.0354734 0.208897 0.283821 -0.130029 -0.278129 -0.0884305 -0.328137 0.0906337 -0.189247 0.0417339 -0.0820753 0.0918582 -0.0897331 0.116473 -0.270748 0.0208572 0.138804 -0.0626208 -0.216824 0.172696 -0.160287 -0.501659 -0.229021 -0.262216 -0.0653131
# fmort
 0.00922403 0.0265946 0.0443588 0.0600004 0.0477419 0.0864145 0.0875473 0.184367 0.107345 0.130666 0.149171 0.159149 0.115204 0.167282 0.174917 0.156839 0.299418 0.245428 0.246747 0.244143 0.344655 0.252536 0.416455 0.341333 0.33789 0.306717 0.304561 0.433914 0.330476 0.516911
# rec_dev_future
 0 0 0 0 0
