AMAK;Mar 2020
# styr
1
# endyr
30
# rec_age
1
# oldest_age
12
# nlength
81
# len_bins
 10 11 12 13 14 15 16 17 18 19 20 21 22 23 24 25 26 27 28 29 30 31 32 33 34 35 36 37 38 39 40 41 42 43 44 45 46 47 48 49 50 51 52 53 54 55 56 57 58 59 60 61 62 63 64 65 66 67 68 69 70 71 72 73 74 75 76 77 78 79 80 81 82 83 84 85 86 87 88 89 90
# datafile_name
amak_data.dat
# model_name
AMAK_MCP
# styr
1
# endyr
30
# rec_age
1
# oldest_age
12
# nfsh
1
# fshname
FLEET1
# catch_bio_in
 160.481 458.933 736.572 960.576 742.015 1264.12 1212.83 2363.37 1277.83 1487.98 1586.29 1592.83 1120.91 1589.29 1579.99 1368.25 2417.59 1768.59 1614.7 1472.06 1847.05 1209.94 1825.84 1307.17 1179.18 993.68 927.718 1191.83 843.311 1218.93
# catch_bio_sd_in
 0.01 0.01 0.01 0.01 0.01 0.01 0.01 0.01 0.01 0.01 0.01 0.01 0.01 0.01 0.01 0.01 0.01 0.01 0.01 0.01 0.01 0.01 0.01 0.01 0.01 0.01 0.01 0.01 0.01 0.01
# nyrs_fsh_age
 30
# nyrs_fsh_length
 0
# yrs_fsh_age_in
 1 2 3 4 5 6 7 8 9 10 11 12 13 14 15 16 17 18 19 20 21 22 23 24 25 26 27 28 29 30
# yrs_fsh_length_in

# n_sample_fsh_length_in

# olc_fsh_in

# nind
1
# indname
SURVEY1
# nyrs_ind
 30
# yrs_ind_in
 1 2 3 4 5 6 7 8 9 10 11 12 13 14 15 16 17 18 19 20 21 22 23 24 25 26 27 28 29 30
# mo_ind
 1
# obs_ind_in
 1.18839 1.38019 1.65788 1.45396 1.60607 1.44619 1.4491 1.34281 1.20118 0.992536 1.03432 1.23764 1.33404 0.990729 1.11867 0.980116 1.13087 0.82374 0.936798 0.821175 0.722728 0.756695 0.742899 0.610372 0.56199 0.613661 0.459363 0.528173 0.440451 0.514072
# obs_se_ind_in
 0.237677 0.276039 0.331577 0.290793 0.321215 0.289237 0.28982 0.268562 0.240236 0.198507 0.206864 0.247528 0.266807 0.198146 0.223735 0.196023 0.226175 0.164748 0.18736 0.164235 0.144546 0.151339 0.14858 0.122074 0.112398 0.122732 0.0918725 0.105635 0.0880902 0.102814
# nyrs_ind_age
 30
# nyrs_ind_length
 0
# yrs_ind_age_in
 1 2 3 4 5 6 7 8 9 10 11 12 13 14 15 16 17 18 19 20 21 22 23 24 25 26 27 28 29 30
# yrs_ind_length_in

# yrs_ind_age_in
 1 2 3 4 5 6 7 8 9 10 11 12 13 14 15 16 17 18 19 20 21 22 23 24 25 26 27 28 29 30
# n_sample_ind_length_in

# olc_ind_in

# oac_ind_in
 0.04 0.16 0.115 0.085 0.15 0.105 0.06 0.055 0.055 0.055 0.025 0.095
 0.065 0.15 0.135 0.135 0.09 0.08 0.105 0.035 0.03 0.04 0.04 0.095
 0.07 0.16 0.145 0.075 0.095 0.075 0.08 0.03 0.035 0.055 0.05 0.13
 0.05 0.085 0.195 0.115 0.07 0.055 0.08 0.05 0.065 0.035 0.015 0.185
 0.115 0.13 0.1 0.14 0.095 0.07 0.065 0.055 0.05 0.045 0.02 0.115
 0.07 0.185 0.12 0.115 0.115 0.065 0.055 0.055 0.05 0.02 0.03 0.12
 0.13 0.12 0.165 0.12 0.075 0.06 0.07 0.05 0.075 0.015 0.04 0.08
 0.035 0.315 0.12 0.12 0.08 0.075 0.06 0.03 0.025 0.02 0.025 0.095
 0.08 0.15 0.26 0.125 0.095 0.05 0.04 0.05 0.03 0.03 0.03 0.06
 0.12 0.17 0.14 0.18 0.115 0.06 0.035 0.035 0.045 0.02 0.02 0.06
 0.1 0.145 0.145 0.165 0.15 0.065 0.045 0.03 0.015 0.045 0.02 0.075
 0.105 0.245 0.125 0.105 0.07 0.105 0.065 0.04 0.035 0.02 0.02 0.065
 0.07 0.21 0.21 0.115 0.115 0.06 0.075 0.035 0.015 0.04 0 0.055
 0.07 0.175 0.245 0.165 0.115 0.06 0.035 0.06 0.03 0.005 0.005 0.035
 0.085 0.175 0.145 0.22 0.095 0.075 0.045 0.03 0.04 0.03 0.015 0.045
 0.11 0.18 0.2 0.125 0.105 0.12 0.05 0.03 0.02 0.015 0.015 0.03
 0.12 0.165 0.2 0.155 0.075 0.095 0.04 0.04 0.04 0.015 0.035 0.02
 0.09 0.275 0.19 0.135 0.075 0.03 0.045 0.06 0.03 0.025 0.005 0.04
 0.09 0.175 0.2 0.175 0.15 0.07 0.035 0.01 0.04 0.005 0.005 0.045
 0.15 0.16 0.215 0.115 0.07 0.075 0.08 0.04 0.025 0.03 0.01 0.03
 0.105 0.26 0.185 0.14 0.135 0.03 0.05 0.04 0.015 0.015 0.01 0.015
 0.105 0.195 0.245 0.125 0.14 0.065 0.025 0.035 0.015 0.01 0.01 0.03
 0.11 0.23 0.205 0.165 0.085 0.055 0.06 0.025 0.03 0.01 0.005 0.02
 0.12 0.195 0.205 0.12 0.14 0.06 0.05 0.035 0.035 0.005 0.015 0.02
 0.085 0.225 0.205 0.185 0.145 0.07 0.015 0.025 0.02 0.015 0.005 0.005
 0.125 0.145 0.25 0.175 0.135 0.045 0.035 0.025 0.02 0.01 0.02 0.015
 0.12 0.325 0.14 0.17 0.095 0.035 0.045 0.035 0 0.005 0.01 0.02
 0.095 0.265 0.245 0.11 0.145 0.08 0.015 0.03 0.005 0.005 0 0.005
 0.145 0.23 0.26 0.16 0.05 0.06 0.025 0.01 0.025 0.02 0.005 0.01
 0.2 0.255 0.155 0.155 0.105 0.05 0.03 0.025 0.005 0.01 0.005 0.005
# wt_ind
 1 1 1 1 1 1 1 1 1 1 1 1
 1 1 1 1 1 1 1 1 1 1 1 1
 1 1 1 1 1 1 1 1 1 1 1 1
 1 1 1 1 1 1 1 1 1 1 1 1
 1 1 1 1 1 1 1 1 1 1 1 1
 1 1 1 1 1 1 1 1 1 1 1 1
 1 1 1 1 1 1 1 1 1 1 1 1
 1 1 1 1 1 1 1 1 1 1 1 1
 1 1 1 1 1 1 1 1 1 1 1 1
 1 1 1 1 1 1 1 1 1 1 1 1
 1 1 1 1 1 1 1 1 1 1 1 1
 1 1 1 1 1 1 1 1 1 1 1 1
 1 1 1 1 1 1 1 1 1 1 1 1
 1 1 1 1 1 1 1 1 1 1 1 1
 1 1 1 1 1 1 1 1 1 1 1 1
 1 1 1 1 1 1 1 1 1 1 1 1
 1 1 1 1 1 1 1 1 1 1 1 1
 1 1 1 1 1 1 1 1 1 1 1 1
 1 1 1 1 1 1 1 1 1 1 1 1
 1 1 1 1 1 1 1 1 1 1 1 1
 1 1 1 1 1 1 1 1 1 1 1 1
 1 1 1 1 1 1 1 1 1 1 1 1
 1 1 1 1 1 1 1 1 1 1 1 1
 1 1 1 1 1 1 1 1 1 1 1 1
 1 1 1 1 1 1 1 1 1 1 1 1
 1 1 1 1 1 1 1 1 1 1 1 1
 1 1 1 1 1 1 1 1 1 1 1 1
 1 1 1 1 1 1 1 1 1 1 1 1
 1 1 1 1 1 1 1 1 1 1 1 1
 1 1 1 1 1 1 1 1 1 1 1 1
# wt_pop
 0.000530656 0.00119633 0.00205827 0.00303499 0.00405521 0.0050647 0.00602623 0.00691692 0.00772489 0.00844611 0.00908185 0.0096367
# maturity
 0.0229774 0.320821 0.904651 0.99478 0.999739 0.999987 0.999999 1 1 1 1 1
# spawnmo
1
# age_err
 1 0 0 0 0 0 0 0 0 0 0 0
 0 1 0 0 0 0 0 0 0 0 0 0
 0 0 1 0 0 0 0 0 0 0 0 0
 0 0 0 1 0 0 0 0 0 0 0 0
 0 0 0 0 1 0 0 0 0 0 0 0
 0 0 0 0 0 1 0 0 0 0 0 0
 0 0 0 0 0 0 1 0 0 0 0 0
 0 0 0 0 0 0 0 1 0 0 0 0
 0 0 0 0 0 0 0 0 1 0 0 0
 0 0 0 0 0 0 0 0 0 1 0 0
 0 0 0 0 0 0 0 0 0 0 1 0
 0 0 0 0 0 0 0 0 0 0 0 1
# cntrlfile_name
C:\Users\bai.li\DOCUME~1\Github\AGE_ST~1\ASSAMC\example\output\AMAK\s79\amak.dat
# Map shared selectivity: 
# sel_map
 1 2
 1 1
# datafile_name
amak_data.dat
# model_name
AMAK_MCP
# SrType
2
# use_age_err
0
# retro
0
# sigmarprior
0.2
# cvsigmarprior
0.25
# phase_sigmar
-3
# styr_rec_est
1
# endyr_rec_est
30
# Linfprior
80
# cvLinfprior
0.25
# kprior
0.18
# cvkprior
0.25
# Loprior
27.688
# cvLoprior
0.25
# sdageprior
0.1
# cvsdageprior
0.25
# natmortprior
0.2
# cvnatmortprior
0.25
# phase_M
-4
# npars_Mage
0
# ages_M_changes

# Mage_in

# Mage_offset_in

# phase_Mage
-5
# phase_rw_M
0
# npars_rw_M
0
# yrs_rw_M

# sigma_rw_M

# qprior
 3.48998e-007
# cvqprior
 1
# phase_q
 1
# q_power_prior
 1
# cvq_power_prior
 0.2
# phase_q_power
 -4
# phase_rw_q
 -1
# npars_rw_q
 0
# yrs_rw_q

# sigma_rw_q

# q_age_min
 1
# q_age_max
 12
# q_age_min
 1
# q_age_max
 12
# fsh_sel_opt(k)
2
# phase_sel_fsh(k)
2
# n_sel_ch_fsh(k)
1
# sel_slp_in_fsh(k)(1,n_sel_ch_fsh(k))
 1
# sel_inf_in_fsh(k)(1,n_sel_ch_fsh(k))
 2
# logsel_slp_in_fsh(k)(1,n_sel_ch_fsh(k))
 0
# yrs_sel_ch_fsh(k)(1,n_sel_ch_fsh(k))
 1

Survey SURVEY1
# ind_sel_opt(k)
2
# indname(k)
SURVEY1
# nselages_in_ind(k)
11
# phase_sel_ind(k)
2
# sel_change_in_ind(k)
 1 0 0 0 0 0 0 0 0 0 0 0 0 0 0 0 0 0 0 0 0 0 0 0 0 0 0 0 0 0
# n_sel_ch_ind(k)
1
# yrs_sel_ch_ind(k)(1,n_sel_ch_ind(k))
 1
# sel_slp_in_ind(k,1)
2
# sel_inf_in_ind(k,1)
1.5
# logsel_slp_in_ind(k,1)
0.693147
# logsel_slp_in_indv(k)
0.693147
SURVEY1 ind sel opt 2  1 0 0 0 0 0 0 0 0 0 0 0 0 0 0 0 0 0 0 0 0 0 0 0 0 0 0 0 0 0
Phase indices Sel_Coffs:  -1
 Test: 1.23457e+008
# Fshry Selages:  11
# Srvy  Selages:  11
# Phase for age-spec fishery  -1
# Phase for logistic fishery  2
# Phase for dble logistic fishery  -1
# Phase for age-spec indices   -1
# Phase for logistic indices   2
# Phase for dble logistic ind  -1
# Curv_pen_fsh: 
 0
# Curv_pen_ind: 
 0
# styr_fut
31
# endyr_fut
35
# nyrs_fsh_age
 30
# nyrs_fsh_age
 30
# yrs_fsh_age
 1 2 3 4 5 6 7 8 9 10 11 12 13 14 15 16 17 18 19 20 21 22 23 24 25 26 27 28 29 30
# n_sample_fsh_age
 200 200 200 200 200 200 200 200 200 200 200 200 200 200 200 200 200 200 200 200 200 200 200 200 200 200 200 200 200 200
# oac_fsh
 0.065 0.11 0.12 0.13 0.115 0.065 0.1 0.09 0.035 0.04 0.03 0.1
 0.08 0.13 0.11 0.12 0.1 0.055 0.075 0.07 0.045 0.015 0.03 0.17
 0.025 0.095 0.155 0.09 0.125 0.075 0.085 0.08 0.055 0.045 0.03 0.14
 0.05 0.11 0.165 0.145 0.115 0.065 0.09 0.03 0.05 0.035 0.025 0.12
 0.07 0.085 0.065 0.18 0.125 0.075 0.07 0.095 0.055 0.04 0.03 0.11
 0.055 0.11 0.135 0.11 0.125 0.075 0.085 0.06 0.06 0.02 0.025 0.14
 0.13 0.13 0.105 0.08 0.08 0.09 0.075 0.07 0.035 0.05 0.015 0.14
 0.085 0.195 0.17 0.075 0.075 0.065 0.07 0.045 0.055 0.01 0.03 0.125
 0.075 0.11 0.225 0.145 0.11 0.1 0.04 0.03 0.055 0.02 0.015 0.075
 0.08 0.095 0.16 0.22 0.105 0.08 0.065 0.04 0.02 0.015 0.015 0.105
 0.14 0.12 0.12 0.11 0.165 0.07 0.08 0.03 0.02 0.015 0.03 0.1
 0.095 0.145 0.2 0.09 0.1 0.105 0.06 0.06 0.03 0.01 0.025 0.08
 0.07 0.17 0.175 0.145 0.08 0.11 0.09 0.04 0.015 0.02 0.03 0.055
 0.125 0.13 0.18 0.155 0.115 0.065 0.025 0.06 0.04 0.015 0.005 0.085
 0.075 0.16 0.16 0.175 0.135 0.04 0.055 0.025 0.045 0.05 0.02 0.06
 0.085 0.175 0.145 0.145 0.135 0.075 0.07 0.045 0.015 0.045 0.015 0.05
 0.165 0.16 0.165 0.135 0.075 0.1 0.035 0.03 0.06 0.01 0.015 0.05
 0.085 0.19 0.205 0.16 0.12 0.075 0.05 0.035 0.035 0.02 0 0.025
 0.13 0.185 0.205 0.12 0.105 0.06 0.06 0.035 0.05 0.02 0.005 0.025
 0.105 0.1 0.18 0.17 0.15 0.085 0.06 0.02 0.05 0.055 0 0.025
 0.125 0.195 0.175 0.115 0.13 0.1 0.05 0.03 0.015 0.025 0.015 0.025
 0.1 0.185 0.2 0.11 0.145 0.075 0.05 0.035 0.02 0.025 0.02 0.035
 0.12 0.19 0.215 0.195 0.065 0.045 0.04 0.035 0.03 0.01 0.01 0.045
 0.145 0.155 0.22 0.18 0.13 0.04 0.045 0.045 0.01 0.01 0.015 0.005
 0.125 0.2 0.18 0.14 0.14 0.085 0.04 0.04 0.015 0.01 0.005 0.02
 0.195 0.11 0.3 0.135 0.08 0.075 0.045 0.01 0.01 0.015 0.005 0.02
 0.185 0.285 0.115 0.175 0.105 0.045 0.02 0.025 0.035 0 0 0.01
 0.125 0.215 0.245 0.165 0.095 0.06 0.025 0.02 0.01 0.01 0.005 0.025
 0.16 0.14 0.215 0.195 0.075 0.115 0.045 0.03 0.01 0.005 0.005 0.005
 0.29 0.22 0.165 0.115 0.1 0.045 0.015 0.015 0.01 0.01 0.005 0.01
# olc_fsh

# wt_fsh
 0.000530656 0.00119633 0.00205827 0.00303499 0.00405521 0.0050647 0.00602623 0.00691692 0.00772489 0.00844611 0.00908185 0.0096367
 0.000530656 0.00119633 0.00205827 0.00303499 0.00405521 0.0050647 0.00602623 0.00691692 0.00772489 0.00844611 0.00908185 0.0096367
 0.000530656 0.00119633 0.00205827 0.00303499 0.00405521 0.0050647 0.00602623 0.00691692 0.00772489 0.00844611 0.00908185 0.0096367
 0.000530656 0.00119633 0.00205827 0.00303499 0.00405521 0.0050647 0.00602623 0.00691692 0.00772489 0.00844611 0.00908185 0.0096367
 0.000530656 0.00119633 0.00205827 0.00303499 0.00405521 0.0050647 0.00602623 0.00691692 0.00772489 0.00844611 0.00908185 0.0096367
 0.000530656 0.00119633 0.00205827 0.00303499 0.00405521 0.0050647 0.00602623 0.00691692 0.00772489 0.00844611 0.00908185 0.0096367
 0.000530656 0.00119633 0.00205827 0.00303499 0.00405521 0.0050647 0.00602623 0.00691692 0.00772489 0.00844611 0.00908185 0.0096367
 0.000530656 0.00119633 0.00205827 0.00303499 0.00405521 0.0050647 0.00602623 0.00691692 0.00772489 0.00844611 0.00908185 0.0096367
 0.000530656 0.00119633 0.00205827 0.00303499 0.00405521 0.0050647 0.00602623 0.00691692 0.00772489 0.00844611 0.00908185 0.0096367
 0.000530656 0.00119633 0.00205827 0.00303499 0.00405521 0.0050647 0.00602623 0.00691692 0.00772489 0.00844611 0.00908185 0.0096367
 0.000530656 0.00119633 0.00205827 0.00303499 0.00405521 0.0050647 0.00602623 0.00691692 0.00772489 0.00844611 0.00908185 0.0096367
 0.000530656 0.00119633 0.00205827 0.00303499 0.00405521 0.0050647 0.00602623 0.00691692 0.00772489 0.00844611 0.00908185 0.0096367
 0.000530656 0.00119633 0.00205827 0.00303499 0.00405521 0.0050647 0.00602623 0.00691692 0.00772489 0.00844611 0.00908185 0.0096367
 0.000530656 0.00119633 0.00205827 0.00303499 0.00405521 0.0050647 0.00602623 0.00691692 0.00772489 0.00844611 0.00908185 0.0096367
 0.000530656 0.00119633 0.00205827 0.00303499 0.00405521 0.0050647 0.00602623 0.00691692 0.00772489 0.00844611 0.00908185 0.0096367
 0.000530656 0.00119633 0.00205827 0.00303499 0.00405521 0.0050647 0.00602623 0.00691692 0.00772489 0.00844611 0.00908185 0.0096367
 0.000530656 0.00119633 0.00205827 0.00303499 0.00405521 0.0050647 0.00602623 0.00691692 0.00772489 0.00844611 0.00908185 0.0096367
 0.000530656 0.00119633 0.00205827 0.00303499 0.00405521 0.0050647 0.00602623 0.00691692 0.00772489 0.00844611 0.00908185 0.0096367
 0.000530656 0.00119633 0.00205827 0.00303499 0.00405521 0.0050647 0.00602623 0.00691692 0.00772489 0.00844611 0.00908185 0.0096367
 0.000530656 0.00119633 0.00205827 0.00303499 0.00405521 0.0050647 0.00602623 0.00691692 0.00772489 0.00844611 0.00908185 0.0096367
 0.000530656 0.00119633 0.00205827 0.00303499 0.00405521 0.0050647 0.00602623 0.00691692 0.00772489 0.00844611 0.00908185 0.0096367
 0.000530656 0.00119633 0.00205827 0.00303499 0.00405521 0.0050647 0.00602623 0.00691692 0.00772489 0.00844611 0.00908185 0.0096367
 0.000530656 0.00119633 0.00205827 0.00303499 0.00405521 0.0050647 0.00602623 0.00691692 0.00772489 0.00844611 0.00908185 0.0096367
 0.000530656 0.00119633 0.00205827 0.00303499 0.00405521 0.0050647 0.00602623 0.00691692 0.00772489 0.00844611 0.00908185 0.0096367
 0.000530656 0.00119633 0.00205827 0.00303499 0.00405521 0.0050647 0.00602623 0.00691692 0.00772489 0.00844611 0.00908185 0.0096367
 0.000530656 0.00119633 0.00205827 0.00303499 0.00405521 0.0050647 0.00602623 0.00691692 0.00772489 0.00844611 0.00908185 0.0096367
 0.000530656 0.00119633 0.00205827 0.00303499 0.00405521 0.0050647 0.00602623 0.00691692 0.00772489 0.00844611 0.00908185 0.0096367
 0.000530656 0.00119633 0.00205827 0.00303499 0.00405521 0.0050647 0.00602623 0.00691692 0.00772489 0.00844611 0.00908185 0.0096367
 0.000530656 0.00119633 0.00205827 0.00303499 0.00405521 0.0050647 0.00602623 0.00691692 0.00772489 0.00844611 0.00908185 0.0096367
 0.000530656 0.00119633 0.00205827 0.00303499 0.00405521 0.0050647 0.00602623 0.00691692 0.00772489 0.00844611 0.00908185 0.0096367
# nyrs_ind_age
 30
# yrs_ind_age
 1 2 3 4 5 6 7 8 9 10 11 12 13 14 15 16 17 18 19 20 21 22 23 24 25 26 27 28 29 30
# n_sample_ind_age
 200 200 200 200 200 200 200 200 200 200 200 200 200 200 200 200 200 200 200 200 200 200 200 200 200 200 200 200 200 200
# oac_ind
 0.04 0.16 0.115 0.085 0.15 0.105 0.06 0.055 0.055 0.055 0.025 0.095
 0.065 0.15 0.135 0.135 0.09 0.08 0.105 0.035 0.03 0.04 0.04 0.095
 0.07 0.16 0.145 0.075 0.095 0.075 0.08 0.03 0.035 0.055 0.05 0.13
 0.05 0.085 0.195 0.115 0.07 0.055 0.08 0.05 0.065 0.035 0.015 0.185
 0.115 0.13 0.1 0.14 0.095 0.07 0.065 0.055 0.05 0.045 0.02 0.115
 0.07 0.185 0.12 0.115 0.115 0.065 0.055 0.055 0.05 0.02 0.03 0.12
 0.13 0.12 0.165 0.12 0.075 0.06 0.07 0.05 0.075 0.015 0.04 0.08
 0.035 0.315 0.12 0.12 0.08 0.075 0.06 0.03 0.025 0.02 0.025 0.095
 0.08 0.15 0.26 0.125 0.095 0.05 0.04 0.05 0.03 0.03 0.03 0.06
 0.12 0.17 0.14 0.18 0.115 0.06 0.035 0.035 0.045 0.02 0.02 0.06
 0.1 0.145 0.145 0.165 0.15 0.065 0.045 0.03 0.015 0.045 0.02 0.075
 0.105 0.245 0.125 0.105 0.07 0.105 0.065 0.04 0.035 0.02 0.02 0.065
 0.07 0.21 0.21 0.115 0.115 0.06 0.075 0.035 0.015 0.04 0 0.055
 0.07 0.175 0.245 0.165 0.115 0.06 0.035 0.06 0.03 0.005 0.005 0.035
 0.085 0.175 0.145 0.22 0.095 0.075 0.045 0.03 0.04 0.03 0.015 0.045
 0.11 0.18 0.2 0.125 0.105 0.12 0.05 0.03 0.02 0.015 0.015 0.03
 0.12 0.165 0.2 0.155 0.075 0.095 0.04 0.04 0.04 0.015 0.035 0.02
 0.09 0.275 0.19 0.135 0.075 0.03 0.045 0.06 0.03 0.025 0.005 0.04
 0.09 0.175 0.2 0.175 0.15 0.07 0.035 0.01 0.04 0.005 0.005 0.045
 0.15 0.16 0.215 0.115 0.07 0.075 0.08 0.04 0.025 0.03 0.01 0.03
 0.105 0.26 0.185 0.14 0.135 0.03 0.05 0.04 0.015 0.015 0.01 0.015
 0.105 0.195 0.245 0.125 0.14 0.065 0.025 0.035 0.015 0.01 0.01 0.03
 0.11 0.23 0.205 0.165 0.085 0.055 0.06 0.025 0.03 0.01 0.005 0.02
 0.12 0.195 0.205 0.12 0.14 0.06 0.05 0.035 0.035 0.005 0.015 0.02
 0.085 0.225 0.205 0.185 0.145 0.07 0.015 0.025 0.02 0.015 0.005 0.005
 0.125 0.145 0.25 0.175 0.135 0.045 0.035 0.025 0.02 0.01 0.02 0.015
 0.12 0.325 0.14 0.17 0.095 0.035 0.045 0.035 0 0.005 0.01 0.02
 0.095 0.265 0.245 0.11 0.145 0.08 0.015 0.03 0.005 0.005 0 0.005
 0.145 0.23 0.26 0.16 0.05 0.06 0.025 0.01 0.025 0.02 0.005 0.01
 0.2 0.255 0.155 0.155 0.105 0.05 0.03 0.025 0.005 0.01 0.005 0.005
# olc_ind

# obs_lse_ind
 0.198042 0.198042 0.198042 0.198042 0.198042 0.198042 0.198042 0.198042 0.198042 0.198042 0.198042 0.198042 0.198042 0.198042 0.198042 0.198042 0.198042 0.198042 0.198042 0.198042 0.198042 0.198042 0.198042 0.198042 0.198042 0.198042 0.198042 0.198042 0.198042 0.198042
# xages_fsh
 0 0 0 0 0 0 0 0 0 0 0 0
# xages_fsh
 0 0.0909091 0.181818 0.272727 0.363636 0.454545 0.545455 0.636364 0.727273 0.818182 0.909091 1
# xnodes_fsh

Yrs fsh_sel change:  1 0 0 0 0 0 0 0 0 0 0 0 0 0 0 0 0 0 0 0 0 0 0 0 0 0 0 0 0
Yrs ind_sel change:  1 0 0 0 0 0 0 0 0 0 0 0 0 0 0 0 0 0 0 0 0 0 0 0 0 0 0 0 0
# steepnessprior
0.75
# sigmarprior
0.2
#  SSB estimated in styr endyr: -13 28 
#  Rec estimated in styr endyr: -11 30 
#  SR Curve fit  in styr endyr: 1 30 
#             Model styr endyr: 1 30 
# qprior
 3.48998e-007
# q_power_prior 
 1 
# cv_catchbiomass 
0.05 
# CatchbiomassPen 
200 
# Number of projection years 
5 
# offset_fsh
 13404.8
# offset_ind
 13178.2
Mean Catch
1310.66
R_guess 
15.4384
# nfsh
1
# n_sel_ch_fsh
 1
# nselages_fsh
 11
# phase_selcoff_fsh
 -1
logRzero 15.4384
logmeanrec 15.4384
exp(log_sigmarprior 0.2
Fish sel phase: -1 FLEET1
Fixing fishery sel to
1
Srvy sel phase: -1
Fixing SURVEY1 indices sel to
1
# logsel_slp_in_indv
 0.693147
Leaving parameter init secton
# M
 0.2 0.2 0.2 0.2 0.2 0.2 0.2 0.2 0.2 0.2 0.2 0.2
 0.2 0.2 0.2 0.2 0.2 0.2 0.2 0.2 0.2 0.2 0.2 0.2
 0.2 0.2 0.2 0.2 0.2 0.2 0.2 0.2 0.2 0.2 0.2 0.2
 0.2 0.2 0.2 0.2 0.2 0.2 0.2 0.2 0.2 0.2 0.2 0.2
 0.2 0.2 0.2 0.2 0.2 0.2 0.2 0.2 0.2 0.2 0.2 0.2
 0.2 0.2 0.2 0.2 0.2 0.2 0.2 0.2 0.2 0.2 0.2 0.2
 0.2 0.2 0.2 0.2 0.2 0.2 0.2 0.2 0.2 0.2 0.2 0.2
 0.2 0.2 0.2 0.2 0.2 0.2 0.2 0.2 0.2 0.2 0.2 0.2
 0.2 0.2 0.2 0.2 0.2 0.2 0.2 0.2 0.2 0.2 0.2 0.2
 0.2 0.2 0.2 0.2 0.2 0.2 0.2 0.2 0.2 0.2 0.2 0.2
 0.2 0.2 0.2 0.2 0.2 0.2 0.2 0.2 0.2 0.2 0.2 0.2
 0.2 0.2 0.2 0.2 0.2 0.2 0.2 0.2 0.2 0.2 0.2 0.2
 0.2 0.2 0.2 0.2 0.2 0.2 0.2 0.2 0.2 0.2 0.2 0.2
 0.2 0.2 0.2 0.2 0.2 0.2 0.2 0.2 0.2 0.2 0.2 0.2
 0.2 0.2 0.2 0.2 0.2 0.2 0.2 0.2 0.2 0.2 0.2 0.2
 0.2 0.2 0.2 0.2 0.2 0.2 0.2 0.2 0.2 0.2 0.2 0.2
 0.2 0.2 0.2 0.2 0.2 0.2 0.2 0.2 0.2 0.2 0.2 0.2
 0.2 0.2 0.2 0.2 0.2 0.2 0.2 0.2 0.2 0.2 0.2 0.2
 0.2 0.2 0.2 0.2 0.2 0.2 0.2 0.2 0.2 0.2 0.2 0.2
 0.2 0.2 0.2 0.2 0.2 0.2 0.2 0.2 0.2 0.2 0.2 0.2
 0.2 0.2 0.2 0.2 0.2 0.2 0.2 0.2 0.2 0.2 0.2 0.2
 0.2 0.2 0.2 0.2 0.2 0.2 0.2 0.2 0.2 0.2 0.2 0.2
 0.2 0.2 0.2 0.2 0.2 0.2 0.2 0.2 0.2 0.2 0.2 0.2
 0.2 0.2 0.2 0.2 0.2 0.2 0.2 0.2 0.2 0.2 0.2 0.2
 0.2 0.2 0.2 0.2 0.2 0.2 0.2 0.2 0.2 0.2 0.2 0.2
 0.2 0.2 0.2 0.2 0.2 0.2 0.2 0.2 0.2 0.2 0.2 0.2
 0.2 0.2 0.2 0.2 0.2 0.2 0.2 0.2 0.2 0.2 0.2 0.2
 0.2 0.2 0.2 0.2 0.2 0.2 0.2 0.2 0.2 0.2 0.2 0.2
 0.2 0.2 0.2 0.2 0.2 0.2 0.2 0.2 0.2 0.2 0.2 0.2
 0.2 0.2 0.2 0.2 0.2 0.2 0.2 0.2 0.2 0.2 0.2 0.2
# mean_log_rec
13.7447
# log_Rzero
13.8099
# rec_dev
 -0.116868 -0.139547 -0.0656367 0.0837798 -0.0211789 0.0193766 -0.00353693 0.0951897 0.0224539 0.0533684 0.00417061 -0.0130766 0.0789011 0.178268 -0.188985 -0.0815449 0.0704253 0.117507 0.555833 -0.0199137 -0.0142325 0.075182 0.294618 0.284029 -0.0426406 0.11573 0.138543 0.0849555 0.196183 -0.02313 -0.229675 0.0758569 -0.0690937 -0.19509 -0.261935 -0.156649 -0.633611 -0.149235 -0.291143 -0.564244 -0.320204 0.0819694
# fmort
 0.00924941 0.0268186 0.0442863 0.0603312 0.0487945 0.0878149 0.0894318 0.189818 0.111087 0.13549 0.153547 0.163681 0.118561 0.172195 0.180166 0.162817 0.315012 0.260982 0.260189 0.256736 0.359881 0.259954 0.439712 0.366502 0.367328 0.334345 0.325589 0.450111 0.342979 0.533489
# rec_dev_future
 0 0 0 0 0
