AMAK;Mar 2020
# styr
1
# endyr
30
# rec_age
1
# oldest_age
12
# nlength
81
# len_bins
 10 11 12 13 14 15 16 17 18 19 20 21 22 23 24 25 26 27 28 29 30 31 32 33 34 35 36 37 38 39 40 41 42 43 44 45 46 47 48 49 50 51 52 53 54 55 56 57 58 59 60 61 62 63 64 65 66 67 68 69 70 71 72 73 74 75 76 77 78 79 80 81 82 83 84 85 86 87 88 89 90
# datafile_name
amak_data.dat
# model_name
AMAK_MCP
# styr
1
# endyr
30
# rec_age
1
# oldest_age
12
# nfsh
1
# fshname
FLEET1
# catch_bio_in
 160.122 458.893 743.857 968.451 745.581 1296.46 1228.58 2361.27 1245.79 1412.03 1497.28 1470.64 1021.81 1428.77 1457.13 1258.78 2260.19 1683.29 1560.86 1449.63 1811.13 1172.03 1723.65 1241.24 1156.18 1041.91 1005.09 1346.74 992.881 1418.95
# catch_bio_sd_in
 0.01 0.01 0.01 0.01 0.01 0.01 0.01 0.01 0.01 0.01 0.01 0.01 0.01 0.01 0.01 0.01 0.01 0.01 0.01 0.01 0.01 0.01 0.01 0.01 0.01 0.01 0.01 0.01 0.01 0.01
# nyrs_fsh_age
 30
# nyrs_fsh_length
 0
# yrs_fsh_age_in
 1 2 3 4 5 6 7 8 9 10 11 12 13 14 15 16 17 18 19 20 21 22 23 24 25 26 27 28 29 30
# yrs_fsh_length_in

# n_sample_fsh_length_in

# olc_fsh_in

# nind
1
# indname
SURVEY1
# nyrs_ind
 30
# yrs_ind_in
 1 2 3 4 5 6 7 8 9 10 11 12 13 14 15 16 17 18 19 20 21 22 23 24 25 26 27 28 29 30
# mo_ind
 1
# obs_ind_in
 1.47578 1.4627 1.7277 1.57439 1.43653 1.36111 1.17824 1.50374 1.10005 1.05458 0.968414 0.991758 0.935927 1.1013 1.12122 1.13051 1.10149 1.14839 0.962523 0.861377 0.825592 0.760106 0.699576 0.539534 0.647597 0.661912 0.58496 0.657709 0.661921 0.50169
# obs_se_ind_in
 0.295155 0.292539 0.34554 0.314878 0.287307 0.272221 0.235647 0.300748 0.22001 0.210915 0.193683 0.198352 0.187185 0.22026 0.224244 0.226101 0.220298 0.229678 0.192505 0.172275 0.165118 0.152021 0.139915 0.107907 0.129519 0.132382 0.116992 0.131542 0.132384 0.100338
# nyrs_ind_age
 30
# nyrs_ind_length
 0
# yrs_ind_age_in
 1 2 3 4 5 6 7 8 9 10 11 12 13 14 15 16 17 18 19 20 21 22 23 24 25 26 27 28 29 30
# yrs_ind_length_in

# yrs_ind_age_in
 1 2 3 4 5 6 7 8 9 10 11 12 13 14 15 16 17 18 19 20 21 22 23 24 25 26 27 28 29 30
# n_sample_ind_length_in

# olc_ind_in

# oac_ind_in
 0.085 0.125 0.195 0.08 0.095 0.1 0.085 0.05 0.035 0.03 0.01 0.11
 0.065 0.125 0.12 0.09 0.07 0.095 0.09 0.055 0.05 0.045 0.02 0.175
 0.06 0.085 0.13 0.155 0.1 0.06 0.09 0.055 0.05 0.04 0.03 0.145
 0.035 0.14 0.15 0.125 0.115 0.085 0.075 0.05 0.045 0.045 0.015 0.12
 0.065 0.12 0.12 0.135 0.11 0.095 0.09 0.04 0.04 0.035 0.02 0.13
 0.05 0.225 0.145 0.14 0.075 0.085 0.065 0.045 0.04 0.03 0.02 0.08
 0.055 0.095 0.21 0.14 0.085 0.085 0.065 0.055 0.025 0.035 0.01 0.14
 0.085 0.18 0.085 0.195 0.085 0.06 0.07 0.03 0.015 0.035 0.045 0.115
 0.065 0.22 0.115 0.125 0.115 0.055 0.035 0.065 0.055 0.02 0.035 0.095
 0.05 0.19 0.225 0.125 0.085 0.055 0.025 0.06 0.035 0.04 0.03 0.08
 0.09 0.15 0.14 0.23 0.095 0.035 0.045 0.035 0.035 0.045 0.02 0.08
 0.06 0.175 0.135 0.135 0.075 0.085 0.045 0.095 0.015 0.025 0.035 0.12
 0.155 0.145 0.18 0.115 0.125 0.07 0.035 0.035 0.025 0.02 0.015 0.08
 0.095 0.245 0.115 0.115 0.11 0.08 0.055 0.055 0.03 0.06 0.015 0.025
 0.075 0.165 0.26 0.11 0.145 0.07 0.045 0.04 0.02 0.01 0.01 0.05
 0.125 0.18 0.17 0.18 0.08 0.065 0.06 0.04 0.035 0.02 0.005 0.04
 0.08 0.24 0.145 0.18 0.115 0.05 0.06 0.02 0.025 0.025 0.015 0.045
 0.15 0.155 0.225 0.13 0.155 0.075 0.025 0.04 0.015 0.01 0.005 0.015
 0.045 0.295 0.17 0.175 0.09 0.055 0.04 0.025 0.025 0.01 0.015 0.055
 0.09 0.15 0.275 0.105 0.15 0.055 0.05 0.04 0.025 0.02 0.015 0.025
 0.07 0.23 0.18 0.175 0.085 0.12 0.04 0.045 0.02 0.01 0.01 0.015
 0.135 0.13 0.23 0.11 0.165 0.095 0.06 0.03 0.015 0.015 0 0.015
 0.13 0.27 0.145 0.16 0.07 0.095 0.045 0.05 0.01 0.015 0 0.01
 0.12 0.255 0.17 0.1 0.16 0.04 0.065 0.05 0 0.015 0.015 0.01
 0.145 0.185 0.29 0.13 0.06 0.045 0.04 0.04 0.005 0.025 0.01 0.025
 0.145 0.285 0.14 0.225 0.075 0.03 0.04 0.01 0.01 0.01 0.005 0.025
 0.155 0.19 0.29 0.12 0.09 0.09 0.03 0.015 0 0.01 0 0.01
 0.105 0.305 0.14 0.2 0.11 0.065 0.03 0.005 0.02 0.005 0.01 0.005
 0.105 0.265 0.3 0.13 0.09 0.03 0.03 0.015 0.01 0.015 0.01 0
 0.115 0.22 0.265 0.205 0.065 0.08 0.025 0.005 0.005 0.01 0.005 0
# wt_ind
 1 1 1 1 1 1 1 1 1 1 1 1
 1 1 1 1 1 1 1 1 1 1 1 1
 1 1 1 1 1 1 1 1 1 1 1 1
 1 1 1 1 1 1 1 1 1 1 1 1
 1 1 1 1 1 1 1 1 1 1 1 1
 1 1 1 1 1 1 1 1 1 1 1 1
 1 1 1 1 1 1 1 1 1 1 1 1
 1 1 1 1 1 1 1 1 1 1 1 1
 1 1 1 1 1 1 1 1 1 1 1 1
 1 1 1 1 1 1 1 1 1 1 1 1
 1 1 1 1 1 1 1 1 1 1 1 1
 1 1 1 1 1 1 1 1 1 1 1 1
 1 1 1 1 1 1 1 1 1 1 1 1
 1 1 1 1 1 1 1 1 1 1 1 1
 1 1 1 1 1 1 1 1 1 1 1 1
 1 1 1 1 1 1 1 1 1 1 1 1
 1 1 1 1 1 1 1 1 1 1 1 1
 1 1 1 1 1 1 1 1 1 1 1 1
 1 1 1 1 1 1 1 1 1 1 1 1
 1 1 1 1 1 1 1 1 1 1 1 1
 1 1 1 1 1 1 1 1 1 1 1 1
 1 1 1 1 1 1 1 1 1 1 1 1
 1 1 1 1 1 1 1 1 1 1 1 1
 1 1 1 1 1 1 1 1 1 1 1 1
 1 1 1 1 1 1 1 1 1 1 1 1
 1 1 1 1 1 1 1 1 1 1 1 1
 1 1 1 1 1 1 1 1 1 1 1 1
 1 1 1 1 1 1 1 1 1 1 1 1
 1 1 1 1 1 1 1 1 1 1 1 1
 1 1 1 1 1 1 1 1 1 1 1 1
# wt_pop
 0.000530656 0.00119633 0.00205827 0.00303499 0.00405521 0.0050647 0.00602623 0.00691692 0.00772489 0.00844611 0.00908185 0.0096367
# maturity
 0.0229774 0.320821 0.904651 0.99478 0.999739 0.999987 0.999999 1 1 1 1 1
# spawnmo
1
# age_err
 1 0 0 0 0 0 0 0 0 0 0 0
 0 1 0 0 0 0 0 0 0 0 0 0
 0 0 1 0 0 0 0 0 0 0 0 0
 0 0 0 1 0 0 0 0 0 0 0 0
 0 0 0 0 1 0 0 0 0 0 0 0
 0 0 0 0 0 1 0 0 0 0 0 0
 0 0 0 0 0 0 1 0 0 0 0 0
 0 0 0 0 0 0 0 1 0 0 0 0
 0 0 0 0 0 0 0 0 1 0 0 0
 0 0 0 0 0 0 0 0 0 1 0 0
 0 0 0 0 0 0 0 0 0 0 1 0
 0 0 0 0 0 0 0 0 0 0 0 1
# cntrlfile_name
C:\Users\bai.li\DOCUME~1\Github\AGE_ST~1\ASSAMC\example\output\AMAK\s107\amak.dat
# Map shared selectivity: 
# sel_map
 1 2
 1 1
# datafile_name
amak_data.dat
# model_name
AMAK_MCP
# SrType
2
# use_age_err
0
# retro
0
# sigmarprior
0.2
# cvsigmarprior
0.25
# phase_sigmar
-3
# styr_rec_est
1
# endyr_rec_est
30
# Linfprior
80
# cvLinfprior
0.25
# kprior
0.18
# cvkprior
0.25
# Loprior
27.688
# cvLoprior
0.25
# sdageprior
0.1
# cvsdageprior
0.25
# natmortprior
0.2
# cvnatmortprior
0.25
# phase_M
-4
# npars_Mage
0
# ages_M_changes

# Mage_in

# Mage_offset_in

# phase_Mage
-5
# phase_rw_M
0
# npars_rw_M
0
# yrs_rw_M

# sigma_rw_M

# qprior
 3.48998e-007
# cvqprior
 1
# phase_q
 1
# q_power_prior
 1
# cvq_power_prior
 0.2
# phase_q_power
 -4
# phase_rw_q
 -1
# npars_rw_q
 0
# yrs_rw_q

# sigma_rw_q

# q_age_min
 1
# q_age_max
 12
# q_age_min
 1
# q_age_max
 12
# fsh_sel_opt(k)
2
# phase_sel_fsh(k)
2
# n_sel_ch_fsh(k)
1
# sel_slp_in_fsh(k)(1,n_sel_ch_fsh(k))
 1
# sel_inf_in_fsh(k)(1,n_sel_ch_fsh(k))
 2
# logsel_slp_in_fsh(k)(1,n_sel_ch_fsh(k))
 0
# yrs_sel_ch_fsh(k)(1,n_sel_ch_fsh(k))
 1

Survey SURVEY1
# ind_sel_opt(k)
2
# indname(k)
SURVEY1
# nselages_in_ind(k)
11
# phase_sel_ind(k)
2
# sel_change_in_ind(k)
 1 0 0 0 0 0 0 0 0 0 0 0 0 0 0 0 0 0 0 0 0 0 0 0 0 0 0 0 0 0
# n_sel_ch_ind(k)
1
# yrs_sel_ch_ind(k)(1,n_sel_ch_ind(k))
 1
# sel_slp_in_ind(k,1)
2
# sel_inf_in_ind(k,1)
1.5
# logsel_slp_in_ind(k,1)
0.693147
# logsel_slp_in_indv(k)
0.693147
SURVEY1 ind sel opt 2  1 0 0 0 0 0 0 0 0 0 0 0 0 0 0 0 0 0 0 0 0 0 0 0 0 0 0 0 0 0
Phase indices Sel_Coffs:  -1
 Test: 1.23457e+008
# Fshry Selages:  11
# Srvy  Selages:  11
# Phase for age-spec fishery  -1
# Phase for logistic fishery  2
# Phase for dble logistic fishery  -1
# Phase for age-spec indices   -1
# Phase for logistic indices   2
# Phase for dble logistic ind  -1
# Curv_pen_fsh: 
 0
# Curv_pen_ind: 
 0
# styr_fut
31
# endyr_fut
35
# nyrs_fsh_age
 30
# nyrs_fsh_age
 30
# yrs_fsh_age
 1 2 3 4 5 6 7 8 9 10 11 12 13 14 15 16 17 18 19 20 21 22 23 24 25 26 27 28 29 30
# n_sample_fsh_age
 200 200 200 200 200 200 200 200 200 200 200 200 200 200 200 200 200 200 200 200 200 200 200 200 200 200 200 200 200 200
# oac_fsh
 0.05 0.08 0.13 0.14 0.125 0.1 0.095 0.065 0.03 0.06 0.025 0.1
 0.08 0.13 0.08 0.13 0.11 0.065 0.085 0.07 0.03 0.04 0.065 0.115
 0.06 0.115 0.115 0.135 0.075 0.075 0.07 0.085 0.06 0.055 0.015 0.14
 0.055 0.11 0.155 0.09 0.12 0.065 0.07 0.055 0.06 0.05 0.065 0.105
 0.145 0.08 0.125 0.155 0.055 0.075 0.075 0.065 0.04 0.025 0.045 0.115
 0.035 0.15 0.1 0.155 0.12 0.08 0.065 0.08 0.045 0.035 0.01 0.125
 0.065 0.07 0.2 0.145 0.11 0.06 0.06 0.05 0.03 0.035 0.04 0.135
 0.065 0.125 0.095 0.165 0.08 0.085 0.105 0.06 0.025 0.03 0.03 0.135
 0.105 0.115 0.15 0.135 0.115 0.065 0.06 0.02 0.055 0.025 0.03 0.125
 0.1 0.125 0.185 0.14 0.075 0.12 0.02 0.07 0.03 0.035 0.02 0.08
 0.09 0.115 0.18 0.145 0.13 0.055 0.055 0.035 0.04 0.045 0.035 0.075
 0.065 0.135 0.15 0.14 0.15 0.05 0.05 0.075 0.025 0.02 0.02 0.12
 0.15 0.13 0.125 0.1 0.11 0.1 0.06 0.03 0.05 0.02 0.025 0.1
 0.105 0.23 0.085 0.17 0.1 0.075 0.05 0.03 0.01 0.04 0.01 0.095
 0.13 0.15 0.165 0.135 0.12 0.07 0.065 0.015 0.045 0.005 0.04 0.06
 0.155 0.16 0.13 0.165 0.095 0.075 0.04 0.025 0.03 0.03 0.005 0.09
 0.085 0.2 0.15 0.195 0.135 0.055 0.05 0.045 0.035 0.015 0.015 0.02
 0.165 0.125 0.17 0.13 0.115 0.09 0.045 0.045 0 0.02 0.02 0.075
 0.07 0.205 0.18 0.17 0.125 0.075 0.05 0.045 0.03 0 0.015 0.035
 0.07 0.075 0.335 0.14 0.095 0.07 0.08 0.045 0.015 0.025 0 0.05
 0.095 0.245 0.135 0.185 0.085 0.095 0.045 0.02 0.04 0.015 0.015 0.025
 0.14 0.145 0.235 0.115 0.205 0.045 0.02 0.02 0.03 0.02 0 0.025
 0.12 0.175 0.105 0.18 0.07 0.15 0.045 0.045 0.035 0.02 0.015 0.04
 0.13 0.285 0.19 0.085 0.11 0.055 0.07 0.015 0.025 0.005 0 0.03
 0.17 0.165 0.24 0.15 0.085 0.065 0.045 0.03 0.02 0.025 0 0.005
 0.125 0.27 0.185 0.195 0.12 0.035 0.04 0.015 0.005 0 0.005 0.005
 0.19 0.175 0.28 0.09 0.125 0.07 0.025 0.025 0.005 0.01 0 0.005
 0.15 0.195 0.2 0.215 0.095 0.055 0.035 0.015 0.015 0.005 0.015 0.005
 0.115 0.205 0.26 0.14 0.135 0.06 0.03 0.025 0.005 0.005 0.005 0.015
 0.145 0.24 0.17 0.205 0.085 0.04 0.045 0.04 0.01 0.01 0 0.01
# olc_fsh

# wt_fsh
 0.000530656 0.00119633 0.00205827 0.00303499 0.00405521 0.0050647 0.00602623 0.00691692 0.00772489 0.00844611 0.00908185 0.0096367
 0.000530656 0.00119633 0.00205827 0.00303499 0.00405521 0.0050647 0.00602623 0.00691692 0.00772489 0.00844611 0.00908185 0.0096367
 0.000530656 0.00119633 0.00205827 0.00303499 0.00405521 0.0050647 0.00602623 0.00691692 0.00772489 0.00844611 0.00908185 0.0096367
 0.000530656 0.00119633 0.00205827 0.00303499 0.00405521 0.0050647 0.00602623 0.00691692 0.00772489 0.00844611 0.00908185 0.0096367
 0.000530656 0.00119633 0.00205827 0.00303499 0.00405521 0.0050647 0.00602623 0.00691692 0.00772489 0.00844611 0.00908185 0.0096367
 0.000530656 0.00119633 0.00205827 0.00303499 0.00405521 0.0050647 0.00602623 0.00691692 0.00772489 0.00844611 0.00908185 0.0096367
 0.000530656 0.00119633 0.00205827 0.00303499 0.00405521 0.0050647 0.00602623 0.00691692 0.00772489 0.00844611 0.00908185 0.0096367
 0.000530656 0.00119633 0.00205827 0.00303499 0.00405521 0.0050647 0.00602623 0.00691692 0.00772489 0.00844611 0.00908185 0.0096367
 0.000530656 0.00119633 0.00205827 0.00303499 0.00405521 0.0050647 0.00602623 0.00691692 0.00772489 0.00844611 0.00908185 0.0096367
 0.000530656 0.00119633 0.00205827 0.00303499 0.00405521 0.0050647 0.00602623 0.00691692 0.00772489 0.00844611 0.00908185 0.0096367
 0.000530656 0.00119633 0.00205827 0.00303499 0.00405521 0.0050647 0.00602623 0.00691692 0.00772489 0.00844611 0.00908185 0.0096367
 0.000530656 0.00119633 0.00205827 0.00303499 0.00405521 0.0050647 0.00602623 0.00691692 0.00772489 0.00844611 0.00908185 0.0096367
 0.000530656 0.00119633 0.00205827 0.00303499 0.00405521 0.0050647 0.00602623 0.00691692 0.00772489 0.00844611 0.00908185 0.0096367
 0.000530656 0.00119633 0.00205827 0.00303499 0.00405521 0.0050647 0.00602623 0.00691692 0.00772489 0.00844611 0.00908185 0.0096367
 0.000530656 0.00119633 0.00205827 0.00303499 0.00405521 0.0050647 0.00602623 0.00691692 0.00772489 0.00844611 0.00908185 0.0096367
 0.000530656 0.00119633 0.00205827 0.00303499 0.00405521 0.0050647 0.00602623 0.00691692 0.00772489 0.00844611 0.00908185 0.0096367
 0.000530656 0.00119633 0.00205827 0.00303499 0.00405521 0.0050647 0.00602623 0.00691692 0.00772489 0.00844611 0.00908185 0.0096367
 0.000530656 0.00119633 0.00205827 0.00303499 0.00405521 0.0050647 0.00602623 0.00691692 0.00772489 0.00844611 0.00908185 0.0096367
 0.000530656 0.00119633 0.00205827 0.00303499 0.00405521 0.0050647 0.00602623 0.00691692 0.00772489 0.00844611 0.00908185 0.0096367
 0.000530656 0.00119633 0.00205827 0.00303499 0.00405521 0.0050647 0.00602623 0.00691692 0.00772489 0.00844611 0.00908185 0.0096367
 0.000530656 0.00119633 0.00205827 0.00303499 0.00405521 0.0050647 0.00602623 0.00691692 0.00772489 0.00844611 0.00908185 0.0096367
 0.000530656 0.00119633 0.00205827 0.00303499 0.00405521 0.0050647 0.00602623 0.00691692 0.00772489 0.00844611 0.00908185 0.0096367
 0.000530656 0.00119633 0.00205827 0.00303499 0.00405521 0.0050647 0.00602623 0.00691692 0.00772489 0.00844611 0.00908185 0.0096367
 0.000530656 0.00119633 0.00205827 0.00303499 0.00405521 0.0050647 0.00602623 0.00691692 0.00772489 0.00844611 0.00908185 0.0096367
 0.000530656 0.00119633 0.00205827 0.00303499 0.00405521 0.0050647 0.00602623 0.00691692 0.00772489 0.00844611 0.00908185 0.0096367
 0.000530656 0.00119633 0.00205827 0.00303499 0.00405521 0.0050647 0.00602623 0.00691692 0.00772489 0.00844611 0.00908185 0.0096367
 0.000530656 0.00119633 0.00205827 0.00303499 0.00405521 0.0050647 0.00602623 0.00691692 0.00772489 0.00844611 0.00908185 0.0096367
 0.000530656 0.00119633 0.00205827 0.00303499 0.00405521 0.0050647 0.00602623 0.00691692 0.00772489 0.00844611 0.00908185 0.0096367
 0.000530656 0.00119633 0.00205827 0.00303499 0.00405521 0.0050647 0.00602623 0.00691692 0.00772489 0.00844611 0.00908185 0.0096367
 0.000530656 0.00119633 0.00205827 0.00303499 0.00405521 0.0050647 0.00602623 0.00691692 0.00772489 0.00844611 0.00908185 0.0096367
# nyrs_ind_age
 30
# yrs_ind_age
 1 2 3 4 5 6 7 8 9 10 11 12 13 14 15 16 17 18 19 20 21 22 23 24 25 26 27 28 29 30
# n_sample_ind_age
 200 200 200 200 200 200 200 200 200 200 200 200 200 200 200 200 200 200 200 200 200 200 200 200 200 200 200 200 200 200
# oac_ind
 0.085 0.125 0.195 0.08 0.095 0.1 0.085 0.05 0.035 0.03 0.01 0.11
 0.065 0.125 0.12 0.09 0.07 0.095 0.09 0.055 0.05 0.045 0.02 0.175
 0.06 0.085 0.13 0.155 0.1 0.06 0.09 0.055 0.05 0.04 0.03 0.145
 0.035 0.14 0.15 0.125 0.115 0.085 0.075 0.05 0.045 0.045 0.015 0.12
 0.065 0.12 0.12 0.135 0.11 0.095 0.09 0.04 0.04 0.035 0.02 0.13
 0.05 0.225 0.145 0.14 0.075 0.085 0.065 0.045 0.04 0.03 0.02 0.08
 0.055 0.095 0.21 0.14 0.085 0.085 0.065 0.055 0.025 0.035 0.01 0.14
 0.085 0.18 0.085 0.195 0.085 0.06 0.07 0.03 0.015 0.035 0.045 0.115
 0.065 0.22 0.115 0.125 0.115 0.055 0.035 0.065 0.055 0.02 0.035 0.095
 0.05 0.19 0.225 0.125 0.085 0.055 0.025 0.06 0.035 0.04 0.03 0.08
 0.09 0.15 0.14 0.23 0.095 0.035 0.045 0.035 0.035 0.045 0.02 0.08
 0.06 0.175 0.135 0.135 0.075 0.085 0.045 0.095 0.015 0.025 0.035 0.12
 0.155 0.145 0.18 0.115 0.125 0.07 0.035 0.035 0.025 0.02 0.015 0.08
 0.095 0.245 0.115 0.115 0.11 0.08 0.055 0.055 0.03 0.06 0.015 0.025
 0.075 0.165 0.26 0.11 0.145 0.07 0.045 0.04 0.02 0.01 0.01 0.05
 0.125 0.18 0.17 0.18 0.08 0.065 0.06 0.04 0.035 0.02 0.005 0.04
 0.08 0.24 0.145 0.18 0.115 0.05 0.06 0.02 0.025 0.025 0.015 0.045
 0.15 0.155 0.225 0.13 0.155 0.075 0.025 0.04 0.015 0.01 0.005 0.015
 0.045 0.295 0.17 0.175 0.09 0.055 0.04 0.025 0.025 0.01 0.015 0.055
 0.09 0.15 0.275 0.105 0.15 0.055 0.05 0.04 0.025 0.02 0.015 0.025
 0.07 0.23 0.18 0.175 0.085 0.12 0.04 0.045 0.02 0.01 0.01 0.015
 0.135 0.13 0.23 0.11 0.165 0.095 0.06 0.03 0.015 0.015 0 0.015
 0.13 0.27 0.145 0.16 0.07 0.095 0.045 0.05 0.01 0.015 0 0.01
 0.12 0.255 0.17 0.1 0.16 0.04 0.065 0.05 0 0.015 0.015 0.01
 0.145 0.185 0.29 0.13 0.06 0.045 0.04 0.04 0.005 0.025 0.01 0.025
 0.145 0.285 0.14 0.225 0.075 0.03 0.04 0.01 0.01 0.01 0.005 0.025
 0.155 0.19 0.29 0.12 0.09 0.09 0.03 0.015 0 0.01 0 0.01
 0.105 0.305 0.14 0.2 0.11 0.065 0.03 0.005 0.02 0.005 0.01 0.005
 0.105 0.265 0.3 0.13 0.09 0.03 0.03 0.015 0.01 0.015 0.01 0
 0.115 0.22 0.265 0.205 0.065 0.08 0.025 0.005 0.005 0.01 0.005 0
# olc_ind

# obs_lse_ind
 0.198042 0.198042 0.198042 0.198042 0.198042 0.198042 0.198042 0.198042 0.198042 0.198042 0.198042 0.198042 0.198042 0.198042 0.198042 0.198042 0.198042 0.198042 0.198042 0.198042 0.198042 0.198042 0.198042 0.198042 0.198042 0.198042 0.198042 0.198042 0.198042 0.198042
# xages_fsh
 0 0 0 0 0 0 0 0 0 0 0 0
# xages_fsh
 0 0.0909091 0.181818 0.272727 0.363636 0.454545 0.545455 0.636364 0.727273 0.818182 0.909091 1
# xnodes_fsh

Yrs fsh_sel change:  1 0 0 0 0 0 0 0 0 0 0 0 0 0 0 0 0 0 0 0 0 0 0 0 0 0 0 0 0
Yrs ind_sel change:  1 0 0 0 0 0 0 0 0 0 0 0 0 0 0 0 0 0 0 0 0 0 0 0 0 0 0 0 0
# steepnessprior
0.75
# sigmarprior
0.2
#  SSB estimated in styr endyr: -13 28 
#  Rec estimated in styr endyr: -11 30 
#  SR Curve fit  in styr endyr: 1 30 
#             Model styr endyr: 1 30 
# qprior
 3.48998e-007
# q_power_prior 
 1 
# cv_catchbiomass 
0.05 
# CatchbiomassPen 
200 
# Number of projection years 
5 
# offset_fsh
 13368.8
# offset_ind
 13102
Mean Catch
1287.31
R_guess 
15.4205
# nfsh
1
# n_sel_ch_fsh
 1
# nselages_fsh
 11
# phase_selcoff_fsh
 -1
logRzero 15.4205
logmeanrec 15.4205
exp(log_sigmarprior 0.2
Fish sel phase: -1 FLEET1
Fixing fishery sel to
1
Srvy sel phase: -1
Fixing SURVEY1 indices sel to
1
# logsel_slp_in_indv
 0.693147
Leaving parameter init secton
# M
 0.2 0.2 0.2 0.2 0.2 0.2 0.2 0.2 0.2 0.2 0.2 0.2
 0.2 0.2 0.2 0.2 0.2 0.2 0.2 0.2 0.2 0.2 0.2 0.2
 0.2 0.2 0.2 0.2 0.2 0.2 0.2 0.2 0.2 0.2 0.2 0.2
 0.2 0.2 0.2 0.2 0.2 0.2 0.2 0.2 0.2 0.2 0.2 0.2
 0.2 0.2 0.2 0.2 0.2 0.2 0.2 0.2 0.2 0.2 0.2 0.2
 0.2 0.2 0.2 0.2 0.2 0.2 0.2 0.2 0.2 0.2 0.2 0.2
 0.2 0.2 0.2 0.2 0.2 0.2 0.2 0.2 0.2 0.2 0.2 0.2
 0.2 0.2 0.2 0.2 0.2 0.2 0.2 0.2 0.2 0.2 0.2 0.2
 0.2 0.2 0.2 0.2 0.2 0.2 0.2 0.2 0.2 0.2 0.2 0.2
 0.2 0.2 0.2 0.2 0.2 0.2 0.2 0.2 0.2 0.2 0.2 0.2
 0.2 0.2 0.2 0.2 0.2 0.2 0.2 0.2 0.2 0.2 0.2 0.2
 0.2 0.2 0.2 0.2 0.2 0.2 0.2 0.2 0.2 0.2 0.2 0.2
 0.2 0.2 0.2 0.2 0.2 0.2 0.2 0.2 0.2 0.2 0.2 0.2
 0.2 0.2 0.2 0.2 0.2 0.2 0.2 0.2 0.2 0.2 0.2 0.2
 0.2 0.2 0.2 0.2 0.2 0.2 0.2 0.2 0.2 0.2 0.2 0.2
 0.2 0.2 0.2 0.2 0.2 0.2 0.2 0.2 0.2 0.2 0.2 0.2
 0.2 0.2 0.2 0.2 0.2 0.2 0.2 0.2 0.2 0.2 0.2 0.2
 0.2 0.2 0.2 0.2 0.2 0.2 0.2 0.2 0.2 0.2 0.2 0.2
 0.2 0.2 0.2 0.2 0.2 0.2 0.2 0.2 0.2 0.2 0.2 0.2
 0.2 0.2 0.2 0.2 0.2 0.2 0.2 0.2 0.2 0.2 0.2 0.2
 0.2 0.2 0.2 0.2 0.2 0.2 0.2 0.2 0.2 0.2 0.2 0.2
 0.2 0.2 0.2 0.2 0.2 0.2 0.2 0.2 0.2 0.2 0.2 0.2
 0.2 0.2 0.2 0.2 0.2 0.2 0.2 0.2 0.2 0.2 0.2 0.2
 0.2 0.2 0.2 0.2 0.2 0.2 0.2 0.2 0.2 0.2 0.2 0.2
 0.2 0.2 0.2 0.2 0.2 0.2 0.2 0.2 0.2 0.2 0.2 0.2
 0.2 0.2 0.2 0.2 0.2 0.2 0.2 0.2 0.2 0.2 0.2 0.2
 0.2 0.2 0.2 0.2 0.2 0.2 0.2 0.2 0.2 0.2 0.2 0.2
 0.2 0.2 0.2 0.2 0.2 0.2 0.2 0.2 0.2 0.2 0.2 0.2
 0.2 0.2 0.2 0.2 0.2 0.2 0.2 0.2 0.2 0.2 0.2 0.2
 0.2 0.2 0.2 0.2 0.2 0.2 0.2 0.2 0.2 0.2 0.2 0.2
# mean_log_rec
13.7846
# log_Rzero
13.7893
# rec_dev
 -0.0801478 -0.0963289 -0.153572 0.104366 -0.133019 0.0467517 0.149085 0.103849 0.017842 -0.0278349 0.0423249 -0.00515371 0.0316502 0.0942619 0.0257557 -0.16866 0.320329 -0.302004 -0.0148074 0.123291 -0.00621115 -0.182447 0.00402812 -0.265887 0.238743 0.0846413 -0.0369356 0.20955 -0.14827 0.314422 -0.431017 -0.0414031 -0.541018 -0.182073 -0.0283106 -0.394144 -0.0103038 -0.380375 -0.031003 -0.259358 -0.367663 -0.376116
# fmort
 0.00891228 0.0258757 0.0431157 0.0585397 0.0469123 0.0856396 0.0864115 0.184016 0.107791 0.130332 0.148838 0.158482 0.116188 0.169117 0.181381 0.161559 0.313884 0.26067 0.259094 0.255338 0.355059 0.257112 0.428462 0.355009 0.353512 0.330041 0.319339 0.446402 0.346211 0.540814
# rec_dev_future
 0 0 0 0 0
