AMAK;Mar 2020
# styr
1
# endyr
30
# rec_age
1
# oldest_age
12
# nlength
81
# len_bins
 10 11 12 13 14 15 16 17 18 19 20 21 22 23 24 25 26 27 28 29 30 31 32 33 34 35 36 37 38 39 40 41 42 43 44 45 46 47 48 49 50 51 52 53 54 55 56 57 58 59 60 61 62 63 64 65 66 67 68 69 70 71 72 73 74 75 76 77 78 79 80 81 82 83 84 85 86 87 88 89 90
# datafile_name
amak_data.dat
# model_name
AMAK_MCP
# styr
1
# endyr
30
# rec_age
1
# oldest_age
12
# nfsh
1
# fshname
FLEET1
# catch_bio_in
 160.658 461.243 730.917 943.249 711.662 1183.41 1100.19 2108.4 1172.6 1421.37 1623.86 1722.31 1208.95 1644.07 1594.87 1291.96 2191.12 1539.98 1464.19 1466.73 2040.58 1474.89 2288.22 1653.16 1515.03 1285.48 1206.43 1495.94 984.96 1305.39
# catch_bio_sd_in
 0.01 0.01 0.01 0.01 0.01 0.01 0.01 0.01 0.01 0.01 0.01 0.01 0.01 0.01 0.01 0.01 0.01 0.01 0.01 0.01 0.01 0.01 0.01 0.01 0.01 0.01 0.01 0.01 0.01 0.01
# nyrs_fsh_age
 30
# nyrs_fsh_length
 0
# yrs_fsh_age_in
 1 2 3 4 5 6 7 8 9 10 11 12 13 14 15 16 17 18 19 20 21 22 23 24 25 26 27 28 29 30
# yrs_fsh_length_in

# n_sample_fsh_length_in

# olc_fsh_in

# nind
1
# indname
SURVEY1
# nyrs_ind
 30
# yrs_ind_in
 1 2 3 4 5 6 7 8 9 10 11 12 13 14 15 16 17 18 19 20 21 22 23 24 25 26 27 28 29 30
# mo_ind
 1
# obs_ind_in
 1.26328 1.23578 1.27724 1.33925 1.32185 1.16033 1.40518 1.06847 1.35176 1.30421 1.5762 1.33525 1.17422 1.07266 0.935982 0.875536 0.781321 0.939022 0.95231 0.952634 0.940908 0.925919 0.930977 0.756671 0.724313 0.562644 0.730824 0.517171 0.426661 0.478141
# obs_se_ind_in
 0.252656 0.247156 0.255449 0.267851 0.26437 0.232067 0.281037 0.213693 0.270351 0.260842 0.315239 0.26705 0.234844 0.214532 0.187196 0.175107 0.156264 0.187804 0.190462 0.190527 0.188182 0.185184 0.186195 0.151334 0.144863 0.112529 0.146165 0.103434 0.0853322 0.0956282
# nyrs_ind_age
 30
# nyrs_ind_length
 0
# yrs_ind_age_in
 1 2 3 4 5 6 7 8 9 10 11 12 13 14 15 16 17 18 19 20 21 22 23 24 25 26 27 28 29 30
# yrs_ind_length_in

# yrs_ind_age_in
 1 2 3 4 5 6 7 8 9 10 11 12 13 14 15 16 17 18 19 20 21 22 23 24 25 26 27 28 29 30
# n_sample_ind_length_in

# olc_ind_in

# oac_ind_in
 0.08 0.105 0.17 0.1 0.1 0.06 0.045 0.075 0.065 0.06 0.02 0.12
 0.04 0.145 0.135 0.1 0.145 0.105 0.07 0.06 0.025 0.04 0.035 0.1
 0.055 0.145 0.135 0.105 0.12 0.065 0.065 0.06 0.045 0.02 0.025 0.16
 0.025 0.09 0.1 0.175 0.13 0.06 0.065 0.055 0.055 0.03 0.025 0.19
 0.025 0.085 0.1 0.1 0.16 0.09 0.085 0.07 0.05 0.04 0.04 0.155
 0.095 0.08 0.11 0.11 0.1 0.085 0.04 0.045 0.06 0.055 0.04 0.18
 0.125 0.285 0.02 0.07 0.08 0.095 0.07 0.06 0.04 0.035 0.015 0.105
 0.055 0.275 0.185 0.06 0.06 0.045 0.08 0.065 0.035 0.035 0.015 0.09
 0.14 0.125 0.27 0.185 0.03 0.04 0.02 0.045 0.045 0.015 0.01 0.075
 0.13 0.345 0.075 0.155 0.105 0.02 0.03 0.005 0.035 0.01 0.005 0.085
 0.06 0.215 0.295 0.075 0.145 0.065 0.02 0.03 0.01 0.025 0.005 0.055
 0.04 0.1 0.27 0.215 0.06 0.115 0.065 0.02 0.015 0.015 0.015 0.07
 0.055 0.08 0.09 0.28 0.255 0.03 0.07 0.065 0.005 0.01 0.005 0.055
 0.115 0.105 0.105 0.06 0.275 0.165 0 0.035 0.05 0.015 0.015 0.06
 0.065 0.215 0.13 0.07 0.075 0.17 0.09 0.04 0.045 0.035 0.005 0.06
 0.055 0.14 0.265 0.1 0.07 0.09 0.07 0.095 0.01 0.025 0.035 0.045
 0.14 0.175 0.145 0.185 0.06 0.045 0.04 0.065 0.075 0.015 0.015 0.04
 0.155 0.25 0.145 0.09 0.115 0.09 0.01 0.02 0.04 0.04 0.005 0.04
 0.1 0.345 0.21 0.09 0.045 0.06 0.02 0.015 0.015 0.025 0.025 0.05
 0.14 0.265 0.265 0.11 0.075 0.035 0.04 0.01 0.005 0.005 0.03 0.02
 0.125 0.265 0.21 0.16 0.09 0.04 0.015 0.035 0.015 0 0 0.045
 0.04 0.235 0.28 0.135 0.145 0.065 0.055 0.01 0.01 0 0.005 0.02
 0.165 0.065 0.255 0.255 0.09 0.08 0.035 0.015 0.005 0.01 0.005 0.02
 0.08 0.325 0.105 0.13 0.2 0.055 0.07 0.015 0.005 0 0 0.015
 0.12 0.175 0.39 0.04 0.085 0.075 0.04 0.025 0.02 0.015 0 0.015
 0.085 0.245 0.205 0.225 0.035 0.065 0.05 0.035 0.03 0.015 0 0.01
 0.075 0.265 0.2 0.145 0.14 0.03 0.055 0.025 0.035 0.01 0.005 0.015
 0.115 0.135 0.31 0.175 0.08 0.085 0.01 0.025 0.03 0.015 0.005 0.015
 0.1 0.23 0.11 0.285 0.095 0.05 0.075 0.01 0.015 0.005 0 0.025
 0.275 0.125 0.215 0.095 0.135 0.04 0.035 0.04 0.015 0.005 0 0.02
# wt_ind
 1 1 1 1 1 1 1 1 1 1 1 1
 1 1 1 1 1 1 1 1 1 1 1 1
 1 1 1 1 1 1 1 1 1 1 1 1
 1 1 1 1 1 1 1 1 1 1 1 1
 1 1 1 1 1 1 1 1 1 1 1 1
 1 1 1 1 1 1 1 1 1 1 1 1
 1 1 1 1 1 1 1 1 1 1 1 1
 1 1 1 1 1 1 1 1 1 1 1 1
 1 1 1 1 1 1 1 1 1 1 1 1
 1 1 1 1 1 1 1 1 1 1 1 1
 1 1 1 1 1 1 1 1 1 1 1 1
 1 1 1 1 1 1 1 1 1 1 1 1
 1 1 1 1 1 1 1 1 1 1 1 1
 1 1 1 1 1 1 1 1 1 1 1 1
 1 1 1 1 1 1 1 1 1 1 1 1
 1 1 1 1 1 1 1 1 1 1 1 1
 1 1 1 1 1 1 1 1 1 1 1 1
 1 1 1 1 1 1 1 1 1 1 1 1
 1 1 1 1 1 1 1 1 1 1 1 1
 1 1 1 1 1 1 1 1 1 1 1 1
 1 1 1 1 1 1 1 1 1 1 1 1
 1 1 1 1 1 1 1 1 1 1 1 1
 1 1 1 1 1 1 1 1 1 1 1 1
 1 1 1 1 1 1 1 1 1 1 1 1
 1 1 1 1 1 1 1 1 1 1 1 1
 1 1 1 1 1 1 1 1 1 1 1 1
 1 1 1 1 1 1 1 1 1 1 1 1
 1 1 1 1 1 1 1 1 1 1 1 1
 1 1 1 1 1 1 1 1 1 1 1 1
 1 1 1 1 1 1 1 1 1 1 1 1
# wt_pop
 0.000530656 0.00119633 0.00205827 0.00303499 0.00405521 0.0050647 0.00602623 0.00691692 0.00772489 0.00844611 0.00908185 0.0096367
# maturity
 0.0229774 0.320821 0.904651 0.99478 0.999739 0.999987 0.999999 1 1 1 1 1
# spawnmo
1
# age_err
 1 0 0 0 0 0 0 0 0 0 0 0
 0 1 0 0 0 0 0 0 0 0 0 0
 0 0 1 0 0 0 0 0 0 0 0 0
 0 0 0 1 0 0 0 0 0 0 0 0
 0 0 0 0 1 0 0 0 0 0 0 0
 0 0 0 0 0 1 0 0 0 0 0 0
 0 0 0 0 0 0 1 0 0 0 0 0
 0 0 0 0 0 0 0 1 0 0 0 0
 0 0 0 0 0 0 0 0 1 0 0 0
 0 0 0 0 0 0 0 0 0 1 0 0
 0 0 0 0 0 0 0 0 0 0 1 0
 0 0 0 0 0 0 0 0 0 0 0 1
# cntrlfile_name
C:\Users\bai.li\DOCUME~1\Github\AGE_ST~2\ASSAMC\example\C2\output\AMAK\s8\amak.dat
# Map shared selectivity: 
# sel_map
 1 2
 1 1
# datafile_name
amak_data.dat
# model_name
AMAK_MCP
# SrType
2
# use_age_err
0
# retro
0
# sigmarprior
0.6
# cvsigmarprior
0.65
# phase_sigmar
-3
# styr_rec_est
1
# endyr_rec_est
30
# Linfprior
80
# cvLinfprior
0.25
# kprior
0.18
# cvkprior
0.25
# Loprior
27.688
# cvLoprior
0.25
# sdageprior
0.1
# cvsdageprior
0.25
# natmortprior
0.2
# cvnatmortprior
0.25
# phase_M
-4
# npars_Mage
0
# ages_M_changes

# Mage_in

# Mage_offset_in

# phase_Mage
-5
# phase_rw_M
0
# npars_rw_M
0
# yrs_rw_M

# sigma_rw_M

# qprior
 3.48998e-007
# cvqprior
 1
# phase_q
 1
# q_power_prior
 1
# cvq_power_prior
 0.2
# phase_q_power
 -4
# phase_rw_q
 -1
# npars_rw_q
 0
# yrs_rw_q

# sigma_rw_q

# q_age_min
 1
# q_age_max
 12
# q_age_min
 1
# q_age_max
 12
# fsh_sel_opt(k)
2
# phase_sel_fsh(k)
2
# n_sel_ch_fsh(k)
1
# sel_slp_in_fsh(k)(1,n_sel_ch_fsh(k))
 1
# sel_inf_in_fsh(k)(1,n_sel_ch_fsh(k))
 2
# logsel_slp_in_fsh(k)(1,n_sel_ch_fsh(k))
 0
# yrs_sel_ch_fsh(k)(1,n_sel_ch_fsh(k))
 1

Survey SURVEY1
# ind_sel_opt(k)
2
# indname(k)
SURVEY1
# nselages_in_ind(k)
11
# phase_sel_ind(k)
2
# sel_change_in_ind(k)
 1 0 0 0 0 0 0 0 0 0 0 0 0 0 0 0 0 0 0 0 0 0 0 0 0 0 0 0 0 0
# n_sel_ch_ind(k)
1
# yrs_sel_ch_ind(k)(1,n_sel_ch_ind(k))
 1
# sel_slp_in_ind(k,1)
2
# sel_inf_in_ind(k,1)
1.5
# logsel_slp_in_ind(k,1)
0.693147
# logsel_slp_in_indv(k)
0.693147
SURVEY1 ind sel opt 2  1 0 0 0 0 0 0 0 0 0 0 0 0 0 0 0 0 0 0 0 0 0 0 0 0 0 0 0 0 0
Phase indices Sel_Coffs:  -1
 Test: 1.23457e+008
# Fshry Selages:  11
# Srvy  Selages:  11
# Phase for age-spec fishery  -1
# Phase for logistic fishery  2
# Phase for dble logistic fishery  -1
# Phase for age-spec indices   -1
# Phase for logistic indices   2
# Phase for dble logistic ind  -1
# Curv_pen_fsh: 
 0
# Curv_pen_ind: 
 0
# styr_fut
31
# endyr_fut
35
# nyrs_fsh_age
 30
# nyrs_fsh_age
 30
# yrs_fsh_age
 1 2 3 4 5 6 7 8 9 10 11 12 13 14 15 16 17 18 19 20 21 22 23 24 25 26 27 28 29 30
# n_sample_fsh_age
 200 200 200 200 200 200 200 200 200 200 200 200 200 200 200 200 200 200 200 200 200 200 200 200 200 200 200 200 200 200
# oac_fsh
 0.08 0.1 0.165 0.115 0.095 0.07 0.055 0.045 0.06 0.02 0.025 0.17
 0.07 0.14 0.115 0.125 0.135 0.085 0.085 0.045 0.025 0.04 0.03 0.105
 0.035 0.095 0.105 0.115 0.12 0.09 0.095 0.06 0.065 0.045 0.03 0.145
 0.055 0.085 0.105 0.14 0.105 0.06 0.09 0.06 0.055 0.03 0.05 0.165
 0.045 0.065 0.095 0.135 0.135 0.08 0.095 0.07 0.065 0.02 0.025 0.17
 0.145 0.05 0.105 0.115 0.135 0.07 0.055 0.06 0.05 0.015 0.035 0.165
 0.14 0.165 0.06 0.065 0.07 0.085 0.065 0.09 0.055 0.04 0.025 0.14
 0.055 0.26 0.165 0.04 0.08 0.06 0.07 0.06 0.04 0.05 0.025 0.095
 0.21 0.13 0.17 0.12 0.045 0.065 0.05 0.025 0.035 0.02 0.025 0.105
 0.14 0.235 0.095 0.11 0.145 0.04 0.02 0.02 0.025 0.02 0.025 0.125
 0.09 0.21 0.225 0.09 0.09 0.075 0.02 0.035 0.015 0.03 0.025 0.095
 0.04 0.065 0.265 0.285 0.045 0.115 0.05 0.01 0.03 0.005 0.01 0.08
 0.075 0.055 0.085 0.27 0.22 0.04 0.11 0.055 0.015 0.005 0.015 0.055
 0.125 0.105 0.08 0.065 0.18 0.24 0.03 0.07 0.025 0 0.015 0.065
 0.045 0.165 0.1 0.1 0.115 0.165 0.12 0.05 0.055 0.02 0.01 0.055
 0.09 0.11 0.165 0.145 0.055 0.05 0.125 0.125 0.04 0.025 0.025 0.045
 0.105 0.13 0.135 0.18 0.085 0.05 0.035 0.07 0.09 0.015 0.045 0.06
 0.22 0.16 0.15 0.09 0.11 0.045 0.05 0.05 0.065 0.025 0.015 0.02
 0.14 0.3 0.155 0.125 0.05 0.1 0.035 0.015 0.025 0.01 0.015 0.03
 0.225 0.21 0.22 0.135 0.065 0.015 0.04 0.03 0.01 0 0.02 0.03
 0.135 0.23 0.21 0.16 0.11 0.04 0.04 0.035 0.01 0 0.005 0.025
 0.04 0.235 0.25 0.175 0.125 0.045 0.045 0.015 0.035 0.01 0.005 0.02
 0.15 0.085 0.265 0.245 0.105 0.085 0.015 0.015 0.005 0.01 0.005 0.015
 0.08 0.305 0.065 0.15 0.135 0.12 0.09 0.02 0.01 0.005 0.015 0.005
 0.135 0.19 0.275 0.015 0.155 0.095 0.04 0.015 0.025 0.005 0.015 0.035
 0.145 0.135 0.16 0.265 0.08 0.05 0.065 0.02 0.035 0.015 0.005 0.025
 0.095 0.265 0.19 0.14 0.125 0.03 0.065 0.03 0.02 0.015 0.015 0.01
 0.075 0.12 0.315 0.18 0.08 0.105 0.045 0.04 0.01 0.015 0.01 0.005
 0.085 0.195 0.125 0.24 0.16 0.075 0.045 0.005 0.02 0.03 0.005 0.015
 0.405 0.065 0.18 0.05 0.145 0.045 0.015 0.05 0.005 0.005 0.01 0.025
# olc_fsh

# wt_fsh
 0.000530656 0.00119633 0.00205827 0.00303499 0.00405521 0.0050647 0.00602623 0.00691692 0.00772489 0.00844611 0.00908185 0.0096367
 0.000530656 0.00119633 0.00205827 0.00303499 0.00405521 0.0050647 0.00602623 0.00691692 0.00772489 0.00844611 0.00908185 0.0096367
 0.000530656 0.00119633 0.00205827 0.00303499 0.00405521 0.0050647 0.00602623 0.00691692 0.00772489 0.00844611 0.00908185 0.0096367
 0.000530656 0.00119633 0.00205827 0.00303499 0.00405521 0.0050647 0.00602623 0.00691692 0.00772489 0.00844611 0.00908185 0.0096367
 0.000530656 0.00119633 0.00205827 0.00303499 0.00405521 0.0050647 0.00602623 0.00691692 0.00772489 0.00844611 0.00908185 0.0096367
 0.000530656 0.00119633 0.00205827 0.00303499 0.00405521 0.0050647 0.00602623 0.00691692 0.00772489 0.00844611 0.00908185 0.0096367
 0.000530656 0.00119633 0.00205827 0.00303499 0.00405521 0.0050647 0.00602623 0.00691692 0.00772489 0.00844611 0.00908185 0.0096367
 0.000530656 0.00119633 0.00205827 0.00303499 0.00405521 0.0050647 0.00602623 0.00691692 0.00772489 0.00844611 0.00908185 0.0096367
 0.000530656 0.00119633 0.00205827 0.00303499 0.00405521 0.0050647 0.00602623 0.00691692 0.00772489 0.00844611 0.00908185 0.0096367
 0.000530656 0.00119633 0.00205827 0.00303499 0.00405521 0.0050647 0.00602623 0.00691692 0.00772489 0.00844611 0.00908185 0.0096367
 0.000530656 0.00119633 0.00205827 0.00303499 0.00405521 0.0050647 0.00602623 0.00691692 0.00772489 0.00844611 0.00908185 0.0096367
 0.000530656 0.00119633 0.00205827 0.00303499 0.00405521 0.0050647 0.00602623 0.00691692 0.00772489 0.00844611 0.00908185 0.0096367
 0.000530656 0.00119633 0.00205827 0.00303499 0.00405521 0.0050647 0.00602623 0.00691692 0.00772489 0.00844611 0.00908185 0.0096367
 0.000530656 0.00119633 0.00205827 0.00303499 0.00405521 0.0050647 0.00602623 0.00691692 0.00772489 0.00844611 0.00908185 0.0096367
 0.000530656 0.00119633 0.00205827 0.00303499 0.00405521 0.0050647 0.00602623 0.00691692 0.00772489 0.00844611 0.00908185 0.0096367
 0.000530656 0.00119633 0.00205827 0.00303499 0.00405521 0.0050647 0.00602623 0.00691692 0.00772489 0.00844611 0.00908185 0.0096367
 0.000530656 0.00119633 0.00205827 0.00303499 0.00405521 0.0050647 0.00602623 0.00691692 0.00772489 0.00844611 0.00908185 0.0096367
 0.000530656 0.00119633 0.00205827 0.00303499 0.00405521 0.0050647 0.00602623 0.00691692 0.00772489 0.00844611 0.00908185 0.0096367
 0.000530656 0.00119633 0.00205827 0.00303499 0.00405521 0.0050647 0.00602623 0.00691692 0.00772489 0.00844611 0.00908185 0.0096367
 0.000530656 0.00119633 0.00205827 0.00303499 0.00405521 0.0050647 0.00602623 0.00691692 0.00772489 0.00844611 0.00908185 0.0096367
 0.000530656 0.00119633 0.00205827 0.00303499 0.00405521 0.0050647 0.00602623 0.00691692 0.00772489 0.00844611 0.00908185 0.0096367
 0.000530656 0.00119633 0.00205827 0.00303499 0.00405521 0.0050647 0.00602623 0.00691692 0.00772489 0.00844611 0.00908185 0.0096367
 0.000530656 0.00119633 0.00205827 0.00303499 0.00405521 0.0050647 0.00602623 0.00691692 0.00772489 0.00844611 0.00908185 0.0096367
 0.000530656 0.00119633 0.00205827 0.00303499 0.00405521 0.0050647 0.00602623 0.00691692 0.00772489 0.00844611 0.00908185 0.0096367
 0.000530656 0.00119633 0.00205827 0.00303499 0.00405521 0.0050647 0.00602623 0.00691692 0.00772489 0.00844611 0.00908185 0.0096367
 0.000530656 0.00119633 0.00205827 0.00303499 0.00405521 0.0050647 0.00602623 0.00691692 0.00772489 0.00844611 0.00908185 0.0096367
 0.000530656 0.00119633 0.00205827 0.00303499 0.00405521 0.0050647 0.00602623 0.00691692 0.00772489 0.00844611 0.00908185 0.0096367
 0.000530656 0.00119633 0.00205827 0.00303499 0.00405521 0.0050647 0.00602623 0.00691692 0.00772489 0.00844611 0.00908185 0.0096367
 0.000530656 0.00119633 0.00205827 0.00303499 0.00405521 0.0050647 0.00602623 0.00691692 0.00772489 0.00844611 0.00908185 0.0096367
 0.000530656 0.00119633 0.00205827 0.00303499 0.00405521 0.0050647 0.00602623 0.00691692 0.00772489 0.00844611 0.00908185 0.0096367
# nyrs_ind_age
 30
# yrs_ind_age
 1 2 3 4 5 6 7 8 9 10 11 12 13 14 15 16 17 18 19 20 21 22 23 24 25 26 27 28 29 30
# n_sample_ind_age
 200 200 200 200 200 200 200 200 200 200 200 200 200 200 200 200 200 200 200 200 200 200 200 200 200 200 200 200 200 200
# oac_ind
 0.08 0.105 0.17 0.1 0.1 0.06 0.045 0.075 0.065 0.06 0.02 0.12
 0.04 0.145 0.135 0.1 0.145 0.105 0.07 0.06 0.025 0.04 0.035 0.1
 0.055 0.145 0.135 0.105 0.12 0.065 0.065 0.06 0.045 0.02 0.025 0.16
 0.025 0.09 0.1 0.175 0.13 0.06 0.065 0.055 0.055 0.03 0.025 0.19
 0.025 0.085 0.1 0.1 0.16 0.09 0.085 0.07 0.05 0.04 0.04 0.155
 0.095 0.08 0.11 0.11 0.1 0.085 0.04 0.045 0.06 0.055 0.04 0.18
 0.125 0.285 0.02 0.07 0.08 0.095 0.07 0.06 0.04 0.035 0.015 0.105
 0.055 0.275 0.185 0.06 0.06 0.045 0.08 0.065 0.035 0.035 0.015 0.09
 0.14 0.125 0.27 0.185 0.03 0.04 0.02 0.045 0.045 0.015 0.01 0.075
 0.13 0.345 0.075 0.155 0.105 0.02 0.03 0.005 0.035 0.01 0.005 0.085
 0.06 0.215 0.295 0.075 0.145 0.065 0.02 0.03 0.01 0.025 0.005 0.055
 0.04 0.1 0.27 0.215 0.06 0.115 0.065 0.02 0.015 0.015 0.015 0.07
 0.055 0.08 0.09 0.28 0.255 0.03 0.07 0.065 0.005 0.01 0.005 0.055
 0.115 0.105 0.105 0.06 0.275 0.165 0 0.035 0.05 0.015 0.015 0.06
 0.065 0.215 0.13 0.07 0.075 0.17 0.09 0.04 0.045 0.035 0.005 0.06
 0.055 0.14 0.265 0.1 0.07 0.09 0.07 0.095 0.01 0.025 0.035 0.045
 0.14 0.175 0.145 0.185 0.06 0.045 0.04 0.065 0.075 0.015 0.015 0.04
 0.155 0.25 0.145 0.09 0.115 0.09 0.01 0.02 0.04 0.04 0.005 0.04
 0.1 0.345 0.21 0.09 0.045 0.06 0.02 0.015 0.015 0.025 0.025 0.05
 0.14 0.265 0.265 0.11 0.075 0.035 0.04 0.01 0.005 0.005 0.03 0.02
 0.125 0.265 0.21 0.16 0.09 0.04 0.015 0.035 0.015 0 0 0.045
 0.04 0.235 0.28 0.135 0.145 0.065 0.055 0.01 0.01 0 0.005 0.02
 0.165 0.065 0.255 0.255 0.09 0.08 0.035 0.015 0.005 0.01 0.005 0.02
 0.08 0.325 0.105 0.13 0.2 0.055 0.07 0.015 0.005 0 0 0.015
 0.12 0.175 0.39 0.04 0.085 0.075 0.04 0.025 0.02 0.015 0 0.015
 0.085 0.245 0.205 0.225 0.035 0.065 0.05 0.035 0.03 0.015 0 0.01
 0.075 0.265 0.2 0.145 0.14 0.03 0.055 0.025 0.035 0.01 0.005 0.015
 0.115 0.135 0.31 0.175 0.08 0.085 0.01 0.025 0.03 0.015 0.005 0.015
 0.1 0.23 0.11 0.285 0.095 0.05 0.075 0.01 0.015 0.005 0 0.025
 0.275 0.125 0.215 0.095 0.135 0.04 0.035 0.04 0.015 0.005 0 0.02
# olc_ind

# obs_lse_ind
 0.198042 0.198042 0.198042 0.198042 0.198042 0.198042 0.198042 0.198042 0.198042 0.198042 0.198042 0.198042 0.198042 0.198042 0.198042 0.198042 0.198042 0.198042 0.198042 0.198042 0.198042 0.198042 0.198042 0.198042 0.198042 0.198042 0.198042 0.198042 0.198042 0.198042
# xages_fsh
 0 0 0 0 0 0 0 0 0 0 0 0
# xages_fsh
 0 0.0909091 0.181818 0.272727 0.363636 0.454545 0.545455 0.636364 0.727273 0.818182 0.909091 1
# xnodes_fsh

Yrs fsh_sel change:  1 0 0 0 0 0 0 0 0 0 0 0 0 0 0 0 0 0 0 0 0 0 0 0 0 0 0 0 0
Yrs ind_sel change:  1 0 0 0 0 0 0 0 0 0 0 0 0 0 0 0 0 0 0 0 0 0 0 0 0 0 0 0 0
# steepnessprior
0.75
# sigmarprior
0.6
#  SSB estimated in styr endyr: -13 28 
#  Rec estimated in styr endyr: -11 30 
#  SR Curve fit  in styr endyr: 1 30 
#             Model styr endyr: 1 30 
# qprior
 3.48998e-007
# q_power_prior 
 1 
# cv_catchbiomass 
0.05 
# CatchbiomassPen 
200 
# Number of projection years 
5 
# offset_fsh
 13088.8
# offset_ind
 12770.7
Mean Catch
1366.39
R_guess 
15.4801
# nfsh
1
# n_sel_ch_fsh
 1
# nselages_fsh
 11
# phase_selcoff_fsh
 -1
logRzero 15.4801
logmeanrec 15.4801
exp(log_sigmarprior 0.6
Fish sel phase: -1 FLEET1
Fixing fishery sel to
1
Srvy sel phase: -1
Fixing SURVEY1 indices sel to
1
# logsel_slp_in_indv
 0.693147
Leaving parameter init secton
# M
 0.2 0.2 0.2 0.2 0.2 0.2 0.2 0.2 0.2 0.2 0.2 0.2
 0.2 0.2 0.2 0.2 0.2 0.2 0.2 0.2 0.2 0.2 0.2 0.2
 0.2 0.2 0.2 0.2 0.2 0.2 0.2 0.2 0.2 0.2 0.2 0.2
 0.2 0.2 0.2 0.2 0.2 0.2 0.2 0.2 0.2 0.2 0.2 0.2
 0.2 0.2 0.2 0.2 0.2 0.2 0.2 0.2 0.2 0.2 0.2 0.2
 0.2 0.2 0.2 0.2 0.2 0.2 0.2 0.2 0.2 0.2 0.2 0.2
 0.2 0.2 0.2 0.2 0.2 0.2 0.2 0.2 0.2 0.2 0.2 0.2
 0.2 0.2 0.2 0.2 0.2 0.2 0.2 0.2 0.2 0.2 0.2 0.2
 0.2 0.2 0.2 0.2 0.2 0.2 0.2 0.2 0.2 0.2 0.2 0.2
 0.2 0.2 0.2 0.2 0.2 0.2 0.2 0.2 0.2 0.2 0.2 0.2
 0.2 0.2 0.2 0.2 0.2 0.2 0.2 0.2 0.2 0.2 0.2 0.2
 0.2 0.2 0.2 0.2 0.2 0.2 0.2 0.2 0.2 0.2 0.2 0.2
 0.2 0.2 0.2 0.2 0.2 0.2 0.2 0.2 0.2 0.2 0.2 0.2
 0.2 0.2 0.2 0.2 0.2 0.2 0.2 0.2 0.2 0.2 0.2 0.2
 0.2 0.2 0.2 0.2 0.2 0.2 0.2 0.2 0.2 0.2 0.2 0.2
 0.2 0.2 0.2 0.2 0.2 0.2 0.2 0.2 0.2 0.2 0.2 0.2
 0.2 0.2 0.2 0.2 0.2 0.2 0.2 0.2 0.2 0.2 0.2 0.2
 0.2 0.2 0.2 0.2 0.2 0.2 0.2 0.2 0.2 0.2 0.2 0.2
 0.2 0.2 0.2 0.2 0.2 0.2 0.2 0.2 0.2 0.2 0.2 0.2
 0.2 0.2 0.2 0.2 0.2 0.2 0.2 0.2 0.2 0.2 0.2 0.2
 0.2 0.2 0.2 0.2 0.2 0.2 0.2 0.2 0.2 0.2 0.2 0.2
 0.2 0.2 0.2 0.2 0.2 0.2 0.2 0.2 0.2 0.2 0.2 0.2
 0.2 0.2 0.2 0.2 0.2 0.2 0.2 0.2 0.2 0.2 0.2 0.2
 0.2 0.2 0.2 0.2 0.2 0.2 0.2 0.2 0.2 0.2 0.2 0.2
 0.2 0.2 0.2 0.2 0.2 0.2 0.2 0.2 0.2 0.2 0.2 0.2
 0.2 0.2 0.2 0.2 0.2 0.2 0.2 0.2 0.2 0.2 0.2 0.2
 0.2 0.2 0.2 0.2 0.2 0.2 0.2 0.2 0.2 0.2 0.2 0.2
 0.2 0.2 0.2 0.2 0.2 0.2 0.2 0.2 0.2 0.2 0.2 0.2
 0.2 0.2 0.2 0.2 0.2 0.2 0.2 0.2 0.2 0.2 0.2 0.2
 0.2 0.2 0.2 0.2 0.2 0.2 0.2 0.2 0.2 0.2 0.2 0.2
# mean_log_rec
13.794
# log_Rzero
13.7763
# rec_dev
 0.0399184 0.0491765 -0.259745 0.140907 0.160805 -0.101541 -0.109149 -0.0412324 0.00682636 0.0582354 0.0504835 -0.0742873 0.0859655 -0.0779814 -0.417971 -0.474544 -0.919679 0.319877 0.472138 -0.320367 0.823261 0.667812 -0.371876 -0.639663 -0.358266 0.140216 -0.479182 -0.229226 0.0692389 0.468878 0.258038 0.502268 0.234913 -0.900174 0.370111 -0.309717 -0.215363 0.0217089 -0.916738 -0.53743 -1.09751 0.460882
# fmort
 0.00897711 0.0261547 0.0428047 0.0582871 0.0469929 0.0846735 0.0854652 0.180007 0.106834 0.129297 0.146053 0.156448 0.11343 0.16403 0.175475 0.155181 0.299734 0.241393 0.240879 0.238994 0.333862 0.246849 0.413684 0.34319 0.346191 0.316697 0.316116 0.443609 0.344315 0.52814
# rec_dev_future
 0 0 0 0 0
