AMAK;Mar 2020
# styr
1
# endyr
30
# rec_age
1
# oldest_age
12
# nlength
81
# len_bins
 10 11 12 13 14 15 16 17 18 19 20 21 22 23 24 25 26 27 28 29 30 31 32 33 34 35 36 37 38 39 40 41 42 43 44 45 46 47 48 49 50 51 52 53 54 55 56 57 58 59 60 61 62 63 64 65 66 67 68 69 70 71 72 73 74 75 76 77 78 79 80 81 82 83 84 85 86 87 88 89 90
# datafile_name
amak_data.dat
# model_name
AMAK_MCP
# styr
1
# endyr
30
# rec_age
1
# oldest_age
12
# nfsh
1
# fshname
FLEET1
# catch_bio_in
 161.297 463.608 754.95 1006.41 778.298 1331.36 1276.3 2450.04 1302.61 1493.91 1556.76 1524.23 1050.92 1480.97 1517.44 1322.19 2407.45 1771.18 1615.6 1509.54 1917.1 1245.45 1863.47 1352.34 1276.33 1122.66 1097.22 1457.37 1054.53 1481.85
# catch_bio_sd_in
 0.01 0.01 0.01 0.01 0.01 0.01 0.01 0.01 0.01 0.01 0.01 0.01 0.01 0.01 0.01 0.01 0.01 0.01 0.01 0.01 0.01 0.01 0.01 0.01 0.01 0.01 0.01 0.01 0.01 0.01
# nyrs_fsh_age
 30
# nyrs_fsh_length
 0
# yrs_fsh_age_in
 1 2 3 4 5 6 7 8 9 10 11 12 13 14 15 16 17 18 19 20 21 22 23 24 25 26 27 28 29 30
# yrs_fsh_length_in

# n_sample_fsh_length_in

# olc_fsh_in

# nind
1
# indname
SURVEY1
# nyrs_ind
 30
# yrs_ind_in
 1 2 3 4 5 6 7 8 9 10 11 12 13 14 15 16 17 18 19 20 21 22 23 24 25 26 27 28 29 30
# mo_ind
 1
# obs_ind_in
 1.54257 1.60722 1.51608 1.30697 1.48878 1.40766 1.21117 1.42344 1.51881 1.04266 1.00075 0.848847 0.97201 1.15097 1.21277 1.161 1.02211 1.01057 0.880169 0.837408 0.806116 0.701294 0.728161 0.628035 0.601806 0.707239 0.56796 0.720389 0.573093 0.547271
# obs_se_ind_in
 0.308515 0.321444 0.303217 0.261395 0.297756 0.281532 0.242235 0.284688 0.303762 0.208533 0.20015 0.169769 0.194402 0.230194 0.242555 0.2322 0.204422 0.202115 0.176034 0.167482 0.161223 0.140259 0.145632 0.125607 0.120361 0.141448 0.113592 0.144078 0.114619 0.109454
# nyrs_ind_age
 30
# nyrs_ind_length
 0
# yrs_ind_age_in
 1 2 3 4 5 6 7 8 9 10 11 12 13 14 15 16 17 18 19 20 21 22 23 24 25 26 27 28 29 30
# yrs_ind_length_in

# yrs_ind_age_in
 1 2 3 4 5 6 7 8 9 10 11 12 13 14 15 16 17 18 19 20 21 22 23 24 25 26 27 28 29 30
# n_sample_ind_length_in

# olc_ind_in

# oac_ind_in
 0.045 0.16 0.115 0.115 0.09 0.08 0.1 0.045 0.025 0.055 0.025 0.145
 0.065 0.17 0.12 0.135 0.1 0.105 0.055 0.055 0.035 0.04 0.025 0.095
 0.075 0.295 0.105 0.085 0.11 0.075 0.04 0.045 0.025 0.035 0.01 0.1
 0.055 0.18 0.23 0.125 0.09 0.085 0.055 0.035 0.035 0.015 0.015 0.08
 0.085 0.115 0.175 0.17 0.07 0.05 0.04 0.065 0.065 0.04 0.03 0.095
 0.07 0.155 0.16 0.125 0.1 0.08 0.075 0.015 0.045 0.025 0.04 0.11
 0.085 0.195 0.125 0.08 0.1 0.1 0.07 0.065 0.025 0.02 0.04 0.095
 0.07 0.2 0.175 0.07 0.075 0.09 0.08 0.065 0.035 0.03 0.025 0.085
 0.05 0.135 0.22 0.135 0.085 0.045 0.075 0.075 0.015 0.015 0.04 0.11
 0.06 0.11 0.16 0.16 0.1 0.11 0.065 0.05 0.06 0.015 0.015 0.095
 0.06 0.205 0.14 0.115 0.13 0.075 0.075 0.02 0.05 0.03 0.02 0.08
 0.12 0.175 0.165 0.085 0.1 0.09 0.085 0.035 0.025 0.025 0.015 0.08
 0.09 0.17 0.195 0.09 0.12 0.09 0.07 0.03 0.02 0.025 0.015 0.085
 0.145 0.225 0.135 0.155 0.105 0.05 0.05 0.055 0.02 0.005 0.015 0.04
 0.095 0.21 0.2 0.115 0.12 0.06 0.06 0.03 0.025 0.025 0 0.06
 0.06 0.175 0.235 0.18 0.085 0.04 0.045 0.055 0.025 0.03 0.01 0.06
 0.105 0.215 0.145 0.155 0.12 0.055 0.06 0.025 0.02 0.015 0.015 0.07
 0.08 0.2 0.225 0.135 0.15 0.05 0.075 0.02 0.035 0.01 0 0.02
 0.105 0.23 0.17 0.135 0.075 0.095 0.065 0.025 0.035 0 0.015 0.05
 0.045 0.24 0.255 0.165 0.08 0.07 0.065 0.04 0.01 0 0.01 0.02
 0.12 0.155 0.16 0.18 0.18 0.05 0.045 0.04 0.015 0.02 0.01 0.025
 0.125 0.24 0.14 0.155 0.115 0.07 0.06 0.02 0.025 0.02 0.01 0.02
 0.09 0.285 0.17 0.11 0.095 0.08 0.06 0.03 0.03 0.02 0.015 0.015
 0.09 0.195 0.29 0.135 0.08 0.095 0.045 0.01 0.01 0.025 0 0.025
 0.15 0.27 0.195 0.225 0.025 0.035 0.045 0.02 0 0.01 0.005 0.02
 0.095 0.185 0.295 0.14 0.11 0.06 0.04 0.02 0.025 0.015 0.005 0.01
 0.155 0.21 0.21 0.195 0.095 0.07 0.025 0.01 0.01 0.02 0 0
 0.125 0.32 0.155 0.16 0.115 0.045 0.025 0.02 0.01 0.005 0.01 0.01
 0.12 0.245 0.26 0.15 0.09 0.07 0.035 0.015 0 0.01 0 0.005
 0.1 0.21 0.27 0.195 0.1 0.03 0.03 0.02 0.015 0.01 0.005 0.015
# wt_ind
 1 1 1 1 1 1 1 1 1 1 1 1
 1 1 1 1 1 1 1 1 1 1 1 1
 1 1 1 1 1 1 1 1 1 1 1 1
 1 1 1 1 1 1 1 1 1 1 1 1
 1 1 1 1 1 1 1 1 1 1 1 1
 1 1 1 1 1 1 1 1 1 1 1 1
 1 1 1 1 1 1 1 1 1 1 1 1
 1 1 1 1 1 1 1 1 1 1 1 1
 1 1 1 1 1 1 1 1 1 1 1 1
 1 1 1 1 1 1 1 1 1 1 1 1
 1 1 1 1 1 1 1 1 1 1 1 1
 1 1 1 1 1 1 1 1 1 1 1 1
 1 1 1 1 1 1 1 1 1 1 1 1
 1 1 1 1 1 1 1 1 1 1 1 1
 1 1 1 1 1 1 1 1 1 1 1 1
 1 1 1 1 1 1 1 1 1 1 1 1
 1 1 1 1 1 1 1 1 1 1 1 1
 1 1 1 1 1 1 1 1 1 1 1 1
 1 1 1 1 1 1 1 1 1 1 1 1
 1 1 1 1 1 1 1 1 1 1 1 1
 1 1 1 1 1 1 1 1 1 1 1 1
 1 1 1 1 1 1 1 1 1 1 1 1
 1 1 1 1 1 1 1 1 1 1 1 1
 1 1 1 1 1 1 1 1 1 1 1 1
 1 1 1 1 1 1 1 1 1 1 1 1
 1 1 1 1 1 1 1 1 1 1 1 1
 1 1 1 1 1 1 1 1 1 1 1 1
 1 1 1 1 1 1 1 1 1 1 1 1
 1 1 1 1 1 1 1 1 1 1 1 1
 1 1 1 1 1 1 1 1 1 1 1 1
# wt_pop
 0.000530656 0.00119633 0.00205827 0.00303499 0.00405521 0.0050647 0.00602623 0.00691692 0.00772489 0.00844611 0.00908185 0.0096367
# maturity
 0.0229774 0.320821 0.904651 0.99478 0.999739 0.999987 0.999999 1 1 1 1 1
# spawnmo
1
# age_err
 1 0 0 0 0 0 0 0 0 0 0 0
 0 1 0 0 0 0 0 0 0 0 0 0
 0 0 1 0 0 0 0 0 0 0 0 0
 0 0 0 1 0 0 0 0 0 0 0 0
 0 0 0 0 1 0 0 0 0 0 0 0
 0 0 0 0 0 1 0 0 0 0 0 0
 0 0 0 0 0 0 1 0 0 0 0 0
 0 0 0 0 0 0 0 1 0 0 0 0
 0 0 0 0 0 0 0 0 1 0 0 0
 0 0 0 0 0 0 0 0 0 1 0 0
 0 0 0 0 0 0 0 0 0 0 1 0
 0 0 0 0 0 0 0 0 0 0 0 1
# cntrlfile_name
C:\Users\bai.li\DOCUME~1\Github\AGE_ST~1\ASSAMC\example\output\AMAK\s42\amak.dat
# Map shared selectivity: 
# sel_map
 1 2
 1 1
# datafile_name
amak_data.dat
# model_name
AMAK_MCP
# SrType
2
# use_age_err
0
# retro
0
# sigmarprior
0.2
# cvsigmarprior
0.25
# phase_sigmar
-3
# styr_rec_est
1
# endyr_rec_est
30
# Linfprior
80
# cvLinfprior
0.25
# kprior
0.18
# cvkprior
0.25
# Loprior
27.688
# cvLoprior
0.25
# sdageprior
0.1
# cvsdageprior
0.25
# natmortprior
0.2
# cvnatmortprior
0.25
# phase_M
-4
# npars_Mage
0
# ages_M_changes

# Mage_in

# Mage_offset_in

# phase_Mage
-5
# phase_rw_M
0
# npars_rw_M
0
# yrs_rw_M

# sigma_rw_M

# qprior
 3.48998e-007
# cvqprior
 1
# phase_q
 1
# q_power_prior
 1
# cvq_power_prior
 0.2
# phase_q_power
 -4
# phase_rw_q
 -1
# npars_rw_q
 0
# yrs_rw_q

# sigma_rw_q

# q_age_min
 1
# q_age_max
 12
# q_age_min
 1
# q_age_max
 12
# fsh_sel_opt(k)
2
# phase_sel_fsh(k)
2
# n_sel_ch_fsh(k)
1
# sel_slp_in_fsh(k)(1,n_sel_ch_fsh(k))
 1
# sel_inf_in_fsh(k)(1,n_sel_ch_fsh(k))
 2
# logsel_slp_in_fsh(k)(1,n_sel_ch_fsh(k))
 0
# yrs_sel_ch_fsh(k)(1,n_sel_ch_fsh(k))
 1

Survey SURVEY1
# ind_sel_opt(k)
2
# indname(k)
SURVEY1
# nselages_in_ind(k)
11
# phase_sel_ind(k)
2
# sel_change_in_ind(k)
 1 0 0 0 0 0 0 0 0 0 0 0 0 0 0 0 0 0 0 0 0 0 0 0 0 0 0 0 0 0
# n_sel_ch_ind(k)
1
# yrs_sel_ch_ind(k)(1,n_sel_ch_ind(k))
 1
# sel_slp_in_ind(k,1)
2
# sel_inf_in_ind(k,1)
1.5
# logsel_slp_in_ind(k,1)
0.693147
# logsel_slp_in_indv(k)
0.693147
SURVEY1 ind sel opt 2  1 0 0 0 0 0 0 0 0 0 0 0 0 0 0 0 0 0 0 0 0 0 0 0 0 0 0 0 0 0
Phase indices Sel_Coffs:  -1
 Test: 1.23457e+008
# Fshry Selages:  11
# Srvy  Selages:  11
# Phase for age-spec fishery  -1
# Phase for logistic fishery  2
# Phase for dble logistic fishery  -1
# Phase for age-spec indices   -1
# Phase for logistic indices   2
# Phase for dble logistic ind  -1
# Curv_pen_fsh: 
 0
# Curv_pen_ind: 
 0
# styr_fut
31
# endyr_fut
35
# nyrs_fsh_age
 30
# nyrs_fsh_age
 30
# yrs_fsh_age
 1 2 3 4 5 6 7 8 9 10 11 12 13 14 15 16 17 18 19 20 21 22 23 24 25 26 27 28 29 30
# n_sample_fsh_age
 200 200 200 200 200 200 200 200 200 200 200 200 200 200 200 200 200 200 200 200 200 200 200 200 200 200 200 200 200 200
# oac_fsh
 0.04 0.125 0.1 0.09 0.095 0.075 0.09 0.055 0.055 0.05 0.05 0.175
 0.12 0.12 0.105 0.13 0.085 0.105 0.08 0.045 0.045 0.035 0.03 0.1
 0.04 0.17 0.145 0.145 0.1 0.09 0.055 0.03 0.04 0.03 0.05 0.105
 0.04 0.14 0.175 0.145 0.07 0.045 0.03 0.05 0.06 0.055 0.045 0.145
 0.08 0.095 0.12 0.185 0.095 0.09 0.055 0.05 0.045 0.06 0.025 0.1
 0.105 0.095 0.115 0.1 0.185 0.09 0.065 0.035 0.03 0.02 0.05 0.11
 0.085 0.15 0.08 0.095 0.105 0.12 0.055 0.07 0.04 0.06 0.02 0.12
 0.09 0.135 0.185 0.11 0.085 0.085 0.105 0.04 0.025 0.04 0.02 0.08
 0.06 0.155 0.17 0.115 0.08 0.035 0.07 0.11 0.025 0.03 0.045 0.105
 0.055 0.11 0.14 0.2 0.11 0.095 0.075 0.025 0.045 0.02 0.015 0.11
 0.05 0.115 0.115 0.16 0.145 0.105 0.07 0.045 0.04 0.055 0.005 0.095
 0.09 0.12 0.145 0.095 0.145 0.115 0.1 0.02 0.025 0.03 0.04 0.075
 0.125 0.145 0.185 0.125 0.065 0.08 0.08 0.06 0.02 0.01 0.01 0.095
 0.18 0.165 0.115 0.165 0.105 0.04 0.065 0.045 0.03 0.02 0.015 0.055
 0.08 0.19 0.215 0.155 0.115 0.04 0.03 0.04 0.025 0.04 0.02 0.05
 0.08 0.145 0.21 0.17 0.1 0.105 0.025 0.03 0.03 0.025 0.015 0.065
 0.085 0.145 0.165 0.195 0.11 0.04 0.085 0.055 0.025 0.015 0.015 0.065
 0.105 0.13 0.145 0.09 0.145 0.135 0.095 0.055 0.03 0.015 0.03 0.025
 0.165 0.16 0.135 0.185 0.1 0.08 0.08 0.02 0.02 0.005 0 0.05
 0.14 0.175 0.215 0.175 0.12 0.035 0.06 0.035 0.015 0.005 0.02 0.005
 0.175 0.175 0.22 0.18 0.095 0.055 0.03 0.03 0.01 0.005 0.005 0.02
 0.18 0.105 0.18 0.16 0.135 0.07 0.065 0.03 0.025 0.025 0.005 0.02
 0.14 0.245 0.195 0.105 0.12 0.065 0.03 0.035 0.02 0.025 0.005 0.015
 0.135 0.15 0.285 0.145 0.105 0.055 0.045 0.025 0.005 0.015 0.015 0.02
 0.195 0.195 0.155 0.205 0.095 0.035 0.02 0.015 0.025 0.01 0.01 0.04
 0.105 0.235 0.235 0.125 0.125 0.045 0.035 0.035 0.025 0.005 0.015 0.015
 0.16 0.17 0.18 0.145 0.125 0.095 0.05 0.04 0.015 0.01 0.005 0.005
 0.175 0.23 0.18 0.13 0.13 0.035 0.05 0.04 0.01 0.01 0.005 0.005
 0.135 0.265 0.26 0.125 0.07 0.045 0.045 0.015 0.015 0.005 0.01 0.01
 0.125 0.245 0.21 0.185 0.07 0.08 0.05 0.015 0.01 0.005 0.005 0
# olc_fsh

# wt_fsh
 0.000530656 0.00119633 0.00205827 0.00303499 0.00405521 0.0050647 0.00602623 0.00691692 0.00772489 0.00844611 0.00908185 0.0096367
 0.000530656 0.00119633 0.00205827 0.00303499 0.00405521 0.0050647 0.00602623 0.00691692 0.00772489 0.00844611 0.00908185 0.0096367
 0.000530656 0.00119633 0.00205827 0.00303499 0.00405521 0.0050647 0.00602623 0.00691692 0.00772489 0.00844611 0.00908185 0.0096367
 0.000530656 0.00119633 0.00205827 0.00303499 0.00405521 0.0050647 0.00602623 0.00691692 0.00772489 0.00844611 0.00908185 0.0096367
 0.000530656 0.00119633 0.00205827 0.00303499 0.00405521 0.0050647 0.00602623 0.00691692 0.00772489 0.00844611 0.00908185 0.0096367
 0.000530656 0.00119633 0.00205827 0.00303499 0.00405521 0.0050647 0.00602623 0.00691692 0.00772489 0.00844611 0.00908185 0.0096367
 0.000530656 0.00119633 0.00205827 0.00303499 0.00405521 0.0050647 0.00602623 0.00691692 0.00772489 0.00844611 0.00908185 0.0096367
 0.000530656 0.00119633 0.00205827 0.00303499 0.00405521 0.0050647 0.00602623 0.00691692 0.00772489 0.00844611 0.00908185 0.0096367
 0.000530656 0.00119633 0.00205827 0.00303499 0.00405521 0.0050647 0.00602623 0.00691692 0.00772489 0.00844611 0.00908185 0.0096367
 0.000530656 0.00119633 0.00205827 0.00303499 0.00405521 0.0050647 0.00602623 0.00691692 0.00772489 0.00844611 0.00908185 0.0096367
 0.000530656 0.00119633 0.00205827 0.00303499 0.00405521 0.0050647 0.00602623 0.00691692 0.00772489 0.00844611 0.00908185 0.0096367
 0.000530656 0.00119633 0.00205827 0.00303499 0.00405521 0.0050647 0.00602623 0.00691692 0.00772489 0.00844611 0.00908185 0.0096367
 0.000530656 0.00119633 0.00205827 0.00303499 0.00405521 0.0050647 0.00602623 0.00691692 0.00772489 0.00844611 0.00908185 0.0096367
 0.000530656 0.00119633 0.00205827 0.00303499 0.00405521 0.0050647 0.00602623 0.00691692 0.00772489 0.00844611 0.00908185 0.0096367
 0.000530656 0.00119633 0.00205827 0.00303499 0.00405521 0.0050647 0.00602623 0.00691692 0.00772489 0.00844611 0.00908185 0.0096367
 0.000530656 0.00119633 0.00205827 0.00303499 0.00405521 0.0050647 0.00602623 0.00691692 0.00772489 0.00844611 0.00908185 0.0096367
 0.000530656 0.00119633 0.00205827 0.00303499 0.00405521 0.0050647 0.00602623 0.00691692 0.00772489 0.00844611 0.00908185 0.0096367
 0.000530656 0.00119633 0.00205827 0.00303499 0.00405521 0.0050647 0.00602623 0.00691692 0.00772489 0.00844611 0.00908185 0.0096367
 0.000530656 0.00119633 0.00205827 0.00303499 0.00405521 0.0050647 0.00602623 0.00691692 0.00772489 0.00844611 0.00908185 0.0096367
 0.000530656 0.00119633 0.00205827 0.00303499 0.00405521 0.0050647 0.00602623 0.00691692 0.00772489 0.00844611 0.00908185 0.0096367
 0.000530656 0.00119633 0.00205827 0.00303499 0.00405521 0.0050647 0.00602623 0.00691692 0.00772489 0.00844611 0.00908185 0.0096367
 0.000530656 0.00119633 0.00205827 0.00303499 0.00405521 0.0050647 0.00602623 0.00691692 0.00772489 0.00844611 0.00908185 0.0096367
 0.000530656 0.00119633 0.00205827 0.00303499 0.00405521 0.0050647 0.00602623 0.00691692 0.00772489 0.00844611 0.00908185 0.0096367
 0.000530656 0.00119633 0.00205827 0.00303499 0.00405521 0.0050647 0.00602623 0.00691692 0.00772489 0.00844611 0.00908185 0.0096367
 0.000530656 0.00119633 0.00205827 0.00303499 0.00405521 0.0050647 0.00602623 0.00691692 0.00772489 0.00844611 0.00908185 0.0096367
 0.000530656 0.00119633 0.00205827 0.00303499 0.00405521 0.0050647 0.00602623 0.00691692 0.00772489 0.00844611 0.00908185 0.0096367
 0.000530656 0.00119633 0.00205827 0.00303499 0.00405521 0.0050647 0.00602623 0.00691692 0.00772489 0.00844611 0.00908185 0.0096367
 0.000530656 0.00119633 0.00205827 0.00303499 0.00405521 0.0050647 0.00602623 0.00691692 0.00772489 0.00844611 0.00908185 0.0096367
 0.000530656 0.00119633 0.00205827 0.00303499 0.00405521 0.0050647 0.00602623 0.00691692 0.00772489 0.00844611 0.00908185 0.0096367
 0.000530656 0.00119633 0.00205827 0.00303499 0.00405521 0.0050647 0.00602623 0.00691692 0.00772489 0.00844611 0.00908185 0.0096367
# nyrs_ind_age
 30
# yrs_ind_age
 1 2 3 4 5 6 7 8 9 10 11 12 13 14 15 16 17 18 19 20 21 22 23 24 25 26 27 28 29 30
# n_sample_ind_age
 200 200 200 200 200 200 200 200 200 200 200 200 200 200 200 200 200 200 200 200 200 200 200 200 200 200 200 200 200 200
# oac_ind
 0.045 0.16 0.115 0.115 0.09 0.08 0.1 0.045 0.025 0.055 0.025 0.145
 0.065 0.17 0.12 0.135 0.1 0.105 0.055 0.055 0.035 0.04 0.025 0.095
 0.075 0.295 0.105 0.085 0.11 0.075 0.04 0.045 0.025 0.035 0.01 0.1
 0.055 0.18 0.23 0.125 0.09 0.085 0.055 0.035 0.035 0.015 0.015 0.08
 0.085 0.115 0.175 0.17 0.07 0.05 0.04 0.065 0.065 0.04 0.03 0.095
 0.07 0.155 0.16 0.125 0.1 0.08 0.075 0.015 0.045 0.025 0.04 0.11
 0.085 0.195 0.125 0.08 0.1 0.1 0.07 0.065 0.025 0.02 0.04 0.095
 0.07 0.2 0.175 0.07 0.075 0.09 0.08 0.065 0.035 0.03 0.025 0.085
 0.05 0.135 0.22 0.135 0.085 0.045 0.075 0.075 0.015 0.015 0.04 0.11
 0.06 0.11 0.16 0.16 0.1 0.11 0.065 0.05 0.06 0.015 0.015 0.095
 0.06 0.205 0.14 0.115 0.13 0.075 0.075 0.02 0.05 0.03 0.02 0.08
 0.12 0.175 0.165 0.085 0.1 0.09 0.085 0.035 0.025 0.025 0.015 0.08
 0.09 0.17 0.195 0.09 0.12 0.09 0.07 0.03 0.02 0.025 0.015 0.085
 0.145 0.225 0.135 0.155 0.105 0.05 0.05 0.055 0.02 0.005 0.015 0.04
 0.095 0.21 0.2 0.115 0.12 0.06 0.06 0.03 0.025 0.025 0 0.06
 0.06 0.175 0.235 0.18 0.085 0.04 0.045 0.055 0.025 0.03 0.01 0.06
 0.105 0.215 0.145 0.155 0.12 0.055 0.06 0.025 0.02 0.015 0.015 0.07
 0.08 0.2 0.225 0.135 0.15 0.05 0.075 0.02 0.035 0.01 0 0.02
 0.105 0.23 0.17 0.135 0.075 0.095 0.065 0.025 0.035 0 0.015 0.05
 0.045 0.24 0.255 0.165 0.08 0.07 0.065 0.04 0.01 0 0.01 0.02
 0.12 0.155 0.16 0.18 0.18 0.05 0.045 0.04 0.015 0.02 0.01 0.025
 0.125 0.24 0.14 0.155 0.115 0.07 0.06 0.02 0.025 0.02 0.01 0.02
 0.09 0.285 0.17 0.11 0.095 0.08 0.06 0.03 0.03 0.02 0.015 0.015
 0.09 0.195 0.29 0.135 0.08 0.095 0.045 0.01 0.01 0.025 0 0.025
 0.15 0.27 0.195 0.225 0.025 0.035 0.045 0.02 0 0.01 0.005 0.02
 0.095 0.185 0.295 0.14 0.11 0.06 0.04 0.02 0.025 0.015 0.005 0.01
 0.155 0.21 0.21 0.195 0.095 0.07 0.025 0.01 0.01 0.02 0 0
 0.125 0.32 0.155 0.16 0.115 0.045 0.025 0.02 0.01 0.005 0.01 0.01
 0.12 0.245 0.26 0.15 0.09 0.07 0.035 0.015 0 0.01 0 0.005
 0.1 0.21 0.27 0.195 0.1 0.03 0.03 0.02 0.015 0.01 0.005 0.015
# olc_ind

# obs_lse_ind
 0.198042 0.198042 0.198042 0.198042 0.198042 0.198042 0.198042 0.198042 0.198042 0.198042 0.198042 0.198042 0.198042 0.198042 0.198042 0.198042 0.198042 0.198042 0.198042 0.198042 0.198042 0.198042 0.198042 0.198042 0.198042 0.198042 0.198042 0.198042 0.198042 0.198042
# xages_fsh
 0 0 0 0 0 0 0 0 0 0 0 0
# xages_fsh
 0 0.0909091 0.181818 0.272727 0.363636 0.454545 0.545455 0.636364 0.727273 0.818182 0.909091 1
# xnodes_fsh

Yrs fsh_sel change:  1 0 0 0 0 0 0 0 0 0 0 0 0 0 0 0 0 0 0 0 0 0 0 0 0 0 0 0 0
Yrs ind_sel change:  1 0 0 0 0 0 0 0 0 0 0 0 0 0 0 0 0 0 0 0 0 0 0 0 0 0 0 0 0
# steepnessprior
0.75
# sigmarprior
0.2
#  SSB estimated in styr endyr: -13 28 
#  Rec estimated in styr endyr: -11 30 
#  SR Curve fit  in styr endyr: 1 30 
#             Model styr endyr: 1 30 
# qprior
 3.48998e-007
# q_power_prior 
 1 
# cv_catchbiomass 
0.05 
# CatchbiomassPen 
200 
# Number of projection years 
5 
# offset_fsh
 13378.8
# offset_ind
 13099.6
Mean Catch
1354.78
R_guess 
15.4715
# nfsh
1
# n_sel_ch_fsh
 1
# nselages_fsh
 11
# phase_selcoff_fsh
 -1
logRzero 15.4715
logmeanrec 15.4715
exp(log_sigmarprior 0.2
Fish sel phase: -1 FLEET1
Fixing fishery sel to
1
Srvy sel phase: -1
Fixing SURVEY1 indices sel to
1
# logsel_slp_in_indv
 0.693147
Leaving parameter init secton
# M
 0.2 0.2 0.2 0.2 0.2 0.2 0.2 0.2 0.2 0.2 0.2 0.2
 0.2 0.2 0.2 0.2 0.2 0.2 0.2 0.2 0.2 0.2 0.2 0.2
 0.2 0.2 0.2 0.2 0.2 0.2 0.2 0.2 0.2 0.2 0.2 0.2
 0.2 0.2 0.2 0.2 0.2 0.2 0.2 0.2 0.2 0.2 0.2 0.2
 0.2 0.2 0.2 0.2 0.2 0.2 0.2 0.2 0.2 0.2 0.2 0.2
 0.2 0.2 0.2 0.2 0.2 0.2 0.2 0.2 0.2 0.2 0.2 0.2
 0.2 0.2 0.2 0.2 0.2 0.2 0.2 0.2 0.2 0.2 0.2 0.2
 0.2 0.2 0.2 0.2 0.2 0.2 0.2 0.2 0.2 0.2 0.2 0.2
 0.2 0.2 0.2 0.2 0.2 0.2 0.2 0.2 0.2 0.2 0.2 0.2
 0.2 0.2 0.2 0.2 0.2 0.2 0.2 0.2 0.2 0.2 0.2 0.2
 0.2 0.2 0.2 0.2 0.2 0.2 0.2 0.2 0.2 0.2 0.2 0.2
 0.2 0.2 0.2 0.2 0.2 0.2 0.2 0.2 0.2 0.2 0.2 0.2
 0.2 0.2 0.2 0.2 0.2 0.2 0.2 0.2 0.2 0.2 0.2 0.2
 0.2 0.2 0.2 0.2 0.2 0.2 0.2 0.2 0.2 0.2 0.2 0.2
 0.2 0.2 0.2 0.2 0.2 0.2 0.2 0.2 0.2 0.2 0.2 0.2
 0.2 0.2 0.2 0.2 0.2 0.2 0.2 0.2 0.2 0.2 0.2 0.2
 0.2 0.2 0.2 0.2 0.2 0.2 0.2 0.2 0.2 0.2 0.2 0.2
 0.2 0.2 0.2 0.2 0.2 0.2 0.2 0.2 0.2 0.2 0.2 0.2
 0.2 0.2 0.2 0.2 0.2 0.2 0.2 0.2 0.2 0.2 0.2 0.2
 0.2 0.2 0.2 0.2 0.2 0.2 0.2 0.2 0.2 0.2 0.2 0.2
 0.2 0.2 0.2 0.2 0.2 0.2 0.2 0.2 0.2 0.2 0.2 0.2
 0.2 0.2 0.2 0.2 0.2 0.2 0.2 0.2 0.2 0.2 0.2 0.2
 0.2 0.2 0.2 0.2 0.2 0.2 0.2 0.2 0.2 0.2 0.2 0.2
 0.2 0.2 0.2 0.2 0.2 0.2 0.2 0.2 0.2 0.2 0.2 0.2
 0.2 0.2 0.2 0.2 0.2 0.2 0.2 0.2 0.2 0.2 0.2 0.2
 0.2 0.2 0.2 0.2 0.2 0.2 0.2 0.2 0.2 0.2 0.2 0.2
 0.2 0.2 0.2 0.2 0.2 0.2 0.2 0.2 0.2 0.2 0.2 0.2
 0.2 0.2 0.2 0.2 0.2 0.2 0.2 0.2 0.2 0.2 0.2 0.2
 0.2 0.2 0.2 0.2 0.2 0.2 0.2 0.2 0.2 0.2 0.2 0.2
 0.2 0.2 0.2 0.2 0.2 0.2 0.2 0.2 0.2 0.2 0.2 0.2
# mean_log_rec
13.7258
# log_Rzero
13.8641
# rec_dev
 -0.10731 -0.128328 -0.0688511 0.0328552 -0.0360079 -0.04826 0.0677228 0.0868365 0.0373232 0.00728208 0.0144094 0.0605505 0.0762453 0.553274 0.186664 -0.0597659 0.028602 0.281843 0.33741 0.12337 -0.183707 -0.0463047 0.10174 0.0180828 0.289248 0.392869 0.00477807 0.101121 0.0852465 0.170171 0.0935233 -0.174124 -0.077249 0.220631 -0.166228 0.00976887 -0.118359 -0.27807 0.0721859 -0.0305491 -0.201553 -0.320834
# fmort
 0.00936117 0.0272051 0.0450763 0.0615646 0.048828 0.0868252 0.087815 0.183808 0.106749 0.129907 0.146297 0.155607 0.112992 0.164472 0.175301 0.156422 0.308663 0.256807 0.254033 0.253716 0.357824 0.256015 0.421965 0.342216 0.34228 0.313801 0.313491 0.442228 0.337509 0.510504
# rec_dev_future
 0 0 0 0 0
