AMAK;Mar 2020
# styr
1
# endyr
30
# rec_age
1
# oldest_age
12
# nlength
81
# len_bins
 10 11 12 13 14 15 16 17 18 19 20 21 22 23 24 25 26 27 28 29 30 31 32 33 34 35 36 37 38 39 40 41 42 43 44 45 46 47 48 49 50 51 52 53 54 55 56 57 58 59 60 61 62 63 64 65 66 67 68 69 70 71 72 73 74 75 76 77 78 79 80 81 82 83 84 85 86 87 88 89 90
# datafile_name
amak_data.dat
# model_name
AMAK_MCP
# styr
1
# endyr
30
# rec_age
1
# oldest_age
12
# nfsh
1
# fshname
FLEET1
# catch_bio_in
 160.324 460.111 746.945 974.456 754.331 1305.12 1251.64 2395.67 1252.3 1428.03 1511.79 1512.8 1049.52 1456.82 1466.94 1235.69 2172.44 1548.17 1421.42 1344.21 1716.88 1164.08 1736.6 1266.15 1174.97 1044.42 1037.56 1389.53 978.685 1338.97
# catch_bio_sd_in
 0.01 0.01 0.01 0.01 0.01 0.01 0.01 0.01 0.01 0.01 0.01 0.01 0.01 0.01 0.01 0.01 0.01 0.01 0.01 0.01 0.01 0.01 0.01 0.01 0.01 0.01 0.01 0.01 0.01 0.01
# nyrs_fsh_age
 30
# nyrs_fsh_length
 0
# yrs_fsh_age_in
 1 2 3 4 5 6 7 8 9 10 11 12 13 14 15 16 17 18 19 20 21 22 23 24 25 26 27 28 29 30
# yrs_fsh_length_in

# n_sample_fsh_length_in

# olc_fsh_in

# nind
1
# indname
SURVEY1
# nyrs_ind
 30
# yrs_ind_in
 1 2 3 4 5 6 7 8 9 10 11 12 13 14 15 16 17 18 19 20 21 22 23 24 25 26 27 28 29 30
# mo_ind
 1
# obs_ind_in
 1.39339 1.5995 1.46365 1.37015 1.62092 1.5681 1.18364 1.35525 1.10067 1.24014 1.10844 1.09035 1.12545 1.15509 0.834763 0.96951 0.82704 0.684053 0.944867 0.796141 0.700725 0.663454 0.812355 0.558237 0.566611 0.648186 0.630826 0.566984 0.597392 0.514334
# obs_se_ind_in
 0.278677 0.3199 0.29273 0.274031 0.324185 0.31362 0.236729 0.271049 0.220135 0.248028 0.221688 0.218071 0.22509 0.231017 0.166953 0.193902 0.165408 0.136811 0.188973 0.159228 0.140145 0.132691 0.162471 0.111647 0.113322 0.129637 0.126165 0.113397 0.119478 0.102867
# nyrs_ind_age
 30
# nyrs_ind_length
 0
# yrs_ind_age_in
 1 2 3 4 5 6 7 8 9 10 11 12 13 14 15 16 17 18 19 20 21 22 23 24 25 26 27 28 29 30
# yrs_ind_length_in

# yrs_ind_age_in
 1 2 3 4 5 6 7 8 9 10 11 12 13 14 15 16 17 18 19 20 21 22 23 24 25 26 27 28 29 30
# n_sample_ind_length_in

# olc_ind_in

# oac_ind_in
 0.07 0.19 0.185 0.12 0.075 0.055 0.04 0.065 0.02 0.035 0.03 0.115
 0.055 0.145 0.155 0.135 0.135 0.065 0.06 0.03 0.06 0.015 0.02 0.125
 0.05 0.14 0.115 0.125 0.105 0.09 0.06 0.08 0.025 0.025 0.03 0.155
 0.05 0.125 0.16 0.145 0.125 0.08 0.08 0.05 0.055 0.025 0.01 0.095
 0.08 0.17 0.185 0.105 0.085 0.04 0.035 0.06 0.075 0.02 0.025 0.12
 0.05 0.18 0.11 0.125 0.12 0.09 0.065 0.045 0.05 0.035 0.025 0.105
 0.07 0.1 0.185 0.12 0.12 0.105 0.055 0.035 0.04 0.025 0.04 0.105
 0.07 0.125 0.125 0.215 0.14 0.06 0.05 0.045 0.01 0.04 0.015 0.105
 0.035 0.215 0.185 0.065 0.13 0.075 0.045 0.06 0.03 0.015 0.06 0.085
 0.08 0.15 0.165 0.11 0.11 0.09 0.035 0.06 0.04 0.02 0.03 0.11
 0.06 0.225 0.085 0.17 0.06 0.05 0.135 0.01 0.035 0.02 0.03 0.12
 0.09 0.16 0.215 0.1 0.115 0.07 0.05 0.04 0.035 0.025 0.01 0.09
 0.095 0.175 0.15 0.2 0.11 0.085 0.05 0.025 0.02 0.01 0.015 0.065
 0.1 0.17 0.215 0.12 0.15 0.08 0.045 0.025 0.025 0.02 0.01 0.04
 0.055 0.175 0.27 0.12 0.14 0.075 0.035 0.03 0.01 0.01 0.025 0.055
 0.045 0.17 0.195 0.17 0.11 0.05 0.08 0.035 0.025 0.04 0.015 0.065
 0.09 0.09 0.165 0.19 0.145 0.075 0.075 0.05 0.045 0.015 0.005 0.055
 0.14 0.25 0.1 0.09 0.155 0.11 0.04 0.015 0.03 0.015 0.015 0.04
 0.085 0.295 0.2 0.085 0.055 0.065 0.07 0.025 0.025 0.02 0.01 0.065
 0.13 0.105 0.265 0.21 0.055 0.07 0.045 0.015 0.045 0.01 0.02 0.03
 0.105 0.225 0.185 0.19 0.165 0.04 0.025 0.025 0 0.005 0 0.035
 0.105 0.255 0.23 0.145 0.11 0.07 0.015 0.025 0.015 0.005 0.005 0.02
 0.105 0.29 0.21 0.135 0.085 0.05 0.08 0.01 0 0.005 0.015 0.015
 0.115 0.245 0.255 0.115 0.08 0.06 0.075 0.015 0 0.01 0.01 0.02
 0.135 0.295 0.165 0.185 0.03 0.09 0.045 0.02 0.025 0.005 0 0.005
 0.07 0.295 0.22 0.12 0.13 0.07 0.04 0.015 0.015 0.015 0.005 0.005
 0.12 0.25 0.245 0.155 0.055 0.06 0.01 0.03 0.005 0.03 0.015 0.025
 0.04 0.245 0.27 0.21 0.125 0.02 0.03 0.04 0.005 0 0 0.015
 0.19 0.12 0.255 0.16 0.14 0.07 0.04 0.01 0 0.01 0 0.005
 0.085 0.32 0.15 0.18 0.105 0.085 0.035 0.005 0.025 0 0.005 0.005
# wt_ind
 1 1 1 1 1 1 1 1 1 1 1 1
 1 1 1 1 1 1 1 1 1 1 1 1
 1 1 1 1 1 1 1 1 1 1 1 1
 1 1 1 1 1 1 1 1 1 1 1 1
 1 1 1 1 1 1 1 1 1 1 1 1
 1 1 1 1 1 1 1 1 1 1 1 1
 1 1 1 1 1 1 1 1 1 1 1 1
 1 1 1 1 1 1 1 1 1 1 1 1
 1 1 1 1 1 1 1 1 1 1 1 1
 1 1 1 1 1 1 1 1 1 1 1 1
 1 1 1 1 1 1 1 1 1 1 1 1
 1 1 1 1 1 1 1 1 1 1 1 1
 1 1 1 1 1 1 1 1 1 1 1 1
 1 1 1 1 1 1 1 1 1 1 1 1
 1 1 1 1 1 1 1 1 1 1 1 1
 1 1 1 1 1 1 1 1 1 1 1 1
 1 1 1 1 1 1 1 1 1 1 1 1
 1 1 1 1 1 1 1 1 1 1 1 1
 1 1 1 1 1 1 1 1 1 1 1 1
 1 1 1 1 1 1 1 1 1 1 1 1
 1 1 1 1 1 1 1 1 1 1 1 1
 1 1 1 1 1 1 1 1 1 1 1 1
 1 1 1 1 1 1 1 1 1 1 1 1
 1 1 1 1 1 1 1 1 1 1 1 1
 1 1 1 1 1 1 1 1 1 1 1 1
 1 1 1 1 1 1 1 1 1 1 1 1
 1 1 1 1 1 1 1 1 1 1 1 1
 1 1 1 1 1 1 1 1 1 1 1 1
 1 1 1 1 1 1 1 1 1 1 1 1
 1 1 1 1 1 1 1 1 1 1 1 1
# wt_pop
 0.000530656 0.00119633 0.00205827 0.00303499 0.00405521 0.0050647 0.00602623 0.00691692 0.00772489 0.00844611 0.00908185 0.0096367
# maturity
 0.0229774 0.320821 0.904651 0.99478 0.999739 0.999987 0.999999 1 1 1 1 1
# spawnmo
1
# age_err
 1 0 0 0 0 0 0 0 0 0 0 0
 0 1 0 0 0 0 0 0 0 0 0 0
 0 0 1 0 0 0 0 0 0 0 0 0
 0 0 0 1 0 0 0 0 0 0 0 0
 0 0 0 0 1 0 0 0 0 0 0 0
 0 0 0 0 0 1 0 0 0 0 0 0
 0 0 0 0 0 0 1 0 0 0 0 0
 0 0 0 0 0 0 0 1 0 0 0 0
 0 0 0 0 0 0 0 0 1 0 0 0
 0 0 0 0 0 0 0 0 0 1 0 0
 0 0 0 0 0 0 0 0 0 0 1 0
 0 0 0 0 0 0 0 0 0 0 0 1
# cntrlfile_name
C:\Users\bai.li\DOCUME~1\Github\AGE_ST~1\ASSAMC\example\output\AMAK\s57\amak.dat
# Map shared selectivity: 
# sel_map
 1 2
 1 1
# datafile_name
amak_data.dat
# model_name
AMAK_MCP
# SrType
2
# use_age_err
0
# retro
0
# sigmarprior
0.2
# cvsigmarprior
0.25
# phase_sigmar
-3
# styr_rec_est
1
# endyr_rec_est
30
# Linfprior
80
# cvLinfprior
0.25
# kprior
0.18
# cvkprior
0.25
# Loprior
27.688
# cvLoprior
0.25
# sdageprior
0.1
# cvsdageprior
0.25
# natmortprior
0.2
# cvnatmortprior
0.25
# phase_M
-4
# npars_Mage
0
# ages_M_changes

# Mage_in

# Mage_offset_in

# phase_Mage
-5
# phase_rw_M
0
# npars_rw_M
0
# yrs_rw_M

# sigma_rw_M

# qprior
 3.48998e-007
# cvqprior
 1
# phase_q
 1
# q_power_prior
 1
# cvq_power_prior
 0.2
# phase_q_power
 -4
# phase_rw_q
 -1
# npars_rw_q
 0
# yrs_rw_q

# sigma_rw_q

# q_age_min
 1
# q_age_max
 12
# q_age_min
 1
# q_age_max
 12
# fsh_sel_opt(k)
2
# phase_sel_fsh(k)
2
# n_sel_ch_fsh(k)
1
# sel_slp_in_fsh(k)(1,n_sel_ch_fsh(k))
 1
# sel_inf_in_fsh(k)(1,n_sel_ch_fsh(k))
 2
# logsel_slp_in_fsh(k)(1,n_sel_ch_fsh(k))
 0
# yrs_sel_ch_fsh(k)(1,n_sel_ch_fsh(k))
 1

Survey SURVEY1
# ind_sel_opt(k)
2
# indname(k)
SURVEY1
# nselages_in_ind(k)
11
# phase_sel_ind(k)
2
# sel_change_in_ind(k)
 1 0 0 0 0 0 0 0 0 0 0 0 0 0 0 0 0 0 0 0 0 0 0 0 0 0 0 0 0 0
# n_sel_ch_ind(k)
1
# yrs_sel_ch_ind(k)(1,n_sel_ch_ind(k))
 1
# sel_slp_in_ind(k,1)
2
# sel_inf_in_ind(k,1)
1.5
# logsel_slp_in_ind(k,1)
0.693147
# logsel_slp_in_indv(k)
0.693147
SURVEY1 ind sel opt 2  1 0 0 0 0 0 0 0 0 0 0 0 0 0 0 0 0 0 0 0 0 0 0 0 0 0 0 0 0 0
Phase indices Sel_Coffs:  -1
 Test: 1.23457e+008
# Fshry Selages:  11
# Srvy  Selages:  11
# Phase for age-spec fishery  -1
# Phase for logistic fishery  2
# Phase for dble logistic fishery  -1
# Phase for age-spec indices   -1
# Phase for logistic indices   2
# Phase for dble logistic ind  -1
# Curv_pen_fsh: 
 0
# Curv_pen_ind: 
 0
# styr_fut
31
# endyr_fut
35
# nyrs_fsh_age
 30
# nyrs_fsh_age
 30
# yrs_fsh_age
 1 2 3 4 5 6 7 8 9 10 11 12 13 14 15 16 17 18 19 20 21 22 23 24 25 26 27 28 29 30
# n_sample_fsh_age
 200 200 200 200 200 200 200 200 200 200 200 200 200 200 200 200 200 200 200 200 200 200 200 200 200 200 200 200 200 200
# oac_fsh
 0.075 0.1 0.14 0.105 0.115 0.06 0.065 0.06 0.055 0.035 0.045 0.145
 0.09 0.11 0.16 0.11 0.08 0.065 0.085 0.06 0.045 0.03 0.05 0.115
 0.065 0.125 0.125 0.09 0.11 0.1 0.1 0.045 0.03 0.03 0.035 0.145
 0.09 0.13 0.13 0.135 0.105 0.085 0.04 0.04 0.03 0.025 0.04 0.15
 0.1 0.165 0.115 0.115 0.09 0.055 0.065 0.06 0.05 0.04 0.015 0.13
 0.055 0.195 0.145 0.1 0.115 0.085 0.09 0.04 0.03 0.025 0.005 0.115
 0.095 0.085 0.17 0.105 0.1 0.09 0.08 0.06 0.06 0.02 0.02 0.115
 0.075 0.12 0.08 0.16 0.125 0.08 0.125 0.045 0.025 0.01 0.02 0.135
 0.065 0.105 0.16 0.105 0.225 0.09 0.035 0.035 0.04 0.03 0.025 0.085
 0.095 0.06 0.12 0.135 0.05 0.13 0.09 0.04 0.055 0.045 0.035 0.145
 0.115 0.175 0.14 0.16 0.07 0.045 0.07 0.055 0.03 0.025 0.02 0.095
 0.08 0.145 0.225 0.085 0.125 0.08 0.055 0.07 0.01 0.01 0.025 0.09
 0.15 0.135 0.13 0.18 0.065 0.11 0.06 0.015 0.045 0.02 0.025 0.065
 0.12 0.135 0.135 0.13 0.145 0.055 0.09 0.055 0.03 0.035 0.025 0.045
 0.095 0.16 0.11 0.2 0.11 0.1 0.06 0.04 0.055 0.015 0.015 0.04
 0.035 0.12 0.205 0.2 0.1 0.07 0.08 0.055 0.045 0.015 0.015 0.06
 0.205 0.06 0.165 0.16 0.11 0.095 0.045 0.055 0.025 0.015 0.015 0.05
 0.115 0.255 0.085 0.1 0.125 0.115 0.045 0.025 0.045 0 0.03 0.06
 0.08 0.2 0.23 0.085 0.065 0.085 0.075 0.045 0.04 0.03 0.025 0.04
 0.17 0.135 0.21 0.155 0.055 0.085 0.065 0.045 0.01 0.02 0.025 0.025
 0.095 0.23 0.21 0.175 0.11 0.05 0.025 0.02 0.015 0.025 0.005 0.04
 0.095 0.12 0.2 0.19 0.145 0.08 0.02 0.035 0.025 0.05 0.015 0.025
 0.11 0.26 0.13 0.16 0.12 0.08 0.05 0.015 0.025 0.01 0.015 0.025
 0.145 0.185 0.225 0.135 0.125 0.06 0.05 0.035 0.005 0.015 0.015 0.005
 0.165 0.25 0.155 0.19 0.105 0.035 0.02 0.03 0.015 0.005 0.01 0.02
 0.16 0.27 0.22 0.09 0.105 0.03 0.045 0.03 0.02 0.015 0 0.015
 0.195 0.205 0.215 0.135 0.07 0.06 0.05 0.03 0.005 0.02 0.01 0.005
 0.095 0.22 0.195 0.225 0.135 0.05 0.045 0.01 0.005 0.01 0.005 0.005
 0.23 0.12 0.21 0.165 0.135 0.085 0.03 0.025 0 0 0 0
 0.15 0.255 0.145 0.18 0.08 0.07 0.045 0.015 0.035 0.01 0.015 0
# olc_fsh

# wt_fsh
 0.000530656 0.00119633 0.00205827 0.00303499 0.00405521 0.0050647 0.00602623 0.00691692 0.00772489 0.00844611 0.00908185 0.0096367
 0.000530656 0.00119633 0.00205827 0.00303499 0.00405521 0.0050647 0.00602623 0.00691692 0.00772489 0.00844611 0.00908185 0.0096367
 0.000530656 0.00119633 0.00205827 0.00303499 0.00405521 0.0050647 0.00602623 0.00691692 0.00772489 0.00844611 0.00908185 0.0096367
 0.000530656 0.00119633 0.00205827 0.00303499 0.00405521 0.0050647 0.00602623 0.00691692 0.00772489 0.00844611 0.00908185 0.0096367
 0.000530656 0.00119633 0.00205827 0.00303499 0.00405521 0.0050647 0.00602623 0.00691692 0.00772489 0.00844611 0.00908185 0.0096367
 0.000530656 0.00119633 0.00205827 0.00303499 0.00405521 0.0050647 0.00602623 0.00691692 0.00772489 0.00844611 0.00908185 0.0096367
 0.000530656 0.00119633 0.00205827 0.00303499 0.00405521 0.0050647 0.00602623 0.00691692 0.00772489 0.00844611 0.00908185 0.0096367
 0.000530656 0.00119633 0.00205827 0.00303499 0.00405521 0.0050647 0.00602623 0.00691692 0.00772489 0.00844611 0.00908185 0.0096367
 0.000530656 0.00119633 0.00205827 0.00303499 0.00405521 0.0050647 0.00602623 0.00691692 0.00772489 0.00844611 0.00908185 0.0096367
 0.000530656 0.00119633 0.00205827 0.00303499 0.00405521 0.0050647 0.00602623 0.00691692 0.00772489 0.00844611 0.00908185 0.0096367
 0.000530656 0.00119633 0.00205827 0.00303499 0.00405521 0.0050647 0.00602623 0.00691692 0.00772489 0.00844611 0.00908185 0.0096367
 0.000530656 0.00119633 0.00205827 0.00303499 0.00405521 0.0050647 0.00602623 0.00691692 0.00772489 0.00844611 0.00908185 0.0096367
 0.000530656 0.00119633 0.00205827 0.00303499 0.00405521 0.0050647 0.00602623 0.00691692 0.00772489 0.00844611 0.00908185 0.0096367
 0.000530656 0.00119633 0.00205827 0.00303499 0.00405521 0.0050647 0.00602623 0.00691692 0.00772489 0.00844611 0.00908185 0.0096367
 0.000530656 0.00119633 0.00205827 0.00303499 0.00405521 0.0050647 0.00602623 0.00691692 0.00772489 0.00844611 0.00908185 0.0096367
 0.000530656 0.00119633 0.00205827 0.00303499 0.00405521 0.0050647 0.00602623 0.00691692 0.00772489 0.00844611 0.00908185 0.0096367
 0.000530656 0.00119633 0.00205827 0.00303499 0.00405521 0.0050647 0.00602623 0.00691692 0.00772489 0.00844611 0.00908185 0.0096367
 0.000530656 0.00119633 0.00205827 0.00303499 0.00405521 0.0050647 0.00602623 0.00691692 0.00772489 0.00844611 0.00908185 0.0096367
 0.000530656 0.00119633 0.00205827 0.00303499 0.00405521 0.0050647 0.00602623 0.00691692 0.00772489 0.00844611 0.00908185 0.0096367
 0.000530656 0.00119633 0.00205827 0.00303499 0.00405521 0.0050647 0.00602623 0.00691692 0.00772489 0.00844611 0.00908185 0.0096367
 0.000530656 0.00119633 0.00205827 0.00303499 0.00405521 0.0050647 0.00602623 0.00691692 0.00772489 0.00844611 0.00908185 0.0096367
 0.000530656 0.00119633 0.00205827 0.00303499 0.00405521 0.0050647 0.00602623 0.00691692 0.00772489 0.00844611 0.00908185 0.0096367
 0.000530656 0.00119633 0.00205827 0.00303499 0.00405521 0.0050647 0.00602623 0.00691692 0.00772489 0.00844611 0.00908185 0.0096367
 0.000530656 0.00119633 0.00205827 0.00303499 0.00405521 0.0050647 0.00602623 0.00691692 0.00772489 0.00844611 0.00908185 0.0096367
 0.000530656 0.00119633 0.00205827 0.00303499 0.00405521 0.0050647 0.00602623 0.00691692 0.00772489 0.00844611 0.00908185 0.0096367
 0.000530656 0.00119633 0.00205827 0.00303499 0.00405521 0.0050647 0.00602623 0.00691692 0.00772489 0.00844611 0.00908185 0.0096367
 0.000530656 0.00119633 0.00205827 0.00303499 0.00405521 0.0050647 0.00602623 0.00691692 0.00772489 0.00844611 0.00908185 0.0096367
 0.000530656 0.00119633 0.00205827 0.00303499 0.00405521 0.0050647 0.00602623 0.00691692 0.00772489 0.00844611 0.00908185 0.0096367
 0.000530656 0.00119633 0.00205827 0.00303499 0.00405521 0.0050647 0.00602623 0.00691692 0.00772489 0.00844611 0.00908185 0.0096367
 0.000530656 0.00119633 0.00205827 0.00303499 0.00405521 0.0050647 0.00602623 0.00691692 0.00772489 0.00844611 0.00908185 0.0096367
# nyrs_ind_age
 30
# yrs_ind_age
 1 2 3 4 5 6 7 8 9 10 11 12 13 14 15 16 17 18 19 20 21 22 23 24 25 26 27 28 29 30
# n_sample_ind_age
 200 200 200 200 200 200 200 200 200 200 200 200 200 200 200 200 200 200 200 200 200 200 200 200 200 200 200 200 200 200
# oac_ind
 0.07 0.19 0.185 0.12 0.075 0.055 0.04 0.065 0.02 0.035 0.03 0.115
 0.055 0.145 0.155 0.135 0.135 0.065 0.06 0.03 0.06 0.015 0.02 0.125
 0.05 0.14 0.115 0.125 0.105 0.09 0.06 0.08 0.025 0.025 0.03 0.155
 0.05 0.125 0.16 0.145 0.125 0.08 0.08 0.05 0.055 0.025 0.01 0.095
 0.08 0.17 0.185 0.105 0.085 0.04 0.035 0.06 0.075 0.02 0.025 0.12
 0.05 0.18 0.11 0.125 0.12 0.09 0.065 0.045 0.05 0.035 0.025 0.105
 0.07 0.1 0.185 0.12 0.12 0.105 0.055 0.035 0.04 0.025 0.04 0.105
 0.07 0.125 0.125 0.215 0.14 0.06 0.05 0.045 0.01 0.04 0.015 0.105
 0.035 0.215 0.185 0.065 0.13 0.075 0.045 0.06 0.03 0.015 0.06 0.085
 0.08 0.15 0.165 0.11 0.11 0.09 0.035 0.06 0.04 0.02 0.03 0.11
 0.06 0.225 0.085 0.17 0.06 0.05 0.135 0.01 0.035 0.02 0.03 0.12
 0.09 0.16 0.215 0.1 0.115 0.07 0.05 0.04 0.035 0.025 0.01 0.09
 0.095 0.175 0.15 0.2 0.11 0.085 0.05 0.025 0.02 0.01 0.015 0.065
 0.1 0.17 0.215 0.12 0.15 0.08 0.045 0.025 0.025 0.02 0.01 0.04
 0.055 0.175 0.27 0.12 0.14 0.075 0.035 0.03 0.01 0.01 0.025 0.055
 0.045 0.17 0.195 0.17 0.11 0.05 0.08 0.035 0.025 0.04 0.015 0.065
 0.09 0.09 0.165 0.19 0.145 0.075 0.075 0.05 0.045 0.015 0.005 0.055
 0.14 0.25 0.1 0.09 0.155 0.11 0.04 0.015 0.03 0.015 0.015 0.04
 0.085 0.295 0.2 0.085 0.055 0.065 0.07 0.025 0.025 0.02 0.01 0.065
 0.13 0.105 0.265 0.21 0.055 0.07 0.045 0.015 0.045 0.01 0.02 0.03
 0.105 0.225 0.185 0.19 0.165 0.04 0.025 0.025 0 0.005 0 0.035
 0.105 0.255 0.23 0.145 0.11 0.07 0.015 0.025 0.015 0.005 0.005 0.02
 0.105 0.29 0.21 0.135 0.085 0.05 0.08 0.01 0 0.005 0.015 0.015
 0.115 0.245 0.255 0.115 0.08 0.06 0.075 0.015 0 0.01 0.01 0.02
 0.135 0.295 0.165 0.185 0.03 0.09 0.045 0.02 0.025 0.005 0 0.005
 0.07 0.295 0.22 0.12 0.13 0.07 0.04 0.015 0.015 0.015 0.005 0.005
 0.12 0.25 0.245 0.155 0.055 0.06 0.01 0.03 0.005 0.03 0.015 0.025
 0.04 0.245 0.27 0.21 0.125 0.02 0.03 0.04 0.005 0 0 0.015
 0.19 0.12 0.255 0.16 0.14 0.07 0.04 0.01 0 0.01 0 0.005
 0.085 0.32 0.15 0.18 0.105 0.085 0.035 0.005 0.025 0 0.005 0.005
# olc_ind

# obs_lse_ind
 0.198042 0.198042 0.198042 0.198042 0.198042 0.198042 0.198042 0.198042 0.198042 0.198042 0.198042 0.198042 0.198042 0.198042 0.198042 0.198042 0.198042 0.198042 0.198042 0.198042 0.198042 0.198042 0.198042 0.198042 0.198042 0.198042 0.198042 0.198042 0.198042 0.198042
# xages_fsh
 0 0 0 0 0 0 0 0 0 0 0 0
# xages_fsh
 0 0.0909091 0.181818 0.272727 0.363636 0.454545 0.545455 0.636364 0.727273 0.818182 0.909091 1
# xnodes_fsh

Yrs fsh_sel change:  1 0 0 0 0 0 0 0 0 0 0 0 0 0 0 0 0 0 0 0 0 0 0 0 0 0 0 0 0
Yrs ind_sel change:  1 0 0 0 0 0 0 0 0 0 0 0 0 0 0 0 0 0 0 0 0 0 0 0 0 0 0 0 0
# steepnessprior
0.75
# sigmarprior
0.2
#  SSB estimated in styr endyr: -13 28 
#  Rec estimated in styr endyr: -11 30 
#  SR Curve fit  in styr endyr: 1 30 
#             Model styr endyr: 1 30 
# qprior
 3.48998e-007
# q_power_prior 
 1 
# cv_catchbiomass 
0.05 
# CatchbiomassPen 
200 
# Number of projection years 
5 
# offset_fsh
 13377.7
# offset_ind
 12987.2
Mean Catch
1276.55
R_guess 
15.4121
# nfsh
1
# n_sel_ch_fsh
 1
# nselages_fsh
 11
# phase_selcoff_fsh
 -1
logRzero 15.4121
logmeanrec 15.4121
exp(log_sigmarprior 0.2
Fish sel phase: -1 FLEET1
Fixing fishery sel to
1
Srvy sel phase: -1
Fixing SURVEY1 indices sel to
1
# logsel_slp_in_indv
 0.693147
Leaving parameter init secton
# M
 0.2 0.2 0.2 0.2 0.2 0.2 0.2 0.2 0.2 0.2 0.2 0.2
 0.2 0.2 0.2 0.2 0.2 0.2 0.2 0.2 0.2 0.2 0.2 0.2
 0.2 0.2 0.2 0.2 0.2 0.2 0.2 0.2 0.2 0.2 0.2 0.2
 0.2 0.2 0.2 0.2 0.2 0.2 0.2 0.2 0.2 0.2 0.2 0.2
 0.2 0.2 0.2 0.2 0.2 0.2 0.2 0.2 0.2 0.2 0.2 0.2
 0.2 0.2 0.2 0.2 0.2 0.2 0.2 0.2 0.2 0.2 0.2 0.2
 0.2 0.2 0.2 0.2 0.2 0.2 0.2 0.2 0.2 0.2 0.2 0.2
 0.2 0.2 0.2 0.2 0.2 0.2 0.2 0.2 0.2 0.2 0.2 0.2
 0.2 0.2 0.2 0.2 0.2 0.2 0.2 0.2 0.2 0.2 0.2 0.2
 0.2 0.2 0.2 0.2 0.2 0.2 0.2 0.2 0.2 0.2 0.2 0.2
 0.2 0.2 0.2 0.2 0.2 0.2 0.2 0.2 0.2 0.2 0.2 0.2
 0.2 0.2 0.2 0.2 0.2 0.2 0.2 0.2 0.2 0.2 0.2 0.2
 0.2 0.2 0.2 0.2 0.2 0.2 0.2 0.2 0.2 0.2 0.2 0.2
 0.2 0.2 0.2 0.2 0.2 0.2 0.2 0.2 0.2 0.2 0.2 0.2
 0.2 0.2 0.2 0.2 0.2 0.2 0.2 0.2 0.2 0.2 0.2 0.2
 0.2 0.2 0.2 0.2 0.2 0.2 0.2 0.2 0.2 0.2 0.2 0.2
 0.2 0.2 0.2 0.2 0.2 0.2 0.2 0.2 0.2 0.2 0.2 0.2
 0.2 0.2 0.2 0.2 0.2 0.2 0.2 0.2 0.2 0.2 0.2 0.2
 0.2 0.2 0.2 0.2 0.2 0.2 0.2 0.2 0.2 0.2 0.2 0.2
 0.2 0.2 0.2 0.2 0.2 0.2 0.2 0.2 0.2 0.2 0.2 0.2
 0.2 0.2 0.2 0.2 0.2 0.2 0.2 0.2 0.2 0.2 0.2 0.2
 0.2 0.2 0.2 0.2 0.2 0.2 0.2 0.2 0.2 0.2 0.2 0.2
 0.2 0.2 0.2 0.2 0.2 0.2 0.2 0.2 0.2 0.2 0.2 0.2
 0.2 0.2 0.2 0.2 0.2 0.2 0.2 0.2 0.2 0.2 0.2 0.2
 0.2 0.2 0.2 0.2 0.2 0.2 0.2 0.2 0.2 0.2 0.2 0.2
 0.2 0.2 0.2 0.2 0.2 0.2 0.2 0.2 0.2 0.2 0.2 0.2
 0.2 0.2 0.2 0.2 0.2 0.2 0.2 0.2 0.2 0.2 0.2 0.2
 0.2 0.2 0.2 0.2 0.2 0.2 0.2 0.2 0.2 0.2 0.2 0.2
 0.2 0.2 0.2 0.2 0.2 0.2 0.2 0.2 0.2 0.2 0.2 0.2
 0.2 0.2 0.2 0.2 0.2 0.2 0.2 0.2 0.2 0.2 0.2 0.2
# mean_log_rec
13.7389
# log_Rzero
13.8055
# rec_dev
 -0.0435605 -0.0527297 0.0540059 0.038688 -0.111617 0.0208956 -0.208673 -0.0569357 0.0381093 0.0338772 0.113738 0.0780455 0.0934933 0.170047 0.0533298 0.121614 0.427648 -0.224988 0.0328073 0.14142 -0.202557 0.295709 -0.0390682 0.0297749 0.164093 0.107932 -0.217825 -0.641975 0.216555 0.164067 -0.168922 0.0253991 -0.241362 0.0457566 -0.316086 -0.0297127 0.0665781 -0.14721 -0.0859514 -0.665072 0.0367769 -0.345146
# fmort
 0.00948239 0.027462 0.0456145 0.0616475 0.0491761 0.0881892 0.088891 0.186648 0.107965 0.131195 0.149149 0.160095 0.115936 0.166368 0.176704 0.156981 0.309418 0.255181 0.255184 0.255437 0.356358 0.262366 0.432123 0.356559 0.350548 0.315855 0.30816 0.43168 0.323912 0.477925
# rec_dev_future
 0 0 0 0 0
