AMAK;Mar 2020
# styr
1
# endyr
30
# rec_age
1
# oldest_age
12
# nlength
81
# len_bins
 10 11 12 13 14 15 16 17 18 19 20 21 22 23 24 25 26 27 28 29 30 31 32 33 34 35 36 37 38 39 40 41 42 43 44 45 46 47 48 49 50 51 52 53 54 55 56 57 58 59 60 61 62 63 64 65 66 67 68 69 70 71 72 73 74 75 76 77 78 79 80 81 82 83 84 85 86 87 88 89 90
# datafile_name
amak_data.dat
# model_name
AMAK_MCP
# styr
1
# endyr
30
# rec_age
1
# oldest_age
12
# nfsh
1
# fshname
FLEET1
# catch_bio_in
 161.113 461.736 738.918 979.392 755.338 1293.8 1220.53 2348.31 1232.65 1396.72 1463.05 1449.03 1004.73 1401.1 1433.82 1233.71 2278.81 1693.87 1565.7 1449.33 1783.65 1177.44 1780.62 1326.48 1253.22 1098.58 1068.48 1384.91 982.126 1364.02
# catch_bio_sd_in
 0.01 0.01 0.01 0.01 0.01 0.01 0.01 0.01 0.01 0.01 0.01 0.01 0.01 0.01 0.01 0.01 0.01 0.01 0.01 0.01 0.01 0.01 0.01 0.01 0.01 0.01 0.01 0.01 0.01 0.01
# nyrs_fsh_age
 30
# nyrs_fsh_length
 0
# yrs_fsh_age_in
 1 2 3 4 5 6 7 8 9 10 11 12 13 14 15 16 17 18 19 20 21 22 23 24 25 26 27 28 29 30
# yrs_fsh_length_in

# n_sample_fsh_length_in

# olc_fsh_in

# nind
1
# indname
SURVEY1
# nyrs_ind
 30
# yrs_ind_in
 1 2 3 4 5 6 7 8 9 10 11 12 13 14 15 16 17 18 19 20 21 22 23 24 25 26 27 28 29 30
# mo_ind
 1
# obs_ind_in
 1.27831 1.31255 1.259 1.43864 1.38328 1.46949 1.25541 1.11957 1.09057 1.14849 1.02753 0.959265 1.04202 1.09029 0.973127 1.25476 1.04179 0.933076 0.992339 0.670858 0.782738 0.839191 0.690888 0.666943 0.687313 0.605763 0.619864 0.609505 0.537989 0.522609
# obs_se_ind_in
 0.255662 0.26251 0.2518 0.287728 0.276655 0.293898 0.251082 0.223915 0.218114 0.229698 0.205507 0.191853 0.208404 0.218057 0.194625 0.250953 0.208359 0.186615 0.198468 0.134172 0.156548 0.167838 0.138178 0.133389 0.137463 0.121153 0.123973 0.121901 0.107598 0.104522
# nyrs_ind_age
 30
# nyrs_ind_length
 0
# yrs_ind_age_in
 1 2 3 4 5 6 7 8 9 10 11 12 13 14 15 16 17 18 19 20 21 22 23 24 25 26 27 28 29 30
# yrs_ind_length_in

# yrs_ind_age_in
 1 2 3 4 5 6 7 8 9 10 11 12 13 14 15 16 17 18 19 20 21 22 23 24 25 26 27 28 29 30
# n_sample_ind_length_in

# olc_ind_in

# oac_ind_in
 0.045 0.125 0.13 0.125 0.105 0.075 0.075 0.06 0.065 0.045 0.015 0.135
 0.08 0.165 0.085 0.125 0.09 0.07 0.055 0.085 0.07 0.065 0.03 0.08
 0.11 0.165 0.13 0.105 0.08 0.09 0.055 0.055 0.035 0.03 0.025 0.12
 0.05 0.125 0.155 0.105 0.125 0.105 0.06 0.03 0.03 0.055 0.015 0.145
 0.045 0.12 0.18 0.145 0.085 0.025 0.06 0.05 0.05 0.08 0.025 0.135
 0.06 0.145 0.115 0.095 0.145 0.08 0.07 0.055 0.06 0.04 0.035 0.1
 0.08 0.145 0.11 0.13 0.155 0.05 0.065 0.04 0.005 0.06 0.02 0.14
 0.065 0.195 0.175 0.11 0.07 0.095 0.065 0.03 0.04 0.035 0.02 0.1
 0.095 0.15 0.17 0.085 0.11 0.085 0.095 0.05 0.03 0.03 0.025 0.075
 0.075 0.17 0.155 0.19 0.075 0.04 0.025 0.05 0.04 0.02 0.02 0.14
 0.09 0.15 0.16 0.115 0.145 0.055 0.045 0.02 0.06 0.035 0.03 0.095
 0.08 0.185 0.17 0.15 0.075 0.06 0.06 0.04 0.025 0.055 0.015 0.085
 0.08 0.225 0.235 0.11 0.07 0.07 0.035 0.05 0.025 0.03 0.015 0.055
 0.095 0.185 0.165 0.135 0.13 0.06 0.075 0.025 0.03 0.01 0.025 0.065
 0.09 0.175 0.255 0.1 0.115 0.075 0.055 0.03 0.03 0.01 0.02 0.045
 0.12 0.18 0.15 0.12 0.135 0.105 0.065 0.025 0.04 0.015 0.015 0.03
 0.12 0.2 0.195 0.12 0.125 0.06 0.065 0.03 0.025 0.01 0.01 0.04
 0.12 0.185 0.285 0.13 0.085 0.06 0.055 0.03 0.005 0.01 0.01 0.025
 0.05 0.19 0.235 0.235 0.105 0.07 0.025 0.025 0.03 0.005 0.005 0.025
 0.08 0.19 0.18 0.185 0.155 0.065 0.04 0.06 0.01 0.01 0.01 0.015
 0.14 0.185 0.19 0.14 0.08 0.135 0.025 0.015 0.025 0.01 0.015 0.04
 0.115 0.25 0.225 0.135 0.07 0.04 0.075 0.045 0.01 0 0.015 0.02
 0.11 0.255 0.25 0.1 0.1 0.065 0.025 0.03 0.02 0.015 0.015 0.015
 0.13 0.21 0.255 0.185 0.065 0.055 0.015 0.04 0.025 0 0.005 0.015
 0.08 0.33 0.19 0.185 0.04 0.07 0.035 0.01 0.02 0.02 0 0.02
 0.145 0.175 0.335 0.125 0.095 0.065 0.01 0.015 0 0.02 0.005 0.01
 0.12 0.255 0.195 0.16 0.12 0.065 0.03 0.025 0.005 0.01 0.005 0.01
 0.09 0.26 0.255 0.09 0.125 0.085 0.055 0.03 0 0.005 0 0.005
 0.155 0.2 0.24 0.17 0.04 0.095 0.015 0.035 0.015 0.015 0 0.02
 0.095 0.25 0.225 0.15 0.14 0.025 0.04 0.035 0.015 0 0.01 0.015
# wt_ind
 1 1 1 1 1 1 1 1 1 1 1 1
 1 1 1 1 1 1 1 1 1 1 1 1
 1 1 1 1 1 1 1 1 1 1 1 1
 1 1 1 1 1 1 1 1 1 1 1 1
 1 1 1 1 1 1 1 1 1 1 1 1
 1 1 1 1 1 1 1 1 1 1 1 1
 1 1 1 1 1 1 1 1 1 1 1 1
 1 1 1 1 1 1 1 1 1 1 1 1
 1 1 1 1 1 1 1 1 1 1 1 1
 1 1 1 1 1 1 1 1 1 1 1 1
 1 1 1 1 1 1 1 1 1 1 1 1
 1 1 1 1 1 1 1 1 1 1 1 1
 1 1 1 1 1 1 1 1 1 1 1 1
 1 1 1 1 1 1 1 1 1 1 1 1
 1 1 1 1 1 1 1 1 1 1 1 1
 1 1 1 1 1 1 1 1 1 1 1 1
 1 1 1 1 1 1 1 1 1 1 1 1
 1 1 1 1 1 1 1 1 1 1 1 1
 1 1 1 1 1 1 1 1 1 1 1 1
 1 1 1 1 1 1 1 1 1 1 1 1
 1 1 1 1 1 1 1 1 1 1 1 1
 1 1 1 1 1 1 1 1 1 1 1 1
 1 1 1 1 1 1 1 1 1 1 1 1
 1 1 1 1 1 1 1 1 1 1 1 1
 1 1 1 1 1 1 1 1 1 1 1 1
 1 1 1 1 1 1 1 1 1 1 1 1
 1 1 1 1 1 1 1 1 1 1 1 1
 1 1 1 1 1 1 1 1 1 1 1 1
 1 1 1 1 1 1 1 1 1 1 1 1
 1 1 1 1 1 1 1 1 1 1 1 1
# wt_pop
 0.000530656 0.00119633 0.00205827 0.00303499 0.00405521 0.0050647 0.00602623 0.00691692 0.00772489 0.00844611 0.00908185 0.0096367
# maturity
 0.0229774 0.320821 0.904651 0.99478 0.999739 0.999987 0.999999 1 1 1 1 1
# spawnmo
1
# age_err
 1 0 0 0 0 0 0 0 0 0 0 0
 0 1 0 0 0 0 0 0 0 0 0 0
 0 0 1 0 0 0 0 0 0 0 0 0
 0 0 0 1 0 0 0 0 0 0 0 0
 0 0 0 0 1 0 0 0 0 0 0 0
 0 0 0 0 0 1 0 0 0 0 0 0
 0 0 0 0 0 0 1 0 0 0 0 0
 0 0 0 0 0 0 0 1 0 0 0 0
 0 0 0 0 0 0 0 0 1 0 0 0
 0 0 0 0 0 0 0 0 0 1 0 0
 0 0 0 0 0 0 0 0 0 0 1 0
 0 0 0 0 0 0 0 0 0 0 0 1
# cntrlfile_name
C:\Users\bai.li\DOCUME~1\Github\AGE_ST~1\ASSAMC\example\output\AMAK\s21\amak.dat
# Map shared selectivity: 
# sel_map
 1 2
 1 1
# datafile_name
amak_data.dat
# model_name
AMAK_MCP
# SrType
2
# use_age_err
0
# retro
0
# sigmarprior
0.2
# cvsigmarprior
0.25
# phase_sigmar
-3
# styr_rec_est
1
# endyr_rec_est
30
# Linfprior
80
# cvLinfprior
0.25
# kprior
0.18
# cvkprior
0.25
# Loprior
27.688
# cvLoprior
0.25
# sdageprior
0.1
# cvsdageprior
0.25
# natmortprior
0.2
# cvnatmortprior
0.25
# phase_M
-4
# npars_Mage
0
# ages_M_changes

# Mage_in

# Mage_offset_in

# phase_Mage
-5
# phase_rw_M
0
# npars_rw_M
0
# yrs_rw_M

# sigma_rw_M

# qprior
 3.48998e-007
# cvqprior
 1
# phase_q
 1
# q_power_prior
 1
# cvq_power_prior
 0.2
# phase_q_power
 -4
# phase_rw_q
 -1
# npars_rw_q
 0
# yrs_rw_q

# sigma_rw_q

# q_age_min
 1
# q_age_max
 12
# q_age_min
 1
# q_age_max
 12
# fsh_sel_opt(k)
2
# phase_sel_fsh(k)
2
# n_sel_ch_fsh(k)
1
# sel_slp_in_fsh(k)(1,n_sel_ch_fsh(k))
 1
# sel_inf_in_fsh(k)(1,n_sel_ch_fsh(k))
 2
# logsel_slp_in_fsh(k)(1,n_sel_ch_fsh(k))
 0
# yrs_sel_ch_fsh(k)(1,n_sel_ch_fsh(k))
 1

Survey SURVEY1
# ind_sel_opt(k)
2
# indname(k)
SURVEY1
# nselages_in_ind(k)
11
# phase_sel_ind(k)
2
# sel_change_in_ind(k)
 1 0 0 0 0 0 0 0 0 0 0 0 0 0 0 0 0 0 0 0 0 0 0 0 0 0 0 0 0 0
# n_sel_ch_ind(k)
1
# yrs_sel_ch_ind(k)(1,n_sel_ch_ind(k))
 1
# sel_slp_in_ind(k,1)
2
# sel_inf_in_ind(k,1)
1.5
# logsel_slp_in_ind(k,1)
0.693147
# logsel_slp_in_indv(k)
0.693147
SURVEY1 ind sel opt 2  1 0 0 0 0 0 0 0 0 0 0 0 0 0 0 0 0 0 0 0 0 0 0 0 0 0 0 0 0 0
Phase indices Sel_Coffs:  -1
 Test: 1.23457e+008
# Fshry Selages:  11
# Srvy  Selages:  11
# Phase for age-spec fishery  -1
# Phase for logistic fishery  2
# Phase for dble logistic fishery  -1
# Phase for age-spec indices   -1
# Phase for logistic indices   2
# Phase for dble logistic ind  -1
# Curv_pen_fsh: 
 0
# Curv_pen_ind: 
 0
# styr_fut
31
# endyr_fut
35
# nyrs_fsh_age
 30
# nyrs_fsh_age
 30
# yrs_fsh_age
 1 2 3 4 5 6 7 8 9 10 11 12 13 14 15 16 17 18 19 20 21 22 23 24 25 26 27 28 29 30
# n_sample_fsh_age
 200 200 200 200 200 200 200 200 200 200 200 200 200 200 200 200 200 200 200 200 200 200 200 200 200 200 200 200 200 200
# oac_fsh
 0.075 0.095 0.12 0.125 0.1 0.09 0.09 0.04 0.045 0.05 0.05 0.12
 0.065 0.105 0.12 0.1 0.1 0.055 0.08 0.075 0.03 0.065 0.045 0.16
 0.07 0.125 0.105 0.11 0.115 0.115 0.08 0.04 0.05 0.05 0.025 0.115
 0.06 0.125 0.165 0.15 0.1 0.07 0.05 0.035 0.035 0.045 0.02 0.145
 0.07 0.06 0.125 0.15 0.095 0.08 0.08 0.06 0.05 0.04 0.02 0.17
 0.06 0.15 0.09 0.15 0.095 0.045 0.08 0.065 0.04 0.05 0.035 0.14
 0.085 0.12 0.105 0.085 0.135 0.1 0.06 0.07 0.05 0.03 0.05 0.11
 0.085 0.11 0.135 0.11 0.1 0.14 0.065 0.035 0.05 0.035 0.025 0.11
 0.115 0.125 0.15 0.125 0.07 0.1 0.075 0.05 0.055 0.025 0.015 0.095
 0.07 0.135 0.18 0.135 0.075 0.09 0.05 0.055 0.03 0.025 0.035 0.12
 0.105 0.175 0.1 0.135 0.105 0.1 0.04 0.035 0.035 0.05 0.03 0.09
 0.1 0.12 0.15 0.15 0.1 0.09 0.06 0.08 0.02 0.025 0.02 0.085
 0.11 0.15 0.18 0.115 0.12 0.075 0.045 0.025 0.05 0.02 0.015 0.095
 0.1 0.22 0.11 0.15 0.105 0.08 0.065 0.025 0.045 0.02 0 0.08
 0.085 0.185 0.21 0.125 0.125 0.075 0.06 0.03 0.025 0.015 0.02 0.045
 0.2 0.12 0.13 0.18 0.07 0.09 0.06 0.045 0.03 0.02 0.02 0.035
 0.11 0.215 0.175 0.135 0.125 0.06 0.05 0.035 0.015 0.02 0.02 0.04
 0.135 0.165 0.275 0.1 0.095 0.07 0.05 0.03 0.01 0.005 0.015 0.05
 0.095 0.145 0.235 0.215 0.09 0.05 0.065 0.04 0.035 0 0.005 0.025
 0.105 0.19 0.16 0.17 0.165 0.08 0.035 0.05 0.03 0.005 0 0.01
 0.155 0.185 0.135 0.125 0.125 0.105 0.05 0.03 0.035 0.015 0.005 0.035
 0.155 0.21 0.155 0.115 0.12 0.08 0.035 0.015 0.02 0.035 0.025 0.035
 0.16 0.235 0.215 0.13 0.08 0.06 0.04 0.04 0.015 0.005 0 0.02
 0.2 0.13 0.2 0.165 0.1 0.05 0.075 0.035 0.015 0.01 0 0.02
 0.09 0.29 0.145 0.2 0.08 0.07 0.025 0.015 0.05 0.02 0 0.015
 0.16 0.125 0.275 0.13 0.12 0.075 0.045 0.02 0.005 0.015 0.01 0.02
 0.15 0.2 0.16 0.155 0.085 0.115 0.05 0.015 0.015 0.02 0.005 0.03
 0.14 0.215 0.2 0.105 0.12 0.055 0.075 0.035 0.01 0.015 0.01 0.02
 0.17 0.145 0.225 0.175 0.065 0.12 0.045 0.025 0.015 0.005 0.005 0.005
 0.1 0.235 0.215 0.185 0.115 0.04 0.05 0.02 0.01 0.015 0.005 0.01
# olc_fsh

# wt_fsh
 0.000530656 0.00119633 0.00205827 0.00303499 0.00405521 0.0050647 0.00602623 0.00691692 0.00772489 0.00844611 0.00908185 0.0096367
 0.000530656 0.00119633 0.00205827 0.00303499 0.00405521 0.0050647 0.00602623 0.00691692 0.00772489 0.00844611 0.00908185 0.0096367
 0.000530656 0.00119633 0.00205827 0.00303499 0.00405521 0.0050647 0.00602623 0.00691692 0.00772489 0.00844611 0.00908185 0.0096367
 0.000530656 0.00119633 0.00205827 0.00303499 0.00405521 0.0050647 0.00602623 0.00691692 0.00772489 0.00844611 0.00908185 0.0096367
 0.000530656 0.00119633 0.00205827 0.00303499 0.00405521 0.0050647 0.00602623 0.00691692 0.00772489 0.00844611 0.00908185 0.0096367
 0.000530656 0.00119633 0.00205827 0.00303499 0.00405521 0.0050647 0.00602623 0.00691692 0.00772489 0.00844611 0.00908185 0.0096367
 0.000530656 0.00119633 0.00205827 0.00303499 0.00405521 0.0050647 0.00602623 0.00691692 0.00772489 0.00844611 0.00908185 0.0096367
 0.000530656 0.00119633 0.00205827 0.00303499 0.00405521 0.0050647 0.00602623 0.00691692 0.00772489 0.00844611 0.00908185 0.0096367
 0.000530656 0.00119633 0.00205827 0.00303499 0.00405521 0.0050647 0.00602623 0.00691692 0.00772489 0.00844611 0.00908185 0.0096367
 0.000530656 0.00119633 0.00205827 0.00303499 0.00405521 0.0050647 0.00602623 0.00691692 0.00772489 0.00844611 0.00908185 0.0096367
 0.000530656 0.00119633 0.00205827 0.00303499 0.00405521 0.0050647 0.00602623 0.00691692 0.00772489 0.00844611 0.00908185 0.0096367
 0.000530656 0.00119633 0.00205827 0.00303499 0.00405521 0.0050647 0.00602623 0.00691692 0.00772489 0.00844611 0.00908185 0.0096367
 0.000530656 0.00119633 0.00205827 0.00303499 0.00405521 0.0050647 0.00602623 0.00691692 0.00772489 0.00844611 0.00908185 0.0096367
 0.000530656 0.00119633 0.00205827 0.00303499 0.00405521 0.0050647 0.00602623 0.00691692 0.00772489 0.00844611 0.00908185 0.0096367
 0.000530656 0.00119633 0.00205827 0.00303499 0.00405521 0.0050647 0.00602623 0.00691692 0.00772489 0.00844611 0.00908185 0.0096367
 0.000530656 0.00119633 0.00205827 0.00303499 0.00405521 0.0050647 0.00602623 0.00691692 0.00772489 0.00844611 0.00908185 0.0096367
 0.000530656 0.00119633 0.00205827 0.00303499 0.00405521 0.0050647 0.00602623 0.00691692 0.00772489 0.00844611 0.00908185 0.0096367
 0.000530656 0.00119633 0.00205827 0.00303499 0.00405521 0.0050647 0.00602623 0.00691692 0.00772489 0.00844611 0.00908185 0.0096367
 0.000530656 0.00119633 0.00205827 0.00303499 0.00405521 0.0050647 0.00602623 0.00691692 0.00772489 0.00844611 0.00908185 0.0096367
 0.000530656 0.00119633 0.00205827 0.00303499 0.00405521 0.0050647 0.00602623 0.00691692 0.00772489 0.00844611 0.00908185 0.0096367
 0.000530656 0.00119633 0.00205827 0.00303499 0.00405521 0.0050647 0.00602623 0.00691692 0.00772489 0.00844611 0.00908185 0.0096367
 0.000530656 0.00119633 0.00205827 0.00303499 0.00405521 0.0050647 0.00602623 0.00691692 0.00772489 0.00844611 0.00908185 0.0096367
 0.000530656 0.00119633 0.00205827 0.00303499 0.00405521 0.0050647 0.00602623 0.00691692 0.00772489 0.00844611 0.00908185 0.0096367
 0.000530656 0.00119633 0.00205827 0.00303499 0.00405521 0.0050647 0.00602623 0.00691692 0.00772489 0.00844611 0.00908185 0.0096367
 0.000530656 0.00119633 0.00205827 0.00303499 0.00405521 0.0050647 0.00602623 0.00691692 0.00772489 0.00844611 0.00908185 0.0096367
 0.000530656 0.00119633 0.00205827 0.00303499 0.00405521 0.0050647 0.00602623 0.00691692 0.00772489 0.00844611 0.00908185 0.0096367
 0.000530656 0.00119633 0.00205827 0.00303499 0.00405521 0.0050647 0.00602623 0.00691692 0.00772489 0.00844611 0.00908185 0.0096367
 0.000530656 0.00119633 0.00205827 0.00303499 0.00405521 0.0050647 0.00602623 0.00691692 0.00772489 0.00844611 0.00908185 0.0096367
 0.000530656 0.00119633 0.00205827 0.00303499 0.00405521 0.0050647 0.00602623 0.00691692 0.00772489 0.00844611 0.00908185 0.0096367
 0.000530656 0.00119633 0.00205827 0.00303499 0.00405521 0.0050647 0.00602623 0.00691692 0.00772489 0.00844611 0.00908185 0.0096367
# nyrs_ind_age
 30
# yrs_ind_age
 1 2 3 4 5 6 7 8 9 10 11 12 13 14 15 16 17 18 19 20 21 22 23 24 25 26 27 28 29 30
# n_sample_ind_age
 200 200 200 200 200 200 200 200 200 200 200 200 200 200 200 200 200 200 200 200 200 200 200 200 200 200 200 200 200 200
# oac_ind
 0.045 0.125 0.13 0.125 0.105 0.075 0.075 0.06 0.065 0.045 0.015 0.135
 0.08 0.165 0.085 0.125 0.09 0.07 0.055 0.085 0.07 0.065 0.03 0.08
 0.11 0.165 0.13 0.105 0.08 0.09 0.055 0.055 0.035 0.03 0.025 0.12
 0.05 0.125 0.155 0.105 0.125 0.105 0.06 0.03 0.03 0.055 0.015 0.145
 0.045 0.12 0.18 0.145 0.085 0.025 0.06 0.05 0.05 0.08 0.025 0.135
 0.06 0.145 0.115 0.095 0.145 0.08 0.07 0.055 0.06 0.04 0.035 0.1
 0.08 0.145 0.11 0.13 0.155 0.05 0.065 0.04 0.005 0.06 0.02 0.14
 0.065 0.195 0.175 0.11 0.07 0.095 0.065 0.03 0.04 0.035 0.02 0.1
 0.095 0.15 0.17 0.085 0.11 0.085 0.095 0.05 0.03 0.03 0.025 0.075
 0.075 0.17 0.155 0.19 0.075 0.04 0.025 0.05 0.04 0.02 0.02 0.14
 0.09 0.15 0.16 0.115 0.145 0.055 0.045 0.02 0.06 0.035 0.03 0.095
 0.08 0.185 0.17 0.15 0.075 0.06 0.06 0.04 0.025 0.055 0.015 0.085
 0.08 0.225 0.235 0.11 0.07 0.07 0.035 0.05 0.025 0.03 0.015 0.055
 0.095 0.185 0.165 0.135 0.13 0.06 0.075 0.025 0.03 0.01 0.025 0.065
 0.09 0.175 0.255 0.1 0.115 0.075 0.055 0.03 0.03 0.01 0.02 0.045
 0.12 0.18 0.15 0.12 0.135 0.105 0.065 0.025 0.04 0.015 0.015 0.03
 0.12 0.2 0.195 0.12 0.125 0.06 0.065 0.03 0.025 0.01 0.01 0.04
 0.12 0.185 0.285 0.13 0.085 0.06 0.055 0.03 0.005 0.01 0.01 0.025
 0.05 0.19 0.235 0.235 0.105 0.07 0.025 0.025 0.03 0.005 0.005 0.025
 0.08 0.19 0.18 0.185 0.155 0.065 0.04 0.06 0.01 0.01 0.01 0.015
 0.14 0.185 0.19 0.14 0.08 0.135 0.025 0.015 0.025 0.01 0.015 0.04
 0.115 0.25 0.225 0.135 0.07 0.04 0.075 0.045 0.01 0 0.015 0.02
 0.11 0.255 0.25 0.1 0.1 0.065 0.025 0.03 0.02 0.015 0.015 0.015
 0.13 0.21 0.255 0.185 0.065 0.055 0.015 0.04 0.025 0 0.005 0.015
 0.08 0.33 0.19 0.185 0.04 0.07 0.035 0.01 0.02 0.02 0 0.02
 0.145 0.175 0.335 0.125 0.095 0.065 0.01 0.015 0 0.02 0.005 0.01
 0.12 0.255 0.195 0.16 0.12 0.065 0.03 0.025 0.005 0.01 0.005 0.01
 0.09 0.26 0.255 0.09 0.125 0.085 0.055 0.03 0 0.005 0 0.005
 0.155 0.2 0.24 0.17 0.04 0.095 0.015 0.035 0.015 0.015 0 0.02
 0.095 0.25 0.225 0.15 0.14 0.025 0.04 0.035 0.015 0 0.01 0.015
# olc_ind

# obs_lse_ind
 0.198042 0.198042 0.198042 0.198042 0.198042 0.198042 0.198042 0.198042 0.198042 0.198042 0.198042 0.198042 0.198042 0.198042 0.198042 0.198042 0.198042 0.198042 0.198042 0.198042 0.198042 0.198042 0.198042 0.198042 0.198042 0.198042 0.198042 0.198042 0.198042 0.198042
# xages_fsh
 0 0 0 0 0 0 0 0 0 0 0 0
# xages_fsh
 0 0.0909091 0.181818 0.272727 0.363636 0.454545 0.545455 0.636364 0.727273 0.818182 0.909091 1
# xnodes_fsh

Yrs fsh_sel change:  1 0 0 0 0 0 0 0 0 0 0 0 0 0 0 0 0 0 0 0 0 0 0 0 0 0 0 0 0
Yrs ind_sel change:  1 0 0 0 0 0 0 0 0 0 0 0 0 0 0 0 0 0 0 0 0 0 0 0 0 0 0 0 0
# steepnessprior
0.75
# sigmarprior
0.2
#  SSB estimated in styr endyr: -13 28 
#  Rec estimated in styr endyr: -11 30 
#  SR Curve fit  in styr endyr: 1 30 
#             Model styr endyr: 1 30 
# qprior
 3.48998e-007
# q_power_prior 
 1 
# cv_catchbiomass 
0.05 
# CatchbiomassPen 
200 
# Number of projection years 
5 
# offset_fsh
 13466.4
# offset_ind
 13119.8
Mean Catch
1292.71
R_guess 
15.4246
# nfsh
1
# n_sel_ch_fsh
 1
# nselages_fsh
 11
# phase_selcoff_fsh
 -1
logRzero 15.4246
logmeanrec 15.4246
exp(log_sigmarprior 0.2
Fish sel phase: -1 FLEET1
Fixing fishery sel to
1
Srvy sel phase: -1
Fixing SURVEY1 indices sel to
1
# logsel_slp_in_indv
 0.693147
Leaving parameter init secton
# M
 0.2 0.2 0.2 0.2 0.2 0.2 0.2 0.2 0.2 0.2 0.2 0.2
 0.2 0.2 0.2 0.2 0.2 0.2 0.2 0.2 0.2 0.2 0.2 0.2
 0.2 0.2 0.2 0.2 0.2 0.2 0.2 0.2 0.2 0.2 0.2 0.2
 0.2 0.2 0.2 0.2 0.2 0.2 0.2 0.2 0.2 0.2 0.2 0.2
 0.2 0.2 0.2 0.2 0.2 0.2 0.2 0.2 0.2 0.2 0.2 0.2
 0.2 0.2 0.2 0.2 0.2 0.2 0.2 0.2 0.2 0.2 0.2 0.2
 0.2 0.2 0.2 0.2 0.2 0.2 0.2 0.2 0.2 0.2 0.2 0.2
 0.2 0.2 0.2 0.2 0.2 0.2 0.2 0.2 0.2 0.2 0.2 0.2
 0.2 0.2 0.2 0.2 0.2 0.2 0.2 0.2 0.2 0.2 0.2 0.2
 0.2 0.2 0.2 0.2 0.2 0.2 0.2 0.2 0.2 0.2 0.2 0.2
 0.2 0.2 0.2 0.2 0.2 0.2 0.2 0.2 0.2 0.2 0.2 0.2
 0.2 0.2 0.2 0.2 0.2 0.2 0.2 0.2 0.2 0.2 0.2 0.2
 0.2 0.2 0.2 0.2 0.2 0.2 0.2 0.2 0.2 0.2 0.2 0.2
 0.2 0.2 0.2 0.2 0.2 0.2 0.2 0.2 0.2 0.2 0.2 0.2
 0.2 0.2 0.2 0.2 0.2 0.2 0.2 0.2 0.2 0.2 0.2 0.2
 0.2 0.2 0.2 0.2 0.2 0.2 0.2 0.2 0.2 0.2 0.2 0.2
 0.2 0.2 0.2 0.2 0.2 0.2 0.2 0.2 0.2 0.2 0.2 0.2
 0.2 0.2 0.2 0.2 0.2 0.2 0.2 0.2 0.2 0.2 0.2 0.2
 0.2 0.2 0.2 0.2 0.2 0.2 0.2 0.2 0.2 0.2 0.2 0.2
 0.2 0.2 0.2 0.2 0.2 0.2 0.2 0.2 0.2 0.2 0.2 0.2
 0.2 0.2 0.2 0.2 0.2 0.2 0.2 0.2 0.2 0.2 0.2 0.2
 0.2 0.2 0.2 0.2 0.2 0.2 0.2 0.2 0.2 0.2 0.2 0.2
 0.2 0.2 0.2 0.2 0.2 0.2 0.2 0.2 0.2 0.2 0.2 0.2
 0.2 0.2 0.2 0.2 0.2 0.2 0.2 0.2 0.2 0.2 0.2 0.2
 0.2 0.2 0.2 0.2 0.2 0.2 0.2 0.2 0.2 0.2 0.2 0.2
 0.2 0.2 0.2 0.2 0.2 0.2 0.2 0.2 0.2 0.2 0.2 0.2
 0.2 0.2 0.2 0.2 0.2 0.2 0.2 0.2 0.2 0.2 0.2 0.2
 0.2 0.2 0.2 0.2 0.2 0.2 0.2 0.2 0.2 0.2 0.2 0.2
 0.2 0.2 0.2 0.2 0.2 0.2 0.2 0.2 0.2 0.2 0.2 0.2
 0.2 0.2 0.2 0.2 0.2 0.2 0.2 0.2 0.2 0.2 0.2 0.2
# mean_log_rec
13.7735
# log_Rzero
13.813
# rec_dev
 -0.0891149 -0.106909 -0.0506889 0.0873323 0.161541 -0.0580708 0.112522 0.0119103 -0.0445592 0.0435688 -0.00439463 -0.0433438 -0.0213718 0.141505 0.199257 -0.189936 -0.0762869 -0.061681 0.0443102 -0.0382174 -0.0600859 -0.0733141 0.0780433 -0.0492178 0.171197 -0.0569467 -0.0291027 0.422287 0.137983 -0.0785608 -0.191939 -0.161614 0.0414998 0.100815 -0.185509 0.141911 -0.509069 -0.077794 -0.123568 -0.314006 -0.143372 -0.46727
# fmort
 0.00899309 0.0262406 0.0432784 0.0597834 0.0480427 0.0867861 0.0878383 0.188502 0.110522 0.134477 0.1522 0.162522 0.117466 0.168613 0.180992 0.160375 0.31685 0.25847 0.253806 0.250781 0.341694 0.244628 0.398664 0.323737 0.318791 0.286536 0.282376 0.38564 0.287444 0.424731
# rec_dev_future
 0 0 0 0 0
