AMAK;Mar 2020
# styr
1
# endyr
30
# rec_age
1
# oldest_age
12
# nlength
81
# len_bins
 10 11 12 13 14 15 16 17 18 19 20 21 22 23 24 25 26 27 28 29 30 31 32 33 34 35 36 37 38 39 40 41 42 43 44 45 46 47 48 49 50 51 52 53 54 55 56 57 58 59 60 61 62 63 64 65 66 67 68 69 70 71 72 73 74 75 76 77 78 79 80 81 82 83 84 85 86 87 88 89 90
# datafile_name
amak_data.dat
# model_name
AMAK_MCP
# styr
1
# endyr
30
# rec_age
1
# oldest_age
12
# nfsh
1
# fshname
FLEET1
# catch_bio_in
 161.466 458.062 751.255 977.692 761.529 1326.11 1270.66 2466.89 1328.52 1549.12 1669.62 1693.86 1189.34 1670.29 1672.29 1391.7 2395.26 1673.61 1514.12 1395.84 1817.51 1251.49 1900.59 1412.95 1323.04 1161.25 1087.77 1431.36 976.931 1348.92
# catch_bio_sd_in
 0.01 0.01 0.01 0.01 0.01 0.01 0.01 0.01 0.01 0.01 0.01 0.01 0.01 0.01 0.01 0.01 0.01 0.01 0.01 0.01 0.01 0.01 0.01 0.01 0.01 0.01 0.01 0.01 0.01 0.01
# nyrs_fsh_age
 30
# nyrs_fsh_length
 0
# yrs_fsh_age_in
 1 2 3 4 5 6 7 8 9 10 11 12 13 14 15 16 17 18 19 20 21 22 23 24 25 26 27 28 29 30
# yrs_fsh_length_in

# n_sample_fsh_length_in

# olc_fsh_in

# nind
1
# indname
SURVEY1
# nyrs_ind
 30
# yrs_ind_in
 1 2 3 4 5 6 7 8 9 10 11 12 13 14 15 16 17 18 19 20 21 22 23 24 25 26 27 28 29 30
# mo_ind
 1
# obs_ind_in
 1.38044 1.34844 1.39968 1.46718 1.62717 1.48627 1.52735 1.29828 1.20473 1.14857 1.12773 1.16022 1.11668 1.22856 1.11267 1.01549 0.90098 0.903529 0.857706 0.817919 0.756819 0.934654 0.651683 0.62441 0.592078 0.624187 0.62297 0.572996 0.622386 0.525988
# obs_se_ind_in
 0.276087 0.269688 0.279936 0.293435 0.325434 0.297253 0.30547 0.259656 0.240946 0.229715 0.225547 0.232045 0.223336 0.245711 0.222533 0.203098 0.180196 0.180706 0.171541 0.163584 0.151364 0.186931 0.130337 0.124882 0.118416 0.124837 0.124594 0.114599 0.124477 0.105198
# nyrs_ind_age
 30
# nyrs_ind_length
 0
# yrs_ind_age_in
 1 2 3 4 5 6 7 8 9 10 11 12 13 14 15 16 17 18 19 20 21 22 23 24 25 26 27 28 29 30
# yrs_ind_length_in

# yrs_ind_age_in
 1 2 3 4 5 6 7 8 9 10 11 12 13 14 15 16 17 18 19 20 21 22 23 24 25 26 27 28 29 30
# n_sample_ind_length_in

# olc_ind_in

# oac_ind_in
 0.065 0.14 0.155 0.09 0.105 0.085 0.05 0.065 0.08 0.045 0.025 0.095
 0.035 0.2 0.08 0.11 0.15 0.06 0.05 0.075 0.045 0.03 0.01 0.155
 0.105 0.155 0.125 0.09 0.095 0.08 0.06 0.035 0.01 0.035 0.05 0.16
 0.04 0.17 0.115 0.11 0.12 0.06 0.09 0.03 0.03 0.03 0.04 0.165
 0.075 0.115 0.18 0.11 0.105 0.075 0.07 0.055 0.065 0.01 0.03 0.11
 0.06 0.12 0.155 0.12 0.1 0.1 0.055 0.04 0.06 0.055 0.02 0.115
 0.08 0.155 0.16 0.14 0.11 0.105 0.05 0.04 0.05 0.03 0.02 0.06
 0.13 0.11 0.12 0.145 0.105 0.105 0.07 0.035 0.04 0.055 0.01 0.075
 0.075 0.19 0.14 0.09 0.115 0.08 0.08 0.09 0.025 0.025 0.01 0.08
 0.115 0.12 0.235 0.135 0.085 0.065 0.055 0.035 0.03 0.025 0.02 0.08
 0.07 0.25 0.13 0.175 0.1 0.06 0.045 0.025 0.035 0.03 0 0.08
 0.05 0.16 0.255 0.12 0.085 0.07 0.035 0.035 0.03 0.04 0.015 0.105
 0.095 0.18 0.17 0.205 0.065 0.04 0.09 0.02 0.05 0.025 0.025 0.035
 0.075 0.215 0.145 0.135 0.155 0.045 0.045 0.06 0.035 0.02 0.015 0.055
 0.06 0.15 0.19 0.115 0.085 0.165 0.04 0.04 0.025 0.01 0.01 0.11
 0.1 0.175 0.22 0.13 0.085 0.04 0.075 0.045 0.035 0.025 0.005 0.065
 0.05 0.2 0.19 0.145 0.125 0.09 0.025 0.055 0.005 0.02 0.025 0.07
 0.11 0.215 0.165 0.145 0.095 0.09 0.06 0.01 0.045 0.025 0.015 0.025
 0.11 0.275 0.09 0.145 0.075 0.07 0.07 0.035 0.025 0.045 0.01 0.05
 0.115 0.265 0.23 0.09 0.11 0.06 0.03 0.025 0.03 0 0.025 0.02
 0.1 0.23 0.235 0.17 0.08 0.065 0.02 0.015 0.03 0.005 0.005 0.045
 0.145 0.21 0.21 0.185 0.115 0.035 0.03 0.01 0.015 0.01 0.01 0.025
 0.08 0.375 0.165 0.14 0.06 0.075 0.04 0.03 0.005 0.01 0.005 0.015
 0.15 0.195 0.28 0.135 0.06 0.075 0.04 0.01 0.015 0.005 0.005 0.03
 0.135 0.265 0.17 0.185 0.065 0.07 0.04 0.045 0.01 0.005 0 0.01
 0.06 0.33 0.225 0.115 0.125 0.055 0.025 0.015 0.02 0 0.01 0.02
 0.075 0.215 0.225 0.205 0.09 0.1 0.035 0.015 0.02 0.005 0.005 0.01
 0.105 0.21 0.215 0.175 0.135 0.075 0.045 0.005 0.015 0 0.015 0.005
 0.14 0.225 0.18 0.16 0.1 0.095 0.045 0.02 0.015 0.015 0 0.005
 0.1 0.235 0.255 0.135 0.105 0.09 0.035 0.01 0.025 0.01 0 0
# wt_ind
 1 1 1 1 1 1 1 1 1 1 1 1
 1 1 1 1 1 1 1 1 1 1 1 1
 1 1 1 1 1 1 1 1 1 1 1 1
 1 1 1 1 1 1 1 1 1 1 1 1
 1 1 1 1 1 1 1 1 1 1 1 1
 1 1 1 1 1 1 1 1 1 1 1 1
 1 1 1 1 1 1 1 1 1 1 1 1
 1 1 1 1 1 1 1 1 1 1 1 1
 1 1 1 1 1 1 1 1 1 1 1 1
 1 1 1 1 1 1 1 1 1 1 1 1
 1 1 1 1 1 1 1 1 1 1 1 1
 1 1 1 1 1 1 1 1 1 1 1 1
 1 1 1 1 1 1 1 1 1 1 1 1
 1 1 1 1 1 1 1 1 1 1 1 1
 1 1 1 1 1 1 1 1 1 1 1 1
 1 1 1 1 1 1 1 1 1 1 1 1
 1 1 1 1 1 1 1 1 1 1 1 1
 1 1 1 1 1 1 1 1 1 1 1 1
 1 1 1 1 1 1 1 1 1 1 1 1
 1 1 1 1 1 1 1 1 1 1 1 1
 1 1 1 1 1 1 1 1 1 1 1 1
 1 1 1 1 1 1 1 1 1 1 1 1
 1 1 1 1 1 1 1 1 1 1 1 1
 1 1 1 1 1 1 1 1 1 1 1 1
 1 1 1 1 1 1 1 1 1 1 1 1
 1 1 1 1 1 1 1 1 1 1 1 1
 1 1 1 1 1 1 1 1 1 1 1 1
 1 1 1 1 1 1 1 1 1 1 1 1
 1 1 1 1 1 1 1 1 1 1 1 1
 1 1 1 1 1 1 1 1 1 1 1 1
# wt_pop
 0.000530656 0.00119633 0.00205827 0.00303499 0.00405521 0.0050647 0.00602623 0.00691692 0.00772489 0.00844611 0.00908185 0.0096367
# maturity
 0.0229774 0.320821 0.904651 0.99478 0.999739 0.999987 0.999999 1 1 1 1 1
# spawnmo
1
# age_err
 1 0 0 0 0 0 0 0 0 0 0 0
 0 1 0 0 0 0 0 0 0 0 0 0
 0 0 1 0 0 0 0 0 0 0 0 0
 0 0 0 1 0 0 0 0 0 0 0 0
 0 0 0 0 1 0 0 0 0 0 0 0
 0 0 0 0 0 1 0 0 0 0 0 0
 0 0 0 0 0 0 1 0 0 0 0 0
 0 0 0 0 0 0 0 1 0 0 0 0
 0 0 0 0 0 0 0 0 1 0 0 0
 0 0 0 0 0 0 0 0 0 1 0 0
 0 0 0 0 0 0 0 0 0 0 1 0
 0 0 0 0 0 0 0 0 0 0 0 1
# cntrlfile_name
C:\Users\bai.li\DOCUME~1\Github\AGE_ST~1\ASSAMC\example\output\AMAK\s25\amak.dat
# Map shared selectivity: 
# sel_map
 1 2
 1 1
# datafile_name
amak_data.dat
# model_name
AMAK_MCP
# SrType
2
# use_age_err
0
# retro
0
# sigmarprior
0.2
# cvsigmarprior
0.25
# phase_sigmar
-3
# styr_rec_est
1
# endyr_rec_est
30
# Linfprior
80
# cvLinfprior
0.25
# kprior
0.18
# cvkprior
0.25
# Loprior
27.688
# cvLoprior
0.25
# sdageprior
0.1
# cvsdageprior
0.25
# natmortprior
0.2
# cvnatmortprior
0.25
# phase_M
-4
# npars_Mage
0
# ages_M_changes

# Mage_in

# Mage_offset_in

# phase_Mage
-5
# phase_rw_M
0
# npars_rw_M
0
# yrs_rw_M

# sigma_rw_M

# qprior
 3.48998e-007
# cvqprior
 1
# phase_q
 1
# q_power_prior
 1
# cvq_power_prior
 0.2
# phase_q_power
 -4
# phase_rw_q
 -1
# npars_rw_q
 0
# yrs_rw_q

# sigma_rw_q

# q_age_min
 1
# q_age_max
 12
# q_age_min
 1
# q_age_max
 12
# fsh_sel_opt(k)
2
# phase_sel_fsh(k)
2
# n_sel_ch_fsh(k)
1
# sel_slp_in_fsh(k)(1,n_sel_ch_fsh(k))
 1
# sel_inf_in_fsh(k)(1,n_sel_ch_fsh(k))
 2
# logsel_slp_in_fsh(k)(1,n_sel_ch_fsh(k))
 0
# yrs_sel_ch_fsh(k)(1,n_sel_ch_fsh(k))
 1

Survey SURVEY1
# ind_sel_opt(k)
2
# indname(k)
SURVEY1
# nselages_in_ind(k)
11
# phase_sel_ind(k)
2
# sel_change_in_ind(k)
 1 0 0 0 0 0 0 0 0 0 0 0 0 0 0 0 0 0 0 0 0 0 0 0 0 0 0 0 0 0
# n_sel_ch_ind(k)
1
# yrs_sel_ch_ind(k)(1,n_sel_ch_ind(k))
 1
# sel_slp_in_ind(k,1)
2
# sel_inf_in_ind(k,1)
1.5
# logsel_slp_in_ind(k,1)
0.693147
# logsel_slp_in_indv(k)
0.693147
SURVEY1 ind sel opt 2  1 0 0 0 0 0 0 0 0 0 0 0 0 0 0 0 0 0 0 0 0 0 0 0 0 0 0 0 0 0
Phase indices Sel_Coffs:  -1
 Test: 1.23457e+008
# Fshry Selages:  11
# Srvy  Selages:  11
# Phase for age-spec fishery  -1
# Phase for logistic fishery  2
# Phase for dble logistic fishery  -1
# Phase for age-spec indices   -1
# Phase for logistic indices   2
# Phase for dble logistic ind  -1
# Curv_pen_fsh: 
 0
# Curv_pen_ind: 
 0
# styr_fut
31
# endyr_fut
35
# nyrs_fsh_age
 30
# nyrs_fsh_age
 30
# yrs_fsh_age
 1 2 3 4 5 6 7 8 9 10 11 12 13 14 15 16 17 18 19 20 21 22 23 24 25 26 27 28 29 30
# n_sample_fsh_age
 200 200 200 200 200 200 200 200 200 200 200 200 200 200 200 200 200 200 200 200 200 200 200 200 200 200 200 200 200 200
# oac_fsh
 0.095 0.125 0.135 0.08 0.105 0.09 0.08 0.07 0.045 0.03 0.035 0.11
 0.09 0.085 0.105 0.15 0.115 0.085 0.075 0.035 0.065 0.05 0.025 0.12
 0.07 0.11 0.125 0.125 0.1 0.08 0.08 0.06 0.06 0.02 0.03 0.14
 0.095 0.145 0.115 0.09 0.075 0.06 0.09 0.055 0.05 0.055 0.03 0.14
 0.095 0.125 0.165 0.075 0.09 0.075 0.055 0.075 0.06 0.02 0.03 0.135
 0.07 0.09 0.105 0.22 0.1 0.055 0.055 0.045 0.055 0.04 0.015 0.15
 0.12 0.115 0.14 0.115 0.095 0.08 0.05 0.05 0.08 0.025 0.03 0.1
 0.085 0.135 0.105 0.15 0.09 0.11 0.065 0.08 0.035 0.045 0.015 0.085
 0.075 0.13 0.14 0.14 0.11 0.115 0.065 0.03 0.05 0.005 0.035 0.105
 0.12 0.13 0.155 0.155 0.09 0.08 0.095 0.05 0.04 0.01 0 0.075
 0.105 0.235 0.12 0.085 0.12 0.06 0.065 0.04 0.045 0.025 0.03 0.07
 0.09 0.135 0.2 0.1 0.11 0.115 0.03 0.08 0.01 0.02 0.035 0.075
 0.105 0.135 0.195 0.205 0.075 0.055 0.06 0.025 0.055 0.02 0.03 0.04
 0.06 0.155 0.13 0.17 0.135 0.075 0.085 0.055 0.03 0.015 0.01 0.08
 0.115 0.165 0.18 0.11 0.08 0.14 0.04 0.04 0.05 0.025 0.015 0.04
 0.085 0.135 0.18 0.155 0.12 0.095 0.07 0.04 0.04 0.02 0.01 0.05
 0.13 0.125 0.155 0.125 0.115 0.105 0.065 0.06 0.03 0.025 0.015 0.05
 0.12 0.14 0.1 0.135 0.11 0.105 0.105 0.04 0.05 0.025 0.03 0.04
 0.1 0.245 0.15 0.125 0.08 0.12 0.05 0.035 0.02 0.025 0.01 0.04
 0.105 0.18 0.22 0.105 0.095 0.06 0.05 0.085 0.015 0.045 0.02 0.02
 0.095 0.215 0.14 0.2 0.075 0.09 0.04 0.03 0.04 0.02 0.025 0.03
 0.19 0.13 0.2 0.145 0.13 0.055 0.04 0.02 0.015 0.02 0.02 0.035
 0.06 0.25 0.205 0.14 0.145 0.09 0.025 0.025 0.02 0.005 0.02 0.015
 0.155 0.15 0.285 0.135 0.13 0.04 0.055 0.02 0.01 0.005 0.005 0.01
 0.185 0.2 0.14 0.21 0.095 0.09 0.025 0.03 0.005 0.005 0.01 0.005
 0.185 0.19 0.23 0.08 0.125 0.07 0.03 0.04 0.02 0.01 0.005 0.015
 0.14 0.205 0.225 0.19 0.095 0.075 0.015 0.02 0.01 0.005 0.01 0.01
 0.185 0.175 0.165 0.215 0.115 0.04 0.05 0.025 0.005 0.005 0.01 0.01
 0.12 0.215 0.145 0.195 0.13 0.085 0.03 0.035 0.01 0.015 0.01 0.01
 0.16 0.19 0.215 0.15 0.07 0.115 0.04 0.02 0.02 0.005 0 0.015
# olc_fsh

# wt_fsh
 0.000530656 0.00119633 0.00205827 0.00303499 0.00405521 0.0050647 0.00602623 0.00691692 0.00772489 0.00844611 0.00908185 0.0096367
 0.000530656 0.00119633 0.00205827 0.00303499 0.00405521 0.0050647 0.00602623 0.00691692 0.00772489 0.00844611 0.00908185 0.0096367
 0.000530656 0.00119633 0.00205827 0.00303499 0.00405521 0.0050647 0.00602623 0.00691692 0.00772489 0.00844611 0.00908185 0.0096367
 0.000530656 0.00119633 0.00205827 0.00303499 0.00405521 0.0050647 0.00602623 0.00691692 0.00772489 0.00844611 0.00908185 0.0096367
 0.000530656 0.00119633 0.00205827 0.00303499 0.00405521 0.0050647 0.00602623 0.00691692 0.00772489 0.00844611 0.00908185 0.0096367
 0.000530656 0.00119633 0.00205827 0.00303499 0.00405521 0.0050647 0.00602623 0.00691692 0.00772489 0.00844611 0.00908185 0.0096367
 0.000530656 0.00119633 0.00205827 0.00303499 0.00405521 0.0050647 0.00602623 0.00691692 0.00772489 0.00844611 0.00908185 0.0096367
 0.000530656 0.00119633 0.00205827 0.00303499 0.00405521 0.0050647 0.00602623 0.00691692 0.00772489 0.00844611 0.00908185 0.0096367
 0.000530656 0.00119633 0.00205827 0.00303499 0.00405521 0.0050647 0.00602623 0.00691692 0.00772489 0.00844611 0.00908185 0.0096367
 0.000530656 0.00119633 0.00205827 0.00303499 0.00405521 0.0050647 0.00602623 0.00691692 0.00772489 0.00844611 0.00908185 0.0096367
 0.000530656 0.00119633 0.00205827 0.00303499 0.00405521 0.0050647 0.00602623 0.00691692 0.00772489 0.00844611 0.00908185 0.0096367
 0.000530656 0.00119633 0.00205827 0.00303499 0.00405521 0.0050647 0.00602623 0.00691692 0.00772489 0.00844611 0.00908185 0.0096367
 0.000530656 0.00119633 0.00205827 0.00303499 0.00405521 0.0050647 0.00602623 0.00691692 0.00772489 0.00844611 0.00908185 0.0096367
 0.000530656 0.00119633 0.00205827 0.00303499 0.00405521 0.0050647 0.00602623 0.00691692 0.00772489 0.00844611 0.00908185 0.0096367
 0.000530656 0.00119633 0.00205827 0.00303499 0.00405521 0.0050647 0.00602623 0.00691692 0.00772489 0.00844611 0.00908185 0.0096367
 0.000530656 0.00119633 0.00205827 0.00303499 0.00405521 0.0050647 0.00602623 0.00691692 0.00772489 0.00844611 0.00908185 0.0096367
 0.000530656 0.00119633 0.00205827 0.00303499 0.00405521 0.0050647 0.00602623 0.00691692 0.00772489 0.00844611 0.00908185 0.0096367
 0.000530656 0.00119633 0.00205827 0.00303499 0.00405521 0.0050647 0.00602623 0.00691692 0.00772489 0.00844611 0.00908185 0.0096367
 0.000530656 0.00119633 0.00205827 0.00303499 0.00405521 0.0050647 0.00602623 0.00691692 0.00772489 0.00844611 0.00908185 0.0096367
 0.000530656 0.00119633 0.00205827 0.00303499 0.00405521 0.0050647 0.00602623 0.00691692 0.00772489 0.00844611 0.00908185 0.0096367
 0.000530656 0.00119633 0.00205827 0.00303499 0.00405521 0.0050647 0.00602623 0.00691692 0.00772489 0.00844611 0.00908185 0.0096367
 0.000530656 0.00119633 0.00205827 0.00303499 0.00405521 0.0050647 0.00602623 0.00691692 0.00772489 0.00844611 0.00908185 0.0096367
 0.000530656 0.00119633 0.00205827 0.00303499 0.00405521 0.0050647 0.00602623 0.00691692 0.00772489 0.00844611 0.00908185 0.0096367
 0.000530656 0.00119633 0.00205827 0.00303499 0.00405521 0.0050647 0.00602623 0.00691692 0.00772489 0.00844611 0.00908185 0.0096367
 0.000530656 0.00119633 0.00205827 0.00303499 0.00405521 0.0050647 0.00602623 0.00691692 0.00772489 0.00844611 0.00908185 0.0096367
 0.000530656 0.00119633 0.00205827 0.00303499 0.00405521 0.0050647 0.00602623 0.00691692 0.00772489 0.00844611 0.00908185 0.0096367
 0.000530656 0.00119633 0.00205827 0.00303499 0.00405521 0.0050647 0.00602623 0.00691692 0.00772489 0.00844611 0.00908185 0.0096367
 0.000530656 0.00119633 0.00205827 0.00303499 0.00405521 0.0050647 0.00602623 0.00691692 0.00772489 0.00844611 0.00908185 0.0096367
 0.000530656 0.00119633 0.00205827 0.00303499 0.00405521 0.0050647 0.00602623 0.00691692 0.00772489 0.00844611 0.00908185 0.0096367
 0.000530656 0.00119633 0.00205827 0.00303499 0.00405521 0.0050647 0.00602623 0.00691692 0.00772489 0.00844611 0.00908185 0.0096367
# nyrs_ind_age
 30
# yrs_ind_age
 1 2 3 4 5 6 7 8 9 10 11 12 13 14 15 16 17 18 19 20 21 22 23 24 25 26 27 28 29 30
# n_sample_ind_age
 200 200 200 200 200 200 200 200 200 200 200 200 200 200 200 200 200 200 200 200 200 200 200 200 200 200 200 200 200 200
# oac_ind
 0.065 0.14 0.155 0.09 0.105 0.085 0.05 0.065 0.08 0.045 0.025 0.095
 0.035 0.2 0.08 0.11 0.15 0.06 0.05 0.075 0.045 0.03 0.01 0.155
 0.105 0.155 0.125 0.09 0.095 0.08 0.06 0.035 0.01 0.035 0.05 0.16
 0.04 0.17 0.115 0.11 0.12 0.06 0.09 0.03 0.03 0.03 0.04 0.165
 0.075 0.115 0.18 0.11 0.105 0.075 0.07 0.055 0.065 0.01 0.03 0.11
 0.06 0.12 0.155 0.12 0.1 0.1 0.055 0.04 0.06 0.055 0.02 0.115
 0.08 0.155 0.16 0.14 0.11 0.105 0.05 0.04 0.05 0.03 0.02 0.06
 0.13 0.11 0.12 0.145 0.105 0.105 0.07 0.035 0.04 0.055 0.01 0.075
 0.075 0.19 0.14 0.09 0.115 0.08 0.08 0.09 0.025 0.025 0.01 0.08
 0.115 0.12 0.235 0.135 0.085 0.065 0.055 0.035 0.03 0.025 0.02 0.08
 0.07 0.25 0.13 0.175 0.1 0.06 0.045 0.025 0.035 0.03 0 0.08
 0.05 0.16 0.255 0.12 0.085 0.07 0.035 0.035 0.03 0.04 0.015 0.105
 0.095 0.18 0.17 0.205 0.065 0.04 0.09 0.02 0.05 0.025 0.025 0.035
 0.075 0.215 0.145 0.135 0.155 0.045 0.045 0.06 0.035 0.02 0.015 0.055
 0.06 0.15 0.19 0.115 0.085 0.165 0.04 0.04 0.025 0.01 0.01 0.11
 0.1 0.175 0.22 0.13 0.085 0.04 0.075 0.045 0.035 0.025 0.005 0.065
 0.05 0.2 0.19 0.145 0.125 0.09 0.025 0.055 0.005 0.02 0.025 0.07
 0.11 0.215 0.165 0.145 0.095 0.09 0.06 0.01 0.045 0.025 0.015 0.025
 0.11 0.275 0.09 0.145 0.075 0.07 0.07 0.035 0.025 0.045 0.01 0.05
 0.115 0.265 0.23 0.09 0.11 0.06 0.03 0.025 0.03 0 0.025 0.02
 0.1 0.23 0.235 0.17 0.08 0.065 0.02 0.015 0.03 0.005 0.005 0.045
 0.145 0.21 0.21 0.185 0.115 0.035 0.03 0.01 0.015 0.01 0.01 0.025
 0.08 0.375 0.165 0.14 0.06 0.075 0.04 0.03 0.005 0.01 0.005 0.015
 0.15 0.195 0.28 0.135 0.06 0.075 0.04 0.01 0.015 0.005 0.005 0.03
 0.135 0.265 0.17 0.185 0.065 0.07 0.04 0.045 0.01 0.005 0 0.01
 0.06 0.33 0.225 0.115 0.125 0.055 0.025 0.015 0.02 0 0.01 0.02
 0.075 0.215 0.225 0.205 0.09 0.1 0.035 0.015 0.02 0.005 0.005 0.01
 0.105 0.21 0.215 0.175 0.135 0.075 0.045 0.005 0.015 0 0.015 0.005
 0.14 0.225 0.18 0.16 0.1 0.095 0.045 0.02 0.015 0.015 0 0.005
 0.1 0.235 0.255 0.135 0.105 0.09 0.035 0.01 0.025 0.01 0 0
# olc_ind

# obs_lse_ind
 0.198042 0.198042 0.198042 0.198042 0.198042 0.198042 0.198042 0.198042 0.198042 0.198042 0.198042 0.198042 0.198042 0.198042 0.198042 0.198042 0.198042 0.198042 0.198042 0.198042 0.198042 0.198042 0.198042 0.198042 0.198042 0.198042 0.198042 0.198042 0.198042 0.198042
# xages_fsh
 0 0 0 0 0 0 0 0 0 0 0 0
# xages_fsh
 0 0.0909091 0.181818 0.272727 0.363636 0.454545 0.545455 0.636364 0.727273 0.818182 0.909091 1
# xnodes_fsh

Yrs fsh_sel change:  1 0 0 0 0 0 0 0 0 0 0 0 0 0 0 0 0 0 0 0 0 0 0 0 0 0 0 0 0
Yrs ind_sel change:  1 0 0 0 0 0 0 0 0 0 0 0 0 0 0 0 0 0 0 0 0 0 0 0 0 0 0 0 0
# steepnessprior
0.75
# sigmarprior
0.2
#  SSB estimated in styr endyr: -13 28 
#  Rec estimated in styr endyr: -11 30 
#  SR Curve fit  in styr endyr: 1 30 
#             Model styr endyr: 1 30 
# qprior
 3.48998e-007
# q_power_prior 
 1 
# cv_catchbiomass 
0.05 
# CatchbiomassPen 
200 
# Number of projection years 
5 
# offset_fsh
 13490.1
# offset_ind
 13108.2
Mean Catch
1367.63
R_guess 
15.481
# nfsh
1
# n_sel_ch_fsh
 1
# nselages_fsh
 11
# phase_selcoff_fsh
 -1
logRzero 15.481
logmeanrec 15.481
exp(log_sigmarprior 0.2
Fish sel phase: -1 FLEET1
Fixing fishery sel to
1
Srvy sel phase: -1
Fixing SURVEY1 indices sel to
1
# logsel_slp_in_indv
 0.693147
Leaving parameter init secton
# M
 0.2 0.2 0.2 0.2 0.2 0.2 0.2 0.2 0.2 0.2 0.2 0.2
 0.2 0.2 0.2 0.2 0.2 0.2 0.2 0.2 0.2 0.2 0.2 0.2
 0.2 0.2 0.2 0.2 0.2 0.2 0.2 0.2 0.2 0.2 0.2 0.2
 0.2 0.2 0.2 0.2 0.2 0.2 0.2 0.2 0.2 0.2 0.2 0.2
 0.2 0.2 0.2 0.2 0.2 0.2 0.2 0.2 0.2 0.2 0.2 0.2
 0.2 0.2 0.2 0.2 0.2 0.2 0.2 0.2 0.2 0.2 0.2 0.2
 0.2 0.2 0.2 0.2 0.2 0.2 0.2 0.2 0.2 0.2 0.2 0.2
 0.2 0.2 0.2 0.2 0.2 0.2 0.2 0.2 0.2 0.2 0.2 0.2
 0.2 0.2 0.2 0.2 0.2 0.2 0.2 0.2 0.2 0.2 0.2 0.2
 0.2 0.2 0.2 0.2 0.2 0.2 0.2 0.2 0.2 0.2 0.2 0.2
 0.2 0.2 0.2 0.2 0.2 0.2 0.2 0.2 0.2 0.2 0.2 0.2
 0.2 0.2 0.2 0.2 0.2 0.2 0.2 0.2 0.2 0.2 0.2 0.2
 0.2 0.2 0.2 0.2 0.2 0.2 0.2 0.2 0.2 0.2 0.2 0.2
 0.2 0.2 0.2 0.2 0.2 0.2 0.2 0.2 0.2 0.2 0.2 0.2
 0.2 0.2 0.2 0.2 0.2 0.2 0.2 0.2 0.2 0.2 0.2 0.2
 0.2 0.2 0.2 0.2 0.2 0.2 0.2 0.2 0.2 0.2 0.2 0.2
 0.2 0.2 0.2 0.2 0.2 0.2 0.2 0.2 0.2 0.2 0.2 0.2
 0.2 0.2 0.2 0.2 0.2 0.2 0.2 0.2 0.2 0.2 0.2 0.2
 0.2 0.2 0.2 0.2 0.2 0.2 0.2 0.2 0.2 0.2 0.2 0.2
 0.2 0.2 0.2 0.2 0.2 0.2 0.2 0.2 0.2 0.2 0.2 0.2
 0.2 0.2 0.2 0.2 0.2 0.2 0.2 0.2 0.2 0.2 0.2 0.2
 0.2 0.2 0.2 0.2 0.2 0.2 0.2 0.2 0.2 0.2 0.2 0.2
 0.2 0.2 0.2 0.2 0.2 0.2 0.2 0.2 0.2 0.2 0.2 0.2
 0.2 0.2 0.2 0.2 0.2 0.2 0.2 0.2 0.2 0.2 0.2 0.2
 0.2 0.2 0.2 0.2 0.2 0.2 0.2 0.2 0.2 0.2 0.2 0.2
 0.2 0.2 0.2 0.2 0.2 0.2 0.2 0.2 0.2 0.2 0.2 0.2
 0.2 0.2 0.2 0.2 0.2 0.2 0.2 0.2 0.2 0.2 0.2 0.2
 0.2 0.2 0.2 0.2 0.2 0.2 0.2 0.2 0.2 0.2 0.2 0.2
 0.2 0.2 0.2 0.2 0.2 0.2 0.2 0.2 0.2 0.2 0.2 0.2
 0.2 0.2 0.2 0.2 0.2 0.2 0.2 0.2 0.2 0.2 0.2 0.2
# mean_log_rec
13.7871
# log_Rzero
13.8851
# rec_dev
 -0.0843877 -0.10133 -0.00464034 -0.0906556 0.150126 0.0533193 -0.02923 -0.126542 0.0495243 0.084836 0.0895471 -0.0537892 0.0593013 0.0869277 0.314673 0.104825 0.173155 -0.0445372 0.205665 0.192426 -0.0938113 0.503109 0.0602487 0.032912 0.183496 0.010972 -0.107723 -0.0964224 -0.254671 0.180476 0.000973382 -0.00321045 -0.152907 0.26967 -0.311533 0.0472174 0.0499832 -0.190136 -0.337116 -0.155317 -0.277053 -0.264991
# fmort
 0.00890922 0.0256464 0.0431906 0.0581948 0.0466467 0.0842027 0.0848538 0.179825 0.106129 0.130358 0.148732 0.159529 0.115847 0.168424 0.179682 0.158683 0.306668 0.248788 0.247923 0.243628 0.345174 0.254913 0.419165 0.344794 0.338833 0.302943 0.283171 0.389992 0.281124 0.410113
# rec_dev_future
 0 0 0 0 0
