AMAK;Mar 2020
# styr
1
# endyr
30
# rec_age
1
# oldest_age
12
# nlength
81
# len_bins
 10 11 12 13 14 15 16 17 18 19 20 21 22 23 24 25 26 27 28 29 30 31 32 33 34 35 36 37 38 39 40 41 42 43 44 45 46 47 48 49 50 51 52 53 54 55 56 57 58 59 60 61 62 63 64 65 66 67 68 69 70 71 72 73 74 75 76 77 78 79 80 81 82 83 84 85 86 87 88 89 90
# datafile_name
amak_data.dat
# model_name
AMAK_MCP
# styr
1
# endyr
30
# rec_age
1
# oldest_age
12
# nfsh
1
# fshname
FLEET1
# catch_bio_in
 161.209 459.432 739.046 951.901 724.514 1249.31 1196.94 2344.41 1258.75 1468.88 1564.09 1556.25 1086.92 1491.46 1474.15 1270.38 2223.98 1589.19 1445.95 1341.97 1713.6 1162.8 1727.87 1272.48 1208.65 1078.2 1062.17 1430.15 1011.18 1423.79
# catch_bio_sd_in
 0.01 0.01 0.01 0.01 0.01 0.01 0.01 0.01 0.01 0.01 0.01 0.01 0.01 0.01 0.01 0.01 0.01 0.01 0.01 0.01 0.01 0.01 0.01 0.01 0.01 0.01 0.01 0.01 0.01 0.01
# nyrs_fsh_age
 30
# nyrs_fsh_length
 0
# yrs_fsh_age_in
 1 2 3 4 5 6 7 8 9 10 11 12 13 14 15 16 17 18 19 20 21 22 23 24 25 26 27 28 29 30
# yrs_fsh_length_in

# n_sample_fsh_length_in

# olc_fsh_in

# nind
1
# indname
SURVEY1
# nyrs_ind
 30
# yrs_ind_in
 1 2 3 4 5 6 7 8 9 10 11 12 13 14 15 16 17 18 19 20 21 22 23 24 25 26 27 28 29 30
# mo_ind
 1
# obs_ind_in
 1.35829 1.79057 1.39122 1.44552 1.36968 1.35488 1.40579 1.52828 1.3783 1.15752 1.2783 1.19914 1.04978 1.0996 1.23185 0.982778 0.828008 0.729066 0.761019 0.851786 0.84511 0.704769 0.782491 0.720572 0.628078 0.611156 0.60353 0.687013 0.593333 0.445818
# obs_se_ind_in
 0.271657 0.358114 0.278243 0.289104 0.273936 0.270977 0.281158 0.305657 0.27566 0.231504 0.25566 0.239827 0.209957 0.219921 0.24637 0.196556 0.165602 0.145813 0.152204 0.170357 0.169022 0.140954 0.156498 0.144114 0.125616 0.122231 0.120706 0.137403 0.118667 0.0891636
# nyrs_ind_age
 30
# nyrs_ind_length
 0
# yrs_ind_age_in
 1 2 3 4 5 6 7 8 9 10 11 12 13 14 15 16 17 18 19 20 21 22 23 24 25 26 27 28 29 30
# yrs_ind_length_in

# yrs_ind_age_in
 1 2 3 4 5 6 7 8 9 10 11 12 13 14 15 16 17 18 19 20 21 22 23 24 25 26 27 28 29 30
# n_sample_ind_length_in

# olc_ind_in

# oac_ind_in
 0.085 0.14 0.17 0.065 0.09 0.065 0.07 0.055 0.06 0.045 0.03 0.125
 0.07 0.145 0.12 0.105 0.13 0.06 0.065 0.055 0.05 0.015 0.04 0.145
 0.055 0.12 0.14 0.17 0.07 0.1 0.065 0.075 0.035 0.015 0.04 0.115
 0.045 0.13 0.13 0.125 0.125 0.095 0.1 0.035 0.035 0.03 0.025 0.125
 0.105 0.16 0.15 0.1 0.095 0.08 0.04 0.08 0.02 0.055 0.015 0.1
 0.105 0.2 0.15 0.09 0.065 0.08 0.075 0.04 0.045 0.025 0.01 0.115
 0.065 0.185 0.215 0.1 0.08 0.07 0.055 0.04 0.035 0.04 0.01 0.105
 0.045 0.185 0.2 0.155 0.125 0.04 0.03 0.04 0.04 0.02 0.02 0.1
 0.07 0.185 0.135 0.14 0.15 0.065 0.04 0.04 0.04 0.04 0.025 0.07
 0.095 0.155 0.165 0.155 0.095 0.09 0.04 0.035 0.025 0.045 0.01 0.09
 0.08 0.21 0.175 0.11 0.095 0.07 0.085 0.045 0.01 0.025 0.01 0.085
 0.095 0.195 0.165 0.115 0.12 0.065 0.07 0.05 0.035 0.02 0 0.07
 0.075 0.16 0.205 0.165 0.09 0.065 0.06 0.035 0.055 0.035 0 0.055
 0.075 0.19 0.18 0.11 0.135 0.045 0.06 0.04 0.055 0.03 0.025 0.055
 0.07 0.195 0.18 0.135 0.115 0.08 0.04 0.045 0.035 0.02 0.035 0.05
 0.09 0.155 0.225 0.14 0.065 0.045 0.105 0.02 0.065 0.015 0.025 0.05
 0.055 0.225 0.21 0.21 0.07 0.04 0.04 0.035 0.04 0.03 0.025 0.02
 0.1 0.19 0.235 0.15 0.095 0.06 0.03 0.03 0.025 0.025 0.005 0.055
 0.125 0.23 0.155 0.155 0.095 0.09 0.04 0.025 0.01 0.035 0.02 0.02
 0.15 0.255 0.195 0.11 0.1 0.06 0.045 0.015 0.015 0 0.02 0.035
 0.115 0.27 0.165 0.125 0.08 0.075 0.05 0.045 0.015 0.005 0.005 0.05
 0.105 0.24 0.2 0.19 0.08 0.05 0.06 0.005 0.01 0.015 0.02 0.025
 0.115 0.14 0.255 0.155 0.14 0.065 0.05 0.03 0.015 0.005 0 0.03
 0.14 0.28 0.22 0.13 0.095 0.065 0.025 0.01 0.015 0.005 0.01 0.005
 0.125 0.275 0.27 0.105 0.085 0.05 0.045 0.01 0.005 0.01 0.01 0.01
 0.115 0.235 0.27 0.21 0.07 0.015 0.055 0 0.01 0.01 0 0.01
 0.09 0.2 0.255 0.23 0.085 0.025 0.055 0.03 0.015 0.01 0 0.005
 0.16 0.22 0.225 0.17 0.085 0.065 0.04 0.01 0.015 0.005 0.005 0
 0.11 0.225 0.22 0.16 0.16 0.07 0.025 0.01 0.01 0.01 0 0
 0.12 0.22 0.2 0.155 0.12 0.095 0.02 0.04 0.015 0.005 0 0.01
# wt_ind
 1 1 1 1 1 1 1 1 1 1 1 1
 1 1 1 1 1 1 1 1 1 1 1 1
 1 1 1 1 1 1 1 1 1 1 1 1
 1 1 1 1 1 1 1 1 1 1 1 1
 1 1 1 1 1 1 1 1 1 1 1 1
 1 1 1 1 1 1 1 1 1 1 1 1
 1 1 1 1 1 1 1 1 1 1 1 1
 1 1 1 1 1 1 1 1 1 1 1 1
 1 1 1 1 1 1 1 1 1 1 1 1
 1 1 1 1 1 1 1 1 1 1 1 1
 1 1 1 1 1 1 1 1 1 1 1 1
 1 1 1 1 1 1 1 1 1 1 1 1
 1 1 1 1 1 1 1 1 1 1 1 1
 1 1 1 1 1 1 1 1 1 1 1 1
 1 1 1 1 1 1 1 1 1 1 1 1
 1 1 1 1 1 1 1 1 1 1 1 1
 1 1 1 1 1 1 1 1 1 1 1 1
 1 1 1 1 1 1 1 1 1 1 1 1
 1 1 1 1 1 1 1 1 1 1 1 1
 1 1 1 1 1 1 1 1 1 1 1 1
 1 1 1 1 1 1 1 1 1 1 1 1
 1 1 1 1 1 1 1 1 1 1 1 1
 1 1 1 1 1 1 1 1 1 1 1 1
 1 1 1 1 1 1 1 1 1 1 1 1
 1 1 1 1 1 1 1 1 1 1 1 1
 1 1 1 1 1 1 1 1 1 1 1 1
 1 1 1 1 1 1 1 1 1 1 1 1
 1 1 1 1 1 1 1 1 1 1 1 1
 1 1 1 1 1 1 1 1 1 1 1 1
 1 1 1 1 1 1 1 1 1 1 1 1
# wt_pop
 0.000530656 0.00119633 0.00205827 0.00303499 0.00405521 0.0050647 0.00602623 0.00691692 0.00772489 0.00844611 0.00908185 0.0096367
# maturity
 0.0229774 0.320821 0.904651 0.99478 0.999739 0.999987 0.999999 1 1 1 1 1
# spawnmo
1
# age_err
 1 0 0 0 0 0 0 0 0 0 0 0
 0 1 0 0 0 0 0 0 0 0 0 0
 0 0 1 0 0 0 0 0 0 0 0 0
 0 0 0 1 0 0 0 0 0 0 0 0
 0 0 0 0 1 0 0 0 0 0 0 0
 0 0 0 0 0 1 0 0 0 0 0 0
 0 0 0 0 0 0 1 0 0 0 0 0
 0 0 0 0 0 0 0 1 0 0 0 0
 0 0 0 0 0 0 0 0 1 0 0 0
 0 0 0 0 0 0 0 0 0 1 0 0
 0 0 0 0 0 0 0 0 0 0 1 0
 0 0 0 0 0 0 0 0 0 0 0 1
# cntrlfile_name
C:\Users\bai.li\DOCUME~1\Github\AGE_ST~2\ASSAMC\example\C0\output\AMAK\s3\amak.dat
# Map shared selectivity: 
# sel_map
 1 2
 1 1
# datafile_name
amak_data.dat
# model_name
AMAK_MCP
# SrType
2
# use_age_err
0
# retro
0
# sigmarprior
0.2
# cvsigmarprior
0.25
# phase_sigmar
-3
# styr_rec_est
1
# endyr_rec_est
30
# Linfprior
80
# cvLinfprior
0.25
# kprior
0.18
# cvkprior
0.25
# Loprior
27.688
# cvLoprior
0.25
# sdageprior
0.1
# cvsdageprior
0.25
# natmortprior
0.2
# cvnatmortprior
0.25
# phase_M
-4
# npars_Mage
0
# ages_M_changes

# Mage_in

# Mage_offset_in

# phase_Mage
-5
# phase_rw_M
0
# npars_rw_M
0
# yrs_rw_M

# sigma_rw_M

# qprior
 3.48998e-007
# cvqprior
 1
# phase_q
 1
# q_power_prior
 1
# cvq_power_prior
 0.2
# phase_q_power
 -4
# phase_rw_q
 -1
# npars_rw_q
 0
# yrs_rw_q

# sigma_rw_q

# q_age_min
 1
# q_age_max
 12
# q_age_min
 1
# q_age_max
 12
# fsh_sel_opt(k)
2
# phase_sel_fsh(k)
2
# n_sel_ch_fsh(k)
1
# sel_slp_in_fsh(k)(1,n_sel_ch_fsh(k))
 1
# sel_inf_in_fsh(k)(1,n_sel_ch_fsh(k))
 2
# logsel_slp_in_fsh(k)(1,n_sel_ch_fsh(k))
 0
# yrs_sel_ch_fsh(k)(1,n_sel_ch_fsh(k))
 1

Survey SURVEY1
# ind_sel_opt(k)
2
# indname(k)
SURVEY1
# nselages_in_ind(k)
11
# phase_sel_ind(k)
2
# sel_change_in_ind(k)
 1 0 0 0 0 0 0 0 0 0 0 0 0 0 0 0 0 0 0 0 0 0 0 0 0 0 0 0 0 0
# n_sel_ch_ind(k)
1
# yrs_sel_ch_ind(k)(1,n_sel_ch_ind(k))
 1
# sel_slp_in_ind(k,1)
2
# sel_inf_in_ind(k,1)
1.5
# logsel_slp_in_ind(k,1)
0.693147
# logsel_slp_in_indv(k)
0.693147
SURVEY1 ind sel opt 2  1 0 0 0 0 0 0 0 0 0 0 0 0 0 0 0 0 0 0 0 0 0 0 0 0 0 0 0 0 0
Phase indices Sel_Coffs:  -1
 Test: 1.23457e+008
# Fshry Selages:  11
# Srvy  Selages:  11
# Phase for age-spec fishery  -1
# Phase for logistic fishery  2
# Phase for dble logistic fishery  -1
# Phase for age-spec indices   -1
# Phase for logistic indices   2
# Phase for dble logistic ind  -1
# Curv_pen_fsh: 
 0
# Curv_pen_ind: 
 0
# styr_fut
31
# endyr_fut
35
# nyrs_fsh_age
 30
# nyrs_fsh_age
 30
# yrs_fsh_age
 1 2 3 4 5 6 7 8 9 10 11 12 13 14 15 16 17 18 19 20 21 22 23 24 25 26 27 28 29 30
# n_sample_fsh_age
 200 200 200 200 200 200 200 200 200 200 200 200 200 200 200 200 200 200 200 200 200 200 200 200 200 200 200 200 200 200
# oac_fsh
 0.055 0.1 0.155 0.11 0.06 0.1 0.09 0.075 0.06 0.025 0.02 0.15
 0.095 0.155 0.08 0.075 0.115 0.055 0.075 0.045 0.06 0.04 0.035 0.17
 0.085 0.115 0.145 0.115 0.11 0.115 0.05 0.045 0.05 0.035 0.02 0.115
 0.08 0.095 0.135 0.12 0.105 0.075 0.085 0.06 0.06 0.035 0.025 0.125
 0.1 0.09 0.11 0.085 0.11 0.115 0.055 0.06 0.055 0.05 0.035 0.135
 0.115 0.135 0.155 0.09 0.04 0.06 0.07 0.085 0.05 0.07 0.03 0.1
 0.09 0.135 0.175 0.105 0.055 0.055 0.075 0.08 0.035 0.04 0.045 0.11
 0.095 0.145 0.13 0.18 0.08 0.05 0.05 0.045 0.03 0.05 0.015 0.13
 0.09 0.155 0.15 0.12 0.095 0.08 0.05 0.025 0.05 0.045 0.03 0.11
 0.1 0.1 0.1 0.125 0.175 0.075 0.07 0.035 0.035 0.01 0.025 0.15
 0.08 0.18 0.11 0.155 0.105 0.13 0.07 0.025 0.025 0.03 0.02 0.07
 0.08 0.135 0.205 0.14 0.105 0.07 0.07 0.065 0.05 0.025 0.015 0.04
 0.095 0.16 0.165 0.16 0.09 0.07 0.05 0.03 0.06 0.02 0.03 0.07
 0.125 0.115 0.12 0.14 0.14 0.055 0.075 0.095 0.015 0.045 0.015 0.06
 0.125 0.125 0.225 0.1 0.11 0.125 0.06 0.05 0.005 0.025 0.015 0.035
 0.1 0.105 0.19 0.145 0.075 0.115 0.09 0.03 0.03 0.025 0.03 0.065
 0.075 0.2 0.135 0.2 0.115 0.07 0.055 0.06 0.01 0.035 0.005 0.04
 0.135 0.105 0.205 0.13 0.13 0.08 0.05 0.06 0.025 0.02 0.01 0.05
 0.11 0.185 0.18 0.175 0.12 0.05 0.03 0.035 0.025 0.03 0.015 0.045
 0.145 0.155 0.205 0.14 0.125 0.05 0.05 0.05 0.015 0.015 0.02 0.03
 0.09 0.21 0.225 0.145 0.06 0.08 0.02 0.045 0.035 0.015 0.02 0.055
 0.105 0.15 0.23 0.19 0.11 0.045 0.06 0.045 0.025 0.005 0.005 0.03
 0.14 0.12 0.205 0.215 0.105 0.06 0.03 0.045 0.02 0.015 0.01 0.035
 0.165 0.265 0.15 0.13 0.07 0.08 0.045 0.01 0.025 0.01 0.01 0.04
 0.185 0.215 0.235 0.115 0.08 0.05 0.06 0.025 0.01 0.005 0.005 0.015
 0.115 0.25 0.25 0.15 0.075 0.065 0.035 0.035 0.015 0 0.005 0.005
 0.145 0.195 0.23 0.13 0.15 0.085 0.01 0.01 0.02 0.005 0.01 0.01
 0.16 0.2 0.2 0.15 0.095 0.08 0.05 0.01 0.015 0.015 0.015 0.01
 0.11 0.285 0.175 0.175 0.135 0.05 0.045 0.005 0.005 0.01 0 0.005
 0.235 0.18 0.175 0.145 0.135 0.07 0.015 0.015 0.005 0.02 0 0.005
# olc_fsh

# wt_fsh
 0.000530656 0.00119633 0.00205827 0.00303499 0.00405521 0.0050647 0.00602623 0.00691692 0.00772489 0.00844611 0.00908185 0.0096367
 0.000530656 0.00119633 0.00205827 0.00303499 0.00405521 0.0050647 0.00602623 0.00691692 0.00772489 0.00844611 0.00908185 0.0096367
 0.000530656 0.00119633 0.00205827 0.00303499 0.00405521 0.0050647 0.00602623 0.00691692 0.00772489 0.00844611 0.00908185 0.0096367
 0.000530656 0.00119633 0.00205827 0.00303499 0.00405521 0.0050647 0.00602623 0.00691692 0.00772489 0.00844611 0.00908185 0.0096367
 0.000530656 0.00119633 0.00205827 0.00303499 0.00405521 0.0050647 0.00602623 0.00691692 0.00772489 0.00844611 0.00908185 0.0096367
 0.000530656 0.00119633 0.00205827 0.00303499 0.00405521 0.0050647 0.00602623 0.00691692 0.00772489 0.00844611 0.00908185 0.0096367
 0.000530656 0.00119633 0.00205827 0.00303499 0.00405521 0.0050647 0.00602623 0.00691692 0.00772489 0.00844611 0.00908185 0.0096367
 0.000530656 0.00119633 0.00205827 0.00303499 0.00405521 0.0050647 0.00602623 0.00691692 0.00772489 0.00844611 0.00908185 0.0096367
 0.000530656 0.00119633 0.00205827 0.00303499 0.00405521 0.0050647 0.00602623 0.00691692 0.00772489 0.00844611 0.00908185 0.0096367
 0.000530656 0.00119633 0.00205827 0.00303499 0.00405521 0.0050647 0.00602623 0.00691692 0.00772489 0.00844611 0.00908185 0.0096367
 0.000530656 0.00119633 0.00205827 0.00303499 0.00405521 0.0050647 0.00602623 0.00691692 0.00772489 0.00844611 0.00908185 0.0096367
 0.000530656 0.00119633 0.00205827 0.00303499 0.00405521 0.0050647 0.00602623 0.00691692 0.00772489 0.00844611 0.00908185 0.0096367
 0.000530656 0.00119633 0.00205827 0.00303499 0.00405521 0.0050647 0.00602623 0.00691692 0.00772489 0.00844611 0.00908185 0.0096367
 0.000530656 0.00119633 0.00205827 0.00303499 0.00405521 0.0050647 0.00602623 0.00691692 0.00772489 0.00844611 0.00908185 0.0096367
 0.000530656 0.00119633 0.00205827 0.00303499 0.00405521 0.0050647 0.00602623 0.00691692 0.00772489 0.00844611 0.00908185 0.0096367
 0.000530656 0.00119633 0.00205827 0.00303499 0.00405521 0.0050647 0.00602623 0.00691692 0.00772489 0.00844611 0.00908185 0.0096367
 0.000530656 0.00119633 0.00205827 0.00303499 0.00405521 0.0050647 0.00602623 0.00691692 0.00772489 0.00844611 0.00908185 0.0096367
 0.000530656 0.00119633 0.00205827 0.00303499 0.00405521 0.0050647 0.00602623 0.00691692 0.00772489 0.00844611 0.00908185 0.0096367
 0.000530656 0.00119633 0.00205827 0.00303499 0.00405521 0.0050647 0.00602623 0.00691692 0.00772489 0.00844611 0.00908185 0.0096367
 0.000530656 0.00119633 0.00205827 0.00303499 0.00405521 0.0050647 0.00602623 0.00691692 0.00772489 0.00844611 0.00908185 0.0096367
 0.000530656 0.00119633 0.00205827 0.00303499 0.00405521 0.0050647 0.00602623 0.00691692 0.00772489 0.00844611 0.00908185 0.0096367
 0.000530656 0.00119633 0.00205827 0.00303499 0.00405521 0.0050647 0.00602623 0.00691692 0.00772489 0.00844611 0.00908185 0.0096367
 0.000530656 0.00119633 0.00205827 0.00303499 0.00405521 0.0050647 0.00602623 0.00691692 0.00772489 0.00844611 0.00908185 0.0096367
 0.000530656 0.00119633 0.00205827 0.00303499 0.00405521 0.0050647 0.00602623 0.00691692 0.00772489 0.00844611 0.00908185 0.0096367
 0.000530656 0.00119633 0.00205827 0.00303499 0.00405521 0.0050647 0.00602623 0.00691692 0.00772489 0.00844611 0.00908185 0.0096367
 0.000530656 0.00119633 0.00205827 0.00303499 0.00405521 0.0050647 0.00602623 0.00691692 0.00772489 0.00844611 0.00908185 0.0096367
 0.000530656 0.00119633 0.00205827 0.00303499 0.00405521 0.0050647 0.00602623 0.00691692 0.00772489 0.00844611 0.00908185 0.0096367
 0.000530656 0.00119633 0.00205827 0.00303499 0.00405521 0.0050647 0.00602623 0.00691692 0.00772489 0.00844611 0.00908185 0.0096367
 0.000530656 0.00119633 0.00205827 0.00303499 0.00405521 0.0050647 0.00602623 0.00691692 0.00772489 0.00844611 0.00908185 0.0096367
 0.000530656 0.00119633 0.00205827 0.00303499 0.00405521 0.0050647 0.00602623 0.00691692 0.00772489 0.00844611 0.00908185 0.0096367
# nyrs_ind_age
 30
# yrs_ind_age
 1 2 3 4 5 6 7 8 9 10 11 12 13 14 15 16 17 18 19 20 21 22 23 24 25 26 27 28 29 30
# n_sample_ind_age
 200 200 200 200 200 200 200 200 200 200 200 200 200 200 200 200 200 200 200 200 200 200 200 200 200 200 200 200 200 200
# oac_ind
 0.085 0.14 0.17 0.065 0.09 0.065 0.07 0.055 0.06 0.045 0.03 0.125
 0.07 0.145 0.12 0.105 0.13 0.06 0.065 0.055 0.05 0.015 0.04 0.145
 0.055 0.12 0.14 0.17 0.07 0.1 0.065 0.075 0.035 0.015 0.04 0.115
 0.045 0.13 0.13 0.125 0.125 0.095 0.1 0.035 0.035 0.03 0.025 0.125
 0.105 0.16 0.15 0.1 0.095 0.08 0.04 0.08 0.02 0.055 0.015 0.1
 0.105 0.2 0.15 0.09 0.065 0.08 0.075 0.04 0.045 0.025 0.01 0.115
 0.065 0.185 0.215 0.1 0.08 0.07 0.055 0.04 0.035 0.04 0.01 0.105
 0.045 0.185 0.2 0.155 0.125 0.04 0.03 0.04 0.04 0.02 0.02 0.1
 0.07 0.185 0.135 0.14 0.15 0.065 0.04 0.04 0.04 0.04 0.025 0.07
 0.095 0.155 0.165 0.155 0.095 0.09 0.04 0.035 0.025 0.045 0.01 0.09
 0.08 0.21 0.175 0.11 0.095 0.07 0.085 0.045 0.01 0.025 0.01 0.085
 0.095 0.195 0.165 0.115 0.12 0.065 0.07 0.05 0.035 0.02 0 0.07
 0.075 0.16 0.205 0.165 0.09 0.065 0.06 0.035 0.055 0.035 0 0.055
 0.075 0.19 0.18 0.11 0.135 0.045 0.06 0.04 0.055 0.03 0.025 0.055
 0.07 0.195 0.18 0.135 0.115 0.08 0.04 0.045 0.035 0.02 0.035 0.05
 0.09 0.155 0.225 0.14 0.065 0.045 0.105 0.02 0.065 0.015 0.025 0.05
 0.055 0.225 0.21 0.21 0.07 0.04 0.04 0.035 0.04 0.03 0.025 0.02
 0.1 0.19 0.235 0.15 0.095 0.06 0.03 0.03 0.025 0.025 0.005 0.055
 0.125 0.23 0.155 0.155 0.095 0.09 0.04 0.025 0.01 0.035 0.02 0.02
 0.15 0.255 0.195 0.11 0.1 0.06 0.045 0.015 0.015 0 0.02 0.035
 0.115 0.27 0.165 0.125 0.08 0.075 0.05 0.045 0.015 0.005 0.005 0.05
 0.105 0.24 0.2 0.19 0.08 0.05 0.06 0.005 0.01 0.015 0.02 0.025
 0.115 0.14 0.255 0.155 0.14 0.065 0.05 0.03 0.015 0.005 0 0.03
 0.14 0.28 0.22 0.13 0.095 0.065 0.025 0.01 0.015 0.005 0.01 0.005
 0.125 0.275 0.27 0.105 0.085 0.05 0.045 0.01 0.005 0.01 0.01 0.01
 0.115 0.235 0.27 0.21 0.07 0.015 0.055 0 0.01 0.01 0 0.01
 0.09 0.2 0.255 0.23 0.085 0.025 0.055 0.03 0.015 0.01 0 0.005
 0.16 0.22 0.225 0.17 0.085 0.065 0.04 0.01 0.015 0.005 0.005 0
 0.11 0.225 0.22 0.16 0.16 0.07 0.025 0.01 0.01 0.01 0 0
 0.12 0.22 0.2 0.155 0.12 0.095 0.02 0.04 0.015 0.005 0 0.01
# olc_ind

# obs_lse_ind
 0.198042 0.198042 0.198042 0.198042 0.198042 0.198042 0.198042 0.198042 0.198042 0.198042 0.198042 0.198042 0.198042 0.198042 0.198042 0.198042 0.198042 0.198042 0.198042 0.198042 0.198042 0.198042 0.198042 0.198042 0.198042 0.198042 0.198042 0.198042 0.198042 0.198042
# xages_fsh
 0 0 0 0 0 0 0 0 0 0 0 0
# xages_fsh
 0 0.0909091 0.181818 0.272727 0.363636 0.454545 0.545455 0.636364 0.727273 0.818182 0.909091 1
# xnodes_fsh

Yrs fsh_sel change:  1 0 0 0 0 0 0 0 0 0 0 0 0 0 0 0 0 0 0 0 0 0 0 0 0 0 0 0 0
Yrs ind_sel change:  1 0 0 0 0 0 0 0 0 0 0 0 0 0 0 0 0 0 0 0 0 0 0 0 0 0 0 0 0
# steepnessprior
0.75
# sigmarprior
0.2
#  SSB estimated in styr endyr: -13 28 
#  Rec estimated in styr endyr: -11 30 
#  SR Curve fit  in styr endyr: 1 30 
#             Model styr endyr: 1 30 
# qprior
 3.48998e-007
# q_power_prior 
 1 
# cv_catchbiomass 
0.05 
# CatchbiomassPen 
200 
# Number of projection years 
5 
# offset_fsh
 13437.1
# offset_ind
 13080.5
Mean Catch
1289.65
R_guess 
15.4223
# nfsh
1
# n_sel_ch_fsh
 1
# nselages_fsh
 11
# phase_selcoff_fsh
 -1
logRzero 15.4223
logmeanrec 15.4223
exp(log_sigmarprior 0.2
Fish sel phase: -1 FLEET1
Fixing fishery sel to
1
Srvy sel phase: -1
Fixing SURVEY1 indices sel to
1
# logsel_slp_in_indv
 0.693147
Leaving parameter init secton
# M
 0.2 0.2 0.2 0.2 0.2 0.2 0.2 0.2 0.2 0.2 0.2 0.2
 0.2 0.2 0.2 0.2 0.2 0.2 0.2 0.2 0.2 0.2 0.2 0.2
 0.2 0.2 0.2 0.2 0.2 0.2 0.2 0.2 0.2 0.2 0.2 0.2
 0.2 0.2 0.2 0.2 0.2 0.2 0.2 0.2 0.2 0.2 0.2 0.2
 0.2 0.2 0.2 0.2 0.2 0.2 0.2 0.2 0.2 0.2 0.2 0.2
 0.2 0.2 0.2 0.2 0.2 0.2 0.2 0.2 0.2 0.2 0.2 0.2
 0.2 0.2 0.2 0.2 0.2 0.2 0.2 0.2 0.2 0.2 0.2 0.2
 0.2 0.2 0.2 0.2 0.2 0.2 0.2 0.2 0.2 0.2 0.2 0.2
 0.2 0.2 0.2 0.2 0.2 0.2 0.2 0.2 0.2 0.2 0.2 0.2
 0.2 0.2 0.2 0.2 0.2 0.2 0.2 0.2 0.2 0.2 0.2 0.2
 0.2 0.2 0.2 0.2 0.2 0.2 0.2 0.2 0.2 0.2 0.2 0.2
 0.2 0.2 0.2 0.2 0.2 0.2 0.2 0.2 0.2 0.2 0.2 0.2
 0.2 0.2 0.2 0.2 0.2 0.2 0.2 0.2 0.2 0.2 0.2 0.2
 0.2 0.2 0.2 0.2 0.2 0.2 0.2 0.2 0.2 0.2 0.2 0.2
 0.2 0.2 0.2 0.2 0.2 0.2 0.2 0.2 0.2 0.2 0.2 0.2
 0.2 0.2 0.2 0.2 0.2 0.2 0.2 0.2 0.2 0.2 0.2 0.2
 0.2 0.2 0.2 0.2 0.2 0.2 0.2 0.2 0.2 0.2 0.2 0.2
 0.2 0.2 0.2 0.2 0.2 0.2 0.2 0.2 0.2 0.2 0.2 0.2
 0.2 0.2 0.2 0.2 0.2 0.2 0.2 0.2 0.2 0.2 0.2 0.2
 0.2 0.2 0.2 0.2 0.2 0.2 0.2 0.2 0.2 0.2 0.2 0.2
 0.2 0.2 0.2 0.2 0.2 0.2 0.2 0.2 0.2 0.2 0.2 0.2
 0.2 0.2 0.2 0.2 0.2 0.2 0.2 0.2 0.2 0.2 0.2 0.2
 0.2 0.2 0.2 0.2 0.2 0.2 0.2 0.2 0.2 0.2 0.2 0.2
 0.2 0.2 0.2 0.2 0.2 0.2 0.2 0.2 0.2 0.2 0.2 0.2
 0.2 0.2 0.2 0.2 0.2 0.2 0.2 0.2 0.2 0.2 0.2 0.2
 0.2 0.2 0.2 0.2 0.2 0.2 0.2 0.2 0.2 0.2 0.2 0.2
 0.2 0.2 0.2 0.2 0.2 0.2 0.2 0.2 0.2 0.2 0.2 0.2
 0.2 0.2 0.2 0.2 0.2 0.2 0.2 0.2 0.2 0.2 0.2 0.2
 0.2 0.2 0.2 0.2 0.2 0.2 0.2 0.2 0.2 0.2 0.2 0.2
 0.2 0.2 0.2 0.2 0.2 0.2 0.2 0.2 0.2 0.2 0.2 0.2
# mean_log_rec
13.7318
# log_Rzero
13.8132
# rec_dev
 -0.0496563 -0.0600274 -0.0955523 -0.0274878 -0.00381847 -0.00698523 -0.0179762 0.0567974 -0.116201 0.125672 0.0190622 0.0886885 0.0842268 -0.104589 -0.131031 0.0658399 0.375279 0.277888 0.143701 0.131421 -0.049249 0.288145 0.0475144 -0.117246 -0.00554813 0.128899 -0.08268 0.124011 -0.249755 -0.0414307 0.0505563 0.0477873 -0.13814 -0.306559 0.0684693 -0.0304191 -0.00112033 -0.183204 -0.283881 -0.228851 -0.468243 -0.175255
# fmort
 0.009492 0.0274075 0.045461 0.0614161 0.0488608 0.0879311 0.0881082 0.186307 0.10855 0.133055 0.150623 0.160007 0.117107 0.168224 0.177829 0.161531 0.3135 0.257382 0.257813 0.257096 0.359277 0.26511 0.436096 0.363309 0.363299 0.32952 0.325529 0.470806 0.368484 0.593823
# rec_dev_future
 0 0 0 0 0
