AMAK;Mar 2020
# styr
1
# endyr
30
# rec_age
1
# oldest_age
12
# nlength
81
# len_bins
 10 11 12 13 14 15 16 17 18 19 20 21 22 23 24 25 26 27 28 29 30 31 32 33 34 35 36 37 38 39 40 41 42 43 44 45 46 47 48 49 50 51 52 53 54 55 56 57 58 59 60 61 62 63 64 65 66 67 68 69 70 71 72 73 74 75 76 77 78 79 80 81 82 83 84 85 86 87 88 89 90
# datafile_name
amak_data.dat
# model_name
AMAK_MCP
# styr
1
# endyr
30
# rec_age
1
# oldest_age
12
# nfsh
1
# fshname
FLEET1
# catch_bio_in
 160.962 464.143 744.45 970.848 735.405 1287.94 1229.59 2361.5 1265.11 1435.42 1540.91 1534.2 1074.67 1506.13 1512.01 1315.43 2370.62 1694.43 1518.04 1360.51 1685.64 1121.84 1677.85 1228.49 1148.2 1003.29 989.192 1358.04 1015.72 1451.86
# catch_bio_sd_in
 0.01 0.01 0.01 0.01 0.01 0.01 0.01 0.01 0.01 0.01 0.01 0.01 0.01 0.01 0.01 0.01 0.01 0.01 0.01 0.01 0.01 0.01 0.01 0.01 0.01 0.01 0.01 0.01 0.01 0.01
# nyrs_fsh_age
 30
# nyrs_fsh_length
 0
# yrs_fsh_age_in
 1 2 3 4 5 6 7 8 9 10 11 12 13 14 15 16 17 18 19 20 21 22 23 24 25 26 27 28 29 30
# yrs_fsh_length_in

# n_sample_fsh_length_in

# olc_fsh_in

# nind
1
# indname
SURVEY1
# nyrs_ind
 30
# yrs_ind_in
 1 2 3 4 5 6 7 8 9 10 11 12 13 14 15 16 17 18 19 20 21 22 23 24 25 26 27 28 29 30
# mo_ind
 1
# obs_ind_in
 1.54655 1.85863 1.53528 1.44504 1.21138 1.4774 1.15995 1.29426 1.35074 1.1341 1.02353 0.919557 1.13265 1.0077 1.02293 0.96877 1.00534 0.971548 0.784418 0.652931 0.704035 0.692826 0.5682 0.660702 0.744768 0.661255 0.589393 0.620715 0.57633 0.677835
# obs_se_ind_in
 0.30931 0.371726 0.307056 0.289008 0.242277 0.29548 0.231991 0.258853 0.270148 0.226819 0.204705 0.183911 0.22653 0.20154 0.204586 0.193754 0.201068 0.19431 0.156884 0.130586 0.140807 0.138565 0.11364 0.13214 0.148954 0.132251 0.117879 0.124143 0.115266 0.135567
# nyrs_ind_age
 30
# nyrs_ind_length
 0
# yrs_ind_age_in
 1 2 3 4 5 6 7 8 9 10 11 12 13 14 15 16 17 18 19 20 21 22 23 24 25 26 27 28 29 30
# yrs_ind_length_in

# yrs_ind_age_in
 1 2 3 4 5 6 7 8 9 10 11 12 13 14 15 16 17 18 19 20 21 22 23 24 25 26 27 28 29 30
# n_sample_ind_length_in

# olc_ind_in

# oac_ind_in
 0.095 0.14 0.165 0.12 0.12 0.045 0.065 0.045 0.025 0.015 0.02 0.145
 0.09 0.13 0.095 0.115 0.155 0.08 0.06 0.045 0.04 0.04 0.035 0.115
 0.07 0.16 0.1 0.13 0.075 0.08 0.11 0.055 0.07 0.025 0.03 0.095
 0.045 0.105 0.14 0.13 0.095 0.055 0.095 0.065 0.055 0.04 0.04 0.135
 0.09 0.14 0.15 0.155 0.09 0.1 0.055 0.055 0.055 0.02 0.01 0.08
 0.06 0.19 0.145 0.125 0.15 0.065 0.075 0.035 0.025 0.05 0.01 0.07
 0.015 0.205 0.255 0.11 0.065 0.07 0.08 0.045 0.015 0.02 0.01 0.11
 0.095 0.075 0.15 0.175 0.105 0.04 0.085 0.045 0.04 0.025 0.02 0.145
 0.1 0.215 0.095 0.16 0.12 0.09 0.05 0.03 0.03 0.03 0.005 0.075
 0.1 0.165 0.205 0.065 0.09 0.105 0.045 0.04 0.035 0.05 0.015 0.085
 0.075 0.19 0.255 0.145 0.085 0.085 0.045 0.04 0.02 0.01 0.02 0.03
 0.08 0.2 0.16 0.14 0.11 0.055 0.07 0.04 0.02 0 0.03 0.095
 0.11 0.16 0.155 0.17 0.135 0.075 0.055 0.03 0.04 0.015 0.02 0.035
 0.08 0.24 0.16 0.11 0.095 0.135 0.05 0.02 0.015 0.04 0.02 0.035
 0.06 0.21 0.25 0.115 0.065 0.08 0.07 0.04 0.005 0.035 0.025 0.045
 0.145 0.17 0.115 0.165 0.09 0.08 0.04 0.045 0.045 0.015 0.015 0.075
 0.09 0.265 0.135 0.155 0.12 0.06 0.04 0.01 0.055 0.02 0.01 0.04
 0.075 0.12 0.26 0.1 0.125 0.1 0.06 0.035 0.03 0.04 0.015 0.04
 0.115 0.16 0.17 0.205 0.135 0.06 0.06 0.02 0.01 0.025 0.01 0.03
 0.14 0.22 0.175 0.105 0.15 0.055 0.055 0.045 0.02 0 0.02 0.015
 0.125 0.255 0.21 0.14 0.055 0.085 0.03 0.04 0.035 0.01 0.005 0.01
 0.11 0.19 0.235 0.175 0.11 0.05 0.04 0.025 0.02 0.01 0.015 0.02
 0.1 0.25 0.225 0.19 0.095 0.015 0.025 0.03 0.015 0.02 0.02 0.015
 0.13 0.215 0.255 0.15 0.11 0.06 0.03 0.015 0.01 0 0 0.025
 0.125 0.275 0.19 0.13 0.075 0.1 0.025 0.02 0.01 0.025 0.01 0.015
 0.155 0.185 0.27 0.14 0.075 0.075 0.03 0.02 0.01 0.02 0.005 0.015
 0.17 0.29 0.175 0.13 0.07 0.045 0.05 0.01 0.045 0.005 0 0.01
 0.155 0.255 0.28 0.11 0.105 0.045 0.015 0.01 0.01 0.005 0 0.01
 0.08 0.265 0.25 0.195 0.08 0.065 0.02 0.01 0.02 0.015 0 0
 0.16 0.19 0.25 0.185 0.095 0.05 0.025 0.03 0.01 0 0 0.005
# wt_ind
 1 1 1 1 1 1 1 1 1 1 1 1
 1 1 1 1 1 1 1 1 1 1 1 1
 1 1 1 1 1 1 1 1 1 1 1 1
 1 1 1 1 1 1 1 1 1 1 1 1
 1 1 1 1 1 1 1 1 1 1 1 1
 1 1 1 1 1 1 1 1 1 1 1 1
 1 1 1 1 1 1 1 1 1 1 1 1
 1 1 1 1 1 1 1 1 1 1 1 1
 1 1 1 1 1 1 1 1 1 1 1 1
 1 1 1 1 1 1 1 1 1 1 1 1
 1 1 1 1 1 1 1 1 1 1 1 1
 1 1 1 1 1 1 1 1 1 1 1 1
 1 1 1 1 1 1 1 1 1 1 1 1
 1 1 1 1 1 1 1 1 1 1 1 1
 1 1 1 1 1 1 1 1 1 1 1 1
 1 1 1 1 1 1 1 1 1 1 1 1
 1 1 1 1 1 1 1 1 1 1 1 1
 1 1 1 1 1 1 1 1 1 1 1 1
 1 1 1 1 1 1 1 1 1 1 1 1
 1 1 1 1 1 1 1 1 1 1 1 1
 1 1 1 1 1 1 1 1 1 1 1 1
 1 1 1 1 1 1 1 1 1 1 1 1
 1 1 1 1 1 1 1 1 1 1 1 1
 1 1 1 1 1 1 1 1 1 1 1 1
 1 1 1 1 1 1 1 1 1 1 1 1
 1 1 1 1 1 1 1 1 1 1 1 1
 1 1 1 1 1 1 1 1 1 1 1 1
 1 1 1 1 1 1 1 1 1 1 1 1
 1 1 1 1 1 1 1 1 1 1 1 1
 1 1 1 1 1 1 1 1 1 1 1 1
# wt_pop
 0.000530656 0.00119633 0.00205827 0.00303499 0.00405521 0.0050647 0.00602623 0.00691692 0.00772489 0.00844611 0.00908185 0.0096367
# maturity
 0.0229774 0.320821 0.904651 0.99478 0.999739 0.999987 0.999999 1 1 1 1 1
# spawnmo
1
# age_err
 1 0 0 0 0 0 0 0 0 0 0 0
 0 1 0 0 0 0 0 0 0 0 0 0
 0 0 1 0 0 0 0 0 0 0 0 0
 0 0 0 1 0 0 0 0 0 0 0 0
 0 0 0 0 1 0 0 0 0 0 0 0
 0 0 0 0 0 1 0 0 0 0 0 0
 0 0 0 0 0 0 1 0 0 0 0 0
 0 0 0 0 0 0 0 1 0 0 0 0
 0 0 0 0 0 0 0 0 1 0 0 0
 0 0 0 0 0 0 0 0 0 1 0 0
 0 0 0 0 0 0 0 0 0 0 1 0
 0 0 0 0 0 0 0 0 0 0 0 1
# cntrlfile_name
C:\Users\bai.li\DOCUME~1\Github\AGE_ST~1\ASSAMC\example\output\AMAK\s154\amak.dat
# Map shared selectivity: 
# sel_map
 1 2
 1 1
# datafile_name
amak_data.dat
# model_name
AMAK_MCP
# SrType
2
# use_age_err
0
# retro
0
# sigmarprior
0.2
# cvsigmarprior
0.25
# phase_sigmar
-3
# styr_rec_est
1
# endyr_rec_est
30
# Linfprior
80
# cvLinfprior
0.25
# kprior
0.18
# cvkprior
0.25
# Loprior
27.688
# cvLoprior
0.25
# sdageprior
0.1
# cvsdageprior
0.25
# natmortprior
0.2
# cvnatmortprior
0.25
# phase_M
-4
# npars_Mage
0
# ages_M_changes

# Mage_in

# Mage_offset_in

# phase_Mage
-5
# phase_rw_M
0
# npars_rw_M
0
# yrs_rw_M

# sigma_rw_M

# qprior
 3.48998e-007
# cvqprior
 1
# phase_q
 1
# q_power_prior
 1
# cvq_power_prior
 0.2
# phase_q_power
 -4
# phase_rw_q
 -1
# npars_rw_q
 0
# yrs_rw_q

# sigma_rw_q

# q_age_min
 1
# q_age_max
 12
# q_age_min
 1
# q_age_max
 12
# fsh_sel_opt(k)
2
# phase_sel_fsh(k)
2
# n_sel_ch_fsh(k)
1
# sel_slp_in_fsh(k)(1,n_sel_ch_fsh(k))
 1
# sel_inf_in_fsh(k)(1,n_sel_ch_fsh(k))
 2
# logsel_slp_in_fsh(k)(1,n_sel_ch_fsh(k))
 0
# yrs_sel_ch_fsh(k)(1,n_sel_ch_fsh(k))
 1

Survey SURVEY1
# ind_sel_opt(k)
2
# indname(k)
SURVEY1
# nselages_in_ind(k)
11
# phase_sel_ind(k)
2
# sel_change_in_ind(k)
 1 0 0 0 0 0 0 0 0 0 0 0 0 0 0 0 0 0 0 0 0 0 0 0 0 0 0 0 0 0
# n_sel_ch_ind(k)
1
# yrs_sel_ch_ind(k)(1,n_sel_ch_ind(k))
 1
# sel_slp_in_ind(k,1)
2
# sel_inf_in_ind(k,1)
1.5
# logsel_slp_in_ind(k,1)
0.693147
# logsel_slp_in_indv(k)
0.693147
SURVEY1 ind sel opt 2  1 0 0 0 0 0 0 0 0 0 0 0 0 0 0 0 0 0 0 0 0 0 0 0 0 0 0 0 0 0
Phase indices Sel_Coffs:  -1
 Test: 1.23457e+008
# Fshry Selages:  11
# Srvy  Selages:  11
# Phase for age-spec fishery  -1
# Phase for logistic fishery  2
# Phase for dble logistic fishery  -1
# Phase for age-spec indices   -1
# Phase for logistic indices   2
# Phase for dble logistic ind  -1
# Curv_pen_fsh: 
 0
# Curv_pen_ind: 
 0
# styr_fut
31
# endyr_fut
35
# nyrs_fsh_age
 30
# nyrs_fsh_age
 30
# yrs_fsh_age
 1 2 3 4 5 6 7 8 9 10 11 12 13 14 15 16 17 18 19 20 21 22 23 24 25 26 27 28 29 30
# n_sample_fsh_age
 200 200 200 200 200 200 200 200 200 200 200 200 200 200 200 200 200 200 200 200 200 200 200 200 200 200 200 200 200 200
# oac_fsh
 0.075 0.075 0.15 0.115 0.09 0.125 0.08 0.075 0.035 0.04 0.03 0.11
 0.075 0.1 0.125 0.105 0.105 0.105 0.105 0.05 0.045 0.015 0.04 0.13
 0.045 0.175 0.13 0.115 0.1 0.07 0.06 0.06 0.03 0.02 0.05 0.145
 0.045 0.08 0.135 0.11 0.07 0.09 0.075 0.065 0.065 0.075 0.045 0.145
 0.095 0.09 0.095 0.12 0.105 0.085 0.075 0.05 0.06 0.055 0.02 0.15
 0.105 0.165 0.105 0.07 0.09 0.12 0.095 0.04 0.055 0.005 0.025 0.125
 0.04 0.12 0.195 0.11 0.095 0.125 0.05 0.05 0.02 0.035 0.045 0.115
 0.07 0.12 0.11 0.215 0.11 0.09 0.06 0.06 0.06 0.015 0.01 0.08
 0.1 0.145 0.125 0.14 0.13 0.075 0.025 0.045 0.04 0.035 0.02 0.12
 0.115 0.15 0.165 0.11 0.09 0.08 0.04 0.05 0.055 0.04 0.015 0.09
 0.085 0.16 0.23 0.08 0.09 0.09 0.09 0.035 0.02 0.025 0.02 0.075
 0.1 0.155 0.165 0.13 0.09 0.065 0.065 0.03 0.035 0.025 0.035 0.105
 0.175 0.1 0.175 0.165 0.135 0.07 0.015 0.055 0.03 0.015 0.015 0.05
 0.155 0.125 0.11 0.13 0.16 0.05 0.065 0.04 0.05 0.03 0.015 0.07
 0.085 0.145 0.155 0.15 0.09 0.07 0.085 0.065 0.005 0.04 0.045 0.065
 0.105 0.14 0.19 0.155 0.145 0.055 0.045 0.055 0.02 0.01 0.02 0.06
 0.095 0.23 0.165 0.13 0.115 0.08 0.04 0.06 0.02 0.015 0.01 0.04
 0.1 0.13 0.18 0.145 0.11 0.11 0.045 0.055 0.025 0.03 0.005 0.065
 0.145 0.12 0.18 0.19 0.08 0.055 0.055 0.035 0.03 0.04 0.025 0.045
 0.16 0.18 0.135 0.095 0.15 0.055 0.065 0.05 0.02 0.015 0.015 0.06
 0.09 0.135 0.23 0.08 0.1 0.135 0.055 0.055 0.045 0.025 0.015 0.035
 0.15 0.16 0.22 0.165 0.085 0.085 0.04 0.03 0.015 0.01 0.01 0.03
 0.18 0.205 0.165 0.155 0.095 0.06 0.035 0.045 0.02 0.015 0.02 0.005
 0.175 0.2 0.21 0.13 0.095 0.1 0.025 0.01 0.015 0.015 0.005 0.02
 0.17 0.215 0.225 0.135 0.075 0.07 0.02 0.04 0.005 0.005 0 0.04
 0.185 0.16 0.17 0.165 0.145 0.075 0.025 0.03 0.005 0.015 0.01 0.015
 0.205 0.275 0.145 0.145 0.085 0.045 0.03 0.035 0.015 0.01 0.005 0.005
 0.225 0.205 0.19 0.115 0.135 0.05 0.035 0.015 0.005 0.015 0 0.01
 0.1 0.25 0.205 0.185 0.105 0.065 0.03 0.04 0 0.005 0.005 0.01
 0.2 0.14 0.255 0.17 0.08 0.065 0.05 0.015 0.005 0.005 0.015 0
# olc_fsh

# wt_fsh
 0.000530656 0.00119633 0.00205827 0.00303499 0.00405521 0.0050647 0.00602623 0.00691692 0.00772489 0.00844611 0.00908185 0.0096367
 0.000530656 0.00119633 0.00205827 0.00303499 0.00405521 0.0050647 0.00602623 0.00691692 0.00772489 0.00844611 0.00908185 0.0096367
 0.000530656 0.00119633 0.00205827 0.00303499 0.00405521 0.0050647 0.00602623 0.00691692 0.00772489 0.00844611 0.00908185 0.0096367
 0.000530656 0.00119633 0.00205827 0.00303499 0.00405521 0.0050647 0.00602623 0.00691692 0.00772489 0.00844611 0.00908185 0.0096367
 0.000530656 0.00119633 0.00205827 0.00303499 0.00405521 0.0050647 0.00602623 0.00691692 0.00772489 0.00844611 0.00908185 0.0096367
 0.000530656 0.00119633 0.00205827 0.00303499 0.00405521 0.0050647 0.00602623 0.00691692 0.00772489 0.00844611 0.00908185 0.0096367
 0.000530656 0.00119633 0.00205827 0.00303499 0.00405521 0.0050647 0.00602623 0.00691692 0.00772489 0.00844611 0.00908185 0.0096367
 0.000530656 0.00119633 0.00205827 0.00303499 0.00405521 0.0050647 0.00602623 0.00691692 0.00772489 0.00844611 0.00908185 0.0096367
 0.000530656 0.00119633 0.00205827 0.00303499 0.00405521 0.0050647 0.00602623 0.00691692 0.00772489 0.00844611 0.00908185 0.0096367
 0.000530656 0.00119633 0.00205827 0.00303499 0.00405521 0.0050647 0.00602623 0.00691692 0.00772489 0.00844611 0.00908185 0.0096367
 0.000530656 0.00119633 0.00205827 0.00303499 0.00405521 0.0050647 0.00602623 0.00691692 0.00772489 0.00844611 0.00908185 0.0096367
 0.000530656 0.00119633 0.00205827 0.00303499 0.00405521 0.0050647 0.00602623 0.00691692 0.00772489 0.00844611 0.00908185 0.0096367
 0.000530656 0.00119633 0.00205827 0.00303499 0.00405521 0.0050647 0.00602623 0.00691692 0.00772489 0.00844611 0.00908185 0.0096367
 0.000530656 0.00119633 0.00205827 0.00303499 0.00405521 0.0050647 0.00602623 0.00691692 0.00772489 0.00844611 0.00908185 0.0096367
 0.000530656 0.00119633 0.00205827 0.00303499 0.00405521 0.0050647 0.00602623 0.00691692 0.00772489 0.00844611 0.00908185 0.0096367
 0.000530656 0.00119633 0.00205827 0.00303499 0.00405521 0.0050647 0.00602623 0.00691692 0.00772489 0.00844611 0.00908185 0.0096367
 0.000530656 0.00119633 0.00205827 0.00303499 0.00405521 0.0050647 0.00602623 0.00691692 0.00772489 0.00844611 0.00908185 0.0096367
 0.000530656 0.00119633 0.00205827 0.00303499 0.00405521 0.0050647 0.00602623 0.00691692 0.00772489 0.00844611 0.00908185 0.0096367
 0.000530656 0.00119633 0.00205827 0.00303499 0.00405521 0.0050647 0.00602623 0.00691692 0.00772489 0.00844611 0.00908185 0.0096367
 0.000530656 0.00119633 0.00205827 0.00303499 0.00405521 0.0050647 0.00602623 0.00691692 0.00772489 0.00844611 0.00908185 0.0096367
 0.000530656 0.00119633 0.00205827 0.00303499 0.00405521 0.0050647 0.00602623 0.00691692 0.00772489 0.00844611 0.00908185 0.0096367
 0.000530656 0.00119633 0.00205827 0.00303499 0.00405521 0.0050647 0.00602623 0.00691692 0.00772489 0.00844611 0.00908185 0.0096367
 0.000530656 0.00119633 0.00205827 0.00303499 0.00405521 0.0050647 0.00602623 0.00691692 0.00772489 0.00844611 0.00908185 0.0096367
 0.000530656 0.00119633 0.00205827 0.00303499 0.00405521 0.0050647 0.00602623 0.00691692 0.00772489 0.00844611 0.00908185 0.0096367
 0.000530656 0.00119633 0.00205827 0.00303499 0.00405521 0.0050647 0.00602623 0.00691692 0.00772489 0.00844611 0.00908185 0.0096367
 0.000530656 0.00119633 0.00205827 0.00303499 0.00405521 0.0050647 0.00602623 0.00691692 0.00772489 0.00844611 0.00908185 0.0096367
 0.000530656 0.00119633 0.00205827 0.00303499 0.00405521 0.0050647 0.00602623 0.00691692 0.00772489 0.00844611 0.00908185 0.0096367
 0.000530656 0.00119633 0.00205827 0.00303499 0.00405521 0.0050647 0.00602623 0.00691692 0.00772489 0.00844611 0.00908185 0.0096367
 0.000530656 0.00119633 0.00205827 0.00303499 0.00405521 0.0050647 0.00602623 0.00691692 0.00772489 0.00844611 0.00908185 0.0096367
 0.000530656 0.00119633 0.00205827 0.00303499 0.00405521 0.0050647 0.00602623 0.00691692 0.00772489 0.00844611 0.00908185 0.0096367
# nyrs_ind_age
 30
# yrs_ind_age
 1 2 3 4 5 6 7 8 9 10 11 12 13 14 15 16 17 18 19 20 21 22 23 24 25 26 27 28 29 30
# n_sample_ind_age
 200 200 200 200 200 200 200 200 200 200 200 200 200 200 200 200 200 200 200 200 200 200 200 200 200 200 200 200 200 200
# oac_ind
 0.095 0.14 0.165 0.12 0.12 0.045 0.065 0.045 0.025 0.015 0.02 0.145
 0.09 0.13 0.095 0.115 0.155 0.08 0.06 0.045 0.04 0.04 0.035 0.115
 0.07 0.16 0.1 0.13 0.075 0.08 0.11 0.055 0.07 0.025 0.03 0.095
 0.045 0.105 0.14 0.13 0.095 0.055 0.095 0.065 0.055 0.04 0.04 0.135
 0.09 0.14 0.15 0.155 0.09 0.1 0.055 0.055 0.055 0.02 0.01 0.08
 0.06 0.19 0.145 0.125 0.15 0.065 0.075 0.035 0.025 0.05 0.01 0.07
 0.015 0.205 0.255 0.11 0.065 0.07 0.08 0.045 0.015 0.02 0.01 0.11
 0.095 0.075 0.15 0.175 0.105 0.04 0.085 0.045 0.04 0.025 0.02 0.145
 0.1 0.215 0.095 0.16 0.12 0.09 0.05 0.03 0.03 0.03 0.005 0.075
 0.1 0.165 0.205 0.065 0.09 0.105 0.045 0.04 0.035 0.05 0.015 0.085
 0.075 0.19 0.255 0.145 0.085 0.085 0.045 0.04 0.02 0.01 0.02 0.03
 0.08 0.2 0.16 0.14 0.11 0.055 0.07 0.04 0.02 0 0.03 0.095
 0.11 0.16 0.155 0.17 0.135 0.075 0.055 0.03 0.04 0.015 0.02 0.035
 0.08 0.24 0.16 0.11 0.095 0.135 0.05 0.02 0.015 0.04 0.02 0.035
 0.06 0.21 0.25 0.115 0.065 0.08 0.07 0.04 0.005 0.035 0.025 0.045
 0.145 0.17 0.115 0.165 0.09 0.08 0.04 0.045 0.045 0.015 0.015 0.075
 0.09 0.265 0.135 0.155 0.12 0.06 0.04 0.01 0.055 0.02 0.01 0.04
 0.075 0.12 0.26 0.1 0.125 0.1 0.06 0.035 0.03 0.04 0.015 0.04
 0.115 0.16 0.17 0.205 0.135 0.06 0.06 0.02 0.01 0.025 0.01 0.03
 0.14 0.22 0.175 0.105 0.15 0.055 0.055 0.045 0.02 0 0.02 0.015
 0.125 0.255 0.21 0.14 0.055 0.085 0.03 0.04 0.035 0.01 0.005 0.01
 0.11 0.19 0.235 0.175 0.11 0.05 0.04 0.025 0.02 0.01 0.015 0.02
 0.1 0.25 0.225 0.19 0.095 0.015 0.025 0.03 0.015 0.02 0.02 0.015
 0.13 0.215 0.255 0.15 0.11 0.06 0.03 0.015 0.01 0 0 0.025
 0.125 0.275 0.19 0.13 0.075 0.1 0.025 0.02 0.01 0.025 0.01 0.015
 0.155 0.185 0.27 0.14 0.075 0.075 0.03 0.02 0.01 0.02 0.005 0.015
 0.17 0.29 0.175 0.13 0.07 0.045 0.05 0.01 0.045 0.005 0 0.01
 0.155 0.255 0.28 0.11 0.105 0.045 0.015 0.01 0.01 0.005 0 0.01
 0.08 0.265 0.25 0.195 0.08 0.065 0.02 0.01 0.02 0.015 0 0
 0.16 0.19 0.25 0.185 0.095 0.05 0.025 0.03 0.01 0 0 0.005
# olc_ind

# obs_lse_ind
 0.198042 0.198042 0.198042 0.198042 0.198042 0.198042 0.198042 0.198042 0.198042 0.198042 0.198042 0.198042 0.198042 0.198042 0.198042 0.198042 0.198042 0.198042 0.198042 0.198042 0.198042 0.198042 0.198042 0.198042 0.198042 0.198042 0.198042 0.198042 0.198042 0.198042
# xages_fsh
 0 0 0 0 0 0 0 0 0 0 0 0
# xages_fsh
 0 0.0909091 0.181818 0.272727 0.363636 0.454545 0.545455 0.636364 0.727273 0.818182 0.909091 1
# xnodes_fsh

Yrs fsh_sel change:  1 0 0 0 0 0 0 0 0 0 0 0 0 0 0 0 0 0 0 0 0 0 0 0 0 0 0 0 0
Yrs ind_sel change:  1 0 0 0 0 0 0 0 0 0 0 0 0 0 0 0 0 0 0 0 0 0 0 0 0 0 0 0 0
# steepnessprior
0.75
# sigmarprior
0.2
#  SSB estimated in styr endyr: -13 28 
#  Rec estimated in styr endyr: -11 30 
#  SR Curve fit  in styr endyr: 1 30 
#             Model styr endyr: 1 30 
# qprior
 3.48998e-007
# q_power_prior 
 1 
# cv_catchbiomass 
0.05 
# CatchbiomassPen 
200 
# Number of projection years 
5 
# offset_fsh
 13445.1
# offset_ind
 13043.4
Mean Catch
1292.08
R_guess 
15.4242
# nfsh
1
# n_sel_ch_fsh
 1
# nselages_fsh
 11
# phase_selcoff_fsh
 -1
logRzero 15.4242
logmeanrec 15.4242
exp(log_sigmarprior 0.2
Fish sel phase: -1 FLEET1
Fixing fishery sel to
1
Srvy sel phase: -1
Fixing SURVEY1 indices sel to
1
# logsel_slp_in_indv
 0.693147
Leaving parameter init secton
# M
 0.2 0.2 0.2 0.2 0.2 0.2 0.2 0.2 0.2 0.2 0.2 0.2
 0.2 0.2 0.2 0.2 0.2 0.2 0.2 0.2 0.2 0.2 0.2 0.2
 0.2 0.2 0.2 0.2 0.2 0.2 0.2 0.2 0.2 0.2 0.2 0.2
 0.2 0.2 0.2 0.2 0.2 0.2 0.2 0.2 0.2 0.2 0.2 0.2
 0.2 0.2 0.2 0.2 0.2 0.2 0.2 0.2 0.2 0.2 0.2 0.2
 0.2 0.2 0.2 0.2 0.2 0.2 0.2 0.2 0.2 0.2 0.2 0.2
 0.2 0.2 0.2 0.2 0.2 0.2 0.2 0.2 0.2 0.2 0.2 0.2
 0.2 0.2 0.2 0.2 0.2 0.2 0.2 0.2 0.2 0.2 0.2 0.2
 0.2 0.2 0.2 0.2 0.2 0.2 0.2 0.2 0.2 0.2 0.2 0.2
 0.2 0.2 0.2 0.2 0.2 0.2 0.2 0.2 0.2 0.2 0.2 0.2
 0.2 0.2 0.2 0.2 0.2 0.2 0.2 0.2 0.2 0.2 0.2 0.2
 0.2 0.2 0.2 0.2 0.2 0.2 0.2 0.2 0.2 0.2 0.2 0.2
 0.2 0.2 0.2 0.2 0.2 0.2 0.2 0.2 0.2 0.2 0.2 0.2
 0.2 0.2 0.2 0.2 0.2 0.2 0.2 0.2 0.2 0.2 0.2 0.2
 0.2 0.2 0.2 0.2 0.2 0.2 0.2 0.2 0.2 0.2 0.2 0.2
 0.2 0.2 0.2 0.2 0.2 0.2 0.2 0.2 0.2 0.2 0.2 0.2
 0.2 0.2 0.2 0.2 0.2 0.2 0.2 0.2 0.2 0.2 0.2 0.2
 0.2 0.2 0.2 0.2 0.2 0.2 0.2 0.2 0.2 0.2 0.2 0.2
 0.2 0.2 0.2 0.2 0.2 0.2 0.2 0.2 0.2 0.2 0.2 0.2
 0.2 0.2 0.2 0.2 0.2 0.2 0.2 0.2 0.2 0.2 0.2 0.2
 0.2 0.2 0.2 0.2 0.2 0.2 0.2 0.2 0.2 0.2 0.2 0.2
 0.2 0.2 0.2 0.2 0.2 0.2 0.2 0.2 0.2 0.2 0.2 0.2
 0.2 0.2 0.2 0.2 0.2 0.2 0.2 0.2 0.2 0.2 0.2 0.2
 0.2 0.2 0.2 0.2 0.2 0.2 0.2 0.2 0.2 0.2 0.2 0.2
 0.2 0.2 0.2 0.2 0.2 0.2 0.2 0.2 0.2 0.2 0.2 0.2
 0.2 0.2 0.2 0.2 0.2 0.2 0.2 0.2 0.2 0.2 0.2 0.2
 0.2 0.2 0.2 0.2 0.2 0.2 0.2 0.2 0.2 0.2 0.2 0.2
 0.2 0.2 0.2 0.2 0.2 0.2 0.2 0.2 0.2 0.2 0.2 0.2
 0.2 0.2 0.2 0.2 0.2 0.2 0.2 0.2 0.2 0.2 0.2 0.2
 0.2 0.2 0.2 0.2 0.2 0.2 0.2 0.2 0.2 0.2 0.2 0.2
# mean_log_rec
13.7151
# log_Rzero
13.8218
# rec_dev
 -0.0914867 -0.109725 -0.117081 -0.0475063 -0.0932644 -0.0101725 0.0327159 0.0927432 0.136804 0.0798998 -0.0378521 0.053005 0.107653 0.229672 -0.109139 0.000109246 0.407324 0.197045 -0.242079 0.16426 0.303678 0.190769 0.013555 -0.000940334 0.280983 0.115268 -0.0684522 0.299448 -0.201633 -0.267055 0.0217984 0.0292183 -0.161232 -0.0783748 -0.136985 -0.0534683 -0.278203 0.0361173 0.00774662 0.0551491 -0.46594 -0.0323138
# fmort
 0.00958759 0.0279635 0.0460396 0.0625141 0.0491527 0.0897417 0.0903354 0.190172 0.112151 0.134369 0.152835 0.161718 0.117651 0.170346 0.180323 0.163342 0.324257 0.266964 0.266103 0.261191 0.360827 0.262335 0.431601 0.355338 0.353744 0.317731 0.310284 0.432752 0.332378 0.502495
# rec_dev_future
 0 0 0 0 0
