AMAK;Mar 2020
# styr
1
# endyr
30
# rec_age
1
# oldest_age
12
# nlength
81
# len_bins
 10 11 12 13 14 15 16 17 18 19 20 21 22 23 24 25 26 27 28 29 30 31 32 33 34 35 36 37 38 39 40 41 42 43 44 45 46 47 48 49 50 51 52 53 54 55 56 57 58 59 60 61 62 63 64 65 66 67 68 69 70 71 72 73 74 75 76 77 78 79 80 81 82 83 84 85 86 87 88 89 90
# datafile_name
amak_data.dat
# model_name
AMAK_MCP
# styr
1
# endyr
30
# rec_age
1
# oldest_age
12
# nfsh
1
# fshname
FLEET1
# catch_bio_in
 160.901 460.706 730.691 953.851 724.342 1251.28 1214.7 2331.43 1239.14 1407.59 1459.32 1436.53 992.76 1362.13 1368.37 1177.9 2161.75 1572.42 1447.81 1327.19 1623.65 1046.02 1580.92 1154.14 1096.86 1002.91 971.75 1267.93 893.808 1308.84
# catch_bio_sd_in
 0.01 0.01 0.01 0.01 0.01 0.01 0.01 0.01 0.01 0.01 0.01 0.01 0.01 0.01 0.01 0.01 0.01 0.01 0.01 0.01 0.01 0.01 0.01 0.01 0.01 0.01 0.01 0.01 0.01 0.01
# nyrs_fsh_age
 30
# nyrs_fsh_length
 0
# yrs_fsh_age_in
 1 2 3 4 5 6 7 8 9 10 11 12 13 14 15 16 17 18 19 20 21 22 23 24 25 26 27 28 29 30
# yrs_fsh_length_in

# n_sample_fsh_length_in

# olc_fsh_in

# nind
1
# indname
SURVEY1
# nyrs_ind
 30
# yrs_ind_in
 1 2 3 4 5 6 7 8 9 10 11 12 13 14 15 16 17 18 19 20 21 22 23 24 25 26 27 28 29 30
# mo_ind
 1
# obs_ind_in
 1.51537 1.17109 1.48147 1.47876 1.66329 1.41015 1.6628 1.38232 1.38726 1.18121 1.04749 1.12547 1.19242 0.873708 1.15037 1.20061 0.962647 0.913102 0.942133 0.69573 0.650887 0.632343 0.545469 0.487864 0.571181 0.773696 0.548764 0.604446 0.558103 0.701498
# obs_se_ind_in
 0.303075 0.234219 0.296295 0.295751 0.332659 0.282031 0.33256 0.276465 0.277452 0.236241 0.209499 0.225094 0.238485 0.174742 0.230075 0.240122 0.192529 0.18262 0.188427 0.139146 0.130177 0.126469 0.109094 0.0975729 0.114236 0.154739 0.109753 0.120889 0.111621 0.1403
# nyrs_ind_age
 30
# nyrs_ind_length
 0
# yrs_ind_age_in
 1 2 3 4 5 6 7 8 9 10 11 12 13 14 15 16 17 18 19 20 21 22 23 24 25 26 27 28 29 30
# yrs_ind_length_in

# yrs_ind_age_in
 1 2 3 4 5 6 7 8 9 10 11 12 13 14 15 16 17 18 19 20 21 22 23 24 25 26 27 28 29 30
# n_sample_ind_length_in

# olc_ind_in

# oac_ind_in
 0.08 0.18 0.125 0.105 0.125 0.085 0.055 0.025 0.035 0.025 0.03 0.13
 0.07 0.17 0.15 0.1 0.065 0.085 0.085 0.065 0.02 0.035 0.045 0.11
 0.05 0.125 0.19 0.1 0.115 0.06 0.06 0.035 0.05 0.045 0.03 0.14
 0.13 0.1 0.135 0.1 0.095 0.065 0.06 0.07 0.04 0.05 0.03 0.125
 0.04 0.205 0.125 0.115 0.065 0.075 0.05 0.05 0.055 0.035 0.01 0.175
 0.065 0.18 0.155 0.1 0.09 0.1 0.05 0.05 0.025 0.02 0.04 0.125
 0.105 0.145 0.165 0.125 0.08 0.05 0.075 0.035 0.05 0.04 0.02 0.11
 0.065 0.21 0.145 0.175 0.07 0.085 0.055 0.03 0.035 0 0.025 0.105
 0.065 0.185 0.165 0.125 0.12 0.065 0.055 0.03 0.045 0.025 0.025 0.095
 0.065 0.145 0.18 0.155 0.075 0.095 0.06 0.035 0.02 0.03 0.015 0.125
 0.06 0.095 0.155 0.145 0.155 0.1 0.075 0.05 0.025 0.03 0.01 0.1
 0.105 0.17 0.215 0.09 0.1 0.085 0.06 0.07 0.03 0.03 0.01 0.035
 0.11 0.185 0.215 0.13 0.055 0.06 0.03 0.04 0.025 0.035 0.03 0.085
 0.105 0.225 0.17 0.14 0.08 0.035 0.05 0.055 0.03 0.015 0.025 0.07
 0.145 0.155 0.205 0.125 0.09 0.05 0.035 0.045 0.03 0.02 0.025 0.075
 0.11 0.27 0.13 0.13 0.125 0.04 0.05 0.015 0.025 0.025 0.005 0.075
 0.07 0.23 0.25 0.125 0.115 0.045 0.04 0.035 0.02 0.02 0.02 0.03
 0.125 0.15 0.19 0.155 0.1 0.08 0.06 0.05 0.03 0.025 0.005 0.03
 0.065 0.26 0.195 0.155 0.135 0.055 0.045 0.035 0.02 0 0.015 0.02
 0.085 0.165 0.255 0.145 0.13 0.115 0.025 0.02 0.02 0.005 0.005 0.03
 0.085 0.185 0.175 0.19 0.135 0.065 0.07 0.03 0.015 0.015 0.01 0.025
 0.13 0.2 0.18 0.08 0.155 0.065 0.05 0.055 0.025 0.03 0.005 0.025
 0.11 0.225 0.205 0.095 0.085 0.11 0.055 0.03 0.03 0.01 0.01 0.035
 0.135 0.335 0.185 0.145 0.08 0.02 0.02 0.03 0.02 0.005 0.015 0.01
 0.1 0.27 0.26 0.135 0.095 0.04 0.025 0.025 0.03 0 0.005 0.015
 0.095 0.26 0.265 0.145 0.075 0.055 0.065 0.005 0.005 0.005 0.01 0.015
 0.11 0.175 0.235 0.2 0.105 0.055 0.04 0.025 0.01 0.025 0 0.02
 0.11 0.19 0.24 0.19 0.105 0.08 0.035 0.01 0.015 0.01 0.005 0.01
 0.175 0.19 0.24 0.11 0.085 0.07 0.065 0.035 0.02 0.01 0 0
 0.17 0.295 0.205 0.13 0.05 0.075 0.06 0 0.005 0 0.005 0.005
# wt_ind
 1 1 1 1 1 1 1 1 1 1 1 1
 1 1 1 1 1 1 1 1 1 1 1 1
 1 1 1 1 1 1 1 1 1 1 1 1
 1 1 1 1 1 1 1 1 1 1 1 1
 1 1 1 1 1 1 1 1 1 1 1 1
 1 1 1 1 1 1 1 1 1 1 1 1
 1 1 1 1 1 1 1 1 1 1 1 1
 1 1 1 1 1 1 1 1 1 1 1 1
 1 1 1 1 1 1 1 1 1 1 1 1
 1 1 1 1 1 1 1 1 1 1 1 1
 1 1 1 1 1 1 1 1 1 1 1 1
 1 1 1 1 1 1 1 1 1 1 1 1
 1 1 1 1 1 1 1 1 1 1 1 1
 1 1 1 1 1 1 1 1 1 1 1 1
 1 1 1 1 1 1 1 1 1 1 1 1
 1 1 1 1 1 1 1 1 1 1 1 1
 1 1 1 1 1 1 1 1 1 1 1 1
 1 1 1 1 1 1 1 1 1 1 1 1
 1 1 1 1 1 1 1 1 1 1 1 1
 1 1 1 1 1 1 1 1 1 1 1 1
 1 1 1 1 1 1 1 1 1 1 1 1
 1 1 1 1 1 1 1 1 1 1 1 1
 1 1 1 1 1 1 1 1 1 1 1 1
 1 1 1 1 1 1 1 1 1 1 1 1
 1 1 1 1 1 1 1 1 1 1 1 1
 1 1 1 1 1 1 1 1 1 1 1 1
 1 1 1 1 1 1 1 1 1 1 1 1
 1 1 1 1 1 1 1 1 1 1 1 1
 1 1 1 1 1 1 1 1 1 1 1 1
 1 1 1 1 1 1 1 1 1 1 1 1
# wt_pop
 0.000530656 0.00119633 0.00205827 0.00303499 0.00405521 0.0050647 0.00602623 0.00691692 0.00772489 0.00844611 0.00908185 0.0096367
# maturity
 0.0229774 0.320821 0.904651 0.99478 0.999739 0.999987 0.999999 1 1 1 1 1
# spawnmo
1
# age_err
 1 0 0 0 0 0 0 0 0 0 0 0
 0 1 0 0 0 0 0 0 0 0 0 0
 0 0 1 0 0 0 0 0 0 0 0 0
 0 0 0 1 0 0 0 0 0 0 0 0
 0 0 0 0 1 0 0 0 0 0 0 0
 0 0 0 0 0 1 0 0 0 0 0 0
 0 0 0 0 0 0 1 0 0 0 0 0
 0 0 0 0 0 0 0 1 0 0 0 0
 0 0 0 0 0 0 0 0 1 0 0 0
 0 0 0 0 0 0 0 0 0 1 0 0
 0 0 0 0 0 0 0 0 0 0 1 0
 0 0 0 0 0 0 0 0 0 0 0 1
# cntrlfile_name
C:\Users\bai.li\DOCUME~1\Github\AGE_ST~1\ASSAMC\example\output\AMAK\s26\amak.dat
# Map shared selectivity: 
# sel_map
 1 2
 1 1
# datafile_name
amak_data.dat
# model_name
AMAK_MCP
# SrType
2
# use_age_err
0
# retro
0
# sigmarprior
0.2
# cvsigmarprior
0.25
# phase_sigmar
-3
# styr_rec_est
1
# endyr_rec_est
30
# Linfprior
80
# cvLinfprior
0.25
# kprior
0.18
# cvkprior
0.25
# Loprior
27.688
# cvLoprior
0.25
# sdageprior
0.1
# cvsdageprior
0.25
# natmortprior
0.2
# cvnatmortprior
0.25
# phase_M
-4
# npars_Mage
0
# ages_M_changes

# Mage_in

# Mage_offset_in

# phase_Mage
-5
# phase_rw_M
0
# npars_rw_M
0
# yrs_rw_M

# sigma_rw_M

# qprior
 3.48998e-007
# cvqprior
 1
# phase_q
 1
# q_power_prior
 1
# cvq_power_prior
 0.2
# phase_q_power
 -4
# phase_rw_q
 -1
# npars_rw_q
 0
# yrs_rw_q

# sigma_rw_q

# q_age_min
 1
# q_age_max
 12
# q_age_min
 1
# q_age_max
 12
# fsh_sel_opt(k)
2
# phase_sel_fsh(k)
2
# n_sel_ch_fsh(k)
1
# sel_slp_in_fsh(k)(1,n_sel_ch_fsh(k))
 1
# sel_inf_in_fsh(k)(1,n_sel_ch_fsh(k))
 2
# logsel_slp_in_fsh(k)(1,n_sel_ch_fsh(k))
 0
# yrs_sel_ch_fsh(k)(1,n_sel_ch_fsh(k))
 1

Survey SURVEY1
# ind_sel_opt(k)
2
# indname(k)
SURVEY1
# nselages_in_ind(k)
11
# phase_sel_ind(k)
2
# sel_change_in_ind(k)
 1 0 0 0 0 0 0 0 0 0 0 0 0 0 0 0 0 0 0 0 0 0 0 0 0 0 0 0 0 0
# n_sel_ch_ind(k)
1
# yrs_sel_ch_ind(k)(1,n_sel_ch_ind(k))
 1
# sel_slp_in_ind(k,1)
2
# sel_inf_in_ind(k,1)
1.5
# logsel_slp_in_ind(k,1)
0.693147
# logsel_slp_in_indv(k)
0.693147
SURVEY1 ind sel opt 2  1 0 0 0 0 0 0 0 0 0 0 0 0 0 0 0 0 0 0 0 0 0 0 0 0 0 0 0 0 0
Phase indices Sel_Coffs:  -1
 Test: 1.23457e+008
# Fshry Selages:  11
# Srvy  Selages:  11
# Phase for age-spec fishery  -1
# Phase for logistic fishery  2
# Phase for dble logistic fishery  -1
# Phase for age-spec indices   -1
# Phase for logistic indices   2
# Phase for dble logistic ind  -1
# Curv_pen_fsh: 
 0
# Curv_pen_ind: 
 0
# styr_fut
31
# endyr_fut
35
# nyrs_fsh_age
 30
# nyrs_fsh_age
 30
# yrs_fsh_age
 1 2 3 4 5 6 7 8 9 10 11 12 13 14 15 16 17 18 19 20 21 22 23 24 25 26 27 28 29 30
# n_sample_fsh_age
 200 200 200 200 200 200 200 200 200 200 200 200 200 200 200 200 200 200 200 200 200 200 200 200 200 200 200 200 200 200
# oac_fsh
 0.065 0.14 0.105 0.115 0.13 0.12 0.085 0.055 0.01 0.05 0.015 0.11
 0.09 0.1 0.135 0.115 0.095 0.065 0.075 0.05 0.07 0.055 0.055 0.095
 0.04 0.075 0.13 0.155 0.115 0.08 0.085 0.105 0.04 0.015 0.005 0.155
 0.1 0.12 0.095 0.135 0.105 0.085 0.07 0.055 0.05 0.035 0.01 0.14
 0.06 0.115 0.1 0.11 0.14 0.045 0.08 0.065 0.06 0.06 0.025 0.14
 0.06 0.11 0.165 0.12 0.1 0.08 0.05 0.05 0.05 0.065 0.035 0.115
 0.065 0.135 0.2 0.16 0.055 0.035 0.085 0.055 0.02 0.03 0.04 0.12
 0.095 0.155 0.115 0.175 0.125 0.045 0.015 0.045 0.03 0.05 0.05 0.1
 0.05 0.12 0.185 0.09 0.16 0.095 0.065 0.045 0.035 0.03 0.03 0.095
 0.055 0.135 0.125 0.22 0.05 0.08 0.125 0.025 0.025 0.03 0.01 0.12
 0.1 0.155 0.105 0.105 0.105 0.09 0.085 0.07 0.015 0.02 0.005 0.145
 0.145 0.15 0.145 0.11 0.11 0.105 0.04 0.03 0.04 0.01 0.02 0.095
 0.1 0.115 0.215 0.11 0.09 0.06 0.095 0.03 0.05 0.03 0.015 0.09
 0.095 0.145 0.135 0.13 0.09 0.07 0.06 0.045 0.045 0.06 0.045 0.08
 0.12 0.155 0.16 0.165 0.105 0.065 0.035 0.025 0.045 0.03 0.03 0.065
 0.13 0.165 0.155 0.125 0.105 0.09 0.055 0.03 0.04 0.03 0.005 0.07
 0.1 0.14 0.235 0.16 0.095 0.075 0.07 0.045 0.02 0.015 0.015 0.03
 0.11 0.125 0.165 0.205 0.085 0.07 0.04 0.05 0.045 0.025 0.015 0.065
 0.09 0.2 0.205 0.105 0.145 0.105 0.025 0.03 0.035 0.03 0.005 0.025
 0.095 0.135 0.235 0.185 0.055 0.09 0.08 0.05 0.025 0.01 0.005 0.035
 0.11 0.125 0.145 0.24 0.07 0.115 0.065 0.045 0.025 0.005 0.01 0.045
 0.14 0.16 0.165 0.09 0.155 0.105 0.03 0.08 0.025 0.015 0.01 0.025
 0.12 0.225 0.185 0.155 0.07 0.095 0.05 0.03 0.035 0.005 0.01 0.02
 0.185 0.195 0.2 0.135 0.095 0.035 0.075 0.015 0.025 0.015 0.005 0.02
 0.17 0.29 0.165 0.11 0.1 0.02 0.035 0.05 0.025 0.015 0.02 0
 0.155 0.19 0.265 0.18 0.075 0.045 0.045 0.01 0.02 0.005 0.005 0.005
 0.17 0.21 0.205 0.16 0.1 0.05 0.025 0.015 0 0.03 0.015 0.02
 0.105 0.155 0.155 0.26 0.145 0.075 0.045 0.035 0.01 0.005 0 0.01
 0.19 0.19 0.23 0.145 0.09 0.06 0.055 0.015 0.005 0 0.005 0.015
 0.2 0.275 0.16 0.115 0.07 0.105 0.025 0.02 0.01 0.005 0.01 0.005
# olc_fsh

# wt_fsh
 0.000530656 0.00119633 0.00205827 0.00303499 0.00405521 0.0050647 0.00602623 0.00691692 0.00772489 0.00844611 0.00908185 0.0096367
 0.000530656 0.00119633 0.00205827 0.00303499 0.00405521 0.0050647 0.00602623 0.00691692 0.00772489 0.00844611 0.00908185 0.0096367
 0.000530656 0.00119633 0.00205827 0.00303499 0.00405521 0.0050647 0.00602623 0.00691692 0.00772489 0.00844611 0.00908185 0.0096367
 0.000530656 0.00119633 0.00205827 0.00303499 0.00405521 0.0050647 0.00602623 0.00691692 0.00772489 0.00844611 0.00908185 0.0096367
 0.000530656 0.00119633 0.00205827 0.00303499 0.00405521 0.0050647 0.00602623 0.00691692 0.00772489 0.00844611 0.00908185 0.0096367
 0.000530656 0.00119633 0.00205827 0.00303499 0.00405521 0.0050647 0.00602623 0.00691692 0.00772489 0.00844611 0.00908185 0.0096367
 0.000530656 0.00119633 0.00205827 0.00303499 0.00405521 0.0050647 0.00602623 0.00691692 0.00772489 0.00844611 0.00908185 0.0096367
 0.000530656 0.00119633 0.00205827 0.00303499 0.00405521 0.0050647 0.00602623 0.00691692 0.00772489 0.00844611 0.00908185 0.0096367
 0.000530656 0.00119633 0.00205827 0.00303499 0.00405521 0.0050647 0.00602623 0.00691692 0.00772489 0.00844611 0.00908185 0.0096367
 0.000530656 0.00119633 0.00205827 0.00303499 0.00405521 0.0050647 0.00602623 0.00691692 0.00772489 0.00844611 0.00908185 0.0096367
 0.000530656 0.00119633 0.00205827 0.00303499 0.00405521 0.0050647 0.00602623 0.00691692 0.00772489 0.00844611 0.00908185 0.0096367
 0.000530656 0.00119633 0.00205827 0.00303499 0.00405521 0.0050647 0.00602623 0.00691692 0.00772489 0.00844611 0.00908185 0.0096367
 0.000530656 0.00119633 0.00205827 0.00303499 0.00405521 0.0050647 0.00602623 0.00691692 0.00772489 0.00844611 0.00908185 0.0096367
 0.000530656 0.00119633 0.00205827 0.00303499 0.00405521 0.0050647 0.00602623 0.00691692 0.00772489 0.00844611 0.00908185 0.0096367
 0.000530656 0.00119633 0.00205827 0.00303499 0.00405521 0.0050647 0.00602623 0.00691692 0.00772489 0.00844611 0.00908185 0.0096367
 0.000530656 0.00119633 0.00205827 0.00303499 0.00405521 0.0050647 0.00602623 0.00691692 0.00772489 0.00844611 0.00908185 0.0096367
 0.000530656 0.00119633 0.00205827 0.00303499 0.00405521 0.0050647 0.00602623 0.00691692 0.00772489 0.00844611 0.00908185 0.0096367
 0.000530656 0.00119633 0.00205827 0.00303499 0.00405521 0.0050647 0.00602623 0.00691692 0.00772489 0.00844611 0.00908185 0.0096367
 0.000530656 0.00119633 0.00205827 0.00303499 0.00405521 0.0050647 0.00602623 0.00691692 0.00772489 0.00844611 0.00908185 0.0096367
 0.000530656 0.00119633 0.00205827 0.00303499 0.00405521 0.0050647 0.00602623 0.00691692 0.00772489 0.00844611 0.00908185 0.0096367
 0.000530656 0.00119633 0.00205827 0.00303499 0.00405521 0.0050647 0.00602623 0.00691692 0.00772489 0.00844611 0.00908185 0.0096367
 0.000530656 0.00119633 0.00205827 0.00303499 0.00405521 0.0050647 0.00602623 0.00691692 0.00772489 0.00844611 0.00908185 0.0096367
 0.000530656 0.00119633 0.00205827 0.00303499 0.00405521 0.0050647 0.00602623 0.00691692 0.00772489 0.00844611 0.00908185 0.0096367
 0.000530656 0.00119633 0.00205827 0.00303499 0.00405521 0.0050647 0.00602623 0.00691692 0.00772489 0.00844611 0.00908185 0.0096367
 0.000530656 0.00119633 0.00205827 0.00303499 0.00405521 0.0050647 0.00602623 0.00691692 0.00772489 0.00844611 0.00908185 0.0096367
 0.000530656 0.00119633 0.00205827 0.00303499 0.00405521 0.0050647 0.00602623 0.00691692 0.00772489 0.00844611 0.00908185 0.0096367
 0.000530656 0.00119633 0.00205827 0.00303499 0.00405521 0.0050647 0.00602623 0.00691692 0.00772489 0.00844611 0.00908185 0.0096367
 0.000530656 0.00119633 0.00205827 0.00303499 0.00405521 0.0050647 0.00602623 0.00691692 0.00772489 0.00844611 0.00908185 0.0096367
 0.000530656 0.00119633 0.00205827 0.00303499 0.00405521 0.0050647 0.00602623 0.00691692 0.00772489 0.00844611 0.00908185 0.0096367
 0.000530656 0.00119633 0.00205827 0.00303499 0.00405521 0.0050647 0.00602623 0.00691692 0.00772489 0.00844611 0.00908185 0.0096367
# nyrs_ind_age
 30
# yrs_ind_age
 1 2 3 4 5 6 7 8 9 10 11 12 13 14 15 16 17 18 19 20 21 22 23 24 25 26 27 28 29 30
# n_sample_ind_age
 200 200 200 200 200 200 200 200 200 200 200 200 200 200 200 200 200 200 200 200 200 200 200 200 200 200 200 200 200 200
# oac_ind
 0.08 0.18 0.125 0.105 0.125 0.085 0.055 0.025 0.035 0.025 0.03 0.13
 0.07 0.17 0.15 0.1 0.065 0.085 0.085 0.065 0.02 0.035 0.045 0.11
 0.05 0.125 0.19 0.1 0.115 0.06 0.06 0.035 0.05 0.045 0.03 0.14
 0.13 0.1 0.135 0.1 0.095 0.065 0.06 0.07 0.04 0.05 0.03 0.125
 0.04 0.205 0.125 0.115 0.065 0.075 0.05 0.05 0.055 0.035 0.01 0.175
 0.065 0.18 0.155 0.1 0.09 0.1 0.05 0.05 0.025 0.02 0.04 0.125
 0.105 0.145 0.165 0.125 0.08 0.05 0.075 0.035 0.05 0.04 0.02 0.11
 0.065 0.21 0.145 0.175 0.07 0.085 0.055 0.03 0.035 0 0.025 0.105
 0.065 0.185 0.165 0.125 0.12 0.065 0.055 0.03 0.045 0.025 0.025 0.095
 0.065 0.145 0.18 0.155 0.075 0.095 0.06 0.035 0.02 0.03 0.015 0.125
 0.06 0.095 0.155 0.145 0.155 0.1 0.075 0.05 0.025 0.03 0.01 0.1
 0.105 0.17 0.215 0.09 0.1 0.085 0.06 0.07 0.03 0.03 0.01 0.035
 0.11 0.185 0.215 0.13 0.055 0.06 0.03 0.04 0.025 0.035 0.03 0.085
 0.105 0.225 0.17 0.14 0.08 0.035 0.05 0.055 0.03 0.015 0.025 0.07
 0.145 0.155 0.205 0.125 0.09 0.05 0.035 0.045 0.03 0.02 0.025 0.075
 0.11 0.27 0.13 0.13 0.125 0.04 0.05 0.015 0.025 0.025 0.005 0.075
 0.07 0.23 0.25 0.125 0.115 0.045 0.04 0.035 0.02 0.02 0.02 0.03
 0.125 0.15 0.19 0.155 0.1 0.08 0.06 0.05 0.03 0.025 0.005 0.03
 0.065 0.26 0.195 0.155 0.135 0.055 0.045 0.035 0.02 0 0.015 0.02
 0.085 0.165 0.255 0.145 0.13 0.115 0.025 0.02 0.02 0.005 0.005 0.03
 0.085 0.185 0.175 0.19 0.135 0.065 0.07 0.03 0.015 0.015 0.01 0.025
 0.13 0.2 0.18 0.08 0.155 0.065 0.05 0.055 0.025 0.03 0.005 0.025
 0.11 0.225 0.205 0.095 0.085 0.11 0.055 0.03 0.03 0.01 0.01 0.035
 0.135 0.335 0.185 0.145 0.08 0.02 0.02 0.03 0.02 0.005 0.015 0.01
 0.1 0.27 0.26 0.135 0.095 0.04 0.025 0.025 0.03 0 0.005 0.015
 0.095 0.26 0.265 0.145 0.075 0.055 0.065 0.005 0.005 0.005 0.01 0.015
 0.11 0.175 0.235 0.2 0.105 0.055 0.04 0.025 0.01 0.025 0 0.02
 0.11 0.19 0.24 0.19 0.105 0.08 0.035 0.01 0.015 0.01 0.005 0.01
 0.175 0.19 0.24 0.11 0.085 0.07 0.065 0.035 0.02 0.01 0 0
 0.17 0.295 0.205 0.13 0.05 0.075 0.06 0 0.005 0 0.005 0.005
# olc_ind

# obs_lse_ind
 0.198042 0.198042 0.198042 0.198042 0.198042 0.198042 0.198042 0.198042 0.198042 0.198042 0.198042 0.198042 0.198042 0.198042 0.198042 0.198042 0.198042 0.198042 0.198042 0.198042 0.198042 0.198042 0.198042 0.198042 0.198042 0.198042 0.198042 0.198042 0.198042 0.198042
# xages_fsh
 0 0 0 0 0 0 0 0 0 0 0 0
# xages_fsh
 0 0.0909091 0.181818 0.272727 0.363636 0.454545 0.545455 0.636364 0.727273 0.818182 0.909091 1
# xnodes_fsh

Yrs fsh_sel change:  1 0 0 0 0 0 0 0 0 0 0 0 0 0 0 0 0 0 0 0 0 0 0 0 0 0 0 0 0
Yrs ind_sel change:  1 0 0 0 0 0 0 0 0 0 0 0 0 0 0 0 0 0 0 0 0 0 0 0 0 0 0 0 0
# steepnessprior
0.75
# sigmarprior
0.2
#  SSB estimated in styr endyr: -13 28 
#  Rec estimated in styr endyr: -11 30 
#  SR Curve fit  in styr endyr: 1 30 
#             Model styr endyr: 1 30 
# qprior
 3.48998e-007
# q_power_prior 
 1 
# cv_catchbiomass 
0.05 
# CatchbiomassPen 
200 
# Number of projection years 
5 
# offset_fsh
 13421.8
# offset_ind
 13149.2
Mean Catch
1224.25
R_guess 
15.3702
# nfsh
1
# n_sel_ch_fsh
 1
# nselages_fsh
 11
# phase_selcoff_fsh
 -1
logRzero 15.3702
logmeanrec 15.3702
exp(log_sigmarprior 0.2
Fish sel phase: -1 FLEET1
Fixing fishery sel to
1
Srvy sel phase: -1
Fixing SURVEY1 indices sel to
1
# logsel_slp_in_indv
 0.693147
Leaving parameter init secton
# M
 0.2 0.2 0.2 0.2 0.2 0.2 0.2 0.2 0.2 0.2 0.2 0.2
 0.2 0.2 0.2 0.2 0.2 0.2 0.2 0.2 0.2 0.2 0.2 0.2
 0.2 0.2 0.2 0.2 0.2 0.2 0.2 0.2 0.2 0.2 0.2 0.2
 0.2 0.2 0.2 0.2 0.2 0.2 0.2 0.2 0.2 0.2 0.2 0.2
 0.2 0.2 0.2 0.2 0.2 0.2 0.2 0.2 0.2 0.2 0.2 0.2
 0.2 0.2 0.2 0.2 0.2 0.2 0.2 0.2 0.2 0.2 0.2 0.2
 0.2 0.2 0.2 0.2 0.2 0.2 0.2 0.2 0.2 0.2 0.2 0.2
 0.2 0.2 0.2 0.2 0.2 0.2 0.2 0.2 0.2 0.2 0.2 0.2
 0.2 0.2 0.2 0.2 0.2 0.2 0.2 0.2 0.2 0.2 0.2 0.2
 0.2 0.2 0.2 0.2 0.2 0.2 0.2 0.2 0.2 0.2 0.2 0.2
 0.2 0.2 0.2 0.2 0.2 0.2 0.2 0.2 0.2 0.2 0.2 0.2
 0.2 0.2 0.2 0.2 0.2 0.2 0.2 0.2 0.2 0.2 0.2 0.2
 0.2 0.2 0.2 0.2 0.2 0.2 0.2 0.2 0.2 0.2 0.2 0.2
 0.2 0.2 0.2 0.2 0.2 0.2 0.2 0.2 0.2 0.2 0.2 0.2
 0.2 0.2 0.2 0.2 0.2 0.2 0.2 0.2 0.2 0.2 0.2 0.2
 0.2 0.2 0.2 0.2 0.2 0.2 0.2 0.2 0.2 0.2 0.2 0.2
 0.2 0.2 0.2 0.2 0.2 0.2 0.2 0.2 0.2 0.2 0.2 0.2
 0.2 0.2 0.2 0.2 0.2 0.2 0.2 0.2 0.2 0.2 0.2 0.2
 0.2 0.2 0.2 0.2 0.2 0.2 0.2 0.2 0.2 0.2 0.2 0.2
 0.2 0.2 0.2 0.2 0.2 0.2 0.2 0.2 0.2 0.2 0.2 0.2
 0.2 0.2 0.2 0.2 0.2 0.2 0.2 0.2 0.2 0.2 0.2 0.2
 0.2 0.2 0.2 0.2 0.2 0.2 0.2 0.2 0.2 0.2 0.2 0.2
 0.2 0.2 0.2 0.2 0.2 0.2 0.2 0.2 0.2 0.2 0.2 0.2
 0.2 0.2 0.2 0.2 0.2 0.2 0.2 0.2 0.2 0.2 0.2 0.2
 0.2 0.2 0.2 0.2 0.2 0.2 0.2 0.2 0.2 0.2 0.2 0.2
 0.2 0.2 0.2 0.2 0.2 0.2 0.2 0.2 0.2 0.2 0.2 0.2
 0.2 0.2 0.2 0.2 0.2 0.2 0.2 0.2 0.2 0.2 0.2 0.2
 0.2 0.2 0.2 0.2 0.2 0.2 0.2 0.2 0.2 0.2 0.2 0.2
 0.2 0.2 0.2 0.2 0.2 0.2 0.2 0.2 0.2 0.2 0.2 0.2
 0.2 0.2 0.2 0.2 0.2 0.2 0.2 0.2 0.2 0.2 0.2 0.2
# mean_log_rec
13.78
# log_Rzero
13.764
# rec_dev
 -0.0476145 -0.0576027 -0.100492 0.18668 -0.145204 -0.129366 -0.00986001 0.16663 0.11899 -0.0412458 -0.0257496 0.0163661 0.0691099 -0.143341 -0.165289 0.225362 0.220904 -0.0785333 0.208897 -0.0579512 -0.290476 -0.162343 -0.0339296 -0.0681697 -0.0291065 -0.0756286 0.261988 -0.0351639 -0.0930072 0.119709 -0.510946 -0.376491 -0.308287 -0.272789 -0.140128 -0.0524374 -0.160002 -0.431613 -0.381204 -0.485311 -0.125067 -0.116588
# fmort
 0.0090335 0.0262242 0.0429256 0.0587528 0.0465456 0.0838986 0.0857313 0.179719 0.104997 0.127519 0.143726 0.15428 0.112955 0.162163 0.172118 0.152969 0.302108 0.244581 0.242114 0.238319 0.327346 0.235944 0.400059 0.328905 0.325604 0.301178 0.293896 0.411563 0.313313 0.493475
# rec_dev_future
 0 0 0 0 0
