* using log directory 'C:/Users/bai.li/Documents/Github/Age_Structured_Stock_Assessment_Model_Comparison/ASSAMC.Rcheck'
* using R version 3.5.1 (2018-07-02)
* using platform: x86_64-w64-mingw32 (64-bit)
* using session charset: ISO8859-1
* using options '--no-manual --as-cran'
* checking for file 'ASSAMC/DESCRIPTION' ... OK
* this is package 'ASSAMC' version '0.0.0.9000'
* package encoding: UTF-8
* checking package namespace information ... OK
* checking package dependencies ... OK
* checking if this is a source package ... NOTE
Found the following apparent object files/libraries:
  example/em_input/RMAS.dll
Object files/libraries should not be included in a source package.
* checking if there is a namespace ... OK
* checking for executable files ... OK
* checking for hidden files and directories ... OK
* checking for portable file names ... WARNING
Found the following files with non-portable file names:
  example/figure/MAS _residual_boxplot.jpg
  example/figure/Survey Index_all_iterations.jpg
  example/figure/Survey Index_re_comparison.jpg
These are not fully portable file names.
See section 'Package structure' in the 'Writing R Extensions' manual.
* checking serialization versions ... OK
* checking whether package 'ASSAMC' can be installed ... OK
* checking installed package size ... OK
* checking package directory ... OK
* checking DESCRIPTION meta-information ... WARNING
Non-standard license specification:
  `use_mit_license()`, `use_gpl3_license()` or friends to pick a
  license
Standardizable: FALSE
* checking top-level files ... NOTE
Non-standard files/directories found at top level:
  'example' 'github_action.R' 'om_sim.RData'
* checking for left-over files ... OK
* checking index information ... OK
* checking package subdirectories ... OK
* checking R files for non-ASCII characters ... OK
* checking R files for syntax errors ... OK
* checking whether the package can be loaded ... OK
* checking whether the package can be loaded with stated dependencies ... OK
* checking whether the package can be unloaded cleanly ... OK
* checking whether the namespace can be loaded with stated dependencies ... OK
* checking whether the namespace can be unloaded cleanly ... OK
* checking dependencies in R code ... WARNING
'::' or ':::' import not declared from: 'devtools'
'library' or 'require' calls not declared from:
  'ASAPplots' 'RMAS' 'Rcpp' 'callr' 'jsonlite' 'r4ss' 'readxl'
'library' or 'require' calls in package code:
  'ASAPplots' 'RMAS' 'Rcpp' 'callr' 'jsonlite' 'r4ss' 'readxl'
  Please use :: or requireNamespace() instead.
  See section 'Suggested packages' in the 'Writing R Extensions' manual.
* checking S3 generic/method consistency ... OK
* checking replacement functions ... OK
* checking foreign function calls ... OK
* checking R code for possible problems ... NOTE
BAM.write.dat: no visible binding for global variable 'em_bias_cor'
ObsModel: no visible binding for global variable 'fleet_num'
ObsModel : <anonymous>: no visible global function definition for
  'rnorm'
ObsModel: no visible binding for global variable 'survey_num'
ObsModel : <anonymous>: no visible binding for global variable 'nyr'
ObsModel : <anonymous>: no visible binding for global variable 'nages'
ObsModel : <anonymous>: no visible global function definition for
  'rmultinom'
ObsModel: no visible binding for global variable 'om_output'
check_convergence: no visible binding for global variable 'maindir'
check_convergence: no visible global function definition for
  'read_json'
check_convergence: no visible binding for global variable 'om_output'
check_convergence: no visible global function definition for
  'write.csv'
check_convergence: no visible global function definition for 'jpeg'
check_convergence: no visible global function definition for 'par'
check_convergence: no visible global function definition for 'hist'
check_convergence: no visible global function definition for 'box'
check_convergence: no visible global function definition for 'dev.off'
check_convergence: no visible binding for '<<-' assignment to
  'keep_sim_id'
check_convergence: no visible binding for global variable
  'keep_sim_num'
check_convergence: no visible binding for global variable 'keep_sim_id'
check_convergence: no visible global function definition for 'legend'
check_convergence: no visible binding for '<<-' assignment to
  'keep_sim_num'
check_performance: no visible binding for global variable 'om_list'
check_performance: no visible binding for global variable
  'keep_sim_num'
check_performance: no visible binding for global variable 'maindir'
f_dev_case: no visible global function definition for 'rnorm'
generate_plot : <anonymous>: no visible binding for global variable
  'maindir'
generate_plot: no visible binding for global variable 'om_sim_num'
generate_plot: no visible binding for global variable 'keep_sim_num'
generate_plot: no visible binding for global variable 'figure_number'
generate_plot: no visible binding for '<<-' assignment to
  'real_figure_id'
generate_plot: no visible binding for global variable 'keep_sim_id'
generate_plot: no visible global function definition for 'write.csv'
generate_plot: no visible binding for global variable 'real_figure_id'
generate_plot: no visible binding for global variable 'maindir'
plot_agecomp_individual_iteration: no visible binding for global
  variable 'om_list'
plot_agecomp_individual_iteration: no visible binding for global
  variable 'real_figure_id'
plot_agecomp_individual_iteration: no visible global function
  definition for 'jpeg'
plot_agecomp_individual_iteration: no visible binding for global
  variable 'maindir'
plot_agecomp_individual_iteration: no visible global function
  definition for 'par'
plot_agecomp_individual_iteration: no visible global function
  definition for 'plot'
plot_agecomp_individual_iteration: no visible binding for global
  variable 'ages'
plot_agecomp_individual_iteration : <anonymous>: no visible global
  function definition for 'lines'
plot_agecomp_individual_iteration : <anonymous>: no visible binding for
  global variable 'ages'
plot_agecomp_individual_iteration : <anonymous>: no visible binding for
  global variable 'em_list'
plot_agecomp_individual_iteration: no visible global function
  definition for 'axis'
plot_agecomp_individual_iteration: no visible global function
  definition for 'mtext'
plot_agecomp_individual_iteration: no visible global function
  definition for 'box'
plot_agecomp_individual_iteration: no visible global function
  definition for 'legend'
plot_agecomp_individual_iteration: no visible binding for global
  variable 'year'
plot_agecomp_individual_iteration : <anonymous>: no visible binding for
  global variable 'year'
plot_agecomp_individual_iteration: no visible global function
  definition for 'plot.new'
plot_agecomp_individual_iteration: no visible global function
  definition for 'dev.off'
plot_em_re: no visible binding for global variable 'om_list'
plot_em_re: no visible global function definition for 'rgb'
plot_em_re: no visible global function definition for 'col2rgb'
plot_em_re: no visible global function definition for 'jpeg'
plot_em_re: no visible binding for global variable 'maindir'
plot_em_re: no visible global function definition for 'par'
plot_em_re: no visible binding for global variable 'keep_sim_num'
plot_em_re: no visible binding for global variable 'year'
plot_em_re: no visible binding for global variable 're_list'
plot_em_re : <anonymous>: no visible global function definition for
  'quantile'
plot_em_re: no visible global function definition for 'plot'
plot_em_re: no visible global function definition for 'grid'
plot_em_re: no visible global function definition for 'polygon'
plot_em_re: no visible global function definition for 'lines'
plot_em_re: no visible global function definition for 'box'
plot_em_re: no visible global function definition for 'legend'
plot_em_re: no visible global function definition for 'dev.off'
plot_em_residual_boxplot: no visible global function definition for
  'jpeg'
plot_em_residual_boxplot: no visible binding for global variable
  'maindir'
plot_em_residual_boxplot: no visible global function definition for
  'layout'
plot_em_residual_boxplot: no visible global function definition for
  'par'
plot_em_residual_boxplot: no visible binding for global variable
  'om_list'
plot_em_residual_boxplot: no visible binding for global variable 'year'
plot_em_residual_boxplot: no visible binding for global variable
  'em_list'
plot_em_residual_boxplot: no visible global function definition for
  'boxplot'
plot_em_residual_boxplot: no visible global function definition for
  'abline'
plot_em_residual_boxplot: no visible global function definition for
  'dev.off'
plot_msy_re: no visible binding for global variable 'keep_sim_num'
plot_msy_re: no visible binding for global variable 're_list'
plot_msy_re: no visible global function definition for 'jpeg'
plot_msy_re: no visible binding for global variable 'maindir'
plot_msy_re: no visible global function definition for 'par'
plot_msy_re: no visible global function definition for 'boxplot'
plot_msy_re: no visible global function definition for 'abline'
plot_msy_re: no visible global function definition for 'box'
plot_msy_re: no visible global function definition for 'axis'
plot_msy_re: no visible global function definition for 'dev.off'
plot_ratio_inidividual_iteration: no visible binding for global
  variable 'om_list'
plot_ratio_inidividual_iteration: no visible binding for global
  variable 'real_figure_id'
plot_ratio_inidividual_iteration: no visible global function definition
  for 'jpeg'
plot_ratio_inidividual_iteration: no visible binding for global
  variable 'maindir'
plot_ratio_inidividual_iteration: no visible global function definition
  for 'par'
plot_ratio_inidividual_iteration: no visible global function definition
  for 'plot'
plot_ratio_inidividual_iteration: no visible binding for global
  variable 'year'
plot_ratio_inidividual_iteration : <anonymous>: no visible global
  function definition for 'lines'
plot_ratio_inidividual_iteration : <anonymous>: no visible binding for
  global variable 'year'
plot_ratio_inidividual_iteration : <anonymous>: no visible binding for
  global variable 'em_list'
plot_ratio_inidividual_iteration: no visible global function definition
  for 'axis'
plot_ratio_inidividual_iteration: no visible global function definition
  for 'mtext'
plot_ratio_inidividual_iteration: no visible global function definition
  for 'box'
plot_ratio_inidividual_iteration: no visible global function definition
  for 'plot.new'
plot_ratio_inidividual_iteration: no visible global function definition
  for 'legend'
plot_ratio_inidividual_iteration: no visible global function definition
  for 'dev.off'
plot_stock_status_determination: no visible binding for global variable
  'om_list'
plot_stock_status_determination: no visible binding for global variable
  'year'
plot_stock_status_determination: no visible binding for global variable
  'keep_sim_num'
plot_stock_status_determination: no visible binding for global variable
  'em_list'
plot_stock_status_determination: no visible global function definition
  for 'write.csv'
plot_stock_status_determination: no visible binding for global variable
  'maindir'
plot_timeseries_all_iterations: no visible binding for global variable
  'om_list'
plot_timeseries_all_iterations: no visible global function definition
  for 'rgb'
plot_timeseries_all_iterations: no visible global function definition
  for 'col2rgb'
plot_timeseries_all_iterations: no visible global function definition
  for 'jpeg'
plot_timeseries_all_iterations: no visible binding for global variable
  'maindir'
plot_timeseries_all_iterations: no visible global function definition
  for 'par'
plot_timeseries_all_iterations: no visible global function definition
  for 'plot'
plot_timeseries_all_iterations: no visible global function definition
  for 'grid'
plot_timeseries_all_iterations: no visible binding for global variable
  'keep_sim_num'
plot_timeseries_all_iterations : <anonymous>: no visible global
  function definition for 'lines'
plot_timeseries_all_iterations : <anonymous>: no visible binding for
  global variable 'em_list'
plot_timeseries_all_iterations : <anonymous>: no visible binding for
  global variable 'om_list'
plot_timeseries_all_iterations: no visible global function definition
  for 'box'
plot_timeseries_all_iterations: no visible global function definition
  for 'legend'
plot_timeseries_all_iterations: no visible global function definition
  for 'dev.off'
plot_timeseries_inidividual_iteration: no visible binding for global
  variable 'om_list'
plot_timeseries_inidividual_iteration: no visible binding for global
  variable 'real_figure_id'
plot_timeseries_inidividual_iteration: no visible global function
  definition for 'jpeg'
plot_timeseries_inidividual_iteration: no visible binding for global
  variable 'maindir'
plot_timeseries_inidividual_iteration: no visible global function
  definition for 'par'
plot_timeseries_inidividual_iteration: no visible global function
  definition for 'plot'
plot_timeseries_inidividual_iteration: no visible binding for global
  variable 'year'
plot_timeseries_inidividual_iteration : <anonymous>: no visible global
  function definition for 'lines'
plot_timeseries_inidividual_iteration : <anonymous>: no visible binding
  for global variable 'year'
plot_timeseries_inidividual_iteration : <anonymous>: no visible binding
  for global variable 'em_list'
plot_timeseries_inidividual_iteration: no visible global function
  definition for 'axis'
plot_timeseries_inidividual_iteration: no visible global function
  definition for 'mtext'
plot_timeseries_inidividual_iteration: no visible global function
  definition for 'box'
plot_timeseries_inidividual_iteration: no visible global function
  definition for 'plot.new'
plot_timeseries_inidividual_iteration: no visible global function
  definition for 'legend'
plot_timeseries_inidividual_iteration: no visible global function
  definition for 'dev.off'
popsim: no visible binding for global variable 'fleet_num'
popsim: no visible binding for global variable 'year'
r_dev_case: no visible global function definition for 'rnorm'
read_plot_data: no visible binding for global variable 'maindir'
read_plot_data: no visible binding for global variable 'om_input'
read_plot_data: no visible binding for global variable 'keep_sim_num'
read_plot_data: no visible binding for global variable 'keep_sim_id'
read_plot_data: no visible binding for global variable 'om_output'
read_plot_data: no visible global function definition for 'readRep'
read_plot_data: no visible global function definition for 'SS_output'
read_plot_data: no visible global function definition for 'read_json'
run_amak: no visible binding for global variable 'om_input'
run_amak: no visible binding for global variable 'em_input'
run_asap: no visible global function definition for
  'installed.packages'
run_asap: no visible global function definition for 'ReadASAP3DatFile'
run_asap : <anonymous>: no visible binding for global variable
  'par.sim1'
run_asap : <anonymous>: no visible binding for global variable 'sim1'
run_asap : <anonymous>: no visible binding for global variable
  'em_input'
run_asap : <anonymous>: no visible binding for global variable
  'om_input'
run_asap : <anonymous>: no visible binding for global variable
  'om_output'
run_asap : <anonymous>: no visible global function definition for
  'WriteASAP3DatFile'
run_bam: no visible global function definition for 'installed.packages'
run_bam: no visible global function definition for 'install.packages'
run_bam: no visible global function definition for 'read_xlsx'
run_bam: no visible binding for global variable 'om_input'
run_bam: no visible binding for global variable 'em_input'
run_bam: no visible binding for global variable 'om_output'
run_em : <anonymous>: no visible binding for global variable 'maindir'
run_em: no visible binding for global variable 'maindir'
run_em: no visible binding for global variable 'om_sim_num'
run_mas: no visible global function definition for 'installed.packages'
run_mas: no visible global function definition for 'install.packages'
run_mas: no visible binding for global variable 'rmas_dir'
run_mas: no visible global function definition for 'Module'
run_mas: no visible binding for global variable 'om_input'
run_mas: no visible global function definition for 'new'
run_mas: no visible binding for global variable 'om_output'
run_mas: no visible binding for global variable 'em_input'
run_om: no visible binding for global variable 'seed_num'
run_om: no visible binding for '<<-' assignment to 'nyr'
run_om: no visible binding for global variable 'year'
run_om: no visible binding for '<<-' assignment to 'nages'
run_om: no visible binding for global variable 'ages'
run_om: no visible binding for global variable 'f_dev_change'
run_om: no visible binding for global variable 'nyr'
run_om: no visible binding for global variable 'logf_sd'
run_om: no visible binding for global variable 'om_sim_num'
run_om: no visible binding for global variable 'f_pattern'
run_om: no visible binding for global variable 'f_min'
run_om: no visible binding for global variable 'f_max'
run_om: no visible binding for global variable 'f_end'
run_om: no visible binding for global variable 'f_mean'
run_om: no visible binding for global variable 'start_val'
run_om: no visible binding for global variable 'start_year'
run_om: no visible binding for global variable 'r_dev_change'
run_om: no visible binding for global variable 'logR_sd'
run_om: no visible binding for global variable 'Linf'
run_om: no visible binding for global variable 'K'
run_om: no visible binding for global variable 'a0'
run_om: no visible binding for global variable 'a.lw'
run_om: no visible binding for global variable 'b.lw'
run_om: no visible binding for global variable 'M'
run_om: no visible binding for global variable 'nages'
run_om: no visible binding for global variable 'pattern.mat'
run_om: no visible binding for global variable 'slope.mat'
run_om: no visible binding for global variable 'A50.mat'
run_om: no visible binding for global variable 'female.proportion'
run_om: no visible binding for global variable 'fleet_num'
run_om : <anonymous>: no visible binding for global variable
  'sel_fleet'
run_om : <anonymous>: no visible binding for global variable 'ages'
run_om: no visible binding for global variable 'survey_num'
run_om : <anonymous>: no visible binding for global variable
  'sel_survey'
run_om: no visible binding for '<<-' assignment to 'om_input'
run_om: no visible binding for global variable 'cv.L'
run_om: no visible binding for global variable 'cv.survey'
run_om: no visible binding for global variable 'n.L'
run_om: no visible binding for global variable 'n.survey'
run_om: no visible binding for global variable 'R0'
run_om: no visible binding for global variable 'h'
run_om: no visible binding for global variable 'sel_fleet'
run_om: no visible binding for global variable 'sel_survey'
run_om: no visible binding for '<<-' assignment to 'om_output'
run_om : <anonymous>: no visible binding for global variable
  'om_output'
run_om: no visible binding for global variable 'om_output'
run_om: no visible binding for '<<-' assignment to 'em_input'
run_om: no visible binding for global variable 'em_input'
run_om: no visible binding for global variable 'input.cv.L'
run_om: no visible binding for global variable 'input.cv.survey'
run_om: no visible binding for global variable 'om_input'
run_ss: no visible global function definition for 'installed.packages'
run_ss: no visible global function definition for 'install.packages'
run_ss: no visible global function definition for 'SS_readdat_3.30'
run_ss: no visible binding for global variable 'em_input'
run_ss: no visible binding for global variable 'om_input'
run_ss: no visible global function definition for 'SS_writedat_3.30'
Undefined global functions or variables:
  A50.mat K Linf M Module R0 ReadASAP3DatFile SS_output SS_readdat_3.30
  SS_writedat_3.30 WriteASAP3DatFile a.lw a0 abline ages axis b.lw box
  boxplot col2rgb cv.L cv.survey dev.off em_bias_cor em_input em_list
  f_dev_change f_end f_max f_mean f_min f_pattern female.proportion
  figure_number fleet_num grid h hist input.cv.L input.cv.survey
  install.packages installed.packages jpeg keep_sim_id keep_sim_num
  layout legend lines logR_sd logf_sd maindir mtext n.L n.survey nages
  new nyr om_input om_list om_output om_sim_num par par.sim1
  pattern.mat plot plot.new polygon quantile r_dev_change re_list
  readRep read_json read_xlsx real_figure_id rgb rmas_dir rmultinom
  rnorm seed_num sel_fleet sel_survey sim1 slope.mat start_val
  start_year survey_num write.csv year
Consider adding
  importFrom("grDevices", "col2rgb", "dev.off", "jpeg", "rgb")
  importFrom("graphics", "abline", "axis", "box", "boxplot", "grid",
             "hist", "layout", "legend", "lines", "mtext", "par", "plot",
             "plot.new", "polygon")
  importFrom("methods", "new")
  importFrom("stats", "quantile", "rmultinom", "rnorm")
  importFrom("utils", "install.packages", "installed.packages",
             "write.csv")
to your NAMESPACE file (and ensure that your DESCRIPTION Imports field
contains 'methods').
* checking Rd files ... OK
* checking Rd metadata ... OK
* checking Rd line widths ... OK
* checking Rd cross-references ... OK
* checking for missing documentation entries ... OK
* checking for code/documentation mismatches ... WARNING
Functions or methods with usage in documentation object 'hello' but not in code:
  hello

* checking Rd \usage sections ... OK
* checking Rd contents ... OK
* checking for unstated dependencies in examples ... OK
* checking examples ... ERROR
Running examples in 'ASSAMC-Ex.R' failed
The error most likely occurred in:

> base::assign(".ptime", proc.time(), pos = "CheckExEnv")
> ### Name: hello
> ### Title: Hello, World!
> ### Aliases: hello
> 
> ### ** Examples
> 
> hello()
Error in hello() : could not find function "hello"
Execution halted
* checking for unstated dependencies in 'tests' ... WARNING
'library' or 'require' call not declared from: 'testthat'
* checking tests ... ERROR
  Running 'testthat.R'
Running the tests in 'tests/testthat.R' failed.
Complete output:
  > library(testthat)
  Warning message:
  package 'testthat' was built under R version 3.5.3 
  > library(ASSAMC)
  > 
  > test_check("ASSAMC")
  Error: No tests found for ASSAMC
  Execution halted
* DONE
Status: 2 ERRORs, 5 WARNINGs, 3 NOTEs
