AMAK;Mar 2020
# styr
1
# endyr
30
# rec_age
1
# oldest_age
12
# nlength
81
# len_bins
 10 11 12 13 14 15 16 17 18 19 20 21 22 23 24 25 26 27 28 29 30 31 32 33 34 35 36 37 38 39 40 41 42 43 44 45 46 47 48 49 50 51 52 53 54 55 56 57 58 59 60 61 62 63 64 65 66 67 68 69 70 71 72 73 74 75 76 77 78 79 80 81 82 83 84 85 86 87 88 89 90
# datafile_name
amak_data.dat
# model_name
AMAK_MCP
# styr
1
# endyr
30
# rec_age
1
# oldest_age
12
# nfsh
1
# fshname
FLEET1
# catch_bio_in
 160.732 458.264 743.229 979.443 755.832 1298.73 1255.69 2371.88 1267.99 1433.03 1522.06 1520.26 1059.59 1504.31 1501.7 1288.1 2205.02 1569.76 1445 1343.91 1753.64 1183.93 1789.93 1342.49 1256.49 1123.02 1093.96 1486.29 1096.72 1558.61
# catch_bio_sd_in
 0.01 0.01 0.01 0.01 0.01 0.01 0.01 0.01 0.01 0.01 0.01 0.01 0.01 0.01 0.01 0.01 0.01 0.01 0.01 0.01 0.01 0.01 0.01 0.01 0.01 0.01 0.01 0.01 0.01 0.01
# nyrs_fsh_age
 30
# nyrs_fsh_length
 0
# yrs_fsh_age_in
 1 2 3 4 5 6 7 8 9 10 11 12 13 14 15 16 17 18 19 20 21 22 23 24 25 26 27 28 29 30
# yrs_fsh_length_in

# n_sample_fsh_length_in

# olc_fsh_in

# nind
1
# indname
SURVEY1
# nyrs_ind
 30
# yrs_ind_in
 1 2 3 4 5 6 7 8 9 10 11 12 13 14 15 16 17 18 19 20 21 22 23 24 25 26 27 28 29 30
# mo_ind
 1
# obs_ind_in
 1.45084 1.63526 1.31677 1.47577 1.53699 1.37753 1.50511 1.37433 1.24727 1.30214 1.01044 1.20893 1.06462 0.970496 1.03413 0.863593 0.836619 0.859967 0.817933 0.711109 0.785499 0.6402 0.737225 0.696385 0.591424 0.66984 0.682252 0.62751 0.665892 0.640031
# obs_se_ind_in
 0.290168 0.327053 0.263353 0.295153 0.307397 0.275506 0.301022 0.274867 0.249454 0.260427 0.202088 0.241786 0.212924 0.194099 0.206826 0.172719 0.167324 0.171993 0.163587 0.142222 0.1571 0.12804 0.147445 0.139277 0.118285 0.133968 0.13645 0.125502 0.133178 0.128006
# nyrs_ind_age
 30
# nyrs_ind_length
 0
# yrs_ind_age_in
 1 2 3 4 5 6 7 8 9 10 11 12 13 14 15 16 17 18 19 20 21 22 23 24 25 26 27 28 29 30
# yrs_ind_length_in

# yrs_ind_age_in
 1 2 3 4 5 6 7 8 9 10 11 12 13 14 15 16 17 18 19 20 21 22 23 24 25 26 27 28 29 30
# n_sample_ind_length_in

# olc_ind_in

# oac_ind_in
 0.055 0.11 0.19 0.1 0.105 0.1 0.07 0.055 0.05 0.035 0.03 0.1
 0.035 0.14 0.14 0.105 0.11 0.07 0.075 0.045 0.055 0.04 0.025 0.16
 0.05 0.135 0.185 0.175 0.065 0.055 0.08 0.03 0.045 0.045 0.05 0.085
 0.075 0.185 0.135 0.125 0.1 0.07 0.06 0.045 0.035 0.02 0.025 0.125
 0.04 0.165 0.18 0.13 0.1 0.065 0.06 0.035 0.04 0.03 0.02 0.135
 0.065 0.13 0.09 0.195 0.125 0.075 0.05 0.055 0.03 0.025 0.035 0.125
 0.075 0.165 0.14 0.16 0.115 0.085 0.055 0.03 0.01 0.035 0.03 0.1
 0.05 0.195 0.165 0.11 0.095 0.09 0.04 0.04 0.03 0.055 0.025 0.105
 0.115 0.135 0.175 0.135 0.12 0.07 0.035 0.025 0.045 0.035 0.025 0.085
 0.105 0.185 0.11 0.13 0.095 0.1 0.06 0.055 0.03 0.03 0.015 0.085
 0.075 0.15 0.155 0.135 0.095 0.09 0.045 0.07 0.05 0.015 0.045 0.075
 0.105 0.25 0.135 0.155 0.045 0.095 0.05 0.045 0.025 0.04 0.005 0.05
 0.085 0.205 0.2 0.1 0.15 0.06 0.055 0.03 0.01 0.015 0.03 0.06
 0.05 0.135 0.25 0.175 0.065 0.105 0.035 0.04 0.04 0.02 0.015 0.07
 0.08 0.195 0.185 0.165 0.125 0.115 0.055 0.01 0.035 0.015 0.015 0.005
 0.06 0.145 0.13 0.185 0.15 0.095 0.07 0.06 0.025 0.025 0.02 0.035
 0.105 0.24 0.175 0.105 0.11 0.09 0.045 0.025 0.025 0.01 0.02 0.05
 0.135 0.19 0.155 0.1 0.1 0.07 0.09 0.04 0.04 0.025 0.01 0.045
 0.11 0.23 0.185 0.105 0.1 0.055 0.07 0.035 0.02 0.02 0.02 0.05
 0.11 0.25 0.27 0.07 0.12 0.05 0.03 0.04 0.015 0.005 0 0.04
 0.115 0.17 0.21 0.17 0.09 0.07 0.055 0.025 0.02 0.02 0.025 0.03
 0.165 0.2 0.21 0.235 0.085 0.025 0.03 0.02 0 0 0 0.03
 0.085 0.355 0.175 0.085 0.105 0.08 0.055 0.02 0.005 0.005 0.005 0.025
 0.11 0.195 0.255 0.145 0.075 0.11 0.05 0.025 0.005 0.005 0 0.025
 0.145 0.25 0.205 0.2 0.065 0.045 0.035 0.03 0.01 0.005 0 0.01
 0.145 0.3 0.21 0.13 0.09 0.06 0.02 0.02 0 0.005 0 0.02
 0.145 0.215 0.275 0.105 0.12 0.075 0.01 0.01 0.02 0.015 0 0.01
 0.15 0.305 0.165 0.17 0.06 0.05 0.07 0.005 0.01 0.01 0 0.005
 0.125 0.28 0.23 0.115 0.13 0.045 0.03 0.025 0.01 0 0 0.01
 0.135 0.18 0.25 0.2 0.085 0.07 0.025 0.01 0.02 0.01 0.01 0.005
# wt_ind
 1 1 1 1 1 1 1 1 1 1 1 1
 1 1 1 1 1 1 1 1 1 1 1 1
 1 1 1 1 1 1 1 1 1 1 1 1
 1 1 1 1 1 1 1 1 1 1 1 1
 1 1 1 1 1 1 1 1 1 1 1 1
 1 1 1 1 1 1 1 1 1 1 1 1
 1 1 1 1 1 1 1 1 1 1 1 1
 1 1 1 1 1 1 1 1 1 1 1 1
 1 1 1 1 1 1 1 1 1 1 1 1
 1 1 1 1 1 1 1 1 1 1 1 1
 1 1 1 1 1 1 1 1 1 1 1 1
 1 1 1 1 1 1 1 1 1 1 1 1
 1 1 1 1 1 1 1 1 1 1 1 1
 1 1 1 1 1 1 1 1 1 1 1 1
 1 1 1 1 1 1 1 1 1 1 1 1
 1 1 1 1 1 1 1 1 1 1 1 1
 1 1 1 1 1 1 1 1 1 1 1 1
 1 1 1 1 1 1 1 1 1 1 1 1
 1 1 1 1 1 1 1 1 1 1 1 1
 1 1 1 1 1 1 1 1 1 1 1 1
 1 1 1 1 1 1 1 1 1 1 1 1
 1 1 1 1 1 1 1 1 1 1 1 1
 1 1 1 1 1 1 1 1 1 1 1 1
 1 1 1 1 1 1 1 1 1 1 1 1
 1 1 1 1 1 1 1 1 1 1 1 1
 1 1 1 1 1 1 1 1 1 1 1 1
 1 1 1 1 1 1 1 1 1 1 1 1
 1 1 1 1 1 1 1 1 1 1 1 1
 1 1 1 1 1 1 1 1 1 1 1 1
 1 1 1 1 1 1 1 1 1 1 1 1
# wt_pop
 0.000530656 0.00119633 0.00205827 0.00303499 0.00405521 0.0050647 0.00602623 0.00691692 0.00772489 0.00844611 0.00908185 0.0096367
# maturity
 0.0229774 0.320821 0.904651 0.99478 0.999739 0.999987 0.999999 1 1 1 1 1
# spawnmo
1
# age_err
 1 0 0 0 0 0 0 0 0 0 0 0
 0 1 0 0 0 0 0 0 0 0 0 0
 0 0 1 0 0 0 0 0 0 0 0 0
 0 0 0 1 0 0 0 0 0 0 0 0
 0 0 0 0 1 0 0 0 0 0 0 0
 0 0 0 0 0 1 0 0 0 0 0 0
 0 0 0 0 0 0 1 0 0 0 0 0
 0 0 0 0 0 0 0 1 0 0 0 0
 0 0 0 0 0 0 0 0 1 0 0 0
 0 0 0 0 0 0 0 0 0 1 0 0
 0 0 0 0 0 0 0 0 0 0 1 0
 0 0 0 0 0 0 0 0 0 0 0 1
# cntrlfile_name
C:\Users\bai.li\DOCUME~1\Github\AGE_ST~1\ASSAMC\example\output\AMAK\s149\amak.dat
# Map shared selectivity: 
# sel_map
 1 2
 1 1
# datafile_name
amak_data.dat
# model_name
AMAK_MCP
# SrType
2
# use_age_err
0
# retro
0
# sigmarprior
0.2
# cvsigmarprior
0.25
# phase_sigmar
-3
# styr_rec_est
1
# endyr_rec_est
30
# Linfprior
80
# cvLinfprior
0.25
# kprior
0.18
# cvkprior
0.25
# Loprior
27.688
# cvLoprior
0.25
# sdageprior
0.1
# cvsdageprior
0.25
# natmortprior
0.2
# cvnatmortprior
0.25
# phase_M
-4
# npars_Mage
0
# ages_M_changes

# Mage_in

# Mage_offset_in

# phase_Mage
-5
# phase_rw_M
0
# npars_rw_M
0
# yrs_rw_M

# sigma_rw_M

# qprior
 3.48998e-007
# cvqprior
 1
# phase_q
 1
# q_power_prior
 1
# cvq_power_prior
 0.2
# phase_q_power
 -4
# phase_rw_q
 -1
# npars_rw_q
 0
# yrs_rw_q

# sigma_rw_q

# q_age_min
 1
# q_age_max
 12
# q_age_min
 1
# q_age_max
 12
# fsh_sel_opt(k)
2
# phase_sel_fsh(k)
2
# n_sel_ch_fsh(k)
1
# sel_slp_in_fsh(k)(1,n_sel_ch_fsh(k))
 1
# sel_inf_in_fsh(k)(1,n_sel_ch_fsh(k))
 2
# logsel_slp_in_fsh(k)(1,n_sel_ch_fsh(k))
 0
# yrs_sel_ch_fsh(k)(1,n_sel_ch_fsh(k))
 1

Survey SURVEY1
# ind_sel_opt(k)
2
# indname(k)
SURVEY1
# nselages_in_ind(k)
11
# phase_sel_ind(k)
2
# sel_change_in_ind(k)
 1 0 0 0 0 0 0 0 0 0 0 0 0 0 0 0 0 0 0 0 0 0 0 0 0 0 0 0 0 0
# n_sel_ch_ind(k)
1
# yrs_sel_ch_ind(k)(1,n_sel_ch_ind(k))
 1
# sel_slp_in_ind(k,1)
2
# sel_inf_in_ind(k,1)
1.5
# logsel_slp_in_ind(k,1)
0.693147
# logsel_slp_in_indv(k)
0.693147
SURVEY1 ind sel opt 2  1 0 0 0 0 0 0 0 0 0 0 0 0 0 0 0 0 0 0 0 0 0 0 0 0 0 0 0 0 0
Phase indices Sel_Coffs:  -1
 Test: 1.23457e+008
# Fshry Selages:  11
# Srvy  Selages:  11
# Phase for age-spec fishery  -1
# Phase for logistic fishery  2
# Phase for dble logistic fishery  -1
# Phase for age-spec indices   -1
# Phase for logistic indices   2
# Phase for dble logistic ind  -1
# Curv_pen_fsh: 
 0
# Curv_pen_ind: 
 0
# styr_fut
31
# endyr_fut
35
# nyrs_fsh_age
 30
# nyrs_fsh_age
 30
# yrs_fsh_age
 1 2 3 4 5 6 7 8 9 10 11 12 13 14 15 16 17 18 19 20 21 22 23 24 25 26 27 28 29 30
# n_sample_fsh_age
 200 200 200 200 200 200 200 200 200 200 200 200 200 200 200 200 200 200 200 200 200 200 200 200 200 200 200 200 200 200
# oac_fsh
 0.07 0.1 0.12 0.11 0.12 0.085 0.055 0.055 0.06 0.03 0.03 0.165
 0.105 0.115 0.11 0.105 0.125 0.045 0.08 0.06 0.035 0.045 0.04 0.135
 0.08 0.115 0.15 0.155 0.065 0.085 0.06 0.065 0.05 0.04 0.03 0.105
 0.055 0.17 0.105 0.105 0.06 0.11 0.095 0.08 0.045 0.04 0.025 0.11
 0.075 0.11 0.195 0.11 0.12 0.055 0.05 0.065 0.02 0.04 0.015 0.145
 0.095 0.09 0.12 0.125 0.135 0.06 0.05 0.05 0.06 0.05 0.02 0.145
 0.06 0.135 0.125 0.13 0.165 0.08 0.07 0.03 0.03 0.04 0.02 0.115
 0.065 0.11 0.18 0.145 0.09 0.095 0.075 0.065 0.045 0.035 0.005 0.09
 0.12 0.09 0.125 0.14 0.105 0.06 0.085 0.06 0.03 0.035 0.015 0.135
 0.09 0.14 0.09 0.14 0.11 0.1 0.08 0.05 0.035 0.03 0.02 0.115
 0.09 0.115 0.21 0.1 0.12 0.085 0.085 0.065 0.025 0.025 0.01 0.07
 0.12 0.165 0.15 0.17 0.1 0.075 0.055 0.025 0.015 0.045 0.02 0.06
 0.1 0.14 0.105 0.17 0.14 0.07 0.07 0.055 0.035 0.02 0.015 0.08
 0.12 0.125 0.21 0.175 0.06 0.095 0.03 0.04 0.035 0.025 0.005 0.08
 0.06 0.1 0.2 0.185 0.11 0.08 0.08 0.035 0.02 0.02 0.01 0.1
 0.11 0.08 0.145 0.155 0.16 0.095 0.065 0.07 0.015 0.005 0.015 0.085
 0.1 0.145 0.16 0.13 0.115 0.11 0.08 0.05 0.045 0.01 0.025 0.03
 0.095 0.115 0.21 0.1 0.09 0.135 0.09 0.045 0.055 0.015 0.01 0.04
 0.195 0.195 0.165 0.125 0.06 0.045 0.045 0.07 0.035 0.02 0.015 0.03
 0.115 0.23 0.195 0.155 0.07 0.045 0.025 0.055 0.03 0.045 0.005 0.03
 0.13 0.135 0.28 0.165 0.12 0.035 0.03 0.03 0.02 0.015 0.015 0.025
 0.115 0.165 0.22 0.185 0.1 0.065 0.07 0.02 0.015 0.01 0.02 0.015
 0.12 0.2 0.205 0.135 0.145 0.075 0.05 0.01 0.03 0.005 0.015 0.01
 0.17 0.21 0.225 0.09 0.07 0.12 0.04 0.015 0.03 0.01 0.015 0.005
 0.215 0.16 0.19 0.175 0.095 0.05 0.04 0.04 0.015 0 0.005 0.015
 0.145 0.22 0.23 0.14 0.125 0.03 0.045 0.015 0.015 0.02 0.005 0.01
 0.18 0.215 0.205 0.16 0.1 0.055 0.015 0.025 0.025 0.01 0.01 0
 0.245 0.26 0.175 0.085 0.095 0.055 0.03 0.025 0.015 0.005 0 0.01
 0.095 0.22 0.23 0.16 0.125 0.075 0.05 0.035 0 0 0.005 0.005
 0.145 0.185 0.245 0.135 0.115 0.09 0.02 0.025 0.025 0 0 0.015
# olc_fsh

# wt_fsh
 0.000530656 0.00119633 0.00205827 0.00303499 0.00405521 0.0050647 0.00602623 0.00691692 0.00772489 0.00844611 0.00908185 0.0096367
 0.000530656 0.00119633 0.00205827 0.00303499 0.00405521 0.0050647 0.00602623 0.00691692 0.00772489 0.00844611 0.00908185 0.0096367
 0.000530656 0.00119633 0.00205827 0.00303499 0.00405521 0.0050647 0.00602623 0.00691692 0.00772489 0.00844611 0.00908185 0.0096367
 0.000530656 0.00119633 0.00205827 0.00303499 0.00405521 0.0050647 0.00602623 0.00691692 0.00772489 0.00844611 0.00908185 0.0096367
 0.000530656 0.00119633 0.00205827 0.00303499 0.00405521 0.0050647 0.00602623 0.00691692 0.00772489 0.00844611 0.00908185 0.0096367
 0.000530656 0.00119633 0.00205827 0.00303499 0.00405521 0.0050647 0.00602623 0.00691692 0.00772489 0.00844611 0.00908185 0.0096367
 0.000530656 0.00119633 0.00205827 0.00303499 0.00405521 0.0050647 0.00602623 0.00691692 0.00772489 0.00844611 0.00908185 0.0096367
 0.000530656 0.00119633 0.00205827 0.00303499 0.00405521 0.0050647 0.00602623 0.00691692 0.00772489 0.00844611 0.00908185 0.0096367
 0.000530656 0.00119633 0.00205827 0.00303499 0.00405521 0.0050647 0.00602623 0.00691692 0.00772489 0.00844611 0.00908185 0.0096367
 0.000530656 0.00119633 0.00205827 0.00303499 0.00405521 0.0050647 0.00602623 0.00691692 0.00772489 0.00844611 0.00908185 0.0096367
 0.000530656 0.00119633 0.00205827 0.00303499 0.00405521 0.0050647 0.00602623 0.00691692 0.00772489 0.00844611 0.00908185 0.0096367
 0.000530656 0.00119633 0.00205827 0.00303499 0.00405521 0.0050647 0.00602623 0.00691692 0.00772489 0.00844611 0.00908185 0.0096367
 0.000530656 0.00119633 0.00205827 0.00303499 0.00405521 0.0050647 0.00602623 0.00691692 0.00772489 0.00844611 0.00908185 0.0096367
 0.000530656 0.00119633 0.00205827 0.00303499 0.00405521 0.0050647 0.00602623 0.00691692 0.00772489 0.00844611 0.00908185 0.0096367
 0.000530656 0.00119633 0.00205827 0.00303499 0.00405521 0.0050647 0.00602623 0.00691692 0.00772489 0.00844611 0.00908185 0.0096367
 0.000530656 0.00119633 0.00205827 0.00303499 0.00405521 0.0050647 0.00602623 0.00691692 0.00772489 0.00844611 0.00908185 0.0096367
 0.000530656 0.00119633 0.00205827 0.00303499 0.00405521 0.0050647 0.00602623 0.00691692 0.00772489 0.00844611 0.00908185 0.0096367
 0.000530656 0.00119633 0.00205827 0.00303499 0.00405521 0.0050647 0.00602623 0.00691692 0.00772489 0.00844611 0.00908185 0.0096367
 0.000530656 0.00119633 0.00205827 0.00303499 0.00405521 0.0050647 0.00602623 0.00691692 0.00772489 0.00844611 0.00908185 0.0096367
 0.000530656 0.00119633 0.00205827 0.00303499 0.00405521 0.0050647 0.00602623 0.00691692 0.00772489 0.00844611 0.00908185 0.0096367
 0.000530656 0.00119633 0.00205827 0.00303499 0.00405521 0.0050647 0.00602623 0.00691692 0.00772489 0.00844611 0.00908185 0.0096367
 0.000530656 0.00119633 0.00205827 0.00303499 0.00405521 0.0050647 0.00602623 0.00691692 0.00772489 0.00844611 0.00908185 0.0096367
 0.000530656 0.00119633 0.00205827 0.00303499 0.00405521 0.0050647 0.00602623 0.00691692 0.00772489 0.00844611 0.00908185 0.0096367
 0.000530656 0.00119633 0.00205827 0.00303499 0.00405521 0.0050647 0.00602623 0.00691692 0.00772489 0.00844611 0.00908185 0.0096367
 0.000530656 0.00119633 0.00205827 0.00303499 0.00405521 0.0050647 0.00602623 0.00691692 0.00772489 0.00844611 0.00908185 0.0096367
 0.000530656 0.00119633 0.00205827 0.00303499 0.00405521 0.0050647 0.00602623 0.00691692 0.00772489 0.00844611 0.00908185 0.0096367
 0.000530656 0.00119633 0.00205827 0.00303499 0.00405521 0.0050647 0.00602623 0.00691692 0.00772489 0.00844611 0.00908185 0.0096367
 0.000530656 0.00119633 0.00205827 0.00303499 0.00405521 0.0050647 0.00602623 0.00691692 0.00772489 0.00844611 0.00908185 0.0096367
 0.000530656 0.00119633 0.00205827 0.00303499 0.00405521 0.0050647 0.00602623 0.00691692 0.00772489 0.00844611 0.00908185 0.0096367
 0.000530656 0.00119633 0.00205827 0.00303499 0.00405521 0.0050647 0.00602623 0.00691692 0.00772489 0.00844611 0.00908185 0.0096367
# nyrs_ind_age
 30
# yrs_ind_age
 1 2 3 4 5 6 7 8 9 10 11 12 13 14 15 16 17 18 19 20 21 22 23 24 25 26 27 28 29 30
# n_sample_ind_age
 200 200 200 200 200 200 200 200 200 200 200 200 200 200 200 200 200 200 200 200 200 200 200 200 200 200 200 200 200 200
# oac_ind
 0.055 0.11 0.19 0.1 0.105 0.1 0.07 0.055 0.05 0.035 0.03 0.1
 0.035 0.14 0.14 0.105 0.11 0.07 0.075 0.045 0.055 0.04 0.025 0.16
 0.05 0.135 0.185 0.175 0.065 0.055 0.08 0.03 0.045 0.045 0.05 0.085
 0.075 0.185 0.135 0.125 0.1 0.07 0.06 0.045 0.035 0.02 0.025 0.125
 0.04 0.165 0.18 0.13 0.1 0.065 0.06 0.035 0.04 0.03 0.02 0.135
 0.065 0.13 0.09 0.195 0.125 0.075 0.05 0.055 0.03 0.025 0.035 0.125
 0.075 0.165 0.14 0.16 0.115 0.085 0.055 0.03 0.01 0.035 0.03 0.1
 0.05 0.195 0.165 0.11 0.095 0.09 0.04 0.04 0.03 0.055 0.025 0.105
 0.115 0.135 0.175 0.135 0.12 0.07 0.035 0.025 0.045 0.035 0.025 0.085
 0.105 0.185 0.11 0.13 0.095 0.1 0.06 0.055 0.03 0.03 0.015 0.085
 0.075 0.15 0.155 0.135 0.095 0.09 0.045 0.07 0.05 0.015 0.045 0.075
 0.105 0.25 0.135 0.155 0.045 0.095 0.05 0.045 0.025 0.04 0.005 0.05
 0.085 0.205 0.2 0.1 0.15 0.06 0.055 0.03 0.01 0.015 0.03 0.06
 0.05 0.135 0.25 0.175 0.065 0.105 0.035 0.04 0.04 0.02 0.015 0.07
 0.08 0.195 0.185 0.165 0.125 0.115 0.055 0.01 0.035 0.015 0.015 0.005
 0.06 0.145 0.13 0.185 0.15 0.095 0.07 0.06 0.025 0.025 0.02 0.035
 0.105 0.24 0.175 0.105 0.11 0.09 0.045 0.025 0.025 0.01 0.02 0.05
 0.135 0.19 0.155 0.1 0.1 0.07 0.09 0.04 0.04 0.025 0.01 0.045
 0.11 0.23 0.185 0.105 0.1 0.055 0.07 0.035 0.02 0.02 0.02 0.05
 0.11 0.25 0.27 0.07 0.12 0.05 0.03 0.04 0.015 0.005 0 0.04
 0.115 0.17 0.21 0.17 0.09 0.07 0.055 0.025 0.02 0.02 0.025 0.03
 0.165 0.2 0.21 0.235 0.085 0.025 0.03 0.02 0 0 0 0.03
 0.085 0.355 0.175 0.085 0.105 0.08 0.055 0.02 0.005 0.005 0.005 0.025
 0.11 0.195 0.255 0.145 0.075 0.11 0.05 0.025 0.005 0.005 0 0.025
 0.145 0.25 0.205 0.2 0.065 0.045 0.035 0.03 0.01 0.005 0 0.01
 0.145 0.3 0.21 0.13 0.09 0.06 0.02 0.02 0 0.005 0 0.02
 0.145 0.215 0.275 0.105 0.12 0.075 0.01 0.01 0.02 0.015 0 0.01
 0.15 0.305 0.165 0.17 0.06 0.05 0.07 0.005 0.01 0.01 0 0.005
 0.125 0.28 0.23 0.115 0.13 0.045 0.03 0.025 0.01 0 0 0.01
 0.135 0.18 0.25 0.2 0.085 0.07 0.025 0.01 0.02 0.01 0.01 0.005
# olc_ind

# obs_lse_ind
 0.198042 0.198042 0.198042 0.198042 0.198042 0.198042 0.198042 0.198042 0.198042 0.198042 0.198042 0.198042 0.198042 0.198042 0.198042 0.198042 0.198042 0.198042 0.198042 0.198042 0.198042 0.198042 0.198042 0.198042 0.198042 0.198042 0.198042 0.198042 0.198042 0.198042
# xages_fsh
 0 0 0 0 0 0 0 0 0 0 0 0
# xages_fsh
 0 0.0909091 0.181818 0.272727 0.363636 0.454545 0.545455 0.636364 0.727273 0.818182 0.909091 1
# xnodes_fsh

Yrs fsh_sel change:  1 0 0 0 0 0 0 0 0 0 0 0 0 0 0 0 0 0 0 0 0 0 0 0 0 0 0 0 0
Yrs ind_sel change:  1 0 0 0 0 0 0 0 0 0 0 0 0 0 0 0 0 0 0 0 0 0 0 0 0 0 0 0 0
# steepnessprior
0.75
# sigmarprior
0.2
#  SSB estimated in styr endyr: -13 28 
#  Rec estimated in styr endyr: -11 30 
#  SR Curve fit  in styr endyr: 1 30 
#             Model styr endyr: 1 30 
# qprior
 3.48998e-007
# q_power_prior 
 1 
# cv_catchbiomass 
0.05 
# CatchbiomassPen 
200 
# Number of projection years 
5 
# offset_fsh
 13379.6
# offset_ind
 13065.9
Mean Catch
1312.32
R_guess 
15.4397
# nfsh
1
# n_sel_ch_fsh
 1
# nselages_fsh
 11
# phase_selcoff_fsh
 -1
logRzero 15.4397
logmeanrec 15.4397
exp(log_sigmarprior 0.2
Fish sel phase: -1 FLEET1
Fixing fishery sel to
1
Srvy sel phase: -1
Fixing SURVEY1 indices sel to
1
# logsel_slp_in_indv
 0.693147
Leaving parameter init secton
# M
 0.2 0.2 0.2 0.2 0.2 0.2 0.2 0.2 0.2 0.2 0.2 0.2
 0.2 0.2 0.2 0.2 0.2 0.2 0.2 0.2 0.2 0.2 0.2 0.2
 0.2 0.2 0.2 0.2 0.2 0.2 0.2 0.2 0.2 0.2 0.2 0.2
 0.2 0.2 0.2 0.2 0.2 0.2 0.2 0.2 0.2 0.2 0.2 0.2
 0.2 0.2 0.2 0.2 0.2 0.2 0.2 0.2 0.2 0.2 0.2 0.2
 0.2 0.2 0.2 0.2 0.2 0.2 0.2 0.2 0.2 0.2 0.2 0.2
 0.2 0.2 0.2 0.2 0.2 0.2 0.2 0.2 0.2 0.2 0.2 0.2
 0.2 0.2 0.2 0.2 0.2 0.2 0.2 0.2 0.2 0.2 0.2 0.2
 0.2 0.2 0.2 0.2 0.2 0.2 0.2 0.2 0.2 0.2 0.2 0.2
 0.2 0.2 0.2 0.2 0.2 0.2 0.2 0.2 0.2 0.2 0.2 0.2
 0.2 0.2 0.2 0.2 0.2 0.2 0.2 0.2 0.2 0.2 0.2 0.2
 0.2 0.2 0.2 0.2 0.2 0.2 0.2 0.2 0.2 0.2 0.2 0.2
 0.2 0.2 0.2 0.2 0.2 0.2 0.2 0.2 0.2 0.2 0.2 0.2
 0.2 0.2 0.2 0.2 0.2 0.2 0.2 0.2 0.2 0.2 0.2 0.2
 0.2 0.2 0.2 0.2 0.2 0.2 0.2 0.2 0.2 0.2 0.2 0.2
 0.2 0.2 0.2 0.2 0.2 0.2 0.2 0.2 0.2 0.2 0.2 0.2
 0.2 0.2 0.2 0.2 0.2 0.2 0.2 0.2 0.2 0.2 0.2 0.2
 0.2 0.2 0.2 0.2 0.2 0.2 0.2 0.2 0.2 0.2 0.2 0.2
 0.2 0.2 0.2 0.2 0.2 0.2 0.2 0.2 0.2 0.2 0.2 0.2
 0.2 0.2 0.2 0.2 0.2 0.2 0.2 0.2 0.2 0.2 0.2 0.2
 0.2 0.2 0.2 0.2 0.2 0.2 0.2 0.2 0.2 0.2 0.2 0.2
 0.2 0.2 0.2 0.2 0.2 0.2 0.2 0.2 0.2 0.2 0.2 0.2
 0.2 0.2 0.2 0.2 0.2 0.2 0.2 0.2 0.2 0.2 0.2 0.2
 0.2 0.2 0.2 0.2 0.2 0.2 0.2 0.2 0.2 0.2 0.2 0.2
 0.2 0.2 0.2 0.2 0.2 0.2 0.2 0.2 0.2 0.2 0.2 0.2
 0.2 0.2 0.2 0.2 0.2 0.2 0.2 0.2 0.2 0.2 0.2 0.2
 0.2 0.2 0.2 0.2 0.2 0.2 0.2 0.2 0.2 0.2 0.2 0.2
 0.2 0.2 0.2 0.2 0.2 0.2 0.2 0.2 0.2 0.2 0.2 0.2
 0.2 0.2 0.2 0.2 0.2 0.2 0.2 0.2 0.2 0.2 0.2 0.2
 0.2 0.2 0.2 0.2 0.2 0.2 0.2 0.2 0.2 0.2 0.2 0.2
# mean_log_rec
13.7197
# log_Rzero
13.8493
# rec_dev
 -0.0805326 -0.096779 -0.0592202 -0.07435 0.137389 0.0251962 -0.0596146 0.0380969 0.00171319 0.0394056 -0.000457546 -0.00128572 0.125254 0.101033 0.337793 0.0871422 0.087205 0.185995 0.130048 -0.196084 0.279244 0.0399893 0.194211 0.296642 0.102169 -0.165138 -0.229964 -0.0646276 -0.0893465 0.102916 0.25654 -0.140691 -0.149766 0.176263 -0.0794994 -0.0954385 0.0920731 -0.107313 0.0924612 0.105935 -0.297809 -0.14222
# fmort
 0.00947313 0.0274687 0.0457894 0.0625424 0.0497692 0.0887931 0.0904788 0.18763 0.110621 0.132998 0.150935 0.16023 0.114948 0.167033 0.176366 0.160895 0.310801 0.257684 0.260071 0.255721 0.36099 0.262137 0.431164 0.360608 0.356024 0.326037 0.315296 0.439661 0.335437 0.507949
# rec_dev_future
 0 0 0 0 0
