AMAK;Mar 2020
# styr
1
# endyr
30
# rec_age
1
# oldest_age
12
# nlength
81
# len_bins
 10 11 12 13 14 15 16 17 18 19 20 21 22 23 24 25 26 27 28 29 30 31 32 33 34 35 36 37 38 39 40 41 42 43 44 45 46 47 48 49 50 51 52 53 54 55 56 57 58 59 60 61 62 63 64 65 66 67 68 69 70 71 72 73 74 75 76 77 78 79 80 81 82 83 84 85 86 87 88 89 90
# datafile_name
amak_data.dat
# model_name
AMAK_MCP
# styr
1
# endyr
30
# rec_age
1
# oldest_age
12
# nfsh
1
# fshname
FLEET1
# catch_bio_in
 161.118 462.99 746.447 974.53 760.241 1307.67 1238.83 2387.16 1257.35 1419.68 1499.04 1449.14 984.739 1400.22 1408.14 1187.71 2089.75 1473.44 1313.91 1198.57 1504.71 1012.83 1579.85 1191.07 1156.19 1031.42 981.745 1263.95 894.165 1295.47
# catch_bio_sd_in
 0.01 0.01 0.01 0.01 0.01 0.01 0.01 0.01 0.01 0.01 0.01 0.01 0.01 0.01 0.01 0.01 0.01 0.01 0.01 0.01 0.01 0.01 0.01 0.01 0.01 0.01 0.01 0.01 0.01 0.01
# nyrs_fsh_age
 30
# nyrs_fsh_length
 0
# yrs_fsh_age_in
 1 2 3 4 5 6 7 8 9 10 11 12 13 14 15 16 17 18 19 20 21 22 23 24 25 26 27 28 29 30
# yrs_fsh_length_in

# n_sample_fsh_length_in

# olc_fsh_in

# nind
1
# indname
SURVEY1
# nyrs_ind
 30
# yrs_ind_in
 1 2 3 4 5 6 7 8 9 10 11 12 13 14 15 16 17 18 19 20 21 22 23 24 25 26 27 28 29 30
# mo_ind
 1
# obs_ind_in
 1.49277 1.65123 1.84917 1.81165 1.55127 1.45632 1.54705 1.07534 1.14847 1.36853 1.02044 0.994108 1.05856 0.947609 0.958408 0.828651 0.789205 0.859058 0.694706 0.5919 0.719068 0.563084 0.717177 0.700634 0.649501 0.599149 0.552518 0.641894 0.480095 0.52857
# obs_se_ind_in
 0.298554 0.330246 0.369835 0.362331 0.310254 0.291264 0.309409 0.215069 0.229694 0.273705 0.204088 0.198822 0.211711 0.189522 0.191682 0.16573 0.157841 0.171812 0.138941 0.11838 0.143814 0.112617 0.143435 0.140127 0.1299 0.11983 0.110504 0.128379 0.0960189 0.105714
# nyrs_ind_age
 30
# nyrs_ind_length
 0
# yrs_ind_age_in
 1 2 3 4 5 6 7 8 9 10 11 12 13 14 15 16 17 18 19 20 21 22 23 24 25 26 27 28 29 30
# yrs_ind_length_in

# yrs_ind_age_in
 1 2 3 4 5 6 7 8 9 10 11 12 13 14 15 16 17 18 19 20 21 22 23 24 25 26 27 28 29 30
# n_sample_ind_length_in

# olc_ind_in

# oac_ind_in
 0.085 0.16 0.17 0.105 0.105 0.06 0.07 0.04 0.04 0.05 0.015 0.1
 0.075 0.11 0.135 0.145 0.065 0.075 0.075 0.055 0.05 0.045 0.03 0.14
 0.055 0.195 0.11 0.135 0.12 0.105 0.045 0.04 0.045 0.05 0.025 0.075
 0.055 0.135 0.125 0.155 0.05 0.12 0.08 0.03 0.055 0.035 0.035 0.125
 0.065 0.16 0.135 0.135 0.11 0.08 0.08 0.08 0.035 0.015 0.045 0.06
 0.105 0.095 0.135 0.12 0.08 0.11 0.05 0.045 0.06 0.03 0.035 0.135
 0.1 0.195 0.095 0.1 0.12 0.075 0.085 0.045 0.03 0.035 0.035 0.085
 0.07 0.14 0.145 0.115 0.115 0.08 0.065 0.04 0.05 0.025 0.025 0.13
 0.05 0.16 0.14 0.105 0.06 0.095 0.11 0.1 0.03 0.015 0.03 0.105
 0.085 0.12 0.205 0.1 0.135 0.055 0.055 0.055 0.045 0.02 0.02 0.105
 0.075 0.16 0.125 0.195 0.115 0.06 0.05 0.06 0.065 0.025 0.02 0.05
 0.1 0.23 0.125 0.095 0.155 0.06 0.07 0.025 0.035 0.01 0.035 0.06
 0.115 0.285 0.165 0.095 0.07 0.055 0.03 0.025 0.045 0.02 0.035 0.06
 0.06 0.185 0.22 0.22 0.07 0.065 0.06 0.015 0.01 0.015 0.005 0.075
 0.095 0.165 0.185 0.155 0.115 0.065 0.05 0.04 0.02 0.025 0.005 0.08
 0.135 0.155 0.17 0.135 0.15 0.08 0.035 0.03 0.025 0.02 0.005 0.06
 0.095 0.15 0.21 0.1 0.15 0.085 0.065 0.02 0.04 0.015 0.015 0.055
 0.105 0.2 0.205 0.15 0.09 0.03 0.105 0.05 0.015 0.01 0.015 0.025
 0.1 0.205 0.165 0.15 0.11 0.065 0.07 0.035 0.04 0.005 0.015 0.04
 0.12 0.175 0.17 0.12 0.125 0.065 0.035 0.055 0.055 0.025 0.02 0.035
 0.17 0.2 0.185 0.14 0.07 0.075 0.05 0.025 0.015 0.025 0.01 0.035
 0.08 0.305 0.225 0.155 0.085 0.045 0.03 0.04 0.015 0.01 0 0.01
 0.12 0.165 0.27 0.165 0.105 0.055 0.02 0.02 0.04 0.005 0.01 0.025
 0.14 0.275 0.155 0.18 0.065 0.075 0.035 0.02 0.03 0.015 0 0.01
 0.15 0.225 0.33 0.105 0.06 0.03 0.03 0.025 0.005 0.01 0.015 0.015
 0.155 0.225 0.22 0.205 0.04 0.06 0.03 0.015 0.005 0.02 0 0.025
 0.085 0.255 0.21 0.205 0.11 0.03 0.04 0.04 0.01 0.005 0.01 0
 0.125 0.23 0.19 0.155 0.145 0.07 0.025 0.02 0.01 0 0.01 0.02
 0.12 0.365 0.165 0.14 0.085 0.045 0.035 0.01 0.02 0.005 0 0.01
 0.135 0.33 0.215 0.08 0.085 0.07 0.02 0.045 0.005 0.005 0 0.01
# wt_ind
 1 1 1 1 1 1 1 1 1 1 1 1
 1 1 1 1 1 1 1 1 1 1 1 1
 1 1 1 1 1 1 1 1 1 1 1 1
 1 1 1 1 1 1 1 1 1 1 1 1
 1 1 1 1 1 1 1 1 1 1 1 1
 1 1 1 1 1 1 1 1 1 1 1 1
 1 1 1 1 1 1 1 1 1 1 1 1
 1 1 1 1 1 1 1 1 1 1 1 1
 1 1 1 1 1 1 1 1 1 1 1 1
 1 1 1 1 1 1 1 1 1 1 1 1
 1 1 1 1 1 1 1 1 1 1 1 1
 1 1 1 1 1 1 1 1 1 1 1 1
 1 1 1 1 1 1 1 1 1 1 1 1
 1 1 1 1 1 1 1 1 1 1 1 1
 1 1 1 1 1 1 1 1 1 1 1 1
 1 1 1 1 1 1 1 1 1 1 1 1
 1 1 1 1 1 1 1 1 1 1 1 1
 1 1 1 1 1 1 1 1 1 1 1 1
 1 1 1 1 1 1 1 1 1 1 1 1
 1 1 1 1 1 1 1 1 1 1 1 1
 1 1 1 1 1 1 1 1 1 1 1 1
 1 1 1 1 1 1 1 1 1 1 1 1
 1 1 1 1 1 1 1 1 1 1 1 1
 1 1 1 1 1 1 1 1 1 1 1 1
 1 1 1 1 1 1 1 1 1 1 1 1
 1 1 1 1 1 1 1 1 1 1 1 1
 1 1 1 1 1 1 1 1 1 1 1 1
 1 1 1 1 1 1 1 1 1 1 1 1
 1 1 1 1 1 1 1 1 1 1 1 1
 1 1 1 1 1 1 1 1 1 1 1 1
# wt_pop
 0.000530656 0.00119633 0.00205827 0.00303499 0.00405521 0.0050647 0.00602623 0.00691692 0.00772489 0.00844611 0.00908185 0.0096367
# maturity
 0.0229774 0.320821 0.904651 0.99478 0.999739 0.999987 0.999999 1 1 1 1 1
# spawnmo
1
# age_err
 1 0 0 0 0 0 0 0 0 0 0 0
 0 1 0 0 0 0 0 0 0 0 0 0
 0 0 1 0 0 0 0 0 0 0 0 0
 0 0 0 1 0 0 0 0 0 0 0 0
 0 0 0 0 1 0 0 0 0 0 0 0
 0 0 0 0 0 1 0 0 0 0 0 0
 0 0 0 0 0 0 1 0 0 0 0 0
 0 0 0 0 0 0 0 1 0 0 0 0
 0 0 0 0 0 0 0 0 1 0 0 0
 0 0 0 0 0 0 0 0 0 1 0 0
 0 0 0 0 0 0 0 0 0 0 1 0
 0 0 0 0 0 0 0 0 0 0 0 1
# cntrlfile_name
C:\Users\bai.li\DOCUME~1\Github\AGE_ST~1\ASSAMC\example\output\AMAK\s38\amak.dat
# Map shared selectivity: 
# sel_map
 1 2
 1 1
# datafile_name
amak_data.dat
# model_name
AMAK_MCP
# SrType
2
# use_age_err
0
# retro
0
# sigmarprior
0.2
# cvsigmarprior
0.25
# phase_sigmar
-3
# styr_rec_est
1
# endyr_rec_est
30
# Linfprior
80
# cvLinfprior
0.25
# kprior
0.18
# cvkprior
0.25
# Loprior
27.688
# cvLoprior
0.25
# sdageprior
0.1
# cvsdageprior
0.25
# natmortprior
0.2
# cvnatmortprior
0.25
# phase_M
-4
# npars_Mage
0
# ages_M_changes

# Mage_in

# Mage_offset_in

# phase_Mage
-5
# phase_rw_M
0
# npars_rw_M
0
# yrs_rw_M

# sigma_rw_M

# qprior
 3.48998e-007
# cvqprior
 1
# phase_q
 1
# q_power_prior
 1
# cvq_power_prior
 0.2
# phase_q_power
 -4
# phase_rw_q
 -1
# npars_rw_q
 0
# yrs_rw_q

# sigma_rw_q

# q_age_min
 1
# q_age_max
 12
# q_age_min
 1
# q_age_max
 12
# fsh_sel_opt(k)
2
# phase_sel_fsh(k)
2
# n_sel_ch_fsh(k)
1
# sel_slp_in_fsh(k)(1,n_sel_ch_fsh(k))
 1
# sel_inf_in_fsh(k)(1,n_sel_ch_fsh(k))
 2
# logsel_slp_in_fsh(k)(1,n_sel_ch_fsh(k))
 0
# yrs_sel_ch_fsh(k)(1,n_sel_ch_fsh(k))
 1

Survey SURVEY1
# ind_sel_opt(k)
2
# indname(k)
SURVEY1
# nselages_in_ind(k)
11
# phase_sel_ind(k)
2
# sel_change_in_ind(k)
 1 0 0 0 0 0 0 0 0 0 0 0 0 0 0 0 0 0 0 0 0 0 0 0 0 0 0 0 0 0
# n_sel_ch_ind(k)
1
# yrs_sel_ch_ind(k)(1,n_sel_ch_ind(k))
 1
# sel_slp_in_ind(k,1)
2
# sel_inf_in_ind(k,1)
1.5
# logsel_slp_in_ind(k,1)
0.693147
# logsel_slp_in_indv(k)
0.693147
SURVEY1 ind sel opt 2  1 0 0 0 0 0 0 0 0 0 0 0 0 0 0 0 0 0 0 0 0 0 0 0 0 0 0 0 0 0
Phase indices Sel_Coffs:  -1
 Test: 1.23457e+008
# Fshry Selages:  11
# Srvy  Selages:  11
# Phase for age-spec fishery  -1
# Phase for logistic fishery  2
# Phase for dble logistic fishery  -1
# Phase for age-spec indices   -1
# Phase for logistic indices   2
# Phase for dble logistic ind  -1
# Curv_pen_fsh: 
 0
# Curv_pen_ind: 
 0
# styr_fut
31
# endyr_fut
35
# nyrs_fsh_age
 30
# nyrs_fsh_age
 30
# yrs_fsh_age
 1 2 3 4 5 6 7 8 9 10 11 12 13 14 15 16 17 18 19 20 21 22 23 24 25 26 27 28 29 30
# n_sample_fsh_age
 200 200 200 200 200 200 200 200 200 200 200 200 200 200 200 200 200 200 200 200 200 200 200 200 200 200 200 200 200 200
# oac_fsh
 0.06 0.09 0.125 0.085 0.115 0.07 0.115 0.06 0.035 0.06 0.065 0.12
 0.07 0.07 0.14 0.11 0.115 0.07 0.1 0.055 0.04 0.055 0.04 0.135
 0.09 0.115 0.155 0.09 0.105 0.115 0.055 0.045 0.025 0.04 0.04 0.125
 0.08 0.14 0.08 0.13 0.13 0.08 0.05 0.03 0.065 0.03 0.035 0.15
 0.08 0.085 0.12 0.15 0.105 0.09 0.045 0.07 0.03 0.04 0.03 0.155
 0.07 0.12 0.145 0.14 0.125 0.085 0.075 0.04 0.06 0.025 0.01 0.105
 0.13 0.11 0.13 0.135 0.08 0.08 0.06 0.05 0.04 0.03 0.035 0.12
 0.075 0.13 0.13 0.12 0.08 0.095 0.085 0.065 0.035 0.035 0.045 0.105
 0.07 0.155 0.095 0.185 0.09 0.065 0.075 0.075 0.03 0.03 0.025 0.105
 0.05 0.1 0.195 0.145 0.165 0.09 0.08 0.055 0.03 0.02 0.015 0.055
 0.08 0.13 0.115 0.125 0.095 0.115 0.06 0.055 0.05 0.055 0.02 0.1
 0.135 0.16 0.085 0.06 0.115 0.08 0.075 0.08 0.03 0.04 0.025 0.115
 0.1 0.19 0.165 0.1 0.09 0.08 0.07 0.025 0.025 0.05 0.005 0.1
 0.08 0.175 0.22 0.115 0.09 0.07 0.055 0.05 0.03 0.01 0.015 0.09
 0.105 0.145 0.185 0.19 0.145 0.065 0.01 0.045 0.03 0.02 0.01 0.05
 0.135 0.125 0.15 0.135 0.12 0.085 0.08 0.05 0.025 0.01 0.02 0.065
 0.06 0.145 0.18 0.12 0.15 0.06 0.06 0.045 0.035 0.05 0.025 0.07
 0.13 0.09 0.175 0.185 0.105 0.06 0.05 0.045 0.04 0.015 0.03 0.075
 0.125 0.225 0.13 0.15 0.115 0.07 0.045 0.065 0.02 0.01 0.005 0.04
 0.135 0.125 0.185 0.12 0.115 0.115 0.05 0.045 0.045 0.02 0.01 0.035
 0.175 0.175 0.145 0.165 0.1 0.075 0.025 0.055 0.035 0.02 0.005 0.025
 0.115 0.23 0.175 0.135 0.055 0.075 0.07 0.03 0.03 0.01 0.025 0.05
 0.18 0.145 0.26 0.12 0.095 0.045 0.065 0.03 0.02 0.015 0.015 0.01
 0.17 0.195 0.155 0.22 0.115 0.025 0.04 0.03 0.03 0 0.005 0.015
 0.155 0.235 0.23 0.16 0.115 0.065 0.01 0.015 0.01 0 0 0.005
 0.105 0.23 0.23 0.175 0.085 0.1 0.04 0.01 0.005 0.005 0 0.015
 0.09 0.22 0.22 0.17 0.16 0.03 0.05 0.02 0.015 0.005 0.005 0.015
 0.225 0.09 0.25 0.13 0.115 0.085 0.045 0.03 0.015 0.005 0 0.01
 0.22 0.215 0.185 0.115 0.06 0.095 0.08 0.02 0.005 0 0 0.005
 0.175 0.195 0.27 0.07 0.08 0.095 0.05 0.02 0.005 0.035 0 0.005
# olc_fsh

# wt_fsh
 0.000530656 0.00119633 0.00205827 0.00303499 0.00405521 0.0050647 0.00602623 0.00691692 0.00772489 0.00844611 0.00908185 0.0096367
 0.000530656 0.00119633 0.00205827 0.00303499 0.00405521 0.0050647 0.00602623 0.00691692 0.00772489 0.00844611 0.00908185 0.0096367
 0.000530656 0.00119633 0.00205827 0.00303499 0.00405521 0.0050647 0.00602623 0.00691692 0.00772489 0.00844611 0.00908185 0.0096367
 0.000530656 0.00119633 0.00205827 0.00303499 0.00405521 0.0050647 0.00602623 0.00691692 0.00772489 0.00844611 0.00908185 0.0096367
 0.000530656 0.00119633 0.00205827 0.00303499 0.00405521 0.0050647 0.00602623 0.00691692 0.00772489 0.00844611 0.00908185 0.0096367
 0.000530656 0.00119633 0.00205827 0.00303499 0.00405521 0.0050647 0.00602623 0.00691692 0.00772489 0.00844611 0.00908185 0.0096367
 0.000530656 0.00119633 0.00205827 0.00303499 0.00405521 0.0050647 0.00602623 0.00691692 0.00772489 0.00844611 0.00908185 0.0096367
 0.000530656 0.00119633 0.00205827 0.00303499 0.00405521 0.0050647 0.00602623 0.00691692 0.00772489 0.00844611 0.00908185 0.0096367
 0.000530656 0.00119633 0.00205827 0.00303499 0.00405521 0.0050647 0.00602623 0.00691692 0.00772489 0.00844611 0.00908185 0.0096367
 0.000530656 0.00119633 0.00205827 0.00303499 0.00405521 0.0050647 0.00602623 0.00691692 0.00772489 0.00844611 0.00908185 0.0096367
 0.000530656 0.00119633 0.00205827 0.00303499 0.00405521 0.0050647 0.00602623 0.00691692 0.00772489 0.00844611 0.00908185 0.0096367
 0.000530656 0.00119633 0.00205827 0.00303499 0.00405521 0.0050647 0.00602623 0.00691692 0.00772489 0.00844611 0.00908185 0.0096367
 0.000530656 0.00119633 0.00205827 0.00303499 0.00405521 0.0050647 0.00602623 0.00691692 0.00772489 0.00844611 0.00908185 0.0096367
 0.000530656 0.00119633 0.00205827 0.00303499 0.00405521 0.0050647 0.00602623 0.00691692 0.00772489 0.00844611 0.00908185 0.0096367
 0.000530656 0.00119633 0.00205827 0.00303499 0.00405521 0.0050647 0.00602623 0.00691692 0.00772489 0.00844611 0.00908185 0.0096367
 0.000530656 0.00119633 0.00205827 0.00303499 0.00405521 0.0050647 0.00602623 0.00691692 0.00772489 0.00844611 0.00908185 0.0096367
 0.000530656 0.00119633 0.00205827 0.00303499 0.00405521 0.0050647 0.00602623 0.00691692 0.00772489 0.00844611 0.00908185 0.0096367
 0.000530656 0.00119633 0.00205827 0.00303499 0.00405521 0.0050647 0.00602623 0.00691692 0.00772489 0.00844611 0.00908185 0.0096367
 0.000530656 0.00119633 0.00205827 0.00303499 0.00405521 0.0050647 0.00602623 0.00691692 0.00772489 0.00844611 0.00908185 0.0096367
 0.000530656 0.00119633 0.00205827 0.00303499 0.00405521 0.0050647 0.00602623 0.00691692 0.00772489 0.00844611 0.00908185 0.0096367
 0.000530656 0.00119633 0.00205827 0.00303499 0.00405521 0.0050647 0.00602623 0.00691692 0.00772489 0.00844611 0.00908185 0.0096367
 0.000530656 0.00119633 0.00205827 0.00303499 0.00405521 0.0050647 0.00602623 0.00691692 0.00772489 0.00844611 0.00908185 0.0096367
 0.000530656 0.00119633 0.00205827 0.00303499 0.00405521 0.0050647 0.00602623 0.00691692 0.00772489 0.00844611 0.00908185 0.0096367
 0.000530656 0.00119633 0.00205827 0.00303499 0.00405521 0.0050647 0.00602623 0.00691692 0.00772489 0.00844611 0.00908185 0.0096367
 0.000530656 0.00119633 0.00205827 0.00303499 0.00405521 0.0050647 0.00602623 0.00691692 0.00772489 0.00844611 0.00908185 0.0096367
 0.000530656 0.00119633 0.00205827 0.00303499 0.00405521 0.0050647 0.00602623 0.00691692 0.00772489 0.00844611 0.00908185 0.0096367
 0.000530656 0.00119633 0.00205827 0.00303499 0.00405521 0.0050647 0.00602623 0.00691692 0.00772489 0.00844611 0.00908185 0.0096367
 0.000530656 0.00119633 0.00205827 0.00303499 0.00405521 0.0050647 0.00602623 0.00691692 0.00772489 0.00844611 0.00908185 0.0096367
 0.000530656 0.00119633 0.00205827 0.00303499 0.00405521 0.0050647 0.00602623 0.00691692 0.00772489 0.00844611 0.00908185 0.0096367
 0.000530656 0.00119633 0.00205827 0.00303499 0.00405521 0.0050647 0.00602623 0.00691692 0.00772489 0.00844611 0.00908185 0.0096367
# nyrs_ind_age
 30
# yrs_ind_age
 1 2 3 4 5 6 7 8 9 10 11 12 13 14 15 16 17 18 19 20 21 22 23 24 25 26 27 28 29 30
# n_sample_ind_age
 200 200 200 200 200 200 200 200 200 200 200 200 200 200 200 200 200 200 200 200 200 200 200 200 200 200 200 200 200 200
# oac_ind
 0.085 0.16 0.17 0.105 0.105 0.06 0.07 0.04 0.04 0.05 0.015 0.1
 0.075 0.11 0.135 0.145 0.065 0.075 0.075 0.055 0.05 0.045 0.03 0.14
 0.055 0.195 0.11 0.135 0.12 0.105 0.045 0.04 0.045 0.05 0.025 0.075
 0.055 0.135 0.125 0.155 0.05 0.12 0.08 0.03 0.055 0.035 0.035 0.125
 0.065 0.16 0.135 0.135 0.11 0.08 0.08 0.08 0.035 0.015 0.045 0.06
 0.105 0.095 0.135 0.12 0.08 0.11 0.05 0.045 0.06 0.03 0.035 0.135
 0.1 0.195 0.095 0.1 0.12 0.075 0.085 0.045 0.03 0.035 0.035 0.085
 0.07 0.14 0.145 0.115 0.115 0.08 0.065 0.04 0.05 0.025 0.025 0.13
 0.05 0.16 0.14 0.105 0.06 0.095 0.11 0.1 0.03 0.015 0.03 0.105
 0.085 0.12 0.205 0.1 0.135 0.055 0.055 0.055 0.045 0.02 0.02 0.105
 0.075 0.16 0.125 0.195 0.115 0.06 0.05 0.06 0.065 0.025 0.02 0.05
 0.1 0.23 0.125 0.095 0.155 0.06 0.07 0.025 0.035 0.01 0.035 0.06
 0.115 0.285 0.165 0.095 0.07 0.055 0.03 0.025 0.045 0.02 0.035 0.06
 0.06 0.185 0.22 0.22 0.07 0.065 0.06 0.015 0.01 0.015 0.005 0.075
 0.095 0.165 0.185 0.155 0.115 0.065 0.05 0.04 0.02 0.025 0.005 0.08
 0.135 0.155 0.17 0.135 0.15 0.08 0.035 0.03 0.025 0.02 0.005 0.06
 0.095 0.15 0.21 0.1 0.15 0.085 0.065 0.02 0.04 0.015 0.015 0.055
 0.105 0.2 0.205 0.15 0.09 0.03 0.105 0.05 0.015 0.01 0.015 0.025
 0.1 0.205 0.165 0.15 0.11 0.065 0.07 0.035 0.04 0.005 0.015 0.04
 0.12 0.175 0.17 0.12 0.125 0.065 0.035 0.055 0.055 0.025 0.02 0.035
 0.17 0.2 0.185 0.14 0.07 0.075 0.05 0.025 0.015 0.025 0.01 0.035
 0.08 0.305 0.225 0.155 0.085 0.045 0.03 0.04 0.015 0.01 0 0.01
 0.12 0.165 0.27 0.165 0.105 0.055 0.02 0.02 0.04 0.005 0.01 0.025
 0.14 0.275 0.155 0.18 0.065 0.075 0.035 0.02 0.03 0.015 0 0.01
 0.15 0.225 0.33 0.105 0.06 0.03 0.03 0.025 0.005 0.01 0.015 0.015
 0.155 0.225 0.22 0.205 0.04 0.06 0.03 0.015 0.005 0.02 0 0.025
 0.085 0.255 0.21 0.205 0.11 0.03 0.04 0.04 0.01 0.005 0.01 0
 0.125 0.23 0.19 0.155 0.145 0.07 0.025 0.02 0.01 0 0.01 0.02
 0.12 0.365 0.165 0.14 0.085 0.045 0.035 0.01 0.02 0.005 0 0.01
 0.135 0.33 0.215 0.08 0.085 0.07 0.02 0.045 0.005 0.005 0 0.01
# olc_ind

# obs_lse_ind
 0.198042 0.198042 0.198042 0.198042 0.198042 0.198042 0.198042 0.198042 0.198042 0.198042 0.198042 0.198042 0.198042 0.198042 0.198042 0.198042 0.198042 0.198042 0.198042 0.198042 0.198042 0.198042 0.198042 0.198042 0.198042 0.198042 0.198042 0.198042 0.198042 0.198042
# xages_fsh
 0 0 0 0 0 0 0 0 0 0 0 0
# xages_fsh
 0 0.0909091 0.181818 0.272727 0.363636 0.454545 0.545455 0.636364 0.727273 0.818182 0.909091 1
# xnodes_fsh

Yrs fsh_sel change:  1 0 0 0 0 0 0 0 0 0 0 0 0 0 0 0 0 0 0 0 0 0 0 0 0 0 0 0 0
Yrs ind_sel change:  1 0 0 0 0 0 0 0 0 0 0 0 0 0 0 0 0 0 0 0 0 0 0 0 0 0 0 0 0
# steepnessprior
0.75
# sigmarprior
0.2
#  SSB estimated in styr endyr: -13 28 
#  Rec estimated in styr endyr: -11 30 
#  SR Curve fit  in styr endyr: 1 30 
#             Model styr endyr: 1 30 
# qprior
 3.48998e-007
# q_power_prior 
 1 
# cv_catchbiomass 
0.05 
# CatchbiomassPen 
200 
# Number of projection years 
5 
# offset_fsh
 13455.4
# offset_ind
 13173.3
Mean Catch
1221.07
R_guess 
15.3676
# nfsh
1
# n_sel_ch_fsh
 1
# nselages_fsh
 11
# phase_selcoff_fsh
 -1
logRzero 15.3676
logmeanrec 15.3676
exp(log_sigmarprior 0.2
Fish sel phase: -1 FLEET1
Fixing fishery sel to
1
Srvy sel phase: -1
Fixing SURVEY1 indices sel to
1
# logsel_slp_in_indv
 0.693147
Leaving parameter init secton
# M
 0.2 0.2 0.2 0.2 0.2 0.2 0.2 0.2 0.2 0.2 0.2 0.2
 0.2 0.2 0.2 0.2 0.2 0.2 0.2 0.2 0.2 0.2 0.2 0.2
 0.2 0.2 0.2 0.2 0.2 0.2 0.2 0.2 0.2 0.2 0.2 0.2
 0.2 0.2 0.2 0.2 0.2 0.2 0.2 0.2 0.2 0.2 0.2 0.2
 0.2 0.2 0.2 0.2 0.2 0.2 0.2 0.2 0.2 0.2 0.2 0.2
 0.2 0.2 0.2 0.2 0.2 0.2 0.2 0.2 0.2 0.2 0.2 0.2
 0.2 0.2 0.2 0.2 0.2 0.2 0.2 0.2 0.2 0.2 0.2 0.2
 0.2 0.2 0.2 0.2 0.2 0.2 0.2 0.2 0.2 0.2 0.2 0.2
 0.2 0.2 0.2 0.2 0.2 0.2 0.2 0.2 0.2 0.2 0.2 0.2
 0.2 0.2 0.2 0.2 0.2 0.2 0.2 0.2 0.2 0.2 0.2 0.2
 0.2 0.2 0.2 0.2 0.2 0.2 0.2 0.2 0.2 0.2 0.2 0.2
 0.2 0.2 0.2 0.2 0.2 0.2 0.2 0.2 0.2 0.2 0.2 0.2
 0.2 0.2 0.2 0.2 0.2 0.2 0.2 0.2 0.2 0.2 0.2 0.2
 0.2 0.2 0.2 0.2 0.2 0.2 0.2 0.2 0.2 0.2 0.2 0.2
 0.2 0.2 0.2 0.2 0.2 0.2 0.2 0.2 0.2 0.2 0.2 0.2
 0.2 0.2 0.2 0.2 0.2 0.2 0.2 0.2 0.2 0.2 0.2 0.2
 0.2 0.2 0.2 0.2 0.2 0.2 0.2 0.2 0.2 0.2 0.2 0.2
 0.2 0.2 0.2 0.2 0.2 0.2 0.2 0.2 0.2 0.2 0.2 0.2
 0.2 0.2 0.2 0.2 0.2 0.2 0.2 0.2 0.2 0.2 0.2 0.2
 0.2 0.2 0.2 0.2 0.2 0.2 0.2 0.2 0.2 0.2 0.2 0.2
 0.2 0.2 0.2 0.2 0.2 0.2 0.2 0.2 0.2 0.2 0.2 0.2
 0.2 0.2 0.2 0.2 0.2 0.2 0.2 0.2 0.2 0.2 0.2 0.2
 0.2 0.2 0.2 0.2 0.2 0.2 0.2 0.2 0.2 0.2 0.2 0.2
 0.2 0.2 0.2 0.2 0.2 0.2 0.2 0.2 0.2 0.2 0.2 0.2
 0.2 0.2 0.2 0.2 0.2 0.2 0.2 0.2 0.2 0.2 0.2 0.2
 0.2 0.2 0.2 0.2 0.2 0.2 0.2 0.2 0.2 0.2 0.2 0.2
 0.2 0.2 0.2 0.2 0.2 0.2 0.2 0.2 0.2 0.2 0.2 0.2
 0.2 0.2 0.2 0.2 0.2 0.2 0.2 0.2 0.2 0.2 0.2 0.2
 0.2 0.2 0.2 0.2 0.2 0.2 0.2 0.2 0.2 0.2 0.2 0.2
 0.2 0.2 0.2 0.2 0.2 0.2 0.2 0.2 0.2 0.2 0.2 0.2
# mean_log_rec
13.7968
# log_Rzero
13.7371
# rec_dev
 -0.104712 -0.125315 0.0257473 0.0830291 0.0111368 -0.0011155 0.047951 -0.0300934 -0.109716 0.0762862 0.0717695 0.00919281 0.0482276 0.146021 0.123416 0.0262342 -0.11684 0.0843421 -0.0660116 0.0727206 -0.344019 -0.28536 0.0207342 0.168599 -0.0297018 -0.229076 -0.0907468 -0.115215 -0.367642 -0.266093 -0.370866 -0.250197 0.0336752 -0.477051 0.00446716 -0.137867 -0.277021 -0.350157 -0.679669 -0.178229 -0.2615 -0.359438
# fmort
 0.00911481 0.0264277 0.0435787 0.0588758 0.0475205 0.0854822 0.0861504 0.183506 0.107456 0.130732 0.151079 0.159671 0.114021 0.167795 0.178541 0.15821 0.308337 0.250379 0.247779 0.247419 0.344929 0.251429 0.42406 0.352756 0.35727 0.326832 0.318677 0.444572 0.340233 0.533348
# rec_dev_future
 0 0 0 0 0
