AMAK;Mar 2020
# styr
1
# endyr
30
# rec_age
1
# oldest_age
12
# nlength
81
# len_bins
 10 11 12 13 14 15 16 17 18 19 20 21 22 23 24 25 26 27 28 29 30 31 32 33 34 35 36 37 38 39 40 41 42 43 44 45 46 47 48 49 50 51 52 53 54 55 56 57 58 59 60 61 62 63 64 65 66 67 68 69 70 71 72 73 74 75 76 77 78 79 80 81 82 83 84 85 86 87 88 89 90
# datafile_name
amak_data.dat
# model_name
AMAK_MCP
# styr
1
# endyr
30
# rec_age
1
# oldest_age
12
# nfsh
1
# fshname
FLEET1
# catch_bio_in
 161.142 460.038 739.515 967.468 723.019 1232.08 1171.63 2236.96 1190.38 1394.92 1510.09 1523.84 1054.69 1460.32 1428.79 1213.66 2130.83 1542.17 1390.19 1337.62 1750 1198.48 1828.18 1346.83 1246.82 1087.73 1049.25 1349.06 936.288 1296.82
# catch_bio_sd_in
 0.01 0.01 0.01 0.01 0.01 0.01 0.01 0.01 0.01 0.01 0.01 0.01 0.01 0.01 0.01 0.01 0.01 0.01 0.01 0.01 0.01 0.01 0.01 0.01 0.01 0.01 0.01 0.01 0.01 0.01
# nyrs_fsh_age
 30
# nyrs_fsh_length
 0
# yrs_fsh_age_in
 1 2 3 4 5 6 7 8 9 10 11 12 13 14 15 16 17 18 19 20 21 22 23 24 25 26 27 28 29 30
# yrs_fsh_length_in

# n_sample_fsh_length_in

# olc_fsh_in

# nind
1
# indname
SURVEY1
# nyrs_ind
 30
# yrs_ind_in
 1 2 3 4 5 6 7 8 9 10 11 12 13 14 15 16 17 18 19 20 21 22 23 24 25 26 27 28 29 30
# mo_ind
 1
# obs_ind_in
 1.45343 1.61474 1.58981 1.38817 1.60611 1.42084 1.40969 1.5694 1.05365 1.2107 1.19334 1.09977 1.00459 1.14865 1.06015 0.850594 0.936907 0.771938 0.812621 0.838283 1.0081 0.711234 0.720216 0.573756 0.774615 0.608608 0.57804 0.572992 0.511837 0.477281
# obs_se_ind_in
 0.290686 0.322949 0.317963 0.277634 0.321223 0.284167 0.281937 0.313879 0.21073 0.242139 0.238669 0.219953 0.200917 0.22973 0.212031 0.170119 0.187381 0.154388 0.162524 0.167657 0.201619 0.142247 0.144043 0.114751 0.154923 0.121722 0.115608 0.114598 0.102367 0.0954562
# nyrs_ind_age
 30
# nyrs_ind_length
 0
# yrs_ind_age_in
 1 2 3 4 5 6 7 8 9 10 11 12 13 14 15 16 17 18 19 20 21 22 23 24 25 26 27 28 29 30
# yrs_ind_length_in

# yrs_ind_age_in
 1 2 3 4 5 6 7 8 9 10 11 12 13 14 15 16 17 18 19 20 21 22 23 24 25 26 27 28 29 30
# n_sample_ind_length_in

# olc_ind_in

# oac_ind_in
 0.06 0.15 0.155 0.14 0.145 0.085 0.035 0.03 0.04 0.035 0.02 0.105
 0.055 0.175 0.13 0.11 0.145 0.085 0.05 0.06 0.03 0.04 0.025 0.095
 0.08 0.14 0.135 0.14 0.09 0.06 0.07 0.045 0.055 0.05 0.045 0.09
 0.03 0.095 0.16 0.095 0.15 0.095 0.065 0.035 0.03 0.05 0.035 0.16
 0.075 0.095 0.145 0.135 0.09 0.09 0.1 0.04 0.035 0.035 0.025 0.135
 0.08 0.13 0.115 0.12 0.08 0.075 0.115 0.055 0.04 0.05 0.015 0.125
 0.055 0.155 0.105 0.135 0.095 0.1 0.075 0.065 0.055 0.025 0.025 0.11
 0.04 0.17 0.215 0.1 0.125 0.08 0.08 0.03 0.015 0.02 0.03 0.095
 0.115 0.155 0.18 0.12 0.065 0.105 0.035 0.06 0.03 0.025 0.015 0.095
 0.115 0.2 0.155 0.18 0.07 0.04 0.035 0.015 0.02 0.035 0.045 0.09
 0.065 0.16 0.24 0.15 0.135 0.055 0.045 0.015 0.02 0.01 0.025 0.08
 0.045 0.145 0.315 0.14 0.075 0.065 0.065 0.015 0.02 0.025 0.01 0.08
 0.055 0.145 0.17 0.145 0.14 0.1 0.065 0.055 0.015 0.025 0.02 0.065
 0.08 0.135 0.16 0.17 0.1 0.1 0.07 0.035 0.025 0.03 0.015 0.08
 0.06 0.16 0.27 0.175 0.07 0.065 0.075 0.025 0.02 0.02 0.015 0.045
 0.09 0.185 0.205 0.135 0.125 0.055 0.045 0.05 0.035 0.02 0.01 0.045
 0.095 0.205 0.155 0.14 0.07 0.075 0.03 0.075 0.05 0.025 0.03 0.05
 0.11 0.255 0.17 0.09 0.11 0.045 0.07 0.045 0.03 0.02 0.015 0.04
 0.095 0.22 0.2 0.15 0.075 0.08 0.055 0.03 0.025 0.035 0.01 0.025
 0.14 0.205 0.215 0.135 0.07 0.035 0.06 0.04 0.015 0.015 0.025 0.045
 0.105 0.225 0.195 0.16 0.13 0.065 0.02 0.025 0.015 0.005 0.015 0.04
 0.085 0.225 0.285 0.09 0.1 0.08 0.065 0.02 0.02 0.01 0.005 0.015
 0.095 0.165 0.25 0.16 0.105 0.055 0.065 0.045 0.015 0.02 0.005 0.02
 0.11 0.305 0.155 0.17 0.09 0.06 0.045 0.035 0.005 0 0 0.025
 0.14 0.185 0.28 0.13 0.115 0.075 0.035 0.01 0 0.015 0.01 0.005
 0.135 0.23 0.19 0.195 0.085 0.08 0.03 0.01 0.005 0.01 0.015 0.015
 0.065 0.255 0.28 0.17 0.115 0.02 0.035 0.035 0.01 0.01 0 0.005
 0.14 0.2 0.275 0.155 0.105 0.06 0.015 0.025 0.015 0.01 0 0
 0.08 0.275 0.205 0.17 0.095 0.075 0.045 0.02 0.01 0.01 0.005 0.01
 0.175 0.21 0.225 0.115 0.1 0.05 0.075 0.02 0.015 0 0.005 0.01
# wt_ind
 1 1 1 1 1 1 1 1 1 1 1 1
 1 1 1 1 1 1 1 1 1 1 1 1
 1 1 1 1 1 1 1 1 1 1 1 1
 1 1 1 1 1 1 1 1 1 1 1 1
 1 1 1 1 1 1 1 1 1 1 1 1
 1 1 1 1 1 1 1 1 1 1 1 1
 1 1 1 1 1 1 1 1 1 1 1 1
 1 1 1 1 1 1 1 1 1 1 1 1
 1 1 1 1 1 1 1 1 1 1 1 1
 1 1 1 1 1 1 1 1 1 1 1 1
 1 1 1 1 1 1 1 1 1 1 1 1
 1 1 1 1 1 1 1 1 1 1 1 1
 1 1 1 1 1 1 1 1 1 1 1 1
 1 1 1 1 1 1 1 1 1 1 1 1
 1 1 1 1 1 1 1 1 1 1 1 1
 1 1 1 1 1 1 1 1 1 1 1 1
 1 1 1 1 1 1 1 1 1 1 1 1
 1 1 1 1 1 1 1 1 1 1 1 1
 1 1 1 1 1 1 1 1 1 1 1 1
 1 1 1 1 1 1 1 1 1 1 1 1
 1 1 1 1 1 1 1 1 1 1 1 1
 1 1 1 1 1 1 1 1 1 1 1 1
 1 1 1 1 1 1 1 1 1 1 1 1
 1 1 1 1 1 1 1 1 1 1 1 1
 1 1 1 1 1 1 1 1 1 1 1 1
 1 1 1 1 1 1 1 1 1 1 1 1
 1 1 1 1 1 1 1 1 1 1 1 1
 1 1 1 1 1 1 1 1 1 1 1 1
 1 1 1 1 1 1 1 1 1 1 1 1
 1 1 1 1 1 1 1 1 1 1 1 1
# wt_pop
 0.000530656 0.00119633 0.00205827 0.00303499 0.00405521 0.0050647 0.00602623 0.00691692 0.00772489 0.00844611 0.00908185 0.0096367
# maturity
 0.0229774 0.320821 0.904651 0.99478 0.999739 0.999987 0.999999 1 1 1 1 1
# spawnmo
1
# age_err
 1 0 0 0 0 0 0 0 0 0 0 0
 0 1 0 0 0 0 0 0 0 0 0 0
 0 0 1 0 0 0 0 0 0 0 0 0
 0 0 0 1 0 0 0 0 0 0 0 0
 0 0 0 0 1 0 0 0 0 0 0 0
 0 0 0 0 0 1 0 0 0 0 0 0
 0 0 0 0 0 0 1 0 0 0 0 0
 0 0 0 0 0 0 0 1 0 0 0 0
 0 0 0 0 0 0 0 0 1 0 0 0
 0 0 0 0 0 0 0 0 0 1 0 0
 0 0 0 0 0 0 0 0 0 0 1 0
 0 0 0 0 0 0 0 0 0 0 0 1
# cntrlfile_name
C:\Users\bai.li\DOCUME~1\Github\AGE_ST~1\ASSAMC\example\output\AMAK\s8\amak.dat
# Map shared selectivity: 
# sel_map
 1 2
 1 1
# datafile_name
amak_data.dat
# model_name
AMAK_MCP
# SrType
2
# use_age_err
0
# retro
0
# sigmarprior
0.2
# cvsigmarprior
0.25
# phase_sigmar
-3
# styr_rec_est
1
# endyr_rec_est
30
# Linfprior
80
# cvLinfprior
0.25
# kprior
0.18
# cvkprior
0.25
# Loprior
27.688
# cvLoprior
0.25
# sdageprior
0.1
# cvsdageprior
0.25
# natmortprior
0.2
# cvnatmortprior
0.25
# phase_M
-4
# npars_Mage
0
# ages_M_changes

# Mage_in

# Mage_offset_in

# phase_Mage
-5
# phase_rw_M
0
# npars_rw_M
0
# yrs_rw_M

# sigma_rw_M

# qprior
 3.48998e-007
# cvqprior
 1
# phase_q
 1
# q_power_prior
 1
# cvq_power_prior
 0.2
# phase_q_power
 -4
# phase_rw_q
 -1
# npars_rw_q
 0
# yrs_rw_q

# sigma_rw_q

# q_age_min
 1
# q_age_max
 12
# q_age_min
 1
# q_age_max
 12
# fsh_sel_opt(k)
2
# phase_sel_fsh(k)
2
# n_sel_ch_fsh(k)
1
# sel_slp_in_fsh(k)(1,n_sel_ch_fsh(k))
 1
# sel_inf_in_fsh(k)(1,n_sel_ch_fsh(k))
 2
# logsel_slp_in_fsh(k)(1,n_sel_ch_fsh(k))
 0
# yrs_sel_ch_fsh(k)(1,n_sel_ch_fsh(k))
 1

Survey SURVEY1
# ind_sel_opt(k)
2
# indname(k)
SURVEY1
# nselages_in_ind(k)
11
# phase_sel_ind(k)
2
# sel_change_in_ind(k)
 1 0 0 0 0 0 0 0 0 0 0 0 0 0 0 0 0 0 0 0 0 0 0 0 0 0 0 0 0 0
# n_sel_ch_ind(k)
1
# yrs_sel_ch_ind(k)(1,n_sel_ch_ind(k))
 1
# sel_slp_in_ind(k,1)
2
# sel_inf_in_ind(k,1)
1.5
# logsel_slp_in_ind(k,1)
0.693147
# logsel_slp_in_indv(k)
0.693147
SURVEY1 ind sel opt 2  1 0 0 0 0 0 0 0 0 0 0 0 0 0 0 0 0 0 0 0 0 0 0 0 0 0 0 0 0 0
Phase indices Sel_Coffs:  -1
 Test: 1.23457e+008
# Fshry Selages:  11
# Srvy  Selages:  11
# Phase for age-spec fishery  -1
# Phase for logistic fishery  2
# Phase for dble logistic fishery  -1
# Phase for age-spec indices   -1
# Phase for logistic indices   2
# Phase for dble logistic ind  -1
# Curv_pen_fsh: 
 0
# Curv_pen_ind: 
 0
# styr_fut
31
# endyr_fut
35
# nyrs_fsh_age
 30
# nyrs_fsh_age
 30
# yrs_fsh_age
 1 2 3 4 5 6 7 8 9 10 11 12 13 14 15 16 17 18 19 20 21 22 23 24 25 26 27 28 29 30
# n_sample_fsh_age
 200 200 200 200 200 200 200 200 200 200 200 200 200 200 200 200 200 200 200 200 200 200 200 200 200 200 200 200 200 200
# oac_fsh
 0.06 0.115 0.105 0.125 0.1 0.065 0.08 0.06 0.04 0.065 0.03 0.155
 0.06 0.08 0.15 0.115 0.155 0.03 0.05 0.08 0.05 0.035 0.015 0.18
 0.045 0.125 0.125 0.105 0.12 0.08 0.04 0.065 0.07 0.075 0.015 0.135
 0.04 0.09 0.16 0.125 0.125 0.095 0.09 0.07 0.05 0.055 0.01 0.09
 0.06 0.065 0.105 0.145 0.1 0.105 0.075 0.07 0.045 0.045 0.03 0.155
 0.125 0.105 0.155 0.105 0.075 0.105 0.045 0.055 0.05 0.05 0.04 0.09
 0.1 0.115 0.125 0.12 0.115 0.075 0.06 0.085 0.025 0.025 0.02 0.135
 0.055 0.14 0.21 0.09 0.12 0.085 0.05 0.06 0.03 0.02 0.045 0.095
 0.09 0.115 0.125 0.18 0.055 0.05 0.05 0.055 0.04 0.065 0.04 0.135
 0.11 0.165 0.135 0.145 0.11 0.075 0.045 0.025 0.065 0.01 0.015 0.1
 0.06 0.16 0.185 0.09 0.14 0.09 0.045 0.04 0.02 0.04 0.025 0.105
 0.065 0.14 0.205 0.175 0.095 0.08 0.04 0.02 0.045 0.03 0.015 0.09
 0.115 0.115 0.145 0.155 0.12 0.05 0.055 0.075 0.03 0.05 0.025 0.065
 0.13 0.135 0.165 0.135 0.105 0.1 0.065 0.035 0.055 0.025 0.01 0.04
 0.085 0.145 0.16 0.085 0.09 0.13 0.09 0.045 0.04 0.05 0.015 0.065
 0.06 0.195 0.16 0.16 0.09 0.065 0.095 0.055 0.02 0.02 0.01 0.07
 0.125 0.17 0.135 0.18 0.11 0.05 0.045 0.04 0.065 0.02 0.02 0.04
 0.13 0.21 0.14 0.12 0.14 0.045 0.07 0.04 0.04 0.02 0.01 0.035
 0.13 0.185 0.255 0.155 0.085 0.065 0.02 0.035 0.02 0.02 0 0.03
 0.135 0.175 0.2 0.14 0.125 0.065 0.045 0.03 0.015 0.01 0.015 0.045
 0.11 0.215 0.13 0.18 0.12 0.095 0.035 0.04 0.02 0.01 0.01 0.035
 0.11 0.22 0.225 0.18 0.095 0.06 0.035 0.02 0.015 0.005 0.01 0.025
 0.16 0.115 0.17 0.15 0.14 0.115 0.045 0.045 0.01 0 0.015 0.035
 0.15 0.26 0.19 0.13 0.1 0.05 0.05 0.025 0.015 0.015 0.005 0.01
 0.18 0.22 0.265 0.08 0.085 0.06 0.03 0.04 0.025 0.005 0.005 0.005
 0.15 0.2 0.145 0.2 0.065 0.09 0.055 0.04 0.025 0.01 0.015 0.005
 0.11 0.26 0.16 0.205 0.105 0.065 0.025 0.03 0.015 0.02 0 0.005
 0.105 0.185 0.215 0.225 0.115 0.065 0.035 0.01 0.015 0.005 0.005 0.02
 0.13 0.24 0.16 0.21 0.115 0.08 0.02 0.01 0.015 0.005 0 0.015
 0.215 0.195 0.195 0.12 0.085 0.07 0.03 0.05 0 0.015 0.015 0.01
# olc_fsh

# wt_fsh
 0.000530656 0.00119633 0.00205827 0.00303499 0.00405521 0.0050647 0.00602623 0.00691692 0.00772489 0.00844611 0.00908185 0.0096367
 0.000530656 0.00119633 0.00205827 0.00303499 0.00405521 0.0050647 0.00602623 0.00691692 0.00772489 0.00844611 0.00908185 0.0096367
 0.000530656 0.00119633 0.00205827 0.00303499 0.00405521 0.0050647 0.00602623 0.00691692 0.00772489 0.00844611 0.00908185 0.0096367
 0.000530656 0.00119633 0.00205827 0.00303499 0.00405521 0.0050647 0.00602623 0.00691692 0.00772489 0.00844611 0.00908185 0.0096367
 0.000530656 0.00119633 0.00205827 0.00303499 0.00405521 0.0050647 0.00602623 0.00691692 0.00772489 0.00844611 0.00908185 0.0096367
 0.000530656 0.00119633 0.00205827 0.00303499 0.00405521 0.0050647 0.00602623 0.00691692 0.00772489 0.00844611 0.00908185 0.0096367
 0.000530656 0.00119633 0.00205827 0.00303499 0.00405521 0.0050647 0.00602623 0.00691692 0.00772489 0.00844611 0.00908185 0.0096367
 0.000530656 0.00119633 0.00205827 0.00303499 0.00405521 0.0050647 0.00602623 0.00691692 0.00772489 0.00844611 0.00908185 0.0096367
 0.000530656 0.00119633 0.00205827 0.00303499 0.00405521 0.0050647 0.00602623 0.00691692 0.00772489 0.00844611 0.00908185 0.0096367
 0.000530656 0.00119633 0.00205827 0.00303499 0.00405521 0.0050647 0.00602623 0.00691692 0.00772489 0.00844611 0.00908185 0.0096367
 0.000530656 0.00119633 0.00205827 0.00303499 0.00405521 0.0050647 0.00602623 0.00691692 0.00772489 0.00844611 0.00908185 0.0096367
 0.000530656 0.00119633 0.00205827 0.00303499 0.00405521 0.0050647 0.00602623 0.00691692 0.00772489 0.00844611 0.00908185 0.0096367
 0.000530656 0.00119633 0.00205827 0.00303499 0.00405521 0.0050647 0.00602623 0.00691692 0.00772489 0.00844611 0.00908185 0.0096367
 0.000530656 0.00119633 0.00205827 0.00303499 0.00405521 0.0050647 0.00602623 0.00691692 0.00772489 0.00844611 0.00908185 0.0096367
 0.000530656 0.00119633 0.00205827 0.00303499 0.00405521 0.0050647 0.00602623 0.00691692 0.00772489 0.00844611 0.00908185 0.0096367
 0.000530656 0.00119633 0.00205827 0.00303499 0.00405521 0.0050647 0.00602623 0.00691692 0.00772489 0.00844611 0.00908185 0.0096367
 0.000530656 0.00119633 0.00205827 0.00303499 0.00405521 0.0050647 0.00602623 0.00691692 0.00772489 0.00844611 0.00908185 0.0096367
 0.000530656 0.00119633 0.00205827 0.00303499 0.00405521 0.0050647 0.00602623 0.00691692 0.00772489 0.00844611 0.00908185 0.0096367
 0.000530656 0.00119633 0.00205827 0.00303499 0.00405521 0.0050647 0.00602623 0.00691692 0.00772489 0.00844611 0.00908185 0.0096367
 0.000530656 0.00119633 0.00205827 0.00303499 0.00405521 0.0050647 0.00602623 0.00691692 0.00772489 0.00844611 0.00908185 0.0096367
 0.000530656 0.00119633 0.00205827 0.00303499 0.00405521 0.0050647 0.00602623 0.00691692 0.00772489 0.00844611 0.00908185 0.0096367
 0.000530656 0.00119633 0.00205827 0.00303499 0.00405521 0.0050647 0.00602623 0.00691692 0.00772489 0.00844611 0.00908185 0.0096367
 0.000530656 0.00119633 0.00205827 0.00303499 0.00405521 0.0050647 0.00602623 0.00691692 0.00772489 0.00844611 0.00908185 0.0096367
 0.000530656 0.00119633 0.00205827 0.00303499 0.00405521 0.0050647 0.00602623 0.00691692 0.00772489 0.00844611 0.00908185 0.0096367
 0.000530656 0.00119633 0.00205827 0.00303499 0.00405521 0.0050647 0.00602623 0.00691692 0.00772489 0.00844611 0.00908185 0.0096367
 0.000530656 0.00119633 0.00205827 0.00303499 0.00405521 0.0050647 0.00602623 0.00691692 0.00772489 0.00844611 0.00908185 0.0096367
 0.000530656 0.00119633 0.00205827 0.00303499 0.00405521 0.0050647 0.00602623 0.00691692 0.00772489 0.00844611 0.00908185 0.0096367
 0.000530656 0.00119633 0.00205827 0.00303499 0.00405521 0.0050647 0.00602623 0.00691692 0.00772489 0.00844611 0.00908185 0.0096367
 0.000530656 0.00119633 0.00205827 0.00303499 0.00405521 0.0050647 0.00602623 0.00691692 0.00772489 0.00844611 0.00908185 0.0096367
 0.000530656 0.00119633 0.00205827 0.00303499 0.00405521 0.0050647 0.00602623 0.00691692 0.00772489 0.00844611 0.00908185 0.0096367
# nyrs_ind_age
 30
# yrs_ind_age
 1 2 3 4 5 6 7 8 9 10 11 12 13 14 15 16 17 18 19 20 21 22 23 24 25 26 27 28 29 30
# n_sample_ind_age
 200 200 200 200 200 200 200 200 200 200 200 200 200 200 200 200 200 200 200 200 200 200 200 200 200 200 200 200 200 200
# oac_ind
 0.06 0.15 0.155 0.14 0.145 0.085 0.035 0.03 0.04 0.035 0.02 0.105
 0.055 0.175 0.13 0.11 0.145 0.085 0.05 0.06 0.03 0.04 0.025 0.095
 0.08 0.14 0.135 0.14 0.09 0.06 0.07 0.045 0.055 0.05 0.045 0.09
 0.03 0.095 0.16 0.095 0.15 0.095 0.065 0.035 0.03 0.05 0.035 0.16
 0.075 0.095 0.145 0.135 0.09 0.09 0.1 0.04 0.035 0.035 0.025 0.135
 0.08 0.13 0.115 0.12 0.08 0.075 0.115 0.055 0.04 0.05 0.015 0.125
 0.055 0.155 0.105 0.135 0.095 0.1 0.075 0.065 0.055 0.025 0.025 0.11
 0.04 0.17 0.215 0.1 0.125 0.08 0.08 0.03 0.015 0.02 0.03 0.095
 0.115 0.155 0.18 0.12 0.065 0.105 0.035 0.06 0.03 0.025 0.015 0.095
 0.115 0.2 0.155 0.18 0.07 0.04 0.035 0.015 0.02 0.035 0.045 0.09
 0.065 0.16 0.24 0.15 0.135 0.055 0.045 0.015 0.02 0.01 0.025 0.08
 0.045 0.145 0.315 0.14 0.075 0.065 0.065 0.015 0.02 0.025 0.01 0.08
 0.055 0.145 0.17 0.145 0.14 0.1 0.065 0.055 0.015 0.025 0.02 0.065
 0.08 0.135 0.16 0.17 0.1 0.1 0.07 0.035 0.025 0.03 0.015 0.08
 0.06 0.16 0.27 0.175 0.07 0.065 0.075 0.025 0.02 0.02 0.015 0.045
 0.09 0.185 0.205 0.135 0.125 0.055 0.045 0.05 0.035 0.02 0.01 0.045
 0.095 0.205 0.155 0.14 0.07 0.075 0.03 0.075 0.05 0.025 0.03 0.05
 0.11 0.255 0.17 0.09 0.11 0.045 0.07 0.045 0.03 0.02 0.015 0.04
 0.095 0.22 0.2 0.15 0.075 0.08 0.055 0.03 0.025 0.035 0.01 0.025
 0.14 0.205 0.215 0.135 0.07 0.035 0.06 0.04 0.015 0.015 0.025 0.045
 0.105 0.225 0.195 0.16 0.13 0.065 0.02 0.025 0.015 0.005 0.015 0.04
 0.085 0.225 0.285 0.09 0.1 0.08 0.065 0.02 0.02 0.01 0.005 0.015
 0.095 0.165 0.25 0.16 0.105 0.055 0.065 0.045 0.015 0.02 0.005 0.02
 0.11 0.305 0.155 0.17 0.09 0.06 0.045 0.035 0.005 0 0 0.025
 0.14 0.185 0.28 0.13 0.115 0.075 0.035 0.01 0 0.015 0.01 0.005
 0.135 0.23 0.19 0.195 0.085 0.08 0.03 0.01 0.005 0.01 0.015 0.015
 0.065 0.255 0.28 0.17 0.115 0.02 0.035 0.035 0.01 0.01 0 0.005
 0.14 0.2 0.275 0.155 0.105 0.06 0.015 0.025 0.015 0.01 0 0
 0.08 0.275 0.205 0.17 0.095 0.075 0.045 0.02 0.01 0.01 0.005 0.01
 0.175 0.21 0.225 0.115 0.1 0.05 0.075 0.02 0.015 0 0.005 0.01
# olc_ind

# obs_lse_ind
 0.198042 0.198042 0.198042 0.198042 0.198042 0.198042 0.198042 0.198042 0.198042 0.198042 0.198042 0.198042 0.198042 0.198042 0.198042 0.198042 0.198042 0.198042 0.198042 0.198042 0.198042 0.198042 0.198042 0.198042 0.198042 0.198042 0.198042 0.198042 0.198042 0.198042
# xages_fsh
 0 0 0 0 0 0 0 0 0 0 0 0
# xages_fsh
 0 0.0909091 0.181818 0.272727 0.363636 0.454545 0.545455 0.636364 0.727273 0.818182 0.909091 1
# xnodes_fsh

Yrs fsh_sel change:  1 0 0 0 0 0 0 0 0 0 0 0 0 0 0 0 0 0 0 0 0 0 0 0 0 0 0 0 0
Yrs ind_sel change:  1 0 0 0 0 0 0 0 0 0 0 0 0 0 0 0 0 0 0 0 0 0 0 0 0 0 0 0 0
# steepnessprior
0.75
# sigmarprior
0.2
#  SSB estimated in styr endyr: -13 28 
#  Rec estimated in styr endyr: -11 30 
#  SR Curve fit  in styr endyr: 1 30 
#             Model styr endyr: 1 30 
# qprior
 3.48998e-007
# q_power_prior 
 1 
# cv_catchbiomass 
0.05 
# CatchbiomassPen 
200 
# Number of projection years 
5 
# offset_fsh
 13420.6
# offset_ind
 13144.3
Mean Catch
1265.29
R_guess 
15.4032
# nfsh
1
# n_sel_ch_fsh
 1
# nselages_fsh
 11
# phase_selcoff_fsh
 -1
logRzero 15.4032
logmeanrec 15.4032
exp(log_sigmarprior 0.2
Fish sel phase: -1 FLEET1
Fixing fishery sel to
1
Srvy sel phase: -1
Fixing SURVEY1 indices sel to
1
# logsel_slp_in_indv
 0.693147
Leaving parameter init secton
# M
 0.2 0.2 0.2 0.2 0.2 0.2 0.2 0.2 0.2 0.2 0.2 0.2
 0.2 0.2 0.2 0.2 0.2 0.2 0.2 0.2 0.2 0.2 0.2 0.2
 0.2 0.2 0.2 0.2 0.2 0.2 0.2 0.2 0.2 0.2 0.2 0.2
 0.2 0.2 0.2 0.2 0.2 0.2 0.2 0.2 0.2 0.2 0.2 0.2
 0.2 0.2 0.2 0.2 0.2 0.2 0.2 0.2 0.2 0.2 0.2 0.2
 0.2 0.2 0.2 0.2 0.2 0.2 0.2 0.2 0.2 0.2 0.2 0.2
 0.2 0.2 0.2 0.2 0.2 0.2 0.2 0.2 0.2 0.2 0.2 0.2
 0.2 0.2 0.2 0.2 0.2 0.2 0.2 0.2 0.2 0.2 0.2 0.2
 0.2 0.2 0.2 0.2 0.2 0.2 0.2 0.2 0.2 0.2 0.2 0.2
 0.2 0.2 0.2 0.2 0.2 0.2 0.2 0.2 0.2 0.2 0.2 0.2
 0.2 0.2 0.2 0.2 0.2 0.2 0.2 0.2 0.2 0.2 0.2 0.2
 0.2 0.2 0.2 0.2 0.2 0.2 0.2 0.2 0.2 0.2 0.2 0.2
 0.2 0.2 0.2 0.2 0.2 0.2 0.2 0.2 0.2 0.2 0.2 0.2
 0.2 0.2 0.2 0.2 0.2 0.2 0.2 0.2 0.2 0.2 0.2 0.2
 0.2 0.2 0.2 0.2 0.2 0.2 0.2 0.2 0.2 0.2 0.2 0.2
 0.2 0.2 0.2 0.2 0.2 0.2 0.2 0.2 0.2 0.2 0.2 0.2
 0.2 0.2 0.2 0.2 0.2 0.2 0.2 0.2 0.2 0.2 0.2 0.2
 0.2 0.2 0.2 0.2 0.2 0.2 0.2 0.2 0.2 0.2 0.2 0.2
 0.2 0.2 0.2 0.2 0.2 0.2 0.2 0.2 0.2 0.2 0.2 0.2
 0.2 0.2 0.2 0.2 0.2 0.2 0.2 0.2 0.2 0.2 0.2 0.2
 0.2 0.2 0.2 0.2 0.2 0.2 0.2 0.2 0.2 0.2 0.2 0.2
 0.2 0.2 0.2 0.2 0.2 0.2 0.2 0.2 0.2 0.2 0.2 0.2
 0.2 0.2 0.2 0.2 0.2 0.2 0.2 0.2 0.2 0.2 0.2 0.2
 0.2 0.2 0.2 0.2 0.2 0.2 0.2 0.2 0.2 0.2 0.2 0.2
 0.2 0.2 0.2 0.2 0.2 0.2 0.2 0.2 0.2 0.2 0.2 0.2
 0.2 0.2 0.2 0.2 0.2 0.2 0.2 0.2 0.2 0.2 0.2 0.2
 0.2 0.2 0.2 0.2 0.2 0.2 0.2 0.2 0.2 0.2 0.2 0.2
 0.2 0.2 0.2 0.2 0.2 0.2 0.2 0.2 0.2 0.2 0.2 0.2
 0.2 0.2 0.2 0.2 0.2 0.2 0.2 0.2 0.2 0.2 0.2 0.2
 0.2 0.2 0.2 0.2 0.2 0.2 0.2 0.2 0.2 0.2 0.2 0.2
# mean_log_rec
13.7541
# log_Rzero
13.7877
# rec_dev
 -0.0651646 -0.0785315 -0.106229 -0.0307414 -0.0485097 -0.000522129 0.0937041 -0.0797951 -0.0271743 0.118549 0.04453 0.161392 0.0171487 0.0758393 -0.0954302 -0.0763728 -0.190357 0.185839 0.133921 -0.0561635 0.25447 0.227947 -0.10906 -0.126187 -0.081874 0.0165206 -0.202726 -0.020909 0.106748 0.0573342 -0.0846122 0.0800773 -0.0316789 -0.366834 0.0726301 -0.146412 -0.12822 -0.125065 -0.477122 -0.292704 -0.483108 -0.0774864
# fmort
 0.00928389 0.0267041 0.0439853 0.0599956 0.0469314 0.0845483 0.0859785 0.18094 0.105593 0.129972 0.148338 0.158767 0.115013 0.167095 0.175659 0.158363 0.308661 0.253406 0.244452 0.245995 0.347018 0.255857 0.430972 0.362939 0.360953 0.327045 0.321489 0.446027 0.340617 0.523286
# rec_dev_future
 0 0 0 0 0
