AMAK;Mar 2020
# styr
1
# endyr
30
# rec_age
1
# oldest_age
12
# nlength
81
# len_bins
 10 11 12 13 14 15 16 17 18 19 20 21 22 23 24 25 26 27 28 29 30 31 32 33 34 35 36 37 38 39 40 41 42 43 44 45 46 47 48 49 50 51 52 53 54 55 56 57 58 59 60 61 62 63 64 65 66 67 68 69 70 71 72 73 74 75 76 77 78 79 80 81 82 83 84 85 86 87 88 89 90
# datafile_name
amak_data.dat
# model_name
AMAK_MCP
# styr
1
# endyr
30
# rec_age
1
# oldest_age
12
# nfsh
1
# fshname
FLEET1
# catch_bio_in
 160.83 460.767 747.017 961.846 749.491 1303.01 1267.02 2451.97 1288.43 1464.48 1531.74 1515.63 1043.96 1448.65 1461.18 1267.86 2300.58 1662.42 1556.02 1477.03 1927.98 1331.39 2016.21 1452.59 1349.81 1169.47 1145.09 1551.68 1161.73 1674.44
# catch_bio_sd_in
 0.01 0.01 0.01 0.01 0.01 0.01 0.01 0.01 0.01 0.01 0.01 0.01 0.01 0.01 0.01 0.01 0.01 0.01 0.01 0.01 0.01 0.01 0.01 0.01 0.01 0.01 0.01 0.01 0.01 0.01
# nyrs_fsh_age
 30
# nyrs_fsh_length
 0
# yrs_fsh_age_in
 1 2 3 4 5 6 7 8 9 10 11 12 13 14 15 16 17 18 19 20 21 22 23 24 25 26 27 28 29 30
# yrs_fsh_length_in

# n_sample_fsh_length_in

# olc_fsh_in

# nind
1
# indname
SURVEY1
# nyrs_ind
 30
# yrs_ind_in
 1 2 3 4 5 6 7 8 9 10 11 12 13 14 15 16 17 18 19 20 21 22 23 24 25 26 27 28 29 30
# mo_ind
 1
# obs_ind_in
 1.37719 1.29584 1.38352 1.42067 1.82932 1.18775 1.43685 1.14488 1.04422 1.02941 1.11697 1.14562 0.947816 0.821805 0.966755 0.984767 0.972207 0.878142 0.73026 0.835596 1.12236 0.827564 0.701701 0.678077 0.676701 0.666505 0.673954 0.643597 0.697007 0.64907
# obs_se_ind_in
 0.275437 0.259168 0.276703 0.284134 0.365865 0.23755 0.28737 0.228977 0.208844 0.205882 0.223393 0.229123 0.189563 0.164361 0.193351 0.196953 0.194441 0.175628 0.146052 0.167119 0.224472 0.165513 0.14034 0.135615 0.13534 0.133301 0.134791 0.128719 0.139401 0.129814
# nyrs_ind_age
 30
# nyrs_ind_length
 0
# yrs_ind_age_in
 1 2 3 4 5 6 7 8 9 10 11 12 13 14 15 16 17 18 19 20 21 22 23 24 25 26 27 28 29 30
# yrs_ind_length_in

# yrs_ind_age_in
 1 2 3 4 5 6 7 8 9 10 11 12 13 14 15 16 17 18 19 20 21 22 23 24 25 26 27 28 29 30
# n_sample_ind_length_in

# olc_ind_in

# oac_ind_in
 0.055 0.12 0.15 0.145 0.125 0.105 0.06 0.06 0.045 0.01 0.045 0.08
 0.05 0.15 0.15 0.105 0.1 0.12 0.07 0.065 0.025 0.03 0.025 0.11
 0.04 0.13 0.195 0.12 0.105 0.06 0.07 0.065 0.04 0.02 0.04 0.115
 0.085 0.145 0.105 0.125 0.1 0.075 0.085 0.03 0.05 0.03 0.025 0.145
 0.035 0.24 0.13 0.13 0.09 0.055 0.055 0.03 0.035 0.04 0.025 0.135
 0.08 0.155 0.16 0.13 0.085 0.115 0.045 0.04 0.04 0.05 0.01 0.09
 0.065 0.185 0.18 0.125 0.085 0.08 0.055 0.085 0.01 0.025 0.035 0.07
 0.04 0.1 0.21 0.2 0.125 0.07 0.06 0.035 0.035 0.025 0.02 0.08
 0.07 0.125 0.19 0.125 0.135 0.105 0.065 0.03 0.02 0.01 0.025 0.1
 0.11 0.14 0.155 0.12 0.085 0.06 0.1 0.035 0.055 0.02 0.03 0.09
 0.1 0.24 0.12 0.115 0.13 0.07 0.065 0.05 0 0.02 0.02 0.07
 0.07 0.21 0.2 0.07 0.065 0.065 0.085 0.07 0.035 0.035 0.005 0.09
 0.08 0.235 0.13 0.17 0.08 0.04 0.07 0.035 0.05 0.03 0.03 0.05
 0.145 0.155 0.18 0.135 0.125 0.035 0.05 0.04 0.035 0.015 0.035 0.05
 0.1 0.23 0.16 0.135 0.08 0.095 0.055 0.02 0.03 0.03 0.025 0.04
 0.09 0.155 0.27 0.12 0.11 0.06 0.07 0.03 0.015 0.015 0.015 0.05
 0.1 0.185 0.16 0.185 0.12 0.06 0.055 0.055 0.015 0.01 0.02 0.035
 0.08 0.295 0.205 0.095 0.075 0.065 0.045 0.06 0.03 0.01 0.005 0.035
 0.1 0.18 0.275 0.15 0.085 0.085 0.04 0.025 0.025 0 0.01 0.025
 0.1 0.165 0.245 0.16 0.105 0.045 0.065 0.025 0.025 0.025 0.01 0.03
 0.13 0.24 0.19 0.13 0.075 0.06 0.05 0.035 0.03 0.01 0.01 0.04
 0.06 0.215 0.235 0.155 0.125 0.07 0.05 0.045 0.025 0.005 0 0.015
 0.115 0.13 0.24 0.205 0.095 0.09 0.07 0.01 0.005 0.015 0.015 0.01
 0.135 0.24 0.155 0.155 0.095 0.045 0.07 0.015 0.015 0.02 0.03 0.025
 0.095 0.3 0.195 0.14 0.095 0.085 0.015 0.025 0.02 0.005 0.005 0.02
 0.16 0.195 0.2 0.145 0.095 0.07 0.06 0.045 0.005 0.01 0.005 0.01
 0.2 0.225 0.255 0.14 0.065 0.035 0.005 0.045 0.015 0 0.015 0
 0.125 0.31 0.17 0.185 0.09 0.05 0.015 0.025 0.005 0.005 0.01 0.01
 0.155 0.205 0.305 0.125 0.07 0.05 0.025 0.02 0.015 0.005 0.01 0.015
 0.13 0.24 0.2 0.2 0.105 0.02 0.05 0.025 0.015 0.01 0 0.005
# wt_ind
 1 1 1 1 1 1 1 1 1 1 1 1
 1 1 1 1 1 1 1 1 1 1 1 1
 1 1 1 1 1 1 1 1 1 1 1 1
 1 1 1 1 1 1 1 1 1 1 1 1
 1 1 1 1 1 1 1 1 1 1 1 1
 1 1 1 1 1 1 1 1 1 1 1 1
 1 1 1 1 1 1 1 1 1 1 1 1
 1 1 1 1 1 1 1 1 1 1 1 1
 1 1 1 1 1 1 1 1 1 1 1 1
 1 1 1 1 1 1 1 1 1 1 1 1
 1 1 1 1 1 1 1 1 1 1 1 1
 1 1 1 1 1 1 1 1 1 1 1 1
 1 1 1 1 1 1 1 1 1 1 1 1
 1 1 1 1 1 1 1 1 1 1 1 1
 1 1 1 1 1 1 1 1 1 1 1 1
 1 1 1 1 1 1 1 1 1 1 1 1
 1 1 1 1 1 1 1 1 1 1 1 1
 1 1 1 1 1 1 1 1 1 1 1 1
 1 1 1 1 1 1 1 1 1 1 1 1
 1 1 1 1 1 1 1 1 1 1 1 1
 1 1 1 1 1 1 1 1 1 1 1 1
 1 1 1 1 1 1 1 1 1 1 1 1
 1 1 1 1 1 1 1 1 1 1 1 1
 1 1 1 1 1 1 1 1 1 1 1 1
 1 1 1 1 1 1 1 1 1 1 1 1
 1 1 1 1 1 1 1 1 1 1 1 1
 1 1 1 1 1 1 1 1 1 1 1 1
 1 1 1 1 1 1 1 1 1 1 1 1
 1 1 1 1 1 1 1 1 1 1 1 1
 1 1 1 1 1 1 1 1 1 1 1 1
# wt_pop
 0.000530656 0.00119633 0.00205827 0.00303499 0.00405521 0.0050647 0.00602623 0.00691692 0.00772489 0.00844611 0.00908185 0.0096367
# maturity
 0.0229774 0.320821 0.904651 0.99478 0.999739 0.999987 0.999999 1 1 1 1 1
# spawnmo
1
# age_err
 1 0 0 0 0 0 0 0 0 0 0 0
 0 1 0 0 0 0 0 0 0 0 0 0
 0 0 1 0 0 0 0 0 0 0 0 0
 0 0 0 1 0 0 0 0 0 0 0 0
 0 0 0 0 1 0 0 0 0 0 0 0
 0 0 0 0 0 1 0 0 0 0 0 0
 0 0 0 0 0 0 1 0 0 0 0 0
 0 0 0 0 0 0 0 1 0 0 0 0
 0 0 0 0 0 0 0 0 1 0 0 0
 0 0 0 0 0 0 0 0 0 1 0 0
 0 0 0 0 0 0 0 0 0 0 1 0
 0 0 0 0 0 0 0 0 0 0 0 1
# cntrlfile_name
C:\Users\bai.li\DOCUME~1\Github\AGE_ST~1\ASSAMC\example\output\AMAK\s103\amak.dat
# Map shared selectivity: 
# sel_map
 1 2
 1 1
# datafile_name
amak_data.dat
# model_name
AMAK_MCP
# SrType
2
# use_age_err
0
# retro
0
# sigmarprior
0.2
# cvsigmarprior
0.25
# phase_sigmar
-3
# styr_rec_est
1
# endyr_rec_est
30
# Linfprior
80
# cvLinfprior
0.25
# kprior
0.18
# cvkprior
0.25
# Loprior
27.688
# cvLoprior
0.25
# sdageprior
0.1
# cvsdageprior
0.25
# natmortprior
0.2
# cvnatmortprior
0.25
# phase_M
-4
# npars_Mage
0
# ages_M_changes

# Mage_in

# Mage_offset_in

# phase_Mage
-5
# phase_rw_M
0
# npars_rw_M
0
# yrs_rw_M

# sigma_rw_M

# qprior
 3.48998e-007
# cvqprior
 1
# phase_q
 1
# q_power_prior
 1
# cvq_power_prior
 0.2
# phase_q_power
 -4
# phase_rw_q
 -1
# npars_rw_q
 0
# yrs_rw_q

# sigma_rw_q

# q_age_min
 1
# q_age_max
 12
# q_age_min
 1
# q_age_max
 12
# fsh_sel_opt(k)
2
# phase_sel_fsh(k)
2
# n_sel_ch_fsh(k)
1
# sel_slp_in_fsh(k)(1,n_sel_ch_fsh(k))
 1
# sel_inf_in_fsh(k)(1,n_sel_ch_fsh(k))
 2
# logsel_slp_in_fsh(k)(1,n_sel_ch_fsh(k))
 0
# yrs_sel_ch_fsh(k)(1,n_sel_ch_fsh(k))
 1

Survey SURVEY1
# ind_sel_opt(k)
2
# indname(k)
SURVEY1
# nselages_in_ind(k)
11
# phase_sel_ind(k)
2
# sel_change_in_ind(k)
 1 0 0 0 0 0 0 0 0 0 0 0 0 0 0 0 0 0 0 0 0 0 0 0 0 0 0 0 0 0
# n_sel_ch_ind(k)
1
# yrs_sel_ch_ind(k)(1,n_sel_ch_ind(k))
 1
# sel_slp_in_ind(k,1)
2
# sel_inf_in_ind(k,1)
1.5
# logsel_slp_in_ind(k,1)
0.693147
# logsel_slp_in_indv(k)
0.693147
SURVEY1 ind sel opt 2  1 0 0 0 0 0 0 0 0 0 0 0 0 0 0 0 0 0 0 0 0 0 0 0 0 0 0 0 0 0
Phase indices Sel_Coffs:  -1
 Test: 1.23457e+008
# Fshry Selages:  11
# Srvy  Selages:  11
# Phase for age-spec fishery  -1
# Phase for logistic fishery  2
# Phase for dble logistic fishery  -1
# Phase for age-spec indices   -1
# Phase for logistic indices   2
# Phase for dble logistic ind  -1
# Curv_pen_fsh: 
 0
# Curv_pen_ind: 
 0
# styr_fut
31
# endyr_fut
35
# nyrs_fsh_age
 30
# nyrs_fsh_age
 30
# yrs_fsh_age
 1 2 3 4 5 6 7 8 9 10 11 12 13 14 15 16 17 18 19 20 21 22 23 24 25 26 27 28 29 30
# n_sample_fsh_age
 200 200 200 200 200 200 200 200 200 200 200 200 200 200 200 200 200 200 200 200 200 200 200 200 200 200 200 200 200 200
# oac_fsh
 0.09 0.095 0.125 0.12 0.13 0.08 0.065 0.08 0.045 0.035 0.025 0.11
 0.06 0.1 0.14 0.17 0.12 0.095 0.08 0.015 0.035 0.03 0.02 0.135
 0.06 0.145 0.155 0.08 0.09 0.055 0.09 0.065 0.08 0.02 0.03 0.13
 0.055 0.09 0.125 0.15 0.11 0.075 0.08 0.05 0.035 0.065 0.035 0.13
 0.13 0.12 0.12 0.105 0.105 0.07 0.055 0.05 0.05 0.045 0.025 0.125
 0.04 0.135 0.195 0.13 0.1 0.075 0.045 0.035 0.04 0.035 0.015 0.155
 0.085 0.13 0.15 0.11 0.09 0.065 0.06 0.03 0.065 0.045 0.035 0.135
 0.055 0.105 0.17 0.15 0.105 0.065 0.075 0.045 0.025 0.025 0.025 0.155
 0.07 0.07 0.15 0.16 0.16 0.135 0.03 0.045 0.025 0.02 0.035 0.1
 0.145 0.11 0.085 0.105 0.09 0.085 0.12 0.06 0.025 0.025 0.02 0.13
 0.08 0.17 0.12 0.115 0.095 0.105 0.06 0.08 0.03 0.015 0.03 0.1
 0.09 0.145 0.205 0.12 0.045 0.04 0.06 0.05 0.085 0.03 0.035 0.095
 0.1 0.165 0.16 0.155 0.1 0.055 0.045 0.025 0.06 0.04 0.025 0.07
 0.13 0.12 0.165 0.125 0.125 0.06 0.065 0.02 0.045 0.03 0.05 0.065
 0.11 0.2 0.135 0.155 0.11 0.09 0.035 0.025 0.015 0.005 0.025 0.095
 0.07 0.175 0.26 0.1 0.085 0.075 0.06 0.05 0.005 0.015 0.025 0.08
 0.13 0.16 0.14 0.185 0.11 0.06 0.045 0.055 0.035 0.035 0.01 0.035
 0.165 0.225 0.13 0.075 0.135 0.05 0.085 0.04 0.02 0.01 0.01 0.055
 0.12 0.18 0.185 0.145 0.11 0.09 0.05 0.035 0.02 0.005 0.01 0.05
 0.105 0.19 0.2 0.165 0.13 0.05 0.055 0.03 0.02 0.02 0.01 0.025
 0.085 0.29 0.18 0.17 0.125 0.055 0.02 0.03 0.015 0 0.01 0.02
 0.125 0.25 0.23 0.15 0.07 0.07 0.05 0.01 0.01 0.005 0.005 0.025
 0.21 0.135 0.21 0.185 0.095 0.05 0.045 0.025 0.015 0.005 0.005 0.02
 0.125 0.245 0.175 0.145 0.13 0.06 0.035 0.05 0.02 0 0.005 0.01
 0.135 0.17 0.235 0.16 0.105 0.1 0.035 0.02 0.015 0.01 0.01 0.005
 0.21 0.175 0.23 0.17 0.08 0.045 0.025 0.015 0.02 0.01 0 0.02
 0.195 0.245 0.145 0.13 0.135 0.045 0.04 0.035 0.005 0.005 0.01 0.01
 0.165 0.335 0.19 0.085 0.085 0.075 0.01 0.02 0.015 0.005 0.005 0.01
 0.175 0.225 0.235 0.145 0.08 0.03 0.065 0.005 0.02 0.005 0.005 0.01
 0.105 0.245 0.155 0.255 0.12 0.045 0.04 0.005 0 0.01 0.005 0.015
# olc_fsh

# wt_fsh
 0.000530656 0.00119633 0.00205827 0.00303499 0.00405521 0.0050647 0.00602623 0.00691692 0.00772489 0.00844611 0.00908185 0.0096367
 0.000530656 0.00119633 0.00205827 0.00303499 0.00405521 0.0050647 0.00602623 0.00691692 0.00772489 0.00844611 0.00908185 0.0096367
 0.000530656 0.00119633 0.00205827 0.00303499 0.00405521 0.0050647 0.00602623 0.00691692 0.00772489 0.00844611 0.00908185 0.0096367
 0.000530656 0.00119633 0.00205827 0.00303499 0.00405521 0.0050647 0.00602623 0.00691692 0.00772489 0.00844611 0.00908185 0.0096367
 0.000530656 0.00119633 0.00205827 0.00303499 0.00405521 0.0050647 0.00602623 0.00691692 0.00772489 0.00844611 0.00908185 0.0096367
 0.000530656 0.00119633 0.00205827 0.00303499 0.00405521 0.0050647 0.00602623 0.00691692 0.00772489 0.00844611 0.00908185 0.0096367
 0.000530656 0.00119633 0.00205827 0.00303499 0.00405521 0.0050647 0.00602623 0.00691692 0.00772489 0.00844611 0.00908185 0.0096367
 0.000530656 0.00119633 0.00205827 0.00303499 0.00405521 0.0050647 0.00602623 0.00691692 0.00772489 0.00844611 0.00908185 0.0096367
 0.000530656 0.00119633 0.00205827 0.00303499 0.00405521 0.0050647 0.00602623 0.00691692 0.00772489 0.00844611 0.00908185 0.0096367
 0.000530656 0.00119633 0.00205827 0.00303499 0.00405521 0.0050647 0.00602623 0.00691692 0.00772489 0.00844611 0.00908185 0.0096367
 0.000530656 0.00119633 0.00205827 0.00303499 0.00405521 0.0050647 0.00602623 0.00691692 0.00772489 0.00844611 0.00908185 0.0096367
 0.000530656 0.00119633 0.00205827 0.00303499 0.00405521 0.0050647 0.00602623 0.00691692 0.00772489 0.00844611 0.00908185 0.0096367
 0.000530656 0.00119633 0.00205827 0.00303499 0.00405521 0.0050647 0.00602623 0.00691692 0.00772489 0.00844611 0.00908185 0.0096367
 0.000530656 0.00119633 0.00205827 0.00303499 0.00405521 0.0050647 0.00602623 0.00691692 0.00772489 0.00844611 0.00908185 0.0096367
 0.000530656 0.00119633 0.00205827 0.00303499 0.00405521 0.0050647 0.00602623 0.00691692 0.00772489 0.00844611 0.00908185 0.0096367
 0.000530656 0.00119633 0.00205827 0.00303499 0.00405521 0.0050647 0.00602623 0.00691692 0.00772489 0.00844611 0.00908185 0.0096367
 0.000530656 0.00119633 0.00205827 0.00303499 0.00405521 0.0050647 0.00602623 0.00691692 0.00772489 0.00844611 0.00908185 0.0096367
 0.000530656 0.00119633 0.00205827 0.00303499 0.00405521 0.0050647 0.00602623 0.00691692 0.00772489 0.00844611 0.00908185 0.0096367
 0.000530656 0.00119633 0.00205827 0.00303499 0.00405521 0.0050647 0.00602623 0.00691692 0.00772489 0.00844611 0.00908185 0.0096367
 0.000530656 0.00119633 0.00205827 0.00303499 0.00405521 0.0050647 0.00602623 0.00691692 0.00772489 0.00844611 0.00908185 0.0096367
 0.000530656 0.00119633 0.00205827 0.00303499 0.00405521 0.0050647 0.00602623 0.00691692 0.00772489 0.00844611 0.00908185 0.0096367
 0.000530656 0.00119633 0.00205827 0.00303499 0.00405521 0.0050647 0.00602623 0.00691692 0.00772489 0.00844611 0.00908185 0.0096367
 0.000530656 0.00119633 0.00205827 0.00303499 0.00405521 0.0050647 0.00602623 0.00691692 0.00772489 0.00844611 0.00908185 0.0096367
 0.000530656 0.00119633 0.00205827 0.00303499 0.00405521 0.0050647 0.00602623 0.00691692 0.00772489 0.00844611 0.00908185 0.0096367
 0.000530656 0.00119633 0.00205827 0.00303499 0.00405521 0.0050647 0.00602623 0.00691692 0.00772489 0.00844611 0.00908185 0.0096367
 0.000530656 0.00119633 0.00205827 0.00303499 0.00405521 0.0050647 0.00602623 0.00691692 0.00772489 0.00844611 0.00908185 0.0096367
 0.000530656 0.00119633 0.00205827 0.00303499 0.00405521 0.0050647 0.00602623 0.00691692 0.00772489 0.00844611 0.00908185 0.0096367
 0.000530656 0.00119633 0.00205827 0.00303499 0.00405521 0.0050647 0.00602623 0.00691692 0.00772489 0.00844611 0.00908185 0.0096367
 0.000530656 0.00119633 0.00205827 0.00303499 0.00405521 0.0050647 0.00602623 0.00691692 0.00772489 0.00844611 0.00908185 0.0096367
 0.000530656 0.00119633 0.00205827 0.00303499 0.00405521 0.0050647 0.00602623 0.00691692 0.00772489 0.00844611 0.00908185 0.0096367
# nyrs_ind_age
 30
# yrs_ind_age
 1 2 3 4 5 6 7 8 9 10 11 12 13 14 15 16 17 18 19 20 21 22 23 24 25 26 27 28 29 30
# n_sample_ind_age
 200 200 200 200 200 200 200 200 200 200 200 200 200 200 200 200 200 200 200 200 200 200 200 200 200 200 200 200 200 200
# oac_ind
 0.055 0.12 0.15 0.145 0.125 0.105 0.06 0.06 0.045 0.01 0.045 0.08
 0.05 0.15 0.15 0.105 0.1 0.12 0.07 0.065 0.025 0.03 0.025 0.11
 0.04 0.13 0.195 0.12 0.105 0.06 0.07 0.065 0.04 0.02 0.04 0.115
 0.085 0.145 0.105 0.125 0.1 0.075 0.085 0.03 0.05 0.03 0.025 0.145
 0.035 0.24 0.13 0.13 0.09 0.055 0.055 0.03 0.035 0.04 0.025 0.135
 0.08 0.155 0.16 0.13 0.085 0.115 0.045 0.04 0.04 0.05 0.01 0.09
 0.065 0.185 0.18 0.125 0.085 0.08 0.055 0.085 0.01 0.025 0.035 0.07
 0.04 0.1 0.21 0.2 0.125 0.07 0.06 0.035 0.035 0.025 0.02 0.08
 0.07 0.125 0.19 0.125 0.135 0.105 0.065 0.03 0.02 0.01 0.025 0.1
 0.11 0.14 0.155 0.12 0.085 0.06 0.1 0.035 0.055 0.02 0.03 0.09
 0.1 0.24 0.12 0.115 0.13 0.07 0.065 0.05 0 0.02 0.02 0.07
 0.07 0.21 0.2 0.07 0.065 0.065 0.085 0.07 0.035 0.035 0.005 0.09
 0.08 0.235 0.13 0.17 0.08 0.04 0.07 0.035 0.05 0.03 0.03 0.05
 0.145 0.155 0.18 0.135 0.125 0.035 0.05 0.04 0.035 0.015 0.035 0.05
 0.1 0.23 0.16 0.135 0.08 0.095 0.055 0.02 0.03 0.03 0.025 0.04
 0.09 0.155 0.27 0.12 0.11 0.06 0.07 0.03 0.015 0.015 0.015 0.05
 0.1 0.185 0.16 0.185 0.12 0.06 0.055 0.055 0.015 0.01 0.02 0.035
 0.08 0.295 0.205 0.095 0.075 0.065 0.045 0.06 0.03 0.01 0.005 0.035
 0.1 0.18 0.275 0.15 0.085 0.085 0.04 0.025 0.025 0 0.01 0.025
 0.1 0.165 0.245 0.16 0.105 0.045 0.065 0.025 0.025 0.025 0.01 0.03
 0.13 0.24 0.19 0.13 0.075 0.06 0.05 0.035 0.03 0.01 0.01 0.04
 0.06 0.215 0.235 0.155 0.125 0.07 0.05 0.045 0.025 0.005 0 0.015
 0.115 0.13 0.24 0.205 0.095 0.09 0.07 0.01 0.005 0.015 0.015 0.01
 0.135 0.24 0.155 0.155 0.095 0.045 0.07 0.015 0.015 0.02 0.03 0.025
 0.095 0.3 0.195 0.14 0.095 0.085 0.015 0.025 0.02 0.005 0.005 0.02
 0.16 0.195 0.2 0.145 0.095 0.07 0.06 0.045 0.005 0.01 0.005 0.01
 0.2 0.225 0.255 0.14 0.065 0.035 0.005 0.045 0.015 0 0.015 0
 0.125 0.31 0.17 0.185 0.09 0.05 0.015 0.025 0.005 0.005 0.01 0.01
 0.155 0.205 0.305 0.125 0.07 0.05 0.025 0.02 0.015 0.005 0.01 0.015
 0.13 0.24 0.2 0.2 0.105 0.02 0.05 0.025 0.015 0.01 0 0.005
# olc_ind

# obs_lse_ind
 0.198042 0.198042 0.198042 0.198042 0.198042 0.198042 0.198042 0.198042 0.198042 0.198042 0.198042 0.198042 0.198042 0.198042 0.198042 0.198042 0.198042 0.198042 0.198042 0.198042 0.198042 0.198042 0.198042 0.198042 0.198042 0.198042 0.198042 0.198042 0.198042 0.198042
# xages_fsh
 0 0 0 0 0 0 0 0 0 0 0 0
# xages_fsh
 0 0.0909091 0.181818 0.272727 0.363636 0.454545 0.545455 0.636364 0.727273 0.818182 0.909091 1
# xnodes_fsh

Yrs fsh_sel change:  1 0 0 0 0 0 0 0 0 0 0 0 0 0 0 0 0 0 0 0 0 0 0 0 0 0 0 0 0
Yrs ind_sel change:  1 0 0 0 0 0 0 0 0 0 0 0 0 0 0 0 0 0 0 0 0 0 0 0 0 0 0 0 0
# steepnessprior
0.75
# sigmarprior
0.2
#  SSB estimated in styr endyr: -13 28 
#  Rec estimated in styr endyr: -11 30 
#  SR Curve fit  in styr endyr: 1 30 
#             Model styr endyr: 1 30 
# qprior
 3.48998e-007
# q_power_prior 
 1 
# cv_catchbiomass 
0.05 
# CatchbiomassPen 
200 
# Number of projection years 
5 
# offset_fsh
 13259.2
# offset_ind
 13124.8
Mean Catch
1363.34
R_guess 
15.4778
# nfsh
1
# n_sel_ch_fsh
 1
# nselages_fsh
 11
# phase_selcoff_fsh
 -1
logRzero 15.4778
logmeanrec 15.4778
exp(log_sigmarprior 0.2
Fish sel phase: -1 FLEET1
Fixing fishery sel to
1
Srvy sel phase: -1
Fixing SURVEY1 indices sel to
1
# logsel_slp_in_indv
 0.693147
Leaving parameter init secton
# M
 0.2 0.2 0.2 0.2 0.2 0.2 0.2 0.2 0.2 0.2 0.2 0.2
 0.2 0.2 0.2 0.2 0.2 0.2 0.2 0.2 0.2 0.2 0.2 0.2
 0.2 0.2 0.2 0.2 0.2 0.2 0.2 0.2 0.2 0.2 0.2 0.2
 0.2 0.2 0.2 0.2 0.2 0.2 0.2 0.2 0.2 0.2 0.2 0.2
 0.2 0.2 0.2 0.2 0.2 0.2 0.2 0.2 0.2 0.2 0.2 0.2
 0.2 0.2 0.2 0.2 0.2 0.2 0.2 0.2 0.2 0.2 0.2 0.2
 0.2 0.2 0.2 0.2 0.2 0.2 0.2 0.2 0.2 0.2 0.2 0.2
 0.2 0.2 0.2 0.2 0.2 0.2 0.2 0.2 0.2 0.2 0.2 0.2
 0.2 0.2 0.2 0.2 0.2 0.2 0.2 0.2 0.2 0.2 0.2 0.2
 0.2 0.2 0.2 0.2 0.2 0.2 0.2 0.2 0.2 0.2 0.2 0.2
 0.2 0.2 0.2 0.2 0.2 0.2 0.2 0.2 0.2 0.2 0.2 0.2
 0.2 0.2 0.2 0.2 0.2 0.2 0.2 0.2 0.2 0.2 0.2 0.2
 0.2 0.2 0.2 0.2 0.2 0.2 0.2 0.2 0.2 0.2 0.2 0.2
 0.2 0.2 0.2 0.2 0.2 0.2 0.2 0.2 0.2 0.2 0.2 0.2
 0.2 0.2 0.2 0.2 0.2 0.2 0.2 0.2 0.2 0.2 0.2 0.2
 0.2 0.2 0.2 0.2 0.2 0.2 0.2 0.2 0.2 0.2 0.2 0.2
 0.2 0.2 0.2 0.2 0.2 0.2 0.2 0.2 0.2 0.2 0.2 0.2
 0.2 0.2 0.2 0.2 0.2 0.2 0.2 0.2 0.2 0.2 0.2 0.2
 0.2 0.2 0.2 0.2 0.2 0.2 0.2 0.2 0.2 0.2 0.2 0.2
 0.2 0.2 0.2 0.2 0.2 0.2 0.2 0.2 0.2 0.2 0.2 0.2
 0.2 0.2 0.2 0.2 0.2 0.2 0.2 0.2 0.2 0.2 0.2 0.2
 0.2 0.2 0.2 0.2 0.2 0.2 0.2 0.2 0.2 0.2 0.2 0.2
 0.2 0.2 0.2 0.2 0.2 0.2 0.2 0.2 0.2 0.2 0.2 0.2
 0.2 0.2 0.2 0.2 0.2 0.2 0.2 0.2 0.2 0.2 0.2 0.2
 0.2 0.2 0.2 0.2 0.2 0.2 0.2 0.2 0.2 0.2 0.2 0.2
 0.2 0.2 0.2 0.2 0.2 0.2 0.2 0.2 0.2 0.2 0.2 0.2
 0.2 0.2 0.2 0.2 0.2 0.2 0.2 0.2 0.2 0.2 0.2 0.2
 0.2 0.2 0.2 0.2 0.2 0.2 0.2 0.2 0.2 0.2 0.2 0.2
 0.2 0.2 0.2 0.2 0.2 0.2 0.2 0.2 0.2 0.2 0.2 0.2
 0.2 0.2 0.2 0.2 0.2 0.2 0.2 0.2 0.2 0.2 0.2 0.2
# mean_log_rec
13.7749
# log_Rzero
13.8852
# rec_dev
 -0.115627 -0.138093 0.0254322 -0.165877 0.0150994 -0.0510998 0.0300829 0.0725376 0.171309 0.0384196 0.027977 -0.0325179 0.117947 0.02429 0.00295092 0.360977 0.279779 0.154482 -0.0303763 -0.278081 -0.204735 0.218231 0.0036698 0.0288847 -0.0846408 0.303936 -0.0832374 0.0335794 0.253771 0.103968 0.000399988 0.232647 0.0638437 -0.248788 0.0615118 -0.0744297 -0.211259 -0.0166488 0.279759 -0.128446 -0.0169224 -0.250321
# fmort
 0.00876977 0.0254676 0.0424907 0.0568826 0.045718 0.0819118 0.083076 0.175404 0.102332 0.125694 0.143001 0.152894 0.110625 0.159354 0.169078 0.152043 0.299913 0.241499 0.239615 0.237194 0.331206 0.244232 0.406127 0.332903 0.33383 0.303996 0.299652 0.415869 0.318938 0.490224
# rec_dev_future
 0 0 0 0 0
