AMAK;Mar 2020
# styr
1
# endyr
30
# rec_age
1
# oldest_age
12
# nlength
81
# len_bins
 10 11 12 13 14 15 16 17 18 19 20 21 22 23 24 25 26 27 28 29 30 31 32 33 34 35 36 37 38 39 40 41 42 43 44 45 46 47 48 49 50 51 52 53 54 55 56 57 58 59 60 61 62 63 64 65 66 67 68 69 70 71 72 73 74 75 76 77 78 79 80 81 82 83 84 85 86 87 88 89 90
# datafile_name
amak_data.dat
# model_name
AMAK_MCP
# styr
1
# endyr
30
# rec_age
1
# oldest_age
12
# nfsh
1
# fshname
FLEET1
# catch_bio_in
 160.477 464.773 746.056 967.593 745.714 1299.54 1249.32 2331.85 1228.78 1404.76 1458.23 1440.75 979.048 1362.67 1381.1 1186.94 2151.08 1589.39 1477.42 1333.04 1700.33 1127.93 1683.75 1233.49 1172.19 1010.62 966.044 1282.31 924.818 1325.66
# catch_bio_sd_in
 0.01 0.01 0.01 0.01 0.01 0.01 0.01 0.01 0.01 0.01 0.01 0.01 0.01 0.01 0.01 0.01 0.01 0.01 0.01 0.01 0.01 0.01 0.01 0.01 0.01 0.01 0.01 0.01 0.01 0.01
# nyrs_fsh_age
 30
# nyrs_fsh_length
 0
# yrs_fsh_age_in
 1 2 3 4 5 6 7 8 9 10 11 12 13 14 15 16 17 18 19 20 21 22 23 24 25 26 27 28 29 30
# yrs_fsh_length_in

# n_sample_fsh_length_in

# olc_fsh_in

# nind
1
# indname
SURVEY1
# nyrs_ind
 30
# yrs_ind_in
 1 2 3 4 5 6 7 8 9 10 11 12 13 14 15 16 17 18 19 20 21 22 23 24 25 26 27 28 29 30
# mo_ind
 1
# obs_ind_in
 1.56373 1.35371 1.64579 1.36 1.41706 1.50714 1.16728 1.34219 1.17185 1.26026 1.20702 1.07122 1.02036 0.97161 0.899029 1.1243 0.922104 0.956736 0.829385 0.714613 0.86012 0.79644 0.705745 0.686011 0.61122 0.588233 0.566306 0.604872 0.486833 0.496392
# obs_se_ind_in
 0.312746 0.270741 0.329159 0.272 0.283411 0.301428 0.233456 0.268437 0.234371 0.252052 0.241404 0.214244 0.204072 0.194322 0.179806 0.22486 0.184421 0.191347 0.165877 0.142923 0.172024 0.159288 0.141149 0.137202 0.122244 0.117647 0.113261 0.120974 0.0973665 0.0992784
# nyrs_ind_age
 30
# nyrs_ind_length
 0
# yrs_ind_age_in
 1 2 3 4 5 6 7 8 9 10 11 12 13 14 15 16 17 18 19 20 21 22 23 24 25 26 27 28 29 30
# yrs_ind_length_in

# yrs_ind_age_in
 1 2 3 4 5 6 7 8 9 10 11 12 13 14 15 16 17 18 19 20 21 22 23 24 25 26 27 28 29 30
# n_sample_ind_length_in

# olc_ind_in

# oac_ind_in
 0.055 0.12 0.19 0.13 0.08 0.08 0.07 0.04 0.05 0.02 0.03 0.135
 0.085 0.115 0.145 0.105 0.08 0.09 0.05 0.105 0.035 0.03 0.04 0.12
 0.075 0.15 0.125 0.125 0.09 0.07 0.055 0.045 0.055 0.05 0.02 0.14
 0.05 0.12 0.18 0.095 0.08 0.095 0.055 0.065 0.05 0.035 0.025 0.15
 0.03 0.22 0.16 0.125 0.055 0.075 0.055 0.035 0.045 0.045 0.03 0.125
 0.055 0.095 0.205 0.135 0.095 0.06 0.055 0.04 0.035 0.045 0.04 0.14
 0.065 0.13 0.13 0.145 0.08 0.065 0.08 0.045 0.055 0.035 0.03 0.14
 0.095 0.09 0.095 0.065 0.185 0.11 0.06 0.03 0.07 0.025 0.025 0.15
 0.055 0.245 0.095 0.16 0.055 0.12 0.055 0.05 0.025 0.035 0.02 0.085
 0.075 0.165 0.19 0.11 0.08 0.05 0.08 0.055 0.02 0.04 0.01 0.125
 0.065 0.2 0.115 0.2 0.06 0.09 0.025 0.075 0.03 0.03 0.025 0.085
 0.08 0.125 0.215 0.11 0.145 0.075 0.055 0.015 0.07 0.04 0.015 0.055
 0.13 0.2 0.11 0.135 0.11 0.11 0.045 0.05 0.005 0.035 0.02 0.05
 0.095 0.175 0.17 0.1 0.11 0.115 0.05 0.03 0.025 0.005 0.03 0.095
 0.09 0.15 0.205 0.19 0.08 0.07 0.06 0.055 0.025 0.01 0.01 0.055
 0.14 0.145 0.145 0.17 0.105 0.06 0.045 0.045 0.035 0.005 0.02 0.085
 0.1 0.29 0.15 0.105 0.115 0.055 0.065 0.04 0.02 0.02 0.005 0.035
 0.07 0.25 0.215 0.11 0.105 0.075 0.07 0.02 0.015 0.02 0.01 0.04
 0.06 0.185 0.2 0.235 0.105 0.035 0.05 0.04 0.02 0.01 0.02 0.04
 0.11 0.15 0.195 0.145 0.175 0.1 0.015 0.04 0.025 0.01 0.01 0.025
 0.14 0.2 0.185 0.1 0.105 0.13 0.035 0.015 0.04 0.02 0.01 0.02
 0.1 0.315 0.125 0.155 0.1 0.05 0.045 0.04 0.02 0.015 0.01 0.025
 0.145 0.19 0.245 0.14 0.11 0.04 0.05 0.025 0.02 0.01 0.005 0.02
 0.12 0.25 0.2 0.19 0.045 0.095 0.03 0.035 0.02 0 0 0.015
 0.125 0.235 0.285 0.105 0.105 0.035 0.035 0.01 0.03 0.02 0 0.015
 0.125 0.23 0.155 0.23 0.1 0.075 0.03 0.02 0.005 0.01 0.005 0.015
 0.14 0.195 0.24 0.145 0.095 0.05 0.045 0.03 0.015 0 0.025 0.02
 0.125 0.225 0.23 0.15 0.105 0.08 0.03 0.015 0.015 0.005 0.01 0.01
 0.11 0.285 0.19 0.155 0.11 0.065 0.05 0.01 0.01 0.005 0 0.01
 0.105 0.21 0.305 0.12 0.105 0.045 0.03 0.025 0.015 0.015 0.005 0.02
# wt_ind
 1 1 1 1 1 1 1 1 1 1 1 1
 1 1 1 1 1 1 1 1 1 1 1 1
 1 1 1 1 1 1 1 1 1 1 1 1
 1 1 1 1 1 1 1 1 1 1 1 1
 1 1 1 1 1 1 1 1 1 1 1 1
 1 1 1 1 1 1 1 1 1 1 1 1
 1 1 1 1 1 1 1 1 1 1 1 1
 1 1 1 1 1 1 1 1 1 1 1 1
 1 1 1 1 1 1 1 1 1 1 1 1
 1 1 1 1 1 1 1 1 1 1 1 1
 1 1 1 1 1 1 1 1 1 1 1 1
 1 1 1 1 1 1 1 1 1 1 1 1
 1 1 1 1 1 1 1 1 1 1 1 1
 1 1 1 1 1 1 1 1 1 1 1 1
 1 1 1 1 1 1 1 1 1 1 1 1
 1 1 1 1 1 1 1 1 1 1 1 1
 1 1 1 1 1 1 1 1 1 1 1 1
 1 1 1 1 1 1 1 1 1 1 1 1
 1 1 1 1 1 1 1 1 1 1 1 1
 1 1 1 1 1 1 1 1 1 1 1 1
 1 1 1 1 1 1 1 1 1 1 1 1
 1 1 1 1 1 1 1 1 1 1 1 1
 1 1 1 1 1 1 1 1 1 1 1 1
 1 1 1 1 1 1 1 1 1 1 1 1
 1 1 1 1 1 1 1 1 1 1 1 1
 1 1 1 1 1 1 1 1 1 1 1 1
 1 1 1 1 1 1 1 1 1 1 1 1
 1 1 1 1 1 1 1 1 1 1 1 1
 1 1 1 1 1 1 1 1 1 1 1 1
 1 1 1 1 1 1 1 1 1 1 1 1
# wt_pop
 0.000530656 0.00119633 0.00205827 0.00303499 0.00405521 0.0050647 0.00602623 0.00691692 0.00772489 0.00844611 0.00908185 0.0096367
# maturity
 0.0229774 0.320821 0.904651 0.99478 0.999739 0.999987 0.999999 1 1 1 1 1
# spawnmo
1
# age_err
 1 0 0 0 0 0 0 0 0 0 0 0
 0 1 0 0 0 0 0 0 0 0 0 0
 0 0 1 0 0 0 0 0 0 0 0 0
 0 0 0 1 0 0 0 0 0 0 0 0
 0 0 0 0 1 0 0 0 0 0 0 0
 0 0 0 0 0 1 0 0 0 0 0 0
 0 0 0 0 0 0 1 0 0 0 0 0
 0 0 0 0 0 0 0 1 0 0 0 0
 0 0 0 0 0 0 0 0 1 0 0 0
 0 0 0 0 0 0 0 0 0 1 0 0
 0 0 0 0 0 0 0 0 0 0 1 0
 0 0 0 0 0 0 0 0 0 0 0 1
# cntrlfile_name
C:\Users\bai.li\DOCUME~1\Github\AGE_ST~1\ASSAMC\example\output\AMAK\s11\amak.dat
# Map shared selectivity: 
# sel_map
 1 2
 1 1
# datafile_name
amak_data.dat
# model_name
AMAK_MCP
# SrType
2
# use_age_err
0
# retro
0
# sigmarprior
0.2
# cvsigmarprior
0.25
# phase_sigmar
-3
# styr_rec_est
1
# endyr_rec_est
30
# Linfprior
80
# cvLinfprior
0.25
# kprior
0.18
# cvkprior
0.25
# Loprior
27.688
# cvLoprior
0.25
# sdageprior
0.1
# cvsdageprior
0.25
# natmortprior
0.2
# cvnatmortprior
0.25
# phase_M
-4
# npars_Mage
0
# ages_M_changes

# Mage_in

# Mage_offset_in

# phase_Mage
-5
# phase_rw_M
0
# npars_rw_M
0
# yrs_rw_M

# sigma_rw_M

# qprior
 3.48998e-007
# cvqprior
 1
# phase_q
 1
# q_power_prior
 1
# cvq_power_prior
 0.2
# phase_q_power
 -4
# phase_rw_q
 -1
# npars_rw_q
 0
# yrs_rw_q

# sigma_rw_q

# q_age_min
 1
# q_age_max
 12
# q_age_min
 1
# q_age_max
 12
# fsh_sel_opt(k)
2
# phase_sel_fsh(k)
2
# n_sel_ch_fsh(k)
1
# sel_slp_in_fsh(k)(1,n_sel_ch_fsh(k))
 1
# sel_inf_in_fsh(k)(1,n_sel_ch_fsh(k))
 2
# logsel_slp_in_fsh(k)(1,n_sel_ch_fsh(k))
 0
# yrs_sel_ch_fsh(k)(1,n_sel_ch_fsh(k))
 1

Survey SURVEY1
# ind_sel_opt(k)
2
# indname(k)
SURVEY1
# nselages_in_ind(k)
11
# phase_sel_ind(k)
2
# sel_change_in_ind(k)
 1 0 0 0 0 0 0 0 0 0 0 0 0 0 0 0 0 0 0 0 0 0 0 0 0 0 0 0 0 0
# n_sel_ch_ind(k)
1
# yrs_sel_ch_ind(k)(1,n_sel_ch_ind(k))
 1
# sel_slp_in_ind(k,1)
2
# sel_inf_in_ind(k,1)
1.5
# logsel_slp_in_ind(k,1)
0.693147
# logsel_slp_in_indv(k)
0.693147
SURVEY1 ind sel opt 2  1 0 0 0 0 0 0 0 0 0 0 0 0 0 0 0 0 0 0 0 0 0 0 0 0 0 0 0 0 0
Phase indices Sel_Coffs:  -1
 Test: 1.23457e+008
# Fshry Selages:  11
# Srvy  Selages:  11
# Phase for age-spec fishery  -1
# Phase for logistic fishery  2
# Phase for dble logistic fishery  -1
# Phase for age-spec indices   -1
# Phase for logistic indices   2
# Phase for dble logistic ind  -1
# Curv_pen_fsh: 
 0
# Curv_pen_ind: 
 0
# styr_fut
31
# endyr_fut
35
# nyrs_fsh_age
 30
# nyrs_fsh_age
 30
# yrs_fsh_age
 1 2 3 4 5 6 7 8 9 10 11 12 13 14 15 16 17 18 19 20 21 22 23 24 25 26 27 28 29 30
# n_sample_fsh_age
 200 200 200 200 200 200 200 200 200 200 200 200 200 200 200 200 200 200 200 200 200 200 200 200 200 200 200 200 200 200
# oac_fsh
 0.05 0.125 0.1 0.17 0.13 0.065 0.095 0.05 0.05 0.03 0.025 0.11
 0.08 0.09 0.145 0.1 0.145 0.095 0.05 0.07 0.055 0.04 0.015 0.115
 0.045 0.135 0.135 0.14 0.095 0.06 0.08 0.055 0.03 0.045 0.03 0.15
 0.1 0.065 0.135 0.13 0.105 0.09 0.06 0.04 0.07 0.05 0.01 0.145
 0.045 0.18 0.15 0.095 0.075 0.095 0.07 0.04 0.04 0.035 0.04 0.135
 0.085 0.05 0.195 0.135 0.1 0.11 0.045 0.065 0.035 0.045 0.03 0.105
 0.055 0.105 0.085 0.205 0.115 0.115 0.075 0.025 0.06 0.025 0.045 0.09
 0.105 0.115 0.155 0.065 0.13 0.09 0.06 0.05 0.03 0.05 0.02 0.13
 0.095 0.145 0.11 0.1 0.075 0.135 0.035 0.085 0.035 0.025 0.035 0.125
 0.08 0.14 0.15 0.095 0.095 0.05 0.15 0.055 0.035 0.025 0.035 0.09
 0.05 0.16 0.12 0.175 0.145 0.075 0.04 0.06 0.02 0.04 0.01 0.105
 0.135 0.1 0.145 0.1 0.15 0.075 0.04 0.06 0.025 0.02 0.055 0.095
 0.12 0.17 0.115 0.155 0.09 0.08 0.065 0.025 0.01 0.025 0.045 0.1
 0.115 0.185 0.145 0.1 0.1 0.09 0.095 0.04 0.035 0.005 0.025 0.065
 0.11 0.155 0.145 0.185 0.11 0.05 0.05 0.07 0.025 0.02 0.005 0.075
 0.15 0.185 0.17 0.13 0.095 0.05 0.07 0.05 0.03 0.02 0.005 0.045
 0.145 0.195 0.185 0.11 0.13 0.06 0.045 0.02 0.035 0.025 0 0.05
 0.09 0.17 0.245 0.145 0.045 0.09 0.05 0.035 0.035 0.005 0.035 0.055
 0.095 0.175 0.175 0.16 0.14 0.07 0.045 0.05 0.01 0.005 0.02 0.055
 0.145 0.125 0.15 0.15 0.145 0.095 0.07 0.05 0.02 0.025 0.01 0.015
 0.145 0.14 0.155 0.135 0.15 0.1 0.035 0.04 0.025 0.02 0.02 0.035
 0.105 0.19 0.175 0.145 0.15 0.07 0.06 0.025 0.025 0.02 0.025 0.01
 0.155 0.145 0.205 0.14 0.1 0.08 0.05 0.055 0.025 0.015 0.005 0.025
 0.155 0.24 0.17 0.155 0.065 0.06 0.04 0.02 0.05 0.02 0.005 0.02
 0.17 0.19 0.205 0.165 0.095 0.05 0.06 0.02 0.01 0.01 0.02 0.005
 0.13 0.2 0.205 0.19 0.075 0.09 0.025 0.025 0.015 0.015 0.01 0.02
 0.145 0.215 0.145 0.14 0.155 0.075 0.045 0.03 0.02 0.005 0.005 0.02
 0.195 0.18 0.195 0.17 0.11 0.065 0.025 0.02 0.015 0.01 0.005 0.01
 0.16 0.23 0.19 0.155 0.07 0.055 0.05 0.035 0.025 0.01 0.01 0.01
 0.17 0.225 0.23 0.175 0.075 0.045 0.05 0.01 0 0.02 0 0
# olc_fsh

# wt_fsh
 0.000530656 0.00119633 0.00205827 0.00303499 0.00405521 0.0050647 0.00602623 0.00691692 0.00772489 0.00844611 0.00908185 0.0096367
 0.000530656 0.00119633 0.00205827 0.00303499 0.00405521 0.0050647 0.00602623 0.00691692 0.00772489 0.00844611 0.00908185 0.0096367
 0.000530656 0.00119633 0.00205827 0.00303499 0.00405521 0.0050647 0.00602623 0.00691692 0.00772489 0.00844611 0.00908185 0.0096367
 0.000530656 0.00119633 0.00205827 0.00303499 0.00405521 0.0050647 0.00602623 0.00691692 0.00772489 0.00844611 0.00908185 0.0096367
 0.000530656 0.00119633 0.00205827 0.00303499 0.00405521 0.0050647 0.00602623 0.00691692 0.00772489 0.00844611 0.00908185 0.0096367
 0.000530656 0.00119633 0.00205827 0.00303499 0.00405521 0.0050647 0.00602623 0.00691692 0.00772489 0.00844611 0.00908185 0.0096367
 0.000530656 0.00119633 0.00205827 0.00303499 0.00405521 0.0050647 0.00602623 0.00691692 0.00772489 0.00844611 0.00908185 0.0096367
 0.000530656 0.00119633 0.00205827 0.00303499 0.00405521 0.0050647 0.00602623 0.00691692 0.00772489 0.00844611 0.00908185 0.0096367
 0.000530656 0.00119633 0.00205827 0.00303499 0.00405521 0.0050647 0.00602623 0.00691692 0.00772489 0.00844611 0.00908185 0.0096367
 0.000530656 0.00119633 0.00205827 0.00303499 0.00405521 0.0050647 0.00602623 0.00691692 0.00772489 0.00844611 0.00908185 0.0096367
 0.000530656 0.00119633 0.00205827 0.00303499 0.00405521 0.0050647 0.00602623 0.00691692 0.00772489 0.00844611 0.00908185 0.0096367
 0.000530656 0.00119633 0.00205827 0.00303499 0.00405521 0.0050647 0.00602623 0.00691692 0.00772489 0.00844611 0.00908185 0.0096367
 0.000530656 0.00119633 0.00205827 0.00303499 0.00405521 0.0050647 0.00602623 0.00691692 0.00772489 0.00844611 0.00908185 0.0096367
 0.000530656 0.00119633 0.00205827 0.00303499 0.00405521 0.0050647 0.00602623 0.00691692 0.00772489 0.00844611 0.00908185 0.0096367
 0.000530656 0.00119633 0.00205827 0.00303499 0.00405521 0.0050647 0.00602623 0.00691692 0.00772489 0.00844611 0.00908185 0.0096367
 0.000530656 0.00119633 0.00205827 0.00303499 0.00405521 0.0050647 0.00602623 0.00691692 0.00772489 0.00844611 0.00908185 0.0096367
 0.000530656 0.00119633 0.00205827 0.00303499 0.00405521 0.0050647 0.00602623 0.00691692 0.00772489 0.00844611 0.00908185 0.0096367
 0.000530656 0.00119633 0.00205827 0.00303499 0.00405521 0.0050647 0.00602623 0.00691692 0.00772489 0.00844611 0.00908185 0.0096367
 0.000530656 0.00119633 0.00205827 0.00303499 0.00405521 0.0050647 0.00602623 0.00691692 0.00772489 0.00844611 0.00908185 0.0096367
 0.000530656 0.00119633 0.00205827 0.00303499 0.00405521 0.0050647 0.00602623 0.00691692 0.00772489 0.00844611 0.00908185 0.0096367
 0.000530656 0.00119633 0.00205827 0.00303499 0.00405521 0.0050647 0.00602623 0.00691692 0.00772489 0.00844611 0.00908185 0.0096367
 0.000530656 0.00119633 0.00205827 0.00303499 0.00405521 0.0050647 0.00602623 0.00691692 0.00772489 0.00844611 0.00908185 0.0096367
 0.000530656 0.00119633 0.00205827 0.00303499 0.00405521 0.0050647 0.00602623 0.00691692 0.00772489 0.00844611 0.00908185 0.0096367
 0.000530656 0.00119633 0.00205827 0.00303499 0.00405521 0.0050647 0.00602623 0.00691692 0.00772489 0.00844611 0.00908185 0.0096367
 0.000530656 0.00119633 0.00205827 0.00303499 0.00405521 0.0050647 0.00602623 0.00691692 0.00772489 0.00844611 0.00908185 0.0096367
 0.000530656 0.00119633 0.00205827 0.00303499 0.00405521 0.0050647 0.00602623 0.00691692 0.00772489 0.00844611 0.00908185 0.0096367
 0.000530656 0.00119633 0.00205827 0.00303499 0.00405521 0.0050647 0.00602623 0.00691692 0.00772489 0.00844611 0.00908185 0.0096367
 0.000530656 0.00119633 0.00205827 0.00303499 0.00405521 0.0050647 0.00602623 0.00691692 0.00772489 0.00844611 0.00908185 0.0096367
 0.000530656 0.00119633 0.00205827 0.00303499 0.00405521 0.0050647 0.00602623 0.00691692 0.00772489 0.00844611 0.00908185 0.0096367
 0.000530656 0.00119633 0.00205827 0.00303499 0.00405521 0.0050647 0.00602623 0.00691692 0.00772489 0.00844611 0.00908185 0.0096367
# nyrs_ind_age
 30
# yrs_ind_age
 1 2 3 4 5 6 7 8 9 10 11 12 13 14 15 16 17 18 19 20 21 22 23 24 25 26 27 28 29 30
# n_sample_ind_age
 200 200 200 200 200 200 200 200 200 200 200 200 200 200 200 200 200 200 200 200 200 200 200 200 200 200 200 200 200 200
# oac_ind
 0.055 0.12 0.19 0.13 0.08 0.08 0.07 0.04 0.05 0.02 0.03 0.135
 0.085 0.115 0.145 0.105 0.08 0.09 0.05 0.105 0.035 0.03 0.04 0.12
 0.075 0.15 0.125 0.125 0.09 0.07 0.055 0.045 0.055 0.05 0.02 0.14
 0.05 0.12 0.18 0.095 0.08 0.095 0.055 0.065 0.05 0.035 0.025 0.15
 0.03 0.22 0.16 0.125 0.055 0.075 0.055 0.035 0.045 0.045 0.03 0.125
 0.055 0.095 0.205 0.135 0.095 0.06 0.055 0.04 0.035 0.045 0.04 0.14
 0.065 0.13 0.13 0.145 0.08 0.065 0.08 0.045 0.055 0.035 0.03 0.14
 0.095 0.09 0.095 0.065 0.185 0.11 0.06 0.03 0.07 0.025 0.025 0.15
 0.055 0.245 0.095 0.16 0.055 0.12 0.055 0.05 0.025 0.035 0.02 0.085
 0.075 0.165 0.19 0.11 0.08 0.05 0.08 0.055 0.02 0.04 0.01 0.125
 0.065 0.2 0.115 0.2 0.06 0.09 0.025 0.075 0.03 0.03 0.025 0.085
 0.08 0.125 0.215 0.11 0.145 0.075 0.055 0.015 0.07 0.04 0.015 0.055
 0.13 0.2 0.11 0.135 0.11 0.11 0.045 0.05 0.005 0.035 0.02 0.05
 0.095 0.175 0.17 0.1 0.11 0.115 0.05 0.03 0.025 0.005 0.03 0.095
 0.09 0.15 0.205 0.19 0.08 0.07 0.06 0.055 0.025 0.01 0.01 0.055
 0.14 0.145 0.145 0.17 0.105 0.06 0.045 0.045 0.035 0.005 0.02 0.085
 0.1 0.29 0.15 0.105 0.115 0.055 0.065 0.04 0.02 0.02 0.005 0.035
 0.07 0.25 0.215 0.11 0.105 0.075 0.07 0.02 0.015 0.02 0.01 0.04
 0.06 0.185 0.2 0.235 0.105 0.035 0.05 0.04 0.02 0.01 0.02 0.04
 0.11 0.15 0.195 0.145 0.175 0.1 0.015 0.04 0.025 0.01 0.01 0.025
 0.14 0.2 0.185 0.1 0.105 0.13 0.035 0.015 0.04 0.02 0.01 0.02
 0.1 0.315 0.125 0.155 0.1 0.05 0.045 0.04 0.02 0.015 0.01 0.025
 0.145 0.19 0.245 0.14 0.11 0.04 0.05 0.025 0.02 0.01 0.005 0.02
 0.12 0.25 0.2 0.19 0.045 0.095 0.03 0.035 0.02 0 0 0.015
 0.125 0.235 0.285 0.105 0.105 0.035 0.035 0.01 0.03 0.02 0 0.015
 0.125 0.23 0.155 0.23 0.1 0.075 0.03 0.02 0.005 0.01 0.005 0.015
 0.14 0.195 0.24 0.145 0.095 0.05 0.045 0.03 0.015 0 0.025 0.02
 0.125 0.225 0.23 0.15 0.105 0.08 0.03 0.015 0.015 0.005 0.01 0.01
 0.11 0.285 0.19 0.155 0.11 0.065 0.05 0.01 0.01 0.005 0 0.01
 0.105 0.21 0.305 0.12 0.105 0.045 0.03 0.025 0.015 0.015 0.005 0.02
# olc_ind

# obs_lse_ind
 0.198042 0.198042 0.198042 0.198042 0.198042 0.198042 0.198042 0.198042 0.198042 0.198042 0.198042 0.198042 0.198042 0.198042 0.198042 0.198042 0.198042 0.198042 0.198042 0.198042 0.198042 0.198042 0.198042 0.198042 0.198042 0.198042 0.198042 0.198042 0.198042 0.198042
# xages_fsh
 0 0 0 0 0 0 0 0 0 0 0 0
# xages_fsh
 0 0.0909091 0.181818 0.272727 0.363636 0.454545 0.545455 0.636364 0.727273 0.818182 0.909091 1
# xnodes_fsh

Yrs fsh_sel change:  1 0 0 0 0 0 0 0 0 0 0 0 0 0 0 0 0 0 0 0 0 0 0 0 0 0 0 0 0
Yrs ind_sel change:  1 0 0 0 0 0 0 0 0 0 0 0 0 0 0 0 0 0 0 0 0 0 0 0 0 0 0 0 0
# steepnessprior
0.75
# sigmarprior
0.2
#  SSB estimated in styr endyr: -13 28 
#  Rec estimated in styr endyr: -11 30 
#  SR Curve fit  in styr endyr: 1 30 
#             Model styr endyr: 1 30 
# qprior
 3.48998e-007
# q_power_prior 
 1 
# cv_catchbiomass 
0.05 
# CatchbiomassPen 
200 
# Number of projection years 
5 
# offset_fsh
 13496
# offset_ind
 13209.8
Mean Catch
1246.19
R_guess 
15.388
# nfsh
1
# n_sel_ch_fsh
 1
# nselages_fsh
 11
# phase_selcoff_fsh
 -1
logRzero 15.388
logmeanrec 15.388
exp(log_sigmarprior 0.2
Fish sel phase: -1 FLEET1
Fixing fishery sel to
1
Srvy sel phase: -1
Fixing SURVEY1 indices sel to
1
# logsel_slp_in_indv
 0.693147
Leaving parameter init secton
# M
 0.2 0.2 0.2 0.2 0.2 0.2 0.2 0.2 0.2 0.2 0.2 0.2
 0.2 0.2 0.2 0.2 0.2 0.2 0.2 0.2 0.2 0.2 0.2 0.2
 0.2 0.2 0.2 0.2 0.2 0.2 0.2 0.2 0.2 0.2 0.2 0.2
 0.2 0.2 0.2 0.2 0.2 0.2 0.2 0.2 0.2 0.2 0.2 0.2
 0.2 0.2 0.2 0.2 0.2 0.2 0.2 0.2 0.2 0.2 0.2 0.2
 0.2 0.2 0.2 0.2 0.2 0.2 0.2 0.2 0.2 0.2 0.2 0.2
 0.2 0.2 0.2 0.2 0.2 0.2 0.2 0.2 0.2 0.2 0.2 0.2
 0.2 0.2 0.2 0.2 0.2 0.2 0.2 0.2 0.2 0.2 0.2 0.2
 0.2 0.2 0.2 0.2 0.2 0.2 0.2 0.2 0.2 0.2 0.2 0.2
 0.2 0.2 0.2 0.2 0.2 0.2 0.2 0.2 0.2 0.2 0.2 0.2
 0.2 0.2 0.2 0.2 0.2 0.2 0.2 0.2 0.2 0.2 0.2 0.2
 0.2 0.2 0.2 0.2 0.2 0.2 0.2 0.2 0.2 0.2 0.2 0.2
 0.2 0.2 0.2 0.2 0.2 0.2 0.2 0.2 0.2 0.2 0.2 0.2
 0.2 0.2 0.2 0.2 0.2 0.2 0.2 0.2 0.2 0.2 0.2 0.2
 0.2 0.2 0.2 0.2 0.2 0.2 0.2 0.2 0.2 0.2 0.2 0.2
 0.2 0.2 0.2 0.2 0.2 0.2 0.2 0.2 0.2 0.2 0.2 0.2
 0.2 0.2 0.2 0.2 0.2 0.2 0.2 0.2 0.2 0.2 0.2 0.2
 0.2 0.2 0.2 0.2 0.2 0.2 0.2 0.2 0.2 0.2 0.2 0.2
 0.2 0.2 0.2 0.2 0.2 0.2 0.2 0.2 0.2 0.2 0.2 0.2
 0.2 0.2 0.2 0.2 0.2 0.2 0.2 0.2 0.2 0.2 0.2 0.2
 0.2 0.2 0.2 0.2 0.2 0.2 0.2 0.2 0.2 0.2 0.2 0.2
 0.2 0.2 0.2 0.2 0.2 0.2 0.2 0.2 0.2 0.2 0.2 0.2
 0.2 0.2 0.2 0.2 0.2 0.2 0.2 0.2 0.2 0.2 0.2 0.2
 0.2 0.2 0.2 0.2 0.2 0.2 0.2 0.2 0.2 0.2 0.2 0.2
 0.2 0.2 0.2 0.2 0.2 0.2 0.2 0.2 0.2 0.2 0.2 0.2
 0.2 0.2 0.2 0.2 0.2 0.2 0.2 0.2 0.2 0.2 0.2 0.2
 0.2 0.2 0.2 0.2 0.2 0.2 0.2 0.2 0.2 0.2 0.2 0.2
 0.2 0.2 0.2 0.2 0.2 0.2 0.2 0.2 0.2 0.2 0.2 0.2
 0.2 0.2 0.2 0.2 0.2 0.2 0.2 0.2 0.2 0.2 0.2 0.2
 0.2 0.2 0.2 0.2 0.2 0.2 0.2 0.2 0.2 0.2 0.2 0.2
# mean_log_rec
13.7972
# log_Rzero
13.7737
# rec_dev
 -0.0221696 -0.0269371 -0.0253456 -0.084741 -0.00156412 -0.0588257 0.171023 -0.017489 0.0741958 -0.0164913 0.0448527 0.0271443 -0.062712 0.119444 0.0333623 0.393791 -0.460275 -0.0954643 -0.221125 0.210076 -0.117249 -0.0558289 -0.325269 0.0175804 0.0486035 -0.175621 -0.0204257 0.284308 0.0239414 -0.214064 -0.233169 -0.313089 -0.0184552 -0.327418 -0.032054 -0.290546 -0.314654 -0.335451 -0.364372 -0.167626 -0.395852 -0.403753
# fmort
 0.00889629 0.0260935 0.0430724 0.0579284 0.046134 0.0838624 0.0861223 0.179011 0.105223 0.128828 0.144524 0.154905 0.111168 0.161423 0.173368 0.15494 0.301933 0.246123 0.244642 0.236559 0.334765 0.244656 0.402192 0.330283 0.334289 0.301284 0.295573 0.418771 0.321951 0.49936
# rec_dev_future
 0 0 0 0 0
