AMAK;Mar 2020
# styr
1
# endyr
30
# rec_age
1
# oldest_age
12
# nlength
81
# len_bins
 10 11 12 13 14 15 16 17 18 19 20 21 22 23 24 25 26 27 28 29 30 31 32 33 34 35 36 37 38 39 40 41 42 43 44 45 46 47 48 49 50 51 52 53 54 55 56 57 58 59 60 61 62 63 64 65 66 67 68 69 70 71 72 73 74 75 76 77 78 79 80 81 82 83 84 85 86 87 88 89 90
# datafile_name
amak_data.dat
# model_name
AMAK_MCP
# styr
1
# endyr
30
# rec_age
1
# oldest_age
12
# nfsh
1
# fshname
FLEET1
# catch_bio_in
 160.239 467.347 748.359 978.343 751.673 1301.86 1220.66 2349.68 1243.42 1456.93 1580.78 1605.18 1137.32 1589.43 1624.75 1372.92 2446.25 1755.1 1605.69 1485.35 1842.34 1183.28 1708.9 1254.43 1206.34 1091.31 1077.05 1408.11 984.225 1362.87
# catch_bio_sd_in
 0.01 0.01 0.01 0.01 0.01 0.01 0.01 0.01 0.01 0.01 0.01 0.01 0.01 0.01 0.01 0.01 0.01 0.01 0.01 0.01 0.01 0.01 0.01 0.01 0.01 0.01 0.01 0.01 0.01 0.01
# nyrs_fsh_age
 30
# nyrs_fsh_length
 0
# yrs_fsh_age_in
 1 2 3 4 5 6 7 8 9 10 11 12 13 14 15 16 17 18 19 20 21 22 23 24 25 26 27 28 29 30
# yrs_fsh_length_in

# n_sample_fsh_length_in

# olc_fsh_in

# nind
1
# indname
SURVEY1
# nyrs_ind
 30
# yrs_ind_in
 1 2 3 4 5 6 7 8 9 10 11 12 13 14 15 16 17 18 19 20 21 22 23 24 25 26 27 28 29 30
# mo_ind
 1
# obs_ind_in
 1.33321 1.31935 1.41242 1.52677 1.35135 1.19239 1.16973 1.35742 1.49108 1.30505 1.1642 1.13209 1.10988 1.08399 1.25371 1.09676 1.17048 0.91944 0.744745 0.665287 0.707713 0.738273 0.601871 0.665154 0.655532 0.646399 0.688026 0.514362 0.50793 0.707472
# obs_se_ind_in
 0.266642 0.26387 0.282483 0.305353 0.27027 0.238478 0.233947 0.271484 0.298216 0.26101 0.23284 0.226418 0.221977 0.216798 0.250742 0.219353 0.234095 0.183888 0.148949 0.133057 0.141543 0.147655 0.120374 0.133031 0.131106 0.12928 0.137605 0.102872 0.101586 0.141494
# nyrs_ind_age
 30
# nyrs_ind_length
 0
# yrs_ind_age_in
 1 2 3 4 5 6 7 8 9 10 11 12 13 14 15 16 17 18 19 20 21 22 23 24 25 26 27 28 29 30
# yrs_ind_length_in

# yrs_ind_age_in
 1 2 3 4 5 6 7 8 9 10 11 12 13 14 15 16 17 18 19 20 21 22 23 24 25 26 27 28 29 30
# n_sample_ind_length_in

# olc_ind_in

# oac_ind_in
 0.065 0.12 0.125 0.155 0.115 0.055 0.07 0.045 0.05 0.045 0.03 0.125
 0.065 0.155 0.135 0.1 0.105 0.095 0.075 0.07 0.035 0.05 0.01 0.105
 0.08 0.13 0.145 0.105 0.105 0.085 0.08 0.075 0.04 0.035 0.02 0.1
 0.06 0.165 0.115 0.11 0.105 0.095 0.07 0.075 0.05 0.035 0.005 0.115
 0.06 0.115 0.115 0.17 0.085 0.085 0.05 0.04 0.04 0.055 0.015 0.17
 0.04 0.145 0.09 0.165 0.135 0.075 0.08 0.055 0.025 0.03 0.05 0.11
 0.1 0.12 0.135 0.105 0.095 0.085 0.055 0.07 0.07 0.015 0.025 0.125
 0.035 0.23 0.075 0.135 0.105 0.08 0.065 0.085 0.045 0.03 0.015 0.1
 0.095 0.175 0.245 0.11 0.07 0.05 0.05 0.025 0.05 0.015 0.045 0.07
 0.125 0.29 0.12 0.155 0.055 0.055 0.03 0.03 0.015 0.015 0.025 0.085
 0.045 0.155 0.29 0.07 0.13 0.07 0.035 0.065 0.03 0.015 0.02 0.075
 0.13 0.19 0.175 0.195 0.075 0.065 0.03 0.02 0.025 0.03 0.01 0.055
 0.075 0.25 0.12 0.175 0.095 0.045 0.09 0.03 0.015 0.02 0.025 0.06
 0.085 0.16 0.23 0.095 0.13 0.095 0.055 0.055 0.01 0.01 0.015 0.06
 0.065 0.175 0.205 0.2 0.09 0.075 0.06 0.03 0.025 0.02 0 0.055
 0.125 0.2 0.195 0.11 0.105 0.08 0.04 0.06 0.02 0.025 0.025 0.015
 0.04 0.255 0.17 0.13 0.12 0.1 0.045 0.035 0.02 0.015 0.02 0.05
 0.07 0.22 0.23 0.125 0.095 0.065 0.06 0.015 0.035 0.06 0.01 0.015
 0.105 0.13 0.22 0.175 0.06 0.095 0.035 0.055 0.02 0.015 0.045 0.045
 0.055 0.24 0.18 0.15 0.155 0.06 0.035 0.03 0.015 0.01 0.015 0.055
 0.065 0.13 0.335 0.15 0.075 0.08 0.05 0.025 0.025 0.015 0.02 0.03
 0.105 0.195 0.13 0.235 0.095 0.08 0.06 0.025 0.02 0.01 0.015 0.03
 0.155 0.25 0.16 0.12 0.13 0.07 0.04 0.03 0.005 0.01 0.01 0.02
 0.135 0.28 0.195 0.11 0.095 0.105 0.025 0.015 0.015 0.005 0 0.02
 0.19 0.195 0.255 0.15 0.04 0.05 0.06 0.025 0.015 0.005 0.005 0.01
 0.11 0.295 0.215 0.18 0.065 0.02 0.055 0.02 0.005 0.015 0.005 0.015
 0.11 0.23 0.26 0.14 0.12 0.04 0.03 0.03 0.02 0.005 0.005 0.01
 0.12 0.185 0.235 0.15 0.12 0.095 0.025 0.02 0.01 0.005 0.005 0.03
 0.155 0.265 0.16 0.14 0.145 0.04 0.02 0.03 0.02 0 0.01 0.015
 0.18 0.22 0.22 0.09 0.12 0.09 0.01 0.035 0.015 0.01 0 0.01
# wt_ind
 1 1 1 1 1 1 1 1 1 1 1 1
 1 1 1 1 1 1 1 1 1 1 1 1
 1 1 1 1 1 1 1 1 1 1 1 1
 1 1 1 1 1 1 1 1 1 1 1 1
 1 1 1 1 1 1 1 1 1 1 1 1
 1 1 1 1 1 1 1 1 1 1 1 1
 1 1 1 1 1 1 1 1 1 1 1 1
 1 1 1 1 1 1 1 1 1 1 1 1
 1 1 1 1 1 1 1 1 1 1 1 1
 1 1 1 1 1 1 1 1 1 1 1 1
 1 1 1 1 1 1 1 1 1 1 1 1
 1 1 1 1 1 1 1 1 1 1 1 1
 1 1 1 1 1 1 1 1 1 1 1 1
 1 1 1 1 1 1 1 1 1 1 1 1
 1 1 1 1 1 1 1 1 1 1 1 1
 1 1 1 1 1 1 1 1 1 1 1 1
 1 1 1 1 1 1 1 1 1 1 1 1
 1 1 1 1 1 1 1 1 1 1 1 1
 1 1 1 1 1 1 1 1 1 1 1 1
 1 1 1 1 1 1 1 1 1 1 1 1
 1 1 1 1 1 1 1 1 1 1 1 1
 1 1 1 1 1 1 1 1 1 1 1 1
 1 1 1 1 1 1 1 1 1 1 1 1
 1 1 1 1 1 1 1 1 1 1 1 1
 1 1 1 1 1 1 1 1 1 1 1 1
 1 1 1 1 1 1 1 1 1 1 1 1
 1 1 1 1 1 1 1 1 1 1 1 1
 1 1 1 1 1 1 1 1 1 1 1 1
 1 1 1 1 1 1 1 1 1 1 1 1
 1 1 1 1 1 1 1 1 1 1 1 1
# wt_pop
 0.000530656 0.00119633 0.00205827 0.00303499 0.00405521 0.0050647 0.00602623 0.00691692 0.00772489 0.00844611 0.00908185 0.0096367
# maturity
 0.0229774 0.320821 0.904651 0.99478 0.999739 0.999987 0.999999 1 1 1 1 1
# spawnmo
1
# age_err
 1 0 0 0 0 0 0 0 0 0 0 0
 0 1 0 0 0 0 0 0 0 0 0 0
 0 0 1 0 0 0 0 0 0 0 0 0
 0 0 0 1 0 0 0 0 0 0 0 0
 0 0 0 0 1 0 0 0 0 0 0 0
 0 0 0 0 0 1 0 0 0 0 0 0
 0 0 0 0 0 0 1 0 0 0 0 0
 0 0 0 0 0 0 0 1 0 0 0 0
 0 0 0 0 0 0 0 0 1 0 0 0
 0 0 0 0 0 0 0 0 0 1 0 0
 0 0 0 0 0 0 0 0 0 0 1 0
 0 0 0 0 0 0 0 0 0 0 0 1
# cntrlfile_name
C:\Users\bai.li\DOCUME~1\Github\AGE_ST~1\ASSAMC\example\output\AMAK\s159\amak.dat
# Map shared selectivity: 
# sel_map
 1 2
 1 1
# datafile_name
amak_data.dat
# model_name
AMAK_MCP
# SrType
2
# use_age_err
0
# retro
0
# sigmarprior
0.2
# cvsigmarprior
0.25
# phase_sigmar
-3
# styr_rec_est
1
# endyr_rec_est
30
# Linfprior
80
# cvLinfprior
0.25
# kprior
0.18
# cvkprior
0.25
# Loprior
27.688
# cvLoprior
0.25
# sdageprior
0.1
# cvsdageprior
0.25
# natmortprior
0.2
# cvnatmortprior
0.25
# phase_M
-4
# npars_Mage
0
# ages_M_changes

# Mage_in

# Mage_offset_in

# phase_Mage
-5
# phase_rw_M
0
# npars_rw_M
0
# yrs_rw_M

# sigma_rw_M

# qprior
 3.48998e-007
# cvqprior
 1
# phase_q
 1
# q_power_prior
 1
# cvq_power_prior
 0.2
# phase_q_power
 -4
# phase_rw_q
 -1
# npars_rw_q
 0
# yrs_rw_q

# sigma_rw_q

# q_age_min
 1
# q_age_max
 12
# q_age_min
 1
# q_age_max
 12
# fsh_sel_opt(k)
2
# phase_sel_fsh(k)
2
# n_sel_ch_fsh(k)
1
# sel_slp_in_fsh(k)(1,n_sel_ch_fsh(k))
 1
# sel_inf_in_fsh(k)(1,n_sel_ch_fsh(k))
 2
# logsel_slp_in_fsh(k)(1,n_sel_ch_fsh(k))
 0
# yrs_sel_ch_fsh(k)(1,n_sel_ch_fsh(k))
 1

Survey SURVEY1
# ind_sel_opt(k)
2
# indname(k)
SURVEY1
# nselages_in_ind(k)
11
# phase_sel_ind(k)
2
# sel_change_in_ind(k)
 1 0 0 0 0 0 0 0 0 0 0 0 0 0 0 0 0 0 0 0 0 0 0 0 0 0 0 0 0 0
# n_sel_ch_ind(k)
1
# yrs_sel_ch_ind(k)(1,n_sel_ch_ind(k))
 1
# sel_slp_in_ind(k,1)
2
# sel_inf_in_ind(k,1)
1.5
# logsel_slp_in_ind(k,1)
0.693147
# logsel_slp_in_indv(k)
0.693147
SURVEY1 ind sel opt 2  1 0 0 0 0 0 0 0 0 0 0 0 0 0 0 0 0 0 0 0 0 0 0 0 0 0 0 0 0 0
Phase indices Sel_Coffs:  -1
 Test: 1.23457e+008
# Fshry Selages:  11
# Srvy  Selages:  11
# Phase for age-spec fishery  -1
# Phase for logistic fishery  2
# Phase for dble logistic fishery  -1
# Phase for age-spec indices   -1
# Phase for logistic indices   2
# Phase for dble logistic ind  -1
# Curv_pen_fsh: 
 0
# Curv_pen_ind: 
 0
# styr_fut
31
# endyr_fut
35
# nyrs_fsh_age
 30
# nyrs_fsh_age
 30
# yrs_fsh_age
 1 2 3 4 5 6 7 8 9 10 11 12 13 14 15 16 17 18 19 20 21 22 23 24 25 26 27 28 29 30
# n_sample_fsh_age
 200 200 200 200 200 200 200 200 200 200 200 200 200 200 200 200 200 200 200 200 200 200 200 200 200 200 200 200 200 200
# oac_fsh
 0.07 0.085 0.14 0.145 0.075 0.085 0.075 0.06 0.075 0.03 0.04 0.12
 0.105 0.12 0.13 0.09 0.1 0.08 0.06 0.045 0.045 0.035 0.06 0.13
 0.095 0.115 0.115 0.125 0.055 0.095 0.055 0.09 0.05 0.03 0.01 0.165
 0.055 0.125 0.17 0.105 0.12 0.085 0.055 0.045 0.05 0.02 0.025 0.145
 0.08 0.08 0.13 0.13 0.09 0.065 0.09 0.075 0.035 0.035 0.035 0.155
 0.095 0.12 0.11 0.155 0.07 0.1 0.075 0.06 0.025 0.025 0.045 0.12
 0.105 0.08 0.115 0.13 0.155 0.075 0.065 0.035 0.04 0.025 0.035 0.14
 0.025 0.205 0.1 0.1 0.06 0.105 0.075 0.06 0.05 0.045 0.035 0.14
 0.11 0.095 0.19 0.115 0.065 0.08 0.1 0.055 0.06 0.035 0.005 0.09
 0.075 0.17 0.115 0.185 0.09 0.075 0.03 0.05 0.06 0.025 0.025 0.1
 0.1 0.16 0.235 0.115 0.1 0.045 0.025 0.045 0.045 0.01 0.045 0.075
 0.125 0.1 0.19 0.16 0.085 0.07 0.05 0.03 0.02 0.05 0.01 0.11
 0.06 0.22 0.105 0.205 0.145 0.03 0.065 0.035 0.02 0.035 0.01 0.07
 0.07 0.115 0.215 0.12 0.13 0.13 0.035 0.08 0.02 0.035 0.005 0.045
 0.08 0.185 0.14 0.19 0.08 0.075 0.115 0.015 0.06 0.015 0.005 0.04
 0.175 0.145 0.165 0.14 0.11 0.045 0.065 0.055 0.03 0.025 0.01 0.035
 0.09 0.2 0.17 0.12 0.145 0.1 0.04 0.03 0.03 0.015 0.02 0.04
 0.095 0.18 0.205 0.15 0.14 0.05 0.05 0.025 0.02 0.03 0.01 0.045
 0.145 0.16 0.195 0.155 0.125 0.055 0.04 0.02 0.02 0.035 0.035 0.015
 0.085 0.19 0.17 0.17 0.125 0.085 0.045 0.015 0.03 0.02 0.015 0.05
 0.06 0.09 0.31 0.155 0.095 0.105 0.04 0.065 0.025 0.02 0.01 0.025
 0.15 0.16 0.145 0.16 0.115 0.075 0.075 0.035 0.015 0.01 0.025 0.035
 0.175 0.195 0.17 0.085 0.175 0.065 0.06 0.02 0.01 0.03 0 0.015
 0.14 0.265 0.15 0.16 0.055 0.115 0.045 0.03 0.015 0.005 0.005 0.015
 0.19 0.235 0.27 0.14 0.065 0.01 0.055 0.01 0.01 0 0 0.015
 0.09 0.255 0.19 0.225 0.11 0.055 0.02 0.01 0.015 0.005 0.015 0.01
 0.145 0.22 0.195 0.18 0.125 0.045 0.02 0.02 0.015 0.015 0.005 0.015
 0.195 0.12 0.245 0.15 0.12 0.07 0.04 0.015 0.01 0.02 0 0.015
 0.195 0.22 0.115 0.22 0.09 0.035 0.07 0.025 0.015 0 0.01 0.005
 0.155 0.31 0.175 0.12 0.1 0.035 0.05 0.025 0.005 0.01 0.01 0.005
# olc_fsh

# wt_fsh
 0.000530656 0.00119633 0.00205827 0.00303499 0.00405521 0.0050647 0.00602623 0.00691692 0.00772489 0.00844611 0.00908185 0.0096367
 0.000530656 0.00119633 0.00205827 0.00303499 0.00405521 0.0050647 0.00602623 0.00691692 0.00772489 0.00844611 0.00908185 0.0096367
 0.000530656 0.00119633 0.00205827 0.00303499 0.00405521 0.0050647 0.00602623 0.00691692 0.00772489 0.00844611 0.00908185 0.0096367
 0.000530656 0.00119633 0.00205827 0.00303499 0.00405521 0.0050647 0.00602623 0.00691692 0.00772489 0.00844611 0.00908185 0.0096367
 0.000530656 0.00119633 0.00205827 0.00303499 0.00405521 0.0050647 0.00602623 0.00691692 0.00772489 0.00844611 0.00908185 0.0096367
 0.000530656 0.00119633 0.00205827 0.00303499 0.00405521 0.0050647 0.00602623 0.00691692 0.00772489 0.00844611 0.00908185 0.0096367
 0.000530656 0.00119633 0.00205827 0.00303499 0.00405521 0.0050647 0.00602623 0.00691692 0.00772489 0.00844611 0.00908185 0.0096367
 0.000530656 0.00119633 0.00205827 0.00303499 0.00405521 0.0050647 0.00602623 0.00691692 0.00772489 0.00844611 0.00908185 0.0096367
 0.000530656 0.00119633 0.00205827 0.00303499 0.00405521 0.0050647 0.00602623 0.00691692 0.00772489 0.00844611 0.00908185 0.0096367
 0.000530656 0.00119633 0.00205827 0.00303499 0.00405521 0.0050647 0.00602623 0.00691692 0.00772489 0.00844611 0.00908185 0.0096367
 0.000530656 0.00119633 0.00205827 0.00303499 0.00405521 0.0050647 0.00602623 0.00691692 0.00772489 0.00844611 0.00908185 0.0096367
 0.000530656 0.00119633 0.00205827 0.00303499 0.00405521 0.0050647 0.00602623 0.00691692 0.00772489 0.00844611 0.00908185 0.0096367
 0.000530656 0.00119633 0.00205827 0.00303499 0.00405521 0.0050647 0.00602623 0.00691692 0.00772489 0.00844611 0.00908185 0.0096367
 0.000530656 0.00119633 0.00205827 0.00303499 0.00405521 0.0050647 0.00602623 0.00691692 0.00772489 0.00844611 0.00908185 0.0096367
 0.000530656 0.00119633 0.00205827 0.00303499 0.00405521 0.0050647 0.00602623 0.00691692 0.00772489 0.00844611 0.00908185 0.0096367
 0.000530656 0.00119633 0.00205827 0.00303499 0.00405521 0.0050647 0.00602623 0.00691692 0.00772489 0.00844611 0.00908185 0.0096367
 0.000530656 0.00119633 0.00205827 0.00303499 0.00405521 0.0050647 0.00602623 0.00691692 0.00772489 0.00844611 0.00908185 0.0096367
 0.000530656 0.00119633 0.00205827 0.00303499 0.00405521 0.0050647 0.00602623 0.00691692 0.00772489 0.00844611 0.00908185 0.0096367
 0.000530656 0.00119633 0.00205827 0.00303499 0.00405521 0.0050647 0.00602623 0.00691692 0.00772489 0.00844611 0.00908185 0.0096367
 0.000530656 0.00119633 0.00205827 0.00303499 0.00405521 0.0050647 0.00602623 0.00691692 0.00772489 0.00844611 0.00908185 0.0096367
 0.000530656 0.00119633 0.00205827 0.00303499 0.00405521 0.0050647 0.00602623 0.00691692 0.00772489 0.00844611 0.00908185 0.0096367
 0.000530656 0.00119633 0.00205827 0.00303499 0.00405521 0.0050647 0.00602623 0.00691692 0.00772489 0.00844611 0.00908185 0.0096367
 0.000530656 0.00119633 0.00205827 0.00303499 0.00405521 0.0050647 0.00602623 0.00691692 0.00772489 0.00844611 0.00908185 0.0096367
 0.000530656 0.00119633 0.00205827 0.00303499 0.00405521 0.0050647 0.00602623 0.00691692 0.00772489 0.00844611 0.00908185 0.0096367
 0.000530656 0.00119633 0.00205827 0.00303499 0.00405521 0.0050647 0.00602623 0.00691692 0.00772489 0.00844611 0.00908185 0.0096367
 0.000530656 0.00119633 0.00205827 0.00303499 0.00405521 0.0050647 0.00602623 0.00691692 0.00772489 0.00844611 0.00908185 0.0096367
 0.000530656 0.00119633 0.00205827 0.00303499 0.00405521 0.0050647 0.00602623 0.00691692 0.00772489 0.00844611 0.00908185 0.0096367
 0.000530656 0.00119633 0.00205827 0.00303499 0.00405521 0.0050647 0.00602623 0.00691692 0.00772489 0.00844611 0.00908185 0.0096367
 0.000530656 0.00119633 0.00205827 0.00303499 0.00405521 0.0050647 0.00602623 0.00691692 0.00772489 0.00844611 0.00908185 0.0096367
 0.000530656 0.00119633 0.00205827 0.00303499 0.00405521 0.0050647 0.00602623 0.00691692 0.00772489 0.00844611 0.00908185 0.0096367
# nyrs_ind_age
 30
# yrs_ind_age
 1 2 3 4 5 6 7 8 9 10 11 12 13 14 15 16 17 18 19 20 21 22 23 24 25 26 27 28 29 30
# n_sample_ind_age
 200 200 200 200 200 200 200 200 200 200 200 200 200 200 200 200 200 200 200 200 200 200 200 200 200 200 200 200 200 200
# oac_ind
 0.065 0.12 0.125 0.155 0.115 0.055 0.07 0.045 0.05 0.045 0.03 0.125
 0.065 0.155 0.135 0.1 0.105 0.095 0.075 0.07 0.035 0.05 0.01 0.105
 0.08 0.13 0.145 0.105 0.105 0.085 0.08 0.075 0.04 0.035 0.02 0.1
 0.06 0.165 0.115 0.11 0.105 0.095 0.07 0.075 0.05 0.035 0.005 0.115
 0.06 0.115 0.115 0.17 0.085 0.085 0.05 0.04 0.04 0.055 0.015 0.17
 0.04 0.145 0.09 0.165 0.135 0.075 0.08 0.055 0.025 0.03 0.05 0.11
 0.1 0.12 0.135 0.105 0.095 0.085 0.055 0.07 0.07 0.015 0.025 0.125
 0.035 0.23 0.075 0.135 0.105 0.08 0.065 0.085 0.045 0.03 0.015 0.1
 0.095 0.175 0.245 0.11 0.07 0.05 0.05 0.025 0.05 0.015 0.045 0.07
 0.125 0.29 0.12 0.155 0.055 0.055 0.03 0.03 0.015 0.015 0.025 0.085
 0.045 0.155 0.29 0.07 0.13 0.07 0.035 0.065 0.03 0.015 0.02 0.075
 0.13 0.19 0.175 0.195 0.075 0.065 0.03 0.02 0.025 0.03 0.01 0.055
 0.075 0.25 0.12 0.175 0.095 0.045 0.09 0.03 0.015 0.02 0.025 0.06
 0.085 0.16 0.23 0.095 0.13 0.095 0.055 0.055 0.01 0.01 0.015 0.06
 0.065 0.175 0.205 0.2 0.09 0.075 0.06 0.03 0.025 0.02 0 0.055
 0.125 0.2 0.195 0.11 0.105 0.08 0.04 0.06 0.02 0.025 0.025 0.015
 0.04 0.255 0.17 0.13 0.12 0.1 0.045 0.035 0.02 0.015 0.02 0.05
 0.07 0.22 0.23 0.125 0.095 0.065 0.06 0.015 0.035 0.06 0.01 0.015
 0.105 0.13 0.22 0.175 0.06 0.095 0.035 0.055 0.02 0.015 0.045 0.045
 0.055 0.24 0.18 0.15 0.155 0.06 0.035 0.03 0.015 0.01 0.015 0.055
 0.065 0.13 0.335 0.15 0.075 0.08 0.05 0.025 0.025 0.015 0.02 0.03
 0.105 0.195 0.13 0.235 0.095 0.08 0.06 0.025 0.02 0.01 0.015 0.03
 0.155 0.25 0.16 0.12 0.13 0.07 0.04 0.03 0.005 0.01 0.01 0.02
 0.135 0.28 0.195 0.11 0.095 0.105 0.025 0.015 0.015 0.005 0 0.02
 0.19 0.195 0.255 0.15 0.04 0.05 0.06 0.025 0.015 0.005 0.005 0.01
 0.11 0.295 0.215 0.18 0.065 0.02 0.055 0.02 0.005 0.015 0.005 0.015
 0.11 0.23 0.26 0.14 0.12 0.04 0.03 0.03 0.02 0.005 0.005 0.01
 0.12 0.185 0.235 0.15 0.12 0.095 0.025 0.02 0.01 0.005 0.005 0.03
 0.155 0.265 0.16 0.14 0.145 0.04 0.02 0.03 0.02 0 0.01 0.015
 0.18 0.22 0.22 0.09 0.12 0.09 0.01 0.035 0.015 0.01 0 0.01
# olc_ind

# obs_lse_ind
 0.198042 0.198042 0.198042 0.198042 0.198042 0.198042 0.198042 0.198042 0.198042 0.198042 0.198042 0.198042 0.198042 0.198042 0.198042 0.198042 0.198042 0.198042 0.198042 0.198042 0.198042 0.198042 0.198042 0.198042 0.198042 0.198042 0.198042 0.198042 0.198042 0.198042
# xages_fsh
 0 0 0 0 0 0 0 0 0 0 0 0
# xages_fsh
 0 0.0909091 0.181818 0.272727 0.363636 0.454545 0.545455 0.636364 0.727273 0.818182 0.909091 1
# xnodes_fsh

Yrs fsh_sel change:  1 0 0 0 0 0 0 0 0 0 0 0 0 0 0 0 0 0 0 0 0 0 0 0 0 0 0 0 0
Yrs ind_sel change:  1 0 0 0 0 0 0 0 0 0 0 0 0 0 0 0 0 0 0 0 0 0 0 0 0 0 0 0 0
# steepnessprior
0.75
# sigmarprior
0.2
#  SSB estimated in styr endyr: -13 28 
#  Rec estimated in styr endyr: -11 30 
#  SR Curve fit  in styr endyr: 1 30 
#             Model styr endyr: 1 30 
# qprior
 3.48998e-007
# q_power_prior 
 1 
# cv_catchbiomass 
0.05 
# CatchbiomassPen 
200 
# Number of projection years 
5 
# offset_fsh
 13298.2
# offset_ind
 13123.4
Mean Catch
1333.34
R_guess 
15.4556
# nfsh
1
# n_sel_ch_fsh
 1
# nselages_fsh
 11
# phase_selcoff_fsh
 -1
logRzero 15.4556
logmeanrec 15.4556
exp(log_sigmarprior 0.2
Fish sel phase: -1 FLEET1
Fixing fishery sel to
1
Srvy sel phase: -1
Fixing SURVEY1 indices sel to
1
# logsel_slp_in_indv
 0.693147
Leaving parameter init secton
# M
 0.2 0.2 0.2 0.2 0.2 0.2 0.2 0.2 0.2 0.2 0.2 0.2
 0.2 0.2 0.2 0.2 0.2 0.2 0.2 0.2 0.2 0.2 0.2 0.2
 0.2 0.2 0.2 0.2 0.2 0.2 0.2 0.2 0.2 0.2 0.2 0.2
 0.2 0.2 0.2 0.2 0.2 0.2 0.2 0.2 0.2 0.2 0.2 0.2
 0.2 0.2 0.2 0.2 0.2 0.2 0.2 0.2 0.2 0.2 0.2 0.2
 0.2 0.2 0.2 0.2 0.2 0.2 0.2 0.2 0.2 0.2 0.2 0.2
 0.2 0.2 0.2 0.2 0.2 0.2 0.2 0.2 0.2 0.2 0.2 0.2
 0.2 0.2 0.2 0.2 0.2 0.2 0.2 0.2 0.2 0.2 0.2 0.2
 0.2 0.2 0.2 0.2 0.2 0.2 0.2 0.2 0.2 0.2 0.2 0.2
 0.2 0.2 0.2 0.2 0.2 0.2 0.2 0.2 0.2 0.2 0.2 0.2
 0.2 0.2 0.2 0.2 0.2 0.2 0.2 0.2 0.2 0.2 0.2 0.2
 0.2 0.2 0.2 0.2 0.2 0.2 0.2 0.2 0.2 0.2 0.2 0.2
 0.2 0.2 0.2 0.2 0.2 0.2 0.2 0.2 0.2 0.2 0.2 0.2
 0.2 0.2 0.2 0.2 0.2 0.2 0.2 0.2 0.2 0.2 0.2 0.2
 0.2 0.2 0.2 0.2 0.2 0.2 0.2 0.2 0.2 0.2 0.2 0.2
 0.2 0.2 0.2 0.2 0.2 0.2 0.2 0.2 0.2 0.2 0.2 0.2
 0.2 0.2 0.2 0.2 0.2 0.2 0.2 0.2 0.2 0.2 0.2 0.2
 0.2 0.2 0.2 0.2 0.2 0.2 0.2 0.2 0.2 0.2 0.2 0.2
 0.2 0.2 0.2 0.2 0.2 0.2 0.2 0.2 0.2 0.2 0.2 0.2
 0.2 0.2 0.2 0.2 0.2 0.2 0.2 0.2 0.2 0.2 0.2 0.2
 0.2 0.2 0.2 0.2 0.2 0.2 0.2 0.2 0.2 0.2 0.2 0.2
 0.2 0.2 0.2 0.2 0.2 0.2 0.2 0.2 0.2 0.2 0.2 0.2
 0.2 0.2 0.2 0.2 0.2 0.2 0.2 0.2 0.2 0.2 0.2 0.2
 0.2 0.2 0.2 0.2 0.2 0.2 0.2 0.2 0.2 0.2 0.2 0.2
 0.2 0.2 0.2 0.2 0.2 0.2 0.2 0.2 0.2 0.2 0.2 0.2
 0.2 0.2 0.2 0.2 0.2 0.2 0.2 0.2 0.2 0.2 0.2 0.2
 0.2 0.2 0.2 0.2 0.2 0.2 0.2 0.2 0.2 0.2 0.2 0.2
 0.2 0.2 0.2 0.2 0.2 0.2 0.2 0.2 0.2 0.2 0.2 0.2
 0.2 0.2 0.2 0.2 0.2 0.2 0.2 0.2 0.2 0.2 0.2 0.2
 0.2 0.2 0.2 0.2 0.2 0.2 0.2 0.2 0.2 0.2 0.2 0.2
# mean_log_rec
13.7801
# log_Rzero
13.8533
# rec_dev
 -0.0806019 -0.0968614 0.00174764 0.0341 0.0474761 -0.110282 -0.0304005 0.1206 -0.0127557 0.0168769 0.00497125 0.0279715 0.074231 0.0816827 0.176459 -0.143325 -0.124243 -0.189185 0.358816 -0.21082 0.449933 0.207557 -0.125929 0.32426 -0.0198177 0.0794789 -0.00830933 0.27052 0.024376 -0.13949 0.230139 -0.464615 -0.353008 -0.172405 0.122312 -0.147771 -0.0130855 -0.136646 -0.486102 -0.173765 -0.0520827 -0.0679129
# fmort
 0.00886322 0.0262238 0.043134 0.0586159 0.0468567 0.0856604 0.0861285 0.184068 0.107156 0.131432 0.149384 0.15928 0.116236 0.166785 0.180209 0.159394 0.310988 0.2523 0.250248 0.248207 0.343192 0.247572 0.401457 0.329793 0.328818 0.299813 0.295825 0.41146 0.307642 0.44685
# rec_dev_future
 0 0 0 0 0
