AMAK;Mar 2020
# styr
1
# endyr
30
# rec_age
1
# oldest_age
12
# nlength
81
# len_bins
 10 11 12 13 14 15 16 17 18 19 20 21 22 23 24 25 26 27 28 29 30 31 32 33 34 35 36 37 38 39 40 41 42 43 44 45 46 47 48 49 50 51 52 53 54 55 56 57 58 59 60 61 62 63 64 65 66 67 68 69 70 71 72 73 74 75 76 77 78 79 80 81 82 83 84 85 86 87 88 89 90
# datafile_name
amak_data.dat
# model_name
AMAK_MCP
# styr
1
# endyr
30
# rec_age
1
# oldest_age
12
# nfsh
1
# fshname
FLEET1
# catch_bio_in
 162.584 463.489 746.591 981.276 763.065 1333.44 1276.63 2462.72 1284.99 1481.11 1540.63 1535.92 1047.22 1533.26 1566.86 1385.45 2451.63 1793.48 1629.48 1479.1 1859.6 1232.14 1842.79 1377.98 1310.14 1160.6 1124.07 1502.95 1078.76 1524.53
# catch_bio_sd_in
 0.01 0.01 0.01 0.01 0.01 0.01 0.01 0.01 0.01 0.01 0.01 0.01 0.01 0.01 0.01 0.01 0.01 0.01 0.01 0.01 0.01 0.01 0.01 0.01 0.01 0.01 0.01 0.01 0.01 0.01
# nyrs_fsh_age
 30
# nyrs_fsh_length
 0
# yrs_fsh_age_in
 1 2 3 4 5 6 7 8 9 10 11 12 13 14 15 16 17 18 19 20 21 22 23 24 25 26 27 28 29 30
# yrs_fsh_length_in

# n_sample_fsh_length_in

# olc_fsh_in

# nind
1
# indname
SURVEY1
# nyrs_ind
 30
# yrs_ind_in
 1 2 3 4 5 6 7 8 9 10 11 12 13 14 15 16 17 18 19 20 21 22 23 24 25 26 27 28 29 30
# mo_ind
 1
# obs_ind_in
 1.29141 1.3605 1.54796 1.63309 1.50074 1.42407 1.48846 1.16998 1.21525 1.18896 0.982245 0.926708 1.17415 1.23082 1.19055 1.04888 0.91158 0.755012 1.02902 0.742638 0.732748 0.719234 0.810749 0.693359 0.534512 0.691544 0.510119 0.668108 0.658462 0.740994
# obs_se_ind_in
 0.258281 0.2721 0.309593 0.326618 0.300148 0.284813 0.297692 0.233996 0.24305 0.237792 0.196449 0.185342 0.23483 0.246164 0.23811 0.209776 0.182316 0.151002 0.205804 0.148528 0.14655 0.143847 0.16215 0.138672 0.106902 0.138309 0.102024 0.133622 0.131692 0.148199
# nyrs_ind_age
 30
# nyrs_ind_length
 0
# yrs_ind_age_in
 1 2 3 4 5 6 7 8 9 10 11 12 13 14 15 16 17 18 19 20 21 22 23 24 25 26 27 28 29 30
# yrs_ind_length_in

# yrs_ind_age_in
 1 2 3 4 5 6 7 8 9 10 11 12 13 14 15 16 17 18 19 20 21 22 23 24 25 26 27 28 29 30
# n_sample_ind_length_in

# olc_ind_in

# oac_ind_in
 0.08 0.14 0.13 0.14 0.085 0.095 0.06 0.05 0.02 0.04 0.055 0.105
 0.095 0.13 0.115 0.155 0.08 0.09 0.055 0.055 0.05 0.03 0.055 0.09
 0.08 0.16 0.13 0.14 0.11 0.085 0.04 0.055 0.055 0.01 0.02 0.115
 0.06 0.195 0.17 0.105 0.075 0.1 0.05 0.045 0.045 0.05 0.02 0.085
 0.075 0.11 0.165 0.135 0.095 0.075 0.06 0.065 0.045 0.04 0.03 0.105
 0.075 0.25 0.085 0.14 0.05 0.07 0.085 0.05 0.02 0.035 0.035 0.105
 0.045 0.14 0.235 0.075 0.165 0.075 0.06 0.055 0.025 0.025 0.04 0.06
 0.065 0.125 0.14 0.19 0.12 0.08 0.055 0.05 0.045 0.015 0.005 0.11
 0.07 0.205 0.135 0.105 0.145 0.065 0.05 0.04 0.025 0.025 0.04 0.095
 0.065 0.135 0.205 0.15 0.07 0.125 0.06 0.055 0.025 0.015 0.025 0.07
 0.085 0.15 0.19 0.175 0.075 0.065 0.065 0.04 0.05 0.02 0.005 0.08
 0.12 0.14 0.15 0.175 0.14 0.06 0.02 0.03 0.03 0.025 0.03 0.08
 0.185 0.2 0.175 0.1 0.085 0.06 0.08 0.02 0.02 0.01 0.005 0.06
 0.055 0.265 0.235 0.1 0.085 0.06 0.055 0.04 0.03 0.025 0.01 0.04
 0.105 0.145 0.335 0.115 0.095 0.065 0.045 0.02 0.02 0.01 0.02 0.025
 0.09 0.185 0.15 0.22 0.1 0.075 0.02 0.035 0.005 0.01 0.025 0.085
 0.145 0.145 0.235 0.095 0.125 0.06 0.03 0.035 0.045 0.02 0.025 0.04
 0.11 0.195 0.16 0.145 0.105 0.085 0.08 0.03 0.025 0.025 0.015 0.025
 0.09 0.245 0.16 0.15 0.11 0.035 0.1 0.03 0.025 0.01 0.02 0.025
 0.045 0.255 0.2 0.145 0.115 0.025 0.04 0.065 0.04 0.015 0.02 0.035
 0.125 0.205 0.22 0.16 0.095 0.07 0.04 0.025 0.015 0.01 0.01 0.025
 0.06 0.25 0.19 0.165 0.125 0.06 0.035 0.03 0.03 0.015 0.01 0.03
 0.145 0.14 0.275 0.135 0.08 0.045 0.045 0.04 0.015 0.005 0.02 0.055
 0.125 0.315 0.195 0.14 0.055 0.045 0.05 0.02 0.025 0.005 0.005 0.02
 0.095 0.23 0.3 0.08 0.115 0.03 0.035 0.05 0.005 0.03 0.005 0.025
 0.09 0.27 0.2 0.235 0.07 0.06 0.025 0.025 0.01 0.01 0.005 0
 0.16 0.21 0.25 0.125 0.105 0.065 0.02 0.025 0.01 0.005 0.005 0.02
 0.16 0.325 0.16 0.13 0.07 0.05 0.05 0.02 0.02 0.01 0.005 0
 0.13 0.275 0.25 0.095 0.11 0.075 0.04 0 0.02 0.005 0 0
 0.09 0.255 0.22 0.19 0.065 0.06 0.055 0.02 0.005 0.035 0 0.005
# wt_ind
 1 1 1 1 1 1 1 1 1 1 1 1
 1 1 1 1 1 1 1 1 1 1 1 1
 1 1 1 1 1 1 1 1 1 1 1 1
 1 1 1 1 1 1 1 1 1 1 1 1
 1 1 1 1 1 1 1 1 1 1 1 1
 1 1 1 1 1 1 1 1 1 1 1 1
 1 1 1 1 1 1 1 1 1 1 1 1
 1 1 1 1 1 1 1 1 1 1 1 1
 1 1 1 1 1 1 1 1 1 1 1 1
 1 1 1 1 1 1 1 1 1 1 1 1
 1 1 1 1 1 1 1 1 1 1 1 1
 1 1 1 1 1 1 1 1 1 1 1 1
 1 1 1 1 1 1 1 1 1 1 1 1
 1 1 1 1 1 1 1 1 1 1 1 1
 1 1 1 1 1 1 1 1 1 1 1 1
 1 1 1 1 1 1 1 1 1 1 1 1
 1 1 1 1 1 1 1 1 1 1 1 1
 1 1 1 1 1 1 1 1 1 1 1 1
 1 1 1 1 1 1 1 1 1 1 1 1
 1 1 1 1 1 1 1 1 1 1 1 1
 1 1 1 1 1 1 1 1 1 1 1 1
 1 1 1 1 1 1 1 1 1 1 1 1
 1 1 1 1 1 1 1 1 1 1 1 1
 1 1 1 1 1 1 1 1 1 1 1 1
 1 1 1 1 1 1 1 1 1 1 1 1
 1 1 1 1 1 1 1 1 1 1 1 1
 1 1 1 1 1 1 1 1 1 1 1 1
 1 1 1 1 1 1 1 1 1 1 1 1
 1 1 1 1 1 1 1 1 1 1 1 1
 1 1 1 1 1 1 1 1 1 1 1 1
# wt_pop
 0.000530656 0.00119633 0.00205827 0.00303499 0.00405521 0.0050647 0.00602623 0.00691692 0.00772489 0.00844611 0.00908185 0.0096367
# maturity
 0.0229774 0.320821 0.904651 0.99478 0.999739 0.999987 0.999999 1 1 1 1 1
# spawnmo
1
# age_err
 1 0 0 0 0 0 0 0 0 0 0 0
 0 1 0 0 0 0 0 0 0 0 0 0
 0 0 1 0 0 0 0 0 0 0 0 0
 0 0 0 1 0 0 0 0 0 0 0 0
 0 0 0 0 1 0 0 0 0 0 0 0
 0 0 0 0 0 1 0 0 0 0 0 0
 0 0 0 0 0 0 1 0 0 0 0 0
 0 0 0 0 0 0 0 1 0 0 0 0
 0 0 0 0 0 0 0 0 1 0 0 0
 0 0 0 0 0 0 0 0 0 1 0 0
 0 0 0 0 0 0 0 0 0 0 1 0
 0 0 0 0 0 0 0 0 0 0 0 1
# cntrlfile_name
C:\Users\bai.li\DOCUME~1\Github\AGE_ST~1\ASSAMC\example\output\AMAK\s39\amak.dat
# Map shared selectivity: 
# sel_map
 1 2
 1 1
# datafile_name
amak_data.dat
# model_name
AMAK_MCP
# SrType
2
# use_age_err
0
# retro
0
# sigmarprior
0.2
# cvsigmarprior
0.25
# phase_sigmar
-3
# styr_rec_est
1
# endyr_rec_est
30
# Linfprior
80
# cvLinfprior
0.25
# kprior
0.18
# cvkprior
0.25
# Loprior
27.688
# cvLoprior
0.25
# sdageprior
0.1
# cvsdageprior
0.25
# natmortprior
0.2
# cvnatmortprior
0.25
# phase_M
-4
# npars_Mage
0
# ages_M_changes

# Mage_in

# Mage_offset_in

# phase_Mage
-5
# phase_rw_M
0
# npars_rw_M
0
# yrs_rw_M

# sigma_rw_M

# qprior
 3.48998e-007
# cvqprior
 1
# phase_q
 1
# q_power_prior
 1
# cvq_power_prior
 0.2
# phase_q_power
 -4
# phase_rw_q
 -1
# npars_rw_q
 0
# yrs_rw_q

# sigma_rw_q

# q_age_min
 1
# q_age_max
 12
# q_age_min
 1
# q_age_max
 12
# fsh_sel_opt(k)
2
# phase_sel_fsh(k)
2
# n_sel_ch_fsh(k)
1
# sel_slp_in_fsh(k)(1,n_sel_ch_fsh(k))
 1
# sel_inf_in_fsh(k)(1,n_sel_ch_fsh(k))
 2
# logsel_slp_in_fsh(k)(1,n_sel_ch_fsh(k))
 0
# yrs_sel_ch_fsh(k)(1,n_sel_ch_fsh(k))
 1

Survey SURVEY1
# ind_sel_opt(k)
2
# indname(k)
SURVEY1
# nselages_in_ind(k)
11
# phase_sel_ind(k)
2
# sel_change_in_ind(k)
 1 0 0 0 0 0 0 0 0 0 0 0 0 0 0 0 0 0 0 0 0 0 0 0 0 0 0 0 0 0
# n_sel_ch_ind(k)
1
# yrs_sel_ch_ind(k)(1,n_sel_ch_ind(k))
 1
# sel_slp_in_ind(k,1)
2
# sel_inf_in_ind(k,1)
1.5
# logsel_slp_in_ind(k,1)
0.693147
# logsel_slp_in_indv(k)
0.693147
SURVEY1 ind sel opt 2  1 0 0 0 0 0 0 0 0 0 0 0 0 0 0 0 0 0 0 0 0 0 0 0 0 0 0 0 0 0
Phase indices Sel_Coffs:  -1
 Test: 1.23457e+008
# Fshry Selages:  11
# Srvy  Selages:  11
# Phase for age-spec fishery  -1
# Phase for logistic fishery  2
# Phase for dble logistic fishery  -1
# Phase for age-spec indices   -1
# Phase for logistic indices   2
# Phase for dble logistic ind  -1
# Curv_pen_fsh: 
 0
# Curv_pen_ind: 
 0
# styr_fut
31
# endyr_fut
35
# nyrs_fsh_age
 30
# nyrs_fsh_age
 30
# yrs_fsh_age
 1 2 3 4 5 6 7 8 9 10 11 12 13 14 15 16 17 18 19 20 21 22 23 24 25 26 27 28 29 30
# n_sample_fsh_age
 200 200 200 200 200 200 200 200 200 200 200 200 200 200 200 200 200 200 200 200 200 200 200 200 200 200 200 200 200 200
# oac_fsh
 0.05 0.12 0.115 0.13 0.075 0.085 0.055 0.055 0.07 0.03 0.05 0.165
 0.09 0.1 0.1 0.145 0.105 0.06 0.085 0.03 0.06 0.03 0.065 0.13
 0.11 0.105 0.13 0.12 0.09 0.09 0.1 0.06 0.035 0.005 0.06 0.095
 0.07 0.13 0.135 0.115 0.15 0.08 0.035 0.035 0.035 0.035 0.035 0.145
 0.09 0.13 0.095 0.155 0.095 0.095 0.07 0.055 0.03 0.035 0.035 0.115
 0.055 0.125 0.155 0.12 0.095 0.115 0.065 0.085 0.025 0.04 0.015 0.105
 0.07 0.155 0.16 0.095 0.1 0.075 0.065 0.03 0.05 0.035 0.04 0.125
 0.09 0.065 0.1 0.155 0.12 0.115 0.07 0.055 0.035 0.055 0.025 0.115
 0.11 0.12 0.12 0.12 0.115 0.075 0.055 0.06 0.085 0.025 0.015 0.1
 0.05 0.13 0.205 0.14 0.1 0.095 0.08 0.035 0.015 0.005 0.02 0.125
 0.07 0.13 0.125 0.16 0.125 0.085 0.1 0.055 0.025 0.02 0.03 0.075
 0.115 0.14 0.155 0.135 0.14 0.08 0.065 0.03 0.02 0.025 0.01 0.085
 0.17 0.175 0.19 0.095 0.125 0.07 0.03 0.045 0.02 0.03 0.015 0.035
 0.085 0.21 0.245 0.1 0.095 0.075 0.055 0.03 0.02 0.015 0.01 0.06
 0.105 0.085 0.265 0.165 0.08 0.1 0.045 0.04 0.03 0.025 0.025 0.035
 0.11 0.155 0.115 0.225 0.14 0.035 0.055 0.045 0.04 0.015 0.01 0.055
 0.08 0.105 0.195 0.09 0.215 0.125 0.055 0.025 0.035 0.02 0.02 0.035
 0.12 0.14 0.19 0.16 0.075 0.14 0.04 0.03 0.02 0.035 0.015 0.035
 0.115 0.19 0.165 0.11 0.11 0.1 0.06 0.07 0.01 0.03 0 0.04
 0.09 0.155 0.2 0.145 0.125 0.085 0.03 0.08 0.02 0.015 0.01 0.045
 0.145 0.13 0.23 0.165 0.095 0.045 0.06 0.05 0.05 0.01 0 0.02
 0.11 0.215 0.16 0.165 0.12 0.07 0.06 0.035 0.01 0.03 0.005 0.02
 0.17 0.155 0.24 0.115 0.09 0.085 0.055 0.03 0.015 0.01 0.01 0.025
 0.185 0.26 0.125 0.175 0.105 0.05 0.035 0.02 0.005 0.015 0.005 0.02
 0.11 0.175 0.315 0.12 0.105 0.075 0.03 0.03 0.03 0.01 0 0
 0.095 0.265 0.185 0.2 0.085 0.08 0.03 0.03 0.015 0.005 0 0.01
 0.165 0.19 0.215 0.14 0.115 0.055 0.04 0.025 0.025 0.005 0.005 0.02
 0.14 0.26 0.15 0.145 0.115 0.1 0.015 0.035 0.01 0.01 0 0.02
 0.12 0.21 0.29 0.12 0.075 0.065 0.045 0.04 0.01 0.005 0.01 0.01
 0.16 0.175 0.235 0.215 0.1 0.035 0.015 0.04 0.01 0 0 0.015
# olc_fsh

# wt_fsh
 0.000530656 0.00119633 0.00205827 0.00303499 0.00405521 0.0050647 0.00602623 0.00691692 0.00772489 0.00844611 0.00908185 0.0096367
 0.000530656 0.00119633 0.00205827 0.00303499 0.00405521 0.0050647 0.00602623 0.00691692 0.00772489 0.00844611 0.00908185 0.0096367
 0.000530656 0.00119633 0.00205827 0.00303499 0.00405521 0.0050647 0.00602623 0.00691692 0.00772489 0.00844611 0.00908185 0.0096367
 0.000530656 0.00119633 0.00205827 0.00303499 0.00405521 0.0050647 0.00602623 0.00691692 0.00772489 0.00844611 0.00908185 0.0096367
 0.000530656 0.00119633 0.00205827 0.00303499 0.00405521 0.0050647 0.00602623 0.00691692 0.00772489 0.00844611 0.00908185 0.0096367
 0.000530656 0.00119633 0.00205827 0.00303499 0.00405521 0.0050647 0.00602623 0.00691692 0.00772489 0.00844611 0.00908185 0.0096367
 0.000530656 0.00119633 0.00205827 0.00303499 0.00405521 0.0050647 0.00602623 0.00691692 0.00772489 0.00844611 0.00908185 0.0096367
 0.000530656 0.00119633 0.00205827 0.00303499 0.00405521 0.0050647 0.00602623 0.00691692 0.00772489 0.00844611 0.00908185 0.0096367
 0.000530656 0.00119633 0.00205827 0.00303499 0.00405521 0.0050647 0.00602623 0.00691692 0.00772489 0.00844611 0.00908185 0.0096367
 0.000530656 0.00119633 0.00205827 0.00303499 0.00405521 0.0050647 0.00602623 0.00691692 0.00772489 0.00844611 0.00908185 0.0096367
 0.000530656 0.00119633 0.00205827 0.00303499 0.00405521 0.0050647 0.00602623 0.00691692 0.00772489 0.00844611 0.00908185 0.0096367
 0.000530656 0.00119633 0.00205827 0.00303499 0.00405521 0.0050647 0.00602623 0.00691692 0.00772489 0.00844611 0.00908185 0.0096367
 0.000530656 0.00119633 0.00205827 0.00303499 0.00405521 0.0050647 0.00602623 0.00691692 0.00772489 0.00844611 0.00908185 0.0096367
 0.000530656 0.00119633 0.00205827 0.00303499 0.00405521 0.0050647 0.00602623 0.00691692 0.00772489 0.00844611 0.00908185 0.0096367
 0.000530656 0.00119633 0.00205827 0.00303499 0.00405521 0.0050647 0.00602623 0.00691692 0.00772489 0.00844611 0.00908185 0.0096367
 0.000530656 0.00119633 0.00205827 0.00303499 0.00405521 0.0050647 0.00602623 0.00691692 0.00772489 0.00844611 0.00908185 0.0096367
 0.000530656 0.00119633 0.00205827 0.00303499 0.00405521 0.0050647 0.00602623 0.00691692 0.00772489 0.00844611 0.00908185 0.0096367
 0.000530656 0.00119633 0.00205827 0.00303499 0.00405521 0.0050647 0.00602623 0.00691692 0.00772489 0.00844611 0.00908185 0.0096367
 0.000530656 0.00119633 0.00205827 0.00303499 0.00405521 0.0050647 0.00602623 0.00691692 0.00772489 0.00844611 0.00908185 0.0096367
 0.000530656 0.00119633 0.00205827 0.00303499 0.00405521 0.0050647 0.00602623 0.00691692 0.00772489 0.00844611 0.00908185 0.0096367
 0.000530656 0.00119633 0.00205827 0.00303499 0.00405521 0.0050647 0.00602623 0.00691692 0.00772489 0.00844611 0.00908185 0.0096367
 0.000530656 0.00119633 0.00205827 0.00303499 0.00405521 0.0050647 0.00602623 0.00691692 0.00772489 0.00844611 0.00908185 0.0096367
 0.000530656 0.00119633 0.00205827 0.00303499 0.00405521 0.0050647 0.00602623 0.00691692 0.00772489 0.00844611 0.00908185 0.0096367
 0.000530656 0.00119633 0.00205827 0.00303499 0.00405521 0.0050647 0.00602623 0.00691692 0.00772489 0.00844611 0.00908185 0.0096367
 0.000530656 0.00119633 0.00205827 0.00303499 0.00405521 0.0050647 0.00602623 0.00691692 0.00772489 0.00844611 0.00908185 0.0096367
 0.000530656 0.00119633 0.00205827 0.00303499 0.00405521 0.0050647 0.00602623 0.00691692 0.00772489 0.00844611 0.00908185 0.0096367
 0.000530656 0.00119633 0.00205827 0.00303499 0.00405521 0.0050647 0.00602623 0.00691692 0.00772489 0.00844611 0.00908185 0.0096367
 0.000530656 0.00119633 0.00205827 0.00303499 0.00405521 0.0050647 0.00602623 0.00691692 0.00772489 0.00844611 0.00908185 0.0096367
 0.000530656 0.00119633 0.00205827 0.00303499 0.00405521 0.0050647 0.00602623 0.00691692 0.00772489 0.00844611 0.00908185 0.0096367
 0.000530656 0.00119633 0.00205827 0.00303499 0.00405521 0.0050647 0.00602623 0.00691692 0.00772489 0.00844611 0.00908185 0.0096367
# nyrs_ind_age
 30
# yrs_ind_age
 1 2 3 4 5 6 7 8 9 10 11 12 13 14 15 16 17 18 19 20 21 22 23 24 25 26 27 28 29 30
# n_sample_ind_age
 200 200 200 200 200 200 200 200 200 200 200 200 200 200 200 200 200 200 200 200 200 200 200 200 200 200 200 200 200 200
# oac_ind
 0.08 0.14 0.13 0.14 0.085 0.095 0.06 0.05 0.02 0.04 0.055 0.105
 0.095 0.13 0.115 0.155 0.08 0.09 0.055 0.055 0.05 0.03 0.055 0.09
 0.08 0.16 0.13 0.14 0.11 0.085 0.04 0.055 0.055 0.01 0.02 0.115
 0.06 0.195 0.17 0.105 0.075 0.1 0.05 0.045 0.045 0.05 0.02 0.085
 0.075 0.11 0.165 0.135 0.095 0.075 0.06 0.065 0.045 0.04 0.03 0.105
 0.075 0.25 0.085 0.14 0.05 0.07 0.085 0.05 0.02 0.035 0.035 0.105
 0.045 0.14 0.235 0.075 0.165 0.075 0.06 0.055 0.025 0.025 0.04 0.06
 0.065 0.125 0.14 0.19 0.12 0.08 0.055 0.05 0.045 0.015 0.005 0.11
 0.07 0.205 0.135 0.105 0.145 0.065 0.05 0.04 0.025 0.025 0.04 0.095
 0.065 0.135 0.205 0.15 0.07 0.125 0.06 0.055 0.025 0.015 0.025 0.07
 0.085 0.15 0.19 0.175 0.075 0.065 0.065 0.04 0.05 0.02 0.005 0.08
 0.12 0.14 0.15 0.175 0.14 0.06 0.02 0.03 0.03 0.025 0.03 0.08
 0.185 0.2 0.175 0.1 0.085 0.06 0.08 0.02 0.02 0.01 0.005 0.06
 0.055 0.265 0.235 0.1 0.085 0.06 0.055 0.04 0.03 0.025 0.01 0.04
 0.105 0.145 0.335 0.115 0.095 0.065 0.045 0.02 0.02 0.01 0.02 0.025
 0.09 0.185 0.15 0.22 0.1 0.075 0.02 0.035 0.005 0.01 0.025 0.085
 0.145 0.145 0.235 0.095 0.125 0.06 0.03 0.035 0.045 0.02 0.025 0.04
 0.11 0.195 0.16 0.145 0.105 0.085 0.08 0.03 0.025 0.025 0.015 0.025
 0.09 0.245 0.16 0.15 0.11 0.035 0.1 0.03 0.025 0.01 0.02 0.025
 0.045 0.255 0.2 0.145 0.115 0.025 0.04 0.065 0.04 0.015 0.02 0.035
 0.125 0.205 0.22 0.16 0.095 0.07 0.04 0.025 0.015 0.01 0.01 0.025
 0.06 0.25 0.19 0.165 0.125 0.06 0.035 0.03 0.03 0.015 0.01 0.03
 0.145 0.14 0.275 0.135 0.08 0.045 0.045 0.04 0.015 0.005 0.02 0.055
 0.125 0.315 0.195 0.14 0.055 0.045 0.05 0.02 0.025 0.005 0.005 0.02
 0.095 0.23 0.3 0.08 0.115 0.03 0.035 0.05 0.005 0.03 0.005 0.025
 0.09 0.27 0.2 0.235 0.07 0.06 0.025 0.025 0.01 0.01 0.005 0
 0.16 0.21 0.25 0.125 0.105 0.065 0.02 0.025 0.01 0.005 0.005 0.02
 0.16 0.325 0.16 0.13 0.07 0.05 0.05 0.02 0.02 0.01 0.005 0
 0.13 0.275 0.25 0.095 0.11 0.075 0.04 0 0.02 0.005 0 0
 0.09 0.255 0.22 0.19 0.065 0.06 0.055 0.02 0.005 0.035 0 0.005
# olc_ind

# obs_lse_ind
 0.198042 0.198042 0.198042 0.198042 0.198042 0.198042 0.198042 0.198042 0.198042 0.198042 0.198042 0.198042 0.198042 0.198042 0.198042 0.198042 0.198042 0.198042 0.198042 0.198042 0.198042 0.198042 0.198042 0.198042 0.198042 0.198042 0.198042 0.198042 0.198042 0.198042
# xages_fsh
 0 0 0 0 0 0 0 0 0 0 0 0
# xages_fsh
 0 0.0909091 0.181818 0.272727 0.363636 0.454545 0.545455 0.636364 0.727273 0.818182 0.909091 1
# xnodes_fsh

Yrs fsh_sel change:  1 0 0 0 0 0 0 0 0 0 0 0 0 0 0 0 0 0 0 0 0 0 0 0 0 0 0 0 0
Yrs ind_sel change:  1 0 0 0 0 0 0 0 0 0 0 0 0 0 0 0 0 0 0 0 0 0 0 0 0 0 0 0 0
# steepnessprior
0.75
# sigmarprior
0.2
#  SSB estimated in styr endyr: -13 28 
#  Rec estimated in styr endyr: -11 30 
#  SR Curve fit  in styr endyr: 1 30 
#             Model styr endyr: 1 30 
# qprior
 3.48998e-007
# q_power_prior 
 1 
# cv_catchbiomass 
0.05 
# CatchbiomassPen 
200 
# Number of projection years 
5 
# offset_fsh
 13348.9
# offset_ind
 13077.8
Mean Catch
1364.42
R_guess 
15.4786
# nfsh
1
# n_sel_ch_fsh
 1
# nselages_fsh
 11
# phase_selcoff_fsh
 -1
logRzero 15.4786
logmeanrec 15.4786
exp(log_sigmarprior 0.2
Fish sel phase: -1 FLEET1
Fixing fishery sel to
1
Srvy sel phase: -1
Fixing SURVEY1 indices sel to
1
# logsel_slp_in_indv
 0.693147
Leaving parameter init secton
# M
 0.2 0.2 0.2 0.2 0.2 0.2 0.2 0.2 0.2 0.2 0.2 0.2
 0.2 0.2 0.2 0.2 0.2 0.2 0.2 0.2 0.2 0.2 0.2 0.2
 0.2 0.2 0.2 0.2 0.2 0.2 0.2 0.2 0.2 0.2 0.2 0.2
 0.2 0.2 0.2 0.2 0.2 0.2 0.2 0.2 0.2 0.2 0.2 0.2
 0.2 0.2 0.2 0.2 0.2 0.2 0.2 0.2 0.2 0.2 0.2 0.2
 0.2 0.2 0.2 0.2 0.2 0.2 0.2 0.2 0.2 0.2 0.2 0.2
 0.2 0.2 0.2 0.2 0.2 0.2 0.2 0.2 0.2 0.2 0.2 0.2
 0.2 0.2 0.2 0.2 0.2 0.2 0.2 0.2 0.2 0.2 0.2 0.2
 0.2 0.2 0.2 0.2 0.2 0.2 0.2 0.2 0.2 0.2 0.2 0.2
 0.2 0.2 0.2 0.2 0.2 0.2 0.2 0.2 0.2 0.2 0.2 0.2
 0.2 0.2 0.2 0.2 0.2 0.2 0.2 0.2 0.2 0.2 0.2 0.2
 0.2 0.2 0.2 0.2 0.2 0.2 0.2 0.2 0.2 0.2 0.2 0.2
 0.2 0.2 0.2 0.2 0.2 0.2 0.2 0.2 0.2 0.2 0.2 0.2
 0.2 0.2 0.2 0.2 0.2 0.2 0.2 0.2 0.2 0.2 0.2 0.2
 0.2 0.2 0.2 0.2 0.2 0.2 0.2 0.2 0.2 0.2 0.2 0.2
 0.2 0.2 0.2 0.2 0.2 0.2 0.2 0.2 0.2 0.2 0.2 0.2
 0.2 0.2 0.2 0.2 0.2 0.2 0.2 0.2 0.2 0.2 0.2 0.2
 0.2 0.2 0.2 0.2 0.2 0.2 0.2 0.2 0.2 0.2 0.2 0.2
 0.2 0.2 0.2 0.2 0.2 0.2 0.2 0.2 0.2 0.2 0.2 0.2
 0.2 0.2 0.2 0.2 0.2 0.2 0.2 0.2 0.2 0.2 0.2 0.2
 0.2 0.2 0.2 0.2 0.2 0.2 0.2 0.2 0.2 0.2 0.2 0.2
 0.2 0.2 0.2 0.2 0.2 0.2 0.2 0.2 0.2 0.2 0.2 0.2
 0.2 0.2 0.2 0.2 0.2 0.2 0.2 0.2 0.2 0.2 0.2 0.2
 0.2 0.2 0.2 0.2 0.2 0.2 0.2 0.2 0.2 0.2 0.2 0.2
 0.2 0.2 0.2 0.2 0.2 0.2 0.2 0.2 0.2 0.2 0.2 0.2
 0.2 0.2 0.2 0.2 0.2 0.2 0.2 0.2 0.2 0.2 0.2 0.2
 0.2 0.2 0.2 0.2 0.2 0.2 0.2 0.2 0.2 0.2 0.2 0.2
 0.2 0.2 0.2 0.2 0.2 0.2 0.2 0.2 0.2 0.2 0.2 0.2
 0.2 0.2 0.2 0.2 0.2 0.2 0.2 0.2 0.2 0.2 0.2 0.2
 0.2 0.2 0.2 0.2 0.2 0.2 0.2 0.2 0.2 0.2 0.2 0.2
# mean_log_rec
13.7976
# log_Rzero
13.8659
# rec_dev
 -0.129103 -0.153829 0.0778011 0.119507 -0.00994467 -0.110738 -0.0299693 0.0493995 -0.0167424 -0.0117756 0.123858 0.0531007 0.0357034 0.0901233 0.179142 -0.00313574 0.318074 -0.0289251 -0.0440377 0.174026 0.0596469 -0.090487 -0.0735871 0.257836 0.563729 -0.163823 0.104914 -0.0170953 -0.0299614 0.0674595 -0.0194973 -0.242562 0.0729108 -0.33467 0.197067 -0.142831 -0.126606 -0.367916 0.0909286 -0.100966 -0.290986 -0.259176
# fmort
 0.00888662 0.0256248 0.0423145 0.0576831 0.046325 0.0840873 0.0847741 0.179264 0.102876 0.125702 0.140125 0.150041 0.105669 0.156028 0.163084 0.147894 0.285004 0.236394 0.234601 0.229067 0.317282 0.22994 0.376198 0.311903 0.310869 0.284585 0.28057 0.395129 0.296882 0.447024
# rec_dev_future
 0 0 0 0 0
