AMAK;Mar 2020
# styr
1
# endyr
30
# rec_age
1
# oldest_age
12
# nlength
81
# len_bins
 10 11 12 13 14 15 16 17 18 19 20 21 22 23 24 25 26 27 28 29 30 31 32 33 34 35 36 37 38 39 40 41 42 43 44 45 46 47 48 49 50 51 52 53 54 55 56 57 58 59 60 61 62 63 64 65 66 67 68 69 70 71 72 73 74 75 76 77 78 79 80 81 82 83 84 85 86 87 88 89 90
# datafile_name
amak_data.dat
# model_name
AMAK_MCP
# styr
1
# endyr
30
# rec_age
1
# oldest_age
12
# nfsh
1
# fshname
FLEET1
# catch_bio_in
 162.495 458.396 744.19 972.909 740.658 1281.56 1217.67 2345.68 1243.76 1457.23 1574.16 1589.39 1103.96 1546.97 1571.64 1358.75 2452.29 1790 1657.82 1518.31 1902.07 1273.15 1922.95 1417.35 1301.48 1122.36 1076.43 1394.32 978.212 1353.51
# catch_bio_sd_in
 0.01 0.01 0.01 0.01 0.01 0.01 0.01 0.01 0.01 0.01 0.01 0.01 0.01 0.01 0.01 0.01 0.01 0.01 0.01 0.01 0.01 0.01 0.01 0.01 0.01 0.01 0.01 0.01 0.01 0.01
# nyrs_fsh_age
 30
# nyrs_fsh_length
 0
# yrs_fsh_age_in
 1 2 3 4 5 6 7 8 9 10 11 12 13 14 15 16 17 18 19 20 21 22 23 24 25 26 27 28 29 30
# yrs_fsh_length_in

# n_sample_fsh_length_in

# olc_fsh_in

# nind
1
# indname
SURVEY1
# nyrs_ind
 30
# yrs_ind_in
 1 2 3 4 5 6 7 8 9 10 11 12 13 14 15 16 17 18 19 20 21 22 23 24 25 26 27 28 29 30
# mo_ind
 1
# obs_ind_in
 1.67255 1.43349 1.71489 1.44 1.34169 1.12535 1.27979 1.18148 1.21269 1.15995 1.19005 1.13729 0.897566 1.33764 0.947866 1.18613 0.987492 1.07879 0.781823 0.869829 0.737991 0.703651 0.856781 0.686747 0.749866 0.591708 0.574102 0.607522 0.562571 0.535599
# obs_se_ind_in
 0.334511 0.286698 0.342978 0.287999 0.268337 0.22507 0.255958 0.236296 0.242538 0.231989 0.23801 0.227457 0.179513 0.267528 0.189573 0.237225 0.197498 0.215757 0.156365 0.173966 0.147598 0.14073 0.171356 0.137349 0.149973 0.118342 0.11482 0.121504 0.112514 0.10712
# nyrs_ind_age
 30
# nyrs_ind_length
 0
# yrs_ind_age_in
 1 2 3 4 5 6 7 8 9 10 11 12 13 14 15 16 17 18 19 20 21 22 23 24 25 26 27 28 29 30
# yrs_ind_length_in

# yrs_ind_age_in
 1 2 3 4 5 6 7 8 9 10 11 12 13 14 15 16 17 18 19 20 21 22 23 24 25 26 27 28 29 30
# n_sample_ind_length_in

# olc_ind_in

# oac_ind_in
 0.07 0.15 0.13 0.13 0.08 0.065 0.08 0.055 0.045 0.045 0.025 0.125
 0.05 0.12 0.15 0.13 0.12 0.09 0.075 0.04 0.025 0.045 0.005 0.15
 0.09 0.155 0.135 0.13 0.04 0.055 0.04 0.06 0.08 0.03 0.03 0.155
 0.07 0.17 0.16 0.145 0.095 0.085 0.04 0.06 0.025 0.015 0.015 0.12
 0.05 0.17 0.15 0.12 0.13 0.035 0.085 0.045 0.045 0.02 0.045 0.105
 0.07 0.08 0.135 0.155 0.11 0.105 0.085 0.065 0.03 0.035 0.04 0.09
 0.095 0.17 0.13 0.12 0.125 0.04 0.08 0.03 0.03 0.035 0.05 0.095
 0.115 0.125 0.13 0.115 0.1 0.095 0.09 0.05 0.025 0.035 0.015 0.105
 0.085 0.195 0.175 0.13 0.075 0.095 0.04 0.045 0.03 0.02 0.025 0.085
 0.085 0.17 0.225 0.13 0.075 0.07 0.04 0.06 0.015 0.03 0.025 0.075
 0.075 0.125 0.175 0.235 0.095 0.075 0.065 0.03 0.035 0.01 0.015 0.065
 0.06 0.145 0.18 0.135 0.175 0.095 0.03 0.035 0.02 0.035 0.015 0.075
 0.11 0.125 0.145 0.135 0.12 0.14 0.06 0.015 0.045 0.025 0.025 0.055
 0.07 0.2 0.15 0.165 0.07 0.105 0.095 0.035 0.005 0.02 0 0.085
 0.115 0.17 0.215 0.15 0.09 0.065 0.05 0.08 0.02 0.01 0.005 0.03
 0.12 0.235 0.145 0.16 0.065 0.065 0.065 0.025 0.03 0.02 0.02 0.05
 0.115 0.14 0.235 0.16 0.13 0.03 0.045 0.055 0.04 0.02 0.015 0.015
 0.08 0.225 0.22 0.19 0.11 0.06 0.01 0.015 0.025 0.005 0.02 0.04
 0.09 0.175 0.255 0.135 0.105 0.06 0.045 0.045 0.025 0.015 0.015 0.035
 0.105 0.19 0.16 0.19 0.085 0.095 0.045 0.045 0.015 0.03 0.01 0.03
 0.135 0.155 0.185 0.135 0.13 0.065 0.06 0.035 0.035 0.015 0.015 0.035
 0.135 0.28 0.2 0.12 0.085 0.05 0.03 0.02 0.04 0.015 0.005 0.02
 0.105 0.245 0.26 0.115 0.06 0.065 0.07 0.005 0.02 0.035 0 0.02
 0.11 0.19 0.225 0.22 0.075 0.045 0.06 0.02 0.01 0.02 0.01 0.015
 0.085 0.23 0.23 0.16 0.15 0.05 0.025 0.03 0.02 0.005 0 0.015
 0.15 0.195 0.235 0.15 0.11 0.055 0.04 0.02 0.02 0.01 0.005 0.01
 0.09 0.26 0.23 0.13 0.09 0.045 0.065 0.02 0 0.025 0.01 0.035
 0.105 0.195 0.32 0.14 0.11 0.07 0.025 0.025 0 0 0 0.01
 0.085 0.25 0.165 0.21 0.06 0.105 0.075 0.025 0.015 0.01 0 0
 0.155 0.235 0.235 0.09 0.145 0.035 0.05 0.025 0.015 0.005 0 0.01
# wt_ind
 1 1 1 1 1 1 1 1 1 1 1 1
 1 1 1 1 1 1 1 1 1 1 1 1
 1 1 1 1 1 1 1 1 1 1 1 1
 1 1 1 1 1 1 1 1 1 1 1 1
 1 1 1 1 1 1 1 1 1 1 1 1
 1 1 1 1 1 1 1 1 1 1 1 1
 1 1 1 1 1 1 1 1 1 1 1 1
 1 1 1 1 1 1 1 1 1 1 1 1
 1 1 1 1 1 1 1 1 1 1 1 1
 1 1 1 1 1 1 1 1 1 1 1 1
 1 1 1 1 1 1 1 1 1 1 1 1
 1 1 1 1 1 1 1 1 1 1 1 1
 1 1 1 1 1 1 1 1 1 1 1 1
 1 1 1 1 1 1 1 1 1 1 1 1
 1 1 1 1 1 1 1 1 1 1 1 1
 1 1 1 1 1 1 1 1 1 1 1 1
 1 1 1 1 1 1 1 1 1 1 1 1
 1 1 1 1 1 1 1 1 1 1 1 1
 1 1 1 1 1 1 1 1 1 1 1 1
 1 1 1 1 1 1 1 1 1 1 1 1
 1 1 1 1 1 1 1 1 1 1 1 1
 1 1 1 1 1 1 1 1 1 1 1 1
 1 1 1 1 1 1 1 1 1 1 1 1
 1 1 1 1 1 1 1 1 1 1 1 1
 1 1 1 1 1 1 1 1 1 1 1 1
 1 1 1 1 1 1 1 1 1 1 1 1
 1 1 1 1 1 1 1 1 1 1 1 1
 1 1 1 1 1 1 1 1 1 1 1 1
 1 1 1 1 1 1 1 1 1 1 1 1
 1 1 1 1 1 1 1 1 1 1 1 1
# wt_pop
 0.000530656 0.00119633 0.00205827 0.00303499 0.00405521 0.0050647 0.00602623 0.00691692 0.00772489 0.00844611 0.00908185 0.0096367
# maturity
 0.0229774 0.320821 0.904651 0.99478 0.999739 0.999987 0.999999 1 1 1 1 1
# spawnmo
1
# age_err
 1 0 0 0 0 0 0 0 0 0 0 0
 0 1 0 0 0 0 0 0 0 0 0 0
 0 0 1 0 0 0 0 0 0 0 0 0
 0 0 0 1 0 0 0 0 0 0 0 0
 0 0 0 0 1 0 0 0 0 0 0 0
 0 0 0 0 0 1 0 0 0 0 0 0
 0 0 0 0 0 0 1 0 0 0 0 0
 0 0 0 0 0 0 0 1 0 0 0 0
 0 0 0 0 0 0 0 0 1 0 0 0
 0 0 0 0 0 0 0 0 0 1 0 0
 0 0 0 0 0 0 0 0 0 0 1 0
 0 0 0 0 0 0 0 0 0 0 0 1
# cntrlfile_name
C:\Users\bai.li\DOCUME~1\Github\AGE_ST~1\ASSAMC\example\output\AMAK\s92\amak.dat
# Map shared selectivity: 
# sel_map
 1 2
 1 1
# datafile_name
amak_data.dat
# model_name
AMAK_MCP
# SrType
2
# use_age_err
0
# retro
0
# sigmarprior
0.2
# cvsigmarprior
0.25
# phase_sigmar
-3
# styr_rec_est
1
# endyr_rec_est
30
# Linfprior
80
# cvLinfprior
0.25
# kprior
0.18
# cvkprior
0.25
# Loprior
27.688
# cvLoprior
0.25
# sdageprior
0.1
# cvsdageprior
0.25
# natmortprior
0.2
# cvnatmortprior
0.25
# phase_M
-4
# npars_Mage
0
# ages_M_changes

# Mage_in

# Mage_offset_in

# phase_Mage
-5
# phase_rw_M
0
# npars_rw_M
0
# yrs_rw_M

# sigma_rw_M

# qprior
 3.48998e-007
# cvqprior
 1
# phase_q
 1
# q_power_prior
 1
# cvq_power_prior
 0.2
# phase_q_power
 -4
# phase_rw_q
 -1
# npars_rw_q
 0
# yrs_rw_q

# sigma_rw_q

# q_age_min
 1
# q_age_max
 12
# q_age_min
 1
# q_age_max
 12
# fsh_sel_opt(k)
2
# phase_sel_fsh(k)
2
# n_sel_ch_fsh(k)
1
# sel_slp_in_fsh(k)(1,n_sel_ch_fsh(k))
 1
# sel_inf_in_fsh(k)(1,n_sel_ch_fsh(k))
 2
# logsel_slp_in_fsh(k)(1,n_sel_ch_fsh(k))
 0
# yrs_sel_ch_fsh(k)(1,n_sel_ch_fsh(k))
 1

Survey SURVEY1
# ind_sel_opt(k)
2
# indname(k)
SURVEY1
# nselages_in_ind(k)
11
# phase_sel_ind(k)
2
# sel_change_in_ind(k)
 1 0 0 0 0 0 0 0 0 0 0 0 0 0 0 0 0 0 0 0 0 0 0 0 0 0 0 0 0 0
# n_sel_ch_ind(k)
1
# yrs_sel_ch_ind(k)(1,n_sel_ch_ind(k))
 1
# sel_slp_in_ind(k,1)
2
# sel_inf_in_ind(k,1)
1.5
# logsel_slp_in_ind(k,1)
0.693147
# logsel_slp_in_indv(k)
0.693147
SURVEY1 ind sel opt 2  1 0 0 0 0 0 0 0 0 0 0 0 0 0 0 0 0 0 0 0 0 0 0 0 0 0 0 0 0 0
Phase indices Sel_Coffs:  -1
 Test: 1.23457e+008
# Fshry Selages:  11
# Srvy  Selages:  11
# Phase for age-spec fishery  -1
# Phase for logistic fishery  2
# Phase for dble logistic fishery  -1
# Phase for age-spec indices   -1
# Phase for logistic indices   2
# Phase for dble logistic ind  -1
# Curv_pen_fsh: 
 0
# Curv_pen_ind: 
 0
# styr_fut
31
# endyr_fut
35
# nyrs_fsh_age
 30
# nyrs_fsh_age
 30
# yrs_fsh_age
 1 2 3 4 5 6 7 8 9 10 11 12 13 14 15 16 17 18 19 20 21 22 23 24 25 26 27 28 29 30
# n_sample_fsh_age
 200 200 200 200 200 200 200 200 200 200 200 200 200 200 200 200 200 200 200 200 200 200 200 200 200 200 200 200 200 200
# oac_fsh
 0.08 0.1 0.145 0.11 0.135 0.105 0.07 0.03 0.03 0.025 0.03 0.14
 0.06 0.085 0.15 0.15 0.115 0.09 0.075 0.06 0.045 0.035 0.02 0.115
 0.1 0.125 0.125 0.095 0.12 0.085 0.075 0.065 0.04 0.035 0.03 0.105
 0.08 0.14 0.12 0.125 0.12 0.09 0.04 0.03 0.045 0.025 0.03 0.155
 0.04 0.09 0.16 0.105 0.105 0.095 0.09 0.075 0.055 0.025 0.035 0.125
 0.115 0.115 0.115 0.125 0.13 0.09 0.065 0.035 0.03 0.03 0.025 0.125
 0.095 0.14 0.115 0.125 0.08 0.075 0.07 0.065 0.035 0.035 0.025 0.14
 0.13 0.09 0.12 0.11 0.115 0.115 0.085 0.03 0.04 0.035 0.025 0.105
 0.09 0.18 0.165 0.115 0.075 0.06 0.08 0.045 0.02 0.025 0.03 0.115
 0.065 0.14 0.17 0.14 0.125 0.05 0.05 0.08 0.055 0.02 0.025 0.08
 0.045 0.125 0.16 0.21 0.15 0.055 0.065 0.04 0.05 0.02 0.015 0.065
 0.105 0.13 0.175 0.11 0.135 0.075 0.055 0.02 0.035 0.035 0.045 0.08
 0.15 0.1 0.165 0.16 0.095 0.13 0.03 0.02 0.03 0.025 0.015 0.08
 0.1 0.17 0.145 0.16 0.09 0.11 0.085 0.03 0.05 0.035 0 0.025
 0.09 0.17 0.205 0.13 0.095 0.08 0.08 0.065 0.015 0.005 0.01 0.055
 0.12 0.19 0.175 0.135 0.095 0.085 0.075 0.03 0.035 0.015 0.02 0.025
 0.145 0.13 0.205 0.155 0.1 0.075 0.055 0.04 0.03 0.015 0.015 0.035
 0.11 0.205 0.14 0.155 0.175 0.09 0.03 0.005 0.02 0.01 0.025 0.035
 0.115 0.175 0.21 0.14 0.115 0.07 0.055 0.04 0.025 0.025 0.01 0.02
 0.155 0.17 0.12 0.175 0.12 0.07 0.07 0.03 0.015 0.015 0.015 0.045
 0.19 0.115 0.15 0.135 0.17 0.035 0.055 0.04 0.04 0.015 0.02 0.035
 0.12 0.26 0.14 0.15 0.085 0.095 0.06 0.03 0.03 0.015 0.005 0.01
 0.085 0.22 0.27 0.145 0.095 0.04 0.055 0.01 0.03 0.01 0.01 0.03
 0.125 0.165 0.24 0.19 0.095 0.065 0.02 0.04 0.02 0.025 0 0.015
 0.105 0.25 0.18 0.2 0.1 0.04 0.02 0.015 0.03 0.015 0.01 0.035
 0.135 0.17 0.195 0.17 0.13 0.085 0.04 0.015 0.01 0.02 0.005 0.025
 0.115 0.24 0.15 0.195 0.07 0.105 0.04 0.04 0.01 0.015 0.01 0.01
 0.185 0.245 0.19 0.115 0.11 0.05 0.05 0.03 0.01 0.005 0.005 0.005
 0.19 0.155 0.15 0.2 0.1 0.09 0.04 0.03 0.02 0.005 0.01 0.01
 0.15 0.275 0.19 0.13 0.135 0.03 0.03 0.015 0.01 0.02 0 0.015
# olc_fsh

# wt_fsh
 0.000530656 0.00119633 0.00205827 0.00303499 0.00405521 0.0050647 0.00602623 0.00691692 0.00772489 0.00844611 0.00908185 0.0096367
 0.000530656 0.00119633 0.00205827 0.00303499 0.00405521 0.0050647 0.00602623 0.00691692 0.00772489 0.00844611 0.00908185 0.0096367
 0.000530656 0.00119633 0.00205827 0.00303499 0.00405521 0.0050647 0.00602623 0.00691692 0.00772489 0.00844611 0.00908185 0.0096367
 0.000530656 0.00119633 0.00205827 0.00303499 0.00405521 0.0050647 0.00602623 0.00691692 0.00772489 0.00844611 0.00908185 0.0096367
 0.000530656 0.00119633 0.00205827 0.00303499 0.00405521 0.0050647 0.00602623 0.00691692 0.00772489 0.00844611 0.00908185 0.0096367
 0.000530656 0.00119633 0.00205827 0.00303499 0.00405521 0.0050647 0.00602623 0.00691692 0.00772489 0.00844611 0.00908185 0.0096367
 0.000530656 0.00119633 0.00205827 0.00303499 0.00405521 0.0050647 0.00602623 0.00691692 0.00772489 0.00844611 0.00908185 0.0096367
 0.000530656 0.00119633 0.00205827 0.00303499 0.00405521 0.0050647 0.00602623 0.00691692 0.00772489 0.00844611 0.00908185 0.0096367
 0.000530656 0.00119633 0.00205827 0.00303499 0.00405521 0.0050647 0.00602623 0.00691692 0.00772489 0.00844611 0.00908185 0.0096367
 0.000530656 0.00119633 0.00205827 0.00303499 0.00405521 0.0050647 0.00602623 0.00691692 0.00772489 0.00844611 0.00908185 0.0096367
 0.000530656 0.00119633 0.00205827 0.00303499 0.00405521 0.0050647 0.00602623 0.00691692 0.00772489 0.00844611 0.00908185 0.0096367
 0.000530656 0.00119633 0.00205827 0.00303499 0.00405521 0.0050647 0.00602623 0.00691692 0.00772489 0.00844611 0.00908185 0.0096367
 0.000530656 0.00119633 0.00205827 0.00303499 0.00405521 0.0050647 0.00602623 0.00691692 0.00772489 0.00844611 0.00908185 0.0096367
 0.000530656 0.00119633 0.00205827 0.00303499 0.00405521 0.0050647 0.00602623 0.00691692 0.00772489 0.00844611 0.00908185 0.0096367
 0.000530656 0.00119633 0.00205827 0.00303499 0.00405521 0.0050647 0.00602623 0.00691692 0.00772489 0.00844611 0.00908185 0.0096367
 0.000530656 0.00119633 0.00205827 0.00303499 0.00405521 0.0050647 0.00602623 0.00691692 0.00772489 0.00844611 0.00908185 0.0096367
 0.000530656 0.00119633 0.00205827 0.00303499 0.00405521 0.0050647 0.00602623 0.00691692 0.00772489 0.00844611 0.00908185 0.0096367
 0.000530656 0.00119633 0.00205827 0.00303499 0.00405521 0.0050647 0.00602623 0.00691692 0.00772489 0.00844611 0.00908185 0.0096367
 0.000530656 0.00119633 0.00205827 0.00303499 0.00405521 0.0050647 0.00602623 0.00691692 0.00772489 0.00844611 0.00908185 0.0096367
 0.000530656 0.00119633 0.00205827 0.00303499 0.00405521 0.0050647 0.00602623 0.00691692 0.00772489 0.00844611 0.00908185 0.0096367
 0.000530656 0.00119633 0.00205827 0.00303499 0.00405521 0.0050647 0.00602623 0.00691692 0.00772489 0.00844611 0.00908185 0.0096367
 0.000530656 0.00119633 0.00205827 0.00303499 0.00405521 0.0050647 0.00602623 0.00691692 0.00772489 0.00844611 0.00908185 0.0096367
 0.000530656 0.00119633 0.00205827 0.00303499 0.00405521 0.0050647 0.00602623 0.00691692 0.00772489 0.00844611 0.00908185 0.0096367
 0.000530656 0.00119633 0.00205827 0.00303499 0.00405521 0.0050647 0.00602623 0.00691692 0.00772489 0.00844611 0.00908185 0.0096367
 0.000530656 0.00119633 0.00205827 0.00303499 0.00405521 0.0050647 0.00602623 0.00691692 0.00772489 0.00844611 0.00908185 0.0096367
 0.000530656 0.00119633 0.00205827 0.00303499 0.00405521 0.0050647 0.00602623 0.00691692 0.00772489 0.00844611 0.00908185 0.0096367
 0.000530656 0.00119633 0.00205827 0.00303499 0.00405521 0.0050647 0.00602623 0.00691692 0.00772489 0.00844611 0.00908185 0.0096367
 0.000530656 0.00119633 0.00205827 0.00303499 0.00405521 0.0050647 0.00602623 0.00691692 0.00772489 0.00844611 0.00908185 0.0096367
 0.000530656 0.00119633 0.00205827 0.00303499 0.00405521 0.0050647 0.00602623 0.00691692 0.00772489 0.00844611 0.00908185 0.0096367
 0.000530656 0.00119633 0.00205827 0.00303499 0.00405521 0.0050647 0.00602623 0.00691692 0.00772489 0.00844611 0.00908185 0.0096367
# nyrs_ind_age
 30
# yrs_ind_age
 1 2 3 4 5 6 7 8 9 10 11 12 13 14 15 16 17 18 19 20 21 22 23 24 25 26 27 28 29 30
# n_sample_ind_age
 200 200 200 200 200 200 200 200 200 200 200 200 200 200 200 200 200 200 200 200 200 200 200 200 200 200 200 200 200 200
# oac_ind
 0.07 0.15 0.13 0.13 0.08 0.065 0.08 0.055 0.045 0.045 0.025 0.125
 0.05 0.12 0.15 0.13 0.12 0.09 0.075 0.04 0.025 0.045 0.005 0.15
 0.09 0.155 0.135 0.13 0.04 0.055 0.04 0.06 0.08 0.03 0.03 0.155
 0.07 0.17 0.16 0.145 0.095 0.085 0.04 0.06 0.025 0.015 0.015 0.12
 0.05 0.17 0.15 0.12 0.13 0.035 0.085 0.045 0.045 0.02 0.045 0.105
 0.07 0.08 0.135 0.155 0.11 0.105 0.085 0.065 0.03 0.035 0.04 0.09
 0.095 0.17 0.13 0.12 0.125 0.04 0.08 0.03 0.03 0.035 0.05 0.095
 0.115 0.125 0.13 0.115 0.1 0.095 0.09 0.05 0.025 0.035 0.015 0.105
 0.085 0.195 0.175 0.13 0.075 0.095 0.04 0.045 0.03 0.02 0.025 0.085
 0.085 0.17 0.225 0.13 0.075 0.07 0.04 0.06 0.015 0.03 0.025 0.075
 0.075 0.125 0.175 0.235 0.095 0.075 0.065 0.03 0.035 0.01 0.015 0.065
 0.06 0.145 0.18 0.135 0.175 0.095 0.03 0.035 0.02 0.035 0.015 0.075
 0.11 0.125 0.145 0.135 0.12 0.14 0.06 0.015 0.045 0.025 0.025 0.055
 0.07 0.2 0.15 0.165 0.07 0.105 0.095 0.035 0.005 0.02 0 0.085
 0.115 0.17 0.215 0.15 0.09 0.065 0.05 0.08 0.02 0.01 0.005 0.03
 0.12 0.235 0.145 0.16 0.065 0.065 0.065 0.025 0.03 0.02 0.02 0.05
 0.115 0.14 0.235 0.16 0.13 0.03 0.045 0.055 0.04 0.02 0.015 0.015
 0.08 0.225 0.22 0.19 0.11 0.06 0.01 0.015 0.025 0.005 0.02 0.04
 0.09 0.175 0.255 0.135 0.105 0.06 0.045 0.045 0.025 0.015 0.015 0.035
 0.105 0.19 0.16 0.19 0.085 0.095 0.045 0.045 0.015 0.03 0.01 0.03
 0.135 0.155 0.185 0.135 0.13 0.065 0.06 0.035 0.035 0.015 0.015 0.035
 0.135 0.28 0.2 0.12 0.085 0.05 0.03 0.02 0.04 0.015 0.005 0.02
 0.105 0.245 0.26 0.115 0.06 0.065 0.07 0.005 0.02 0.035 0 0.02
 0.11 0.19 0.225 0.22 0.075 0.045 0.06 0.02 0.01 0.02 0.01 0.015
 0.085 0.23 0.23 0.16 0.15 0.05 0.025 0.03 0.02 0.005 0 0.015
 0.15 0.195 0.235 0.15 0.11 0.055 0.04 0.02 0.02 0.01 0.005 0.01
 0.09 0.26 0.23 0.13 0.09 0.045 0.065 0.02 0 0.025 0.01 0.035
 0.105 0.195 0.32 0.14 0.11 0.07 0.025 0.025 0 0 0 0.01
 0.085 0.25 0.165 0.21 0.06 0.105 0.075 0.025 0.015 0.01 0 0
 0.155 0.235 0.235 0.09 0.145 0.035 0.05 0.025 0.015 0.005 0 0.01
# olc_ind

# obs_lse_ind
 0.198042 0.198042 0.198042 0.198042 0.198042 0.198042 0.198042 0.198042 0.198042 0.198042 0.198042 0.198042 0.198042 0.198042 0.198042 0.198042 0.198042 0.198042 0.198042 0.198042 0.198042 0.198042 0.198042 0.198042 0.198042 0.198042 0.198042 0.198042 0.198042 0.198042
# xages_fsh
 0 0 0 0 0 0 0 0 0 0 0 0
# xages_fsh
 0 0.0909091 0.181818 0.272727 0.363636 0.454545 0.545455 0.636364 0.727273 0.818182 0.909091 1
# xnodes_fsh

Yrs fsh_sel change:  1 0 0 0 0 0 0 0 0 0 0 0 0 0 0 0 0 0 0 0 0 0 0 0 0 0 0 0 0
Yrs ind_sel change:  1 0 0 0 0 0 0 0 0 0 0 0 0 0 0 0 0 0 0 0 0 0 0 0 0 0 0 0 0
# steepnessprior
0.75
# sigmarprior
0.2
#  SSB estimated in styr endyr: -13 28 
#  Rec estimated in styr endyr: -11 30 
#  SR Curve fit  in styr endyr: 1 30 
#             Model styr endyr: 1 30 
# qprior
 3.48998e-007
# q_power_prior 
 1 
# cv_catchbiomass 
0.05 
# CatchbiomassPen 
200 
# Number of projection years 
5 
# offset_fsh
 13411.3
# offset_ind
 13171.1
Mean Catch
1350.99
R_guess 
15.4687
# nfsh
1
# n_sel_ch_fsh
 1
# nselages_fsh
 11
# phase_selcoff_fsh
 -1
logRzero 15.4687
logmeanrec 15.4687
exp(log_sigmarprior 0.2
Fish sel phase: -1 FLEET1
Fixing fishery sel to
1
Srvy sel phase: -1
Fixing SURVEY1 indices sel to
1
# logsel_slp_in_indv
 0.693147
Leaving parameter init secton
# M
 0.2 0.2 0.2 0.2 0.2 0.2 0.2 0.2 0.2 0.2 0.2 0.2
 0.2 0.2 0.2 0.2 0.2 0.2 0.2 0.2 0.2 0.2 0.2 0.2
 0.2 0.2 0.2 0.2 0.2 0.2 0.2 0.2 0.2 0.2 0.2 0.2
 0.2 0.2 0.2 0.2 0.2 0.2 0.2 0.2 0.2 0.2 0.2 0.2
 0.2 0.2 0.2 0.2 0.2 0.2 0.2 0.2 0.2 0.2 0.2 0.2
 0.2 0.2 0.2 0.2 0.2 0.2 0.2 0.2 0.2 0.2 0.2 0.2
 0.2 0.2 0.2 0.2 0.2 0.2 0.2 0.2 0.2 0.2 0.2 0.2
 0.2 0.2 0.2 0.2 0.2 0.2 0.2 0.2 0.2 0.2 0.2 0.2
 0.2 0.2 0.2 0.2 0.2 0.2 0.2 0.2 0.2 0.2 0.2 0.2
 0.2 0.2 0.2 0.2 0.2 0.2 0.2 0.2 0.2 0.2 0.2 0.2
 0.2 0.2 0.2 0.2 0.2 0.2 0.2 0.2 0.2 0.2 0.2 0.2
 0.2 0.2 0.2 0.2 0.2 0.2 0.2 0.2 0.2 0.2 0.2 0.2
 0.2 0.2 0.2 0.2 0.2 0.2 0.2 0.2 0.2 0.2 0.2 0.2
 0.2 0.2 0.2 0.2 0.2 0.2 0.2 0.2 0.2 0.2 0.2 0.2
 0.2 0.2 0.2 0.2 0.2 0.2 0.2 0.2 0.2 0.2 0.2 0.2
 0.2 0.2 0.2 0.2 0.2 0.2 0.2 0.2 0.2 0.2 0.2 0.2
 0.2 0.2 0.2 0.2 0.2 0.2 0.2 0.2 0.2 0.2 0.2 0.2
 0.2 0.2 0.2 0.2 0.2 0.2 0.2 0.2 0.2 0.2 0.2 0.2
 0.2 0.2 0.2 0.2 0.2 0.2 0.2 0.2 0.2 0.2 0.2 0.2
 0.2 0.2 0.2 0.2 0.2 0.2 0.2 0.2 0.2 0.2 0.2 0.2
 0.2 0.2 0.2 0.2 0.2 0.2 0.2 0.2 0.2 0.2 0.2 0.2
 0.2 0.2 0.2 0.2 0.2 0.2 0.2 0.2 0.2 0.2 0.2 0.2
 0.2 0.2 0.2 0.2 0.2 0.2 0.2 0.2 0.2 0.2 0.2 0.2
 0.2 0.2 0.2 0.2 0.2 0.2 0.2 0.2 0.2 0.2 0.2 0.2
 0.2 0.2 0.2 0.2 0.2 0.2 0.2 0.2 0.2 0.2 0.2 0.2
 0.2 0.2 0.2 0.2 0.2 0.2 0.2 0.2 0.2 0.2 0.2 0.2
 0.2 0.2 0.2 0.2 0.2 0.2 0.2 0.2 0.2 0.2 0.2 0.2
 0.2 0.2 0.2 0.2 0.2 0.2 0.2 0.2 0.2 0.2 0.2 0.2
 0.2 0.2 0.2 0.2 0.2 0.2 0.2 0.2 0.2 0.2 0.2 0.2
 0.2 0.2 0.2 0.2 0.2 0.2 0.2 0.2 0.2 0.2 0.2 0.2
# mean_log_rec
13.6758
# log_Rzero
13.8796
# rec_dev
 -0.0735022 -0.0884291 -0.0624924 -0.158821 -0.0158374 -0.144872 0.0664112 0.0403229 0.0702864 0.00719539 0.115184 0.099707 0.136694 0.158262 0.311503 0.0930914 -0.0173369 0.113851 0.189443 0.555542 0.211963 0.155376 0.0982973 -0.0101753 0.323149 0.273614 0.365136 0.115418 0.391449 -0.0017939 -0.0372023 -0.0476281 0.35049 0.174605 -0.0475224 0.0366161 -0.26371 0.093214 -0.282236 -0.133757 -0.0632165 -0.0759951
# fmort
 0.00983977 0.0280978 0.0467104 0.0631528 0.049585 0.0894314 0.0901578 0.190558 0.10975 0.133043 0.150486 0.161301 0.116899 0.169839 0.181062 0.161137 0.31289 0.25489 0.254626 0.251846 0.351544 0.255734 0.416943 0.340475 0.333567 0.300712 0.295782 0.408848 0.306528 0.451324
# rec_dev_future
 0 0 0 0 0
