AMAK;Mar 2020
# styr
1
# endyr
30
# rec_age
1
# oldest_age
12
# nlength
81
# len_bins
 10 11 12 13 14 15 16 17 18 19 20 21 22 23 24 25 26 27 28 29 30 31 32 33 34 35 36 37 38 39 40 41 42 43 44 45 46 47 48 49 50 51 52 53 54 55 56 57 58 59 60 61 62 63 64 65 66 67 68 69 70 71 72 73 74 75 76 77 78 79 80 81 82 83 84 85 86 87 88 89 90
# datafile_name
amak_data.dat
# model_name
AMAK_MCP
# styr
1
# endyr
30
# rec_age
1
# oldest_age
12
# nfsh
1
# fshname
FLEET1
# catch_bio_in
 161.213 458.78 732.169 960.09 742.521 1308.92 1306.53 2555.63 1386.41 1588.68 1699.02 1655.18 1126.03 1587.43 1639.98 1455.48 2655.44 1882.1 1670.1 1479.55 1860.39 1250.2 1923.5 1488.93 1513.51 1452.92 1488.52 2057.59 1510.31 2134.34
# catch_bio_sd_in
 0.01 0.01 0.01 0.01 0.01 0.01 0.01 0.01 0.01 0.01 0.01 0.01 0.01 0.01 0.01 0.01 0.01 0.01 0.01 0.01 0.01 0.01 0.01 0.01 0.01 0.01 0.01 0.01 0.01 0.01
# nyrs_fsh_age
 30
# nyrs_fsh_length
 0
# yrs_fsh_age_in
 1 2 3 4 5 6 7 8 9 10 11 12 13 14 15 16 17 18 19 20 21 22 23 24 25 26 27 28 29 30
# yrs_fsh_length_in

# n_sample_fsh_length_in

# olc_fsh_in

# nind
1
# indname
SURVEY1
# nyrs_ind
 30
# yrs_ind_in
 1 2 3 4 5 6 7 8 9 10 11 12 13 14 15 16 17 18 19 20 21 22 23 24 25 26 27 28 29 30
# mo_ind
 1
# obs_ind_in
 1.3181 1.3128 1.16449 1.188 1.13653 1.55544 1.26653 1.19064 1.23052 1.09556 1.17907 0.829074 0.917922 1.15222 1.05727 1.34072 1.06623 0.82959 0.93641 0.771596 0.656553 0.659489 0.826926 0.610139 0.98182 0.736102 0.859294 0.791173 0.807977 0.72797
# obs_se_ind_in
 0.263619 0.262559 0.232898 0.237599 0.227306 0.311087 0.253306 0.238129 0.246104 0.219111 0.235814 0.165815 0.183584 0.230444 0.211454 0.268143 0.213245 0.165918 0.187282 0.154319 0.131311 0.131898 0.165385 0.122028 0.196364 0.14722 0.171859 0.158235 0.161595 0.145594
# nyrs_ind_age
 30
# nyrs_ind_length
 0
# yrs_ind_age_in
 1 2 3 4 5 6 7 8 9 10 11 12 13 14 15 16 17 18 19 20 21 22 23 24 25 26 27 28 29 30
# yrs_ind_length_in

# yrs_ind_age_in
 1 2 3 4 5 6 7 8 9 10 11 12 13 14 15 16 17 18 19 20 21 22 23 24 25 26 27 28 29 30
# n_sample_ind_length_in

# olc_ind_in

# oac_ind_in
 0.055 0.125 0.17 0.135 0.125 0.05 0.03 0.05 0.04 0.025 0.05 0.145
 0.02 0.115 0.135 0.12 0.135 0.065 0.075 0.05 0.03 0.03 0.05 0.175
 0.055 0.085 0.195 0.145 0.105 0.085 0.05 0.09 0.025 0.04 0.02 0.105
 0.12 0.15 0.11 0.095 0.11 0.08 0.065 0.02 0.065 0.03 0.035 0.12
 0.08 0.23 0.13 0.085 0.085 0.09 0.06 0.05 0.025 0.03 0.025 0.11
 0.085 0.125 0.22 0.13 0.065 0.065 0.08 0.055 0.03 0.035 0.03 0.08
 0.045 0.255 0.16 0.175 0.07 0.035 0.06 0.055 0.02 0.025 0.01 0.09
 0.05 0.08 0.235 0.18 0.115 0.055 0.06 0.05 0.035 0.05 0.015 0.075
 0.035 0.185 0.085 0.24 0.105 0.095 0.035 0.02 0.045 0.035 0.03 0.09
 0.12 0.07 0.16 0.095 0.14 0.085 0.095 0.035 0.035 0.02 0.04 0.105
 0.035 0.245 0.1 0.12 0.085 0.12 0.095 0.07 0.05 0.01 0.03 0.04
 0.055 0.095 0.26 0.095 0.14 0.07 0.105 0.04 0.045 0.02 0.01 0.065
 0.145 0.065 0.11 0.245 0.04 0.08 0.04 0.07 0.015 0.08 0.03 0.08
 0.145 0.275 0.095 0.075 0.165 0.035 0.05 0.025 0.03 0.015 0.035 0.055
 0.075 0.255 0.32 0.02 0.03 0.085 0.035 0.045 0.03 0.045 0.005 0.055
 0.105 0.15 0.265 0.26 0.03 0.03 0.045 0.03 0.015 0.01 0.005 0.055
 0.045 0.265 0.16 0.16 0.155 0.05 0.025 0.06 0.01 0.01 0.005 0.055
 0.04 0.065 0.26 0.135 0.215 0.15 0.025 0.02 0.035 0.015 0.02 0.02
 0.105 0.155 0.11 0.21 0.07 0.12 0.13 0.015 0.04 0.015 0 0.03
 0.105 0.29 0.155 0.08 0.135 0.055 0.075 0.055 0.01 0.01 0.005 0.025
 0.105 0.295 0.225 0.135 0.015 0.08 0.02 0.055 0.005 0.005 0.015 0.045
 0.19 0.155 0.235 0.15 0.045 0.045 0.06 0.02 0.035 0.02 0.005 0.04
 0.145 0.35 0.13 0.175 0.07 0.035 0.025 0.035 0.005 0 0.02 0.01
 0.165 0.275 0.255 0.055 0.07 0.055 0.03 0.005 0.03 0.02 0.01 0.03
 0.15 0.28 0.245 0.165 0.055 0.035 0.04 0.005 0.005 0.005 0 0.015
 0.025 0.36 0.24 0.115 0.135 0.05 0.04 0.02 0.015 0 0 0
 0.165 0.115 0.285 0.19 0.11 0.045 0.025 0.025 0.015 0.005 0.005 0.015
 0.095 0.345 0.065 0.145 0.17 0.06 0.04 0.015 0.04 0.005 0.005 0.015
 0.085 0.26 0.405 0.035 0.12 0.05 0.025 0.01 0 0.005 0 0.005
 0.085 0.205 0.225 0.28 0.04 0.085 0.015 0.03 0.02 0.005 0 0.01
# wt_ind
 1 1 1 1 1 1 1 1 1 1 1 1
 1 1 1 1 1 1 1 1 1 1 1 1
 1 1 1 1 1 1 1 1 1 1 1 1
 1 1 1 1 1 1 1 1 1 1 1 1
 1 1 1 1 1 1 1 1 1 1 1 1
 1 1 1 1 1 1 1 1 1 1 1 1
 1 1 1 1 1 1 1 1 1 1 1 1
 1 1 1 1 1 1 1 1 1 1 1 1
 1 1 1 1 1 1 1 1 1 1 1 1
 1 1 1 1 1 1 1 1 1 1 1 1
 1 1 1 1 1 1 1 1 1 1 1 1
 1 1 1 1 1 1 1 1 1 1 1 1
 1 1 1 1 1 1 1 1 1 1 1 1
 1 1 1 1 1 1 1 1 1 1 1 1
 1 1 1 1 1 1 1 1 1 1 1 1
 1 1 1 1 1 1 1 1 1 1 1 1
 1 1 1 1 1 1 1 1 1 1 1 1
 1 1 1 1 1 1 1 1 1 1 1 1
 1 1 1 1 1 1 1 1 1 1 1 1
 1 1 1 1 1 1 1 1 1 1 1 1
 1 1 1 1 1 1 1 1 1 1 1 1
 1 1 1 1 1 1 1 1 1 1 1 1
 1 1 1 1 1 1 1 1 1 1 1 1
 1 1 1 1 1 1 1 1 1 1 1 1
 1 1 1 1 1 1 1 1 1 1 1 1
 1 1 1 1 1 1 1 1 1 1 1 1
 1 1 1 1 1 1 1 1 1 1 1 1
 1 1 1 1 1 1 1 1 1 1 1 1
 1 1 1 1 1 1 1 1 1 1 1 1
 1 1 1 1 1 1 1 1 1 1 1 1
# wt_pop
 0.000530656 0.00119633 0.00205827 0.00303499 0.00405521 0.0050647 0.00602623 0.00691692 0.00772489 0.00844611 0.00908185 0.0096367
# maturity
 0.0229774 0.320821 0.904651 0.99478 0.999739 0.999987 0.999999 1 1 1 1 1
# spawnmo
1
# age_err
 1 0 0 0 0 0 0 0 0 0 0 0
 0 1 0 0 0 0 0 0 0 0 0 0
 0 0 1 0 0 0 0 0 0 0 0 0
 0 0 0 1 0 0 0 0 0 0 0 0
 0 0 0 0 1 0 0 0 0 0 0 0
 0 0 0 0 0 1 0 0 0 0 0 0
 0 0 0 0 0 0 1 0 0 0 0 0
 0 0 0 0 0 0 0 1 0 0 0 0
 0 0 0 0 0 0 0 0 1 0 0 0
 0 0 0 0 0 0 0 0 0 1 0 0
 0 0 0 0 0 0 0 0 0 0 1 0
 0 0 0 0 0 0 0 0 0 0 0 1
# cntrlfile_name
C:\Users\bai.li\DOCUME~1\Github\AGE_ST~2\ASSAMC\example\C1\output\AMAK\s2\amak.dat
# Map shared selectivity: 
# sel_map
 1 2
 1 1
# datafile_name
amak_data.dat
# model_name
AMAK_MCP
# SrType
2
# use_age_err
0
# retro
0
# sigmarprior
0.4
# cvsigmarprior
0.45
# phase_sigmar
-3
# styr_rec_est
1
# endyr_rec_est
30
# Linfprior
80
# cvLinfprior
0.25
# kprior
0.18
# cvkprior
0.25
# Loprior
27.688
# cvLoprior
0.25
# sdageprior
0.1
# cvsdageprior
0.25
# natmortprior
0.2
# cvnatmortprior
0.25
# phase_M
-4
# npars_Mage
0
# ages_M_changes

# Mage_in

# Mage_offset_in

# phase_Mage
-5
# phase_rw_M
0
# npars_rw_M
0
# yrs_rw_M

# sigma_rw_M

# qprior
 3.48998e-007
# cvqprior
 1
# phase_q
 1
# q_power_prior
 1
# cvq_power_prior
 0.2
# phase_q_power
 -4
# phase_rw_q
 -1
# npars_rw_q
 0
# yrs_rw_q

# sigma_rw_q

# q_age_min
 1
# q_age_max
 12
# q_age_min
 1
# q_age_max
 12
# fsh_sel_opt(k)
2
# phase_sel_fsh(k)
2
# n_sel_ch_fsh(k)
1
# sel_slp_in_fsh(k)(1,n_sel_ch_fsh(k))
 1
# sel_inf_in_fsh(k)(1,n_sel_ch_fsh(k))
 2
# logsel_slp_in_fsh(k)(1,n_sel_ch_fsh(k))
 0
# yrs_sel_ch_fsh(k)(1,n_sel_ch_fsh(k))
 1

Survey SURVEY1
# ind_sel_opt(k)
2
# indname(k)
SURVEY1
# nselages_in_ind(k)
11
# phase_sel_ind(k)
2
# sel_change_in_ind(k)
 1 0 0 0 0 0 0 0 0 0 0 0 0 0 0 0 0 0 0 0 0 0 0 0 0 0 0 0 0 0
# n_sel_ch_ind(k)
1
# yrs_sel_ch_ind(k)(1,n_sel_ch_ind(k))
 1
# sel_slp_in_ind(k,1)
2
# sel_inf_in_ind(k,1)
1.5
# logsel_slp_in_ind(k,1)
0.693147
# logsel_slp_in_indv(k)
0.693147
SURVEY1 ind sel opt 2  1 0 0 0 0 0 0 0 0 0 0 0 0 0 0 0 0 0 0 0 0 0 0 0 0 0 0 0 0 0
Phase indices Sel_Coffs:  -1
 Test: 1.23457e+008
# Fshry Selages:  11
# Srvy  Selages:  11
# Phase for age-spec fishery  -1
# Phase for logistic fishery  2
# Phase for dble logistic fishery  -1
# Phase for age-spec indices   -1
# Phase for logistic indices   2
# Phase for dble logistic ind  -1
# Curv_pen_fsh: 
 0
# Curv_pen_ind: 
 0
# styr_fut
31
# endyr_fut
35
# nyrs_fsh_age
 30
# nyrs_fsh_age
 30
# yrs_fsh_age
 1 2 3 4 5 6 7 8 9 10 11 12 13 14 15 16 17 18 19 20 21 22 23 24 25 26 27 28 29 30
# n_sample_fsh_age
 200 200 200 200 200 200 200 200 200 200 200 200 200 200 200 200 200 200 200 200 200 200 200 200 200 200 200 200 200 200
# oac_fsh
 0.065 0.1 0.12 0.135 0.095 0.085 0.035 0.07 0.045 0.045 0.025 0.18
 0.035 0.1 0.115 0.11 0.115 0.08 0.075 0.07 0.045 0.045 0.03 0.18
 0.065 0.085 0.13 0.115 0.105 0.095 0.07 0.07 0.08 0.015 0.01 0.16
 0.085 0.09 0.095 0.1 0.105 0.125 0.05 0.055 0.04 0.06 0.04 0.155
 0.085 0.175 0.11 0.095 0.115 0.075 0.03 0.06 0.055 0.045 0.025 0.13
 0.145 0.115 0.22 0.095 0.03 0.07 0.06 0.06 0.04 0.025 0.03 0.11
 0.035 0.15 0.13 0.185 0.06 0.04 0.07 0.045 0.055 0.04 0.02 0.17
 0.075 0.12 0.23 0.105 0.145 0.075 0.04 0.075 0.03 0.025 0.02 0.06
 0.06 0.15 0.1 0.23 0.11 0.135 0.04 0.04 0.035 0.025 0.015 0.06
 0.165 0.095 0.165 0.11 0.1 0.08 0.085 0.02 0.03 0.045 0.02 0.085
 0.03 0.225 0.06 0.125 0.1 0.16 0.115 0.06 0.025 0.02 0.015 0.065
 0.08 0.095 0.225 0.095 0.11 0.04 0.1 0.07 0.07 0.005 0.01 0.1
 0.235 0.03 0.1 0.225 0.085 0.115 0.02 0.08 0.02 0.055 0.005 0.03
 0.14 0.225 0.09 0.075 0.205 0.025 0.065 0.03 0.05 0.01 0.03 0.055
 0.095 0.18 0.26 0.09 0.045 0.14 0.035 0.03 0.02 0.02 0.005 0.08
 0.11 0.12 0.235 0.25 0.03 0.025 0.09 0.02 0.035 0.02 0.01 0.055
 0.055 0.215 0.105 0.195 0.225 0.035 0.03 0.06 0.005 0.005 0.005 0.065
 0.085 0.105 0.21 0.1 0.17 0.11 0.015 0.025 0.06 0.015 0.02 0.085
 0.165 0.135 0.105 0.21 0.085 0.11 0.095 0.02 0.025 0.025 0.005 0.02
 0.155 0.205 0.15 0.12 0.15 0.045 0.05 0.07 0.015 0 0.02 0.02
 0.075 0.22 0.215 0.1 0.08 0.095 0.045 0.03 0.065 0.01 0.015 0.05
 0.22 0.155 0.175 0.165 0.06 0.04 0.035 0.01 0.05 0.065 0.005 0.02
 0.135 0.28 0.16 0.14 0.09 0.055 0.01 0.04 0.015 0.04 0.015 0.02
 0.22 0.205 0.245 0.08 0.095 0.07 0.04 0.005 0.02 0 0.005 0.015
 0.22 0.305 0.135 0.165 0.04 0.065 0.03 0.01 0.005 0.01 0 0.015
 0.085 0.325 0.24 0.145 0.11 0.03 0.03 0.015 0.005 0.005 0.005 0.005
 0.215 0.1 0.265 0.195 0.075 0.065 0.03 0.02 0.01 0.005 0 0.02
 0.135 0.335 0.135 0.145 0.125 0.035 0.03 0.025 0.02 0.01 0 0.005
 0.15 0.22 0.33 0.06 0.12 0.06 0.015 0.005 0.01 0.01 0.015 0.005
 0.125 0.2 0.18 0.25 0.055 0.075 0.06 0.02 0.015 0.01 0.005 0.005
# olc_fsh

# wt_fsh
 0.000530656 0.00119633 0.00205827 0.00303499 0.00405521 0.0050647 0.00602623 0.00691692 0.00772489 0.00844611 0.00908185 0.0096367
 0.000530656 0.00119633 0.00205827 0.00303499 0.00405521 0.0050647 0.00602623 0.00691692 0.00772489 0.00844611 0.00908185 0.0096367
 0.000530656 0.00119633 0.00205827 0.00303499 0.00405521 0.0050647 0.00602623 0.00691692 0.00772489 0.00844611 0.00908185 0.0096367
 0.000530656 0.00119633 0.00205827 0.00303499 0.00405521 0.0050647 0.00602623 0.00691692 0.00772489 0.00844611 0.00908185 0.0096367
 0.000530656 0.00119633 0.00205827 0.00303499 0.00405521 0.0050647 0.00602623 0.00691692 0.00772489 0.00844611 0.00908185 0.0096367
 0.000530656 0.00119633 0.00205827 0.00303499 0.00405521 0.0050647 0.00602623 0.00691692 0.00772489 0.00844611 0.00908185 0.0096367
 0.000530656 0.00119633 0.00205827 0.00303499 0.00405521 0.0050647 0.00602623 0.00691692 0.00772489 0.00844611 0.00908185 0.0096367
 0.000530656 0.00119633 0.00205827 0.00303499 0.00405521 0.0050647 0.00602623 0.00691692 0.00772489 0.00844611 0.00908185 0.0096367
 0.000530656 0.00119633 0.00205827 0.00303499 0.00405521 0.0050647 0.00602623 0.00691692 0.00772489 0.00844611 0.00908185 0.0096367
 0.000530656 0.00119633 0.00205827 0.00303499 0.00405521 0.0050647 0.00602623 0.00691692 0.00772489 0.00844611 0.00908185 0.0096367
 0.000530656 0.00119633 0.00205827 0.00303499 0.00405521 0.0050647 0.00602623 0.00691692 0.00772489 0.00844611 0.00908185 0.0096367
 0.000530656 0.00119633 0.00205827 0.00303499 0.00405521 0.0050647 0.00602623 0.00691692 0.00772489 0.00844611 0.00908185 0.0096367
 0.000530656 0.00119633 0.00205827 0.00303499 0.00405521 0.0050647 0.00602623 0.00691692 0.00772489 0.00844611 0.00908185 0.0096367
 0.000530656 0.00119633 0.00205827 0.00303499 0.00405521 0.0050647 0.00602623 0.00691692 0.00772489 0.00844611 0.00908185 0.0096367
 0.000530656 0.00119633 0.00205827 0.00303499 0.00405521 0.0050647 0.00602623 0.00691692 0.00772489 0.00844611 0.00908185 0.0096367
 0.000530656 0.00119633 0.00205827 0.00303499 0.00405521 0.0050647 0.00602623 0.00691692 0.00772489 0.00844611 0.00908185 0.0096367
 0.000530656 0.00119633 0.00205827 0.00303499 0.00405521 0.0050647 0.00602623 0.00691692 0.00772489 0.00844611 0.00908185 0.0096367
 0.000530656 0.00119633 0.00205827 0.00303499 0.00405521 0.0050647 0.00602623 0.00691692 0.00772489 0.00844611 0.00908185 0.0096367
 0.000530656 0.00119633 0.00205827 0.00303499 0.00405521 0.0050647 0.00602623 0.00691692 0.00772489 0.00844611 0.00908185 0.0096367
 0.000530656 0.00119633 0.00205827 0.00303499 0.00405521 0.0050647 0.00602623 0.00691692 0.00772489 0.00844611 0.00908185 0.0096367
 0.000530656 0.00119633 0.00205827 0.00303499 0.00405521 0.0050647 0.00602623 0.00691692 0.00772489 0.00844611 0.00908185 0.0096367
 0.000530656 0.00119633 0.00205827 0.00303499 0.00405521 0.0050647 0.00602623 0.00691692 0.00772489 0.00844611 0.00908185 0.0096367
 0.000530656 0.00119633 0.00205827 0.00303499 0.00405521 0.0050647 0.00602623 0.00691692 0.00772489 0.00844611 0.00908185 0.0096367
 0.000530656 0.00119633 0.00205827 0.00303499 0.00405521 0.0050647 0.00602623 0.00691692 0.00772489 0.00844611 0.00908185 0.0096367
 0.000530656 0.00119633 0.00205827 0.00303499 0.00405521 0.0050647 0.00602623 0.00691692 0.00772489 0.00844611 0.00908185 0.0096367
 0.000530656 0.00119633 0.00205827 0.00303499 0.00405521 0.0050647 0.00602623 0.00691692 0.00772489 0.00844611 0.00908185 0.0096367
 0.000530656 0.00119633 0.00205827 0.00303499 0.00405521 0.0050647 0.00602623 0.00691692 0.00772489 0.00844611 0.00908185 0.0096367
 0.000530656 0.00119633 0.00205827 0.00303499 0.00405521 0.0050647 0.00602623 0.00691692 0.00772489 0.00844611 0.00908185 0.0096367
 0.000530656 0.00119633 0.00205827 0.00303499 0.00405521 0.0050647 0.00602623 0.00691692 0.00772489 0.00844611 0.00908185 0.0096367
 0.000530656 0.00119633 0.00205827 0.00303499 0.00405521 0.0050647 0.00602623 0.00691692 0.00772489 0.00844611 0.00908185 0.0096367
# nyrs_ind_age
 30
# yrs_ind_age
 1 2 3 4 5 6 7 8 9 10 11 12 13 14 15 16 17 18 19 20 21 22 23 24 25 26 27 28 29 30
# n_sample_ind_age
 200 200 200 200 200 200 200 200 200 200 200 200 200 200 200 200 200 200 200 200 200 200 200 200 200 200 200 200 200 200
# oac_ind
 0.055 0.125 0.17 0.135 0.125 0.05 0.03 0.05 0.04 0.025 0.05 0.145
 0.02 0.115 0.135 0.12 0.135 0.065 0.075 0.05 0.03 0.03 0.05 0.175
 0.055 0.085 0.195 0.145 0.105 0.085 0.05 0.09 0.025 0.04 0.02 0.105
 0.12 0.15 0.11 0.095 0.11 0.08 0.065 0.02 0.065 0.03 0.035 0.12
 0.08 0.23 0.13 0.085 0.085 0.09 0.06 0.05 0.025 0.03 0.025 0.11
 0.085 0.125 0.22 0.13 0.065 0.065 0.08 0.055 0.03 0.035 0.03 0.08
 0.045 0.255 0.16 0.175 0.07 0.035 0.06 0.055 0.02 0.025 0.01 0.09
 0.05 0.08 0.235 0.18 0.115 0.055 0.06 0.05 0.035 0.05 0.015 0.075
 0.035 0.185 0.085 0.24 0.105 0.095 0.035 0.02 0.045 0.035 0.03 0.09
 0.12 0.07 0.16 0.095 0.14 0.085 0.095 0.035 0.035 0.02 0.04 0.105
 0.035 0.245 0.1 0.12 0.085 0.12 0.095 0.07 0.05 0.01 0.03 0.04
 0.055 0.095 0.26 0.095 0.14 0.07 0.105 0.04 0.045 0.02 0.01 0.065
 0.145 0.065 0.11 0.245 0.04 0.08 0.04 0.07 0.015 0.08 0.03 0.08
 0.145 0.275 0.095 0.075 0.165 0.035 0.05 0.025 0.03 0.015 0.035 0.055
 0.075 0.255 0.32 0.02 0.03 0.085 0.035 0.045 0.03 0.045 0.005 0.055
 0.105 0.15 0.265 0.26 0.03 0.03 0.045 0.03 0.015 0.01 0.005 0.055
 0.045 0.265 0.16 0.16 0.155 0.05 0.025 0.06 0.01 0.01 0.005 0.055
 0.04 0.065 0.26 0.135 0.215 0.15 0.025 0.02 0.035 0.015 0.02 0.02
 0.105 0.155 0.11 0.21 0.07 0.12 0.13 0.015 0.04 0.015 0 0.03
 0.105 0.29 0.155 0.08 0.135 0.055 0.075 0.055 0.01 0.01 0.005 0.025
 0.105 0.295 0.225 0.135 0.015 0.08 0.02 0.055 0.005 0.005 0.015 0.045
 0.19 0.155 0.235 0.15 0.045 0.045 0.06 0.02 0.035 0.02 0.005 0.04
 0.145 0.35 0.13 0.175 0.07 0.035 0.025 0.035 0.005 0 0.02 0.01
 0.165 0.275 0.255 0.055 0.07 0.055 0.03 0.005 0.03 0.02 0.01 0.03
 0.15 0.28 0.245 0.165 0.055 0.035 0.04 0.005 0.005 0.005 0 0.015
 0.025 0.36 0.24 0.115 0.135 0.05 0.04 0.02 0.015 0 0 0
 0.165 0.115 0.285 0.19 0.11 0.045 0.025 0.025 0.015 0.005 0.005 0.015
 0.095 0.345 0.065 0.145 0.17 0.06 0.04 0.015 0.04 0.005 0.005 0.015
 0.085 0.26 0.405 0.035 0.12 0.05 0.025 0.01 0 0.005 0 0.005
 0.085 0.205 0.225 0.28 0.04 0.085 0.015 0.03 0.02 0.005 0 0.01
# olc_ind

# obs_lse_ind
 0.198042 0.198042 0.198042 0.198042 0.198042 0.198042 0.198042 0.198042 0.198042 0.198042 0.198042 0.198042 0.198042 0.198042 0.198042 0.198042 0.198042 0.198042 0.198042 0.198042 0.198042 0.198042 0.198042 0.198042 0.198042 0.198042 0.198042 0.198042 0.198042 0.198042
# xages_fsh
 0 0 0 0 0 0 0 0 0 0 0 0
# xages_fsh
 0 0.0909091 0.181818 0.272727 0.363636 0.454545 0.545455 0.636364 0.727273 0.818182 0.909091 1
# xnodes_fsh

Yrs fsh_sel change:  1 0 0 0 0 0 0 0 0 0 0 0 0 0 0 0 0 0 0 0 0 0 0 0 0 0 0 0 0
Yrs ind_sel change:  1 0 0 0 0 0 0 0 0 0 0 0 0 0 0 0 0 0 0 0 0 0 0 0 0 0 0 0 0
# steepnessprior
0.75
# sigmarprior
0.4
#  SSB estimated in styr endyr: -13 28 
#  Rec estimated in styr endyr: -11 30 
#  SR Curve fit  in styr endyr: 1 30 
#             Model styr endyr: 1 30 
# qprior
 3.48998e-007
# q_power_prior 
 1 
# cv_catchbiomass 
0.05 
# CatchbiomassPen 
200 
# Number of projection years 
5 
# offset_fsh
 13024
# offset_ind
 12745.2
Mean Catch
1491.05
R_guess 
15.5674
# nfsh
1
# n_sel_ch_fsh
 1
# nselages_fsh
 11
# phase_selcoff_fsh
 -1
logRzero 15.5674
logmeanrec 15.5674
exp(log_sigmarprior 0.4
Fish sel phase: -1 FLEET1
Fixing fishery sel to
1
Srvy sel phase: -1
Fixing SURVEY1 indices sel to
1
# logsel_slp_in_indv
 0.693147
Leaving parameter init secton
# M
 0.2 0.2 0.2 0.2 0.2 0.2 0.2 0.2 0.2 0.2 0.2 0.2
 0.2 0.2 0.2 0.2 0.2 0.2 0.2 0.2 0.2 0.2 0.2 0.2
 0.2 0.2 0.2 0.2 0.2 0.2 0.2 0.2 0.2 0.2 0.2 0.2
 0.2 0.2 0.2 0.2 0.2 0.2 0.2 0.2 0.2 0.2 0.2 0.2
 0.2 0.2 0.2 0.2 0.2 0.2 0.2 0.2 0.2 0.2 0.2 0.2
 0.2 0.2 0.2 0.2 0.2 0.2 0.2 0.2 0.2 0.2 0.2 0.2
 0.2 0.2 0.2 0.2 0.2 0.2 0.2 0.2 0.2 0.2 0.2 0.2
 0.2 0.2 0.2 0.2 0.2 0.2 0.2 0.2 0.2 0.2 0.2 0.2
 0.2 0.2 0.2 0.2 0.2 0.2 0.2 0.2 0.2 0.2 0.2 0.2
 0.2 0.2 0.2 0.2 0.2 0.2 0.2 0.2 0.2 0.2 0.2 0.2
 0.2 0.2 0.2 0.2 0.2 0.2 0.2 0.2 0.2 0.2 0.2 0.2
 0.2 0.2 0.2 0.2 0.2 0.2 0.2 0.2 0.2 0.2 0.2 0.2
 0.2 0.2 0.2 0.2 0.2 0.2 0.2 0.2 0.2 0.2 0.2 0.2
 0.2 0.2 0.2 0.2 0.2 0.2 0.2 0.2 0.2 0.2 0.2 0.2
 0.2 0.2 0.2 0.2 0.2 0.2 0.2 0.2 0.2 0.2 0.2 0.2
 0.2 0.2 0.2 0.2 0.2 0.2 0.2 0.2 0.2 0.2 0.2 0.2
 0.2 0.2 0.2 0.2 0.2 0.2 0.2 0.2 0.2 0.2 0.2 0.2
 0.2 0.2 0.2 0.2 0.2 0.2 0.2 0.2 0.2 0.2 0.2 0.2
 0.2 0.2 0.2 0.2 0.2 0.2 0.2 0.2 0.2 0.2 0.2 0.2
 0.2 0.2 0.2 0.2 0.2 0.2 0.2 0.2 0.2 0.2 0.2 0.2
 0.2 0.2 0.2 0.2 0.2 0.2 0.2 0.2 0.2 0.2 0.2 0.2
 0.2 0.2 0.2 0.2 0.2 0.2 0.2 0.2 0.2 0.2 0.2 0.2
 0.2 0.2 0.2 0.2 0.2 0.2 0.2 0.2 0.2 0.2 0.2 0.2
 0.2 0.2 0.2 0.2 0.2 0.2 0.2 0.2 0.2 0.2 0.2 0.2
 0.2 0.2 0.2 0.2 0.2 0.2 0.2 0.2 0.2 0.2 0.2 0.2
 0.2 0.2 0.2 0.2 0.2 0.2 0.2 0.2 0.2 0.2 0.2 0.2
 0.2 0.2 0.2 0.2 0.2 0.2 0.2 0.2 0.2 0.2 0.2 0.2
 0.2 0.2 0.2 0.2 0.2 0.2 0.2 0.2 0.2 0.2 0.2 0.2
 0.2 0.2 0.2 0.2 0.2 0.2 0.2 0.2 0.2 0.2 0.2 0.2
 0.2 0.2 0.2 0.2 0.2 0.2 0.2 0.2 0.2 0.2 0.2 0.2
# mean_log_rec
13.7852
# log_Rzero
13.9411
# rec_dev
 -0.00894037 -0.010875 0.0952745 -0.00579859 -0.192756 -0.0657956 -0.100022 0.0868711 -0.107209 0.0725401 0.0726192 0.0651602 0.0740029 -0.328285 -0.0643015 0.574134 0.222367 0.609736 -0.208085 0.15776 -0.462166 0.544068 -0.495672 -0.652021 0.715481 0.514776 -0.14053 0.355454 -0.563688 -0.312903 0.115868 0.132734 -0.304042 0.38184 0.148275 0.432161 0.467156 -0.602584 0.661882 0.124452 -0.0390592 -0.201049
# fmort
 0.00882895 0.0255541 0.0422284 0.0579611 0.0463357 0.0834172 0.0854021 0.178081 0.104991 0.127508 0.146808 0.155561 0.112479 0.163936 0.173595 0.155131 0.305301 0.248558 0.248153 0.242386 0.339018 0.245965 0.403095 0.328984 0.326783 0.303938 0.302012 0.429655 0.327525 0.50538
# rec_dev_future
 0 0 0 0 0
