AMAK;Mar 2020
# styr
1
# endyr
30
# rec_age
1
# oldest_age
12
# nlength
81
# len_bins
 10 11 12 13 14 15 16 17 18 19 20 21 22 23 24 25 26 27 28 29 30 31 32 33 34 35 36 37 38 39 40 41 42 43 44 45 46 47 48 49 50 51 52 53 54 55 56 57 58 59 60 61 62 63 64 65 66 67 68 69 70 71 72 73 74 75 76 77 78 79 80 81 82 83 84 85 86 87 88 89 90
# datafile_name
amak_data.dat
# model_name
AMAK_MCP
# styr
1
# endyr
30
# rec_age
1
# oldest_age
12
# nfsh
1
# fshname
FLEET1
# catch_bio_in
 159.555 457.99 741.847 967.779 744.768 1284.02 1224.93 2345.64 1246.97 1430.1 1508.41 1510.01 1040.65 1459.1 1450.94 1230.2 2160.41 1579.56 1474.6 1372.84 1734.87 1175.11 1845.56 1420.31 1362.17 1201.97 1134.43 1451.23 1000.46 1377.93
# catch_bio_sd_in
 0.01 0.01 0.01 0.01 0.01 0.01 0.01 0.01 0.01 0.01 0.01 0.01 0.01 0.01 0.01 0.01 0.01 0.01 0.01 0.01 0.01 0.01 0.01 0.01 0.01 0.01 0.01 0.01 0.01 0.01
# nyrs_fsh_age
 30
# nyrs_fsh_length
 0
# yrs_fsh_age_in
 1 2 3 4 5 6 7 8 9 10 11 12 13 14 15 16 17 18 19 20 21 22 23 24 25 26 27 28 29 30
# yrs_fsh_length_in

# n_sample_fsh_length_in

# olc_fsh_in

# nind
1
# indname
SURVEY1
# nyrs_ind
 30
# yrs_ind_in
 1 2 3 4 5 6 7 8 9 10 11 12 13 14 15 16 17 18 19 20 21 22 23 24 25 26 27 28 29 30
# mo_ind
 1
# obs_ind_in
 1.41074 1.4199 1.58536 1.57813 1.60761 1.35101 1.40775 1.22529 1.26909 1.19455 1.29949 1.28274 1.24675 1.02246 0.999535 0.901642 0.94338 0.902553 0.801494 0.809742 0.895179 0.866019 0.73084 0.801818 0.651063 0.61005 0.606083 0.64667 0.549661 0.495774
# obs_se_ind_in
 0.282149 0.28398 0.317072 0.315626 0.321521 0.270202 0.281549 0.245059 0.253817 0.238911 0.259897 0.256548 0.249349 0.204493 0.199907 0.180328 0.188676 0.180511 0.160299 0.161948 0.179036 0.173204 0.146168 0.160364 0.130213 0.12201 0.121217 0.129334 0.109932 0.0991549
# nyrs_ind_age
 30
# nyrs_ind_length
 0
# yrs_ind_age_in
 1 2 3 4 5 6 7 8 9 10 11 12 13 14 15 16 17 18 19 20 21 22 23 24 25 26 27 28 29 30
# yrs_ind_length_in

# yrs_ind_age_in
 1 2 3 4 5 6 7 8 9 10 11 12 13 14 15 16 17 18 19 20 21 22 23 24 25 26 27 28 29 30
# n_sample_ind_length_in

# olc_ind_in

# oac_ind_in
 0.055 0.14 0.13 0.14 0.08 0.085 0.08 0.075 0.055 0.035 0.03 0.095
 0.085 0.105 0.15 0.125 0.055 0.095 0.075 0.055 0.07 0.045 0.03 0.11
 0.06 0.155 0.16 0.135 0.1 0.08 0.035 0.08 0.045 0.03 0.015 0.105
 0.075 0.09 0.21 0.14 0.09 0.085 0.035 0.06 0.045 0.02 0.025 0.125
 0.03 0.18 0.105 0.14 0.11 0.095 0.05 0.03 0.045 0.035 0.025 0.155
 0.07 0.135 0.205 0.115 0.085 0.11 0.055 0.025 0.04 0.025 0.03 0.105
 0.11 0.175 0.12 0.155 0.09 0.06 0.055 0.055 0.04 0.02 0.035 0.085
 0.055 0.19 0.2 0.105 0.11 0.075 0.065 0.03 0.03 0.04 0.025 0.075
 0.065 0.12 0.185 0.145 0.11 0.09 0.04 0.05 0.02 0.055 0.015 0.105
 0.09 0.175 0.16 0.135 0.09 0.03 0.06 0.015 0.045 0.045 0.02 0.135
 0.045 0.205 0.165 0.12 0.11 0.095 0.025 0.04 0.015 0.04 0.035 0.105
 0.065 0.2 0.155 0.155 0.1 0.07 0.04 0.045 0.04 0.02 0.03 0.08
 0.06 0.125 0.17 0.21 0.1 0.08 0.04 0.04 0.045 0.025 0.02 0.085
 0.06 0.205 0.165 0.19 0.1 0.08 0.04 0.035 0.03 0.02 0.02 0.055
 0.12 0.19 0.15 0.1 0.15 0.07 0.06 0.03 0.04 0.025 0 0.065
 0.11 0.17 0.21 0.11 0.115 0.085 0.08 0.04 0.015 0.015 0.01 0.04
 0.105 0.15 0.23 0.115 0.13 0.085 0.055 0.02 0.02 0.025 0.015 0.05
 0.06 0.23 0.175 0.16 0.11 0.055 0.05 0.05 0.035 0.01 0.01 0.055
 0.11 0.275 0.25 0.09 0.105 0.06 0.05 0.02 0.01 0.01 0 0.02
 0.1 0.17 0.235 0.22 0.085 0.06 0.025 0.025 0.01 0.015 0.02 0.035
 0.085 0.19 0.18 0.195 0.165 0.04 0.045 0.045 0.01 0.015 0.015 0.015
 0.245 0.18 0.165 0.125 0.075 0.115 0.02 0.045 0 0 0.005 0.025
 0.105 0.33 0.19 0.15 0.07 0.05 0.05 0.015 0.015 0.005 0 0.02
 0.145 0.23 0.375 0.09 0.035 0.035 0.015 0.04 0.005 0.01 0.01 0.01
 0.085 0.25 0.215 0.26 0.06 0.055 0.005 0.025 0.03 0 0 0.015
 0.115 0.205 0.23 0.17 0.15 0.05 0.05 0 0.015 0.01 0 0.005
 0.125 0.215 0.185 0.135 0.125 0.105 0.05 0.01 0.005 0.01 0.03 0.005
 0.125 0.24 0.22 0.11 0.11 0.06 0.085 0.03 0.005 0.005 0.005 0.005
 0.11 0.255 0.25 0.145 0.06 0.075 0.04 0.04 0.005 0 0.01 0.01
 0.105 0.24 0.195 0.175 0.125 0.04 0.035 0.03 0.01 0.005 0.015 0.025
# wt_ind
 1 1 1 1 1 1 1 1 1 1 1 1
 1 1 1 1 1 1 1 1 1 1 1 1
 1 1 1 1 1 1 1 1 1 1 1 1
 1 1 1 1 1 1 1 1 1 1 1 1
 1 1 1 1 1 1 1 1 1 1 1 1
 1 1 1 1 1 1 1 1 1 1 1 1
 1 1 1 1 1 1 1 1 1 1 1 1
 1 1 1 1 1 1 1 1 1 1 1 1
 1 1 1 1 1 1 1 1 1 1 1 1
 1 1 1 1 1 1 1 1 1 1 1 1
 1 1 1 1 1 1 1 1 1 1 1 1
 1 1 1 1 1 1 1 1 1 1 1 1
 1 1 1 1 1 1 1 1 1 1 1 1
 1 1 1 1 1 1 1 1 1 1 1 1
 1 1 1 1 1 1 1 1 1 1 1 1
 1 1 1 1 1 1 1 1 1 1 1 1
 1 1 1 1 1 1 1 1 1 1 1 1
 1 1 1 1 1 1 1 1 1 1 1 1
 1 1 1 1 1 1 1 1 1 1 1 1
 1 1 1 1 1 1 1 1 1 1 1 1
 1 1 1 1 1 1 1 1 1 1 1 1
 1 1 1 1 1 1 1 1 1 1 1 1
 1 1 1 1 1 1 1 1 1 1 1 1
 1 1 1 1 1 1 1 1 1 1 1 1
 1 1 1 1 1 1 1 1 1 1 1 1
 1 1 1 1 1 1 1 1 1 1 1 1
 1 1 1 1 1 1 1 1 1 1 1 1
 1 1 1 1 1 1 1 1 1 1 1 1
 1 1 1 1 1 1 1 1 1 1 1 1
 1 1 1 1 1 1 1 1 1 1 1 1
# wt_pop
 0.000530656 0.00119633 0.00205827 0.00303499 0.00405521 0.0050647 0.00602623 0.00691692 0.00772489 0.00844611 0.00908185 0.0096367
# maturity
 0.0229774 0.320821 0.904651 0.99478 0.999739 0.999987 0.999999 1 1 1 1 1
# spawnmo
1
# age_err
 1 0 0 0 0 0 0 0 0 0 0 0
 0 1 0 0 0 0 0 0 0 0 0 0
 0 0 1 0 0 0 0 0 0 0 0 0
 0 0 0 1 0 0 0 0 0 0 0 0
 0 0 0 0 1 0 0 0 0 0 0 0
 0 0 0 0 0 1 0 0 0 0 0 0
 0 0 0 0 0 0 1 0 0 0 0 0
 0 0 0 0 0 0 0 1 0 0 0 0
 0 0 0 0 0 0 0 0 1 0 0 0
 0 0 0 0 0 0 0 0 0 1 0 0
 0 0 0 0 0 0 0 0 0 0 1 0
 0 0 0 0 0 0 0 0 0 0 0 1
# cntrlfile_name
C:\Users\bai.li\DOCUME~1\Github\AGE_ST~1\ASSAMC\example\output\AMAK\s9\amak.dat
# Map shared selectivity: 
# sel_map
 1 2
 1 1
# datafile_name
amak_data.dat
# model_name
AMAK_MCP
# SrType
2
# use_age_err
0
# retro
0
# sigmarprior
0.2
# cvsigmarprior
0.25
# phase_sigmar
-3
# styr_rec_est
1
# endyr_rec_est
30
# Linfprior
80
# cvLinfprior
0.25
# kprior
0.18
# cvkprior
0.25
# Loprior
27.688
# cvLoprior
0.25
# sdageprior
0.1
# cvsdageprior
0.25
# natmortprior
0.2
# cvnatmortprior
0.25
# phase_M
-4
# npars_Mage
0
# ages_M_changes

# Mage_in

# Mage_offset_in

# phase_Mage
-5
# phase_rw_M
0
# npars_rw_M
0
# yrs_rw_M

# sigma_rw_M

# qprior
 3.48998e-007
# cvqprior
 1
# phase_q
 1
# q_power_prior
 1
# cvq_power_prior
 0.2
# phase_q_power
 -4
# phase_rw_q
 -1
# npars_rw_q
 0
# yrs_rw_q

# sigma_rw_q

# q_age_min
 1
# q_age_max
 12
# q_age_min
 1
# q_age_max
 12
# fsh_sel_opt(k)
2
# phase_sel_fsh(k)
2
# n_sel_ch_fsh(k)
1
# sel_slp_in_fsh(k)(1,n_sel_ch_fsh(k))
 1
# sel_inf_in_fsh(k)(1,n_sel_ch_fsh(k))
 2
# logsel_slp_in_fsh(k)(1,n_sel_ch_fsh(k))
 0
# yrs_sel_ch_fsh(k)(1,n_sel_ch_fsh(k))
 1

Survey SURVEY1
# ind_sel_opt(k)
2
# indname(k)
SURVEY1
# nselages_in_ind(k)
11
# phase_sel_ind(k)
2
# sel_change_in_ind(k)
 1 0 0 0 0 0 0 0 0 0 0 0 0 0 0 0 0 0 0 0 0 0 0 0 0 0 0 0 0 0
# n_sel_ch_ind(k)
1
# yrs_sel_ch_ind(k)(1,n_sel_ch_ind(k))
 1
# sel_slp_in_ind(k,1)
2
# sel_inf_in_ind(k,1)
1.5
# logsel_slp_in_ind(k,1)
0.693147
# logsel_slp_in_indv(k)
0.693147
SURVEY1 ind sel opt 2  1 0 0 0 0 0 0 0 0 0 0 0 0 0 0 0 0 0 0 0 0 0 0 0 0 0 0 0 0 0
Phase indices Sel_Coffs:  -1
 Test: 1.23457e+008
# Fshry Selages:  11
# Srvy  Selages:  11
# Phase for age-spec fishery  -1
# Phase for logistic fishery  2
# Phase for dble logistic fishery  -1
# Phase for age-spec indices   -1
# Phase for logistic indices   2
# Phase for dble logistic ind  -1
# Curv_pen_fsh: 
 0
# Curv_pen_ind: 
 0
# styr_fut
31
# endyr_fut
35
# nyrs_fsh_age
 30
# nyrs_fsh_age
 30
# yrs_fsh_age
 1 2 3 4 5 6 7 8 9 10 11 12 13 14 15 16 17 18 19 20 21 22 23 24 25 26 27 28 29 30
# n_sample_fsh_age
 200 200 200 200 200 200 200 200 200 200 200 200 200 200 200 200 200 200 200 200 200 200 200 200 200 200 200 200 200 200
# oac_fsh
 0.06 0.13 0.135 0.12 0.08 0.125 0.06 0.05 0.05 0.05 0.04 0.1
 0.1 0.125 0.125 0.11 0.12 0.05 0.045 0.09 0.05 0.02 0.035 0.13
 0.08 0.115 0.115 0.15 0.09 0.055 0.06 0.09 0.065 0.065 0.015 0.1
 0.125 0.08 0.14 0.145 0.1 0.09 0.04 0.07 0.055 0.04 0.035 0.08
 0.095 0.155 0.12 0.135 0.08 0.075 0.08 0.05 0.065 0.035 0.015 0.095
 0.095 0.085 0.165 0.135 0.075 0.07 0.055 0.045 0.035 0.04 0.045 0.155
 0.065 0.15 0.08 0.15 0.115 0.095 0.055 0.055 0.04 0.07 0.04 0.085
 0.075 0.145 0.175 0.07 0.08 0.065 0.075 0.06 0.05 0.03 0.04 0.135
 0.09 0.075 0.16 0.14 0.1 0.115 0.04 0.075 0.05 0.02 0.035 0.1
 0.105 0.14 0.11 0.105 0.15 0.05 0.085 0.035 0.05 0.05 0.015 0.105
 0.115 0.2 0.105 0.1 0.14 0.11 0.045 0.045 0.015 0.05 0.035 0.04
 0.07 0.2 0.17 0.09 0.09 0.105 0.06 0.04 0.04 0.025 0.025 0.085
 0.1 0.11 0.205 0.14 0.15 0.075 0.065 0.05 0.015 0.02 0.005 0.065
 0.105 0.145 0.085 0.22 0.07 0.055 0.09 0.045 0.05 0.015 0.025 0.095
 0.095 0.16 0.16 0.1 0.14 0.07 0.07 0.03 0.03 0.03 0.015 0.1
 0.095 0.125 0.175 0.15 0.075 0.1 0.07 0.04 0.045 0.025 0.03 0.07
 0.215 0.135 0.17 0.115 0.115 0.06 0.045 0.035 0.03 0.02 0.025 0.035
 0.12 0.245 0.14 0.11 0.12 0.07 0.04 0.065 0.03 0.01 0.01 0.04
 0.095 0.18 0.3 0.07 0.115 0.04 0.065 0.025 0.01 0.02 0.015 0.065
 0.135 0.165 0.175 0.245 0.095 0.065 0.035 0.025 0.01 0.01 0.005 0.035
 0.12 0.15 0.16 0.17 0.185 0.04 0.055 0.015 0.02 0.02 0.02 0.045
 0.22 0.255 0.115 0.11 0.125 0.045 0.035 0.025 0.025 0 0.005 0.04
 0.135 0.32 0.195 0.125 0.065 0.05 0.04 0.01 0.015 0.025 0.01 0.01
 0.15 0.16 0.345 0.135 0.055 0.04 0.025 0.045 0.02 0.005 0.005 0.015
 0.11 0.28 0.185 0.245 0.06 0.035 0.02 0.02 0.03 0.005 0.005 0.005
 0.155 0.14 0.21 0.13 0.23 0.055 0.01 0.015 0.02 0.01 0.015 0.01
 0.135 0.195 0.17 0.14 0.115 0.115 0.045 0.015 0.025 0.01 0.005 0.03
 0.19 0.17 0.175 0.13 0.11 0.115 0.07 0.015 0.01 0 0.01 0.005
 0.135 0.18 0.185 0.17 0.105 0.09 0.06 0.025 0.02 0.005 0.005 0.02
 0.15 0.17 0.2 0.145 0.15 0.085 0.04 0.02 0.025 0.01 0 0.005
# olc_fsh

# wt_fsh
 0.000530656 0.00119633 0.00205827 0.00303499 0.00405521 0.0050647 0.00602623 0.00691692 0.00772489 0.00844611 0.00908185 0.0096367
 0.000530656 0.00119633 0.00205827 0.00303499 0.00405521 0.0050647 0.00602623 0.00691692 0.00772489 0.00844611 0.00908185 0.0096367
 0.000530656 0.00119633 0.00205827 0.00303499 0.00405521 0.0050647 0.00602623 0.00691692 0.00772489 0.00844611 0.00908185 0.0096367
 0.000530656 0.00119633 0.00205827 0.00303499 0.00405521 0.0050647 0.00602623 0.00691692 0.00772489 0.00844611 0.00908185 0.0096367
 0.000530656 0.00119633 0.00205827 0.00303499 0.00405521 0.0050647 0.00602623 0.00691692 0.00772489 0.00844611 0.00908185 0.0096367
 0.000530656 0.00119633 0.00205827 0.00303499 0.00405521 0.0050647 0.00602623 0.00691692 0.00772489 0.00844611 0.00908185 0.0096367
 0.000530656 0.00119633 0.00205827 0.00303499 0.00405521 0.0050647 0.00602623 0.00691692 0.00772489 0.00844611 0.00908185 0.0096367
 0.000530656 0.00119633 0.00205827 0.00303499 0.00405521 0.0050647 0.00602623 0.00691692 0.00772489 0.00844611 0.00908185 0.0096367
 0.000530656 0.00119633 0.00205827 0.00303499 0.00405521 0.0050647 0.00602623 0.00691692 0.00772489 0.00844611 0.00908185 0.0096367
 0.000530656 0.00119633 0.00205827 0.00303499 0.00405521 0.0050647 0.00602623 0.00691692 0.00772489 0.00844611 0.00908185 0.0096367
 0.000530656 0.00119633 0.00205827 0.00303499 0.00405521 0.0050647 0.00602623 0.00691692 0.00772489 0.00844611 0.00908185 0.0096367
 0.000530656 0.00119633 0.00205827 0.00303499 0.00405521 0.0050647 0.00602623 0.00691692 0.00772489 0.00844611 0.00908185 0.0096367
 0.000530656 0.00119633 0.00205827 0.00303499 0.00405521 0.0050647 0.00602623 0.00691692 0.00772489 0.00844611 0.00908185 0.0096367
 0.000530656 0.00119633 0.00205827 0.00303499 0.00405521 0.0050647 0.00602623 0.00691692 0.00772489 0.00844611 0.00908185 0.0096367
 0.000530656 0.00119633 0.00205827 0.00303499 0.00405521 0.0050647 0.00602623 0.00691692 0.00772489 0.00844611 0.00908185 0.0096367
 0.000530656 0.00119633 0.00205827 0.00303499 0.00405521 0.0050647 0.00602623 0.00691692 0.00772489 0.00844611 0.00908185 0.0096367
 0.000530656 0.00119633 0.00205827 0.00303499 0.00405521 0.0050647 0.00602623 0.00691692 0.00772489 0.00844611 0.00908185 0.0096367
 0.000530656 0.00119633 0.00205827 0.00303499 0.00405521 0.0050647 0.00602623 0.00691692 0.00772489 0.00844611 0.00908185 0.0096367
 0.000530656 0.00119633 0.00205827 0.00303499 0.00405521 0.0050647 0.00602623 0.00691692 0.00772489 0.00844611 0.00908185 0.0096367
 0.000530656 0.00119633 0.00205827 0.00303499 0.00405521 0.0050647 0.00602623 0.00691692 0.00772489 0.00844611 0.00908185 0.0096367
 0.000530656 0.00119633 0.00205827 0.00303499 0.00405521 0.0050647 0.00602623 0.00691692 0.00772489 0.00844611 0.00908185 0.0096367
 0.000530656 0.00119633 0.00205827 0.00303499 0.00405521 0.0050647 0.00602623 0.00691692 0.00772489 0.00844611 0.00908185 0.0096367
 0.000530656 0.00119633 0.00205827 0.00303499 0.00405521 0.0050647 0.00602623 0.00691692 0.00772489 0.00844611 0.00908185 0.0096367
 0.000530656 0.00119633 0.00205827 0.00303499 0.00405521 0.0050647 0.00602623 0.00691692 0.00772489 0.00844611 0.00908185 0.0096367
 0.000530656 0.00119633 0.00205827 0.00303499 0.00405521 0.0050647 0.00602623 0.00691692 0.00772489 0.00844611 0.00908185 0.0096367
 0.000530656 0.00119633 0.00205827 0.00303499 0.00405521 0.0050647 0.00602623 0.00691692 0.00772489 0.00844611 0.00908185 0.0096367
 0.000530656 0.00119633 0.00205827 0.00303499 0.00405521 0.0050647 0.00602623 0.00691692 0.00772489 0.00844611 0.00908185 0.0096367
 0.000530656 0.00119633 0.00205827 0.00303499 0.00405521 0.0050647 0.00602623 0.00691692 0.00772489 0.00844611 0.00908185 0.0096367
 0.000530656 0.00119633 0.00205827 0.00303499 0.00405521 0.0050647 0.00602623 0.00691692 0.00772489 0.00844611 0.00908185 0.0096367
 0.000530656 0.00119633 0.00205827 0.00303499 0.00405521 0.0050647 0.00602623 0.00691692 0.00772489 0.00844611 0.00908185 0.0096367
# nyrs_ind_age
 30
# yrs_ind_age
 1 2 3 4 5 6 7 8 9 10 11 12 13 14 15 16 17 18 19 20 21 22 23 24 25 26 27 28 29 30
# n_sample_ind_age
 200 200 200 200 200 200 200 200 200 200 200 200 200 200 200 200 200 200 200 200 200 200 200 200 200 200 200 200 200 200
# oac_ind
 0.055 0.14 0.13 0.14 0.08 0.085 0.08 0.075 0.055 0.035 0.03 0.095
 0.085 0.105 0.15 0.125 0.055 0.095 0.075 0.055 0.07 0.045 0.03 0.11
 0.06 0.155 0.16 0.135 0.1 0.08 0.035 0.08 0.045 0.03 0.015 0.105
 0.075 0.09 0.21 0.14 0.09 0.085 0.035 0.06 0.045 0.02 0.025 0.125
 0.03 0.18 0.105 0.14 0.11 0.095 0.05 0.03 0.045 0.035 0.025 0.155
 0.07 0.135 0.205 0.115 0.085 0.11 0.055 0.025 0.04 0.025 0.03 0.105
 0.11 0.175 0.12 0.155 0.09 0.06 0.055 0.055 0.04 0.02 0.035 0.085
 0.055 0.19 0.2 0.105 0.11 0.075 0.065 0.03 0.03 0.04 0.025 0.075
 0.065 0.12 0.185 0.145 0.11 0.09 0.04 0.05 0.02 0.055 0.015 0.105
 0.09 0.175 0.16 0.135 0.09 0.03 0.06 0.015 0.045 0.045 0.02 0.135
 0.045 0.205 0.165 0.12 0.11 0.095 0.025 0.04 0.015 0.04 0.035 0.105
 0.065 0.2 0.155 0.155 0.1 0.07 0.04 0.045 0.04 0.02 0.03 0.08
 0.06 0.125 0.17 0.21 0.1 0.08 0.04 0.04 0.045 0.025 0.02 0.085
 0.06 0.205 0.165 0.19 0.1 0.08 0.04 0.035 0.03 0.02 0.02 0.055
 0.12 0.19 0.15 0.1 0.15 0.07 0.06 0.03 0.04 0.025 0 0.065
 0.11 0.17 0.21 0.11 0.115 0.085 0.08 0.04 0.015 0.015 0.01 0.04
 0.105 0.15 0.23 0.115 0.13 0.085 0.055 0.02 0.02 0.025 0.015 0.05
 0.06 0.23 0.175 0.16 0.11 0.055 0.05 0.05 0.035 0.01 0.01 0.055
 0.11 0.275 0.25 0.09 0.105 0.06 0.05 0.02 0.01 0.01 0 0.02
 0.1 0.17 0.235 0.22 0.085 0.06 0.025 0.025 0.01 0.015 0.02 0.035
 0.085 0.19 0.18 0.195 0.165 0.04 0.045 0.045 0.01 0.015 0.015 0.015
 0.245 0.18 0.165 0.125 0.075 0.115 0.02 0.045 0 0 0.005 0.025
 0.105 0.33 0.19 0.15 0.07 0.05 0.05 0.015 0.015 0.005 0 0.02
 0.145 0.23 0.375 0.09 0.035 0.035 0.015 0.04 0.005 0.01 0.01 0.01
 0.085 0.25 0.215 0.26 0.06 0.055 0.005 0.025 0.03 0 0 0.015
 0.115 0.205 0.23 0.17 0.15 0.05 0.05 0 0.015 0.01 0 0.005
 0.125 0.215 0.185 0.135 0.125 0.105 0.05 0.01 0.005 0.01 0.03 0.005
 0.125 0.24 0.22 0.11 0.11 0.06 0.085 0.03 0.005 0.005 0.005 0.005
 0.11 0.255 0.25 0.145 0.06 0.075 0.04 0.04 0.005 0 0.01 0.01
 0.105 0.24 0.195 0.175 0.125 0.04 0.035 0.03 0.01 0.005 0.015 0.025
# olc_ind

# obs_lse_ind
 0.198042 0.198042 0.198042 0.198042 0.198042 0.198042 0.198042 0.198042 0.198042 0.198042 0.198042 0.198042 0.198042 0.198042 0.198042 0.198042 0.198042 0.198042 0.198042 0.198042 0.198042 0.198042 0.198042 0.198042 0.198042 0.198042 0.198042 0.198042 0.198042 0.198042
# xages_fsh
 0 0 0 0 0 0 0 0 0 0 0 0
# xages_fsh
 0 0.0909091 0.181818 0.272727 0.363636 0.454545 0.545455 0.636364 0.727273 0.818182 0.909091 1
# xnodes_fsh

Yrs fsh_sel change:  1 0 0 0 0 0 0 0 0 0 0 0 0 0 0 0 0 0 0 0 0 0 0 0 0 0 0 0 0
Yrs ind_sel change:  1 0 0 0 0 0 0 0 0 0 0 0 0 0 0 0 0 0 0 0 0 0 0 0 0 0 0 0 0
# steepnessprior
0.75
# sigmarprior
0.2
#  SSB estimated in styr endyr: -13 28 
#  Rec estimated in styr endyr: -11 30 
#  SR Curve fit  in styr endyr: 1 30 
#             Model styr endyr: 1 30 
# qprior
 3.48998e-007
# q_power_prior 
 1 
# cv_catchbiomass 
0.05 
# CatchbiomassPen 
200 
# Number of projection years 
5 
# offset_fsh
 13405.2
# offset_ind
 13074.6
Mean Catch
1303.14
R_guess 
15.4327
# nfsh
1
# n_sel_ch_fsh
 1
# nselages_fsh
 11
# phase_selcoff_fsh
 -1
logRzero 15.4327
logmeanrec 15.4327
exp(log_sigmarprior 0.2
Fish sel phase: -1 FLEET1
Fixing fishery sel to
1
Srvy sel phase: -1
Fixing SURVEY1 indices sel to
1
# logsel_slp_in_indv
 0.693147
Leaving parameter init secton
# M
 0.2 0.2 0.2 0.2 0.2 0.2 0.2 0.2 0.2 0.2 0.2 0.2
 0.2 0.2 0.2 0.2 0.2 0.2 0.2 0.2 0.2 0.2 0.2 0.2
 0.2 0.2 0.2 0.2 0.2 0.2 0.2 0.2 0.2 0.2 0.2 0.2
 0.2 0.2 0.2 0.2 0.2 0.2 0.2 0.2 0.2 0.2 0.2 0.2
 0.2 0.2 0.2 0.2 0.2 0.2 0.2 0.2 0.2 0.2 0.2 0.2
 0.2 0.2 0.2 0.2 0.2 0.2 0.2 0.2 0.2 0.2 0.2 0.2
 0.2 0.2 0.2 0.2 0.2 0.2 0.2 0.2 0.2 0.2 0.2 0.2
 0.2 0.2 0.2 0.2 0.2 0.2 0.2 0.2 0.2 0.2 0.2 0.2
 0.2 0.2 0.2 0.2 0.2 0.2 0.2 0.2 0.2 0.2 0.2 0.2
 0.2 0.2 0.2 0.2 0.2 0.2 0.2 0.2 0.2 0.2 0.2 0.2
 0.2 0.2 0.2 0.2 0.2 0.2 0.2 0.2 0.2 0.2 0.2 0.2
 0.2 0.2 0.2 0.2 0.2 0.2 0.2 0.2 0.2 0.2 0.2 0.2
 0.2 0.2 0.2 0.2 0.2 0.2 0.2 0.2 0.2 0.2 0.2 0.2
 0.2 0.2 0.2 0.2 0.2 0.2 0.2 0.2 0.2 0.2 0.2 0.2
 0.2 0.2 0.2 0.2 0.2 0.2 0.2 0.2 0.2 0.2 0.2 0.2
 0.2 0.2 0.2 0.2 0.2 0.2 0.2 0.2 0.2 0.2 0.2 0.2
 0.2 0.2 0.2 0.2 0.2 0.2 0.2 0.2 0.2 0.2 0.2 0.2
 0.2 0.2 0.2 0.2 0.2 0.2 0.2 0.2 0.2 0.2 0.2 0.2
 0.2 0.2 0.2 0.2 0.2 0.2 0.2 0.2 0.2 0.2 0.2 0.2
 0.2 0.2 0.2 0.2 0.2 0.2 0.2 0.2 0.2 0.2 0.2 0.2
 0.2 0.2 0.2 0.2 0.2 0.2 0.2 0.2 0.2 0.2 0.2 0.2
 0.2 0.2 0.2 0.2 0.2 0.2 0.2 0.2 0.2 0.2 0.2 0.2
 0.2 0.2 0.2 0.2 0.2 0.2 0.2 0.2 0.2 0.2 0.2 0.2
 0.2 0.2 0.2 0.2 0.2 0.2 0.2 0.2 0.2 0.2 0.2 0.2
 0.2 0.2 0.2 0.2 0.2 0.2 0.2 0.2 0.2 0.2 0.2 0.2
 0.2 0.2 0.2 0.2 0.2 0.2 0.2 0.2 0.2 0.2 0.2 0.2
 0.2 0.2 0.2 0.2 0.2 0.2 0.2 0.2 0.2 0.2 0.2 0.2
 0.2 0.2 0.2 0.2 0.2 0.2 0.2 0.2 0.2 0.2 0.2 0.2
 0.2 0.2 0.2 0.2 0.2 0.2 0.2 0.2 0.2 0.2 0.2 0.2
 0.2 0.2 0.2 0.2 0.2 0.2 0.2 0.2 0.2 0.2 0.2 0.2
# mean_log_rec
13.7738
# log_Rzero
13.8016
# rec_dev
 -0.160214 -0.189966 -0.0509042 -0.0120889 -0.0959451 0.138539 0.0553888 0.155749 -0.0128684 -0.0408347 0.0256249 0.0952256 0.0911824 0.205527 -0.101207 0.254384 -0.17603 0.210407 0.135701 -0.106259 -0.0291561 0.0855875 0.165508 -0.263358 -0.0817372 -0.0727418 -0.0119042 -0.239764 0.373194 0.0227064 -0.240583 -0.22821 -0.0796975 0.545635 0.0160214 0.0108951 -0.319456 -0.15004 -0.210199 -0.238252 -0.373935 -0.35926
# fmort
 0.00892775 0.0258467 0.0428185 0.0578121 0.0460589 0.0828888 0.0836395 0.175499 0.102667 0.125431 0.14192 0.152523 0.110441 0.162902 0.174431 0.15757 0.305978 0.251424 0.249915 0.246216 0.34364 0.249592 0.409123 0.329776 0.322848 0.293623 0.285672 0.393531 0.293187 0.441439
# rec_dev_future
 0 0 0 0 0
