AMAK;Mar 2020
# styr
1
# endyr
30
# rec_age
1
# oldest_age
12
# nlength
81
# len_bins
 10 11 12 13 14 15 16 17 18 19 20 21 22 23 24 25 26 27 28 29 30 31 32 33 34 35 36 37 38 39 40 41 42 43 44 45 46 47 48 49 50 51 52 53 54 55 56 57 58 59 60 61 62 63 64 65 66 67 68 69 70 71 72 73 74 75 76 77 78 79 80 81 82 83 84 85 86 87 88 89 90
# datafile_name
amak_data.dat
# model_name
AMAK_MCP
# styr
1
# endyr
30
# rec_age
1
# oldest_age
12
# nfsh
1
# fshname
FLEET1
# catch_bio_in
 161.949 460.749 745.705 961.21 750.603 1300.27 1254.25 2430.08 1298.55 1491.41 1554.38 1524.34 1034.92 1449.24 1451.73 1234.14 2164.68 1545.01 1416.88 1312.96 1714.25 1146.34 1666.81 1202.12 1138.73 1025.56 1038.91 1432.38 1062.46 1534.17
# catch_bio_sd_in
 0.01 0.01 0.01 0.01 0.01 0.01 0.01 0.01 0.01 0.01 0.01 0.01 0.01 0.01 0.01 0.01 0.01 0.01 0.01 0.01 0.01 0.01 0.01 0.01 0.01 0.01 0.01 0.01 0.01 0.01
# nyrs_fsh_age
 30
# nyrs_fsh_length
 0
# yrs_fsh_age_in
 1 2 3 4 5 6 7 8 9 10 11 12 13 14 15 16 17 18 19 20 21 22 23 24 25 26 27 28 29 30
# yrs_fsh_length_in

# n_sample_fsh_length_in

# olc_fsh_in

# nind
1
# indname
SURVEY1
# nyrs_ind
 30
# yrs_ind_in
 1 2 3 4 5 6 7 8 9 10 11 12 13 14 15 16 17 18 19 20 21 22 23 24 25 26 27 28 29 30
# mo_ind
 1
# obs_ind_in
 1.36348 1.3678 1.52406 1.33061 1.35184 1.67545 1.39154 1.24178 1.13889 1.14982 1.01393 0.906923 1.02674 0.975844 0.994782 0.879567 0.779341 0.969643 0.800607 0.695007 0.783205 0.698028 0.603219 0.666456 0.738169 0.523984 0.626891 0.771442 0.646434 0.643361
# obs_se_ind_in
 0.272695 0.27356 0.304812 0.266122 0.270368 0.335089 0.278308 0.248356 0.227777 0.229964 0.202785 0.181385 0.205348 0.195169 0.198956 0.175913 0.155868 0.193929 0.160121 0.139001 0.156641 0.139606 0.120644 0.133291 0.147634 0.104797 0.125378 0.154288 0.129287 0.128672
# nyrs_ind_age
 30
# nyrs_ind_length
 0
# yrs_ind_age_in
 1 2 3 4 5 6 7 8 9 10 11 12 13 14 15 16 17 18 19 20 21 22 23 24 25 26 27 28 29 30
# yrs_ind_length_in

# yrs_ind_age_in
 1 2 3 4 5 6 7 8 9 10 11 12 13 14 15 16 17 18 19 20 21 22 23 24 25 26 27 28 29 30
# n_sample_ind_length_in

# olc_ind_in

# oac_ind_in
 0.065 0.135 0.13 0.13 0.085 0.05 0.085 0.08 0.055 0.03 0.03 0.125
 0.045 0.095 0.265 0.11 0.085 0.08 0.055 0.07 0.035 0.035 0.02 0.105
 0.08 0.11 0.12 0.14 0.1 0.075 0.055 0.055 0.05 0.02 0.02 0.175
 0.11 0.11 0.13 0.105 0.095 0.06 0.045 0.06 0.04 0.055 0.02 0.17
 0.05 0.175 0.15 0.115 0.115 0.11 0.04 0.065 0.035 0.025 0.03 0.09
 0.055 0.115 0.245 0.09 0.15 0.075 0.02 0.04 0.035 0.035 0.03 0.11
 0.105 0.18 0.165 0.165 0.075 0.06 0.065 0.06 0.015 0.015 0.01 0.085
 0.06 0.215 0.115 0.135 0.16 0.065 0.05 0.035 0.045 0.045 0.01 0.065
 0.07 0.155 0.23 0.145 0.075 0.07 0.045 0.03 0.07 0.035 0.01 0.065
 0.06 0.18 0.12 0.2 0.11 0.095 0.065 0.045 0.025 0.04 0.015 0.045
 0.1 0.11 0.185 0.155 0.13 0.09 0.03 0.03 0.03 0.02 0.03 0.09
 0.095 0.21 0.105 0.145 0.08 0.085 0.04 0.045 0.05 0.03 0.015 0.1
 0.065 0.285 0.14 0.09 0.075 0.055 0.06 0.07 0.04 0.045 0.02 0.055
 0.09 0.18 0.23 0.16 0.055 0.055 0.03 0.05 0.06 0.01 0.025 0.055
 0.1 0.155 0.24 0.14 0.14 0.045 0.065 0.025 0.015 0.015 0.015 0.045
 0.05 0.18 0.165 0.2 0.075 0.08 0.03 0.05 0.04 0.065 0.02 0.045
 0.09 0.2 0.175 0.12 0.115 0.07 0.075 0.005 0.02 0.04 0.02 0.07
 0.065 0.26 0.245 0.11 0.07 0.075 0.06 0.04 0.01 0.03 0.015 0.02
 0.1 0.245 0.225 0.14 0.085 0.025 0.05 0.03 0.045 0.02 0.01 0.025
 0.09 0.3 0.2 0.14 0.07 0.04 0.035 0.04 0.03 0.015 0.005 0.035
 0.11 0.18 0.25 0.175 0.095 0.05 0.025 0.04 0.03 0.02 0.005 0.02
 0.1 0.21 0.23 0.155 0.085 0.095 0.03 0.02 0.005 0.025 0.025 0.02
 0.08 0.22 0.195 0.145 0.18 0.06 0.035 0.04 0.015 0 0.01 0.02
 0.155 0.16 0.205 0.17 0.105 0.07 0.045 0.045 0.01 0.005 0.005 0.025
 0.06 0.38 0.19 0.095 0.105 0.045 0.055 0.02 0.025 0.005 0.01 0.01
 0.195 0.24 0.24 0.095 0.12 0.025 0.02 0.02 0.02 0.015 0 0.01
 0.155 0.245 0.165 0.225 0.085 0.055 0.03 0.01 0.015 0 0.01 0.005
 0.16 0.29 0.21 0.145 0.115 0.03 0.01 0.015 0.02 0 0 0.005
 0.09 0.275 0.275 0.145 0.085 0.075 0.015 0.005 0.005 0.015 0.005 0.01
 0.11 0.26 0.255 0.175 0.095 0.025 0.04 0.015 0.01 0.01 0.005 0
# wt_ind
 1 1 1 1 1 1 1 1 1 1 1 1
 1 1 1 1 1 1 1 1 1 1 1 1
 1 1 1 1 1 1 1 1 1 1 1 1
 1 1 1 1 1 1 1 1 1 1 1 1
 1 1 1 1 1 1 1 1 1 1 1 1
 1 1 1 1 1 1 1 1 1 1 1 1
 1 1 1 1 1 1 1 1 1 1 1 1
 1 1 1 1 1 1 1 1 1 1 1 1
 1 1 1 1 1 1 1 1 1 1 1 1
 1 1 1 1 1 1 1 1 1 1 1 1
 1 1 1 1 1 1 1 1 1 1 1 1
 1 1 1 1 1 1 1 1 1 1 1 1
 1 1 1 1 1 1 1 1 1 1 1 1
 1 1 1 1 1 1 1 1 1 1 1 1
 1 1 1 1 1 1 1 1 1 1 1 1
 1 1 1 1 1 1 1 1 1 1 1 1
 1 1 1 1 1 1 1 1 1 1 1 1
 1 1 1 1 1 1 1 1 1 1 1 1
 1 1 1 1 1 1 1 1 1 1 1 1
 1 1 1 1 1 1 1 1 1 1 1 1
 1 1 1 1 1 1 1 1 1 1 1 1
 1 1 1 1 1 1 1 1 1 1 1 1
 1 1 1 1 1 1 1 1 1 1 1 1
 1 1 1 1 1 1 1 1 1 1 1 1
 1 1 1 1 1 1 1 1 1 1 1 1
 1 1 1 1 1 1 1 1 1 1 1 1
 1 1 1 1 1 1 1 1 1 1 1 1
 1 1 1 1 1 1 1 1 1 1 1 1
 1 1 1 1 1 1 1 1 1 1 1 1
 1 1 1 1 1 1 1 1 1 1 1 1
# wt_pop
 0.000530656 0.00119633 0.00205827 0.00303499 0.00405521 0.0050647 0.00602623 0.00691692 0.00772489 0.00844611 0.00908185 0.0096367
# maturity
 0.0229774 0.320821 0.904651 0.99478 0.999739 0.999987 0.999999 1 1 1 1 1
# spawnmo
1
# age_err
 1 0 0 0 0 0 0 0 0 0 0 0
 0 1 0 0 0 0 0 0 0 0 0 0
 0 0 1 0 0 0 0 0 0 0 0 0
 0 0 0 1 0 0 0 0 0 0 0 0
 0 0 0 0 1 0 0 0 0 0 0 0
 0 0 0 0 0 1 0 0 0 0 0 0
 0 0 0 0 0 0 1 0 0 0 0 0
 0 0 0 0 0 0 0 1 0 0 0 0
 0 0 0 0 0 0 0 0 1 0 0 0
 0 0 0 0 0 0 0 0 0 1 0 0
 0 0 0 0 0 0 0 0 0 0 1 0
 0 0 0 0 0 0 0 0 0 0 0 1
# cntrlfile_name
C:\Users\bai.li\DOCUME~1\Github\AGE_ST~1\ASSAMC\example\output\AMAK\s70\amak.dat
# Map shared selectivity: 
# sel_map
 1 2
 1 1
# datafile_name
amak_data.dat
# model_name
AMAK_MCP
# SrType
2
# use_age_err
0
# retro
0
# sigmarprior
0.2
# cvsigmarprior
0.25
# phase_sigmar
-3
# styr_rec_est
1
# endyr_rec_est
30
# Linfprior
80
# cvLinfprior
0.25
# kprior
0.18
# cvkprior
0.25
# Loprior
27.688
# cvLoprior
0.25
# sdageprior
0.1
# cvsdageprior
0.25
# natmortprior
0.2
# cvnatmortprior
0.25
# phase_M
-4
# npars_Mage
0
# ages_M_changes

# Mage_in

# Mage_offset_in

# phase_Mage
-5
# phase_rw_M
0
# npars_rw_M
0
# yrs_rw_M

# sigma_rw_M

# qprior
 3.48998e-007
# cvqprior
 1
# phase_q
 1
# q_power_prior
 1
# cvq_power_prior
 0.2
# phase_q_power
 -4
# phase_rw_q
 -1
# npars_rw_q
 0
# yrs_rw_q

# sigma_rw_q

# q_age_min
 1
# q_age_max
 12
# q_age_min
 1
# q_age_max
 12
# fsh_sel_opt(k)
2
# phase_sel_fsh(k)
2
# n_sel_ch_fsh(k)
1
# sel_slp_in_fsh(k)(1,n_sel_ch_fsh(k))
 1
# sel_inf_in_fsh(k)(1,n_sel_ch_fsh(k))
 2
# logsel_slp_in_fsh(k)(1,n_sel_ch_fsh(k))
 0
# yrs_sel_ch_fsh(k)(1,n_sel_ch_fsh(k))
 1

Survey SURVEY1
# ind_sel_opt(k)
2
# indname(k)
SURVEY1
# nselages_in_ind(k)
11
# phase_sel_ind(k)
2
# sel_change_in_ind(k)
 1 0 0 0 0 0 0 0 0 0 0 0 0 0 0 0 0 0 0 0 0 0 0 0 0 0 0 0 0 0
# n_sel_ch_ind(k)
1
# yrs_sel_ch_ind(k)(1,n_sel_ch_ind(k))
 1
# sel_slp_in_ind(k,1)
2
# sel_inf_in_ind(k,1)
1.5
# logsel_slp_in_ind(k,1)
0.693147
# logsel_slp_in_indv(k)
0.693147
SURVEY1 ind sel opt 2  1 0 0 0 0 0 0 0 0 0 0 0 0 0 0 0 0 0 0 0 0 0 0 0 0 0 0 0 0 0
Phase indices Sel_Coffs:  -1
 Test: 1.23457e+008
# Fshry Selages:  11
# Srvy  Selages:  11
# Phase for age-spec fishery  -1
# Phase for logistic fishery  2
# Phase for dble logistic fishery  -1
# Phase for age-spec indices   -1
# Phase for logistic indices   2
# Phase for dble logistic ind  -1
# Curv_pen_fsh: 
 0
# Curv_pen_ind: 
 0
# styr_fut
31
# endyr_fut
35
# nyrs_fsh_age
 30
# nyrs_fsh_age
 30
# yrs_fsh_age
 1 2 3 4 5 6 7 8 9 10 11 12 13 14 15 16 17 18 19 20 21 22 23 24 25 26 27 28 29 30
# n_sample_fsh_age
 200 200 200 200 200 200 200 200 200 200 200 200 200 200 200 200 200 200 200 200 200 200 200 200 200 200 200 200 200 200
# oac_fsh
 0.1 0.055 0.125 0.105 0.125 0.105 0.06 0.095 0.025 0.035 0.02 0.15
 0.065 0.135 0.115 0.07 0.12 0.065 0.09 0.07 0.035 0.06 0.015 0.16
 0.085 0.07 0.14 0.11 0.11 0.07 0.075 0.065 0.05 0.045 0.02 0.16
 0.115 0.1 0.08 0.145 0.07 0.08 0.11 0.085 0.05 0.015 0.035 0.115
 0.055 0.14 0.09 0.095 0.12 0.1 0.05 0.07 0.065 0.04 0.03 0.145
 0.085 0.11 0.195 0.075 0.105 0.085 0.065 0.03 0.045 0.02 0.045 0.14
 0.1 0.155 0.085 0.17 0.095 0.065 0.08 0.07 0.02 0.035 0.025 0.1
 0.075 0.15 0.155 0.11 0.165 0.06 0.06 0.03 0.055 0.005 0.02 0.115
 0.075 0.09 0.16 0.185 0.075 0.105 0.07 0.04 0.065 0.015 0.005 0.115
 0.07 0.09 0.12 0.18 0.12 0.07 0.11 0.04 0.035 0.03 0.035 0.1
 0.135 0.08 0.13 0.13 0.105 0.115 0.065 0.075 0.03 0.02 0.02 0.095
 0.115 0.18 0.07 0.145 0.125 0.11 0.115 0.02 0.03 0.01 0.015 0.065
 0.105 0.165 0.135 0.07 0.115 0.09 0.085 0.04 0.03 0.045 0.03 0.09
 0.11 0.14 0.155 0.14 0.07 0.09 0.075 0.045 0.04 0.05 0.04 0.045
 0.115 0.115 0.195 0.16 0.09 0.025 0.07 0.04 0.06 0.015 0.015 0.1
 0.07 0.185 0.17 0.155 0.16 0.09 0.015 0.03 0.025 0.03 0.015 0.055
 0.14 0.165 0.155 0.105 0.1 0.12 0.045 0.045 0.03 0.025 0.03 0.04
 0.065 0.255 0.18 0.14 0.085 0.065 0.045 0.065 0.015 0.025 0.02 0.04
 0.15 0.16 0.16 0.14 0.1 0.095 0.04 0.04 0.04 0.015 0.02 0.04
 0.125 0.225 0.145 0.195 0.105 0.065 0.03 0.035 0.005 0.025 0.005 0.04
 0.11 0.155 0.26 0.15 0.125 0.06 0.05 0.025 0.015 0.025 0.005 0.02
 0.13 0.12 0.19 0.18 0.1 0.115 0.04 0.02 0.035 0.025 0.035 0.01
 0.085 0.11 0.165 0.205 0.16 0.05 0.11 0.035 0.01 0.025 0.005 0.04
 0.195 0.12 0.235 0.11 0.09 0.065 0.055 0.065 0.015 0.025 0.005 0.02
 0.13 0.3 0.18 0.15 0.095 0.05 0.05 0.015 0.01 0.005 0.005 0.01
 0.12 0.205 0.295 0.105 0.11 0.05 0.035 0.035 0.01 0.01 0.01 0.015
 0.175 0.25 0.17 0.275 0.05 0.045 0.02 0.01 0 0 0 0.005
 0.2 0.195 0.205 0.125 0.12 0.06 0.02 0.035 0.02 0.01 0 0.01
 0.105 0.21 0.21 0.22 0.095 0.07 0.035 0.01 0.025 0.005 0.005 0.01
 0.13 0.18 0.245 0.155 0.12 0.1 0.045 0.005 0.005 0.005 0 0.01
# olc_fsh

# wt_fsh
 0.000530656 0.00119633 0.00205827 0.00303499 0.00405521 0.0050647 0.00602623 0.00691692 0.00772489 0.00844611 0.00908185 0.0096367
 0.000530656 0.00119633 0.00205827 0.00303499 0.00405521 0.0050647 0.00602623 0.00691692 0.00772489 0.00844611 0.00908185 0.0096367
 0.000530656 0.00119633 0.00205827 0.00303499 0.00405521 0.0050647 0.00602623 0.00691692 0.00772489 0.00844611 0.00908185 0.0096367
 0.000530656 0.00119633 0.00205827 0.00303499 0.00405521 0.0050647 0.00602623 0.00691692 0.00772489 0.00844611 0.00908185 0.0096367
 0.000530656 0.00119633 0.00205827 0.00303499 0.00405521 0.0050647 0.00602623 0.00691692 0.00772489 0.00844611 0.00908185 0.0096367
 0.000530656 0.00119633 0.00205827 0.00303499 0.00405521 0.0050647 0.00602623 0.00691692 0.00772489 0.00844611 0.00908185 0.0096367
 0.000530656 0.00119633 0.00205827 0.00303499 0.00405521 0.0050647 0.00602623 0.00691692 0.00772489 0.00844611 0.00908185 0.0096367
 0.000530656 0.00119633 0.00205827 0.00303499 0.00405521 0.0050647 0.00602623 0.00691692 0.00772489 0.00844611 0.00908185 0.0096367
 0.000530656 0.00119633 0.00205827 0.00303499 0.00405521 0.0050647 0.00602623 0.00691692 0.00772489 0.00844611 0.00908185 0.0096367
 0.000530656 0.00119633 0.00205827 0.00303499 0.00405521 0.0050647 0.00602623 0.00691692 0.00772489 0.00844611 0.00908185 0.0096367
 0.000530656 0.00119633 0.00205827 0.00303499 0.00405521 0.0050647 0.00602623 0.00691692 0.00772489 0.00844611 0.00908185 0.0096367
 0.000530656 0.00119633 0.00205827 0.00303499 0.00405521 0.0050647 0.00602623 0.00691692 0.00772489 0.00844611 0.00908185 0.0096367
 0.000530656 0.00119633 0.00205827 0.00303499 0.00405521 0.0050647 0.00602623 0.00691692 0.00772489 0.00844611 0.00908185 0.0096367
 0.000530656 0.00119633 0.00205827 0.00303499 0.00405521 0.0050647 0.00602623 0.00691692 0.00772489 0.00844611 0.00908185 0.0096367
 0.000530656 0.00119633 0.00205827 0.00303499 0.00405521 0.0050647 0.00602623 0.00691692 0.00772489 0.00844611 0.00908185 0.0096367
 0.000530656 0.00119633 0.00205827 0.00303499 0.00405521 0.0050647 0.00602623 0.00691692 0.00772489 0.00844611 0.00908185 0.0096367
 0.000530656 0.00119633 0.00205827 0.00303499 0.00405521 0.0050647 0.00602623 0.00691692 0.00772489 0.00844611 0.00908185 0.0096367
 0.000530656 0.00119633 0.00205827 0.00303499 0.00405521 0.0050647 0.00602623 0.00691692 0.00772489 0.00844611 0.00908185 0.0096367
 0.000530656 0.00119633 0.00205827 0.00303499 0.00405521 0.0050647 0.00602623 0.00691692 0.00772489 0.00844611 0.00908185 0.0096367
 0.000530656 0.00119633 0.00205827 0.00303499 0.00405521 0.0050647 0.00602623 0.00691692 0.00772489 0.00844611 0.00908185 0.0096367
 0.000530656 0.00119633 0.00205827 0.00303499 0.00405521 0.0050647 0.00602623 0.00691692 0.00772489 0.00844611 0.00908185 0.0096367
 0.000530656 0.00119633 0.00205827 0.00303499 0.00405521 0.0050647 0.00602623 0.00691692 0.00772489 0.00844611 0.00908185 0.0096367
 0.000530656 0.00119633 0.00205827 0.00303499 0.00405521 0.0050647 0.00602623 0.00691692 0.00772489 0.00844611 0.00908185 0.0096367
 0.000530656 0.00119633 0.00205827 0.00303499 0.00405521 0.0050647 0.00602623 0.00691692 0.00772489 0.00844611 0.00908185 0.0096367
 0.000530656 0.00119633 0.00205827 0.00303499 0.00405521 0.0050647 0.00602623 0.00691692 0.00772489 0.00844611 0.00908185 0.0096367
 0.000530656 0.00119633 0.00205827 0.00303499 0.00405521 0.0050647 0.00602623 0.00691692 0.00772489 0.00844611 0.00908185 0.0096367
 0.000530656 0.00119633 0.00205827 0.00303499 0.00405521 0.0050647 0.00602623 0.00691692 0.00772489 0.00844611 0.00908185 0.0096367
 0.000530656 0.00119633 0.00205827 0.00303499 0.00405521 0.0050647 0.00602623 0.00691692 0.00772489 0.00844611 0.00908185 0.0096367
 0.000530656 0.00119633 0.00205827 0.00303499 0.00405521 0.0050647 0.00602623 0.00691692 0.00772489 0.00844611 0.00908185 0.0096367
 0.000530656 0.00119633 0.00205827 0.00303499 0.00405521 0.0050647 0.00602623 0.00691692 0.00772489 0.00844611 0.00908185 0.0096367
# nyrs_ind_age
 30
# yrs_ind_age
 1 2 3 4 5 6 7 8 9 10 11 12 13 14 15 16 17 18 19 20 21 22 23 24 25 26 27 28 29 30
# n_sample_ind_age
 200 200 200 200 200 200 200 200 200 200 200 200 200 200 200 200 200 200 200 200 200 200 200 200 200 200 200 200 200 200
# oac_ind
 0.065 0.135 0.13 0.13 0.085 0.05 0.085 0.08 0.055 0.03 0.03 0.125
 0.045 0.095 0.265 0.11 0.085 0.08 0.055 0.07 0.035 0.035 0.02 0.105
 0.08 0.11 0.12 0.14 0.1 0.075 0.055 0.055 0.05 0.02 0.02 0.175
 0.11 0.11 0.13 0.105 0.095 0.06 0.045 0.06 0.04 0.055 0.02 0.17
 0.05 0.175 0.15 0.115 0.115 0.11 0.04 0.065 0.035 0.025 0.03 0.09
 0.055 0.115 0.245 0.09 0.15 0.075 0.02 0.04 0.035 0.035 0.03 0.11
 0.105 0.18 0.165 0.165 0.075 0.06 0.065 0.06 0.015 0.015 0.01 0.085
 0.06 0.215 0.115 0.135 0.16 0.065 0.05 0.035 0.045 0.045 0.01 0.065
 0.07 0.155 0.23 0.145 0.075 0.07 0.045 0.03 0.07 0.035 0.01 0.065
 0.06 0.18 0.12 0.2 0.11 0.095 0.065 0.045 0.025 0.04 0.015 0.045
 0.1 0.11 0.185 0.155 0.13 0.09 0.03 0.03 0.03 0.02 0.03 0.09
 0.095 0.21 0.105 0.145 0.08 0.085 0.04 0.045 0.05 0.03 0.015 0.1
 0.065 0.285 0.14 0.09 0.075 0.055 0.06 0.07 0.04 0.045 0.02 0.055
 0.09 0.18 0.23 0.16 0.055 0.055 0.03 0.05 0.06 0.01 0.025 0.055
 0.1 0.155 0.24 0.14 0.14 0.045 0.065 0.025 0.015 0.015 0.015 0.045
 0.05 0.18 0.165 0.2 0.075 0.08 0.03 0.05 0.04 0.065 0.02 0.045
 0.09 0.2 0.175 0.12 0.115 0.07 0.075 0.005 0.02 0.04 0.02 0.07
 0.065 0.26 0.245 0.11 0.07 0.075 0.06 0.04 0.01 0.03 0.015 0.02
 0.1 0.245 0.225 0.14 0.085 0.025 0.05 0.03 0.045 0.02 0.01 0.025
 0.09 0.3 0.2 0.14 0.07 0.04 0.035 0.04 0.03 0.015 0.005 0.035
 0.11 0.18 0.25 0.175 0.095 0.05 0.025 0.04 0.03 0.02 0.005 0.02
 0.1 0.21 0.23 0.155 0.085 0.095 0.03 0.02 0.005 0.025 0.025 0.02
 0.08 0.22 0.195 0.145 0.18 0.06 0.035 0.04 0.015 0 0.01 0.02
 0.155 0.16 0.205 0.17 0.105 0.07 0.045 0.045 0.01 0.005 0.005 0.025
 0.06 0.38 0.19 0.095 0.105 0.045 0.055 0.02 0.025 0.005 0.01 0.01
 0.195 0.24 0.24 0.095 0.12 0.025 0.02 0.02 0.02 0.015 0 0.01
 0.155 0.245 0.165 0.225 0.085 0.055 0.03 0.01 0.015 0 0.01 0.005
 0.16 0.29 0.21 0.145 0.115 0.03 0.01 0.015 0.02 0 0 0.005
 0.09 0.275 0.275 0.145 0.085 0.075 0.015 0.005 0.005 0.015 0.005 0.01
 0.11 0.26 0.255 0.175 0.095 0.025 0.04 0.015 0.01 0.01 0.005 0
# olc_ind

# obs_lse_ind
 0.198042 0.198042 0.198042 0.198042 0.198042 0.198042 0.198042 0.198042 0.198042 0.198042 0.198042 0.198042 0.198042 0.198042 0.198042 0.198042 0.198042 0.198042 0.198042 0.198042 0.198042 0.198042 0.198042 0.198042 0.198042 0.198042 0.198042 0.198042 0.198042 0.198042
# xages_fsh
 0 0 0 0 0 0 0 0 0 0 0 0
# xages_fsh
 0 0.0909091 0.181818 0.272727 0.363636 0.454545 0.545455 0.636364 0.727273 0.818182 0.909091 1
# xnodes_fsh

Yrs fsh_sel change:  1 0 0 0 0 0 0 0 0 0 0 0 0 0 0 0 0 0 0 0 0 0 0 0 0 0 0 0 0
Yrs ind_sel change:  1 0 0 0 0 0 0 0 0 0 0 0 0 0 0 0 0 0 0 0 0 0 0 0 0 0 0 0 0
# steepnessprior
0.75
# sigmarprior
0.2
#  SSB estimated in styr endyr: -13 28 
#  Rec estimated in styr endyr: -11 30 
#  SR Curve fit  in styr endyr: 1 30 
#             Model styr endyr: 1 30 
# qprior
 3.48998e-007
# q_power_prior 
 1 
# cv_catchbiomass 
0.05 
# CatchbiomassPen 
200 
# Number of projection years 
5 
# offset_fsh
 13391.9
# offset_ind
 13014.8
Mean Catch
1283.49
R_guess 
15.4175
# nfsh
1
# n_sel_ch_fsh
 1
# nselages_fsh
 11
# phase_selcoff_fsh
 -1
logRzero 15.4175
logmeanrec 15.4175
exp(log_sigmarprior 0.2
Fish sel phase: -1 FLEET1
Fixing fishery sel to
1
Srvy sel phase: -1
Fixing SURVEY1 indices sel to
1
# logsel_slp_in_indv
 0.693147
Leaving parameter init secton
# M
 0.2 0.2 0.2 0.2 0.2 0.2 0.2 0.2 0.2 0.2 0.2 0.2
 0.2 0.2 0.2 0.2 0.2 0.2 0.2 0.2 0.2 0.2 0.2 0.2
 0.2 0.2 0.2 0.2 0.2 0.2 0.2 0.2 0.2 0.2 0.2 0.2
 0.2 0.2 0.2 0.2 0.2 0.2 0.2 0.2 0.2 0.2 0.2 0.2
 0.2 0.2 0.2 0.2 0.2 0.2 0.2 0.2 0.2 0.2 0.2 0.2
 0.2 0.2 0.2 0.2 0.2 0.2 0.2 0.2 0.2 0.2 0.2 0.2
 0.2 0.2 0.2 0.2 0.2 0.2 0.2 0.2 0.2 0.2 0.2 0.2
 0.2 0.2 0.2 0.2 0.2 0.2 0.2 0.2 0.2 0.2 0.2 0.2
 0.2 0.2 0.2 0.2 0.2 0.2 0.2 0.2 0.2 0.2 0.2 0.2
 0.2 0.2 0.2 0.2 0.2 0.2 0.2 0.2 0.2 0.2 0.2 0.2
 0.2 0.2 0.2 0.2 0.2 0.2 0.2 0.2 0.2 0.2 0.2 0.2
 0.2 0.2 0.2 0.2 0.2 0.2 0.2 0.2 0.2 0.2 0.2 0.2
 0.2 0.2 0.2 0.2 0.2 0.2 0.2 0.2 0.2 0.2 0.2 0.2
 0.2 0.2 0.2 0.2 0.2 0.2 0.2 0.2 0.2 0.2 0.2 0.2
 0.2 0.2 0.2 0.2 0.2 0.2 0.2 0.2 0.2 0.2 0.2 0.2
 0.2 0.2 0.2 0.2 0.2 0.2 0.2 0.2 0.2 0.2 0.2 0.2
 0.2 0.2 0.2 0.2 0.2 0.2 0.2 0.2 0.2 0.2 0.2 0.2
 0.2 0.2 0.2 0.2 0.2 0.2 0.2 0.2 0.2 0.2 0.2 0.2
 0.2 0.2 0.2 0.2 0.2 0.2 0.2 0.2 0.2 0.2 0.2 0.2
 0.2 0.2 0.2 0.2 0.2 0.2 0.2 0.2 0.2 0.2 0.2 0.2
 0.2 0.2 0.2 0.2 0.2 0.2 0.2 0.2 0.2 0.2 0.2 0.2
 0.2 0.2 0.2 0.2 0.2 0.2 0.2 0.2 0.2 0.2 0.2 0.2
 0.2 0.2 0.2 0.2 0.2 0.2 0.2 0.2 0.2 0.2 0.2 0.2
 0.2 0.2 0.2 0.2 0.2 0.2 0.2 0.2 0.2 0.2 0.2 0.2
 0.2 0.2 0.2 0.2 0.2 0.2 0.2 0.2 0.2 0.2 0.2 0.2
 0.2 0.2 0.2 0.2 0.2 0.2 0.2 0.2 0.2 0.2 0.2 0.2
 0.2 0.2 0.2 0.2 0.2 0.2 0.2 0.2 0.2 0.2 0.2 0.2
 0.2 0.2 0.2 0.2 0.2 0.2 0.2 0.2 0.2 0.2 0.2 0.2
 0.2 0.2 0.2 0.2 0.2 0.2 0.2 0.2 0.2 0.2 0.2 0.2
 0.2 0.2 0.2 0.2 0.2 0.2 0.2 0.2 0.2 0.2 0.2 0.2
# mean_log_rec
13.7142
# log_Rzero
13.8204
# rec_dev
 -0.0230824 -0.0280675 -0.0609854 -0.123156 -0.0517179 0.036467 0.0635464 0.0215542 0.0138032 0.0238276 -0.141594 0.120595 0.144561 -0.0435926 -0.0189606 0.453908 0.00871185 0.261573 0.358983 0.00505568 0.0271442 -0.452691 0.125496 0.181511 0.0952164 -0.120666 -0.0530457 -0.0465666 0.206989 -0.101638 0.171701 -0.108247 -0.208973 -0.218397 -0.412177 0.20864 -0.213291 0.00851995 0.0382277 0.0574701 -0.245169 -0.246755
# fmort
 0.00977849 0.0282939 0.0472454 0.063478 0.0513685 0.0923524 0.0932521 0.196111 0.114102 0.138772 0.156522 0.167653 0.120408 0.175681 0.187199 0.168214 0.327485 0.266581 0.262938 0.255731 0.361316 0.262508 0.425998 0.350783 0.354187 0.323169 0.320972 0.451052 0.343923 0.528673
# rec_dev_future
 0 0 0 0 0
