AMAK;Mar 2020
# styr
1
# endyr
30
# rec_age
1
# oldest_age
12
# nlength
81
# len_bins
 10 11 12 13 14 15 16 17 18 19 20 21 22 23 24 25 26 27 28 29 30 31 32 33 34 35 36 37 38 39 40 41 42 43 44 45 46 47 48 49 50 51 52 53 54 55 56 57 58 59 60 61 62 63 64 65 66 67 68 69 70 71 72 73 74 75 76 77 78 79 80 81 82 83 84 85 86 87 88 89 90
# datafile_name
amak_data.dat
# model_name
AMAK_MCP
# styr
1
# endyr
30
# rec_age
1
# oldest_age
12
# nfsh
1
# fshname
FLEET1
# catch_bio_in
 161.579 461.804 743.973 959.595 728.723 1252.56 1174.35 2295.51 1203.52 1384.26 1458.22 1457.17 999.112 1397.34 1411.94 1190.54 2123.84 1518.2 1331.23 1178.03 1460.72 986.382 1535.1 1189.65 1144.45 1043 1019.93 1362.39 1000.72 1429.16
# catch_bio_sd_in
 0.01 0.01 0.01 0.01 0.01 0.01 0.01 0.01 0.01 0.01 0.01 0.01 0.01 0.01 0.01 0.01 0.01 0.01 0.01 0.01 0.01 0.01 0.01 0.01 0.01 0.01 0.01 0.01 0.01 0.01
# nyrs_fsh_age
 30
# nyrs_fsh_length
 0
# yrs_fsh_age_in
 1 2 3 4 5 6 7 8 9 10 11 12 13 14 15 16 17 18 19 20 21 22 23 24 25 26 27 28 29 30
# yrs_fsh_length_in

# n_sample_fsh_length_in

# olc_fsh_in

# nind
1
# indname
SURVEY1
# nyrs_ind
 30
# yrs_ind_in
 1 2 3 4 5 6 7 8 9 10 11 12 13 14 15 16 17 18 19 20 21 22 23 24 25 26 27 28 29 30
# mo_ind
 1
# obs_ind_in
 1.53968 1.36088 1.49814 1.36545 1.52793 1.29952 1.45357 1.28204 1.14168 1.33531 0.908142 1.06724 0.968465 1.213 1.18614 1.23424 1.04354 0.929935 0.714384 0.695211 0.738652 0.691711 0.659218 0.680193 0.623385 0.659438 0.708479 0.667186 0.661314 0.522933
# obs_se_ind_in
 0.307936 0.272176 0.299628 0.27309 0.305586 0.259905 0.290714 0.256409 0.228337 0.267062 0.181628 0.213448 0.193693 0.2426 0.237229 0.246848 0.208708 0.185987 0.142877 0.139042 0.14773 0.138342 0.131844 0.136039 0.124677 0.131888 0.141696 0.133437 0.132263 0.104587
# nyrs_ind_age
 30
# nyrs_ind_length
 0
# yrs_ind_age_in
 1 2 3 4 5 6 7 8 9 10 11 12 13 14 15 16 17 18 19 20 21 22 23 24 25 26 27 28 29 30
# yrs_ind_length_in

# yrs_ind_age_in
 1 2 3 4 5 6 7 8 9 10 11 12 13 14 15 16 17 18 19 20 21 22 23 24 25 26 27 28 29 30
# n_sample_ind_length_in

# olc_ind_in

# oac_ind_in
 0.045 0.16 0.165 0.105 0.085 0.07 0.06 0.055 0.04 0.04 0.025 0.15
 0.07 0.12 0.145 0.11 0.105 0.13 0.04 0.085 0.025 0.035 0.01 0.125
 0.04 0.13 0.185 0.105 0.06 0.095 0.06 0.06 0.02 0.05 0.055 0.14
 0.085 0.13 0.145 0.125 0.1 0.045 0.095 0.03 0.06 0.045 0.04 0.1
 0.075 0.12 0.105 0.16 0.125 0.09 0.07 0.08 0.025 0.03 0.025 0.095
 0.095 0.17 0.165 0.095 0.105 0.075 0.06 0.055 0.035 0.025 0.03 0.09
 0.065 0.175 0.16 0.085 0.11 0.08 0.055 0.04 0.02 0.04 0.02 0.15
 0.1 0.15 0.23 0.12 0.08 0.045 0.08 0.025 0.025 0.025 0.03 0.09
 0.055 0.155 0.185 0.14 0.105 0.08 0.045 0.045 0.04 0.025 0.02 0.105
 0.07 0.125 0.16 0.13 0.16 0.065 0.04 0.035 0.06 0.025 0.015 0.115
 0.06 0.14 0.135 0.145 0.12 0.11 0.06 0.045 0.025 0.035 0.03 0.095
 0.1 0.18 0.165 0.115 0.11 0.09 0.09 0.03 0.015 0 0.025 0.08
 0.095 0.17 0.235 0.15 0.08 0.085 0.06 0.045 0.01 0.015 0.015 0.04
 0.06 0.16 0.205 0.125 0.13 0.035 0.09 0.035 0.025 0.02 0.025 0.09
 0.14 0.22 0.145 0.155 0.11 0.075 0.05 0.03 0.02 0.01 0.005 0.04
 0.055 0.28 0.145 0.14 0.12 0.075 0.035 0.03 0.045 0.015 0.005 0.055
 0.09 0.165 0.225 0.13 0.1 0.095 0.065 0.035 0.025 0.01 0.01 0.05
 0.05 0.2 0.17 0.195 0.1 0.07 0.025 0.03 0.055 0.02 0.02 0.065
 0.16 0.13 0.165 0.115 0.17 0.085 0.06 0.035 0.025 0.035 0.005 0.015
 0.04 0.27 0.14 0.19 0.085 0.115 0.035 0.04 0.015 0.03 0.005 0.035
 0.16 0.145 0.24 0.115 0.105 0.055 0.09 0.03 0.02 0.01 0.01 0.02
 0.145 0.265 0.18 0.135 0.1 0.035 0.03 0.04 0.015 0.01 0.015 0.03
 0.095 0.28 0.265 0.12 0.105 0.04 0.03 0.025 0.015 0.015 0 0.01
 0.105 0.205 0.345 0.155 0.05 0.07 0.025 0.015 0.005 0 0.01 0.015
 0.085 0.25 0.17 0.22 0.14 0.05 0.01 0.03 0.015 0.005 0.005 0.02
 0.13 0.195 0.285 0.115 0.125 0.08 0.035 0.005 0.005 0.01 0 0.015
 0.095 0.29 0.195 0.165 0.06 0.075 0.08 0.02 0.015 0 0.005 0
 0.125 0.31 0.21 0.12 0.1 0.04 0.045 0.025 0.01 0 0.01 0.005
 0.1 0.27 0.255 0.135 0.09 0.07 0.02 0.04 0.01 0 0 0.01
 0.08 0.26 0.215 0.135 0.08 0.08 0.07 0.015 0.03 0.02 0.01 0.005
# wt_ind
 1 1 1 1 1 1 1 1 1 1 1 1
 1 1 1 1 1 1 1 1 1 1 1 1
 1 1 1 1 1 1 1 1 1 1 1 1
 1 1 1 1 1 1 1 1 1 1 1 1
 1 1 1 1 1 1 1 1 1 1 1 1
 1 1 1 1 1 1 1 1 1 1 1 1
 1 1 1 1 1 1 1 1 1 1 1 1
 1 1 1 1 1 1 1 1 1 1 1 1
 1 1 1 1 1 1 1 1 1 1 1 1
 1 1 1 1 1 1 1 1 1 1 1 1
 1 1 1 1 1 1 1 1 1 1 1 1
 1 1 1 1 1 1 1 1 1 1 1 1
 1 1 1 1 1 1 1 1 1 1 1 1
 1 1 1 1 1 1 1 1 1 1 1 1
 1 1 1 1 1 1 1 1 1 1 1 1
 1 1 1 1 1 1 1 1 1 1 1 1
 1 1 1 1 1 1 1 1 1 1 1 1
 1 1 1 1 1 1 1 1 1 1 1 1
 1 1 1 1 1 1 1 1 1 1 1 1
 1 1 1 1 1 1 1 1 1 1 1 1
 1 1 1 1 1 1 1 1 1 1 1 1
 1 1 1 1 1 1 1 1 1 1 1 1
 1 1 1 1 1 1 1 1 1 1 1 1
 1 1 1 1 1 1 1 1 1 1 1 1
 1 1 1 1 1 1 1 1 1 1 1 1
 1 1 1 1 1 1 1 1 1 1 1 1
 1 1 1 1 1 1 1 1 1 1 1 1
 1 1 1 1 1 1 1 1 1 1 1 1
 1 1 1 1 1 1 1 1 1 1 1 1
 1 1 1 1 1 1 1 1 1 1 1 1
# wt_pop
 0.000530656 0.00119633 0.00205827 0.00303499 0.00405521 0.0050647 0.00602623 0.00691692 0.00772489 0.00844611 0.00908185 0.0096367
# maturity
 0.0229774 0.320821 0.904651 0.99478 0.999739 0.999987 0.999999 1 1 1 1 1
# spawnmo
1
# age_err
 1 0 0 0 0 0 0 0 0 0 0 0
 0 1 0 0 0 0 0 0 0 0 0 0
 0 0 1 0 0 0 0 0 0 0 0 0
 0 0 0 1 0 0 0 0 0 0 0 0
 0 0 0 0 1 0 0 0 0 0 0 0
 0 0 0 0 0 1 0 0 0 0 0 0
 0 0 0 0 0 0 1 0 0 0 0 0
 0 0 0 0 0 0 0 1 0 0 0 0
 0 0 0 0 0 0 0 0 1 0 0 0
 0 0 0 0 0 0 0 0 0 1 0 0
 0 0 0 0 0 0 0 0 0 0 1 0
 0 0 0 0 0 0 0 0 0 0 0 1
# cntrlfile_name
C:\Users\bai.li\DOCUME~1\Github\AGE_ST~1\ASSAMC\example\output\AMAK\s47\amak.dat
# Map shared selectivity: 
# sel_map
 1 2
 1 1
# datafile_name
amak_data.dat
# model_name
AMAK_MCP
# SrType
2
# use_age_err
0
# retro
0
# sigmarprior
0.2
# cvsigmarprior
0.25
# phase_sigmar
-3
# styr_rec_est
1
# endyr_rec_est
30
# Linfprior
80
# cvLinfprior
0.25
# kprior
0.18
# cvkprior
0.25
# Loprior
27.688
# cvLoprior
0.25
# sdageprior
0.1
# cvsdageprior
0.25
# natmortprior
0.2
# cvnatmortprior
0.25
# phase_M
-4
# npars_Mage
0
# ages_M_changes

# Mage_in

# Mage_offset_in

# phase_Mage
-5
# phase_rw_M
0
# npars_rw_M
0
# yrs_rw_M

# sigma_rw_M

# qprior
 3.48998e-007
# cvqprior
 1
# phase_q
 1
# q_power_prior
 1
# cvq_power_prior
 0.2
# phase_q_power
 -4
# phase_rw_q
 -1
# npars_rw_q
 0
# yrs_rw_q

# sigma_rw_q

# q_age_min
 1
# q_age_max
 12
# q_age_min
 1
# q_age_max
 12
# fsh_sel_opt(k)
2
# phase_sel_fsh(k)
2
# n_sel_ch_fsh(k)
1
# sel_slp_in_fsh(k)(1,n_sel_ch_fsh(k))
 1
# sel_inf_in_fsh(k)(1,n_sel_ch_fsh(k))
 2
# logsel_slp_in_fsh(k)(1,n_sel_ch_fsh(k))
 0
# yrs_sel_ch_fsh(k)(1,n_sel_ch_fsh(k))
 1

Survey SURVEY1
# ind_sel_opt(k)
2
# indname(k)
SURVEY1
# nselages_in_ind(k)
11
# phase_sel_ind(k)
2
# sel_change_in_ind(k)
 1 0 0 0 0 0 0 0 0 0 0 0 0 0 0 0 0 0 0 0 0 0 0 0 0 0 0 0 0 0
# n_sel_ch_ind(k)
1
# yrs_sel_ch_ind(k)(1,n_sel_ch_ind(k))
 1
# sel_slp_in_ind(k,1)
2
# sel_inf_in_ind(k,1)
1.5
# logsel_slp_in_ind(k,1)
0.693147
# logsel_slp_in_indv(k)
0.693147
SURVEY1 ind sel opt 2  1 0 0 0 0 0 0 0 0 0 0 0 0 0 0 0 0 0 0 0 0 0 0 0 0 0 0 0 0 0
Phase indices Sel_Coffs:  -1
 Test: 1.23457e+008
# Fshry Selages:  11
# Srvy  Selages:  11
# Phase for age-spec fishery  -1
# Phase for logistic fishery  2
# Phase for dble logistic fishery  -1
# Phase for age-spec indices   -1
# Phase for logistic indices   2
# Phase for dble logistic ind  -1
# Curv_pen_fsh: 
 0
# Curv_pen_ind: 
 0
# styr_fut
31
# endyr_fut
35
# nyrs_fsh_age
 30
# nyrs_fsh_age
 30
# yrs_fsh_age
 1 2 3 4 5 6 7 8 9 10 11 12 13 14 15 16 17 18 19 20 21 22 23 24 25 26 27 28 29 30
# n_sample_fsh_age
 200 200 200 200 200 200 200 200 200 200 200 200 200 200 200 200 200 200 200 200 200 200 200 200 200 200 200 200 200 200
# oac_fsh
 0.055 0.115 0.1 0.14 0.12 0.115 0.05 0.07 0.05 0.03 0.035 0.12
 0.055 0.09 0.12 0.135 0.09 0.075 0.08 0.07 0.04 0.03 0.045 0.17
 0.06 0.14 0.1 0.125 0.11 0.08 0.095 0.07 0.045 0.035 0.02 0.12
 0.035 0.1 0.13 0.13 0.115 0.11 0.09 0.06 0.045 0.02 0.03 0.135
 0.045 0.12 0.105 0.16 0.115 0.11 0.08 0.065 0.06 0.04 0.015 0.085
 0.125 0.11 0.11 0.115 0.12 0.055 0.065 0.06 0.04 0.035 0.025 0.14
 0.1 0.175 0.065 0.09 0.07 0.1 0.085 0.02 0.07 0.025 0.065 0.135
 0.06 0.14 0.21 0.125 0.11 0.03 0.06 0.02 0.02 0.02 0.05 0.155
 0.065 0.15 0.125 0.195 0.1 0.075 0.035 0.04 0.025 0.035 0.03 0.125
 0.065 0.115 0.15 0.155 0.145 0.075 0.055 0.035 0.045 0.04 0.02 0.1
 0.1 0.155 0.115 0.13 0.105 0.095 0.1 0.015 0.04 0.025 0.025 0.095
 0.085 0.175 0.14 0.12 0.1 0.09 0.065 0.055 0.02 0.015 0.035 0.1
 0.09 0.16 0.175 0.13 0.105 0.12 0.065 0.045 0.03 0.015 0.01 0.055
 0.08 0.13 0.155 0.145 0.115 0.09 0.065 0.05 0.065 0.035 0.02 0.05
 0.145 0.16 0.14 0.155 0.115 0.065 0.04 0.055 0.05 0.02 0.01 0.045
 0.055 0.21 0.2 0.115 0.115 0.105 0.04 0.04 0.035 0.015 0.025 0.045
 0.09 0.095 0.22 0.145 0.09 0.09 0.07 0.055 0.04 0.005 0.02 0.08
 0.075 0.155 0.135 0.205 0.1 0.06 0.06 0.09 0.055 0.01 0.005 0.05
 0.12 0.14 0.19 0.125 0.14 0.08 0.025 0.065 0.015 0.05 0.02 0.03
 0.135 0.18 0.135 0.165 0.105 0.09 0.05 0.025 0.02 0.03 0.02 0.045
 0.19 0.12 0.2 0.095 0.06 0.065 0.065 0.075 0.03 0.025 0.025 0.05
 0.22 0.21 0.12 0.135 0.085 0.09 0.05 0.03 0.015 0.01 0.01 0.025
 0.13 0.25 0.22 0.09 0.13 0.05 0.035 0.02 0.03 0.01 0.005 0.03
 0.15 0.13 0.335 0.17 0.07 0.035 0.025 0 0.025 0.03 0.005 0.025
 0.17 0.25 0.13 0.175 0.095 0.045 0.065 0.015 0.015 0.015 0.015 0.01
 0.15 0.24 0.22 0.11 0.145 0.055 0.035 0.005 0.015 0.02 0 0.005
 0.15 0.21 0.225 0.18 0.085 0.07 0.05 0.01 0.005 0.005 0.01 0
 0.21 0.175 0.19 0.145 0.12 0.075 0.035 0.03 0 0.01 0.01 0
 0.16 0.24 0.195 0.115 0.11 0.075 0.025 0.04 0.02 0.005 0.01 0.005
 0.18 0.2 0.175 0.2 0.115 0.075 0.03 0.005 0.015 0 0.005 0
# olc_fsh

# wt_fsh
 0.000530656 0.00119633 0.00205827 0.00303499 0.00405521 0.0050647 0.00602623 0.00691692 0.00772489 0.00844611 0.00908185 0.0096367
 0.000530656 0.00119633 0.00205827 0.00303499 0.00405521 0.0050647 0.00602623 0.00691692 0.00772489 0.00844611 0.00908185 0.0096367
 0.000530656 0.00119633 0.00205827 0.00303499 0.00405521 0.0050647 0.00602623 0.00691692 0.00772489 0.00844611 0.00908185 0.0096367
 0.000530656 0.00119633 0.00205827 0.00303499 0.00405521 0.0050647 0.00602623 0.00691692 0.00772489 0.00844611 0.00908185 0.0096367
 0.000530656 0.00119633 0.00205827 0.00303499 0.00405521 0.0050647 0.00602623 0.00691692 0.00772489 0.00844611 0.00908185 0.0096367
 0.000530656 0.00119633 0.00205827 0.00303499 0.00405521 0.0050647 0.00602623 0.00691692 0.00772489 0.00844611 0.00908185 0.0096367
 0.000530656 0.00119633 0.00205827 0.00303499 0.00405521 0.0050647 0.00602623 0.00691692 0.00772489 0.00844611 0.00908185 0.0096367
 0.000530656 0.00119633 0.00205827 0.00303499 0.00405521 0.0050647 0.00602623 0.00691692 0.00772489 0.00844611 0.00908185 0.0096367
 0.000530656 0.00119633 0.00205827 0.00303499 0.00405521 0.0050647 0.00602623 0.00691692 0.00772489 0.00844611 0.00908185 0.0096367
 0.000530656 0.00119633 0.00205827 0.00303499 0.00405521 0.0050647 0.00602623 0.00691692 0.00772489 0.00844611 0.00908185 0.0096367
 0.000530656 0.00119633 0.00205827 0.00303499 0.00405521 0.0050647 0.00602623 0.00691692 0.00772489 0.00844611 0.00908185 0.0096367
 0.000530656 0.00119633 0.00205827 0.00303499 0.00405521 0.0050647 0.00602623 0.00691692 0.00772489 0.00844611 0.00908185 0.0096367
 0.000530656 0.00119633 0.00205827 0.00303499 0.00405521 0.0050647 0.00602623 0.00691692 0.00772489 0.00844611 0.00908185 0.0096367
 0.000530656 0.00119633 0.00205827 0.00303499 0.00405521 0.0050647 0.00602623 0.00691692 0.00772489 0.00844611 0.00908185 0.0096367
 0.000530656 0.00119633 0.00205827 0.00303499 0.00405521 0.0050647 0.00602623 0.00691692 0.00772489 0.00844611 0.00908185 0.0096367
 0.000530656 0.00119633 0.00205827 0.00303499 0.00405521 0.0050647 0.00602623 0.00691692 0.00772489 0.00844611 0.00908185 0.0096367
 0.000530656 0.00119633 0.00205827 0.00303499 0.00405521 0.0050647 0.00602623 0.00691692 0.00772489 0.00844611 0.00908185 0.0096367
 0.000530656 0.00119633 0.00205827 0.00303499 0.00405521 0.0050647 0.00602623 0.00691692 0.00772489 0.00844611 0.00908185 0.0096367
 0.000530656 0.00119633 0.00205827 0.00303499 0.00405521 0.0050647 0.00602623 0.00691692 0.00772489 0.00844611 0.00908185 0.0096367
 0.000530656 0.00119633 0.00205827 0.00303499 0.00405521 0.0050647 0.00602623 0.00691692 0.00772489 0.00844611 0.00908185 0.0096367
 0.000530656 0.00119633 0.00205827 0.00303499 0.00405521 0.0050647 0.00602623 0.00691692 0.00772489 0.00844611 0.00908185 0.0096367
 0.000530656 0.00119633 0.00205827 0.00303499 0.00405521 0.0050647 0.00602623 0.00691692 0.00772489 0.00844611 0.00908185 0.0096367
 0.000530656 0.00119633 0.00205827 0.00303499 0.00405521 0.0050647 0.00602623 0.00691692 0.00772489 0.00844611 0.00908185 0.0096367
 0.000530656 0.00119633 0.00205827 0.00303499 0.00405521 0.0050647 0.00602623 0.00691692 0.00772489 0.00844611 0.00908185 0.0096367
 0.000530656 0.00119633 0.00205827 0.00303499 0.00405521 0.0050647 0.00602623 0.00691692 0.00772489 0.00844611 0.00908185 0.0096367
 0.000530656 0.00119633 0.00205827 0.00303499 0.00405521 0.0050647 0.00602623 0.00691692 0.00772489 0.00844611 0.00908185 0.0096367
 0.000530656 0.00119633 0.00205827 0.00303499 0.00405521 0.0050647 0.00602623 0.00691692 0.00772489 0.00844611 0.00908185 0.0096367
 0.000530656 0.00119633 0.00205827 0.00303499 0.00405521 0.0050647 0.00602623 0.00691692 0.00772489 0.00844611 0.00908185 0.0096367
 0.000530656 0.00119633 0.00205827 0.00303499 0.00405521 0.0050647 0.00602623 0.00691692 0.00772489 0.00844611 0.00908185 0.0096367
 0.000530656 0.00119633 0.00205827 0.00303499 0.00405521 0.0050647 0.00602623 0.00691692 0.00772489 0.00844611 0.00908185 0.0096367
# nyrs_ind_age
 30
# yrs_ind_age
 1 2 3 4 5 6 7 8 9 10 11 12 13 14 15 16 17 18 19 20 21 22 23 24 25 26 27 28 29 30
# n_sample_ind_age
 200 200 200 200 200 200 200 200 200 200 200 200 200 200 200 200 200 200 200 200 200 200 200 200 200 200 200 200 200 200
# oac_ind
 0.045 0.16 0.165 0.105 0.085 0.07 0.06 0.055 0.04 0.04 0.025 0.15
 0.07 0.12 0.145 0.11 0.105 0.13 0.04 0.085 0.025 0.035 0.01 0.125
 0.04 0.13 0.185 0.105 0.06 0.095 0.06 0.06 0.02 0.05 0.055 0.14
 0.085 0.13 0.145 0.125 0.1 0.045 0.095 0.03 0.06 0.045 0.04 0.1
 0.075 0.12 0.105 0.16 0.125 0.09 0.07 0.08 0.025 0.03 0.025 0.095
 0.095 0.17 0.165 0.095 0.105 0.075 0.06 0.055 0.035 0.025 0.03 0.09
 0.065 0.175 0.16 0.085 0.11 0.08 0.055 0.04 0.02 0.04 0.02 0.15
 0.1 0.15 0.23 0.12 0.08 0.045 0.08 0.025 0.025 0.025 0.03 0.09
 0.055 0.155 0.185 0.14 0.105 0.08 0.045 0.045 0.04 0.025 0.02 0.105
 0.07 0.125 0.16 0.13 0.16 0.065 0.04 0.035 0.06 0.025 0.015 0.115
 0.06 0.14 0.135 0.145 0.12 0.11 0.06 0.045 0.025 0.035 0.03 0.095
 0.1 0.18 0.165 0.115 0.11 0.09 0.09 0.03 0.015 0 0.025 0.08
 0.095 0.17 0.235 0.15 0.08 0.085 0.06 0.045 0.01 0.015 0.015 0.04
 0.06 0.16 0.205 0.125 0.13 0.035 0.09 0.035 0.025 0.02 0.025 0.09
 0.14 0.22 0.145 0.155 0.11 0.075 0.05 0.03 0.02 0.01 0.005 0.04
 0.055 0.28 0.145 0.14 0.12 0.075 0.035 0.03 0.045 0.015 0.005 0.055
 0.09 0.165 0.225 0.13 0.1 0.095 0.065 0.035 0.025 0.01 0.01 0.05
 0.05 0.2 0.17 0.195 0.1 0.07 0.025 0.03 0.055 0.02 0.02 0.065
 0.16 0.13 0.165 0.115 0.17 0.085 0.06 0.035 0.025 0.035 0.005 0.015
 0.04 0.27 0.14 0.19 0.085 0.115 0.035 0.04 0.015 0.03 0.005 0.035
 0.16 0.145 0.24 0.115 0.105 0.055 0.09 0.03 0.02 0.01 0.01 0.02
 0.145 0.265 0.18 0.135 0.1 0.035 0.03 0.04 0.015 0.01 0.015 0.03
 0.095 0.28 0.265 0.12 0.105 0.04 0.03 0.025 0.015 0.015 0 0.01
 0.105 0.205 0.345 0.155 0.05 0.07 0.025 0.015 0.005 0 0.01 0.015
 0.085 0.25 0.17 0.22 0.14 0.05 0.01 0.03 0.015 0.005 0.005 0.02
 0.13 0.195 0.285 0.115 0.125 0.08 0.035 0.005 0.005 0.01 0 0.015
 0.095 0.29 0.195 0.165 0.06 0.075 0.08 0.02 0.015 0 0.005 0
 0.125 0.31 0.21 0.12 0.1 0.04 0.045 0.025 0.01 0 0.01 0.005
 0.1 0.27 0.255 0.135 0.09 0.07 0.02 0.04 0.01 0 0 0.01
 0.08 0.26 0.215 0.135 0.08 0.08 0.07 0.015 0.03 0.02 0.01 0.005
# olc_ind

# obs_lse_ind
 0.198042 0.198042 0.198042 0.198042 0.198042 0.198042 0.198042 0.198042 0.198042 0.198042 0.198042 0.198042 0.198042 0.198042 0.198042 0.198042 0.198042 0.198042 0.198042 0.198042 0.198042 0.198042 0.198042 0.198042 0.198042 0.198042 0.198042 0.198042 0.198042 0.198042
# xages_fsh
 0 0 0 0 0 0 0 0 0 0 0 0
# xages_fsh
 0 0.0909091 0.181818 0.272727 0.363636 0.454545 0.545455 0.636364 0.727273 0.818182 0.909091 1
# xnodes_fsh

Yrs fsh_sel change:  1 0 0 0 0 0 0 0 0 0 0 0 0 0 0 0 0 0 0 0 0 0 0 0 0 0 0 0 0
Yrs ind_sel change:  1 0 0 0 0 0 0 0 0 0 0 0 0 0 0 0 0 0 0 0 0 0 0 0 0 0 0 0 0
# steepnessprior
0.75
# sigmarprior
0.2
#  SSB estimated in styr endyr: -13 28 
#  Rec estimated in styr endyr: -11 30 
#  SR Curve fit  in styr endyr: 1 30 
#             Model styr endyr: 1 30 
# qprior
 3.48998e-007
# q_power_prior 
 1 
# cv_catchbiomass 
0.05 
# CatchbiomassPen 
200 
# Number of projection years 
5 
# offset_fsh
 13421.8
# offset_ind
 13098.8
Mean Catch
1220.1
R_guess 
15.3668
# nfsh
1
# n_sel_ch_fsh
 1
# nselages_fsh
 11
# phase_selcoff_fsh
 -1
logRzero 15.3668
logmeanrec 15.3668
exp(log_sigmarprior 0.2
Fish sel phase: -1 FLEET1
Fixing fishery sel to
1
Srvy sel phase: -1
Fixing SURVEY1 indices sel to
1
# logsel_slp_in_indv
 0.693147
Leaving parameter init secton
# M
 0.2 0.2 0.2 0.2 0.2 0.2 0.2 0.2 0.2 0.2 0.2 0.2
 0.2 0.2 0.2 0.2 0.2 0.2 0.2 0.2 0.2 0.2 0.2 0.2
 0.2 0.2 0.2 0.2 0.2 0.2 0.2 0.2 0.2 0.2 0.2 0.2
 0.2 0.2 0.2 0.2 0.2 0.2 0.2 0.2 0.2 0.2 0.2 0.2
 0.2 0.2 0.2 0.2 0.2 0.2 0.2 0.2 0.2 0.2 0.2 0.2
 0.2 0.2 0.2 0.2 0.2 0.2 0.2 0.2 0.2 0.2 0.2 0.2
 0.2 0.2 0.2 0.2 0.2 0.2 0.2 0.2 0.2 0.2 0.2 0.2
 0.2 0.2 0.2 0.2 0.2 0.2 0.2 0.2 0.2 0.2 0.2 0.2
 0.2 0.2 0.2 0.2 0.2 0.2 0.2 0.2 0.2 0.2 0.2 0.2
 0.2 0.2 0.2 0.2 0.2 0.2 0.2 0.2 0.2 0.2 0.2 0.2
 0.2 0.2 0.2 0.2 0.2 0.2 0.2 0.2 0.2 0.2 0.2 0.2
 0.2 0.2 0.2 0.2 0.2 0.2 0.2 0.2 0.2 0.2 0.2 0.2
 0.2 0.2 0.2 0.2 0.2 0.2 0.2 0.2 0.2 0.2 0.2 0.2
 0.2 0.2 0.2 0.2 0.2 0.2 0.2 0.2 0.2 0.2 0.2 0.2
 0.2 0.2 0.2 0.2 0.2 0.2 0.2 0.2 0.2 0.2 0.2 0.2
 0.2 0.2 0.2 0.2 0.2 0.2 0.2 0.2 0.2 0.2 0.2 0.2
 0.2 0.2 0.2 0.2 0.2 0.2 0.2 0.2 0.2 0.2 0.2 0.2
 0.2 0.2 0.2 0.2 0.2 0.2 0.2 0.2 0.2 0.2 0.2 0.2
 0.2 0.2 0.2 0.2 0.2 0.2 0.2 0.2 0.2 0.2 0.2 0.2
 0.2 0.2 0.2 0.2 0.2 0.2 0.2 0.2 0.2 0.2 0.2 0.2
 0.2 0.2 0.2 0.2 0.2 0.2 0.2 0.2 0.2 0.2 0.2 0.2
 0.2 0.2 0.2 0.2 0.2 0.2 0.2 0.2 0.2 0.2 0.2 0.2
 0.2 0.2 0.2 0.2 0.2 0.2 0.2 0.2 0.2 0.2 0.2 0.2
 0.2 0.2 0.2 0.2 0.2 0.2 0.2 0.2 0.2 0.2 0.2 0.2
 0.2 0.2 0.2 0.2 0.2 0.2 0.2 0.2 0.2 0.2 0.2 0.2
 0.2 0.2 0.2 0.2 0.2 0.2 0.2 0.2 0.2 0.2 0.2 0.2
 0.2 0.2 0.2 0.2 0.2 0.2 0.2 0.2 0.2 0.2 0.2 0.2
 0.2 0.2 0.2 0.2 0.2 0.2 0.2 0.2 0.2 0.2 0.2 0.2
 0.2 0.2 0.2 0.2 0.2 0.2 0.2 0.2 0.2 0.2 0.2 0.2
 0.2 0.2 0.2 0.2 0.2 0.2 0.2 0.2 0.2 0.2 0.2 0.2
# mean_log_rec
13.7292
# log_Rzero
13.7531
# rec_dev
 -0.0405828 -0.0491404 -0.0396915 -0.0867029 -0.0278771 -0.00227327 -0.0467926 0.0652619 0.0767716 0.110717 0.0131094 0.0213196 0.00492567 0.146263 -0.195062 -0.0887064 0.00827401 0.345753 0.103178 0.0843057 -0.170528 0.0129488 0.0996912 0.0371334 -0.145153 -0.0358723 0.254847 -0.305884 -0.173056 -0.459276 -0.113313 -0.454958 0.0713582 0.209817 -0.363819 -0.0253791 -0.173615 -0.178463 -0.141058 -0.143524 -0.263112 -0.318782
# fmort
 0.00958362 0.0277145 0.0459706 0.0620495 0.0494255 0.0896919 0.0893776 0.191209 0.109839 0.13375 0.151178 0.162403 0.116519 0.169699 0.182179 0.160883 0.315671 0.26092 0.255995 0.2501 0.346918 0.2513 0.41152 0.341068 0.339033 0.31549 0.310832 0.437745 0.34211 0.535424
# rec_dev_future
 0 0 0 0 0
