AMAK;Mar 2020
# styr
1
# endyr
30
# rec_age
1
# oldest_age
12
# nlength
81
# len_bins
 10 11 12 13 14 15 16 17 18 19 20 21 22 23 24 25 26 27 28 29 30 31 32 33 34 35 36 37 38 39 40 41 42 43 44 45 46 47 48 49 50 51 52 53 54 55 56 57 58 59 60 61 62 63 64 65 66 67 68 69 70 71 72 73 74 75 76 77 78 79 80 81 82 83 84 85 86 87 88 89 90
# datafile_name
amak_data.dat
# model_name
AMAK_MCP
# styr
1
# endyr
30
# rec_age
1
# oldest_age
12
# nfsh
1
# fshname
FLEET1
# catch_bio_in
 161.595 466.413 737.364 962.156 727.796 1251.77 1176.23 2219.13 1189.94 1378.2 1487.69 1541.24 1054.6 1464.4 1424.76 1201.19 2096.6 1516.45 1402.79 1336.95 1749.33 1204.03 1840.33 1339.31 1246.08 1083.14 1039.67 1347.3 939.413 1290.39
# catch_bio_sd_in
 0.01 0.01 0.01 0.01 0.01 0.01 0.01 0.01 0.01 0.01 0.01 0.01 0.01 0.01 0.01 0.01 0.01 0.01 0.01 0.01 0.01 0.01 0.01 0.01 0.01 0.01 0.01 0.01 0.01 0.01
# nyrs_fsh_age
 30
# nyrs_fsh_length
 0
# yrs_fsh_age_in
 1 2 3 4 5 6 7 8 9 10 11 12 13 14 15 16 17 18 19 20 21 22 23 24 25 26 27 28 29 30
# yrs_fsh_length_in

# n_sample_fsh_length_in

# olc_fsh_in

# nind
1
# indname
SURVEY1
# nyrs_ind
 30
# yrs_ind_in
 1 2 3 4 5 6 7 8 9 10 11 12 13 14 15 16 17 18 19 20 21 22 23 24 25 26 27 28 29 30
# mo_ind
 1
# obs_ind_in
 1.41268 1.60161 1.73762 1.59773 1.17287 1.38472 1.24612 1.06219 1.31073 1.1323 1.29561 1.07399 1.06309 0.929887 0.985232 0.969392 0.98148 1.04153 0.806855 0.857767 0.853788 0.736791 0.77762 0.746938 0.687501 0.508242 0.548903 0.545898 0.422168 0.57718
# obs_se_ind_in
 0.282537 0.320321 0.347525 0.319545 0.234575 0.276945 0.249224 0.212437 0.262146 0.22646 0.259121 0.214799 0.212618 0.185977 0.197046 0.193878 0.196296 0.208306 0.161371 0.171553 0.170758 0.147358 0.155524 0.149388 0.1375 0.101648 0.109781 0.10918 0.0844336 0.115436
# nyrs_ind_age
 30
# nyrs_ind_length
 0
# yrs_ind_age_in
 1 2 3 4 5 6 7 8 9 10 11 12 13 14 15 16 17 18 19 20 21 22 23 24 25 26 27 28 29 30
# yrs_ind_length_in

# yrs_ind_age_in
 1 2 3 4 5 6 7 8 9 10 11 12 13 14 15 16 17 18 19 20 21 22 23 24 25 26 27 28 29 30
# n_sample_ind_length_in

# olc_ind_in

# oac_ind_in
 0.085 0.12 0.165 0.1 0.115 0.06 0.07 0.05 0.07 0.03 0.015 0.12
 0.055 0.15 0.145 0.135 0.11 0.07 0.075 0.035 0.05 0.03 0.03 0.115
 0.045 0.125 0.15 0.1 0.115 0.115 0.06 0.065 0.025 0.03 0.04 0.13
 0.07 0.145 0.13 0.135 0.075 0.125 0.045 0.035 0.045 0.035 0.025 0.135
 0.04 0.135 0.185 0.11 0.1 0.115 0.06 0.05 0.055 0.025 0.025 0.1
 0.1 0.1 0.085 0.135 0.085 0.08 0.065 0.08 0.045 0.035 0.04 0.15
 0.105 0.165 0.115 0.105 0.06 0.085 0.1 0.04 0.07 0.03 0.02 0.105
 0.065 0.16 0.2 0.055 0.085 0.095 0.055 0.055 0.025 0.055 0.04 0.11
 0.14 0.115 0.17 0.165 0.05 0.075 0.05 0.03 0.05 0.04 0.015 0.1
 0.07 0.23 0.125 0.125 0.115 0.08 0.05 0.015 0.04 0.05 0.015 0.085
 0.05 0.195 0.23 0.115 0.11 0.09 0.03 0.03 0.005 0.025 0.015 0.105
 0.065 0.155 0.24 0.17 0.07 0.075 0.06 0.02 0.025 0.015 0.015 0.09
 0.08 0.12 0.18 0.175 0.12 0.075 0.05 0.045 0.04 0.01 0.01 0.095
 0.07 0.14 0.17 0.15 0.155 0.095 0.02 0.055 0.045 0.025 0.01 0.065
 0.1 0.165 0.175 0.08 0.105 0.105 0.095 0.045 0.03 0.03 0.005 0.065
 0.085 0.19 0.195 0.1 0.095 0.06 0.08 0.06 0.02 0.03 0.035 0.05
 0.09 0.195 0.125 0.2 0.1 0.085 0.04 0.07 0.04 0.015 0.01 0.03
 0.145 0.255 0.14 0.09 0.115 0.085 0.04 0.015 0.02 0.01 0.01 0.075
 0.09 0.28 0.24 0.105 0.085 0.07 0.015 0.015 0.04 0.035 0 0.025
 0.135 0.235 0.27 0.1 0.105 0.035 0.065 0.01 0.01 0 0.015 0.02
 0.13 0.3 0.16 0.18 0.105 0.055 0.01 0.02 0.01 0.01 0 0.02
 0.085 0.275 0.305 0.175 0.065 0.035 0.025 0.025 0 0 0.005 0.005
 0.105 0.19 0.235 0.17 0.09 0.07 0.04 0.02 0.01 0.015 0.015 0.04
 0.105 0.255 0.195 0.175 0.12 0.05 0.03 0.025 0.015 0.015 0 0.015
 0.08 0.23 0.3 0.115 0.09 0.055 0.05 0.04 0.01 0 0.005 0.025
 0.115 0.27 0.225 0.125 0.085 0.055 0.055 0.035 0.025 0.005 0 0.005
 0.07 0.24 0.215 0.23 0.11 0.035 0.045 0.015 0.02 0.005 0.005 0.01
 0.065 0.17 0.255 0.195 0.1 0.09 0.015 0.02 0.035 0.035 0.01 0.01
 0.095 0.28 0.175 0.16 0.095 0.08 0.035 0.02 0.02 0.025 0.005 0.01
 0.175 0.2 0.26 0.1 0.11 0.065 0.055 0.01 0.015 0 0 0.01
# wt_ind
 1 1 1 1 1 1 1 1 1 1 1 1
 1 1 1 1 1 1 1 1 1 1 1 1
 1 1 1 1 1 1 1 1 1 1 1 1
 1 1 1 1 1 1 1 1 1 1 1 1
 1 1 1 1 1 1 1 1 1 1 1 1
 1 1 1 1 1 1 1 1 1 1 1 1
 1 1 1 1 1 1 1 1 1 1 1 1
 1 1 1 1 1 1 1 1 1 1 1 1
 1 1 1 1 1 1 1 1 1 1 1 1
 1 1 1 1 1 1 1 1 1 1 1 1
 1 1 1 1 1 1 1 1 1 1 1 1
 1 1 1 1 1 1 1 1 1 1 1 1
 1 1 1 1 1 1 1 1 1 1 1 1
 1 1 1 1 1 1 1 1 1 1 1 1
 1 1 1 1 1 1 1 1 1 1 1 1
 1 1 1 1 1 1 1 1 1 1 1 1
 1 1 1 1 1 1 1 1 1 1 1 1
 1 1 1 1 1 1 1 1 1 1 1 1
 1 1 1 1 1 1 1 1 1 1 1 1
 1 1 1 1 1 1 1 1 1 1 1 1
 1 1 1 1 1 1 1 1 1 1 1 1
 1 1 1 1 1 1 1 1 1 1 1 1
 1 1 1 1 1 1 1 1 1 1 1 1
 1 1 1 1 1 1 1 1 1 1 1 1
 1 1 1 1 1 1 1 1 1 1 1 1
 1 1 1 1 1 1 1 1 1 1 1 1
 1 1 1 1 1 1 1 1 1 1 1 1
 1 1 1 1 1 1 1 1 1 1 1 1
 1 1 1 1 1 1 1 1 1 1 1 1
 1 1 1 1 1 1 1 1 1 1 1 1
# wt_pop
 0.000530656 0.00119633 0.00205827 0.00303499 0.00405521 0.0050647 0.00602623 0.00691692 0.00772489 0.00844611 0.00908185 0.0096367
# maturity
 0.0229774 0.320821 0.904651 0.99478 0.999739 0.999987 0.999999 1 1 1 1 1
# spawnmo
1
# age_err
 1 0 0 0 0 0 0 0 0 0 0 0
 0 1 0 0 0 0 0 0 0 0 0 0
 0 0 1 0 0 0 0 0 0 0 0 0
 0 0 0 1 0 0 0 0 0 0 0 0
 0 0 0 0 1 0 0 0 0 0 0 0
 0 0 0 0 0 1 0 0 0 0 0 0
 0 0 0 0 0 0 1 0 0 0 0 0
 0 0 0 0 0 0 0 1 0 0 0 0
 0 0 0 0 0 0 0 0 1 0 0 0
 0 0 0 0 0 0 0 0 0 1 0 0
 0 0 0 0 0 0 0 0 0 0 1 0
 0 0 0 0 0 0 0 0 0 0 0 1
# cntrlfile_name
C:\Users\bai.li\DOCUME~1\Github\AGE_ST~2\ASSAMC\example\C3\output\AMAK\s1\amak.dat
# Map shared selectivity: 
# sel_map
 1 2
 1 1
# datafile_name
amak_data.dat
# model_name
AMAK_MCP
# SrType
2
# use_age_err
0
# retro
0
# sigmarprior
0.2
# cvsigmarprior
0.25
# phase_sigmar
-3
# styr_rec_est
1
# endyr_rec_est
30
# Linfprior
80
# cvLinfprior
0.25
# kprior
0.18
# cvkprior
0.25
# Loprior
27.688
# cvLoprior
0.25
# sdageprior
0.1
# cvsdageprior
0.25
# natmortprior
0.2
# cvnatmortprior
0.25
# phase_M
-4
# npars_Mage
0
# ages_M_changes

# Mage_in

# Mage_offset_in

# phase_Mage
-5
# phase_rw_M
0
# npars_rw_M
0
# yrs_rw_M

# sigma_rw_M

# qprior
 3.48998e-007
# cvqprior
 1
# phase_q
 1
# q_power_prior
 1
# cvq_power_prior
 0.2
# phase_q_power
 -4
# phase_rw_q
 -1
# npars_rw_q
 0
# yrs_rw_q

# sigma_rw_q

# q_age_min
 1
# q_age_max
 12
# q_age_min
 1
# q_age_max
 12
# fsh_sel_opt(k)
2
# phase_sel_fsh(k)
2
# n_sel_ch_fsh(k)
1
# sel_slp_in_fsh(k)(1,n_sel_ch_fsh(k))
 1
# sel_inf_in_fsh(k)(1,n_sel_ch_fsh(k))
 2
# logsel_slp_in_fsh(k)(1,n_sel_ch_fsh(k))
 0
# yrs_sel_ch_fsh(k)(1,n_sel_ch_fsh(k))
 1

Survey SURVEY1
# ind_sel_opt(k)
2
# indname(k)
SURVEY1
# nselages_in_ind(k)
11
# phase_sel_ind(k)
2
# sel_change_in_ind(k)
 1 0 0 0 0 0 0 0 0 0 0 0 0 0 0 0 0 0 0 0 0 0 0 0 0 0 0 0 0 0
# n_sel_ch_ind(k)
1
# yrs_sel_ch_ind(k)(1,n_sel_ch_ind(k))
 1
# sel_slp_in_ind(k,1)
2
# sel_inf_in_ind(k,1)
1.5
# logsel_slp_in_ind(k,1)
0.693147
# logsel_slp_in_indv(k)
0.693147
SURVEY1 ind sel opt 2  1 0 0 0 0 0 0 0 0 0 0 0 0 0 0 0 0 0 0 0 0 0 0 0 0 0 0 0 0 0
Phase indices Sel_Coffs:  -1
 Test: 1.23457e+008
# Fshry Selages:  11
# Srvy  Selages:  11
# Phase for age-spec fishery  -1
# Phase for logistic fishery  2
# Phase for dble logistic fishery  -1
# Phase for age-spec indices   -1
# Phase for logistic indices   2
# Phase for dble logistic ind  -1
# Curv_pen_fsh: 
 0
# Curv_pen_ind: 
 0
# styr_fut
31
# endyr_fut
35
# nyrs_fsh_age
 30
# nyrs_fsh_age
 30
# yrs_fsh_age
 1 2 3 4 5 6 7 8 9 10 11 12 13 14 15 16 17 18 19 20 21 22 23 24 25 26 27 28 29 30
# n_sample_fsh_age
 200 200 200 200 200 200 200 200 200 200 200 200 200 200 200 200 200 200 200 200 200 200 200 200 200 200 200 200 200 200
# oac_fsh
 0.09 0.11 0.12 0.12 0.125 0.085 0.075 0.07 0.015 0.05 0.02 0.12
 0.065 0.075 0.12 0.15 0.085 0.105 0.07 0.055 0.045 0.05 0.015 0.165
 0.065 0.11 0.115 0.1 0.11 0.085 0.08 0.06 0.035 0.04 0.03 0.17
 0.09 0.1 0.11 0.09 0.105 0.12 0.075 0.05 0.03 0.025 0.045 0.16
 0.045 0.08 0.06 0.13 0.13 0.085 0.085 0.1 0.055 0.03 0.025 0.175
 0.07 0.07 0.105 0.12 0.13 0.105 0.09 0.085 0.06 0.02 0.025 0.12
 0.115 0.12 0.115 0.15 0.075 0.065 0.055 0.055 0.035 0.045 0.025 0.145
 0.055 0.145 0.15 0.14 0.105 0.095 0.095 0.03 0.04 0.035 0.03 0.08
 0.1 0.105 0.165 0.13 0.105 0.065 0.02 0.07 0.06 0.035 0.045 0.1
 0.105 0.135 0.17 0.115 0.105 0.065 0.075 0.035 0.025 0.035 0.03 0.105
 0.11 0.125 0.2 0.155 0.1 0.065 0.04 0.035 0.035 0.03 0.015 0.09
 0.085 0.12 0.185 0.22 0.095 0.07 0.05 0.05 0.03 0.01 0.01 0.075
 0.105 0.105 0.155 0.16 0.135 0.14 0.055 0.045 0.025 0.025 0 0.05
 0.14 0.105 0.18 0.14 0.14 0.125 0.015 0.045 0.025 0.015 0.01 0.06
 0.1 0.16 0.125 0.08 0.1 0.115 0.105 0.035 0.065 0.035 0.005 0.075
 0.105 0.125 0.175 0.12 0.1 0.105 0.065 0.045 0.035 0.03 0.025 0.07
 0.125 0.17 0.135 0.155 0.085 0.095 0.07 0.04 0.015 0.04 0.025 0.045
 0.1 0.19 0.19 0.105 0.125 0.065 0.025 0.065 0.03 0.04 0.015 0.05
 0.16 0.22 0.13 0.16 0.115 0.05 0.035 0.035 0.025 0.02 0.02 0.03
 0.13 0.185 0.265 0.14 0.08 0.045 0.04 0.035 0.005 0.02 0.03 0.025
 0.12 0.24 0.235 0.145 0.12 0.05 0.035 0.02 0.015 0.005 0 0.015
 0.08 0.255 0.185 0.16 0.13 0.05 0.025 0.025 0.03 0.015 0.025 0.02
 0.115 0.125 0.225 0.205 0.115 0.11 0.02 0.045 0.015 0.01 0.005 0.01
 0.14 0.215 0.17 0.14 0.125 0.105 0.045 0.03 0.01 0.01 0 0.01
 0.155 0.18 0.205 0.08 0.125 0.095 0.06 0.035 0.03 0.02 0.005 0.01
 0.14 0.18 0.265 0.145 0.1 0.05 0.06 0.025 0.025 0 0.005 0.005
 0.155 0.23 0.205 0.125 0.145 0.045 0.025 0.015 0.015 0.005 0.015 0.02
 0.15 0.175 0.225 0.15 0.1 0.08 0.025 0.03 0.015 0.015 0.015 0.02
 0.115 0.175 0.18 0.185 0.11 0.1 0.06 0.02 0.02 0.025 0.005 0.005
 0.26 0.135 0.145 0.14 0.135 0.06 0.055 0.025 0.015 0.005 0 0.025
# olc_fsh

# wt_fsh
 0.000530656 0.00119633 0.00205827 0.00303499 0.00405521 0.0050647 0.00602623 0.00691692 0.00772489 0.00844611 0.00908185 0.0096367
 0.000530656 0.00119633 0.00205827 0.00303499 0.00405521 0.0050647 0.00602623 0.00691692 0.00772489 0.00844611 0.00908185 0.0096367
 0.000530656 0.00119633 0.00205827 0.00303499 0.00405521 0.0050647 0.00602623 0.00691692 0.00772489 0.00844611 0.00908185 0.0096367
 0.000530656 0.00119633 0.00205827 0.00303499 0.00405521 0.0050647 0.00602623 0.00691692 0.00772489 0.00844611 0.00908185 0.0096367
 0.000530656 0.00119633 0.00205827 0.00303499 0.00405521 0.0050647 0.00602623 0.00691692 0.00772489 0.00844611 0.00908185 0.0096367
 0.000530656 0.00119633 0.00205827 0.00303499 0.00405521 0.0050647 0.00602623 0.00691692 0.00772489 0.00844611 0.00908185 0.0096367
 0.000530656 0.00119633 0.00205827 0.00303499 0.00405521 0.0050647 0.00602623 0.00691692 0.00772489 0.00844611 0.00908185 0.0096367
 0.000530656 0.00119633 0.00205827 0.00303499 0.00405521 0.0050647 0.00602623 0.00691692 0.00772489 0.00844611 0.00908185 0.0096367
 0.000530656 0.00119633 0.00205827 0.00303499 0.00405521 0.0050647 0.00602623 0.00691692 0.00772489 0.00844611 0.00908185 0.0096367
 0.000530656 0.00119633 0.00205827 0.00303499 0.00405521 0.0050647 0.00602623 0.00691692 0.00772489 0.00844611 0.00908185 0.0096367
 0.000530656 0.00119633 0.00205827 0.00303499 0.00405521 0.0050647 0.00602623 0.00691692 0.00772489 0.00844611 0.00908185 0.0096367
 0.000530656 0.00119633 0.00205827 0.00303499 0.00405521 0.0050647 0.00602623 0.00691692 0.00772489 0.00844611 0.00908185 0.0096367
 0.000530656 0.00119633 0.00205827 0.00303499 0.00405521 0.0050647 0.00602623 0.00691692 0.00772489 0.00844611 0.00908185 0.0096367
 0.000530656 0.00119633 0.00205827 0.00303499 0.00405521 0.0050647 0.00602623 0.00691692 0.00772489 0.00844611 0.00908185 0.0096367
 0.000530656 0.00119633 0.00205827 0.00303499 0.00405521 0.0050647 0.00602623 0.00691692 0.00772489 0.00844611 0.00908185 0.0096367
 0.000530656 0.00119633 0.00205827 0.00303499 0.00405521 0.0050647 0.00602623 0.00691692 0.00772489 0.00844611 0.00908185 0.0096367
 0.000530656 0.00119633 0.00205827 0.00303499 0.00405521 0.0050647 0.00602623 0.00691692 0.00772489 0.00844611 0.00908185 0.0096367
 0.000530656 0.00119633 0.00205827 0.00303499 0.00405521 0.0050647 0.00602623 0.00691692 0.00772489 0.00844611 0.00908185 0.0096367
 0.000530656 0.00119633 0.00205827 0.00303499 0.00405521 0.0050647 0.00602623 0.00691692 0.00772489 0.00844611 0.00908185 0.0096367
 0.000530656 0.00119633 0.00205827 0.00303499 0.00405521 0.0050647 0.00602623 0.00691692 0.00772489 0.00844611 0.00908185 0.0096367
 0.000530656 0.00119633 0.00205827 0.00303499 0.00405521 0.0050647 0.00602623 0.00691692 0.00772489 0.00844611 0.00908185 0.0096367
 0.000530656 0.00119633 0.00205827 0.00303499 0.00405521 0.0050647 0.00602623 0.00691692 0.00772489 0.00844611 0.00908185 0.0096367
 0.000530656 0.00119633 0.00205827 0.00303499 0.00405521 0.0050647 0.00602623 0.00691692 0.00772489 0.00844611 0.00908185 0.0096367
 0.000530656 0.00119633 0.00205827 0.00303499 0.00405521 0.0050647 0.00602623 0.00691692 0.00772489 0.00844611 0.00908185 0.0096367
 0.000530656 0.00119633 0.00205827 0.00303499 0.00405521 0.0050647 0.00602623 0.00691692 0.00772489 0.00844611 0.00908185 0.0096367
 0.000530656 0.00119633 0.00205827 0.00303499 0.00405521 0.0050647 0.00602623 0.00691692 0.00772489 0.00844611 0.00908185 0.0096367
 0.000530656 0.00119633 0.00205827 0.00303499 0.00405521 0.0050647 0.00602623 0.00691692 0.00772489 0.00844611 0.00908185 0.0096367
 0.000530656 0.00119633 0.00205827 0.00303499 0.00405521 0.0050647 0.00602623 0.00691692 0.00772489 0.00844611 0.00908185 0.0096367
 0.000530656 0.00119633 0.00205827 0.00303499 0.00405521 0.0050647 0.00602623 0.00691692 0.00772489 0.00844611 0.00908185 0.0096367
 0.000530656 0.00119633 0.00205827 0.00303499 0.00405521 0.0050647 0.00602623 0.00691692 0.00772489 0.00844611 0.00908185 0.0096367
# nyrs_ind_age
 30
# yrs_ind_age
 1 2 3 4 5 6 7 8 9 10 11 12 13 14 15 16 17 18 19 20 21 22 23 24 25 26 27 28 29 30
# n_sample_ind_age
 200 200 200 200 200 200 200 200 200 200 200 200 200 200 200 200 200 200 200 200 200 200 200 200 200 200 200 200 200 200
# oac_ind
 0.085 0.12 0.165 0.1 0.115 0.06 0.07 0.05 0.07 0.03 0.015 0.12
 0.055 0.15 0.145 0.135 0.11 0.07 0.075 0.035 0.05 0.03 0.03 0.115
 0.045 0.125 0.15 0.1 0.115 0.115 0.06 0.065 0.025 0.03 0.04 0.13
 0.07 0.145 0.13 0.135 0.075 0.125 0.045 0.035 0.045 0.035 0.025 0.135
 0.04 0.135 0.185 0.11 0.1 0.115 0.06 0.05 0.055 0.025 0.025 0.1
 0.1 0.1 0.085 0.135 0.085 0.08 0.065 0.08 0.045 0.035 0.04 0.15
 0.105 0.165 0.115 0.105 0.06 0.085 0.1 0.04 0.07 0.03 0.02 0.105
 0.065 0.16 0.2 0.055 0.085 0.095 0.055 0.055 0.025 0.055 0.04 0.11
 0.14 0.115 0.17 0.165 0.05 0.075 0.05 0.03 0.05 0.04 0.015 0.1
 0.07 0.23 0.125 0.125 0.115 0.08 0.05 0.015 0.04 0.05 0.015 0.085
 0.05 0.195 0.23 0.115 0.11 0.09 0.03 0.03 0.005 0.025 0.015 0.105
 0.065 0.155 0.24 0.17 0.07 0.075 0.06 0.02 0.025 0.015 0.015 0.09
 0.08 0.12 0.18 0.175 0.12 0.075 0.05 0.045 0.04 0.01 0.01 0.095
 0.07 0.14 0.17 0.15 0.155 0.095 0.02 0.055 0.045 0.025 0.01 0.065
 0.1 0.165 0.175 0.08 0.105 0.105 0.095 0.045 0.03 0.03 0.005 0.065
 0.085 0.19 0.195 0.1 0.095 0.06 0.08 0.06 0.02 0.03 0.035 0.05
 0.09 0.195 0.125 0.2 0.1 0.085 0.04 0.07 0.04 0.015 0.01 0.03
 0.145 0.255 0.14 0.09 0.115 0.085 0.04 0.015 0.02 0.01 0.01 0.075
 0.09 0.28 0.24 0.105 0.085 0.07 0.015 0.015 0.04 0.035 0 0.025
 0.135 0.235 0.27 0.1 0.105 0.035 0.065 0.01 0.01 0 0.015 0.02
 0.13 0.3 0.16 0.18 0.105 0.055 0.01 0.02 0.01 0.01 0 0.02
 0.085 0.275 0.305 0.175 0.065 0.035 0.025 0.025 0 0 0.005 0.005
 0.105 0.19 0.235 0.17 0.09 0.07 0.04 0.02 0.01 0.015 0.015 0.04
 0.105 0.255 0.195 0.175 0.12 0.05 0.03 0.025 0.015 0.015 0 0.015
 0.08 0.23 0.3 0.115 0.09 0.055 0.05 0.04 0.01 0 0.005 0.025
 0.115 0.27 0.225 0.125 0.085 0.055 0.055 0.035 0.025 0.005 0 0.005
 0.07 0.24 0.215 0.23 0.11 0.035 0.045 0.015 0.02 0.005 0.005 0.01
 0.065 0.17 0.255 0.195 0.1 0.09 0.015 0.02 0.035 0.035 0.01 0.01
 0.095 0.28 0.175 0.16 0.095 0.08 0.035 0.02 0.02 0.025 0.005 0.01
 0.175 0.2 0.26 0.1 0.11 0.065 0.055 0.01 0.015 0 0 0.01
# olc_ind

# obs_lse_ind
 0.198042 0.198042 0.198042 0.198042 0.198042 0.198042 0.198042 0.198042 0.198042 0.198042 0.198042 0.198042 0.198042 0.198042 0.198042 0.198042 0.198042 0.198042 0.198042 0.198042 0.198042 0.198042 0.198042 0.198042 0.198042 0.198042 0.198042 0.198042 0.198042 0.198042
# xages_fsh
 0 0 0 0 0 0 0 0 0 0 0 0
# xages_fsh
 0 0.0909091 0.181818 0.272727 0.363636 0.454545 0.545455 0.636364 0.727273 0.818182 0.909091 1
# xnodes_fsh

Yrs fsh_sel change:  1 0 0 0 0 0 0 0 0 0 0 0 0 0 0 0 0 0 0 0 0 0 0 0 0 0 0 0 0
Yrs ind_sel change:  1 0 0 0 0 0 0 0 0 0 0 0 0 0 0 0 0 0 0 0 0 0 0 0 0 0 0 0 0
# steepnessprior
0.75
# sigmarprior
0.2
#  SSB estimated in styr endyr: -13 28 
#  Rec estimated in styr endyr: -11 30 
#  SR Curve fit  in styr endyr: 1 30 
#             Model styr endyr: 1 30 
# qprior
 3.48998e-007
# q_power_prior 
 1 
# cv_catchbiomass 
0.05 
# CatchbiomassPen 
200 
# Number of projection years 
5 
# offset_fsh
 13459.6
# offset_ind
 13100.5
Mean Catch
1262.54
R_guess 
15.401
# nfsh
1
# n_sel_ch_fsh
 1
# nselages_fsh
 11
# phase_selcoff_fsh
 -1
logRzero 15.401
logmeanrec 15.401
exp(log_sigmarprior 0.2
Fish sel phase: -1 FLEET1
Fixing fishery sel to
1
Srvy sel phase: -1
Fixing SURVEY1 indices sel to
1
# logsel_slp_in_indv
 0.693147
Leaving parameter init secton
# M
 0.2 0.2 0.2 0.2 0.2 0.2 0.2 0.2 0.2 0.2 0.2 0.2
 0.2 0.2 0.2 0.2 0.2 0.2 0.2 0.2 0.2 0.2 0.2 0.2
 0.2 0.2 0.2 0.2 0.2 0.2 0.2 0.2 0.2 0.2 0.2 0.2
 0.2 0.2 0.2 0.2 0.2 0.2 0.2 0.2 0.2 0.2 0.2 0.2
 0.2 0.2 0.2 0.2 0.2 0.2 0.2 0.2 0.2 0.2 0.2 0.2
 0.2 0.2 0.2 0.2 0.2 0.2 0.2 0.2 0.2 0.2 0.2 0.2
 0.2 0.2 0.2 0.2 0.2 0.2 0.2 0.2 0.2 0.2 0.2 0.2
 0.2 0.2 0.2 0.2 0.2 0.2 0.2 0.2 0.2 0.2 0.2 0.2
 0.2 0.2 0.2 0.2 0.2 0.2 0.2 0.2 0.2 0.2 0.2 0.2
 0.2 0.2 0.2 0.2 0.2 0.2 0.2 0.2 0.2 0.2 0.2 0.2
 0.2 0.2 0.2 0.2 0.2 0.2 0.2 0.2 0.2 0.2 0.2 0.2
 0.2 0.2 0.2 0.2 0.2 0.2 0.2 0.2 0.2 0.2 0.2 0.2
 0.2 0.2 0.2 0.2 0.2 0.2 0.2 0.2 0.2 0.2 0.2 0.2
 0.2 0.2 0.2 0.2 0.2 0.2 0.2 0.2 0.2 0.2 0.2 0.2
 0.2 0.2 0.2 0.2 0.2 0.2 0.2 0.2 0.2 0.2 0.2 0.2
 0.2 0.2 0.2 0.2 0.2 0.2 0.2 0.2 0.2 0.2 0.2 0.2
 0.2 0.2 0.2 0.2 0.2 0.2 0.2 0.2 0.2 0.2 0.2 0.2
 0.2 0.2 0.2 0.2 0.2 0.2 0.2 0.2 0.2 0.2 0.2 0.2
 0.2 0.2 0.2 0.2 0.2 0.2 0.2 0.2 0.2 0.2 0.2 0.2
 0.2 0.2 0.2 0.2 0.2 0.2 0.2 0.2 0.2 0.2 0.2 0.2
 0.2 0.2 0.2 0.2 0.2 0.2 0.2 0.2 0.2 0.2 0.2 0.2
 0.2 0.2 0.2 0.2 0.2 0.2 0.2 0.2 0.2 0.2 0.2 0.2
 0.2 0.2 0.2 0.2 0.2 0.2 0.2 0.2 0.2 0.2 0.2 0.2
 0.2 0.2 0.2 0.2 0.2 0.2 0.2 0.2 0.2 0.2 0.2 0.2
 0.2 0.2 0.2 0.2 0.2 0.2 0.2 0.2 0.2 0.2 0.2 0.2
 0.2 0.2 0.2 0.2 0.2 0.2 0.2 0.2 0.2 0.2 0.2 0.2
 0.2 0.2 0.2 0.2 0.2 0.2 0.2 0.2 0.2 0.2 0.2 0.2
 0.2 0.2 0.2 0.2 0.2 0.2 0.2 0.2 0.2 0.2 0.2 0.2
 0.2 0.2 0.2 0.2 0.2 0.2 0.2 0.2 0.2 0.2 0.2 0.2
 0.2 0.2 0.2 0.2 0.2 0.2 0.2 0.2 0.2 0.2 0.2 0.2
# mean_log_rec
13.7851
# log_Rzero
13.7871
# rec_dev
 -0.0135444 -0.016516 -0.113838 -0.0252917 0.0167939 0.0194861 -0.134401 -0.0529622 0.00397553 0.0582452 0.192829 -0.00455526 0.0696995 -0.0229404 -0.162227 -0.119541 -0.267841 0.107181 0.0860555 -0.111018 0.255102 0.173348 -0.0765516 -0.251964 -0.256826 -0.0284129 -0.261606 -0.12686 -0.0361012 0.164082 0.0755005 0.183472 0.0336731 -0.356401 -0.0608439 -0.122414 -0.232745 -0.195762 -0.505935 -0.402738 -0.604065 -0.0107205
# fmort
 0.00920464 0.0267828 0.0434472 0.0592282 0.0470556 0.0859958 0.0869084 0.181837 0.107456 0.131086 0.149218 0.163954 0.117649 0.172336 0.181946 0.164359 0.322046 0.267128 0.264978 0.259715 0.35417 0.253132 0.414339 0.337506 0.335202 0.302899 0.297664 0.416885 0.320924 0.489739
# rec_dev_future
 0 0 0 0 0
