AMAK;Mar 2020
# styr
1
# endyr
30
# rec_age
1
# oldest_age
12
# nlength
81
# len_bins
 10 11 12 13 14 15 16 17 18 19 20 21 22 23 24 25 26 27 28 29 30 31 32 33 34 35 36 37 38 39 40 41 42 43 44 45 46 47 48 49 50 51 52 53 54 55 56 57 58 59 60 61 62 63 64 65 66 67 68 69 70 71 72 73 74 75 76 77 78 79 80 81 82 83 84 85 86 87 88 89 90
# datafile_name
amak_data.dat
# model_name
AMAK_MCP
# styr
1
# endyr
30
# rec_age
1
# oldest_age
12
# nfsh
1
# fshname
FLEET1
# catch_bio_in
 161.399 461.942 733.858 947.149 729.3 1257.76 1214.11 2330.67 1250.07 1443.97 1549.4 1547.85 1051.75 1473.09 1482.42 1260.55 2241.92 1614.66 1487.71 1380.72 1761.73 1219.35 1853.26 1368.92 1273.79 1114.58 1081.22 1396.29 967.024 1358.33
# catch_bio_sd_in
 0.01 0.01 0.01 0.01 0.01 0.01 0.01 0.01 0.01 0.01 0.01 0.01 0.01 0.01 0.01 0.01 0.01 0.01 0.01 0.01 0.01 0.01 0.01 0.01 0.01 0.01 0.01 0.01 0.01 0.01
# nyrs_fsh_age
 30
# nyrs_fsh_length
 0
# yrs_fsh_age_in
 1 2 3 4 5 6 7 8 9 10 11 12 13 14 15 16 17 18 19 20 21 22 23 24 25 26 27 28 29 30
# yrs_fsh_length_in

# n_sample_fsh_length_in

# olc_fsh_in

# nind
1
# indname
SURVEY1
# nyrs_ind
 30
# yrs_ind_in
 1 2 3 4 5 6 7 8 9 10 11 12 13 14 15 16 17 18 19 20 21 22 23 24 25 26 27 28 29 30
# mo_ind
 1
# obs_ind_in
 1.50411 1.54749 1.41861 1.60629 1.26809 1.46842 1.2629 1.2816 1.36081 1.24671 0.848996 0.894136 1.00705 1.19532 1.01742 1.03274 0.944573 0.86016 0.874771 0.725703 0.936958 0.770523 0.618785 0.62288 0.636591 0.540235 0.479425 0.654529 0.509875 0.596457
# obs_se_ind_in
 0.300823 0.309499 0.283723 0.321258 0.253618 0.293684 0.25258 0.256319 0.272162 0.249342 0.169799 0.178827 0.201411 0.239064 0.203484 0.206547 0.188915 0.172032 0.174954 0.145141 0.187392 0.154105 0.123757 0.124576 0.127318 0.108047 0.0958849 0.130906 0.101975 0.119291
# nyrs_ind_age
 30
# nyrs_ind_length
 0
# yrs_ind_age_in
 1 2 3 4 5 6 7 8 9 10 11 12 13 14 15 16 17 18 19 20 21 22 23 24 25 26 27 28 29 30
# yrs_ind_length_in

# yrs_ind_age_in
 1 2 3 4 5 6 7 8 9 10 11 12 13 14 15 16 17 18 19 20 21 22 23 24 25 26 27 28 29 30
# n_sample_ind_length_in

# olc_ind_in

# oac_ind_in
 0.07 0.145 0.135 0.145 0.08 0.045 0.07 0.07 0.05 0.04 0.02 0.13
 0.06 0.105 0.09 0.15 0.14 0.08 0.055 0.045 0.03 0.035 0.055 0.155
 0.08 0.115 0.165 0.11 0.105 0.09 0.04 0.04 0.05 0.04 0.03 0.135
 0.065 0.16 0.105 0.1 0.14 0.07 0.025 0.06 0.05 0.045 0.02 0.16
 0.055 0.17 0.13 0.15 0.105 0.08 0.03 0.08 0.045 0.03 0.025 0.1
 0.085 0.235 0.18 0.095 0.065 0.085 0.035 0.055 0.04 0.025 0.01 0.09
 0.055 0.17 0.12 0.165 0.105 0.06 0.075 0.055 0.03 0.035 0.015 0.115
 0.095 0.08 0.185 0.15 0.14 0.065 0.04 0.035 0.05 0.03 0.05 0.08
 0.085 0.155 0.115 0.12 0.135 0.085 0.05 0.025 0.04 0.025 0.025 0.14
 0.045 0.24 0.22 0.085 0.1 0.06 0.05 0.045 0.025 0.02 0.02 0.09
 0.065 0.15 0.17 0.145 0.09 0.08 0.065 0.06 0.025 0.02 0.025 0.105
 0.115 0.195 0.105 0.135 0.115 0.085 0.045 0.025 0.055 0.035 0.015 0.075
 0.09 0.21 0.18 0.105 0.145 0.095 0.035 0.035 0.035 0.01 0.005 0.055
 0.055 0.235 0.18 0.12 0.09 0.08 0.095 0.03 0.015 0.035 0.025 0.04
 0.11 0.135 0.235 0.15 0.085 0.05 0.07 0.045 0.03 0.02 0.015 0.055
 0.135 0.19 0.135 0.145 0.105 0.07 0.04 0.04 0.02 0.02 0.025 0.075
 0.03 0.24 0.185 0.16 0.135 0.055 0.025 0.02 0.03 0.05 0.015 0.055
 0.075 0.19 0.275 0.13 0.075 0.075 0.055 0.05 0.025 0.005 0 0.045
 0.07 0.2 0.21 0.235 0.055 0.07 0.06 0.02 0.005 0.01 0.03 0.035
 0.1 0.225 0.14 0.145 0.145 0.07 0.07 0.035 0.015 0.015 0.005 0.035
 0.14 0.155 0.265 0.1 0.095 0.09 0.065 0.025 0.025 0.015 0 0.025
 0.09 0.35 0.135 0.16 0.075 0.055 0.06 0.04 0.01 0.005 0.015 0.005
 0.095 0.17 0.33 0.135 0.105 0.07 0.015 0.02 0.03 0.005 0 0.025
 0.12 0.205 0.205 0.24 0.07 0.06 0.035 0.025 0.01 0.015 0 0.015
 0.145 0.195 0.19 0.13 0.135 0.075 0.03 0.025 0.025 0.015 0.015 0.02
 0.1 0.25 0.275 0.11 0.08 0.085 0.04 0.01 0.015 0.005 0.005 0.025
 0.12 0.195 0.235 0.205 0.06 0.04 0.075 0.025 0.015 0.005 0.01 0.015
 0.12 0.21 0.155 0.22 0.17 0.04 0.02 0.04 0.02 0.005 0 0
 0.15 0.25 0.21 0.12 0.12 0.085 0.03 0.02 0.01 0 0 0.005
 0.16 0.225 0.165 0.17 0.105 0.09 0.03 0.015 0.015 0.005 0.01 0.01
# wt_ind
 1 1 1 1 1 1 1 1 1 1 1 1
 1 1 1 1 1 1 1 1 1 1 1 1
 1 1 1 1 1 1 1 1 1 1 1 1
 1 1 1 1 1 1 1 1 1 1 1 1
 1 1 1 1 1 1 1 1 1 1 1 1
 1 1 1 1 1 1 1 1 1 1 1 1
 1 1 1 1 1 1 1 1 1 1 1 1
 1 1 1 1 1 1 1 1 1 1 1 1
 1 1 1 1 1 1 1 1 1 1 1 1
 1 1 1 1 1 1 1 1 1 1 1 1
 1 1 1 1 1 1 1 1 1 1 1 1
 1 1 1 1 1 1 1 1 1 1 1 1
 1 1 1 1 1 1 1 1 1 1 1 1
 1 1 1 1 1 1 1 1 1 1 1 1
 1 1 1 1 1 1 1 1 1 1 1 1
 1 1 1 1 1 1 1 1 1 1 1 1
 1 1 1 1 1 1 1 1 1 1 1 1
 1 1 1 1 1 1 1 1 1 1 1 1
 1 1 1 1 1 1 1 1 1 1 1 1
 1 1 1 1 1 1 1 1 1 1 1 1
 1 1 1 1 1 1 1 1 1 1 1 1
 1 1 1 1 1 1 1 1 1 1 1 1
 1 1 1 1 1 1 1 1 1 1 1 1
 1 1 1 1 1 1 1 1 1 1 1 1
 1 1 1 1 1 1 1 1 1 1 1 1
 1 1 1 1 1 1 1 1 1 1 1 1
 1 1 1 1 1 1 1 1 1 1 1 1
 1 1 1 1 1 1 1 1 1 1 1 1
 1 1 1 1 1 1 1 1 1 1 1 1
 1 1 1 1 1 1 1 1 1 1 1 1
# wt_pop
 0.000530656 0.00119633 0.00205827 0.00303499 0.00405521 0.0050647 0.00602623 0.00691692 0.00772489 0.00844611 0.00908185 0.0096367
# maturity
 0.0229774 0.320821 0.904651 0.99478 0.999739 0.999987 0.999999 1 1 1 1 1
# spawnmo
1
# age_err
 1 0 0 0 0 0 0 0 0 0 0 0
 0 1 0 0 0 0 0 0 0 0 0 0
 0 0 1 0 0 0 0 0 0 0 0 0
 0 0 0 1 0 0 0 0 0 0 0 0
 0 0 0 0 1 0 0 0 0 0 0 0
 0 0 0 0 0 1 0 0 0 0 0 0
 0 0 0 0 0 0 1 0 0 0 0 0
 0 0 0 0 0 0 0 1 0 0 0 0
 0 0 0 0 0 0 0 0 1 0 0 0
 0 0 0 0 0 0 0 0 0 1 0 0
 0 0 0 0 0 0 0 0 0 0 1 0
 0 0 0 0 0 0 0 0 0 0 0 1
# cntrlfile_name
C:\Users\bai.li\DOCUME~1\Github\AGE_ST~1\ASSAMC\example\output\AMAK\s76\amak.dat
# Map shared selectivity: 
# sel_map
 1 2
 1 1
# datafile_name
amak_data.dat
# model_name
AMAK_MCP
# SrType
2
# use_age_err
0
# retro
0
# sigmarprior
0.2
# cvsigmarprior
0.25
# phase_sigmar
-3
# styr_rec_est
1
# endyr_rec_est
30
# Linfprior
80
# cvLinfprior
0.25
# kprior
0.18
# cvkprior
0.25
# Loprior
27.688
# cvLoprior
0.25
# sdageprior
0.1
# cvsdageprior
0.25
# natmortprior
0.2
# cvnatmortprior
0.25
# phase_M
-4
# npars_Mage
0
# ages_M_changes

# Mage_in

# Mage_offset_in

# phase_Mage
-5
# phase_rw_M
0
# npars_rw_M
0
# yrs_rw_M

# sigma_rw_M

# qprior
 3.48998e-007
# cvqprior
 1
# phase_q
 1
# q_power_prior
 1
# cvq_power_prior
 0.2
# phase_q_power
 -4
# phase_rw_q
 -1
# npars_rw_q
 0
# yrs_rw_q

# sigma_rw_q

# q_age_min
 1
# q_age_max
 12
# q_age_min
 1
# q_age_max
 12
# fsh_sel_opt(k)
2
# phase_sel_fsh(k)
2
# n_sel_ch_fsh(k)
1
# sel_slp_in_fsh(k)(1,n_sel_ch_fsh(k))
 1
# sel_inf_in_fsh(k)(1,n_sel_ch_fsh(k))
 2
# logsel_slp_in_fsh(k)(1,n_sel_ch_fsh(k))
 0
# yrs_sel_ch_fsh(k)(1,n_sel_ch_fsh(k))
 1

Survey SURVEY1
# ind_sel_opt(k)
2
# indname(k)
SURVEY1
# nselages_in_ind(k)
11
# phase_sel_ind(k)
2
# sel_change_in_ind(k)
 1 0 0 0 0 0 0 0 0 0 0 0 0 0 0 0 0 0 0 0 0 0 0 0 0 0 0 0 0 0
# n_sel_ch_ind(k)
1
# yrs_sel_ch_ind(k)(1,n_sel_ch_ind(k))
 1
# sel_slp_in_ind(k,1)
2
# sel_inf_in_ind(k,1)
1.5
# logsel_slp_in_ind(k,1)
0.693147
# logsel_slp_in_indv(k)
0.693147
SURVEY1 ind sel opt 2  1 0 0 0 0 0 0 0 0 0 0 0 0 0 0 0 0 0 0 0 0 0 0 0 0 0 0 0 0 0
Phase indices Sel_Coffs:  -1
 Test: 1.23457e+008
# Fshry Selages:  11
# Srvy  Selages:  11
# Phase for age-spec fishery  -1
# Phase for logistic fishery  2
# Phase for dble logistic fishery  -1
# Phase for age-spec indices   -1
# Phase for logistic indices   2
# Phase for dble logistic ind  -1
# Curv_pen_fsh: 
 0
# Curv_pen_ind: 
 0
# styr_fut
31
# endyr_fut
35
# nyrs_fsh_age
 30
# nyrs_fsh_age
 30
# yrs_fsh_age
 1 2 3 4 5 6 7 8 9 10 11 12 13 14 15 16 17 18 19 20 21 22 23 24 25 26 27 28 29 30
# n_sample_fsh_age
 200 200 200 200 200 200 200 200 200 200 200 200 200 200 200 200 200 200 200 200 200 200 200 200 200 200 200 200 200 200
# oac_fsh
 0.055 0.145 0.1 0.125 0.105 0.1 0.07 0.045 0.04 0.04 0.03 0.145
 0.06 0.09 0.1 0.115 0.09 0.105 0.07 0.08 0.085 0.03 0.015 0.16
 0.08 0.095 0.135 0.11 0.085 0.11 0.06 0.075 0.04 0.02 0.005 0.185
 0.095 0.105 0.135 0.115 0.075 0.07 0.08 0.05 0.045 0.04 0.04 0.15
 0.085 0.12 0.09 0.135 0.16 0.04 0.09 0.08 0.035 0.025 0.04 0.1
 0.09 0.125 0.12 0.12 0.08 0.07 0.045 0.095 0.035 0.03 0.045 0.145
 0.07 0.12 0.165 0.15 0.1 0.04 0.09 0.05 0.055 0.02 0.04 0.1
 0.135 0.135 0.09 0.12 0.13 0.07 0.07 0.05 0.045 0.01 0.02 0.125
 0.15 0.15 0.14 0.13 0.08 0.095 0.035 0.02 0.03 0.05 0.02 0.1
 0.045 0.17 0.14 0.115 0.115 0.12 0.085 0.06 0.005 0.015 0.02 0.11
 0.08 0.085 0.18 0.195 0.06 0.1 0.07 0.06 0.01 0.035 0.03 0.095
 0.09 0.12 0.085 0.175 0.175 0.085 0.105 0.025 0.02 0.015 0.02 0.085
 0.14 0.095 0.12 0.11 0.18 0.08 0.08 0.03 0.065 0.015 0.01 0.075
 0.09 0.19 0.21 0.125 0.045 0.105 0.07 0.04 0.035 0.015 0.03 0.045
 0.075 0.135 0.165 0.225 0.095 0.05 0.075 0.02 0.025 0.01 0.02 0.105
 0.095 0.12 0.17 0.175 0.135 0.08 0.035 0.06 0.025 0.025 0.03 0.05
 0.125 0.185 0.145 0.1 0.11 0.075 0.065 0.03 0.055 0.035 0.015 0.06
 0.105 0.17 0.215 0.125 0.09 0.12 0.065 0.02 0.015 0.025 0.01 0.04
 0.115 0.17 0.155 0.23 0.09 0.035 0.06 0.02 0.015 0.015 0.045 0.05
 0.135 0.25 0.13 0.14 0.13 0.045 0.05 0.04 0.025 0.025 0.015 0.015
 0.215 0.17 0.17 0.135 0.105 0.11 0.03 0.01 0.025 0.005 0.005 0.02
 0.06 0.255 0.19 0.18 0.095 0.055 0.08 0.035 0.02 0.015 0 0.015
 0.135 0.17 0.325 0.115 0.115 0.055 0.035 0.025 0.005 0 0.01 0.01
 0.135 0.17 0.18 0.24 0.105 0.07 0.03 0.025 0.015 0.005 0 0.025
 0.12 0.225 0.18 0.165 0.125 0.07 0.025 0.04 0.015 0.015 0.005 0.015
 0.09 0.28 0.225 0.115 0.12 0.055 0.065 0.02 0.005 0.005 0 0.02
 0.13 0.155 0.25 0.16 0.105 0.06 0.08 0.02 0.015 0.01 0.005 0.01
 0.145 0.195 0.185 0.195 0.125 0.115 0.01 0.01 0.005 0.005 0 0.01
 0.165 0.185 0.235 0.145 0.095 0.08 0.035 0.015 0.015 0.005 0.005 0.02
 0.14 0.24 0.19 0.105 0.1 0.09 0.065 0.01 0.015 0.025 0.015 0.005
# olc_fsh

# wt_fsh
 0.000530656 0.00119633 0.00205827 0.00303499 0.00405521 0.0050647 0.00602623 0.00691692 0.00772489 0.00844611 0.00908185 0.0096367
 0.000530656 0.00119633 0.00205827 0.00303499 0.00405521 0.0050647 0.00602623 0.00691692 0.00772489 0.00844611 0.00908185 0.0096367
 0.000530656 0.00119633 0.00205827 0.00303499 0.00405521 0.0050647 0.00602623 0.00691692 0.00772489 0.00844611 0.00908185 0.0096367
 0.000530656 0.00119633 0.00205827 0.00303499 0.00405521 0.0050647 0.00602623 0.00691692 0.00772489 0.00844611 0.00908185 0.0096367
 0.000530656 0.00119633 0.00205827 0.00303499 0.00405521 0.0050647 0.00602623 0.00691692 0.00772489 0.00844611 0.00908185 0.0096367
 0.000530656 0.00119633 0.00205827 0.00303499 0.00405521 0.0050647 0.00602623 0.00691692 0.00772489 0.00844611 0.00908185 0.0096367
 0.000530656 0.00119633 0.00205827 0.00303499 0.00405521 0.0050647 0.00602623 0.00691692 0.00772489 0.00844611 0.00908185 0.0096367
 0.000530656 0.00119633 0.00205827 0.00303499 0.00405521 0.0050647 0.00602623 0.00691692 0.00772489 0.00844611 0.00908185 0.0096367
 0.000530656 0.00119633 0.00205827 0.00303499 0.00405521 0.0050647 0.00602623 0.00691692 0.00772489 0.00844611 0.00908185 0.0096367
 0.000530656 0.00119633 0.00205827 0.00303499 0.00405521 0.0050647 0.00602623 0.00691692 0.00772489 0.00844611 0.00908185 0.0096367
 0.000530656 0.00119633 0.00205827 0.00303499 0.00405521 0.0050647 0.00602623 0.00691692 0.00772489 0.00844611 0.00908185 0.0096367
 0.000530656 0.00119633 0.00205827 0.00303499 0.00405521 0.0050647 0.00602623 0.00691692 0.00772489 0.00844611 0.00908185 0.0096367
 0.000530656 0.00119633 0.00205827 0.00303499 0.00405521 0.0050647 0.00602623 0.00691692 0.00772489 0.00844611 0.00908185 0.0096367
 0.000530656 0.00119633 0.00205827 0.00303499 0.00405521 0.0050647 0.00602623 0.00691692 0.00772489 0.00844611 0.00908185 0.0096367
 0.000530656 0.00119633 0.00205827 0.00303499 0.00405521 0.0050647 0.00602623 0.00691692 0.00772489 0.00844611 0.00908185 0.0096367
 0.000530656 0.00119633 0.00205827 0.00303499 0.00405521 0.0050647 0.00602623 0.00691692 0.00772489 0.00844611 0.00908185 0.0096367
 0.000530656 0.00119633 0.00205827 0.00303499 0.00405521 0.0050647 0.00602623 0.00691692 0.00772489 0.00844611 0.00908185 0.0096367
 0.000530656 0.00119633 0.00205827 0.00303499 0.00405521 0.0050647 0.00602623 0.00691692 0.00772489 0.00844611 0.00908185 0.0096367
 0.000530656 0.00119633 0.00205827 0.00303499 0.00405521 0.0050647 0.00602623 0.00691692 0.00772489 0.00844611 0.00908185 0.0096367
 0.000530656 0.00119633 0.00205827 0.00303499 0.00405521 0.0050647 0.00602623 0.00691692 0.00772489 0.00844611 0.00908185 0.0096367
 0.000530656 0.00119633 0.00205827 0.00303499 0.00405521 0.0050647 0.00602623 0.00691692 0.00772489 0.00844611 0.00908185 0.0096367
 0.000530656 0.00119633 0.00205827 0.00303499 0.00405521 0.0050647 0.00602623 0.00691692 0.00772489 0.00844611 0.00908185 0.0096367
 0.000530656 0.00119633 0.00205827 0.00303499 0.00405521 0.0050647 0.00602623 0.00691692 0.00772489 0.00844611 0.00908185 0.0096367
 0.000530656 0.00119633 0.00205827 0.00303499 0.00405521 0.0050647 0.00602623 0.00691692 0.00772489 0.00844611 0.00908185 0.0096367
 0.000530656 0.00119633 0.00205827 0.00303499 0.00405521 0.0050647 0.00602623 0.00691692 0.00772489 0.00844611 0.00908185 0.0096367
 0.000530656 0.00119633 0.00205827 0.00303499 0.00405521 0.0050647 0.00602623 0.00691692 0.00772489 0.00844611 0.00908185 0.0096367
 0.000530656 0.00119633 0.00205827 0.00303499 0.00405521 0.0050647 0.00602623 0.00691692 0.00772489 0.00844611 0.00908185 0.0096367
 0.000530656 0.00119633 0.00205827 0.00303499 0.00405521 0.0050647 0.00602623 0.00691692 0.00772489 0.00844611 0.00908185 0.0096367
 0.000530656 0.00119633 0.00205827 0.00303499 0.00405521 0.0050647 0.00602623 0.00691692 0.00772489 0.00844611 0.00908185 0.0096367
 0.000530656 0.00119633 0.00205827 0.00303499 0.00405521 0.0050647 0.00602623 0.00691692 0.00772489 0.00844611 0.00908185 0.0096367
# nyrs_ind_age
 30
# yrs_ind_age
 1 2 3 4 5 6 7 8 9 10 11 12 13 14 15 16 17 18 19 20 21 22 23 24 25 26 27 28 29 30
# n_sample_ind_age
 200 200 200 200 200 200 200 200 200 200 200 200 200 200 200 200 200 200 200 200 200 200 200 200 200 200 200 200 200 200
# oac_ind
 0.07 0.145 0.135 0.145 0.08 0.045 0.07 0.07 0.05 0.04 0.02 0.13
 0.06 0.105 0.09 0.15 0.14 0.08 0.055 0.045 0.03 0.035 0.055 0.155
 0.08 0.115 0.165 0.11 0.105 0.09 0.04 0.04 0.05 0.04 0.03 0.135
 0.065 0.16 0.105 0.1 0.14 0.07 0.025 0.06 0.05 0.045 0.02 0.16
 0.055 0.17 0.13 0.15 0.105 0.08 0.03 0.08 0.045 0.03 0.025 0.1
 0.085 0.235 0.18 0.095 0.065 0.085 0.035 0.055 0.04 0.025 0.01 0.09
 0.055 0.17 0.12 0.165 0.105 0.06 0.075 0.055 0.03 0.035 0.015 0.115
 0.095 0.08 0.185 0.15 0.14 0.065 0.04 0.035 0.05 0.03 0.05 0.08
 0.085 0.155 0.115 0.12 0.135 0.085 0.05 0.025 0.04 0.025 0.025 0.14
 0.045 0.24 0.22 0.085 0.1 0.06 0.05 0.045 0.025 0.02 0.02 0.09
 0.065 0.15 0.17 0.145 0.09 0.08 0.065 0.06 0.025 0.02 0.025 0.105
 0.115 0.195 0.105 0.135 0.115 0.085 0.045 0.025 0.055 0.035 0.015 0.075
 0.09 0.21 0.18 0.105 0.145 0.095 0.035 0.035 0.035 0.01 0.005 0.055
 0.055 0.235 0.18 0.12 0.09 0.08 0.095 0.03 0.015 0.035 0.025 0.04
 0.11 0.135 0.235 0.15 0.085 0.05 0.07 0.045 0.03 0.02 0.015 0.055
 0.135 0.19 0.135 0.145 0.105 0.07 0.04 0.04 0.02 0.02 0.025 0.075
 0.03 0.24 0.185 0.16 0.135 0.055 0.025 0.02 0.03 0.05 0.015 0.055
 0.075 0.19 0.275 0.13 0.075 0.075 0.055 0.05 0.025 0.005 0 0.045
 0.07 0.2 0.21 0.235 0.055 0.07 0.06 0.02 0.005 0.01 0.03 0.035
 0.1 0.225 0.14 0.145 0.145 0.07 0.07 0.035 0.015 0.015 0.005 0.035
 0.14 0.155 0.265 0.1 0.095 0.09 0.065 0.025 0.025 0.015 0 0.025
 0.09 0.35 0.135 0.16 0.075 0.055 0.06 0.04 0.01 0.005 0.015 0.005
 0.095 0.17 0.33 0.135 0.105 0.07 0.015 0.02 0.03 0.005 0 0.025
 0.12 0.205 0.205 0.24 0.07 0.06 0.035 0.025 0.01 0.015 0 0.015
 0.145 0.195 0.19 0.13 0.135 0.075 0.03 0.025 0.025 0.015 0.015 0.02
 0.1 0.25 0.275 0.11 0.08 0.085 0.04 0.01 0.015 0.005 0.005 0.025
 0.12 0.195 0.235 0.205 0.06 0.04 0.075 0.025 0.015 0.005 0.01 0.015
 0.12 0.21 0.155 0.22 0.17 0.04 0.02 0.04 0.02 0.005 0 0
 0.15 0.25 0.21 0.12 0.12 0.085 0.03 0.02 0.01 0 0 0.005
 0.16 0.225 0.165 0.17 0.105 0.09 0.03 0.015 0.015 0.005 0.01 0.01
# olc_ind

# obs_lse_ind
 0.198042 0.198042 0.198042 0.198042 0.198042 0.198042 0.198042 0.198042 0.198042 0.198042 0.198042 0.198042 0.198042 0.198042 0.198042 0.198042 0.198042 0.198042 0.198042 0.198042 0.198042 0.198042 0.198042 0.198042 0.198042 0.198042 0.198042 0.198042 0.198042 0.198042
# xages_fsh
 0 0 0 0 0 0 0 0 0 0 0 0
# xages_fsh
 0 0.0909091 0.181818 0.272727 0.363636 0.454545 0.545455 0.636364 0.727273 0.818182 0.909091 1
# xnodes_fsh

Yrs fsh_sel change:  1 0 0 0 0 0 0 0 0 0 0 0 0 0 0 0 0 0 0 0 0 0 0 0 0 0 0 0 0
Yrs ind_sel change:  1 0 0 0 0 0 0 0 0 0 0 0 0 0 0 0 0 0 0 0 0 0 0 0 0 0 0 0 0
# steepnessprior
0.75
# sigmarprior
0.2
#  SSB estimated in styr endyr: -13 28 
#  Rec estimated in styr endyr: -11 30 
#  SR Curve fit  in styr endyr: 1 30 
#             Model styr endyr: 1 30 
# qprior
 3.48998e-007
# q_power_prior 
 1 
# cv_catchbiomass 
0.05 
# CatchbiomassPen 
200 
# Number of projection years 
5 
# offset_fsh
 13329.1
# offset_ind
 13144
Mean Catch
1300.49
R_guess 
15.4306
# nfsh
1
# n_sel_ch_fsh
 1
# nselages_fsh
 11
# phase_selcoff_fsh
 -1
logRzero 15.4306
logmeanrec 15.4306
exp(log_sigmarprior 0.2
Fish sel phase: -1 FLEET1
Fixing fishery sel to
1
Srvy sel phase: -1
Fixing SURVEY1 indices sel to
1
# logsel_slp_in_indv
 0.693147
Leaving parameter init secton
# M
 0.2 0.2 0.2 0.2 0.2 0.2 0.2 0.2 0.2 0.2 0.2 0.2
 0.2 0.2 0.2 0.2 0.2 0.2 0.2 0.2 0.2 0.2 0.2 0.2
 0.2 0.2 0.2 0.2 0.2 0.2 0.2 0.2 0.2 0.2 0.2 0.2
 0.2 0.2 0.2 0.2 0.2 0.2 0.2 0.2 0.2 0.2 0.2 0.2
 0.2 0.2 0.2 0.2 0.2 0.2 0.2 0.2 0.2 0.2 0.2 0.2
 0.2 0.2 0.2 0.2 0.2 0.2 0.2 0.2 0.2 0.2 0.2 0.2
 0.2 0.2 0.2 0.2 0.2 0.2 0.2 0.2 0.2 0.2 0.2 0.2
 0.2 0.2 0.2 0.2 0.2 0.2 0.2 0.2 0.2 0.2 0.2 0.2
 0.2 0.2 0.2 0.2 0.2 0.2 0.2 0.2 0.2 0.2 0.2 0.2
 0.2 0.2 0.2 0.2 0.2 0.2 0.2 0.2 0.2 0.2 0.2 0.2
 0.2 0.2 0.2 0.2 0.2 0.2 0.2 0.2 0.2 0.2 0.2 0.2
 0.2 0.2 0.2 0.2 0.2 0.2 0.2 0.2 0.2 0.2 0.2 0.2
 0.2 0.2 0.2 0.2 0.2 0.2 0.2 0.2 0.2 0.2 0.2 0.2
 0.2 0.2 0.2 0.2 0.2 0.2 0.2 0.2 0.2 0.2 0.2 0.2
 0.2 0.2 0.2 0.2 0.2 0.2 0.2 0.2 0.2 0.2 0.2 0.2
 0.2 0.2 0.2 0.2 0.2 0.2 0.2 0.2 0.2 0.2 0.2 0.2
 0.2 0.2 0.2 0.2 0.2 0.2 0.2 0.2 0.2 0.2 0.2 0.2
 0.2 0.2 0.2 0.2 0.2 0.2 0.2 0.2 0.2 0.2 0.2 0.2
 0.2 0.2 0.2 0.2 0.2 0.2 0.2 0.2 0.2 0.2 0.2 0.2
 0.2 0.2 0.2 0.2 0.2 0.2 0.2 0.2 0.2 0.2 0.2 0.2
 0.2 0.2 0.2 0.2 0.2 0.2 0.2 0.2 0.2 0.2 0.2 0.2
 0.2 0.2 0.2 0.2 0.2 0.2 0.2 0.2 0.2 0.2 0.2 0.2
 0.2 0.2 0.2 0.2 0.2 0.2 0.2 0.2 0.2 0.2 0.2 0.2
 0.2 0.2 0.2 0.2 0.2 0.2 0.2 0.2 0.2 0.2 0.2 0.2
 0.2 0.2 0.2 0.2 0.2 0.2 0.2 0.2 0.2 0.2 0.2 0.2
 0.2 0.2 0.2 0.2 0.2 0.2 0.2 0.2 0.2 0.2 0.2 0.2
 0.2 0.2 0.2 0.2 0.2 0.2 0.2 0.2 0.2 0.2 0.2 0.2
 0.2 0.2 0.2 0.2 0.2 0.2 0.2 0.2 0.2 0.2 0.2 0.2
 0.2 0.2 0.2 0.2 0.2 0.2 0.2 0.2 0.2 0.2 0.2 0.2
 0.2 0.2 0.2 0.2 0.2 0.2 0.2 0.2 0.2 0.2 0.2 0.2
# mean_log_rec
13.7488
# log_Rzero
13.8432
# rec_dev
 -0.000440097 -0.00052909 -0.0379971 0.0505611 -0.126462 -0.00687857 0.0491331 -0.0533517 -0.0454605 0.11652 0.00733276 -0.0182534 0.0620486 -0.0977295 -0.0162214 0.233658 0.177574 0.125311 -0.0773838 0.240107 0.280281 -0.33105 -0.0880024 0.0879291 0.194856 -0.140218 -0.056033 0.29804 -0.0545806 -0.158344 0.0517636 -0.0899676 0.381365 -0.194797 -0.196992 0.0140421 0.0157035 -0.351771 -0.238929 -0.284568 -0.16779 -0.170366
# fmort
 0.00928449 0.0270527 0.0444589 0.0601169 0.0481967 0.0865927 0.0880185 0.184629 0.108221 0.131419 0.150322 0.162285 0.116351 0.169843 0.181654 0.162027 0.315714 0.256086 0.255242 0.253613 0.351382 0.257302 0.417115 0.342506 0.338317 0.305048 0.300121 0.416241 0.310794 0.47017
# rec_dev_future
 0 0 0 0 0
