AMAK;Mar 2020
# styr
1
# endyr
30
# rec_age
1
# oldest_age
12
# nlength
81
# len_bins
 10 11 12 13 14 15 16 17 18 19 20 21 22 23 24 25 26 27 28 29 30 31 32 33 34 35 36 37 38 39 40 41 42 43 44 45 46 47 48 49 50 51 52 53 54 55 56 57 58 59 60 61 62 63 64 65 66 67 68 69 70 71 72 73 74 75 76 77 78 79 80 81 82 83 84 85 86 87 88 89 90
# datafile_name
amak_data.dat
# model_name
AMAK_MCP
# styr
1
# endyr
30
# rec_age
1
# oldest_age
12
# nfsh
1
# fshname
FLEET1
# catch_bio_in
 160.887 465.623 753.891 1014 785.569 1410.67 1420.04 2873.98 1588.53 1867.92 1994.54 1959.28 1331.8 1799.78 1728.66 1426.37 2533.74 1804.79 1614.09 1416.19 1686.44 1116.2 1693.21 1264.51 1149.03 972.943 898.146 1148.9 841.355 1299.48
# catch_bio_sd_in
 0.01 0.01 0.01 0.01 0.01 0.01 0.01 0.01 0.01 0.01 0.01 0.01 0.01 0.01 0.01 0.01 0.01 0.01 0.01 0.01 0.01 0.01 0.01 0.01 0.01 0.01 0.01 0.01 0.01 0.01
# nyrs_fsh_age
 30
# nyrs_fsh_length
 0
# yrs_fsh_age_in
 1 2 3 4 5 6 7 8 9 10 11 12 13 14 15 16 17 18 19 20 21 22 23 24 25 26 27 28 29 30
# yrs_fsh_length_in

# n_sample_fsh_length_in

# olc_fsh_in

# nind
1
# indname
SURVEY1
# nyrs_ind
 30
# yrs_ind_in
 1 2 3 4 5 6 7 8 9 10 11 12 13 14 15 16 17 18 19 20 21 22 23 24 25 26 27 28 29 30
# mo_ind
 1
# obs_ind_in
 1.31256 1.44613 1.49236 1.47233 1.37314 1.73748 1.97547 1.66665 1.26315 1.38525 1.36722 1.35959 1.03842 1.07555 0.92467 0.871179 1.06557 0.856528 0.841542 0.662704 0.599594 0.71243 0.658536 0.472285 0.414814 0.534398 0.425561 0.520433 0.480049 0.533213
# obs_se_ind_in
 0.262512 0.289226 0.298472 0.294465 0.274629 0.347496 0.395093 0.33333 0.252629 0.277049 0.273444 0.271918 0.207683 0.21511 0.184934 0.174236 0.213114 0.171306 0.168308 0.132541 0.119919 0.142486 0.131707 0.094457 0.0829627 0.10688 0.0851121 0.104087 0.0960099 0.106643
# nyrs_ind_age
 30
# nyrs_ind_length
 0
# yrs_ind_age_in
 1 2 3 4 5 6 7 8 9 10 11 12 13 14 15 16 17 18 19 20 21 22 23 24 25 26 27 28 29 30
# yrs_ind_length_in

# yrs_ind_age_in
 1 2 3 4 5 6 7 8 9 10 11 12 13 14 15 16 17 18 19 20 21 22 23 24 25 26 27 28 29 30
# n_sample_ind_length_in

# olc_ind_in

# oac_ind_in
 0.05 0.13 0.165 0.085 0.115 0.095 0.06 0.045 0.045 0.035 0.035 0.14
 0.105 0.105 0.135 0.11 0.135 0.085 0.055 0.03 0.04 0.055 0.03 0.115
 0.04 0.245 0.145 0.085 0.075 0.03 0.065 0.06 0.035 0.04 0.055 0.125
 0.03 0.08 0.285 0.09 0.085 0.08 0.075 0.06 0.05 0.05 0.035 0.08
 0.15 0.08 0.095 0.235 0.065 0.07 0.045 0.055 0.035 0.02 0.03 0.12
 0.16 0.33 0.03 0.06 0.11 0.06 0.07 0.04 0.04 0.04 0.005 0.055
 0.05 0.235 0.275 0.035 0.075 0.1 0.01 0.05 0.045 0.025 0.035 0.065
 0.08 0.065 0.25 0.28 0.035 0.05 0.1 0.045 0.02 0.01 0.005 0.06
 0.05 0.17 0.1 0.215 0.21 0.03 0.03 0.03 0.01 0.05 0.025 0.08
 0.095 0.1 0.19 0.105 0.175 0.165 0.015 0.03 0.065 0 0.005 0.055
 0.085 0.17 0.12 0.225 0.095 0.11 0.095 0.025 0 0.025 0.005 0.045
 0.05 0.19 0.19 0.085 0.085 0.05 0.1 0.11 0.005 0.03 0.04 0.065
 0.045 0.12 0.205 0.16 0.09 0.09 0.04 0.1 0.055 0 0.01 0.085
 0.09 0.14 0.125 0.18 0.115 0.08 0.055 0.025 0.065 0.04 0.015 0.07
 0.09 0.235 0.175 0.095 0.07 0.095 0.045 0.045 0.025 0.045 0.025 0.055
 0.1 0.145 0.18 0.105 0.095 0.1 0.09 0.045 0.055 0.015 0.04 0.03
 0.105 0.335 0.115 0.145 0.075 0.04 0.055 0.025 0.02 0.02 0.01 0.055
 0.07 0.24 0.305 0.1 0.085 0.035 0.025 0.04 0.01 0.02 0.035 0.035
 0.06 0.125 0.265 0.18 0.1 0.085 0.065 0.025 0.035 0.02 0.015 0.025
 0.045 0.205 0.11 0.195 0.185 0.055 0.065 0.035 0.04 0.025 0.02 0.02
 0.165 0.095 0.2 0.11 0.135 0.125 0.05 0.035 0.02 0.005 0.015 0.045
 0.165 0.32 0.09 0.15 0.05 0.105 0.05 0.025 0 0.01 0 0.035
 0.075 0.3 0.345 0.025 0.06 0.03 0.065 0.035 0.025 0.02 0.005 0.015
 0.04 0.235 0.36 0.205 0.05 0.03 0.01 0.04 0.01 0.005 0.005 0.01
 0.145 0.155 0.155 0.24 0.14 0.025 0.025 0.025 0.035 0.025 0.01 0.02
 0.065 0.37 0.15 0.115 0.115 0.12 0.005 0.005 0.01 0.02 0.005 0.02
 0.085 0.145 0.43 0.085 0.055 0.09 0.07 0.02 0.005 0 0 0.015
 0.145 0.23 0.115 0.295 0.04 0.06 0.05 0.035 0.005 0.015 0 0.01
 0.225 0.35 0.19 0.065 0.09 0.015 0.02 0.04 0.005 0 0 0
 0.09 0.39 0.22 0.11 0.045 0.07 0.01 0.02 0.015 0.02 0 0.01
# wt_ind
 1 1 1 1 1 1 1 1 1 1 1 1
 1 1 1 1 1 1 1 1 1 1 1 1
 1 1 1 1 1 1 1 1 1 1 1 1
 1 1 1 1 1 1 1 1 1 1 1 1
 1 1 1 1 1 1 1 1 1 1 1 1
 1 1 1 1 1 1 1 1 1 1 1 1
 1 1 1 1 1 1 1 1 1 1 1 1
 1 1 1 1 1 1 1 1 1 1 1 1
 1 1 1 1 1 1 1 1 1 1 1 1
 1 1 1 1 1 1 1 1 1 1 1 1
 1 1 1 1 1 1 1 1 1 1 1 1
 1 1 1 1 1 1 1 1 1 1 1 1
 1 1 1 1 1 1 1 1 1 1 1 1
 1 1 1 1 1 1 1 1 1 1 1 1
 1 1 1 1 1 1 1 1 1 1 1 1
 1 1 1 1 1 1 1 1 1 1 1 1
 1 1 1 1 1 1 1 1 1 1 1 1
 1 1 1 1 1 1 1 1 1 1 1 1
 1 1 1 1 1 1 1 1 1 1 1 1
 1 1 1 1 1 1 1 1 1 1 1 1
 1 1 1 1 1 1 1 1 1 1 1 1
 1 1 1 1 1 1 1 1 1 1 1 1
 1 1 1 1 1 1 1 1 1 1 1 1
 1 1 1 1 1 1 1 1 1 1 1 1
 1 1 1 1 1 1 1 1 1 1 1 1
 1 1 1 1 1 1 1 1 1 1 1 1
 1 1 1 1 1 1 1 1 1 1 1 1
 1 1 1 1 1 1 1 1 1 1 1 1
 1 1 1 1 1 1 1 1 1 1 1 1
 1 1 1 1 1 1 1 1 1 1 1 1
# wt_pop
 0.000530656 0.00119633 0.00205827 0.00303499 0.00405521 0.0050647 0.00602623 0.00691692 0.00772489 0.00844611 0.00908185 0.0096367
# maturity
 0.0229774 0.320821 0.904651 0.99478 0.999739 0.999987 0.999999 1 1 1 1 1
# spawnmo
1
# age_err
 1 0 0 0 0 0 0 0 0 0 0 0
 0 1 0 0 0 0 0 0 0 0 0 0
 0 0 1 0 0 0 0 0 0 0 0 0
 0 0 0 1 0 0 0 0 0 0 0 0
 0 0 0 0 1 0 0 0 0 0 0 0
 0 0 0 0 0 1 0 0 0 0 0 0
 0 0 0 0 0 0 1 0 0 0 0 0
 0 0 0 0 0 0 0 1 0 0 0 0
 0 0 0 0 0 0 0 0 1 0 0 0
 0 0 0 0 0 0 0 0 0 1 0 0
 0 0 0 0 0 0 0 0 0 0 1 0
 0 0 0 0 0 0 0 0 0 0 0 1
# cntrlfile_name
C:\Users\bai.li\DOCUME~1\Github\AGE_ST~2\ASSAMC\example\C2\output\AMAK\s1\amak.dat
# Map shared selectivity: 
# sel_map
 1 2
 1 1
# datafile_name
amak_data.dat
# model_name
AMAK_MCP
# SrType
2
# use_age_err
0
# retro
0
# sigmarprior
0.6
# cvsigmarprior
0.65
# phase_sigmar
-3
# styr_rec_est
1
# endyr_rec_est
30
# Linfprior
80
# cvLinfprior
0.25
# kprior
0.18
# cvkprior
0.25
# Loprior
27.688
# cvLoprior
0.25
# sdageprior
0.1
# cvsdageprior
0.25
# natmortprior
0.2
# cvnatmortprior
0.25
# phase_M
-4
# npars_Mage
0
# ages_M_changes

# Mage_in

# Mage_offset_in

# phase_Mage
-5
# phase_rw_M
0
# npars_rw_M
0
# yrs_rw_M

# sigma_rw_M

# qprior
 3.48998e-007
# cvqprior
 1
# phase_q
 1
# q_power_prior
 1
# cvq_power_prior
 0.2
# phase_q_power
 -4
# phase_rw_q
 -1
# npars_rw_q
 0
# yrs_rw_q

# sigma_rw_q

# q_age_min
 1
# q_age_max
 12
# q_age_min
 1
# q_age_max
 12
# fsh_sel_opt(k)
2
# phase_sel_fsh(k)
2
# n_sel_ch_fsh(k)
1
# sel_slp_in_fsh(k)(1,n_sel_ch_fsh(k))
 1
# sel_inf_in_fsh(k)(1,n_sel_ch_fsh(k))
 2
# logsel_slp_in_fsh(k)(1,n_sel_ch_fsh(k))
 0
# yrs_sel_ch_fsh(k)(1,n_sel_ch_fsh(k))
 1

Survey SURVEY1
# ind_sel_opt(k)
2
# indname(k)
SURVEY1
# nselages_in_ind(k)
11
# phase_sel_ind(k)
2
# sel_change_in_ind(k)
 1 0 0 0 0 0 0 0 0 0 0 0 0 0 0 0 0 0 0 0 0 0 0 0 0 0 0 0 0 0
# n_sel_ch_ind(k)
1
# yrs_sel_ch_ind(k)(1,n_sel_ch_ind(k))
 1
# sel_slp_in_ind(k,1)
2
# sel_inf_in_ind(k,1)
1.5
# logsel_slp_in_ind(k,1)
0.693147
# logsel_slp_in_indv(k)
0.693147
SURVEY1 ind sel opt 2  1 0 0 0 0 0 0 0 0 0 0 0 0 0 0 0 0 0 0 0 0 0 0 0 0 0 0 0 0 0
Phase indices Sel_Coffs:  -1
 Test: 1.23457e+008
# Fshry Selages:  11
# Srvy  Selages:  11
# Phase for age-spec fishery  -1
# Phase for logistic fishery  2
# Phase for dble logistic fishery  -1
# Phase for age-spec indices   -1
# Phase for logistic indices   2
# Phase for dble logistic ind  -1
# Curv_pen_fsh: 
 0
# Curv_pen_ind: 
 0
# styr_fut
31
# endyr_fut
35
# nyrs_fsh_age
 30
# nyrs_fsh_age
 30
# yrs_fsh_age
 1 2 3 4 5 6 7 8 9 10 11 12 13 14 15 16 17 18 19 20 21 22 23 24 25 26 27 28 29 30
# n_sample_fsh_age
 200 200 200 200 200 200 200 200 200 200 200 200 200 200 200 200 200 200 200 200 200 200 200 200 200 200 200 200 200 200
# oac_fsh
 0.07 0.1 0.125 0.11 0.11 0.125 0.095 0.055 0.015 0.055 0.025 0.115
 0.14 0.075 0.115 0.135 0.125 0.06 0.045 0.05 0.03 0.015 0.04 0.17
 0.06 0.19 0.085 0.125 0.075 0.115 0.085 0.06 0.035 0.025 0.045 0.1
 0.03 0.11 0.205 0.13 0.09 0.06 0.08 0.07 0.055 0.025 0.045 0.1
 0.17 0.04 0.1 0.155 0.09 0.1 0.05 0.085 0.06 0.025 0.015 0.11
 0.125 0.275 0.05 0.065 0.145 0.06 0.08 0.035 0.04 0.01 0.02 0.095
 0.05 0.185 0.265 0.065 0.045 0.12 0.035 0.025 0.05 0.03 0.015 0.115
 0.08 0.11 0.195 0.24 0.055 0.01 0.075 0.04 0.045 0.035 0.02 0.095
 0.09 0.16 0.065 0.165 0.215 0.035 0.035 0.07 0.02 0.02 0.015 0.11
 0.08 0.09 0.17 0.1 0.16 0.13 0.025 0.02 0.08 0.03 0.03 0.085
 0.115 0.155 0.09 0.185 0.07 0.135 0.09 0.005 0.015 0.045 0.03 0.065
 0.06 0.145 0.155 0.1 0.145 0.075 0.09 0.1 0.01 0.025 0.02 0.075
 0.08 0.085 0.205 0.205 0.065 0.1 0.03 0.035 0.07 0.02 0.02 0.085
 0.14 0.08 0.11 0.145 0.175 0.07 0.1 0.03 0.065 0.05 0 0.035
 0.105 0.145 0.165 0.095 0.1 0.12 0.055 0.03 0.015 0.055 0.04 0.075
 0.15 0.135 0.18 0.13 0.085 0.075 0.065 0.04 0.025 0.015 0.03 0.07
 0.145 0.22 0.07 0.175 0.095 0.08 0.05 0.06 0.005 0.035 0.01 0.055
 0.07 0.215 0.21 0.105 0.15 0.06 0.045 0.025 0.035 0.015 0.025 0.045
 0.12 0.08 0.235 0.18 0.115 0.12 0.035 0.005 0.045 0.02 0.005 0.04
 0.065 0.145 0.11 0.22 0.23 0.07 0.05 0.03 0.015 0.015 0.01 0.04
 0.205 0.075 0.165 0.09 0.215 0.065 0.075 0.06 0.02 0.005 0.015 0.01
 0.125 0.325 0.09 0.11 0.04 0.11 0.11 0.025 0.03 0.005 0 0.03
 0.055 0.275 0.29 0.04 0.07 0.075 0.065 0.05 0.005 0.03 0.02 0.025
 0.04 0.175 0.335 0.25 0.03 0.05 0.02 0.035 0.02 0.02 0.005 0.02
 0.225 0.095 0.16 0.21 0.16 0.015 0.03 0.025 0.02 0.015 0.015 0.03
 0.085 0.365 0.125 0.115 0.11 0.11 0.025 0.015 0.005 0.02 0 0.025
 0.11 0.135 0.355 0.065 0.1 0.11 0.075 0.025 0.01 0 0 0.015
 0.185 0.145 0.145 0.25 0.06 0.055 0.07 0.04 0.005 0.01 0.005 0.03
 0.25 0.27 0.15 0.045 0.18 0.02 0.035 0.02 0.01 0.005 0.005 0.01
 0.13 0.27 0.24 0.12 0.05 0.12 0.015 0.02 0.01 0.01 0 0.015
# olc_fsh

# wt_fsh
 0.000530656 0.00119633 0.00205827 0.00303499 0.00405521 0.0050647 0.00602623 0.00691692 0.00772489 0.00844611 0.00908185 0.0096367
 0.000530656 0.00119633 0.00205827 0.00303499 0.00405521 0.0050647 0.00602623 0.00691692 0.00772489 0.00844611 0.00908185 0.0096367
 0.000530656 0.00119633 0.00205827 0.00303499 0.00405521 0.0050647 0.00602623 0.00691692 0.00772489 0.00844611 0.00908185 0.0096367
 0.000530656 0.00119633 0.00205827 0.00303499 0.00405521 0.0050647 0.00602623 0.00691692 0.00772489 0.00844611 0.00908185 0.0096367
 0.000530656 0.00119633 0.00205827 0.00303499 0.00405521 0.0050647 0.00602623 0.00691692 0.00772489 0.00844611 0.00908185 0.0096367
 0.000530656 0.00119633 0.00205827 0.00303499 0.00405521 0.0050647 0.00602623 0.00691692 0.00772489 0.00844611 0.00908185 0.0096367
 0.000530656 0.00119633 0.00205827 0.00303499 0.00405521 0.0050647 0.00602623 0.00691692 0.00772489 0.00844611 0.00908185 0.0096367
 0.000530656 0.00119633 0.00205827 0.00303499 0.00405521 0.0050647 0.00602623 0.00691692 0.00772489 0.00844611 0.00908185 0.0096367
 0.000530656 0.00119633 0.00205827 0.00303499 0.00405521 0.0050647 0.00602623 0.00691692 0.00772489 0.00844611 0.00908185 0.0096367
 0.000530656 0.00119633 0.00205827 0.00303499 0.00405521 0.0050647 0.00602623 0.00691692 0.00772489 0.00844611 0.00908185 0.0096367
 0.000530656 0.00119633 0.00205827 0.00303499 0.00405521 0.0050647 0.00602623 0.00691692 0.00772489 0.00844611 0.00908185 0.0096367
 0.000530656 0.00119633 0.00205827 0.00303499 0.00405521 0.0050647 0.00602623 0.00691692 0.00772489 0.00844611 0.00908185 0.0096367
 0.000530656 0.00119633 0.00205827 0.00303499 0.00405521 0.0050647 0.00602623 0.00691692 0.00772489 0.00844611 0.00908185 0.0096367
 0.000530656 0.00119633 0.00205827 0.00303499 0.00405521 0.0050647 0.00602623 0.00691692 0.00772489 0.00844611 0.00908185 0.0096367
 0.000530656 0.00119633 0.00205827 0.00303499 0.00405521 0.0050647 0.00602623 0.00691692 0.00772489 0.00844611 0.00908185 0.0096367
 0.000530656 0.00119633 0.00205827 0.00303499 0.00405521 0.0050647 0.00602623 0.00691692 0.00772489 0.00844611 0.00908185 0.0096367
 0.000530656 0.00119633 0.00205827 0.00303499 0.00405521 0.0050647 0.00602623 0.00691692 0.00772489 0.00844611 0.00908185 0.0096367
 0.000530656 0.00119633 0.00205827 0.00303499 0.00405521 0.0050647 0.00602623 0.00691692 0.00772489 0.00844611 0.00908185 0.0096367
 0.000530656 0.00119633 0.00205827 0.00303499 0.00405521 0.0050647 0.00602623 0.00691692 0.00772489 0.00844611 0.00908185 0.0096367
 0.000530656 0.00119633 0.00205827 0.00303499 0.00405521 0.0050647 0.00602623 0.00691692 0.00772489 0.00844611 0.00908185 0.0096367
 0.000530656 0.00119633 0.00205827 0.00303499 0.00405521 0.0050647 0.00602623 0.00691692 0.00772489 0.00844611 0.00908185 0.0096367
 0.000530656 0.00119633 0.00205827 0.00303499 0.00405521 0.0050647 0.00602623 0.00691692 0.00772489 0.00844611 0.00908185 0.0096367
 0.000530656 0.00119633 0.00205827 0.00303499 0.00405521 0.0050647 0.00602623 0.00691692 0.00772489 0.00844611 0.00908185 0.0096367
 0.000530656 0.00119633 0.00205827 0.00303499 0.00405521 0.0050647 0.00602623 0.00691692 0.00772489 0.00844611 0.00908185 0.0096367
 0.000530656 0.00119633 0.00205827 0.00303499 0.00405521 0.0050647 0.00602623 0.00691692 0.00772489 0.00844611 0.00908185 0.0096367
 0.000530656 0.00119633 0.00205827 0.00303499 0.00405521 0.0050647 0.00602623 0.00691692 0.00772489 0.00844611 0.00908185 0.0096367
 0.000530656 0.00119633 0.00205827 0.00303499 0.00405521 0.0050647 0.00602623 0.00691692 0.00772489 0.00844611 0.00908185 0.0096367
 0.000530656 0.00119633 0.00205827 0.00303499 0.00405521 0.0050647 0.00602623 0.00691692 0.00772489 0.00844611 0.00908185 0.0096367
 0.000530656 0.00119633 0.00205827 0.00303499 0.00405521 0.0050647 0.00602623 0.00691692 0.00772489 0.00844611 0.00908185 0.0096367
 0.000530656 0.00119633 0.00205827 0.00303499 0.00405521 0.0050647 0.00602623 0.00691692 0.00772489 0.00844611 0.00908185 0.0096367
# nyrs_ind_age
 30
# yrs_ind_age
 1 2 3 4 5 6 7 8 9 10 11 12 13 14 15 16 17 18 19 20 21 22 23 24 25 26 27 28 29 30
# n_sample_ind_age
 200 200 200 200 200 200 200 200 200 200 200 200 200 200 200 200 200 200 200 200 200 200 200 200 200 200 200 200 200 200
# oac_ind
 0.05 0.13 0.165 0.085 0.115 0.095 0.06 0.045 0.045 0.035 0.035 0.14
 0.105 0.105 0.135 0.11 0.135 0.085 0.055 0.03 0.04 0.055 0.03 0.115
 0.04 0.245 0.145 0.085 0.075 0.03 0.065 0.06 0.035 0.04 0.055 0.125
 0.03 0.08 0.285 0.09 0.085 0.08 0.075 0.06 0.05 0.05 0.035 0.08
 0.15 0.08 0.095 0.235 0.065 0.07 0.045 0.055 0.035 0.02 0.03 0.12
 0.16 0.33 0.03 0.06 0.11 0.06 0.07 0.04 0.04 0.04 0.005 0.055
 0.05 0.235 0.275 0.035 0.075 0.1 0.01 0.05 0.045 0.025 0.035 0.065
 0.08 0.065 0.25 0.28 0.035 0.05 0.1 0.045 0.02 0.01 0.005 0.06
 0.05 0.17 0.1 0.215 0.21 0.03 0.03 0.03 0.01 0.05 0.025 0.08
 0.095 0.1 0.19 0.105 0.175 0.165 0.015 0.03 0.065 0 0.005 0.055
 0.085 0.17 0.12 0.225 0.095 0.11 0.095 0.025 0 0.025 0.005 0.045
 0.05 0.19 0.19 0.085 0.085 0.05 0.1 0.11 0.005 0.03 0.04 0.065
 0.045 0.12 0.205 0.16 0.09 0.09 0.04 0.1 0.055 0 0.01 0.085
 0.09 0.14 0.125 0.18 0.115 0.08 0.055 0.025 0.065 0.04 0.015 0.07
 0.09 0.235 0.175 0.095 0.07 0.095 0.045 0.045 0.025 0.045 0.025 0.055
 0.1 0.145 0.18 0.105 0.095 0.1 0.09 0.045 0.055 0.015 0.04 0.03
 0.105 0.335 0.115 0.145 0.075 0.04 0.055 0.025 0.02 0.02 0.01 0.055
 0.07 0.24 0.305 0.1 0.085 0.035 0.025 0.04 0.01 0.02 0.035 0.035
 0.06 0.125 0.265 0.18 0.1 0.085 0.065 0.025 0.035 0.02 0.015 0.025
 0.045 0.205 0.11 0.195 0.185 0.055 0.065 0.035 0.04 0.025 0.02 0.02
 0.165 0.095 0.2 0.11 0.135 0.125 0.05 0.035 0.02 0.005 0.015 0.045
 0.165 0.32 0.09 0.15 0.05 0.105 0.05 0.025 0 0.01 0 0.035
 0.075 0.3 0.345 0.025 0.06 0.03 0.065 0.035 0.025 0.02 0.005 0.015
 0.04 0.235 0.36 0.205 0.05 0.03 0.01 0.04 0.01 0.005 0.005 0.01
 0.145 0.155 0.155 0.24 0.14 0.025 0.025 0.025 0.035 0.025 0.01 0.02
 0.065 0.37 0.15 0.115 0.115 0.12 0.005 0.005 0.01 0.02 0.005 0.02
 0.085 0.145 0.43 0.085 0.055 0.09 0.07 0.02 0.005 0 0 0.015
 0.145 0.23 0.115 0.295 0.04 0.06 0.05 0.035 0.005 0.015 0 0.01
 0.225 0.35 0.19 0.065 0.09 0.015 0.02 0.04 0.005 0 0 0
 0.09 0.39 0.22 0.11 0.045 0.07 0.01 0.02 0.015 0.02 0 0.01
# olc_ind

# obs_lse_ind
 0.198042 0.198042 0.198042 0.198042 0.198042 0.198042 0.198042 0.198042 0.198042 0.198042 0.198042 0.198042 0.198042 0.198042 0.198042 0.198042 0.198042 0.198042 0.198042 0.198042 0.198042 0.198042 0.198042 0.198042 0.198042 0.198042 0.198042 0.198042 0.198042 0.198042
# xages_fsh
 0 0 0 0 0 0 0 0 0 0 0 0
# xages_fsh
 0 0.0909091 0.181818 0.272727 0.363636 0.454545 0.545455 0.636364 0.727273 0.818182 0.909091 1
# xnodes_fsh

Yrs fsh_sel change:  1 0 0 0 0 0 0 0 0 0 0 0 0 0 0 0 0 0 0 0 0 0 0 0 0 0 0 0 0
Yrs ind_sel change:  1 0 0 0 0 0 0 0 0 0 0 0 0 0 0 0 0 0 0 0 0 0 0 0 0 0 0 0 0
# steepnessprior
0.75
# sigmarprior
0.6
#  SSB estimated in styr endyr: -13 28 
#  Rec estimated in styr endyr: -11 30 
#  SR Curve fit  in styr endyr: 1 30 
#             Model styr endyr: 1 30 
# qprior
 3.48998e-007
# q_power_prior 
 1 
# cv_catchbiomass 
0.05 
# CatchbiomassPen 
200 
# Number of projection years 
5 
# offset_fsh
 13092.8
# offset_ind
 12729.8
Mean Catch
1400.69
R_guess 
15.5049
# nfsh
1
# n_sel_ch_fsh
 1
# nselages_fsh
 11
# phase_selcoff_fsh
 -1
logRzero 15.5049
logmeanrec 15.5049
exp(log_sigmarprior 0.6
Fish sel phase: -1 FLEET1
Fixing fishery sel to
1
Srvy sel phase: -1
Fixing SURVEY1 indices sel to
1
# logsel_slp_in_indv
 0.693147
Leaving parameter init secton
# M
 0.2 0.2 0.2 0.2 0.2 0.2 0.2 0.2 0.2 0.2 0.2 0.2
 0.2 0.2 0.2 0.2 0.2 0.2 0.2 0.2 0.2 0.2 0.2 0.2
 0.2 0.2 0.2 0.2 0.2 0.2 0.2 0.2 0.2 0.2 0.2 0.2
 0.2 0.2 0.2 0.2 0.2 0.2 0.2 0.2 0.2 0.2 0.2 0.2
 0.2 0.2 0.2 0.2 0.2 0.2 0.2 0.2 0.2 0.2 0.2 0.2
 0.2 0.2 0.2 0.2 0.2 0.2 0.2 0.2 0.2 0.2 0.2 0.2
 0.2 0.2 0.2 0.2 0.2 0.2 0.2 0.2 0.2 0.2 0.2 0.2
 0.2 0.2 0.2 0.2 0.2 0.2 0.2 0.2 0.2 0.2 0.2 0.2
 0.2 0.2 0.2 0.2 0.2 0.2 0.2 0.2 0.2 0.2 0.2 0.2
 0.2 0.2 0.2 0.2 0.2 0.2 0.2 0.2 0.2 0.2 0.2 0.2
 0.2 0.2 0.2 0.2 0.2 0.2 0.2 0.2 0.2 0.2 0.2 0.2
 0.2 0.2 0.2 0.2 0.2 0.2 0.2 0.2 0.2 0.2 0.2 0.2
 0.2 0.2 0.2 0.2 0.2 0.2 0.2 0.2 0.2 0.2 0.2 0.2
 0.2 0.2 0.2 0.2 0.2 0.2 0.2 0.2 0.2 0.2 0.2 0.2
 0.2 0.2 0.2 0.2 0.2 0.2 0.2 0.2 0.2 0.2 0.2 0.2
 0.2 0.2 0.2 0.2 0.2 0.2 0.2 0.2 0.2 0.2 0.2 0.2
 0.2 0.2 0.2 0.2 0.2 0.2 0.2 0.2 0.2 0.2 0.2 0.2
 0.2 0.2 0.2 0.2 0.2 0.2 0.2 0.2 0.2 0.2 0.2 0.2
 0.2 0.2 0.2 0.2 0.2 0.2 0.2 0.2 0.2 0.2 0.2 0.2
 0.2 0.2 0.2 0.2 0.2 0.2 0.2 0.2 0.2 0.2 0.2 0.2
 0.2 0.2 0.2 0.2 0.2 0.2 0.2 0.2 0.2 0.2 0.2 0.2
 0.2 0.2 0.2 0.2 0.2 0.2 0.2 0.2 0.2 0.2 0.2 0.2
 0.2 0.2 0.2 0.2 0.2 0.2 0.2 0.2 0.2 0.2 0.2 0.2
 0.2 0.2 0.2 0.2 0.2 0.2 0.2 0.2 0.2 0.2 0.2 0.2
 0.2 0.2 0.2 0.2 0.2 0.2 0.2 0.2 0.2 0.2 0.2 0.2
 0.2 0.2 0.2 0.2 0.2 0.2 0.2 0.2 0.2 0.2 0.2 0.2
 0.2 0.2 0.2 0.2 0.2 0.2 0.2 0.2 0.2 0.2 0.2 0.2
 0.2 0.2 0.2 0.2 0.2 0.2 0.2 0.2 0.2 0.2 0.2 0.2
 0.2 0.2 0.2 0.2 0.2 0.2 0.2 0.2 0.2 0.2 0.2 0.2
 0.2 0.2 0.2 0.2 0.2 0.2 0.2 0.2 0.2 0.2 0.2 0.2
# mean_log_rec
13.7335
# log_Rzero
13.7638
# rec_dev
 -0.200367 -0.236111 -0.0564719 0.0913078 0.00667697 -0.0108389 -0.0333317 0.0757141 0.140448 0.139805 0.0449736 0.0996995 -0.0723804 0.683894 -0.22831 -0.641056 1.03099 0.821039 -0.0771987 0.473559 -0.0640131 0.367816 0.261187 -0.240686 -0.0893051 0.259548 -0.0860441 0.457139 0.348913 -0.584754 -0.300537 -1.01353 0.33203 0.200011 -0.441695 -0.945078 0.201193 -0.906104 -0.535878 -0.0705223 0.176909 -0.451638
# fmort
 0.00933437 0.0270908 0.0444687 0.0615225 0.0489014 0.0893952 0.0907557 0.191381 0.112584 0.138435 0.158329 0.168735 0.122649 0.17821 0.188509 0.166753 0.327693 0.263935 0.257562 0.251538 0.347447 0.2574 0.423273 0.353966 0.351039 0.318909 0.30631 0.424925 0.325935 0.516094
# rec_dev_future
 0 0 0 0 0
