AMAK;Mar 2020
# styr
1
# endyr
30
# rec_age
1
# oldest_age
12
# nlength
81
# len_bins
 10 11 12 13 14 15 16 17 18 19 20 21 22 23 24 25 26 27 28 29 30 31 32 33 34 35 36 37 38 39 40 41 42 43 44 45 46 47 48 49 50 51 52 53 54 55 56 57 58 59 60 61 62 63 64 65 66 67 68 69 70 71 72 73 74 75 76 77 78 79 80 81 82 83 84 85 86 87 88 89 90
# datafile_name
amak_data.dat
# model_name
AMAK_MCP
# styr
1
# endyr
30
# rec_age
1
# oldest_age
12
# nfsh
1
# fshname
FLEET1
# catch_bio_in
 158.576 460.797 743.857 980.449 748.935 1291.44 1240.88 2377.99 1245.7 1419.13 1512.18 1516.69 1046.8 1454.02 1483.2 1285.56 2266.78 1621 1456.32 1352.43 1741.83 1183.06 1823.34 1374.03 1281.78 1127.27 1083.67 1403.84 993.691 1451.32
# catch_bio_sd_in
 0.01 0.01 0.01 0.01 0.01 0.01 0.01 0.01 0.01 0.01 0.01 0.01 0.01 0.01 0.01 0.01 0.01 0.01 0.01 0.01 0.01 0.01 0.01 0.01 0.01 0.01 0.01 0.01 0.01 0.01
# nyrs_fsh_age
 30
# nyrs_fsh_length
 0
# yrs_fsh_age_in
 1 2 3 4 5 6 7 8 9 10 11 12 13 14 15 16 17 18 19 20 21 22 23 24 25 26 27 28 29 30
# yrs_fsh_length_in

# n_sample_fsh_length_in

# olc_fsh_in

# nind
1
# indname
SURVEY1
# nyrs_ind
 30
# yrs_ind_in
 1 2 3 4 5 6 7 8 9 10 11 12 13 14 15 16 17 18 19 20 21 22 23 24 25 26 27 28 29 30
# mo_ind
 1
# obs_ind_in
 1.32086 1.50096 1.81293 1.50168 1.57376 1.38673 1.12903 1.2131 0.990676 1.24966 1.15053 0.997866 0.90229 0.891304 0.963153 1.07126 0.757055 0.916553 0.991739 0.818923 0.76212 0.738978 0.725505 0.624628 0.584753 0.609407 0.592175 0.514977 0.598435 0.550613
# obs_se_ind_in
 0.264172 0.300192 0.362585 0.300336 0.314753 0.277346 0.225807 0.24262 0.198135 0.249931 0.230105 0.199573 0.180458 0.178261 0.192631 0.214252 0.151411 0.183311 0.198348 0.163785 0.152424 0.147796 0.145101 0.124926 0.116951 0.121881 0.118435 0.102995 0.119687 0.110123
# nyrs_ind_age
 30
# nyrs_ind_length
 0
# yrs_ind_age_in
 1 2 3 4 5 6 7 8 9 10 11 12 13 14 15 16 17 18 19 20 21 22 23 24 25 26 27 28 29 30
# yrs_ind_length_in

# yrs_ind_age_in
 1 2 3 4 5 6 7 8 9 10 11 12 13 14 15 16 17 18 19 20 21 22 23 24 25 26 27 28 29 30
# n_sample_ind_length_in

# olc_ind_in

# oac_ind_in
 0.06 0.155 0.165 0.115 0.115 0.085 0.08 0.035 0.045 0.035 0.025 0.085
 0.06 0.105 0.13 0.12 0.115 0.075 0.055 0.07 0.075 0.03 0.025 0.14
 0.075 0.13 0.13 0.12 0.135 0.065 0.055 0.055 0.045 0.025 0.04 0.125
 0.095 0.1 0.2 0.09 0.095 0.07 0.055 0.035 0.045 0.03 0.025 0.16
 0.065 0.14 0.095 0.165 0.1 0.065 0.065 0.06 0.045 0.04 0.03 0.13
 0.07 0.14 0.18 0.16 0.09 0.045 0.06 0.045 0.025 0.04 0.03 0.115
 0.07 0.115 0.225 0.115 0.09 0.1 0.035 0.06 0.045 0.025 0.035 0.085
 0.09 0.115 0.11 0.17 0.08 0.09 0.05 0.075 0.035 0.02 0.045 0.12
 0.12 0.2 0.135 0.075 0.065 0.08 0.05 0.055 0.06 0.02 0.025 0.115
 0.06 0.17 0.19 0.135 0.1 0.12 0.04 0.045 0.035 0.01 0.015 0.08
 0.06 0.21 0.215 0.145 0.11 0.015 0.065 0.03 0.035 0.035 0.015 0.065
 0.045 0.2 0.265 0.125 0.08 0.1 0.03 0.03 0.025 0.02 0.01 0.07
 0.11 0.235 0.185 0.15 0.085 0.07 0.04 0.025 0.035 0.01 0.005 0.05
 0.08 0.16 0.175 0.14 0.155 0.1 0.03 0.02 0.035 0.03 0.03 0.045
 0.09 0.235 0.145 0.14 0.095 0.08 0.05 0.03 0.025 0.01 0.025 0.075
 0.06 0.225 0.22 0.15 0.065 0.065 0.065 0.045 0.015 0.02 0.015 0.055
 0.085 0.16 0.265 0.185 0.095 0.035 0.03 0.04 0.025 0.03 0.005 0.045
 0.14 0.215 0.12 0.195 0.13 0.07 0.045 0.025 0.01 0.02 0.01 0.02
 0.12 0.255 0.145 0.09 0.135 0.09 0.08 0.02 0.03 0.015 0 0.02
 0.115 0.275 0.205 0.14 0.075 0.055 0.045 0.02 0.02 0.015 0.005 0.03
 0.11 0.255 0.195 0.175 0.085 0.035 0.05 0.035 0.02 0.015 0.005 0.02
 0.11 0.25 0.235 0.145 0.095 0.055 0.03 0.03 0.015 0.01 0.01 0.015
 0.125 0.185 0.255 0.175 0.13 0.085 0.01 0.01 0.015 0 0 0.01
 0.13 0.3 0.185 0.15 0.085 0.07 0.025 0.005 0.015 0.01 0.005 0.02
 0.125 0.21 0.325 0.145 0.045 0.09 0.035 0.02 0 0.005 0 0
 0.12 0.195 0.215 0.195 0.06 0.085 0.05 0.02 0.01 0 0.01 0.04
 0.12 0.265 0.19 0.15 0.115 0.065 0.04 0.02 0.005 0.005 0.01 0.015
 0.125 0.26 0.23 0.125 0.09 0.06 0.035 0.015 0.02 0.01 0.005 0.025
 0.155 0.24 0.165 0.205 0.085 0.075 0.02 0.015 0.02 0.01 0 0.01
 0.135 0.34 0.18 0.145 0.095 0.045 0.02 0.01 0 0.01 0.015 0.005
# wt_ind
 1 1 1 1 1 1 1 1 1 1 1 1
 1 1 1 1 1 1 1 1 1 1 1 1
 1 1 1 1 1 1 1 1 1 1 1 1
 1 1 1 1 1 1 1 1 1 1 1 1
 1 1 1 1 1 1 1 1 1 1 1 1
 1 1 1 1 1 1 1 1 1 1 1 1
 1 1 1 1 1 1 1 1 1 1 1 1
 1 1 1 1 1 1 1 1 1 1 1 1
 1 1 1 1 1 1 1 1 1 1 1 1
 1 1 1 1 1 1 1 1 1 1 1 1
 1 1 1 1 1 1 1 1 1 1 1 1
 1 1 1 1 1 1 1 1 1 1 1 1
 1 1 1 1 1 1 1 1 1 1 1 1
 1 1 1 1 1 1 1 1 1 1 1 1
 1 1 1 1 1 1 1 1 1 1 1 1
 1 1 1 1 1 1 1 1 1 1 1 1
 1 1 1 1 1 1 1 1 1 1 1 1
 1 1 1 1 1 1 1 1 1 1 1 1
 1 1 1 1 1 1 1 1 1 1 1 1
 1 1 1 1 1 1 1 1 1 1 1 1
 1 1 1 1 1 1 1 1 1 1 1 1
 1 1 1 1 1 1 1 1 1 1 1 1
 1 1 1 1 1 1 1 1 1 1 1 1
 1 1 1 1 1 1 1 1 1 1 1 1
 1 1 1 1 1 1 1 1 1 1 1 1
 1 1 1 1 1 1 1 1 1 1 1 1
 1 1 1 1 1 1 1 1 1 1 1 1
 1 1 1 1 1 1 1 1 1 1 1 1
 1 1 1 1 1 1 1 1 1 1 1 1
 1 1 1 1 1 1 1 1 1 1 1 1
# wt_pop
 0.000530656 0.00119633 0.00205827 0.00303499 0.00405521 0.0050647 0.00602623 0.00691692 0.00772489 0.00844611 0.00908185 0.0096367
# maturity
 0.0229774 0.320821 0.904651 0.99478 0.999739 0.999987 0.999999 1 1 1 1 1
# spawnmo
1
# age_err
 1 0 0 0 0 0 0 0 0 0 0 0
 0 1 0 0 0 0 0 0 0 0 0 0
 0 0 1 0 0 0 0 0 0 0 0 0
 0 0 0 1 0 0 0 0 0 0 0 0
 0 0 0 0 1 0 0 0 0 0 0 0
 0 0 0 0 0 1 0 0 0 0 0 0
 0 0 0 0 0 0 1 0 0 0 0 0
 0 0 0 0 0 0 0 1 0 0 0 0
 0 0 0 0 0 0 0 0 1 0 0 0
 0 0 0 0 0 0 0 0 0 1 0 0
 0 0 0 0 0 0 0 0 0 0 1 0
 0 0 0 0 0 0 0 0 0 0 0 1
# cntrlfile_name
C:\Users\bai.li\DOCUME~1\Github\AGE_ST~1\ASSAMC\example\output\AMAK\s93\amak.dat
# Map shared selectivity: 
# sel_map
 1 2
 1 1
# datafile_name
amak_data.dat
# model_name
AMAK_MCP
# SrType
2
# use_age_err
0
# retro
0
# sigmarprior
0.2
# cvsigmarprior
0.25
# phase_sigmar
-3
# styr_rec_est
1
# endyr_rec_est
30
# Linfprior
80
# cvLinfprior
0.25
# kprior
0.18
# cvkprior
0.25
# Loprior
27.688
# cvLoprior
0.25
# sdageprior
0.1
# cvsdageprior
0.25
# natmortprior
0.2
# cvnatmortprior
0.25
# phase_M
-4
# npars_Mage
0
# ages_M_changes

# Mage_in

# Mage_offset_in

# phase_Mage
-5
# phase_rw_M
0
# npars_rw_M
0
# yrs_rw_M

# sigma_rw_M

# qprior
 3.48998e-007
# cvqprior
 1
# phase_q
 1
# q_power_prior
 1
# cvq_power_prior
 0.2
# phase_q_power
 -4
# phase_rw_q
 -1
# npars_rw_q
 0
# yrs_rw_q

# sigma_rw_q

# q_age_min
 1
# q_age_max
 12
# q_age_min
 1
# q_age_max
 12
# fsh_sel_opt(k)
2
# phase_sel_fsh(k)
2
# n_sel_ch_fsh(k)
1
# sel_slp_in_fsh(k)(1,n_sel_ch_fsh(k))
 1
# sel_inf_in_fsh(k)(1,n_sel_ch_fsh(k))
 2
# logsel_slp_in_fsh(k)(1,n_sel_ch_fsh(k))
 0
# yrs_sel_ch_fsh(k)(1,n_sel_ch_fsh(k))
 1

Survey SURVEY1
# ind_sel_opt(k)
2
# indname(k)
SURVEY1
# nselages_in_ind(k)
11
# phase_sel_ind(k)
2
# sel_change_in_ind(k)
 1 0 0 0 0 0 0 0 0 0 0 0 0 0 0 0 0 0 0 0 0 0 0 0 0 0 0 0 0 0
# n_sel_ch_ind(k)
1
# yrs_sel_ch_ind(k)(1,n_sel_ch_ind(k))
 1
# sel_slp_in_ind(k,1)
2
# sel_inf_in_ind(k,1)
1.5
# logsel_slp_in_ind(k,1)
0.693147
# logsel_slp_in_indv(k)
0.693147
SURVEY1 ind sel opt 2  1 0 0 0 0 0 0 0 0 0 0 0 0 0 0 0 0 0 0 0 0 0 0 0 0 0 0 0 0 0
Phase indices Sel_Coffs:  -1
 Test: 1.23457e+008
# Fshry Selages:  11
# Srvy  Selages:  11
# Phase for age-spec fishery  -1
# Phase for logistic fishery  2
# Phase for dble logistic fishery  -1
# Phase for age-spec indices   -1
# Phase for logistic indices   2
# Phase for dble logistic ind  -1
# Curv_pen_fsh: 
 0
# Curv_pen_ind: 
 0
# styr_fut
31
# endyr_fut
35
# nyrs_fsh_age
 30
# nyrs_fsh_age
 30
# yrs_fsh_age
 1 2 3 4 5 6 7 8 9 10 11 12 13 14 15 16 17 18 19 20 21 22 23 24 25 26 27 28 29 30
# n_sample_fsh_age
 200 200 200 200 200 200 200 200 200 200 200 200 200 200 200 200 200 200 200 200 200 200 200 200 200 200 200 200 200 200
# oac_fsh
 0.065 0.08 0.145 0.115 0.055 0.055 0.075 0.095 0.045 0.06 0.045 0.165
 0.075 0.075 0.155 0.09 0.12 0.075 0.075 0.05 0.06 0.035 0.035 0.155
 0.03 0.105 0.175 0.075 0.14 0.11 0.075 0.06 0.065 0.055 0.015 0.095
 0.085 0.07 0.145 0.105 0.14 0.1 0.085 0.025 0.075 0.035 0.025 0.11
 0.08 0.075 0.12 0.14 0.105 0.1 0.06 0.05 0.045 0.04 0.02 0.165
 0.06 0.125 0.1 0.115 0.12 0.085 0.085 0.06 0.035 0.04 0.055 0.12
 0.085 0.095 0.145 0.14 0.09 0.13 0.065 0.025 0.055 0.03 0.02 0.12
 0.065 0.095 0.1 0.15 0.12 0.08 0.08 0.07 0.055 0.02 0.035 0.13
 0.085 0.115 0.12 0.115 0.15 0.095 0.065 0.04 0.03 0.015 0.06 0.11
 0.08 0.15 0.15 0.095 0.095 0.09 0.075 0.065 0.02 0.035 0.04 0.105
 0.105 0.155 0.17 0.15 0.08 0.08 0.07 0.02 0.025 0.03 0.005 0.11
 0.08 0.115 0.15 0.11 0.17 0.09 0.025 0.085 0.025 0.03 0.02 0.1
 0.11 0.12 0.135 0.19 0.135 0.05 0.07 0.015 0.04 0.005 0.045 0.085
 0.16 0.165 0.11 0.18 0.1 0.09 0.04 0.02 0.03 0.025 0.03 0.05
 0.11 0.19 0.17 0.095 0.115 0.1 0.065 0.03 0.035 0.03 0.015 0.045
 0.06 0.2 0.22 0.11 0.08 0.115 0.08 0.03 0.035 0.01 0.035 0.025
 0.08 0.135 0.25 0.215 0.075 0.055 0.04 0.025 0.02 0.025 0.01 0.07
 0.15 0.125 0.1 0.225 0.12 0.09 0.03 0.025 0.025 0.03 0.015 0.065
 0.175 0.15 0.16 0.095 0.145 0.105 0.04 0.02 0.025 0.03 0 0.055
 0.21 0.18 0.155 0.12 0.08 0.08 0.08 0.035 0.01 0.015 0.015 0.02
 0.135 0.205 0.22 0.2 0.075 0.03 0.06 0.02 0.015 0.01 0.015 0.015
 0.125 0.24 0.205 0.195 0.07 0.04 0.035 0.02 0.025 0.02 0 0.025
 0.16 0.17 0.215 0.135 0.1 0.06 0.045 0.02 0.04 0.025 0.015 0.015
 0.105 0.185 0.24 0.215 0.085 0.07 0.035 0.02 0.01 0.01 0.02 0.005
 0.13 0.23 0.21 0.145 0.11 0.07 0.045 0.02 0.01 0.025 0.005 0
 0.13 0.185 0.2 0.175 0.115 0.055 0.07 0.03 0.01 0.01 0 0.02
 0.175 0.2 0.16 0.135 0.17 0.06 0.035 0.02 0.02 0.005 0.01 0.01
 0.14 0.205 0.275 0.075 0.09 0.09 0.055 0.02 0.01 0.03 0.005 0.005
 0.205 0.24 0.245 0.085 0.085 0.045 0.055 0.015 0.01 0.005 0 0.01
 0.185 0.27 0.185 0.165 0.075 0.015 0.065 0.01 0.01 0.005 0.005 0.01
# olc_fsh

# wt_fsh
 0.000530656 0.00119633 0.00205827 0.00303499 0.00405521 0.0050647 0.00602623 0.00691692 0.00772489 0.00844611 0.00908185 0.0096367
 0.000530656 0.00119633 0.00205827 0.00303499 0.00405521 0.0050647 0.00602623 0.00691692 0.00772489 0.00844611 0.00908185 0.0096367
 0.000530656 0.00119633 0.00205827 0.00303499 0.00405521 0.0050647 0.00602623 0.00691692 0.00772489 0.00844611 0.00908185 0.0096367
 0.000530656 0.00119633 0.00205827 0.00303499 0.00405521 0.0050647 0.00602623 0.00691692 0.00772489 0.00844611 0.00908185 0.0096367
 0.000530656 0.00119633 0.00205827 0.00303499 0.00405521 0.0050647 0.00602623 0.00691692 0.00772489 0.00844611 0.00908185 0.0096367
 0.000530656 0.00119633 0.00205827 0.00303499 0.00405521 0.0050647 0.00602623 0.00691692 0.00772489 0.00844611 0.00908185 0.0096367
 0.000530656 0.00119633 0.00205827 0.00303499 0.00405521 0.0050647 0.00602623 0.00691692 0.00772489 0.00844611 0.00908185 0.0096367
 0.000530656 0.00119633 0.00205827 0.00303499 0.00405521 0.0050647 0.00602623 0.00691692 0.00772489 0.00844611 0.00908185 0.0096367
 0.000530656 0.00119633 0.00205827 0.00303499 0.00405521 0.0050647 0.00602623 0.00691692 0.00772489 0.00844611 0.00908185 0.0096367
 0.000530656 0.00119633 0.00205827 0.00303499 0.00405521 0.0050647 0.00602623 0.00691692 0.00772489 0.00844611 0.00908185 0.0096367
 0.000530656 0.00119633 0.00205827 0.00303499 0.00405521 0.0050647 0.00602623 0.00691692 0.00772489 0.00844611 0.00908185 0.0096367
 0.000530656 0.00119633 0.00205827 0.00303499 0.00405521 0.0050647 0.00602623 0.00691692 0.00772489 0.00844611 0.00908185 0.0096367
 0.000530656 0.00119633 0.00205827 0.00303499 0.00405521 0.0050647 0.00602623 0.00691692 0.00772489 0.00844611 0.00908185 0.0096367
 0.000530656 0.00119633 0.00205827 0.00303499 0.00405521 0.0050647 0.00602623 0.00691692 0.00772489 0.00844611 0.00908185 0.0096367
 0.000530656 0.00119633 0.00205827 0.00303499 0.00405521 0.0050647 0.00602623 0.00691692 0.00772489 0.00844611 0.00908185 0.0096367
 0.000530656 0.00119633 0.00205827 0.00303499 0.00405521 0.0050647 0.00602623 0.00691692 0.00772489 0.00844611 0.00908185 0.0096367
 0.000530656 0.00119633 0.00205827 0.00303499 0.00405521 0.0050647 0.00602623 0.00691692 0.00772489 0.00844611 0.00908185 0.0096367
 0.000530656 0.00119633 0.00205827 0.00303499 0.00405521 0.0050647 0.00602623 0.00691692 0.00772489 0.00844611 0.00908185 0.0096367
 0.000530656 0.00119633 0.00205827 0.00303499 0.00405521 0.0050647 0.00602623 0.00691692 0.00772489 0.00844611 0.00908185 0.0096367
 0.000530656 0.00119633 0.00205827 0.00303499 0.00405521 0.0050647 0.00602623 0.00691692 0.00772489 0.00844611 0.00908185 0.0096367
 0.000530656 0.00119633 0.00205827 0.00303499 0.00405521 0.0050647 0.00602623 0.00691692 0.00772489 0.00844611 0.00908185 0.0096367
 0.000530656 0.00119633 0.00205827 0.00303499 0.00405521 0.0050647 0.00602623 0.00691692 0.00772489 0.00844611 0.00908185 0.0096367
 0.000530656 0.00119633 0.00205827 0.00303499 0.00405521 0.0050647 0.00602623 0.00691692 0.00772489 0.00844611 0.00908185 0.0096367
 0.000530656 0.00119633 0.00205827 0.00303499 0.00405521 0.0050647 0.00602623 0.00691692 0.00772489 0.00844611 0.00908185 0.0096367
 0.000530656 0.00119633 0.00205827 0.00303499 0.00405521 0.0050647 0.00602623 0.00691692 0.00772489 0.00844611 0.00908185 0.0096367
 0.000530656 0.00119633 0.00205827 0.00303499 0.00405521 0.0050647 0.00602623 0.00691692 0.00772489 0.00844611 0.00908185 0.0096367
 0.000530656 0.00119633 0.00205827 0.00303499 0.00405521 0.0050647 0.00602623 0.00691692 0.00772489 0.00844611 0.00908185 0.0096367
 0.000530656 0.00119633 0.00205827 0.00303499 0.00405521 0.0050647 0.00602623 0.00691692 0.00772489 0.00844611 0.00908185 0.0096367
 0.000530656 0.00119633 0.00205827 0.00303499 0.00405521 0.0050647 0.00602623 0.00691692 0.00772489 0.00844611 0.00908185 0.0096367
 0.000530656 0.00119633 0.00205827 0.00303499 0.00405521 0.0050647 0.00602623 0.00691692 0.00772489 0.00844611 0.00908185 0.0096367
# nyrs_ind_age
 30
# yrs_ind_age
 1 2 3 4 5 6 7 8 9 10 11 12 13 14 15 16 17 18 19 20 21 22 23 24 25 26 27 28 29 30
# n_sample_ind_age
 200 200 200 200 200 200 200 200 200 200 200 200 200 200 200 200 200 200 200 200 200 200 200 200 200 200 200 200 200 200
# oac_ind
 0.06 0.155 0.165 0.115 0.115 0.085 0.08 0.035 0.045 0.035 0.025 0.085
 0.06 0.105 0.13 0.12 0.115 0.075 0.055 0.07 0.075 0.03 0.025 0.14
 0.075 0.13 0.13 0.12 0.135 0.065 0.055 0.055 0.045 0.025 0.04 0.125
 0.095 0.1 0.2 0.09 0.095 0.07 0.055 0.035 0.045 0.03 0.025 0.16
 0.065 0.14 0.095 0.165 0.1 0.065 0.065 0.06 0.045 0.04 0.03 0.13
 0.07 0.14 0.18 0.16 0.09 0.045 0.06 0.045 0.025 0.04 0.03 0.115
 0.07 0.115 0.225 0.115 0.09 0.1 0.035 0.06 0.045 0.025 0.035 0.085
 0.09 0.115 0.11 0.17 0.08 0.09 0.05 0.075 0.035 0.02 0.045 0.12
 0.12 0.2 0.135 0.075 0.065 0.08 0.05 0.055 0.06 0.02 0.025 0.115
 0.06 0.17 0.19 0.135 0.1 0.12 0.04 0.045 0.035 0.01 0.015 0.08
 0.06 0.21 0.215 0.145 0.11 0.015 0.065 0.03 0.035 0.035 0.015 0.065
 0.045 0.2 0.265 0.125 0.08 0.1 0.03 0.03 0.025 0.02 0.01 0.07
 0.11 0.235 0.185 0.15 0.085 0.07 0.04 0.025 0.035 0.01 0.005 0.05
 0.08 0.16 0.175 0.14 0.155 0.1 0.03 0.02 0.035 0.03 0.03 0.045
 0.09 0.235 0.145 0.14 0.095 0.08 0.05 0.03 0.025 0.01 0.025 0.075
 0.06 0.225 0.22 0.15 0.065 0.065 0.065 0.045 0.015 0.02 0.015 0.055
 0.085 0.16 0.265 0.185 0.095 0.035 0.03 0.04 0.025 0.03 0.005 0.045
 0.14 0.215 0.12 0.195 0.13 0.07 0.045 0.025 0.01 0.02 0.01 0.02
 0.12 0.255 0.145 0.09 0.135 0.09 0.08 0.02 0.03 0.015 0 0.02
 0.115 0.275 0.205 0.14 0.075 0.055 0.045 0.02 0.02 0.015 0.005 0.03
 0.11 0.255 0.195 0.175 0.085 0.035 0.05 0.035 0.02 0.015 0.005 0.02
 0.11 0.25 0.235 0.145 0.095 0.055 0.03 0.03 0.015 0.01 0.01 0.015
 0.125 0.185 0.255 0.175 0.13 0.085 0.01 0.01 0.015 0 0 0.01
 0.13 0.3 0.185 0.15 0.085 0.07 0.025 0.005 0.015 0.01 0.005 0.02
 0.125 0.21 0.325 0.145 0.045 0.09 0.035 0.02 0 0.005 0 0
 0.12 0.195 0.215 0.195 0.06 0.085 0.05 0.02 0.01 0 0.01 0.04
 0.12 0.265 0.19 0.15 0.115 0.065 0.04 0.02 0.005 0.005 0.01 0.015
 0.125 0.26 0.23 0.125 0.09 0.06 0.035 0.015 0.02 0.01 0.005 0.025
 0.155 0.24 0.165 0.205 0.085 0.075 0.02 0.015 0.02 0.01 0 0.01
 0.135 0.34 0.18 0.145 0.095 0.045 0.02 0.01 0 0.01 0.015 0.005
# olc_ind

# obs_lse_ind
 0.198042 0.198042 0.198042 0.198042 0.198042 0.198042 0.198042 0.198042 0.198042 0.198042 0.198042 0.198042 0.198042 0.198042 0.198042 0.198042 0.198042 0.198042 0.198042 0.198042 0.198042 0.198042 0.198042 0.198042 0.198042 0.198042 0.198042 0.198042 0.198042 0.198042
# xages_fsh
 0 0 0 0 0 0 0 0 0 0 0 0
# xages_fsh
 0 0.0909091 0.181818 0.272727 0.363636 0.454545 0.545455 0.636364 0.727273 0.818182 0.909091 1
# xnodes_fsh

Yrs fsh_sel change:  1 0 0 0 0 0 0 0 0 0 0 0 0 0 0 0 0 0 0 0 0 0 0 0 0 0 0 0 0
Yrs ind_sel change:  1 0 0 0 0 0 0 0 0 0 0 0 0 0 0 0 0 0 0 0 0 0 0 0 0 0 0 0 0
# steepnessprior
0.75
# sigmarprior
0.2
#  SSB estimated in styr endyr: -13 28 
#  Rec estimated in styr endyr: -11 30 
#  SR Curve fit  in styr endyr: 1 30 
#             Model styr endyr: 1 30 
# qprior
 3.48998e-007
# q_power_prior 
 1 
# cv_catchbiomass 
0.05 
# CatchbiomassPen 
200 
# Number of projection years 
5 
# offset_fsh
 13356.3
# offset_ind
 13011.3
Mean Catch
1304.22
R_guess 
15.4335
# nfsh
1
# n_sel_ch_fsh
 1
# nselages_fsh
 11
# phase_selcoff_fsh
 -1
logRzero 15.4335
logmeanrec 15.4335
exp(log_sigmarprior 0.2
Fish sel phase: -1 FLEET1
Fixing fishery sel to
1
Srvy sel phase: -1
Fixing SURVEY1 indices sel to
1
# logsel_slp_in_indv
 0.693147
Leaving parameter init secton
# M
 0.2 0.2 0.2 0.2 0.2 0.2 0.2 0.2 0.2 0.2 0.2 0.2
 0.2 0.2 0.2 0.2 0.2 0.2 0.2 0.2 0.2 0.2 0.2 0.2
 0.2 0.2 0.2 0.2 0.2 0.2 0.2 0.2 0.2 0.2 0.2 0.2
 0.2 0.2 0.2 0.2 0.2 0.2 0.2 0.2 0.2 0.2 0.2 0.2
 0.2 0.2 0.2 0.2 0.2 0.2 0.2 0.2 0.2 0.2 0.2 0.2
 0.2 0.2 0.2 0.2 0.2 0.2 0.2 0.2 0.2 0.2 0.2 0.2
 0.2 0.2 0.2 0.2 0.2 0.2 0.2 0.2 0.2 0.2 0.2 0.2
 0.2 0.2 0.2 0.2 0.2 0.2 0.2 0.2 0.2 0.2 0.2 0.2
 0.2 0.2 0.2 0.2 0.2 0.2 0.2 0.2 0.2 0.2 0.2 0.2
 0.2 0.2 0.2 0.2 0.2 0.2 0.2 0.2 0.2 0.2 0.2 0.2
 0.2 0.2 0.2 0.2 0.2 0.2 0.2 0.2 0.2 0.2 0.2 0.2
 0.2 0.2 0.2 0.2 0.2 0.2 0.2 0.2 0.2 0.2 0.2 0.2
 0.2 0.2 0.2 0.2 0.2 0.2 0.2 0.2 0.2 0.2 0.2 0.2
 0.2 0.2 0.2 0.2 0.2 0.2 0.2 0.2 0.2 0.2 0.2 0.2
 0.2 0.2 0.2 0.2 0.2 0.2 0.2 0.2 0.2 0.2 0.2 0.2
 0.2 0.2 0.2 0.2 0.2 0.2 0.2 0.2 0.2 0.2 0.2 0.2
 0.2 0.2 0.2 0.2 0.2 0.2 0.2 0.2 0.2 0.2 0.2 0.2
 0.2 0.2 0.2 0.2 0.2 0.2 0.2 0.2 0.2 0.2 0.2 0.2
 0.2 0.2 0.2 0.2 0.2 0.2 0.2 0.2 0.2 0.2 0.2 0.2
 0.2 0.2 0.2 0.2 0.2 0.2 0.2 0.2 0.2 0.2 0.2 0.2
 0.2 0.2 0.2 0.2 0.2 0.2 0.2 0.2 0.2 0.2 0.2 0.2
 0.2 0.2 0.2 0.2 0.2 0.2 0.2 0.2 0.2 0.2 0.2 0.2
 0.2 0.2 0.2 0.2 0.2 0.2 0.2 0.2 0.2 0.2 0.2 0.2
 0.2 0.2 0.2 0.2 0.2 0.2 0.2 0.2 0.2 0.2 0.2 0.2
 0.2 0.2 0.2 0.2 0.2 0.2 0.2 0.2 0.2 0.2 0.2 0.2
 0.2 0.2 0.2 0.2 0.2 0.2 0.2 0.2 0.2 0.2 0.2 0.2
 0.2 0.2 0.2 0.2 0.2 0.2 0.2 0.2 0.2 0.2 0.2 0.2
 0.2 0.2 0.2 0.2 0.2 0.2 0.2 0.2 0.2 0.2 0.2 0.2
 0.2 0.2 0.2 0.2 0.2 0.2 0.2 0.2 0.2 0.2 0.2 0.2
 0.2 0.2 0.2 0.2 0.2 0.2 0.2 0.2 0.2 0.2 0.2 0.2
# mean_log_rec
13.7684
# log_Rzero
13.8078
# rec_dev
 -0.0709702 -0.0854207 0.00140037 0.0166786 -0.0620178 0.106298 0.027676 0.0380706 -0.0946801 0.035056 0.0933834 0.0213333 -0.0283826 0.135069 -0.0557845 -0.000780004 0.174899 -0.219292 -0.10824 0.0129034 0.0412343 0.116647 -0.0267795 -0.214304 -0.0326474 0.236515 0.238526 -0.352116 -0.201843 0.0124637 0.0969191 0.0952167 0.0448433 -0.139633 0.0531737 -0.210951 -0.415615 -0.221232 -0.24634 -0.327265 -0.088674 -0.256094
# fmort
 0.00901154 0.0265468 0.0441273 0.0607363 0.0483726 0.0877182 0.0900729 0.192802 0.113251 0.138469 0.158789 0.171565 0.124621 0.180962 0.195202 0.175074 0.337831 0.278239 0.275207 0.271535 0.374707 0.267875 0.440921 0.3695 0.369829 0.347246 0.353155 0.509445 0.398773 0.652988
# rec_dev_future
 0 0 0 0 0
