AMAK;Mar 2020
# styr
1
# endyr
30
# rec_age
1
# oldest_age
12
# nlength
81
# len_bins
 10 11 12 13 14 15 16 17 18 19 20 21 22 23 24 25 26 27 28 29 30 31 32 33 34 35 36 37 38 39 40 41 42 43 44 45 46 47 48 49 50 51 52 53 54 55 56 57 58 59 60 61 62 63 64 65 66 67 68 69 70 71 72 73 74 75 76 77 78 79 80 81 82 83 84 85 86 87 88 89 90
# datafile_name
amak_data.dat
# model_name
AMAK_MCP
# styr
1
# endyr
30
# rec_age
1
# oldest_age
12
# nfsh
1
# fshname
FLEET1
# catch_bio_in
 160.241 463.36 740.789 974.419 753.568 1291.02 1225.55 2348.65 1255.79 1462.22 1557.62 1576.79 1074.76 1493.68 1446.84 1209.46 2081.76 1509.07 1391.67 1316.53 1739.1 1167.51 1731 1259.83 1153.59 1011.4 973.938 1304.55 951.691 1366.36
# catch_bio_sd_in
 0.01 0.01 0.01 0.01 0.01 0.01 0.01 0.01 0.01 0.01 0.01 0.01 0.01 0.01 0.01 0.01 0.01 0.01 0.01 0.01 0.01 0.01 0.01 0.01 0.01 0.01 0.01 0.01 0.01 0.01
# nyrs_fsh_age
 30
# nyrs_fsh_length
 0
# yrs_fsh_age_in
 1 2 3 4 5 6 7 8 9 10 11 12 13 14 15 16 17 18 19 20 21 22 23 24 25 26 27 28 29 30
# yrs_fsh_length_in

# n_sample_fsh_length_in

# olc_fsh_in

# nind
1
# indname
SURVEY1
# nyrs_ind
 30
# yrs_ind_in
 1 2 3 4 5 6 7 8 9 10 11 12 13 14 15 16 17 18 19 20 21 22 23 24 25 26 27 28 29 30
# mo_ind
 1
# obs_ind_in
 1.56929 1.66674 1.84302 1.34677 1.66857 1.48374 1.22902 1.34453 1.15671 1.31189 1.25166 1.2864 1.13424 0.985239 1.11371 0.917829 1.10336 0.834045 0.792197 0.840831 0.853461 0.773734 0.702078 0.718755 0.600893 0.631537 0.567686 0.651831 0.521186 0.555354
# obs_se_ind_in
 0.313858 0.333349 0.368603 0.269355 0.333713 0.296747 0.245805 0.268905 0.231342 0.262378 0.250331 0.25728 0.226848 0.197048 0.222742 0.183566 0.220672 0.166809 0.158439 0.168166 0.170692 0.154747 0.140416 0.143751 0.120179 0.126307 0.113537 0.130366 0.104237 0.111071
# nyrs_ind_age
 30
# nyrs_ind_length
 0
# yrs_ind_age_in
 1 2 3 4 5 6 7 8 9 10 11 12 13 14 15 16 17 18 19 20 21 22 23 24 25 26 27 28 29 30
# yrs_ind_length_in

# yrs_ind_age_in
 1 2 3 4 5 6 7 8 9 10 11 12 13 14 15 16 17 18 19 20 21 22 23 24 25 26 27 28 29 30
# n_sample_ind_length_in

# olc_ind_in

# oac_ind_in
 0.09 0.085 0.125 0.12 0.125 0.05 0.065 0.055 0.055 0.04 0.04 0.15
 0.055 0.135 0.14 0.125 0.105 0.085 0.06 0.09 0.055 0.01 0.02 0.12
 0.05 0.125 0.145 0.1 0.09 0.085 0.08 0.06 0.025 0.055 0.025 0.16
 0.06 0.175 0.115 0.115 0.095 0.105 0.06 0.065 0.045 0.045 0.03 0.09
 0.05 0.135 0.17 0.13 0.08 0.055 0.06 0.055 0.075 0.055 0.04 0.095
 0.06 0.185 0.175 0.12 0.08 0.075 0.05 0.05 0.04 0.045 0.025 0.095
 0.04 0.13 0.235 0.11 0.1 0.075 0.07 0.04 0.04 0.025 0.035 0.1
 0.095 0.17 0.135 0.14 0.08 0.095 0.04 0.055 0.035 0.04 0.02 0.095
 0.065 0.235 0.14 0.145 0.065 0.075 0.08 0.04 0.015 0.015 0.02 0.105
 0.105 0.14 0.16 0.095 0.065 0.1 0.06 0.065 0.025 0.055 0.015 0.115
 0.05 0.26 0.17 0.175 0.075 0.05 0.065 0.035 0.03 0.005 0.01 0.075
 0.045 0.11 0.26 0.115 0.13 0.055 0.085 0.07 0.02 0.03 0.03 0.05
 0.07 0.23 0.125 0.175 0.105 0.105 0.04 0.03 0.035 0.02 0.015 0.05
 0.045 0.185 0.195 0.145 0.14 0.065 0.085 0.03 0.025 0.03 0.01 0.045
 0.085 0.14 0.185 0.125 0.1 0.125 0.035 0.05 0.02 0.03 0.02 0.085
 0.12 0.165 0.12 0.17 0.1 0.055 0.09 0.05 0.05 0.005 0.02 0.055
 0.095 0.205 0.195 0.11 0.105 0.095 0.045 0.07 0.015 0.02 0.025 0.02
 0.16 0.21 0.225 0.125 0.065 0.055 0.05 0.03 0.035 0.005 0.01 0.03
 0.08 0.265 0.18 0.21 0.06 0.05 0.03 0.025 0.02 0.03 0.005 0.045
 0.14 0.26 0.22 0.09 0.14 0.04 0.01 0.03 0.015 0.01 0.01 0.035
 0.095 0.18 0.315 0.145 0.085 0.075 0.02 0.025 0.02 0.02 0.005 0.015
 0.065 0.195 0.265 0.155 0.12 0.07 0.065 0.02 0.005 0.015 0.005 0.02
 0.14 0.25 0.22 0.125 0.095 0.05 0.04 0.035 0.015 0.01 0.005 0.015
 0.105 0.23 0.205 0.115 0.13 0.09 0.04 0.025 0.03 0 0.015 0.015
 0.1 0.265 0.24 0.125 0.09 0.065 0.025 0.025 0.02 0.015 0 0.03
 0.1 0.17 0.235 0.21 0.1 0.105 0.02 0.015 0.01 0 0.015 0.02
 0.13 0.255 0.16 0.19 0.11 0.055 0.05 0.02 0.01 0.01 0 0.01
 0.11 0.26 0.275 0.125 0.09 0.07 0.025 0.01 0.01 0.02 0.005 0
 0.165 0.265 0.215 0.145 0.07 0.065 0.03 0.02 0.01 0.005 0.005 0.005
 0.1 0.35 0.23 0.1 0.115 0.045 0.025 0.01 0.015 0.005 0 0.005
# wt_ind
 1 1 1 1 1 1 1 1 1 1 1 1
 1 1 1 1 1 1 1 1 1 1 1 1
 1 1 1 1 1 1 1 1 1 1 1 1
 1 1 1 1 1 1 1 1 1 1 1 1
 1 1 1 1 1 1 1 1 1 1 1 1
 1 1 1 1 1 1 1 1 1 1 1 1
 1 1 1 1 1 1 1 1 1 1 1 1
 1 1 1 1 1 1 1 1 1 1 1 1
 1 1 1 1 1 1 1 1 1 1 1 1
 1 1 1 1 1 1 1 1 1 1 1 1
 1 1 1 1 1 1 1 1 1 1 1 1
 1 1 1 1 1 1 1 1 1 1 1 1
 1 1 1 1 1 1 1 1 1 1 1 1
 1 1 1 1 1 1 1 1 1 1 1 1
 1 1 1 1 1 1 1 1 1 1 1 1
 1 1 1 1 1 1 1 1 1 1 1 1
 1 1 1 1 1 1 1 1 1 1 1 1
 1 1 1 1 1 1 1 1 1 1 1 1
 1 1 1 1 1 1 1 1 1 1 1 1
 1 1 1 1 1 1 1 1 1 1 1 1
 1 1 1 1 1 1 1 1 1 1 1 1
 1 1 1 1 1 1 1 1 1 1 1 1
 1 1 1 1 1 1 1 1 1 1 1 1
 1 1 1 1 1 1 1 1 1 1 1 1
 1 1 1 1 1 1 1 1 1 1 1 1
 1 1 1 1 1 1 1 1 1 1 1 1
 1 1 1 1 1 1 1 1 1 1 1 1
 1 1 1 1 1 1 1 1 1 1 1 1
 1 1 1 1 1 1 1 1 1 1 1 1
 1 1 1 1 1 1 1 1 1 1 1 1
# wt_pop
 0.000530656 0.00119633 0.00205827 0.00303499 0.00405521 0.0050647 0.00602623 0.00691692 0.00772489 0.00844611 0.00908185 0.0096367
# maturity
 0.0229774 0.320821 0.904651 0.99478 0.999739 0.999987 0.999999 1 1 1 1 1
# spawnmo
1
# age_err
 1 0 0 0 0 0 0 0 0 0 0 0
 0 1 0 0 0 0 0 0 0 0 0 0
 0 0 1 0 0 0 0 0 0 0 0 0
 0 0 0 1 0 0 0 0 0 0 0 0
 0 0 0 0 1 0 0 0 0 0 0 0
 0 0 0 0 0 1 0 0 0 0 0 0
 0 0 0 0 0 0 1 0 0 0 0 0
 0 0 0 0 0 0 0 1 0 0 0 0
 0 0 0 0 0 0 0 0 1 0 0 0
 0 0 0 0 0 0 0 0 0 1 0 0
 0 0 0 0 0 0 0 0 0 0 1 0
 0 0 0 0 0 0 0 0 0 0 0 1
# cntrlfile_name
C:\Users\bai.li\DOCUME~1\Github\AGE_ST~1\ASSAMC\example\output\AMAK\s136\amak.dat
# Map shared selectivity: 
# sel_map
 1 2
 1 1
# datafile_name
amak_data.dat
# model_name
AMAK_MCP
# SrType
2
# use_age_err
0
# retro
0
# sigmarprior
0.2
# cvsigmarprior
0.25
# phase_sigmar
-3
# styr_rec_est
1
# endyr_rec_est
30
# Linfprior
80
# cvLinfprior
0.25
# kprior
0.18
# cvkprior
0.25
# Loprior
27.688
# cvLoprior
0.25
# sdageprior
0.1
# cvsdageprior
0.25
# natmortprior
0.2
# cvnatmortprior
0.25
# phase_M
-4
# npars_Mage
0
# ages_M_changes

# Mage_in

# Mage_offset_in

# phase_Mage
-5
# phase_rw_M
0
# npars_rw_M
0
# yrs_rw_M

# sigma_rw_M

# qprior
 3.48998e-007
# cvqprior
 1
# phase_q
 1
# q_power_prior
 1
# cvq_power_prior
 0.2
# phase_q_power
 -4
# phase_rw_q
 -1
# npars_rw_q
 0
# yrs_rw_q

# sigma_rw_q

# q_age_min
 1
# q_age_max
 12
# q_age_min
 1
# q_age_max
 12
# fsh_sel_opt(k)
2
# phase_sel_fsh(k)
2
# n_sel_ch_fsh(k)
1
# sel_slp_in_fsh(k)(1,n_sel_ch_fsh(k))
 1
# sel_inf_in_fsh(k)(1,n_sel_ch_fsh(k))
 2
# logsel_slp_in_fsh(k)(1,n_sel_ch_fsh(k))
 0
# yrs_sel_ch_fsh(k)(1,n_sel_ch_fsh(k))
 1

Survey SURVEY1
# ind_sel_opt(k)
2
# indname(k)
SURVEY1
# nselages_in_ind(k)
11
# phase_sel_ind(k)
2
# sel_change_in_ind(k)
 1 0 0 0 0 0 0 0 0 0 0 0 0 0 0 0 0 0 0 0 0 0 0 0 0 0 0 0 0 0
# n_sel_ch_ind(k)
1
# yrs_sel_ch_ind(k)(1,n_sel_ch_ind(k))
 1
# sel_slp_in_ind(k,1)
2
# sel_inf_in_ind(k,1)
1.5
# logsel_slp_in_ind(k,1)
0.693147
# logsel_slp_in_indv(k)
0.693147
SURVEY1 ind sel opt 2  1 0 0 0 0 0 0 0 0 0 0 0 0 0 0 0 0 0 0 0 0 0 0 0 0 0 0 0 0 0
Phase indices Sel_Coffs:  -1
 Test: 1.23457e+008
# Fshry Selages:  11
# Srvy  Selages:  11
# Phase for age-spec fishery  -1
# Phase for logistic fishery  2
# Phase for dble logistic fishery  -1
# Phase for age-spec indices   -1
# Phase for logistic indices   2
# Phase for dble logistic ind  -1
# Curv_pen_fsh: 
 0
# Curv_pen_ind: 
 0
# styr_fut
31
# endyr_fut
35
# nyrs_fsh_age
 30
# nyrs_fsh_age
 30
# yrs_fsh_age
 1 2 3 4 5 6 7 8 9 10 11 12 13 14 15 16 17 18 19 20 21 22 23 24 25 26 27 28 29 30
# n_sample_fsh_age
 200 200 200 200 200 200 200 200 200 200 200 200 200 200 200 200 200 200 200 200 200 200 200 200 200 200 200 200 200 200
# oac_fsh
 0.06 0.07 0.125 0.15 0.075 0.09 0.08 0.065 0.06 0.035 0.035 0.155
 0.045 0.115 0.14 0.1 0.09 0.085 0.075 0.05 0.045 0.055 0.085 0.115
 0.06 0.095 0.16 0.1 0.095 0.09 0.065 0.065 0.055 0.015 0.035 0.165
 0.095 0.125 0.1 0.13 0.09 0.085 0.085 0.07 0.035 0.06 0 0.125
 0.08 0.08 0.175 0.1 0.125 0.085 0.075 0.03 0.05 0.055 0.02 0.125
 0.075 0.145 0.09 0.155 0.1 0.065 0.06 0.055 0.07 0.055 0.02 0.11
 0.055 0.095 0.175 0.165 0.125 0.085 0.045 0.065 0.025 0.04 0.02 0.105
 0.145 0.1 0.095 0.145 0.075 0.09 0.065 0.03 0.03 0.055 0.03 0.14
 0.075 0.135 0.15 0.09 0.145 0.055 0.055 0.04 0.045 0.045 0.045 0.12
 0.14 0.105 0.21 0.13 0.1 0.045 0.055 0.045 0.055 0.035 0.005 0.075
 0.035 0.185 0.17 0.16 0.07 0.045 0.09 0.055 0.065 0.02 0.02 0.085
 0.085 0.125 0.2 0.135 0.125 0.065 0.065 0.055 0.015 0.04 0.015 0.075
 0.09 0.14 0.16 0.195 0.075 0.09 0.035 0.05 0.025 0.035 0.02 0.085
 0.06 0.2 0.145 0.115 0.12 0.065 0.105 0.05 0.015 0.05 0.015 0.06
 0.095 0.15 0.185 0.13 0.105 0.155 0.055 0.035 0 0.025 0.015 0.05
 0.12 0.2 0.105 0.11 0.085 0.075 0.085 0.06 0.05 0.02 0.02 0.07
 0.095 0.19 0.15 0.11 0.105 0.06 0.085 0.075 0.025 0.035 0.015 0.055
 0.195 0.135 0.24 0.165 0.065 0.06 0.025 0.03 0.025 0.005 0.015 0.04
 0.17 0.215 0.11 0.185 0.1 0.045 0.045 0.04 0.015 0.04 0.015 0.02
 0.125 0.24 0.195 0.115 0.13 0.05 0.03 0.035 0.02 0.02 0.01 0.03
 0.11 0.155 0.225 0.17 0.065 0.125 0.06 0.025 0.01 0.015 0.01 0.03
 0.085 0.155 0.18 0.23 0.13 0.07 0.08 0.025 0.01 0.01 0.005 0.02
 0.165 0.15 0.165 0.12 0.145 0.08 0.055 0.055 0.015 0.015 0.01 0.025
 0.135 0.27 0.15 0.145 0.095 0.075 0.05 0.015 0.03 0.015 0 0.02
 0.14 0.315 0.155 0.135 0.065 0.055 0.04 0.055 0.02 0.01 0 0.01
 0.175 0.14 0.245 0.13 0.08 0.06 0.06 0.04 0.02 0.02 0.01 0.02
 0.115 0.23 0.165 0.215 0.085 0.05 0.04 0.02 0.035 0.015 0 0.03
 0.16 0.24 0.14 0.15 0.095 0.075 0.045 0.03 0.025 0.02 0.005 0.015
 0.185 0.25 0.24 0.115 0.075 0.065 0.04 0.01 0 0.01 0 0.01
 0.17 0.22 0.23 0.14 0.075 0.07 0.035 0.04 0.005 0.005 0.005 0.005
# olc_fsh

# wt_fsh
 0.000530656 0.00119633 0.00205827 0.00303499 0.00405521 0.0050647 0.00602623 0.00691692 0.00772489 0.00844611 0.00908185 0.0096367
 0.000530656 0.00119633 0.00205827 0.00303499 0.00405521 0.0050647 0.00602623 0.00691692 0.00772489 0.00844611 0.00908185 0.0096367
 0.000530656 0.00119633 0.00205827 0.00303499 0.00405521 0.0050647 0.00602623 0.00691692 0.00772489 0.00844611 0.00908185 0.0096367
 0.000530656 0.00119633 0.00205827 0.00303499 0.00405521 0.0050647 0.00602623 0.00691692 0.00772489 0.00844611 0.00908185 0.0096367
 0.000530656 0.00119633 0.00205827 0.00303499 0.00405521 0.0050647 0.00602623 0.00691692 0.00772489 0.00844611 0.00908185 0.0096367
 0.000530656 0.00119633 0.00205827 0.00303499 0.00405521 0.0050647 0.00602623 0.00691692 0.00772489 0.00844611 0.00908185 0.0096367
 0.000530656 0.00119633 0.00205827 0.00303499 0.00405521 0.0050647 0.00602623 0.00691692 0.00772489 0.00844611 0.00908185 0.0096367
 0.000530656 0.00119633 0.00205827 0.00303499 0.00405521 0.0050647 0.00602623 0.00691692 0.00772489 0.00844611 0.00908185 0.0096367
 0.000530656 0.00119633 0.00205827 0.00303499 0.00405521 0.0050647 0.00602623 0.00691692 0.00772489 0.00844611 0.00908185 0.0096367
 0.000530656 0.00119633 0.00205827 0.00303499 0.00405521 0.0050647 0.00602623 0.00691692 0.00772489 0.00844611 0.00908185 0.0096367
 0.000530656 0.00119633 0.00205827 0.00303499 0.00405521 0.0050647 0.00602623 0.00691692 0.00772489 0.00844611 0.00908185 0.0096367
 0.000530656 0.00119633 0.00205827 0.00303499 0.00405521 0.0050647 0.00602623 0.00691692 0.00772489 0.00844611 0.00908185 0.0096367
 0.000530656 0.00119633 0.00205827 0.00303499 0.00405521 0.0050647 0.00602623 0.00691692 0.00772489 0.00844611 0.00908185 0.0096367
 0.000530656 0.00119633 0.00205827 0.00303499 0.00405521 0.0050647 0.00602623 0.00691692 0.00772489 0.00844611 0.00908185 0.0096367
 0.000530656 0.00119633 0.00205827 0.00303499 0.00405521 0.0050647 0.00602623 0.00691692 0.00772489 0.00844611 0.00908185 0.0096367
 0.000530656 0.00119633 0.00205827 0.00303499 0.00405521 0.0050647 0.00602623 0.00691692 0.00772489 0.00844611 0.00908185 0.0096367
 0.000530656 0.00119633 0.00205827 0.00303499 0.00405521 0.0050647 0.00602623 0.00691692 0.00772489 0.00844611 0.00908185 0.0096367
 0.000530656 0.00119633 0.00205827 0.00303499 0.00405521 0.0050647 0.00602623 0.00691692 0.00772489 0.00844611 0.00908185 0.0096367
 0.000530656 0.00119633 0.00205827 0.00303499 0.00405521 0.0050647 0.00602623 0.00691692 0.00772489 0.00844611 0.00908185 0.0096367
 0.000530656 0.00119633 0.00205827 0.00303499 0.00405521 0.0050647 0.00602623 0.00691692 0.00772489 0.00844611 0.00908185 0.0096367
 0.000530656 0.00119633 0.00205827 0.00303499 0.00405521 0.0050647 0.00602623 0.00691692 0.00772489 0.00844611 0.00908185 0.0096367
 0.000530656 0.00119633 0.00205827 0.00303499 0.00405521 0.0050647 0.00602623 0.00691692 0.00772489 0.00844611 0.00908185 0.0096367
 0.000530656 0.00119633 0.00205827 0.00303499 0.00405521 0.0050647 0.00602623 0.00691692 0.00772489 0.00844611 0.00908185 0.0096367
 0.000530656 0.00119633 0.00205827 0.00303499 0.00405521 0.0050647 0.00602623 0.00691692 0.00772489 0.00844611 0.00908185 0.0096367
 0.000530656 0.00119633 0.00205827 0.00303499 0.00405521 0.0050647 0.00602623 0.00691692 0.00772489 0.00844611 0.00908185 0.0096367
 0.000530656 0.00119633 0.00205827 0.00303499 0.00405521 0.0050647 0.00602623 0.00691692 0.00772489 0.00844611 0.00908185 0.0096367
 0.000530656 0.00119633 0.00205827 0.00303499 0.00405521 0.0050647 0.00602623 0.00691692 0.00772489 0.00844611 0.00908185 0.0096367
 0.000530656 0.00119633 0.00205827 0.00303499 0.00405521 0.0050647 0.00602623 0.00691692 0.00772489 0.00844611 0.00908185 0.0096367
 0.000530656 0.00119633 0.00205827 0.00303499 0.00405521 0.0050647 0.00602623 0.00691692 0.00772489 0.00844611 0.00908185 0.0096367
 0.000530656 0.00119633 0.00205827 0.00303499 0.00405521 0.0050647 0.00602623 0.00691692 0.00772489 0.00844611 0.00908185 0.0096367
# nyrs_ind_age
 30
# yrs_ind_age
 1 2 3 4 5 6 7 8 9 10 11 12 13 14 15 16 17 18 19 20 21 22 23 24 25 26 27 28 29 30
# n_sample_ind_age
 200 200 200 200 200 200 200 200 200 200 200 200 200 200 200 200 200 200 200 200 200 200 200 200 200 200 200 200 200 200
# oac_ind
 0.09 0.085 0.125 0.12 0.125 0.05 0.065 0.055 0.055 0.04 0.04 0.15
 0.055 0.135 0.14 0.125 0.105 0.085 0.06 0.09 0.055 0.01 0.02 0.12
 0.05 0.125 0.145 0.1 0.09 0.085 0.08 0.06 0.025 0.055 0.025 0.16
 0.06 0.175 0.115 0.115 0.095 0.105 0.06 0.065 0.045 0.045 0.03 0.09
 0.05 0.135 0.17 0.13 0.08 0.055 0.06 0.055 0.075 0.055 0.04 0.095
 0.06 0.185 0.175 0.12 0.08 0.075 0.05 0.05 0.04 0.045 0.025 0.095
 0.04 0.13 0.235 0.11 0.1 0.075 0.07 0.04 0.04 0.025 0.035 0.1
 0.095 0.17 0.135 0.14 0.08 0.095 0.04 0.055 0.035 0.04 0.02 0.095
 0.065 0.235 0.14 0.145 0.065 0.075 0.08 0.04 0.015 0.015 0.02 0.105
 0.105 0.14 0.16 0.095 0.065 0.1 0.06 0.065 0.025 0.055 0.015 0.115
 0.05 0.26 0.17 0.175 0.075 0.05 0.065 0.035 0.03 0.005 0.01 0.075
 0.045 0.11 0.26 0.115 0.13 0.055 0.085 0.07 0.02 0.03 0.03 0.05
 0.07 0.23 0.125 0.175 0.105 0.105 0.04 0.03 0.035 0.02 0.015 0.05
 0.045 0.185 0.195 0.145 0.14 0.065 0.085 0.03 0.025 0.03 0.01 0.045
 0.085 0.14 0.185 0.125 0.1 0.125 0.035 0.05 0.02 0.03 0.02 0.085
 0.12 0.165 0.12 0.17 0.1 0.055 0.09 0.05 0.05 0.005 0.02 0.055
 0.095 0.205 0.195 0.11 0.105 0.095 0.045 0.07 0.015 0.02 0.025 0.02
 0.16 0.21 0.225 0.125 0.065 0.055 0.05 0.03 0.035 0.005 0.01 0.03
 0.08 0.265 0.18 0.21 0.06 0.05 0.03 0.025 0.02 0.03 0.005 0.045
 0.14 0.26 0.22 0.09 0.14 0.04 0.01 0.03 0.015 0.01 0.01 0.035
 0.095 0.18 0.315 0.145 0.085 0.075 0.02 0.025 0.02 0.02 0.005 0.015
 0.065 0.195 0.265 0.155 0.12 0.07 0.065 0.02 0.005 0.015 0.005 0.02
 0.14 0.25 0.22 0.125 0.095 0.05 0.04 0.035 0.015 0.01 0.005 0.015
 0.105 0.23 0.205 0.115 0.13 0.09 0.04 0.025 0.03 0 0.015 0.015
 0.1 0.265 0.24 0.125 0.09 0.065 0.025 0.025 0.02 0.015 0 0.03
 0.1 0.17 0.235 0.21 0.1 0.105 0.02 0.015 0.01 0 0.015 0.02
 0.13 0.255 0.16 0.19 0.11 0.055 0.05 0.02 0.01 0.01 0 0.01
 0.11 0.26 0.275 0.125 0.09 0.07 0.025 0.01 0.01 0.02 0.005 0
 0.165 0.265 0.215 0.145 0.07 0.065 0.03 0.02 0.01 0.005 0.005 0.005
 0.1 0.35 0.23 0.1 0.115 0.045 0.025 0.01 0.015 0.005 0 0.005
# olc_ind

# obs_lse_ind
 0.198042 0.198042 0.198042 0.198042 0.198042 0.198042 0.198042 0.198042 0.198042 0.198042 0.198042 0.198042 0.198042 0.198042 0.198042 0.198042 0.198042 0.198042 0.198042 0.198042 0.198042 0.198042 0.198042 0.198042 0.198042 0.198042 0.198042 0.198042 0.198042 0.198042
# xages_fsh
 0 0 0 0 0 0 0 0 0 0 0 0
# xages_fsh
 0 0.0909091 0.181818 0.272727 0.363636 0.454545 0.545455 0.636364 0.727273 0.818182 0.909091 1
# xnodes_fsh

Yrs fsh_sel change:  1 0 0 0 0 0 0 0 0 0 0 0 0 0 0 0 0 0 0 0 0 0 0 0 0 0 0 0 0
Yrs ind_sel change:  1 0 0 0 0 0 0 0 0 0 0 0 0 0 0 0 0 0 0 0 0 0 0 0 0 0 0 0 0
# steepnessprior
0.75
# sigmarprior
0.2
#  SSB estimated in styr endyr: -13 28 
#  Rec estimated in styr endyr: -11 30 
#  SR Curve fit  in styr endyr: 1 30 
#             Model styr endyr: 1 30 
# qprior
 3.48998e-007
# q_power_prior 
 1 
# cv_catchbiomass 
0.05 
# CatchbiomassPen 
200 
# Number of projection years 
5 
# offset_fsh
 13436.3
# offset_ind
 13101.9
Mean Catch
1266.43
R_guess 
15.4041
# nfsh
1
# n_sel_ch_fsh
 1
# nselages_fsh
 11
# phase_selcoff_fsh
 -1
logRzero 15.4041
logmeanrec 15.4041
exp(log_sigmarprior 0.2
Fish sel phase: -1 FLEET1
Fixing fishery sel to
1
Srvy sel phase: -1
Fixing SURVEY1 indices sel to
1
# logsel_slp_in_indv
 0.693147
Leaving parameter init secton
# M
 0.2 0.2 0.2 0.2 0.2 0.2 0.2 0.2 0.2 0.2 0.2 0.2
 0.2 0.2 0.2 0.2 0.2 0.2 0.2 0.2 0.2 0.2 0.2 0.2
 0.2 0.2 0.2 0.2 0.2 0.2 0.2 0.2 0.2 0.2 0.2 0.2
 0.2 0.2 0.2 0.2 0.2 0.2 0.2 0.2 0.2 0.2 0.2 0.2
 0.2 0.2 0.2 0.2 0.2 0.2 0.2 0.2 0.2 0.2 0.2 0.2
 0.2 0.2 0.2 0.2 0.2 0.2 0.2 0.2 0.2 0.2 0.2 0.2
 0.2 0.2 0.2 0.2 0.2 0.2 0.2 0.2 0.2 0.2 0.2 0.2
 0.2 0.2 0.2 0.2 0.2 0.2 0.2 0.2 0.2 0.2 0.2 0.2
 0.2 0.2 0.2 0.2 0.2 0.2 0.2 0.2 0.2 0.2 0.2 0.2
 0.2 0.2 0.2 0.2 0.2 0.2 0.2 0.2 0.2 0.2 0.2 0.2
 0.2 0.2 0.2 0.2 0.2 0.2 0.2 0.2 0.2 0.2 0.2 0.2
 0.2 0.2 0.2 0.2 0.2 0.2 0.2 0.2 0.2 0.2 0.2 0.2
 0.2 0.2 0.2 0.2 0.2 0.2 0.2 0.2 0.2 0.2 0.2 0.2
 0.2 0.2 0.2 0.2 0.2 0.2 0.2 0.2 0.2 0.2 0.2 0.2
 0.2 0.2 0.2 0.2 0.2 0.2 0.2 0.2 0.2 0.2 0.2 0.2
 0.2 0.2 0.2 0.2 0.2 0.2 0.2 0.2 0.2 0.2 0.2 0.2
 0.2 0.2 0.2 0.2 0.2 0.2 0.2 0.2 0.2 0.2 0.2 0.2
 0.2 0.2 0.2 0.2 0.2 0.2 0.2 0.2 0.2 0.2 0.2 0.2
 0.2 0.2 0.2 0.2 0.2 0.2 0.2 0.2 0.2 0.2 0.2 0.2
 0.2 0.2 0.2 0.2 0.2 0.2 0.2 0.2 0.2 0.2 0.2 0.2
 0.2 0.2 0.2 0.2 0.2 0.2 0.2 0.2 0.2 0.2 0.2 0.2
 0.2 0.2 0.2 0.2 0.2 0.2 0.2 0.2 0.2 0.2 0.2 0.2
 0.2 0.2 0.2 0.2 0.2 0.2 0.2 0.2 0.2 0.2 0.2 0.2
 0.2 0.2 0.2 0.2 0.2 0.2 0.2 0.2 0.2 0.2 0.2 0.2
 0.2 0.2 0.2 0.2 0.2 0.2 0.2 0.2 0.2 0.2 0.2 0.2
 0.2 0.2 0.2 0.2 0.2 0.2 0.2 0.2 0.2 0.2 0.2 0.2
 0.2 0.2 0.2 0.2 0.2 0.2 0.2 0.2 0.2 0.2 0.2 0.2
 0.2 0.2 0.2 0.2 0.2 0.2 0.2 0.2 0.2 0.2 0.2 0.2
 0.2 0.2 0.2 0.2 0.2 0.2 0.2 0.2 0.2 0.2 0.2 0.2
 0.2 0.2 0.2 0.2 0.2 0.2 0.2 0.2 0.2 0.2 0.2 0.2
# mean_log_rec
13.7719
# log_Rzero
13.7894
# rec_dev
 -0.0573253 -0.069198 -0.0239479 0.104658 -0.0380149 -0.0799488 0.0694593 -0.00417829 0.109004 0.0439912 0.0192069 -0.115992 0.041589 -0.0834758 0.169881 -0.0295492 0.208121 -0.0864455 -0.144048 0.274144 -0.0903574 0.351388 -0.184277 -0.0951455 -0.0625974 -0.379221 -0.121862 0.22163 -0.18969 0.117057 0.14483 -0.107387 -0.217533 -0.318771 -0.121328 -0.121618 -0.474701 -0.294439 -0.298164 -0.239466 -0.140548 -0.356222
# fmort
 0.00898346 0.0264322 0.0436662 0.0601051 0.0484077 0.0868244 0.0875502 0.185267 0.109675 0.135225 0.153254 0.165681 0.11857 0.173797 0.183158 0.16406 0.313347 0.255612 0.250292 0.244606 0.344772 0.250157 0.411571 0.342285 0.337949 0.312059 0.311759 0.453368 0.356843 0.558229
# rec_dev_future
 0 0 0 0 0
