#nyears
 30
#year1
 1
#nages
 12
#nfleets
 1
#nselblocks
 1
#navailindices
 1
#M
  0.2 0.2 0.2 0.2 0.2 0.2 0.2 0.2 0.2 0.2 0.2 0.2
 0.2 0.2 0.2 0.2 0.2 0.2 0.2 0.2 0.2 0.2 0.2 0.2
 0.2 0.2 0.2 0.2 0.2 0.2 0.2 0.2 0.2 0.2 0.2 0.2
 0.2 0.2 0.2 0.2 0.2 0.2 0.2 0.2 0.2 0.2 0.2 0.2
 0.2 0.2 0.2 0.2 0.2 0.2 0.2 0.2 0.2 0.2 0.2 0.2
 0.2 0.2 0.2 0.2 0.2 0.2 0.2 0.2 0.2 0.2 0.2 0.2
 0.2 0.2 0.2 0.2 0.2 0.2 0.2 0.2 0.2 0.2 0.2 0.2
 0.2 0.2 0.2 0.2 0.2 0.2 0.2 0.2 0.2 0.2 0.2 0.2
 0.2 0.2 0.2 0.2 0.2 0.2 0.2 0.2 0.2 0.2 0.2 0.2
 0.2 0.2 0.2 0.2 0.2 0.2 0.2 0.2 0.2 0.2 0.2 0.2
 0.2 0.2 0.2 0.2 0.2 0.2 0.2 0.2 0.2 0.2 0.2 0.2
 0.2 0.2 0.2 0.2 0.2 0.2 0.2 0.2 0.2 0.2 0.2 0.2
 0.2 0.2 0.2 0.2 0.2 0.2 0.2 0.2 0.2 0.2 0.2 0.2
 0.2 0.2 0.2 0.2 0.2 0.2 0.2 0.2 0.2 0.2 0.2 0.2
 0.2 0.2 0.2 0.2 0.2 0.2 0.2 0.2 0.2 0.2 0.2 0.2
 0.2 0.2 0.2 0.2 0.2 0.2 0.2 0.2 0.2 0.2 0.2 0.2
 0.2 0.2 0.2 0.2 0.2 0.2 0.2 0.2 0.2 0.2 0.2 0.2
 0.2 0.2 0.2 0.2 0.2 0.2 0.2 0.2 0.2 0.2 0.2 0.2
 0.2 0.2 0.2 0.2 0.2 0.2 0.2 0.2 0.2 0.2 0.2 0.2
 0.2 0.2 0.2 0.2 0.2 0.2 0.2 0.2 0.2 0.2 0.2 0.2
 0.2 0.2 0.2 0.2 0.2 0.2 0.2 0.2 0.2 0.2 0.2 0.2
 0.2 0.2 0.2 0.2 0.2 0.2 0.2 0.2 0.2 0.2 0.2 0.2
 0.2 0.2 0.2 0.2 0.2 0.2 0.2 0.2 0.2 0.2 0.2 0.2
 0.2 0.2 0.2 0.2 0.2 0.2 0.2 0.2 0.2 0.2 0.2 0.2
 0.2 0.2 0.2 0.2 0.2 0.2 0.2 0.2 0.2 0.2 0.2 0.2
 0.2 0.2 0.2 0.2 0.2 0.2 0.2 0.2 0.2 0.2 0.2 0.2
 0.2 0.2 0.2 0.2 0.2 0.2 0.2 0.2 0.2 0.2 0.2 0.2
 0.2 0.2 0.2 0.2 0.2 0.2 0.2 0.2 0.2 0.2 0.2 0.2
 0.2 0.2 0.2 0.2 0.2 0.2 0.2 0.2 0.2 0.2 0.2 0.2
 0.2 0.2 0.2 0.2 0.2 0.2 0.2 0.2 0.2 0.2 0.2 0.2
#isfecund
 0
#fracyearSSB
 0
#mature
  0.0114887 0.160411 0.452325 0.49739 0.499869 0.499993 0.5 0.5 0.5 0.5 0.5 0.5
 0.0114887 0.160411 0.452325 0.49739 0.499869 0.499993 0.5 0.5 0.5 0.5 0.5 0.5
 0.0114887 0.160411 0.452325 0.49739 0.499869 0.499993 0.5 0.5 0.5 0.5 0.5 0.5
 0.0114887 0.160411 0.452325 0.49739 0.499869 0.499993 0.5 0.5 0.5 0.5 0.5 0.5
 0.0114887 0.160411 0.452325 0.49739 0.499869 0.499993 0.5 0.5 0.5 0.5 0.5 0.5
 0.0114887 0.160411 0.452325 0.49739 0.499869 0.499993 0.5 0.5 0.5 0.5 0.5 0.5
 0.0114887 0.160411 0.452325 0.49739 0.499869 0.499993 0.5 0.5 0.5 0.5 0.5 0.5
 0.0114887 0.160411 0.452325 0.49739 0.499869 0.499993 0.5 0.5 0.5 0.5 0.5 0.5
 0.0114887 0.160411 0.452325 0.49739 0.499869 0.499993 0.5 0.5 0.5 0.5 0.5 0.5
 0.0114887 0.160411 0.452325 0.49739 0.499869 0.499993 0.5 0.5 0.5 0.5 0.5 0.5
 0.0114887 0.160411 0.452325 0.49739 0.499869 0.499993 0.5 0.5 0.5 0.5 0.5 0.5
 0.0114887 0.160411 0.452325 0.49739 0.499869 0.499993 0.5 0.5 0.5 0.5 0.5 0.5
 0.0114887 0.160411 0.452325 0.49739 0.499869 0.499993 0.5 0.5 0.5 0.5 0.5 0.5
 0.0114887 0.160411 0.452325 0.49739 0.499869 0.499993 0.5 0.5 0.5 0.5 0.5 0.5
 0.0114887 0.160411 0.452325 0.49739 0.499869 0.499993 0.5 0.5 0.5 0.5 0.5 0.5
 0.0114887 0.160411 0.452325 0.49739 0.499869 0.499993 0.5 0.5 0.5 0.5 0.5 0.5
 0.0114887 0.160411 0.452325 0.49739 0.499869 0.499993 0.5 0.5 0.5 0.5 0.5 0.5
 0.0114887 0.160411 0.452325 0.49739 0.499869 0.499993 0.5 0.5 0.5 0.5 0.5 0.5
 0.0114887 0.160411 0.452325 0.49739 0.499869 0.499993 0.5 0.5 0.5 0.5 0.5 0.5
 0.0114887 0.160411 0.452325 0.49739 0.499869 0.499993 0.5 0.5 0.5 0.5 0.5 0.5
 0.0114887 0.160411 0.452325 0.49739 0.499869 0.499993 0.5 0.5 0.5 0.5 0.5 0.5
 0.0114887 0.160411 0.452325 0.49739 0.499869 0.499993 0.5 0.5 0.5 0.5 0.5 0.5
 0.0114887 0.160411 0.452325 0.49739 0.499869 0.499993 0.5 0.5 0.5 0.5 0.5 0.5
 0.0114887 0.160411 0.452325 0.49739 0.499869 0.499993 0.5 0.5 0.5 0.5 0.5 0.5
 0.0114887 0.160411 0.452325 0.49739 0.499869 0.499993 0.5 0.5 0.5 0.5 0.5 0.5
 0.0114887 0.160411 0.452325 0.49739 0.499869 0.499993 0.5 0.5 0.5 0.5 0.5 0.5
 0.0114887 0.160411 0.452325 0.49739 0.499869 0.499993 0.5 0.5 0.5 0.5 0.5 0.5
 0.0114887 0.160411 0.452325 0.49739 0.499869 0.499993 0.5 0.5 0.5 0.5 0.5 0.5
 0.0114887 0.160411 0.452325 0.49739 0.499869 0.499993 0.5 0.5 0.5 0.5 0.5 0.5
 0.0114887 0.160411 0.452325 0.49739 0.499869 0.499993 0.5 0.5 0.5 0.5 0.5 0.5
#nWAAmatrices
 1
#WAA_ini
  0.530655 1.19633 2.05827 3.03499 4.05521 5.0647 6.02623 6.91692 7.72489 8.44611 9.08185 9.63669
 0.530655 1.19633 2.05827 3.03499 4.05521 5.0647 6.02623 6.91692 7.72489 8.44611 9.08185 9.63669
 0.530655 1.19633 2.05827 3.03499 4.05521 5.0647 6.02623 6.91692 7.72489 8.44611 9.08185 9.63669
 0.530655 1.19633 2.05827 3.03499 4.05521 5.0647 6.02623 6.91692 7.72489 8.44611 9.08185 9.63669
 0.530655 1.19633 2.05827 3.03499 4.05521 5.0647 6.02623 6.91692 7.72489 8.44611 9.08185 9.63669
 0.530655 1.19633 2.05827 3.03499 4.05521 5.0647 6.02623 6.91692 7.72489 8.44611 9.08185 9.63669
 0.530655 1.19633 2.05827 3.03499 4.05521 5.0647 6.02623 6.91692 7.72489 8.44611 9.08185 9.63669
 0.530655 1.19633 2.05827 3.03499 4.05521 5.0647 6.02623 6.91692 7.72489 8.44611 9.08185 9.63669
 0.530655 1.19633 2.05827 3.03499 4.05521 5.0647 6.02623 6.91692 7.72489 8.44611 9.08185 9.63669
 0.530655 1.19633 2.05827 3.03499 4.05521 5.0647 6.02623 6.91692 7.72489 8.44611 9.08185 9.63669
 0.530655 1.19633 2.05827 3.03499 4.05521 5.0647 6.02623 6.91692 7.72489 8.44611 9.08185 9.63669
 0.530655 1.19633 2.05827 3.03499 4.05521 5.0647 6.02623 6.91692 7.72489 8.44611 9.08185 9.63669
 0.530655 1.19633 2.05827 3.03499 4.05521 5.0647 6.02623 6.91692 7.72489 8.44611 9.08185 9.63669
 0.530655 1.19633 2.05827 3.03499 4.05521 5.0647 6.02623 6.91692 7.72489 8.44611 9.08185 9.63669
 0.530655 1.19633 2.05827 3.03499 4.05521 5.0647 6.02623 6.91692 7.72489 8.44611 9.08185 9.63669
 0.530655 1.19633 2.05827 3.03499 4.05521 5.0647 6.02623 6.91692 7.72489 8.44611 9.08185 9.63669
 0.530655 1.19633 2.05827 3.03499 4.05521 5.0647 6.02623 6.91692 7.72489 8.44611 9.08185 9.63669
 0.530655 1.19633 2.05827 3.03499 4.05521 5.0647 6.02623 6.91692 7.72489 8.44611 9.08185 9.63669
 0.530655 1.19633 2.05827 3.03499 4.05521 5.0647 6.02623 6.91692 7.72489 8.44611 9.08185 9.63669
 0.530655 1.19633 2.05827 3.03499 4.05521 5.0647 6.02623 6.91692 7.72489 8.44611 9.08185 9.63669
 0.530655 1.19633 2.05827 3.03499 4.05521 5.0647 6.02623 6.91692 7.72489 8.44611 9.08185 9.63669
 0.530655 1.19633 2.05827 3.03499 4.05521 5.0647 6.02623 6.91692 7.72489 8.44611 9.08185 9.63669
 0.530655 1.19633 2.05827 3.03499 4.05521 5.0647 6.02623 6.91692 7.72489 8.44611 9.08185 9.63669
 0.530655 1.19633 2.05827 3.03499 4.05521 5.0647 6.02623 6.91692 7.72489 8.44611 9.08185 9.63669
 0.530655 1.19633 2.05827 3.03499 4.05521 5.0647 6.02623 6.91692 7.72489 8.44611 9.08185 9.63669
 0.530655 1.19633 2.05827 3.03499 4.05521 5.0647 6.02623 6.91692 7.72489 8.44611 9.08185 9.63669
 0.530655 1.19633 2.05827 3.03499 4.05521 5.0647 6.02623 6.91692 7.72489 8.44611 9.08185 9.63669
 0.530655 1.19633 2.05827 3.03499 4.05521 5.0647 6.02623 6.91692 7.72489 8.44611 9.08185 9.63669
 0.530655 1.19633 2.05827 3.03499 4.05521 5.0647 6.02623 6.91692 7.72489 8.44611 9.08185 9.63669
 0.530655 1.19633 2.05827 3.03499 4.05521 5.0647 6.02623 6.91692 7.72489 8.44611 9.08185 9.63669
#WAApointbio
  1 1 1 1 1 1
#sel_blocks
  1 1 1 1 1 1 1 1 1 1 1 1 1 1 1 1 1 1 1 1 1 1 1 1 1 1 1 1 1 1
#sel_option
  2
#sel_ini
  0 0 0 0
 0 0 0 0
 0 0 0 0
 0 0 0 0
 0 0 0 0
 0 0 0 0
 0 0 0 0
 0 0 0 0
 0 0 0 0
 0 0 0 0
 0 0 0 0
 0 0 0 0
 2 2 0 0.5
 1 2 0 0.5
 0 0 0 0
 0 0 0 0
 0 0 0 0
 0 0 0 0
#sel_start_age
  1
#sel_end_age
  12
#Freport_agemin
 6
#Freport_agemax
 12
#Freport_wtopt
 1
#use_likelihood_constants
 0
#release_mort
  0
#CAA_ini
  0.02 0.045 0.085 0.115 0.15 0.18 0.145 0.08 0.03 0.065 0.02 0.065 110.56
 0.035 0.03 0.08 0.145 0.17 0.11 0.09 0.09 0.055 0.03 0.04 0.125 318.441
 0.025 0.065 0.095 0.095 0.13 0.115 0.14 0.075 0.1 0.06 0.03 0.07 511.128
 0.015 0.03 0.14 0.115 0.175 0.11 0.135 0.09 0.05 0.025 0.035 0.08 684.213
 0.045 0.045 0.065 0.215 0.135 0.11 0.115 0.08 0.055 0.05 0.025 0.06 528.652
 0.025 0.08 0.05 0.16 0.22 0.095 0.095 0.095 0.04 0.04 0.02 0.08 935.628
 0.01 0.06 0.115 0.145 0.12 0.195 0.09 0.07 0.05 0.055 0.015 0.075 911.786
 0.025 0.06 0.09 0.14 0.09 0.155 0.145 0.07 0.055 0.065 0.01 0.095 1809.02
 0.02 0.045 0.085 0.165 0.2 0.115 0.07 0.065 0.085 0.02 0.01 0.12 1010.52
 0.03 0.045 0.1 0.105 0.215 0.185 0.08 0.085 0.055 0.045 0.005 0.05 1213.44
 0.025 0.065 0.06 0.145 0.16 0.13 0.175 0.07 0.04 0.045 0.025 0.06 1332.94
 0.015 0.035 0.09 0.145 0.235 0.12 0.105 0.115 0.03 0.03 0.03 0.05 1352.29
 0.02 0.05 0.1 0.195 0.155 0.14 0.105 0.07 0.06 0.02 0.045 0.04 953.278
 0.03 0.08 0.075 0.205 0.165 0.105 0.065 0.065 0.09 0.05 0.025 0.045 1347.67
 0.015 0.065 0.105 0.125 0.165 0.205 0.115 0.075 0.05 0.04 0.005 0.035 1354.1
 0.05 0.055 0.145 0.145 0.16 0.11 0.125 0.09 0.04 0.01 0.025 0.045 1148.07
 0.04 0.04 0.085 0.165 0.175 0.155 0.13 0.065 0.04 0.04 0.005 0.06 2089.61
 0.02 0.075 0.145 0.175 0.145 0.1 0.11 0.105 0.035 0.035 0.005 0.05 1533.84
 0.04 0.055 0.17 0.185 0.14 0.13 0.115 0.055 0.05 0.01 0.01 0.04 1433.07
 0.03 0.08 0.13 0.2 0.155 0.13 0.09 0.06 0.04 0.035 0.01 0.04 1360.11
 0.04 0.06 0.1 0.175 0.19 0.11 0.1 0.075 0.055 0.04 0.015 0.04 1748.12
 0.02 0.145 0.15 0.2 0.155 0.13 0.08 0.05 0.02 0.025 0 0.025 1188.37
 0.04 0.115 0.175 0.145 0.135 0.11 0.145 0.06 0.035 0.01 0 0.03 1775.64
 0.01 0.07 0.19 0.22 0.12 0.19 0.055 0.055 0.015 0.03 0.02 0.025 1353.94
 0.02 0.06 0.11 0.28 0.205 0.095 0.09 0.045 0.035 0.015 0.02 0.025 1306.64
 0.025 0.105 0.13 0.235 0.215 0.135 0.06 0.025 0.02 0.02 0 0.03 1178.19
 0.03 0.085 0.18 0.2 0.15 0.17 0.085 0.045 0.005 0.005 0.02 0.025 1134.31
 0.045 0.065 0.1 0.225 0.165 0.125 0.145 0.065 0.03 0.015 0.01 0.01 1501.01
 0.07 0.06 0.155 0.145 0.24 0.12 0.07 0.075 0.03 0.015 0.01 0.01 1075.68
 0.015 0.08 0.2 0.225 0.105 0.17 0.07 0.065 0.035 0.015 0.005 0.015 1557.65
#Discard_ini
  0 0 0 0 0 0 0 0 0 0 0 0 0
 0 0 0 0 0 0 0 0 0 0 0 0 0
 0 0 0 0 0 0 0 0 0 0 0 0 0
 0 0 0 0 0 0 0 0 0 0 0 0 0
 0 0 0 0 0 0 0 0 0 0 0 0 0
 0 0 0 0 0 0 0 0 0 0 0 0 0
 0 0 0 0 0 0 0 0 0 0 0 0 0
 0 0 0 0 0 0 0 0 0 0 0 0 0
 0 0 0 0 0 0 0 0 0 0 0 0 0
 0 0 0 0 0 0 0 0 0 0 0 0 0
 0 0 0 0 0 0 0 0 0 0 0 0 0
 0 0 0 0 0 0 0 0 0 0 0 0 0
 0 0 0 0 0 0 0 0 0 0 0 0 0
 0 0 0 0 0 0 0 0 0 0 0 0 0
 0 0 0 0 0 0 0 0 0 0 0 0 0
 0 0 0 0 0 0 0 0 0 0 0 0 0
 0 0 0 0 0 0 0 0 0 0 0 0 0
 0 0 0 0 0 0 0 0 0 0 0 0 0
 0 0 0 0 0 0 0 0 0 0 0 0 0
 0 0 0 0 0 0 0 0 0 0 0 0 0
 0 0 0 0 0 0 0 0 0 0 0 0 0
 0 0 0 0 0 0 0 0 0 0 0 0 0
 0 0 0 0 0 0 0 0 0 0 0 0 0
 0 0 0 0 0 0 0 0 0 0 0 0 0
 0 0 0 0 0 0 0 0 0 0 0 0 0
 0 0 0 0 0 0 0 0 0 0 0 0 0
 0 0 0 0 0 0 0 0 0 0 0 0 0
 0 0 0 0 0 0 0 0 0 0 0 0 0
 0 0 0 0 0 0 0 0 0 0 0 0 0
 0 0 0 0 0 0 0 0 0 0 0 0 0
#proportion_release_ini
  0 0 0 0 0 0 0 0 0 0 0 0
 0 0 0 0 0 0 0 0 0 0 0 0
 0 0 0 0 0 0 0 0 0 0 0 0
 0 0 0 0 0 0 0 0 0 0 0 0
 0 0 0 0 0 0 0 0 0 0 0 0
 0 0 0 0 0 0 0 0 0 0 0 0
 0 0 0 0 0 0 0 0 0 0 0 0
 0 0 0 0 0 0 0 0 0 0 0 0
 0 0 0 0 0 0 0 0 0 0 0 0
 0 0 0 0 0 0 0 0 0 0 0 0
 0 0 0 0 0 0 0 0 0 0 0 0
 0 0 0 0 0 0 0 0 0 0 0 0
 0 0 0 0 0 0 0 0 0 0 0 0
 0 0 0 0 0 0 0 0 0 0 0 0
 0 0 0 0 0 0 0 0 0 0 0 0
 0 0 0 0 0 0 0 0 0 0 0 0
 0 0 0 0 0 0 0 0 0 0 0 0
 0 0 0 0 0 0 0 0 0 0 0 0
 0 0 0 0 0 0 0 0 0 0 0 0
 0 0 0 0 0 0 0 0 0 0 0 0
 0 0 0 0 0 0 0 0 0 0 0 0
 0 0 0 0 0 0 0 0 0 0 0 0
 0 0 0 0 0 0 0 0 0 0 0 0
 0 0 0 0 0 0 0 0 0 0 0 0
 0 0 0 0 0 0 0 0 0 0 0 0
 0 0 0 0 0 0 0 0 0 0 0 0
 0 0 0 0 0 0 0 0 0 0 0 0
 0 0 0 0 0 0 0 0 0 0 0 0
 0 0 0 0 0 0 0 0 0 0 0 0
 0 0 0 0 0 0 0 0 0 0 0 0
#index_units_aggregate_ini
  2
#index_units_proportions_ini
  2
#index_WAApoint_ini
  1
#index_month_ini
  1
#index_sel_choice_ini
  -1
#index_sel_option_ini
  2
#index_start_age_ini
  1
#index_end_age_ini
  12
#index_estimate_proportions_ini
  1
#use_index
  1
#index_sel_ini
  0 0 0 0
 0 0 0 0
 0 0 0 0
 0 0 0 0
 0 0 0 0
 0 0 0 0
 0 0 0 0
 0 0 0 0
 0 0 0 0
 0 0 0 0
 0 0 0 0
 0 0 0 0
 1.5 2 1 0.5
 0.5 2 1 0.5
 0 0 0 0
 0 0 0 0
 0 0 0 0
 0 0 0 0
#index_ini
  1 1.24449 0.2 0.07 0.125 0.12 0.135 0.12 0.075 0.08 0.08 0.03 0.045 0.02 0.1 200
 2 1.31368 0.2 0.055 0.11 0.18 0.15 0.125 0.085 0.055 0.055 0.04 0.035 0.02 0.09 200
 3 1.3053 0.2 0.03 0.135 0.15 0.16 0.11 0.07 0.075 0.085 0.045 0.025 0.01 0.105 200
 4 1.33545 0.2 0.025 0.125 0.205 0.075 0.125 0.105 0.065 0.065 0.07 0.03 0.01 0.1 200
 5 1.21106 0.2 0.06 0.075 0.155 0.23 0.085 0.09 0.085 0.045 0.045 0.05 0.01 0.07 200
 6 1.36017 0.2 0.055 0.165 0.105 0.15 0.14 0.07 0.075 0.095 0.045 0.01 0.005 0.085 200
 7 1.50215 0.2 0.04 0.14 0.27 0.13 0.135 0.07 0.055 0.045 0.04 0.01 0.01 0.055 200
 8 1.30554 0.2 0.065 0.11 0.19 0.185 0.085 0.035 0.11 0.065 0.04 0.045 0.015 0.055 200
 9 1.04868 0.2 0.03 0.18 0.155 0.17 0.13 0.07 0.065 0.06 0.02 0.045 0.01 0.065 200
 10 1.19591 0.2 0.05 0.115 0.21 0.15 0.14 0.07 0.03 0.075 0.05 0.03 0.01 0.07 200
 11 1.20575 0.2 0.05 0.175 0.185 0.145 0.1 0.115 0.115 0.005 0.015 0.025 0.01 0.06 200
 12 1.25359 0.2 0.115 0.13 0.24 0.165 0.12 0.07 0.075 0.01 0.015 0.01 0.01 0.04 200
 13 1.03223 0.2 0.05 0.13 0.185 0.2 0.1 0.09 0.065 0.04 0.055 0.02 0.005 0.06 200
 14 1.10483 0.2 0.065 0.115 0.16 0.195 0.165 0.07 0.05 0.04 0.04 0.03 0.01 0.06 200
 15 0.973581 0.2 0.06 0.19 0.21 0.175 0.155 0.06 0.05 0.04 0.01 0.015 0.005 0.03 200
 16 0.918709 0.2 0.095 0.105 0.195 0.145 0.145 0.085 0.035 0.075 0.04 0.005 0.02 0.055 200
 17 1.07523 0.2 0.075 0.165 0.195 0.165 0.105 0.045 0.1 0.035 0.035 0.02 0.015 0.045 200
 18 0.909787 0.2 0.065 0.21 0.28 0.12 0.115 0.07 0.035 0.035 0.015 0.015 0.005 0.035 200
 19 0.999756 0.2 0.065 0.175 0.2 0.24 0.105 0.07 0.03 0.025 0.03 0.005 0.01 0.045 200
 20 0.883352 0.2 0.09 0.13 0.185 0.25 0.13 0.095 0.045 0.03 0.015 0.015 0 0.015 200
 21 0.803772 0.2 0.08 0.105 0.26 0.115 0.12 0.105 0.05 0.045 0.03 0.02 0.035 0.035 200
 22 0.866076 0.2 0.11 0.22 0.185 0.15 0.095 0.075 0.035 0.02 0.035 0.015 0.025 0.035 200
 23 0.782823 0.2 0.075 0.21 0.24 0.14 0.115 0.095 0.03 0.04 0 0.01 0.005 0.04 200
 24 0.642416 0.2 0.065 0.155 0.22 0.205 0.115 0.085 0.065 0.03 0.02 0.01 0.005 0.025 200
 25 0.603445 0.2 0.09 0.09 0.195 0.24 0.165 0.08 0.05 0.03 0.02 0.005 0.005 0.03 200
 26 0.792519 0.2 0.09 0.2 0.165 0.17 0.18 0.09 0.025 0.04 0.005 0.01 0 0.025 200
 27 0.677605 0.2 0.07 0.12 0.275 0.19 0.145 0.08 0.065 0.015 0.01 0.005 0.01 0.015 200
 28 0.806093 0.2 0.065 0.19 0.155 0.275 0.105 0.085 0.09 0.01 0.005 0.005 0.005 0.01 200
 29 0.653131 0.2 0.135 0.14 0.22 0.175 0.12 0.05 0.08 0.03 0.025 0 0.01 0.015 200
 30 0.679999 0.2 0.055 0.2 0.32 0.16 0.1 0.08 0.035 0.025 0.005 0.01 0 0.01 200
#phase_Fmult_year1
 1
#phase_Fmult_devs
 2
#phase_recruit_devs
 2
#phase_N_year1_devs
 2
#phase_q_year1
 1
#phase_q_devs
 -5
#phase_SR_scaler
 1
#phase_steepness
 -3
#recruit_CV
  0.202017 0.202017 0.202017 0.202017 0.202017 0.202017 0.202017 0.202017 0.202017 0.202017 0.202017 0.202017 0.202017 0.202017 0.202017 0.202017 0.202017 0.202017 0.202017 0.202017 0.202017 0.202017 0.202017 0.202017 0.202017 0.202017 0.202017 0.202017 0.202017 0.202017
#lambda_ind_ini
  1
#lambda_catch_tot
  1
#lambda_Discard_tot
  0
#catch_tot_CV
  0.01
 0.01
 0.01
 0.01
 0.01
 0.01
 0.01
 0.01
 0.01
 0.01
 0.01
 0.01
 0.01
 0.01
 0.01
 0.01
 0.01
 0.01
 0.01
 0.01
 0.01
 0.01
 0.01
 0.01
 0.01
 0.01
 0.01
 0.01
 0.01
 0.01
#discard_tot_CV
  0
 0
 0
 0
 0
 0
 0
 0
 0
 0
 0
 0
 0
 0
 0
 0
 0
 0
 0
 0
 0
 0
 0
 0
 0
 0
 0
 0
 0
 0
#input_eff_samp_size_catch_ini
  200
 200
 200
 200
 200
 200
 200
 200
 200
 200
 200
 200
 200
 200
 200
 200
 200
 200
 200
 200
 200
 200
 200
 200
 200
 200
 200
 200
 200
 200
#input_eff_samp_size_discard_ini
  0
 0
 0
 0
 0
 0
 0
 0
 0
 0
 0
 0
 0
 0
 0
 0
 0
 0
 0
 0
 0
 0
 0
 0
 0
 0
 0
 0
 0
 0
#lambda_Fmult_year1
  0
#Fmult_year1_CV
  1
#lambda_Fmult_devs
  0
#Fmult_devs_CV
  1
#lambda_N_year1_devs
 0
#N_year1_CV
 1
#lambda_recruit_devs
 1
#lambda_q_year1_ini
  0
#q_year1_CV_ini
  1
#lambda_q_devs_ini
  0
#q_devs_CV_ini
  1
#lambda_steepness
 0
#steepness_CV
 1
#lambda_SR_scaler
 0
#SR_scaler_CV
 1
#NAA_year1_flag
 1
#NAA_year1_ini
  1000 818.731 670.32 548.812 449.329 367.879 301.194 246.597 201.897 165.299 135.335 611.263
#Fmult_year1_ini
  0.00945917
#q_year1_iniavail
  0.000347751
#is_SR_scaler_R
 1
#SR_scaler_ini
 1000
#SR_steepness_ini
 0.75
#Fmult_max_value
 4
#ignore_guesses
 0
#do_projections
 0
#directed_fleet
  1
#nfinalyear
 31
#project_ini
  31 -1 3 -99 1
#doMCMC
 0
#MCMCnyear_opt
 1
#MCMCnboot
 1000
#MCMCnthin
 200
#MCMCseed
 657483
#fillR_opt
 0
#Ravg_start
 1
#Ravg_end
 30
#make_Rfile
 1
#test_value
 -23456
