AMAK;Mar 2020
# styr
1
# endyr
30
# rec_age
1
# oldest_age
12
# nlength
81
# len_bins
 10 11 12 13 14 15 16 17 18 19 20 21 22 23 24 25 26 27 28 29 30 31 32 33 34 35 36 37 38 39 40 41 42 43 44 45 46 47 48 49 50 51 52 53 54 55 56 57 58 59 60 61 62 63 64 65 66 67 68 69 70 71 72 73 74 75 76 77 78 79 80 81 82 83 84 85 86 87 88 89 90
# datafile_name
amak_data.dat
# model_name
AMAK_MCP
# styr
1
# endyr
30
# rec_age
1
# oldest_age
12
# nfsh
1
# fshname
FLEET1
# catch_bio_in
 159.214 458.401 736.949 958.421 721.867 1232.43 1172.78 2302.66 1242.26 1427.3 1529 1510.6 1032.18 1429.87 1405.9 1203.91 2132.43 1520.93 1389.9 1290.21 1637.57 1115.44 1694.32 1235.21 1129.54 981.232 957.991 1314.77 977.254 1430.5
# catch_bio_sd_in
 0.01 0.01 0.01 0.01 0.01 0.01 0.01 0.01 0.01 0.01 0.01 0.01 0.01 0.01 0.01 0.01 0.01 0.01 0.01 0.01 0.01 0.01 0.01 0.01 0.01 0.01 0.01 0.01 0.01 0.01
# nyrs_fsh_age
 30
# nyrs_fsh_length
 0
# yrs_fsh_age_in
 1 2 3 4 5 6 7 8 9 10 11 12 13 14 15 16 17 18 19 20 21 22 23 24 25 26 27 28 29 30
# yrs_fsh_length_in

# n_sample_fsh_length_in

# olc_fsh_in

# nind
1
# indname
SURVEY1
# nyrs_ind
 30
# yrs_ind_in
 1 2 3 4 5 6 7 8 9 10 11 12 13 14 15 16 17 18 19 20 21 22 23 24 25 26 27 28 29 30
# mo_ind
 1
# obs_ind_in
 1.57668 1.55722 1.52067 1.39136 1.07764 1.31336 1.44064 1.31114 1.17094 1.31861 1.02311 1.09869 0.869467 0.997925 1.2138 0.859055 0.967891 0.981925 0.850997 0.751212 0.884312 0.768164 0.617169 0.587745 0.629366 0.553608 0.599963 0.664822 0.633723 0.642908
# obs_se_ind_in
 0.315336 0.311444 0.304134 0.278272 0.215527 0.262671 0.288128 0.262227 0.234189 0.263723 0.204622 0.219737 0.173893 0.199585 0.24276 0.171811 0.193578 0.196385 0.170199 0.150242 0.176862 0.153633 0.123434 0.117549 0.125873 0.110722 0.119993 0.132964 0.126745 0.128582
# nyrs_ind_age
 30
# nyrs_ind_length
 0
# yrs_ind_age_in
 1 2 3 4 5 6 7 8 9 10 11 12 13 14 15 16 17 18 19 20 21 22 23 24 25 26 27 28 29 30
# yrs_ind_length_in

# yrs_ind_age_in
 1 2 3 4 5 6 7 8 9 10 11 12 13 14 15 16 17 18 19 20 21 22 23 24 25 26 27 28 29 30
# n_sample_ind_length_in

# olc_ind_in

# oac_ind_in
 0.07 0.13 0.115 0.11 0.1 0.105 0.045 0.065 0.05 0.02 0.05 0.14
 0.065 0.13 0.165 0.13 0.09 0.05 0.085 0.08 0.05 0.02 0.03 0.105
 0.03 0.105 0.145 0.135 0.095 0.065 0.09 0.06 0.05 0.03 0.05 0.145
 0.055 0.12 0.14 0.105 0.08 0.125 0.065 0.085 0.055 0.005 0.025 0.14
 0.11 0.175 0.115 0.11 0.105 0.07 0.075 0.06 0.035 0.03 0.025 0.09
 0.085 0.15 0.195 0.095 0.07 0.055 0.085 0.03 0.05 0.02 0.015 0.15
 0.08 0.215 0.115 0.14 0.055 0.12 0.06 0.055 0.045 0.015 0.02 0.08
 0.035 0.19 0.195 0.115 0.14 0.06 0.03 0.015 0.045 0.02 0.04 0.115
 0.11 0.1 0.205 0.17 0.13 0.085 0.035 0.045 0.02 0.025 0.03 0.045
 0.07 0.145 0.15 0.215 0.15 0.05 0.055 0.015 0.02 0.04 0.015 0.075
 0.05 0.19 0.15 0.11 0.165 0.08 0.075 0.04 0.025 0.02 0.03 0.065
 0.06 0.165 0.15 0.125 0.1 0.12 0.075 0.03 0.035 0.02 0.02 0.1
 0.09 0.185 0.155 0.19 0.05 0.075 0.075 0.055 0.045 0.02 0.015 0.045
 0.06 0.145 0.185 0.155 0.11 0.09 0.055 0.065 0.035 0.015 0.02 0.065
 0.085 0.245 0.125 0.13 0.115 0.065 0.06 0.04 0.025 0.025 0.02 0.065
 0.1 0.175 0.21 0.145 0.105 0.065 0.035 0.03 0.005 0.02 0.055 0.055
 0.055 0.18 0.22 0.175 0.09 0.045 0.025 0.045 0.055 0.025 0.02 0.065
 0.135 0.215 0.185 0.165 0.11 0.035 0.04 0.03 0.015 0.025 0.01 0.035
 0.14 0.225 0.18 0.14 0.08 0.065 0.03 0.025 0.025 0.01 0.025 0.055
 0.105 0.205 0.225 0.165 0.1 0.055 0.015 0.04 0.005 0.025 0.01 0.05
 0.17 0.185 0.21 0.14 0.075 0.065 0.045 0.04 0.015 0.025 0.005 0.025
 0.1 0.185 0.35 0.155 0.06 0.05 0.035 0.035 0.01 0.005 0 0.015
 0.085 0.225 0.23 0.17 0.1 0.085 0.04 0 0.03 0.005 0.01 0.02
 0.115 0.185 0.295 0.155 0.11 0.03 0.025 0.04 0.015 0.01 0.01 0.01
 0.095 0.325 0.195 0.12 0.075 0.065 0.04 0.025 0.035 0.005 0.01 0.01
 0.17 0.215 0.215 0.12 0.125 0.04 0.06 0.015 0.005 0.015 0.01 0.01
 0.115 0.32 0.145 0.175 0.08 0.09 0.005 0.03 0.02 0.01 0.005 0.005
 0.155 0.26 0.24 0.135 0.08 0.035 0.03 0.02 0.005 0.02 0.01 0.01
 0.125 0.255 0.235 0.145 0.07 0.07 0.05 0.035 0 0.005 0 0.01
 0.14 0.215 0.22 0.155 0.16 0.03 0.04 0.015 0 0.005 0.005 0.015
# wt_ind
 1 1 1 1 1 1 1 1 1 1 1 1
 1 1 1 1 1 1 1 1 1 1 1 1
 1 1 1 1 1 1 1 1 1 1 1 1
 1 1 1 1 1 1 1 1 1 1 1 1
 1 1 1 1 1 1 1 1 1 1 1 1
 1 1 1 1 1 1 1 1 1 1 1 1
 1 1 1 1 1 1 1 1 1 1 1 1
 1 1 1 1 1 1 1 1 1 1 1 1
 1 1 1 1 1 1 1 1 1 1 1 1
 1 1 1 1 1 1 1 1 1 1 1 1
 1 1 1 1 1 1 1 1 1 1 1 1
 1 1 1 1 1 1 1 1 1 1 1 1
 1 1 1 1 1 1 1 1 1 1 1 1
 1 1 1 1 1 1 1 1 1 1 1 1
 1 1 1 1 1 1 1 1 1 1 1 1
 1 1 1 1 1 1 1 1 1 1 1 1
 1 1 1 1 1 1 1 1 1 1 1 1
 1 1 1 1 1 1 1 1 1 1 1 1
 1 1 1 1 1 1 1 1 1 1 1 1
 1 1 1 1 1 1 1 1 1 1 1 1
 1 1 1 1 1 1 1 1 1 1 1 1
 1 1 1 1 1 1 1 1 1 1 1 1
 1 1 1 1 1 1 1 1 1 1 1 1
 1 1 1 1 1 1 1 1 1 1 1 1
 1 1 1 1 1 1 1 1 1 1 1 1
 1 1 1 1 1 1 1 1 1 1 1 1
 1 1 1 1 1 1 1 1 1 1 1 1
 1 1 1 1 1 1 1 1 1 1 1 1
 1 1 1 1 1 1 1 1 1 1 1 1
 1 1 1 1 1 1 1 1 1 1 1 1
# wt_pop
 0.000530656 0.00119633 0.00205827 0.00303499 0.00405521 0.0050647 0.00602623 0.00691692 0.00772489 0.00844611 0.00908185 0.0096367
# maturity
 0.0229774 0.320821 0.904651 0.99478 0.999739 0.999987 0.999999 1 1 1 1 1
# spawnmo
1
# age_err
 1 0 0 0 0 0 0 0 0 0 0 0
 0 1 0 0 0 0 0 0 0 0 0 0
 0 0 1 0 0 0 0 0 0 0 0 0
 0 0 0 1 0 0 0 0 0 0 0 0
 0 0 0 0 1 0 0 0 0 0 0 0
 0 0 0 0 0 1 0 0 0 0 0 0
 0 0 0 0 0 0 1 0 0 0 0 0
 0 0 0 0 0 0 0 1 0 0 0 0
 0 0 0 0 0 0 0 0 1 0 0 0
 0 0 0 0 0 0 0 0 0 1 0 0
 0 0 0 0 0 0 0 0 0 0 1 0
 0 0 0 0 0 0 0 0 0 0 0 1
# cntrlfile_name
C:\Users\bai.li\DOCUME~1\Github\AGE_ST~1\ASSAMC\example\output\AMAK\s127\amak.dat
# Map shared selectivity: 
# sel_map
 1 2
 1 1
# datafile_name
amak_data.dat
# model_name
AMAK_MCP
# SrType
2
# use_age_err
0
# retro
0
# sigmarprior
0.2
# cvsigmarprior
0.25
# phase_sigmar
-3
# styr_rec_est
1
# endyr_rec_est
30
# Linfprior
80
# cvLinfprior
0.25
# kprior
0.18
# cvkprior
0.25
# Loprior
27.688
# cvLoprior
0.25
# sdageprior
0.1
# cvsdageprior
0.25
# natmortprior
0.2
# cvnatmortprior
0.25
# phase_M
-4
# npars_Mage
0
# ages_M_changes

# Mage_in

# Mage_offset_in

# phase_Mage
-5
# phase_rw_M
0
# npars_rw_M
0
# yrs_rw_M

# sigma_rw_M

# qprior
 3.48998e-007
# cvqprior
 1
# phase_q
 1
# q_power_prior
 1
# cvq_power_prior
 0.2
# phase_q_power
 -4
# phase_rw_q
 -1
# npars_rw_q
 0
# yrs_rw_q

# sigma_rw_q

# q_age_min
 1
# q_age_max
 12
# q_age_min
 1
# q_age_max
 12
# fsh_sel_opt(k)
2
# phase_sel_fsh(k)
2
# n_sel_ch_fsh(k)
1
# sel_slp_in_fsh(k)(1,n_sel_ch_fsh(k))
 1
# sel_inf_in_fsh(k)(1,n_sel_ch_fsh(k))
 2
# logsel_slp_in_fsh(k)(1,n_sel_ch_fsh(k))
 0
# yrs_sel_ch_fsh(k)(1,n_sel_ch_fsh(k))
 1

Survey SURVEY1
# ind_sel_opt(k)
2
# indname(k)
SURVEY1
# nselages_in_ind(k)
11
# phase_sel_ind(k)
2
# sel_change_in_ind(k)
 1 0 0 0 0 0 0 0 0 0 0 0 0 0 0 0 0 0 0 0 0 0 0 0 0 0 0 0 0 0
# n_sel_ch_ind(k)
1
# yrs_sel_ch_ind(k)(1,n_sel_ch_ind(k))
 1
# sel_slp_in_ind(k,1)
2
# sel_inf_in_ind(k,1)
1.5
# logsel_slp_in_ind(k,1)
0.693147
# logsel_slp_in_indv(k)
0.693147
SURVEY1 ind sel opt 2  1 0 0 0 0 0 0 0 0 0 0 0 0 0 0 0 0 0 0 0 0 0 0 0 0 0 0 0 0 0
Phase indices Sel_Coffs:  -1
 Test: 1.23457e+008
# Fshry Selages:  11
# Srvy  Selages:  11
# Phase for age-spec fishery  -1
# Phase for logistic fishery  2
# Phase for dble logistic fishery  -1
# Phase for age-spec indices   -1
# Phase for logistic indices   2
# Phase for dble logistic ind  -1
# Curv_pen_fsh: 
 0
# Curv_pen_ind: 
 0
# styr_fut
31
# endyr_fut
35
# nyrs_fsh_age
 30
# nyrs_fsh_age
 30
# yrs_fsh_age
 1 2 3 4 5 6 7 8 9 10 11 12 13 14 15 16 17 18 19 20 21 22 23 24 25 26 27 28 29 30
# n_sample_fsh_age
 200 200 200 200 200 200 200 200 200 200 200 200 200 200 200 200 200 200 200 200 200 200 200 200 200 200 200 200 200 200
# oac_fsh
 0.075 0.1 0.125 0.095 0.145 0.135 0.055 0.045 0.04 0.015 0.055 0.115
 0.06 0.11 0.055 0.12 0.1 0.095 0.1 0.055 0.075 0.025 0.025 0.18
 0.08 0.095 0.1 0.15 0.1 0.1 0.08 0.04 0.065 0.065 0.005 0.12
 0.075 0.075 0.1 0.105 0.13 0.065 0.085 0.07 0.06 0.04 0.05 0.145
 0.05 0.16 0.085 0.13 0.12 0.085 0.08 0.045 0.02 0.04 0.045 0.14
 0.135 0.115 0.155 0.085 0.09 0.095 0.07 0.05 0.06 0.03 0.02 0.095
 0.11 0.155 0.1 0.17 0.09 0.05 0.045 0.05 0.065 0.035 0.055 0.075
 0.08 0.19 0.16 0.105 0.125 0.05 0.04 0.07 0.04 0.025 0.03 0.085
 0.09 0.115 0.2 0.12 0.12 0.07 0.06 0.03 0.03 0.015 0.05 0.1
 0.06 0.175 0.11 0.165 0.12 0.1 0.055 0.02 0.05 0.035 0.03 0.08
 0.065 0.17 0.135 0.115 0.14 0.13 0.045 0.03 0.015 0.025 0.03 0.1
 0.075 0.145 0.15 0.145 0.06 0.1 0.09 0.05 0.05 0.04 0 0.095
 0.095 0.17 0.13 0.12 0.115 0.075 0.065 0.05 0.06 0.045 0.015 0.06
 0.085 0.08 0.18 0.16 0.09 0.095 0.055 0.055 0.065 0.02 0.02 0.095
 0.15 0.205 0.16 0.09 0.1 0.065 0.06 0.03 0.035 0.04 0.015 0.05
 0.12 0.155 0.175 0.14 0.095 0.05 0.04 0.035 0.035 0.045 0.045 0.065
 0.145 0.125 0.22 0.15 0.1 0.055 0.045 0.045 0.03 0.015 0.025 0.045
 0.095 0.14 0.2 0.18 0.1 0.07 0.05 0.03 0.04 0.015 0.02 0.06
 0.1 0.215 0.2 0.115 0.135 0.035 0.065 0.045 0.025 0.02 0.015 0.03
 0.15 0.135 0.205 0.13 0.08 0.125 0.065 0.025 0.015 0.01 0.02 0.04
 0.095 0.235 0.195 0.17 0.095 0.055 0.055 0.035 0.01 0.025 0.005 0.025
 0.165 0.18 0.195 0.14 0.125 0.065 0.02 0.05 0.025 0.01 0.005 0.02
 0.16 0.23 0.14 0.185 0.075 0.035 0.08 0.03 0.015 0.005 0 0.045
 0.13 0.18 0.235 0.13 0.12 0.06 0.035 0.06 0.015 0.025 0.005 0.005
 0.095 0.265 0.17 0.215 0.075 0.055 0.05 0.03 0.02 0 0.015 0.01
 0.19 0.12 0.235 0.16 0.105 0.045 0.035 0.04 0.03 0.015 0 0.025
 0.21 0.205 0.145 0.19 0.085 0.045 0.02 0.045 0.02 0.01 0.005 0.02
 0.215 0.23 0.2 0.095 0.115 0.065 0.045 0.01 0.005 0 0.015 0.005
 0.12 0.285 0.23 0.18 0.04 0.07 0.015 0.015 0.005 0.02 0 0.02
 0.13 0.135 0.32 0.205 0.1 0.04 0.025 0.02 0 0 0.005 0.02
# olc_fsh

# wt_fsh
 0.000530656 0.00119633 0.00205827 0.00303499 0.00405521 0.0050647 0.00602623 0.00691692 0.00772489 0.00844611 0.00908185 0.0096367
 0.000530656 0.00119633 0.00205827 0.00303499 0.00405521 0.0050647 0.00602623 0.00691692 0.00772489 0.00844611 0.00908185 0.0096367
 0.000530656 0.00119633 0.00205827 0.00303499 0.00405521 0.0050647 0.00602623 0.00691692 0.00772489 0.00844611 0.00908185 0.0096367
 0.000530656 0.00119633 0.00205827 0.00303499 0.00405521 0.0050647 0.00602623 0.00691692 0.00772489 0.00844611 0.00908185 0.0096367
 0.000530656 0.00119633 0.00205827 0.00303499 0.00405521 0.0050647 0.00602623 0.00691692 0.00772489 0.00844611 0.00908185 0.0096367
 0.000530656 0.00119633 0.00205827 0.00303499 0.00405521 0.0050647 0.00602623 0.00691692 0.00772489 0.00844611 0.00908185 0.0096367
 0.000530656 0.00119633 0.00205827 0.00303499 0.00405521 0.0050647 0.00602623 0.00691692 0.00772489 0.00844611 0.00908185 0.0096367
 0.000530656 0.00119633 0.00205827 0.00303499 0.00405521 0.0050647 0.00602623 0.00691692 0.00772489 0.00844611 0.00908185 0.0096367
 0.000530656 0.00119633 0.00205827 0.00303499 0.00405521 0.0050647 0.00602623 0.00691692 0.00772489 0.00844611 0.00908185 0.0096367
 0.000530656 0.00119633 0.00205827 0.00303499 0.00405521 0.0050647 0.00602623 0.00691692 0.00772489 0.00844611 0.00908185 0.0096367
 0.000530656 0.00119633 0.00205827 0.00303499 0.00405521 0.0050647 0.00602623 0.00691692 0.00772489 0.00844611 0.00908185 0.0096367
 0.000530656 0.00119633 0.00205827 0.00303499 0.00405521 0.0050647 0.00602623 0.00691692 0.00772489 0.00844611 0.00908185 0.0096367
 0.000530656 0.00119633 0.00205827 0.00303499 0.00405521 0.0050647 0.00602623 0.00691692 0.00772489 0.00844611 0.00908185 0.0096367
 0.000530656 0.00119633 0.00205827 0.00303499 0.00405521 0.0050647 0.00602623 0.00691692 0.00772489 0.00844611 0.00908185 0.0096367
 0.000530656 0.00119633 0.00205827 0.00303499 0.00405521 0.0050647 0.00602623 0.00691692 0.00772489 0.00844611 0.00908185 0.0096367
 0.000530656 0.00119633 0.00205827 0.00303499 0.00405521 0.0050647 0.00602623 0.00691692 0.00772489 0.00844611 0.00908185 0.0096367
 0.000530656 0.00119633 0.00205827 0.00303499 0.00405521 0.0050647 0.00602623 0.00691692 0.00772489 0.00844611 0.00908185 0.0096367
 0.000530656 0.00119633 0.00205827 0.00303499 0.00405521 0.0050647 0.00602623 0.00691692 0.00772489 0.00844611 0.00908185 0.0096367
 0.000530656 0.00119633 0.00205827 0.00303499 0.00405521 0.0050647 0.00602623 0.00691692 0.00772489 0.00844611 0.00908185 0.0096367
 0.000530656 0.00119633 0.00205827 0.00303499 0.00405521 0.0050647 0.00602623 0.00691692 0.00772489 0.00844611 0.00908185 0.0096367
 0.000530656 0.00119633 0.00205827 0.00303499 0.00405521 0.0050647 0.00602623 0.00691692 0.00772489 0.00844611 0.00908185 0.0096367
 0.000530656 0.00119633 0.00205827 0.00303499 0.00405521 0.0050647 0.00602623 0.00691692 0.00772489 0.00844611 0.00908185 0.0096367
 0.000530656 0.00119633 0.00205827 0.00303499 0.00405521 0.0050647 0.00602623 0.00691692 0.00772489 0.00844611 0.00908185 0.0096367
 0.000530656 0.00119633 0.00205827 0.00303499 0.00405521 0.0050647 0.00602623 0.00691692 0.00772489 0.00844611 0.00908185 0.0096367
 0.000530656 0.00119633 0.00205827 0.00303499 0.00405521 0.0050647 0.00602623 0.00691692 0.00772489 0.00844611 0.00908185 0.0096367
 0.000530656 0.00119633 0.00205827 0.00303499 0.00405521 0.0050647 0.00602623 0.00691692 0.00772489 0.00844611 0.00908185 0.0096367
 0.000530656 0.00119633 0.00205827 0.00303499 0.00405521 0.0050647 0.00602623 0.00691692 0.00772489 0.00844611 0.00908185 0.0096367
 0.000530656 0.00119633 0.00205827 0.00303499 0.00405521 0.0050647 0.00602623 0.00691692 0.00772489 0.00844611 0.00908185 0.0096367
 0.000530656 0.00119633 0.00205827 0.00303499 0.00405521 0.0050647 0.00602623 0.00691692 0.00772489 0.00844611 0.00908185 0.0096367
 0.000530656 0.00119633 0.00205827 0.00303499 0.00405521 0.0050647 0.00602623 0.00691692 0.00772489 0.00844611 0.00908185 0.0096367
# nyrs_ind_age
 30
# yrs_ind_age
 1 2 3 4 5 6 7 8 9 10 11 12 13 14 15 16 17 18 19 20 21 22 23 24 25 26 27 28 29 30
# n_sample_ind_age
 200 200 200 200 200 200 200 200 200 200 200 200 200 200 200 200 200 200 200 200 200 200 200 200 200 200 200 200 200 200
# oac_ind
 0.07 0.13 0.115 0.11 0.1 0.105 0.045 0.065 0.05 0.02 0.05 0.14
 0.065 0.13 0.165 0.13 0.09 0.05 0.085 0.08 0.05 0.02 0.03 0.105
 0.03 0.105 0.145 0.135 0.095 0.065 0.09 0.06 0.05 0.03 0.05 0.145
 0.055 0.12 0.14 0.105 0.08 0.125 0.065 0.085 0.055 0.005 0.025 0.14
 0.11 0.175 0.115 0.11 0.105 0.07 0.075 0.06 0.035 0.03 0.025 0.09
 0.085 0.15 0.195 0.095 0.07 0.055 0.085 0.03 0.05 0.02 0.015 0.15
 0.08 0.215 0.115 0.14 0.055 0.12 0.06 0.055 0.045 0.015 0.02 0.08
 0.035 0.19 0.195 0.115 0.14 0.06 0.03 0.015 0.045 0.02 0.04 0.115
 0.11 0.1 0.205 0.17 0.13 0.085 0.035 0.045 0.02 0.025 0.03 0.045
 0.07 0.145 0.15 0.215 0.15 0.05 0.055 0.015 0.02 0.04 0.015 0.075
 0.05 0.19 0.15 0.11 0.165 0.08 0.075 0.04 0.025 0.02 0.03 0.065
 0.06 0.165 0.15 0.125 0.1 0.12 0.075 0.03 0.035 0.02 0.02 0.1
 0.09 0.185 0.155 0.19 0.05 0.075 0.075 0.055 0.045 0.02 0.015 0.045
 0.06 0.145 0.185 0.155 0.11 0.09 0.055 0.065 0.035 0.015 0.02 0.065
 0.085 0.245 0.125 0.13 0.115 0.065 0.06 0.04 0.025 0.025 0.02 0.065
 0.1 0.175 0.21 0.145 0.105 0.065 0.035 0.03 0.005 0.02 0.055 0.055
 0.055 0.18 0.22 0.175 0.09 0.045 0.025 0.045 0.055 0.025 0.02 0.065
 0.135 0.215 0.185 0.165 0.11 0.035 0.04 0.03 0.015 0.025 0.01 0.035
 0.14 0.225 0.18 0.14 0.08 0.065 0.03 0.025 0.025 0.01 0.025 0.055
 0.105 0.205 0.225 0.165 0.1 0.055 0.015 0.04 0.005 0.025 0.01 0.05
 0.17 0.185 0.21 0.14 0.075 0.065 0.045 0.04 0.015 0.025 0.005 0.025
 0.1 0.185 0.35 0.155 0.06 0.05 0.035 0.035 0.01 0.005 0 0.015
 0.085 0.225 0.23 0.17 0.1 0.085 0.04 0 0.03 0.005 0.01 0.02
 0.115 0.185 0.295 0.155 0.11 0.03 0.025 0.04 0.015 0.01 0.01 0.01
 0.095 0.325 0.195 0.12 0.075 0.065 0.04 0.025 0.035 0.005 0.01 0.01
 0.17 0.215 0.215 0.12 0.125 0.04 0.06 0.015 0.005 0.015 0.01 0.01
 0.115 0.32 0.145 0.175 0.08 0.09 0.005 0.03 0.02 0.01 0.005 0.005
 0.155 0.26 0.24 0.135 0.08 0.035 0.03 0.02 0.005 0.02 0.01 0.01
 0.125 0.255 0.235 0.145 0.07 0.07 0.05 0.035 0 0.005 0 0.01
 0.14 0.215 0.22 0.155 0.16 0.03 0.04 0.015 0 0.005 0.005 0.015
# olc_ind

# obs_lse_ind
 0.198042 0.198042 0.198042 0.198042 0.198042 0.198042 0.198042 0.198042 0.198042 0.198042 0.198042 0.198042 0.198042 0.198042 0.198042 0.198042 0.198042 0.198042 0.198042 0.198042 0.198042 0.198042 0.198042 0.198042 0.198042 0.198042 0.198042 0.198042 0.198042 0.198042
# xages_fsh
 0 0 0 0 0 0 0 0 0 0 0 0
# xages_fsh
 0 0.0909091 0.181818 0.272727 0.363636 0.454545 0.545455 0.636364 0.727273 0.818182 0.909091 1
# xnodes_fsh

Yrs fsh_sel change:  1 0 0 0 0 0 0 0 0 0 0 0 0 0 0 0 0 0 0 0 0 0 0 0 0 0 0 0 0
Yrs ind_sel change:  1 0 0 0 0 0 0 0 0 0 0 0 0 0 0 0 0 0 0 0 0 0 0 0 0 0 0 0 0
# steepnessprior
0.75
# sigmarprior
0.2
#  SSB estimated in styr endyr: -13 28 
#  Rec estimated in styr endyr: -11 30 
#  SR Curve fit  in styr endyr: 1 30 
#             Model styr endyr: 1 30 
# qprior
 3.48998e-007
# q_power_prior 
 1 
# cv_catchbiomass 
0.05 
# CatchbiomassPen 
200 
# Number of projection years 
5 
# offset_fsh
 13411
# offset_ind
 13116.2
Mean Catch
1244.37
R_guess 
15.3865
# nfsh
1
# n_sel_ch_fsh
 1
# nselages_fsh
 11
# phase_selcoff_fsh
 -1
logRzero 15.3865
logmeanrec 15.3865
exp(log_sigmarprior 0.2
Fish sel phase: -1 FLEET1
Fixing fishery sel to
1
Srvy sel phase: -1
Fixing SURVEY1 indices sel to
1
# logsel_slp_in_indv
 0.693147
Leaving parameter init secton
# M
 0.2 0.2 0.2 0.2 0.2 0.2 0.2 0.2 0.2 0.2 0.2 0.2
 0.2 0.2 0.2 0.2 0.2 0.2 0.2 0.2 0.2 0.2 0.2 0.2
 0.2 0.2 0.2 0.2 0.2 0.2 0.2 0.2 0.2 0.2 0.2 0.2
 0.2 0.2 0.2 0.2 0.2 0.2 0.2 0.2 0.2 0.2 0.2 0.2
 0.2 0.2 0.2 0.2 0.2 0.2 0.2 0.2 0.2 0.2 0.2 0.2
 0.2 0.2 0.2 0.2 0.2 0.2 0.2 0.2 0.2 0.2 0.2 0.2
 0.2 0.2 0.2 0.2 0.2 0.2 0.2 0.2 0.2 0.2 0.2 0.2
 0.2 0.2 0.2 0.2 0.2 0.2 0.2 0.2 0.2 0.2 0.2 0.2
 0.2 0.2 0.2 0.2 0.2 0.2 0.2 0.2 0.2 0.2 0.2 0.2
 0.2 0.2 0.2 0.2 0.2 0.2 0.2 0.2 0.2 0.2 0.2 0.2
 0.2 0.2 0.2 0.2 0.2 0.2 0.2 0.2 0.2 0.2 0.2 0.2
 0.2 0.2 0.2 0.2 0.2 0.2 0.2 0.2 0.2 0.2 0.2 0.2
 0.2 0.2 0.2 0.2 0.2 0.2 0.2 0.2 0.2 0.2 0.2 0.2
 0.2 0.2 0.2 0.2 0.2 0.2 0.2 0.2 0.2 0.2 0.2 0.2
 0.2 0.2 0.2 0.2 0.2 0.2 0.2 0.2 0.2 0.2 0.2 0.2
 0.2 0.2 0.2 0.2 0.2 0.2 0.2 0.2 0.2 0.2 0.2 0.2
 0.2 0.2 0.2 0.2 0.2 0.2 0.2 0.2 0.2 0.2 0.2 0.2
 0.2 0.2 0.2 0.2 0.2 0.2 0.2 0.2 0.2 0.2 0.2 0.2
 0.2 0.2 0.2 0.2 0.2 0.2 0.2 0.2 0.2 0.2 0.2 0.2
 0.2 0.2 0.2 0.2 0.2 0.2 0.2 0.2 0.2 0.2 0.2 0.2
 0.2 0.2 0.2 0.2 0.2 0.2 0.2 0.2 0.2 0.2 0.2 0.2
 0.2 0.2 0.2 0.2 0.2 0.2 0.2 0.2 0.2 0.2 0.2 0.2
 0.2 0.2 0.2 0.2 0.2 0.2 0.2 0.2 0.2 0.2 0.2 0.2
 0.2 0.2 0.2 0.2 0.2 0.2 0.2 0.2 0.2 0.2 0.2 0.2
 0.2 0.2 0.2 0.2 0.2 0.2 0.2 0.2 0.2 0.2 0.2 0.2
 0.2 0.2 0.2 0.2 0.2 0.2 0.2 0.2 0.2 0.2 0.2 0.2
 0.2 0.2 0.2 0.2 0.2 0.2 0.2 0.2 0.2 0.2 0.2 0.2
 0.2 0.2 0.2 0.2 0.2 0.2 0.2 0.2 0.2 0.2 0.2 0.2
 0.2 0.2 0.2 0.2 0.2 0.2 0.2 0.2 0.2 0.2 0.2 0.2
 0.2 0.2 0.2 0.2 0.2 0.2 0.2 0.2 0.2 0.2 0.2 0.2
# mean_log_rec
13.7429
# log_Rzero
13.7885
# rec_dev
 -0.0748231 -0.0900046 0.162327 -0.222692 -0.142 0.0933788 -0.0381047 0.117652 0.0724077 0.00468059 0.0565135 0.0419641 0.0168733 -0.0827897 -0.2182 0.215317 0.0746486 0.374397 0.373687 -0.124108 0.0381704 -0.0232314 -0.11748 -0.110074 -0.186109 0.0233081 0.123891 -0.111943 -0.00744393 -0.00493978 -0.103856 0.0662554 -0.232652 -0.0156281 -0.264775 -0.0675518 -0.509896 -0.0256026 -0.0370303 0.0526142 -0.36776 -0.242812
# fmort
 0.00915263 0.026717 0.044418 0.0606927 0.0478825 0.0855143 0.0851188 0.179577 0.104438 0.126005 0.144561 0.154805 0.11271 0.165958 0.176175 0.159453 0.311355 0.252291 0.24973 0.245489 0.337593 0.246429 0.408313 0.333761 0.326152 0.294376 0.288729 0.404159 0.305191 0.46834
# rec_dev_future
 0 0 0 0 0
