AMAK;Mar 2020
# styr
1
# endyr
30
# rec_age
1
# oldest_age
12
# nlength
81
# len_bins
 10 11 12 13 14 15 16 17 18 19 20 21 22 23 24 25 26 27 28 29 30 31 32 33 34 35 36 37 38 39 40 41 42 43 44 45 46 47 48 49 50 51 52 53 54 55 56 57 58 59 60 61 62 63 64 65 66 67 68 69 70 71 72 73 74 75 76 77 78 79 80 81 82 83 84 85 86 87 88 89 90
# datafile_name
amak_data.dat
# model_name
AMAK_MCP
# styr
1
# endyr
30
# rec_age
1
# oldest_age
12
# nfsh
1
# fshname
FLEET1
# catch_bio_in
 160.534 459.101 735.97 965.146 746.568 1269.48 1202.43 2275.22 1201.53 1380.29 1484.08 1523.89 1083.18 1554.04 1542.23 1290.62 2262.53 1650.71 1526.81 1433.58 1829.68 1216.81 1824.65 1334.35 1250.15 1113.84 1070.39 1395.71 986.268 1407.24
# catch_bio_sd_in
 0.01 0.01 0.01 0.01 0.01 0.01 0.01 0.01 0.01 0.01 0.01 0.01 0.01 0.01 0.01 0.01 0.01 0.01 0.01 0.01 0.01 0.01 0.01 0.01 0.01 0.01 0.01 0.01 0.01 0.01
# nyrs_fsh_age
 30
# nyrs_fsh_length
 0
# yrs_fsh_age_in
 1 2 3 4 5 6 7 8 9 10 11 12 13 14 15 16 17 18 19 20 21 22 23 24 25 26 27 28 29 30
# yrs_fsh_length_in

# n_sample_fsh_length_in

# olc_fsh_in

# nind
1
# indname
SURVEY1
# nyrs_ind
 30
# yrs_ind_in
 1 2 3 4 5 6 7 8 9 10 11 12 13 14 15 16 17 18 19 20 21 22 23 24 25 26 27 28 29 30
# mo_ind
 1
# obs_ind_in
 1.60278 1.35341 1.30481 1.4411 1.53531 1.16493 1.07779 1.18271 1.26939 1.02039 1.02085 1.31148 1.0648 1.06958 1.10915 1.06749 1.26853 0.96204 0.892055 0.900934 0.883047 0.605394 0.707622 0.60657 0.734238 0.521357 0.629237 0.588494 0.599317 0.620396
# obs_se_ind_in
 0.320556 0.270683 0.260963 0.288219 0.307063 0.232986 0.215557 0.236542 0.253877 0.204079 0.20417 0.262296 0.212959 0.213915 0.22183 0.213498 0.253706 0.192408 0.178411 0.180187 0.176609 0.121079 0.141524 0.121314 0.146848 0.104271 0.125847 0.117699 0.119863 0.124079
# nyrs_ind_age
 30
# nyrs_ind_length
 0
# yrs_ind_age_in
 1 2 3 4 5 6 7 8 9 10 11 12 13 14 15 16 17 18 19 20 21 22 23 24 25 26 27 28 29 30
# yrs_ind_length_in

# yrs_ind_age_in
 1 2 3 4 5 6 7 8 9 10 11 12 13 14 15 16 17 18 19 20 21 22 23 24 25 26 27 28 29 30
# n_sample_ind_length_in

# olc_ind_in

# oac_ind_in
 0.055 0.125 0.145 0.135 0.075 0.07 0.06 0.095 0.045 0.05 0.035 0.11
 0.065 0.135 0.11 0.1 0.105 0.08 0.065 0.07 0.025 0.04 0.035 0.17
 0.07 0.11 0.16 0.145 0.09 0.09 0.05 0.05 0.065 0.03 0.015 0.125
 0.095 0.135 0.1 0.13 0.11 0.07 0.05 0.075 0.025 0.06 0.02 0.13
 0.035 0.165 0.185 0.12 0.095 0.065 0.075 0.075 0.06 0.035 0.02 0.07
 0.05 0.145 0.205 0.11 0.07 0.075 0.065 0.065 0.035 0.02 0.04 0.12
 0.08 0.145 0.095 0.115 0.14 0.085 0.045 0.06 0.045 0.03 0.04 0.12
 0.075 0.185 0.14 0.115 0.1 0.075 0.06 0.035 0.05 0.035 0.035 0.095
 0.105 0.165 0.245 0.065 0.075 0.06 0.065 0.04 0.03 0.015 0.005 0.13
 0.11 0.145 0.155 0.15 0.05 0.07 0.075 0.065 0.035 0.045 0.02 0.08
 0.08 0.235 0.225 0.08 0.085 0.04 0.05 0.075 0.035 0.01 0.01 0.075
 0.08 0.23 0.185 0.155 0.085 0.1 0.02 0.01 0.01 0.015 0.025 0.085
 0.08 0.16 0.185 0.14 0.145 0.07 0.07 0.02 0.035 0.04 0.02 0.035
 0.065 0.24 0.155 0.125 0.13 0.095 0.05 0.045 0 0.01 0.025 0.06
 0.055 0.16 0.22 0.13 0.11 0.125 0.08 0.025 0.05 0 0.005 0.04
 0.1 0.18 0.17 0.15 0.07 0.08 0.09 0.035 0.025 0.045 0 0.055
 0.12 0.245 0.125 0.125 0.09 0.11 0.055 0.035 0.025 0.025 0.02 0.025
 0.105 0.185 0.26 0.09 0.065 0.075 0.05 0.055 0.035 0.025 0.02 0.035
 0.045 0.29 0.22 0.205 0.055 0.025 0.06 0.035 0.025 0.01 0.015 0.015
 0.1 0.15 0.265 0.12 0.15 0.04 0.035 0.035 0.025 0.03 0.005 0.045
 0.06 0.155 0.19 0.235 0.105 0.105 0.03 0.06 0.02 0 0.005 0.035
 0.165 0.235 0.145 0.11 0.135 0.06 0.04 0.025 0.015 0.02 0.025 0.025
 0.11 0.265 0.23 0.115 0.065 0.075 0.04 0.045 0.015 0.005 0.005 0.03
 0.11 0.265 0.205 0.135 0.065 0.075 0.045 0.03 0.04 0.01 0.005 0.015
 0.12 0.255 0.235 0.145 0.08 0.07 0.02 0.035 0.01 0.02 0 0.01
 0.105 0.265 0.3 0.1 0.09 0.065 0.025 0.02 0.025 0.005 0 0
 0.105 0.18 0.24 0.24 0.075 0.025 0.065 0.035 0.02 0.01 0.005 0
 0.14 0.23 0.245 0.16 0.1 0.035 0.035 0.03 0.015 0 0 0.01
 0.095 0.24 0.195 0.155 0.125 0.055 0.07 0.025 0.025 0.005 0.005 0.005
 0.12 0.21 0.265 0.125 0.13 0.05 0.04 0.015 0.005 0.01 0.005 0.025
# wt_ind
 1 1 1 1 1 1 1 1 1 1 1 1
 1 1 1 1 1 1 1 1 1 1 1 1
 1 1 1 1 1 1 1 1 1 1 1 1
 1 1 1 1 1 1 1 1 1 1 1 1
 1 1 1 1 1 1 1 1 1 1 1 1
 1 1 1 1 1 1 1 1 1 1 1 1
 1 1 1 1 1 1 1 1 1 1 1 1
 1 1 1 1 1 1 1 1 1 1 1 1
 1 1 1 1 1 1 1 1 1 1 1 1
 1 1 1 1 1 1 1 1 1 1 1 1
 1 1 1 1 1 1 1 1 1 1 1 1
 1 1 1 1 1 1 1 1 1 1 1 1
 1 1 1 1 1 1 1 1 1 1 1 1
 1 1 1 1 1 1 1 1 1 1 1 1
 1 1 1 1 1 1 1 1 1 1 1 1
 1 1 1 1 1 1 1 1 1 1 1 1
 1 1 1 1 1 1 1 1 1 1 1 1
 1 1 1 1 1 1 1 1 1 1 1 1
 1 1 1 1 1 1 1 1 1 1 1 1
 1 1 1 1 1 1 1 1 1 1 1 1
 1 1 1 1 1 1 1 1 1 1 1 1
 1 1 1 1 1 1 1 1 1 1 1 1
 1 1 1 1 1 1 1 1 1 1 1 1
 1 1 1 1 1 1 1 1 1 1 1 1
 1 1 1 1 1 1 1 1 1 1 1 1
 1 1 1 1 1 1 1 1 1 1 1 1
 1 1 1 1 1 1 1 1 1 1 1 1
 1 1 1 1 1 1 1 1 1 1 1 1
 1 1 1 1 1 1 1 1 1 1 1 1
 1 1 1 1 1 1 1 1 1 1 1 1
# wt_pop
 0.000530656 0.00119633 0.00205827 0.00303499 0.00405521 0.0050647 0.00602623 0.00691692 0.00772489 0.00844611 0.00908185 0.0096367
# maturity
 0.0229774 0.320821 0.904651 0.99478 0.999739 0.999987 0.999999 1 1 1 1 1
# spawnmo
1
# age_err
 1 0 0 0 0 0 0 0 0 0 0 0
 0 1 0 0 0 0 0 0 0 0 0 0
 0 0 1 0 0 0 0 0 0 0 0 0
 0 0 0 1 0 0 0 0 0 0 0 0
 0 0 0 0 1 0 0 0 0 0 0 0
 0 0 0 0 0 1 0 0 0 0 0 0
 0 0 0 0 0 0 1 0 0 0 0 0
 0 0 0 0 0 0 0 1 0 0 0 0
 0 0 0 0 0 0 0 0 1 0 0 0
 0 0 0 0 0 0 0 0 0 1 0 0
 0 0 0 0 0 0 0 0 0 0 1 0
 0 0 0 0 0 0 0 0 0 0 0 1
# cntrlfile_name
C:\Users\bai.li\DOCUME~1\Github\AGE_ST~1\ASSAMC\example\output\AMAK\s59\amak.dat
# Map shared selectivity: 
# sel_map
 1 2
 1 1
# datafile_name
amak_data.dat
# model_name
AMAK_MCP
# SrType
2
# use_age_err
0
# retro
0
# sigmarprior
0.2
# cvsigmarprior
0.25
# phase_sigmar
-3
# styr_rec_est
1
# endyr_rec_est
30
# Linfprior
80
# cvLinfprior
0.25
# kprior
0.18
# cvkprior
0.25
# Loprior
27.688
# cvLoprior
0.25
# sdageprior
0.1
# cvsdageprior
0.25
# natmortprior
0.2
# cvnatmortprior
0.25
# phase_M
-4
# npars_Mage
0
# ages_M_changes

# Mage_in

# Mage_offset_in

# phase_Mage
-5
# phase_rw_M
0
# npars_rw_M
0
# yrs_rw_M

# sigma_rw_M

# qprior
 3.48998e-007
# cvqprior
 1
# phase_q
 1
# q_power_prior
 1
# cvq_power_prior
 0.2
# phase_q_power
 -4
# phase_rw_q
 -1
# npars_rw_q
 0
# yrs_rw_q

# sigma_rw_q

# q_age_min
 1
# q_age_max
 12
# q_age_min
 1
# q_age_max
 12
# fsh_sel_opt(k)
2
# phase_sel_fsh(k)
2
# n_sel_ch_fsh(k)
1
# sel_slp_in_fsh(k)(1,n_sel_ch_fsh(k))
 1
# sel_inf_in_fsh(k)(1,n_sel_ch_fsh(k))
 2
# logsel_slp_in_fsh(k)(1,n_sel_ch_fsh(k))
 0
# yrs_sel_ch_fsh(k)(1,n_sel_ch_fsh(k))
 1

Survey SURVEY1
# ind_sel_opt(k)
2
# indname(k)
SURVEY1
# nselages_in_ind(k)
11
# phase_sel_ind(k)
2
# sel_change_in_ind(k)
 1 0 0 0 0 0 0 0 0 0 0 0 0 0 0 0 0 0 0 0 0 0 0 0 0 0 0 0 0 0
# n_sel_ch_ind(k)
1
# yrs_sel_ch_ind(k)(1,n_sel_ch_ind(k))
 1
# sel_slp_in_ind(k,1)
2
# sel_inf_in_ind(k,1)
1.5
# logsel_slp_in_ind(k,1)
0.693147
# logsel_slp_in_indv(k)
0.693147
SURVEY1 ind sel opt 2  1 0 0 0 0 0 0 0 0 0 0 0 0 0 0 0 0 0 0 0 0 0 0 0 0 0 0 0 0 0
Phase indices Sel_Coffs:  -1
 Test: 1.23457e+008
# Fshry Selages:  11
# Srvy  Selages:  11
# Phase for age-spec fishery  -1
# Phase for logistic fishery  2
# Phase for dble logistic fishery  -1
# Phase for age-spec indices   -1
# Phase for logistic indices   2
# Phase for dble logistic ind  -1
# Curv_pen_fsh: 
 0
# Curv_pen_ind: 
 0
# styr_fut
31
# endyr_fut
35
# nyrs_fsh_age
 30
# nyrs_fsh_age
 30
# yrs_fsh_age
 1 2 3 4 5 6 7 8 9 10 11 12 13 14 15 16 17 18 19 20 21 22 23 24 25 26 27 28 29 30
# n_sample_fsh_age
 200 200 200 200 200 200 200 200 200 200 200 200 200 200 200 200 200 200 200 200 200 200 200 200 200 200 200 200 200 200
# oac_fsh
 0.065 0.1 0.115 0.135 0.125 0.08 0.09 0.035 0.035 0.045 0.02 0.155
 0.055 0.115 0.13 0.125 0.13 0.1 0.065 0.055 0.025 0.02 0.05 0.13
 0.11 0.11 0.11 0.095 0.1 0.1 0.085 0.075 0.025 0.04 0.015 0.135
 0.075 0.15 0.13 0.08 0.11 0.08 0.06 0.05 0.065 0.045 0.045 0.11
 0.04 0.15 0.11 0.095 0.115 0.085 0.05 0.05 0.035 0.055 0.045 0.17
 0.065 0.115 0.135 0.135 0.07 0.065 0.075 0.065 0.03 0.045 0.03 0.17
 0.095 0.075 0.115 0.11 0.175 0.05 0.065 0.07 0.035 0.03 0.045 0.135
 0.055 0.19 0.08 0.12 0.14 0.085 0.07 0.05 0.05 0.02 0.035 0.105
 0.11 0.12 0.205 0.095 0.08 0.06 0.055 0.07 0.025 0.015 0.025 0.14
 0.14 0.135 0.12 0.17 0.07 0.08 0.05 0.055 0.05 0.04 0.02 0.07
 0.13 0.14 0.18 0.11 0.145 0.045 0.04 0.035 0.05 0.04 0.015 0.07
 0.1 0.16 0.19 0.145 0.06 0.135 0.035 0.035 0.055 0.04 0 0.045
 0.095 0.115 0.165 0.21 0.14 0.05 0.08 0.035 0.02 0.02 0.025 0.045
 0.065 0.165 0.145 0.195 0.13 0.095 0.055 0.045 0.03 0.015 0 0.06
 0.045 0.17 0.15 0.11 0.165 0.125 0.06 0.025 0.05 0.01 0.015 0.075
 0.17 0.13 0.105 0.185 0.08 0.115 0.06 0.055 0.045 0.015 0.005 0.035
 0.13 0.185 0.11 0.12 0.13 0.08 0.08 0.035 0.02 0.01 0.04 0.06
 0.135 0.2 0.18 0.095 0.065 0.075 0.05 0.07 0.045 0.04 0.01 0.035
 0.09 0.24 0.175 0.215 0.065 0.07 0.055 0.02 0 0.015 0.03 0.025
 0.105 0.15 0.21 0.17 0.12 0.045 0.065 0.02 0.02 0.03 0.015 0.05
 0.11 0.2 0.18 0.19 0.09 0.09 0.025 0.03 0.03 0.025 0.01 0.02
 0.13 0.165 0.175 0.155 0.165 0.055 0.055 0.03 0.02 0.005 0.01 0.035
 0.1 0.21 0.195 0.14 0.13 0.085 0.05 0.04 0 0.01 0.015 0.025
 0.125 0.2 0.205 0.185 0.075 0.04 0.06 0.025 0.035 0.01 0.01 0.03
 0.16 0.215 0.17 0.21 0.06 0.065 0.06 0.035 0.015 0.005 0 0.005
 0.155 0.155 0.25 0.13 0.13 0.08 0.025 0.025 0.005 0.01 0.01 0.025
 0.155 0.16 0.26 0.21 0.095 0.05 0.03 0.015 0.01 0.01 0 0.005
 0.18 0.195 0.235 0.115 0.095 0.075 0.04 0.025 0.01 0.015 0.015 0
 0.2 0.22 0.16 0.155 0.13 0.07 0.025 0.02 0.01 0 0.01 0
 0.14 0.14 0.295 0.2 0.105 0.04 0.04 0.01 0.01 0.01 0.01 0
# olc_fsh

# wt_fsh
 0.000530656 0.00119633 0.00205827 0.00303499 0.00405521 0.0050647 0.00602623 0.00691692 0.00772489 0.00844611 0.00908185 0.0096367
 0.000530656 0.00119633 0.00205827 0.00303499 0.00405521 0.0050647 0.00602623 0.00691692 0.00772489 0.00844611 0.00908185 0.0096367
 0.000530656 0.00119633 0.00205827 0.00303499 0.00405521 0.0050647 0.00602623 0.00691692 0.00772489 0.00844611 0.00908185 0.0096367
 0.000530656 0.00119633 0.00205827 0.00303499 0.00405521 0.0050647 0.00602623 0.00691692 0.00772489 0.00844611 0.00908185 0.0096367
 0.000530656 0.00119633 0.00205827 0.00303499 0.00405521 0.0050647 0.00602623 0.00691692 0.00772489 0.00844611 0.00908185 0.0096367
 0.000530656 0.00119633 0.00205827 0.00303499 0.00405521 0.0050647 0.00602623 0.00691692 0.00772489 0.00844611 0.00908185 0.0096367
 0.000530656 0.00119633 0.00205827 0.00303499 0.00405521 0.0050647 0.00602623 0.00691692 0.00772489 0.00844611 0.00908185 0.0096367
 0.000530656 0.00119633 0.00205827 0.00303499 0.00405521 0.0050647 0.00602623 0.00691692 0.00772489 0.00844611 0.00908185 0.0096367
 0.000530656 0.00119633 0.00205827 0.00303499 0.00405521 0.0050647 0.00602623 0.00691692 0.00772489 0.00844611 0.00908185 0.0096367
 0.000530656 0.00119633 0.00205827 0.00303499 0.00405521 0.0050647 0.00602623 0.00691692 0.00772489 0.00844611 0.00908185 0.0096367
 0.000530656 0.00119633 0.00205827 0.00303499 0.00405521 0.0050647 0.00602623 0.00691692 0.00772489 0.00844611 0.00908185 0.0096367
 0.000530656 0.00119633 0.00205827 0.00303499 0.00405521 0.0050647 0.00602623 0.00691692 0.00772489 0.00844611 0.00908185 0.0096367
 0.000530656 0.00119633 0.00205827 0.00303499 0.00405521 0.0050647 0.00602623 0.00691692 0.00772489 0.00844611 0.00908185 0.0096367
 0.000530656 0.00119633 0.00205827 0.00303499 0.00405521 0.0050647 0.00602623 0.00691692 0.00772489 0.00844611 0.00908185 0.0096367
 0.000530656 0.00119633 0.00205827 0.00303499 0.00405521 0.0050647 0.00602623 0.00691692 0.00772489 0.00844611 0.00908185 0.0096367
 0.000530656 0.00119633 0.00205827 0.00303499 0.00405521 0.0050647 0.00602623 0.00691692 0.00772489 0.00844611 0.00908185 0.0096367
 0.000530656 0.00119633 0.00205827 0.00303499 0.00405521 0.0050647 0.00602623 0.00691692 0.00772489 0.00844611 0.00908185 0.0096367
 0.000530656 0.00119633 0.00205827 0.00303499 0.00405521 0.0050647 0.00602623 0.00691692 0.00772489 0.00844611 0.00908185 0.0096367
 0.000530656 0.00119633 0.00205827 0.00303499 0.00405521 0.0050647 0.00602623 0.00691692 0.00772489 0.00844611 0.00908185 0.0096367
 0.000530656 0.00119633 0.00205827 0.00303499 0.00405521 0.0050647 0.00602623 0.00691692 0.00772489 0.00844611 0.00908185 0.0096367
 0.000530656 0.00119633 0.00205827 0.00303499 0.00405521 0.0050647 0.00602623 0.00691692 0.00772489 0.00844611 0.00908185 0.0096367
 0.000530656 0.00119633 0.00205827 0.00303499 0.00405521 0.0050647 0.00602623 0.00691692 0.00772489 0.00844611 0.00908185 0.0096367
 0.000530656 0.00119633 0.00205827 0.00303499 0.00405521 0.0050647 0.00602623 0.00691692 0.00772489 0.00844611 0.00908185 0.0096367
 0.000530656 0.00119633 0.00205827 0.00303499 0.00405521 0.0050647 0.00602623 0.00691692 0.00772489 0.00844611 0.00908185 0.0096367
 0.000530656 0.00119633 0.00205827 0.00303499 0.00405521 0.0050647 0.00602623 0.00691692 0.00772489 0.00844611 0.00908185 0.0096367
 0.000530656 0.00119633 0.00205827 0.00303499 0.00405521 0.0050647 0.00602623 0.00691692 0.00772489 0.00844611 0.00908185 0.0096367
 0.000530656 0.00119633 0.00205827 0.00303499 0.00405521 0.0050647 0.00602623 0.00691692 0.00772489 0.00844611 0.00908185 0.0096367
 0.000530656 0.00119633 0.00205827 0.00303499 0.00405521 0.0050647 0.00602623 0.00691692 0.00772489 0.00844611 0.00908185 0.0096367
 0.000530656 0.00119633 0.00205827 0.00303499 0.00405521 0.0050647 0.00602623 0.00691692 0.00772489 0.00844611 0.00908185 0.0096367
 0.000530656 0.00119633 0.00205827 0.00303499 0.00405521 0.0050647 0.00602623 0.00691692 0.00772489 0.00844611 0.00908185 0.0096367
# nyrs_ind_age
 30
# yrs_ind_age
 1 2 3 4 5 6 7 8 9 10 11 12 13 14 15 16 17 18 19 20 21 22 23 24 25 26 27 28 29 30
# n_sample_ind_age
 200 200 200 200 200 200 200 200 200 200 200 200 200 200 200 200 200 200 200 200 200 200 200 200 200 200 200 200 200 200
# oac_ind
 0.055 0.125 0.145 0.135 0.075 0.07 0.06 0.095 0.045 0.05 0.035 0.11
 0.065 0.135 0.11 0.1 0.105 0.08 0.065 0.07 0.025 0.04 0.035 0.17
 0.07 0.11 0.16 0.145 0.09 0.09 0.05 0.05 0.065 0.03 0.015 0.125
 0.095 0.135 0.1 0.13 0.11 0.07 0.05 0.075 0.025 0.06 0.02 0.13
 0.035 0.165 0.185 0.12 0.095 0.065 0.075 0.075 0.06 0.035 0.02 0.07
 0.05 0.145 0.205 0.11 0.07 0.075 0.065 0.065 0.035 0.02 0.04 0.12
 0.08 0.145 0.095 0.115 0.14 0.085 0.045 0.06 0.045 0.03 0.04 0.12
 0.075 0.185 0.14 0.115 0.1 0.075 0.06 0.035 0.05 0.035 0.035 0.095
 0.105 0.165 0.245 0.065 0.075 0.06 0.065 0.04 0.03 0.015 0.005 0.13
 0.11 0.145 0.155 0.15 0.05 0.07 0.075 0.065 0.035 0.045 0.02 0.08
 0.08 0.235 0.225 0.08 0.085 0.04 0.05 0.075 0.035 0.01 0.01 0.075
 0.08 0.23 0.185 0.155 0.085 0.1 0.02 0.01 0.01 0.015 0.025 0.085
 0.08 0.16 0.185 0.14 0.145 0.07 0.07 0.02 0.035 0.04 0.02 0.035
 0.065 0.24 0.155 0.125 0.13 0.095 0.05 0.045 0 0.01 0.025 0.06
 0.055 0.16 0.22 0.13 0.11 0.125 0.08 0.025 0.05 0 0.005 0.04
 0.1 0.18 0.17 0.15 0.07 0.08 0.09 0.035 0.025 0.045 0 0.055
 0.12 0.245 0.125 0.125 0.09 0.11 0.055 0.035 0.025 0.025 0.02 0.025
 0.105 0.185 0.26 0.09 0.065 0.075 0.05 0.055 0.035 0.025 0.02 0.035
 0.045 0.29 0.22 0.205 0.055 0.025 0.06 0.035 0.025 0.01 0.015 0.015
 0.1 0.15 0.265 0.12 0.15 0.04 0.035 0.035 0.025 0.03 0.005 0.045
 0.06 0.155 0.19 0.235 0.105 0.105 0.03 0.06 0.02 0 0.005 0.035
 0.165 0.235 0.145 0.11 0.135 0.06 0.04 0.025 0.015 0.02 0.025 0.025
 0.11 0.265 0.23 0.115 0.065 0.075 0.04 0.045 0.015 0.005 0.005 0.03
 0.11 0.265 0.205 0.135 0.065 0.075 0.045 0.03 0.04 0.01 0.005 0.015
 0.12 0.255 0.235 0.145 0.08 0.07 0.02 0.035 0.01 0.02 0 0.01
 0.105 0.265 0.3 0.1 0.09 0.065 0.025 0.02 0.025 0.005 0 0
 0.105 0.18 0.24 0.24 0.075 0.025 0.065 0.035 0.02 0.01 0.005 0
 0.14 0.23 0.245 0.16 0.1 0.035 0.035 0.03 0.015 0 0 0.01
 0.095 0.24 0.195 0.155 0.125 0.055 0.07 0.025 0.025 0.005 0.005 0.005
 0.12 0.21 0.265 0.125 0.13 0.05 0.04 0.015 0.005 0.01 0.005 0.025
# olc_ind

# obs_lse_ind
 0.198042 0.198042 0.198042 0.198042 0.198042 0.198042 0.198042 0.198042 0.198042 0.198042 0.198042 0.198042 0.198042 0.198042 0.198042 0.198042 0.198042 0.198042 0.198042 0.198042 0.198042 0.198042 0.198042 0.198042 0.198042 0.198042 0.198042 0.198042 0.198042 0.198042
# xages_fsh
 0 0 0 0 0 0 0 0 0 0 0 0
# xages_fsh
 0 0.0909091 0.181818 0.272727 0.363636 0.454545 0.545455 0.636364 0.727273 0.818182 0.909091 1
# xnodes_fsh

Yrs fsh_sel change:  1 0 0 0 0 0 0 0 0 0 0 0 0 0 0 0 0 0 0 0 0 0 0 0 0 0 0 0 0
Yrs ind_sel change:  1 0 0 0 0 0 0 0 0 0 0 0 0 0 0 0 0 0 0 0 0 0 0 0 0 0 0 0 0
# steepnessprior
0.75
# sigmarprior
0.2
#  SSB estimated in styr endyr: -13 28 
#  Rec estimated in styr endyr: -11 30 
#  SR Curve fit  in styr endyr: 1 30 
#             Model styr endyr: 1 30 
# qprior
 3.48998e-007
# q_power_prior 
 1 
# cv_catchbiomass 
0.05 
# CatchbiomassPen 
200 
# Number of projection years 
5 
# offset_fsh
 13357.6
# offset_ind
 13149.8
Mean Catch
1305.9
R_guess 
15.4348
# nfsh
1
# n_sel_ch_fsh
 1
# nselages_fsh
 11
# phase_selcoff_fsh
 -1
logRzero 15.4348
logmeanrec 15.4348
exp(log_sigmarprior 0.2
Fish sel phase: -1 FLEET1
Fixing fishery sel to
1
Srvy sel phase: -1
Fixing SURVEY1 indices sel to
1
# logsel_slp_in_indv
 0.693147
Leaving parameter init secton
# M
 0.2 0.2 0.2 0.2 0.2 0.2 0.2 0.2 0.2 0.2 0.2 0.2
 0.2 0.2 0.2 0.2 0.2 0.2 0.2 0.2 0.2 0.2 0.2 0.2
 0.2 0.2 0.2 0.2 0.2 0.2 0.2 0.2 0.2 0.2 0.2 0.2
 0.2 0.2 0.2 0.2 0.2 0.2 0.2 0.2 0.2 0.2 0.2 0.2
 0.2 0.2 0.2 0.2 0.2 0.2 0.2 0.2 0.2 0.2 0.2 0.2
 0.2 0.2 0.2 0.2 0.2 0.2 0.2 0.2 0.2 0.2 0.2 0.2
 0.2 0.2 0.2 0.2 0.2 0.2 0.2 0.2 0.2 0.2 0.2 0.2
 0.2 0.2 0.2 0.2 0.2 0.2 0.2 0.2 0.2 0.2 0.2 0.2
 0.2 0.2 0.2 0.2 0.2 0.2 0.2 0.2 0.2 0.2 0.2 0.2
 0.2 0.2 0.2 0.2 0.2 0.2 0.2 0.2 0.2 0.2 0.2 0.2
 0.2 0.2 0.2 0.2 0.2 0.2 0.2 0.2 0.2 0.2 0.2 0.2
 0.2 0.2 0.2 0.2 0.2 0.2 0.2 0.2 0.2 0.2 0.2 0.2
 0.2 0.2 0.2 0.2 0.2 0.2 0.2 0.2 0.2 0.2 0.2 0.2
 0.2 0.2 0.2 0.2 0.2 0.2 0.2 0.2 0.2 0.2 0.2 0.2
 0.2 0.2 0.2 0.2 0.2 0.2 0.2 0.2 0.2 0.2 0.2 0.2
 0.2 0.2 0.2 0.2 0.2 0.2 0.2 0.2 0.2 0.2 0.2 0.2
 0.2 0.2 0.2 0.2 0.2 0.2 0.2 0.2 0.2 0.2 0.2 0.2
 0.2 0.2 0.2 0.2 0.2 0.2 0.2 0.2 0.2 0.2 0.2 0.2
 0.2 0.2 0.2 0.2 0.2 0.2 0.2 0.2 0.2 0.2 0.2 0.2
 0.2 0.2 0.2 0.2 0.2 0.2 0.2 0.2 0.2 0.2 0.2 0.2
 0.2 0.2 0.2 0.2 0.2 0.2 0.2 0.2 0.2 0.2 0.2 0.2
 0.2 0.2 0.2 0.2 0.2 0.2 0.2 0.2 0.2 0.2 0.2 0.2
 0.2 0.2 0.2 0.2 0.2 0.2 0.2 0.2 0.2 0.2 0.2 0.2
 0.2 0.2 0.2 0.2 0.2 0.2 0.2 0.2 0.2 0.2 0.2 0.2
 0.2 0.2 0.2 0.2 0.2 0.2 0.2 0.2 0.2 0.2 0.2 0.2
 0.2 0.2 0.2 0.2 0.2 0.2 0.2 0.2 0.2 0.2 0.2 0.2
 0.2 0.2 0.2 0.2 0.2 0.2 0.2 0.2 0.2 0.2 0.2 0.2
 0.2 0.2 0.2 0.2 0.2 0.2 0.2 0.2 0.2 0.2 0.2 0.2
 0.2 0.2 0.2 0.2 0.2 0.2 0.2 0.2 0.2 0.2 0.2 0.2
 0.2 0.2 0.2 0.2 0.2 0.2 0.2 0.2 0.2 0.2 0.2 0.2
# mean_log_rec
13.7279
# log_Rzero
13.8317
# rec_dev
 -0.0561623 -0.0677756 -0.061905 0.119476 -0.184403 -0.0484192 0.113733 0.0335361 0.0670706 0.0788761 -0.0229251 0.0244259 0.00032314 -0.0506381 0.207736 0.15437 -0.12716 -0.302185 0.363064 -0.0633349 0.262511 0.324458 0.268526 -0.00454383 0.160186 -0.0950763 -0.285077 0.328256 0.0828444 0.290734 -0.125651 -0.156868 -0.0384863 0.0167803 -0.126032 0.0443932 -0.079636 -0.137912 -0.195966 -0.0199816 -0.289495 -0.233984
# fmort
 0.00930194 0.0270819 0.0448742 0.0615268 0.0495274 0.0885098 0.089635 0.188307 0.109657 0.132214 0.148485 0.158587 0.114821 0.168916 0.178362 0.158128 0.306862 0.251506 0.247687 0.244652 0.343122 0.250513 0.416349 0.343692 0.34198 0.313765 0.304721 0.418421 0.311656 0.474938
# rec_dev_future
 0 0 0 0 0
