AMAK;Mar 2020
# styr
1
# endyr
30
# rec_age
1
# oldest_age
12
# nlength
81
# len_bins
 10 11 12 13 14 15 16 17 18 19 20 21 22 23 24 25 26 27 28 29 30 31 32 33 34 35 36 37 38 39 40 41 42 43 44 45 46 47 48 49 50 51 52 53 54 55 56 57 58 59 60 61 62 63 64 65 66 67 68 69 70 71 72 73 74 75 76 77 78 79 80 81 82 83 84 85 86 87 88 89 90
# datafile_name
amak_data.dat
# model_name
AMAK_MCP
# styr
1
# endyr
30
# rec_age
1
# oldest_age
12
# nfsh
1
# fshname
FLEET1
# catch_bio_in
 159.431 463.211 749.596 978.245 754.705 1290.46 1216.4 2306.26 1224.51 1410 1502.26 1469.93 1015.5 1396.02 1407.33 1194.39 2082.51 1510.92 1391.13 1317.47 1707.17 1189.69 1825.06 1345.58 1299.58 1208.26 1205.73 1578.28 1119.82 1522.05
# catch_bio_sd_in
 0.01 0.01 0.01 0.01 0.01 0.01 0.01 0.01 0.01 0.01 0.01 0.01 0.01 0.01 0.01 0.01 0.01 0.01 0.01 0.01 0.01 0.01 0.01 0.01 0.01 0.01 0.01 0.01 0.01 0.01
# nyrs_fsh_age
 30
# nyrs_fsh_length
 0
# yrs_fsh_age_in
 1 2 3 4 5 6 7 8 9 10 11 12 13 14 15 16 17 18 19 20 21 22 23 24 25 26 27 28 29 30
# yrs_fsh_length_in

# n_sample_fsh_length_in

# olc_fsh_in

# nind
1
# indname
SURVEY1
# nyrs_ind
 30
# yrs_ind_in
 1 2 3 4 5 6 7 8 9 10 11 12 13 14 15 16 17 18 19 20 21 22 23 24 25 26 27 28 29 30
# mo_ind
 1
# obs_ind_in
 1.5285 1.62909 1.61281 1.49071 1.21964 1.21988 1.26363 1.32508 1.07738 1.1149 1.17743 0.992408 1.06189 1.0598 0.74748 0.875208 0.815163 0.806061 0.806932 0.754616 0.851127 0.751537 0.757475 0.782174 0.688535 0.87105 0.697347 0.517913 0.620266 0.533076
# obs_se_ind_in
 0.3057 0.325818 0.322563 0.298142 0.243928 0.243975 0.252726 0.265017 0.215477 0.222981 0.235486 0.198482 0.212379 0.21196 0.149496 0.175042 0.163033 0.161212 0.161386 0.150923 0.170225 0.150307 0.151495 0.156435 0.137707 0.17421 0.139469 0.103583 0.124053 0.106615
# nyrs_ind_age
 30
# nyrs_ind_length
 0
# yrs_ind_age_in
 1 2 3 4 5 6 7 8 9 10 11 12 13 14 15 16 17 18 19 20 21 22 23 24 25 26 27 28 29 30
# yrs_ind_length_in

# yrs_ind_age_in
 1 2 3 4 5 6 7 8 9 10 11 12 13 14 15 16 17 18 19 20 21 22 23 24 25 26 27 28 29 30
# n_sample_ind_length_in

# olc_ind_in

# oac_ind_in
 0.045 0.15 0.15 0.145 0.1 0.06 0.055 0.06 0.07 0.035 0.025 0.105
 0.095 0.12 0.165 0.1 0.095 0.05 0.075 0.07 0.045 0.035 0.03 0.12
 0.04 0.18 0.125 0.12 0.095 0.08 0.075 0.045 0.035 0.03 0.025 0.15
 0.1 0.115 0.145 0.095 0.095 0.065 0.06 0.05 0.065 0.05 0.03 0.13
 0.06 0.16 0.11 0.14 0.065 0.1 0.055 0.06 0.065 0.03 0.03 0.125
 0.03 0.13 0.245 0.1 0.1 0.09 0.05 0.035 0.045 0.04 0.035 0.1
 0.07 0.14 0.115 0.185 0.055 0.13 0.055 0.04 0.02 0.035 0.015 0.14
 0.09 0.2 0.1 0.095 0.14 0.045 0.08 0.035 0.03 0.03 0.045 0.11
 0.07 0.15 0.225 0.06 0.055 0.135 0.045 0.06 0.02 0.03 0.02 0.13
 0.08 0.15 0.165 0.16 0.05 0.11 0.08 0.02 0.045 0.045 0.03 0.065
 0.065 0.175 0.16 0.145 0.14 0.06 0.055 0.065 0.035 0.01 0.025 0.065
 0.1 0.165 0.17 0.15 0.11 0.08 0.06 0.005 0.055 0.015 0.02 0.07
 0.115 0.19 0.145 0.13 0.1 0.105 0.08 0.015 0.02 0.03 0 0.07
 0.115 0.13 0.23 0.15 0.08 0.08 0.08 0.03 0.01 0.03 0.005 0.06
 0.08 0.145 0.17 0.17 0.12 0.07 0.085 0.045 0.04 0.01 0.01 0.055
 0.095 0.1 0.25 0.11 0.12 0.095 0.055 0.075 0.045 0.015 0.01 0.03
 0.095 0.145 0.2 0.145 0.115 0.095 0.045 0.03 0.04 0.035 0.005 0.05
 0.155 0.17 0.14 0.155 0.1 0.08 0.1 0.025 0.025 0.015 0.005 0.03
 0.07 0.265 0.235 0.12 0.085 0.055 0.055 0.035 0.035 0.015 0.01 0.02
 0.16 0.14 0.215 0.115 0.09 0.085 0.1 0.02 0.03 0.01 0.005 0.03
 0.14 0.195 0.155 0.205 0.12 0.04 0.04 0.025 0.03 0.005 0.015 0.03
 0.09 0.29 0.245 0.125 0.1 0.055 0.025 0.01 0.005 0.015 0.02 0.02
 0.12 0.215 0.26 0.16 0.085 0.06 0.01 0.04 0.015 0.01 0.005 0.02
 0.185 0.23 0.19 0.165 0.085 0.025 0.03 0.045 0.02 0.005 0.005 0.015
 0.13 0.275 0.185 0.095 0.13 0.055 0.03 0.045 0.015 0.015 0.01 0.015
 0.085 0.315 0.265 0.085 0.095 0.055 0.05 0.015 0.02 0.01 0 0.005
 0.055 0.225 0.29 0.24 0.07 0.035 0.035 0.01 0.015 0.005 0 0.02
 0.14 0.185 0.21 0.19 0.11 0.08 0.025 0.015 0.005 0.005 0.02 0.015
 0.075 0.31 0.235 0.13 0.105 0.075 0.02 0.01 0.015 0.005 0.01 0.01
 0.13 0.2 0.225 0.195 0.09 0.075 0.05 0.02 0.015 0 0 0
# wt_ind
 1 1 1 1 1 1 1 1 1 1 1 1
 1 1 1 1 1 1 1 1 1 1 1 1
 1 1 1 1 1 1 1 1 1 1 1 1
 1 1 1 1 1 1 1 1 1 1 1 1
 1 1 1 1 1 1 1 1 1 1 1 1
 1 1 1 1 1 1 1 1 1 1 1 1
 1 1 1 1 1 1 1 1 1 1 1 1
 1 1 1 1 1 1 1 1 1 1 1 1
 1 1 1 1 1 1 1 1 1 1 1 1
 1 1 1 1 1 1 1 1 1 1 1 1
 1 1 1 1 1 1 1 1 1 1 1 1
 1 1 1 1 1 1 1 1 1 1 1 1
 1 1 1 1 1 1 1 1 1 1 1 1
 1 1 1 1 1 1 1 1 1 1 1 1
 1 1 1 1 1 1 1 1 1 1 1 1
 1 1 1 1 1 1 1 1 1 1 1 1
 1 1 1 1 1 1 1 1 1 1 1 1
 1 1 1 1 1 1 1 1 1 1 1 1
 1 1 1 1 1 1 1 1 1 1 1 1
 1 1 1 1 1 1 1 1 1 1 1 1
 1 1 1 1 1 1 1 1 1 1 1 1
 1 1 1 1 1 1 1 1 1 1 1 1
 1 1 1 1 1 1 1 1 1 1 1 1
 1 1 1 1 1 1 1 1 1 1 1 1
 1 1 1 1 1 1 1 1 1 1 1 1
 1 1 1 1 1 1 1 1 1 1 1 1
 1 1 1 1 1 1 1 1 1 1 1 1
 1 1 1 1 1 1 1 1 1 1 1 1
 1 1 1 1 1 1 1 1 1 1 1 1
 1 1 1 1 1 1 1 1 1 1 1 1
# wt_pop
 0.000530656 0.00119633 0.00205827 0.00303499 0.00405521 0.0050647 0.00602623 0.00691692 0.00772489 0.00844611 0.00908185 0.0096367
# maturity
 0.0229774 0.320821 0.904651 0.99478 0.999739 0.999987 0.999999 1 1 1 1 1
# spawnmo
1
# age_err
 1 0 0 0 0 0 0 0 0 0 0 0
 0 1 0 0 0 0 0 0 0 0 0 0
 0 0 1 0 0 0 0 0 0 0 0 0
 0 0 0 1 0 0 0 0 0 0 0 0
 0 0 0 0 1 0 0 0 0 0 0 0
 0 0 0 0 0 1 0 0 0 0 0 0
 0 0 0 0 0 0 1 0 0 0 0 0
 0 0 0 0 0 0 0 1 0 0 0 0
 0 0 0 0 0 0 0 0 1 0 0 0
 0 0 0 0 0 0 0 0 0 1 0 0
 0 0 0 0 0 0 0 0 0 0 1 0
 0 0 0 0 0 0 0 0 0 0 0 1
# cntrlfile_name
C:\Users\bai.li\DOCUME~1\Github\AGE_ST~1\ASSAMC\example\output\AMAK\s144\amak.dat
# Map shared selectivity: 
# sel_map
 1 2
 1 1
# datafile_name
amak_data.dat
# model_name
AMAK_MCP
# SrType
2
# use_age_err
0
# retro
0
# sigmarprior
0.2
# cvsigmarprior
0.25
# phase_sigmar
-3
# styr_rec_est
1
# endyr_rec_est
30
# Linfprior
80
# cvLinfprior
0.25
# kprior
0.18
# cvkprior
0.25
# Loprior
27.688
# cvLoprior
0.25
# sdageprior
0.1
# cvsdageprior
0.25
# natmortprior
0.2
# cvnatmortprior
0.25
# phase_M
-4
# npars_Mage
0
# ages_M_changes

# Mage_in

# Mage_offset_in

# phase_Mage
-5
# phase_rw_M
0
# npars_rw_M
0
# yrs_rw_M

# sigma_rw_M

# qprior
 3.48998e-007
# cvqprior
 1
# phase_q
 1
# q_power_prior
 1
# cvq_power_prior
 0.2
# phase_q_power
 -4
# phase_rw_q
 -1
# npars_rw_q
 0
# yrs_rw_q

# sigma_rw_q

# q_age_min
 1
# q_age_max
 12
# q_age_min
 1
# q_age_max
 12
# fsh_sel_opt(k)
2
# phase_sel_fsh(k)
2
# n_sel_ch_fsh(k)
1
# sel_slp_in_fsh(k)(1,n_sel_ch_fsh(k))
 1
# sel_inf_in_fsh(k)(1,n_sel_ch_fsh(k))
 2
# logsel_slp_in_fsh(k)(1,n_sel_ch_fsh(k))
 0
# yrs_sel_ch_fsh(k)(1,n_sel_ch_fsh(k))
 1

Survey SURVEY1
# ind_sel_opt(k)
2
# indname(k)
SURVEY1
# nselages_in_ind(k)
11
# phase_sel_ind(k)
2
# sel_change_in_ind(k)
 1 0 0 0 0 0 0 0 0 0 0 0 0 0 0 0 0 0 0 0 0 0 0 0 0 0 0 0 0 0
# n_sel_ch_ind(k)
1
# yrs_sel_ch_ind(k)(1,n_sel_ch_ind(k))
 1
# sel_slp_in_ind(k,1)
2
# sel_inf_in_ind(k,1)
1.5
# logsel_slp_in_ind(k,1)
0.693147
# logsel_slp_in_indv(k)
0.693147
SURVEY1 ind sel opt 2  1 0 0 0 0 0 0 0 0 0 0 0 0 0 0 0 0 0 0 0 0 0 0 0 0 0 0 0 0 0
Phase indices Sel_Coffs:  -1
 Test: 1.23457e+008
# Fshry Selages:  11
# Srvy  Selages:  11
# Phase for age-spec fishery  -1
# Phase for logistic fishery  2
# Phase for dble logistic fishery  -1
# Phase for age-spec indices   -1
# Phase for logistic indices   2
# Phase for dble logistic ind  -1
# Curv_pen_fsh: 
 0
# Curv_pen_ind: 
 0
# styr_fut
31
# endyr_fut
35
# nyrs_fsh_age
 30
# nyrs_fsh_age
 30
# yrs_fsh_age
 1 2 3 4 5 6 7 8 9 10 11 12 13 14 15 16 17 18 19 20 21 22 23 24 25 26 27 28 29 30
# n_sample_fsh_age
 200 200 200 200 200 200 200 200 200 200 200 200 200 200 200 200 200 200 200 200 200 200 200 200 200 200 200 200 200 200
# oac_fsh
 0.055 0.11 0.18 0.12 0.055 0.055 0.065 0.09 0.07 0.045 0.025 0.13
 0.085 0.09 0.09 0.155 0.105 0.11 0.065 0.04 0.055 0.03 0.03 0.145
 0.06 0.17 0.145 0.105 0.075 0.065 0.055 0.05 0.03 0.07 0.07 0.105
 0.09 0.065 0.15 0.1 0.115 0.125 0.075 0.06 0.05 0.04 0.015 0.115
 0.04 0.18 0.12 0.135 0.115 0.065 0.07 0.065 0.045 0.035 0.015 0.115
 0.07 0.09 0.21 0.1 0.085 0.045 0.065 0.075 0.04 0.035 0.04 0.145
 0.095 0.09 0.14 0.115 0.07 0.11 0.07 0.05 0.06 0.065 0.025 0.11
 0.105 0.155 0.08 0.125 0.175 0.05 0.075 0.02 0.03 0.025 0.04 0.12
 0.1 0.105 0.19 0.08 0.08 0.095 0.045 0.055 0.06 0.05 0.03 0.11
 0.055 0.205 0.155 0.15 0.04 0.03 0.115 0.045 0.03 0.06 0.04 0.075
 0.1 0.085 0.17 0.13 0.13 0.065 0.07 0.08 0.02 0.03 0.025 0.095
 0.15 0.13 0.105 0.125 0.12 0.115 0.05 0.045 0.03 0.015 0.015 0.1
 0.07 0.205 0.16 0.12 0.1 0.105 0.1 0.025 0.01 0.04 0.005 0.06
 0.135 0.08 0.22 0.165 0.055 0.075 0.055 0.07 0.015 0.015 0.02 0.095
 0.085 0.165 0.11 0.13 0.12 0.08 0.09 0.065 0.06 0.02 0.015 0.06
 0.105 0.125 0.19 0.145 0.13 0.05 0.025 0.075 0.045 0.035 0 0.075
 0.115 0.115 0.14 0.18 0.135 0.09 0.04 0.035 0.015 0.03 0.045 0.06
 0.125 0.16 0.155 0.105 0.175 0.055 0.065 0.04 0.03 0.03 0.01 0.05
 0.105 0.265 0.18 0.095 0.08 0.105 0.05 0.035 0.025 0.005 0.02 0.035
 0.15 0.145 0.225 0.16 0.08 0.05 0.06 0.025 0.05 0.005 0.02 0.03
 0.14 0.17 0.095 0.225 0.115 0.1 0.025 0.045 0.015 0.03 0.005 0.035
 0.13 0.2 0.19 0.105 0.13 0.095 0.05 0.025 0.02 0.005 0.02 0.03
 0.1 0.16 0.245 0.13 0.09 0.13 0.065 0.03 0.015 0.015 0.005 0.015
 0.195 0.225 0.135 0.24 0.08 0.04 0.03 0.02 0.015 0 0 0.02
 0.155 0.265 0.155 0.155 0.1 0.065 0.01 0.045 0.02 0 0 0.03
 0.125 0.26 0.275 0.105 0.1 0.035 0.04 0.005 0.015 0.015 0.005 0.02
 0.13 0.185 0.245 0.18 0.115 0.035 0.07 0.015 0 0.005 0.005 0.015
 0.21 0.2 0.135 0.175 0.125 0.045 0.025 0.04 0.01 0 0.025 0.01
 0.13 0.255 0.18 0.15 0.15 0.075 0.03 0.015 0.01 0 0 0.005
 0.19 0.155 0.22 0.16 0.08 0.11 0.035 0.03 0.015 0 0.005 0
# olc_fsh

# wt_fsh
 0.000530656 0.00119633 0.00205827 0.00303499 0.00405521 0.0050647 0.00602623 0.00691692 0.00772489 0.00844611 0.00908185 0.0096367
 0.000530656 0.00119633 0.00205827 0.00303499 0.00405521 0.0050647 0.00602623 0.00691692 0.00772489 0.00844611 0.00908185 0.0096367
 0.000530656 0.00119633 0.00205827 0.00303499 0.00405521 0.0050647 0.00602623 0.00691692 0.00772489 0.00844611 0.00908185 0.0096367
 0.000530656 0.00119633 0.00205827 0.00303499 0.00405521 0.0050647 0.00602623 0.00691692 0.00772489 0.00844611 0.00908185 0.0096367
 0.000530656 0.00119633 0.00205827 0.00303499 0.00405521 0.0050647 0.00602623 0.00691692 0.00772489 0.00844611 0.00908185 0.0096367
 0.000530656 0.00119633 0.00205827 0.00303499 0.00405521 0.0050647 0.00602623 0.00691692 0.00772489 0.00844611 0.00908185 0.0096367
 0.000530656 0.00119633 0.00205827 0.00303499 0.00405521 0.0050647 0.00602623 0.00691692 0.00772489 0.00844611 0.00908185 0.0096367
 0.000530656 0.00119633 0.00205827 0.00303499 0.00405521 0.0050647 0.00602623 0.00691692 0.00772489 0.00844611 0.00908185 0.0096367
 0.000530656 0.00119633 0.00205827 0.00303499 0.00405521 0.0050647 0.00602623 0.00691692 0.00772489 0.00844611 0.00908185 0.0096367
 0.000530656 0.00119633 0.00205827 0.00303499 0.00405521 0.0050647 0.00602623 0.00691692 0.00772489 0.00844611 0.00908185 0.0096367
 0.000530656 0.00119633 0.00205827 0.00303499 0.00405521 0.0050647 0.00602623 0.00691692 0.00772489 0.00844611 0.00908185 0.0096367
 0.000530656 0.00119633 0.00205827 0.00303499 0.00405521 0.0050647 0.00602623 0.00691692 0.00772489 0.00844611 0.00908185 0.0096367
 0.000530656 0.00119633 0.00205827 0.00303499 0.00405521 0.0050647 0.00602623 0.00691692 0.00772489 0.00844611 0.00908185 0.0096367
 0.000530656 0.00119633 0.00205827 0.00303499 0.00405521 0.0050647 0.00602623 0.00691692 0.00772489 0.00844611 0.00908185 0.0096367
 0.000530656 0.00119633 0.00205827 0.00303499 0.00405521 0.0050647 0.00602623 0.00691692 0.00772489 0.00844611 0.00908185 0.0096367
 0.000530656 0.00119633 0.00205827 0.00303499 0.00405521 0.0050647 0.00602623 0.00691692 0.00772489 0.00844611 0.00908185 0.0096367
 0.000530656 0.00119633 0.00205827 0.00303499 0.00405521 0.0050647 0.00602623 0.00691692 0.00772489 0.00844611 0.00908185 0.0096367
 0.000530656 0.00119633 0.00205827 0.00303499 0.00405521 0.0050647 0.00602623 0.00691692 0.00772489 0.00844611 0.00908185 0.0096367
 0.000530656 0.00119633 0.00205827 0.00303499 0.00405521 0.0050647 0.00602623 0.00691692 0.00772489 0.00844611 0.00908185 0.0096367
 0.000530656 0.00119633 0.00205827 0.00303499 0.00405521 0.0050647 0.00602623 0.00691692 0.00772489 0.00844611 0.00908185 0.0096367
 0.000530656 0.00119633 0.00205827 0.00303499 0.00405521 0.0050647 0.00602623 0.00691692 0.00772489 0.00844611 0.00908185 0.0096367
 0.000530656 0.00119633 0.00205827 0.00303499 0.00405521 0.0050647 0.00602623 0.00691692 0.00772489 0.00844611 0.00908185 0.0096367
 0.000530656 0.00119633 0.00205827 0.00303499 0.00405521 0.0050647 0.00602623 0.00691692 0.00772489 0.00844611 0.00908185 0.0096367
 0.000530656 0.00119633 0.00205827 0.00303499 0.00405521 0.0050647 0.00602623 0.00691692 0.00772489 0.00844611 0.00908185 0.0096367
 0.000530656 0.00119633 0.00205827 0.00303499 0.00405521 0.0050647 0.00602623 0.00691692 0.00772489 0.00844611 0.00908185 0.0096367
 0.000530656 0.00119633 0.00205827 0.00303499 0.00405521 0.0050647 0.00602623 0.00691692 0.00772489 0.00844611 0.00908185 0.0096367
 0.000530656 0.00119633 0.00205827 0.00303499 0.00405521 0.0050647 0.00602623 0.00691692 0.00772489 0.00844611 0.00908185 0.0096367
 0.000530656 0.00119633 0.00205827 0.00303499 0.00405521 0.0050647 0.00602623 0.00691692 0.00772489 0.00844611 0.00908185 0.0096367
 0.000530656 0.00119633 0.00205827 0.00303499 0.00405521 0.0050647 0.00602623 0.00691692 0.00772489 0.00844611 0.00908185 0.0096367
 0.000530656 0.00119633 0.00205827 0.00303499 0.00405521 0.0050647 0.00602623 0.00691692 0.00772489 0.00844611 0.00908185 0.0096367
# nyrs_ind_age
 30
# yrs_ind_age
 1 2 3 4 5 6 7 8 9 10 11 12 13 14 15 16 17 18 19 20 21 22 23 24 25 26 27 28 29 30
# n_sample_ind_age
 200 200 200 200 200 200 200 200 200 200 200 200 200 200 200 200 200 200 200 200 200 200 200 200 200 200 200 200 200 200
# oac_ind
 0.045 0.15 0.15 0.145 0.1 0.06 0.055 0.06 0.07 0.035 0.025 0.105
 0.095 0.12 0.165 0.1 0.095 0.05 0.075 0.07 0.045 0.035 0.03 0.12
 0.04 0.18 0.125 0.12 0.095 0.08 0.075 0.045 0.035 0.03 0.025 0.15
 0.1 0.115 0.145 0.095 0.095 0.065 0.06 0.05 0.065 0.05 0.03 0.13
 0.06 0.16 0.11 0.14 0.065 0.1 0.055 0.06 0.065 0.03 0.03 0.125
 0.03 0.13 0.245 0.1 0.1 0.09 0.05 0.035 0.045 0.04 0.035 0.1
 0.07 0.14 0.115 0.185 0.055 0.13 0.055 0.04 0.02 0.035 0.015 0.14
 0.09 0.2 0.1 0.095 0.14 0.045 0.08 0.035 0.03 0.03 0.045 0.11
 0.07 0.15 0.225 0.06 0.055 0.135 0.045 0.06 0.02 0.03 0.02 0.13
 0.08 0.15 0.165 0.16 0.05 0.11 0.08 0.02 0.045 0.045 0.03 0.065
 0.065 0.175 0.16 0.145 0.14 0.06 0.055 0.065 0.035 0.01 0.025 0.065
 0.1 0.165 0.17 0.15 0.11 0.08 0.06 0.005 0.055 0.015 0.02 0.07
 0.115 0.19 0.145 0.13 0.1 0.105 0.08 0.015 0.02 0.03 0 0.07
 0.115 0.13 0.23 0.15 0.08 0.08 0.08 0.03 0.01 0.03 0.005 0.06
 0.08 0.145 0.17 0.17 0.12 0.07 0.085 0.045 0.04 0.01 0.01 0.055
 0.095 0.1 0.25 0.11 0.12 0.095 0.055 0.075 0.045 0.015 0.01 0.03
 0.095 0.145 0.2 0.145 0.115 0.095 0.045 0.03 0.04 0.035 0.005 0.05
 0.155 0.17 0.14 0.155 0.1 0.08 0.1 0.025 0.025 0.015 0.005 0.03
 0.07 0.265 0.235 0.12 0.085 0.055 0.055 0.035 0.035 0.015 0.01 0.02
 0.16 0.14 0.215 0.115 0.09 0.085 0.1 0.02 0.03 0.01 0.005 0.03
 0.14 0.195 0.155 0.205 0.12 0.04 0.04 0.025 0.03 0.005 0.015 0.03
 0.09 0.29 0.245 0.125 0.1 0.055 0.025 0.01 0.005 0.015 0.02 0.02
 0.12 0.215 0.26 0.16 0.085 0.06 0.01 0.04 0.015 0.01 0.005 0.02
 0.185 0.23 0.19 0.165 0.085 0.025 0.03 0.045 0.02 0.005 0.005 0.015
 0.13 0.275 0.185 0.095 0.13 0.055 0.03 0.045 0.015 0.015 0.01 0.015
 0.085 0.315 0.265 0.085 0.095 0.055 0.05 0.015 0.02 0.01 0 0.005
 0.055 0.225 0.29 0.24 0.07 0.035 0.035 0.01 0.015 0.005 0 0.02
 0.14 0.185 0.21 0.19 0.11 0.08 0.025 0.015 0.005 0.005 0.02 0.015
 0.075 0.31 0.235 0.13 0.105 0.075 0.02 0.01 0.015 0.005 0.01 0.01
 0.13 0.2 0.225 0.195 0.09 0.075 0.05 0.02 0.015 0 0 0
# olc_ind

# obs_lse_ind
 0.198042 0.198042 0.198042 0.198042 0.198042 0.198042 0.198042 0.198042 0.198042 0.198042 0.198042 0.198042 0.198042 0.198042 0.198042 0.198042 0.198042 0.198042 0.198042 0.198042 0.198042 0.198042 0.198042 0.198042 0.198042 0.198042 0.198042 0.198042 0.198042 0.198042
# xages_fsh
 0 0 0 0 0 0 0 0 0 0 0 0
# xages_fsh
 0 0.0909091 0.181818 0.272727 0.363636 0.454545 0.545455 0.636364 0.727273 0.818182 0.909091 1
# xnodes_fsh

Yrs fsh_sel change:  1 0 0 0 0 0 0 0 0 0 0 0 0 0 0 0 0 0 0 0 0 0 0 0 0 0 0 0 0
Yrs ind_sel change:  1 0 0 0 0 0 0 0 0 0 0 0 0 0 0 0 0 0 0 0 0 0 0 0 0 0 0 0 0
# steepnessprior
0.75
# sigmarprior
0.2
#  SSB estimated in styr endyr: -13 28 
#  Rec estimated in styr endyr: -11 30 
#  SR Curve fit  in styr endyr: 1 30 
#             Model styr endyr: 1 30 
# qprior
 3.48998e-007
# q_power_prior 
 1 
# cv_catchbiomass 
0.05 
# CatchbiomassPen 
200 
# Number of projection years 
5 
# offset_fsh
 13381.9
# offset_ind
 13141.3
Mean Catch
1294.72
R_guess 
15.4262
# nfsh
1
# n_sel_ch_fsh
 1
# nselages_fsh
 11
# phase_selcoff_fsh
 -1
logRzero 15.4262
logmeanrec 15.4262
exp(log_sigmarprior 0.2
Fish sel phase: -1 FLEET1
Fixing fishery sel to
1
Srvy sel phase: -1
Fixing SURVEY1 indices sel to
1
# logsel_slp_in_indv
 0.693147
Leaving parameter init secton
# M
 0.2 0.2 0.2 0.2 0.2 0.2 0.2 0.2 0.2 0.2 0.2 0.2
 0.2 0.2 0.2 0.2 0.2 0.2 0.2 0.2 0.2 0.2 0.2 0.2
 0.2 0.2 0.2 0.2 0.2 0.2 0.2 0.2 0.2 0.2 0.2 0.2
 0.2 0.2 0.2 0.2 0.2 0.2 0.2 0.2 0.2 0.2 0.2 0.2
 0.2 0.2 0.2 0.2 0.2 0.2 0.2 0.2 0.2 0.2 0.2 0.2
 0.2 0.2 0.2 0.2 0.2 0.2 0.2 0.2 0.2 0.2 0.2 0.2
 0.2 0.2 0.2 0.2 0.2 0.2 0.2 0.2 0.2 0.2 0.2 0.2
 0.2 0.2 0.2 0.2 0.2 0.2 0.2 0.2 0.2 0.2 0.2 0.2
 0.2 0.2 0.2 0.2 0.2 0.2 0.2 0.2 0.2 0.2 0.2 0.2
 0.2 0.2 0.2 0.2 0.2 0.2 0.2 0.2 0.2 0.2 0.2 0.2
 0.2 0.2 0.2 0.2 0.2 0.2 0.2 0.2 0.2 0.2 0.2 0.2
 0.2 0.2 0.2 0.2 0.2 0.2 0.2 0.2 0.2 0.2 0.2 0.2
 0.2 0.2 0.2 0.2 0.2 0.2 0.2 0.2 0.2 0.2 0.2 0.2
 0.2 0.2 0.2 0.2 0.2 0.2 0.2 0.2 0.2 0.2 0.2 0.2
 0.2 0.2 0.2 0.2 0.2 0.2 0.2 0.2 0.2 0.2 0.2 0.2
 0.2 0.2 0.2 0.2 0.2 0.2 0.2 0.2 0.2 0.2 0.2 0.2
 0.2 0.2 0.2 0.2 0.2 0.2 0.2 0.2 0.2 0.2 0.2 0.2
 0.2 0.2 0.2 0.2 0.2 0.2 0.2 0.2 0.2 0.2 0.2 0.2
 0.2 0.2 0.2 0.2 0.2 0.2 0.2 0.2 0.2 0.2 0.2 0.2
 0.2 0.2 0.2 0.2 0.2 0.2 0.2 0.2 0.2 0.2 0.2 0.2
 0.2 0.2 0.2 0.2 0.2 0.2 0.2 0.2 0.2 0.2 0.2 0.2
 0.2 0.2 0.2 0.2 0.2 0.2 0.2 0.2 0.2 0.2 0.2 0.2
 0.2 0.2 0.2 0.2 0.2 0.2 0.2 0.2 0.2 0.2 0.2 0.2
 0.2 0.2 0.2 0.2 0.2 0.2 0.2 0.2 0.2 0.2 0.2 0.2
 0.2 0.2 0.2 0.2 0.2 0.2 0.2 0.2 0.2 0.2 0.2 0.2
 0.2 0.2 0.2 0.2 0.2 0.2 0.2 0.2 0.2 0.2 0.2 0.2
 0.2 0.2 0.2 0.2 0.2 0.2 0.2 0.2 0.2 0.2 0.2 0.2
 0.2 0.2 0.2 0.2 0.2 0.2 0.2 0.2 0.2 0.2 0.2 0.2
 0.2 0.2 0.2 0.2 0.2 0.2 0.2 0.2 0.2 0.2 0.2 0.2
 0.2 0.2 0.2 0.2 0.2 0.2 0.2 0.2 0.2 0.2 0.2 0.2
# mean_log_rec
13.756
# log_Rzero
13.7976
# rec_dev
 -0.0900011 -0.107953 -0.106393 -0.0234796 0.165545 0.109387 -0.0662132 -0.0263333 -0.0350851 0.0917418 0.0694761 0.0457187 -0.0280763 0.214664 -0.244229 0.390163 -0.137472 -0.336941 0.285674 0.125295 0.113361 -0.168631 -0.0334482 0.200609 -0.144603 0.124278 -0.210746 -0.189126 -0.00717703 0.205443 -0.362061 -0.0250842 0.14855 -0.194209 -0.149457 0.191149 0.140733 -0.245632 -0.22203 -0.0465479 -0.481586 -0.21911
# fmort
 0.00912533 0.0268353 0.0446757 0.0606804 0.0486367 0.0871783 0.0875435 0.183516 0.107224 0.130469 0.148621 0.156083 0.112747 0.160273 0.170513 0.151877 0.292134 0.240027 0.238398 0.238961 0.336684 0.252254 0.422597 0.34884 0.3522 0.331168 0.332844 0.470778 0.37007 0.57305
# rec_dev_future
 0 0 0 0 0
