AMAK;Mar 2020
# styr
1
# endyr
30
# rec_age
1
# oldest_age
12
# nlength
81
# len_bins
 10 11 12 13 14 15 16 17 18 19 20 21 22 23 24 25 26 27 28 29 30 31 32 33 34 35 36 37 38 39 40 41 42 43 44 45 46 47 48 49 50 51 52 53 54 55 56 57 58 59 60 61 62 63 64 65 66 67 68 69 70 71 72 73 74 75 76 77 78 79 80 81 82 83 84 85 86 87 88 89 90
# datafile_name
amak_data.dat
# model_name
AMAK_MCP
# styr
1
# endyr
30
# rec_age
1
# oldest_age
12
# nfsh
1
# fshname
FLEET1
# catch_bio_in
 161.259 461.247 731.552 955.906 731.443 1224.15 1154.69 2166.15 1135.08 1309.73 1418.1 1422.18 978.633 1365.89 1356.98 1156.97 2059.96 1522.82 1451.13 1385.22 1813.19 1250.19 1891.37 1364.53 1297.13 1179.13 1175 1551.35 1086.32 1512.62
# catch_bio_sd_in
 0.01 0.01 0.01 0.01 0.01 0.01 0.01 0.01 0.01 0.01 0.01 0.01 0.01 0.01 0.01 0.01 0.01 0.01 0.01 0.01 0.01 0.01 0.01 0.01 0.01 0.01 0.01 0.01 0.01 0.01
# nyrs_fsh_age
 30
# nyrs_fsh_length
 0
# yrs_fsh_age_in
 1 2 3 4 5 6 7 8 9 10 11 12 13 14 15 16 17 18 19 20 21 22 23 24 25 26 27 28 29 30
# yrs_fsh_length_in

# n_sample_fsh_length_in

# olc_fsh_in

# nind
1
# indname
SURVEY1
# nyrs_ind
 30
# yrs_ind_in
 1 2 3 4 5 6 7 8 9 10 11 12 13 14 15 16 17 18 19 20 21 22 23 24 25 26 27 28 29 30
# mo_ind
 1
# obs_ind_in
 1.39853 1.45729 1.5066 1.54151 1.61471 1.20911 1.26103 1.0399 0.931487 1.10489 1.25381 1.08235 1.05643 1.04719 0.888493 0.945702 0.813355 1.03719 0.98428 0.844761 0.976417 0.790581 0.815824 0.76414 0.690632 0.713229 0.704207 0.678765 0.559594 0.645052
# obs_se_ind_in
 0.279706 0.291458 0.301319 0.308302 0.322941 0.241823 0.252205 0.207979 0.186297 0.220978 0.250763 0.21647 0.211287 0.209438 0.177699 0.18914 0.162671 0.207437 0.196856 0.168952 0.195283 0.158116 0.163165 0.152828 0.138126 0.142646 0.140841 0.135753 0.111919 0.12901
# nyrs_ind_age
 30
# nyrs_ind_length
 0
# yrs_ind_age_in
 1 2 3 4 5 6 7 8 9 10 11 12 13 14 15 16 17 18 19 20 21 22 23 24 25 26 27 28 29 30
# yrs_ind_length_in

# yrs_ind_age_in
 1 2 3 4 5 6 7 8 9 10 11 12 13 14 15 16 17 18 19 20 21 22 23 24 25 26 27 28 29 30
# n_sample_ind_length_in

# olc_ind_in

# oac_ind_in
 0.075 0.12 0.135 0.125 0.095 0.1 0.095 0.065 0.055 0.015 0.015 0.105
 0.06 0.145 0.16 0.135 0.1 0.085 0.045 0.065 0.015 0.055 0.025 0.11
 0.035 0.12 0.13 0.14 0.115 0.085 0.075 0.055 0.065 0.03 0.035 0.115
 0.065 0.19 0.105 0.065 0.125 0.095 0.07 0.06 0.07 0.04 0.025 0.09
 0.035 0.14 0.135 0.12 0.13 0.13 0.065 0.04 0.035 0.025 0.03 0.115
 0.07 0.15 0.065 0.175 0.05 0.1 0.085 0.055 0.045 0.035 0.01 0.16
 0.065 0.13 0.15 0.12 0.12 0.07 0.065 0.045 0.05 0.025 0.02 0.14
 0.085 0.105 0.18 0.135 0.085 0.12 0.045 0.055 0.045 0.03 0.015 0.1
 0.13 0.175 0.12 0.115 0.09 0.075 0.085 0.02 0.055 0.005 0.035 0.095
 0.07 0.185 0.255 0.09 0.08 0.07 0.025 0.045 0.035 0.025 0.01 0.11
 0.04 0.14 0.245 0.185 0.055 0.1 0.03 0.025 0.045 0.025 0.015 0.095
 0.1 0.2 0.12 0.135 0.12 0.06 0.04 0.035 0.02 0.035 0.02 0.115
 0.095 0.195 0.135 0.115 0.085 0.09 0.045 0.065 0.04 0.025 0.01 0.1
 0.085 0.21 0.22 0.145 0.07 0.085 0.045 0.01 0.025 0.025 0.015 0.065
 0.095 0.185 0.185 0.175 0.095 0.065 0.045 0.04 0.02 0.01 0.01 0.075
 0.115 0.09 0.2 0.21 0.155 0.075 0.025 0.035 0.02 0.005 0.015 0.055
 0.095 0.235 0.095 0.14 0.175 0.07 0.04 0.055 0.015 0.02 0.005 0.055
 0.15 0.225 0.205 0.115 0.095 0.08 0.03 0.02 0.015 0.03 0.01 0.025
 0.095 0.225 0.24 0.125 0.07 0.08 0.04 0.035 0.025 0.01 0.025 0.03
 0.08 0.265 0.215 0.17 0.115 0.03 0.025 0.025 0.03 0 0.02 0.025
 0.11 0.18 0.2 0.18 0.14 0.1 0.01 0.02 0.015 0.02 0.01 0.015
 0.08 0.33 0.15 0.155 0.105 0.06 0.045 0.01 0.02 0.015 0.01 0.02
 0.07 0.17 0.325 0.14 0.115 0.075 0.03 0.02 0.005 0.02 0.005 0.025
 0.095 0.255 0.215 0.2 0.08 0.07 0.025 0.015 0.01 0.015 0.005 0.015
 0.18 0.255 0.2 0.14 0.105 0.04 0.015 0.02 0.025 0.015 0.005 0
 0.13 0.3 0.225 0.13 0.075 0.05 0.035 0.01 0.015 0.01 0 0.02
 0.11 0.23 0.325 0.14 0.07 0.035 0.035 0.02 0.015 0.005 0.005 0.01
 0.11 0.25 0.24 0.18 0.07 0.045 0.035 0.055 0.01 0 0.005 0
 0.1 0.25 0.235 0.165 0.11 0.05 0.05 0.01 0.02 0.005 0 0.005
 0.145 0.275 0.235 0.1 0.07 0.11 0.02 0.01 0.015 0.01 0 0.01
# wt_ind
 1 1 1 1 1 1 1 1 1 1 1 1
 1 1 1 1 1 1 1 1 1 1 1 1
 1 1 1 1 1 1 1 1 1 1 1 1
 1 1 1 1 1 1 1 1 1 1 1 1
 1 1 1 1 1 1 1 1 1 1 1 1
 1 1 1 1 1 1 1 1 1 1 1 1
 1 1 1 1 1 1 1 1 1 1 1 1
 1 1 1 1 1 1 1 1 1 1 1 1
 1 1 1 1 1 1 1 1 1 1 1 1
 1 1 1 1 1 1 1 1 1 1 1 1
 1 1 1 1 1 1 1 1 1 1 1 1
 1 1 1 1 1 1 1 1 1 1 1 1
 1 1 1 1 1 1 1 1 1 1 1 1
 1 1 1 1 1 1 1 1 1 1 1 1
 1 1 1 1 1 1 1 1 1 1 1 1
 1 1 1 1 1 1 1 1 1 1 1 1
 1 1 1 1 1 1 1 1 1 1 1 1
 1 1 1 1 1 1 1 1 1 1 1 1
 1 1 1 1 1 1 1 1 1 1 1 1
 1 1 1 1 1 1 1 1 1 1 1 1
 1 1 1 1 1 1 1 1 1 1 1 1
 1 1 1 1 1 1 1 1 1 1 1 1
 1 1 1 1 1 1 1 1 1 1 1 1
 1 1 1 1 1 1 1 1 1 1 1 1
 1 1 1 1 1 1 1 1 1 1 1 1
 1 1 1 1 1 1 1 1 1 1 1 1
 1 1 1 1 1 1 1 1 1 1 1 1
 1 1 1 1 1 1 1 1 1 1 1 1
 1 1 1 1 1 1 1 1 1 1 1 1
 1 1 1 1 1 1 1 1 1 1 1 1
# wt_pop
 0.000530656 0.00119633 0.00205827 0.00303499 0.00405521 0.0050647 0.00602623 0.00691692 0.00772489 0.00844611 0.00908185 0.0096367
# maturity
 0.0229774 0.320821 0.904651 0.99478 0.999739 0.999987 0.999999 1 1 1 1 1
# spawnmo
1
# age_err
 1 0 0 0 0 0 0 0 0 0 0 0
 0 1 0 0 0 0 0 0 0 0 0 0
 0 0 1 0 0 0 0 0 0 0 0 0
 0 0 0 1 0 0 0 0 0 0 0 0
 0 0 0 0 1 0 0 0 0 0 0 0
 0 0 0 0 0 1 0 0 0 0 0 0
 0 0 0 0 0 0 1 0 0 0 0 0
 0 0 0 0 0 0 0 1 0 0 0 0
 0 0 0 0 0 0 0 0 1 0 0 0
 0 0 0 0 0 0 0 0 0 1 0 0
 0 0 0 0 0 0 0 0 0 0 1 0
 0 0 0 0 0 0 0 0 0 0 0 1
# cntrlfile_name
C:\Users\bai.li\DOCUME~1\Github\AGE_ST~1\ASSAMC\example\output\AMAK\s124\amak.dat
# Map shared selectivity: 
# sel_map
 1 2
 1 1
# datafile_name
amak_data.dat
# model_name
AMAK_MCP
# SrType
2
# use_age_err
0
# retro
0
# sigmarprior
0.2
# cvsigmarprior
0.25
# phase_sigmar
-3
# styr_rec_est
1
# endyr_rec_est
30
# Linfprior
80
# cvLinfprior
0.25
# kprior
0.18
# cvkprior
0.25
# Loprior
27.688
# cvLoprior
0.25
# sdageprior
0.1
# cvsdageprior
0.25
# natmortprior
0.2
# cvnatmortprior
0.25
# phase_M
-4
# npars_Mage
0
# ages_M_changes

# Mage_in

# Mage_offset_in

# phase_Mage
-5
# phase_rw_M
0
# npars_rw_M
0
# yrs_rw_M

# sigma_rw_M

# qprior
 3.48998e-007
# cvqprior
 1
# phase_q
 1
# q_power_prior
 1
# cvq_power_prior
 0.2
# phase_q_power
 -4
# phase_rw_q
 -1
# npars_rw_q
 0
# yrs_rw_q

# sigma_rw_q

# q_age_min
 1
# q_age_max
 12
# q_age_min
 1
# q_age_max
 12
# fsh_sel_opt(k)
2
# phase_sel_fsh(k)
2
# n_sel_ch_fsh(k)
1
# sel_slp_in_fsh(k)(1,n_sel_ch_fsh(k))
 1
# sel_inf_in_fsh(k)(1,n_sel_ch_fsh(k))
 2
# logsel_slp_in_fsh(k)(1,n_sel_ch_fsh(k))
 0
# yrs_sel_ch_fsh(k)(1,n_sel_ch_fsh(k))
 1

Survey SURVEY1
# ind_sel_opt(k)
2
# indname(k)
SURVEY1
# nselages_in_ind(k)
11
# phase_sel_ind(k)
2
# sel_change_in_ind(k)
 1 0 0 0 0 0 0 0 0 0 0 0 0 0 0 0 0 0 0 0 0 0 0 0 0 0 0 0 0 0
# n_sel_ch_ind(k)
1
# yrs_sel_ch_ind(k)(1,n_sel_ch_ind(k))
 1
# sel_slp_in_ind(k,1)
2
# sel_inf_in_ind(k,1)
1.5
# logsel_slp_in_ind(k,1)
0.693147
# logsel_slp_in_indv(k)
0.693147
SURVEY1 ind sel opt 2  1 0 0 0 0 0 0 0 0 0 0 0 0 0 0 0 0 0 0 0 0 0 0 0 0 0 0 0 0 0
Phase indices Sel_Coffs:  -1
 Test: 1.23457e+008
# Fshry Selages:  11
# Srvy  Selages:  11
# Phase for age-spec fishery  -1
# Phase for logistic fishery  2
# Phase for dble logistic fishery  -1
# Phase for age-spec indices   -1
# Phase for logistic indices   2
# Phase for dble logistic ind  -1
# Curv_pen_fsh: 
 0
# Curv_pen_ind: 
 0
# styr_fut
31
# endyr_fut
35
# nyrs_fsh_age
 30
# nyrs_fsh_age
 30
# yrs_fsh_age
 1 2 3 4 5 6 7 8 9 10 11 12 13 14 15 16 17 18 19 20 21 22 23 24 25 26 27 28 29 30
# n_sample_fsh_age
 200 200 200 200 200 200 200 200 200 200 200 200 200 200 200 200 200 200 200 200 200 200 200 200 200 200 200 200 200 200
# oac_fsh
 0.06 0.115 0.08 0.13 0.065 0.08 0.06 0.06 0.06 0.07 0.04 0.18
 0.035 0.105 0.11 0.13 0.1 0.07 0.09 0.06 0.05 0.065 0.04 0.145
 0.075 0.1 0.125 0.09 0.135 0.09 0.055 0.065 0.025 0.07 0.04 0.13
 0.075 0.135 0.13 0.1 0.075 0.08 0.08 0.065 0.05 0.035 0.025 0.15
 0.07 0.105 0.175 0.1 0.095 0.1 0.09 0.035 0.04 0.04 0.025 0.125
 0.115 0.08 0.155 0.115 0.06 0.055 0.065 0.065 0.06 0.025 0.05 0.155
 0.065 0.085 0.11 0.145 0.19 0.06 0.065 0.045 0.04 0.035 0.03 0.13
 0.115 0.105 0.115 0.14 0.09 0.08 0.08 0.055 0.06 0.025 0.015 0.12
 0.09 0.175 0.09 0.12 0.08 0.1 0.105 0.045 0.05 0.025 0.025 0.095
 0.12 0.21 0.145 0.07 0.1 0.11 0.05 0.04 0.03 0.015 0.005 0.105
 0.095 0.11 0.205 0.155 0.055 0.105 0.065 0.04 0.025 0.015 0.025 0.105
 0.105 0.15 0.165 0.14 0.15 0.055 0.06 0.035 0.025 0.03 0.005 0.08
 0.105 0.14 0.095 0.165 0.155 0.095 0.065 0.05 0.01 0 0.035 0.085
 0.095 0.17 0.185 0.08 0.115 0.13 0.075 0.02 0.045 0.01 0.01 0.065
 0.075 0.09 0.165 0.14 0.095 0.095 0.105 0.105 0.03 0.025 0.02 0.055
 0.13 0.115 0.165 0.125 0.15 0.07 0.055 0.055 0.025 0.01 0.01 0.09
 0.1 0.19 0.115 0.15 0.1 0.11 0.05 0.025 0.05 0.05 0.005 0.055
 0.16 0.245 0.18 0.085 0.085 0.065 0.065 0.02 0.03 0.02 0.01 0.035
 0.14 0.19 0.19 0.125 0.095 0.055 0.065 0.05 0.025 0.03 0.015 0.02
 0.105 0.185 0.19 0.205 0.125 0.06 0.035 0.02 0.005 0.02 0.01 0.04
 0.18 0.18 0.14 0.135 0.125 0.105 0.03 0.02 0.03 0.005 0.01 0.04
 0.07 0.25 0.2 0.12 0.175 0.075 0.04 0.025 0.01 0.025 0.005 0.005
 0.155 0.145 0.215 0.155 0.115 0.08 0.06 0.025 0 0.025 0.01 0.015
 0.145 0.195 0.155 0.225 0.11 0.055 0.025 0.06 0.005 0.015 0.005 0.005
 0.21 0.2 0.22 0.105 0.13 0.045 0.035 0.025 0.015 0 0 0.015
 0.175 0.215 0.19 0.15 0.085 0.1 0.015 0.02 0.015 0.015 0.005 0.015
 0.125 0.18 0.235 0.17 0.11 0.065 0.07 0.005 0 0.005 0.025 0.01
 0.12 0.19 0.175 0.235 0.1 0.065 0.045 0.03 0.01 0.015 0.005 0.01
 0.16 0.24 0.155 0.135 0.14 0.05 0.04 0.04 0.015 0.005 0.01 0.01
 0.29 0.17 0.14 0.155 0.08 0.075 0.035 0.02 0 0.025 0.005 0.005
# olc_fsh

# wt_fsh
 0.000530656 0.00119633 0.00205827 0.00303499 0.00405521 0.0050647 0.00602623 0.00691692 0.00772489 0.00844611 0.00908185 0.0096367
 0.000530656 0.00119633 0.00205827 0.00303499 0.00405521 0.0050647 0.00602623 0.00691692 0.00772489 0.00844611 0.00908185 0.0096367
 0.000530656 0.00119633 0.00205827 0.00303499 0.00405521 0.0050647 0.00602623 0.00691692 0.00772489 0.00844611 0.00908185 0.0096367
 0.000530656 0.00119633 0.00205827 0.00303499 0.00405521 0.0050647 0.00602623 0.00691692 0.00772489 0.00844611 0.00908185 0.0096367
 0.000530656 0.00119633 0.00205827 0.00303499 0.00405521 0.0050647 0.00602623 0.00691692 0.00772489 0.00844611 0.00908185 0.0096367
 0.000530656 0.00119633 0.00205827 0.00303499 0.00405521 0.0050647 0.00602623 0.00691692 0.00772489 0.00844611 0.00908185 0.0096367
 0.000530656 0.00119633 0.00205827 0.00303499 0.00405521 0.0050647 0.00602623 0.00691692 0.00772489 0.00844611 0.00908185 0.0096367
 0.000530656 0.00119633 0.00205827 0.00303499 0.00405521 0.0050647 0.00602623 0.00691692 0.00772489 0.00844611 0.00908185 0.0096367
 0.000530656 0.00119633 0.00205827 0.00303499 0.00405521 0.0050647 0.00602623 0.00691692 0.00772489 0.00844611 0.00908185 0.0096367
 0.000530656 0.00119633 0.00205827 0.00303499 0.00405521 0.0050647 0.00602623 0.00691692 0.00772489 0.00844611 0.00908185 0.0096367
 0.000530656 0.00119633 0.00205827 0.00303499 0.00405521 0.0050647 0.00602623 0.00691692 0.00772489 0.00844611 0.00908185 0.0096367
 0.000530656 0.00119633 0.00205827 0.00303499 0.00405521 0.0050647 0.00602623 0.00691692 0.00772489 0.00844611 0.00908185 0.0096367
 0.000530656 0.00119633 0.00205827 0.00303499 0.00405521 0.0050647 0.00602623 0.00691692 0.00772489 0.00844611 0.00908185 0.0096367
 0.000530656 0.00119633 0.00205827 0.00303499 0.00405521 0.0050647 0.00602623 0.00691692 0.00772489 0.00844611 0.00908185 0.0096367
 0.000530656 0.00119633 0.00205827 0.00303499 0.00405521 0.0050647 0.00602623 0.00691692 0.00772489 0.00844611 0.00908185 0.0096367
 0.000530656 0.00119633 0.00205827 0.00303499 0.00405521 0.0050647 0.00602623 0.00691692 0.00772489 0.00844611 0.00908185 0.0096367
 0.000530656 0.00119633 0.00205827 0.00303499 0.00405521 0.0050647 0.00602623 0.00691692 0.00772489 0.00844611 0.00908185 0.0096367
 0.000530656 0.00119633 0.00205827 0.00303499 0.00405521 0.0050647 0.00602623 0.00691692 0.00772489 0.00844611 0.00908185 0.0096367
 0.000530656 0.00119633 0.00205827 0.00303499 0.00405521 0.0050647 0.00602623 0.00691692 0.00772489 0.00844611 0.00908185 0.0096367
 0.000530656 0.00119633 0.00205827 0.00303499 0.00405521 0.0050647 0.00602623 0.00691692 0.00772489 0.00844611 0.00908185 0.0096367
 0.000530656 0.00119633 0.00205827 0.00303499 0.00405521 0.0050647 0.00602623 0.00691692 0.00772489 0.00844611 0.00908185 0.0096367
 0.000530656 0.00119633 0.00205827 0.00303499 0.00405521 0.0050647 0.00602623 0.00691692 0.00772489 0.00844611 0.00908185 0.0096367
 0.000530656 0.00119633 0.00205827 0.00303499 0.00405521 0.0050647 0.00602623 0.00691692 0.00772489 0.00844611 0.00908185 0.0096367
 0.000530656 0.00119633 0.00205827 0.00303499 0.00405521 0.0050647 0.00602623 0.00691692 0.00772489 0.00844611 0.00908185 0.0096367
 0.000530656 0.00119633 0.00205827 0.00303499 0.00405521 0.0050647 0.00602623 0.00691692 0.00772489 0.00844611 0.00908185 0.0096367
 0.000530656 0.00119633 0.00205827 0.00303499 0.00405521 0.0050647 0.00602623 0.00691692 0.00772489 0.00844611 0.00908185 0.0096367
 0.000530656 0.00119633 0.00205827 0.00303499 0.00405521 0.0050647 0.00602623 0.00691692 0.00772489 0.00844611 0.00908185 0.0096367
 0.000530656 0.00119633 0.00205827 0.00303499 0.00405521 0.0050647 0.00602623 0.00691692 0.00772489 0.00844611 0.00908185 0.0096367
 0.000530656 0.00119633 0.00205827 0.00303499 0.00405521 0.0050647 0.00602623 0.00691692 0.00772489 0.00844611 0.00908185 0.0096367
 0.000530656 0.00119633 0.00205827 0.00303499 0.00405521 0.0050647 0.00602623 0.00691692 0.00772489 0.00844611 0.00908185 0.0096367
# nyrs_ind_age
 30
# yrs_ind_age
 1 2 3 4 5 6 7 8 9 10 11 12 13 14 15 16 17 18 19 20 21 22 23 24 25 26 27 28 29 30
# n_sample_ind_age
 200 200 200 200 200 200 200 200 200 200 200 200 200 200 200 200 200 200 200 200 200 200 200 200 200 200 200 200 200 200
# oac_ind
 0.075 0.12 0.135 0.125 0.095 0.1 0.095 0.065 0.055 0.015 0.015 0.105
 0.06 0.145 0.16 0.135 0.1 0.085 0.045 0.065 0.015 0.055 0.025 0.11
 0.035 0.12 0.13 0.14 0.115 0.085 0.075 0.055 0.065 0.03 0.035 0.115
 0.065 0.19 0.105 0.065 0.125 0.095 0.07 0.06 0.07 0.04 0.025 0.09
 0.035 0.14 0.135 0.12 0.13 0.13 0.065 0.04 0.035 0.025 0.03 0.115
 0.07 0.15 0.065 0.175 0.05 0.1 0.085 0.055 0.045 0.035 0.01 0.16
 0.065 0.13 0.15 0.12 0.12 0.07 0.065 0.045 0.05 0.025 0.02 0.14
 0.085 0.105 0.18 0.135 0.085 0.12 0.045 0.055 0.045 0.03 0.015 0.1
 0.13 0.175 0.12 0.115 0.09 0.075 0.085 0.02 0.055 0.005 0.035 0.095
 0.07 0.185 0.255 0.09 0.08 0.07 0.025 0.045 0.035 0.025 0.01 0.11
 0.04 0.14 0.245 0.185 0.055 0.1 0.03 0.025 0.045 0.025 0.015 0.095
 0.1 0.2 0.12 0.135 0.12 0.06 0.04 0.035 0.02 0.035 0.02 0.115
 0.095 0.195 0.135 0.115 0.085 0.09 0.045 0.065 0.04 0.025 0.01 0.1
 0.085 0.21 0.22 0.145 0.07 0.085 0.045 0.01 0.025 0.025 0.015 0.065
 0.095 0.185 0.185 0.175 0.095 0.065 0.045 0.04 0.02 0.01 0.01 0.075
 0.115 0.09 0.2 0.21 0.155 0.075 0.025 0.035 0.02 0.005 0.015 0.055
 0.095 0.235 0.095 0.14 0.175 0.07 0.04 0.055 0.015 0.02 0.005 0.055
 0.15 0.225 0.205 0.115 0.095 0.08 0.03 0.02 0.015 0.03 0.01 0.025
 0.095 0.225 0.24 0.125 0.07 0.08 0.04 0.035 0.025 0.01 0.025 0.03
 0.08 0.265 0.215 0.17 0.115 0.03 0.025 0.025 0.03 0 0.02 0.025
 0.11 0.18 0.2 0.18 0.14 0.1 0.01 0.02 0.015 0.02 0.01 0.015
 0.08 0.33 0.15 0.155 0.105 0.06 0.045 0.01 0.02 0.015 0.01 0.02
 0.07 0.17 0.325 0.14 0.115 0.075 0.03 0.02 0.005 0.02 0.005 0.025
 0.095 0.255 0.215 0.2 0.08 0.07 0.025 0.015 0.01 0.015 0.005 0.015
 0.18 0.255 0.2 0.14 0.105 0.04 0.015 0.02 0.025 0.015 0.005 0
 0.13 0.3 0.225 0.13 0.075 0.05 0.035 0.01 0.015 0.01 0 0.02
 0.11 0.23 0.325 0.14 0.07 0.035 0.035 0.02 0.015 0.005 0.005 0.01
 0.11 0.25 0.24 0.18 0.07 0.045 0.035 0.055 0.01 0 0.005 0
 0.1 0.25 0.235 0.165 0.11 0.05 0.05 0.01 0.02 0.005 0 0.005
 0.145 0.275 0.235 0.1 0.07 0.11 0.02 0.01 0.015 0.01 0 0.01
# olc_ind

# obs_lse_ind
 0.198042 0.198042 0.198042 0.198042 0.198042 0.198042 0.198042 0.198042 0.198042 0.198042 0.198042 0.198042 0.198042 0.198042 0.198042 0.198042 0.198042 0.198042 0.198042 0.198042 0.198042 0.198042 0.198042 0.198042 0.198042 0.198042 0.198042 0.198042 0.198042 0.198042
# xages_fsh
 0 0 0 0 0 0 0 0 0 0 0 0
# xages_fsh
 0 0.0909091 0.181818 0.272727 0.363636 0.454545 0.545455 0.636364 0.727273 0.818182 0.909091 1
# xnodes_fsh

Yrs fsh_sel change:  1 0 0 0 0 0 0 0 0 0 0 0 0 0 0 0 0 0 0 0 0 0 0 0 0 0 0 0 0
Yrs ind_sel change:  1 0 0 0 0 0 0 0 0 0 0 0 0 0 0 0 0 0 0 0 0 0 0 0 0 0 0 0 0
# steepnessprior
0.75
# sigmarprior
0.2
#  SSB estimated in styr endyr: -13 28 
#  Rec estimated in styr endyr: -11 30 
#  SR Curve fit  in styr endyr: 1 30 
#             Model styr endyr: 1 30 
# qprior
 3.48998e-007
# q_power_prior 
 1 
# cv_catchbiomass 
0.05 
# CatchbiomassPen 
200 
# Number of projection years 
5 
# offset_fsh
 13394.5
# offset_ind
 13006.6
Mean Catch
1275.66
R_guess 
15.4114
# nfsh
1
# n_sel_ch_fsh
 1
# nselages_fsh
 11
# phase_selcoff_fsh
 -1
logRzero 15.4114
logmeanrec 15.4114
exp(log_sigmarprior 0.2
Fish sel phase: -1 FLEET1
Fixing fishery sel to
1
Srvy sel phase: -1
Fixing SURVEY1 indices sel to
1
# logsel_slp_in_indv
 0.693147
Leaving parameter init secton
# M
 0.2 0.2 0.2 0.2 0.2 0.2 0.2 0.2 0.2 0.2 0.2 0.2
 0.2 0.2 0.2 0.2 0.2 0.2 0.2 0.2 0.2 0.2 0.2 0.2
 0.2 0.2 0.2 0.2 0.2 0.2 0.2 0.2 0.2 0.2 0.2 0.2
 0.2 0.2 0.2 0.2 0.2 0.2 0.2 0.2 0.2 0.2 0.2 0.2
 0.2 0.2 0.2 0.2 0.2 0.2 0.2 0.2 0.2 0.2 0.2 0.2
 0.2 0.2 0.2 0.2 0.2 0.2 0.2 0.2 0.2 0.2 0.2 0.2
 0.2 0.2 0.2 0.2 0.2 0.2 0.2 0.2 0.2 0.2 0.2 0.2
 0.2 0.2 0.2 0.2 0.2 0.2 0.2 0.2 0.2 0.2 0.2 0.2
 0.2 0.2 0.2 0.2 0.2 0.2 0.2 0.2 0.2 0.2 0.2 0.2
 0.2 0.2 0.2 0.2 0.2 0.2 0.2 0.2 0.2 0.2 0.2 0.2
 0.2 0.2 0.2 0.2 0.2 0.2 0.2 0.2 0.2 0.2 0.2 0.2
 0.2 0.2 0.2 0.2 0.2 0.2 0.2 0.2 0.2 0.2 0.2 0.2
 0.2 0.2 0.2 0.2 0.2 0.2 0.2 0.2 0.2 0.2 0.2 0.2
 0.2 0.2 0.2 0.2 0.2 0.2 0.2 0.2 0.2 0.2 0.2 0.2
 0.2 0.2 0.2 0.2 0.2 0.2 0.2 0.2 0.2 0.2 0.2 0.2
 0.2 0.2 0.2 0.2 0.2 0.2 0.2 0.2 0.2 0.2 0.2 0.2
 0.2 0.2 0.2 0.2 0.2 0.2 0.2 0.2 0.2 0.2 0.2 0.2
 0.2 0.2 0.2 0.2 0.2 0.2 0.2 0.2 0.2 0.2 0.2 0.2
 0.2 0.2 0.2 0.2 0.2 0.2 0.2 0.2 0.2 0.2 0.2 0.2
 0.2 0.2 0.2 0.2 0.2 0.2 0.2 0.2 0.2 0.2 0.2 0.2
 0.2 0.2 0.2 0.2 0.2 0.2 0.2 0.2 0.2 0.2 0.2 0.2
 0.2 0.2 0.2 0.2 0.2 0.2 0.2 0.2 0.2 0.2 0.2 0.2
 0.2 0.2 0.2 0.2 0.2 0.2 0.2 0.2 0.2 0.2 0.2 0.2
 0.2 0.2 0.2 0.2 0.2 0.2 0.2 0.2 0.2 0.2 0.2 0.2
 0.2 0.2 0.2 0.2 0.2 0.2 0.2 0.2 0.2 0.2 0.2 0.2
 0.2 0.2 0.2 0.2 0.2 0.2 0.2 0.2 0.2 0.2 0.2 0.2
 0.2 0.2 0.2 0.2 0.2 0.2 0.2 0.2 0.2 0.2 0.2 0.2
 0.2 0.2 0.2 0.2 0.2 0.2 0.2 0.2 0.2 0.2 0.2 0.2
 0.2 0.2 0.2 0.2 0.2 0.2 0.2 0.2 0.2 0.2 0.2 0.2
 0.2 0.2 0.2 0.2 0.2 0.2 0.2 0.2 0.2 0.2 0.2 0.2
# mean_log_rec
13.7444
# log_Rzero
13.7887
# rec_dev
 -0.0718512 -0.0864735 -0.111607 -0.00654606 0.178543 -0.0100794 0.0452646 0.0473615 -0.088329 -0.00217777 0.0689063 0.0345572 0.000661076 -0.172582 0.196445 -0.105047 -0.088305 -0.0100628 -0.358275 0.197279 0.19583 -0.091703 -0.177923 0.0905277 0.061176 -0.0952923 -0.380654 0.0917301 0.198438 0.132255 -0.00016892 -0.120433 0.295721 -0.22275 -0.0686631 -0.119055 0.160229 -0.170143 -0.261168 -0.269558 -0.315687 0.0297115
# fmort
 0.00944632 0.0274852 0.0450399 0.0616926 0.0494468 0.0873556 0.0884625 0.184954 0.107633 0.131684 0.151928 0.163003 0.117083 0.169039 0.177867 0.159353 0.31217 0.258566 0.260986 0.260005 0.366028 0.270087 0.444341 0.361356 0.366089 0.344847 0.350176 0.505849 0.398929 0.638587
# rec_dev_future
 0 0 0 0 0
