AMAK;Mar 2020
# styr
1
# endyr
30
# rec_age
1
# oldest_age
12
# nlength
81
# len_bins
 10 11 12 13 14 15 16 17 18 19 20 21 22 23 24 25 26 27 28 29 30 31 32 33 34 35 36 37 38 39 40 41 42 43 44 45 46 47 48 49 50 51 52 53 54 55 56 57 58 59 60 61 62 63 64 65 66 67 68 69 70 71 72 73 74 75 76 77 78 79 80 81 82 83 84 85 86 87 88 89 90
# datafile_name
amak_data.dat
# model_name
AMAK_MCP
# styr
1
# endyr
30
# rec_age
1
# oldest_age
12
# nfsh
1
# fshname
FLEET1
# catch_bio_in
 163.084 459.05 736.603 944.766 717.235 1237.81 1202.92 2436.67 1315.67 1563.48 1676.59 1702.21 1168.16 1610.02 1564.19 1321.14 2335.87 1661.17 1514.56 1408.08 1825.6 1234.99 1840.66 1342.45 1296.43 1182.79 1190.2 1582.76 1111.03 1513.05
# catch_bio_sd_in
 0.01 0.01 0.01 0.01 0.01 0.01 0.01 0.01 0.01 0.01 0.01 0.01 0.01 0.01 0.01 0.01 0.01 0.01 0.01 0.01 0.01 0.01 0.01 0.01 0.01 0.01 0.01 0.01 0.01 0.01
# nyrs_fsh_age
 30
# nyrs_fsh_length
 0
# yrs_fsh_age_in
 1 2 3 4 5 6 7 8 9 10 11 12 13 14 15 16 17 18 19 20 21 22 23 24 25 26 27 28 29 30
# yrs_fsh_length_in

# n_sample_fsh_length_in

# olc_fsh_in

# nind
1
# indname
SURVEY1
# nyrs_ind
 30
# yrs_ind_in
 1 2 3 4 5 6 7 8 9 10 11 12 13 14 15 16 17 18 19 20 21 22 23 24 25 26 27 28 29 30
# mo_ind
 1
# obs_ind_in
 1.35943 1.37591 1.56741 1.3096 1.1915 1.3752 1.43931 1.36415 1.20406 1.10618 1.45337 1.30254 0.973532 0.894128 0.994907 0.935016 0.980916 0.783422 0.799197 0.779693 0.755514 0.69019 0.601899 0.626528 0.62622 0.728223 0.655299 0.539447 0.59837 0.498424
# obs_se_ind_in
 0.271886 0.275181 0.313481 0.261919 0.2383 0.275039 0.287862 0.272829 0.240813 0.221235 0.290674 0.260508 0.194706 0.178826 0.198981 0.187003 0.196183 0.156684 0.159839 0.155939 0.151103 0.138038 0.12038 0.125306 0.125244 0.145645 0.13106 0.107889 0.119674 0.0996847
# nyrs_ind_age
 30
# nyrs_ind_length
 0
# yrs_ind_age_in
 1 2 3 4 5 6 7 8 9 10 11 12 13 14 15 16 17 18 19 20 21 22 23 24 25 26 27 28 29 30
# yrs_ind_length_in

# yrs_ind_age_in
 1 2 3 4 5 6 7 8 9 10 11 12 13 14 15 16 17 18 19 20 21 22 23 24 25 26 27 28 29 30
# n_sample_ind_length_in

# olc_ind_in

# oac_ind_in
 0.06 0.175 0.13 0.115 0.145 0.045 0.06 0.05 0.055 0.035 0.035 0.095
 0.07 0.095 0.155 0.135 0.11 0.045 0.07 0.045 0.065 0.07 0.015 0.125
 0.025 0.12 0.155 0.115 0.105 0.07 0.06 0.065 0.05 0.03 0.03 0.175
 0.045 0.12 0.13 0.165 0.125 0.1 0.05 0.04 0.055 0.02 0.025 0.125
 0.125 0.14 0.095 0.135 0.1 0.06 0.075 0.07 0.05 0.035 0.035 0.08
 0.09 0.265 0.095 0.095 0.06 0.07 0.055 0.04 0.075 0.03 0.05 0.075
 0.085 0.205 0.23 0.085 0.08 0.055 0.065 0.01 0.03 0.02 0.025 0.11
 0.065 0.16 0.195 0.205 0.06 0.05 0.02 0.05 0.035 0.03 0.025 0.105
 0.03 0.2 0.22 0.13 0.16 0.04 0.03 0.04 0.035 0.04 0.01 0.065
 0.095 0.14 0.175 0.17 0.15 0.1 0.03 0.025 0.005 0.04 0.005 0.065
 0.1 0.185 0.125 0.12 0.135 0.09 0.08 0.03 0.03 0.015 0.02 0.07
 0.055 0.145 0.26 0.125 0.13 0.075 0.03 0.075 0.015 0.015 0.015 0.06
 0.07 0.145 0.14 0.24 0.06 0.095 0.055 0.05 0.055 0.01 0.015 0.065
 0.15 0.115 0.125 0.13 0.17 0.065 0.06 0.04 0.04 0.04 0.005 0.06
 0.09 0.24 0.17 0.08 0.1 0.115 0.05 0.03 0.03 0.03 0.035 0.03
 0.145 0.16 0.235 0.105 0.09 0.045 0.07 0.03 0.03 0.015 0.035 0.04
 0.025 0.21 0.145 0.175 0.12 0.08 0.045 0.07 0.02 0.02 0.02 0.07
 0.085 0.125 0.275 0.17 0.125 0.04 0.04 0.045 0.015 0.02 0.01 0.05
 0.19 0.155 0.055 0.245 0.085 0.08 0.02 0.03 0.03 0.03 0.01 0.07
 0.115 0.285 0.18 0.075 0.145 0.04 0.035 0.005 0.015 0.025 0.01 0.07
 0.06 0.22 0.31 0.125 0.045 0.125 0.025 0.03 0.015 0.015 0.005 0.025
 0.06 0.16 0.25 0.225 0.14 0.02 0.035 0.035 0.01 0 0.025 0.04
 0.13 0.165 0.19 0.17 0.165 0.06 0.025 0.03 0.045 0 0.01 0.01
 0.08 0.39 0.13 0.095 0.13 0.105 0.045 0.005 0.015 0.005 0 0
 0.195 0.215 0.27 0.085 0.055 0.07 0.03 0.03 0.005 0.02 0.01 0.015
 0.135 0.345 0.18 0.195 0.065 0.035 0.03 0.005 0.005 0 0.005 0
 0.115 0.18 0.395 0.12 0.105 0.025 0.02 0.015 0.01 0.005 0.005 0.005
 0.11 0.215 0.19 0.215 0.045 0.13 0.035 0.02 0 0.01 0.01 0.02
 0.095 0.235 0.21 0.165 0.13 0.065 0.05 0.01 0.01 0.01 0.015 0.005
 0.21 0.18 0.225 0.165 0.085 0.055 0.035 0.02 0.005 0.005 0.005 0.01
# wt_ind
 1 1 1 1 1 1 1 1 1 1 1 1
 1 1 1 1 1 1 1 1 1 1 1 1
 1 1 1 1 1 1 1 1 1 1 1 1
 1 1 1 1 1 1 1 1 1 1 1 1
 1 1 1 1 1 1 1 1 1 1 1 1
 1 1 1 1 1 1 1 1 1 1 1 1
 1 1 1 1 1 1 1 1 1 1 1 1
 1 1 1 1 1 1 1 1 1 1 1 1
 1 1 1 1 1 1 1 1 1 1 1 1
 1 1 1 1 1 1 1 1 1 1 1 1
 1 1 1 1 1 1 1 1 1 1 1 1
 1 1 1 1 1 1 1 1 1 1 1 1
 1 1 1 1 1 1 1 1 1 1 1 1
 1 1 1 1 1 1 1 1 1 1 1 1
 1 1 1 1 1 1 1 1 1 1 1 1
 1 1 1 1 1 1 1 1 1 1 1 1
 1 1 1 1 1 1 1 1 1 1 1 1
 1 1 1 1 1 1 1 1 1 1 1 1
 1 1 1 1 1 1 1 1 1 1 1 1
 1 1 1 1 1 1 1 1 1 1 1 1
 1 1 1 1 1 1 1 1 1 1 1 1
 1 1 1 1 1 1 1 1 1 1 1 1
 1 1 1 1 1 1 1 1 1 1 1 1
 1 1 1 1 1 1 1 1 1 1 1 1
 1 1 1 1 1 1 1 1 1 1 1 1
 1 1 1 1 1 1 1 1 1 1 1 1
 1 1 1 1 1 1 1 1 1 1 1 1
 1 1 1 1 1 1 1 1 1 1 1 1
 1 1 1 1 1 1 1 1 1 1 1 1
 1 1 1 1 1 1 1 1 1 1 1 1
# wt_pop
 0.000530656 0.00119633 0.00205827 0.00303499 0.00405521 0.0050647 0.00602623 0.00691692 0.00772489 0.00844611 0.00908185 0.0096367
# maturity
 0.0229774 0.320821 0.904651 0.99478 0.999739 0.999987 0.999999 1 1 1 1 1
# spawnmo
1
# age_err
 1 0 0 0 0 0 0 0 0 0 0 0
 0 1 0 0 0 0 0 0 0 0 0 0
 0 0 1 0 0 0 0 0 0 0 0 0
 0 0 0 1 0 0 0 0 0 0 0 0
 0 0 0 0 1 0 0 0 0 0 0 0
 0 0 0 0 0 1 0 0 0 0 0 0
 0 0 0 0 0 0 1 0 0 0 0 0
 0 0 0 0 0 0 0 1 0 0 0 0
 0 0 0 0 0 0 0 0 1 0 0 0
 0 0 0 0 0 0 0 0 0 1 0 0
 0 0 0 0 0 0 0 0 0 0 1 0
 0 0 0 0 0 0 0 0 0 0 0 1
# cntrlfile_name
C:\Users\bai.li\DOCUME~1\Github\AGE_ST~2\ASSAMC\example\C1\output\AMAK\s3\amak.dat
# Map shared selectivity: 
# sel_map
 1 2
 1 1
# datafile_name
amak_data.dat
# model_name
AMAK_MCP
# SrType
2
# use_age_err
0
# retro
0
# sigmarprior
0.4
# cvsigmarprior
0.45
# phase_sigmar
-3
# styr_rec_est
1
# endyr_rec_est
30
# Linfprior
80
# cvLinfprior
0.25
# kprior
0.18
# cvkprior
0.25
# Loprior
27.688
# cvLoprior
0.25
# sdageprior
0.1
# cvsdageprior
0.25
# natmortprior
0.2
# cvnatmortprior
0.25
# phase_M
-4
# npars_Mage
0
# ages_M_changes

# Mage_in

# Mage_offset_in

# phase_Mage
-5
# phase_rw_M
0
# npars_rw_M
0
# yrs_rw_M

# sigma_rw_M

# qprior
 3.48998e-007
# cvqprior
 1
# phase_q
 1
# q_power_prior
 1
# cvq_power_prior
 0.2
# phase_q_power
 -4
# phase_rw_q
 -1
# npars_rw_q
 0
# yrs_rw_q

# sigma_rw_q

# q_age_min
 1
# q_age_max
 12
# q_age_min
 1
# q_age_max
 12
# fsh_sel_opt(k)
2
# phase_sel_fsh(k)
2
# n_sel_ch_fsh(k)
1
# sel_slp_in_fsh(k)(1,n_sel_ch_fsh(k))
 1
# sel_inf_in_fsh(k)(1,n_sel_ch_fsh(k))
 2
# logsel_slp_in_fsh(k)(1,n_sel_ch_fsh(k))
 0
# yrs_sel_ch_fsh(k)(1,n_sel_ch_fsh(k))
 1

Survey SURVEY1
# ind_sel_opt(k)
2
# indname(k)
SURVEY1
# nselages_in_ind(k)
11
# phase_sel_ind(k)
2
# sel_change_in_ind(k)
 1 0 0 0 0 0 0 0 0 0 0 0 0 0 0 0 0 0 0 0 0 0 0 0 0 0 0 0 0 0
# n_sel_ch_ind(k)
1
# yrs_sel_ch_ind(k)(1,n_sel_ch_ind(k))
 1
# sel_slp_in_ind(k,1)
2
# sel_inf_in_ind(k,1)
1.5
# logsel_slp_in_ind(k,1)
0.693147
# logsel_slp_in_indv(k)
0.693147
SURVEY1 ind sel opt 2  1 0 0 0 0 0 0 0 0 0 0 0 0 0 0 0 0 0 0 0 0 0 0 0 0 0 0 0 0 0
Phase indices Sel_Coffs:  -1
 Test: 1.23457e+008
# Fshry Selages:  11
# Srvy  Selages:  11
# Phase for age-spec fishery  -1
# Phase for logistic fishery  2
# Phase for dble logistic fishery  -1
# Phase for age-spec indices   -1
# Phase for logistic indices   2
# Phase for dble logistic ind  -1
# Curv_pen_fsh: 
 0
# Curv_pen_ind: 
 0
# styr_fut
31
# endyr_fut
35
# nyrs_fsh_age
 30
# nyrs_fsh_age
 30
# yrs_fsh_age
 1 2 3 4 5 6 7 8 9 10 11 12 13 14 15 16 17 18 19 20 21 22 23 24 25 26 27 28 29 30
# n_sample_fsh_age
 200 200 200 200 200 200 200 200 200 200 200 200 200 200 200 200 200 200 200 200 200 200 200 200 200 200 200 200 200 200
# oac_fsh
 0.04 0.125 0.155 0.115 0.095 0.085 0.065 0.09 0.045 0.025 0.03 0.13
 0.04 0.085 0.12 0.135 0.13 0.07 0.06 0.065 0.05 0.055 0.02 0.17
 0.03 0.055 0.1 0.155 0.13 0.105 0.085 0.095 0.07 0.045 0.015 0.115
 0.055 0.12 0.095 0.12 0.12 0.1 0.06 0.065 0.035 0.04 0.035 0.155
 0.145 0.08 0.115 0.125 0.12 0.095 0.05 0.07 0.045 0.03 0.03 0.095
 0.105 0.185 0.105 0.08 0.125 0.085 0.06 0.045 0.02 0.035 0.015 0.14
 0.115 0.155 0.23 0.065 0.075 0.05 0.035 0.065 0.045 0.04 0.015 0.11
 0.045 0.13 0.195 0.19 0.08 0.07 0.06 0.035 0.025 0.055 0.045 0.07
 0.045 0.09 0.165 0.145 0.2 0.08 0.055 0.035 0.045 0.05 0.015 0.075
 0.11 0.13 0.15 0.12 0.16 0.125 0.045 0.025 0.02 0.015 0.025 0.075
 0.08 0.145 0.13 0.14 0.09 0.12 0.13 0.015 0.02 0.02 0.025 0.085
 0.075 0.145 0.185 0.115 0.06 0.065 0.095 0.12 0.025 0.04 0.015 0.06
 0.08 0.11 0.12 0.2 0.105 0.115 0.055 0.065 0.075 0.02 0.015 0.04
 0.11 0.075 0.155 0.14 0.17 0.075 0.05 0.05 0.045 0.035 0.025 0.07
 0.075 0.175 0.095 0.14 0.11 0.09 0.075 0.07 0.04 0.035 0.025 0.07
 0.17 0.135 0.15 0.14 0.055 0.09 0.07 0.035 0.01 0.025 0.03 0.09
 0.045 0.225 0.185 0.165 0.105 0.065 0.04 0.055 0.025 0.01 0.025 0.055
 0.075 0.105 0.24 0.185 0.17 0.05 0.035 0.04 0.025 0.01 0.01 0.055
 0.155 0.205 0.065 0.165 0.08 0.11 0.085 0.01 0.04 0.025 0.02 0.04
 0.13 0.23 0.175 0.11 0.155 0.08 0.02 0.025 0.015 0.005 0.025 0.03
 0.095 0.195 0.26 0.17 0.06 0.07 0.035 0.035 0.02 0.01 0.005 0.045
 0.08 0.13 0.265 0.3 0.11 0.015 0.045 0.01 0.015 0 0 0.03
 0.205 0.12 0.16 0.15 0.17 0.085 0.01 0.025 0.02 0.015 0.01 0.03
 0.14 0.345 0.12 0.085 0.105 0.12 0.035 0 0.02 0.02 0 0.01
 0.235 0.16 0.255 0.125 0.075 0.05 0.07 0.015 0 0.01 0 0.005
 0.105 0.29 0.175 0.195 0.08 0.035 0.045 0.04 0.015 0.01 0 0.01
 0.175 0.145 0.305 0.125 0.14 0.025 0.02 0.025 0.025 0.005 0.005 0.005
 0.135 0.23 0.175 0.225 0.07 0.085 0.02 0.025 0.01 0.005 0.005 0.015
 0.11 0.225 0.205 0.1 0.17 0.055 0.085 0.015 0.015 0 0.01 0.01
 0.23 0.13 0.2 0.16 0.095 0.105 0.03 0.035 0 0.005 0.005 0.005
# olc_fsh

# wt_fsh
 0.000530656 0.00119633 0.00205827 0.00303499 0.00405521 0.0050647 0.00602623 0.00691692 0.00772489 0.00844611 0.00908185 0.0096367
 0.000530656 0.00119633 0.00205827 0.00303499 0.00405521 0.0050647 0.00602623 0.00691692 0.00772489 0.00844611 0.00908185 0.0096367
 0.000530656 0.00119633 0.00205827 0.00303499 0.00405521 0.0050647 0.00602623 0.00691692 0.00772489 0.00844611 0.00908185 0.0096367
 0.000530656 0.00119633 0.00205827 0.00303499 0.00405521 0.0050647 0.00602623 0.00691692 0.00772489 0.00844611 0.00908185 0.0096367
 0.000530656 0.00119633 0.00205827 0.00303499 0.00405521 0.0050647 0.00602623 0.00691692 0.00772489 0.00844611 0.00908185 0.0096367
 0.000530656 0.00119633 0.00205827 0.00303499 0.00405521 0.0050647 0.00602623 0.00691692 0.00772489 0.00844611 0.00908185 0.0096367
 0.000530656 0.00119633 0.00205827 0.00303499 0.00405521 0.0050647 0.00602623 0.00691692 0.00772489 0.00844611 0.00908185 0.0096367
 0.000530656 0.00119633 0.00205827 0.00303499 0.00405521 0.0050647 0.00602623 0.00691692 0.00772489 0.00844611 0.00908185 0.0096367
 0.000530656 0.00119633 0.00205827 0.00303499 0.00405521 0.0050647 0.00602623 0.00691692 0.00772489 0.00844611 0.00908185 0.0096367
 0.000530656 0.00119633 0.00205827 0.00303499 0.00405521 0.0050647 0.00602623 0.00691692 0.00772489 0.00844611 0.00908185 0.0096367
 0.000530656 0.00119633 0.00205827 0.00303499 0.00405521 0.0050647 0.00602623 0.00691692 0.00772489 0.00844611 0.00908185 0.0096367
 0.000530656 0.00119633 0.00205827 0.00303499 0.00405521 0.0050647 0.00602623 0.00691692 0.00772489 0.00844611 0.00908185 0.0096367
 0.000530656 0.00119633 0.00205827 0.00303499 0.00405521 0.0050647 0.00602623 0.00691692 0.00772489 0.00844611 0.00908185 0.0096367
 0.000530656 0.00119633 0.00205827 0.00303499 0.00405521 0.0050647 0.00602623 0.00691692 0.00772489 0.00844611 0.00908185 0.0096367
 0.000530656 0.00119633 0.00205827 0.00303499 0.00405521 0.0050647 0.00602623 0.00691692 0.00772489 0.00844611 0.00908185 0.0096367
 0.000530656 0.00119633 0.00205827 0.00303499 0.00405521 0.0050647 0.00602623 0.00691692 0.00772489 0.00844611 0.00908185 0.0096367
 0.000530656 0.00119633 0.00205827 0.00303499 0.00405521 0.0050647 0.00602623 0.00691692 0.00772489 0.00844611 0.00908185 0.0096367
 0.000530656 0.00119633 0.00205827 0.00303499 0.00405521 0.0050647 0.00602623 0.00691692 0.00772489 0.00844611 0.00908185 0.0096367
 0.000530656 0.00119633 0.00205827 0.00303499 0.00405521 0.0050647 0.00602623 0.00691692 0.00772489 0.00844611 0.00908185 0.0096367
 0.000530656 0.00119633 0.00205827 0.00303499 0.00405521 0.0050647 0.00602623 0.00691692 0.00772489 0.00844611 0.00908185 0.0096367
 0.000530656 0.00119633 0.00205827 0.00303499 0.00405521 0.0050647 0.00602623 0.00691692 0.00772489 0.00844611 0.00908185 0.0096367
 0.000530656 0.00119633 0.00205827 0.00303499 0.00405521 0.0050647 0.00602623 0.00691692 0.00772489 0.00844611 0.00908185 0.0096367
 0.000530656 0.00119633 0.00205827 0.00303499 0.00405521 0.0050647 0.00602623 0.00691692 0.00772489 0.00844611 0.00908185 0.0096367
 0.000530656 0.00119633 0.00205827 0.00303499 0.00405521 0.0050647 0.00602623 0.00691692 0.00772489 0.00844611 0.00908185 0.0096367
 0.000530656 0.00119633 0.00205827 0.00303499 0.00405521 0.0050647 0.00602623 0.00691692 0.00772489 0.00844611 0.00908185 0.0096367
 0.000530656 0.00119633 0.00205827 0.00303499 0.00405521 0.0050647 0.00602623 0.00691692 0.00772489 0.00844611 0.00908185 0.0096367
 0.000530656 0.00119633 0.00205827 0.00303499 0.00405521 0.0050647 0.00602623 0.00691692 0.00772489 0.00844611 0.00908185 0.0096367
 0.000530656 0.00119633 0.00205827 0.00303499 0.00405521 0.0050647 0.00602623 0.00691692 0.00772489 0.00844611 0.00908185 0.0096367
 0.000530656 0.00119633 0.00205827 0.00303499 0.00405521 0.0050647 0.00602623 0.00691692 0.00772489 0.00844611 0.00908185 0.0096367
 0.000530656 0.00119633 0.00205827 0.00303499 0.00405521 0.0050647 0.00602623 0.00691692 0.00772489 0.00844611 0.00908185 0.0096367
# nyrs_ind_age
 30
# yrs_ind_age
 1 2 3 4 5 6 7 8 9 10 11 12 13 14 15 16 17 18 19 20 21 22 23 24 25 26 27 28 29 30
# n_sample_ind_age
 200 200 200 200 200 200 200 200 200 200 200 200 200 200 200 200 200 200 200 200 200 200 200 200 200 200 200 200 200 200
# oac_ind
 0.06 0.175 0.13 0.115 0.145 0.045 0.06 0.05 0.055 0.035 0.035 0.095
 0.07 0.095 0.155 0.135 0.11 0.045 0.07 0.045 0.065 0.07 0.015 0.125
 0.025 0.12 0.155 0.115 0.105 0.07 0.06 0.065 0.05 0.03 0.03 0.175
 0.045 0.12 0.13 0.165 0.125 0.1 0.05 0.04 0.055 0.02 0.025 0.125
 0.125 0.14 0.095 0.135 0.1 0.06 0.075 0.07 0.05 0.035 0.035 0.08
 0.09 0.265 0.095 0.095 0.06 0.07 0.055 0.04 0.075 0.03 0.05 0.075
 0.085 0.205 0.23 0.085 0.08 0.055 0.065 0.01 0.03 0.02 0.025 0.11
 0.065 0.16 0.195 0.205 0.06 0.05 0.02 0.05 0.035 0.03 0.025 0.105
 0.03 0.2 0.22 0.13 0.16 0.04 0.03 0.04 0.035 0.04 0.01 0.065
 0.095 0.14 0.175 0.17 0.15 0.1 0.03 0.025 0.005 0.04 0.005 0.065
 0.1 0.185 0.125 0.12 0.135 0.09 0.08 0.03 0.03 0.015 0.02 0.07
 0.055 0.145 0.26 0.125 0.13 0.075 0.03 0.075 0.015 0.015 0.015 0.06
 0.07 0.145 0.14 0.24 0.06 0.095 0.055 0.05 0.055 0.01 0.015 0.065
 0.15 0.115 0.125 0.13 0.17 0.065 0.06 0.04 0.04 0.04 0.005 0.06
 0.09 0.24 0.17 0.08 0.1 0.115 0.05 0.03 0.03 0.03 0.035 0.03
 0.145 0.16 0.235 0.105 0.09 0.045 0.07 0.03 0.03 0.015 0.035 0.04
 0.025 0.21 0.145 0.175 0.12 0.08 0.045 0.07 0.02 0.02 0.02 0.07
 0.085 0.125 0.275 0.17 0.125 0.04 0.04 0.045 0.015 0.02 0.01 0.05
 0.19 0.155 0.055 0.245 0.085 0.08 0.02 0.03 0.03 0.03 0.01 0.07
 0.115 0.285 0.18 0.075 0.145 0.04 0.035 0.005 0.015 0.025 0.01 0.07
 0.06 0.22 0.31 0.125 0.045 0.125 0.025 0.03 0.015 0.015 0.005 0.025
 0.06 0.16 0.25 0.225 0.14 0.02 0.035 0.035 0.01 0 0.025 0.04
 0.13 0.165 0.19 0.17 0.165 0.06 0.025 0.03 0.045 0 0.01 0.01
 0.08 0.39 0.13 0.095 0.13 0.105 0.045 0.005 0.015 0.005 0 0
 0.195 0.215 0.27 0.085 0.055 0.07 0.03 0.03 0.005 0.02 0.01 0.015
 0.135 0.345 0.18 0.195 0.065 0.035 0.03 0.005 0.005 0 0.005 0
 0.115 0.18 0.395 0.12 0.105 0.025 0.02 0.015 0.01 0.005 0.005 0.005
 0.11 0.215 0.19 0.215 0.045 0.13 0.035 0.02 0 0.01 0.01 0.02
 0.095 0.235 0.21 0.165 0.13 0.065 0.05 0.01 0.01 0.01 0.015 0.005
 0.21 0.18 0.225 0.165 0.085 0.055 0.035 0.02 0.005 0.005 0.005 0.01
# olc_ind

# obs_lse_ind
 0.198042 0.198042 0.198042 0.198042 0.198042 0.198042 0.198042 0.198042 0.198042 0.198042 0.198042 0.198042 0.198042 0.198042 0.198042 0.198042 0.198042 0.198042 0.198042 0.198042 0.198042 0.198042 0.198042 0.198042 0.198042 0.198042 0.198042 0.198042 0.198042 0.198042
# xages_fsh
 0 0 0 0 0 0 0 0 0 0 0 0
# xages_fsh
 0 0.0909091 0.181818 0.272727 0.363636 0.454545 0.545455 0.636364 0.727273 0.818182 0.909091 1
# xnodes_fsh

Yrs fsh_sel change:  1 0 0 0 0 0 0 0 0 0 0 0 0 0 0 0 0 0 0 0 0 0 0 0 0 0 0 0 0
Yrs ind_sel change:  1 0 0 0 0 0 0 0 0 0 0 0 0 0 0 0 0 0 0 0 0 0 0 0 0 0 0 0 0
# steepnessprior
0.75
# sigmarprior
0.4
#  SSB estimated in styr endyr: -13 28 
#  Rec estimated in styr endyr: -11 30 
#  SR Curve fit  in styr endyr: 1 30 
#             Model styr endyr: 1 30 
# qprior
 3.48998e-007
# q_power_prior 
 1 
# cv_catchbiomass 
0.05 
# CatchbiomassPen 
200 
# Number of projection years 
5 
# offset_fsh
 13218.5
# offset_ind
 12945.1
Mean Catch
1361.97
R_guess 
15.4768
# nfsh
1
# n_sel_ch_fsh
 1
# nselages_fsh
 11
# phase_selcoff_fsh
 -1
logRzero 15.4768
logmeanrec 15.4768
exp(log_sigmarprior 0.4
Fish sel phase: -1 FLEET1
Fixing fishery sel to
1
Srvy sel phase: -1
Fixing SURVEY1 indices sel to
1
# logsel_slp_in_indv
 0.693147
Leaving parameter init secton
# M
 0.2 0.2 0.2 0.2 0.2 0.2 0.2 0.2 0.2 0.2 0.2 0.2
 0.2 0.2 0.2 0.2 0.2 0.2 0.2 0.2 0.2 0.2 0.2 0.2
 0.2 0.2 0.2 0.2 0.2 0.2 0.2 0.2 0.2 0.2 0.2 0.2
 0.2 0.2 0.2 0.2 0.2 0.2 0.2 0.2 0.2 0.2 0.2 0.2
 0.2 0.2 0.2 0.2 0.2 0.2 0.2 0.2 0.2 0.2 0.2 0.2
 0.2 0.2 0.2 0.2 0.2 0.2 0.2 0.2 0.2 0.2 0.2 0.2
 0.2 0.2 0.2 0.2 0.2 0.2 0.2 0.2 0.2 0.2 0.2 0.2
 0.2 0.2 0.2 0.2 0.2 0.2 0.2 0.2 0.2 0.2 0.2 0.2
 0.2 0.2 0.2 0.2 0.2 0.2 0.2 0.2 0.2 0.2 0.2 0.2
 0.2 0.2 0.2 0.2 0.2 0.2 0.2 0.2 0.2 0.2 0.2 0.2
 0.2 0.2 0.2 0.2 0.2 0.2 0.2 0.2 0.2 0.2 0.2 0.2
 0.2 0.2 0.2 0.2 0.2 0.2 0.2 0.2 0.2 0.2 0.2 0.2
 0.2 0.2 0.2 0.2 0.2 0.2 0.2 0.2 0.2 0.2 0.2 0.2
 0.2 0.2 0.2 0.2 0.2 0.2 0.2 0.2 0.2 0.2 0.2 0.2
 0.2 0.2 0.2 0.2 0.2 0.2 0.2 0.2 0.2 0.2 0.2 0.2
 0.2 0.2 0.2 0.2 0.2 0.2 0.2 0.2 0.2 0.2 0.2 0.2
 0.2 0.2 0.2 0.2 0.2 0.2 0.2 0.2 0.2 0.2 0.2 0.2
 0.2 0.2 0.2 0.2 0.2 0.2 0.2 0.2 0.2 0.2 0.2 0.2
 0.2 0.2 0.2 0.2 0.2 0.2 0.2 0.2 0.2 0.2 0.2 0.2
 0.2 0.2 0.2 0.2 0.2 0.2 0.2 0.2 0.2 0.2 0.2 0.2
 0.2 0.2 0.2 0.2 0.2 0.2 0.2 0.2 0.2 0.2 0.2 0.2
 0.2 0.2 0.2 0.2 0.2 0.2 0.2 0.2 0.2 0.2 0.2 0.2
 0.2 0.2 0.2 0.2 0.2 0.2 0.2 0.2 0.2 0.2 0.2 0.2
 0.2 0.2 0.2 0.2 0.2 0.2 0.2 0.2 0.2 0.2 0.2 0.2
 0.2 0.2 0.2 0.2 0.2 0.2 0.2 0.2 0.2 0.2 0.2 0.2
 0.2 0.2 0.2 0.2 0.2 0.2 0.2 0.2 0.2 0.2 0.2 0.2
 0.2 0.2 0.2 0.2 0.2 0.2 0.2 0.2 0.2 0.2 0.2 0.2
 0.2 0.2 0.2 0.2 0.2 0.2 0.2 0.2 0.2 0.2 0.2 0.2
 0.2 0.2 0.2 0.2 0.2 0.2 0.2 0.2 0.2 0.2 0.2 0.2
 0.2 0.2 0.2 0.2 0.2 0.2 0.2 0.2 0.2 0.2 0.2 0.2
# mean_log_rec
13.6978
# log_Rzero
13.7967
# rec_dev
 -0.209969 -0.247101 0.0320401 -0.295592 0.11068 0.0901976 0.0195144 0.0297356 0.00520223 0.107173 0.131557 0.150635 0.0601047 -0.088038 -0.124906 -0.160542 0.750784 0.503708 0.328815 0.183818 -0.0168859 0.439911 0.0395133 -0.154941 -0.173433 0.241917 0.0173116 0.377085 -0.683105 0.0186764 0.465902 0.139658 -0.302968 -0.42119 0.387559 -0.17961 0.413666 -0.203516 -0.0524632 -0.131262 -0.486164 0.263423
# fmort
 0.00981105 0.0278361 0.0459388 0.0618241 0.0490743 0.0878076 0.0874624 0.186399 0.106917 0.131751 0.14943 0.162195 0.117755 0.172816 0.183141 0.164425 0.323238 0.265428 0.267621 0.264548 0.367078 0.267751 0.445082 0.370794 0.372829 0.33964 0.335392 0.472468 0.364013 0.553556
# rec_dev_future
 0 0 0 0 0
