AMAK;Mar 2020
# styr
1
# endyr
30
# rec_age
1
# oldest_age
12
# nlength
81
# len_bins
 10 11 12 13 14 15 16 17 18 19 20 21 22 23 24 25 26 27 28 29 30 31 32 33 34 35 36 37 38 39 40 41 42 43 44 45 46 47 48 49 50 51 52 53 54 55 56 57 58 59 60 61 62 63 64 65 66 67 68 69 70 71 72 73 74 75 76 77 78 79 80 81 82 83 84 85 86 87 88 89 90
# datafile_name
amak_data.dat
# model_name
AMAK_MCP
# styr
1
# endyr
30
# rec_age
1
# oldest_age
12
# nfsh
1
# fshname
FLEET1
# catch_bio_in
 161.991 461.123 740.548 978.955 745.504 1295.95 1235.67 2310.05 1212.11 1394.51 1515.56 1530 1066.24 1477.09 1488.66 1265.21 2276.67 1609.36 1458.7 1331.47 1653.47 1087.03 1664.84 1229.02 1174.6 1080.31 1097.39 1507.38 1096.31 1541.62
# catch_bio_sd_in
 0.01 0.01 0.01 0.01 0.01 0.01 0.01 0.01 0.01 0.01 0.01 0.01 0.01 0.01 0.01 0.01 0.01 0.01 0.01 0.01 0.01 0.01 0.01 0.01 0.01 0.01 0.01 0.01 0.01 0.01
# nyrs_fsh_age
 30
# nyrs_fsh_length
 0
# yrs_fsh_age_in
 1 2 3 4 5 6 7 8 9 10 11 12 13 14 15 16 17 18 19 20 21 22 23 24 25 26 27 28 29 30
# yrs_fsh_length_in

# n_sample_fsh_length_in

# olc_fsh_in

# nind
1
# indname
SURVEY1
# nyrs_ind
 30
# yrs_ind_in
 1 2 3 4 5 6 7 8 9 10 11 12 13 14 15 16 17 18 19 20 21 22 23 24 25 26 27 28 29 30
# mo_ind
 1
# obs_ind_in
 1.66683 1.46393 1.52684 1.4813 1.55791 1.49276 1.13853 1.06887 1.1248 1.22745 1.07016 1.03215 1.0565 0.965567 1.00808 0.947222 0.993957 0.883004 0.908822 0.736437 0.82172 0.804807 0.704993 0.664041 0.743761 0.664436 0.638898 0.652038 0.591597 0.436169
# obs_se_ind_in
 0.333367 0.292787 0.305369 0.296261 0.311581 0.298551 0.227707 0.213773 0.22496 0.24549 0.214032 0.206431 0.211301 0.193113 0.201615 0.189444 0.198791 0.176601 0.181764 0.147287 0.164344 0.160961 0.140999 0.132808 0.148752 0.132887 0.12778 0.130408 0.118319 0.0872337
# nyrs_ind_age
 30
# nyrs_ind_length
 0
# yrs_ind_age_in
 1 2 3 4 5 6 7 8 9 10 11 12 13 14 15 16 17 18 19 20 21 22 23 24 25 26 27 28 29 30
# yrs_ind_length_in

# yrs_ind_age_in
 1 2 3 4 5 6 7 8 9 10 11 12 13 14 15 16 17 18 19 20 21 22 23 24 25 26 27 28 29 30
# n_sample_ind_length_in

# olc_ind_in

# oac_ind_in
 0.07 0.2 0.115 0.11 0.105 0.075 0.065 0.04 0.03 0.05 0.01 0.13
 0.04 0.15 0.145 0.115 0.1 0.09 0.08 0.055 0.05 0.04 0.01 0.125
 0.065 0.145 0.13 0.125 0.11 0.075 0.075 0.045 0.045 0.035 0.015 0.135
 0.07 0.15 0.09 0.18 0.095 0.105 0.07 0.06 0.03 0.015 0.015 0.12
 0.045 0.16 0.16 0.095 0.095 0.08 0.075 0.05 0.065 0.04 0.03 0.105
 0.06 0.15 0.135 0.145 0.11 0.035 0.075 0.045 0.03 0.06 0.05 0.105
 0.045 0.145 0.15 0.13 0.115 0.085 0.065 0.05 0.04 0.03 0.01 0.135
 0.05 0.155 0.11 0.145 0.14 0.1 0.035 0.04 0.065 0.015 0.02 0.125
 0.085 0.23 0.15 0.08 0.105 0.085 0.05 0.045 0.04 0.02 0.02 0.09
 0.155 0.18 0.165 0.095 0.045 0.075 0.055 0.06 0.035 0.02 0.015 0.1
 0.065 0.215 0.21 0.095 0.08 0.09 0.03 0.025 0.05 0.025 0.035 0.08
 0.075 0.165 0.19 0.15 0.11 0.045 0.04 0.03 0.045 0.02 0.015 0.115
 0.06 0.175 0.145 0.245 0.09 0.07 0.06 0.005 0.015 0.04 0.02 0.075
 0.06 0.155 0.155 0.115 0.17 0.12 0.08 0.02 0.02 0.01 0.005 0.09
 0.125 0.15 0.165 0.16 0.1 0.09 0.06 0.04 0.02 0.015 0.015 0.06
 0.02 0.24 0.155 0.17 0.08 0.065 0.075 0.07 0.04 0.03 0.005 0.05
 0.08 0.135 0.255 0.15 0.09 0.06 0.06 0.05 0.04 0.03 0.02 0.03
 0.08 0.23 0.15 0.2 0.1 0.085 0.04 0.025 0.03 0.01 0.02 0.03
 0.105 0.175 0.155 0.11 0.215 0.07 0.05 0.03 0.02 0.03 0.02 0.02
 0.085 0.275 0.185 0.165 0.08 0.075 0.03 0.015 0.01 0.015 0.025 0.04
 0.085 0.165 0.245 0.125 0.13 0.04 0.07 0.035 0.015 0.025 0.02 0.045
 0.12 0.24 0.185 0.145 0.08 0.08 0.045 0.04 0.025 0.01 0.005 0.025
 0.085 0.29 0.17 0.16 0.105 0.045 0.08 0.01 0.015 0.02 0 0.02
 0.08 0.245 0.25 0.15 0.105 0.06 0.015 0.03 0.025 0.01 0.005 0.025
 0.18 0.195 0.24 0.205 0.08 0.015 0.01 0.015 0.03 0.005 0.02 0.005
 0.13 0.325 0.125 0.195 0.115 0.025 0.025 0.025 0 0.01 0.015 0.01
 0.115 0.265 0.32 0.15 0.06 0.035 0.03 0 0.005 0.005 0.005 0.01
 0.185 0.24 0.27 0.14 0.055 0.055 0.02 0.02 0 0 0.01 0.005
 0.13 0.295 0.16 0.185 0.13 0.02 0.035 0.02 0.005 0 0.01 0.01
 0.115 0.27 0.255 0.13 0.09 0.07 0.02 0.015 0.02 0.01 0.005 0
# wt_ind
 1 1 1 1 1 1 1 1 1 1 1 1
 1 1 1 1 1 1 1 1 1 1 1 1
 1 1 1 1 1 1 1 1 1 1 1 1
 1 1 1 1 1 1 1 1 1 1 1 1
 1 1 1 1 1 1 1 1 1 1 1 1
 1 1 1 1 1 1 1 1 1 1 1 1
 1 1 1 1 1 1 1 1 1 1 1 1
 1 1 1 1 1 1 1 1 1 1 1 1
 1 1 1 1 1 1 1 1 1 1 1 1
 1 1 1 1 1 1 1 1 1 1 1 1
 1 1 1 1 1 1 1 1 1 1 1 1
 1 1 1 1 1 1 1 1 1 1 1 1
 1 1 1 1 1 1 1 1 1 1 1 1
 1 1 1 1 1 1 1 1 1 1 1 1
 1 1 1 1 1 1 1 1 1 1 1 1
 1 1 1 1 1 1 1 1 1 1 1 1
 1 1 1 1 1 1 1 1 1 1 1 1
 1 1 1 1 1 1 1 1 1 1 1 1
 1 1 1 1 1 1 1 1 1 1 1 1
 1 1 1 1 1 1 1 1 1 1 1 1
 1 1 1 1 1 1 1 1 1 1 1 1
 1 1 1 1 1 1 1 1 1 1 1 1
 1 1 1 1 1 1 1 1 1 1 1 1
 1 1 1 1 1 1 1 1 1 1 1 1
 1 1 1 1 1 1 1 1 1 1 1 1
 1 1 1 1 1 1 1 1 1 1 1 1
 1 1 1 1 1 1 1 1 1 1 1 1
 1 1 1 1 1 1 1 1 1 1 1 1
 1 1 1 1 1 1 1 1 1 1 1 1
 1 1 1 1 1 1 1 1 1 1 1 1
# wt_pop
 0.000530656 0.00119633 0.00205827 0.00303499 0.00405521 0.0050647 0.00602623 0.00691692 0.00772489 0.00844611 0.00908185 0.0096367
# maturity
 0.0229774 0.320821 0.904651 0.99478 0.999739 0.999987 0.999999 1 1 1 1 1
# spawnmo
1
# age_err
 1 0 0 0 0 0 0 0 0 0 0 0
 0 1 0 0 0 0 0 0 0 0 0 0
 0 0 1 0 0 0 0 0 0 0 0 0
 0 0 0 1 0 0 0 0 0 0 0 0
 0 0 0 0 1 0 0 0 0 0 0 0
 0 0 0 0 0 1 0 0 0 0 0 0
 0 0 0 0 0 0 1 0 0 0 0 0
 0 0 0 0 0 0 0 1 0 0 0 0
 0 0 0 0 0 0 0 0 1 0 0 0
 0 0 0 0 0 0 0 0 0 1 0 0
 0 0 0 0 0 0 0 0 0 0 1 0
 0 0 0 0 0 0 0 0 0 0 0 1
# cntrlfile_name
C:\Users\bai.li\DOCUME~1\Github\AGE_ST~1\ASSAMC\example\output\AMAK\s126\amak.dat
# Map shared selectivity: 
# sel_map
 1 2
 1 1
# datafile_name
amak_data.dat
# model_name
AMAK_MCP
# SrType
2
# use_age_err
0
# retro
0
# sigmarprior
0.2
# cvsigmarprior
0.25
# phase_sigmar
-3
# styr_rec_est
1
# endyr_rec_est
30
# Linfprior
80
# cvLinfprior
0.25
# kprior
0.18
# cvkprior
0.25
# Loprior
27.688
# cvLoprior
0.25
# sdageprior
0.1
# cvsdageprior
0.25
# natmortprior
0.2
# cvnatmortprior
0.25
# phase_M
-4
# npars_Mage
0
# ages_M_changes

# Mage_in

# Mage_offset_in

# phase_Mage
-5
# phase_rw_M
0
# npars_rw_M
0
# yrs_rw_M

# sigma_rw_M

# qprior
 3.48998e-007
# cvqprior
 1
# phase_q
 1
# q_power_prior
 1
# cvq_power_prior
 0.2
# phase_q_power
 -4
# phase_rw_q
 -1
# npars_rw_q
 0
# yrs_rw_q

# sigma_rw_q

# q_age_min
 1
# q_age_max
 12
# q_age_min
 1
# q_age_max
 12
# fsh_sel_opt(k)
2
# phase_sel_fsh(k)
2
# n_sel_ch_fsh(k)
1
# sel_slp_in_fsh(k)(1,n_sel_ch_fsh(k))
 1
# sel_inf_in_fsh(k)(1,n_sel_ch_fsh(k))
 2
# logsel_slp_in_fsh(k)(1,n_sel_ch_fsh(k))
 0
# yrs_sel_ch_fsh(k)(1,n_sel_ch_fsh(k))
 1

Survey SURVEY1
# ind_sel_opt(k)
2
# indname(k)
SURVEY1
# nselages_in_ind(k)
11
# phase_sel_ind(k)
2
# sel_change_in_ind(k)
 1 0 0 0 0 0 0 0 0 0 0 0 0 0 0 0 0 0 0 0 0 0 0 0 0 0 0 0 0 0
# n_sel_ch_ind(k)
1
# yrs_sel_ch_ind(k)(1,n_sel_ch_ind(k))
 1
# sel_slp_in_ind(k,1)
2
# sel_inf_in_ind(k,1)
1.5
# logsel_slp_in_ind(k,1)
0.693147
# logsel_slp_in_indv(k)
0.693147
SURVEY1 ind sel opt 2  1 0 0 0 0 0 0 0 0 0 0 0 0 0 0 0 0 0 0 0 0 0 0 0 0 0 0 0 0 0
Phase indices Sel_Coffs:  -1
 Test: 1.23457e+008
# Fshry Selages:  11
# Srvy  Selages:  11
# Phase for age-spec fishery  -1
# Phase for logistic fishery  2
# Phase for dble logistic fishery  -1
# Phase for age-spec indices   -1
# Phase for logistic indices   2
# Phase for dble logistic ind  -1
# Curv_pen_fsh: 
 0
# Curv_pen_ind: 
 0
# styr_fut
31
# endyr_fut
35
# nyrs_fsh_age
 30
# nyrs_fsh_age
 30
# yrs_fsh_age
 1 2 3 4 5 6 7 8 9 10 11 12 13 14 15 16 17 18 19 20 21 22 23 24 25 26 27 28 29 30
# n_sample_fsh_age
 200 200 200 200 200 200 200 200 200 200 200 200 200 200 200 200 200 200 200 200 200 200 200 200 200 200 200 200 200 200
# oac_fsh
 0.07 0.1 0.115 0.1 0.1 0.1 0.03 0.08 0.065 0.035 0.025 0.18
 0.065 0.125 0.14 0.115 0.115 0.085 0.06 0.075 0.015 0.045 0.025 0.135
 0.055 0.095 0.125 0.13 0.1 0.06 0.075 0.075 0.055 0.035 0.035 0.16
 0.11 0.105 0.145 0.145 0.095 0.07 0.06 0.065 0.035 0.03 0.01 0.13
 0.055 0.16 0.12 0.13 0.12 0.06 0.06 0.045 0.055 0.025 0.045 0.125
 0.045 0.09 0.175 0.175 0.08 0.09 0.055 0.05 0.04 0.045 0.02 0.135
 0.06 0.095 0.16 0.125 0.11 0.075 0.075 0.1 0.025 0.03 0.01 0.135
 0.115 0.13 0.095 0.08 0.145 0.075 0.075 0.06 0.045 0.035 0.03 0.115
 0.12 0.14 0.14 0.085 0.12 0.08 0.07 0.03 0.025 0.03 0.04 0.12
 0.165 0.125 0.14 0.115 0.055 0.09 0.07 0.05 0.01 0.025 0.03 0.125
 0.105 0.17 0.175 0.165 0.07 0.045 0.035 0.05 0.045 0.015 0.045 0.08
 0.075 0.14 0.2 0.115 0.145 0.06 0.025 0.035 0.045 0.005 0.025 0.13
 0.095 0.14 0.125 0.165 0.11 0.095 0.055 0.02 0.02 0.045 0.02 0.11
 0.075 0.145 0.13 0.13 0.14 0.095 0.075 0.075 0.015 0.03 0.005 0.085
 0.125 0.15 0.215 0.065 0.12 0.125 0.06 0.035 0.005 0.015 0.015 0.07
 0.035 0.19 0.165 0.17 0.1 0.105 0.07 0.075 0.025 0.01 0.01 0.045
 0.09 0.09 0.31 0.115 0.1 0.045 0.05 0.07 0.055 0.025 0 0.05
 0.105 0.18 0.14 0.215 0.13 0.08 0.025 0.03 0.03 0.025 0 0.04
 0.185 0.1 0.225 0.085 0.15 0.085 0.045 0.03 0.035 0.01 0.005 0.045
 0.1 0.22 0.145 0.205 0.085 0.08 0.055 0.035 0.01 0.015 0.015 0.035
 0.095 0.2 0.18 0.095 0.125 0.075 0.1 0.045 0.015 0.015 0.01 0.045
 0.15 0.19 0.145 0.14 0.08 0.12 0.035 0.04 0.035 0.025 0.005 0.035
 0.13 0.29 0.17 0.13 0.08 0.075 0.05 0.02 0.01 0 0.015 0.03
 0.14 0.185 0.235 0.145 0.11 0.055 0.035 0.035 0.025 0.01 0.005 0.02
 0.15 0.18 0.19 0.21 0.09 0.045 0.055 0.015 0.045 0.01 0 0.01
 0.165 0.245 0.14 0.15 0.135 0.045 0.02 0.035 0.015 0.02 0.005 0.025
 0.125 0.205 0.29 0.135 0.105 0.06 0.03 0.025 0.01 0 0.01 0.005
 0.155 0.175 0.27 0.19 0.065 0.05 0.06 0.015 0.01 0 0 0.01
 0.125 0.23 0.165 0.17 0.14 0.04 0.04 0.04 0.02 0 0.025 0.005
 0.185 0.185 0.275 0.095 0.1 0.065 0.03 0.03 0.015 0 0.005 0.015
# olc_fsh

# wt_fsh
 0.000530656 0.00119633 0.00205827 0.00303499 0.00405521 0.0050647 0.00602623 0.00691692 0.00772489 0.00844611 0.00908185 0.0096367
 0.000530656 0.00119633 0.00205827 0.00303499 0.00405521 0.0050647 0.00602623 0.00691692 0.00772489 0.00844611 0.00908185 0.0096367
 0.000530656 0.00119633 0.00205827 0.00303499 0.00405521 0.0050647 0.00602623 0.00691692 0.00772489 0.00844611 0.00908185 0.0096367
 0.000530656 0.00119633 0.00205827 0.00303499 0.00405521 0.0050647 0.00602623 0.00691692 0.00772489 0.00844611 0.00908185 0.0096367
 0.000530656 0.00119633 0.00205827 0.00303499 0.00405521 0.0050647 0.00602623 0.00691692 0.00772489 0.00844611 0.00908185 0.0096367
 0.000530656 0.00119633 0.00205827 0.00303499 0.00405521 0.0050647 0.00602623 0.00691692 0.00772489 0.00844611 0.00908185 0.0096367
 0.000530656 0.00119633 0.00205827 0.00303499 0.00405521 0.0050647 0.00602623 0.00691692 0.00772489 0.00844611 0.00908185 0.0096367
 0.000530656 0.00119633 0.00205827 0.00303499 0.00405521 0.0050647 0.00602623 0.00691692 0.00772489 0.00844611 0.00908185 0.0096367
 0.000530656 0.00119633 0.00205827 0.00303499 0.00405521 0.0050647 0.00602623 0.00691692 0.00772489 0.00844611 0.00908185 0.0096367
 0.000530656 0.00119633 0.00205827 0.00303499 0.00405521 0.0050647 0.00602623 0.00691692 0.00772489 0.00844611 0.00908185 0.0096367
 0.000530656 0.00119633 0.00205827 0.00303499 0.00405521 0.0050647 0.00602623 0.00691692 0.00772489 0.00844611 0.00908185 0.0096367
 0.000530656 0.00119633 0.00205827 0.00303499 0.00405521 0.0050647 0.00602623 0.00691692 0.00772489 0.00844611 0.00908185 0.0096367
 0.000530656 0.00119633 0.00205827 0.00303499 0.00405521 0.0050647 0.00602623 0.00691692 0.00772489 0.00844611 0.00908185 0.0096367
 0.000530656 0.00119633 0.00205827 0.00303499 0.00405521 0.0050647 0.00602623 0.00691692 0.00772489 0.00844611 0.00908185 0.0096367
 0.000530656 0.00119633 0.00205827 0.00303499 0.00405521 0.0050647 0.00602623 0.00691692 0.00772489 0.00844611 0.00908185 0.0096367
 0.000530656 0.00119633 0.00205827 0.00303499 0.00405521 0.0050647 0.00602623 0.00691692 0.00772489 0.00844611 0.00908185 0.0096367
 0.000530656 0.00119633 0.00205827 0.00303499 0.00405521 0.0050647 0.00602623 0.00691692 0.00772489 0.00844611 0.00908185 0.0096367
 0.000530656 0.00119633 0.00205827 0.00303499 0.00405521 0.0050647 0.00602623 0.00691692 0.00772489 0.00844611 0.00908185 0.0096367
 0.000530656 0.00119633 0.00205827 0.00303499 0.00405521 0.0050647 0.00602623 0.00691692 0.00772489 0.00844611 0.00908185 0.0096367
 0.000530656 0.00119633 0.00205827 0.00303499 0.00405521 0.0050647 0.00602623 0.00691692 0.00772489 0.00844611 0.00908185 0.0096367
 0.000530656 0.00119633 0.00205827 0.00303499 0.00405521 0.0050647 0.00602623 0.00691692 0.00772489 0.00844611 0.00908185 0.0096367
 0.000530656 0.00119633 0.00205827 0.00303499 0.00405521 0.0050647 0.00602623 0.00691692 0.00772489 0.00844611 0.00908185 0.0096367
 0.000530656 0.00119633 0.00205827 0.00303499 0.00405521 0.0050647 0.00602623 0.00691692 0.00772489 0.00844611 0.00908185 0.0096367
 0.000530656 0.00119633 0.00205827 0.00303499 0.00405521 0.0050647 0.00602623 0.00691692 0.00772489 0.00844611 0.00908185 0.0096367
 0.000530656 0.00119633 0.00205827 0.00303499 0.00405521 0.0050647 0.00602623 0.00691692 0.00772489 0.00844611 0.00908185 0.0096367
 0.000530656 0.00119633 0.00205827 0.00303499 0.00405521 0.0050647 0.00602623 0.00691692 0.00772489 0.00844611 0.00908185 0.0096367
 0.000530656 0.00119633 0.00205827 0.00303499 0.00405521 0.0050647 0.00602623 0.00691692 0.00772489 0.00844611 0.00908185 0.0096367
 0.000530656 0.00119633 0.00205827 0.00303499 0.00405521 0.0050647 0.00602623 0.00691692 0.00772489 0.00844611 0.00908185 0.0096367
 0.000530656 0.00119633 0.00205827 0.00303499 0.00405521 0.0050647 0.00602623 0.00691692 0.00772489 0.00844611 0.00908185 0.0096367
 0.000530656 0.00119633 0.00205827 0.00303499 0.00405521 0.0050647 0.00602623 0.00691692 0.00772489 0.00844611 0.00908185 0.0096367
# nyrs_ind_age
 30
# yrs_ind_age
 1 2 3 4 5 6 7 8 9 10 11 12 13 14 15 16 17 18 19 20 21 22 23 24 25 26 27 28 29 30
# n_sample_ind_age
 200 200 200 200 200 200 200 200 200 200 200 200 200 200 200 200 200 200 200 200 200 200 200 200 200 200 200 200 200 200
# oac_ind
 0.07 0.2 0.115 0.11 0.105 0.075 0.065 0.04 0.03 0.05 0.01 0.13
 0.04 0.15 0.145 0.115 0.1 0.09 0.08 0.055 0.05 0.04 0.01 0.125
 0.065 0.145 0.13 0.125 0.11 0.075 0.075 0.045 0.045 0.035 0.015 0.135
 0.07 0.15 0.09 0.18 0.095 0.105 0.07 0.06 0.03 0.015 0.015 0.12
 0.045 0.16 0.16 0.095 0.095 0.08 0.075 0.05 0.065 0.04 0.03 0.105
 0.06 0.15 0.135 0.145 0.11 0.035 0.075 0.045 0.03 0.06 0.05 0.105
 0.045 0.145 0.15 0.13 0.115 0.085 0.065 0.05 0.04 0.03 0.01 0.135
 0.05 0.155 0.11 0.145 0.14 0.1 0.035 0.04 0.065 0.015 0.02 0.125
 0.085 0.23 0.15 0.08 0.105 0.085 0.05 0.045 0.04 0.02 0.02 0.09
 0.155 0.18 0.165 0.095 0.045 0.075 0.055 0.06 0.035 0.02 0.015 0.1
 0.065 0.215 0.21 0.095 0.08 0.09 0.03 0.025 0.05 0.025 0.035 0.08
 0.075 0.165 0.19 0.15 0.11 0.045 0.04 0.03 0.045 0.02 0.015 0.115
 0.06 0.175 0.145 0.245 0.09 0.07 0.06 0.005 0.015 0.04 0.02 0.075
 0.06 0.155 0.155 0.115 0.17 0.12 0.08 0.02 0.02 0.01 0.005 0.09
 0.125 0.15 0.165 0.16 0.1 0.09 0.06 0.04 0.02 0.015 0.015 0.06
 0.02 0.24 0.155 0.17 0.08 0.065 0.075 0.07 0.04 0.03 0.005 0.05
 0.08 0.135 0.255 0.15 0.09 0.06 0.06 0.05 0.04 0.03 0.02 0.03
 0.08 0.23 0.15 0.2 0.1 0.085 0.04 0.025 0.03 0.01 0.02 0.03
 0.105 0.175 0.155 0.11 0.215 0.07 0.05 0.03 0.02 0.03 0.02 0.02
 0.085 0.275 0.185 0.165 0.08 0.075 0.03 0.015 0.01 0.015 0.025 0.04
 0.085 0.165 0.245 0.125 0.13 0.04 0.07 0.035 0.015 0.025 0.02 0.045
 0.12 0.24 0.185 0.145 0.08 0.08 0.045 0.04 0.025 0.01 0.005 0.025
 0.085 0.29 0.17 0.16 0.105 0.045 0.08 0.01 0.015 0.02 0 0.02
 0.08 0.245 0.25 0.15 0.105 0.06 0.015 0.03 0.025 0.01 0.005 0.025
 0.18 0.195 0.24 0.205 0.08 0.015 0.01 0.015 0.03 0.005 0.02 0.005
 0.13 0.325 0.125 0.195 0.115 0.025 0.025 0.025 0 0.01 0.015 0.01
 0.115 0.265 0.32 0.15 0.06 0.035 0.03 0 0.005 0.005 0.005 0.01
 0.185 0.24 0.27 0.14 0.055 0.055 0.02 0.02 0 0 0.01 0.005
 0.13 0.295 0.16 0.185 0.13 0.02 0.035 0.02 0.005 0 0.01 0.01
 0.115 0.27 0.255 0.13 0.09 0.07 0.02 0.015 0.02 0.01 0.005 0
# olc_ind

# obs_lse_ind
 0.198042 0.198042 0.198042 0.198042 0.198042 0.198042 0.198042 0.198042 0.198042 0.198042 0.198042 0.198042 0.198042 0.198042 0.198042 0.198042 0.198042 0.198042 0.198042 0.198042 0.198042 0.198042 0.198042 0.198042 0.198042 0.198042 0.198042 0.198042 0.198042 0.198042
# xages_fsh
 0 0 0 0 0 0 0 0 0 0 0 0
# xages_fsh
 0 0.0909091 0.181818 0.272727 0.363636 0.454545 0.545455 0.636364 0.727273 0.818182 0.909091 1
# xnodes_fsh

Yrs fsh_sel change:  1 0 0 0 0 0 0 0 0 0 0 0 0 0 0 0 0 0 0 0 0 0 0 0 0 0 0 0 0
Yrs ind_sel change:  1 0 0 0 0 0 0 0 0 0 0 0 0 0 0 0 0 0 0 0 0 0 0 0 0 0 0 0 0
# steepnessprior
0.75
# sigmarprior
0.2
#  SSB estimated in styr endyr: -13 28 
#  Rec estimated in styr endyr: -11 30 
#  SR Curve fit  in styr endyr: 1 30 
#             Model styr endyr: 1 30 
# qprior
 3.48998e-007
# q_power_prior 
 1 
# cv_catchbiomass 
0.05 
# CatchbiomassPen 
200 
# Number of projection years 
5 
# offset_fsh
 13348.5
# offset_ind
 13048.9
Mean Catch
1289.58
R_guess 
15.4222
# nfsh
1
# n_sel_ch_fsh
 1
# nselages_fsh
 11
# phase_selcoff_fsh
 -1
logRzero 15.4222
logmeanrec 15.4222
exp(log_sigmarprior 0.2
Fish sel phase: -1 FLEET1
Fixing fishery sel to
1
Srvy sel phase: -1
Fixing SURVEY1 indices sel to
1
# logsel_slp_in_indv
 0.693147
Leaving parameter init secton
# M
 0.2 0.2 0.2 0.2 0.2 0.2 0.2 0.2 0.2 0.2 0.2 0.2
 0.2 0.2 0.2 0.2 0.2 0.2 0.2 0.2 0.2 0.2 0.2 0.2
 0.2 0.2 0.2 0.2 0.2 0.2 0.2 0.2 0.2 0.2 0.2 0.2
 0.2 0.2 0.2 0.2 0.2 0.2 0.2 0.2 0.2 0.2 0.2 0.2
 0.2 0.2 0.2 0.2 0.2 0.2 0.2 0.2 0.2 0.2 0.2 0.2
 0.2 0.2 0.2 0.2 0.2 0.2 0.2 0.2 0.2 0.2 0.2 0.2
 0.2 0.2 0.2 0.2 0.2 0.2 0.2 0.2 0.2 0.2 0.2 0.2
 0.2 0.2 0.2 0.2 0.2 0.2 0.2 0.2 0.2 0.2 0.2 0.2
 0.2 0.2 0.2 0.2 0.2 0.2 0.2 0.2 0.2 0.2 0.2 0.2
 0.2 0.2 0.2 0.2 0.2 0.2 0.2 0.2 0.2 0.2 0.2 0.2
 0.2 0.2 0.2 0.2 0.2 0.2 0.2 0.2 0.2 0.2 0.2 0.2
 0.2 0.2 0.2 0.2 0.2 0.2 0.2 0.2 0.2 0.2 0.2 0.2
 0.2 0.2 0.2 0.2 0.2 0.2 0.2 0.2 0.2 0.2 0.2 0.2
 0.2 0.2 0.2 0.2 0.2 0.2 0.2 0.2 0.2 0.2 0.2 0.2
 0.2 0.2 0.2 0.2 0.2 0.2 0.2 0.2 0.2 0.2 0.2 0.2
 0.2 0.2 0.2 0.2 0.2 0.2 0.2 0.2 0.2 0.2 0.2 0.2
 0.2 0.2 0.2 0.2 0.2 0.2 0.2 0.2 0.2 0.2 0.2 0.2
 0.2 0.2 0.2 0.2 0.2 0.2 0.2 0.2 0.2 0.2 0.2 0.2
 0.2 0.2 0.2 0.2 0.2 0.2 0.2 0.2 0.2 0.2 0.2 0.2
 0.2 0.2 0.2 0.2 0.2 0.2 0.2 0.2 0.2 0.2 0.2 0.2
 0.2 0.2 0.2 0.2 0.2 0.2 0.2 0.2 0.2 0.2 0.2 0.2
 0.2 0.2 0.2 0.2 0.2 0.2 0.2 0.2 0.2 0.2 0.2 0.2
 0.2 0.2 0.2 0.2 0.2 0.2 0.2 0.2 0.2 0.2 0.2 0.2
 0.2 0.2 0.2 0.2 0.2 0.2 0.2 0.2 0.2 0.2 0.2 0.2
 0.2 0.2 0.2 0.2 0.2 0.2 0.2 0.2 0.2 0.2 0.2 0.2
 0.2 0.2 0.2 0.2 0.2 0.2 0.2 0.2 0.2 0.2 0.2 0.2
 0.2 0.2 0.2 0.2 0.2 0.2 0.2 0.2 0.2 0.2 0.2 0.2
 0.2 0.2 0.2 0.2 0.2 0.2 0.2 0.2 0.2 0.2 0.2 0.2
 0.2 0.2 0.2 0.2 0.2 0.2 0.2 0.2 0.2 0.2 0.2 0.2
 0.2 0.2 0.2 0.2 0.2 0.2 0.2 0.2 0.2 0.2 0.2 0.2
# mean_log_rec
13.8145
# log_Rzero
13.8241
# rec_dev
 0.0375129 0.0461901 -0.136515 -0.0448913 0.00840034 -0.119438 -0.024741 0.0270889 0.0936388 -0.0580296 -0.0156044 0.0954713 0.0905327 -0.0790506 0.0871332 0.144877 -0.0858251 -0.355203 -0.14738 0.0916224 0.124493 0.306546 -0.0789023 -0.214593 -0.0484599 -0.0998357 0.278496 -0.401178 0.0459599 -0.376091 -0.0858815 -0.326691 -0.286234 0.0219269 -0.194091 -0.455306 0.0328494 -0.0973038 -0.404545 -0.107793 -0.366731 -0.292685
# fmort
 0.00885495 0.025497 0.0420035 0.0576939 0.0455566 0.0829284 0.0846322 0.176675 0.103384 0.126028 0.144437 0.153826 0.111486 0.161282 0.17302 0.153996 0.303525 0.244786 0.243603 0.241538 0.335115 0.24195 0.404959 0.332492 0.336123 0.317581 0.323395 0.474178 0.378486 0.604018
# rec_dev_future
 0 0 0 0 0
