AMAK;Mar 2020
# styr
1
# endyr
30
# rec_age
1
# oldest_age
12
# nlength
81
# len_bins
 10 11 12 13 14 15 16 17 18 19 20 21 22 23 24 25 26 27 28 29 30 31 32 33 34 35 36 37 38 39 40 41 42 43 44 45 46 47 48 49 50 51 52 53 54 55 56 57 58 59 60 61 62 63 64 65 66 67 68 69 70 71 72 73 74 75 76 77 78 79 80 81 82 83 84 85 86 87 88 89 90
# datafile_name
amak_data.dat
# model_name
AMAK_MCP
# styr
1
# endyr
30
# rec_age
1
# oldest_age
12
# nfsh
1
# fshname
FLEET1
# catch_bio_in
 160.64 461.276 738.294 963.313 730.568 1261.43 1193.86 2297.98 1201.84 1349.12 1421.01 1404.48 952.175 1338.57 1352.41 1160.3 2037.34 1456.14 1340.43 1242.89 1565.7 1037.18 1532.68 1147.45 1112.61 1026.34 1036.47 1425.95 1039.71 1445.9
# catch_bio_sd_in
 0.01 0.01 0.01 0.01 0.01 0.01 0.01 0.01 0.01 0.01 0.01 0.01 0.01 0.01 0.01 0.01 0.01 0.01 0.01 0.01 0.01 0.01 0.01 0.01 0.01 0.01 0.01 0.01 0.01 0.01
# nyrs_fsh_age
 30
# nyrs_fsh_length
 0
# yrs_fsh_age_in
 1 2 3 4 5 6 7 8 9 10 11 12 13 14 15 16 17 18 19 20 21 22 23 24 25 26 27 28 29 30
# yrs_fsh_length_in

# n_sample_fsh_length_in

# olc_fsh_in

# nind
1
# indname
SURVEY1
# nyrs_ind
 30
# yrs_ind_in
 1 2 3 4 5 6 7 8 9 10 11 12 13 14 15 16 17 18 19 20 21 22 23 24 25 26 27 28 29 30
# mo_ind
 1
# obs_ind_in
 1.59142 1.4562 1.54295 1.6092 1.663 1.25574 1.02042 1.32677 1.09675 1.05882 0.91575 1.17741 1.13491 1.15667 0.973407 0.844833 0.782988 0.727762 0.84729 0.932329 0.697116 0.637545 0.679889 0.606357 0.759025 0.80279 0.642178 0.649576 0.71352 0.586331
# obs_se_ind_in
 0.318283 0.291241 0.308589 0.321839 0.3326 0.251148 0.204084 0.265353 0.219351 0.211764 0.18315 0.235481 0.226981 0.231334 0.194681 0.168967 0.156598 0.145552 0.169458 0.186466 0.139423 0.127509 0.135978 0.121271 0.151805 0.160558 0.128436 0.129915 0.142704 0.117266
# nyrs_ind_age
 30
# nyrs_ind_length
 0
# yrs_ind_age_in
 1 2 3 4 5 6 7 8 9 10 11 12 13 14 15 16 17 18 19 20 21 22 23 24 25 26 27 28 29 30
# yrs_ind_length_in

# yrs_ind_age_in
 1 2 3 4 5 6 7 8 9 10 11 12 13 14 15 16 17 18 19 20 21 22 23 24 25 26 27 28 29 30
# n_sample_ind_length_in

# olc_ind_in

# oac_ind_in
 0.06 0.135 0.105 0.135 0.085 0.09 0.045 0.105 0.045 0.025 0.02 0.15
 0.075 0.115 0.11 0.16 0.1 0.085 0.065 0.03 0.04 0.03 0.03 0.16
 0.05 0.115 0.175 0.105 0.105 0.11 0.055 0.075 0.03 0.02 0.04 0.12
 0.04 0.105 0.135 0.135 0.105 0.135 0.055 0.065 0.03 0.035 0.035 0.125
 0.055 0.12 0.115 0.125 0.145 0.095 0.05 0.035 0.075 0.02 0.03 0.135
 0.07 0.14 0.11 0.08 0.135 0.065 0.07 0.06 0.07 0.03 0.03 0.14
 0.045 0.15 0.215 0.12 0.065 0.105 0.055 0.035 0.04 0.03 0.035 0.105
 0.05 0.195 0.13 0.155 0.115 0.065 0.04 0.03 0.045 0.045 0.03 0.1
 0.045 0.2 0.13 0.14 0.185 0.065 0.05 0.065 0.02 0.01 0.005 0.085
 0.115 0.13 0.2 0.12 0.09 0.085 0.06 0.04 0.03 0.035 0.015 0.08
 0.075 0.15 0.135 0.125 0.09 0.08 0.08 0.045 0.025 0.04 0.05 0.105
 0.075 0.17 0.17 0.105 0.135 0.09 0.02 0.025 0.04 0.03 0.025 0.115
 0.1 0.19 0.14 0.175 0.11 0.05 0.05 0.035 0.04 0.02 0.01 0.08
 0.1 0.24 0.18 0.085 0.13 0.05 0.045 0.035 0.01 0.045 0.015 0.065
 0.075 0.21 0.22 0.13 0.105 0.08 0.075 0.01 0.025 0.015 0.01 0.045
 0.105 0.175 0.12 0.145 0.13 0.105 0.045 0.025 0.04 0.02 0.02 0.07
 0.09 0.21 0.18 0.08 0.125 0.115 0.045 0.04 0.015 0.02 0 0.08
 0.115 0.155 0.255 0.145 0.07 0.08 0.08 0.03 0.04 0 0.01 0.02
 0.125 0.27 0.19 0.14 0.09 0.05 0.055 0.015 0.015 0.005 0.03 0.015
 0.095 0.205 0.195 0.145 0.1 0.065 0.04 0.045 0.055 0.005 0.03 0.02
 0.05 0.27 0.145 0.2 0.13 0.08 0.03 0.025 0.015 0.015 0 0.04
 0.115 0.165 0.24 0.16 0.065 0.085 0.04 0.04 0.02 0.015 0.02 0.035
 0.14 0.32 0.135 0.1 0.135 0.05 0.045 0.025 0.01 0.01 0.01 0.02
 0.155 0.23 0.255 0.1 0.08 0.085 0.03 0.015 0.015 0.01 0 0.025
 0.095 0.315 0.2 0.2 0.06 0.035 0.03 0.025 0.02 0.005 0.005 0.01
 0.155 0.26 0.275 0.11 0.07 0.035 0.02 0.025 0.01 0.015 0.015 0.01
 0.14 0.265 0.235 0.205 0.05 0.035 0.025 0.015 0.01 0.005 0.005 0.01
 0.105 0.235 0.245 0.13 0.14 0.06 0.035 0.015 0.025 0.005 0 0.005
 0.14 0.205 0.225 0.2 0.07 0.08 0.025 0.015 0.01 0.01 0.01 0.01
 0.095 0.265 0.245 0.19 0.085 0.04 0.045 0.01 0.015 0 0.005 0.005
# wt_ind
 1 1 1 1 1 1 1 1 1 1 1 1
 1 1 1 1 1 1 1 1 1 1 1 1
 1 1 1 1 1 1 1 1 1 1 1 1
 1 1 1 1 1 1 1 1 1 1 1 1
 1 1 1 1 1 1 1 1 1 1 1 1
 1 1 1 1 1 1 1 1 1 1 1 1
 1 1 1 1 1 1 1 1 1 1 1 1
 1 1 1 1 1 1 1 1 1 1 1 1
 1 1 1 1 1 1 1 1 1 1 1 1
 1 1 1 1 1 1 1 1 1 1 1 1
 1 1 1 1 1 1 1 1 1 1 1 1
 1 1 1 1 1 1 1 1 1 1 1 1
 1 1 1 1 1 1 1 1 1 1 1 1
 1 1 1 1 1 1 1 1 1 1 1 1
 1 1 1 1 1 1 1 1 1 1 1 1
 1 1 1 1 1 1 1 1 1 1 1 1
 1 1 1 1 1 1 1 1 1 1 1 1
 1 1 1 1 1 1 1 1 1 1 1 1
 1 1 1 1 1 1 1 1 1 1 1 1
 1 1 1 1 1 1 1 1 1 1 1 1
 1 1 1 1 1 1 1 1 1 1 1 1
 1 1 1 1 1 1 1 1 1 1 1 1
 1 1 1 1 1 1 1 1 1 1 1 1
 1 1 1 1 1 1 1 1 1 1 1 1
 1 1 1 1 1 1 1 1 1 1 1 1
 1 1 1 1 1 1 1 1 1 1 1 1
 1 1 1 1 1 1 1 1 1 1 1 1
 1 1 1 1 1 1 1 1 1 1 1 1
 1 1 1 1 1 1 1 1 1 1 1 1
 1 1 1 1 1 1 1 1 1 1 1 1
# wt_pop
 0.000530656 0.00119633 0.00205827 0.00303499 0.00405521 0.0050647 0.00602623 0.00691692 0.00772489 0.00844611 0.00908185 0.0096367
# maturity
 0.0229774 0.320821 0.904651 0.99478 0.999739 0.999987 0.999999 1 1 1 1 1
# spawnmo
1
# age_err
 1 0 0 0 0 0 0 0 0 0 0 0
 0 1 0 0 0 0 0 0 0 0 0 0
 0 0 1 0 0 0 0 0 0 0 0 0
 0 0 0 1 0 0 0 0 0 0 0 0
 0 0 0 0 1 0 0 0 0 0 0 0
 0 0 0 0 0 1 0 0 0 0 0 0
 0 0 0 0 0 0 1 0 0 0 0 0
 0 0 0 0 0 0 0 1 0 0 0 0
 0 0 0 0 0 0 0 0 1 0 0 0
 0 0 0 0 0 0 0 0 0 1 0 0
 0 0 0 0 0 0 0 0 0 0 1 0
 0 0 0 0 0 0 0 0 0 0 0 1
# cntrlfile_name
C:\Users\bai.li\DOCUME~1\Github\AGE_ST~1\ASSAMC\example\output\AMAK\s65\amak.dat
# Map shared selectivity: 
# sel_map
 1 2
 1 1
# datafile_name
amak_data.dat
# model_name
AMAK_MCP
# SrType
2
# use_age_err
0
# retro
0
# sigmarprior
0.2
# cvsigmarprior
0.25
# phase_sigmar
-3
# styr_rec_est
1
# endyr_rec_est
30
# Linfprior
80
# cvLinfprior
0.25
# kprior
0.18
# cvkprior
0.25
# Loprior
27.688
# cvLoprior
0.25
# sdageprior
0.1
# cvsdageprior
0.25
# natmortprior
0.2
# cvnatmortprior
0.25
# phase_M
-4
# npars_Mage
0
# ages_M_changes

# Mage_in

# Mage_offset_in

# phase_Mage
-5
# phase_rw_M
0
# npars_rw_M
0
# yrs_rw_M

# sigma_rw_M

# qprior
 3.48998e-007
# cvqprior
 1
# phase_q
 1
# q_power_prior
 1
# cvq_power_prior
 0.2
# phase_q_power
 -4
# phase_rw_q
 -1
# npars_rw_q
 0
# yrs_rw_q

# sigma_rw_q

# q_age_min
 1
# q_age_max
 12
# q_age_min
 1
# q_age_max
 12
# fsh_sel_opt(k)
2
# phase_sel_fsh(k)
2
# n_sel_ch_fsh(k)
1
# sel_slp_in_fsh(k)(1,n_sel_ch_fsh(k))
 1
# sel_inf_in_fsh(k)(1,n_sel_ch_fsh(k))
 2
# logsel_slp_in_fsh(k)(1,n_sel_ch_fsh(k))
 0
# yrs_sel_ch_fsh(k)(1,n_sel_ch_fsh(k))
 1

Survey SURVEY1
# ind_sel_opt(k)
2
# indname(k)
SURVEY1
# nselages_in_ind(k)
11
# phase_sel_ind(k)
2
# sel_change_in_ind(k)
 1 0 0 0 0 0 0 0 0 0 0 0 0 0 0 0 0 0 0 0 0 0 0 0 0 0 0 0 0 0
# n_sel_ch_ind(k)
1
# yrs_sel_ch_ind(k)(1,n_sel_ch_ind(k))
 1
# sel_slp_in_ind(k,1)
2
# sel_inf_in_ind(k,1)
1.5
# logsel_slp_in_ind(k,1)
0.693147
# logsel_slp_in_indv(k)
0.693147
SURVEY1 ind sel opt 2  1 0 0 0 0 0 0 0 0 0 0 0 0 0 0 0 0 0 0 0 0 0 0 0 0 0 0 0 0 0
Phase indices Sel_Coffs:  -1
 Test: 1.23457e+008
# Fshry Selages:  11
# Srvy  Selages:  11
# Phase for age-spec fishery  -1
# Phase for logistic fishery  2
# Phase for dble logistic fishery  -1
# Phase for age-spec indices   -1
# Phase for logistic indices   2
# Phase for dble logistic ind  -1
# Curv_pen_fsh: 
 0
# Curv_pen_ind: 
 0
# styr_fut
31
# endyr_fut
35
# nyrs_fsh_age
 30
# nyrs_fsh_age
 30
# yrs_fsh_age
 1 2 3 4 5 6 7 8 9 10 11 12 13 14 15 16 17 18 19 20 21 22 23 24 25 26 27 28 29 30
# n_sample_fsh_age
 200 200 200 200 200 200 200 200 200 200 200 200 200 200 200 200 200 200 200 200 200 200 200 200 200 200 200 200 200 200
# oac_fsh
 0.085 0.06 0.145 0.145 0.115 0.09 0.07 0.05 0.055 0.03 0.05 0.105
 0.07 0.12 0.135 0.095 0.09 0.075 0.085 0.055 0.03 0.015 0.025 0.205
 0.05 0.12 0.17 0.095 0.135 0.105 0.055 0.075 0.02 0.04 0.015 0.12
 0.07 0.075 0.16 0.115 0.105 0.095 0.055 0.055 0.035 0.045 0.035 0.155
 0.065 0.1 0.075 0.125 0.115 0.09 0.12 0.04 0.065 0.03 0.045 0.13
 0.06 0.105 0.13 0.105 0.115 0.11 0.05 0.055 0.05 0.035 0.025 0.16
 0.08 0.085 0.18 0.115 0.115 0.055 0.045 0.065 0.03 0.04 0.03 0.16
 0.09 0.115 0.105 0.155 0.085 0.09 0.055 0.06 0.045 0.035 0.025 0.14
 0.055 0.14 0.14 0.135 0.145 0.065 0.045 0.045 0.03 0.04 0.03 0.13
 0.095 0.09 0.13 0.145 0.09 0.11 0.05 0.03 0.055 0.05 0.03 0.125
 0.07 0.21 0.115 0.135 0.06 0.08 0.07 0.065 0.035 0.035 0.02 0.105
 0.12 0.125 0.145 0.095 0.155 0.095 0.06 0.06 0.035 0.015 0.015 0.08
 0.185 0.14 0.145 0.19 0.05 0.055 0.055 0.035 0.025 0.02 0.04 0.06
 0.115 0.175 0.15 0.115 0.105 0.06 0.08 0.06 0.015 0.04 0.03 0.055
 0.14 0.15 0.16 0.165 0.07 0.08 0.02 0.07 0.045 0.02 0.035 0.045
 0.075 0.125 0.155 0.18 0.135 0.09 0.065 0.03 0.045 0.015 0.015 0.07
 0.095 0.095 0.165 0.145 0.14 0.12 0.06 0.055 0.03 0.035 0.035 0.025
 0.105 0.15 0.17 0.175 0.09 0.11 0.055 0.045 0.02 0.01 0.03 0.04
 0.06 0.175 0.185 0.15 0.14 0.06 0.09 0.045 0.02 0.02 0.005 0.05
 0.145 0.18 0.205 0.16 0.085 0.045 0.05 0.05 0.04 0.005 0.005 0.03
 0.075 0.2 0.185 0.22 0.08 0.06 0.06 0.025 0.03 0.03 0.005 0.03
 0.155 0.16 0.225 0.105 0.15 0.06 0.035 0.045 0.03 0 0.005 0.03
 0.19 0.285 0.11 0.175 0.095 0.065 0.02 0.03 0 0.01 0.01 0.01
 0.18 0.185 0.27 0.075 0.12 0.04 0.045 0.01 0.03 0.005 0.01 0.03
 0.105 0.26 0.21 0.175 0.065 0.035 0.05 0.055 0.025 0 0 0.02
 0.22 0.185 0.27 0.095 0.125 0.03 0.015 0.015 0.015 0 0.015 0.015
 0.155 0.245 0.15 0.175 0.09 0.075 0.045 0.035 0.015 0 0.005 0.01
 0.11 0.22 0.25 0.155 0.09 0.075 0.065 0.01 0 0 0.01 0.015
 0.13 0.23 0.23 0.185 0.075 0.065 0.055 0.01 0.01 0 0.005 0.005
 0.095 0.17 0.22 0.19 0.135 0.07 0.055 0.025 0.025 0.01 0 0.005
# olc_fsh

# wt_fsh
 0.000530656 0.00119633 0.00205827 0.00303499 0.00405521 0.0050647 0.00602623 0.00691692 0.00772489 0.00844611 0.00908185 0.0096367
 0.000530656 0.00119633 0.00205827 0.00303499 0.00405521 0.0050647 0.00602623 0.00691692 0.00772489 0.00844611 0.00908185 0.0096367
 0.000530656 0.00119633 0.00205827 0.00303499 0.00405521 0.0050647 0.00602623 0.00691692 0.00772489 0.00844611 0.00908185 0.0096367
 0.000530656 0.00119633 0.00205827 0.00303499 0.00405521 0.0050647 0.00602623 0.00691692 0.00772489 0.00844611 0.00908185 0.0096367
 0.000530656 0.00119633 0.00205827 0.00303499 0.00405521 0.0050647 0.00602623 0.00691692 0.00772489 0.00844611 0.00908185 0.0096367
 0.000530656 0.00119633 0.00205827 0.00303499 0.00405521 0.0050647 0.00602623 0.00691692 0.00772489 0.00844611 0.00908185 0.0096367
 0.000530656 0.00119633 0.00205827 0.00303499 0.00405521 0.0050647 0.00602623 0.00691692 0.00772489 0.00844611 0.00908185 0.0096367
 0.000530656 0.00119633 0.00205827 0.00303499 0.00405521 0.0050647 0.00602623 0.00691692 0.00772489 0.00844611 0.00908185 0.0096367
 0.000530656 0.00119633 0.00205827 0.00303499 0.00405521 0.0050647 0.00602623 0.00691692 0.00772489 0.00844611 0.00908185 0.0096367
 0.000530656 0.00119633 0.00205827 0.00303499 0.00405521 0.0050647 0.00602623 0.00691692 0.00772489 0.00844611 0.00908185 0.0096367
 0.000530656 0.00119633 0.00205827 0.00303499 0.00405521 0.0050647 0.00602623 0.00691692 0.00772489 0.00844611 0.00908185 0.0096367
 0.000530656 0.00119633 0.00205827 0.00303499 0.00405521 0.0050647 0.00602623 0.00691692 0.00772489 0.00844611 0.00908185 0.0096367
 0.000530656 0.00119633 0.00205827 0.00303499 0.00405521 0.0050647 0.00602623 0.00691692 0.00772489 0.00844611 0.00908185 0.0096367
 0.000530656 0.00119633 0.00205827 0.00303499 0.00405521 0.0050647 0.00602623 0.00691692 0.00772489 0.00844611 0.00908185 0.0096367
 0.000530656 0.00119633 0.00205827 0.00303499 0.00405521 0.0050647 0.00602623 0.00691692 0.00772489 0.00844611 0.00908185 0.0096367
 0.000530656 0.00119633 0.00205827 0.00303499 0.00405521 0.0050647 0.00602623 0.00691692 0.00772489 0.00844611 0.00908185 0.0096367
 0.000530656 0.00119633 0.00205827 0.00303499 0.00405521 0.0050647 0.00602623 0.00691692 0.00772489 0.00844611 0.00908185 0.0096367
 0.000530656 0.00119633 0.00205827 0.00303499 0.00405521 0.0050647 0.00602623 0.00691692 0.00772489 0.00844611 0.00908185 0.0096367
 0.000530656 0.00119633 0.00205827 0.00303499 0.00405521 0.0050647 0.00602623 0.00691692 0.00772489 0.00844611 0.00908185 0.0096367
 0.000530656 0.00119633 0.00205827 0.00303499 0.00405521 0.0050647 0.00602623 0.00691692 0.00772489 0.00844611 0.00908185 0.0096367
 0.000530656 0.00119633 0.00205827 0.00303499 0.00405521 0.0050647 0.00602623 0.00691692 0.00772489 0.00844611 0.00908185 0.0096367
 0.000530656 0.00119633 0.00205827 0.00303499 0.00405521 0.0050647 0.00602623 0.00691692 0.00772489 0.00844611 0.00908185 0.0096367
 0.000530656 0.00119633 0.00205827 0.00303499 0.00405521 0.0050647 0.00602623 0.00691692 0.00772489 0.00844611 0.00908185 0.0096367
 0.000530656 0.00119633 0.00205827 0.00303499 0.00405521 0.0050647 0.00602623 0.00691692 0.00772489 0.00844611 0.00908185 0.0096367
 0.000530656 0.00119633 0.00205827 0.00303499 0.00405521 0.0050647 0.00602623 0.00691692 0.00772489 0.00844611 0.00908185 0.0096367
 0.000530656 0.00119633 0.00205827 0.00303499 0.00405521 0.0050647 0.00602623 0.00691692 0.00772489 0.00844611 0.00908185 0.0096367
 0.000530656 0.00119633 0.00205827 0.00303499 0.00405521 0.0050647 0.00602623 0.00691692 0.00772489 0.00844611 0.00908185 0.0096367
 0.000530656 0.00119633 0.00205827 0.00303499 0.00405521 0.0050647 0.00602623 0.00691692 0.00772489 0.00844611 0.00908185 0.0096367
 0.000530656 0.00119633 0.00205827 0.00303499 0.00405521 0.0050647 0.00602623 0.00691692 0.00772489 0.00844611 0.00908185 0.0096367
 0.000530656 0.00119633 0.00205827 0.00303499 0.00405521 0.0050647 0.00602623 0.00691692 0.00772489 0.00844611 0.00908185 0.0096367
# nyrs_ind_age
 30
# yrs_ind_age
 1 2 3 4 5 6 7 8 9 10 11 12 13 14 15 16 17 18 19 20 21 22 23 24 25 26 27 28 29 30
# n_sample_ind_age
 200 200 200 200 200 200 200 200 200 200 200 200 200 200 200 200 200 200 200 200 200 200 200 200 200 200 200 200 200 200
# oac_ind
 0.06 0.135 0.105 0.135 0.085 0.09 0.045 0.105 0.045 0.025 0.02 0.15
 0.075 0.115 0.11 0.16 0.1 0.085 0.065 0.03 0.04 0.03 0.03 0.16
 0.05 0.115 0.175 0.105 0.105 0.11 0.055 0.075 0.03 0.02 0.04 0.12
 0.04 0.105 0.135 0.135 0.105 0.135 0.055 0.065 0.03 0.035 0.035 0.125
 0.055 0.12 0.115 0.125 0.145 0.095 0.05 0.035 0.075 0.02 0.03 0.135
 0.07 0.14 0.11 0.08 0.135 0.065 0.07 0.06 0.07 0.03 0.03 0.14
 0.045 0.15 0.215 0.12 0.065 0.105 0.055 0.035 0.04 0.03 0.035 0.105
 0.05 0.195 0.13 0.155 0.115 0.065 0.04 0.03 0.045 0.045 0.03 0.1
 0.045 0.2 0.13 0.14 0.185 0.065 0.05 0.065 0.02 0.01 0.005 0.085
 0.115 0.13 0.2 0.12 0.09 0.085 0.06 0.04 0.03 0.035 0.015 0.08
 0.075 0.15 0.135 0.125 0.09 0.08 0.08 0.045 0.025 0.04 0.05 0.105
 0.075 0.17 0.17 0.105 0.135 0.09 0.02 0.025 0.04 0.03 0.025 0.115
 0.1 0.19 0.14 0.175 0.11 0.05 0.05 0.035 0.04 0.02 0.01 0.08
 0.1 0.24 0.18 0.085 0.13 0.05 0.045 0.035 0.01 0.045 0.015 0.065
 0.075 0.21 0.22 0.13 0.105 0.08 0.075 0.01 0.025 0.015 0.01 0.045
 0.105 0.175 0.12 0.145 0.13 0.105 0.045 0.025 0.04 0.02 0.02 0.07
 0.09 0.21 0.18 0.08 0.125 0.115 0.045 0.04 0.015 0.02 0 0.08
 0.115 0.155 0.255 0.145 0.07 0.08 0.08 0.03 0.04 0 0.01 0.02
 0.125 0.27 0.19 0.14 0.09 0.05 0.055 0.015 0.015 0.005 0.03 0.015
 0.095 0.205 0.195 0.145 0.1 0.065 0.04 0.045 0.055 0.005 0.03 0.02
 0.05 0.27 0.145 0.2 0.13 0.08 0.03 0.025 0.015 0.015 0 0.04
 0.115 0.165 0.24 0.16 0.065 0.085 0.04 0.04 0.02 0.015 0.02 0.035
 0.14 0.32 0.135 0.1 0.135 0.05 0.045 0.025 0.01 0.01 0.01 0.02
 0.155 0.23 0.255 0.1 0.08 0.085 0.03 0.015 0.015 0.01 0 0.025
 0.095 0.315 0.2 0.2 0.06 0.035 0.03 0.025 0.02 0.005 0.005 0.01
 0.155 0.26 0.275 0.11 0.07 0.035 0.02 0.025 0.01 0.015 0.015 0.01
 0.14 0.265 0.235 0.205 0.05 0.035 0.025 0.015 0.01 0.005 0.005 0.01
 0.105 0.235 0.245 0.13 0.14 0.06 0.035 0.015 0.025 0.005 0 0.005
 0.14 0.205 0.225 0.2 0.07 0.08 0.025 0.015 0.01 0.01 0.01 0.01
 0.095 0.265 0.245 0.19 0.085 0.04 0.045 0.01 0.015 0 0.005 0.005
# olc_ind

# obs_lse_ind
 0.198042 0.198042 0.198042 0.198042 0.198042 0.198042 0.198042 0.198042 0.198042 0.198042 0.198042 0.198042 0.198042 0.198042 0.198042 0.198042 0.198042 0.198042 0.198042 0.198042 0.198042 0.198042 0.198042 0.198042 0.198042 0.198042 0.198042 0.198042 0.198042 0.198042
# xages_fsh
 0 0 0 0 0 0 0 0 0 0 0 0
# xages_fsh
 0 0.0909091 0.181818 0.272727 0.363636 0.454545 0.545455 0.636364 0.727273 0.818182 0.909091 1
# xnodes_fsh

Yrs fsh_sel change:  1 0 0 0 0 0 0 0 0 0 0 0 0 0 0 0 0 0 0 0 0 0 0 0 0 0 0 0 0
Yrs ind_sel change:  1 0 0 0 0 0 0 0 0 0 0 0 0 0 0 0 0 0 0 0 0 0 0 0 0 0 0 0 0
# steepnessprior
0.75
# sigmarprior
0.2
#  SSB estimated in styr endyr: -13 28 
#  Rec estimated in styr endyr: -11 30 
#  SR Curve fit  in styr endyr: 1 30 
#             Model styr endyr: 1 30 
# qprior
 3.48998e-007
# q_power_prior 
 1 
# cv_catchbiomass 
0.05 
# CatchbiomassPen 
200 
# Number of projection years 
5 
# offset_fsh
 13381.7
# offset_ind
 13112.1
Mean Catch
1214.47
R_guess 
15.3622
# nfsh
1
# n_sel_ch_fsh
 1
# nselages_fsh
 11
# phase_selcoff_fsh
 -1
logRzero 15.3622
logmeanrec 15.3622
exp(log_sigmarprior 0.2
Fish sel phase: -1 FLEET1
Fixing fishery sel to
1
Srvy sel phase: -1
Fixing SURVEY1 indices sel to
1
# logsel_slp_in_indv
 0.693147
Leaving parameter init secton
# M
 0.2 0.2 0.2 0.2 0.2 0.2 0.2 0.2 0.2 0.2 0.2 0.2
 0.2 0.2 0.2 0.2 0.2 0.2 0.2 0.2 0.2 0.2 0.2 0.2
 0.2 0.2 0.2 0.2 0.2 0.2 0.2 0.2 0.2 0.2 0.2 0.2
 0.2 0.2 0.2 0.2 0.2 0.2 0.2 0.2 0.2 0.2 0.2 0.2
 0.2 0.2 0.2 0.2 0.2 0.2 0.2 0.2 0.2 0.2 0.2 0.2
 0.2 0.2 0.2 0.2 0.2 0.2 0.2 0.2 0.2 0.2 0.2 0.2
 0.2 0.2 0.2 0.2 0.2 0.2 0.2 0.2 0.2 0.2 0.2 0.2
 0.2 0.2 0.2 0.2 0.2 0.2 0.2 0.2 0.2 0.2 0.2 0.2
 0.2 0.2 0.2 0.2 0.2 0.2 0.2 0.2 0.2 0.2 0.2 0.2
 0.2 0.2 0.2 0.2 0.2 0.2 0.2 0.2 0.2 0.2 0.2 0.2
 0.2 0.2 0.2 0.2 0.2 0.2 0.2 0.2 0.2 0.2 0.2 0.2
 0.2 0.2 0.2 0.2 0.2 0.2 0.2 0.2 0.2 0.2 0.2 0.2
 0.2 0.2 0.2 0.2 0.2 0.2 0.2 0.2 0.2 0.2 0.2 0.2
 0.2 0.2 0.2 0.2 0.2 0.2 0.2 0.2 0.2 0.2 0.2 0.2
 0.2 0.2 0.2 0.2 0.2 0.2 0.2 0.2 0.2 0.2 0.2 0.2
 0.2 0.2 0.2 0.2 0.2 0.2 0.2 0.2 0.2 0.2 0.2 0.2
 0.2 0.2 0.2 0.2 0.2 0.2 0.2 0.2 0.2 0.2 0.2 0.2
 0.2 0.2 0.2 0.2 0.2 0.2 0.2 0.2 0.2 0.2 0.2 0.2
 0.2 0.2 0.2 0.2 0.2 0.2 0.2 0.2 0.2 0.2 0.2 0.2
 0.2 0.2 0.2 0.2 0.2 0.2 0.2 0.2 0.2 0.2 0.2 0.2
 0.2 0.2 0.2 0.2 0.2 0.2 0.2 0.2 0.2 0.2 0.2 0.2
 0.2 0.2 0.2 0.2 0.2 0.2 0.2 0.2 0.2 0.2 0.2 0.2
 0.2 0.2 0.2 0.2 0.2 0.2 0.2 0.2 0.2 0.2 0.2 0.2
 0.2 0.2 0.2 0.2 0.2 0.2 0.2 0.2 0.2 0.2 0.2 0.2
 0.2 0.2 0.2 0.2 0.2 0.2 0.2 0.2 0.2 0.2 0.2 0.2
 0.2 0.2 0.2 0.2 0.2 0.2 0.2 0.2 0.2 0.2 0.2 0.2
 0.2 0.2 0.2 0.2 0.2 0.2 0.2 0.2 0.2 0.2 0.2 0.2
 0.2 0.2 0.2 0.2 0.2 0.2 0.2 0.2 0.2 0.2 0.2 0.2
 0.2 0.2 0.2 0.2 0.2 0.2 0.2 0.2 0.2 0.2 0.2 0.2
 0.2 0.2 0.2 0.2 0.2 0.2 0.2 0.2 0.2 0.2 0.2 0.2
# mean_log_rec
13.7981
# log_Rzero
13.7705
# rec_dev
 0.0303094 0.0372472 0.103862 -0.123605 -0.0789561 0.029535 -0.123546 0.0024267 0.0110755 0.030189 0.0795539 -0.0648892 0.0679031 0.0329579 -0.233622 -0.110098 0.15304 -0.170514 -0.0915341 -0.0105435 -0.377994 0.0106226 -0.234677 0.0126036 0.090367 -0.223935 -0.145726 -0.160159 -0.209159 -0.0805849 -0.260869 -0.185255 -0.587247 0.00309153 -0.213452 0.0559677 -0.271569 0.01238 -0.0941874 -0.231989 -0.274028 -0.501578
# fmort
 0.00901276 0.0262068 0.0431828 0.0589604 0.0468539 0.0854461 0.0864474 0.18487 0.108044 0.130609 0.149732 0.160951 0.114641 0.166576 0.177094 0.158909 0.307957 0.251047 0.252004 0.250316 0.349057 0.253718 0.410715 0.335386 0.331084 0.301121 0.294479 0.411867 0.311257 0.464374
# rec_dev_future
 0 0 0 0 0
