AMAK;Mar 2020
# styr
1
# endyr
30
# rec_age
1
# oldest_age
12
# nlength
81
# len_bins
 10 11 12 13 14 15 16 17 18 19 20 21 22 23 24 25 26 27 28 29 30 31 32 33 34 35 36 37 38 39 40 41 42 43 44 45 46 47 48 49 50 51 52 53 54 55 56 57 58 59 60 61 62 63 64 65 66 67 68 69 70 71 72 73 74 75 76 77 78 79 80 81 82 83 84 85 86 87 88 89 90
# datafile_name
amak_data.dat
# model_name
AMAK_MCP
# styr
1
# endyr
30
# rec_age
1
# oldest_age
12
# nfsh
1
# fshname
FLEET1
# catch_bio_in
 160.887 464.292 746.866 996.381 763.911 1348.39 1323.69 2613.05 1421.39 1659.62 1770.71 1745.72 1196.27 1636.97 1595.31 1331.57 2378.48 1694.69 1520.01 1352.64 1640.08 1093.28 1645.95 1223.89 1120.15 961.73 900.787 1166.06 846.444 1272.68
# catch_bio_sd_in
 0.01 0.01 0.01 0.01 0.01 0.01 0.01 0.01 0.01 0.01 0.01 0.01 0.01 0.01 0.01 0.01 0.01 0.01 0.01 0.01 0.01 0.01 0.01 0.01 0.01 0.01 0.01 0.01 0.01 0.01
# nyrs_fsh_age
 30
# nyrs_fsh_length
 0
# yrs_fsh_age_in
 1 2 3 4 5 6 7 8 9 10 11 12 13 14 15 16 17 18 19 20 21 22 23 24 25 26 27 28 29 30
# yrs_fsh_length_in

# n_sample_fsh_length_in

# olc_fsh_in

# nind
1
# indname
SURVEY1
# nyrs_ind
 30
# yrs_ind_in
 1 2 3 4 5 6 7 8 9 10 11 12 13 14 15 16 17 18 19 20 21 22 23 24 25 26 27 28 29 30
# mo_ind
 1
# obs_ind_in
 1.40094 1.50937 1.52326 1.51347 1.37599 1.64025 1.81993 1.54013 1.18078 1.3134 1.30644 1.31803 1.03363 1.08966 0.94636 0.888149 1.063 0.853454 0.865615 0.713278 0.645822 0.731704 0.667347 0.49403 0.44332 0.575717 0.47147 0.572023 0.494353 0.531353
# obs_se_ind_in
 0.280188 0.301875 0.304651 0.302694 0.275198 0.328049 0.363987 0.308026 0.236156 0.26268 0.261289 0.263607 0.206726 0.217931 0.189272 0.17763 0.212599 0.170691 0.173123 0.142656 0.129164 0.146341 0.133469 0.0988061 0.088664 0.115143 0.094294 0.114405 0.0988706 0.106271
# nyrs_ind_age
 30
# nyrs_ind_length
 0
# yrs_ind_age_in
 1 2 3 4 5 6 7 8 9 10 11 12 13 14 15 16 17 18 19 20 21 22 23 24 25 26 27 28 29 30
# yrs_ind_length_in

# yrs_ind_age_in
 1 2 3 4 5 6 7 8 9 10 11 12 13 14 15 16 17 18 19 20 21 22 23 24 25 26 27 28 29 30
# n_sample_ind_length_in

# olc_ind_in

# oac_ind_in
 0.035 0.15 0.16 0.115 0.085 0.085 0.065 0.06 0.045 0.025 0.03 0.145
 0.08 0.17 0.145 0.1 0.07 0.075 0.09 0.05 0.035 0.02 0.015 0.15
 0.06 0.205 0.07 0.115 0.105 0.07 0.07 0.08 0.045 0.02 0.02 0.14
 0.025 0.095 0.23 0.14 0.105 0.095 0.085 0.06 0.015 0.025 0.03 0.095
 0.11 0.095 0.165 0.19 0.065 0.07 0.045 0.055 0.035 0.02 0.03 0.12
 0.145 0.22 0.06 0.095 0.17 0.07 0.065 0.06 0.015 0.02 0.02 0.06
 0.07 0.21 0.225 0.055 0.085 0.09 0.015 0.055 0.05 0.03 0.04 0.075
 0.08 0.08 0.225 0.24 0.055 0.06 0.095 0.05 0.025 0.015 0.005 0.07
 0.06 0.165 0.12 0.19 0.18 0.045 0.04 0.025 0.015 0.05 0.025 0.085
 0.095 0.12 0.185 0.12 0.12 0.105 0.05 0.03 0.055 0.045 0 0.075
 0.06 0.255 0.175 0.155 0.08 0.11 0.03 0.02 0.015 0.03 0.01 0.06
 0.065 0.175 0.215 0.095 0.11 0.065 0.06 0.095 0.02 0.01 0.025 0.065
 0.06 0.15 0.18 0.185 0.08 0.09 0.045 0.06 0.05 0.025 0.02 0.055
 0.095 0.165 0.13 0.16 0.105 0.09 0.085 0.025 0.015 0.065 0.01 0.055
 0.045 0.215 0.18 0.09 0.125 0.085 0.025 0.085 0.02 0.045 0.03 0.055
 0.13 0.12 0.23 0.145 0.09 0.09 0.075 0.015 0.025 0.02 0.02 0.04
 0.105 0.255 0.145 0.185 0.08 0.05 0.045 0.03 0.015 0.03 0 0.06
 0.06 0.27 0.275 0.105 0.12 0.05 0.035 0.025 0.025 0.005 0.005 0.025
 0.06 0.14 0.22 0.22 0.085 0.085 0.05 0.055 0.03 0.03 0 0.025
 0.075 0.2 0.145 0.22 0.165 0.03 0.075 0.025 0.02 0.01 0.01 0.025
 0.155 0.115 0.195 0.115 0.145 0.135 0.045 0.04 0.015 0.01 0 0.03
 0.15 0.3 0.125 0.165 0.035 0.09 0.025 0.025 0.025 0.015 0.005 0.04
 0.1 0.24 0.295 0.095 0.085 0.025 0.075 0.03 0.015 0.025 0.005 0.01
 0.08 0.18 0.27 0.23 0.085 0.035 0.015 0.045 0.025 0.01 0.01 0.015
 0.165 0.15 0.195 0.19 0.155 0.025 0.025 0.02 0.045 0.025 0 0.005
 0.06 0.37 0.185 0.11 0.115 0.095 0.015 0.01 0.005 0.015 0.005 0.015
 0.06 0.22 0.345 0.135 0.085 0.08 0.04 0.005 0.01 0.015 0 0.005
 0.145 0.175 0.17 0.25 0.05 0.04 0.095 0.045 0.01 0 0.005 0.015
 0.17 0.305 0.17 0.095 0.135 0.035 0.035 0.03 0.015 0.005 0 0.005
 0.115 0.35 0.265 0.105 0.06 0.05 0.025 0.005 0.01 0.015 0 0
# wt_ind
 1 1 1 1 1 1 1 1 1 1 1 1
 1 1 1 1 1 1 1 1 1 1 1 1
 1 1 1 1 1 1 1 1 1 1 1 1
 1 1 1 1 1 1 1 1 1 1 1 1
 1 1 1 1 1 1 1 1 1 1 1 1
 1 1 1 1 1 1 1 1 1 1 1 1
 1 1 1 1 1 1 1 1 1 1 1 1
 1 1 1 1 1 1 1 1 1 1 1 1
 1 1 1 1 1 1 1 1 1 1 1 1
 1 1 1 1 1 1 1 1 1 1 1 1
 1 1 1 1 1 1 1 1 1 1 1 1
 1 1 1 1 1 1 1 1 1 1 1 1
 1 1 1 1 1 1 1 1 1 1 1 1
 1 1 1 1 1 1 1 1 1 1 1 1
 1 1 1 1 1 1 1 1 1 1 1 1
 1 1 1 1 1 1 1 1 1 1 1 1
 1 1 1 1 1 1 1 1 1 1 1 1
 1 1 1 1 1 1 1 1 1 1 1 1
 1 1 1 1 1 1 1 1 1 1 1 1
 1 1 1 1 1 1 1 1 1 1 1 1
 1 1 1 1 1 1 1 1 1 1 1 1
 1 1 1 1 1 1 1 1 1 1 1 1
 1 1 1 1 1 1 1 1 1 1 1 1
 1 1 1 1 1 1 1 1 1 1 1 1
 1 1 1 1 1 1 1 1 1 1 1 1
 1 1 1 1 1 1 1 1 1 1 1 1
 1 1 1 1 1 1 1 1 1 1 1 1
 1 1 1 1 1 1 1 1 1 1 1 1
 1 1 1 1 1 1 1 1 1 1 1 1
 1 1 1 1 1 1 1 1 1 1 1 1
# wt_pop
 0.000530656 0.00119633 0.00205827 0.00303499 0.00405521 0.0050647 0.00602623 0.00691692 0.00772489 0.00844611 0.00908185 0.0096367
# maturity
 0.0229774 0.320821 0.904651 0.99478 0.999739 0.999987 0.999999 1 1 1 1 1
# spawnmo
1
# age_err
 1 0 0 0 0 0 0 0 0 0 0 0
 0 1 0 0 0 0 0 0 0 0 0 0
 0 0 1 0 0 0 0 0 0 0 0 0
 0 0 0 1 0 0 0 0 0 0 0 0
 0 0 0 0 1 0 0 0 0 0 0 0
 0 0 0 0 0 1 0 0 0 0 0 0
 0 0 0 0 0 0 1 0 0 0 0 0
 0 0 0 0 0 0 0 1 0 0 0 0
 0 0 0 0 0 0 0 0 1 0 0 0
 0 0 0 0 0 0 0 0 0 1 0 0
 0 0 0 0 0 0 0 0 0 0 1 0
 0 0 0 0 0 0 0 0 0 0 0 1
# cntrlfile_name
C:\Users\bai.li\DOCUME~1\Github\AGE_ST~2\ASSAMC\example\C1\output\AMAK\s1\amak.dat
# Map shared selectivity: 
# sel_map
 1 2
 1 1
# datafile_name
amak_data.dat
# model_name
AMAK_MCP
# SrType
2
# use_age_err
0
# retro
0
# sigmarprior
0.4
# cvsigmarprior
0.45
# phase_sigmar
-3
# styr_rec_est
1
# endyr_rec_est
30
# Linfprior
80
# cvLinfprior
0.25
# kprior
0.18
# cvkprior
0.25
# Loprior
27.688
# cvLoprior
0.25
# sdageprior
0.1
# cvsdageprior
0.25
# natmortprior
0.2
# cvnatmortprior
0.25
# phase_M
-4
# npars_Mage
0
# ages_M_changes

# Mage_in

# Mage_offset_in

# phase_Mage
-5
# phase_rw_M
0
# npars_rw_M
0
# yrs_rw_M

# sigma_rw_M

# qprior
 3.48998e-007
# cvqprior
 1
# phase_q
 1
# q_power_prior
 1
# cvq_power_prior
 0.2
# phase_q_power
 -4
# phase_rw_q
 -1
# npars_rw_q
 0
# yrs_rw_q

# sigma_rw_q

# q_age_min
 1
# q_age_max
 12
# q_age_min
 1
# q_age_max
 12
# fsh_sel_opt(k)
2
# phase_sel_fsh(k)
2
# n_sel_ch_fsh(k)
1
# sel_slp_in_fsh(k)(1,n_sel_ch_fsh(k))
 1
# sel_inf_in_fsh(k)(1,n_sel_ch_fsh(k))
 2
# logsel_slp_in_fsh(k)(1,n_sel_ch_fsh(k))
 0
# yrs_sel_ch_fsh(k)(1,n_sel_ch_fsh(k))
 1

Survey SURVEY1
# ind_sel_opt(k)
2
# indname(k)
SURVEY1
# nselages_in_ind(k)
11
# phase_sel_ind(k)
2
# sel_change_in_ind(k)
 1 0 0 0 0 0 0 0 0 0 0 0 0 0 0 0 0 0 0 0 0 0 0 0 0 0 0 0 0 0
# n_sel_ch_ind(k)
1
# yrs_sel_ch_ind(k)(1,n_sel_ch_ind(k))
 1
# sel_slp_in_ind(k,1)
2
# sel_inf_in_ind(k,1)
1.5
# logsel_slp_in_ind(k,1)
0.693147
# logsel_slp_in_indv(k)
0.693147
SURVEY1 ind sel opt 2  1 0 0 0 0 0 0 0 0 0 0 0 0 0 0 0 0 0 0 0 0 0 0 0 0 0 0 0 0 0
Phase indices Sel_Coffs:  -1
 Test: 1.23457e+008
# Fshry Selages:  11
# Srvy  Selages:  11
# Phase for age-spec fishery  -1
# Phase for logistic fishery  2
# Phase for dble logistic fishery  -1
# Phase for age-spec indices   -1
# Phase for logistic indices   2
# Phase for dble logistic ind  -1
# Curv_pen_fsh: 
 0
# Curv_pen_ind: 
 0
# styr_fut
31
# endyr_fut
35
# nyrs_fsh_age
 30
# nyrs_fsh_age
 30
# yrs_fsh_age
 1 2 3 4 5 6 7 8 9 10 11 12 13 14 15 16 17 18 19 20 21 22 23 24 25 26 27 28 29 30
# n_sample_fsh_age
 200 200 200 200 200 200 200 200 200 200 200 200 200 200 200 200 200 200 200 200 200 200 200 200 200 200 200 200 200 200
# oac_fsh
 0.07 0.1 0.125 0.11 0.11 0.125 0.095 0.055 0.015 0.055 0.025 0.115
 0.115 0.08 0.115 0.14 0.125 0.065 0.05 0.05 0.03 0.02 0.04 0.17
 0.07 0.155 0.09 0.13 0.08 0.115 0.085 0.06 0.04 0.025 0.045 0.105
 0.04 0.12 0.175 0.13 0.09 0.06 0.08 0.07 0.055 0.025 0.045 0.11
 0.115 0.075 0.095 0.21 0.115 0.06 0.095 0.065 0.03 0.015 0.02 0.105
 0.13 0.185 0.065 0.07 0.145 0.075 0.095 0.04 0.045 0.015 0.025 0.11
 0.06 0.16 0.22 0.085 0.06 0.11 0.04 0.03 0.055 0.035 0.02 0.125
 0.08 0.125 0.17 0.2 0.075 0.02 0.065 0.045 0.05 0.04 0.02 0.11
 0.1 0.155 0.08 0.145 0.175 0.05 0.045 0.065 0.025 0.025 0.015 0.12
 0.08 0.105 0.165 0.115 0.11 0.14 0.055 0.05 0.045 0.015 0.025 0.095
 0.105 0.165 0.145 0.155 0.065 0.115 0.08 0.025 0.03 0.02 0.005 0.09
 0.05 0.155 0.215 0.11 0.1 0.08 0.08 0.075 0.025 0.015 0.025 0.07
 0.07 0.125 0.16 0.165 0.085 0.16 0.04 0.08 0.035 0.02 0.01 0.05
 0.095 0.13 0.11 0.15 0.155 0.08 0.1 0.02 0.05 0.04 0.005 0.065
 0.065 0.21 0.155 0.08 0.14 0.125 0.045 0.035 0.03 0.04 0.01 0.065
 0.105 0.135 0.175 0.145 0.08 0.1 0.09 0.045 0.03 0.015 0.03 0.05
 0.105 0.21 0.15 0.16 0.055 0.03 0.085 0.035 0.045 0.055 0.01 0.06
 0.085 0.165 0.225 0.105 0.14 0.06 0.065 0.045 0.04 0.005 0.015 0.05
 0.105 0.12 0.275 0.15 0.115 0.105 0.035 0.005 0.04 0.015 0.005 0.03
 0.08 0.145 0.13 0.195 0.15 0.145 0.035 0.04 0.01 0.015 0.01 0.045
 0.17 0.165 0.1 0.135 0.11 0.125 0.065 0.05 0.03 0.03 0.015 0.005
 0.185 0.26 0.15 0.12 0.07 0.07 0.035 0.01 0.025 0.02 0 0.055
 0.115 0.235 0.225 0.115 0.115 0.02 0.055 0.03 0.02 0.005 0.035 0.03
 0.095 0.12 0.255 0.25 0.07 0.06 0.02 0.065 0.02 0.015 0.01 0.02
 0.21 0.125 0.18 0.19 0.16 0.025 0.02 0.02 0.03 0.025 0.005 0.01
 0.125 0.275 0.14 0.145 0.12 0.105 0.03 0.005 0.005 0.025 0.005 0.02
 0.12 0.12 0.285 0.13 0.085 0.095 0.065 0.025 0.03 0.01 0.02 0.015
 0.24 0.18 0.13 0.22 0.08 0.04 0.045 0.03 0.005 0.015 0.005 0.01
 0.225 0.265 0.19 0.05 0.12 0.055 0.025 0.04 0.01 0.005 0.005 0.01
 0.17 0.21 0.305 0.11 0.07 0.05 0.03 0.015 0.015 0.015 0.005 0.005
# olc_fsh

# wt_fsh
 0.000530656 0.00119633 0.00205827 0.00303499 0.00405521 0.0050647 0.00602623 0.00691692 0.00772489 0.00844611 0.00908185 0.0096367
 0.000530656 0.00119633 0.00205827 0.00303499 0.00405521 0.0050647 0.00602623 0.00691692 0.00772489 0.00844611 0.00908185 0.0096367
 0.000530656 0.00119633 0.00205827 0.00303499 0.00405521 0.0050647 0.00602623 0.00691692 0.00772489 0.00844611 0.00908185 0.0096367
 0.000530656 0.00119633 0.00205827 0.00303499 0.00405521 0.0050647 0.00602623 0.00691692 0.00772489 0.00844611 0.00908185 0.0096367
 0.000530656 0.00119633 0.00205827 0.00303499 0.00405521 0.0050647 0.00602623 0.00691692 0.00772489 0.00844611 0.00908185 0.0096367
 0.000530656 0.00119633 0.00205827 0.00303499 0.00405521 0.0050647 0.00602623 0.00691692 0.00772489 0.00844611 0.00908185 0.0096367
 0.000530656 0.00119633 0.00205827 0.00303499 0.00405521 0.0050647 0.00602623 0.00691692 0.00772489 0.00844611 0.00908185 0.0096367
 0.000530656 0.00119633 0.00205827 0.00303499 0.00405521 0.0050647 0.00602623 0.00691692 0.00772489 0.00844611 0.00908185 0.0096367
 0.000530656 0.00119633 0.00205827 0.00303499 0.00405521 0.0050647 0.00602623 0.00691692 0.00772489 0.00844611 0.00908185 0.0096367
 0.000530656 0.00119633 0.00205827 0.00303499 0.00405521 0.0050647 0.00602623 0.00691692 0.00772489 0.00844611 0.00908185 0.0096367
 0.000530656 0.00119633 0.00205827 0.00303499 0.00405521 0.0050647 0.00602623 0.00691692 0.00772489 0.00844611 0.00908185 0.0096367
 0.000530656 0.00119633 0.00205827 0.00303499 0.00405521 0.0050647 0.00602623 0.00691692 0.00772489 0.00844611 0.00908185 0.0096367
 0.000530656 0.00119633 0.00205827 0.00303499 0.00405521 0.0050647 0.00602623 0.00691692 0.00772489 0.00844611 0.00908185 0.0096367
 0.000530656 0.00119633 0.00205827 0.00303499 0.00405521 0.0050647 0.00602623 0.00691692 0.00772489 0.00844611 0.00908185 0.0096367
 0.000530656 0.00119633 0.00205827 0.00303499 0.00405521 0.0050647 0.00602623 0.00691692 0.00772489 0.00844611 0.00908185 0.0096367
 0.000530656 0.00119633 0.00205827 0.00303499 0.00405521 0.0050647 0.00602623 0.00691692 0.00772489 0.00844611 0.00908185 0.0096367
 0.000530656 0.00119633 0.00205827 0.00303499 0.00405521 0.0050647 0.00602623 0.00691692 0.00772489 0.00844611 0.00908185 0.0096367
 0.000530656 0.00119633 0.00205827 0.00303499 0.00405521 0.0050647 0.00602623 0.00691692 0.00772489 0.00844611 0.00908185 0.0096367
 0.000530656 0.00119633 0.00205827 0.00303499 0.00405521 0.0050647 0.00602623 0.00691692 0.00772489 0.00844611 0.00908185 0.0096367
 0.000530656 0.00119633 0.00205827 0.00303499 0.00405521 0.0050647 0.00602623 0.00691692 0.00772489 0.00844611 0.00908185 0.0096367
 0.000530656 0.00119633 0.00205827 0.00303499 0.00405521 0.0050647 0.00602623 0.00691692 0.00772489 0.00844611 0.00908185 0.0096367
 0.000530656 0.00119633 0.00205827 0.00303499 0.00405521 0.0050647 0.00602623 0.00691692 0.00772489 0.00844611 0.00908185 0.0096367
 0.000530656 0.00119633 0.00205827 0.00303499 0.00405521 0.0050647 0.00602623 0.00691692 0.00772489 0.00844611 0.00908185 0.0096367
 0.000530656 0.00119633 0.00205827 0.00303499 0.00405521 0.0050647 0.00602623 0.00691692 0.00772489 0.00844611 0.00908185 0.0096367
 0.000530656 0.00119633 0.00205827 0.00303499 0.00405521 0.0050647 0.00602623 0.00691692 0.00772489 0.00844611 0.00908185 0.0096367
 0.000530656 0.00119633 0.00205827 0.00303499 0.00405521 0.0050647 0.00602623 0.00691692 0.00772489 0.00844611 0.00908185 0.0096367
 0.000530656 0.00119633 0.00205827 0.00303499 0.00405521 0.0050647 0.00602623 0.00691692 0.00772489 0.00844611 0.00908185 0.0096367
 0.000530656 0.00119633 0.00205827 0.00303499 0.00405521 0.0050647 0.00602623 0.00691692 0.00772489 0.00844611 0.00908185 0.0096367
 0.000530656 0.00119633 0.00205827 0.00303499 0.00405521 0.0050647 0.00602623 0.00691692 0.00772489 0.00844611 0.00908185 0.0096367
 0.000530656 0.00119633 0.00205827 0.00303499 0.00405521 0.0050647 0.00602623 0.00691692 0.00772489 0.00844611 0.00908185 0.0096367
# nyrs_ind_age
 30
# yrs_ind_age
 1 2 3 4 5 6 7 8 9 10 11 12 13 14 15 16 17 18 19 20 21 22 23 24 25 26 27 28 29 30
# n_sample_ind_age
 200 200 200 200 200 200 200 200 200 200 200 200 200 200 200 200 200 200 200 200 200 200 200 200 200 200 200 200 200 200
# oac_ind
 0.035 0.15 0.16 0.115 0.085 0.085 0.065 0.06 0.045 0.025 0.03 0.145
 0.08 0.17 0.145 0.1 0.07 0.075 0.09 0.05 0.035 0.02 0.015 0.15
 0.06 0.205 0.07 0.115 0.105 0.07 0.07 0.08 0.045 0.02 0.02 0.14
 0.025 0.095 0.23 0.14 0.105 0.095 0.085 0.06 0.015 0.025 0.03 0.095
 0.11 0.095 0.165 0.19 0.065 0.07 0.045 0.055 0.035 0.02 0.03 0.12
 0.145 0.22 0.06 0.095 0.17 0.07 0.065 0.06 0.015 0.02 0.02 0.06
 0.07 0.21 0.225 0.055 0.085 0.09 0.015 0.055 0.05 0.03 0.04 0.075
 0.08 0.08 0.225 0.24 0.055 0.06 0.095 0.05 0.025 0.015 0.005 0.07
 0.06 0.165 0.12 0.19 0.18 0.045 0.04 0.025 0.015 0.05 0.025 0.085
 0.095 0.12 0.185 0.12 0.12 0.105 0.05 0.03 0.055 0.045 0 0.075
 0.06 0.255 0.175 0.155 0.08 0.11 0.03 0.02 0.015 0.03 0.01 0.06
 0.065 0.175 0.215 0.095 0.11 0.065 0.06 0.095 0.02 0.01 0.025 0.065
 0.06 0.15 0.18 0.185 0.08 0.09 0.045 0.06 0.05 0.025 0.02 0.055
 0.095 0.165 0.13 0.16 0.105 0.09 0.085 0.025 0.015 0.065 0.01 0.055
 0.045 0.215 0.18 0.09 0.125 0.085 0.025 0.085 0.02 0.045 0.03 0.055
 0.13 0.12 0.23 0.145 0.09 0.09 0.075 0.015 0.025 0.02 0.02 0.04
 0.105 0.255 0.145 0.185 0.08 0.05 0.045 0.03 0.015 0.03 0 0.06
 0.06 0.27 0.275 0.105 0.12 0.05 0.035 0.025 0.025 0.005 0.005 0.025
 0.06 0.14 0.22 0.22 0.085 0.085 0.05 0.055 0.03 0.03 0 0.025
 0.075 0.2 0.145 0.22 0.165 0.03 0.075 0.025 0.02 0.01 0.01 0.025
 0.155 0.115 0.195 0.115 0.145 0.135 0.045 0.04 0.015 0.01 0 0.03
 0.15 0.3 0.125 0.165 0.035 0.09 0.025 0.025 0.025 0.015 0.005 0.04
 0.1 0.24 0.295 0.095 0.085 0.025 0.075 0.03 0.015 0.025 0.005 0.01
 0.08 0.18 0.27 0.23 0.085 0.035 0.015 0.045 0.025 0.01 0.01 0.015
 0.165 0.15 0.195 0.19 0.155 0.025 0.025 0.02 0.045 0.025 0 0.005
 0.06 0.37 0.185 0.11 0.115 0.095 0.015 0.01 0.005 0.015 0.005 0.015
 0.06 0.22 0.345 0.135 0.085 0.08 0.04 0.005 0.01 0.015 0 0.005
 0.145 0.175 0.17 0.25 0.05 0.04 0.095 0.045 0.01 0 0.005 0.015
 0.17 0.305 0.17 0.095 0.135 0.035 0.035 0.03 0.015 0.005 0 0.005
 0.115 0.35 0.265 0.105 0.06 0.05 0.025 0.005 0.01 0.015 0 0
# olc_ind

# obs_lse_ind
 0.198042 0.198042 0.198042 0.198042 0.198042 0.198042 0.198042 0.198042 0.198042 0.198042 0.198042 0.198042 0.198042 0.198042 0.198042 0.198042 0.198042 0.198042 0.198042 0.198042 0.198042 0.198042 0.198042 0.198042 0.198042 0.198042 0.198042 0.198042 0.198042 0.198042
# xages_fsh
 0 0 0 0 0 0 0 0 0 0 0 0
# xages_fsh
 0 0.0909091 0.181818 0.272727 0.363636 0.454545 0.545455 0.636364 0.727273 0.818182 0.909091 1
# xnodes_fsh

Yrs fsh_sel change:  1 0 0 0 0 0 0 0 0 0 0 0 0 0 0 0 0 0 0 0 0 0 0 0 0 0 0 0 0
Yrs ind_sel change:  1 0 0 0 0 0 0 0 0 0 0 0 0 0 0 0 0 0 0 0 0 0 0 0 0 0 0 0 0
# steepnessprior
0.75
# sigmarprior
0.4
#  SSB estimated in styr endyr: -13 28 
#  Rec estimated in styr endyr: -11 30 
#  SR Curve fit  in styr endyr: 1 30 
#             Model styr endyr: 1 30 
# qprior
 3.48998e-007
# q_power_prior 
 1 
# cv_catchbiomass 
0.05 
# CatchbiomassPen 
200 
# Number of projection years 
5 
# offset_fsh
 13328.2
# offset_ind
 12907.8
Mean Catch
1319.73
R_guess 
15.4453
# nfsh
1
# n_sel_ch_fsh
 1
# nselages_fsh
 11
# phase_selcoff_fsh
 -1
logRzero 15.4453
logmeanrec 15.4453
exp(log_sigmarprior 0.4
Fish sel phase: -1 FLEET1
Fixing fishery sel to
1
Srvy sel phase: -1
Fixing SURVEY1 indices sel to
1
# logsel_slp_in_indv
 0.693147
Leaving parameter init secton
# M
 0.2 0.2 0.2 0.2 0.2 0.2 0.2 0.2 0.2 0.2 0.2 0.2
 0.2 0.2 0.2 0.2 0.2 0.2 0.2 0.2 0.2 0.2 0.2 0.2
 0.2 0.2 0.2 0.2 0.2 0.2 0.2 0.2 0.2 0.2 0.2 0.2
 0.2 0.2 0.2 0.2 0.2 0.2 0.2 0.2 0.2 0.2 0.2 0.2
 0.2 0.2 0.2 0.2 0.2 0.2 0.2 0.2 0.2 0.2 0.2 0.2
 0.2 0.2 0.2 0.2 0.2 0.2 0.2 0.2 0.2 0.2 0.2 0.2
 0.2 0.2 0.2 0.2 0.2 0.2 0.2 0.2 0.2 0.2 0.2 0.2
 0.2 0.2 0.2 0.2 0.2 0.2 0.2 0.2 0.2 0.2 0.2 0.2
 0.2 0.2 0.2 0.2 0.2 0.2 0.2 0.2 0.2 0.2 0.2 0.2
 0.2 0.2 0.2 0.2 0.2 0.2 0.2 0.2 0.2 0.2 0.2 0.2
 0.2 0.2 0.2 0.2 0.2 0.2 0.2 0.2 0.2 0.2 0.2 0.2
 0.2 0.2 0.2 0.2 0.2 0.2 0.2 0.2 0.2 0.2 0.2 0.2
 0.2 0.2 0.2 0.2 0.2 0.2 0.2 0.2 0.2 0.2 0.2 0.2
 0.2 0.2 0.2 0.2 0.2 0.2 0.2 0.2 0.2 0.2 0.2 0.2
 0.2 0.2 0.2 0.2 0.2 0.2 0.2 0.2 0.2 0.2 0.2 0.2
 0.2 0.2 0.2 0.2 0.2 0.2 0.2 0.2 0.2 0.2 0.2 0.2
 0.2 0.2 0.2 0.2 0.2 0.2 0.2 0.2 0.2 0.2 0.2 0.2
 0.2 0.2 0.2 0.2 0.2 0.2 0.2 0.2 0.2 0.2 0.2 0.2
 0.2 0.2 0.2 0.2 0.2 0.2 0.2 0.2 0.2 0.2 0.2 0.2
 0.2 0.2 0.2 0.2 0.2 0.2 0.2 0.2 0.2 0.2 0.2 0.2
 0.2 0.2 0.2 0.2 0.2 0.2 0.2 0.2 0.2 0.2 0.2 0.2
 0.2 0.2 0.2 0.2 0.2 0.2 0.2 0.2 0.2 0.2 0.2 0.2
 0.2 0.2 0.2 0.2 0.2 0.2 0.2 0.2 0.2 0.2 0.2 0.2
 0.2 0.2 0.2 0.2 0.2 0.2 0.2 0.2 0.2 0.2 0.2 0.2
 0.2 0.2 0.2 0.2 0.2 0.2 0.2 0.2 0.2 0.2 0.2 0.2
 0.2 0.2 0.2 0.2 0.2 0.2 0.2 0.2 0.2 0.2 0.2 0.2
 0.2 0.2 0.2 0.2 0.2 0.2 0.2 0.2 0.2 0.2 0.2 0.2
 0.2 0.2 0.2 0.2 0.2 0.2 0.2 0.2 0.2 0.2 0.2 0.2
 0.2 0.2 0.2 0.2 0.2 0.2 0.2 0.2 0.2 0.2 0.2 0.2
 0.2 0.2 0.2 0.2 0.2 0.2 0.2 0.2 0.2 0.2 0.2 0.2
# mean_log_rec
13.6674
# log_Rzero
13.7947
# rec_dev
 -0.0870194 -0.104418 -0.0412293 -0.0281064 -0.255895 -0.0549101 0.0118014 0.105379 0.0506559 0.110719 0.134972 0.135278 0.00240323 0.54591 -0.0324027 -0.257443 0.720654 0.595238 -0.0122506 0.41734 0.0300595 0.416458 0.248664 -0.171096 0.0074623 0.305294 -0.0738728 0.374877 0.312936 -0.417968 -0.237642 -0.453557 0.277203 0.124623 -0.376899 -0.536346 0.0946367 -0.643187 -0.505913 0.0479272 0.0343308 -0.193592
# fmort
 0.0100174 0.0290482 0.0475355 0.0653965 0.0515654 0.0937356 0.0950735 0.200766 0.118136 0.144719 0.164528 0.174135 0.125813 0.182084 0.192422 0.170241 0.335432 0.271153 0.265483 0.26026 0.360281 0.265932 0.435912 0.364686 0.36303 0.333242 0.325876 0.459304 0.353606 0.552568
# rec_dev_future
 0 0 0 0 0
