AMAK;Mar 2020
# styr
1
# endyr
30
# rec_age
1
# oldest_age
12
# nlength
81
# len_bins
 10 11 12 13 14 15 16 17 18 19 20 21 22 23 24 25 26 27 28 29 30 31 32 33 34 35 36 37 38 39 40 41 42 43 44 45 46 47 48 49 50 51 52 53 54 55 56 57 58 59 60 61 62 63 64 65 66 67 68 69 70 71 72 73 74 75 76 77 78 79 80 81 82 83 84 85 86 87 88 89 90
# datafile_name
amak_data.dat
# model_name
AMAK_MCP
# styr
1
# endyr
30
# rec_age
1
# oldest_age
12
# nfsh
1
# fshname
FLEET1
# catch_bio_in
 110.348 315.168 511.212 677.18 525.918 912.493 872.96 1691.74 918.203 1119.62 1246.34 1328.73 965.657 1390.99 1451.26 1252.97 2220.33 1625.09 1458.44 1321.73 1717.97 1176.31 1814.79 1377.92 1295.92 1176.84 1213.36 1744.71 1310.76 1850.14
# catch_bio_sd_in
 0.01 0.01 0.01 0.01 0.01 0.01 0.01 0.01 0.01 0.01 0.01 0.01 0.01 0.01 0.01 0.01 0.01 0.01 0.01 0.01 0.01 0.01 0.01 0.01 0.01 0.01 0.01 0.01 0.01 0.01
# nyrs_fsh_age
 30
# nyrs_fsh_length
 0
# yrs_fsh_age_in
 1 2 3 4 5 6 7 8 9 10 11 12 13 14 15 16 17 18 19 20 21 22 23 24 25 26 27 28 29 30
# yrs_fsh_length_in

# n_sample_fsh_length_in

# olc_fsh_in

# nind
1
# indname
SURVEY1
# nyrs_ind
 30
# yrs_ind_in
 1 2 3 4 5 6 7 8 9 10 11 12 13 14 15 16 17 18 19 20 21 22 23 24 25 26 27 28 29 30
# mo_ind
 1
# obs_ind_in
 1.29723 1.38226 1.32768 0.987957 1.20954 1.2615 1.21691 1.33813 0.97202 1.18876 1.38476 0.997528 1.25302 0.849844 1.04161 1.10137 0.971063 0.885265 0.853254 0.867733 0.856394 0.724175 0.816947 0.830488 0.81433 0.787157 0.711615 0.872627 0.7125 0.647017
# obs_se_ind_in
 0.259447 0.276452 0.265535 0.197591 0.241907 0.2523 0.243382 0.267626 0.194404 0.237753 0.276952 0.199506 0.250604 0.169969 0.208323 0.220274 0.194213 0.177053 0.170651 0.173547 0.171279 0.144835 0.163389 0.166098 0.162866 0.157431 0.142323 0.174525 0.1425 0.129403
# nyrs_ind_age
 30
# nyrs_ind_length
 0
# yrs_ind_age_in
 1 2 3 4 5 6 7 8 9 10 11 12 13 14 15 16 17 18 19 20 21 22 23 24 25 26 27 28 29 30
# yrs_ind_length_in

# yrs_ind_age_in
 1 2 3 4 5 6 7 8 9 10 11 12 13 14 15 16 17 18 19 20 21 22 23 24 25 26 27 28 29 30
# n_sample_ind_length_in

# olc_ind_in

# oac_ind_in
 0.04 0.095 0.16 0.14 0.17 0.055 0.105 0.05 0.05 0.01 0.015 0.11
 0.07 0.105 0.17 0.13 0.11 0.095 0.04 0.06 0.035 0.025 0.035 0.125
 0.065 0.1 0.155 0.125 0.11 0.105 0.09 0.075 0.055 0.03 0.025 0.065
 0.09 0.08 0.185 0.145 0.155 0.085 0.055 0.045 0.03 0.025 0.035 0.07
 0.07 0.105 0.15 0.15 0.145 0.12 0.04 0.06 0.06 0.005 0.02 0.075
 0.025 0.105 0.165 0.15 0.09 0.135 0.085 0.07 0.045 0.035 0.015 0.08
 0.095 0.13 0.14 0.175 0.075 0.11 0.075 0.055 0.03 0.04 0.015 0.06
 0.05 0.155 0.205 0.12 0.1 0.05 0.085 0.06 0.035 0.02 0.035 0.085
 0.08 0.105 0.255 0.15 0.095 0.065 0.075 0.06 0.025 0.015 0.02 0.055
 0.065 0.165 0.135 0.205 0.095 0.095 0.05 0.055 0.04 0.01 0.01 0.075
 0.075 0.145 0.215 0.16 0.12 0.1 0.025 0.03 0.025 0.04 0.03 0.035
 0.1 0.125 0.21 0.17 0.105 0.08 0.06 0.03 0.045 0.005 0.005 0.065
 0.06 0.17 0.12 0.145 0.165 0.1 0.065 0.08 0.02 0.01 0.015 0.05
 0.03 0.125 0.22 0.16 0.16 0.11 0.075 0.025 0.04 0.005 0 0.05
 0.07 0.105 0.16 0.15 0.12 0.165 0.07 0.05 0.04 0.02 0.005 0.045
 0.025 0.195 0.135 0.205 0.16 0.075 0.065 0.07 0.01 0.01 0.02 0.03
 0.05 0.08 0.275 0.14 0.12 0.15 0.025 0.045 0.02 0.03 0.015 0.05
 0.045 0.125 0.135 0.235 0.105 0.085 0.125 0.025 0.025 0.02 0.015 0.06
 0.09 0.185 0.125 0.085 0.205 0.095 0.065 0.05 0.025 0.01 0.02 0.045
 0.055 0.25 0.175 0.125 0.145 0.115 0.045 0.015 0.035 0.01 0 0.03
 0.05 0.145 0.3 0.165 0.115 0.05 0.105 0.025 0.01 0.02 0.005 0.01
 0.05 0.16 0.155 0.27 0.155 0.08 0.035 0.04 0.025 0.01 0.005 0.015
 0.095 0.08 0.23 0.2 0.155 0.09 0.035 0.035 0.02 0.01 0.015 0.035
 0.115 0.18 0.12 0.265 0.095 0.125 0.035 0.015 0.01 0.02 0.005 0.015
 0.11 0.185 0.24 0.12 0.105 0.07 0.08 0.05 0.01 0.005 0.015 0.01
 0.09 0.21 0.255 0.15 0.07 0.095 0.04 0.045 0.01 0.01 0.005 0.02
 0.065 0.165 0.32 0.185 0.13 0.045 0.03 0.02 0.015 0.01 0 0.015
 0.06 0.15 0.155 0.35 0.12 0.075 0.025 0.01 0.015 0.015 0.005 0.02
 0.13 0.115 0.205 0.155 0.175 0.105 0.05 0.02 0.01 0.015 0 0.02
 0.105 0.25 0.14 0.155 0.14 0.055 0.115 0.03 0 0.005 0.005 0
# wt_ind
 1 1 1 1 1 1 1 1 1 1 1 1
 1 1 1 1 1 1 1 1 1 1 1 1
 1 1 1 1 1 1 1 1 1 1 1 1
 1 1 1 1 1 1 1 1 1 1 1 1
 1 1 1 1 1 1 1 1 1 1 1 1
 1 1 1 1 1 1 1 1 1 1 1 1
 1 1 1 1 1 1 1 1 1 1 1 1
 1 1 1 1 1 1 1 1 1 1 1 1
 1 1 1 1 1 1 1 1 1 1 1 1
 1 1 1 1 1 1 1 1 1 1 1 1
 1 1 1 1 1 1 1 1 1 1 1 1
 1 1 1 1 1 1 1 1 1 1 1 1
 1 1 1 1 1 1 1 1 1 1 1 1
 1 1 1 1 1 1 1 1 1 1 1 1
 1 1 1 1 1 1 1 1 1 1 1 1
 1 1 1 1 1 1 1 1 1 1 1 1
 1 1 1 1 1 1 1 1 1 1 1 1
 1 1 1 1 1 1 1 1 1 1 1 1
 1 1 1 1 1 1 1 1 1 1 1 1
 1 1 1 1 1 1 1 1 1 1 1 1
 1 1 1 1 1 1 1 1 1 1 1 1
 1 1 1 1 1 1 1 1 1 1 1 1
 1 1 1 1 1 1 1 1 1 1 1 1
 1 1 1 1 1 1 1 1 1 1 1 1
 1 1 1 1 1 1 1 1 1 1 1 1
 1 1 1 1 1 1 1 1 1 1 1 1
 1 1 1 1 1 1 1 1 1 1 1 1
 1 1 1 1 1 1 1 1 1 1 1 1
 1 1 1 1 1 1 1 1 1 1 1 1
 1 1 1 1 1 1 1 1 1 1 1 1
# wt_pop
 0.000530656 0.00119633 0.00205827 0.00303499 0.00405521 0.0050647 0.00602623 0.00691692 0.00772489 0.00844611 0.00908185 0.0096367
# maturity
 0.0229774 0.320821 0.904651 0.99478 0.999739 0.999987 0.999999 1 1 1 1 1
# spawnmo
1
# age_err
 1 0 0 0 0 0 0 0 0 0 0 0
 0 1 0 0 0 0 0 0 0 0 0 0
 0 0 1 0 0 0 0 0 0 0 0 0
 0 0 0 1 0 0 0 0 0 0 0 0
 0 0 0 0 1 0 0 0 0 0 0 0
 0 0 0 0 0 1 0 0 0 0 0 0
 0 0 0 0 0 0 1 0 0 0 0 0
 0 0 0 0 0 0 0 1 0 0 0 0
 0 0 0 0 0 0 0 0 1 0 0 0
 0 0 0 0 0 0 0 0 0 1 0 0
 0 0 0 0 0 0 0 0 0 0 1 0
 0 0 0 0 0 0 0 0 0 0 0 1
# cntrlfile_name
C:\Users\bai.li\DOCUME~1\Github\AGE_ST~2\ASSAMC\example\C8\output\AMAK\s7\amak.dat
# Map shared selectivity: 
# sel_map
 1 2
 1 1
# datafile_name
amak_data.dat
# model_name
AMAK_MCP
# SrType
2
# use_age_err
0
# retro
0
# sigmarprior
0.2
# cvsigmarprior
0.25
# phase_sigmar
-3
# styr_rec_est
1
# endyr_rec_est
30
# Linfprior
80
# cvLinfprior
0.25
# kprior
0.18
# cvkprior
0.25
# Loprior
27.688
# cvLoprior
0.25
# sdageprior
0.1
# cvsdageprior
0.25
# natmortprior
0.2
# cvnatmortprior
0.25
# phase_M
-4
# npars_Mage
0
# ages_M_changes

# Mage_in

# Mage_offset_in

# phase_Mage
-5
# phase_rw_M
0
# npars_rw_M
0
# yrs_rw_M

# sigma_rw_M

# qprior
 3.48998e-007
# cvqprior
 1
# phase_q
 1
# q_power_prior
 1
# cvq_power_prior
 0.2
# phase_q_power
 -4
# phase_rw_q
 -1
# npars_rw_q
 0
# yrs_rw_q

# sigma_rw_q

# q_age_min
 1
# q_age_max
 12
# q_age_min
 1
# q_age_max
 12
# fsh_sel_opt(k)
2
# phase_sel_fsh(k)
2
# n_sel_ch_fsh(k)
1
# sel_slp_in_fsh(k)(1,n_sel_ch_fsh(k))
 1
# sel_inf_in_fsh(k)(1,n_sel_ch_fsh(k))
 2
# logsel_slp_in_fsh(k)(1,n_sel_ch_fsh(k))
 0
# yrs_sel_ch_fsh(k)(1,n_sel_ch_fsh(k))
 1

Survey SURVEY1
# ind_sel_opt(k)
2
# indname(k)
SURVEY1
# nselages_in_ind(k)
11
# phase_sel_ind(k)
2
# sel_change_in_ind(k)
 1 0 0 0 0 0 0 0 0 0 0 0 0 0 0 0 0 0 0 0 0 0 0 0 0 0 0 0 0 0
# n_sel_ch_ind(k)
1
# yrs_sel_ch_ind(k)(1,n_sel_ch_ind(k))
 1
# sel_slp_in_ind(k,1)
2
# sel_inf_in_ind(k,1)
1.5
# logsel_slp_in_ind(k,1)
0.693147
# logsel_slp_in_indv(k)
0.693147
SURVEY1 ind sel opt 2  1 0 0 0 0 0 0 0 0 0 0 0 0 0 0 0 0 0 0 0 0 0 0 0 0 0 0 0 0 0
Phase indices Sel_Coffs:  -1
 Test: 1.23457e+008
# Fshry Selages:  11
# Srvy  Selages:  11
# Phase for age-spec fishery  -1
# Phase for logistic fishery  2
# Phase for dble logistic fishery  -1
# Phase for age-spec indices   -1
# Phase for logistic indices   2
# Phase for dble logistic ind  -1
# Curv_pen_fsh: 
 0
# Curv_pen_ind: 
 0
# styr_fut
31
# endyr_fut
35
# nyrs_fsh_age
 30
# nyrs_fsh_age
 30
# yrs_fsh_age
 1 2 3 4 5 6 7 8 9 10 11 12 13 14 15 16 17 18 19 20 21 22 23 24 25 26 27 28 29 30
# n_sample_fsh_age
 200 200 200 200 200 200 200 200 200 200 200 200 200 200 200 200 200 200 200 200 200 200 200 200 200 200 200 200 200 200
# oac_fsh
 0.005 0.04 0.12 0.13 0.13 0.145 0.09 0.125 0.055 0.05 0.035 0.075
 0.03 0.025 0.1 0.135 0.155 0.145 0.14 0.08 0.08 0.05 0.01 0.05
 0.03 0.07 0.07 0.11 0.2 0.165 0.095 0.065 0.07 0.045 0.015 0.065
 0.025 0.04 0.09 0.09 0.17 0.12 0.11 0.07 0.09 0.07 0.045 0.08
 0.035 0.03 0.055 0.135 0.145 0.155 0.165 0.095 0.065 0.04 0 0.08
 0.04 0.02 0.075 0.095 0.18 0.135 0.075 0.095 0.1 0.075 0.03 0.08
 0.03 0.06 0.07 0.13 0.13 0.12 0.14 0.055 0.05 0.055 0.045 0.115
 0.02 0.06 0.115 0.125 0.165 0.11 0.115 0.085 0.065 0.035 0.03 0.075
 0.05 0.055 0.09 0.165 0.145 0.105 0.09 0.1 0.07 0.05 0.02 0.06
 0.035 0.095 0.09 0.21 0.175 0.115 0.07 0.06 0.07 0.035 0.01 0.035
 0.02 0.095 0.09 0.13 0.155 0.2 0.095 0.09 0.02 0.015 0.025 0.065
 0.03 0.06 0.13 0.18 0.105 0.125 0.155 0.03 0.04 0.035 0.015 0.095
 0.025 0.055 0.09 0.18 0.165 0.105 0.15 0.09 0.05 0.035 0.005 0.05
 0.025 0.03 0.12 0.145 0.19 0.17 0.105 0.11 0.035 0.01 0.015 0.045
 0.02 0.06 0.07 0.165 0.125 0.21 0.125 0.06 0.055 0.035 0.02 0.055
 0.025 0.09 0.09 0.14 0.195 0.145 0.12 0.09 0.055 0.015 0.015 0.02
 0.015 0.045 0.145 0.135 0.12 0.205 0.125 0.09 0.05 0.02 0 0.05
 0.025 0.065 0.11 0.19 0.145 0.165 0.14 0.05 0.035 0.015 0.025 0.035
 0.04 0.035 0.1 0.095 0.205 0.155 0.13 0.105 0.03 0.04 0.02 0.045
 0.045 0.115 0.1 0.12 0.115 0.155 0.08 0.11 0.055 0.015 0.025 0.065
 0.05 0.07 0.15 0.155 0.155 0.125 0.08 0.1 0.025 0.02 0.02 0.05
 0.03 0.105 0.12 0.26 0.12 0.105 0.09 0.065 0.01 0.035 0.01 0.05
 0.04 0.035 0.175 0.16 0.225 0.15 0.05 0.035 0.07 0.01 0.01 0.04
 0.085 0.1 0.065 0.245 0.13 0.195 0.055 0.035 0.02 0.035 0.01 0.025
 0.055 0.115 0.145 0.055 0.21 0.105 0.14 0.08 0.03 0.015 0.015 0.035
 0.035 0.08 0.215 0.22 0.11 0.095 0.095 0.055 0.04 0.03 0 0.025
 0.04 0.07 0.115 0.29 0.2 0.075 0.085 0.045 0.035 0.015 0 0.03
 0.035 0.105 0.18 0.25 0.18 0.12 0.055 0.04 0.015 0.005 0.005 0.01
 0.065 0.075 0.14 0.165 0.235 0.16 0.06 0.025 0.05 0.005 0.005 0.015
 0.05 0.125 0.11 0.17 0.19 0.17 0.085 0.07 0.015 0.01 0 0.005
# olc_fsh

# wt_fsh
 0.000530656 0.00119633 0.00205827 0.00303499 0.00405521 0.0050647 0.00602623 0.00691692 0.00772489 0.00844611 0.00908185 0.0096367
 0.000530656 0.00119633 0.00205827 0.00303499 0.00405521 0.0050647 0.00602623 0.00691692 0.00772489 0.00844611 0.00908185 0.0096367
 0.000530656 0.00119633 0.00205827 0.00303499 0.00405521 0.0050647 0.00602623 0.00691692 0.00772489 0.00844611 0.00908185 0.0096367
 0.000530656 0.00119633 0.00205827 0.00303499 0.00405521 0.0050647 0.00602623 0.00691692 0.00772489 0.00844611 0.00908185 0.0096367
 0.000530656 0.00119633 0.00205827 0.00303499 0.00405521 0.0050647 0.00602623 0.00691692 0.00772489 0.00844611 0.00908185 0.0096367
 0.000530656 0.00119633 0.00205827 0.00303499 0.00405521 0.0050647 0.00602623 0.00691692 0.00772489 0.00844611 0.00908185 0.0096367
 0.000530656 0.00119633 0.00205827 0.00303499 0.00405521 0.0050647 0.00602623 0.00691692 0.00772489 0.00844611 0.00908185 0.0096367
 0.000530656 0.00119633 0.00205827 0.00303499 0.00405521 0.0050647 0.00602623 0.00691692 0.00772489 0.00844611 0.00908185 0.0096367
 0.000530656 0.00119633 0.00205827 0.00303499 0.00405521 0.0050647 0.00602623 0.00691692 0.00772489 0.00844611 0.00908185 0.0096367
 0.000530656 0.00119633 0.00205827 0.00303499 0.00405521 0.0050647 0.00602623 0.00691692 0.00772489 0.00844611 0.00908185 0.0096367
 0.000530656 0.00119633 0.00205827 0.00303499 0.00405521 0.0050647 0.00602623 0.00691692 0.00772489 0.00844611 0.00908185 0.0096367
 0.000530656 0.00119633 0.00205827 0.00303499 0.00405521 0.0050647 0.00602623 0.00691692 0.00772489 0.00844611 0.00908185 0.0096367
 0.000530656 0.00119633 0.00205827 0.00303499 0.00405521 0.0050647 0.00602623 0.00691692 0.00772489 0.00844611 0.00908185 0.0096367
 0.000530656 0.00119633 0.00205827 0.00303499 0.00405521 0.0050647 0.00602623 0.00691692 0.00772489 0.00844611 0.00908185 0.0096367
 0.000530656 0.00119633 0.00205827 0.00303499 0.00405521 0.0050647 0.00602623 0.00691692 0.00772489 0.00844611 0.00908185 0.0096367
 0.000530656 0.00119633 0.00205827 0.00303499 0.00405521 0.0050647 0.00602623 0.00691692 0.00772489 0.00844611 0.00908185 0.0096367
 0.000530656 0.00119633 0.00205827 0.00303499 0.00405521 0.0050647 0.00602623 0.00691692 0.00772489 0.00844611 0.00908185 0.0096367
 0.000530656 0.00119633 0.00205827 0.00303499 0.00405521 0.0050647 0.00602623 0.00691692 0.00772489 0.00844611 0.00908185 0.0096367
 0.000530656 0.00119633 0.00205827 0.00303499 0.00405521 0.0050647 0.00602623 0.00691692 0.00772489 0.00844611 0.00908185 0.0096367
 0.000530656 0.00119633 0.00205827 0.00303499 0.00405521 0.0050647 0.00602623 0.00691692 0.00772489 0.00844611 0.00908185 0.0096367
 0.000530656 0.00119633 0.00205827 0.00303499 0.00405521 0.0050647 0.00602623 0.00691692 0.00772489 0.00844611 0.00908185 0.0096367
 0.000530656 0.00119633 0.00205827 0.00303499 0.00405521 0.0050647 0.00602623 0.00691692 0.00772489 0.00844611 0.00908185 0.0096367
 0.000530656 0.00119633 0.00205827 0.00303499 0.00405521 0.0050647 0.00602623 0.00691692 0.00772489 0.00844611 0.00908185 0.0096367
 0.000530656 0.00119633 0.00205827 0.00303499 0.00405521 0.0050647 0.00602623 0.00691692 0.00772489 0.00844611 0.00908185 0.0096367
 0.000530656 0.00119633 0.00205827 0.00303499 0.00405521 0.0050647 0.00602623 0.00691692 0.00772489 0.00844611 0.00908185 0.0096367
 0.000530656 0.00119633 0.00205827 0.00303499 0.00405521 0.0050647 0.00602623 0.00691692 0.00772489 0.00844611 0.00908185 0.0096367
 0.000530656 0.00119633 0.00205827 0.00303499 0.00405521 0.0050647 0.00602623 0.00691692 0.00772489 0.00844611 0.00908185 0.0096367
 0.000530656 0.00119633 0.00205827 0.00303499 0.00405521 0.0050647 0.00602623 0.00691692 0.00772489 0.00844611 0.00908185 0.0096367
 0.000530656 0.00119633 0.00205827 0.00303499 0.00405521 0.0050647 0.00602623 0.00691692 0.00772489 0.00844611 0.00908185 0.0096367
 0.000530656 0.00119633 0.00205827 0.00303499 0.00405521 0.0050647 0.00602623 0.00691692 0.00772489 0.00844611 0.00908185 0.0096367
# nyrs_ind_age
 30
# yrs_ind_age
 1 2 3 4 5 6 7 8 9 10 11 12 13 14 15 16 17 18 19 20 21 22 23 24 25 26 27 28 29 30
# n_sample_ind_age
 200 200 200 200 200 200 200 200 200 200 200 200 200 200 200 200 200 200 200 200 200 200 200 200 200 200 200 200 200 200
# oac_ind
 0.04 0.095 0.16 0.14 0.17 0.055 0.105 0.05 0.05 0.01 0.015 0.11
 0.07 0.105 0.17 0.13 0.11 0.095 0.04 0.06 0.035 0.025 0.035 0.125
 0.065 0.1 0.155 0.125 0.11 0.105 0.09 0.075 0.055 0.03 0.025 0.065
 0.09 0.08 0.185 0.145 0.155 0.085 0.055 0.045 0.03 0.025 0.035 0.07
 0.07 0.105 0.15 0.15 0.145 0.12 0.04 0.06 0.06 0.005 0.02 0.075
 0.025 0.105 0.165 0.15 0.09 0.135 0.085 0.07 0.045 0.035 0.015 0.08
 0.095 0.13 0.14 0.175 0.075 0.11 0.075 0.055 0.03 0.04 0.015 0.06
 0.05 0.155 0.205 0.12 0.1 0.05 0.085 0.06 0.035 0.02 0.035 0.085
 0.08 0.105 0.255 0.15 0.095 0.065 0.075 0.06 0.025 0.015 0.02 0.055
 0.065 0.165 0.135 0.205 0.095 0.095 0.05 0.055 0.04 0.01 0.01 0.075
 0.075 0.145 0.215 0.16 0.12 0.1 0.025 0.03 0.025 0.04 0.03 0.035
 0.1 0.125 0.21 0.17 0.105 0.08 0.06 0.03 0.045 0.005 0.005 0.065
 0.06 0.17 0.12 0.145 0.165 0.1 0.065 0.08 0.02 0.01 0.015 0.05
 0.03 0.125 0.22 0.16 0.16 0.11 0.075 0.025 0.04 0.005 0 0.05
 0.07 0.105 0.16 0.15 0.12 0.165 0.07 0.05 0.04 0.02 0.005 0.045
 0.025 0.195 0.135 0.205 0.16 0.075 0.065 0.07 0.01 0.01 0.02 0.03
 0.05 0.08 0.275 0.14 0.12 0.15 0.025 0.045 0.02 0.03 0.015 0.05
 0.045 0.125 0.135 0.235 0.105 0.085 0.125 0.025 0.025 0.02 0.015 0.06
 0.09 0.185 0.125 0.085 0.205 0.095 0.065 0.05 0.025 0.01 0.02 0.045
 0.055 0.25 0.175 0.125 0.145 0.115 0.045 0.015 0.035 0.01 0 0.03
 0.05 0.145 0.3 0.165 0.115 0.05 0.105 0.025 0.01 0.02 0.005 0.01
 0.05 0.16 0.155 0.27 0.155 0.08 0.035 0.04 0.025 0.01 0.005 0.015
 0.095 0.08 0.23 0.2 0.155 0.09 0.035 0.035 0.02 0.01 0.015 0.035
 0.115 0.18 0.12 0.265 0.095 0.125 0.035 0.015 0.01 0.02 0.005 0.015
 0.11 0.185 0.24 0.12 0.105 0.07 0.08 0.05 0.01 0.005 0.015 0.01
 0.09 0.21 0.255 0.15 0.07 0.095 0.04 0.045 0.01 0.01 0.005 0.02
 0.065 0.165 0.32 0.185 0.13 0.045 0.03 0.02 0.015 0.01 0 0.015
 0.06 0.15 0.155 0.35 0.12 0.075 0.025 0.01 0.015 0.015 0.005 0.02
 0.13 0.115 0.205 0.155 0.175 0.105 0.05 0.02 0.01 0.015 0 0.02
 0.105 0.25 0.14 0.155 0.14 0.055 0.115 0.03 0 0.005 0.005 0
# olc_ind

# obs_lse_ind
 0.198042 0.198042 0.198042 0.198042 0.198042 0.198042 0.198042 0.198042 0.198042 0.198042 0.198042 0.198042 0.198042 0.198042 0.198042 0.198042 0.198042 0.198042 0.198042 0.198042 0.198042 0.198042 0.198042 0.198042 0.198042 0.198042 0.198042 0.198042 0.198042 0.198042
# xages_fsh
 0 0 0 0 0 0 0 0 0 0 0 0
# xages_fsh
 0 0.0909091 0.181818 0.272727 0.363636 0.454545 0.545455 0.636364 0.727273 0.818182 0.909091 1
# xnodes_fsh

Yrs fsh_sel change:  1 0 0 0 0 0 0 0 0 0 0 0 0 0 0 0 0 0 0 0 0 0 0 0 0 0 0 0 0
Yrs ind_sel change:  1 0 0 0 0 0 0 0 0 0 0 0 0 0 0 0 0 0 0 0 0 0 0 0 0 0 0 0 0
# steepnessprior
0.75
# sigmarprior
0.2
#  SSB estimated in styr endyr: -13 28 
#  Rec estimated in styr endyr: -11 30 
#  SR Curve fit  in styr endyr: 1 30 
#             Model styr endyr: 1 30 
# qprior
 3.48998e-007
# q_power_prior 
 1 
# cv_catchbiomass 
0.05 
# CatchbiomassPen 
200 
# Number of projection years 
5 
# offset_fsh
 13575.6
# offset_ind
 13171
Mean Catch
1219.84
R_guess 
15.3666
# nfsh
1
# n_sel_ch_fsh
 1
# nselages_fsh
 11
# phase_selcoff_fsh
 -1
logRzero 15.3666
logmeanrec 15.3666
exp(log_sigmarprior 0.2
Fish sel phase: -1 FLEET1
Fixing fishery sel to
1
Srvy sel phase: -1
Fixing SURVEY1 indices sel to
1
# logsel_slp_in_indv
 0.693147
Leaving parameter init secton
# M
 0.2 0.2 0.2 0.2 0.2 0.2 0.2 0.2 0.2 0.2 0.2 0.2
 0.2 0.2 0.2 0.2 0.2 0.2 0.2 0.2 0.2 0.2 0.2 0.2
 0.2 0.2 0.2 0.2 0.2 0.2 0.2 0.2 0.2 0.2 0.2 0.2
 0.2 0.2 0.2 0.2 0.2 0.2 0.2 0.2 0.2 0.2 0.2 0.2
 0.2 0.2 0.2 0.2 0.2 0.2 0.2 0.2 0.2 0.2 0.2 0.2
 0.2 0.2 0.2 0.2 0.2 0.2 0.2 0.2 0.2 0.2 0.2 0.2
 0.2 0.2 0.2 0.2 0.2 0.2 0.2 0.2 0.2 0.2 0.2 0.2
 0.2 0.2 0.2 0.2 0.2 0.2 0.2 0.2 0.2 0.2 0.2 0.2
 0.2 0.2 0.2 0.2 0.2 0.2 0.2 0.2 0.2 0.2 0.2 0.2
 0.2 0.2 0.2 0.2 0.2 0.2 0.2 0.2 0.2 0.2 0.2 0.2
 0.2 0.2 0.2 0.2 0.2 0.2 0.2 0.2 0.2 0.2 0.2 0.2
 0.2 0.2 0.2 0.2 0.2 0.2 0.2 0.2 0.2 0.2 0.2 0.2
 0.2 0.2 0.2 0.2 0.2 0.2 0.2 0.2 0.2 0.2 0.2 0.2
 0.2 0.2 0.2 0.2 0.2 0.2 0.2 0.2 0.2 0.2 0.2 0.2
 0.2 0.2 0.2 0.2 0.2 0.2 0.2 0.2 0.2 0.2 0.2 0.2
 0.2 0.2 0.2 0.2 0.2 0.2 0.2 0.2 0.2 0.2 0.2 0.2
 0.2 0.2 0.2 0.2 0.2 0.2 0.2 0.2 0.2 0.2 0.2 0.2
 0.2 0.2 0.2 0.2 0.2 0.2 0.2 0.2 0.2 0.2 0.2 0.2
 0.2 0.2 0.2 0.2 0.2 0.2 0.2 0.2 0.2 0.2 0.2 0.2
 0.2 0.2 0.2 0.2 0.2 0.2 0.2 0.2 0.2 0.2 0.2 0.2
 0.2 0.2 0.2 0.2 0.2 0.2 0.2 0.2 0.2 0.2 0.2 0.2
 0.2 0.2 0.2 0.2 0.2 0.2 0.2 0.2 0.2 0.2 0.2 0.2
 0.2 0.2 0.2 0.2 0.2 0.2 0.2 0.2 0.2 0.2 0.2 0.2
 0.2 0.2 0.2 0.2 0.2 0.2 0.2 0.2 0.2 0.2 0.2 0.2
 0.2 0.2 0.2 0.2 0.2 0.2 0.2 0.2 0.2 0.2 0.2 0.2
 0.2 0.2 0.2 0.2 0.2 0.2 0.2 0.2 0.2 0.2 0.2 0.2
 0.2 0.2 0.2 0.2 0.2 0.2 0.2 0.2 0.2 0.2 0.2 0.2
 0.2 0.2 0.2 0.2 0.2 0.2 0.2 0.2 0.2 0.2 0.2 0.2
 0.2 0.2 0.2 0.2 0.2 0.2 0.2 0.2 0.2 0.2 0.2 0.2
 0.2 0.2 0.2 0.2 0.2 0.2 0.2 0.2 0.2 0.2 0.2 0.2
# mean_log_rec
13.2162
# log_Rzero
13.5514
# rec_dev
 -0.419073 -0.481089 -0.416902 -0.387296 -0.212926 0.0710564 0.0714691 0.0754466 0.283929 0.346543 0.350413 0.344788 0.360232 0.468042 0.231633 0.377025 0.278543 0.619759 0.65614 0.426429 0.713783 0.733506 0.438409 0.785982 0.512433 0.391378 0.771553 0.168124 0.217638 0.384695 0.761904 0.297853 0.501377 -0.154612 0.440576 0.609625 0.622992 0.274602 0.195014 -0.0538229 0.495788 0.263177
# fmort
 0.0116567 0.0328193 0.0531731 0.0712775 0.055939 0.0992871 0.0986879 0.205693 0.118363 0.145735 0.164805 0.178653 0.128935 0.184875 0.197818 0.174816 0.336047 0.277677 0.272518 0.267093 0.380205 0.275836 0.456518 0.390261 0.398904 0.375918 0.381665 0.576625 0.482779 0.83744
# rec_dev_future
 0 0 0 0 0
