AMAK;Mar 2020
# styr
1
# endyr
30
# rec_age
1
# oldest_age
12
# nlength
81
# len_bins
 10 11 12 13 14 15 16 17 18 19 20 21 22 23 24 25 26 27 28 29 30 31 32 33 34 35 36 37 38 39 40 41 42 43 44 45 46 47 48 49 50 51 52 53 54 55 56 57 58 59 60 61 62 63 64 65 66 67 68 69 70 71 72 73 74 75 76 77 78 79 80 81 82 83 84 85 86 87 88 89 90
# datafile_name
amak_data.dat
# model_name
AMAK_MCP
# styr
1
# endyr
30
# rec_age
1
# oldest_age
12
# nfsh
1
# fshname
FLEET1
# catch_bio_in
 160.794 461.221 741.637 956.869 736.864 1284.07 1238.64 2421 1300.93 1484.12 1560.25 1540.58 1054.96 1462.28 1482.54 1285.4 2311.84 1670.74 1492.42 1357.81 1708.21 1157.15 1773.09 1328.69 1324.06 1196.88 1193.16 1596.53 1170.37 1669.05
# catch_bio_sd_in
 0.01 0.01 0.01 0.01 0.01 0.01 0.01 0.01 0.01 0.01 0.01 0.01 0.01 0.01 0.01 0.01 0.01 0.01 0.01 0.01 0.01 0.01 0.01 0.01 0.01 0.01 0.01 0.01 0.01 0.01
# nyrs_fsh_age
 30
# nyrs_fsh_length
 0
# yrs_fsh_age_in
 1 2 3 4 5 6 7 8 9 10 11 12 13 14 15 16 17 18 19 20 21 22 23 24 25 26 27 28 29 30
# yrs_fsh_length_in

# n_sample_fsh_length_in

# olc_fsh_in

# nind
1
# indname
SURVEY1
# nyrs_ind
 30
# yrs_ind_in
 1 2 3 4 5 6 7 8 9 10 11 12 13 14 15 16 17 18 19 20 21 22 23 24 25 26 27 28 29 30
# mo_ind
 1
# obs_ind_in
 1.2211 1.31372 1.30085 1.63159 1.20105 1.44856 1.03641 1.43445 1.14126 1.18946 1.0702 0.978806 0.983423 1.09658 1.24667 0.988452 0.935448 0.990209 0.768236 0.724498 0.951254 0.666876 0.806141 0.567721 0.731677 0.649153 0.666841 0.89462 0.664799 0.695499
# obs_se_ind_in
 0.24422 0.262745 0.260171 0.326317 0.24021 0.289712 0.207282 0.286891 0.228253 0.237892 0.214041 0.195761 0.196685 0.219315 0.249333 0.19769 0.18709 0.198042 0.153647 0.1449 0.190251 0.133375 0.161228 0.113544 0.146335 0.129831 0.133368 0.178924 0.13296 0.1391
# nyrs_ind_age
 30
# nyrs_ind_length
 0
# yrs_ind_age_in
 1 2 3 4 5 6 7 8 9 10 11 12 13 14 15 16 17 18 19 20 21 22 23 24 25 26 27 28 29 30
# yrs_ind_length_in

# yrs_ind_age_in
 1 2 3 4 5 6 7 8 9 10 11 12 13 14 15 16 17 18 19 20 21 22 23 24 25 26 27 28 29 30
# n_sample_ind_length_in

# olc_ind_in

# oac_ind_in
 0.085 0.175 0.145 0.11 0.1 0.09 0.05 0.03 0.05 0.025 0.03 0.11
 0.03 0.16 0.175 0.13 0.08 0.08 0.085 0.05 0.05 0.03 0.03 0.1
 0.05 0.12 0.17 0.18 0.085 0.08 0.075 0.075 0.025 0.02 0.015 0.105
 0.055 0.195 0.115 0.155 0.09 0.095 0.055 0.05 0.05 0.03 0.02 0.09
 0.085 0.175 0.12 0.085 0.105 0.09 0.04 0.05 0.055 0.045 0.04 0.11
 0.09 0.1 0.205 0.125 0.07 0.065 0.065 0.05 0.035 0.02 0.035 0.14
 0.065 0.22 0.13 0.135 0.095 0.075 0.055 0.035 0.025 0.045 0.025 0.095
 0.065 0.13 0.155 0.105 0.145 0.07 0.04 0.055 0.05 0.05 0.025 0.11
 0.05 0.185 0.175 0.13 0.11 0.105 0.065 0.05 0.03 0.02 0.015 0.065
 0.115 0.13 0.16 0.135 0.155 0.065 0.065 0.04 0.02 0.025 0.02 0.07
 0.035 0.205 0.135 0.175 0.08 0.105 0.05 0.06 0.035 0.015 0.01 0.095
 0.08 0.12 0.25 0.07 0.12 0.06 0.075 0.01 0.05 0.045 0.02 0.1
 0.155 0.105 0.205 0.15 0.095 0.06 0.055 0.055 0.04 0.025 0.005 0.05
 0.095 0.215 0.145 0.115 0.105 0.095 0.1 0.025 0.03 0.02 0.015 0.04
 0.085 0.23 0.24 0.065 0.09 0.095 0.055 0.04 0.015 0.015 0.025 0.045
 0.11 0.135 0.21 0.215 0.065 0.075 0.03 0.045 0.045 0.015 0.015 0.04
 0.05 0.195 0.19 0.19 0.105 0.04 0.06 0.045 0.035 0.01 0.02 0.06
 0.14 0.16 0.2 0.11 0.15 0.105 0.035 0.03 0.02 0.005 0.005 0.04
 0.13 0.24 0.18 0.145 0.095 0.075 0.06 0.015 0.005 0.02 0.01 0.025
 0.11 0.24 0.17 0.115 0.115 0.065 0.045 0.06 0.015 0.02 0.025 0.02
 0.1 0.18 0.245 0.2 0.055 0.075 0.06 0.03 0.04 0 0 0.015
 0.175 0.175 0.21 0.17 0.095 0.04 0.06 0.01 0.02 0.02 0.005 0.02
 0.1 0.285 0.15 0.165 0.15 0.02 0.035 0.035 0.01 0.02 0.015 0.015
 0.11 0.185 0.29 0.11 0.14 0.05 0.03 0.03 0.01 0.015 0 0.03
 0.185 0.3 0.22 0.1 0.08 0.06 0.03 0.01 0 0 0 0.015
 0.065 0.255 0.235 0.18 0.13 0.035 0.045 0.03 0.005 0.005 0 0.015
 0.165 0.18 0.285 0.195 0.075 0.055 0.015 0.01 0 0.015 0 0.005
 0.12 0.275 0.135 0.19 0.125 0.075 0.03 0.025 0.005 0 0.005 0.015
 0.08 0.25 0.34 0.115 0.08 0.045 0.035 0.02 0.015 0.015 0 0.005
 0.105 0.245 0.265 0.19 0.07 0.065 0.025 0.015 0.01 0.005 0.005 0
# wt_ind
 1 1 1 1 1 1 1 1 1 1 1 1
 1 1 1 1 1 1 1 1 1 1 1 1
 1 1 1 1 1 1 1 1 1 1 1 1
 1 1 1 1 1 1 1 1 1 1 1 1
 1 1 1 1 1 1 1 1 1 1 1 1
 1 1 1 1 1 1 1 1 1 1 1 1
 1 1 1 1 1 1 1 1 1 1 1 1
 1 1 1 1 1 1 1 1 1 1 1 1
 1 1 1 1 1 1 1 1 1 1 1 1
 1 1 1 1 1 1 1 1 1 1 1 1
 1 1 1 1 1 1 1 1 1 1 1 1
 1 1 1 1 1 1 1 1 1 1 1 1
 1 1 1 1 1 1 1 1 1 1 1 1
 1 1 1 1 1 1 1 1 1 1 1 1
 1 1 1 1 1 1 1 1 1 1 1 1
 1 1 1 1 1 1 1 1 1 1 1 1
 1 1 1 1 1 1 1 1 1 1 1 1
 1 1 1 1 1 1 1 1 1 1 1 1
 1 1 1 1 1 1 1 1 1 1 1 1
 1 1 1 1 1 1 1 1 1 1 1 1
 1 1 1 1 1 1 1 1 1 1 1 1
 1 1 1 1 1 1 1 1 1 1 1 1
 1 1 1 1 1 1 1 1 1 1 1 1
 1 1 1 1 1 1 1 1 1 1 1 1
 1 1 1 1 1 1 1 1 1 1 1 1
 1 1 1 1 1 1 1 1 1 1 1 1
 1 1 1 1 1 1 1 1 1 1 1 1
 1 1 1 1 1 1 1 1 1 1 1 1
 1 1 1 1 1 1 1 1 1 1 1 1
 1 1 1 1 1 1 1 1 1 1 1 1
# wt_pop
 0.000530656 0.00119633 0.00205827 0.00303499 0.00405521 0.0050647 0.00602623 0.00691692 0.00772489 0.00844611 0.00908185 0.0096367
# maturity
 0.0229774 0.320821 0.904651 0.99478 0.999739 0.999987 0.999999 1 1 1 1 1
# spawnmo
1
# age_err
 1 0 0 0 0 0 0 0 0 0 0 0
 0 1 0 0 0 0 0 0 0 0 0 0
 0 0 1 0 0 0 0 0 0 0 0 0
 0 0 0 1 0 0 0 0 0 0 0 0
 0 0 0 0 1 0 0 0 0 0 0 0
 0 0 0 0 0 1 0 0 0 0 0 0
 0 0 0 0 0 0 1 0 0 0 0 0
 0 0 0 0 0 0 0 1 0 0 0 0
 0 0 0 0 0 0 0 0 1 0 0 0
 0 0 0 0 0 0 0 0 0 1 0 0
 0 0 0 0 0 0 0 0 0 0 1 0
 0 0 0 0 0 0 0 0 0 0 0 1
# cntrlfile_name
C:\Users\bai.li\DOCUME~1\Github\AGE_ST~1\ASSAMC\example\output\AMAK\s2\amak.dat
# Map shared selectivity: 
# sel_map
 1 2
 1 1
# datafile_name
amak_data.dat
# model_name
AMAK_MCP
# SrType
2
# use_age_err
0
# retro
0
# sigmarprior
0.2
# cvsigmarprior
0.25
# phase_sigmar
-3
# styr_rec_est
1
# endyr_rec_est
30
# Linfprior
80
# cvLinfprior
0.25
# kprior
0.18
# cvkprior
0.25
# Loprior
27.688
# cvLoprior
0.25
# sdageprior
0.1
# cvsdageprior
0.25
# natmortprior
0.2
# cvnatmortprior
0.25
# phase_M
-4
# npars_Mage
0
# ages_M_changes

# Mage_in

# Mage_offset_in

# phase_Mage
-5
# phase_rw_M
0
# npars_rw_M
0
# yrs_rw_M

# sigma_rw_M

# qprior
 3.48998e-007
# cvqprior
 1
# phase_q
 1
# q_power_prior
 1
# cvq_power_prior
 0.2
# phase_q_power
 -4
# phase_rw_q
 -1
# npars_rw_q
 0
# yrs_rw_q

# sigma_rw_q

# q_age_min
 1
# q_age_max
 12
# q_age_min
 1
# q_age_max
 12
# fsh_sel_opt(k)
2
# phase_sel_fsh(k)
2
# n_sel_ch_fsh(k)
1
# sel_slp_in_fsh(k)(1,n_sel_ch_fsh(k))
 1
# sel_inf_in_fsh(k)(1,n_sel_ch_fsh(k))
 2
# logsel_slp_in_fsh(k)(1,n_sel_ch_fsh(k))
 0
# yrs_sel_ch_fsh(k)(1,n_sel_ch_fsh(k))
 1

Survey SURVEY1
# ind_sel_opt(k)
2
# indname(k)
SURVEY1
# nselages_in_ind(k)
11
# phase_sel_ind(k)
2
# sel_change_in_ind(k)
 1 0 0 0 0 0 0 0 0 0 0 0 0 0 0 0 0 0 0 0 0 0 0 0 0 0 0 0 0 0
# n_sel_ch_ind(k)
1
# yrs_sel_ch_ind(k)(1,n_sel_ch_ind(k))
 1
# sel_slp_in_ind(k,1)
2
# sel_inf_in_ind(k,1)
1.5
# logsel_slp_in_ind(k,1)
0.693147
# logsel_slp_in_indv(k)
0.693147
SURVEY1 ind sel opt 2  1 0 0 0 0 0 0 0 0 0 0 0 0 0 0 0 0 0 0 0 0 0 0 0 0 0 0 0 0 0
Phase indices Sel_Coffs:  -1
 Test: 1.23457e+008
# Fshry Selages:  11
# Srvy  Selages:  11
# Phase for age-spec fishery  -1
# Phase for logistic fishery  2
# Phase for dble logistic fishery  -1
# Phase for age-spec indices   -1
# Phase for logistic indices   2
# Phase for dble logistic ind  -1
# Curv_pen_fsh: 
 0
# Curv_pen_ind: 
 0
# styr_fut
31
# endyr_fut
35
# nyrs_fsh_age
 30
# nyrs_fsh_age
 30
# yrs_fsh_age
 1 2 3 4 5 6 7 8 9 10 11 12 13 14 15 16 17 18 19 20 21 22 23 24 25 26 27 28 29 30
# n_sample_fsh_age
 200 200 200 200 200 200 200 200 200 200 200 200 200 200 200 200 200 200 200 200 200 200 200 200 200 200 200 200 200 200
# oac_fsh
 0.065 0.115 0.135 0.115 0.09 0.075 0.085 0.035 0.08 0.03 0.025 0.15
 0.035 0.09 0.145 0.13 0.05 0.07 0.1 0.085 0.07 0.045 0.025 0.155
 0.085 0.085 0.105 0.17 0.13 0.08 0.06 0.05 0.04 0.045 0.015 0.135
 0.04 0.09 0.125 0.11 0.14 0.095 0.1 0.03 0.05 0.07 0.02 0.13
 0.055 0.135 0.09 0.13 0.09 0.12 0.075 0.045 0.06 0.035 0.03 0.135
 0.1 0.08 0.2 0.105 0.105 0.1 0.03 0.025 0.02 0.04 0.035 0.16
 0.07 0.165 0.115 0.15 0.09 0.055 0.06 0.07 0.045 0.035 0.03 0.115
 0.065 0.105 0.2 0.125 0.13 0.05 0.07 0.055 0.025 0.03 0.03 0.115
 0.05 0.15 0.085 0.145 0.11 0.145 0.08 0.03 0.05 0.03 0.015 0.11
 0.14 0.095 0.12 0.105 0.155 0.1 0.06 0.055 0.025 0.015 0.025 0.105
 0.055 0.17 0.14 0.13 0.105 0.105 0.085 0.05 0.04 0.025 0.01 0.085
 0.06 0.125 0.18 0.085 0.11 0.095 0.105 0.055 0.035 0.035 0.015 0.1
 0.155 0.115 0.115 0.18 0.09 0.065 0.055 0.07 0.045 0.02 0 0.09
 0.11 0.19 0.12 0.095 0.16 0.05 0.09 0.035 0.035 0.01 0.03 0.075
 0.08 0.22 0.215 0.105 0.105 0.08 0.045 0.02 0.015 0.05 0.01 0.055
 0.15 0.13 0.18 0.17 0.075 0.07 0.1 0.015 0.035 0.01 0.015 0.05
 0.1 0.18 0.165 0.15 0.12 0.055 0.03 0.065 0.035 0.035 0.02 0.045
 0.095 0.16 0.2 0.14 0.155 0.095 0.015 0.025 0.045 0.015 0.02 0.035
 0.14 0.12 0.17 0.17 0.095 0.12 0.08 0.01 0.025 0.015 0.015 0.04
 0.13 0.195 0.17 0.1 0.11 0.085 0.085 0.07 0.005 0.005 0.005 0.04
 0.08 0.18 0.2 0.125 0.095 0.12 0.055 0.06 0.015 0.01 0.01 0.05
 0.2 0.19 0.17 0.165 0.075 0.07 0.045 0.015 0.015 0.015 0.015 0.025
 0.165 0.26 0.145 0.16 0.105 0.08 0.015 0.015 0.015 0.005 0.02 0.015
 0.185 0.205 0.155 0.165 0.125 0.07 0.015 0.01 0.015 0.01 0.015 0.03
 0.165 0.255 0.175 0.165 0.08 0.06 0.045 0.025 0 0.02 0 0.01
 0.08 0.235 0.245 0.17 0.12 0.05 0.045 0.01 0.025 0.005 0.005 0.01
 0.205 0.135 0.27 0.13 0.145 0.055 0.03 0.005 0.02 0 0 0.005
 0.155 0.215 0.135 0.2 0.145 0.06 0.04 0.03 0.015 0 0.005 0
 0.12 0.22 0.285 0.095 0.135 0.055 0.035 0.025 0.005 0.01 0.005 0.01
 0.15 0.175 0.22 0.165 0.07 0.07 0.055 0.05 0.01 0.02 0.01 0.005
# olc_fsh

# wt_fsh
 0.000530656 0.00119633 0.00205827 0.00303499 0.00405521 0.0050647 0.00602623 0.00691692 0.00772489 0.00844611 0.00908185 0.0096367
 0.000530656 0.00119633 0.00205827 0.00303499 0.00405521 0.0050647 0.00602623 0.00691692 0.00772489 0.00844611 0.00908185 0.0096367
 0.000530656 0.00119633 0.00205827 0.00303499 0.00405521 0.0050647 0.00602623 0.00691692 0.00772489 0.00844611 0.00908185 0.0096367
 0.000530656 0.00119633 0.00205827 0.00303499 0.00405521 0.0050647 0.00602623 0.00691692 0.00772489 0.00844611 0.00908185 0.0096367
 0.000530656 0.00119633 0.00205827 0.00303499 0.00405521 0.0050647 0.00602623 0.00691692 0.00772489 0.00844611 0.00908185 0.0096367
 0.000530656 0.00119633 0.00205827 0.00303499 0.00405521 0.0050647 0.00602623 0.00691692 0.00772489 0.00844611 0.00908185 0.0096367
 0.000530656 0.00119633 0.00205827 0.00303499 0.00405521 0.0050647 0.00602623 0.00691692 0.00772489 0.00844611 0.00908185 0.0096367
 0.000530656 0.00119633 0.00205827 0.00303499 0.00405521 0.0050647 0.00602623 0.00691692 0.00772489 0.00844611 0.00908185 0.0096367
 0.000530656 0.00119633 0.00205827 0.00303499 0.00405521 0.0050647 0.00602623 0.00691692 0.00772489 0.00844611 0.00908185 0.0096367
 0.000530656 0.00119633 0.00205827 0.00303499 0.00405521 0.0050647 0.00602623 0.00691692 0.00772489 0.00844611 0.00908185 0.0096367
 0.000530656 0.00119633 0.00205827 0.00303499 0.00405521 0.0050647 0.00602623 0.00691692 0.00772489 0.00844611 0.00908185 0.0096367
 0.000530656 0.00119633 0.00205827 0.00303499 0.00405521 0.0050647 0.00602623 0.00691692 0.00772489 0.00844611 0.00908185 0.0096367
 0.000530656 0.00119633 0.00205827 0.00303499 0.00405521 0.0050647 0.00602623 0.00691692 0.00772489 0.00844611 0.00908185 0.0096367
 0.000530656 0.00119633 0.00205827 0.00303499 0.00405521 0.0050647 0.00602623 0.00691692 0.00772489 0.00844611 0.00908185 0.0096367
 0.000530656 0.00119633 0.00205827 0.00303499 0.00405521 0.0050647 0.00602623 0.00691692 0.00772489 0.00844611 0.00908185 0.0096367
 0.000530656 0.00119633 0.00205827 0.00303499 0.00405521 0.0050647 0.00602623 0.00691692 0.00772489 0.00844611 0.00908185 0.0096367
 0.000530656 0.00119633 0.00205827 0.00303499 0.00405521 0.0050647 0.00602623 0.00691692 0.00772489 0.00844611 0.00908185 0.0096367
 0.000530656 0.00119633 0.00205827 0.00303499 0.00405521 0.0050647 0.00602623 0.00691692 0.00772489 0.00844611 0.00908185 0.0096367
 0.000530656 0.00119633 0.00205827 0.00303499 0.00405521 0.0050647 0.00602623 0.00691692 0.00772489 0.00844611 0.00908185 0.0096367
 0.000530656 0.00119633 0.00205827 0.00303499 0.00405521 0.0050647 0.00602623 0.00691692 0.00772489 0.00844611 0.00908185 0.0096367
 0.000530656 0.00119633 0.00205827 0.00303499 0.00405521 0.0050647 0.00602623 0.00691692 0.00772489 0.00844611 0.00908185 0.0096367
 0.000530656 0.00119633 0.00205827 0.00303499 0.00405521 0.0050647 0.00602623 0.00691692 0.00772489 0.00844611 0.00908185 0.0096367
 0.000530656 0.00119633 0.00205827 0.00303499 0.00405521 0.0050647 0.00602623 0.00691692 0.00772489 0.00844611 0.00908185 0.0096367
 0.000530656 0.00119633 0.00205827 0.00303499 0.00405521 0.0050647 0.00602623 0.00691692 0.00772489 0.00844611 0.00908185 0.0096367
 0.000530656 0.00119633 0.00205827 0.00303499 0.00405521 0.0050647 0.00602623 0.00691692 0.00772489 0.00844611 0.00908185 0.0096367
 0.000530656 0.00119633 0.00205827 0.00303499 0.00405521 0.0050647 0.00602623 0.00691692 0.00772489 0.00844611 0.00908185 0.0096367
 0.000530656 0.00119633 0.00205827 0.00303499 0.00405521 0.0050647 0.00602623 0.00691692 0.00772489 0.00844611 0.00908185 0.0096367
 0.000530656 0.00119633 0.00205827 0.00303499 0.00405521 0.0050647 0.00602623 0.00691692 0.00772489 0.00844611 0.00908185 0.0096367
 0.000530656 0.00119633 0.00205827 0.00303499 0.00405521 0.0050647 0.00602623 0.00691692 0.00772489 0.00844611 0.00908185 0.0096367
 0.000530656 0.00119633 0.00205827 0.00303499 0.00405521 0.0050647 0.00602623 0.00691692 0.00772489 0.00844611 0.00908185 0.0096367
# nyrs_ind_age
 30
# yrs_ind_age
 1 2 3 4 5 6 7 8 9 10 11 12 13 14 15 16 17 18 19 20 21 22 23 24 25 26 27 28 29 30
# n_sample_ind_age
 200 200 200 200 200 200 200 200 200 200 200 200 200 200 200 200 200 200 200 200 200 200 200 200 200 200 200 200 200 200
# oac_ind
 0.085 0.175 0.145 0.11 0.1 0.09 0.05 0.03 0.05 0.025 0.03 0.11
 0.03 0.16 0.175 0.13 0.08 0.08 0.085 0.05 0.05 0.03 0.03 0.1
 0.05 0.12 0.17 0.18 0.085 0.08 0.075 0.075 0.025 0.02 0.015 0.105
 0.055 0.195 0.115 0.155 0.09 0.095 0.055 0.05 0.05 0.03 0.02 0.09
 0.085 0.175 0.12 0.085 0.105 0.09 0.04 0.05 0.055 0.045 0.04 0.11
 0.09 0.1 0.205 0.125 0.07 0.065 0.065 0.05 0.035 0.02 0.035 0.14
 0.065 0.22 0.13 0.135 0.095 0.075 0.055 0.035 0.025 0.045 0.025 0.095
 0.065 0.13 0.155 0.105 0.145 0.07 0.04 0.055 0.05 0.05 0.025 0.11
 0.05 0.185 0.175 0.13 0.11 0.105 0.065 0.05 0.03 0.02 0.015 0.065
 0.115 0.13 0.16 0.135 0.155 0.065 0.065 0.04 0.02 0.025 0.02 0.07
 0.035 0.205 0.135 0.175 0.08 0.105 0.05 0.06 0.035 0.015 0.01 0.095
 0.08 0.12 0.25 0.07 0.12 0.06 0.075 0.01 0.05 0.045 0.02 0.1
 0.155 0.105 0.205 0.15 0.095 0.06 0.055 0.055 0.04 0.025 0.005 0.05
 0.095 0.215 0.145 0.115 0.105 0.095 0.1 0.025 0.03 0.02 0.015 0.04
 0.085 0.23 0.24 0.065 0.09 0.095 0.055 0.04 0.015 0.015 0.025 0.045
 0.11 0.135 0.21 0.215 0.065 0.075 0.03 0.045 0.045 0.015 0.015 0.04
 0.05 0.195 0.19 0.19 0.105 0.04 0.06 0.045 0.035 0.01 0.02 0.06
 0.14 0.16 0.2 0.11 0.15 0.105 0.035 0.03 0.02 0.005 0.005 0.04
 0.13 0.24 0.18 0.145 0.095 0.075 0.06 0.015 0.005 0.02 0.01 0.025
 0.11 0.24 0.17 0.115 0.115 0.065 0.045 0.06 0.015 0.02 0.025 0.02
 0.1 0.18 0.245 0.2 0.055 0.075 0.06 0.03 0.04 0 0 0.015
 0.175 0.175 0.21 0.17 0.095 0.04 0.06 0.01 0.02 0.02 0.005 0.02
 0.1 0.285 0.15 0.165 0.15 0.02 0.035 0.035 0.01 0.02 0.015 0.015
 0.11 0.185 0.29 0.11 0.14 0.05 0.03 0.03 0.01 0.015 0 0.03
 0.185 0.3 0.22 0.1 0.08 0.06 0.03 0.01 0 0 0 0.015
 0.065 0.255 0.235 0.18 0.13 0.035 0.045 0.03 0.005 0.005 0 0.015
 0.165 0.18 0.285 0.195 0.075 0.055 0.015 0.01 0 0.015 0 0.005
 0.12 0.275 0.135 0.19 0.125 0.075 0.03 0.025 0.005 0 0.005 0.015
 0.08 0.25 0.34 0.115 0.08 0.045 0.035 0.02 0.015 0.015 0 0.005
 0.105 0.245 0.265 0.19 0.07 0.065 0.025 0.015 0.01 0.005 0.005 0
# olc_ind

# obs_lse_ind
 0.198042 0.198042 0.198042 0.198042 0.198042 0.198042 0.198042 0.198042 0.198042 0.198042 0.198042 0.198042 0.198042 0.198042 0.198042 0.198042 0.198042 0.198042 0.198042 0.198042 0.198042 0.198042 0.198042 0.198042 0.198042 0.198042 0.198042 0.198042 0.198042 0.198042
# xages_fsh
 0 0 0 0 0 0 0 0 0 0 0 0
# xages_fsh
 0 0.0909091 0.181818 0.272727 0.363636 0.454545 0.545455 0.636364 0.727273 0.818182 0.909091 1
# xnodes_fsh

Yrs fsh_sel change:  1 0 0 0 0 0 0 0 0 0 0 0 0 0 0 0 0 0 0 0 0 0 0 0 0 0 0 0 0
Yrs ind_sel change:  1 0 0 0 0 0 0 0 0 0 0 0 0 0 0 0 0 0 0 0 0 0 0 0 0 0 0 0 0
# steepnessprior
0.75
# sigmarprior
0.2
#  SSB estimated in styr endyr: -13 28 
#  Rec estimated in styr endyr: -11 30 
#  SR Curve fit  in styr endyr: 1 30 
#             Model styr endyr: 1 30 
# qprior
 3.48998e-007
# q_power_prior 
 1 
# cv_catchbiomass 
0.05 
# CatchbiomassPen 
200 
# Number of projection years 
5 
# offset_fsh
 13345.9
# offset_ind
 13023.9
Mean Catch
1337.41
R_guess 
15.4586
# nfsh
1
# n_sel_ch_fsh
 1
# nselages_fsh
 11
# phase_selcoff_fsh
 -1
logRzero 15.4586
logmeanrec 15.4586
exp(log_sigmarprior 0.2
Fish sel phase: -1 FLEET1
Fixing fishery sel to
1
Srvy sel phase: -1
Fixing SURVEY1 indices sel to
1
# logsel_slp_in_indv
 0.693147
Leaving parameter init secton
# M
 0.2 0.2 0.2 0.2 0.2 0.2 0.2 0.2 0.2 0.2 0.2 0.2
 0.2 0.2 0.2 0.2 0.2 0.2 0.2 0.2 0.2 0.2 0.2 0.2
 0.2 0.2 0.2 0.2 0.2 0.2 0.2 0.2 0.2 0.2 0.2 0.2
 0.2 0.2 0.2 0.2 0.2 0.2 0.2 0.2 0.2 0.2 0.2 0.2
 0.2 0.2 0.2 0.2 0.2 0.2 0.2 0.2 0.2 0.2 0.2 0.2
 0.2 0.2 0.2 0.2 0.2 0.2 0.2 0.2 0.2 0.2 0.2 0.2
 0.2 0.2 0.2 0.2 0.2 0.2 0.2 0.2 0.2 0.2 0.2 0.2
 0.2 0.2 0.2 0.2 0.2 0.2 0.2 0.2 0.2 0.2 0.2 0.2
 0.2 0.2 0.2 0.2 0.2 0.2 0.2 0.2 0.2 0.2 0.2 0.2
 0.2 0.2 0.2 0.2 0.2 0.2 0.2 0.2 0.2 0.2 0.2 0.2
 0.2 0.2 0.2 0.2 0.2 0.2 0.2 0.2 0.2 0.2 0.2 0.2
 0.2 0.2 0.2 0.2 0.2 0.2 0.2 0.2 0.2 0.2 0.2 0.2
 0.2 0.2 0.2 0.2 0.2 0.2 0.2 0.2 0.2 0.2 0.2 0.2
 0.2 0.2 0.2 0.2 0.2 0.2 0.2 0.2 0.2 0.2 0.2 0.2
 0.2 0.2 0.2 0.2 0.2 0.2 0.2 0.2 0.2 0.2 0.2 0.2
 0.2 0.2 0.2 0.2 0.2 0.2 0.2 0.2 0.2 0.2 0.2 0.2
 0.2 0.2 0.2 0.2 0.2 0.2 0.2 0.2 0.2 0.2 0.2 0.2
 0.2 0.2 0.2 0.2 0.2 0.2 0.2 0.2 0.2 0.2 0.2 0.2
 0.2 0.2 0.2 0.2 0.2 0.2 0.2 0.2 0.2 0.2 0.2 0.2
 0.2 0.2 0.2 0.2 0.2 0.2 0.2 0.2 0.2 0.2 0.2 0.2
 0.2 0.2 0.2 0.2 0.2 0.2 0.2 0.2 0.2 0.2 0.2 0.2
 0.2 0.2 0.2 0.2 0.2 0.2 0.2 0.2 0.2 0.2 0.2 0.2
 0.2 0.2 0.2 0.2 0.2 0.2 0.2 0.2 0.2 0.2 0.2 0.2
 0.2 0.2 0.2 0.2 0.2 0.2 0.2 0.2 0.2 0.2 0.2 0.2
 0.2 0.2 0.2 0.2 0.2 0.2 0.2 0.2 0.2 0.2 0.2 0.2
 0.2 0.2 0.2 0.2 0.2 0.2 0.2 0.2 0.2 0.2 0.2 0.2
 0.2 0.2 0.2 0.2 0.2 0.2 0.2 0.2 0.2 0.2 0.2 0.2
 0.2 0.2 0.2 0.2 0.2 0.2 0.2 0.2 0.2 0.2 0.2 0.2
 0.2 0.2 0.2 0.2 0.2 0.2 0.2 0.2 0.2 0.2 0.2 0.2
 0.2 0.2 0.2 0.2 0.2 0.2 0.2 0.2 0.2 0.2 0.2 0.2
# mean_log_rec
13.7213
# log_Rzero
13.8387
# rec_dev
 -0.0930953 -0.111616 -0.0964824 -0.134344 0.0128226 -0.0902877 0.0782316 0.128045 -0.0174142 -0.0501949 0.0643056 0.211007 0.0943241 -0.0903269 0.0571037 0.305205 0.0396615 0.370241 -0.0267295 0.130981 -0.162733 0.272991 -0.147211 -0.324821 0.351085 0.278126 -0.0420678 0.152721 -0.191996 -0.0713299 0.0941958 0.0237243 -0.165245 0.155948 0.053043 0.147689 0.185842 -0.391233 0.203223 0.0144936 -0.232507 -0.197083
# fmort
 0.00959987 0.027827 0.0459374 0.0616767 0.0492707 0.0892531 0.0904687 0.193037 0.114179 0.138608 0.157106 0.168412 0.122158 0.176994 0.189034 0.169008 0.331698 0.274304 0.269707 0.264023 0.363785 0.264535 0.436999 0.356721 0.362779 0.329204 0.325514 0.457716 0.356012 0.55812
# rec_dev_future
 0 0 0 0 0
