AMAK;Mar 2020
# styr
1
# endyr
30
# rec_age
1
# oldest_age
12
# nlength
81
# len_bins
 10 11 12 13 14 15 16 17 18 19 20 21 22 23 24 25 26 27 28 29 30 31 32 33 34 35 36 37 38 39 40 41 42 43 44 45 46 47 48 49 50 51 52 53 54 55 56 57 58 59 60 61 62 63 64 65 66 67 68 69 70 71 72 73 74 75 76 77 78 79 80 81 82 83 84 85 86 87 88 89 90
# datafile_name
amak_data.dat
# model_name
AMAK_MCP
# styr
1
# endyr
30
# rec_age
1
# oldest_age
12
# nfsh
1
# fshname
FLEET1
# catch_bio_in
 162.093 462.639 748.058 992.603 759.957 1318.88 1237.74 2385.14 1256.09 1428.81 1476.98 1478.02 996.603 1387.79 1395.27 1164.25 2035.17 1419.32 1262.96 1186.33 1508.53 1020.07 1514.65 1087.15 996.379 857.587 813.421 1096.39 817.811 1184.8
# catch_bio_sd_in
 0.01 0.01 0.01 0.01 0.01 0.01 0.01 0.01 0.01 0.01 0.01 0.01 0.01 0.01 0.01 0.01 0.01 0.01 0.01 0.01 0.01 0.01 0.01 0.01 0.01 0.01 0.01 0.01 0.01 0.01
# nyrs_fsh_age
 30
# nyrs_fsh_length
 0
# yrs_fsh_age_in
 1 2 3 4 5 6 7 8 9 10 11 12 13 14 15 16 17 18 19 20 21 22 23 24 25 26 27 28 29 30
# yrs_fsh_length_in

# n_sample_fsh_length_in

# olc_fsh_in

# nind
1
# indname
SURVEY1
# nyrs_ind
 30
# yrs_ind_in
 1 2 3 4 5 6 7 8 9 10 11 12 13 14 15 16 17 18 19 20 21 22 23 24 25 26 27 28 29 30
# mo_ind
 1
# obs_ind_in
 1.596 1.57861 1.39612 1.75168 1.51156 1.38596 1.63408 1.62038 1.32889 1.21284 1.15663 0.823094 1.09502 0.946951 0.911538 0.900143 1.0019 0.729137 0.59798 0.710898 0.657401 0.931793 0.666992 0.577134 0.528759 0.500065 0.550765 0.529228 0.57417 0.535262
# obs_se_ind_in
 0.319199 0.315722 0.279225 0.350337 0.302311 0.277192 0.326815 0.324076 0.265778 0.242569 0.231326 0.164619 0.219003 0.18939 0.182308 0.180029 0.200379 0.145827 0.119596 0.14218 0.13148 0.186359 0.133398 0.115427 0.105752 0.100013 0.110153 0.105846 0.114834 0.107052
# nyrs_ind_age
 30
# nyrs_ind_length
 0
# yrs_ind_age_in
 1 2 3 4 5 6 7 8 9 10 11 12 13 14 15 16 17 18 19 20 21 22 23 24 25 26 27 28 29 30
# yrs_ind_length_in

# yrs_ind_age_in
 1 2 3 4 5 6 7 8 9 10 11 12 13 14 15 16 17 18 19 20 21 22 23 24 25 26 27 28 29 30
# n_sample_ind_length_in

# olc_ind_in

# oac_ind_in
 0.05 0.18 0.18 0.125 0.08 0.065 0.055 0.03 0.05 0.025 0.04 0.12
 0.095 0.13 0.1 0.11 0.145 0.085 0.06 0.035 0.035 0.025 0.015 0.165
 0.085 0.145 0.105 0.12 0.12 0.065 0.045 0.07 0.06 0.05 0.02 0.115
 0.03 0.17 0.135 0.08 0.075 0.095 0.075 0.06 0.075 0.05 0.01 0.145
 0.075 0.115 0.245 0.145 0.065 0.07 0.065 0.025 0.04 0.035 0.015 0.105
 0.085 0.135 0.14 0.15 0.135 0.045 0.085 0.045 0.03 0.02 0.045 0.085
 0.095 0.16 0.16 0.11 0.135 0.065 0.055 0.05 0.02 0.04 0.02 0.09
 0.06 0.19 0.16 0.11 0.06 0.06 0.1 0.025 0.045 0.05 0.02 0.12
 0.055 0.115 0.19 0.195 0.065 0.065 0.095 0.07 0.06 0.02 0.02 0.05
 0.045 0.215 0.125 0.14 0.115 0.085 0.04 0.05 0.025 0.015 0.03 0.115
 0.055 0.16 0.165 0.085 0.15 0.085 0.07 0.03 0.045 0.04 0.005 0.11
 0.06 0.16 0.195 0.135 0.09 0.065 0.065 0.045 0.03 0.05 0.03 0.075
 0.03 0.165 0.23 0.175 0.105 0.035 0.05 0.065 0.045 0.025 0.025 0.05
 0.09 0.225 0.135 0.13 0.11 0.065 0.03 0.07 0.02 0.06 0.005 0.06
 0.09 0.195 0.235 0.15 0.095 0.085 0.03 0.01 0.055 0.015 0.01 0.03
 0.065 0.14 0.2 0.165 0.08 0.095 0.07 0.02 0.03 0.035 0.025 0.075
 0.06 0.2 0.14 0.145 0.15 0.06 0.065 0.05 0.035 0.005 0.01 0.08
 0.12 0.155 0.245 0.105 0.095 0.095 0.045 0.06 0.03 0 0.015 0.035
 0.14 0.22 0.175 0.125 0.06 0.1 0.05 0.04 0.03 0.02 0.005 0.035
 0.095 0.29 0.225 0.09 0.075 0.035 0.035 0.07 0.015 0.03 0.015 0.025
 0.065 0.24 0.265 0.165 0.075 0.05 0.03 0.03 0.02 0.005 0 0.055
 0.09 0.215 0.26 0.16 0.1 0.05 0.03 0.035 0.02 0.02 0 0.02
 0.135 0.2 0.155 0.19 0.11 0.075 0.045 0.02 0.005 0.03 0.01 0.025
 0.08 0.24 0.225 0.155 0.085 0.07 0.06 0.015 0.02 0.01 0.015 0.025
 0.09 0.24 0.29 0.095 0.1 0.075 0.04 0.03 0.01 0.01 0 0.02
 0.13 0.2 0.185 0.2 0.135 0.045 0.03 0.04 0.005 0.01 0.01 0.01
 0.11 0.25 0.185 0.15 0.145 0.075 0.035 0.02 0.02 0.005 0.005 0
 0.18 0.28 0.22 0.075 0.095 0.05 0.06 0.01 0.005 0.015 0 0.01
 0.12 0.32 0.145 0.155 0.095 0.065 0.02 0.02 0.02 0.015 0.01 0.015
 0.12 0.225 0.275 0.145 0.125 0.035 0.015 0.025 0.015 0.01 0.005 0.005
# wt_ind
 1 1 1 1 1 1 1 1 1 1 1 1
 1 1 1 1 1 1 1 1 1 1 1 1
 1 1 1 1 1 1 1 1 1 1 1 1
 1 1 1 1 1 1 1 1 1 1 1 1
 1 1 1 1 1 1 1 1 1 1 1 1
 1 1 1 1 1 1 1 1 1 1 1 1
 1 1 1 1 1 1 1 1 1 1 1 1
 1 1 1 1 1 1 1 1 1 1 1 1
 1 1 1 1 1 1 1 1 1 1 1 1
 1 1 1 1 1 1 1 1 1 1 1 1
 1 1 1 1 1 1 1 1 1 1 1 1
 1 1 1 1 1 1 1 1 1 1 1 1
 1 1 1 1 1 1 1 1 1 1 1 1
 1 1 1 1 1 1 1 1 1 1 1 1
 1 1 1 1 1 1 1 1 1 1 1 1
 1 1 1 1 1 1 1 1 1 1 1 1
 1 1 1 1 1 1 1 1 1 1 1 1
 1 1 1 1 1 1 1 1 1 1 1 1
 1 1 1 1 1 1 1 1 1 1 1 1
 1 1 1 1 1 1 1 1 1 1 1 1
 1 1 1 1 1 1 1 1 1 1 1 1
 1 1 1 1 1 1 1 1 1 1 1 1
 1 1 1 1 1 1 1 1 1 1 1 1
 1 1 1 1 1 1 1 1 1 1 1 1
 1 1 1 1 1 1 1 1 1 1 1 1
 1 1 1 1 1 1 1 1 1 1 1 1
 1 1 1 1 1 1 1 1 1 1 1 1
 1 1 1 1 1 1 1 1 1 1 1 1
 1 1 1 1 1 1 1 1 1 1 1 1
 1 1 1 1 1 1 1 1 1 1 1 1
# wt_pop
 0.000530656 0.00119633 0.00205827 0.00303499 0.00405521 0.0050647 0.00602623 0.00691692 0.00772489 0.00844611 0.00908185 0.0096367
# maturity
 0.0229774 0.320821 0.904651 0.99478 0.999739 0.999987 0.999999 1 1 1 1 1
# spawnmo
1
# age_err
 1 0 0 0 0 0 0 0 0 0 0 0
 0 1 0 0 0 0 0 0 0 0 0 0
 0 0 1 0 0 0 0 0 0 0 0 0
 0 0 0 1 0 0 0 0 0 0 0 0
 0 0 0 0 1 0 0 0 0 0 0 0
 0 0 0 0 0 1 0 0 0 0 0 0
 0 0 0 0 0 0 1 0 0 0 0 0
 0 0 0 0 0 0 0 1 0 0 0 0
 0 0 0 0 0 0 0 0 1 0 0 0
 0 0 0 0 0 0 0 0 0 1 0 0
 0 0 0 0 0 0 0 0 0 0 1 0
 0 0 0 0 0 0 0 0 0 0 0 1
# cntrlfile_name
C:\Users\bai.li\DOCUME~1\Github\AGE_ST~1\ASSAMC\example\output\AMAK\s23\amak.dat
# Map shared selectivity: 
# sel_map
 1 2
 1 1
# datafile_name
amak_data.dat
# model_name
AMAK_MCP
# SrType
2
# use_age_err
0
# retro
0
# sigmarprior
0.2
# cvsigmarprior
0.25
# phase_sigmar
-3
# styr_rec_est
1
# endyr_rec_est
30
# Linfprior
80
# cvLinfprior
0.25
# kprior
0.18
# cvkprior
0.25
# Loprior
27.688
# cvLoprior
0.25
# sdageprior
0.1
# cvsdageprior
0.25
# natmortprior
0.2
# cvnatmortprior
0.25
# phase_M
-4
# npars_Mage
0
# ages_M_changes

# Mage_in

# Mage_offset_in

# phase_Mage
-5
# phase_rw_M
0
# npars_rw_M
0
# yrs_rw_M

# sigma_rw_M

# qprior
 3.48998e-007
# cvqprior
 1
# phase_q
 1
# q_power_prior
 1
# cvq_power_prior
 0.2
# phase_q_power
 -4
# phase_rw_q
 -1
# npars_rw_q
 0
# yrs_rw_q

# sigma_rw_q

# q_age_min
 1
# q_age_max
 12
# q_age_min
 1
# q_age_max
 12
# fsh_sel_opt(k)
2
# phase_sel_fsh(k)
2
# n_sel_ch_fsh(k)
1
# sel_slp_in_fsh(k)(1,n_sel_ch_fsh(k))
 1
# sel_inf_in_fsh(k)(1,n_sel_ch_fsh(k))
 2
# logsel_slp_in_fsh(k)(1,n_sel_ch_fsh(k))
 0
# yrs_sel_ch_fsh(k)(1,n_sel_ch_fsh(k))
 1

Survey SURVEY1
# ind_sel_opt(k)
2
# indname(k)
SURVEY1
# nselages_in_ind(k)
11
# phase_sel_ind(k)
2
# sel_change_in_ind(k)
 1 0 0 0 0 0 0 0 0 0 0 0 0 0 0 0 0 0 0 0 0 0 0 0 0 0 0 0 0 0
# n_sel_ch_ind(k)
1
# yrs_sel_ch_ind(k)(1,n_sel_ch_ind(k))
 1
# sel_slp_in_ind(k,1)
2
# sel_inf_in_ind(k,1)
1.5
# logsel_slp_in_ind(k,1)
0.693147
# logsel_slp_in_indv(k)
0.693147
SURVEY1 ind sel opt 2  1 0 0 0 0 0 0 0 0 0 0 0 0 0 0 0 0 0 0 0 0 0 0 0 0 0 0 0 0 0
Phase indices Sel_Coffs:  -1
 Test: 1.23457e+008
# Fshry Selages:  11
# Srvy  Selages:  11
# Phase for age-spec fishery  -1
# Phase for logistic fishery  2
# Phase for dble logistic fishery  -1
# Phase for age-spec indices   -1
# Phase for logistic indices   2
# Phase for dble logistic ind  -1
# Curv_pen_fsh: 
 0
# Curv_pen_ind: 
 0
# styr_fut
31
# endyr_fut
35
# nyrs_fsh_age
 30
# nyrs_fsh_age
 30
# yrs_fsh_age
 1 2 3 4 5 6 7 8 9 10 11 12 13 14 15 16 17 18 19 20 21 22 23 24 25 26 27 28 29 30
# n_sample_fsh_age
 200 200 200 200 200 200 200 200 200 200 200 200 200 200 200 200 200 200 200 200 200 200 200 200 200 200 200 200 200 200
# oac_fsh
 0.08 0.11 0.115 0.115 0.115 0.075 0.095 0.04 0.06 0.025 0.045 0.125
 0.105 0.07 0.095 0.11 0.14 0.075 0.085 0.08 0.06 0.03 0.02 0.13
 0.105 0.155 0.11 0.115 0.125 0.07 0.06 0.05 0.035 0.035 0.005 0.135
 0.07 0.165 0.18 0.1 0.085 0.06 0.06 0.05 0.055 0.045 0.015 0.115
 0.085 0.085 0.17 0.13 0.09 0.065 0.105 0.06 0.04 0.045 0.02 0.105
 0.095 0.095 0.115 0.14 0.135 0.085 0.06 0.045 0.015 0.035 0.025 0.155
 0.085 0.125 0.14 0.055 0.12 0.115 0.055 0.08 0.045 0.035 0.035 0.11
 0.035 0.165 0.16 0.08 0.05 0.125 0.095 0.055 0.05 0.05 0.01 0.125
 0.045 0.15 0.2 0.125 0.08 0.035 0.075 0.055 0.035 0.03 0.035 0.135
 0.135 0.12 0.08 0.14 0.105 0.04 0.11 0.065 0.08 0.035 0.005 0.085
 0.085 0.13 0.185 0.065 0.155 0.095 0.055 0.03 0.05 0.02 0.035 0.095
 0.09 0.16 0.19 0.125 0.07 0.065 0.1 0.03 0.035 0.03 0.02 0.085
 0.1 0.1 0.17 0.165 0.125 0.04 0.045 0.07 0.045 0.02 0.04 0.08
 0.12 0.14 0.135 0.135 0.11 0.1 0.025 0.055 0.06 0.02 0.005 0.095
 0.075 0.165 0.15 0.145 0.115 0.115 0.07 0.05 0.03 0.005 0.01 0.07
 0.065 0.145 0.23 0.18 0.085 0.09 0.05 0.02 0.02 0.025 0.015 0.075
 0.065 0.12 0.2 0.165 0.175 0.06 0.07 0.045 0.02 0.025 0.025 0.03
 0.11 0.09 0.21 0.125 0.11 0.115 0.06 0.05 0.045 0.015 0.01 0.06
 0.155 0.195 0.175 0.145 0.07 0.065 0.06 0.04 0.035 0.02 0.005 0.035
 0.15 0.22 0.21 0.095 0.095 0.045 0.055 0.035 0.015 0.005 0.02 0.055
 0.115 0.18 0.135 0.215 0.1 0.07 0.05 0.04 0.01 0.015 0.02 0.05
 0.135 0.145 0.23 0.215 0.1 0.045 0.055 0.025 0.02 0.02 0.005 0.005
 0.105 0.195 0.145 0.215 0.16 0.07 0.03 0.025 0.01 0.02 0.005 0.02
 0.17 0.195 0.215 0.105 0.115 0.055 0.05 0.035 0.035 0.015 0 0.01
 0.1 0.2 0.23 0.18 0.085 0.06 0.075 0.02 0.015 0.015 0.005 0.015
 0.14 0.16 0.23 0.18 0.1 0.06 0.05 0.025 0.025 0.015 0.005 0.01
 0.165 0.235 0.155 0.12 0.105 0.09 0.06 0.03 0.01 0.015 0.005 0.01
 0.26 0.2 0.19 0.105 0.11 0.05 0.045 0.005 0.01 0.015 0 0.01
 0.125 0.345 0.21 0.125 0.075 0.05 0.04 0.01 0.015 0 0 0.005
 0.11 0.25 0.33 0.125 0.075 0.045 0.02 0.015 0.005 0.01 0.005 0.01
# olc_fsh

# wt_fsh
 0.000530656 0.00119633 0.00205827 0.00303499 0.00405521 0.0050647 0.00602623 0.00691692 0.00772489 0.00844611 0.00908185 0.0096367
 0.000530656 0.00119633 0.00205827 0.00303499 0.00405521 0.0050647 0.00602623 0.00691692 0.00772489 0.00844611 0.00908185 0.0096367
 0.000530656 0.00119633 0.00205827 0.00303499 0.00405521 0.0050647 0.00602623 0.00691692 0.00772489 0.00844611 0.00908185 0.0096367
 0.000530656 0.00119633 0.00205827 0.00303499 0.00405521 0.0050647 0.00602623 0.00691692 0.00772489 0.00844611 0.00908185 0.0096367
 0.000530656 0.00119633 0.00205827 0.00303499 0.00405521 0.0050647 0.00602623 0.00691692 0.00772489 0.00844611 0.00908185 0.0096367
 0.000530656 0.00119633 0.00205827 0.00303499 0.00405521 0.0050647 0.00602623 0.00691692 0.00772489 0.00844611 0.00908185 0.0096367
 0.000530656 0.00119633 0.00205827 0.00303499 0.00405521 0.0050647 0.00602623 0.00691692 0.00772489 0.00844611 0.00908185 0.0096367
 0.000530656 0.00119633 0.00205827 0.00303499 0.00405521 0.0050647 0.00602623 0.00691692 0.00772489 0.00844611 0.00908185 0.0096367
 0.000530656 0.00119633 0.00205827 0.00303499 0.00405521 0.0050647 0.00602623 0.00691692 0.00772489 0.00844611 0.00908185 0.0096367
 0.000530656 0.00119633 0.00205827 0.00303499 0.00405521 0.0050647 0.00602623 0.00691692 0.00772489 0.00844611 0.00908185 0.0096367
 0.000530656 0.00119633 0.00205827 0.00303499 0.00405521 0.0050647 0.00602623 0.00691692 0.00772489 0.00844611 0.00908185 0.0096367
 0.000530656 0.00119633 0.00205827 0.00303499 0.00405521 0.0050647 0.00602623 0.00691692 0.00772489 0.00844611 0.00908185 0.0096367
 0.000530656 0.00119633 0.00205827 0.00303499 0.00405521 0.0050647 0.00602623 0.00691692 0.00772489 0.00844611 0.00908185 0.0096367
 0.000530656 0.00119633 0.00205827 0.00303499 0.00405521 0.0050647 0.00602623 0.00691692 0.00772489 0.00844611 0.00908185 0.0096367
 0.000530656 0.00119633 0.00205827 0.00303499 0.00405521 0.0050647 0.00602623 0.00691692 0.00772489 0.00844611 0.00908185 0.0096367
 0.000530656 0.00119633 0.00205827 0.00303499 0.00405521 0.0050647 0.00602623 0.00691692 0.00772489 0.00844611 0.00908185 0.0096367
 0.000530656 0.00119633 0.00205827 0.00303499 0.00405521 0.0050647 0.00602623 0.00691692 0.00772489 0.00844611 0.00908185 0.0096367
 0.000530656 0.00119633 0.00205827 0.00303499 0.00405521 0.0050647 0.00602623 0.00691692 0.00772489 0.00844611 0.00908185 0.0096367
 0.000530656 0.00119633 0.00205827 0.00303499 0.00405521 0.0050647 0.00602623 0.00691692 0.00772489 0.00844611 0.00908185 0.0096367
 0.000530656 0.00119633 0.00205827 0.00303499 0.00405521 0.0050647 0.00602623 0.00691692 0.00772489 0.00844611 0.00908185 0.0096367
 0.000530656 0.00119633 0.00205827 0.00303499 0.00405521 0.0050647 0.00602623 0.00691692 0.00772489 0.00844611 0.00908185 0.0096367
 0.000530656 0.00119633 0.00205827 0.00303499 0.00405521 0.0050647 0.00602623 0.00691692 0.00772489 0.00844611 0.00908185 0.0096367
 0.000530656 0.00119633 0.00205827 0.00303499 0.00405521 0.0050647 0.00602623 0.00691692 0.00772489 0.00844611 0.00908185 0.0096367
 0.000530656 0.00119633 0.00205827 0.00303499 0.00405521 0.0050647 0.00602623 0.00691692 0.00772489 0.00844611 0.00908185 0.0096367
 0.000530656 0.00119633 0.00205827 0.00303499 0.00405521 0.0050647 0.00602623 0.00691692 0.00772489 0.00844611 0.00908185 0.0096367
 0.000530656 0.00119633 0.00205827 0.00303499 0.00405521 0.0050647 0.00602623 0.00691692 0.00772489 0.00844611 0.00908185 0.0096367
 0.000530656 0.00119633 0.00205827 0.00303499 0.00405521 0.0050647 0.00602623 0.00691692 0.00772489 0.00844611 0.00908185 0.0096367
 0.000530656 0.00119633 0.00205827 0.00303499 0.00405521 0.0050647 0.00602623 0.00691692 0.00772489 0.00844611 0.00908185 0.0096367
 0.000530656 0.00119633 0.00205827 0.00303499 0.00405521 0.0050647 0.00602623 0.00691692 0.00772489 0.00844611 0.00908185 0.0096367
 0.000530656 0.00119633 0.00205827 0.00303499 0.00405521 0.0050647 0.00602623 0.00691692 0.00772489 0.00844611 0.00908185 0.0096367
# nyrs_ind_age
 30
# yrs_ind_age
 1 2 3 4 5 6 7 8 9 10 11 12 13 14 15 16 17 18 19 20 21 22 23 24 25 26 27 28 29 30
# n_sample_ind_age
 200 200 200 200 200 200 200 200 200 200 200 200 200 200 200 200 200 200 200 200 200 200 200 200 200 200 200 200 200 200
# oac_ind
 0.05 0.18 0.18 0.125 0.08 0.065 0.055 0.03 0.05 0.025 0.04 0.12
 0.095 0.13 0.1 0.11 0.145 0.085 0.06 0.035 0.035 0.025 0.015 0.165
 0.085 0.145 0.105 0.12 0.12 0.065 0.045 0.07 0.06 0.05 0.02 0.115
 0.03 0.17 0.135 0.08 0.075 0.095 0.075 0.06 0.075 0.05 0.01 0.145
 0.075 0.115 0.245 0.145 0.065 0.07 0.065 0.025 0.04 0.035 0.015 0.105
 0.085 0.135 0.14 0.15 0.135 0.045 0.085 0.045 0.03 0.02 0.045 0.085
 0.095 0.16 0.16 0.11 0.135 0.065 0.055 0.05 0.02 0.04 0.02 0.09
 0.06 0.19 0.16 0.11 0.06 0.06 0.1 0.025 0.045 0.05 0.02 0.12
 0.055 0.115 0.19 0.195 0.065 0.065 0.095 0.07 0.06 0.02 0.02 0.05
 0.045 0.215 0.125 0.14 0.115 0.085 0.04 0.05 0.025 0.015 0.03 0.115
 0.055 0.16 0.165 0.085 0.15 0.085 0.07 0.03 0.045 0.04 0.005 0.11
 0.06 0.16 0.195 0.135 0.09 0.065 0.065 0.045 0.03 0.05 0.03 0.075
 0.03 0.165 0.23 0.175 0.105 0.035 0.05 0.065 0.045 0.025 0.025 0.05
 0.09 0.225 0.135 0.13 0.11 0.065 0.03 0.07 0.02 0.06 0.005 0.06
 0.09 0.195 0.235 0.15 0.095 0.085 0.03 0.01 0.055 0.015 0.01 0.03
 0.065 0.14 0.2 0.165 0.08 0.095 0.07 0.02 0.03 0.035 0.025 0.075
 0.06 0.2 0.14 0.145 0.15 0.06 0.065 0.05 0.035 0.005 0.01 0.08
 0.12 0.155 0.245 0.105 0.095 0.095 0.045 0.06 0.03 0 0.015 0.035
 0.14 0.22 0.175 0.125 0.06 0.1 0.05 0.04 0.03 0.02 0.005 0.035
 0.095 0.29 0.225 0.09 0.075 0.035 0.035 0.07 0.015 0.03 0.015 0.025
 0.065 0.24 0.265 0.165 0.075 0.05 0.03 0.03 0.02 0.005 0 0.055
 0.09 0.215 0.26 0.16 0.1 0.05 0.03 0.035 0.02 0.02 0 0.02
 0.135 0.2 0.155 0.19 0.11 0.075 0.045 0.02 0.005 0.03 0.01 0.025
 0.08 0.24 0.225 0.155 0.085 0.07 0.06 0.015 0.02 0.01 0.015 0.025
 0.09 0.24 0.29 0.095 0.1 0.075 0.04 0.03 0.01 0.01 0 0.02
 0.13 0.2 0.185 0.2 0.135 0.045 0.03 0.04 0.005 0.01 0.01 0.01
 0.11 0.25 0.185 0.15 0.145 0.075 0.035 0.02 0.02 0.005 0.005 0
 0.18 0.28 0.22 0.075 0.095 0.05 0.06 0.01 0.005 0.015 0 0.01
 0.12 0.32 0.145 0.155 0.095 0.065 0.02 0.02 0.02 0.015 0.01 0.015
 0.12 0.225 0.275 0.145 0.125 0.035 0.015 0.025 0.015 0.01 0.005 0.005
# olc_ind

# obs_lse_ind
 0.198042 0.198042 0.198042 0.198042 0.198042 0.198042 0.198042 0.198042 0.198042 0.198042 0.198042 0.198042 0.198042 0.198042 0.198042 0.198042 0.198042 0.198042 0.198042 0.198042 0.198042 0.198042 0.198042 0.198042 0.198042 0.198042 0.198042 0.198042 0.198042 0.198042
# xages_fsh
 0 0 0 0 0 0 0 0 0 0 0 0
# xages_fsh
 0 0.0909091 0.181818 0.272727 0.363636 0.454545 0.545455 0.636364 0.727273 0.818182 0.909091 1
# xnodes_fsh

Yrs fsh_sel change:  1 0 0 0 0 0 0 0 0 0 0 0 0 0 0 0 0 0 0 0 0 0 0 0 0 0 0 0 0
Yrs ind_sel change:  1 0 0 0 0 0 0 0 0 0 0 0 0 0 0 0 0 0 0 0 0 0 0 0 0 0 0 0 0
# steepnessprior
0.75
# sigmarprior
0.2
#  SSB estimated in styr endyr: -13 28 
#  Rec estimated in styr endyr: -11 30 
#  SR Curve fit  in styr endyr: 1 30 
#             Model styr endyr: 1 30 
# qprior
 3.48998e-007
# q_power_prior 
 1 
# cv_catchbiomass 
0.05 
# CatchbiomassPen 
200 
# Number of projection years 
5 
# offset_fsh
 13368
# offset_ind
 13167
Mean Catch
1181.72
R_guess 
15.3349
# nfsh
1
# n_sel_ch_fsh
 1
# nselages_fsh
 11
# phase_selcoff_fsh
 -1
logRzero 15.3349
logmeanrec 15.3349
exp(log_sigmarprior 0.2
Fish sel phase: -1 FLEET1
Fixing fishery sel to
1
Srvy sel phase: -1
Fixing SURVEY1 indices sel to
1
# logsel_slp_in_indv
 0.693147
Leaving parameter init secton
# M
 0.2 0.2 0.2 0.2 0.2 0.2 0.2 0.2 0.2 0.2 0.2 0.2
 0.2 0.2 0.2 0.2 0.2 0.2 0.2 0.2 0.2 0.2 0.2 0.2
 0.2 0.2 0.2 0.2 0.2 0.2 0.2 0.2 0.2 0.2 0.2 0.2
 0.2 0.2 0.2 0.2 0.2 0.2 0.2 0.2 0.2 0.2 0.2 0.2
 0.2 0.2 0.2 0.2 0.2 0.2 0.2 0.2 0.2 0.2 0.2 0.2
 0.2 0.2 0.2 0.2 0.2 0.2 0.2 0.2 0.2 0.2 0.2 0.2
 0.2 0.2 0.2 0.2 0.2 0.2 0.2 0.2 0.2 0.2 0.2 0.2
 0.2 0.2 0.2 0.2 0.2 0.2 0.2 0.2 0.2 0.2 0.2 0.2
 0.2 0.2 0.2 0.2 0.2 0.2 0.2 0.2 0.2 0.2 0.2 0.2
 0.2 0.2 0.2 0.2 0.2 0.2 0.2 0.2 0.2 0.2 0.2 0.2
 0.2 0.2 0.2 0.2 0.2 0.2 0.2 0.2 0.2 0.2 0.2 0.2
 0.2 0.2 0.2 0.2 0.2 0.2 0.2 0.2 0.2 0.2 0.2 0.2
 0.2 0.2 0.2 0.2 0.2 0.2 0.2 0.2 0.2 0.2 0.2 0.2
 0.2 0.2 0.2 0.2 0.2 0.2 0.2 0.2 0.2 0.2 0.2 0.2
 0.2 0.2 0.2 0.2 0.2 0.2 0.2 0.2 0.2 0.2 0.2 0.2
 0.2 0.2 0.2 0.2 0.2 0.2 0.2 0.2 0.2 0.2 0.2 0.2
 0.2 0.2 0.2 0.2 0.2 0.2 0.2 0.2 0.2 0.2 0.2 0.2
 0.2 0.2 0.2 0.2 0.2 0.2 0.2 0.2 0.2 0.2 0.2 0.2
 0.2 0.2 0.2 0.2 0.2 0.2 0.2 0.2 0.2 0.2 0.2 0.2
 0.2 0.2 0.2 0.2 0.2 0.2 0.2 0.2 0.2 0.2 0.2 0.2
 0.2 0.2 0.2 0.2 0.2 0.2 0.2 0.2 0.2 0.2 0.2 0.2
 0.2 0.2 0.2 0.2 0.2 0.2 0.2 0.2 0.2 0.2 0.2 0.2
 0.2 0.2 0.2 0.2 0.2 0.2 0.2 0.2 0.2 0.2 0.2 0.2
 0.2 0.2 0.2 0.2 0.2 0.2 0.2 0.2 0.2 0.2 0.2 0.2
 0.2 0.2 0.2 0.2 0.2 0.2 0.2 0.2 0.2 0.2 0.2 0.2
 0.2 0.2 0.2 0.2 0.2 0.2 0.2 0.2 0.2 0.2 0.2 0.2
 0.2 0.2 0.2 0.2 0.2 0.2 0.2 0.2 0.2 0.2 0.2 0.2
 0.2 0.2 0.2 0.2 0.2 0.2 0.2 0.2 0.2 0.2 0.2 0.2
 0.2 0.2 0.2 0.2 0.2 0.2 0.2 0.2 0.2 0.2 0.2 0.2
 0.2 0.2 0.2 0.2 0.2 0.2 0.2 0.2 0.2 0.2 0.2 0.2
# mean_log_rec
13.7326
# log_Rzero
13.7317
# rec_dev
 -0.0142881 -0.0173753 0.146154 -0.194148 -0.0858365 -0.119359 0.0714361 0.109637 -0.0168898 0.0351923 0.125118 0.0344723 -0.0740758 0.308567 0.366116 -0.159541 0.0143199 0.213393 0.222096 -0.32966 -0.0539655 0.0873043 0.0118393 -0.20801 0.0725543 0.0111183 -0.300284 -0.162258 -0.385402 -0.0586578 0.021463 -0.0696797 -0.366463 -0.231679 -0.200183 -0.382921 -0.607384 -0.332435 -0.352427 0.0785317 -0.309426 -0.413844
# fmort
 0.00950414 0.0274023 0.0452799 0.0618823 0.0487205 0.0880657 0.0874135 0.184984 0.107867 0.131858 0.147902 0.160664 0.114574 0.167307 0.18012 0.159532 0.313876 0.256228 0.252287 0.25218 0.346682 0.252368 0.411432 0.332747 0.327421 0.2977 0.291195 0.409155 0.308645 0.4526
# rec_dev_future
 0 0 0 0 0
