AMAK;Mar 2020
# styr
1
# endyr
30
# rec_age
1
# oldest_age
12
# nlength
81
# len_bins
 10 11 12 13 14 15 16 17 18 19 20 21 22 23 24 25 26 27 28 29 30 31 32 33 34 35 36 37 38 39 40 41 42 43 44 45 46 47 48 49 50 51 52 53 54 55 56 57 58 59 60 61 62 63 64 65 66 67 68 69 70 71 72 73 74 75 76 77 78 79 80 81 82 83 84 85 86 87 88 89 90
# datafile_name
amak_data.dat
# model_name
AMAK_MCP
# styr
1
# endyr
30
# rec_age
1
# oldest_age
12
# nfsh
1
# fshname
FLEET1
# catch_bio_in
 161.814 455.311 734.363 945.089 713.473 1219.14 1152.55 2211.92 1184.42 1368.89 1451.16 1448.33 1006.79 1378.31 1374.7 1165.13 2051.16 1468.71 1305.7 1238.62 1642.3 1189.32 1900.66 1416.36 1292.96 1111.63 1047.97 1365.91 963.454 1415.82
# catch_bio_sd_in
 0.01 0.01 0.01 0.01 0.01 0.01 0.01 0.01 0.01 0.01 0.01 0.01 0.01 0.01 0.01 0.01 0.01 0.01 0.01 0.01 0.01 0.01 0.01 0.01 0.01 0.01 0.01 0.01 0.01 0.01
# nyrs_fsh_age
 30
# nyrs_fsh_length
 0
# yrs_fsh_age_in
 1 2 3 4 5 6 7 8 9 10 11 12 13 14 15 16 17 18 19 20 21 22 23 24 25 26 27 28 29 30
# yrs_fsh_length_in

# n_sample_fsh_length_in

# olc_fsh_in

# nind
1
# indname
SURVEY1
# nyrs_ind
 30
# yrs_ind_in
 1 2 3 4 5 6 7 8 9 10 11 12 13 14 15 16 17 18 19 20 21 22 23 24 25 26 27 28 29 30
# mo_ind
 1
# obs_ind_in
 1.5336 1.49747 1.58152 1.31423 1.24337 1.39708 1.40266 1.20477 1.28457 1.09309 1.17911 0.967635 1.00218 1.0026 0.884867 1.04265 0.927591 0.674842 0.878411 0.883119 1.01331 0.937926 0.97121 0.688562 0.556869 0.547224 0.599862 0.610073 0.579984 0.50458
# obs_se_ind_in
 0.30672 0.299494 0.316305 0.262846 0.248675 0.279416 0.280533 0.240954 0.256913 0.218618 0.235821 0.193527 0.200437 0.200519 0.176973 0.20853 0.185518 0.134968 0.175682 0.176624 0.202663 0.187585 0.194242 0.137712 0.111374 0.109445 0.119972 0.122015 0.115997 0.100916
# nyrs_ind_age
 30
# nyrs_ind_length
 0
# yrs_ind_age_in
 1 2 3 4 5 6 7 8 9 10 11 12 13 14 15 16 17 18 19 20 21 22 23 24 25 26 27 28 29 30
# yrs_ind_length_in

# yrs_ind_age_in
 1 2 3 4 5 6 7 8 9 10 11 12 13 14 15 16 17 18 19 20 21 22 23 24 25 26 27 28 29 30
# n_sample_ind_length_in

# olc_ind_in

# oac_ind_in
 0.055 0.15 0.145 0.15 0.105 0.09 0.075 0.045 0.02 0.02 0.03 0.115
 0.065 0.165 0.1 0.11 0.095 0.095 0.06 0.055 0.04 0.04 0.04 0.135
 0.055 0.125 0.165 0.13 0.1 0.075 0.035 0.055 0.045 0.02 0.035 0.16
 0.055 0.105 0.13 0.15 0.08 0.1 0.05 0.065 0.04 0.035 0.03 0.16
 0.045 0.135 0.14 0.11 0.125 0.065 0.06 0.095 0.035 0.02 0.045 0.125
 0.06 0.135 0.14 0.075 0.11 0.09 0.11 0.075 0.06 0.02 0.02 0.105
 0.055 0.185 0.14 0.13 0.085 0.085 0.05 0.05 0.045 0.02 0.03 0.125
 0.05 0.155 0.225 0.135 0.095 0.075 0.035 0.04 0.045 0.015 0.015 0.115
 0.095 0.18 0.18 0.12 0.14 0.05 0.04 0.025 0.025 0.025 0.02 0.1
 0.09 0.21 0.13 0.15 0.11 0.05 0.06 0.035 0.03 0.035 0.02 0.08
 0.08 0.185 0.2 0.125 0.095 0.08 0.04 0.03 0.01 0.03 0.015 0.11
 0.065 0.15 0.21 0.2 0.1 0.08 0.065 0.045 0 0.015 0 0.07
 0.1 0.205 0.13 0.14 0.07 0.08 0.06 0.065 0.015 0.03 0.02 0.085
 0.065 0.185 0.2 0.165 0.125 0.08 0.07 0.045 0.03 0.01 0.01 0.015
 0.105 0.165 0.17 0.125 0.13 0.09 0.06 0.06 0.02 0.03 0.015 0.03
 0.13 0.23 0.13 0.125 0.085 0.045 0.07 0.045 0.035 0.01 0.015 0.08
 0.11 0.21 0.19 0.165 0.08 0.06 0.045 0.07 0.02 0.005 0.015 0.03
 0.08 0.16 0.245 0.175 0.07 0.09 0.045 0.04 0.02 0.01 0.025 0.04
 0.11 0.27 0.11 0.145 0.135 0.08 0.025 0.035 0.035 0.015 0.01 0.03
 0.155 0.3 0.21 0.095 0.075 0.06 0.035 0.025 0.02 0 0.005 0.02
 0.125 0.375 0.195 0.105 0.02 0.055 0.065 0.03 0.01 0.01 0 0.01
 0.095 0.165 0.375 0.165 0.055 0.005 0.025 0.05 0.02 0.02 0 0.025
 0.1 0.285 0.115 0.25 0.11 0.05 0.015 0.02 0.03 0.01 0 0.015
 0.06 0.21 0.325 0.12 0.155 0.04 0.03 0.025 0.015 0.01 0.005 0.005
 0.13 0.16 0.22 0.215 0.09 0.085 0.055 0.025 0.01 0 0.005 0.005
 0.105 0.305 0.21 0.065 0.145 0.045 0.065 0.015 0.025 0.02 0 0
 0.17 0.215 0.23 0.145 0.055 0.09 0.015 0.04 0.01 0.015 0.005 0.01
 0.09 0.305 0.195 0.135 0.085 0.065 0.075 0.01 0.035 0 0 0.005
 0.1 0.245 0.25 0.135 0.14 0.035 0.035 0.02 0.005 0.015 0.005 0.015
 0.19 0.27 0.22 0.14 0.04 0.065 0.04 0 0.015 0 0.01 0.01
# wt_ind
 1 1 1 1 1 1 1 1 1 1 1 1
 1 1 1 1 1 1 1 1 1 1 1 1
 1 1 1 1 1 1 1 1 1 1 1 1
 1 1 1 1 1 1 1 1 1 1 1 1
 1 1 1 1 1 1 1 1 1 1 1 1
 1 1 1 1 1 1 1 1 1 1 1 1
 1 1 1 1 1 1 1 1 1 1 1 1
 1 1 1 1 1 1 1 1 1 1 1 1
 1 1 1 1 1 1 1 1 1 1 1 1
 1 1 1 1 1 1 1 1 1 1 1 1
 1 1 1 1 1 1 1 1 1 1 1 1
 1 1 1 1 1 1 1 1 1 1 1 1
 1 1 1 1 1 1 1 1 1 1 1 1
 1 1 1 1 1 1 1 1 1 1 1 1
 1 1 1 1 1 1 1 1 1 1 1 1
 1 1 1 1 1 1 1 1 1 1 1 1
 1 1 1 1 1 1 1 1 1 1 1 1
 1 1 1 1 1 1 1 1 1 1 1 1
 1 1 1 1 1 1 1 1 1 1 1 1
 1 1 1 1 1 1 1 1 1 1 1 1
 1 1 1 1 1 1 1 1 1 1 1 1
 1 1 1 1 1 1 1 1 1 1 1 1
 1 1 1 1 1 1 1 1 1 1 1 1
 1 1 1 1 1 1 1 1 1 1 1 1
 1 1 1 1 1 1 1 1 1 1 1 1
 1 1 1 1 1 1 1 1 1 1 1 1
 1 1 1 1 1 1 1 1 1 1 1 1
 1 1 1 1 1 1 1 1 1 1 1 1
 1 1 1 1 1 1 1 1 1 1 1 1
 1 1 1 1 1 1 1 1 1 1 1 1
# wt_pop
 0.000530656 0.00119633 0.00205827 0.00303499 0.00405521 0.0050647 0.00602623 0.00691692 0.00772489 0.00844611 0.00908185 0.0096367
# maturity
 0.0229774 0.320821 0.904651 0.99478 0.999739 0.999987 0.999999 1 1 1 1 1
# spawnmo
1
# age_err
 1 0 0 0 0 0 0 0 0 0 0 0
 0 1 0 0 0 0 0 0 0 0 0 0
 0 0 1 0 0 0 0 0 0 0 0 0
 0 0 0 1 0 0 0 0 0 0 0 0
 0 0 0 0 1 0 0 0 0 0 0 0
 0 0 0 0 0 1 0 0 0 0 0 0
 0 0 0 0 0 0 1 0 0 0 0 0
 0 0 0 0 0 0 0 1 0 0 0 0
 0 0 0 0 0 0 0 0 1 0 0 0
 0 0 0 0 0 0 0 0 0 1 0 0
 0 0 0 0 0 0 0 0 0 0 1 0
 0 0 0 0 0 0 0 0 0 0 0 1
# cntrlfile_name
C:\Users\bai.li\DOCUME~1\Github\AGE_ST~1\ASSAMC\example\output\AMAK\s62\amak.dat
# Map shared selectivity: 
# sel_map
 1 2
 1 1
# datafile_name
amak_data.dat
# model_name
AMAK_MCP
# SrType
2
# use_age_err
0
# retro
0
# sigmarprior
0.2
# cvsigmarprior
0.25
# phase_sigmar
-3
# styr_rec_est
1
# endyr_rec_est
30
# Linfprior
80
# cvLinfprior
0.25
# kprior
0.18
# cvkprior
0.25
# Loprior
27.688
# cvLoprior
0.25
# sdageprior
0.1
# cvsdageprior
0.25
# natmortprior
0.2
# cvnatmortprior
0.25
# phase_M
-4
# npars_Mage
0
# ages_M_changes

# Mage_in

# Mage_offset_in

# phase_Mage
-5
# phase_rw_M
0
# npars_rw_M
0
# yrs_rw_M

# sigma_rw_M

# qprior
 3.48998e-007
# cvqprior
 1
# phase_q
 1
# q_power_prior
 1
# cvq_power_prior
 0.2
# phase_q_power
 -4
# phase_rw_q
 -1
# npars_rw_q
 0
# yrs_rw_q

# sigma_rw_q

# q_age_min
 1
# q_age_max
 12
# q_age_min
 1
# q_age_max
 12
# fsh_sel_opt(k)
2
# phase_sel_fsh(k)
2
# n_sel_ch_fsh(k)
1
# sel_slp_in_fsh(k)(1,n_sel_ch_fsh(k))
 1
# sel_inf_in_fsh(k)(1,n_sel_ch_fsh(k))
 2
# logsel_slp_in_fsh(k)(1,n_sel_ch_fsh(k))
 0
# yrs_sel_ch_fsh(k)(1,n_sel_ch_fsh(k))
 1

Survey SURVEY1
# ind_sel_opt(k)
2
# indname(k)
SURVEY1
# nselages_in_ind(k)
11
# phase_sel_ind(k)
2
# sel_change_in_ind(k)
 1 0 0 0 0 0 0 0 0 0 0 0 0 0 0 0 0 0 0 0 0 0 0 0 0 0 0 0 0 0
# n_sel_ch_ind(k)
1
# yrs_sel_ch_ind(k)(1,n_sel_ch_ind(k))
 1
# sel_slp_in_ind(k,1)
2
# sel_inf_in_ind(k,1)
1.5
# logsel_slp_in_ind(k,1)
0.693147
# logsel_slp_in_indv(k)
0.693147
SURVEY1 ind sel opt 2  1 0 0 0 0 0 0 0 0 0 0 0 0 0 0 0 0 0 0 0 0 0 0 0 0 0 0 0 0 0
Phase indices Sel_Coffs:  -1
 Test: 1.23457e+008
# Fshry Selages:  11
# Srvy  Selages:  11
# Phase for age-spec fishery  -1
# Phase for logistic fishery  2
# Phase for dble logistic fishery  -1
# Phase for age-spec indices   -1
# Phase for logistic indices   2
# Phase for dble logistic ind  -1
# Curv_pen_fsh: 
 0
# Curv_pen_ind: 
 0
# styr_fut
31
# endyr_fut
35
# nyrs_fsh_age
 30
# nyrs_fsh_age
 30
# yrs_fsh_age
 1 2 3 4 5 6 7 8 9 10 11 12 13 14 15 16 17 18 19 20 21 22 23 24 25 26 27 28 29 30
# n_sample_fsh_age
 200 200 200 200 200 200 200 200 200 200 200 200 200 200 200 200 200 200 200 200 200 200 200 200 200 200 200 200 200 200
# oac_fsh
 0.11 0.11 0.13 0.135 0.09 0.1 0.065 0.08 0.04 0.01 0.035 0.095
 0.07 0.08 0.105 0.125 0.11 0.105 0.065 0.07 0.055 0.04 0.03 0.145
 0.04 0.095 0.125 0.115 0.13 0.085 0.07 0.065 0.045 0.055 0.04 0.135
 0.095 0.08 0.11 0.13 0.12 0.095 0.06 0.045 0.075 0.03 0.03 0.13
 0.1 0.11 0.095 0.125 0.08 0.075 0.1 0.04 0.08 0.035 0.035 0.125
 0.09 0.125 0.13 0.125 0.075 0.08 0.08 0.025 0.065 0.06 0.015 0.13
 0.085 0.12 0.13 0.105 0.07 0.08 0.075 0.075 0.055 0.025 0.015 0.165
 0.11 0.11 0.17 0.115 0.095 0.05 0.065 0.055 0.025 0.03 0.05 0.125
 0.08 0.135 0.145 0.155 0.08 0.06 0.055 0.035 0.055 0.03 0.035 0.135
 0.105 0.165 0.115 0.135 0.13 0.07 0.065 0.02 0.03 0.025 0.02 0.12
 0.075 0.16 0.145 0.13 0.13 0.13 0.05 0.04 0.02 0.03 0.025 0.065
 0.08 0.135 0.22 0.145 0.095 0.08 0.065 0.045 0.035 0.025 0.01 0.065
 0.1 0.14 0.125 0.19 0.095 0.06 0.03 0.07 0.025 0.035 0.01 0.12
 0.075 0.125 0.15 0.105 0.14 0.11 0.09 0.055 0.055 0.025 0.01 0.06
 0.125 0.12 0.22 0.095 0.16 0.07 0.07 0.02 0.02 0.03 0.005 0.065
 0.095 0.17 0.13 0.17 0.1 0.075 0.055 0.055 0.04 0.015 0.025 0.07
 0.07 0.15 0.195 0.175 0.115 0.075 0.06 0.045 0.035 0.02 0.01 0.05
 0.16 0.105 0.17 0.18 0.14 0.08 0.02 0.045 0.015 0.03 0.015 0.04
 0.165 0.19 0.17 0.155 0.13 0.04 0.025 0.02 0.015 0.02 0.015 0.055
 0.265 0.2 0.135 0.055 0.125 0.07 0.04 0.02 0.01 0.02 0.005 0.055
 0.095 0.325 0.2 0.125 0.075 0.05 0.025 0.035 0.005 0.015 0.02 0.03
 0.175 0.135 0.27 0.15 0.1 0.035 0.05 0.055 0.005 0.01 0.005 0.01
 0.13 0.215 0.16 0.255 0.095 0.06 0.015 0.025 0.02 0 0.015 0.01
 0.11 0.185 0.315 0.115 0.155 0.05 0.03 0.005 0.01 0.005 0.01 0.01
 0.18 0.14 0.12 0.245 0.135 0.105 0.025 0.01 0.015 0.015 0.01 0
 0.125 0.2 0.21 0.155 0.125 0.06 0.07 0.04 0.005 0.01 0 0
 0.13 0.215 0.165 0.145 0.11 0.12 0.03 0.05 0 0.03 0 0.005
 0.13 0.215 0.17 0.17 0.13 0.045 0.075 0.01 0.02 0.005 0.015 0.015
 0.185 0.175 0.16 0.165 0.135 0.06 0.04 0.055 0.005 0.01 0 0.01
 0.195 0.275 0.165 0.14 0.08 0.065 0.02 0.015 0.02 0.005 0.01 0.01
# olc_fsh

# wt_fsh
 0.000530656 0.00119633 0.00205827 0.00303499 0.00405521 0.0050647 0.00602623 0.00691692 0.00772489 0.00844611 0.00908185 0.0096367
 0.000530656 0.00119633 0.00205827 0.00303499 0.00405521 0.0050647 0.00602623 0.00691692 0.00772489 0.00844611 0.00908185 0.0096367
 0.000530656 0.00119633 0.00205827 0.00303499 0.00405521 0.0050647 0.00602623 0.00691692 0.00772489 0.00844611 0.00908185 0.0096367
 0.000530656 0.00119633 0.00205827 0.00303499 0.00405521 0.0050647 0.00602623 0.00691692 0.00772489 0.00844611 0.00908185 0.0096367
 0.000530656 0.00119633 0.00205827 0.00303499 0.00405521 0.0050647 0.00602623 0.00691692 0.00772489 0.00844611 0.00908185 0.0096367
 0.000530656 0.00119633 0.00205827 0.00303499 0.00405521 0.0050647 0.00602623 0.00691692 0.00772489 0.00844611 0.00908185 0.0096367
 0.000530656 0.00119633 0.00205827 0.00303499 0.00405521 0.0050647 0.00602623 0.00691692 0.00772489 0.00844611 0.00908185 0.0096367
 0.000530656 0.00119633 0.00205827 0.00303499 0.00405521 0.0050647 0.00602623 0.00691692 0.00772489 0.00844611 0.00908185 0.0096367
 0.000530656 0.00119633 0.00205827 0.00303499 0.00405521 0.0050647 0.00602623 0.00691692 0.00772489 0.00844611 0.00908185 0.0096367
 0.000530656 0.00119633 0.00205827 0.00303499 0.00405521 0.0050647 0.00602623 0.00691692 0.00772489 0.00844611 0.00908185 0.0096367
 0.000530656 0.00119633 0.00205827 0.00303499 0.00405521 0.0050647 0.00602623 0.00691692 0.00772489 0.00844611 0.00908185 0.0096367
 0.000530656 0.00119633 0.00205827 0.00303499 0.00405521 0.0050647 0.00602623 0.00691692 0.00772489 0.00844611 0.00908185 0.0096367
 0.000530656 0.00119633 0.00205827 0.00303499 0.00405521 0.0050647 0.00602623 0.00691692 0.00772489 0.00844611 0.00908185 0.0096367
 0.000530656 0.00119633 0.00205827 0.00303499 0.00405521 0.0050647 0.00602623 0.00691692 0.00772489 0.00844611 0.00908185 0.0096367
 0.000530656 0.00119633 0.00205827 0.00303499 0.00405521 0.0050647 0.00602623 0.00691692 0.00772489 0.00844611 0.00908185 0.0096367
 0.000530656 0.00119633 0.00205827 0.00303499 0.00405521 0.0050647 0.00602623 0.00691692 0.00772489 0.00844611 0.00908185 0.0096367
 0.000530656 0.00119633 0.00205827 0.00303499 0.00405521 0.0050647 0.00602623 0.00691692 0.00772489 0.00844611 0.00908185 0.0096367
 0.000530656 0.00119633 0.00205827 0.00303499 0.00405521 0.0050647 0.00602623 0.00691692 0.00772489 0.00844611 0.00908185 0.0096367
 0.000530656 0.00119633 0.00205827 0.00303499 0.00405521 0.0050647 0.00602623 0.00691692 0.00772489 0.00844611 0.00908185 0.0096367
 0.000530656 0.00119633 0.00205827 0.00303499 0.00405521 0.0050647 0.00602623 0.00691692 0.00772489 0.00844611 0.00908185 0.0096367
 0.000530656 0.00119633 0.00205827 0.00303499 0.00405521 0.0050647 0.00602623 0.00691692 0.00772489 0.00844611 0.00908185 0.0096367
 0.000530656 0.00119633 0.00205827 0.00303499 0.00405521 0.0050647 0.00602623 0.00691692 0.00772489 0.00844611 0.00908185 0.0096367
 0.000530656 0.00119633 0.00205827 0.00303499 0.00405521 0.0050647 0.00602623 0.00691692 0.00772489 0.00844611 0.00908185 0.0096367
 0.000530656 0.00119633 0.00205827 0.00303499 0.00405521 0.0050647 0.00602623 0.00691692 0.00772489 0.00844611 0.00908185 0.0096367
 0.000530656 0.00119633 0.00205827 0.00303499 0.00405521 0.0050647 0.00602623 0.00691692 0.00772489 0.00844611 0.00908185 0.0096367
 0.000530656 0.00119633 0.00205827 0.00303499 0.00405521 0.0050647 0.00602623 0.00691692 0.00772489 0.00844611 0.00908185 0.0096367
 0.000530656 0.00119633 0.00205827 0.00303499 0.00405521 0.0050647 0.00602623 0.00691692 0.00772489 0.00844611 0.00908185 0.0096367
 0.000530656 0.00119633 0.00205827 0.00303499 0.00405521 0.0050647 0.00602623 0.00691692 0.00772489 0.00844611 0.00908185 0.0096367
 0.000530656 0.00119633 0.00205827 0.00303499 0.00405521 0.0050647 0.00602623 0.00691692 0.00772489 0.00844611 0.00908185 0.0096367
 0.000530656 0.00119633 0.00205827 0.00303499 0.00405521 0.0050647 0.00602623 0.00691692 0.00772489 0.00844611 0.00908185 0.0096367
# nyrs_ind_age
 30
# yrs_ind_age
 1 2 3 4 5 6 7 8 9 10 11 12 13 14 15 16 17 18 19 20 21 22 23 24 25 26 27 28 29 30
# n_sample_ind_age
 200 200 200 200 200 200 200 200 200 200 200 200 200 200 200 200 200 200 200 200 200 200 200 200 200 200 200 200 200 200
# oac_ind
 0.055 0.15 0.145 0.15 0.105 0.09 0.075 0.045 0.02 0.02 0.03 0.115
 0.065 0.165 0.1 0.11 0.095 0.095 0.06 0.055 0.04 0.04 0.04 0.135
 0.055 0.125 0.165 0.13 0.1 0.075 0.035 0.055 0.045 0.02 0.035 0.16
 0.055 0.105 0.13 0.15 0.08 0.1 0.05 0.065 0.04 0.035 0.03 0.16
 0.045 0.135 0.14 0.11 0.125 0.065 0.06 0.095 0.035 0.02 0.045 0.125
 0.06 0.135 0.14 0.075 0.11 0.09 0.11 0.075 0.06 0.02 0.02 0.105
 0.055 0.185 0.14 0.13 0.085 0.085 0.05 0.05 0.045 0.02 0.03 0.125
 0.05 0.155 0.225 0.135 0.095 0.075 0.035 0.04 0.045 0.015 0.015 0.115
 0.095 0.18 0.18 0.12 0.14 0.05 0.04 0.025 0.025 0.025 0.02 0.1
 0.09 0.21 0.13 0.15 0.11 0.05 0.06 0.035 0.03 0.035 0.02 0.08
 0.08 0.185 0.2 0.125 0.095 0.08 0.04 0.03 0.01 0.03 0.015 0.11
 0.065 0.15 0.21 0.2 0.1 0.08 0.065 0.045 0 0.015 0 0.07
 0.1 0.205 0.13 0.14 0.07 0.08 0.06 0.065 0.015 0.03 0.02 0.085
 0.065 0.185 0.2 0.165 0.125 0.08 0.07 0.045 0.03 0.01 0.01 0.015
 0.105 0.165 0.17 0.125 0.13 0.09 0.06 0.06 0.02 0.03 0.015 0.03
 0.13 0.23 0.13 0.125 0.085 0.045 0.07 0.045 0.035 0.01 0.015 0.08
 0.11 0.21 0.19 0.165 0.08 0.06 0.045 0.07 0.02 0.005 0.015 0.03
 0.08 0.16 0.245 0.175 0.07 0.09 0.045 0.04 0.02 0.01 0.025 0.04
 0.11 0.27 0.11 0.145 0.135 0.08 0.025 0.035 0.035 0.015 0.01 0.03
 0.155 0.3 0.21 0.095 0.075 0.06 0.035 0.025 0.02 0 0.005 0.02
 0.125 0.375 0.195 0.105 0.02 0.055 0.065 0.03 0.01 0.01 0 0.01
 0.095 0.165 0.375 0.165 0.055 0.005 0.025 0.05 0.02 0.02 0 0.025
 0.1 0.285 0.115 0.25 0.11 0.05 0.015 0.02 0.03 0.01 0 0.015
 0.06 0.21 0.325 0.12 0.155 0.04 0.03 0.025 0.015 0.01 0.005 0.005
 0.13 0.16 0.22 0.215 0.09 0.085 0.055 0.025 0.01 0 0.005 0.005
 0.105 0.305 0.21 0.065 0.145 0.045 0.065 0.015 0.025 0.02 0 0
 0.17 0.215 0.23 0.145 0.055 0.09 0.015 0.04 0.01 0.015 0.005 0.01
 0.09 0.305 0.195 0.135 0.085 0.065 0.075 0.01 0.035 0 0 0.005
 0.1 0.245 0.25 0.135 0.14 0.035 0.035 0.02 0.005 0.015 0.005 0.015
 0.19 0.27 0.22 0.14 0.04 0.065 0.04 0 0.015 0 0.01 0.01
# olc_ind

# obs_lse_ind
 0.198042 0.198042 0.198042 0.198042 0.198042 0.198042 0.198042 0.198042 0.198042 0.198042 0.198042 0.198042 0.198042 0.198042 0.198042 0.198042 0.198042 0.198042 0.198042 0.198042 0.198042 0.198042 0.198042 0.198042 0.198042 0.198042 0.198042 0.198042 0.198042 0.198042
# xages_fsh
 0 0 0 0 0 0 0 0 0 0 0 0
# xages_fsh
 0 0.0909091 0.181818 0.272727 0.363636 0.454545 0.545455 0.636364 0.727273 0.818182 0.909091 1
# xnodes_fsh

Yrs fsh_sel change:  1 0 0 0 0 0 0 0 0 0 0 0 0 0 0 0 0 0 0 0 0 0 0 0 0 0 0 0 0
Yrs ind_sel change:  1 0 0 0 0 0 0 0 0 0 0 0 0 0 0 0 0 0 0 0 0 0 0 0 0 0 0 0 0
# steepnessprior
0.75
# sigmarprior
0.2
#  SSB estimated in styr endyr: -13 28 
#  Rec estimated in styr endyr: -11 30 
#  SR Curve fit  in styr endyr: 1 30 
#             Model styr endyr: 1 30 
# qprior
 3.48998e-007
# q_power_prior 
 1 
# cv_catchbiomass 
0.05 
# CatchbiomassPen 
200 
# Number of projection years 
5 
# offset_fsh
 13342.3
# offset_ind
 12947.5
Mean Catch
1246.07
R_guess 
15.3879
# nfsh
1
# n_sel_ch_fsh
 1
# nselages_fsh
 11
# phase_selcoff_fsh
 -1
logRzero 15.3879
logmeanrec 15.3879
exp(log_sigmarprior 0.2
Fish sel phase: -1 FLEET1
Fixing fishery sel to
1
Srvy sel phase: -1
Fixing SURVEY1 indices sel to
1
# logsel_slp_in_indv
 0.693147
Leaving parameter init secton
# M
 0.2 0.2 0.2 0.2 0.2 0.2 0.2 0.2 0.2 0.2 0.2 0.2
 0.2 0.2 0.2 0.2 0.2 0.2 0.2 0.2 0.2 0.2 0.2 0.2
 0.2 0.2 0.2 0.2 0.2 0.2 0.2 0.2 0.2 0.2 0.2 0.2
 0.2 0.2 0.2 0.2 0.2 0.2 0.2 0.2 0.2 0.2 0.2 0.2
 0.2 0.2 0.2 0.2 0.2 0.2 0.2 0.2 0.2 0.2 0.2 0.2
 0.2 0.2 0.2 0.2 0.2 0.2 0.2 0.2 0.2 0.2 0.2 0.2
 0.2 0.2 0.2 0.2 0.2 0.2 0.2 0.2 0.2 0.2 0.2 0.2
 0.2 0.2 0.2 0.2 0.2 0.2 0.2 0.2 0.2 0.2 0.2 0.2
 0.2 0.2 0.2 0.2 0.2 0.2 0.2 0.2 0.2 0.2 0.2 0.2
 0.2 0.2 0.2 0.2 0.2 0.2 0.2 0.2 0.2 0.2 0.2 0.2
 0.2 0.2 0.2 0.2 0.2 0.2 0.2 0.2 0.2 0.2 0.2 0.2
 0.2 0.2 0.2 0.2 0.2 0.2 0.2 0.2 0.2 0.2 0.2 0.2
 0.2 0.2 0.2 0.2 0.2 0.2 0.2 0.2 0.2 0.2 0.2 0.2
 0.2 0.2 0.2 0.2 0.2 0.2 0.2 0.2 0.2 0.2 0.2 0.2
 0.2 0.2 0.2 0.2 0.2 0.2 0.2 0.2 0.2 0.2 0.2 0.2
 0.2 0.2 0.2 0.2 0.2 0.2 0.2 0.2 0.2 0.2 0.2 0.2
 0.2 0.2 0.2 0.2 0.2 0.2 0.2 0.2 0.2 0.2 0.2 0.2
 0.2 0.2 0.2 0.2 0.2 0.2 0.2 0.2 0.2 0.2 0.2 0.2
 0.2 0.2 0.2 0.2 0.2 0.2 0.2 0.2 0.2 0.2 0.2 0.2
 0.2 0.2 0.2 0.2 0.2 0.2 0.2 0.2 0.2 0.2 0.2 0.2
 0.2 0.2 0.2 0.2 0.2 0.2 0.2 0.2 0.2 0.2 0.2 0.2
 0.2 0.2 0.2 0.2 0.2 0.2 0.2 0.2 0.2 0.2 0.2 0.2
 0.2 0.2 0.2 0.2 0.2 0.2 0.2 0.2 0.2 0.2 0.2 0.2
 0.2 0.2 0.2 0.2 0.2 0.2 0.2 0.2 0.2 0.2 0.2 0.2
 0.2 0.2 0.2 0.2 0.2 0.2 0.2 0.2 0.2 0.2 0.2 0.2
 0.2 0.2 0.2 0.2 0.2 0.2 0.2 0.2 0.2 0.2 0.2 0.2
 0.2 0.2 0.2 0.2 0.2 0.2 0.2 0.2 0.2 0.2 0.2 0.2
 0.2 0.2 0.2 0.2 0.2 0.2 0.2 0.2 0.2 0.2 0.2 0.2
 0.2 0.2 0.2 0.2 0.2 0.2 0.2 0.2 0.2 0.2 0.2 0.2
 0.2 0.2 0.2 0.2 0.2 0.2 0.2 0.2 0.2 0.2 0.2 0.2
# mean_log_rec
13.7381
# log_Rzero
13.7509
# rec_dev
 -0.0557789 -0.0673579 0.0371666 -0.130748 -0.0412778 0.019294 0.0351593 0.00760057 0.0157791 0.058994 0.0615002 0.00110951 0.0580467 -0.0974002 -0.256639 -0.0740615 -0.0540244 0.191961 -0.00041221 -0.0201952 0.0756506 0.104848 -0.113126 -0.17856 -0.0923137 -0.176032 0.0901637 -0.0412759 -0.446233 -0.067886 0.069689 0.536224 -0.21307 0.294204 -0.254667 -0.322555 -0.137607 -0.372209 -0.249892 -0.430291 -0.272263 -0.147614
# fmort
 0.00959083 0.0273351 0.0455326 0.061653 0.0491059 0.0891268 0.0902851 0.191717 0.113425 0.13904 0.157484 0.168657 0.123402 0.177887 0.190959 0.171121 0.334364 0.276421 0.270158 0.267029 0.366159 0.266305 0.4427 0.364963 0.360774 0.333899 0.33264 0.483508 0.383597 0.65028
# rec_dev_future
 0 0 0 0 0
