AMAK;Mar 2020
# styr
1
# endyr
30
# rec_age
1
# oldest_age
12
# nlength
81
# len_bins
 10 11 12 13 14 15 16 17 18 19 20 21 22 23 24 25 26 27 28 29 30 31 32 33 34 35 36 37 38 39 40 41 42 43 44 45 46 47 48 49 50 51 52 53 54 55 56 57 58 59 60 61 62 63 64 65 66 67 68 69 70 71 72 73 74 75 76 77 78 79 80 81 82 83 84 85 86 87 88 89 90
# datafile_name
amak_data.dat
# model_name
AMAK_MCP
# styr
1
# endyr
30
# rec_age
1
# oldest_age
12
# nfsh
1
# fshname
FLEET1
# catch_bio_in
 176.215 483.211 558.954 643.159 1316.99 1409.25 1168.43 1513.34 1325.98 1592.12 1575.97 1331.39 1439.25 1633.69 1450.61 1705.98 1625.12 1109.85 1355.19 1177.6 1785.38 1613.58 1293.52 1201.11 1696.63 1166.67 1394.56 1594.52 1504.43 1090.99
# catch_bio_sd_in
 0.01 0.01 0.01 0.01 0.01 0.01 0.01 0.01 0.01 0.01 0.01 0.01 0.01 0.01 0.01 0.01 0.01 0.01 0.01 0.01 0.01 0.01 0.01 0.01 0.01 0.01 0.01 0.01 0.01 0.01
# nyrs_fsh_age
 30
# nyrs_fsh_length
 0
# yrs_fsh_age_in
 1 2 3 4 5 6 7 8 9 10 11 12 13 14 15 16 17 18 19 20 21 22 23 24 25 26 27 28 29 30
# yrs_fsh_length_in

# n_sample_fsh_length_in

# olc_fsh_in

# nind
1
# indname
SURVEY1
# nyrs_ind
 30
# yrs_ind_in
 1 2 3 4 5 6 7 8 9 10 11 12 13 14 15 16 17 18 19 20 21 22 23 24 25 26 27 28 29 30
# mo_ind
 1
# obs_ind_in
 1.55931 1.57154 1.61812 1.31751 1.18642 1.38834 1.1605 1.17794 1.34528 1.07559 1.00222 0.99976 1.06597 0.946134 0.945701 0.923012 0.825914 0.938936 0.770939 0.775625 0.702593 0.671275 0.718443 0.768948 0.705441 0.652601 0.601699 0.609282 0.657737 0.546726
# obs_se_ind_in
 0.311863 0.314308 0.323625 0.263501 0.237283 0.277669 0.232101 0.235588 0.269057 0.215117 0.200443 0.199952 0.213194 0.189227 0.18914 0.184602 0.165183 0.187787 0.154188 0.155125 0.140519 0.134255 0.143689 0.15379 0.141088 0.13052 0.12034 0.121856 0.131547 0.109345
# nyrs_ind_age
 30
# nyrs_ind_length
 0
# yrs_ind_age_in
 1 2 3 4 5 6 7 8 9 10 11 12 13 14 15 16 17 18 19 20 21 22 23 24 25 26 27 28 29 30
# yrs_ind_length_in

# yrs_ind_age_in
 1 2 3 4 5 6 7 8 9 10 11 12 13 14 15 16 17 18 19 20 21 22 23 24 25 26 27 28 29 30
# n_sample_ind_length_in

# olc_ind_in

# oac_ind_in
 0.065 0.17 0.14 0.135 0.12 0.06 0.06 0.04 0.05 0.045 0.02 0.095
 0.1 0.15 0.175 0.08 0.075 0.07 0.045 0.055 0.035 0.06 0.05 0.105
 0.055 0.15 0.13 0.125 0.115 0.08 0.06 0.045 0.045 0.03 0.03 0.135
 0.055 0.09 0.225 0.145 0.1 0.06 0.04 0.035 0.06 0.04 0.025 0.125
 0.045 0.23 0.085 0.13 0.09 0.08 0.06 0.04 0.055 0.025 0.04 0.12
 0.075 0.155 0.17 0.08 0.075 0.07 0.06 0.065 0.045 0.035 0.04 0.13
 0.04 0.155 0.13 0.18 0.045 0.115 0.085 0.045 0.035 0.03 0.02 0.12
 0.09 0.165 0.175 0.105 0.135 0.035 0.045 0.045 0.035 0.04 0.015 0.115
 0.045 0.105 0.165 0.21 0.065 0.105 0.075 0.045 0.03 0.035 0.03 0.09
 0.07 0.12 0.155 0.185 0.135 0.055 0.07 0.015 0.05 0.025 0.045 0.075
 0.1 0.165 0.14 0.09 0.155 0.08 0.06 0.06 0.035 0.03 0.02 0.065
 0.065 0.205 0.175 0.135 0.075 0.095 0.055 0.015 0.06 0.02 0.03 0.07
 0.06 0.135 0.225 0.14 0.11 0.085 0.075 0.035 0.015 0.05 0.03 0.04
 0.06 0.155 0.145 0.175 0.12 0.075 0.08 0.06 0.045 0.015 0.025 0.045
 0.125 0.2 0.2 0.095 0.135 0.07 0.055 0.025 0.025 0.01 0.015 0.045
 0.085 0.135 0.18 0.13 0.085 0.115 0.095 0.025 0.03 0.03 0.03 0.06
 0.145 0.17 0.185 0.155 0.135 0.055 0.05 0.03 0.01 0.01 0.015 0.04
 0.065 0.285 0.23 0.13 0.11 0.06 0.035 0.025 0.005 0.015 0.01 0.03
 0.085 0.19 0.285 0.11 0.075 0.095 0.03 0.035 0.04 0.015 0.005 0.035
 0.055 0.15 0.265 0.195 0.115 0.04 0.065 0.025 0.015 0.005 0.015 0.055
 0.09 0.215 0.145 0.15 0.155 0.035 0.07 0.045 0.02 0.015 0.025 0.035
 0.225 0.195 0.18 0.09 0.065 0.12 0.035 0.04 0.02 0.005 0 0.025
 0.095 0.4 0.135 0.11 0.085 0.05 0.045 0.05 0.005 0.01 0.01 0.005
 0.125 0.18 0.325 0.14 0.075 0.02 0.055 0.045 0.005 0.005 0.005 0.02
 0.095 0.245 0.2 0.26 0.085 0.055 0.02 0.02 0.01 0.005 0.005 0
 0.085 0.21 0.215 0.155 0.18 0.065 0.03 0.015 0.015 0.015 0.005 0.01
 0.08 0.235 0.195 0.16 0.1 0.11 0.05 0.025 0.02 0.015 0.01 0
 0.105 0.23 0.275 0.095 0.1 0.09 0.06 0.015 0.015 0 0.005 0.01
 0.105 0.235 0.16 0.175 0.08 0.07 0.02 0.085 0.03 0.01 0.01 0.02
 0.11 0.205 0.255 0.15 0.105 0.05 0.045 0.035 0.02 0.005 0.005 0.015
# wt_ind
 1 1 1 1 1 1 1 1 1 1 1 1
 1 1 1 1 1 1 1 1 1 1 1 1
 1 1 1 1 1 1 1 1 1 1 1 1
 1 1 1 1 1 1 1 1 1 1 1 1
 1 1 1 1 1 1 1 1 1 1 1 1
 1 1 1 1 1 1 1 1 1 1 1 1
 1 1 1 1 1 1 1 1 1 1 1 1
 1 1 1 1 1 1 1 1 1 1 1 1
 1 1 1 1 1 1 1 1 1 1 1 1
 1 1 1 1 1 1 1 1 1 1 1 1
 1 1 1 1 1 1 1 1 1 1 1 1
 1 1 1 1 1 1 1 1 1 1 1 1
 1 1 1 1 1 1 1 1 1 1 1 1
 1 1 1 1 1 1 1 1 1 1 1 1
 1 1 1 1 1 1 1 1 1 1 1 1
 1 1 1 1 1 1 1 1 1 1 1 1
 1 1 1 1 1 1 1 1 1 1 1 1
 1 1 1 1 1 1 1 1 1 1 1 1
 1 1 1 1 1 1 1 1 1 1 1 1
 1 1 1 1 1 1 1 1 1 1 1 1
 1 1 1 1 1 1 1 1 1 1 1 1
 1 1 1 1 1 1 1 1 1 1 1 1
 1 1 1 1 1 1 1 1 1 1 1 1
 1 1 1 1 1 1 1 1 1 1 1 1
 1 1 1 1 1 1 1 1 1 1 1 1
 1 1 1 1 1 1 1 1 1 1 1 1
 1 1 1 1 1 1 1 1 1 1 1 1
 1 1 1 1 1 1 1 1 1 1 1 1
 1 1 1 1 1 1 1 1 1 1 1 1
 1 1 1 1 1 1 1 1 1 1 1 1
# wt_pop
 0.000530656 0.00119633 0.00205827 0.00303499 0.00405521 0.0050647 0.00602623 0.00691692 0.00772489 0.00844611 0.00908185 0.0096367
# maturity
 0.0229774 0.320821 0.904651 0.99478 0.999739 0.999987 0.999999 1 1 1 1 1
# spawnmo
1
# age_err
 1 0 0 0 0 0 0 0 0 0 0 0
 0 1 0 0 0 0 0 0 0 0 0 0
 0 0 1 0 0 0 0 0 0 0 0 0
 0 0 0 1 0 0 0 0 0 0 0 0
 0 0 0 0 1 0 0 0 0 0 0 0
 0 0 0 0 0 1 0 0 0 0 0 0
 0 0 0 0 0 0 1 0 0 0 0 0
 0 0 0 0 0 0 0 1 0 0 0 0
 0 0 0 0 0 0 0 0 1 0 0 0
 0 0 0 0 0 0 0 0 0 1 0 0
 0 0 0 0 0 0 0 0 0 0 1 0
 0 0 0 0 0 0 0 0 0 0 0 1
# cntrlfile_name
C:\Users\bai.li\DOCUME~1\Github\AGE_ST~2\ASSAMC\example\C3\output\AMAK\s2\amak.dat
# Map shared selectivity: 
# sel_map
 1 2
 1 1
# datafile_name
amak_data.dat
# model_name
AMAK_MCP
# SrType
2
# use_age_err
0
# retro
0
# sigmarprior
0.2
# cvsigmarprior
0.25
# phase_sigmar
-3
# styr_rec_est
1
# endyr_rec_est
30
# Linfprior
80
# cvLinfprior
0.25
# kprior
0.18
# cvkprior
0.25
# Loprior
27.688
# cvLoprior
0.25
# sdageprior
0.1
# cvsdageprior
0.25
# natmortprior
0.2
# cvnatmortprior
0.25
# phase_M
-4
# npars_Mage
0
# ages_M_changes

# Mage_in

# Mage_offset_in

# phase_Mage
-5
# phase_rw_M
0
# npars_rw_M
0
# yrs_rw_M

# sigma_rw_M

# qprior
 3.48998e-007
# cvqprior
 1
# phase_q
 1
# q_power_prior
 1
# cvq_power_prior
 0.2
# phase_q_power
 -4
# phase_rw_q
 -1
# npars_rw_q
 0
# yrs_rw_q

# sigma_rw_q

# q_age_min
 1
# q_age_max
 12
# q_age_min
 1
# q_age_max
 12
# fsh_sel_opt(k)
2
# phase_sel_fsh(k)
2
# n_sel_ch_fsh(k)
1
# sel_slp_in_fsh(k)(1,n_sel_ch_fsh(k))
 1
# sel_inf_in_fsh(k)(1,n_sel_ch_fsh(k))
 2
# logsel_slp_in_fsh(k)(1,n_sel_ch_fsh(k))
 0
# yrs_sel_ch_fsh(k)(1,n_sel_ch_fsh(k))
 1

Survey SURVEY1
# ind_sel_opt(k)
2
# indname(k)
SURVEY1
# nselages_in_ind(k)
11
# phase_sel_ind(k)
2
# sel_change_in_ind(k)
 1 0 0 0 0 0 0 0 0 0 0 0 0 0 0 0 0 0 0 0 0 0 0 0 0 0 0 0 0 0
# n_sel_ch_ind(k)
1
# yrs_sel_ch_ind(k)(1,n_sel_ch_ind(k))
 1
# sel_slp_in_ind(k,1)
2
# sel_inf_in_ind(k,1)
1.5
# logsel_slp_in_ind(k,1)
0.693147
# logsel_slp_in_indv(k)
0.693147
SURVEY1 ind sel opt 2  1 0 0 0 0 0 0 0 0 0 0 0 0 0 0 0 0 0 0 0 0 0 0 0 0 0 0 0 0 0
Phase indices Sel_Coffs:  -1
 Test: 1.23457e+008
# Fshry Selages:  11
# Srvy  Selages:  11
# Phase for age-spec fishery  -1
# Phase for logistic fishery  2
# Phase for dble logistic fishery  -1
# Phase for age-spec indices   -1
# Phase for logistic indices   2
# Phase for dble logistic ind  -1
# Curv_pen_fsh: 
 0
# Curv_pen_ind: 
 0
# styr_fut
31
# endyr_fut
35
# nyrs_fsh_age
 30
# nyrs_fsh_age
 30
# yrs_fsh_age
 1 2 3 4 5 6 7 8 9 10 11 12 13 14 15 16 17 18 19 20 21 22 23 24 25 26 27 28 29 30
# n_sample_fsh_age
 200 200 200 200 200 200 200 200 200 200 200 200 200 200 200 200 200 200 200 200 200 200 200 200 200 200 200 200 200 200
# oac_fsh
 0.075 0.09 0.18 0.095 0.12 0.075 0.08 0.065 0.045 0.02 0.035 0.12
 0.08 0.105 0.07 0.16 0.095 0.105 0.075 0.05 0.055 0.04 0.035 0.13
 0.045 0.145 0.125 0.125 0.08 0.085 0.07 0.05 0.045 0.035 0.04 0.155
 0.065 0.095 0.145 0.11 0.135 0.1 0.065 0.065 0.055 0.025 0.02 0.12
 0.045 0.11 0.085 0.155 0.105 0.085 0.09 0.085 0.035 0.04 0.02 0.145
 0.07 0.065 0.155 0.105 0.125 0.135 0.06 0.05 0.035 0.03 0.015 0.155
 0.08 0.13 0.11 0.165 0.06 0.11 0.07 0.065 0.04 0.02 0.02 0.13
 0.105 0.115 0.125 0.095 0.125 0.05 0.09 0.04 0.07 0.025 0.02 0.14
 0.085 0.11 0.15 0.145 0.1 0.15 0.04 0.08 0.035 0.015 0.01 0.08
 0.115 0.13 0.145 0.145 0.135 0.055 0.07 0.035 0.035 0.035 0.03 0.07
 0.07 0.17 0.135 0.08 0.1 0.085 0.055 0.06 0.025 0.015 0.06 0.145
 0.09 0.19 0.14 0.125 0.105 0.08 0.07 0.035 0.03 0.01 0.035 0.09
 0.115 0.105 0.205 0.115 0.075 0.085 0.08 0.065 0.035 0.02 0.015 0.085
 0.125 0.115 0.115 0.21 0.11 0.075 0.035 0.07 0.035 0.02 0.01 0.08
 0.105 0.185 0.2 0.085 0.1 0.11 0.065 0.035 0.035 0.02 0.005 0.055
 0.08 0.16 0.16 0.155 0.115 0.09 0.08 0.04 0.025 0.025 0.03 0.04
 0.235 0.085 0.175 0.15 0.11 0.06 0.055 0.03 0.03 0.01 0.01 0.05
 0.15 0.26 0.115 0.145 0.09 0.07 0.04 0.04 0.03 0.02 0.01 0.03
 0.095 0.195 0.33 0.09 0.12 0.025 0.04 0.015 0.035 0 0.005 0.05
 0.125 0.175 0.145 0.22 0.11 0.065 0.035 0.04 0.005 0.025 0.015 0.04
 0.11 0.135 0.15 0.22 0.155 0.055 0.05 0.05 0.03 0.01 0 0.035
 0.26 0.16 0.105 0.105 0.1 0.075 0.035 0.03 0.035 0.015 0.015 0.065
 0.15 0.32 0.17 0.09 0.08 0.04 0.075 0.025 0.01 0.02 0.005 0.015
 0.135 0.17 0.265 0.11 0.095 0.04 0.07 0.05 0.025 0.015 0.015 0.01
 0.13 0.16 0.19 0.23 0.1 0.05 0.04 0.02 0.03 0.015 0.01 0.025
 0.13 0.15 0.165 0.165 0.16 0.06 0.035 0.055 0.02 0.025 0.005 0.03
 0.11 0.165 0.195 0.18 0.105 0.135 0.025 0.015 0.02 0.005 0.02 0.025
 0.105 0.2 0.175 0.13 0.125 0.1 0.085 0.045 0.01 0.005 0.005 0.015
 0.1 0.195 0.17 0.185 0.12 0.09 0.05 0.04 0.025 0.015 0 0.01
 0.09 0.2 0.245 0.12 0.115 0.07 0.07 0.025 0.03 0.01 0.005 0.02
# olc_fsh

# wt_fsh
 0.000530656 0.00119633 0.00205827 0.00303499 0.00405521 0.0050647 0.00602623 0.00691692 0.00772489 0.00844611 0.00908185 0.0096367
 0.000530656 0.00119633 0.00205827 0.00303499 0.00405521 0.0050647 0.00602623 0.00691692 0.00772489 0.00844611 0.00908185 0.0096367
 0.000530656 0.00119633 0.00205827 0.00303499 0.00405521 0.0050647 0.00602623 0.00691692 0.00772489 0.00844611 0.00908185 0.0096367
 0.000530656 0.00119633 0.00205827 0.00303499 0.00405521 0.0050647 0.00602623 0.00691692 0.00772489 0.00844611 0.00908185 0.0096367
 0.000530656 0.00119633 0.00205827 0.00303499 0.00405521 0.0050647 0.00602623 0.00691692 0.00772489 0.00844611 0.00908185 0.0096367
 0.000530656 0.00119633 0.00205827 0.00303499 0.00405521 0.0050647 0.00602623 0.00691692 0.00772489 0.00844611 0.00908185 0.0096367
 0.000530656 0.00119633 0.00205827 0.00303499 0.00405521 0.0050647 0.00602623 0.00691692 0.00772489 0.00844611 0.00908185 0.0096367
 0.000530656 0.00119633 0.00205827 0.00303499 0.00405521 0.0050647 0.00602623 0.00691692 0.00772489 0.00844611 0.00908185 0.0096367
 0.000530656 0.00119633 0.00205827 0.00303499 0.00405521 0.0050647 0.00602623 0.00691692 0.00772489 0.00844611 0.00908185 0.0096367
 0.000530656 0.00119633 0.00205827 0.00303499 0.00405521 0.0050647 0.00602623 0.00691692 0.00772489 0.00844611 0.00908185 0.0096367
 0.000530656 0.00119633 0.00205827 0.00303499 0.00405521 0.0050647 0.00602623 0.00691692 0.00772489 0.00844611 0.00908185 0.0096367
 0.000530656 0.00119633 0.00205827 0.00303499 0.00405521 0.0050647 0.00602623 0.00691692 0.00772489 0.00844611 0.00908185 0.0096367
 0.000530656 0.00119633 0.00205827 0.00303499 0.00405521 0.0050647 0.00602623 0.00691692 0.00772489 0.00844611 0.00908185 0.0096367
 0.000530656 0.00119633 0.00205827 0.00303499 0.00405521 0.0050647 0.00602623 0.00691692 0.00772489 0.00844611 0.00908185 0.0096367
 0.000530656 0.00119633 0.00205827 0.00303499 0.00405521 0.0050647 0.00602623 0.00691692 0.00772489 0.00844611 0.00908185 0.0096367
 0.000530656 0.00119633 0.00205827 0.00303499 0.00405521 0.0050647 0.00602623 0.00691692 0.00772489 0.00844611 0.00908185 0.0096367
 0.000530656 0.00119633 0.00205827 0.00303499 0.00405521 0.0050647 0.00602623 0.00691692 0.00772489 0.00844611 0.00908185 0.0096367
 0.000530656 0.00119633 0.00205827 0.00303499 0.00405521 0.0050647 0.00602623 0.00691692 0.00772489 0.00844611 0.00908185 0.0096367
 0.000530656 0.00119633 0.00205827 0.00303499 0.00405521 0.0050647 0.00602623 0.00691692 0.00772489 0.00844611 0.00908185 0.0096367
 0.000530656 0.00119633 0.00205827 0.00303499 0.00405521 0.0050647 0.00602623 0.00691692 0.00772489 0.00844611 0.00908185 0.0096367
 0.000530656 0.00119633 0.00205827 0.00303499 0.00405521 0.0050647 0.00602623 0.00691692 0.00772489 0.00844611 0.00908185 0.0096367
 0.000530656 0.00119633 0.00205827 0.00303499 0.00405521 0.0050647 0.00602623 0.00691692 0.00772489 0.00844611 0.00908185 0.0096367
 0.000530656 0.00119633 0.00205827 0.00303499 0.00405521 0.0050647 0.00602623 0.00691692 0.00772489 0.00844611 0.00908185 0.0096367
 0.000530656 0.00119633 0.00205827 0.00303499 0.00405521 0.0050647 0.00602623 0.00691692 0.00772489 0.00844611 0.00908185 0.0096367
 0.000530656 0.00119633 0.00205827 0.00303499 0.00405521 0.0050647 0.00602623 0.00691692 0.00772489 0.00844611 0.00908185 0.0096367
 0.000530656 0.00119633 0.00205827 0.00303499 0.00405521 0.0050647 0.00602623 0.00691692 0.00772489 0.00844611 0.00908185 0.0096367
 0.000530656 0.00119633 0.00205827 0.00303499 0.00405521 0.0050647 0.00602623 0.00691692 0.00772489 0.00844611 0.00908185 0.0096367
 0.000530656 0.00119633 0.00205827 0.00303499 0.00405521 0.0050647 0.00602623 0.00691692 0.00772489 0.00844611 0.00908185 0.0096367
 0.000530656 0.00119633 0.00205827 0.00303499 0.00405521 0.0050647 0.00602623 0.00691692 0.00772489 0.00844611 0.00908185 0.0096367
 0.000530656 0.00119633 0.00205827 0.00303499 0.00405521 0.0050647 0.00602623 0.00691692 0.00772489 0.00844611 0.00908185 0.0096367
# nyrs_ind_age
 30
# yrs_ind_age
 1 2 3 4 5 6 7 8 9 10 11 12 13 14 15 16 17 18 19 20 21 22 23 24 25 26 27 28 29 30
# n_sample_ind_age
 200 200 200 200 200 200 200 200 200 200 200 200 200 200 200 200 200 200 200 200 200 200 200 200 200 200 200 200 200 200
# oac_ind
 0.065 0.17 0.14 0.135 0.12 0.06 0.06 0.04 0.05 0.045 0.02 0.095
 0.1 0.15 0.175 0.08 0.075 0.07 0.045 0.055 0.035 0.06 0.05 0.105
 0.055 0.15 0.13 0.125 0.115 0.08 0.06 0.045 0.045 0.03 0.03 0.135
 0.055 0.09 0.225 0.145 0.1 0.06 0.04 0.035 0.06 0.04 0.025 0.125
 0.045 0.23 0.085 0.13 0.09 0.08 0.06 0.04 0.055 0.025 0.04 0.12
 0.075 0.155 0.17 0.08 0.075 0.07 0.06 0.065 0.045 0.035 0.04 0.13
 0.04 0.155 0.13 0.18 0.045 0.115 0.085 0.045 0.035 0.03 0.02 0.12
 0.09 0.165 0.175 0.105 0.135 0.035 0.045 0.045 0.035 0.04 0.015 0.115
 0.045 0.105 0.165 0.21 0.065 0.105 0.075 0.045 0.03 0.035 0.03 0.09
 0.07 0.12 0.155 0.185 0.135 0.055 0.07 0.015 0.05 0.025 0.045 0.075
 0.1 0.165 0.14 0.09 0.155 0.08 0.06 0.06 0.035 0.03 0.02 0.065
 0.065 0.205 0.175 0.135 0.075 0.095 0.055 0.015 0.06 0.02 0.03 0.07
 0.06 0.135 0.225 0.14 0.11 0.085 0.075 0.035 0.015 0.05 0.03 0.04
 0.06 0.155 0.145 0.175 0.12 0.075 0.08 0.06 0.045 0.015 0.025 0.045
 0.125 0.2 0.2 0.095 0.135 0.07 0.055 0.025 0.025 0.01 0.015 0.045
 0.085 0.135 0.18 0.13 0.085 0.115 0.095 0.025 0.03 0.03 0.03 0.06
 0.145 0.17 0.185 0.155 0.135 0.055 0.05 0.03 0.01 0.01 0.015 0.04
 0.065 0.285 0.23 0.13 0.11 0.06 0.035 0.025 0.005 0.015 0.01 0.03
 0.085 0.19 0.285 0.11 0.075 0.095 0.03 0.035 0.04 0.015 0.005 0.035
 0.055 0.15 0.265 0.195 0.115 0.04 0.065 0.025 0.015 0.005 0.015 0.055
 0.09 0.215 0.145 0.15 0.155 0.035 0.07 0.045 0.02 0.015 0.025 0.035
 0.225 0.195 0.18 0.09 0.065 0.12 0.035 0.04 0.02 0.005 0 0.025
 0.095 0.4 0.135 0.11 0.085 0.05 0.045 0.05 0.005 0.01 0.01 0.005
 0.125 0.18 0.325 0.14 0.075 0.02 0.055 0.045 0.005 0.005 0.005 0.02
 0.095 0.245 0.2 0.26 0.085 0.055 0.02 0.02 0.01 0.005 0.005 0
 0.085 0.21 0.215 0.155 0.18 0.065 0.03 0.015 0.015 0.015 0.005 0.01
 0.08 0.235 0.195 0.16 0.1 0.11 0.05 0.025 0.02 0.015 0.01 0
 0.105 0.23 0.275 0.095 0.1 0.09 0.06 0.015 0.015 0 0.005 0.01
 0.105 0.235 0.16 0.175 0.08 0.07 0.02 0.085 0.03 0.01 0.01 0.02
 0.11 0.205 0.255 0.15 0.105 0.05 0.045 0.035 0.02 0.005 0.005 0.015
# olc_ind

# obs_lse_ind
 0.198042 0.198042 0.198042 0.198042 0.198042 0.198042 0.198042 0.198042 0.198042 0.198042 0.198042 0.198042 0.198042 0.198042 0.198042 0.198042 0.198042 0.198042 0.198042 0.198042 0.198042 0.198042 0.198042 0.198042 0.198042 0.198042 0.198042 0.198042 0.198042 0.198042
# xages_fsh
 0 0 0 0 0 0 0 0 0 0 0 0
# xages_fsh
 0 0.0909091 0.181818 0.272727 0.363636 0.454545 0.545455 0.636364 0.727273 0.818182 0.909091 1
# xnodes_fsh

Yrs fsh_sel change:  1 0 0 0 0 0 0 0 0 0 0 0 0 0 0 0 0 0 0 0 0 0 0 0 0 0 0 0 0
Yrs ind_sel change:  1 0 0 0 0 0 0 0 0 0 0 0 0 0 0 0 0 0 0 0 0 0 0 0 0 0 0 0 0
# steepnessprior
0.75
# sigmarprior
0.2
#  SSB estimated in styr endyr: -13 28 
#  Rec estimated in styr endyr: -11 30 
#  SR Curve fit  in styr endyr: 1 30 
#             Model styr endyr: 1 30 
# qprior
 3.48998e-007
# q_power_prior 
 1 
# cv_catchbiomass 
0.05 
# CatchbiomassPen 
200 
# Number of projection years 
5 
# offset_fsh
 13496
# offset_ind
 13191.1
Mean Catch
1297.79
R_guess 
15.4286
# nfsh
1
# n_sel_ch_fsh
 1
# nselages_fsh
 11
# phase_selcoff_fsh
 -1
logRzero 15.4286
logmeanrec 15.4286
exp(log_sigmarprior 0.2
Fish sel phase: -1 FLEET1
Fixing fishery sel to
1
Srvy sel phase: -1
Fixing SURVEY1 indices sel to
1
# logsel_slp_in_indv
 0.693147
Leaving parameter init secton
# M
 0.2 0.2 0.2 0.2 0.2 0.2 0.2 0.2 0.2 0.2 0.2 0.2
 0.2 0.2 0.2 0.2 0.2 0.2 0.2 0.2 0.2 0.2 0.2 0.2
 0.2 0.2 0.2 0.2 0.2 0.2 0.2 0.2 0.2 0.2 0.2 0.2
 0.2 0.2 0.2 0.2 0.2 0.2 0.2 0.2 0.2 0.2 0.2 0.2
 0.2 0.2 0.2 0.2 0.2 0.2 0.2 0.2 0.2 0.2 0.2 0.2
 0.2 0.2 0.2 0.2 0.2 0.2 0.2 0.2 0.2 0.2 0.2 0.2
 0.2 0.2 0.2 0.2 0.2 0.2 0.2 0.2 0.2 0.2 0.2 0.2
 0.2 0.2 0.2 0.2 0.2 0.2 0.2 0.2 0.2 0.2 0.2 0.2
 0.2 0.2 0.2 0.2 0.2 0.2 0.2 0.2 0.2 0.2 0.2 0.2
 0.2 0.2 0.2 0.2 0.2 0.2 0.2 0.2 0.2 0.2 0.2 0.2
 0.2 0.2 0.2 0.2 0.2 0.2 0.2 0.2 0.2 0.2 0.2 0.2
 0.2 0.2 0.2 0.2 0.2 0.2 0.2 0.2 0.2 0.2 0.2 0.2
 0.2 0.2 0.2 0.2 0.2 0.2 0.2 0.2 0.2 0.2 0.2 0.2
 0.2 0.2 0.2 0.2 0.2 0.2 0.2 0.2 0.2 0.2 0.2 0.2
 0.2 0.2 0.2 0.2 0.2 0.2 0.2 0.2 0.2 0.2 0.2 0.2
 0.2 0.2 0.2 0.2 0.2 0.2 0.2 0.2 0.2 0.2 0.2 0.2
 0.2 0.2 0.2 0.2 0.2 0.2 0.2 0.2 0.2 0.2 0.2 0.2
 0.2 0.2 0.2 0.2 0.2 0.2 0.2 0.2 0.2 0.2 0.2 0.2
 0.2 0.2 0.2 0.2 0.2 0.2 0.2 0.2 0.2 0.2 0.2 0.2
 0.2 0.2 0.2 0.2 0.2 0.2 0.2 0.2 0.2 0.2 0.2 0.2
 0.2 0.2 0.2 0.2 0.2 0.2 0.2 0.2 0.2 0.2 0.2 0.2
 0.2 0.2 0.2 0.2 0.2 0.2 0.2 0.2 0.2 0.2 0.2 0.2
 0.2 0.2 0.2 0.2 0.2 0.2 0.2 0.2 0.2 0.2 0.2 0.2
 0.2 0.2 0.2 0.2 0.2 0.2 0.2 0.2 0.2 0.2 0.2 0.2
 0.2 0.2 0.2 0.2 0.2 0.2 0.2 0.2 0.2 0.2 0.2 0.2
 0.2 0.2 0.2 0.2 0.2 0.2 0.2 0.2 0.2 0.2 0.2 0.2
 0.2 0.2 0.2 0.2 0.2 0.2 0.2 0.2 0.2 0.2 0.2 0.2
 0.2 0.2 0.2 0.2 0.2 0.2 0.2 0.2 0.2 0.2 0.2 0.2
 0.2 0.2 0.2 0.2 0.2 0.2 0.2 0.2 0.2 0.2 0.2 0.2
 0.2 0.2 0.2 0.2 0.2 0.2 0.2 0.2 0.2 0.2 0.2 0.2
# mean_log_rec
13.7702
# log_Rzero
13.8224
# rec_dev
 -0.0941777 -0.112909 -0.0618168 0.0588879 0.101019 -0.0573265 -0.00318392 -0.0550886 0.0277379 -0.0672319 0.0682757 0.0951143 0.0986102 0.241713 -0.283505 0.281951 -0.171684 0.171023 0.148165 -0.0806092 -0.0860579 0.061177 0.192422 -0.252539 -0.0211781 0.0290577 -0.0503108 -0.183519 0.404171 0.0176017 -0.233648 -0.19686 -0.0817763 0.56175 0.0172222 0.0462504 -0.140794 -0.0369591 -0.213968 -0.0992796 -0.285814 -0.379844
# fmort
 0.0100793 0.0279398 0.0329388 0.0387173 0.082882 0.0948311 0.0835592 0.115098 0.107817 0.139112 0.149427 0.135142 0.155104 0.190304 0.182951 0.234823 0.245486 0.174366 0.214013 0.188966 0.306025 0.305163 0.253069 0.228127 0.324854 0.230186 0.281905 0.349399 0.370706 0.293308
# rec_dev_future
 0 0 0 0 0
