AMAK;Mar 2020
# styr
1
# endyr
30
# rec_age
1
# oldest_age
12
# nlength
81
# len_bins
 10 11 12 13 14 15 16 17 18 19 20 21 22 23 24 25 26 27 28 29 30 31 32 33 34 35 36 37 38 39 40 41 42 43 44 45 46 47 48 49 50 51 52 53 54 55 56 57 58 59 60 61 62 63 64 65 66 67 68 69 70 71 72 73 74 75 76 77 78 79 80 81 82 83 84 85 86 87 88 89 90
# datafile_name
amak_data.dat
# model_name
AMAK_MCP
# styr
1
# endyr
30
# rec_age
1
# oldest_age
12
# nfsh
1
# fshname
FLEET1
# catch_bio_in
 162.71 460.275 739.278 960.757 723.886 1227.26 1198.84 2250.8 1191.8 1370.25 1467.46 1437.67 977.266 1319.19 1277.41 1063.13 1815.34 1304.14 1163.33 1091.1 1417.61 1019.61 1618.65 1284.01 1279.68 1169.03 1150.51 1518.25 1085.54 1562.92
# catch_bio_sd_in
 0.01 0.01 0.01 0.01 0.01 0.01 0.01 0.01 0.01 0.01 0.01 0.01 0.01 0.01 0.01 0.01 0.01 0.01 0.01 0.01 0.01 0.01 0.01 0.01 0.01 0.01 0.01 0.01 0.01 0.01
# nyrs_fsh_age
 30
# nyrs_fsh_length
 0
# yrs_fsh_age_in
 1 2 3 4 5 6 7 8 9 10 11 12 13 14 15 16 17 18 19 20 21 22 23 24 25 26 27 28 29 30
# yrs_fsh_length_in

# n_sample_fsh_length_in

# olc_fsh_in

# nind
1
# indname
SURVEY1
# nyrs_ind
 30
# yrs_ind_in
 1 2 3 4 5 6 7 8 9 10 11 12 13 14 15 16 17 18 19 20 21 22 23 24 25 26 27 28 29 30
# mo_ind
 1
# obs_ind_in
 1.26853 1.43948 1.61459 1.4327 1.52403 1.48222 1.31475 1.31113 1.18199 1.24221 1.31857 0.915936 0.989436 1.01441 0.942065 0.846603 0.744259 0.714315 0.737388 0.769791 0.7461 0.828241 0.640429 0.888968 0.892069 0.832749 0.787134 0.635021 0.73033 0.710986
# obs_se_ind_in
 0.253705 0.287896 0.322919 0.28654 0.304806 0.296443 0.26295 0.262227 0.236397 0.248442 0.263714 0.183187 0.197887 0.202882 0.188413 0.169321 0.148852 0.142863 0.147478 0.153958 0.14922 0.165648 0.128086 0.177794 0.178414 0.16655 0.157427 0.127004 0.146066 0.142197
# nyrs_ind_age
 30
# nyrs_ind_length
 0
# yrs_ind_age_in
 1 2 3 4 5 6 7 8 9 10 11 12 13 14 15 16 17 18 19 20 21 22 23 24 25 26 27 28 29 30
# yrs_ind_length_in

# yrs_ind_age_in
 1 2 3 4 5 6 7 8 9 10 11 12 13 14 15 16 17 18 19 20 21 22 23 24 25 26 27 28 29 30
# n_sample_ind_length_in

# olc_ind_in

# oac_ind_in
 0.07 0.165 0.165 0.13 0.12 0.075 0.05 0.025 0.02 0.03 0.02 0.13
 0.07 0.12 0.165 0.145 0.07 0.09 0.06 0.07 0.045 0.02 0.015 0.13
 0.035 0.145 0.13 0.11 0.15 0.09 0.08 0.045 0.04 0.03 0.005 0.14
 0.05 0.135 0.11 0.13 0.105 0.085 0.04 0.035 0.055 0.065 0.025 0.165
 0.055 0.17 0.085 0.14 0.135 0.095 0.065 0.055 0.025 0.04 0.03 0.105
 0.09 0.115 0.16 0.135 0.1 0.06 0.055 0.06 0.05 0.035 0.015 0.125
 0.04 0.18 0.165 0.145 0.06 0.045 0.08 0.04 0.045 0.02 0.045 0.135
 0.09 0.18 0.165 0.13 0.09 0.045 0.03 0.06 0.03 0.065 0.025 0.09
 0.065 0.175 0.165 0.15 0.085 0.085 0.06 0.035 0.045 0.03 0.025 0.08
 0.035 0.205 0.175 0.155 0.1 0.065 0.08 0.02 0.015 0.025 0.025 0.1
 0.09 0.13 0.23 0.115 0.12 0.07 0.06 0.04 0.015 0.015 0.015 0.1
 0.09 0.255 0.155 0.15 0.09 0.065 0.06 0.03 0.02 0.005 0.01 0.07
 0.055 0.18 0.175 0.11 0.115 0.09 0.06 0.05 0.015 0.045 0.02 0.085
 0.11 0.19 0.195 0.13 0.11 0.055 0.04 0.065 0.005 0.015 0.015 0.07
 0.07 0.185 0.17 0.1 0.12 0.085 0.065 0.07 0.03 0.025 0.01 0.07
 0.09 0.14 0.165 0.185 0.105 0.03 0.07 0.045 0.04 0.03 0.03 0.07
 0.1 0.23 0.23 0.11 0.065 0.055 0.035 0.04 0.035 0.02 0.015 0.065
 0.085 0.225 0.2 0.165 0.1 0.04 0.045 0.035 0.02 0.03 0.005 0.05
 0.125 0.19 0.165 0.16 0.105 0.06 0.055 0.035 0.015 0.025 0.01 0.055
 0.16 0.24 0.17 0.12 0.11 0.065 0.05 0.02 0 0.025 0.015 0.025
 0.135 0.305 0.18 0.145 0.065 0.05 0.035 0.015 0.01 0.025 0 0.035
 0.14 0.27 0.25 0.125 0.085 0.05 0.02 0.015 0.015 0.005 0.005 0.02
 0.18 0.185 0.26 0.195 0.065 0.055 0.025 0.01 0.01 0.005 0.005 0.005
 0.155 0.31 0.195 0.125 0.12 0.03 0.01 0.03 0 0.01 0 0.015
 0.085 0.24 0.265 0.135 0.13 0.07 0.015 0.02 0.015 0.005 0.005 0.015
 0.105 0.21 0.25 0.18 0.065 0.06 0.08 0 0.01 0.015 0.005 0.02
 0.165 0.235 0.24 0.12 0.125 0.03 0.02 0.04 0 0 0.005 0.02
 0.13 0.275 0.21 0.145 0.095 0.06 0.035 0.03 0.01 0.005 0 0.005
 0.16 0.23 0.165 0.21 0.065 0.04 0.055 0.02 0.025 0.015 0 0.015
 0.125 0.3 0.21 0.14 0.075 0.06 0.035 0.015 0.02 0 0.01 0.01
# wt_ind
 1 1 1 1 1 1 1 1 1 1 1 1
 1 1 1 1 1 1 1 1 1 1 1 1
 1 1 1 1 1 1 1 1 1 1 1 1
 1 1 1 1 1 1 1 1 1 1 1 1
 1 1 1 1 1 1 1 1 1 1 1 1
 1 1 1 1 1 1 1 1 1 1 1 1
 1 1 1 1 1 1 1 1 1 1 1 1
 1 1 1 1 1 1 1 1 1 1 1 1
 1 1 1 1 1 1 1 1 1 1 1 1
 1 1 1 1 1 1 1 1 1 1 1 1
 1 1 1 1 1 1 1 1 1 1 1 1
 1 1 1 1 1 1 1 1 1 1 1 1
 1 1 1 1 1 1 1 1 1 1 1 1
 1 1 1 1 1 1 1 1 1 1 1 1
 1 1 1 1 1 1 1 1 1 1 1 1
 1 1 1 1 1 1 1 1 1 1 1 1
 1 1 1 1 1 1 1 1 1 1 1 1
 1 1 1 1 1 1 1 1 1 1 1 1
 1 1 1 1 1 1 1 1 1 1 1 1
 1 1 1 1 1 1 1 1 1 1 1 1
 1 1 1 1 1 1 1 1 1 1 1 1
 1 1 1 1 1 1 1 1 1 1 1 1
 1 1 1 1 1 1 1 1 1 1 1 1
 1 1 1 1 1 1 1 1 1 1 1 1
 1 1 1 1 1 1 1 1 1 1 1 1
 1 1 1 1 1 1 1 1 1 1 1 1
 1 1 1 1 1 1 1 1 1 1 1 1
 1 1 1 1 1 1 1 1 1 1 1 1
 1 1 1 1 1 1 1 1 1 1 1 1
 1 1 1 1 1 1 1 1 1 1 1 1
# wt_pop
 0.000530656 0.00119633 0.00205827 0.00303499 0.00405521 0.0050647 0.00602623 0.00691692 0.00772489 0.00844611 0.00908185 0.0096367
# maturity
 0.0229774 0.320821 0.904651 0.99478 0.999739 0.999987 0.999999 1 1 1 1 1
# spawnmo
1
# age_err
 1 0 0 0 0 0 0 0 0 0 0 0
 0 1 0 0 0 0 0 0 0 0 0 0
 0 0 1 0 0 0 0 0 0 0 0 0
 0 0 0 1 0 0 0 0 0 0 0 0
 0 0 0 0 1 0 0 0 0 0 0 0
 0 0 0 0 0 1 0 0 0 0 0 0
 0 0 0 0 0 0 1 0 0 0 0 0
 0 0 0 0 0 0 0 1 0 0 0 0
 0 0 0 0 0 0 0 0 1 0 0 0
 0 0 0 0 0 0 0 0 0 1 0 0
 0 0 0 0 0 0 0 0 0 0 1 0
 0 0 0 0 0 0 0 0 0 0 0 1
# cntrlfile_name
C:\Users\bai.li\DOCUME~1\Github\AGE_ST~1\ASSAMC\example\output\AMAK\s35\amak.dat
# Map shared selectivity: 
# sel_map
 1 2
 1 1
# datafile_name
amak_data.dat
# model_name
AMAK_MCP
# SrType
2
# use_age_err
0
# retro
0
# sigmarprior
0.2
# cvsigmarprior
0.25
# phase_sigmar
-3
# styr_rec_est
1
# endyr_rec_est
30
# Linfprior
80
# cvLinfprior
0.25
# kprior
0.18
# cvkprior
0.25
# Loprior
27.688
# cvLoprior
0.25
# sdageprior
0.1
# cvsdageprior
0.25
# natmortprior
0.2
# cvnatmortprior
0.25
# phase_M
-4
# npars_Mage
0
# ages_M_changes

# Mage_in

# Mage_offset_in

# phase_Mage
-5
# phase_rw_M
0
# npars_rw_M
0
# yrs_rw_M

# sigma_rw_M

# qprior
 3.48998e-007
# cvqprior
 1
# phase_q
 1
# q_power_prior
 1
# cvq_power_prior
 0.2
# phase_q_power
 -4
# phase_rw_q
 -1
# npars_rw_q
 0
# yrs_rw_q

# sigma_rw_q

# q_age_min
 1
# q_age_max
 12
# q_age_min
 1
# q_age_max
 12
# fsh_sel_opt(k)
2
# phase_sel_fsh(k)
2
# n_sel_ch_fsh(k)
1
# sel_slp_in_fsh(k)(1,n_sel_ch_fsh(k))
 1
# sel_inf_in_fsh(k)(1,n_sel_ch_fsh(k))
 2
# logsel_slp_in_fsh(k)(1,n_sel_ch_fsh(k))
 0
# yrs_sel_ch_fsh(k)(1,n_sel_ch_fsh(k))
 1

Survey SURVEY1
# ind_sel_opt(k)
2
# indname(k)
SURVEY1
# nselages_in_ind(k)
11
# phase_sel_ind(k)
2
# sel_change_in_ind(k)
 1 0 0 0 0 0 0 0 0 0 0 0 0 0 0 0 0 0 0 0 0 0 0 0 0 0 0 0 0 0
# n_sel_ch_ind(k)
1
# yrs_sel_ch_ind(k)(1,n_sel_ch_ind(k))
 1
# sel_slp_in_ind(k,1)
2
# sel_inf_in_ind(k,1)
1.5
# logsel_slp_in_ind(k,1)
0.693147
# logsel_slp_in_indv(k)
0.693147
SURVEY1 ind sel opt 2  1 0 0 0 0 0 0 0 0 0 0 0 0 0 0 0 0 0 0 0 0 0 0 0 0 0 0 0 0 0
Phase indices Sel_Coffs:  -1
 Test: 1.23457e+008
# Fshry Selages:  11
# Srvy  Selages:  11
# Phase for age-spec fishery  -1
# Phase for logistic fishery  2
# Phase for dble logistic fishery  -1
# Phase for age-spec indices   -1
# Phase for logistic indices   2
# Phase for dble logistic ind  -1
# Curv_pen_fsh: 
 0
# Curv_pen_ind: 
 0
# styr_fut
31
# endyr_fut
35
# nyrs_fsh_age
 30
# nyrs_fsh_age
 30
# yrs_fsh_age
 1 2 3 4 5 6 7 8 9 10 11 12 13 14 15 16 17 18 19 20 21 22 23 24 25 26 27 28 29 30
# n_sample_fsh_age
 200 200 200 200 200 200 200 200 200 200 200 200 200 200 200 200 200 200 200 200 200 200 200 200 200 200 200 200 200 200
# oac_fsh
 0.08 0.07 0.11 0.12 0.105 0.07 0.1 0.05 0.055 0.04 0.05 0.15
 0.04 0.065 0.14 0.15 0.115 0.08 0.08 0.05 0.08 0.035 0.025 0.14
 0.05 0.08 0.125 0.16 0.13 0.075 0.07 0.05 0.06 0.03 0.02 0.15
 0.065 0.095 0.11 0.135 0.095 0.065 0.085 0.05 0.065 0.03 0.045 0.16
 0.065 0.1 0.145 0.085 0.085 0.085 0.125 0.035 0.045 0.03 0.03 0.17
 0.085 0.09 0.2 0.12 0.06 0.095 0.085 0.03 0.035 0.05 0.025 0.125
 0.08 0.15 0.13 0.17 0.115 0.035 0.055 0.04 0.08 0.03 0.015 0.1
 0.075 0.145 0.18 0.105 0.13 0.09 0.035 0.05 0.055 0.04 0.005 0.09
 0.095 0.1 0.14 0.16 0.115 0.1 0.065 0.065 0.045 0.015 0.025 0.075
 0.045 0.17 0.135 0.14 0.09 0.07 0.09 0.04 0.07 0.025 0.015 0.11
 0.095 0.08 0.185 0.145 0.1 0.09 0.08 0.04 0.04 0.025 0.01 0.11
 0.08 0.125 0.145 0.155 0.115 0.115 0.095 0.05 0.02 0.01 0.005 0.085
 0.085 0.135 0.155 0.14 0.11 0.105 0.065 0.05 0.035 0.05 0.01 0.06
 0.07 0.105 0.135 0.155 0.12 0.13 0.055 0.055 0.035 0.035 0.025 0.08
 0.1 0.14 0.155 0.135 0.125 0.04 0.065 0.065 0.05 0.04 0.02 0.065
 0.115 0.105 0.205 0.155 0.07 0.075 0.055 0.09 0.03 0.02 0.015 0.065
 0.105 0.13 0.2 0.165 0.095 0.1 0.03 0.035 0.04 0.03 0.015 0.055
 0.15 0.15 0.17 0.155 0.09 0.085 0.05 0.035 0.02 0.02 0.03 0.045
 0.1 0.165 0.185 0.13 0.115 0.06 0.05 0.02 0.05 0.04 0.015 0.07
 0.195 0.175 0.19 0.14 0.095 0.085 0.025 0.015 0.035 0.01 0.005 0.03
 0.125 0.255 0.235 0.125 0.1 0.04 0.045 0.015 0.025 0.02 0.005 0.01
 0.15 0.27 0.25 0.085 0.08 0.045 0.03 0.045 0.015 0.005 0.01 0.015
 0.195 0.215 0.21 0.19 0.075 0.04 0.03 0.025 0 0.005 0.005 0.01
 0.155 0.245 0.185 0.15 0.135 0.045 0.015 0.01 0.015 0.01 0.005 0.03
 0.155 0.205 0.31 0.11 0.085 0.06 0.04 0.015 0.01 0 0 0.01
 0.155 0.19 0.18 0.23 0.09 0.08 0.04 0.02 0.01 0.005 0 0
 0.14 0.195 0.165 0.175 0.19 0.07 0.025 0.01 0.02 0.005 0 0.005
 0.14 0.17 0.22 0.175 0.115 0.095 0.02 0.04 0.015 0 0.01 0
 0.2 0.19 0.195 0.13 0.07 0.085 0.045 0.035 0.01 0.02 0.01 0.01
 0.135 0.225 0.21 0.19 0.095 0.06 0.02 0.03 0.005 0.01 0.015 0.005
# olc_fsh

# wt_fsh
 0.000530656 0.00119633 0.00205827 0.00303499 0.00405521 0.0050647 0.00602623 0.00691692 0.00772489 0.00844611 0.00908185 0.0096367
 0.000530656 0.00119633 0.00205827 0.00303499 0.00405521 0.0050647 0.00602623 0.00691692 0.00772489 0.00844611 0.00908185 0.0096367
 0.000530656 0.00119633 0.00205827 0.00303499 0.00405521 0.0050647 0.00602623 0.00691692 0.00772489 0.00844611 0.00908185 0.0096367
 0.000530656 0.00119633 0.00205827 0.00303499 0.00405521 0.0050647 0.00602623 0.00691692 0.00772489 0.00844611 0.00908185 0.0096367
 0.000530656 0.00119633 0.00205827 0.00303499 0.00405521 0.0050647 0.00602623 0.00691692 0.00772489 0.00844611 0.00908185 0.0096367
 0.000530656 0.00119633 0.00205827 0.00303499 0.00405521 0.0050647 0.00602623 0.00691692 0.00772489 0.00844611 0.00908185 0.0096367
 0.000530656 0.00119633 0.00205827 0.00303499 0.00405521 0.0050647 0.00602623 0.00691692 0.00772489 0.00844611 0.00908185 0.0096367
 0.000530656 0.00119633 0.00205827 0.00303499 0.00405521 0.0050647 0.00602623 0.00691692 0.00772489 0.00844611 0.00908185 0.0096367
 0.000530656 0.00119633 0.00205827 0.00303499 0.00405521 0.0050647 0.00602623 0.00691692 0.00772489 0.00844611 0.00908185 0.0096367
 0.000530656 0.00119633 0.00205827 0.00303499 0.00405521 0.0050647 0.00602623 0.00691692 0.00772489 0.00844611 0.00908185 0.0096367
 0.000530656 0.00119633 0.00205827 0.00303499 0.00405521 0.0050647 0.00602623 0.00691692 0.00772489 0.00844611 0.00908185 0.0096367
 0.000530656 0.00119633 0.00205827 0.00303499 0.00405521 0.0050647 0.00602623 0.00691692 0.00772489 0.00844611 0.00908185 0.0096367
 0.000530656 0.00119633 0.00205827 0.00303499 0.00405521 0.0050647 0.00602623 0.00691692 0.00772489 0.00844611 0.00908185 0.0096367
 0.000530656 0.00119633 0.00205827 0.00303499 0.00405521 0.0050647 0.00602623 0.00691692 0.00772489 0.00844611 0.00908185 0.0096367
 0.000530656 0.00119633 0.00205827 0.00303499 0.00405521 0.0050647 0.00602623 0.00691692 0.00772489 0.00844611 0.00908185 0.0096367
 0.000530656 0.00119633 0.00205827 0.00303499 0.00405521 0.0050647 0.00602623 0.00691692 0.00772489 0.00844611 0.00908185 0.0096367
 0.000530656 0.00119633 0.00205827 0.00303499 0.00405521 0.0050647 0.00602623 0.00691692 0.00772489 0.00844611 0.00908185 0.0096367
 0.000530656 0.00119633 0.00205827 0.00303499 0.00405521 0.0050647 0.00602623 0.00691692 0.00772489 0.00844611 0.00908185 0.0096367
 0.000530656 0.00119633 0.00205827 0.00303499 0.00405521 0.0050647 0.00602623 0.00691692 0.00772489 0.00844611 0.00908185 0.0096367
 0.000530656 0.00119633 0.00205827 0.00303499 0.00405521 0.0050647 0.00602623 0.00691692 0.00772489 0.00844611 0.00908185 0.0096367
 0.000530656 0.00119633 0.00205827 0.00303499 0.00405521 0.0050647 0.00602623 0.00691692 0.00772489 0.00844611 0.00908185 0.0096367
 0.000530656 0.00119633 0.00205827 0.00303499 0.00405521 0.0050647 0.00602623 0.00691692 0.00772489 0.00844611 0.00908185 0.0096367
 0.000530656 0.00119633 0.00205827 0.00303499 0.00405521 0.0050647 0.00602623 0.00691692 0.00772489 0.00844611 0.00908185 0.0096367
 0.000530656 0.00119633 0.00205827 0.00303499 0.00405521 0.0050647 0.00602623 0.00691692 0.00772489 0.00844611 0.00908185 0.0096367
 0.000530656 0.00119633 0.00205827 0.00303499 0.00405521 0.0050647 0.00602623 0.00691692 0.00772489 0.00844611 0.00908185 0.0096367
 0.000530656 0.00119633 0.00205827 0.00303499 0.00405521 0.0050647 0.00602623 0.00691692 0.00772489 0.00844611 0.00908185 0.0096367
 0.000530656 0.00119633 0.00205827 0.00303499 0.00405521 0.0050647 0.00602623 0.00691692 0.00772489 0.00844611 0.00908185 0.0096367
 0.000530656 0.00119633 0.00205827 0.00303499 0.00405521 0.0050647 0.00602623 0.00691692 0.00772489 0.00844611 0.00908185 0.0096367
 0.000530656 0.00119633 0.00205827 0.00303499 0.00405521 0.0050647 0.00602623 0.00691692 0.00772489 0.00844611 0.00908185 0.0096367
 0.000530656 0.00119633 0.00205827 0.00303499 0.00405521 0.0050647 0.00602623 0.00691692 0.00772489 0.00844611 0.00908185 0.0096367
# nyrs_ind_age
 30
# yrs_ind_age
 1 2 3 4 5 6 7 8 9 10 11 12 13 14 15 16 17 18 19 20 21 22 23 24 25 26 27 28 29 30
# n_sample_ind_age
 200 200 200 200 200 200 200 200 200 200 200 200 200 200 200 200 200 200 200 200 200 200 200 200 200 200 200 200 200 200
# oac_ind
 0.07 0.165 0.165 0.13 0.12 0.075 0.05 0.025 0.02 0.03 0.02 0.13
 0.07 0.12 0.165 0.145 0.07 0.09 0.06 0.07 0.045 0.02 0.015 0.13
 0.035 0.145 0.13 0.11 0.15 0.09 0.08 0.045 0.04 0.03 0.005 0.14
 0.05 0.135 0.11 0.13 0.105 0.085 0.04 0.035 0.055 0.065 0.025 0.165
 0.055 0.17 0.085 0.14 0.135 0.095 0.065 0.055 0.025 0.04 0.03 0.105
 0.09 0.115 0.16 0.135 0.1 0.06 0.055 0.06 0.05 0.035 0.015 0.125
 0.04 0.18 0.165 0.145 0.06 0.045 0.08 0.04 0.045 0.02 0.045 0.135
 0.09 0.18 0.165 0.13 0.09 0.045 0.03 0.06 0.03 0.065 0.025 0.09
 0.065 0.175 0.165 0.15 0.085 0.085 0.06 0.035 0.045 0.03 0.025 0.08
 0.035 0.205 0.175 0.155 0.1 0.065 0.08 0.02 0.015 0.025 0.025 0.1
 0.09 0.13 0.23 0.115 0.12 0.07 0.06 0.04 0.015 0.015 0.015 0.1
 0.09 0.255 0.155 0.15 0.09 0.065 0.06 0.03 0.02 0.005 0.01 0.07
 0.055 0.18 0.175 0.11 0.115 0.09 0.06 0.05 0.015 0.045 0.02 0.085
 0.11 0.19 0.195 0.13 0.11 0.055 0.04 0.065 0.005 0.015 0.015 0.07
 0.07 0.185 0.17 0.1 0.12 0.085 0.065 0.07 0.03 0.025 0.01 0.07
 0.09 0.14 0.165 0.185 0.105 0.03 0.07 0.045 0.04 0.03 0.03 0.07
 0.1 0.23 0.23 0.11 0.065 0.055 0.035 0.04 0.035 0.02 0.015 0.065
 0.085 0.225 0.2 0.165 0.1 0.04 0.045 0.035 0.02 0.03 0.005 0.05
 0.125 0.19 0.165 0.16 0.105 0.06 0.055 0.035 0.015 0.025 0.01 0.055
 0.16 0.24 0.17 0.12 0.11 0.065 0.05 0.02 0 0.025 0.015 0.025
 0.135 0.305 0.18 0.145 0.065 0.05 0.035 0.015 0.01 0.025 0 0.035
 0.14 0.27 0.25 0.125 0.085 0.05 0.02 0.015 0.015 0.005 0.005 0.02
 0.18 0.185 0.26 0.195 0.065 0.055 0.025 0.01 0.01 0.005 0.005 0.005
 0.155 0.31 0.195 0.125 0.12 0.03 0.01 0.03 0 0.01 0 0.015
 0.085 0.24 0.265 0.135 0.13 0.07 0.015 0.02 0.015 0.005 0.005 0.015
 0.105 0.21 0.25 0.18 0.065 0.06 0.08 0 0.01 0.015 0.005 0.02
 0.165 0.235 0.24 0.12 0.125 0.03 0.02 0.04 0 0 0.005 0.02
 0.13 0.275 0.21 0.145 0.095 0.06 0.035 0.03 0.01 0.005 0 0.005
 0.16 0.23 0.165 0.21 0.065 0.04 0.055 0.02 0.025 0.015 0 0.015
 0.125 0.3 0.21 0.14 0.075 0.06 0.035 0.015 0.02 0 0.01 0.01
# olc_ind

# obs_lse_ind
 0.198042 0.198042 0.198042 0.198042 0.198042 0.198042 0.198042 0.198042 0.198042 0.198042 0.198042 0.198042 0.198042 0.198042 0.198042 0.198042 0.198042 0.198042 0.198042 0.198042 0.198042 0.198042 0.198042 0.198042 0.198042 0.198042 0.198042 0.198042 0.198042 0.198042
# xages_fsh
 0 0 0 0 0 0 0 0 0 0 0 0
# xages_fsh
 0 0.0909091 0.181818 0.272727 0.363636 0.454545 0.545455 0.636364 0.727273 0.818182 0.909091 1
# xnodes_fsh

Yrs fsh_sel change:  1 0 0 0 0 0 0 0 0 0 0 0 0 0 0 0 0 0 0 0 0 0 0 0 0 0 0 0 0
Yrs ind_sel change:  1 0 0 0 0 0 0 0 0 0 0 0 0 0 0 0 0 0 0 0 0 0 0 0 0 0 0 0 0
# steepnessprior
0.75
# sigmarprior
0.2
#  SSB estimated in styr endyr: -13 28 
#  Rec estimated in styr endyr: -11 30 
#  SR Curve fit  in styr endyr: 1 30 
#             Model styr endyr: 1 30 
# qprior
 3.48998e-007
# q_power_prior 
 1 
# cv_catchbiomass 
0.05 
# CatchbiomassPen 
200 
# Number of projection years 
5 
# offset_fsh
 13332.4
# offset_ind
 13029.9
Mean Catch
1210.26
R_guess 
15.3587
# nfsh
1
# n_sel_ch_fsh
 1
# nselages_fsh
 11
# phase_selcoff_fsh
 -1
logRzero 15.3587
logmeanrec 15.3587
exp(log_sigmarprior 0.2
Fish sel phase: -1 FLEET1
Fixing fishery sel to
1
Srvy sel phase: -1
Fixing SURVEY1 indices sel to
1
# logsel_slp_in_indv
 0.693147
Leaving parameter init secton
# M
 0.2 0.2 0.2 0.2 0.2 0.2 0.2 0.2 0.2 0.2 0.2 0.2
 0.2 0.2 0.2 0.2 0.2 0.2 0.2 0.2 0.2 0.2 0.2 0.2
 0.2 0.2 0.2 0.2 0.2 0.2 0.2 0.2 0.2 0.2 0.2 0.2
 0.2 0.2 0.2 0.2 0.2 0.2 0.2 0.2 0.2 0.2 0.2 0.2
 0.2 0.2 0.2 0.2 0.2 0.2 0.2 0.2 0.2 0.2 0.2 0.2
 0.2 0.2 0.2 0.2 0.2 0.2 0.2 0.2 0.2 0.2 0.2 0.2
 0.2 0.2 0.2 0.2 0.2 0.2 0.2 0.2 0.2 0.2 0.2 0.2
 0.2 0.2 0.2 0.2 0.2 0.2 0.2 0.2 0.2 0.2 0.2 0.2
 0.2 0.2 0.2 0.2 0.2 0.2 0.2 0.2 0.2 0.2 0.2 0.2
 0.2 0.2 0.2 0.2 0.2 0.2 0.2 0.2 0.2 0.2 0.2 0.2
 0.2 0.2 0.2 0.2 0.2 0.2 0.2 0.2 0.2 0.2 0.2 0.2
 0.2 0.2 0.2 0.2 0.2 0.2 0.2 0.2 0.2 0.2 0.2 0.2
 0.2 0.2 0.2 0.2 0.2 0.2 0.2 0.2 0.2 0.2 0.2 0.2
 0.2 0.2 0.2 0.2 0.2 0.2 0.2 0.2 0.2 0.2 0.2 0.2
 0.2 0.2 0.2 0.2 0.2 0.2 0.2 0.2 0.2 0.2 0.2 0.2
 0.2 0.2 0.2 0.2 0.2 0.2 0.2 0.2 0.2 0.2 0.2 0.2
 0.2 0.2 0.2 0.2 0.2 0.2 0.2 0.2 0.2 0.2 0.2 0.2
 0.2 0.2 0.2 0.2 0.2 0.2 0.2 0.2 0.2 0.2 0.2 0.2
 0.2 0.2 0.2 0.2 0.2 0.2 0.2 0.2 0.2 0.2 0.2 0.2
 0.2 0.2 0.2 0.2 0.2 0.2 0.2 0.2 0.2 0.2 0.2 0.2
 0.2 0.2 0.2 0.2 0.2 0.2 0.2 0.2 0.2 0.2 0.2 0.2
 0.2 0.2 0.2 0.2 0.2 0.2 0.2 0.2 0.2 0.2 0.2 0.2
 0.2 0.2 0.2 0.2 0.2 0.2 0.2 0.2 0.2 0.2 0.2 0.2
 0.2 0.2 0.2 0.2 0.2 0.2 0.2 0.2 0.2 0.2 0.2 0.2
 0.2 0.2 0.2 0.2 0.2 0.2 0.2 0.2 0.2 0.2 0.2 0.2
 0.2 0.2 0.2 0.2 0.2 0.2 0.2 0.2 0.2 0.2 0.2 0.2
 0.2 0.2 0.2 0.2 0.2 0.2 0.2 0.2 0.2 0.2 0.2 0.2
 0.2 0.2 0.2 0.2 0.2 0.2 0.2 0.2 0.2 0.2 0.2 0.2
 0.2 0.2 0.2 0.2 0.2 0.2 0.2 0.2 0.2 0.2 0.2 0.2
 0.2 0.2 0.2 0.2 0.2 0.2 0.2 0.2 0.2 0.2 0.2 0.2
# mean_log_rec
13.7295
# log_Rzero
13.7633
# rec_dev
 0.00896149 0.0109713 0.0601014 -0.0762847 -0.200659 -0.0305961 0.0678542 -0.044708 0.00962451 -0.0597654 0.183004 0.0511051 0.0190361 -0.167328 -0.119184 0.158091 -0.0381056 0.149669 0.0833742 0.0142659 0.0978687 -0.226113 -0.118728 -0.222729 -0.254713 -0.238757 -0.187056 -0.230925 -0.253635 -0.260646 -0.217645 0.226572 0.094585 -0.0811389 0.300027 -0.0139902 -0.14409 -0.0991728 -0.122956 -0.178704 -0.014741 -0.24483
# fmort
 0.00966816 0.0276924 0.0459437 0.0627608 0.0496104 0.0885055 0.0919478 0.190051 0.110688 0.134856 0.155467 0.165945 0.120671 0.173876 0.183897 0.164628 0.315579 0.262371 0.257796 0.25654 0.3507 0.25512 0.410191 0.338479 0.338569 0.312091 0.311374 0.44197 0.342104 0.543082
# rec_dev_future
 0 0 0 0 0
