AMAK;Mar 2020
# styr
1
# endyr
30
# rec_age
1
# oldest_age
12
# nlength
81
# len_bins
 10 11 12 13 14 15 16 17 18 19 20 21 22 23 24 25 26 27 28 29 30 31 32 33 34 35 36 37 38 39 40 41 42 43 44 45 46 47 48 49 50 51 52 53 54 55 56 57 58 59 60 61 62 63 64 65 66 67 68 69 70 71 72 73 74 75 76 77 78 79 80 81 82 83 84 85 86 87 88 89 90
# datafile_name
amak_data.dat
# model_name
AMAK_MCP
# styr
1
# endyr
30
# rec_age
1
# oldest_age
12
# nfsh
1
# fshname
FLEET1
# catch_bio_in
 159.844 463.048 732.041 959.425 724.594 1219.9 1159.65 2202.59 1199.9 1387.38 1496.77 1520.3 1048.06 1467.48 1461.43 1276.54 2283.74 1649.72 1498.16 1340.32 1632.23 1083.16 1625.08 1191.27 1111.29 990.966 963.239 1288.41 948.495 1391.97
# catch_bio_sd_in
 0.01 0.01 0.01 0.01 0.01 0.01 0.01 0.01 0.01 0.01 0.01 0.01 0.01 0.01 0.01 0.01 0.01 0.01 0.01 0.01 0.01 0.01 0.01 0.01 0.01 0.01 0.01 0.01 0.01 0.01
# nyrs_fsh_age
 30
# nyrs_fsh_length
 0
# yrs_fsh_age_in
 1 2 3 4 5 6 7 8 9 10 11 12 13 14 15 16 17 18 19 20 21 22 23 24 25 26 27 28 29 30
# yrs_fsh_length_in

# n_sample_fsh_length_in

# olc_fsh_in

# nind
1
# indname
SURVEY1
# nyrs_ind
 30
# yrs_ind_in
 1 2 3 4 5 6 7 8 9 10 11 12 13 14 15 16 17 18 19 20 21 22 23 24 25 26 27 28 29 30
# mo_ind
 1
# obs_ind_in
 1.65726 1.56991 1.48333 1.31718 1.31086 1.37497 1.39787 1.2529 1.52908 1.24556 1.06106 1.0794 1.11201 1.14432 1.25328 0.945492 0.989209 1.01383 0.861686 0.916445 0.627036 0.713748 0.606627 0.574693 0.569565 0.57776 0.675569 0.581323 0.653749 0.613228
# obs_se_ind_in
 0.331452 0.313982 0.296667 0.263437 0.262172 0.274993 0.279573 0.25058 0.305815 0.249112 0.212211 0.215881 0.222403 0.228864 0.250657 0.189098 0.197842 0.202765 0.172337 0.183289 0.125407 0.14275 0.121325 0.114939 0.113913 0.115552 0.135114 0.116265 0.13075 0.122646
# nyrs_ind_age
 30
# nyrs_ind_length
 0
# yrs_ind_age_in
 1 2 3 4 5 6 7 8 9 10 11 12 13 14 15 16 17 18 19 20 21 22 23 24 25 26 27 28 29 30
# yrs_ind_length_in

# yrs_ind_age_in
 1 2 3 4 5 6 7 8 9 10 11 12 13 14 15 16 17 18 19 20 21 22 23 24 25 26 27 28 29 30
# n_sample_ind_length_in

# olc_ind_in

# oac_ind_in
 0.05 0.125 0.15 0.15 0.095 0.07 0.07 0.045 0.055 0.03 0.03 0.13
 0.03 0.13 0.14 0.17 0.11 0.06 0.04 0.075 0.04 0.035 0.01 0.16
 0.07 0.12 0.18 0.145 0.09 0.06 0.055 0.04 0.06 0.03 0.04 0.11
 0.065 0.125 0.105 0.13 0.125 0.11 0.06 0.05 0.05 0.03 0.02 0.13
 0.1 0.125 0.11 0.09 0.065 0.1 0.105 0.065 0.05 0.05 0.065 0.075
 0.11 0.18 0.11 0.14 0.06 0.095 0.07 0.05 0.025 0.02 0.04 0.1
 0.095 0.18 0.155 0.105 0.08 0.04 0.09 0.03 0.035 0.025 0.04 0.125
 0.065 0.21 0.16 0.08 0.09 0.075 0.04 0.08 0.075 0.035 0.01 0.08
 0.065 0.19 0.16 0.11 0.11 0.045 0.045 0.045 0.05 0.025 0.035 0.12
 0.07 0.145 0.2 0.14 0.08 0.095 0.055 0.045 0.025 0.015 0.04 0.09
 0.1 0.11 0.2 0.175 0.105 0.06 0.05 0.03 0.045 0.03 0.005 0.09
 0.075 0.18 0.185 0.2 0.11 0.065 0.05 0.035 0.015 0.01 0.015 0.06
 0.04 0.24 0.225 0.13 0.09 0.085 0.02 0.035 0.02 0.025 0.015 0.075
 0.085 0.135 0.2 0.135 0.105 0.065 0.065 0.08 0.025 0.025 0.01 0.07
 0.125 0.19 0.13 0.115 0.12 0.055 0.06 0.075 0.03 0.03 0.015 0.055
 0.125 0.23 0.17 0.095 0.125 0.075 0.03 0.035 0.04 0.015 0.015 0.045
 0.085 0.155 0.245 0.15 0.095 0.09 0.045 0.04 0.025 0.02 0.02 0.03
 0.11 0.18 0.215 0.125 0.115 0.065 0.075 0.03 0.025 0.025 0.005 0.03
 0.09 0.185 0.205 0.195 0.095 0.07 0.065 0.035 0.005 0.02 0.005 0.03
 0.045 0.2 0.185 0.135 0.15 0.135 0.045 0.04 0.02 0.005 0.005 0.035
 0.14 0.145 0.13 0.15 0.095 0.11 0.09 0.05 0.015 0.025 0.005 0.045
 0.115 0.31 0.155 0.085 0.13 0.05 0.05 0.03 0.035 0.01 0.01 0.02
 0.09 0.2 0.295 0.11 0.1 0.08 0.03 0.045 0.01 0.015 0.015 0.01
 0.105 0.25 0.175 0.21 0.085 0.045 0.05 0.03 0.02 0.005 0.005 0.02
 0.145 0.205 0.22 0.16 0.14 0.06 0.015 0.015 0.01 0.025 0 0.005
 0.095 0.34 0.17 0.19 0.075 0.075 0.01 0.015 0.015 0.01 0 0.005
 0.15 0.22 0.285 0.095 0.07 0.055 0.055 0.035 0.005 0.005 0 0.025
 0.105 0.235 0.22 0.245 0.05 0.075 0.04 0.025 0 0 0.005 0
 0.195 0.215 0.235 0.145 0.115 0.025 0.025 0.005 0.01 0.005 0.005 0.02
 0.09 0.34 0.19 0.1 0.12 0.105 0.025 0.015 0 0.01 0 0.005
# wt_ind
 1 1 1 1 1 1 1 1 1 1 1 1
 1 1 1 1 1 1 1 1 1 1 1 1
 1 1 1 1 1 1 1 1 1 1 1 1
 1 1 1 1 1 1 1 1 1 1 1 1
 1 1 1 1 1 1 1 1 1 1 1 1
 1 1 1 1 1 1 1 1 1 1 1 1
 1 1 1 1 1 1 1 1 1 1 1 1
 1 1 1 1 1 1 1 1 1 1 1 1
 1 1 1 1 1 1 1 1 1 1 1 1
 1 1 1 1 1 1 1 1 1 1 1 1
 1 1 1 1 1 1 1 1 1 1 1 1
 1 1 1 1 1 1 1 1 1 1 1 1
 1 1 1 1 1 1 1 1 1 1 1 1
 1 1 1 1 1 1 1 1 1 1 1 1
 1 1 1 1 1 1 1 1 1 1 1 1
 1 1 1 1 1 1 1 1 1 1 1 1
 1 1 1 1 1 1 1 1 1 1 1 1
 1 1 1 1 1 1 1 1 1 1 1 1
 1 1 1 1 1 1 1 1 1 1 1 1
 1 1 1 1 1 1 1 1 1 1 1 1
 1 1 1 1 1 1 1 1 1 1 1 1
 1 1 1 1 1 1 1 1 1 1 1 1
 1 1 1 1 1 1 1 1 1 1 1 1
 1 1 1 1 1 1 1 1 1 1 1 1
 1 1 1 1 1 1 1 1 1 1 1 1
 1 1 1 1 1 1 1 1 1 1 1 1
 1 1 1 1 1 1 1 1 1 1 1 1
 1 1 1 1 1 1 1 1 1 1 1 1
 1 1 1 1 1 1 1 1 1 1 1 1
 1 1 1 1 1 1 1 1 1 1 1 1
# wt_pop
 0.000530656 0.00119633 0.00205827 0.00303499 0.00405521 0.0050647 0.00602623 0.00691692 0.00772489 0.00844611 0.00908185 0.0096367
# maturity
 0.0229774 0.320821 0.904651 0.99478 0.999739 0.999987 0.999999 1 1 1 1 1
# spawnmo
1
# age_err
 1 0 0 0 0 0 0 0 0 0 0 0
 0 1 0 0 0 0 0 0 0 0 0 0
 0 0 1 0 0 0 0 0 0 0 0 0
 0 0 0 1 0 0 0 0 0 0 0 0
 0 0 0 0 1 0 0 0 0 0 0 0
 0 0 0 0 0 1 0 0 0 0 0 0
 0 0 0 0 0 0 1 0 0 0 0 0
 0 0 0 0 0 0 0 1 0 0 0 0
 0 0 0 0 0 0 0 0 1 0 0 0
 0 0 0 0 0 0 0 0 0 1 0 0
 0 0 0 0 0 0 0 0 0 0 1 0
 0 0 0 0 0 0 0 0 0 0 0 1
# cntrlfile_name
C:\Users\bai.li\DOCUME~1\Github\AGE_ST~1\ASSAMC\example\output\AMAK\s112\amak.dat
# Map shared selectivity: 
# sel_map
 1 2
 1 1
# datafile_name
amak_data.dat
# model_name
AMAK_MCP
# SrType
2
# use_age_err
0
# retro
0
# sigmarprior
0.2
# cvsigmarprior
0.25
# phase_sigmar
-3
# styr_rec_est
1
# endyr_rec_est
30
# Linfprior
80
# cvLinfprior
0.25
# kprior
0.18
# cvkprior
0.25
# Loprior
27.688
# cvLoprior
0.25
# sdageprior
0.1
# cvsdageprior
0.25
# natmortprior
0.2
# cvnatmortprior
0.25
# phase_M
-4
# npars_Mage
0
# ages_M_changes

# Mage_in

# Mage_offset_in

# phase_Mage
-5
# phase_rw_M
0
# npars_rw_M
0
# yrs_rw_M

# sigma_rw_M

# qprior
 3.48998e-007
# cvqprior
 1
# phase_q
 1
# q_power_prior
 1
# cvq_power_prior
 0.2
# phase_q_power
 -4
# phase_rw_q
 -1
# npars_rw_q
 0
# yrs_rw_q

# sigma_rw_q

# q_age_min
 1
# q_age_max
 12
# q_age_min
 1
# q_age_max
 12
# fsh_sel_opt(k)
2
# phase_sel_fsh(k)
2
# n_sel_ch_fsh(k)
1
# sel_slp_in_fsh(k)(1,n_sel_ch_fsh(k))
 1
# sel_inf_in_fsh(k)(1,n_sel_ch_fsh(k))
 2
# logsel_slp_in_fsh(k)(1,n_sel_ch_fsh(k))
 0
# yrs_sel_ch_fsh(k)(1,n_sel_ch_fsh(k))
 1

Survey SURVEY1
# ind_sel_opt(k)
2
# indname(k)
SURVEY1
# nselages_in_ind(k)
11
# phase_sel_ind(k)
2
# sel_change_in_ind(k)
 1 0 0 0 0 0 0 0 0 0 0 0 0 0 0 0 0 0 0 0 0 0 0 0 0 0 0 0 0 0
# n_sel_ch_ind(k)
1
# yrs_sel_ch_ind(k)(1,n_sel_ch_ind(k))
 1
# sel_slp_in_ind(k,1)
2
# sel_inf_in_ind(k,1)
1.5
# logsel_slp_in_ind(k,1)
0.693147
# logsel_slp_in_indv(k)
0.693147
SURVEY1 ind sel opt 2  1 0 0 0 0 0 0 0 0 0 0 0 0 0 0 0 0 0 0 0 0 0 0 0 0 0 0 0 0 0
Phase indices Sel_Coffs:  -1
 Test: 1.23457e+008
# Fshry Selages:  11
# Srvy  Selages:  11
# Phase for age-spec fishery  -1
# Phase for logistic fishery  2
# Phase for dble logistic fishery  -1
# Phase for age-spec indices   -1
# Phase for logistic indices   2
# Phase for dble logistic ind  -1
# Curv_pen_fsh: 
 0
# Curv_pen_ind: 
 0
# styr_fut
31
# endyr_fut
35
# nyrs_fsh_age
 30
# nyrs_fsh_age
 30
# yrs_fsh_age
 1 2 3 4 5 6 7 8 9 10 11 12 13 14 15 16 17 18 19 20 21 22 23 24 25 26 27 28 29 30
# n_sample_fsh_age
 200 200 200 200 200 200 200 200 200 200 200 200 200 200 200 200 200 200 200 200 200 200 200 200 200 200 200 200 200 200
# oac_fsh
 0.105 0.125 0.105 0.17 0.09 0.025 0.045 0.085 0.035 0.045 0.025 0.145
 0.045 0.105 0.16 0.105 0.14 0.095 0.065 0.065 0.04 0.04 0.035 0.105
 0.04 0.095 0.13 0.165 0.085 0.115 0.055 0.045 0.05 0.04 0.03 0.15
 0.085 0.14 0.115 0.13 0.085 0.1 0.07 0.065 0.045 0.015 0.015 0.135
 0.065 0.11 0.12 0.09 0.1 0.095 0.08 0.07 0.055 0.045 0.03 0.14
 0.085 0.105 0.13 0.13 0.1 0.1 0.035 0.05 0.05 0.035 0.045 0.135
 0.095 0.145 0.125 0.095 0.075 0.065 0.08 0.025 0.025 0.05 0.035 0.185
 0.155 0.13 0.185 0.09 0.09 0.05 0.04 0.07 0.055 0.03 0.02 0.085
 0.07 0.125 0.22 0.135 0.06 0.055 0.045 0.065 0.03 0.045 0.035 0.115
 0.065 0.18 0.18 0.18 0.06 0.095 0.03 0.045 0.01 0.035 0.015 0.105
 0.125 0.105 0.175 0.18 0.105 0.06 0.035 0.03 0.03 0.03 0.035 0.09
 0.11 0.18 0.085 0.145 0.105 0.1 0.045 0.04 0.03 0.01 0.05 0.1
 0.08 0.12 0.175 0.14 0.12 0.14 0.06 0.025 0.05 0.005 0.015 0.07
 0.075 0.145 0.175 0.125 0.1 0.105 0.06 0.04 0.045 0.03 0.02 0.08
 0.18 0.145 0.115 0.15 0.085 0.07 0.065 0.06 0.03 0.015 0.03 0.055
 0.125 0.195 0.15 0.14 0.16 0.065 0.01 0.05 0.035 0.03 0.015 0.025
 0.08 0.155 0.265 0.115 0.085 0.06 0.055 0.035 0.04 0.025 0.05 0.035
 0.15 0.15 0.16 0.185 0.105 0.075 0.06 0.035 0.025 0.005 0.01 0.04
 0.045 0.18 0.17 0.225 0.175 0.06 0.025 0.03 0.02 0.005 0.025 0.04
 0.07 0.115 0.21 0.17 0.125 0.12 0.055 0.065 0.025 0.01 0.015 0.02
 0.19 0.155 0.1 0.17 0.07 0.13 0.08 0.015 0.02 0.005 0.01 0.055
 0.125 0.28 0.135 0.13 0.1 0.085 0.075 0.02 0.025 0.005 0.005 0.015
 0.155 0.14 0.265 0.135 0.065 0.085 0.025 0.035 0.025 0.005 0.005 0.06
 0.14 0.185 0.205 0.18 0.085 0.045 0.065 0.015 0.025 0.03 0.005 0.02
 0.2 0.21 0.165 0.13 0.14 0.045 0.05 0.015 0.02 0.015 0 0.01
 0.12 0.275 0.175 0.125 0.095 0.1 0.05 0.02 0.025 0.015 0 0
 0.175 0.145 0.25 0.115 0.145 0.055 0.065 0.025 0 0 0.02 0.005
 0.185 0.175 0.17 0.21 0.085 0.07 0.025 0.035 0.025 0.005 0 0.015
 0.195 0.19 0.225 0.17 0.11 0.045 0.045 0.015 0.005 0 0 0
 0.145 0.29 0.205 0.135 0.07 0.075 0.03 0.015 0.015 0.005 0.005 0.01
# olc_fsh

# wt_fsh
 0.000530656 0.00119633 0.00205827 0.00303499 0.00405521 0.0050647 0.00602623 0.00691692 0.00772489 0.00844611 0.00908185 0.0096367
 0.000530656 0.00119633 0.00205827 0.00303499 0.00405521 0.0050647 0.00602623 0.00691692 0.00772489 0.00844611 0.00908185 0.0096367
 0.000530656 0.00119633 0.00205827 0.00303499 0.00405521 0.0050647 0.00602623 0.00691692 0.00772489 0.00844611 0.00908185 0.0096367
 0.000530656 0.00119633 0.00205827 0.00303499 0.00405521 0.0050647 0.00602623 0.00691692 0.00772489 0.00844611 0.00908185 0.0096367
 0.000530656 0.00119633 0.00205827 0.00303499 0.00405521 0.0050647 0.00602623 0.00691692 0.00772489 0.00844611 0.00908185 0.0096367
 0.000530656 0.00119633 0.00205827 0.00303499 0.00405521 0.0050647 0.00602623 0.00691692 0.00772489 0.00844611 0.00908185 0.0096367
 0.000530656 0.00119633 0.00205827 0.00303499 0.00405521 0.0050647 0.00602623 0.00691692 0.00772489 0.00844611 0.00908185 0.0096367
 0.000530656 0.00119633 0.00205827 0.00303499 0.00405521 0.0050647 0.00602623 0.00691692 0.00772489 0.00844611 0.00908185 0.0096367
 0.000530656 0.00119633 0.00205827 0.00303499 0.00405521 0.0050647 0.00602623 0.00691692 0.00772489 0.00844611 0.00908185 0.0096367
 0.000530656 0.00119633 0.00205827 0.00303499 0.00405521 0.0050647 0.00602623 0.00691692 0.00772489 0.00844611 0.00908185 0.0096367
 0.000530656 0.00119633 0.00205827 0.00303499 0.00405521 0.0050647 0.00602623 0.00691692 0.00772489 0.00844611 0.00908185 0.0096367
 0.000530656 0.00119633 0.00205827 0.00303499 0.00405521 0.0050647 0.00602623 0.00691692 0.00772489 0.00844611 0.00908185 0.0096367
 0.000530656 0.00119633 0.00205827 0.00303499 0.00405521 0.0050647 0.00602623 0.00691692 0.00772489 0.00844611 0.00908185 0.0096367
 0.000530656 0.00119633 0.00205827 0.00303499 0.00405521 0.0050647 0.00602623 0.00691692 0.00772489 0.00844611 0.00908185 0.0096367
 0.000530656 0.00119633 0.00205827 0.00303499 0.00405521 0.0050647 0.00602623 0.00691692 0.00772489 0.00844611 0.00908185 0.0096367
 0.000530656 0.00119633 0.00205827 0.00303499 0.00405521 0.0050647 0.00602623 0.00691692 0.00772489 0.00844611 0.00908185 0.0096367
 0.000530656 0.00119633 0.00205827 0.00303499 0.00405521 0.0050647 0.00602623 0.00691692 0.00772489 0.00844611 0.00908185 0.0096367
 0.000530656 0.00119633 0.00205827 0.00303499 0.00405521 0.0050647 0.00602623 0.00691692 0.00772489 0.00844611 0.00908185 0.0096367
 0.000530656 0.00119633 0.00205827 0.00303499 0.00405521 0.0050647 0.00602623 0.00691692 0.00772489 0.00844611 0.00908185 0.0096367
 0.000530656 0.00119633 0.00205827 0.00303499 0.00405521 0.0050647 0.00602623 0.00691692 0.00772489 0.00844611 0.00908185 0.0096367
 0.000530656 0.00119633 0.00205827 0.00303499 0.00405521 0.0050647 0.00602623 0.00691692 0.00772489 0.00844611 0.00908185 0.0096367
 0.000530656 0.00119633 0.00205827 0.00303499 0.00405521 0.0050647 0.00602623 0.00691692 0.00772489 0.00844611 0.00908185 0.0096367
 0.000530656 0.00119633 0.00205827 0.00303499 0.00405521 0.0050647 0.00602623 0.00691692 0.00772489 0.00844611 0.00908185 0.0096367
 0.000530656 0.00119633 0.00205827 0.00303499 0.00405521 0.0050647 0.00602623 0.00691692 0.00772489 0.00844611 0.00908185 0.0096367
 0.000530656 0.00119633 0.00205827 0.00303499 0.00405521 0.0050647 0.00602623 0.00691692 0.00772489 0.00844611 0.00908185 0.0096367
 0.000530656 0.00119633 0.00205827 0.00303499 0.00405521 0.0050647 0.00602623 0.00691692 0.00772489 0.00844611 0.00908185 0.0096367
 0.000530656 0.00119633 0.00205827 0.00303499 0.00405521 0.0050647 0.00602623 0.00691692 0.00772489 0.00844611 0.00908185 0.0096367
 0.000530656 0.00119633 0.00205827 0.00303499 0.00405521 0.0050647 0.00602623 0.00691692 0.00772489 0.00844611 0.00908185 0.0096367
 0.000530656 0.00119633 0.00205827 0.00303499 0.00405521 0.0050647 0.00602623 0.00691692 0.00772489 0.00844611 0.00908185 0.0096367
 0.000530656 0.00119633 0.00205827 0.00303499 0.00405521 0.0050647 0.00602623 0.00691692 0.00772489 0.00844611 0.00908185 0.0096367
# nyrs_ind_age
 30
# yrs_ind_age
 1 2 3 4 5 6 7 8 9 10 11 12 13 14 15 16 17 18 19 20 21 22 23 24 25 26 27 28 29 30
# n_sample_ind_age
 200 200 200 200 200 200 200 200 200 200 200 200 200 200 200 200 200 200 200 200 200 200 200 200 200 200 200 200 200 200
# oac_ind
 0.05 0.125 0.15 0.15 0.095 0.07 0.07 0.045 0.055 0.03 0.03 0.13
 0.03 0.13 0.14 0.17 0.11 0.06 0.04 0.075 0.04 0.035 0.01 0.16
 0.07 0.12 0.18 0.145 0.09 0.06 0.055 0.04 0.06 0.03 0.04 0.11
 0.065 0.125 0.105 0.13 0.125 0.11 0.06 0.05 0.05 0.03 0.02 0.13
 0.1 0.125 0.11 0.09 0.065 0.1 0.105 0.065 0.05 0.05 0.065 0.075
 0.11 0.18 0.11 0.14 0.06 0.095 0.07 0.05 0.025 0.02 0.04 0.1
 0.095 0.18 0.155 0.105 0.08 0.04 0.09 0.03 0.035 0.025 0.04 0.125
 0.065 0.21 0.16 0.08 0.09 0.075 0.04 0.08 0.075 0.035 0.01 0.08
 0.065 0.19 0.16 0.11 0.11 0.045 0.045 0.045 0.05 0.025 0.035 0.12
 0.07 0.145 0.2 0.14 0.08 0.095 0.055 0.045 0.025 0.015 0.04 0.09
 0.1 0.11 0.2 0.175 0.105 0.06 0.05 0.03 0.045 0.03 0.005 0.09
 0.075 0.18 0.185 0.2 0.11 0.065 0.05 0.035 0.015 0.01 0.015 0.06
 0.04 0.24 0.225 0.13 0.09 0.085 0.02 0.035 0.02 0.025 0.015 0.075
 0.085 0.135 0.2 0.135 0.105 0.065 0.065 0.08 0.025 0.025 0.01 0.07
 0.125 0.19 0.13 0.115 0.12 0.055 0.06 0.075 0.03 0.03 0.015 0.055
 0.125 0.23 0.17 0.095 0.125 0.075 0.03 0.035 0.04 0.015 0.015 0.045
 0.085 0.155 0.245 0.15 0.095 0.09 0.045 0.04 0.025 0.02 0.02 0.03
 0.11 0.18 0.215 0.125 0.115 0.065 0.075 0.03 0.025 0.025 0.005 0.03
 0.09 0.185 0.205 0.195 0.095 0.07 0.065 0.035 0.005 0.02 0.005 0.03
 0.045 0.2 0.185 0.135 0.15 0.135 0.045 0.04 0.02 0.005 0.005 0.035
 0.14 0.145 0.13 0.15 0.095 0.11 0.09 0.05 0.015 0.025 0.005 0.045
 0.115 0.31 0.155 0.085 0.13 0.05 0.05 0.03 0.035 0.01 0.01 0.02
 0.09 0.2 0.295 0.11 0.1 0.08 0.03 0.045 0.01 0.015 0.015 0.01
 0.105 0.25 0.175 0.21 0.085 0.045 0.05 0.03 0.02 0.005 0.005 0.02
 0.145 0.205 0.22 0.16 0.14 0.06 0.015 0.015 0.01 0.025 0 0.005
 0.095 0.34 0.17 0.19 0.075 0.075 0.01 0.015 0.015 0.01 0 0.005
 0.15 0.22 0.285 0.095 0.07 0.055 0.055 0.035 0.005 0.005 0 0.025
 0.105 0.235 0.22 0.245 0.05 0.075 0.04 0.025 0 0 0.005 0
 0.195 0.215 0.235 0.145 0.115 0.025 0.025 0.005 0.01 0.005 0.005 0.02
 0.09 0.34 0.19 0.1 0.12 0.105 0.025 0.015 0 0.01 0 0.005
# olc_ind

# obs_lse_ind
 0.198042 0.198042 0.198042 0.198042 0.198042 0.198042 0.198042 0.198042 0.198042 0.198042 0.198042 0.198042 0.198042 0.198042 0.198042 0.198042 0.198042 0.198042 0.198042 0.198042 0.198042 0.198042 0.198042 0.198042 0.198042 0.198042 0.198042 0.198042 0.198042 0.198042
# xages_fsh
 0 0 0 0 0 0 0 0 0 0 0 0
# xages_fsh
 0 0.0909091 0.181818 0.272727 0.363636 0.454545 0.545455 0.636364 0.727273 0.818182 0.909091 1
# xnodes_fsh

Yrs fsh_sel change:  1 0 0 0 0 0 0 0 0 0 0 0 0 0 0 0 0 0 0 0 0 0 0 0 0 0 0 0 0
Yrs ind_sel change:  1 0 0 0 0 0 0 0 0 0 0 0 0 0 0 0 0 0 0 0 0 0 0 0 0 0 0 0 0
# steepnessprior
0.75
# sigmarprior
0.2
#  SSB estimated in styr endyr: -13 28 
#  Rec estimated in styr endyr: -11 30 
#  SR Curve fit  in styr endyr: 1 30 
#             Model styr endyr: 1 30 
# qprior
 3.48998e-007
# q_power_prior 
 1 
# cv_catchbiomass 
0.05 
# CatchbiomassPen 
200 
# Number of projection years 
5 
# offset_fsh
 13339
# offset_ind
 13136.6
Mean Catch
1249.23
R_guess 
15.3904
# nfsh
1
# n_sel_ch_fsh
 1
# nselages_fsh
 11
# phase_selcoff_fsh
 -1
logRzero 15.3904
logmeanrec 15.3904
exp(log_sigmarprior 0.2
Fish sel phase: -1 FLEET1
Fixing fishery sel to
1
Srvy sel phase: -1
Fixing SURVEY1 indices sel to
1
# logsel_slp_in_indv
 0.693147
Leaving parameter init secton
# M
 0.2 0.2 0.2 0.2 0.2 0.2 0.2 0.2 0.2 0.2 0.2 0.2
 0.2 0.2 0.2 0.2 0.2 0.2 0.2 0.2 0.2 0.2 0.2 0.2
 0.2 0.2 0.2 0.2 0.2 0.2 0.2 0.2 0.2 0.2 0.2 0.2
 0.2 0.2 0.2 0.2 0.2 0.2 0.2 0.2 0.2 0.2 0.2 0.2
 0.2 0.2 0.2 0.2 0.2 0.2 0.2 0.2 0.2 0.2 0.2 0.2
 0.2 0.2 0.2 0.2 0.2 0.2 0.2 0.2 0.2 0.2 0.2 0.2
 0.2 0.2 0.2 0.2 0.2 0.2 0.2 0.2 0.2 0.2 0.2 0.2
 0.2 0.2 0.2 0.2 0.2 0.2 0.2 0.2 0.2 0.2 0.2 0.2
 0.2 0.2 0.2 0.2 0.2 0.2 0.2 0.2 0.2 0.2 0.2 0.2
 0.2 0.2 0.2 0.2 0.2 0.2 0.2 0.2 0.2 0.2 0.2 0.2
 0.2 0.2 0.2 0.2 0.2 0.2 0.2 0.2 0.2 0.2 0.2 0.2
 0.2 0.2 0.2 0.2 0.2 0.2 0.2 0.2 0.2 0.2 0.2 0.2
 0.2 0.2 0.2 0.2 0.2 0.2 0.2 0.2 0.2 0.2 0.2 0.2
 0.2 0.2 0.2 0.2 0.2 0.2 0.2 0.2 0.2 0.2 0.2 0.2
 0.2 0.2 0.2 0.2 0.2 0.2 0.2 0.2 0.2 0.2 0.2 0.2
 0.2 0.2 0.2 0.2 0.2 0.2 0.2 0.2 0.2 0.2 0.2 0.2
 0.2 0.2 0.2 0.2 0.2 0.2 0.2 0.2 0.2 0.2 0.2 0.2
 0.2 0.2 0.2 0.2 0.2 0.2 0.2 0.2 0.2 0.2 0.2 0.2
 0.2 0.2 0.2 0.2 0.2 0.2 0.2 0.2 0.2 0.2 0.2 0.2
 0.2 0.2 0.2 0.2 0.2 0.2 0.2 0.2 0.2 0.2 0.2 0.2
 0.2 0.2 0.2 0.2 0.2 0.2 0.2 0.2 0.2 0.2 0.2 0.2
 0.2 0.2 0.2 0.2 0.2 0.2 0.2 0.2 0.2 0.2 0.2 0.2
 0.2 0.2 0.2 0.2 0.2 0.2 0.2 0.2 0.2 0.2 0.2 0.2
 0.2 0.2 0.2 0.2 0.2 0.2 0.2 0.2 0.2 0.2 0.2 0.2
 0.2 0.2 0.2 0.2 0.2 0.2 0.2 0.2 0.2 0.2 0.2 0.2
 0.2 0.2 0.2 0.2 0.2 0.2 0.2 0.2 0.2 0.2 0.2 0.2
 0.2 0.2 0.2 0.2 0.2 0.2 0.2 0.2 0.2 0.2 0.2 0.2
 0.2 0.2 0.2 0.2 0.2 0.2 0.2 0.2 0.2 0.2 0.2 0.2
 0.2 0.2 0.2 0.2 0.2 0.2 0.2 0.2 0.2 0.2 0.2 0.2
 0.2 0.2 0.2 0.2 0.2 0.2 0.2 0.2 0.2 0.2 0.2 0.2
# mean_log_rec
13.7504
# log_Rzero
13.7799
# rec_dev
 -0.0450852 -0.0545718 -0.0750552 -0.0907446 -0.000512954 -0.0677396 0.0535251 -0.0948616 -0.0355386 0.120733 0.0750434 0.108606 0.105021 -0.186537 -0.083258 -0.151105 -0.00199542 0.0526543 0.205487 0.248769 0.119543 -0.150715 0.0508111 0.0977799 -0.152227 -0.0153628 0.300366 0.188128 -0.112718 -0.0318539 -0.454077 -0.401561 0.154609 -0.286896 -0.186959 -0.408208 0.0572272 -0.324086 -0.24429 -0.291553 0.0266138 -0.409562
# fmort
 0.00935228 0.0273238 0.044379 0.0609409 0.04839 0.0863217 0.0877254 0.182835 0.108308 0.130807 0.149326 0.16212 0.117043 0.171004 0.181131 0.164513 0.318627 0.257943 0.255321 0.250069 0.343966 0.252333 0.416136 0.34507 0.344539 0.317737 0.309505 0.435913 0.338656 0.53352
# rec_dev_future
 0 0 0 0 0
