AMAK;Mar 2020
# styr
1
# endyr
30
# rec_age
1
# oldest_age
12
# nlength
81
# len_bins
 10 11 12 13 14 15 16 17 18 19 20 21 22 23 24 25 26 27 28 29 30 31 32 33 34 35 36 37 38 39 40 41 42 43 44 45 46 47 48 49 50 51 52 53 54 55 56 57 58 59 60 61 62 63 64 65 66 67 68 69 70 71 72 73 74 75 76 77 78 79 80 81 82 83 84 85 86 87 88 89 90
# datafile_name
amak_data.dat
# model_name
AMAK_MCP
# styr
1
# endyr
30
# rec_age
1
# oldest_age
12
# nfsh
1
# fshname
FLEET1
# catch_bio_in
 160.168 463.485 747.768 979.034 755.16 1316.18 1255.32 2374.02 1239.46 1418.24 1516.78 1528.64 1082.06 1561.58 1590.73 1369.09 2421.6 1696.43 1529.24 1405.88 1812.66 1233.49 1860.2 1353.27 1238.14 1059.38 986.375 1277.77 893.337 1247.23
# catch_bio_sd_in
 0.01 0.01 0.01 0.01 0.01 0.01 0.01 0.01 0.01 0.01 0.01 0.01 0.01 0.01 0.01 0.01 0.01 0.01 0.01 0.01 0.01 0.01 0.01 0.01 0.01 0.01 0.01 0.01 0.01 0.01
# nyrs_fsh_age
 30
# nyrs_fsh_length
 0
# yrs_fsh_age_in
 1 2 3 4 5 6 7 8 9 10 11 12 13 14 15 16 17 18 19 20 21 22 23 24 25 26 27 28 29 30
# yrs_fsh_length_in

# n_sample_fsh_length_in

# olc_fsh_in

# nind
1
# indname
SURVEY1
# nyrs_ind
 30
# yrs_ind_in
 1 2 3 4 5 6 7 8 9 10 11 12 13 14 15 16 17 18 19 20 21 22 23 24 25 26 27 28 29 30
# mo_ind
 1
# obs_ind_in
 1.49329 1.3171 1.44783 1.52891 1.45809 1.30257 1.11384 1.29174 1.0737 1.15237 1.20111 1.38895 1.18538 1.06644 1.21737 0.970432 0.930344 0.829812 0.872872 0.848483 0.885772 0.769003 0.701275 0.566873 0.675595 0.457357 0.637209 0.569012 0.435885 0.508244
# obs_se_ind_in
 0.298658 0.263419 0.289566 0.305783 0.291618 0.260515 0.222768 0.258348 0.214741 0.230474 0.240223 0.277789 0.237076 0.213288 0.243473 0.194086 0.186069 0.165962 0.174574 0.169697 0.177154 0.153801 0.140255 0.113375 0.135119 0.0914713 0.127442 0.113802 0.0871769 0.101649
# nyrs_ind_age
 30
# nyrs_ind_length
 0
# yrs_ind_age_in
 1 2 3 4 5 6 7 8 9 10 11 12 13 14 15 16 17 18 19 20 21 22 23 24 25 26 27 28 29 30
# yrs_ind_length_in

# yrs_ind_age_in
 1 2 3 4 5 6 7 8 9 10 11 12 13 14 15 16 17 18 19 20 21 22 23 24 25 26 27 28 29 30
# n_sample_ind_length_in

# olc_ind_in

# oac_ind_in
 0.075 0.1 0.15 0.13 0.155 0.065 0.065 0.065 0.05 0.015 0.015 0.115
 0.105 0.125 0.12 0.095 0.095 0.11 0.095 0.025 0.04 0.025 0.03 0.135
 0.06 0.175 0.13 0.13 0.07 0.105 0.04 0.07 0.08 0.035 0.025 0.08
 0.09 0.12 0.19 0.1 0.07 0.075 0.055 0.06 0.055 0.03 0.01 0.145
 0.05 0.16 0.145 0.17 0.1 0.08 0.05 0.03 0.03 0.02 0.03 0.135
 0.04 0.135 0.125 0.115 0.12 0.085 0.08 0.05 0.055 0.01 0.05 0.135
 0.045 0.1 0.165 0.125 0.145 0.095 0.075 0.035 0.025 0.04 0.03 0.12
 0.065 0.09 0.125 0.14 0.155 0.105 0.095 0.04 0.02 0.035 0.015 0.115
 0.07 0.205 0.09 0.135 0.125 0.06 0.04 0.075 0.055 0.015 0.03 0.1
 0.06 0.135 0.22 0.125 0.105 0.085 0.05 0.05 0.055 0.015 0.01 0.09
 0.07 0.17 0.14 0.23 0.08 0.055 0.055 0.045 0.035 0.02 0.015 0.085
 0.12 0.2 0.155 0.13 0.15 0.1 0.02 0.035 0.01 0.04 0 0.04
 0.065 0.295 0.195 0.12 0.085 0.07 0.06 0.02 0.02 0.005 0.015 0.05
 0.085 0.11 0.335 0.145 0.07 0.09 0.045 0.03 0.01 0.015 0.01 0.055
 0.04 0.19 0.085 0.28 0.09 0.09 0.05 0.075 0.025 0.02 0.02 0.035
 0.05 0.2 0.225 0.08 0.15 0.055 0.085 0.05 0.055 0.01 0.01 0.03
 0.125 0.15 0.18 0.15 0.07 0.105 0.065 0.04 0.02 0.015 0.03 0.05
 0.115 0.225 0.15 0.17 0.13 0.035 0.085 0.02 0.02 0.01 0.01 0.03
 0.135 0.135 0.19 0.14 0.105 0.08 0.05 0.04 0.035 0.03 0.015 0.045
 0.055 0.325 0.205 0.125 0.065 0.08 0.055 0.01 0.02 0.01 0.005 0.045
 0.105 0.18 0.295 0.14 0.065 0.05 0.035 0.045 0.015 0.025 0.01 0.035
 0.095 0.23 0.195 0.245 0.06 0.05 0.05 0.025 0.015 0 0.01 0.025
 0.1 0.2 0.25 0.125 0.145 0.05 0.055 0.02 0.015 0.005 0.015 0.02
 0.13 0.23 0.17 0.205 0.115 0.07 0.025 0.015 0.01 0.015 0.005 0.01
 0.13 0.26 0.2 0.155 0.12 0.06 0.03 0.01 0.015 0.005 0.005 0.01
 0.06 0.325 0.215 0.115 0.085 0.09 0.02 0.045 0.01 0.01 0.01 0.015
 0.12 0.205 0.24 0.15 0.115 0.05 0.04 0.04 0.015 0 0.01 0.015
 0.13 0.29 0.185 0.17 0.07 0.065 0.03 0.005 0.015 0.02 0 0.02
 0.115 0.25 0.245 0.12 0.125 0.045 0.065 0 0.02 0.005 0 0.01
 0.17 0.25 0.18 0.18 0.075 0.05 0.04 0.025 0 0.015 0.01 0.005
# wt_ind
 1 1 1 1 1 1 1 1 1 1 1 1
 1 1 1 1 1 1 1 1 1 1 1 1
 1 1 1 1 1 1 1 1 1 1 1 1
 1 1 1 1 1 1 1 1 1 1 1 1
 1 1 1 1 1 1 1 1 1 1 1 1
 1 1 1 1 1 1 1 1 1 1 1 1
 1 1 1 1 1 1 1 1 1 1 1 1
 1 1 1 1 1 1 1 1 1 1 1 1
 1 1 1 1 1 1 1 1 1 1 1 1
 1 1 1 1 1 1 1 1 1 1 1 1
 1 1 1 1 1 1 1 1 1 1 1 1
 1 1 1 1 1 1 1 1 1 1 1 1
 1 1 1 1 1 1 1 1 1 1 1 1
 1 1 1 1 1 1 1 1 1 1 1 1
 1 1 1 1 1 1 1 1 1 1 1 1
 1 1 1 1 1 1 1 1 1 1 1 1
 1 1 1 1 1 1 1 1 1 1 1 1
 1 1 1 1 1 1 1 1 1 1 1 1
 1 1 1 1 1 1 1 1 1 1 1 1
 1 1 1 1 1 1 1 1 1 1 1 1
 1 1 1 1 1 1 1 1 1 1 1 1
 1 1 1 1 1 1 1 1 1 1 1 1
 1 1 1 1 1 1 1 1 1 1 1 1
 1 1 1 1 1 1 1 1 1 1 1 1
 1 1 1 1 1 1 1 1 1 1 1 1
 1 1 1 1 1 1 1 1 1 1 1 1
 1 1 1 1 1 1 1 1 1 1 1 1
 1 1 1 1 1 1 1 1 1 1 1 1
 1 1 1 1 1 1 1 1 1 1 1 1
 1 1 1 1 1 1 1 1 1 1 1 1
# wt_pop
 0.000530656 0.00119633 0.00205827 0.00303499 0.00405521 0.0050647 0.00602623 0.00691692 0.00772489 0.00844611 0.00908185 0.0096367
# maturity
 0.0229774 0.320821 0.904651 0.99478 0.999739 0.999987 0.999999 1 1 1 1 1
# spawnmo
1
# age_err
 1 0 0 0 0 0 0 0 0 0 0 0
 0 1 0 0 0 0 0 0 0 0 0 0
 0 0 1 0 0 0 0 0 0 0 0 0
 0 0 0 1 0 0 0 0 0 0 0 0
 0 0 0 0 1 0 0 0 0 0 0 0
 0 0 0 0 0 1 0 0 0 0 0 0
 0 0 0 0 0 0 1 0 0 0 0 0
 0 0 0 0 0 0 0 1 0 0 0 0
 0 0 0 0 0 0 0 0 1 0 0 0
 0 0 0 0 0 0 0 0 0 1 0 0
 0 0 0 0 0 0 0 0 0 0 1 0
 0 0 0 0 0 0 0 0 0 0 0 1
# cntrlfile_name
C:\Users\bai.li\DOCUME~1\Github\AGE_ST~1\ASSAMC\example\output\AMAK\s150\amak.dat
# Map shared selectivity: 
# sel_map
 1 2
 1 1
# datafile_name
amak_data.dat
# model_name
AMAK_MCP
# SrType
2
# use_age_err
0
# retro
0
# sigmarprior
0.2
# cvsigmarprior
0.25
# phase_sigmar
-3
# styr_rec_est
1
# endyr_rec_est
30
# Linfprior
80
# cvLinfprior
0.25
# kprior
0.18
# cvkprior
0.25
# Loprior
27.688
# cvLoprior
0.25
# sdageprior
0.1
# cvsdageprior
0.25
# natmortprior
0.2
# cvnatmortprior
0.25
# phase_M
-4
# npars_Mage
0
# ages_M_changes

# Mage_in

# Mage_offset_in

# phase_Mage
-5
# phase_rw_M
0
# npars_rw_M
0
# yrs_rw_M

# sigma_rw_M

# qprior
 3.48998e-007
# cvqprior
 1
# phase_q
 1
# q_power_prior
 1
# cvq_power_prior
 0.2
# phase_q_power
 -4
# phase_rw_q
 -1
# npars_rw_q
 0
# yrs_rw_q

# sigma_rw_q

# q_age_min
 1
# q_age_max
 12
# q_age_min
 1
# q_age_max
 12
# fsh_sel_opt(k)
2
# phase_sel_fsh(k)
2
# n_sel_ch_fsh(k)
1
# sel_slp_in_fsh(k)(1,n_sel_ch_fsh(k))
 1
# sel_inf_in_fsh(k)(1,n_sel_ch_fsh(k))
 2
# logsel_slp_in_fsh(k)(1,n_sel_ch_fsh(k))
 0
# yrs_sel_ch_fsh(k)(1,n_sel_ch_fsh(k))
 1

Survey SURVEY1
# ind_sel_opt(k)
2
# indname(k)
SURVEY1
# nselages_in_ind(k)
11
# phase_sel_ind(k)
2
# sel_change_in_ind(k)
 1 0 0 0 0 0 0 0 0 0 0 0 0 0 0 0 0 0 0 0 0 0 0 0 0 0 0 0 0 0
# n_sel_ch_ind(k)
1
# yrs_sel_ch_ind(k)(1,n_sel_ch_ind(k))
 1
# sel_slp_in_ind(k,1)
2
# sel_inf_in_ind(k,1)
1.5
# logsel_slp_in_ind(k,1)
0.693147
# logsel_slp_in_indv(k)
0.693147
SURVEY1 ind sel opt 2  1 0 0 0 0 0 0 0 0 0 0 0 0 0 0 0 0 0 0 0 0 0 0 0 0 0 0 0 0 0
Phase indices Sel_Coffs:  -1
 Test: 1.23457e+008
# Fshry Selages:  11
# Srvy  Selages:  11
# Phase for age-spec fishery  -1
# Phase for logistic fishery  2
# Phase for dble logistic fishery  -1
# Phase for age-spec indices   -1
# Phase for logistic indices   2
# Phase for dble logistic ind  -1
# Curv_pen_fsh: 
 0
# Curv_pen_ind: 
 0
# styr_fut
31
# endyr_fut
35
# nyrs_fsh_age
 30
# nyrs_fsh_age
 30
# yrs_fsh_age
 1 2 3 4 5 6 7 8 9 10 11 12 13 14 15 16 17 18 19 20 21 22 23 24 25 26 27 28 29 30
# n_sample_fsh_age
 200 200 200 200 200 200 200 200 200 200 200 200 200 200 200 200 200 200 200 200 200 200 200 200 200 200 200 200 200 200
# oac_fsh
 0.09 0.075 0.105 0.165 0.135 0.075 0.06 0.065 0.08 0.03 0.025 0.095
 0.095 0.1 0.115 0.125 0.125 0.055 0.055 0.09 0.05 0.035 0.045 0.11
 0.085 0.165 0.08 0.095 0.095 0.09 0.03 0.06 0.055 0.05 0.05 0.145
 0.08 0.11 0.145 0.065 0.11 0.09 0.075 0.065 0.05 0.05 0.035 0.125
 0.07 0.085 0.14 0.12 0.105 0.07 0.08 0.04 0.06 0.025 0.05 0.155
 0.045 0.095 0.165 0.125 0.16 0.055 0.055 0.06 0.075 0.04 0.025 0.1
 0.075 0.105 0.15 0.095 0.105 0.1 0.08 0.065 0.03 0.025 0.025 0.145
 0.115 0.09 0.08 0.125 0.1 0.095 0.07 0.055 0.05 0.04 0.055 0.125
 0.07 0.185 0.15 0.105 0.08 0.095 0.035 0.08 0.035 0.03 0.02 0.115
 0.075 0.085 0.25 0.105 0.105 0.1 0.05 0.05 0.025 0.025 0.025 0.105
 0.11 0.145 0.1 0.2 0.08 0.07 0.085 0.05 0.04 0.015 0.015 0.09
 0.175 0.155 0.16 0.06 0.14 0.065 0.055 0.015 0.025 0.045 0.04 0.065
 0.045 0.205 0.15 0.195 0.08 0.09 0.045 0.02 0.055 0.03 0.015 0.07
 0.12 0.055 0.21 0.16 0.155 0.05 0.06 0.045 0.03 0.025 0.03 0.06
 0.115 0.195 0.06 0.22 0.115 0.085 0.04 0.07 0.015 0.015 0.01 0.06
 0.075 0.155 0.215 0.085 0.16 0.1 0.055 0.05 0.025 0.005 0.02 0.055
 0.12 0.13 0.16 0.135 0.085 0.17 0.05 0.05 0.015 0.02 0.015 0.05
 0.09 0.175 0.105 0.18 0.15 0.065 0.12 0.035 0.02 0.02 0.02 0.02
 0.185 0.1 0.175 0.11 0.13 0.14 0.025 0.065 0.02 0 0.015 0.035
 0.115 0.24 0.135 0.155 0.105 0.075 0.055 0.02 0.05 0.01 0.015 0.025
 0.18 0.16 0.28 0.1 0.07 0.075 0.05 0.02 0.01 0.02 0.01 0.025
 0.1 0.22 0.215 0.15 0.09 0.07 0.055 0.02 0.035 0.02 0.005 0.02
 0.12 0.185 0.245 0.075 0.185 0.045 0.025 0.035 0.025 0.03 0.005 0.025
 0.165 0.14 0.155 0.185 0.095 0.11 0.045 0.045 0.01 0.005 0.01 0.035
 0.17 0.185 0.17 0.145 0.11 0.055 0.06 0.025 0.02 0.015 0.005 0.04
 0.065 0.255 0.18 0.125 0.12 0.085 0.06 0.045 0.015 0.02 0.01 0.02
 0.165 0.165 0.25 0.155 0.1 0.065 0.035 0.04 0.01 0.005 0.005 0.005
 0.105 0.25 0.175 0.175 0.09 0.075 0.02 0.055 0.02 0.015 0 0.02
 0.165 0.17 0.26 0.105 0.13 0.07 0.03 0.025 0.02 0.015 0.005 0.005
 0.195 0.21 0.2 0.165 0.06 0.075 0.03 0.025 0.025 0.005 0.005 0.005
# olc_fsh

# wt_fsh
 0.000530656 0.00119633 0.00205827 0.00303499 0.00405521 0.0050647 0.00602623 0.00691692 0.00772489 0.00844611 0.00908185 0.0096367
 0.000530656 0.00119633 0.00205827 0.00303499 0.00405521 0.0050647 0.00602623 0.00691692 0.00772489 0.00844611 0.00908185 0.0096367
 0.000530656 0.00119633 0.00205827 0.00303499 0.00405521 0.0050647 0.00602623 0.00691692 0.00772489 0.00844611 0.00908185 0.0096367
 0.000530656 0.00119633 0.00205827 0.00303499 0.00405521 0.0050647 0.00602623 0.00691692 0.00772489 0.00844611 0.00908185 0.0096367
 0.000530656 0.00119633 0.00205827 0.00303499 0.00405521 0.0050647 0.00602623 0.00691692 0.00772489 0.00844611 0.00908185 0.0096367
 0.000530656 0.00119633 0.00205827 0.00303499 0.00405521 0.0050647 0.00602623 0.00691692 0.00772489 0.00844611 0.00908185 0.0096367
 0.000530656 0.00119633 0.00205827 0.00303499 0.00405521 0.0050647 0.00602623 0.00691692 0.00772489 0.00844611 0.00908185 0.0096367
 0.000530656 0.00119633 0.00205827 0.00303499 0.00405521 0.0050647 0.00602623 0.00691692 0.00772489 0.00844611 0.00908185 0.0096367
 0.000530656 0.00119633 0.00205827 0.00303499 0.00405521 0.0050647 0.00602623 0.00691692 0.00772489 0.00844611 0.00908185 0.0096367
 0.000530656 0.00119633 0.00205827 0.00303499 0.00405521 0.0050647 0.00602623 0.00691692 0.00772489 0.00844611 0.00908185 0.0096367
 0.000530656 0.00119633 0.00205827 0.00303499 0.00405521 0.0050647 0.00602623 0.00691692 0.00772489 0.00844611 0.00908185 0.0096367
 0.000530656 0.00119633 0.00205827 0.00303499 0.00405521 0.0050647 0.00602623 0.00691692 0.00772489 0.00844611 0.00908185 0.0096367
 0.000530656 0.00119633 0.00205827 0.00303499 0.00405521 0.0050647 0.00602623 0.00691692 0.00772489 0.00844611 0.00908185 0.0096367
 0.000530656 0.00119633 0.00205827 0.00303499 0.00405521 0.0050647 0.00602623 0.00691692 0.00772489 0.00844611 0.00908185 0.0096367
 0.000530656 0.00119633 0.00205827 0.00303499 0.00405521 0.0050647 0.00602623 0.00691692 0.00772489 0.00844611 0.00908185 0.0096367
 0.000530656 0.00119633 0.00205827 0.00303499 0.00405521 0.0050647 0.00602623 0.00691692 0.00772489 0.00844611 0.00908185 0.0096367
 0.000530656 0.00119633 0.00205827 0.00303499 0.00405521 0.0050647 0.00602623 0.00691692 0.00772489 0.00844611 0.00908185 0.0096367
 0.000530656 0.00119633 0.00205827 0.00303499 0.00405521 0.0050647 0.00602623 0.00691692 0.00772489 0.00844611 0.00908185 0.0096367
 0.000530656 0.00119633 0.00205827 0.00303499 0.00405521 0.0050647 0.00602623 0.00691692 0.00772489 0.00844611 0.00908185 0.0096367
 0.000530656 0.00119633 0.00205827 0.00303499 0.00405521 0.0050647 0.00602623 0.00691692 0.00772489 0.00844611 0.00908185 0.0096367
 0.000530656 0.00119633 0.00205827 0.00303499 0.00405521 0.0050647 0.00602623 0.00691692 0.00772489 0.00844611 0.00908185 0.0096367
 0.000530656 0.00119633 0.00205827 0.00303499 0.00405521 0.0050647 0.00602623 0.00691692 0.00772489 0.00844611 0.00908185 0.0096367
 0.000530656 0.00119633 0.00205827 0.00303499 0.00405521 0.0050647 0.00602623 0.00691692 0.00772489 0.00844611 0.00908185 0.0096367
 0.000530656 0.00119633 0.00205827 0.00303499 0.00405521 0.0050647 0.00602623 0.00691692 0.00772489 0.00844611 0.00908185 0.0096367
 0.000530656 0.00119633 0.00205827 0.00303499 0.00405521 0.0050647 0.00602623 0.00691692 0.00772489 0.00844611 0.00908185 0.0096367
 0.000530656 0.00119633 0.00205827 0.00303499 0.00405521 0.0050647 0.00602623 0.00691692 0.00772489 0.00844611 0.00908185 0.0096367
 0.000530656 0.00119633 0.00205827 0.00303499 0.00405521 0.0050647 0.00602623 0.00691692 0.00772489 0.00844611 0.00908185 0.0096367
 0.000530656 0.00119633 0.00205827 0.00303499 0.00405521 0.0050647 0.00602623 0.00691692 0.00772489 0.00844611 0.00908185 0.0096367
 0.000530656 0.00119633 0.00205827 0.00303499 0.00405521 0.0050647 0.00602623 0.00691692 0.00772489 0.00844611 0.00908185 0.0096367
 0.000530656 0.00119633 0.00205827 0.00303499 0.00405521 0.0050647 0.00602623 0.00691692 0.00772489 0.00844611 0.00908185 0.0096367
# nyrs_ind_age
 30
# yrs_ind_age
 1 2 3 4 5 6 7 8 9 10 11 12 13 14 15 16 17 18 19 20 21 22 23 24 25 26 27 28 29 30
# n_sample_ind_age
 200 200 200 200 200 200 200 200 200 200 200 200 200 200 200 200 200 200 200 200 200 200 200 200 200 200 200 200 200 200
# oac_ind
 0.075 0.1 0.15 0.13 0.155 0.065 0.065 0.065 0.05 0.015 0.015 0.115
 0.105 0.125 0.12 0.095 0.095 0.11 0.095 0.025 0.04 0.025 0.03 0.135
 0.06 0.175 0.13 0.13 0.07 0.105 0.04 0.07 0.08 0.035 0.025 0.08
 0.09 0.12 0.19 0.1 0.07 0.075 0.055 0.06 0.055 0.03 0.01 0.145
 0.05 0.16 0.145 0.17 0.1 0.08 0.05 0.03 0.03 0.02 0.03 0.135
 0.04 0.135 0.125 0.115 0.12 0.085 0.08 0.05 0.055 0.01 0.05 0.135
 0.045 0.1 0.165 0.125 0.145 0.095 0.075 0.035 0.025 0.04 0.03 0.12
 0.065 0.09 0.125 0.14 0.155 0.105 0.095 0.04 0.02 0.035 0.015 0.115
 0.07 0.205 0.09 0.135 0.125 0.06 0.04 0.075 0.055 0.015 0.03 0.1
 0.06 0.135 0.22 0.125 0.105 0.085 0.05 0.05 0.055 0.015 0.01 0.09
 0.07 0.17 0.14 0.23 0.08 0.055 0.055 0.045 0.035 0.02 0.015 0.085
 0.12 0.2 0.155 0.13 0.15 0.1 0.02 0.035 0.01 0.04 0 0.04
 0.065 0.295 0.195 0.12 0.085 0.07 0.06 0.02 0.02 0.005 0.015 0.05
 0.085 0.11 0.335 0.145 0.07 0.09 0.045 0.03 0.01 0.015 0.01 0.055
 0.04 0.19 0.085 0.28 0.09 0.09 0.05 0.075 0.025 0.02 0.02 0.035
 0.05 0.2 0.225 0.08 0.15 0.055 0.085 0.05 0.055 0.01 0.01 0.03
 0.125 0.15 0.18 0.15 0.07 0.105 0.065 0.04 0.02 0.015 0.03 0.05
 0.115 0.225 0.15 0.17 0.13 0.035 0.085 0.02 0.02 0.01 0.01 0.03
 0.135 0.135 0.19 0.14 0.105 0.08 0.05 0.04 0.035 0.03 0.015 0.045
 0.055 0.325 0.205 0.125 0.065 0.08 0.055 0.01 0.02 0.01 0.005 0.045
 0.105 0.18 0.295 0.14 0.065 0.05 0.035 0.045 0.015 0.025 0.01 0.035
 0.095 0.23 0.195 0.245 0.06 0.05 0.05 0.025 0.015 0 0.01 0.025
 0.1 0.2 0.25 0.125 0.145 0.05 0.055 0.02 0.015 0.005 0.015 0.02
 0.13 0.23 0.17 0.205 0.115 0.07 0.025 0.015 0.01 0.015 0.005 0.01
 0.13 0.26 0.2 0.155 0.12 0.06 0.03 0.01 0.015 0.005 0.005 0.01
 0.06 0.325 0.215 0.115 0.085 0.09 0.02 0.045 0.01 0.01 0.01 0.015
 0.12 0.205 0.24 0.15 0.115 0.05 0.04 0.04 0.015 0 0.01 0.015
 0.13 0.29 0.185 0.17 0.07 0.065 0.03 0.005 0.015 0.02 0 0.02
 0.115 0.25 0.245 0.12 0.125 0.045 0.065 0 0.02 0.005 0 0.01
 0.17 0.25 0.18 0.18 0.075 0.05 0.04 0.025 0 0.015 0.01 0.005
# olc_ind

# obs_lse_ind
 0.198042 0.198042 0.198042 0.198042 0.198042 0.198042 0.198042 0.198042 0.198042 0.198042 0.198042 0.198042 0.198042 0.198042 0.198042 0.198042 0.198042 0.198042 0.198042 0.198042 0.198042 0.198042 0.198042 0.198042 0.198042 0.198042 0.198042 0.198042 0.198042 0.198042
# xages_fsh
 0 0 0 0 0 0 0 0 0 0 0 0
# xages_fsh
 0 0.0909091 0.181818 0.272727 0.363636 0.454545 0.545455 0.636364 0.727273 0.818182 0.909091 1
# xnodes_fsh

Yrs fsh_sel change:  1 0 0 0 0 0 0 0 0 0 0 0 0 0 0 0 0 0 0 0 0 0 0 0 0 0 0 0 0
Yrs ind_sel change:  1 0 0 0 0 0 0 0 0 0 0 0 0 0 0 0 0 0 0 0 0 0 0 0 0 0 0 0 0
# steepnessprior
0.75
# sigmarprior
0.2
#  SSB estimated in styr endyr: -13 28 
#  Rec estimated in styr endyr: -11 30 
#  SR Curve fit  in styr endyr: 1 30 
#             Model styr endyr: 1 30 
# qprior
 3.48998e-007
# q_power_prior 
 1 
# cv_catchbiomass 
0.05 
# CatchbiomassPen 
200 
# Number of projection years 
5 
# offset_fsh
 13470.3
# offset_ind
 13053.7
Mean Catch
1312.42
R_guess 
15.4398
# nfsh
1
# n_sel_ch_fsh
 1
# nselages_fsh
 11
# phase_selcoff_fsh
 -1
logRzero 15.4398
logmeanrec 15.4398
exp(log_sigmarprior 0.2
Fish sel phase: -1 FLEET1
Fixing fishery sel to
1
Srvy sel phase: -1
Fixing SURVEY1 indices sel to
1
# logsel_slp_in_indv
 0.693147
Leaving parameter init secton
# M
 0.2 0.2 0.2 0.2 0.2 0.2 0.2 0.2 0.2 0.2 0.2 0.2
 0.2 0.2 0.2 0.2 0.2 0.2 0.2 0.2 0.2 0.2 0.2 0.2
 0.2 0.2 0.2 0.2 0.2 0.2 0.2 0.2 0.2 0.2 0.2 0.2
 0.2 0.2 0.2 0.2 0.2 0.2 0.2 0.2 0.2 0.2 0.2 0.2
 0.2 0.2 0.2 0.2 0.2 0.2 0.2 0.2 0.2 0.2 0.2 0.2
 0.2 0.2 0.2 0.2 0.2 0.2 0.2 0.2 0.2 0.2 0.2 0.2
 0.2 0.2 0.2 0.2 0.2 0.2 0.2 0.2 0.2 0.2 0.2 0.2
 0.2 0.2 0.2 0.2 0.2 0.2 0.2 0.2 0.2 0.2 0.2 0.2
 0.2 0.2 0.2 0.2 0.2 0.2 0.2 0.2 0.2 0.2 0.2 0.2
 0.2 0.2 0.2 0.2 0.2 0.2 0.2 0.2 0.2 0.2 0.2 0.2
 0.2 0.2 0.2 0.2 0.2 0.2 0.2 0.2 0.2 0.2 0.2 0.2
 0.2 0.2 0.2 0.2 0.2 0.2 0.2 0.2 0.2 0.2 0.2 0.2
 0.2 0.2 0.2 0.2 0.2 0.2 0.2 0.2 0.2 0.2 0.2 0.2
 0.2 0.2 0.2 0.2 0.2 0.2 0.2 0.2 0.2 0.2 0.2 0.2
 0.2 0.2 0.2 0.2 0.2 0.2 0.2 0.2 0.2 0.2 0.2 0.2
 0.2 0.2 0.2 0.2 0.2 0.2 0.2 0.2 0.2 0.2 0.2 0.2
 0.2 0.2 0.2 0.2 0.2 0.2 0.2 0.2 0.2 0.2 0.2 0.2
 0.2 0.2 0.2 0.2 0.2 0.2 0.2 0.2 0.2 0.2 0.2 0.2
 0.2 0.2 0.2 0.2 0.2 0.2 0.2 0.2 0.2 0.2 0.2 0.2
 0.2 0.2 0.2 0.2 0.2 0.2 0.2 0.2 0.2 0.2 0.2 0.2
 0.2 0.2 0.2 0.2 0.2 0.2 0.2 0.2 0.2 0.2 0.2 0.2
 0.2 0.2 0.2 0.2 0.2 0.2 0.2 0.2 0.2 0.2 0.2 0.2
 0.2 0.2 0.2 0.2 0.2 0.2 0.2 0.2 0.2 0.2 0.2 0.2
 0.2 0.2 0.2 0.2 0.2 0.2 0.2 0.2 0.2 0.2 0.2 0.2
 0.2 0.2 0.2 0.2 0.2 0.2 0.2 0.2 0.2 0.2 0.2 0.2
 0.2 0.2 0.2 0.2 0.2 0.2 0.2 0.2 0.2 0.2 0.2 0.2
 0.2 0.2 0.2 0.2 0.2 0.2 0.2 0.2 0.2 0.2 0.2 0.2
 0.2 0.2 0.2 0.2 0.2 0.2 0.2 0.2 0.2 0.2 0.2 0.2
 0.2 0.2 0.2 0.2 0.2 0.2 0.2 0.2 0.2 0.2 0.2 0.2
 0.2 0.2 0.2 0.2 0.2 0.2 0.2 0.2 0.2 0.2 0.2 0.2
# mean_log_rec
13.7387
# log_Rzero
13.8087
# rec_dev
 -0.105704 -0.126439 -0.145867 -0.0695542 0.125833 0.0489272 0.115852 0.0407964 0.0473089 0.133613 -0.0101688 -0.0549992 -0.00239834 0.32243 0.128003 0.0853144 0.0900373 -0.140266 -0.0987888 0.382963 -0.120792 0.128926 0.134425 0.573429 -0.401173 0.258663 0.0924373 -0.145484 0.0284498 -0.223177 0.345978 -0.100324 0.133794 -0.212468 -0.209582 -0.207429 -0.0552234 -0.513081 -0.119734 -0.361287 -0.273821 -0.0795685
# fmort
 0.00925146 0.0271571 0.0450132 0.0610964 0.0487022 0.0886799 0.0901693 0.189294 0.109701 0.133247 0.152087 0.162139 0.117484 0.172106 0.18342 0.164848 0.322863 0.261832 0.260156 0.256441 0.35798 0.260865 0.430932 0.359385 0.359631 0.32774 0.314587 0.436701 0.325842 0.482543
# rec_dev_future
 0 0 0 0 0
