AMAK;Mar 2020
# styr
1
# endyr
30
# rec_age
1
# oldest_age
12
# nlength
81
# len_bins
 10 11 12 13 14 15 16 17 18 19 20 21 22 23 24 25 26 27 28 29 30 31 32 33 34 35 36 37 38 39 40 41 42 43 44 45 46 47 48 49 50 51 52 53 54 55 56 57 58 59 60 61 62 63 64 65 66 67 68 69 70 71 72 73 74 75 76 77 78 79 80 81 82 83 84 85 86 87 88 89 90
# datafile_name
amak_data.dat
# model_name
AMAK_MCP
# styr
1
# endyr
30
# rec_age
1
# oldest_age
12
# nfsh
1
# fshname
FLEET1
# catch_bio_in
 160.168 462.289 745.217 958.343 736.591 1271.66 1213.94 2314.98 1204.47 1367.51 1435.41 1453.03 995.551 1392.49 1389.54 1209.74 2185.03 1589.66 1439.34 1315.72 1645.91 1082.73 1629.95 1206.8 1165.68 1034 1012.44 1327 976.053 1397.36
# catch_bio_sd_in
 0.01 0.01 0.01 0.01 0.01 0.01 0.01 0.01 0.01 0.01 0.01 0.01 0.01 0.01 0.01 0.01 0.01 0.01 0.01 0.01 0.01 0.01 0.01 0.01 0.01 0.01 0.01 0.01 0.01 0.01
# nyrs_fsh_age
 30
# nyrs_fsh_length
 0
# yrs_fsh_age_in
 1 2 3 4 5 6 7 8 9 10 11 12 13 14 15 16 17 18 19 20 21 22 23 24 25 26 27 28 29 30
# yrs_fsh_length_in

# n_sample_fsh_length_in

# olc_fsh_in

# nind
1
# indname
SURVEY1
# nyrs_ind
 30
# yrs_ind_in
 1 2 3 4 5 6 7 8 9 10 11 12 13 14 15 16 17 18 19 20 21 22 23 24 25 26 27 28 29 30
# mo_ind
 1
# obs_ind_in
 1.60076 1.71649 1.51302 1.56313 1.61256 1.62397 1.4636 1.1647 0.960368 0.911565 1.0533 0.964271 1.00287 0.861154 1.16517 1.14738 0.878098 0.937369 0.7447 0.762189 0.703129 0.663313 0.657651 0.698195 0.7075 0.676584 0.51553 0.60578 0.630805 0.597358
# obs_se_ind_in
 0.320153 0.343298 0.302605 0.312626 0.322512 0.324795 0.292721 0.232941 0.192074 0.182313 0.21066 0.192854 0.200574 0.172231 0.233035 0.229476 0.17562 0.187474 0.14894 0.152438 0.140626 0.132663 0.13153 0.139639 0.1415 0.135317 0.103106 0.121156 0.126161 0.119472
# nyrs_ind_age
 30
# nyrs_ind_length
 0
# yrs_ind_age_in
 1 2 3 4 5 6 7 8 9 10 11 12 13 14 15 16 17 18 19 20 21 22 23 24 25 26 27 28 29 30
# yrs_ind_length_in

# yrs_ind_age_in
 1 2 3 4 5 6 7 8 9 10 11 12 13 14 15 16 17 18 19 20 21 22 23 24 25 26 27 28 29 30
# n_sample_ind_length_in

# olc_ind_in

# oac_ind_in
 0.04 0.155 0.145 0.13 0.115 0.075 0.085 0.04 0.015 0.03 0.05 0.12
 0.055 0.11 0.155 0.11 0.11 0.07 0.08 0.045 0.045 0.02 0.045 0.155
 0.035 0.145 0.195 0.115 0.07 0.09 0.055 0.045 0.02 0.055 0.045 0.13
 0.025 0.105 0.185 0.1 0.155 0.08 0.06 0.085 0.025 0.04 0.025 0.115
 0.07 0.145 0.115 0.09 0.145 0.105 0.075 0.04 0.025 0.035 0.025 0.13
 0.045 0.14 0.175 0.13 0.135 0.085 0.055 0.035 0.035 0.025 0.035 0.105
 0.055 0.105 0.165 0.205 0.095 0.085 0.06 0.05 0.07 0.03 0.02 0.06
 0.07 0.14 0.165 0.14 0.11 0.085 0.055 0.035 0.035 0.045 0.015 0.105
 0.055 0.2 0.14 0.125 0.125 0.1 0.05 0.045 0.04 0.015 0.005 0.1
 0.09 0.19 0.195 0.11 0.07 0.105 0.035 0.035 0.03 0.035 0.02 0.085
 0.03 0.185 0.195 0.165 0.105 0.07 0.075 0.025 0.035 0.015 0.025 0.075
 0.085 0.16 0.215 0.13 0.13 0.06 0.04 0.04 0.03 0.035 0.005 0.07
 0.095 0.2 0.205 0.165 0.09 0.09 0.015 0.015 0.04 0.025 0.01 0.05
 0.09 0.17 0.185 0.145 0.1 0.075 0.07 0.035 0.02 0.025 0.02 0.065
 0.12 0.17 0.16 0.135 0.095 0.105 0.04 0.04 0.07 0.01 0.015 0.04
 0.095 0.225 0.165 0.135 0.105 0.045 0.08 0.03 0.04 0.015 0.005 0.06
 0.06 0.24 0.23 0.12 0.11 0.075 0.06 0.02 0.035 0.02 0.005 0.025
 0.105 0.18 0.175 0.155 0.075 0.095 0.06 0.03 0.055 0.03 0.01 0.03
 0.1 0.23 0.15 0.145 0.155 0.065 0.035 0.04 0.025 0.02 0.005 0.03
 0.08 0.185 0.22 0.14 0.11 0.055 0.075 0.03 0.02 0.04 0.03 0.015
 0.115 0.23 0.18 0.165 0.11 0.045 0.07 0.03 0.02 0 0.005 0.03
 0.14 0.135 0.24 0.115 0.135 0.09 0.055 0.015 0.015 0.01 0.015 0.035
 0.14 0.195 0.175 0.21 0.055 0.09 0.015 0.055 0.035 0.02 0 0.01
 0.1 0.315 0.22 0.105 0.08 0.05 0.025 0.025 0.025 0.015 0.01 0.03
 0.12 0.21 0.34 0.13 0.055 0.075 0.015 0.025 0 0.015 0.01 0.005
 0.06 0.265 0.19 0.195 0.13 0.06 0.045 0.015 0.02 0.01 0.005 0.005
 0.12 0.175 0.27 0.11 0.13 0.09 0.015 0.03 0.015 0.03 0.005 0.01
 0.165 0.315 0.15 0.15 0.11 0.065 0.03 0.01 0 0 0 0.005
 0.125 0.23 0.305 0.095 0.095 0.06 0.055 0.01 0.005 0.005 0 0.015
 0.11 0.24 0.255 0.165 0.055 0.075 0.045 0.01 0.025 0.005 0.01 0.005
# wt_ind
 1 1 1 1 1 1 1 1 1 1 1 1
 1 1 1 1 1 1 1 1 1 1 1 1
 1 1 1 1 1 1 1 1 1 1 1 1
 1 1 1 1 1 1 1 1 1 1 1 1
 1 1 1 1 1 1 1 1 1 1 1 1
 1 1 1 1 1 1 1 1 1 1 1 1
 1 1 1 1 1 1 1 1 1 1 1 1
 1 1 1 1 1 1 1 1 1 1 1 1
 1 1 1 1 1 1 1 1 1 1 1 1
 1 1 1 1 1 1 1 1 1 1 1 1
 1 1 1 1 1 1 1 1 1 1 1 1
 1 1 1 1 1 1 1 1 1 1 1 1
 1 1 1 1 1 1 1 1 1 1 1 1
 1 1 1 1 1 1 1 1 1 1 1 1
 1 1 1 1 1 1 1 1 1 1 1 1
 1 1 1 1 1 1 1 1 1 1 1 1
 1 1 1 1 1 1 1 1 1 1 1 1
 1 1 1 1 1 1 1 1 1 1 1 1
 1 1 1 1 1 1 1 1 1 1 1 1
 1 1 1 1 1 1 1 1 1 1 1 1
 1 1 1 1 1 1 1 1 1 1 1 1
 1 1 1 1 1 1 1 1 1 1 1 1
 1 1 1 1 1 1 1 1 1 1 1 1
 1 1 1 1 1 1 1 1 1 1 1 1
 1 1 1 1 1 1 1 1 1 1 1 1
 1 1 1 1 1 1 1 1 1 1 1 1
 1 1 1 1 1 1 1 1 1 1 1 1
 1 1 1 1 1 1 1 1 1 1 1 1
 1 1 1 1 1 1 1 1 1 1 1 1
 1 1 1 1 1 1 1 1 1 1 1 1
# wt_pop
 0.000530656 0.00119633 0.00205827 0.00303499 0.00405521 0.0050647 0.00602623 0.00691692 0.00772489 0.00844611 0.00908185 0.0096367
# maturity
 0.0229774 0.320821 0.904651 0.99478 0.999739 0.999987 0.999999 1 1 1 1 1
# spawnmo
1
# age_err
 1 0 0 0 0 0 0 0 0 0 0 0
 0 1 0 0 0 0 0 0 0 0 0 0
 0 0 1 0 0 0 0 0 0 0 0 0
 0 0 0 1 0 0 0 0 0 0 0 0
 0 0 0 0 1 0 0 0 0 0 0 0
 0 0 0 0 0 1 0 0 0 0 0 0
 0 0 0 0 0 0 1 0 0 0 0 0
 0 0 0 0 0 0 0 1 0 0 0 0
 0 0 0 0 0 0 0 0 1 0 0 0
 0 0 0 0 0 0 0 0 0 1 0 0
 0 0 0 0 0 0 0 0 0 0 1 0
 0 0 0 0 0 0 0 0 0 0 0 1
# cntrlfile_name
C:\Users\bai.li\DOCUME~1\Github\AGE_ST~1\ASSAMC\example\output\AMAK\s109\amak.dat
# Map shared selectivity: 
# sel_map
 1 2
 1 1
# datafile_name
amak_data.dat
# model_name
AMAK_MCP
# SrType
2
# use_age_err
0
# retro
0
# sigmarprior
0.2
# cvsigmarprior
0.25
# phase_sigmar
-3
# styr_rec_est
1
# endyr_rec_est
30
# Linfprior
80
# cvLinfprior
0.25
# kprior
0.18
# cvkprior
0.25
# Loprior
27.688
# cvLoprior
0.25
# sdageprior
0.1
# cvsdageprior
0.25
# natmortprior
0.2
# cvnatmortprior
0.25
# phase_M
-4
# npars_Mage
0
# ages_M_changes

# Mage_in

# Mage_offset_in

# phase_Mage
-5
# phase_rw_M
0
# npars_rw_M
0
# yrs_rw_M

# sigma_rw_M

# qprior
 3.48998e-007
# cvqprior
 1
# phase_q
 1
# q_power_prior
 1
# cvq_power_prior
 0.2
# phase_q_power
 -4
# phase_rw_q
 -1
# npars_rw_q
 0
# yrs_rw_q

# sigma_rw_q

# q_age_min
 1
# q_age_max
 12
# q_age_min
 1
# q_age_max
 12
# fsh_sel_opt(k)
2
# phase_sel_fsh(k)
2
# n_sel_ch_fsh(k)
1
# sel_slp_in_fsh(k)(1,n_sel_ch_fsh(k))
 1
# sel_inf_in_fsh(k)(1,n_sel_ch_fsh(k))
 2
# logsel_slp_in_fsh(k)(1,n_sel_ch_fsh(k))
 0
# yrs_sel_ch_fsh(k)(1,n_sel_ch_fsh(k))
 1

Survey SURVEY1
# ind_sel_opt(k)
2
# indname(k)
SURVEY1
# nselages_in_ind(k)
11
# phase_sel_ind(k)
2
# sel_change_in_ind(k)
 1 0 0 0 0 0 0 0 0 0 0 0 0 0 0 0 0 0 0 0 0 0 0 0 0 0 0 0 0 0
# n_sel_ch_ind(k)
1
# yrs_sel_ch_ind(k)(1,n_sel_ch_ind(k))
 1
# sel_slp_in_ind(k,1)
2
# sel_inf_in_ind(k,1)
1.5
# logsel_slp_in_ind(k,1)
0.693147
# logsel_slp_in_indv(k)
0.693147
SURVEY1 ind sel opt 2  1 0 0 0 0 0 0 0 0 0 0 0 0 0 0 0 0 0 0 0 0 0 0 0 0 0 0 0 0 0
Phase indices Sel_Coffs:  -1
 Test: 1.23457e+008
# Fshry Selages:  11
# Srvy  Selages:  11
# Phase for age-spec fishery  -1
# Phase for logistic fishery  2
# Phase for dble logistic fishery  -1
# Phase for age-spec indices   -1
# Phase for logistic indices   2
# Phase for dble logistic ind  -1
# Curv_pen_fsh: 
 0
# Curv_pen_ind: 
 0
# styr_fut
31
# endyr_fut
35
# nyrs_fsh_age
 30
# nyrs_fsh_age
 30
# yrs_fsh_age
 1 2 3 4 5 6 7 8 9 10 11 12 13 14 15 16 17 18 19 20 21 22 23 24 25 26 27 28 29 30
# n_sample_fsh_age
 200 200 200 200 200 200 200 200 200 200 200 200 200 200 200 200 200 200 200 200 200 200 200 200 200 200 200 200 200 200
# oac_fsh
 0.08 0.075 0.125 0.12 0.09 0.085 0.06 0.105 0.055 0.04 0.025 0.14
 0.065 0.11 0.135 0.1 0.12 0.095 0.09 0.06 0.045 0.055 0.015 0.11
 0.085 0.1 0.135 0.08 0.13 0.095 0.065 0.05 0.045 0.025 0.04 0.15
 0.085 0.1 0.125 0.13 0.12 0.095 0.075 0.04 0.025 0.035 0.02 0.15
 0.085 0.11 0.105 0.115 0.1 0.085 0.095 0.03 0.045 0.02 0.05 0.16
 0.035 0.115 0.155 0.115 0.09 0.085 0.11 0.06 0.05 0.03 0.035 0.12
 0.07 0.095 0.14 0.12 0.075 0.1 0.115 0.035 0.055 0.04 0.02 0.135
 0.105 0.07 0.11 0.115 0.13 0.06 0.105 0.035 0.05 0.04 0.04 0.14
 0.085 0.135 0.11 0.105 0.115 0.08 0.055 0.04 0.045 0.065 0.05 0.115
 0.13 0.135 0.145 0.12 0.075 0.1 0.075 0.03 0.04 0.005 0.02 0.125
 0.105 0.15 0.125 0.19 0.07 0.04 0.055 0.06 0.04 0.035 0.025 0.105
 0.12 0.115 0.185 0.165 0.105 0.045 0.055 0.065 0.01 0.03 0.02 0.085
 0.13 0.115 0.18 0.145 0.125 0.08 0.04 0.035 0.03 0.025 0.025 0.07
 0.125 0.175 0.13 0.155 0.145 0.085 0.04 0.015 0.015 0.015 0.01 0.09
 0.18 0.15 0.155 0.175 0.06 0.075 0.04 0.045 0.01 0.025 0.015 0.07
 0.135 0.165 0.13 0.165 0.115 0.08 0.035 0.04 0.015 0.005 0.035 0.08
 0.09 0.195 0.195 0.115 0.115 0.07 0.07 0.055 0.035 0.005 0.015 0.04
 0.1 0.17 0.185 0.165 0.055 0.09 0.065 0.025 0.035 0.04 0.01 0.06
 0.135 0.175 0.19 0.12 0.11 0.065 0.06 0.05 0.035 0.025 0.005 0.03
 0.135 0.195 0.19 0.095 0.19 0.055 0.05 0.025 0.015 0.025 0 0.025
 0.1 0.15 0.18 0.22 0.085 0.08 0.09 0.03 0.005 0.02 0.01 0.03
 0.14 0.115 0.21 0.14 0.14 0.095 0.06 0.035 0.015 0.01 0.01 0.03
 0.16 0.195 0.135 0.155 0.075 0.08 0.06 0.06 0.025 0.02 0.01 0.025
 0.165 0.24 0.2 0.14 0.1 0.075 0.02 0.01 0.015 0.005 0.01 0.02
 0.145 0.175 0.29 0.145 0.06 0.065 0.045 0.015 0.01 0 0.035 0.015
 0.07 0.185 0.195 0.285 0.11 0.045 0.035 0.03 0.02 0.005 0.01 0.01
 0.155 0.135 0.215 0.175 0.12 0.065 0.045 0.035 0.01 0.02 0.01 0.015
 0.185 0.23 0.155 0.175 0.115 0.06 0.03 0.01 0 0.02 0.01 0.01
 0.16 0.225 0.235 0.12 0.125 0.045 0.045 0.02 0 0.015 0.005 0.005
 0.165 0.17 0.23 0.185 0.08 0.06 0.04 0.035 0.02 0.01 0 0.005
# olc_fsh

# wt_fsh
 0.000530656 0.00119633 0.00205827 0.00303499 0.00405521 0.0050647 0.00602623 0.00691692 0.00772489 0.00844611 0.00908185 0.0096367
 0.000530656 0.00119633 0.00205827 0.00303499 0.00405521 0.0050647 0.00602623 0.00691692 0.00772489 0.00844611 0.00908185 0.0096367
 0.000530656 0.00119633 0.00205827 0.00303499 0.00405521 0.0050647 0.00602623 0.00691692 0.00772489 0.00844611 0.00908185 0.0096367
 0.000530656 0.00119633 0.00205827 0.00303499 0.00405521 0.0050647 0.00602623 0.00691692 0.00772489 0.00844611 0.00908185 0.0096367
 0.000530656 0.00119633 0.00205827 0.00303499 0.00405521 0.0050647 0.00602623 0.00691692 0.00772489 0.00844611 0.00908185 0.0096367
 0.000530656 0.00119633 0.00205827 0.00303499 0.00405521 0.0050647 0.00602623 0.00691692 0.00772489 0.00844611 0.00908185 0.0096367
 0.000530656 0.00119633 0.00205827 0.00303499 0.00405521 0.0050647 0.00602623 0.00691692 0.00772489 0.00844611 0.00908185 0.0096367
 0.000530656 0.00119633 0.00205827 0.00303499 0.00405521 0.0050647 0.00602623 0.00691692 0.00772489 0.00844611 0.00908185 0.0096367
 0.000530656 0.00119633 0.00205827 0.00303499 0.00405521 0.0050647 0.00602623 0.00691692 0.00772489 0.00844611 0.00908185 0.0096367
 0.000530656 0.00119633 0.00205827 0.00303499 0.00405521 0.0050647 0.00602623 0.00691692 0.00772489 0.00844611 0.00908185 0.0096367
 0.000530656 0.00119633 0.00205827 0.00303499 0.00405521 0.0050647 0.00602623 0.00691692 0.00772489 0.00844611 0.00908185 0.0096367
 0.000530656 0.00119633 0.00205827 0.00303499 0.00405521 0.0050647 0.00602623 0.00691692 0.00772489 0.00844611 0.00908185 0.0096367
 0.000530656 0.00119633 0.00205827 0.00303499 0.00405521 0.0050647 0.00602623 0.00691692 0.00772489 0.00844611 0.00908185 0.0096367
 0.000530656 0.00119633 0.00205827 0.00303499 0.00405521 0.0050647 0.00602623 0.00691692 0.00772489 0.00844611 0.00908185 0.0096367
 0.000530656 0.00119633 0.00205827 0.00303499 0.00405521 0.0050647 0.00602623 0.00691692 0.00772489 0.00844611 0.00908185 0.0096367
 0.000530656 0.00119633 0.00205827 0.00303499 0.00405521 0.0050647 0.00602623 0.00691692 0.00772489 0.00844611 0.00908185 0.0096367
 0.000530656 0.00119633 0.00205827 0.00303499 0.00405521 0.0050647 0.00602623 0.00691692 0.00772489 0.00844611 0.00908185 0.0096367
 0.000530656 0.00119633 0.00205827 0.00303499 0.00405521 0.0050647 0.00602623 0.00691692 0.00772489 0.00844611 0.00908185 0.0096367
 0.000530656 0.00119633 0.00205827 0.00303499 0.00405521 0.0050647 0.00602623 0.00691692 0.00772489 0.00844611 0.00908185 0.0096367
 0.000530656 0.00119633 0.00205827 0.00303499 0.00405521 0.0050647 0.00602623 0.00691692 0.00772489 0.00844611 0.00908185 0.0096367
 0.000530656 0.00119633 0.00205827 0.00303499 0.00405521 0.0050647 0.00602623 0.00691692 0.00772489 0.00844611 0.00908185 0.0096367
 0.000530656 0.00119633 0.00205827 0.00303499 0.00405521 0.0050647 0.00602623 0.00691692 0.00772489 0.00844611 0.00908185 0.0096367
 0.000530656 0.00119633 0.00205827 0.00303499 0.00405521 0.0050647 0.00602623 0.00691692 0.00772489 0.00844611 0.00908185 0.0096367
 0.000530656 0.00119633 0.00205827 0.00303499 0.00405521 0.0050647 0.00602623 0.00691692 0.00772489 0.00844611 0.00908185 0.0096367
 0.000530656 0.00119633 0.00205827 0.00303499 0.00405521 0.0050647 0.00602623 0.00691692 0.00772489 0.00844611 0.00908185 0.0096367
 0.000530656 0.00119633 0.00205827 0.00303499 0.00405521 0.0050647 0.00602623 0.00691692 0.00772489 0.00844611 0.00908185 0.0096367
 0.000530656 0.00119633 0.00205827 0.00303499 0.00405521 0.0050647 0.00602623 0.00691692 0.00772489 0.00844611 0.00908185 0.0096367
 0.000530656 0.00119633 0.00205827 0.00303499 0.00405521 0.0050647 0.00602623 0.00691692 0.00772489 0.00844611 0.00908185 0.0096367
 0.000530656 0.00119633 0.00205827 0.00303499 0.00405521 0.0050647 0.00602623 0.00691692 0.00772489 0.00844611 0.00908185 0.0096367
 0.000530656 0.00119633 0.00205827 0.00303499 0.00405521 0.0050647 0.00602623 0.00691692 0.00772489 0.00844611 0.00908185 0.0096367
# nyrs_ind_age
 30
# yrs_ind_age
 1 2 3 4 5 6 7 8 9 10 11 12 13 14 15 16 17 18 19 20 21 22 23 24 25 26 27 28 29 30
# n_sample_ind_age
 200 200 200 200 200 200 200 200 200 200 200 200 200 200 200 200 200 200 200 200 200 200 200 200 200 200 200 200 200 200
# oac_ind
 0.04 0.155 0.145 0.13 0.115 0.075 0.085 0.04 0.015 0.03 0.05 0.12
 0.055 0.11 0.155 0.11 0.11 0.07 0.08 0.045 0.045 0.02 0.045 0.155
 0.035 0.145 0.195 0.115 0.07 0.09 0.055 0.045 0.02 0.055 0.045 0.13
 0.025 0.105 0.185 0.1 0.155 0.08 0.06 0.085 0.025 0.04 0.025 0.115
 0.07 0.145 0.115 0.09 0.145 0.105 0.075 0.04 0.025 0.035 0.025 0.13
 0.045 0.14 0.175 0.13 0.135 0.085 0.055 0.035 0.035 0.025 0.035 0.105
 0.055 0.105 0.165 0.205 0.095 0.085 0.06 0.05 0.07 0.03 0.02 0.06
 0.07 0.14 0.165 0.14 0.11 0.085 0.055 0.035 0.035 0.045 0.015 0.105
 0.055 0.2 0.14 0.125 0.125 0.1 0.05 0.045 0.04 0.015 0.005 0.1
 0.09 0.19 0.195 0.11 0.07 0.105 0.035 0.035 0.03 0.035 0.02 0.085
 0.03 0.185 0.195 0.165 0.105 0.07 0.075 0.025 0.035 0.015 0.025 0.075
 0.085 0.16 0.215 0.13 0.13 0.06 0.04 0.04 0.03 0.035 0.005 0.07
 0.095 0.2 0.205 0.165 0.09 0.09 0.015 0.015 0.04 0.025 0.01 0.05
 0.09 0.17 0.185 0.145 0.1 0.075 0.07 0.035 0.02 0.025 0.02 0.065
 0.12 0.17 0.16 0.135 0.095 0.105 0.04 0.04 0.07 0.01 0.015 0.04
 0.095 0.225 0.165 0.135 0.105 0.045 0.08 0.03 0.04 0.015 0.005 0.06
 0.06 0.24 0.23 0.12 0.11 0.075 0.06 0.02 0.035 0.02 0.005 0.025
 0.105 0.18 0.175 0.155 0.075 0.095 0.06 0.03 0.055 0.03 0.01 0.03
 0.1 0.23 0.15 0.145 0.155 0.065 0.035 0.04 0.025 0.02 0.005 0.03
 0.08 0.185 0.22 0.14 0.11 0.055 0.075 0.03 0.02 0.04 0.03 0.015
 0.115 0.23 0.18 0.165 0.11 0.045 0.07 0.03 0.02 0 0.005 0.03
 0.14 0.135 0.24 0.115 0.135 0.09 0.055 0.015 0.015 0.01 0.015 0.035
 0.14 0.195 0.175 0.21 0.055 0.09 0.015 0.055 0.035 0.02 0 0.01
 0.1 0.315 0.22 0.105 0.08 0.05 0.025 0.025 0.025 0.015 0.01 0.03
 0.12 0.21 0.34 0.13 0.055 0.075 0.015 0.025 0 0.015 0.01 0.005
 0.06 0.265 0.19 0.195 0.13 0.06 0.045 0.015 0.02 0.01 0.005 0.005
 0.12 0.175 0.27 0.11 0.13 0.09 0.015 0.03 0.015 0.03 0.005 0.01
 0.165 0.315 0.15 0.15 0.11 0.065 0.03 0.01 0 0 0 0.005
 0.125 0.23 0.305 0.095 0.095 0.06 0.055 0.01 0.005 0.005 0 0.015
 0.11 0.24 0.255 0.165 0.055 0.075 0.045 0.01 0.025 0.005 0.01 0.005
# olc_ind

# obs_lse_ind
 0.198042 0.198042 0.198042 0.198042 0.198042 0.198042 0.198042 0.198042 0.198042 0.198042 0.198042 0.198042 0.198042 0.198042 0.198042 0.198042 0.198042 0.198042 0.198042 0.198042 0.198042 0.198042 0.198042 0.198042 0.198042 0.198042 0.198042 0.198042 0.198042 0.198042
# xages_fsh
 0 0 0 0 0 0 0 0 0 0 0 0
# xages_fsh
 0 0.0909091 0.181818 0.272727 0.363636 0.454545 0.545455 0.636364 0.727273 0.818182 0.909091 1
# xnodes_fsh

Yrs fsh_sel change:  1 0 0 0 0 0 0 0 0 0 0 0 0 0 0 0 0 0 0 0 0 0 0 0 0 0 0 0 0
Yrs ind_sel change:  1 0 0 0 0 0 0 0 0 0 0 0 0 0 0 0 0 0 0 0 0 0 0 0 0 0 0 0 0
# steepnessprior
0.75
# sigmarprior
0.2
#  SSB estimated in styr endyr: -13 28 
#  Rec estimated in styr endyr: -11 30 
#  SR Curve fit  in styr endyr: 1 30 
#             Model styr endyr: 1 30 
# qprior
 3.48998e-007
# q_power_prior 
 1 
# cv_catchbiomass 
0.05 
# CatchbiomassPen 
200 
# Number of projection years 
5 
# offset_fsh
 13444.9
# offset_ind
 13120.4
Mean Catch
1243.95
R_guess 
15.3862
# nfsh
1
# n_sel_ch_fsh
 1
# nselages_fsh
 11
# phase_selcoff_fsh
 -1
logRzero 15.3862
logmeanrec 15.3862
exp(log_sigmarprior 0.2
Fish sel phase: -1 FLEET1
Fixing fishery sel to
1
Srvy sel phase: -1
Fixing SURVEY1 indices sel to
1
# logsel_slp_in_indv
 0.693147
Leaving parameter init secton
# M
 0.2 0.2 0.2 0.2 0.2 0.2 0.2 0.2 0.2 0.2 0.2 0.2
 0.2 0.2 0.2 0.2 0.2 0.2 0.2 0.2 0.2 0.2 0.2 0.2
 0.2 0.2 0.2 0.2 0.2 0.2 0.2 0.2 0.2 0.2 0.2 0.2
 0.2 0.2 0.2 0.2 0.2 0.2 0.2 0.2 0.2 0.2 0.2 0.2
 0.2 0.2 0.2 0.2 0.2 0.2 0.2 0.2 0.2 0.2 0.2 0.2
 0.2 0.2 0.2 0.2 0.2 0.2 0.2 0.2 0.2 0.2 0.2 0.2
 0.2 0.2 0.2 0.2 0.2 0.2 0.2 0.2 0.2 0.2 0.2 0.2
 0.2 0.2 0.2 0.2 0.2 0.2 0.2 0.2 0.2 0.2 0.2 0.2
 0.2 0.2 0.2 0.2 0.2 0.2 0.2 0.2 0.2 0.2 0.2 0.2
 0.2 0.2 0.2 0.2 0.2 0.2 0.2 0.2 0.2 0.2 0.2 0.2
 0.2 0.2 0.2 0.2 0.2 0.2 0.2 0.2 0.2 0.2 0.2 0.2
 0.2 0.2 0.2 0.2 0.2 0.2 0.2 0.2 0.2 0.2 0.2 0.2
 0.2 0.2 0.2 0.2 0.2 0.2 0.2 0.2 0.2 0.2 0.2 0.2
 0.2 0.2 0.2 0.2 0.2 0.2 0.2 0.2 0.2 0.2 0.2 0.2
 0.2 0.2 0.2 0.2 0.2 0.2 0.2 0.2 0.2 0.2 0.2 0.2
 0.2 0.2 0.2 0.2 0.2 0.2 0.2 0.2 0.2 0.2 0.2 0.2
 0.2 0.2 0.2 0.2 0.2 0.2 0.2 0.2 0.2 0.2 0.2 0.2
 0.2 0.2 0.2 0.2 0.2 0.2 0.2 0.2 0.2 0.2 0.2 0.2
 0.2 0.2 0.2 0.2 0.2 0.2 0.2 0.2 0.2 0.2 0.2 0.2
 0.2 0.2 0.2 0.2 0.2 0.2 0.2 0.2 0.2 0.2 0.2 0.2
 0.2 0.2 0.2 0.2 0.2 0.2 0.2 0.2 0.2 0.2 0.2 0.2
 0.2 0.2 0.2 0.2 0.2 0.2 0.2 0.2 0.2 0.2 0.2 0.2
 0.2 0.2 0.2 0.2 0.2 0.2 0.2 0.2 0.2 0.2 0.2 0.2
 0.2 0.2 0.2 0.2 0.2 0.2 0.2 0.2 0.2 0.2 0.2 0.2
 0.2 0.2 0.2 0.2 0.2 0.2 0.2 0.2 0.2 0.2 0.2 0.2
 0.2 0.2 0.2 0.2 0.2 0.2 0.2 0.2 0.2 0.2 0.2 0.2
 0.2 0.2 0.2 0.2 0.2 0.2 0.2 0.2 0.2 0.2 0.2 0.2
 0.2 0.2 0.2 0.2 0.2 0.2 0.2 0.2 0.2 0.2 0.2 0.2
 0.2 0.2 0.2 0.2 0.2 0.2 0.2 0.2 0.2 0.2 0.2 0.2
 0.2 0.2 0.2 0.2 0.2 0.2 0.2 0.2 0.2 0.2 0.2 0.2
# mean_log_rec
13.7426
# log_Rzero
13.7747
# rec_dev
 -0.0571956 -0.0690504 0.029905 -0.046654 -0.0172068 0.0277316 -0.0370174 -0.0570145 -0.0456237 0.0307026 0.0729682 0.0896541 0.0775161 0.0563526 -0.0797652 0.0886761 0.0970793 -0.217547 -0.219756 0.09607 -0.00391048 0.142797 -0.0354475 0.0171072 0.0214544 -0.0806595 0.19157 0.113732 -0.131436 0.0360783 -0.194013 -0.0743953 -0.407622 -0.106377 0.152937 -0.212802 -0.124308 -0.562575 -0.0424452 -0.0972947 -0.271806 -0.259865
# fmort
 0.00954325 0.0278435 0.0460957 0.0617634 0.0494173 0.0896734 0.0916251 0.195555 0.114336 0.139313 0.157078 0.170207 0.121331 0.17535 0.184196 0.165967 0.325178 0.265703 0.259964 0.253468 0.349796 0.252521 0.417607 0.341927 0.342261 0.311535 0.31058 0.432979 0.336743 0.517342
# rec_dev_future
 0 0 0 0 0
