AMAK;Mar 2020
# styr
1
# endyr
30
# rec_age
1
# oldest_age
12
# nlength
81
# len_bins
 10 11 12 13 14 15 16 17 18 19 20 21 22 23 24 25 26 27 28 29 30 31 32 33 34 35 36 37 38 39 40 41 42 43 44 45 46 47 48 49 50 51 52 53 54 55 56 57 58 59 60 61 62 63 64 65 66 67 68 69 70 71 72 73 74 75 76 77 78 79 80 81 82 83 84 85 86 87 88 89 90
# datafile_name
amak_data.dat
# model_name
AMAK_MCP
# styr
1
# endyr
30
# rec_age
1
# oldest_age
12
# nfsh
1
# fshname
FLEET1
# catch_bio_in
 160.814 456.579 732.17 958.786 728.927 1232.56 1164.26 2246.28 1209.67 1387.78 1515.6 1551.51 1102.24 1560.26 1572.2 1342.3 2374.59 1681.15 1513.55 1409.3 1775.71 1177.59 1791.91 1370.82 1311.97 1184.45 1144.74 1537.85 1122.12 1608.33
# catch_bio_sd_in
 0.01 0.01 0.01 0.01 0.01 0.01 0.01 0.01 0.01 0.01 0.01 0.01 0.01 0.01 0.01 0.01 0.01 0.01 0.01 0.01 0.01 0.01 0.01 0.01 0.01 0.01 0.01 0.01 0.01 0.01
# nyrs_fsh_age
 30
# nyrs_fsh_length
 0
# yrs_fsh_age_in
 1 2 3 4 5 6 7 8 9 10 11 12 13 14 15 16 17 18 19 20 21 22 23 24 25 26 27 28 29 30
# yrs_fsh_length_in

# n_sample_fsh_length_in

# olc_fsh_in

# nind
1
# indname
SURVEY1
# nyrs_ind
 30
# yrs_ind_in
 1 2 3 4 5 6 7 8 9 10 11 12 13 14 15 16 17 18 19 20 21 22 23 24 25 26 27 28 29 30
# mo_ind
 1
# obs_ind_in
 1.50156 1.43816 1.31325 1.21488 1.31035 1.33729 1.07375 1.02413 1.24511 1.176 1.25837 1.19655 1.22796 0.975884 0.992808 0.941123 0.928073 0.836775 0.730201 0.829509 0.673119 0.854781 0.705759 0.804851 0.685093 0.560807 0.648287 0.661348 0.61605 0.542721
# obs_se_ind_in
 0.300312 0.287632 0.262649 0.242976 0.262071 0.267457 0.21475 0.204826 0.249021 0.2352 0.251674 0.23931 0.245592 0.195177 0.198562 0.188225 0.185615 0.167355 0.14604 0.165902 0.134624 0.170956 0.141152 0.16097 0.137019 0.112161 0.129657 0.13227 0.12321 0.108544
# nyrs_ind_age
 30
# nyrs_ind_length
 0
# yrs_ind_age_in
 1 2 3 4 5 6 7 8 9 10 11 12 13 14 15 16 17 18 19 20 21 22 23 24 25 26 27 28 29 30
# yrs_ind_length_in

# yrs_ind_age_in
 1 2 3 4 5 6 7 8 9 10 11 12 13 14 15 16 17 18 19 20 21 22 23 24 25 26 27 28 29 30
# n_sample_ind_length_in

# olc_ind_in

# oac_ind_in
 0.06 0.14 0.14 0.115 0.095 0.11 0.075 0.065 0.03 0.03 0.005 0.135
 0.035 0.17 0.175 0.145 0.095 0.07 0.065 0.035 0.035 0.02 0.05 0.105
 0.055 0.09 0.145 0.135 0.095 0.085 0.08 0.075 0.04 0.025 0.015 0.16
 0.075 0.12 0.12 0.11 0.11 0.105 0.045 0.025 0.07 0.045 0.04 0.135
 0.055 0.12 0.095 0.135 0.09 0.09 0.095 0.06 0.07 0.05 0.02 0.12
 0.03 0.155 0.185 0.105 0.08 0.065 0.09 0.035 0.065 0.04 0.055 0.095
 0.055 0.125 0.12 0.16 0.1 0.085 0.065 0.07 0.045 0.025 0.05 0.1
 0.06 0.26 0.145 0.14 0.11 0.07 0.045 0.045 0.03 0.02 0.005 0.07
 0.12 0.22 0.145 0.09 0.1 0.055 0.025 0.045 0.065 0.02 0.045 0.07
 0.065 0.2 0.135 0.165 0.075 0.075 0.08 0.05 0.035 0.025 0.005 0.09
 0.05 0.13 0.275 0.145 0.12 0.07 0.035 0.07 0.025 0.005 0 0.075
 0.055 0.195 0.15 0.185 0.125 0.085 0.055 0.025 0.025 0.02 0.01 0.07
 0.07 0.165 0.265 0.085 0.15 0.065 0.06 0.025 0.03 0.02 0.015 0.05
 0.125 0.14 0.145 0.225 0.07 0.095 0.08 0.05 0.025 0.01 0.01 0.025
 0.085 0.225 0.165 0.11 0.125 0.065 0.075 0.06 0.025 0.01 0.025 0.03
 0.1 0.18 0.205 0.115 0.115 0.06 0.06 0.035 0.035 0.03 0.005 0.06
 0.115 0.18 0.17 0.17 0.1 0.06 0.055 0.035 0.045 0.015 0.02 0.035
 0.11 0.2 0.19 0.13 0.115 0.075 0.04 0.035 0.01 0.035 0.02 0.04
 0.115 0.245 0.165 0.135 0.08 0.07 0.06 0.025 0.04 0.015 0.025 0.025
 0.155 0.165 0.22 0.125 0.105 0.065 0.05 0.01 0.035 0.03 0.015 0.025
 0.09 0.235 0.205 0.175 0.07 0.06 0.04 0.05 0.025 0.005 0.015 0.03
 0.11 0.23 0.245 0.19 0.125 0.035 0.02 0 0.015 0.01 0 0.02
 0.155 0.265 0.19 0.165 0.075 0.07 0.025 0.02 0.01 0.005 0.01 0.01
 0.115 0.295 0.205 0.155 0.065 0.07 0.035 0.02 0.005 0.02 0.005 0.01
 0.13 0.22 0.255 0.195 0.045 0.06 0.04 0.02 0.02 0.005 0 0.01
 0.145 0.225 0.2 0.185 0.16 0.035 0.01 0.02 0 0.005 0.005 0.01
 0.105 0.26 0.215 0.14 0.1 0.07 0.03 0.03 0.025 0.015 0 0.01
 0.14 0.235 0.23 0.19 0.05 0.095 0.03 0.01 0.005 0 0.005 0.01
 0.14 0.335 0.21 0.12 0.07 0.05 0.03 0.01 0.005 0.005 0.005 0.02
 0.105 0.26 0.245 0.2 0.08 0.07 0.025 0.01 0.005 0 0 0
# wt_ind
 1 1 1 1 1 1 1 1 1 1 1 1
 1 1 1 1 1 1 1 1 1 1 1 1
 1 1 1 1 1 1 1 1 1 1 1 1
 1 1 1 1 1 1 1 1 1 1 1 1
 1 1 1 1 1 1 1 1 1 1 1 1
 1 1 1 1 1 1 1 1 1 1 1 1
 1 1 1 1 1 1 1 1 1 1 1 1
 1 1 1 1 1 1 1 1 1 1 1 1
 1 1 1 1 1 1 1 1 1 1 1 1
 1 1 1 1 1 1 1 1 1 1 1 1
 1 1 1 1 1 1 1 1 1 1 1 1
 1 1 1 1 1 1 1 1 1 1 1 1
 1 1 1 1 1 1 1 1 1 1 1 1
 1 1 1 1 1 1 1 1 1 1 1 1
 1 1 1 1 1 1 1 1 1 1 1 1
 1 1 1 1 1 1 1 1 1 1 1 1
 1 1 1 1 1 1 1 1 1 1 1 1
 1 1 1 1 1 1 1 1 1 1 1 1
 1 1 1 1 1 1 1 1 1 1 1 1
 1 1 1 1 1 1 1 1 1 1 1 1
 1 1 1 1 1 1 1 1 1 1 1 1
 1 1 1 1 1 1 1 1 1 1 1 1
 1 1 1 1 1 1 1 1 1 1 1 1
 1 1 1 1 1 1 1 1 1 1 1 1
 1 1 1 1 1 1 1 1 1 1 1 1
 1 1 1 1 1 1 1 1 1 1 1 1
 1 1 1 1 1 1 1 1 1 1 1 1
 1 1 1 1 1 1 1 1 1 1 1 1
 1 1 1 1 1 1 1 1 1 1 1 1
 1 1 1 1 1 1 1 1 1 1 1 1
# wt_pop
 0.000530656 0.00119633 0.00205827 0.00303499 0.00405521 0.0050647 0.00602623 0.00691692 0.00772489 0.00844611 0.00908185 0.0096367
# maturity
 0.0229774 0.320821 0.904651 0.99478 0.999739 0.999987 0.999999 1 1 1 1 1
# spawnmo
1
# age_err
 1 0 0 0 0 0 0 0 0 0 0 0
 0 1 0 0 0 0 0 0 0 0 0 0
 0 0 1 0 0 0 0 0 0 0 0 0
 0 0 0 1 0 0 0 0 0 0 0 0
 0 0 0 0 1 0 0 0 0 0 0 0
 0 0 0 0 0 1 0 0 0 0 0 0
 0 0 0 0 0 0 1 0 0 0 0 0
 0 0 0 0 0 0 0 1 0 0 0 0
 0 0 0 0 0 0 0 0 1 0 0 0
 0 0 0 0 0 0 0 0 0 1 0 0
 0 0 0 0 0 0 0 0 0 0 1 0
 0 0 0 0 0 0 0 0 0 0 0 1
# cntrlfile_name
C:\Users\bai.li\DOCUME~1\Github\AGE_ST~1\ASSAMC\example\output\AMAK\s146\amak.dat
# Map shared selectivity: 
# sel_map
 1 2
 1 1
# datafile_name
amak_data.dat
# model_name
AMAK_MCP
# SrType
2
# use_age_err
0
# retro
0
# sigmarprior
0.2
# cvsigmarprior
0.25
# phase_sigmar
-3
# styr_rec_est
1
# endyr_rec_est
30
# Linfprior
80
# cvLinfprior
0.25
# kprior
0.18
# cvkprior
0.25
# Loprior
27.688
# cvLoprior
0.25
# sdageprior
0.1
# cvsdageprior
0.25
# natmortprior
0.2
# cvnatmortprior
0.25
# phase_M
-4
# npars_Mage
0
# ages_M_changes

# Mage_in

# Mage_offset_in

# phase_Mage
-5
# phase_rw_M
0
# npars_rw_M
0
# yrs_rw_M

# sigma_rw_M

# qprior
 3.48998e-007
# cvqprior
 1
# phase_q
 1
# q_power_prior
 1
# cvq_power_prior
 0.2
# phase_q_power
 -4
# phase_rw_q
 -1
# npars_rw_q
 0
# yrs_rw_q

# sigma_rw_q

# q_age_min
 1
# q_age_max
 12
# q_age_min
 1
# q_age_max
 12
# fsh_sel_opt(k)
2
# phase_sel_fsh(k)
2
# n_sel_ch_fsh(k)
1
# sel_slp_in_fsh(k)(1,n_sel_ch_fsh(k))
 1
# sel_inf_in_fsh(k)(1,n_sel_ch_fsh(k))
 2
# logsel_slp_in_fsh(k)(1,n_sel_ch_fsh(k))
 0
# yrs_sel_ch_fsh(k)(1,n_sel_ch_fsh(k))
 1

Survey SURVEY1
# ind_sel_opt(k)
2
# indname(k)
SURVEY1
# nselages_in_ind(k)
11
# phase_sel_ind(k)
2
# sel_change_in_ind(k)
 1 0 0 0 0 0 0 0 0 0 0 0 0 0 0 0 0 0 0 0 0 0 0 0 0 0 0 0 0 0
# n_sel_ch_ind(k)
1
# yrs_sel_ch_ind(k)(1,n_sel_ch_ind(k))
 1
# sel_slp_in_ind(k,1)
2
# sel_inf_in_ind(k,1)
1.5
# logsel_slp_in_ind(k,1)
0.693147
# logsel_slp_in_indv(k)
0.693147
SURVEY1 ind sel opt 2  1 0 0 0 0 0 0 0 0 0 0 0 0 0 0 0 0 0 0 0 0 0 0 0 0 0 0 0 0 0
Phase indices Sel_Coffs:  -1
 Test: 1.23457e+008
# Fshry Selages:  11
# Srvy  Selages:  11
# Phase for age-spec fishery  -1
# Phase for logistic fishery  2
# Phase for dble logistic fishery  -1
# Phase for age-spec indices   -1
# Phase for logistic indices   2
# Phase for dble logistic ind  -1
# Curv_pen_fsh: 
 0
# Curv_pen_ind: 
 0
# styr_fut
31
# endyr_fut
35
# nyrs_fsh_age
 30
# nyrs_fsh_age
 30
# yrs_fsh_age
 1 2 3 4 5 6 7 8 9 10 11 12 13 14 15 16 17 18 19 20 21 22 23 24 25 26 27 28 29 30
# n_sample_fsh_age
 200 200 200 200 200 200 200 200 200 200 200 200 200 200 200 200 200 200 200 200 200 200 200 200 200 200 200 200 200 200
# oac_fsh
 0.08 0.085 0.125 0.105 0.12 0.085 0.08 0.055 0.05 0.04 0.035 0.14
 0.07 0.125 0.085 0.14 0.11 0.11 0.05 0.045 0.04 0.05 0.04 0.135
 0.035 0.085 0.165 0.125 0.15 0.095 0.055 0.1 0.025 0.03 0.035 0.1
 0.085 0.08 0.135 0.12 0.135 0.09 0.06 0.045 0.04 0.035 0.04 0.135
 0.065 0.14 0.115 0.085 0.07 0.095 0.09 0.07 0.055 0.025 0.055 0.135
 0.07 0.125 0.14 0.095 0.105 0.065 0.085 0.06 0.04 0.035 0.03 0.15
 0.06 0.115 0.125 0.115 0.095 0.1 0.07 0.085 0.045 0.01 0.01 0.17
 0.105 0.16 0.145 0.145 0.11 0.04 0.03 0.035 0.045 0.05 0.03 0.105
 0.14 0.145 0.175 0.045 0.09 0.045 0.04 0.055 0.095 0.01 0.045 0.115
 0.09 0.14 0.17 0.16 0.105 0.08 0.07 0.025 0.025 0.035 0.03 0.07
 0.125 0.115 0.18 0.145 0.135 0.035 0.045 0.06 0.035 0.005 0.035 0.085
 0.085 0.22 0.125 0.165 0.1 0.09 0.035 0.045 0.015 0.015 0.015 0.09
 0.1 0.145 0.17 0.115 0.145 0.12 0.07 0.02 0.035 0.015 0.01 0.055
 0.115 0.15 0.16 0.165 0.09 0.09 0.055 0.055 0.03 0.025 0.01 0.055
 0.1 0.18 0.175 0.105 0.135 0.085 0.04 0.04 0.055 0.02 0.02 0.045
 0.085 0.155 0.175 0.165 0.115 0.105 0.04 0.06 0.03 0.02 0.01 0.04
 0.1 0.13 0.16 0.145 0.14 0.07 0.075 0.05 0.04 0.025 0.015 0.05
 0.175 0.18 0.17 0.11 0.12 0.075 0.045 0.02 0.015 0.02 0.005 0.065
 0.095 0.18 0.105 0.12 0.095 0.14 0.075 0.035 0.075 0.025 0.025 0.03
 0.105 0.22 0.2 0.14 0.05 0.075 0.06 0.04 0.02 0.04 0.005 0.045
 0.11 0.19 0.145 0.16 0.095 0.075 0.07 0.05 0.06 0.01 0.01 0.025
 0.19 0.13 0.2 0.115 0.1 0.08 0.04 0.035 0.045 0.01 0.015 0.04
 0.215 0.245 0.15 0.09 0.1 0.085 0.05 0.015 0.02 0.015 0.005 0.01
 0.12 0.275 0.255 0.105 0.095 0.06 0.035 0.02 0.005 0.015 0.01 0.005
 0.21 0.15 0.235 0.19 0.06 0.06 0.04 0.035 0 0 0.005 0.015
 0.17 0.245 0.16 0.125 0.135 0.08 0.03 0.015 0.015 0.01 0.01 0.005
 0.175 0.255 0.15 0.13 0.11 0.06 0.02 0.015 0.03 0.025 0.015 0.015
 0.14 0.195 0.27 0.16 0.08 0.065 0.05 0.015 0.005 0.005 0.005 0.01
 0.14 0.26 0.185 0.155 0.1 0.075 0.045 0.01 0.01 0.01 0.005 0.005
 0.105 0.26 0.21 0.15 0.1 0.08 0.035 0.04 0.01 0 0.005 0.005
# olc_fsh

# wt_fsh
 0.000530656 0.00119633 0.00205827 0.00303499 0.00405521 0.0050647 0.00602623 0.00691692 0.00772489 0.00844611 0.00908185 0.0096367
 0.000530656 0.00119633 0.00205827 0.00303499 0.00405521 0.0050647 0.00602623 0.00691692 0.00772489 0.00844611 0.00908185 0.0096367
 0.000530656 0.00119633 0.00205827 0.00303499 0.00405521 0.0050647 0.00602623 0.00691692 0.00772489 0.00844611 0.00908185 0.0096367
 0.000530656 0.00119633 0.00205827 0.00303499 0.00405521 0.0050647 0.00602623 0.00691692 0.00772489 0.00844611 0.00908185 0.0096367
 0.000530656 0.00119633 0.00205827 0.00303499 0.00405521 0.0050647 0.00602623 0.00691692 0.00772489 0.00844611 0.00908185 0.0096367
 0.000530656 0.00119633 0.00205827 0.00303499 0.00405521 0.0050647 0.00602623 0.00691692 0.00772489 0.00844611 0.00908185 0.0096367
 0.000530656 0.00119633 0.00205827 0.00303499 0.00405521 0.0050647 0.00602623 0.00691692 0.00772489 0.00844611 0.00908185 0.0096367
 0.000530656 0.00119633 0.00205827 0.00303499 0.00405521 0.0050647 0.00602623 0.00691692 0.00772489 0.00844611 0.00908185 0.0096367
 0.000530656 0.00119633 0.00205827 0.00303499 0.00405521 0.0050647 0.00602623 0.00691692 0.00772489 0.00844611 0.00908185 0.0096367
 0.000530656 0.00119633 0.00205827 0.00303499 0.00405521 0.0050647 0.00602623 0.00691692 0.00772489 0.00844611 0.00908185 0.0096367
 0.000530656 0.00119633 0.00205827 0.00303499 0.00405521 0.0050647 0.00602623 0.00691692 0.00772489 0.00844611 0.00908185 0.0096367
 0.000530656 0.00119633 0.00205827 0.00303499 0.00405521 0.0050647 0.00602623 0.00691692 0.00772489 0.00844611 0.00908185 0.0096367
 0.000530656 0.00119633 0.00205827 0.00303499 0.00405521 0.0050647 0.00602623 0.00691692 0.00772489 0.00844611 0.00908185 0.0096367
 0.000530656 0.00119633 0.00205827 0.00303499 0.00405521 0.0050647 0.00602623 0.00691692 0.00772489 0.00844611 0.00908185 0.0096367
 0.000530656 0.00119633 0.00205827 0.00303499 0.00405521 0.0050647 0.00602623 0.00691692 0.00772489 0.00844611 0.00908185 0.0096367
 0.000530656 0.00119633 0.00205827 0.00303499 0.00405521 0.0050647 0.00602623 0.00691692 0.00772489 0.00844611 0.00908185 0.0096367
 0.000530656 0.00119633 0.00205827 0.00303499 0.00405521 0.0050647 0.00602623 0.00691692 0.00772489 0.00844611 0.00908185 0.0096367
 0.000530656 0.00119633 0.00205827 0.00303499 0.00405521 0.0050647 0.00602623 0.00691692 0.00772489 0.00844611 0.00908185 0.0096367
 0.000530656 0.00119633 0.00205827 0.00303499 0.00405521 0.0050647 0.00602623 0.00691692 0.00772489 0.00844611 0.00908185 0.0096367
 0.000530656 0.00119633 0.00205827 0.00303499 0.00405521 0.0050647 0.00602623 0.00691692 0.00772489 0.00844611 0.00908185 0.0096367
 0.000530656 0.00119633 0.00205827 0.00303499 0.00405521 0.0050647 0.00602623 0.00691692 0.00772489 0.00844611 0.00908185 0.0096367
 0.000530656 0.00119633 0.00205827 0.00303499 0.00405521 0.0050647 0.00602623 0.00691692 0.00772489 0.00844611 0.00908185 0.0096367
 0.000530656 0.00119633 0.00205827 0.00303499 0.00405521 0.0050647 0.00602623 0.00691692 0.00772489 0.00844611 0.00908185 0.0096367
 0.000530656 0.00119633 0.00205827 0.00303499 0.00405521 0.0050647 0.00602623 0.00691692 0.00772489 0.00844611 0.00908185 0.0096367
 0.000530656 0.00119633 0.00205827 0.00303499 0.00405521 0.0050647 0.00602623 0.00691692 0.00772489 0.00844611 0.00908185 0.0096367
 0.000530656 0.00119633 0.00205827 0.00303499 0.00405521 0.0050647 0.00602623 0.00691692 0.00772489 0.00844611 0.00908185 0.0096367
 0.000530656 0.00119633 0.00205827 0.00303499 0.00405521 0.0050647 0.00602623 0.00691692 0.00772489 0.00844611 0.00908185 0.0096367
 0.000530656 0.00119633 0.00205827 0.00303499 0.00405521 0.0050647 0.00602623 0.00691692 0.00772489 0.00844611 0.00908185 0.0096367
 0.000530656 0.00119633 0.00205827 0.00303499 0.00405521 0.0050647 0.00602623 0.00691692 0.00772489 0.00844611 0.00908185 0.0096367
 0.000530656 0.00119633 0.00205827 0.00303499 0.00405521 0.0050647 0.00602623 0.00691692 0.00772489 0.00844611 0.00908185 0.0096367
# nyrs_ind_age
 30
# yrs_ind_age
 1 2 3 4 5 6 7 8 9 10 11 12 13 14 15 16 17 18 19 20 21 22 23 24 25 26 27 28 29 30
# n_sample_ind_age
 200 200 200 200 200 200 200 200 200 200 200 200 200 200 200 200 200 200 200 200 200 200 200 200 200 200 200 200 200 200
# oac_ind
 0.06 0.14 0.14 0.115 0.095 0.11 0.075 0.065 0.03 0.03 0.005 0.135
 0.035 0.17 0.175 0.145 0.095 0.07 0.065 0.035 0.035 0.02 0.05 0.105
 0.055 0.09 0.145 0.135 0.095 0.085 0.08 0.075 0.04 0.025 0.015 0.16
 0.075 0.12 0.12 0.11 0.11 0.105 0.045 0.025 0.07 0.045 0.04 0.135
 0.055 0.12 0.095 0.135 0.09 0.09 0.095 0.06 0.07 0.05 0.02 0.12
 0.03 0.155 0.185 0.105 0.08 0.065 0.09 0.035 0.065 0.04 0.055 0.095
 0.055 0.125 0.12 0.16 0.1 0.085 0.065 0.07 0.045 0.025 0.05 0.1
 0.06 0.26 0.145 0.14 0.11 0.07 0.045 0.045 0.03 0.02 0.005 0.07
 0.12 0.22 0.145 0.09 0.1 0.055 0.025 0.045 0.065 0.02 0.045 0.07
 0.065 0.2 0.135 0.165 0.075 0.075 0.08 0.05 0.035 0.025 0.005 0.09
 0.05 0.13 0.275 0.145 0.12 0.07 0.035 0.07 0.025 0.005 0 0.075
 0.055 0.195 0.15 0.185 0.125 0.085 0.055 0.025 0.025 0.02 0.01 0.07
 0.07 0.165 0.265 0.085 0.15 0.065 0.06 0.025 0.03 0.02 0.015 0.05
 0.125 0.14 0.145 0.225 0.07 0.095 0.08 0.05 0.025 0.01 0.01 0.025
 0.085 0.225 0.165 0.11 0.125 0.065 0.075 0.06 0.025 0.01 0.025 0.03
 0.1 0.18 0.205 0.115 0.115 0.06 0.06 0.035 0.035 0.03 0.005 0.06
 0.115 0.18 0.17 0.17 0.1 0.06 0.055 0.035 0.045 0.015 0.02 0.035
 0.11 0.2 0.19 0.13 0.115 0.075 0.04 0.035 0.01 0.035 0.02 0.04
 0.115 0.245 0.165 0.135 0.08 0.07 0.06 0.025 0.04 0.015 0.025 0.025
 0.155 0.165 0.22 0.125 0.105 0.065 0.05 0.01 0.035 0.03 0.015 0.025
 0.09 0.235 0.205 0.175 0.07 0.06 0.04 0.05 0.025 0.005 0.015 0.03
 0.11 0.23 0.245 0.19 0.125 0.035 0.02 0 0.015 0.01 0 0.02
 0.155 0.265 0.19 0.165 0.075 0.07 0.025 0.02 0.01 0.005 0.01 0.01
 0.115 0.295 0.205 0.155 0.065 0.07 0.035 0.02 0.005 0.02 0.005 0.01
 0.13 0.22 0.255 0.195 0.045 0.06 0.04 0.02 0.02 0.005 0 0.01
 0.145 0.225 0.2 0.185 0.16 0.035 0.01 0.02 0 0.005 0.005 0.01
 0.105 0.26 0.215 0.14 0.1 0.07 0.03 0.03 0.025 0.015 0 0.01
 0.14 0.235 0.23 0.19 0.05 0.095 0.03 0.01 0.005 0 0.005 0.01
 0.14 0.335 0.21 0.12 0.07 0.05 0.03 0.01 0.005 0.005 0.005 0.02
 0.105 0.26 0.245 0.2 0.08 0.07 0.025 0.01 0.005 0 0 0
# olc_ind

# obs_lse_ind
 0.198042 0.198042 0.198042 0.198042 0.198042 0.198042 0.198042 0.198042 0.198042 0.198042 0.198042 0.198042 0.198042 0.198042 0.198042 0.198042 0.198042 0.198042 0.198042 0.198042 0.198042 0.198042 0.198042 0.198042 0.198042 0.198042 0.198042 0.198042 0.198042 0.198042
# xages_fsh
 0 0 0 0 0 0 0 0 0 0 0 0
# xages_fsh
 0 0.0909091 0.181818 0.272727 0.363636 0.454545 0.545455 0.636364 0.727273 0.818182 0.909091 1
# xnodes_fsh

Yrs fsh_sel change:  1 0 0 0 0 0 0 0 0 0 0 0 0 0 0 0 0 0 0 0 0 0 0 0 0 0 0 0 0
Yrs ind_sel change:  1 0 0 0 0 0 0 0 0 0 0 0 0 0 0 0 0 0 0 0 0 0 0 0 0 0 0 0 0
# steepnessprior
0.75
# sigmarprior
0.2
#  SSB estimated in styr endyr: -13 28 
#  Rec estimated in styr endyr: -11 30 
#  SR Curve fit  in styr endyr: 1 30 
#             Model styr endyr: 1 30 
# qprior
 3.48998e-007
# q_power_prior 
 1 
# cv_catchbiomass 
0.05 
# CatchbiomassPen 
200 
# Number of projection years 
5 
# offset_fsh
 13410.8
# offset_ind
 13024.8
Mean Catch
1330.87
R_guess 
15.4537
# nfsh
1
# n_sel_ch_fsh
 1
# nselages_fsh
 11
# phase_selcoff_fsh
 -1
logRzero 15.4537
logmeanrec 15.4537
exp(log_sigmarprior 0.2
Fish sel phase: -1 FLEET1
Fixing fishery sel to
1
Srvy sel phase: -1
Fixing SURVEY1 indices sel to
1
# logsel_slp_in_indv
 0.693147
Leaving parameter init secton
# M
 0.2 0.2 0.2 0.2 0.2 0.2 0.2 0.2 0.2 0.2 0.2 0.2
 0.2 0.2 0.2 0.2 0.2 0.2 0.2 0.2 0.2 0.2 0.2 0.2
 0.2 0.2 0.2 0.2 0.2 0.2 0.2 0.2 0.2 0.2 0.2 0.2
 0.2 0.2 0.2 0.2 0.2 0.2 0.2 0.2 0.2 0.2 0.2 0.2
 0.2 0.2 0.2 0.2 0.2 0.2 0.2 0.2 0.2 0.2 0.2 0.2
 0.2 0.2 0.2 0.2 0.2 0.2 0.2 0.2 0.2 0.2 0.2 0.2
 0.2 0.2 0.2 0.2 0.2 0.2 0.2 0.2 0.2 0.2 0.2 0.2
 0.2 0.2 0.2 0.2 0.2 0.2 0.2 0.2 0.2 0.2 0.2 0.2
 0.2 0.2 0.2 0.2 0.2 0.2 0.2 0.2 0.2 0.2 0.2 0.2
 0.2 0.2 0.2 0.2 0.2 0.2 0.2 0.2 0.2 0.2 0.2 0.2
 0.2 0.2 0.2 0.2 0.2 0.2 0.2 0.2 0.2 0.2 0.2 0.2
 0.2 0.2 0.2 0.2 0.2 0.2 0.2 0.2 0.2 0.2 0.2 0.2
 0.2 0.2 0.2 0.2 0.2 0.2 0.2 0.2 0.2 0.2 0.2 0.2
 0.2 0.2 0.2 0.2 0.2 0.2 0.2 0.2 0.2 0.2 0.2 0.2
 0.2 0.2 0.2 0.2 0.2 0.2 0.2 0.2 0.2 0.2 0.2 0.2
 0.2 0.2 0.2 0.2 0.2 0.2 0.2 0.2 0.2 0.2 0.2 0.2
 0.2 0.2 0.2 0.2 0.2 0.2 0.2 0.2 0.2 0.2 0.2 0.2
 0.2 0.2 0.2 0.2 0.2 0.2 0.2 0.2 0.2 0.2 0.2 0.2
 0.2 0.2 0.2 0.2 0.2 0.2 0.2 0.2 0.2 0.2 0.2 0.2
 0.2 0.2 0.2 0.2 0.2 0.2 0.2 0.2 0.2 0.2 0.2 0.2
 0.2 0.2 0.2 0.2 0.2 0.2 0.2 0.2 0.2 0.2 0.2 0.2
 0.2 0.2 0.2 0.2 0.2 0.2 0.2 0.2 0.2 0.2 0.2 0.2
 0.2 0.2 0.2 0.2 0.2 0.2 0.2 0.2 0.2 0.2 0.2 0.2
 0.2 0.2 0.2 0.2 0.2 0.2 0.2 0.2 0.2 0.2 0.2 0.2
 0.2 0.2 0.2 0.2 0.2 0.2 0.2 0.2 0.2 0.2 0.2 0.2
 0.2 0.2 0.2 0.2 0.2 0.2 0.2 0.2 0.2 0.2 0.2 0.2
 0.2 0.2 0.2 0.2 0.2 0.2 0.2 0.2 0.2 0.2 0.2 0.2
 0.2 0.2 0.2 0.2 0.2 0.2 0.2 0.2 0.2 0.2 0.2 0.2
 0.2 0.2 0.2 0.2 0.2 0.2 0.2 0.2 0.2 0.2 0.2 0.2
 0.2 0.2 0.2 0.2 0.2 0.2 0.2 0.2 0.2 0.2 0.2 0.2
# mean_log_rec
13.7353
# log_Rzero
13.8403
# rec_dev
 -0.0864358 -0.103756 -0.182367 0.0503801 -0.0982747 -0.0353796 -0.041277 0.142261 0.0263049 -0.0232732 0.162598 0.100753 0.0842637 -0.105723 -0.187873 0.0993162 0.0286252 -0.14378 0.267366 0.204539 0.361929 -0.0677855 0.32263 -0.029126 0.0841411 0.240372 -0.013371 -0.0869432 -0.082326 0.118812 -0.0398916 -0.0192313 -0.193905 0.169996 0.184096 -0.189421 -0.0148581 0.00340966 -0.091509 0.000930396 -0.117627 -0.41977
# fmort
 0.00938104 0.0268998 0.0443793 0.0609042 0.048584 0.0868548 0.0876319 0.186454 0.10957 0.130797 0.149074 0.160267 0.117335 0.171042 0.181944 0.162743 0.319865 0.261968 0.260264 0.261267 0.365105 0.264104 0.435474 0.366406 0.367124 0.342056 0.334825 0.476729 0.371993 0.593268
# rec_dev_future
 0 0 0 0 0
