AMAK;Mar 2020
# styr
1
# endyr
30
# rec_age
1
# oldest_age
12
# nlength
81
# len_bins
 10 11 12 13 14 15 16 17 18 19 20 21 22 23 24 25 26 27 28 29 30 31 32 33 34 35 36 37 38 39 40 41 42 43 44 45 46 47 48 49 50 51 52 53 54 55 56 57 58 59 60 61 62 63 64 65 66 67 68 69 70 71 72 73 74 75 76 77 78 79 80 81 82 83 84 85 86 87 88 89 90
# datafile_name
amak_data.dat
# model_name
AMAK_MCP
# styr
1
# endyr
30
# rec_age
1
# oldest_age
12
# nfsh
1
# fshname
FLEET1
# catch_bio_in
 159.577 459.748 744.713 959.496 730.341 1270.14 1212.61 2328.18 1249.16 1439.49 1530.43 1511.2 1052.59 1473.37 1454.21 1242.89 2206.19 1584.65 1423.92 1318.93 1683.45 1119.19 1704.55 1253.84 1192.79 1022.48 963.808 1245.17 899.475 1331.61
# catch_bio_sd_in
 0.01 0.01 0.01 0.01 0.01 0.01 0.01 0.01 0.01 0.01 0.01 0.01 0.01 0.01 0.01 0.01 0.01 0.01 0.01 0.01 0.01 0.01 0.01 0.01 0.01 0.01 0.01 0.01 0.01 0.01
# nyrs_fsh_age
 30
# nyrs_fsh_length
 0
# yrs_fsh_age_in
 1 2 3 4 5 6 7 8 9 10 11 12 13 14 15 16 17 18 19 20 21 22 23 24 25 26 27 28 29 30
# yrs_fsh_length_in

# n_sample_fsh_length_in

# olc_fsh_in

# nind
1
# indname
SURVEY1
# nyrs_ind
 30
# yrs_ind_in
 1 2 3 4 5 6 7 8 9 10 11 12 13 14 15 16 17 18 19 20 21 22 23 24 25 26 27 28 29 30
# mo_ind
 1
# obs_ind_in
 1.74692 1.65861 1.59765 1.47653 1.4552 1.47448 1.42093 1.30743 1.2206 1.28738 1.19622 1.4471 1.00232 1.14389 1.03138 1.12199 0.902348 0.89565 0.799038 0.738641 0.811792 0.665428 0.661188 0.778897 0.63088 0.438715 0.507436 0.551549 0.585607 0.571431
# obs_se_ind_in
 0.349385 0.331723 0.31953 0.295306 0.291041 0.294897 0.284186 0.261486 0.24412 0.257476 0.239244 0.28942 0.200464 0.228778 0.206275 0.224398 0.18047 0.17913 0.159808 0.147728 0.162358 0.133086 0.132238 0.155779 0.126176 0.087743 0.101487 0.11031 0.117121 0.114286
# nyrs_ind_age
 30
# nyrs_ind_length
 0
# yrs_ind_age_in
 1 2 3 4 5 6 7 8 9 10 11 12 13 14 15 16 17 18 19 20 21 22 23 24 25 26 27 28 29 30
# yrs_ind_length_in

# yrs_ind_age_in
 1 2 3 4 5 6 7 8 9 10 11 12 13 14 15 16 17 18 19 20 21 22 23 24 25 26 27 28 29 30
# n_sample_ind_length_in

# olc_ind_in

# oac_ind_in
 0.045 0.145 0.14 0.14 0.1 0.08 0.07 0.03 0.04 0.025 0.03 0.155
 0.09 0.135 0.22 0.14 0.08 0.075 0.035 0.035 0.045 0.01 0.03 0.105
 0.055 0.225 0.12 0.065 0.1 0.095 0.07 0.065 0.04 0.045 0.025 0.095
 0.07 0.1 0.18 0.105 0.125 0.1 0.065 0.035 0.04 0.03 0.045 0.105
 0.04 0.16 0.1 0.15 0.09 0.115 0.095 0.05 0.05 0.035 0.015 0.1
 0.075 0.1 0.185 0.095 0.115 0.095 0.08 0.035 0.065 0.01 0.025 0.12
 0.075 0.19 0.18 0.135 0.065 0.1 0.045 0.02 0.035 0.035 0.005 0.115
 0.115 0.18 0.215 0.1 0.115 0.02 0.05 0.025 0.02 0.035 0.01 0.115
 0.085 0.155 0.195 0.175 0.1 0.07 0.03 0.025 0.04 0.015 0.02 0.09
 0.125 0.13 0.22 0.15 0.11 0.055 0.05 0.015 0.03 0.02 0.005 0.09
 0.095 0.135 0.155 0.15 0.12 0.07 0.065 0.07 0.04 0.02 0.01 0.07
 0.045 0.21 0.185 0.12 0.08 0.105 0.09 0.02 0.045 0.005 0.01 0.085
 0.075 0.18 0.2 0.195 0.075 0.055 0.05 0.045 0.015 0.05 0.005 0.055
 0.105 0.225 0.175 0.13 0.085 0.055 0.06 0.03 0.045 0.02 0.025 0.045
 0.115 0.135 0.185 0.18 0.14 0.08 0.045 0.02 0.045 0.015 0.01 0.03
 0.115 0.115 0.175 0.19 0.115 0.11 0.05 0.02 0.03 0.015 0.01 0.055
 0.055 0.245 0.185 0.12 0.155 0.04 0.055 0.025 0.025 0.04 0.015 0.04
 0.07 0.16 0.245 0.15 0.095 0.105 0.055 0.055 0.015 0 0.01 0.04
 0.095 0.28 0.13 0.165 0.12 0.07 0.06 0.005 0.01 0.025 0.005 0.035
 0.15 0.205 0.185 0.14 0.13 0.035 0.02 0.05 0.015 0.03 0.01 0.03
 0.105 0.27 0.195 0.16 0.09 0.06 0.005 0.06 0.01 0.015 0.005 0.025
 0.125 0.23 0.25 0.105 0.08 0.04 0.065 0.05 0.02 0 0.01 0.025
 0.1 0.23 0.165 0.2 0.065 0.08 0.01 0.04 0.045 0.02 0.01 0.035
 0.085 0.285 0.235 0.085 0.125 0.045 0.07 0.01 0.015 0.025 0.005 0.015
 0.12 0.205 0.26 0.13 0.11 0.08 0.02 0.01 0.015 0.03 0.01 0.01
 0.035 0.275 0.28 0.18 0.055 0.07 0.025 0.015 0.02 0.01 0.025 0.01
 0.085 0.2 0.225 0.185 0.09 0.07 0.045 0.02 0.03 0.02 0.005 0.025
 0.16 0.305 0.105 0.145 0.12 0.07 0.045 0.015 0.005 0.015 0.01 0.005
 0.125 0.34 0.2 0.1 0.09 0.085 0.02 0.01 0.005 0.015 0 0.01
 0.12 0.325 0.275 0.105 0.06 0.055 0.025 0.01 0.015 0 0.01 0
# wt_ind
 1 1 1 1 1 1 1 1 1 1 1 1
 1 1 1 1 1 1 1 1 1 1 1 1
 1 1 1 1 1 1 1 1 1 1 1 1
 1 1 1 1 1 1 1 1 1 1 1 1
 1 1 1 1 1 1 1 1 1 1 1 1
 1 1 1 1 1 1 1 1 1 1 1 1
 1 1 1 1 1 1 1 1 1 1 1 1
 1 1 1 1 1 1 1 1 1 1 1 1
 1 1 1 1 1 1 1 1 1 1 1 1
 1 1 1 1 1 1 1 1 1 1 1 1
 1 1 1 1 1 1 1 1 1 1 1 1
 1 1 1 1 1 1 1 1 1 1 1 1
 1 1 1 1 1 1 1 1 1 1 1 1
 1 1 1 1 1 1 1 1 1 1 1 1
 1 1 1 1 1 1 1 1 1 1 1 1
 1 1 1 1 1 1 1 1 1 1 1 1
 1 1 1 1 1 1 1 1 1 1 1 1
 1 1 1 1 1 1 1 1 1 1 1 1
 1 1 1 1 1 1 1 1 1 1 1 1
 1 1 1 1 1 1 1 1 1 1 1 1
 1 1 1 1 1 1 1 1 1 1 1 1
 1 1 1 1 1 1 1 1 1 1 1 1
 1 1 1 1 1 1 1 1 1 1 1 1
 1 1 1 1 1 1 1 1 1 1 1 1
 1 1 1 1 1 1 1 1 1 1 1 1
 1 1 1 1 1 1 1 1 1 1 1 1
 1 1 1 1 1 1 1 1 1 1 1 1
 1 1 1 1 1 1 1 1 1 1 1 1
 1 1 1 1 1 1 1 1 1 1 1 1
 1 1 1 1 1 1 1 1 1 1 1 1
# wt_pop
 0.000530656 0.00119633 0.00205827 0.00303499 0.00405521 0.0050647 0.00602623 0.00691692 0.00772489 0.00844611 0.00908185 0.0096367
# maturity
 0.0229774 0.320821 0.904651 0.99478 0.999739 0.999987 0.999999 1 1 1 1 1
# spawnmo
1
# age_err
 1 0 0 0 0 0 0 0 0 0 0 0
 0 1 0 0 0 0 0 0 0 0 0 0
 0 0 1 0 0 0 0 0 0 0 0 0
 0 0 0 1 0 0 0 0 0 0 0 0
 0 0 0 0 1 0 0 0 0 0 0 0
 0 0 0 0 0 1 0 0 0 0 0 0
 0 0 0 0 0 0 1 0 0 0 0 0
 0 0 0 0 0 0 0 1 0 0 0 0
 0 0 0 0 0 0 0 0 1 0 0 0
 0 0 0 0 0 0 0 0 0 1 0 0
 0 0 0 0 0 0 0 0 0 0 1 0
 0 0 0 0 0 0 0 0 0 0 0 1
# cntrlfile_name
C:\Users\bai.li\DOCUME~1\Github\AGE_ST~1\ASSAMC\example\output\AMAK\s89\amak.dat
# Map shared selectivity: 
# sel_map
 1 2
 1 1
# datafile_name
amak_data.dat
# model_name
AMAK_MCP
# SrType
2
# use_age_err
0
# retro
0
# sigmarprior
0.2
# cvsigmarprior
0.25
# phase_sigmar
-3
# styr_rec_est
1
# endyr_rec_est
30
# Linfprior
80
# cvLinfprior
0.25
# kprior
0.18
# cvkprior
0.25
# Loprior
27.688
# cvLoprior
0.25
# sdageprior
0.1
# cvsdageprior
0.25
# natmortprior
0.2
# cvnatmortprior
0.25
# phase_M
-4
# npars_Mage
0
# ages_M_changes

# Mage_in

# Mage_offset_in

# phase_Mage
-5
# phase_rw_M
0
# npars_rw_M
0
# yrs_rw_M

# sigma_rw_M

# qprior
 3.48998e-007
# cvqprior
 1
# phase_q
 1
# q_power_prior
 1
# cvq_power_prior
 0.2
# phase_q_power
 -4
# phase_rw_q
 -1
# npars_rw_q
 0
# yrs_rw_q

# sigma_rw_q

# q_age_min
 1
# q_age_max
 12
# q_age_min
 1
# q_age_max
 12
# fsh_sel_opt(k)
2
# phase_sel_fsh(k)
2
# n_sel_ch_fsh(k)
1
# sel_slp_in_fsh(k)(1,n_sel_ch_fsh(k))
 1
# sel_inf_in_fsh(k)(1,n_sel_ch_fsh(k))
 2
# logsel_slp_in_fsh(k)(1,n_sel_ch_fsh(k))
 0
# yrs_sel_ch_fsh(k)(1,n_sel_ch_fsh(k))
 1

Survey SURVEY1
# ind_sel_opt(k)
2
# indname(k)
SURVEY1
# nselages_in_ind(k)
11
# phase_sel_ind(k)
2
# sel_change_in_ind(k)
 1 0 0 0 0 0 0 0 0 0 0 0 0 0 0 0 0 0 0 0 0 0 0 0 0 0 0 0 0 0
# n_sel_ch_ind(k)
1
# yrs_sel_ch_ind(k)(1,n_sel_ch_ind(k))
 1
# sel_slp_in_ind(k,1)
2
# sel_inf_in_ind(k,1)
1.5
# logsel_slp_in_ind(k,1)
0.693147
# logsel_slp_in_indv(k)
0.693147
SURVEY1 ind sel opt 2  1 0 0 0 0 0 0 0 0 0 0 0 0 0 0 0 0 0 0 0 0 0 0 0 0 0 0 0 0 0
Phase indices Sel_Coffs:  -1
 Test: 1.23457e+008
# Fshry Selages:  11
# Srvy  Selages:  11
# Phase for age-spec fishery  -1
# Phase for logistic fishery  2
# Phase for dble logistic fishery  -1
# Phase for age-spec indices   -1
# Phase for logistic indices   2
# Phase for dble logistic ind  -1
# Curv_pen_fsh: 
 0
# Curv_pen_ind: 
 0
# styr_fut
31
# endyr_fut
35
# nyrs_fsh_age
 30
# nyrs_fsh_age
 30
# yrs_fsh_age
 1 2 3 4 5 6 7 8 9 10 11 12 13 14 15 16 17 18 19 20 21 22 23 24 25 26 27 28 29 30
# n_sample_fsh_age
 200 200 200 200 200 200 200 200 200 200 200 200 200 200 200 200 200 200 200 200 200 200 200 200 200 200 200 200 200 200
# oac_fsh
 0.07 0.11 0.105 0.09 0.115 0.115 0.125 0.045 0.025 0.025 0.045 0.13
 0.085 0.05 0.125 0.11 0.13 0.06 0.065 0.07 0.05 0.045 0.045 0.165
 0.035 0.12 0.165 0.105 0.125 0.09 0.055 0.05 0.055 0.035 0.035 0.13
 0.07 0.05 0.135 0.1 0.115 0.09 0.105 0.055 0.06 0.025 0.025 0.17
 0.045 0.135 0.1 0.155 0.075 0.11 0.045 0.085 0.035 0.055 0.035 0.125
 0.08 0.05 0.155 0.14 0.09 0.08 0.08 0.07 0.06 0.045 0.04 0.11
 0.115 0.13 0.105 0.09 0.11 0.075 0.08 0.035 0.045 0.06 0.02 0.135
 0.075 0.165 0.165 0.125 0.11 0.05 0.065 0.04 0.05 0.03 0.02 0.105
 0.075 0.14 0.195 0.115 0.105 0.075 0.07 0.05 0.03 0.03 0.03 0.085
 0.115 0.115 0.195 0.11 0.09 0.07 0.075 0.07 0.025 0.02 0.01 0.105
 0.12 0.15 0.145 0.14 0.11 0.065 0.06 0.025 0.015 0.035 0.04 0.095
 0.08 0.135 0.18 0.13 0.125 0.07 0.055 0.03 0.03 0.04 0.015 0.11
 0.13 0.07 0.2 0.135 0.125 0.075 0.065 0.08 0.04 0.02 0.015 0.045
 0.065 0.175 0.155 0.185 0.09 0.1 0.05 0.045 0.015 0.015 0.04 0.065
 0.11 0.08 0.13 0.11 0.165 0.09 0.06 0.04 0.05 0.035 0.025 0.105
 0.15 0.175 0.125 0.14 0.125 0.095 0.045 0.01 0.03 0.04 0.025 0.04
 0.065 0.225 0.15 0.105 0.115 0.065 0.07 0.06 0.005 0.03 0.04 0.07
 0.11 0.115 0.165 0.18 0.125 0.085 0.04 0.055 0.025 0.015 0.02 0.065
 0.1 0.185 0.2 0.145 0.065 0.06 0.12 0.03 0.045 0.015 0.005 0.03
 0.14 0.17 0.21 0.12 0.125 0.04 0.05 0.035 0.025 0.02 0.015 0.05
 0.145 0.22 0.125 0.17 0.08 0.105 0.035 0.04 0.02 0.01 0.01 0.04
 0.12 0.2 0.22 0.155 0.1 0.03 0.07 0.035 0.01 0.02 0.01 0.03
 0.175 0.15 0.125 0.27 0.125 0.045 0.025 0.02 0.015 0.015 0.01 0.025
 0.14 0.195 0.22 0.13 0.11 0.045 0.04 0.04 0.035 0.005 0.01 0.03
 0.125 0.2 0.25 0.125 0.1 0.085 0.04 0.02 0.01 0.02 0.015 0.01
 0.13 0.22 0.19 0.18 0.09 0.06 0.06 0.02 0.03 0 0.005 0.015
 0.14 0.14 0.21 0.185 0.11 0.09 0.045 0.05 0.015 0.01 0 0.005
 0.23 0.205 0.11 0.12 0.115 0.11 0.04 0.03 0.025 0.01 0 0.005
 0.225 0.255 0.135 0.135 0.12 0.05 0.045 0.005 0.025 0 0.005 0
 0.1 0.245 0.325 0.11 0.07 0.045 0.035 0.03 0.015 0.015 0.01 0
# olc_fsh

# wt_fsh
 0.000530656 0.00119633 0.00205827 0.00303499 0.00405521 0.0050647 0.00602623 0.00691692 0.00772489 0.00844611 0.00908185 0.0096367
 0.000530656 0.00119633 0.00205827 0.00303499 0.00405521 0.0050647 0.00602623 0.00691692 0.00772489 0.00844611 0.00908185 0.0096367
 0.000530656 0.00119633 0.00205827 0.00303499 0.00405521 0.0050647 0.00602623 0.00691692 0.00772489 0.00844611 0.00908185 0.0096367
 0.000530656 0.00119633 0.00205827 0.00303499 0.00405521 0.0050647 0.00602623 0.00691692 0.00772489 0.00844611 0.00908185 0.0096367
 0.000530656 0.00119633 0.00205827 0.00303499 0.00405521 0.0050647 0.00602623 0.00691692 0.00772489 0.00844611 0.00908185 0.0096367
 0.000530656 0.00119633 0.00205827 0.00303499 0.00405521 0.0050647 0.00602623 0.00691692 0.00772489 0.00844611 0.00908185 0.0096367
 0.000530656 0.00119633 0.00205827 0.00303499 0.00405521 0.0050647 0.00602623 0.00691692 0.00772489 0.00844611 0.00908185 0.0096367
 0.000530656 0.00119633 0.00205827 0.00303499 0.00405521 0.0050647 0.00602623 0.00691692 0.00772489 0.00844611 0.00908185 0.0096367
 0.000530656 0.00119633 0.00205827 0.00303499 0.00405521 0.0050647 0.00602623 0.00691692 0.00772489 0.00844611 0.00908185 0.0096367
 0.000530656 0.00119633 0.00205827 0.00303499 0.00405521 0.0050647 0.00602623 0.00691692 0.00772489 0.00844611 0.00908185 0.0096367
 0.000530656 0.00119633 0.00205827 0.00303499 0.00405521 0.0050647 0.00602623 0.00691692 0.00772489 0.00844611 0.00908185 0.0096367
 0.000530656 0.00119633 0.00205827 0.00303499 0.00405521 0.0050647 0.00602623 0.00691692 0.00772489 0.00844611 0.00908185 0.0096367
 0.000530656 0.00119633 0.00205827 0.00303499 0.00405521 0.0050647 0.00602623 0.00691692 0.00772489 0.00844611 0.00908185 0.0096367
 0.000530656 0.00119633 0.00205827 0.00303499 0.00405521 0.0050647 0.00602623 0.00691692 0.00772489 0.00844611 0.00908185 0.0096367
 0.000530656 0.00119633 0.00205827 0.00303499 0.00405521 0.0050647 0.00602623 0.00691692 0.00772489 0.00844611 0.00908185 0.0096367
 0.000530656 0.00119633 0.00205827 0.00303499 0.00405521 0.0050647 0.00602623 0.00691692 0.00772489 0.00844611 0.00908185 0.0096367
 0.000530656 0.00119633 0.00205827 0.00303499 0.00405521 0.0050647 0.00602623 0.00691692 0.00772489 0.00844611 0.00908185 0.0096367
 0.000530656 0.00119633 0.00205827 0.00303499 0.00405521 0.0050647 0.00602623 0.00691692 0.00772489 0.00844611 0.00908185 0.0096367
 0.000530656 0.00119633 0.00205827 0.00303499 0.00405521 0.0050647 0.00602623 0.00691692 0.00772489 0.00844611 0.00908185 0.0096367
 0.000530656 0.00119633 0.00205827 0.00303499 0.00405521 0.0050647 0.00602623 0.00691692 0.00772489 0.00844611 0.00908185 0.0096367
 0.000530656 0.00119633 0.00205827 0.00303499 0.00405521 0.0050647 0.00602623 0.00691692 0.00772489 0.00844611 0.00908185 0.0096367
 0.000530656 0.00119633 0.00205827 0.00303499 0.00405521 0.0050647 0.00602623 0.00691692 0.00772489 0.00844611 0.00908185 0.0096367
 0.000530656 0.00119633 0.00205827 0.00303499 0.00405521 0.0050647 0.00602623 0.00691692 0.00772489 0.00844611 0.00908185 0.0096367
 0.000530656 0.00119633 0.00205827 0.00303499 0.00405521 0.0050647 0.00602623 0.00691692 0.00772489 0.00844611 0.00908185 0.0096367
 0.000530656 0.00119633 0.00205827 0.00303499 0.00405521 0.0050647 0.00602623 0.00691692 0.00772489 0.00844611 0.00908185 0.0096367
 0.000530656 0.00119633 0.00205827 0.00303499 0.00405521 0.0050647 0.00602623 0.00691692 0.00772489 0.00844611 0.00908185 0.0096367
 0.000530656 0.00119633 0.00205827 0.00303499 0.00405521 0.0050647 0.00602623 0.00691692 0.00772489 0.00844611 0.00908185 0.0096367
 0.000530656 0.00119633 0.00205827 0.00303499 0.00405521 0.0050647 0.00602623 0.00691692 0.00772489 0.00844611 0.00908185 0.0096367
 0.000530656 0.00119633 0.00205827 0.00303499 0.00405521 0.0050647 0.00602623 0.00691692 0.00772489 0.00844611 0.00908185 0.0096367
 0.000530656 0.00119633 0.00205827 0.00303499 0.00405521 0.0050647 0.00602623 0.00691692 0.00772489 0.00844611 0.00908185 0.0096367
# nyrs_ind_age
 30
# yrs_ind_age
 1 2 3 4 5 6 7 8 9 10 11 12 13 14 15 16 17 18 19 20 21 22 23 24 25 26 27 28 29 30
# n_sample_ind_age
 200 200 200 200 200 200 200 200 200 200 200 200 200 200 200 200 200 200 200 200 200 200 200 200 200 200 200 200 200 200
# oac_ind
 0.045 0.145 0.14 0.14 0.1 0.08 0.07 0.03 0.04 0.025 0.03 0.155
 0.09 0.135 0.22 0.14 0.08 0.075 0.035 0.035 0.045 0.01 0.03 0.105
 0.055 0.225 0.12 0.065 0.1 0.095 0.07 0.065 0.04 0.045 0.025 0.095
 0.07 0.1 0.18 0.105 0.125 0.1 0.065 0.035 0.04 0.03 0.045 0.105
 0.04 0.16 0.1 0.15 0.09 0.115 0.095 0.05 0.05 0.035 0.015 0.1
 0.075 0.1 0.185 0.095 0.115 0.095 0.08 0.035 0.065 0.01 0.025 0.12
 0.075 0.19 0.18 0.135 0.065 0.1 0.045 0.02 0.035 0.035 0.005 0.115
 0.115 0.18 0.215 0.1 0.115 0.02 0.05 0.025 0.02 0.035 0.01 0.115
 0.085 0.155 0.195 0.175 0.1 0.07 0.03 0.025 0.04 0.015 0.02 0.09
 0.125 0.13 0.22 0.15 0.11 0.055 0.05 0.015 0.03 0.02 0.005 0.09
 0.095 0.135 0.155 0.15 0.12 0.07 0.065 0.07 0.04 0.02 0.01 0.07
 0.045 0.21 0.185 0.12 0.08 0.105 0.09 0.02 0.045 0.005 0.01 0.085
 0.075 0.18 0.2 0.195 0.075 0.055 0.05 0.045 0.015 0.05 0.005 0.055
 0.105 0.225 0.175 0.13 0.085 0.055 0.06 0.03 0.045 0.02 0.025 0.045
 0.115 0.135 0.185 0.18 0.14 0.08 0.045 0.02 0.045 0.015 0.01 0.03
 0.115 0.115 0.175 0.19 0.115 0.11 0.05 0.02 0.03 0.015 0.01 0.055
 0.055 0.245 0.185 0.12 0.155 0.04 0.055 0.025 0.025 0.04 0.015 0.04
 0.07 0.16 0.245 0.15 0.095 0.105 0.055 0.055 0.015 0 0.01 0.04
 0.095 0.28 0.13 0.165 0.12 0.07 0.06 0.005 0.01 0.025 0.005 0.035
 0.15 0.205 0.185 0.14 0.13 0.035 0.02 0.05 0.015 0.03 0.01 0.03
 0.105 0.27 0.195 0.16 0.09 0.06 0.005 0.06 0.01 0.015 0.005 0.025
 0.125 0.23 0.25 0.105 0.08 0.04 0.065 0.05 0.02 0 0.01 0.025
 0.1 0.23 0.165 0.2 0.065 0.08 0.01 0.04 0.045 0.02 0.01 0.035
 0.085 0.285 0.235 0.085 0.125 0.045 0.07 0.01 0.015 0.025 0.005 0.015
 0.12 0.205 0.26 0.13 0.11 0.08 0.02 0.01 0.015 0.03 0.01 0.01
 0.035 0.275 0.28 0.18 0.055 0.07 0.025 0.015 0.02 0.01 0.025 0.01
 0.085 0.2 0.225 0.185 0.09 0.07 0.045 0.02 0.03 0.02 0.005 0.025
 0.16 0.305 0.105 0.145 0.12 0.07 0.045 0.015 0.005 0.015 0.01 0.005
 0.125 0.34 0.2 0.1 0.09 0.085 0.02 0.01 0.005 0.015 0 0.01
 0.12 0.325 0.275 0.105 0.06 0.055 0.025 0.01 0.015 0 0.01 0
# olc_ind

# obs_lse_ind
 0.198042 0.198042 0.198042 0.198042 0.198042 0.198042 0.198042 0.198042 0.198042 0.198042 0.198042 0.198042 0.198042 0.198042 0.198042 0.198042 0.198042 0.198042 0.198042 0.198042 0.198042 0.198042 0.198042 0.198042 0.198042 0.198042 0.198042 0.198042 0.198042 0.198042
# xages_fsh
 0 0 0 0 0 0 0 0 0 0 0 0
# xages_fsh
 0 0.0909091 0.181818 0.272727 0.363636 0.454545 0.545455 0.636364 0.727273 0.818182 0.909091 1
# xnodes_fsh

Yrs fsh_sel change:  1 0 0 0 0 0 0 0 0 0 0 0 0 0 0 0 0 0 0 0 0 0 0 0 0 0 0 0 0
Yrs ind_sel change:  1 0 0 0 0 0 0 0 0 0 0 0 0 0 0 0 0 0 0 0 0 0 0 0 0 0 0 0 0
# steepnessprior
0.75
# sigmarprior
0.2
#  SSB estimated in styr endyr: -13 28 
#  Rec estimated in styr endyr: -11 30 
#  SR Curve fit  in styr endyr: 1 30 
#             Model styr endyr: 1 30 
# qprior
 3.48998e-007
# q_power_prior 
 1 
# cv_catchbiomass 
0.05 
# CatchbiomassPen 
200 
# Number of projection years 
5 
# offset_fsh
 13476.4
# offset_ind
 13008.8
Mean Catch
1258.94
R_guess 
15.3982
# nfsh
1
# n_sel_ch_fsh
 1
# nselages_fsh
 11
# phase_selcoff_fsh
 -1
logRzero 15.3982
logmeanrec 15.3982
exp(log_sigmarprior 0.2
Fish sel phase: -1 FLEET1
Fixing fishery sel to
1
Srvy sel phase: -1
Fixing SURVEY1 indices sel to
1
# logsel_slp_in_indv
 0.693147
Leaving parameter init secton
# M
 0.2 0.2 0.2 0.2 0.2 0.2 0.2 0.2 0.2 0.2 0.2 0.2
 0.2 0.2 0.2 0.2 0.2 0.2 0.2 0.2 0.2 0.2 0.2 0.2
 0.2 0.2 0.2 0.2 0.2 0.2 0.2 0.2 0.2 0.2 0.2 0.2
 0.2 0.2 0.2 0.2 0.2 0.2 0.2 0.2 0.2 0.2 0.2 0.2
 0.2 0.2 0.2 0.2 0.2 0.2 0.2 0.2 0.2 0.2 0.2 0.2
 0.2 0.2 0.2 0.2 0.2 0.2 0.2 0.2 0.2 0.2 0.2 0.2
 0.2 0.2 0.2 0.2 0.2 0.2 0.2 0.2 0.2 0.2 0.2 0.2
 0.2 0.2 0.2 0.2 0.2 0.2 0.2 0.2 0.2 0.2 0.2 0.2
 0.2 0.2 0.2 0.2 0.2 0.2 0.2 0.2 0.2 0.2 0.2 0.2
 0.2 0.2 0.2 0.2 0.2 0.2 0.2 0.2 0.2 0.2 0.2 0.2
 0.2 0.2 0.2 0.2 0.2 0.2 0.2 0.2 0.2 0.2 0.2 0.2
 0.2 0.2 0.2 0.2 0.2 0.2 0.2 0.2 0.2 0.2 0.2 0.2
 0.2 0.2 0.2 0.2 0.2 0.2 0.2 0.2 0.2 0.2 0.2 0.2
 0.2 0.2 0.2 0.2 0.2 0.2 0.2 0.2 0.2 0.2 0.2 0.2
 0.2 0.2 0.2 0.2 0.2 0.2 0.2 0.2 0.2 0.2 0.2 0.2
 0.2 0.2 0.2 0.2 0.2 0.2 0.2 0.2 0.2 0.2 0.2 0.2
 0.2 0.2 0.2 0.2 0.2 0.2 0.2 0.2 0.2 0.2 0.2 0.2
 0.2 0.2 0.2 0.2 0.2 0.2 0.2 0.2 0.2 0.2 0.2 0.2
 0.2 0.2 0.2 0.2 0.2 0.2 0.2 0.2 0.2 0.2 0.2 0.2
 0.2 0.2 0.2 0.2 0.2 0.2 0.2 0.2 0.2 0.2 0.2 0.2
 0.2 0.2 0.2 0.2 0.2 0.2 0.2 0.2 0.2 0.2 0.2 0.2
 0.2 0.2 0.2 0.2 0.2 0.2 0.2 0.2 0.2 0.2 0.2 0.2
 0.2 0.2 0.2 0.2 0.2 0.2 0.2 0.2 0.2 0.2 0.2 0.2
 0.2 0.2 0.2 0.2 0.2 0.2 0.2 0.2 0.2 0.2 0.2 0.2
 0.2 0.2 0.2 0.2 0.2 0.2 0.2 0.2 0.2 0.2 0.2 0.2
 0.2 0.2 0.2 0.2 0.2 0.2 0.2 0.2 0.2 0.2 0.2 0.2
 0.2 0.2 0.2 0.2 0.2 0.2 0.2 0.2 0.2 0.2 0.2 0.2
 0.2 0.2 0.2 0.2 0.2 0.2 0.2 0.2 0.2 0.2 0.2 0.2
 0.2 0.2 0.2 0.2 0.2 0.2 0.2 0.2 0.2 0.2 0.2 0.2
 0.2 0.2 0.2 0.2 0.2 0.2 0.2 0.2 0.2 0.2 0.2 0.2
# mean_log_rec
13.7373
# log_Rzero
13.7825
# rec_dev
 -0.0414749 -0.0501952 0.0228896 -0.0738849 -0.135997 -0.0408291 0.0611121 0.0642384 -0.0790902 0.137132 0.0808853 0.0855607 -0.0321554 0.17334 -0.193801 0.163274 -0.0841362 0.213766 0.238097 0.147975 -0.0776985 0.10159 0.223084 -0.0911015 0.153344 -0.134699 -0.0485224 0.185199 -0.294888 -0.022282 -0.201114 0.143023 -0.178945 -0.182571 -0.0436271 -0.188436 -0.268941 -0.65252 -0.387254 0.0241264 -0.0923774 -0.455339
# fmort
 0.00941765 0.0273974 0.0456043 0.0612555 0.0486143 0.0888009 0.0899913 0.189199 0.110941 0.13471 0.152544 0.160752 0.116216 0.168423 0.176394 0.158363 0.310436 0.254806 0.251673 0.251172 0.3526 0.253401 0.421659 0.348828 0.355576 0.322958 0.320555 0.455204 0.351111 0.550816
# rec_dev_future
 0 0 0 0 0
