AMAK;Mar 2020
# styr
1
# endyr
30
# rec_age
1
# oldest_age
12
# nlength
81
# len_bins
 10 11 12 13 14 15 16 17 18 19 20 21 22 23 24 25 26 27 28 29 30 31 32 33 34 35 36 37 38 39 40 41 42 43 44 45 46 47 48 49 50 51 52 53 54 55 56 57 58 59 60 61 62 63 64 65 66 67 68 69 70 71 72 73 74 75 76 77 78 79 80 81 82 83 84 85 86 87 88 89 90
# datafile_name
amak_data.dat
# model_name
AMAK_MCP
# styr
1
# endyr
30
# rec_age
1
# oldest_age
12
# nfsh
1
# fshname
FLEET1
# catch_bio_in
 110.56 318.441 511.128 684.213 528.652 935.628 911.786 1809.02 1010.52 1213.44 1332.94 1352.29 953.278 1347.67 1354.1 1148.07 2089.61 1533.84 1433.07 1360.11 1748.12 1188.37 1775.64 1353.94 1306.64 1178.19 1134.31 1501.01 1075.68 1557.65
# catch_bio_sd_in
 0.01 0.01 0.01 0.01 0.01 0.01 0.01 0.01 0.01 0.01 0.01 0.01 0.01 0.01 0.01 0.01 0.01 0.01 0.01 0.01 0.01 0.01 0.01 0.01 0.01 0.01 0.01 0.01 0.01 0.01
# nyrs_fsh_age
 30
# nyrs_fsh_length
 0
# yrs_fsh_age_in
 1 2 3 4 5 6 7 8 9 10 11 12 13 14 15 16 17 18 19 20 21 22 23 24 25 26 27 28 29 30
# yrs_fsh_length_in

# n_sample_fsh_length_in

# olc_fsh_in

# nind
1
# indname
SURVEY1
# nyrs_ind
 30
# yrs_ind_in
 1 2 3 4 5 6 7 8 9 10 11 12 13 14 15 16 17 18 19 20 21 22 23 24 25 26 27 28 29 30
# mo_ind
 1
# obs_ind_in
 1.24449 1.31368 1.3053 1.33545 1.21106 1.36017 1.50215 1.30554 1.04868 1.19591 1.20575 1.25359 1.03223 1.10483 0.973581 0.918709 1.07523 0.909787 0.999756 0.883352 0.803772 0.866076 0.782823 0.642416 0.603445 0.792519 0.677605 0.806093 0.653131 0.679999
# obs_se_ind_in
 0.248899 0.262736 0.261059 0.26709 0.242211 0.272033 0.300431 0.261108 0.209737 0.239182 0.241149 0.250718 0.206447 0.220966 0.194716 0.183742 0.215046 0.181957 0.199951 0.17667 0.160754 0.173215 0.156565 0.128483 0.120689 0.158504 0.135521 0.161219 0.130626 0.136
# nyrs_ind_age
 30
# nyrs_ind_length
 0
# yrs_ind_age_in
 1 2 3 4 5 6 7 8 9 10 11 12 13 14 15 16 17 18 19 20 21 22 23 24 25 26 27 28 29 30
# yrs_ind_length_in

# yrs_ind_age_in
 1 2 3 4 5 6 7 8 9 10 11 12 13 14 15 16 17 18 19 20 21 22 23 24 25 26 27 28 29 30
# n_sample_ind_length_in

# olc_ind_in

# oac_ind_in
 0.07 0.125 0.12 0.135 0.12 0.075 0.08 0.08 0.03 0.045 0.02 0.1
 0.055 0.11 0.18 0.15 0.125 0.085 0.055 0.055 0.04 0.035 0.02 0.09
 0.03 0.135 0.15 0.16 0.11 0.07 0.075 0.085 0.045 0.025 0.01 0.105
 0.025 0.125 0.205 0.075 0.125 0.105 0.065 0.065 0.07 0.03 0.01 0.1
 0.06 0.075 0.155 0.23 0.085 0.09 0.085 0.045 0.045 0.05 0.01 0.07
 0.055 0.165 0.105 0.15 0.14 0.07 0.075 0.095 0.045 0.01 0.005 0.085
 0.04 0.14 0.27 0.13 0.135 0.07 0.055 0.045 0.04 0.01 0.01 0.055
 0.065 0.11 0.19 0.185 0.085 0.035 0.11 0.065 0.04 0.045 0.015 0.055
 0.03 0.18 0.155 0.17 0.13 0.07 0.065 0.06 0.02 0.045 0.01 0.065
 0.05 0.115 0.21 0.15 0.14 0.07 0.03 0.075 0.05 0.03 0.01 0.07
 0.05 0.175 0.185 0.145 0.1 0.115 0.115 0.005 0.015 0.025 0.01 0.06
 0.115 0.13 0.24 0.165 0.12 0.07 0.075 0.01 0.015 0.01 0.01 0.04
 0.05 0.13 0.185 0.2 0.1 0.09 0.065 0.04 0.055 0.02 0.005 0.06
 0.065 0.115 0.16 0.195 0.165 0.07 0.05 0.04 0.04 0.03 0.01 0.06
 0.06 0.19 0.21 0.175 0.155 0.06 0.05 0.04 0.01 0.015 0.005 0.03
 0.095 0.105 0.195 0.145 0.145 0.085 0.035 0.075 0.04 0.005 0.02 0.055
 0.075 0.165 0.195 0.165 0.105 0.045 0.1 0.035 0.035 0.02 0.015 0.045
 0.065 0.21 0.28 0.12 0.115 0.07 0.035 0.035 0.015 0.015 0.005 0.035
 0.065 0.175 0.2 0.24 0.105 0.07 0.03 0.025 0.03 0.005 0.01 0.045
 0.09 0.13 0.185 0.25 0.13 0.095 0.045 0.03 0.015 0.015 0 0.015
 0.08 0.105 0.26 0.115 0.12 0.105 0.05 0.045 0.03 0.02 0.035 0.035
 0.11 0.22 0.185 0.15 0.095 0.075 0.035 0.02 0.035 0.015 0.025 0.035
 0.075 0.21 0.24 0.14 0.115 0.095 0.03 0.04 0 0.01 0.005 0.04
 0.065 0.155 0.22 0.205 0.115 0.085 0.065 0.03 0.02 0.01 0.005 0.025
 0.09 0.09 0.195 0.24 0.165 0.08 0.05 0.03 0.02 0.005 0.005 0.03
 0.09 0.2 0.165 0.17 0.18 0.09 0.025 0.04 0.005 0.01 0 0.025
 0.07 0.12 0.275 0.19 0.145 0.08 0.065 0.015 0.01 0.005 0.01 0.015
 0.065 0.19 0.155 0.275 0.105 0.085 0.09 0.01 0.005 0.005 0.005 0.01
 0.135 0.14 0.22 0.175 0.12 0.05 0.08 0.03 0.025 0 0.01 0.015
 0.055 0.2 0.32 0.16 0.1 0.08 0.035 0.025 0.005 0.01 0 0.01
# wt_ind
 1 1 1 1 1 1 1 1 1 1 1 1
 1 1 1 1 1 1 1 1 1 1 1 1
 1 1 1 1 1 1 1 1 1 1 1 1
 1 1 1 1 1 1 1 1 1 1 1 1
 1 1 1 1 1 1 1 1 1 1 1 1
 1 1 1 1 1 1 1 1 1 1 1 1
 1 1 1 1 1 1 1 1 1 1 1 1
 1 1 1 1 1 1 1 1 1 1 1 1
 1 1 1 1 1 1 1 1 1 1 1 1
 1 1 1 1 1 1 1 1 1 1 1 1
 1 1 1 1 1 1 1 1 1 1 1 1
 1 1 1 1 1 1 1 1 1 1 1 1
 1 1 1 1 1 1 1 1 1 1 1 1
 1 1 1 1 1 1 1 1 1 1 1 1
 1 1 1 1 1 1 1 1 1 1 1 1
 1 1 1 1 1 1 1 1 1 1 1 1
 1 1 1 1 1 1 1 1 1 1 1 1
 1 1 1 1 1 1 1 1 1 1 1 1
 1 1 1 1 1 1 1 1 1 1 1 1
 1 1 1 1 1 1 1 1 1 1 1 1
 1 1 1 1 1 1 1 1 1 1 1 1
 1 1 1 1 1 1 1 1 1 1 1 1
 1 1 1 1 1 1 1 1 1 1 1 1
 1 1 1 1 1 1 1 1 1 1 1 1
 1 1 1 1 1 1 1 1 1 1 1 1
 1 1 1 1 1 1 1 1 1 1 1 1
 1 1 1 1 1 1 1 1 1 1 1 1
 1 1 1 1 1 1 1 1 1 1 1 1
 1 1 1 1 1 1 1 1 1 1 1 1
 1 1 1 1 1 1 1 1 1 1 1 1
# wt_pop
 0.000530656 0.00119633 0.00205827 0.00303499 0.00405521 0.0050647 0.00602623 0.00691692 0.00772489 0.00844611 0.00908185 0.0096367
# maturity
 0.0229774 0.320821 0.904651 0.99478 0.999739 0.999987 0.999999 1 1 1 1 1
# spawnmo
1
# age_err
 1 0 0 0 0 0 0 0 0 0 0 0
 0 1 0 0 0 0 0 0 0 0 0 0
 0 0 1 0 0 0 0 0 0 0 0 0
 0 0 0 1 0 0 0 0 0 0 0 0
 0 0 0 0 1 0 0 0 0 0 0 0
 0 0 0 0 0 1 0 0 0 0 0 0
 0 0 0 0 0 0 1 0 0 0 0 0
 0 0 0 0 0 0 0 1 0 0 0 0
 0 0 0 0 0 0 0 0 1 0 0 0
 0 0 0 0 0 0 0 0 0 1 0 0
 0 0 0 0 0 0 0 0 0 0 1 0
 0 0 0 0 0 0 0 0 0 0 0 1
# cntrlfile_name
C:\Users\bai.li\DOCUME~1\Github\AGE_ST~2\ASSAMC\example\C8\output\AMAK\s1\amak.dat
# Map shared selectivity: 
# sel_map
 1 2
 1 1
# datafile_name
amak_data.dat
# model_name
AMAK_MCP
# SrType
2
# use_age_err
0
# retro
0
# sigmarprior
0.2
# cvsigmarprior
0.25
# phase_sigmar
-3
# styr_rec_est
1
# endyr_rec_est
30
# Linfprior
80
# cvLinfprior
0.25
# kprior
0.18
# cvkprior
0.25
# Loprior
27.688
# cvLoprior
0.25
# sdageprior
0.1
# cvsdageprior
0.25
# natmortprior
0.2
# cvnatmortprior
0.25
# phase_M
-4
# npars_Mage
0
# ages_M_changes

# Mage_in

# Mage_offset_in

# phase_Mage
-5
# phase_rw_M
0
# npars_rw_M
0
# yrs_rw_M

# sigma_rw_M

# qprior
 3.48998e-007
# cvqprior
 1
# phase_q
 1
# q_power_prior
 1
# cvq_power_prior
 0.2
# phase_q_power
 -4
# phase_rw_q
 -1
# npars_rw_q
 0
# yrs_rw_q

# sigma_rw_q

# q_age_min
 1
# q_age_max
 12
# q_age_min
 1
# q_age_max
 12
# fsh_sel_opt(k)
2
# phase_sel_fsh(k)
2
# n_sel_ch_fsh(k)
1
# sel_slp_in_fsh(k)(1,n_sel_ch_fsh(k))
 1
# sel_inf_in_fsh(k)(1,n_sel_ch_fsh(k))
 2
# logsel_slp_in_fsh(k)(1,n_sel_ch_fsh(k))
 0
# yrs_sel_ch_fsh(k)(1,n_sel_ch_fsh(k))
 1

Survey SURVEY1
# ind_sel_opt(k)
2
# indname(k)
SURVEY1
# nselages_in_ind(k)
11
# phase_sel_ind(k)
2
# sel_change_in_ind(k)
 1 0 0 0 0 0 0 0 0 0 0 0 0 0 0 0 0 0 0 0 0 0 0 0 0 0 0 0 0 0
# n_sel_ch_ind(k)
1
# yrs_sel_ch_ind(k)(1,n_sel_ch_ind(k))
 1
# sel_slp_in_ind(k,1)
2
# sel_inf_in_ind(k,1)
1.5
# logsel_slp_in_ind(k,1)
0.693147
# logsel_slp_in_indv(k)
0.693147
SURVEY1 ind sel opt 2  1 0 0 0 0 0 0 0 0 0 0 0 0 0 0 0 0 0 0 0 0 0 0 0 0 0 0 0 0 0
Phase indices Sel_Coffs:  -1
 Test: 1.23457e+008
# Fshry Selages:  11
# Srvy  Selages:  11
# Phase for age-spec fishery  -1
# Phase for logistic fishery  2
# Phase for dble logistic fishery  -1
# Phase for age-spec indices   -1
# Phase for logistic indices   2
# Phase for dble logistic ind  -1
# Curv_pen_fsh: 
 0
# Curv_pen_ind: 
 0
# styr_fut
31
# endyr_fut
35
# nyrs_fsh_age
 30
# nyrs_fsh_age
 30
# yrs_fsh_age
 1 2 3 4 5 6 7 8 9 10 11 12 13 14 15 16 17 18 19 20 21 22 23 24 25 26 27 28 29 30
# n_sample_fsh_age
 200 200 200 200 200 200 200 200 200 200 200 200 200 200 200 200 200 200 200 200 200 200 200 200 200 200 200 200 200 200
# oac_fsh
 0.02 0.045 0.085 0.115 0.15 0.18 0.145 0.08 0.03 0.065 0.02 0.065
 0.035 0.03 0.08 0.145 0.17 0.11 0.09 0.09 0.055 0.03 0.04 0.125
 0.025 0.065 0.095 0.095 0.13 0.115 0.14 0.075 0.1 0.06 0.03 0.07
 0.015 0.03 0.14 0.115 0.175 0.11 0.135 0.09 0.05 0.025 0.035 0.08
 0.045 0.045 0.065 0.215 0.135 0.11 0.115 0.08 0.055 0.05 0.025 0.06
 0.025 0.08 0.05 0.16 0.22 0.095 0.095 0.095 0.04 0.04 0.02 0.08
 0.01 0.06 0.115 0.145 0.12 0.195 0.09 0.07 0.05 0.055 0.015 0.075
 0.025 0.06 0.09 0.14 0.09 0.155 0.145 0.07 0.055 0.065 0.01 0.095
 0.02 0.045 0.085 0.165 0.2 0.115 0.07 0.065 0.085 0.02 0.01 0.12
 0.03 0.045 0.1 0.105 0.215 0.185 0.08 0.085 0.055 0.045 0.005 0.05
 0.025 0.065 0.06 0.145 0.16 0.13 0.175 0.07 0.04 0.045 0.025 0.06
 0.015 0.035 0.09 0.145 0.235 0.12 0.105 0.115 0.03 0.03 0.03 0.05
 0.02 0.05 0.1 0.195 0.155 0.14 0.105 0.07 0.06 0.02 0.045 0.04
 0.03 0.08 0.075 0.205 0.165 0.105 0.065 0.065 0.09 0.05 0.025 0.045
 0.015 0.065 0.105 0.125 0.165 0.205 0.115 0.075 0.05 0.04 0.005 0.035
 0.05 0.055 0.145 0.145 0.16 0.11 0.125 0.09 0.04 0.01 0.025 0.045
 0.04 0.04 0.085 0.165 0.175 0.155 0.13 0.065 0.04 0.04 0.005 0.06
 0.02 0.075 0.145 0.175 0.145 0.1 0.11 0.105 0.035 0.035 0.005 0.05
 0.04 0.055 0.17 0.185 0.14 0.13 0.115 0.055 0.05 0.01 0.01 0.04
 0.03 0.08 0.13 0.2 0.155 0.13 0.09 0.06 0.04 0.035 0.01 0.04
 0.04 0.06 0.1 0.175 0.19 0.11 0.1 0.075 0.055 0.04 0.015 0.04
 0.02 0.145 0.15 0.2 0.155 0.13 0.08 0.05 0.02 0.025 0 0.025
 0.04 0.115 0.175 0.145 0.135 0.11 0.145 0.06 0.035 0.01 0 0.03
 0.01 0.07 0.19 0.22 0.12 0.19 0.055 0.055 0.015 0.03 0.02 0.025
 0.02 0.06 0.11 0.28 0.205 0.095 0.09 0.045 0.035 0.015 0.02 0.025
 0.025 0.105 0.13 0.235 0.215 0.135 0.06 0.025 0.02 0.02 0 0.03
 0.03 0.085 0.18 0.2 0.15 0.17 0.085 0.045 0.005 0.005 0.02 0.025
 0.045 0.065 0.1 0.225 0.165 0.125 0.145 0.065 0.03 0.015 0.01 0.01
 0.07 0.06 0.155 0.145 0.24 0.12 0.07 0.075 0.03 0.015 0.01 0.01
 0.015 0.08 0.2 0.225 0.105 0.17 0.07 0.065 0.035 0.015 0.005 0.015
# olc_fsh

# wt_fsh
 0.000530656 0.00119633 0.00205827 0.00303499 0.00405521 0.0050647 0.00602623 0.00691692 0.00772489 0.00844611 0.00908185 0.0096367
 0.000530656 0.00119633 0.00205827 0.00303499 0.00405521 0.0050647 0.00602623 0.00691692 0.00772489 0.00844611 0.00908185 0.0096367
 0.000530656 0.00119633 0.00205827 0.00303499 0.00405521 0.0050647 0.00602623 0.00691692 0.00772489 0.00844611 0.00908185 0.0096367
 0.000530656 0.00119633 0.00205827 0.00303499 0.00405521 0.0050647 0.00602623 0.00691692 0.00772489 0.00844611 0.00908185 0.0096367
 0.000530656 0.00119633 0.00205827 0.00303499 0.00405521 0.0050647 0.00602623 0.00691692 0.00772489 0.00844611 0.00908185 0.0096367
 0.000530656 0.00119633 0.00205827 0.00303499 0.00405521 0.0050647 0.00602623 0.00691692 0.00772489 0.00844611 0.00908185 0.0096367
 0.000530656 0.00119633 0.00205827 0.00303499 0.00405521 0.0050647 0.00602623 0.00691692 0.00772489 0.00844611 0.00908185 0.0096367
 0.000530656 0.00119633 0.00205827 0.00303499 0.00405521 0.0050647 0.00602623 0.00691692 0.00772489 0.00844611 0.00908185 0.0096367
 0.000530656 0.00119633 0.00205827 0.00303499 0.00405521 0.0050647 0.00602623 0.00691692 0.00772489 0.00844611 0.00908185 0.0096367
 0.000530656 0.00119633 0.00205827 0.00303499 0.00405521 0.0050647 0.00602623 0.00691692 0.00772489 0.00844611 0.00908185 0.0096367
 0.000530656 0.00119633 0.00205827 0.00303499 0.00405521 0.0050647 0.00602623 0.00691692 0.00772489 0.00844611 0.00908185 0.0096367
 0.000530656 0.00119633 0.00205827 0.00303499 0.00405521 0.0050647 0.00602623 0.00691692 0.00772489 0.00844611 0.00908185 0.0096367
 0.000530656 0.00119633 0.00205827 0.00303499 0.00405521 0.0050647 0.00602623 0.00691692 0.00772489 0.00844611 0.00908185 0.0096367
 0.000530656 0.00119633 0.00205827 0.00303499 0.00405521 0.0050647 0.00602623 0.00691692 0.00772489 0.00844611 0.00908185 0.0096367
 0.000530656 0.00119633 0.00205827 0.00303499 0.00405521 0.0050647 0.00602623 0.00691692 0.00772489 0.00844611 0.00908185 0.0096367
 0.000530656 0.00119633 0.00205827 0.00303499 0.00405521 0.0050647 0.00602623 0.00691692 0.00772489 0.00844611 0.00908185 0.0096367
 0.000530656 0.00119633 0.00205827 0.00303499 0.00405521 0.0050647 0.00602623 0.00691692 0.00772489 0.00844611 0.00908185 0.0096367
 0.000530656 0.00119633 0.00205827 0.00303499 0.00405521 0.0050647 0.00602623 0.00691692 0.00772489 0.00844611 0.00908185 0.0096367
 0.000530656 0.00119633 0.00205827 0.00303499 0.00405521 0.0050647 0.00602623 0.00691692 0.00772489 0.00844611 0.00908185 0.0096367
 0.000530656 0.00119633 0.00205827 0.00303499 0.00405521 0.0050647 0.00602623 0.00691692 0.00772489 0.00844611 0.00908185 0.0096367
 0.000530656 0.00119633 0.00205827 0.00303499 0.00405521 0.0050647 0.00602623 0.00691692 0.00772489 0.00844611 0.00908185 0.0096367
 0.000530656 0.00119633 0.00205827 0.00303499 0.00405521 0.0050647 0.00602623 0.00691692 0.00772489 0.00844611 0.00908185 0.0096367
 0.000530656 0.00119633 0.00205827 0.00303499 0.00405521 0.0050647 0.00602623 0.00691692 0.00772489 0.00844611 0.00908185 0.0096367
 0.000530656 0.00119633 0.00205827 0.00303499 0.00405521 0.0050647 0.00602623 0.00691692 0.00772489 0.00844611 0.00908185 0.0096367
 0.000530656 0.00119633 0.00205827 0.00303499 0.00405521 0.0050647 0.00602623 0.00691692 0.00772489 0.00844611 0.00908185 0.0096367
 0.000530656 0.00119633 0.00205827 0.00303499 0.00405521 0.0050647 0.00602623 0.00691692 0.00772489 0.00844611 0.00908185 0.0096367
 0.000530656 0.00119633 0.00205827 0.00303499 0.00405521 0.0050647 0.00602623 0.00691692 0.00772489 0.00844611 0.00908185 0.0096367
 0.000530656 0.00119633 0.00205827 0.00303499 0.00405521 0.0050647 0.00602623 0.00691692 0.00772489 0.00844611 0.00908185 0.0096367
 0.000530656 0.00119633 0.00205827 0.00303499 0.00405521 0.0050647 0.00602623 0.00691692 0.00772489 0.00844611 0.00908185 0.0096367
 0.000530656 0.00119633 0.00205827 0.00303499 0.00405521 0.0050647 0.00602623 0.00691692 0.00772489 0.00844611 0.00908185 0.0096367
# nyrs_ind_age
 30
# yrs_ind_age
 1 2 3 4 5 6 7 8 9 10 11 12 13 14 15 16 17 18 19 20 21 22 23 24 25 26 27 28 29 30
# n_sample_ind_age
 200 200 200 200 200 200 200 200 200 200 200 200 200 200 200 200 200 200 200 200 200 200 200 200 200 200 200 200 200 200
# oac_ind
 0.07 0.125 0.12 0.135 0.12 0.075 0.08 0.08 0.03 0.045 0.02 0.1
 0.055 0.11 0.18 0.15 0.125 0.085 0.055 0.055 0.04 0.035 0.02 0.09
 0.03 0.135 0.15 0.16 0.11 0.07 0.075 0.085 0.045 0.025 0.01 0.105
 0.025 0.125 0.205 0.075 0.125 0.105 0.065 0.065 0.07 0.03 0.01 0.1
 0.06 0.075 0.155 0.23 0.085 0.09 0.085 0.045 0.045 0.05 0.01 0.07
 0.055 0.165 0.105 0.15 0.14 0.07 0.075 0.095 0.045 0.01 0.005 0.085
 0.04 0.14 0.27 0.13 0.135 0.07 0.055 0.045 0.04 0.01 0.01 0.055
 0.065 0.11 0.19 0.185 0.085 0.035 0.11 0.065 0.04 0.045 0.015 0.055
 0.03 0.18 0.155 0.17 0.13 0.07 0.065 0.06 0.02 0.045 0.01 0.065
 0.05 0.115 0.21 0.15 0.14 0.07 0.03 0.075 0.05 0.03 0.01 0.07
 0.05 0.175 0.185 0.145 0.1 0.115 0.115 0.005 0.015 0.025 0.01 0.06
 0.115 0.13 0.24 0.165 0.12 0.07 0.075 0.01 0.015 0.01 0.01 0.04
 0.05 0.13 0.185 0.2 0.1 0.09 0.065 0.04 0.055 0.02 0.005 0.06
 0.065 0.115 0.16 0.195 0.165 0.07 0.05 0.04 0.04 0.03 0.01 0.06
 0.06 0.19 0.21 0.175 0.155 0.06 0.05 0.04 0.01 0.015 0.005 0.03
 0.095 0.105 0.195 0.145 0.145 0.085 0.035 0.075 0.04 0.005 0.02 0.055
 0.075 0.165 0.195 0.165 0.105 0.045 0.1 0.035 0.035 0.02 0.015 0.045
 0.065 0.21 0.28 0.12 0.115 0.07 0.035 0.035 0.015 0.015 0.005 0.035
 0.065 0.175 0.2 0.24 0.105 0.07 0.03 0.025 0.03 0.005 0.01 0.045
 0.09 0.13 0.185 0.25 0.13 0.095 0.045 0.03 0.015 0.015 0 0.015
 0.08 0.105 0.26 0.115 0.12 0.105 0.05 0.045 0.03 0.02 0.035 0.035
 0.11 0.22 0.185 0.15 0.095 0.075 0.035 0.02 0.035 0.015 0.025 0.035
 0.075 0.21 0.24 0.14 0.115 0.095 0.03 0.04 0 0.01 0.005 0.04
 0.065 0.155 0.22 0.205 0.115 0.085 0.065 0.03 0.02 0.01 0.005 0.025
 0.09 0.09 0.195 0.24 0.165 0.08 0.05 0.03 0.02 0.005 0.005 0.03
 0.09 0.2 0.165 0.17 0.18 0.09 0.025 0.04 0.005 0.01 0 0.025
 0.07 0.12 0.275 0.19 0.145 0.08 0.065 0.015 0.01 0.005 0.01 0.015
 0.065 0.19 0.155 0.275 0.105 0.085 0.09 0.01 0.005 0.005 0.005 0.01
 0.135 0.14 0.22 0.175 0.12 0.05 0.08 0.03 0.025 0 0.01 0.015
 0.055 0.2 0.32 0.16 0.1 0.08 0.035 0.025 0.005 0.01 0 0.01
# olc_ind

# obs_lse_ind
 0.198042 0.198042 0.198042 0.198042 0.198042 0.198042 0.198042 0.198042 0.198042 0.198042 0.198042 0.198042 0.198042 0.198042 0.198042 0.198042 0.198042 0.198042 0.198042 0.198042 0.198042 0.198042 0.198042 0.198042 0.198042 0.198042 0.198042 0.198042 0.198042 0.198042
# xages_fsh
 0 0 0 0 0 0 0 0 0 0 0 0
# xages_fsh
 0 0.0909091 0.181818 0.272727 0.363636 0.454545 0.545455 0.636364 0.727273 0.818182 0.909091 1
# xnodes_fsh

Yrs fsh_sel change:  1 0 0 0 0 0 0 0 0 0 0 0 0 0 0 0 0 0 0 0 0 0 0 0 0 0 0 0 0
Yrs ind_sel change:  1 0 0 0 0 0 0 0 0 0 0 0 0 0 0 0 0 0 0 0 0 0 0 0 0 0 0 0 0
# steepnessprior
0.75
# sigmarprior
0.2
#  SSB estimated in styr endyr: -13 28 
#  Rec estimated in styr endyr: -11 30 
#  SR Curve fit  in styr endyr: 1 30 
#             Model styr endyr: 1 30 
# qprior
 3.48998e-007
# q_power_prior 
 1 
# cv_catchbiomass 
0.05 
# CatchbiomassPen 
200 
# Number of projection years 
5 
# offset_fsh
 13537.6
# offset_ind
 13148.4
Mean Catch
1191.93
R_guess 
15.3435
# nfsh
1
# n_sel_ch_fsh
 1
# nselages_fsh
 11
# phase_selcoff_fsh
 -1
logRzero 15.3435
logmeanrec 15.3435
exp(log_sigmarprior 0.2
Fish sel phase: -1 FLEET1
Fixing fishery sel to
1
Srvy sel phase: -1
Fixing SURVEY1 indices sel to
1
# logsel_slp_in_indv
 0.693147
Leaving parameter init secton
# M
 0.2 0.2 0.2 0.2 0.2 0.2 0.2 0.2 0.2 0.2 0.2 0.2
 0.2 0.2 0.2 0.2 0.2 0.2 0.2 0.2 0.2 0.2 0.2 0.2
 0.2 0.2 0.2 0.2 0.2 0.2 0.2 0.2 0.2 0.2 0.2 0.2
 0.2 0.2 0.2 0.2 0.2 0.2 0.2 0.2 0.2 0.2 0.2 0.2
 0.2 0.2 0.2 0.2 0.2 0.2 0.2 0.2 0.2 0.2 0.2 0.2
 0.2 0.2 0.2 0.2 0.2 0.2 0.2 0.2 0.2 0.2 0.2 0.2
 0.2 0.2 0.2 0.2 0.2 0.2 0.2 0.2 0.2 0.2 0.2 0.2
 0.2 0.2 0.2 0.2 0.2 0.2 0.2 0.2 0.2 0.2 0.2 0.2
 0.2 0.2 0.2 0.2 0.2 0.2 0.2 0.2 0.2 0.2 0.2 0.2
 0.2 0.2 0.2 0.2 0.2 0.2 0.2 0.2 0.2 0.2 0.2 0.2
 0.2 0.2 0.2 0.2 0.2 0.2 0.2 0.2 0.2 0.2 0.2 0.2
 0.2 0.2 0.2 0.2 0.2 0.2 0.2 0.2 0.2 0.2 0.2 0.2
 0.2 0.2 0.2 0.2 0.2 0.2 0.2 0.2 0.2 0.2 0.2 0.2
 0.2 0.2 0.2 0.2 0.2 0.2 0.2 0.2 0.2 0.2 0.2 0.2
 0.2 0.2 0.2 0.2 0.2 0.2 0.2 0.2 0.2 0.2 0.2 0.2
 0.2 0.2 0.2 0.2 0.2 0.2 0.2 0.2 0.2 0.2 0.2 0.2
 0.2 0.2 0.2 0.2 0.2 0.2 0.2 0.2 0.2 0.2 0.2 0.2
 0.2 0.2 0.2 0.2 0.2 0.2 0.2 0.2 0.2 0.2 0.2 0.2
 0.2 0.2 0.2 0.2 0.2 0.2 0.2 0.2 0.2 0.2 0.2 0.2
 0.2 0.2 0.2 0.2 0.2 0.2 0.2 0.2 0.2 0.2 0.2 0.2
 0.2 0.2 0.2 0.2 0.2 0.2 0.2 0.2 0.2 0.2 0.2 0.2
 0.2 0.2 0.2 0.2 0.2 0.2 0.2 0.2 0.2 0.2 0.2 0.2
 0.2 0.2 0.2 0.2 0.2 0.2 0.2 0.2 0.2 0.2 0.2 0.2
 0.2 0.2 0.2 0.2 0.2 0.2 0.2 0.2 0.2 0.2 0.2 0.2
 0.2 0.2 0.2 0.2 0.2 0.2 0.2 0.2 0.2 0.2 0.2 0.2
 0.2 0.2 0.2 0.2 0.2 0.2 0.2 0.2 0.2 0.2 0.2 0.2
 0.2 0.2 0.2 0.2 0.2 0.2 0.2 0.2 0.2 0.2 0.2 0.2
 0.2 0.2 0.2 0.2 0.2 0.2 0.2 0.2 0.2 0.2 0.2 0.2
 0.2 0.2 0.2 0.2 0.2 0.2 0.2 0.2 0.2 0.2 0.2 0.2
 0.2 0.2 0.2 0.2 0.2 0.2 0.2 0.2 0.2 0.2 0.2 0.2
# mean_log_rec
13.2217
# log_Rzero
13.5649
# rec_dev
 -0.375883 -0.433421 -0.397375 -0.120567 -0.337904 -0.0202667 0.141747 0.181403 0.203861 0.22836 0.332871 0.323253 0.26019 0.689802 0.387742 0.171769 0.73863 0.623141 0.358246 0.542088 0.424365 0.5885 0.596588 0.462798 0.450531 0.531777 0.387916 0.560737 0.602641 0.335536 0.420516 0.234079 0.571284 0.619762 0.320971 0.131924 0.456536 5.28044e-005 0.187759 0.261533 0.354807 -0.0407957
# fmort
 0.0112549 0.0321961 0.051886 0.0702864 0.0543504 0.0970818 0.0970293 0.203996 0.120305 0.148214 0.17016 0.181192 0.130052 0.186101 0.194353 0.169785 0.335392 0.275502 0.273238 0.270492 0.377281 0.277494 0.45012 0.372609 0.368393 0.340903 0.338137 0.488497 0.388157 0.640056
# rec_dev_future
 0 0 0 0 0
