AMAK;Mar 2020
# styr
1
# endyr
30
# rec_age
1
# oldest_age
12
# nlength
81
# len_bins
 10 11 12 13 14 15 16 17 18 19 20 21 22 23 24 25 26 27 28 29 30 31 32 33 34 35 36 37 38 39 40 41 42 43 44 45 46 47 48 49 50 51 52 53 54 55 56 57 58 59 60 61 62 63 64 65 66 67 68 69 70 71 72 73 74 75 76 77 78 79 80 81 82 83 84 85 86 87 88 89 90
# datafile_name
amak_data.dat
# model_name
AMAK_MCP
# styr
1
# endyr
30
# rec_age
1
# oldest_age
12
# nfsh
1
# fshname
FLEET1
# catch_bio_in
 159.76 462.643 733.727 956.768 728.763 1267.12 1204.63 2313.1 1226.82 1395.87 1489.82 1498.63 1050.14 1480.03 1516.12 1309.8 2372.22 1734.93 1651.26 1565.98 2043.71 1396.16 2095.5 1501.62 1348.41 1136.62 1064.83 1373.31 1005.06 1455.77
# catch_bio_sd_in
 0.01 0.01 0.01 0.01 0.01 0.01 0.01 0.01 0.01 0.01 0.01 0.01 0.01 0.01 0.01 0.01 0.01 0.01 0.01 0.01 0.01 0.01 0.01 0.01 0.01 0.01 0.01 0.01 0.01 0.01
# nyrs_fsh_age
 30
# nyrs_fsh_length
 0
# yrs_fsh_age_in
 1 2 3 4 5 6 7 8 9 10 11 12 13 14 15 16 17 18 19 20 21 22 23 24 25 26 27 28 29 30
# yrs_fsh_length_in

# n_sample_fsh_length_in

# olc_fsh_in

# nind
1
# indname
SURVEY1
# nyrs_ind
 30
# yrs_ind_in
 1 2 3 4 5 6 7 8 9 10 11 12 13 14 15 16 17 18 19 20 21 22 23 24 25 26 27 28 29 30
# mo_ind
 1
# obs_ind_in
 1.21203 1.30302 1.59045 1.40419 1.50931 1.57295 1.62944 1.26553 1.06392 1.00045 1.25347 1.0659 0.947021 0.999606 0.910189 1.05395 0.989103 1.03877 0.974053 1.04223 0.89637 0.948849 0.831583 0.596429 0.655479 0.623401 0.593477 0.641747 0.555268 0.600081
# obs_se_ind_in
 0.242406 0.260604 0.318089 0.280838 0.301862 0.31459 0.325888 0.253107 0.212785 0.200091 0.250693 0.21318 0.189404 0.199921 0.182038 0.21079 0.197821 0.207754 0.194811 0.208446 0.179274 0.18977 0.166317 0.119286 0.131096 0.12468 0.118695 0.128349 0.111054 0.120016
# nyrs_ind_age
 30
# nyrs_ind_length
 0
# yrs_ind_age_in
 1 2 3 4 5 6 7 8 9 10 11 12 13 14 15 16 17 18 19 20 21 22 23 24 25 26 27 28 29 30
# yrs_ind_length_in

# yrs_ind_age_in
 1 2 3 4 5 6 7 8 9 10 11 12 13 14 15 16 17 18 19 20 21 22 23 24 25 26 27 28 29 30
# n_sample_ind_length_in

# olc_ind_in

# oac_ind_in
 0.075 0.11 0.14 0.15 0.095 0.04 0.045 0.07 0.025 0.05 0.055 0.145
 0.045 0.155 0.165 0.105 0.1 0.08 0.045 0.04 0.055 0.04 0.015 0.155
 0.065 0.09 0.16 0.13 0.1 0.085 0.07 0.07 0.04 0.05 0.02 0.12
 0.07 0.1 0.115 0.205 0.095 0.085 0.065 0.07 0.045 0.015 0.04 0.095
 0.06 0.15 0.165 0.13 0.105 0.07 0.07 0.04 0.06 0.025 0.02 0.105
 0.04 0.17 0.19 0.125 0.075 0.065 0.05 0.055 0.055 0.04 0.035 0.1
 0.09 0.18 0.15 0.12 0.06 0.05 0.06 0.035 0.05 0.04 0.03 0.135
 0.13 0.15 0.16 0.16 0.095 0.05 0.025 0.06 0.035 0.02 0.025 0.09
 0.06 0.195 0.155 0.115 0.1 0.1 0.065 0.025 0.035 0.02 0.02 0.11
 0.1 0.19 0.16 0.155 0.065 0.055 0.07 0.035 0.025 0.03 0.025 0.09
 0.08 0.215 0.16 0.14 0.155 0.04 0.035 0.025 0.035 0.02 0.025 0.07
 0.065 0.19 0.22 0.125 0.085 0.075 0.04 0.07 0.045 0.01 0.01 0.065
 0.095 0.22 0.155 0.14 0.08 0.09 0.05 0.02 0.035 0.025 0.02 0.07
 0.105 0.225 0.22 0.15 0.075 0.055 0.045 0.03 0.01 0.02 0.015 0.05
 0.1 0.15 0.215 0.115 0.06 0.13 0.06 0.055 0.025 0.015 0.015 0.06
 0.115 0.21 0.17 0.205 0.095 0.03 0.055 0.03 0.01 0.03 0.01 0.04
 0.105 0.15 0.21 0.145 0.105 0.085 0.085 0.025 0.02 0 0.01 0.06
 0.095 0.205 0.225 0.15 0.1 0.09 0.035 0.03 0.02 0.01 0.02 0.02
 0.08 0.205 0.25 0.165 0.075 0.065 0.04 0.015 0.025 0.01 0.015 0.055
 0.105 0.19 0.17 0.16 0.155 0.05 0.035 0.035 0.03 0.015 0.025 0.03
 0.07 0.25 0.21 0.2 0.11 0.055 0.04 0.035 0.005 0.005 0 0.02
 0.105 0.26 0.225 0.1 0.12 0.1 0.03 0.025 0.015 0 0 0.02
 0.125 0.15 0.215 0.185 0.105 0.05 0.08 0.02 0.025 0.01 0.01 0.025
 0.12 0.23 0.2 0.13 0.135 0.085 0.02 0.05 0.005 0.01 0 0.015
 0.135 0.255 0.195 0.14 0.105 0.05 0.055 0.01 0.01 0.02 0.005 0.02
 0.145 0.25 0.195 0.125 0.095 0.05 0.05 0.01 0.025 0.02 0.015 0.02
 0.125 0.305 0.145 0.145 0.085 0.07 0.05 0.04 0.005 0 0.015 0.015
 0.11 0.255 0.21 0.18 0.1 0.065 0.02 0.025 0.025 0.005 0 0.005
 0.145 0.24 0.245 0.135 0.095 0.08 0.025 0.01 0.015 0.005 0.005 0
 0.16 0.225 0.195 0.15 0.11 0.055 0.06 0.025 0.01 0.005 0.005 0
# wt_ind
 1 1 1 1 1 1 1 1 1 1 1 1
 1 1 1 1 1 1 1 1 1 1 1 1
 1 1 1 1 1 1 1 1 1 1 1 1
 1 1 1 1 1 1 1 1 1 1 1 1
 1 1 1 1 1 1 1 1 1 1 1 1
 1 1 1 1 1 1 1 1 1 1 1 1
 1 1 1 1 1 1 1 1 1 1 1 1
 1 1 1 1 1 1 1 1 1 1 1 1
 1 1 1 1 1 1 1 1 1 1 1 1
 1 1 1 1 1 1 1 1 1 1 1 1
 1 1 1 1 1 1 1 1 1 1 1 1
 1 1 1 1 1 1 1 1 1 1 1 1
 1 1 1 1 1 1 1 1 1 1 1 1
 1 1 1 1 1 1 1 1 1 1 1 1
 1 1 1 1 1 1 1 1 1 1 1 1
 1 1 1 1 1 1 1 1 1 1 1 1
 1 1 1 1 1 1 1 1 1 1 1 1
 1 1 1 1 1 1 1 1 1 1 1 1
 1 1 1 1 1 1 1 1 1 1 1 1
 1 1 1 1 1 1 1 1 1 1 1 1
 1 1 1 1 1 1 1 1 1 1 1 1
 1 1 1 1 1 1 1 1 1 1 1 1
 1 1 1 1 1 1 1 1 1 1 1 1
 1 1 1 1 1 1 1 1 1 1 1 1
 1 1 1 1 1 1 1 1 1 1 1 1
 1 1 1 1 1 1 1 1 1 1 1 1
 1 1 1 1 1 1 1 1 1 1 1 1
 1 1 1 1 1 1 1 1 1 1 1 1
 1 1 1 1 1 1 1 1 1 1 1 1
 1 1 1 1 1 1 1 1 1 1 1 1
# wt_pop
 0.000530656 0.00119633 0.00205827 0.00303499 0.00405521 0.0050647 0.00602623 0.00691692 0.00772489 0.00844611 0.00908185 0.0096367
# maturity
 0.0229774 0.320821 0.904651 0.99478 0.999739 0.999987 0.999999 1 1 1 1 1
# spawnmo
1
# age_err
 1 0 0 0 0 0 0 0 0 0 0 0
 0 1 0 0 0 0 0 0 0 0 0 0
 0 0 1 0 0 0 0 0 0 0 0 0
 0 0 0 1 0 0 0 0 0 0 0 0
 0 0 0 0 1 0 0 0 0 0 0 0
 0 0 0 0 0 1 0 0 0 0 0 0
 0 0 0 0 0 0 1 0 0 0 0 0
 0 0 0 0 0 0 0 1 0 0 0 0
 0 0 0 0 0 0 0 0 1 0 0 0
 0 0 0 0 0 0 0 0 0 1 0 0
 0 0 0 0 0 0 0 0 0 0 1 0
 0 0 0 0 0 0 0 0 0 0 0 1
# cntrlfile_name
C:\Users\bai.li\DOCUME~1\Github\AGE_ST~1\ASSAMC\example\output\AMAK\s58\amak.dat
# Map shared selectivity: 
# sel_map
 1 2
 1 1
# datafile_name
amak_data.dat
# model_name
AMAK_MCP
# SrType
2
# use_age_err
0
# retro
0
# sigmarprior
0.2
# cvsigmarprior
0.25
# phase_sigmar
-3
# styr_rec_est
1
# endyr_rec_est
30
# Linfprior
80
# cvLinfprior
0.25
# kprior
0.18
# cvkprior
0.25
# Loprior
27.688
# cvLoprior
0.25
# sdageprior
0.1
# cvsdageprior
0.25
# natmortprior
0.2
# cvnatmortprior
0.25
# phase_M
-4
# npars_Mage
0
# ages_M_changes

# Mage_in

# Mage_offset_in

# phase_Mage
-5
# phase_rw_M
0
# npars_rw_M
0
# yrs_rw_M

# sigma_rw_M

# qprior
 3.48998e-007
# cvqprior
 1
# phase_q
 1
# q_power_prior
 1
# cvq_power_prior
 0.2
# phase_q_power
 -4
# phase_rw_q
 -1
# npars_rw_q
 0
# yrs_rw_q

# sigma_rw_q

# q_age_min
 1
# q_age_max
 12
# q_age_min
 1
# q_age_max
 12
# fsh_sel_opt(k)
2
# phase_sel_fsh(k)
2
# n_sel_ch_fsh(k)
1
# sel_slp_in_fsh(k)(1,n_sel_ch_fsh(k))
 1
# sel_inf_in_fsh(k)(1,n_sel_ch_fsh(k))
 2
# logsel_slp_in_fsh(k)(1,n_sel_ch_fsh(k))
 0
# yrs_sel_ch_fsh(k)(1,n_sel_ch_fsh(k))
 1

Survey SURVEY1
# ind_sel_opt(k)
2
# indname(k)
SURVEY1
# nselages_in_ind(k)
11
# phase_sel_ind(k)
2
# sel_change_in_ind(k)
 1 0 0 0 0 0 0 0 0 0 0 0 0 0 0 0 0 0 0 0 0 0 0 0 0 0 0 0 0 0
# n_sel_ch_ind(k)
1
# yrs_sel_ch_ind(k)(1,n_sel_ch_ind(k))
 1
# sel_slp_in_ind(k,1)
2
# sel_inf_in_ind(k,1)
1.5
# logsel_slp_in_ind(k,1)
0.693147
# logsel_slp_in_indv(k)
0.693147
SURVEY1 ind sel opt 2  1 0 0 0 0 0 0 0 0 0 0 0 0 0 0 0 0 0 0 0 0 0 0 0 0 0 0 0 0 0
Phase indices Sel_Coffs:  -1
 Test: 1.23457e+008
# Fshry Selages:  11
# Srvy  Selages:  11
# Phase for age-spec fishery  -1
# Phase for logistic fishery  2
# Phase for dble logistic fishery  -1
# Phase for age-spec indices   -1
# Phase for logistic indices   2
# Phase for dble logistic ind  -1
# Curv_pen_fsh: 
 0
# Curv_pen_ind: 
 0
# styr_fut
31
# endyr_fut
35
# nyrs_fsh_age
 30
# nyrs_fsh_age
 30
# yrs_fsh_age
 1 2 3 4 5 6 7 8 9 10 11 12 13 14 15 16 17 18 19 20 21 22 23 24 25 26 27 28 29 30
# n_sample_fsh_age
 200 200 200 200 200 200 200 200 200 200 200 200 200 200 200 200 200 200 200 200 200 200 200 200 200 200 200 200 200 200
# oac_fsh
 0.04 0.08 0.19 0.135 0.12 0.06 0.085 0.07 0.055 0.045 0.015 0.105
 0.045 0.155 0.07 0.11 0.135 0.075 0.07 0.06 0.065 0.045 0.04 0.13
 0.115 0.115 0.11 0.135 0.095 0.075 0.075 0.045 0.025 0.035 0.03 0.145
 0.08 0.095 0.11 0.13 0.13 0.07 0.055 0.055 0.035 0.08 0.045 0.115
 0.06 0.11 0.12 0.12 0.12 0.1 0.06 0.085 0.04 0.04 0.03 0.115
 0.06 0.155 0.125 0.09 0.105 0.075 0.1 0.07 0.03 0.035 0.045 0.11
 0.09 0.06 0.185 0.13 0.14 0.105 0.055 0.055 0.035 0.03 0.025 0.09
 0.055 0.12 0.125 0.12 0.175 0.055 0.075 0.06 0.06 0.025 0.02 0.11
 0.06 0.165 0.115 0.115 0.155 0.125 0.055 0.025 0.04 0.03 0.01 0.105
 0.12 0.095 0.155 0.16 0.11 0.07 0.09 0.02 0.04 0.04 0.025 0.075
 0.05 0.18 0.145 0.165 0.11 0.065 0.09 0.035 0.02 0.035 0.01 0.095
 0.075 0.125 0.21 0.15 0.11 0.06 0.04 0.06 0.03 0.035 0.01 0.095
 0.11 0.13 0.18 0.2 0.065 0.075 0.05 0.05 0.025 0.01 0.015 0.09
 0.055 0.215 0.145 0.13 0.11 0.07 0.045 0.055 0.045 0.025 0.02 0.085
 0.115 0.13 0.16 0.14 0.09 0.12 0.065 0.045 0.045 0.015 0.03 0.045
 0.12 0.13 0.13 0.18 0.115 0.1 0.05 0.05 0.04 0.01 0.03 0.045
 0.12 0.21 0.155 0.125 0.095 0.08 0.04 0.05 0.03 0.025 0.01 0.06
 0.135 0.2 0.225 0.085 0.09 0.085 0.05 0.025 0.03 0.02 0.005 0.05
 0.125 0.225 0.195 0.13 0.095 0.07 0.05 0.045 0.015 0.03 0 0.02
 0.16 0.195 0.205 0.15 0.095 0.07 0.02 0.045 0.01 0.005 0.015 0.03
 0.105 0.25 0.215 0.135 0.135 0.05 0.025 0.04 0.03 0.005 0.005 0.005
 0.075 0.22 0.31 0.1 0.075 0.105 0.055 0.015 0.005 0.02 0.01 0.01
 0.165 0.15 0.15 0.185 0.105 0.08 0.065 0.03 0.025 0.025 0.01 0.01
 0.14 0.165 0.16 0.14 0.15 0.095 0.06 0.035 0.02 0.005 0.015 0.015
 0.175 0.17 0.17 0.145 0.125 0.06 0.035 0.06 0.02 0.02 0.005 0.015
 0.175 0.21 0.185 0.105 0.085 0.095 0.06 0.015 0.025 0.015 0.005 0.025
 0.1 0.185 0.235 0.185 0.125 0.07 0.035 0.025 0.01 0.01 0.01 0.01
 0.165 0.275 0.205 0.12 0.08 0.055 0.035 0.015 0.02 0.005 0 0.025
 0.205 0.18 0.27 0.13 0.1 0.07 0.01 0.005 0.015 0.005 0.005 0.005
 0.14 0.26 0.2 0.19 0.085 0.03 0.055 0.01 0.015 0 0.005 0.01
# olc_fsh

# wt_fsh
 0.000530656 0.00119633 0.00205827 0.00303499 0.00405521 0.0050647 0.00602623 0.00691692 0.00772489 0.00844611 0.00908185 0.0096367
 0.000530656 0.00119633 0.00205827 0.00303499 0.00405521 0.0050647 0.00602623 0.00691692 0.00772489 0.00844611 0.00908185 0.0096367
 0.000530656 0.00119633 0.00205827 0.00303499 0.00405521 0.0050647 0.00602623 0.00691692 0.00772489 0.00844611 0.00908185 0.0096367
 0.000530656 0.00119633 0.00205827 0.00303499 0.00405521 0.0050647 0.00602623 0.00691692 0.00772489 0.00844611 0.00908185 0.0096367
 0.000530656 0.00119633 0.00205827 0.00303499 0.00405521 0.0050647 0.00602623 0.00691692 0.00772489 0.00844611 0.00908185 0.0096367
 0.000530656 0.00119633 0.00205827 0.00303499 0.00405521 0.0050647 0.00602623 0.00691692 0.00772489 0.00844611 0.00908185 0.0096367
 0.000530656 0.00119633 0.00205827 0.00303499 0.00405521 0.0050647 0.00602623 0.00691692 0.00772489 0.00844611 0.00908185 0.0096367
 0.000530656 0.00119633 0.00205827 0.00303499 0.00405521 0.0050647 0.00602623 0.00691692 0.00772489 0.00844611 0.00908185 0.0096367
 0.000530656 0.00119633 0.00205827 0.00303499 0.00405521 0.0050647 0.00602623 0.00691692 0.00772489 0.00844611 0.00908185 0.0096367
 0.000530656 0.00119633 0.00205827 0.00303499 0.00405521 0.0050647 0.00602623 0.00691692 0.00772489 0.00844611 0.00908185 0.0096367
 0.000530656 0.00119633 0.00205827 0.00303499 0.00405521 0.0050647 0.00602623 0.00691692 0.00772489 0.00844611 0.00908185 0.0096367
 0.000530656 0.00119633 0.00205827 0.00303499 0.00405521 0.0050647 0.00602623 0.00691692 0.00772489 0.00844611 0.00908185 0.0096367
 0.000530656 0.00119633 0.00205827 0.00303499 0.00405521 0.0050647 0.00602623 0.00691692 0.00772489 0.00844611 0.00908185 0.0096367
 0.000530656 0.00119633 0.00205827 0.00303499 0.00405521 0.0050647 0.00602623 0.00691692 0.00772489 0.00844611 0.00908185 0.0096367
 0.000530656 0.00119633 0.00205827 0.00303499 0.00405521 0.0050647 0.00602623 0.00691692 0.00772489 0.00844611 0.00908185 0.0096367
 0.000530656 0.00119633 0.00205827 0.00303499 0.00405521 0.0050647 0.00602623 0.00691692 0.00772489 0.00844611 0.00908185 0.0096367
 0.000530656 0.00119633 0.00205827 0.00303499 0.00405521 0.0050647 0.00602623 0.00691692 0.00772489 0.00844611 0.00908185 0.0096367
 0.000530656 0.00119633 0.00205827 0.00303499 0.00405521 0.0050647 0.00602623 0.00691692 0.00772489 0.00844611 0.00908185 0.0096367
 0.000530656 0.00119633 0.00205827 0.00303499 0.00405521 0.0050647 0.00602623 0.00691692 0.00772489 0.00844611 0.00908185 0.0096367
 0.000530656 0.00119633 0.00205827 0.00303499 0.00405521 0.0050647 0.00602623 0.00691692 0.00772489 0.00844611 0.00908185 0.0096367
 0.000530656 0.00119633 0.00205827 0.00303499 0.00405521 0.0050647 0.00602623 0.00691692 0.00772489 0.00844611 0.00908185 0.0096367
 0.000530656 0.00119633 0.00205827 0.00303499 0.00405521 0.0050647 0.00602623 0.00691692 0.00772489 0.00844611 0.00908185 0.0096367
 0.000530656 0.00119633 0.00205827 0.00303499 0.00405521 0.0050647 0.00602623 0.00691692 0.00772489 0.00844611 0.00908185 0.0096367
 0.000530656 0.00119633 0.00205827 0.00303499 0.00405521 0.0050647 0.00602623 0.00691692 0.00772489 0.00844611 0.00908185 0.0096367
 0.000530656 0.00119633 0.00205827 0.00303499 0.00405521 0.0050647 0.00602623 0.00691692 0.00772489 0.00844611 0.00908185 0.0096367
 0.000530656 0.00119633 0.00205827 0.00303499 0.00405521 0.0050647 0.00602623 0.00691692 0.00772489 0.00844611 0.00908185 0.0096367
 0.000530656 0.00119633 0.00205827 0.00303499 0.00405521 0.0050647 0.00602623 0.00691692 0.00772489 0.00844611 0.00908185 0.0096367
 0.000530656 0.00119633 0.00205827 0.00303499 0.00405521 0.0050647 0.00602623 0.00691692 0.00772489 0.00844611 0.00908185 0.0096367
 0.000530656 0.00119633 0.00205827 0.00303499 0.00405521 0.0050647 0.00602623 0.00691692 0.00772489 0.00844611 0.00908185 0.0096367
 0.000530656 0.00119633 0.00205827 0.00303499 0.00405521 0.0050647 0.00602623 0.00691692 0.00772489 0.00844611 0.00908185 0.0096367
# nyrs_ind_age
 30
# yrs_ind_age
 1 2 3 4 5 6 7 8 9 10 11 12 13 14 15 16 17 18 19 20 21 22 23 24 25 26 27 28 29 30
# n_sample_ind_age
 200 200 200 200 200 200 200 200 200 200 200 200 200 200 200 200 200 200 200 200 200 200 200 200 200 200 200 200 200 200
# oac_ind
 0.075 0.11 0.14 0.15 0.095 0.04 0.045 0.07 0.025 0.05 0.055 0.145
 0.045 0.155 0.165 0.105 0.1 0.08 0.045 0.04 0.055 0.04 0.015 0.155
 0.065 0.09 0.16 0.13 0.1 0.085 0.07 0.07 0.04 0.05 0.02 0.12
 0.07 0.1 0.115 0.205 0.095 0.085 0.065 0.07 0.045 0.015 0.04 0.095
 0.06 0.15 0.165 0.13 0.105 0.07 0.07 0.04 0.06 0.025 0.02 0.105
 0.04 0.17 0.19 0.125 0.075 0.065 0.05 0.055 0.055 0.04 0.035 0.1
 0.09 0.18 0.15 0.12 0.06 0.05 0.06 0.035 0.05 0.04 0.03 0.135
 0.13 0.15 0.16 0.16 0.095 0.05 0.025 0.06 0.035 0.02 0.025 0.09
 0.06 0.195 0.155 0.115 0.1 0.1 0.065 0.025 0.035 0.02 0.02 0.11
 0.1 0.19 0.16 0.155 0.065 0.055 0.07 0.035 0.025 0.03 0.025 0.09
 0.08 0.215 0.16 0.14 0.155 0.04 0.035 0.025 0.035 0.02 0.025 0.07
 0.065 0.19 0.22 0.125 0.085 0.075 0.04 0.07 0.045 0.01 0.01 0.065
 0.095 0.22 0.155 0.14 0.08 0.09 0.05 0.02 0.035 0.025 0.02 0.07
 0.105 0.225 0.22 0.15 0.075 0.055 0.045 0.03 0.01 0.02 0.015 0.05
 0.1 0.15 0.215 0.115 0.06 0.13 0.06 0.055 0.025 0.015 0.015 0.06
 0.115 0.21 0.17 0.205 0.095 0.03 0.055 0.03 0.01 0.03 0.01 0.04
 0.105 0.15 0.21 0.145 0.105 0.085 0.085 0.025 0.02 0 0.01 0.06
 0.095 0.205 0.225 0.15 0.1 0.09 0.035 0.03 0.02 0.01 0.02 0.02
 0.08 0.205 0.25 0.165 0.075 0.065 0.04 0.015 0.025 0.01 0.015 0.055
 0.105 0.19 0.17 0.16 0.155 0.05 0.035 0.035 0.03 0.015 0.025 0.03
 0.07 0.25 0.21 0.2 0.11 0.055 0.04 0.035 0.005 0.005 0 0.02
 0.105 0.26 0.225 0.1 0.12 0.1 0.03 0.025 0.015 0 0 0.02
 0.125 0.15 0.215 0.185 0.105 0.05 0.08 0.02 0.025 0.01 0.01 0.025
 0.12 0.23 0.2 0.13 0.135 0.085 0.02 0.05 0.005 0.01 0 0.015
 0.135 0.255 0.195 0.14 0.105 0.05 0.055 0.01 0.01 0.02 0.005 0.02
 0.145 0.25 0.195 0.125 0.095 0.05 0.05 0.01 0.025 0.02 0.015 0.02
 0.125 0.305 0.145 0.145 0.085 0.07 0.05 0.04 0.005 0 0.015 0.015
 0.11 0.255 0.21 0.18 0.1 0.065 0.02 0.025 0.025 0.005 0 0.005
 0.145 0.24 0.245 0.135 0.095 0.08 0.025 0.01 0.015 0.005 0.005 0
 0.16 0.225 0.195 0.15 0.11 0.055 0.06 0.025 0.01 0.005 0.005 0
# olc_ind

# obs_lse_ind
 0.198042 0.198042 0.198042 0.198042 0.198042 0.198042 0.198042 0.198042 0.198042 0.198042 0.198042 0.198042 0.198042 0.198042 0.198042 0.198042 0.198042 0.198042 0.198042 0.198042 0.198042 0.198042 0.198042 0.198042 0.198042 0.198042 0.198042 0.198042 0.198042 0.198042
# xages_fsh
 0 0 0 0 0 0 0 0 0 0 0 0
# xages_fsh
 0 0.0909091 0.181818 0.272727 0.363636 0.454545 0.545455 0.636364 0.727273 0.818182 0.909091 1
# xnodes_fsh

Yrs fsh_sel change:  1 0 0 0 0 0 0 0 0 0 0 0 0 0 0 0 0 0 0 0 0 0 0 0 0 0 0 0 0
Yrs ind_sel change:  1 0 0 0 0 0 0 0 0 0 0 0 0 0 0 0 0 0 0 0 0 0 0 0 0 0 0 0 0
# steepnessprior
0.75
# sigmarprior
0.2
#  SSB estimated in styr endyr: -13 28 
#  Rec estimated in styr endyr: -11 30 
#  SR Curve fit  in styr endyr: 1 30 
#             Model styr endyr: 1 30 
# qprior
 3.48998e-007
# q_power_prior 
 1 
# cv_catchbiomass 
0.05 
# CatchbiomassPen 
200 
# Number of projection years 
5 
# offset_fsh
 13377.7
# offset_ind
 13136.1
Mean Catch
1351.3
R_guess 
15.469
# nfsh
1
# n_sel_ch_fsh
 1
# nselages_fsh
 11
# phase_selcoff_fsh
 -1
logRzero 15.469
logmeanrec 15.469
exp(log_sigmarprior 0.2
Fish sel phase: -1 FLEET1
Fixing fishery sel to
1
Srvy sel phase: -1
Fixing SURVEY1 indices sel to
1
# logsel_slp_in_indv
 0.693147
Leaving parameter init secton
# M
 0.2 0.2 0.2 0.2 0.2 0.2 0.2 0.2 0.2 0.2 0.2 0.2
 0.2 0.2 0.2 0.2 0.2 0.2 0.2 0.2 0.2 0.2 0.2 0.2
 0.2 0.2 0.2 0.2 0.2 0.2 0.2 0.2 0.2 0.2 0.2 0.2
 0.2 0.2 0.2 0.2 0.2 0.2 0.2 0.2 0.2 0.2 0.2 0.2
 0.2 0.2 0.2 0.2 0.2 0.2 0.2 0.2 0.2 0.2 0.2 0.2
 0.2 0.2 0.2 0.2 0.2 0.2 0.2 0.2 0.2 0.2 0.2 0.2
 0.2 0.2 0.2 0.2 0.2 0.2 0.2 0.2 0.2 0.2 0.2 0.2
 0.2 0.2 0.2 0.2 0.2 0.2 0.2 0.2 0.2 0.2 0.2 0.2
 0.2 0.2 0.2 0.2 0.2 0.2 0.2 0.2 0.2 0.2 0.2 0.2
 0.2 0.2 0.2 0.2 0.2 0.2 0.2 0.2 0.2 0.2 0.2 0.2
 0.2 0.2 0.2 0.2 0.2 0.2 0.2 0.2 0.2 0.2 0.2 0.2
 0.2 0.2 0.2 0.2 0.2 0.2 0.2 0.2 0.2 0.2 0.2 0.2
 0.2 0.2 0.2 0.2 0.2 0.2 0.2 0.2 0.2 0.2 0.2 0.2
 0.2 0.2 0.2 0.2 0.2 0.2 0.2 0.2 0.2 0.2 0.2 0.2
 0.2 0.2 0.2 0.2 0.2 0.2 0.2 0.2 0.2 0.2 0.2 0.2
 0.2 0.2 0.2 0.2 0.2 0.2 0.2 0.2 0.2 0.2 0.2 0.2
 0.2 0.2 0.2 0.2 0.2 0.2 0.2 0.2 0.2 0.2 0.2 0.2
 0.2 0.2 0.2 0.2 0.2 0.2 0.2 0.2 0.2 0.2 0.2 0.2
 0.2 0.2 0.2 0.2 0.2 0.2 0.2 0.2 0.2 0.2 0.2 0.2
 0.2 0.2 0.2 0.2 0.2 0.2 0.2 0.2 0.2 0.2 0.2 0.2
 0.2 0.2 0.2 0.2 0.2 0.2 0.2 0.2 0.2 0.2 0.2 0.2
 0.2 0.2 0.2 0.2 0.2 0.2 0.2 0.2 0.2 0.2 0.2 0.2
 0.2 0.2 0.2 0.2 0.2 0.2 0.2 0.2 0.2 0.2 0.2 0.2
 0.2 0.2 0.2 0.2 0.2 0.2 0.2 0.2 0.2 0.2 0.2 0.2
 0.2 0.2 0.2 0.2 0.2 0.2 0.2 0.2 0.2 0.2 0.2 0.2
 0.2 0.2 0.2 0.2 0.2 0.2 0.2 0.2 0.2 0.2 0.2 0.2
 0.2 0.2 0.2 0.2 0.2 0.2 0.2 0.2 0.2 0.2 0.2 0.2
 0.2 0.2 0.2 0.2 0.2 0.2 0.2 0.2 0.2 0.2 0.2 0.2
 0.2 0.2 0.2 0.2 0.2 0.2 0.2 0.2 0.2 0.2 0.2 0.2
 0.2 0.2 0.2 0.2 0.2 0.2 0.2 0.2 0.2 0.2 0.2 0.2
# mean_log_rec
13.7417
# log_Rzero
13.8663
# rec_dev
 -0.117163 -0.139896 -0.0390608 -0.0216438 -0.0901065 0.160548 -0.055475 -0.0939182 0.0664112 0.0907993 0.0420687 0.0448817 0.147569 -0.0711406 -0.00871293 0.186407 0.192765 -0.0577431 0.117175 0.131572 -0.0338623 0.259291 -0.0145535 0.0521318 0.238328 0.00307603 0.0726307 0.230076 0.331777 0.17905 0.0818599 0.310124 0.0455838 -0.170807 -0.135619 -0.0965057 -0.146547 -0.122568 -0.0596023 -0.222961 -0.0802302 -0.142426
# fmort
 0.00913165 0.0267848 0.0437108 0.059495 0.0471208 0.0855692 0.085976 0.181077 0.10558 0.126902 0.14392 0.153906 0.111855 0.162298 0.174717 0.157042 0.308785 0.250006 0.250899 0.247675 0.347003 0.254705 0.425595 0.357167 0.35736 0.322906 0.310774 0.422677 0.324899 0.503
# rec_dev_future
 0 0 0 0 0
