AMAK;Mar 2020
# styr
1
# endyr
30
# rec_age
1
# oldest_age
12
# nlength
81
# len_bins
 10 11 12 13 14 15 16 17 18 19 20 21 22 23 24 25 26 27 28 29 30 31 32 33 34 35 36 37 38 39 40 41 42 43 44 45 46 47 48 49 50 51 52 53 54 55 56 57 58 59 60 61 62 63 64 65 66 67 68 69 70 71 72 73 74 75 76 77 78 79 80 81 82 83 84 85 86 87 88 89 90
# datafile_name
amak_data.dat
# model_name
AMAK_MCP
# styr
1
# endyr
30
# rec_age
1
# oldest_age
12
# nfsh
1
# fshname
FLEET1
# catch_bio_in
 160.424 456.64 745.794 963.221 731.375 1250.78 1215.15 2337.37 1261.74 1472.45 1591.98 1604.18 1107 1513.75 1473.57 1240.99 2198.17 1596.37 1493.97 1396.67 1802.46 1178.81 1687.44 1166.05 1062.14 923.883 896.274 1173.17 836.177 1195.22
# catch_bio_sd_in
 0.01 0.01 0.01 0.01 0.01 0.01 0.01 0.01 0.01 0.01 0.01 0.01 0.01 0.01 0.01 0.01 0.01 0.01 0.01 0.01 0.01 0.01 0.01 0.01 0.01 0.01 0.01 0.01 0.01 0.01
# nyrs_fsh_age
 30
# nyrs_fsh_length
 0
# yrs_fsh_age_in
 1 2 3 4 5 6 7 8 9 10 11 12 13 14 15 16 17 18 19 20 21 22 23 24 25 26 27 28 29 30
# yrs_fsh_length_in

# n_sample_fsh_length_in

# olc_fsh_in

# nind
1
# indname
SURVEY1
# nyrs_ind
 30
# yrs_ind_in
 1 2 3 4 5 6 7 8 9 10 11 12 13 14 15 16 17 18 19 20 21 22 23 24 25 26 27 28 29 30
# mo_ind
 1
# obs_ind_in
 1.58414 1.72039 1.57278 1.32038 1.12845 1.40793 1.49687 1.30516 1.24992 1.50867 1.31204 1.01011 1.14679 0.859223 1.14093 0.931667 0.925822 0.881828 0.920151 0.909534 0.813593 0.678038 0.567671 0.532782 0.519959 0.43823 0.563311 0.434302 0.442866 0.488431
# obs_se_ind_in
 0.316828 0.344078 0.314557 0.264077 0.225691 0.281586 0.299373 0.261033 0.249984 0.301734 0.262407 0.202022 0.229357 0.171845 0.228185 0.186333 0.185164 0.176366 0.18403 0.181907 0.162719 0.135608 0.113534 0.106556 0.103992 0.0876461 0.112662 0.0868604 0.0885732 0.0976862
# nyrs_ind_age
 30
# nyrs_ind_length
 0
# yrs_ind_age_in
 1 2 3 4 5 6 7 8 9 10 11 12 13 14 15 16 17 18 19 20 21 22 23 24 25 26 27 28 29 30
# yrs_ind_length_in

# yrs_ind_age_in
 1 2 3 4 5 6 7 8 9 10 11 12 13 14 15 16 17 18 19 20 21 22 23 24 25 26 27 28 29 30
# n_sample_ind_length_in

# olc_ind_in

# oac_ind_in
 0.07 0.165 0.12 0.095 0.11 0.065 0.065 0.045 0.04 0.025 0.05 0.15
 0.05 0.1 0.145 0.13 0.13 0.07 0.055 0.075 0.07 0.01 0.02 0.145
 0.04 0.115 0.155 0.105 0.095 0.07 0.06 0.085 0.05 0.055 0.02 0.15
 0.08 0.13 0.135 0.1 0.095 0.07 0.05 0.07 0.04 0.04 0.03 0.16
 0.06 0.195 0.115 0.095 0.09 0.08 0.09 0.04 0.055 0.04 0.035 0.105
 0.045 0.13 0.18 0.105 0.065 0.095 0.06 0.065 0.035 0.04 0.055 0.125
 0.11 0.125 0.155 0.135 0.045 0.075 0.1 0.01 0.035 0.045 0.045 0.12
 0.04 0.275 0.18 0.095 0.09 0.035 0.06 0.03 0.03 0.045 0.025 0.095
 0.05 0.135 0.26 0.105 0.125 0.085 0.07 0.01 0.035 0.02 0.01 0.095
 0.065 0.18 0.17 0.165 0.12 0.045 0.075 0.055 0.03 0.025 0.01 0.06
 0.065 0.29 0.115 0.14 0.17 0.035 0.03 0.025 0.02 0.015 0.01 0.085
 0.09 0.135 0.2 0.125 0.07 0.125 0.075 0.05 0.03 0.015 0.03 0.055
 0.03 0.165 0.15 0.175 0.145 0.055 0.08 0.035 0.035 0.05 0.015 0.065
 0.11 0.145 0.175 0.145 0.135 0.075 0.06 0.045 0.03 0.02 0.01 0.05
 0.065 0.195 0.125 0.175 0.095 0.135 0.06 0.03 0.045 0.01 0.02 0.045
 0.085 0.205 0.225 0.065 0.095 0.055 0.045 0.055 0.05 0.05 0.02 0.05
 0.135 0.155 0.225 0.18 0.06 0.065 0.035 0.045 0.04 0.005 0.025 0.03
 0.125 0.28 0.16 0.15 0.1 0.05 0.02 0.03 0.025 0.015 0.015 0.03
 0.09 0.215 0.275 0.12 0.04 0.05 0.055 0.035 0.035 0.03 0.015 0.04
 0.11 0.155 0.22 0.19 0.07 0.065 0.055 0.03 0.03 0.02 0.015 0.04
 0.085 0.235 0.215 0.16 0.125 0.02 0.045 0.035 0.005 0.025 0.005 0.045
 0.09 0.16 0.245 0.15 0.165 0.065 0.04 0.035 0.01 0.01 0.01 0.02
 0.05 0.17 0.23 0.16 0.14 0.095 0.055 0.035 0.02 0.015 0 0.03
 0.165 0.13 0.2 0.145 0.115 0.06 0.08 0.06 0.015 0.005 0.005 0.02
 0.13 0.29 0.14 0.115 0.09 0.08 0.06 0.035 0.035 0.005 0.005 0.015
 0.075 0.21 0.3 0.135 0.06 0.095 0.045 0.035 0.025 0.015 0 0.005
 0.165 0.18 0.235 0.2 0.07 0.065 0.025 0.02 0 0.025 0.005 0.01
 0.06 0.315 0.195 0.22 0.1 0.04 0.015 0.02 0.02 0.005 0 0.01
 0.2 0.225 0.29 0.07 0.105 0.055 0.035 0.005 0.005 0 0.005 0.005
 0.105 0.35 0.215 0.14 0.055 0.07 0.02 0.01 0.01 0.005 0.01 0.01
# wt_ind
 1 1 1 1 1 1 1 1 1 1 1 1
 1 1 1 1 1 1 1 1 1 1 1 1
 1 1 1 1 1 1 1 1 1 1 1 1
 1 1 1 1 1 1 1 1 1 1 1 1
 1 1 1 1 1 1 1 1 1 1 1 1
 1 1 1 1 1 1 1 1 1 1 1 1
 1 1 1 1 1 1 1 1 1 1 1 1
 1 1 1 1 1 1 1 1 1 1 1 1
 1 1 1 1 1 1 1 1 1 1 1 1
 1 1 1 1 1 1 1 1 1 1 1 1
 1 1 1 1 1 1 1 1 1 1 1 1
 1 1 1 1 1 1 1 1 1 1 1 1
 1 1 1 1 1 1 1 1 1 1 1 1
 1 1 1 1 1 1 1 1 1 1 1 1
 1 1 1 1 1 1 1 1 1 1 1 1
 1 1 1 1 1 1 1 1 1 1 1 1
 1 1 1 1 1 1 1 1 1 1 1 1
 1 1 1 1 1 1 1 1 1 1 1 1
 1 1 1 1 1 1 1 1 1 1 1 1
 1 1 1 1 1 1 1 1 1 1 1 1
 1 1 1 1 1 1 1 1 1 1 1 1
 1 1 1 1 1 1 1 1 1 1 1 1
 1 1 1 1 1 1 1 1 1 1 1 1
 1 1 1 1 1 1 1 1 1 1 1 1
 1 1 1 1 1 1 1 1 1 1 1 1
 1 1 1 1 1 1 1 1 1 1 1 1
 1 1 1 1 1 1 1 1 1 1 1 1
 1 1 1 1 1 1 1 1 1 1 1 1
 1 1 1 1 1 1 1 1 1 1 1 1
 1 1 1 1 1 1 1 1 1 1 1 1
# wt_pop
 0.000530656 0.00119633 0.00205827 0.00303499 0.00405521 0.0050647 0.00602623 0.00691692 0.00772489 0.00844611 0.00908185 0.0096367
# maturity
 0.0229774 0.320821 0.904651 0.99478 0.999739 0.999987 0.999999 1 1 1 1 1
# spawnmo
1
# age_err
 1 0 0 0 0 0 0 0 0 0 0 0
 0 1 0 0 0 0 0 0 0 0 0 0
 0 0 1 0 0 0 0 0 0 0 0 0
 0 0 0 1 0 0 0 0 0 0 0 0
 0 0 0 0 1 0 0 0 0 0 0 0
 0 0 0 0 0 1 0 0 0 0 0 0
 0 0 0 0 0 0 1 0 0 0 0 0
 0 0 0 0 0 0 0 1 0 0 0 0
 0 0 0 0 0 0 0 0 1 0 0 0
 0 0 0 0 0 0 0 0 0 1 0 0
 0 0 0 0 0 0 0 0 0 0 1 0
 0 0 0 0 0 0 0 0 0 0 0 1
# cntrlfile_name
C:\Users\bai.li\DOCUME~1\Github\AGE_ST~1\ASSAMC\example\output\AMAK\s64\amak.dat
# Map shared selectivity: 
# sel_map
 1 2
 1 1
# datafile_name
amak_data.dat
# model_name
AMAK_MCP
# SrType
2
# use_age_err
0
# retro
0
# sigmarprior
0.2
# cvsigmarprior
0.25
# phase_sigmar
-3
# styr_rec_est
1
# endyr_rec_est
30
# Linfprior
80
# cvLinfprior
0.25
# kprior
0.18
# cvkprior
0.25
# Loprior
27.688
# cvLoprior
0.25
# sdageprior
0.1
# cvsdageprior
0.25
# natmortprior
0.2
# cvnatmortprior
0.25
# phase_M
-4
# npars_Mage
0
# ages_M_changes

# Mage_in

# Mage_offset_in

# phase_Mage
-5
# phase_rw_M
0
# npars_rw_M
0
# yrs_rw_M

# sigma_rw_M

# qprior
 3.48998e-007
# cvqprior
 1
# phase_q
 1
# q_power_prior
 1
# cvq_power_prior
 0.2
# phase_q_power
 -4
# phase_rw_q
 -1
# npars_rw_q
 0
# yrs_rw_q

# sigma_rw_q

# q_age_min
 1
# q_age_max
 12
# q_age_min
 1
# q_age_max
 12
# fsh_sel_opt(k)
2
# phase_sel_fsh(k)
2
# n_sel_ch_fsh(k)
1
# sel_slp_in_fsh(k)(1,n_sel_ch_fsh(k))
 1
# sel_inf_in_fsh(k)(1,n_sel_ch_fsh(k))
 2
# logsel_slp_in_fsh(k)(1,n_sel_ch_fsh(k))
 0
# yrs_sel_ch_fsh(k)(1,n_sel_ch_fsh(k))
 1

Survey SURVEY1
# ind_sel_opt(k)
2
# indname(k)
SURVEY1
# nselages_in_ind(k)
11
# phase_sel_ind(k)
2
# sel_change_in_ind(k)
 1 0 0 0 0 0 0 0 0 0 0 0 0 0 0 0 0 0 0 0 0 0 0 0 0 0 0 0 0 0
# n_sel_ch_ind(k)
1
# yrs_sel_ch_ind(k)(1,n_sel_ch_ind(k))
 1
# sel_slp_in_ind(k,1)
2
# sel_inf_in_ind(k,1)
1.5
# logsel_slp_in_ind(k,1)
0.693147
# logsel_slp_in_indv(k)
0.693147
SURVEY1 ind sel opt 2  1 0 0 0 0 0 0 0 0 0 0 0 0 0 0 0 0 0 0 0 0 0 0 0 0 0 0 0 0 0
Phase indices Sel_Coffs:  -1
 Test: 1.23457e+008
# Fshry Selages:  11
# Srvy  Selages:  11
# Phase for age-spec fishery  -1
# Phase for logistic fishery  2
# Phase for dble logistic fishery  -1
# Phase for age-spec indices   -1
# Phase for logistic indices   2
# Phase for dble logistic ind  -1
# Curv_pen_fsh: 
 0
# Curv_pen_ind: 
 0
# styr_fut
31
# endyr_fut
35
# nyrs_fsh_age
 30
# nyrs_fsh_age
 30
# yrs_fsh_age
 1 2 3 4 5 6 7 8 9 10 11 12 13 14 15 16 17 18 19 20 21 22 23 24 25 26 27 28 29 30
# n_sample_fsh_age
 200 200 200 200 200 200 200 200 200 200 200 200 200 200 200 200 200 200 200 200 200 200 200 200 200 200 200 200 200 200
# oac_fsh
 0.085 0.075 0.14 0.105 0.07 0.095 0.065 0.06 0.07 0.035 0.045 0.155
 0.06 0.125 0.1 0.13 0.12 0.1 0.085 0.02 0.04 0.035 0.02 0.165
 0.045 0.13 0.095 0.155 0.075 0.095 0.05 0.07 0.045 0.06 0.03 0.15
 0.07 0.135 0.105 0.08 0.125 0.105 0.055 0.075 0.04 0.055 0.04 0.115
 0.07 0.115 0.1 0.135 0.115 0.095 0.05 0.055 0.06 0.035 0.03 0.14
 0.065 0.14 0.15 0.13 0.065 0.09 0.085 0.055 0.035 0.02 0.04 0.125
 0.145 0.13 0.085 0.205 0.065 0.06 0.07 0.065 0.035 0.035 0.025 0.08
 0.115 0.205 0.16 0.105 0.12 0.05 0.02 0.04 0.05 0.015 0.02 0.1
 0.06 0.115 0.19 0.16 0.09 0.09 0.03 0.08 0.04 0.03 0.035 0.08
 0.085 0.115 0.125 0.225 0.085 0.06 0.08 0.05 0.025 0.035 0.03 0.085
 0.07 0.21 0.13 0.12 0.155 0.07 0.045 0.05 0.025 0.035 0.035 0.055
 0.095 0.135 0.2 0.115 0.125 0.14 0.05 0.025 0.04 0.005 0.005 0.065
 0.06 0.115 0.15 0.17 0.145 0.085 0.09 0.05 0.02 0.03 0.01 0.075
 0.135 0.09 0.155 0.1 0.17 0.085 0.07 0.055 0.05 0.03 0.02 0.04
 0.135 0.155 0.095 0.155 0.07 0.115 0.075 0.04 0.06 0.03 0.02 0.05
 0.1 0.185 0.185 0.055 0.12 0.06 0.08 0.065 0.025 0.025 0.02 0.08
 0.195 0.135 0.175 0.14 0.075 0.08 0.04 0.05 0.025 0.015 0.025 0.045
 0.115 0.255 0.205 0.125 0.085 0.04 0.015 0.025 0.05 0.025 0.025 0.035
 0.135 0.15 0.28 0.125 0.065 0.1 0.035 0.04 0.005 0.025 0.005 0.035
 0.165 0.16 0.17 0.2 0.105 0.04 0.06 0 0.015 0.02 0.015 0.05
 0.07 0.17 0.22 0.125 0.155 0.055 0.03 0.05 0.035 0.02 0.02 0.05
 0.13 0.145 0.2 0.165 0.115 0.095 0.07 0.03 0.03 0 0.01 0.01
 0.075 0.17 0.185 0.18 0.075 0.14 0.065 0.035 0.02 0.015 0 0.04
 0.2 0.105 0.17 0.14 0.17 0.055 0.06 0.05 0.015 0.005 0.02 0.01
 0.16 0.29 0.13 0.105 0.085 0.09 0.035 0.025 0.035 0.02 0.005 0.02
 0.115 0.265 0.255 0.1 0.09 0.055 0.04 0.015 0.02 0.02 0 0.025
 0.15 0.175 0.255 0.175 0.095 0.065 0.035 0.015 0.01 0.005 0 0.02
 0.095 0.26 0.15 0.18 0.15 0.055 0.035 0.015 0.025 0.015 0 0.02
 0.245 0.17 0.225 0.1 0.1 0.065 0.025 0.025 0.02 0.015 0.01 0
 0.18 0.235 0.17 0.215 0.035 0.055 0.045 0.03 0.03 0.005 0 0
# olc_fsh

# wt_fsh
 0.000530656 0.00119633 0.00205827 0.00303499 0.00405521 0.0050647 0.00602623 0.00691692 0.00772489 0.00844611 0.00908185 0.0096367
 0.000530656 0.00119633 0.00205827 0.00303499 0.00405521 0.0050647 0.00602623 0.00691692 0.00772489 0.00844611 0.00908185 0.0096367
 0.000530656 0.00119633 0.00205827 0.00303499 0.00405521 0.0050647 0.00602623 0.00691692 0.00772489 0.00844611 0.00908185 0.0096367
 0.000530656 0.00119633 0.00205827 0.00303499 0.00405521 0.0050647 0.00602623 0.00691692 0.00772489 0.00844611 0.00908185 0.0096367
 0.000530656 0.00119633 0.00205827 0.00303499 0.00405521 0.0050647 0.00602623 0.00691692 0.00772489 0.00844611 0.00908185 0.0096367
 0.000530656 0.00119633 0.00205827 0.00303499 0.00405521 0.0050647 0.00602623 0.00691692 0.00772489 0.00844611 0.00908185 0.0096367
 0.000530656 0.00119633 0.00205827 0.00303499 0.00405521 0.0050647 0.00602623 0.00691692 0.00772489 0.00844611 0.00908185 0.0096367
 0.000530656 0.00119633 0.00205827 0.00303499 0.00405521 0.0050647 0.00602623 0.00691692 0.00772489 0.00844611 0.00908185 0.0096367
 0.000530656 0.00119633 0.00205827 0.00303499 0.00405521 0.0050647 0.00602623 0.00691692 0.00772489 0.00844611 0.00908185 0.0096367
 0.000530656 0.00119633 0.00205827 0.00303499 0.00405521 0.0050647 0.00602623 0.00691692 0.00772489 0.00844611 0.00908185 0.0096367
 0.000530656 0.00119633 0.00205827 0.00303499 0.00405521 0.0050647 0.00602623 0.00691692 0.00772489 0.00844611 0.00908185 0.0096367
 0.000530656 0.00119633 0.00205827 0.00303499 0.00405521 0.0050647 0.00602623 0.00691692 0.00772489 0.00844611 0.00908185 0.0096367
 0.000530656 0.00119633 0.00205827 0.00303499 0.00405521 0.0050647 0.00602623 0.00691692 0.00772489 0.00844611 0.00908185 0.0096367
 0.000530656 0.00119633 0.00205827 0.00303499 0.00405521 0.0050647 0.00602623 0.00691692 0.00772489 0.00844611 0.00908185 0.0096367
 0.000530656 0.00119633 0.00205827 0.00303499 0.00405521 0.0050647 0.00602623 0.00691692 0.00772489 0.00844611 0.00908185 0.0096367
 0.000530656 0.00119633 0.00205827 0.00303499 0.00405521 0.0050647 0.00602623 0.00691692 0.00772489 0.00844611 0.00908185 0.0096367
 0.000530656 0.00119633 0.00205827 0.00303499 0.00405521 0.0050647 0.00602623 0.00691692 0.00772489 0.00844611 0.00908185 0.0096367
 0.000530656 0.00119633 0.00205827 0.00303499 0.00405521 0.0050647 0.00602623 0.00691692 0.00772489 0.00844611 0.00908185 0.0096367
 0.000530656 0.00119633 0.00205827 0.00303499 0.00405521 0.0050647 0.00602623 0.00691692 0.00772489 0.00844611 0.00908185 0.0096367
 0.000530656 0.00119633 0.00205827 0.00303499 0.00405521 0.0050647 0.00602623 0.00691692 0.00772489 0.00844611 0.00908185 0.0096367
 0.000530656 0.00119633 0.00205827 0.00303499 0.00405521 0.0050647 0.00602623 0.00691692 0.00772489 0.00844611 0.00908185 0.0096367
 0.000530656 0.00119633 0.00205827 0.00303499 0.00405521 0.0050647 0.00602623 0.00691692 0.00772489 0.00844611 0.00908185 0.0096367
 0.000530656 0.00119633 0.00205827 0.00303499 0.00405521 0.0050647 0.00602623 0.00691692 0.00772489 0.00844611 0.00908185 0.0096367
 0.000530656 0.00119633 0.00205827 0.00303499 0.00405521 0.0050647 0.00602623 0.00691692 0.00772489 0.00844611 0.00908185 0.0096367
 0.000530656 0.00119633 0.00205827 0.00303499 0.00405521 0.0050647 0.00602623 0.00691692 0.00772489 0.00844611 0.00908185 0.0096367
 0.000530656 0.00119633 0.00205827 0.00303499 0.00405521 0.0050647 0.00602623 0.00691692 0.00772489 0.00844611 0.00908185 0.0096367
 0.000530656 0.00119633 0.00205827 0.00303499 0.00405521 0.0050647 0.00602623 0.00691692 0.00772489 0.00844611 0.00908185 0.0096367
 0.000530656 0.00119633 0.00205827 0.00303499 0.00405521 0.0050647 0.00602623 0.00691692 0.00772489 0.00844611 0.00908185 0.0096367
 0.000530656 0.00119633 0.00205827 0.00303499 0.00405521 0.0050647 0.00602623 0.00691692 0.00772489 0.00844611 0.00908185 0.0096367
 0.000530656 0.00119633 0.00205827 0.00303499 0.00405521 0.0050647 0.00602623 0.00691692 0.00772489 0.00844611 0.00908185 0.0096367
# nyrs_ind_age
 30
# yrs_ind_age
 1 2 3 4 5 6 7 8 9 10 11 12 13 14 15 16 17 18 19 20 21 22 23 24 25 26 27 28 29 30
# n_sample_ind_age
 200 200 200 200 200 200 200 200 200 200 200 200 200 200 200 200 200 200 200 200 200 200 200 200 200 200 200 200 200 200
# oac_ind
 0.07 0.165 0.12 0.095 0.11 0.065 0.065 0.045 0.04 0.025 0.05 0.15
 0.05 0.1 0.145 0.13 0.13 0.07 0.055 0.075 0.07 0.01 0.02 0.145
 0.04 0.115 0.155 0.105 0.095 0.07 0.06 0.085 0.05 0.055 0.02 0.15
 0.08 0.13 0.135 0.1 0.095 0.07 0.05 0.07 0.04 0.04 0.03 0.16
 0.06 0.195 0.115 0.095 0.09 0.08 0.09 0.04 0.055 0.04 0.035 0.105
 0.045 0.13 0.18 0.105 0.065 0.095 0.06 0.065 0.035 0.04 0.055 0.125
 0.11 0.125 0.155 0.135 0.045 0.075 0.1 0.01 0.035 0.045 0.045 0.12
 0.04 0.275 0.18 0.095 0.09 0.035 0.06 0.03 0.03 0.045 0.025 0.095
 0.05 0.135 0.26 0.105 0.125 0.085 0.07 0.01 0.035 0.02 0.01 0.095
 0.065 0.18 0.17 0.165 0.12 0.045 0.075 0.055 0.03 0.025 0.01 0.06
 0.065 0.29 0.115 0.14 0.17 0.035 0.03 0.025 0.02 0.015 0.01 0.085
 0.09 0.135 0.2 0.125 0.07 0.125 0.075 0.05 0.03 0.015 0.03 0.055
 0.03 0.165 0.15 0.175 0.145 0.055 0.08 0.035 0.035 0.05 0.015 0.065
 0.11 0.145 0.175 0.145 0.135 0.075 0.06 0.045 0.03 0.02 0.01 0.05
 0.065 0.195 0.125 0.175 0.095 0.135 0.06 0.03 0.045 0.01 0.02 0.045
 0.085 0.205 0.225 0.065 0.095 0.055 0.045 0.055 0.05 0.05 0.02 0.05
 0.135 0.155 0.225 0.18 0.06 0.065 0.035 0.045 0.04 0.005 0.025 0.03
 0.125 0.28 0.16 0.15 0.1 0.05 0.02 0.03 0.025 0.015 0.015 0.03
 0.09 0.215 0.275 0.12 0.04 0.05 0.055 0.035 0.035 0.03 0.015 0.04
 0.11 0.155 0.22 0.19 0.07 0.065 0.055 0.03 0.03 0.02 0.015 0.04
 0.085 0.235 0.215 0.16 0.125 0.02 0.045 0.035 0.005 0.025 0.005 0.045
 0.09 0.16 0.245 0.15 0.165 0.065 0.04 0.035 0.01 0.01 0.01 0.02
 0.05 0.17 0.23 0.16 0.14 0.095 0.055 0.035 0.02 0.015 0 0.03
 0.165 0.13 0.2 0.145 0.115 0.06 0.08 0.06 0.015 0.005 0.005 0.02
 0.13 0.29 0.14 0.115 0.09 0.08 0.06 0.035 0.035 0.005 0.005 0.015
 0.075 0.21 0.3 0.135 0.06 0.095 0.045 0.035 0.025 0.015 0 0.005
 0.165 0.18 0.235 0.2 0.07 0.065 0.025 0.02 0 0.025 0.005 0.01
 0.06 0.315 0.195 0.22 0.1 0.04 0.015 0.02 0.02 0.005 0 0.01
 0.2 0.225 0.29 0.07 0.105 0.055 0.035 0.005 0.005 0 0.005 0.005
 0.105 0.35 0.215 0.14 0.055 0.07 0.02 0.01 0.01 0.005 0.01 0.01
# olc_ind

# obs_lse_ind
 0.198042 0.198042 0.198042 0.198042 0.198042 0.198042 0.198042 0.198042 0.198042 0.198042 0.198042 0.198042 0.198042 0.198042 0.198042 0.198042 0.198042 0.198042 0.198042 0.198042 0.198042 0.198042 0.198042 0.198042 0.198042 0.198042 0.198042 0.198042 0.198042 0.198042
# xages_fsh
 0 0 0 0 0 0 0 0 0 0 0 0
# xages_fsh
 0 0.0909091 0.181818 0.272727 0.363636 0.454545 0.545455 0.636364 0.727273 0.818182 0.909091 1
# xnodes_fsh

Yrs fsh_sel change:  1 0 0 0 0 0 0 0 0 0 0 0 0 0 0 0 0 0 0 0 0 0 0 0 0 0 0 0 0
Yrs ind_sel change:  1 0 0 0 0 0 0 0 0 0 0 0 0 0 0 0 0 0 0 0 0 0 0 0 0 0 0 0 0
# steepnessprior
0.75
# sigmarprior
0.2
#  SSB estimated in styr endyr: -13 28 
#  Rec estimated in styr endyr: -11 30 
#  SR Curve fit  in styr endyr: 1 30 
#             Model styr endyr: 1 30 
# qprior
 3.48998e-007
# q_power_prior 
 1 
# cv_catchbiomass 
0.05 
# CatchbiomassPen 
200 
# Number of projection years 
5 
# offset_fsh
 13395.6
# offset_ind
 13120.3
Mean Catch
1257.77
R_guess 
15.3972
# nfsh
1
# n_sel_ch_fsh
 1
# nselages_fsh
 11
# phase_selcoff_fsh
 -1
logRzero 15.3972
logmeanrec 15.3972
exp(log_sigmarprior 0.2
Fish sel phase: -1 FLEET1
Fixing fishery sel to
1
Srvy sel phase: -1
Fixing SURVEY1 indices sel to
1
# logsel_slp_in_indv
 0.693147
Leaving parameter init secton
# M
 0.2 0.2 0.2 0.2 0.2 0.2 0.2 0.2 0.2 0.2 0.2 0.2
 0.2 0.2 0.2 0.2 0.2 0.2 0.2 0.2 0.2 0.2 0.2 0.2
 0.2 0.2 0.2 0.2 0.2 0.2 0.2 0.2 0.2 0.2 0.2 0.2
 0.2 0.2 0.2 0.2 0.2 0.2 0.2 0.2 0.2 0.2 0.2 0.2
 0.2 0.2 0.2 0.2 0.2 0.2 0.2 0.2 0.2 0.2 0.2 0.2
 0.2 0.2 0.2 0.2 0.2 0.2 0.2 0.2 0.2 0.2 0.2 0.2
 0.2 0.2 0.2 0.2 0.2 0.2 0.2 0.2 0.2 0.2 0.2 0.2
 0.2 0.2 0.2 0.2 0.2 0.2 0.2 0.2 0.2 0.2 0.2 0.2
 0.2 0.2 0.2 0.2 0.2 0.2 0.2 0.2 0.2 0.2 0.2 0.2
 0.2 0.2 0.2 0.2 0.2 0.2 0.2 0.2 0.2 0.2 0.2 0.2
 0.2 0.2 0.2 0.2 0.2 0.2 0.2 0.2 0.2 0.2 0.2 0.2
 0.2 0.2 0.2 0.2 0.2 0.2 0.2 0.2 0.2 0.2 0.2 0.2
 0.2 0.2 0.2 0.2 0.2 0.2 0.2 0.2 0.2 0.2 0.2 0.2
 0.2 0.2 0.2 0.2 0.2 0.2 0.2 0.2 0.2 0.2 0.2 0.2
 0.2 0.2 0.2 0.2 0.2 0.2 0.2 0.2 0.2 0.2 0.2 0.2
 0.2 0.2 0.2 0.2 0.2 0.2 0.2 0.2 0.2 0.2 0.2 0.2
 0.2 0.2 0.2 0.2 0.2 0.2 0.2 0.2 0.2 0.2 0.2 0.2
 0.2 0.2 0.2 0.2 0.2 0.2 0.2 0.2 0.2 0.2 0.2 0.2
 0.2 0.2 0.2 0.2 0.2 0.2 0.2 0.2 0.2 0.2 0.2 0.2
 0.2 0.2 0.2 0.2 0.2 0.2 0.2 0.2 0.2 0.2 0.2 0.2
 0.2 0.2 0.2 0.2 0.2 0.2 0.2 0.2 0.2 0.2 0.2 0.2
 0.2 0.2 0.2 0.2 0.2 0.2 0.2 0.2 0.2 0.2 0.2 0.2
 0.2 0.2 0.2 0.2 0.2 0.2 0.2 0.2 0.2 0.2 0.2 0.2
 0.2 0.2 0.2 0.2 0.2 0.2 0.2 0.2 0.2 0.2 0.2 0.2
 0.2 0.2 0.2 0.2 0.2 0.2 0.2 0.2 0.2 0.2 0.2 0.2
 0.2 0.2 0.2 0.2 0.2 0.2 0.2 0.2 0.2 0.2 0.2 0.2
 0.2 0.2 0.2 0.2 0.2 0.2 0.2 0.2 0.2 0.2 0.2 0.2
 0.2 0.2 0.2 0.2 0.2 0.2 0.2 0.2 0.2 0.2 0.2 0.2
 0.2 0.2 0.2 0.2 0.2 0.2 0.2 0.2 0.2 0.2 0.2 0.2
 0.2 0.2 0.2 0.2 0.2 0.2 0.2 0.2 0.2 0.2 0.2 0.2
# mean_log_rec
13.7465
# log_Rzero
13.7824
# rec_dev
 -0.000495197 -0.00060115 0.144802 -0.17556 -0.108714 0.0797254 -0.0214322 0.0603238 0.00847645 -0.0410496 0.00589563 0.025258 0.0219363 -0.0952007 -0.159063 0.226797 -0.0183474 0.10201 0.550083 0.0571604 0.0698141 0.33233 -0.138267 -0.0161474 -0.449752 0.113602 -0.0265879 -0.0916979 0.361511 0.0877135 -0.0842195 0.00540385 -0.30174 -0.403561 -0.64482 -0.0937851 -0.221622 -0.666315 -0.175161 -0.548397 -0.0794561 -0.355727
# fmort
 0.00929598 0.0269291 0.04558 0.0618844 0.0492204 0.0884344 0.090672 0.18897 0.109778 0.132699 0.150782 0.161362 0.117233 0.169816 0.179713 0.161737 0.317349 0.259199 0.257492 0.251855 0.355217 0.256762 0.420282 0.344934 0.348194 0.321117 0.320652 0.454712 0.347115 0.529561
# rec_dev_future
 0 0 0 0 0
