AMAK;Mar 2020
# styr
1
# endyr
30
# rec_age
1
# oldest_age
12
# nlength
81
# len_bins
 10 11 12 13 14 15 16 17 18 19 20 21 22 23 24 25 26 27 28 29 30 31 32 33 34 35 36 37 38 39 40 41 42 43 44 45 46 47 48 49 50 51 52 53 54 55 56 57 58 59 60 61 62 63 64 65 66 67 68 69 70 71 72 73 74 75 76 77 78 79 80 81 82 83 84 85 86 87 88 89 90
# datafile_name
amak_data.dat
# model_name
AMAK_MCP
# styr
1
# endyr
30
# rec_age
1
# oldest_age
12
# nfsh
1
# fshname
FLEET1
# catch_bio_in
 161.896 466.467 746.884 974.572 743.976 1260.2 1184.42 2312.45 1288.81 1575.16 1803.86 1929.05 1421.68 2060.67 2088.26 1773.18 3092.59 2070.32 1765.25 1572.06 1982.97 1298.57 1842.86 1320.72 1358.42 1414.07 1586.34 2187.69 1486.31 2035.67
# catch_bio_sd_in
 0.01 0.01 0.01 0.01 0.01 0.01 0.01 0.01 0.01 0.01 0.01 0.01 0.01 0.01 0.01 0.01 0.01 0.01 0.01 0.01 0.01 0.01 0.01 0.01 0.01 0.01 0.01 0.01 0.01 0.01
# nyrs_fsh_age
 30
# nyrs_fsh_length
 0
# yrs_fsh_age_in
 1 2 3 4 5 6 7 8 9 10 11 12 13 14 15 16 17 18 19 20 21 22 23 24 25 26 27 28 29 30
# yrs_fsh_length_in

# n_sample_fsh_length_in

# olc_fsh_in

# nind
1
# indname
SURVEY1
# nyrs_ind
 30
# yrs_ind_in
 1 2 3 4 5 6 7 8 9 10 11 12 13 14 15 16 17 18 19 20 21 22 23 24 25 26 27 28 29 30
# mo_ind
 1
# obs_ind_in
 1.42555 1.2756 1.29695 1.18361 1.06009 1.0308 1.23071 1.31419 1.1234 1.24396 1.4412 1.39737 1.28567 1.2667 1.13856 1.08135 0.931834 0.684524 0.738417 0.657656 0.71519 0.794822 0.475295 0.64544 0.903361 0.918446 0.910655 0.792147 0.694427 0.718816
# obs_se_ind_in
 0.28511 0.25512 0.259391 0.236721 0.212018 0.20616 0.246142 0.262838 0.22468 0.248792 0.288239 0.279473 0.257134 0.25334 0.227712 0.21627 0.186367 0.136905 0.147683 0.131531 0.143038 0.158964 0.095059 0.129088 0.180672 0.183689 0.182131 0.158429 0.138885 0.143763
# nyrs_ind_age
 30
# nyrs_ind_length
 0
# yrs_ind_age_in
 1 2 3 4 5 6 7 8 9 10 11 12 13 14 15 16 17 18 19 20 21 22 23 24 25 26 27 28 29 30
# yrs_ind_length_in

# yrs_ind_age_in
 1 2 3 4 5 6 7 8 9 10 11 12 13 14 15 16 17 18 19 20 21 22 23 24 25 26 27 28 29 30
# n_sample_ind_length_in

# olc_ind_in

# oac_ind_in
 0.06 0.105 0.155 0.16 0.115 0.065 0.07 0.05 0.055 0.045 0.015 0.105
 0.065 0.115 0.18 0.145 0.065 0.12 0.05 0.03 0.04 0.045 0.03 0.115
 0.05 0.215 0.14 0.08 0.11 0.085 0.075 0.015 0.075 0.02 0.01 0.125
 0.075 0.1 0.14 0.135 0.105 0.08 0.055 0.075 0.055 0.03 0.04 0.11
 0.03 0.085 0.125 0.2 0.09 0.095 0.07 0.05 0.04 0.045 0.025 0.145
 0.09 0.09 0.155 0.075 0.195 0.09 0.03 0.04 0.05 0.02 0.02 0.145
 0.155 0.205 0.11 0.115 0.035 0.095 0.075 0.05 0.015 0.02 0.02 0.105
 0.035 0.255 0.22 0.075 0.075 0.04 0.055 0.05 0.005 0.055 0.015 0.12
 0.135 0.09 0.265 0.13 0.02 0.08 0.03 0.05 0.025 0.035 0.005 0.135
 0.11 0.275 0.155 0.165 0.08 0.04 0.02 0.025 0.06 0.01 0.01 0.05
 0.05 0.21 0.315 0.08 0.125 0.04 0.03 0.045 0.025 0.015 0.01 0.055
 0.155 0.14 0.185 0.215 0.08 0.095 0.045 0.005 0.03 0.01 0.01 0.03
 0.03 0.35 0.12 0.125 0.15 0.04 0.07 0.04 0.015 0.01 0 0.05
 0.05 0.075 0.33 0.095 0.095 0.125 0.055 0.09 0.04 0.01 0.005 0.03
 0.13 0.08 0.145 0.255 0.035 0.135 0.085 0.03 0.02 0.02 0.01 0.055
 0.02 0.34 0.095 0.07 0.175 0.05 0.06 0.06 0.03 0.05 0.01 0.04
 0.025 0.075 0.37 0.095 0.075 0.115 0.05 0.07 0.08 0.005 0.005 0.035
 0.055 0.095 0.11 0.29 0.075 0.045 0.13 0.055 0.065 0.025 0.015 0.04
 0.17 0.16 0.13 0.02 0.22 0.055 0.015 0.085 0.03 0.01 0.055 0.05
 0.065 0.405 0.21 0.05 0.04 0.085 0.03 0.02 0.045 0.005 0.025 0.02
 0.12 0.12 0.37 0.15 0.035 0.015 0.075 0.02 0.005 0.02 0.01 0.06
 0.025 0.32 0.15 0.27 0.08 0.04 0.025 0.05 0 0.005 0.015 0.02
 0.115 0.075 0.23 0.11 0.29 0.05 0.025 0 0.06 0.005 0 0.04
 0.21 0.25 0.055 0.195 0.085 0.11 0.03 0.02 0 0.015 0.01 0.02
 0.245 0.365 0.17 0.02 0.08 0.04 0.05 0.01 0.005 0 0.005 0.01
 0.095 0.4 0.3 0.055 0.035 0.045 0.025 0.025 0 0 0 0.02
 0.08 0.185 0.37 0.21 0.055 0.01 0.02 0.015 0.04 0 0.005 0.01
 0.04 0.175 0.25 0.335 0.1 0.06 0 0.01 0.02 0.01 0 0
 0.185 0.07 0.205 0.145 0.185 0.115 0.06 0.005 0.005 0.005 0.01 0.01
 0.15 0.38 0.09 0.115 0.12 0.08 0.04 0.015 0 0.005 0 0.005
# wt_ind
 1 1 1 1 1 1 1 1 1 1 1 1
 1 1 1 1 1 1 1 1 1 1 1 1
 1 1 1 1 1 1 1 1 1 1 1 1
 1 1 1 1 1 1 1 1 1 1 1 1
 1 1 1 1 1 1 1 1 1 1 1 1
 1 1 1 1 1 1 1 1 1 1 1 1
 1 1 1 1 1 1 1 1 1 1 1 1
 1 1 1 1 1 1 1 1 1 1 1 1
 1 1 1 1 1 1 1 1 1 1 1 1
 1 1 1 1 1 1 1 1 1 1 1 1
 1 1 1 1 1 1 1 1 1 1 1 1
 1 1 1 1 1 1 1 1 1 1 1 1
 1 1 1 1 1 1 1 1 1 1 1 1
 1 1 1 1 1 1 1 1 1 1 1 1
 1 1 1 1 1 1 1 1 1 1 1 1
 1 1 1 1 1 1 1 1 1 1 1 1
 1 1 1 1 1 1 1 1 1 1 1 1
 1 1 1 1 1 1 1 1 1 1 1 1
 1 1 1 1 1 1 1 1 1 1 1 1
 1 1 1 1 1 1 1 1 1 1 1 1
 1 1 1 1 1 1 1 1 1 1 1 1
 1 1 1 1 1 1 1 1 1 1 1 1
 1 1 1 1 1 1 1 1 1 1 1 1
 1 1 1 1 1 1 1 1 1 1 1 1
 1 1 1 1 1 1 1 1 1 1 1 1
 1 1 1 1 1 1 1 1 1 1 1 1
 1 1 1 1 1 1 1 1 1 1 1 1
 1 1 1 1 1 1 1 1 1 1 1 1
 1 1 1 1 1 1 1 1 1 1 1 1
 1 1 1 1 1 1 1 1 1 1 1 1
# wt_pop
 0.000530656 0.00119633 0.00205827 0.00303499 0.00405521 0.0050647 0.00602623 0.00691692 0.00772489 0.00844611 0.00908185 0.0096367
# maturity
 0.0229774 0.320821 0.904651 0.99478 0.999739 0.999987 0.999999 1 1 1 1 1
# spawnmo
1
# age_err
 1 0 0 0 0 0 0 0 0 0 0 0
 0 1 0 0 0 0 0 0 0 0 0 0
 0 0 1 0 0 0 0 0 0 0 0 0
 0 0 0 1 0 0 0 0 0 0 0 0
 0 0 0 0 1 0 0 0 0 0 0 0
 0 0 0 0 0 1 0 0 0 0 0 0
 0 0 0 0 0 0 1 0 0 0 0 0
 0 0 0 0 0 0 0 1 0 0 0 0
 0 0 0 0 0 0 0 0 1 0 0 0
 0 0 0 0 0 0 0 0 0 1 0 0
 0 0 0 0 0 0 0 0 0 0 1 0
 0 0 0 0 0 0 0 0 0 0 0 1
# cntrlfile_name
C:\Users\bai.li\DOCUME~1\Github\AGE_ST~2\ASSAMC\example\C2\output\AMAK\s7\amak.dat
# Map shared selectivity: 
# sel_map
 1 2
 1 1
# datafile_name
amak_data.dat
# model_name
AMAK_MCP
# SrType
2
# use_age_err
0
# retro
0
# sigmarprior
0.6
# cvsigmarprior
0.65
# phase_sigmar
-3
# styr_rec_est
1
# endyr_rec_est
30
# Linfprior
80
# cvLinfprior
0.25
# kprior
0.18
# cvkprior
0.25
# Loprior
27.688
# cvLoprior
0.25
# sdageprior
0.1
# cvsdageprior
0.25
# natmortprior
0.2
# cvnatmortprior
0.25
# phase_M
-4
# npars_Mage
0
# ages_M_changes

# Mage_in

# Mage_offset_in

# phase_Mage
-5
# phase_rw_M
0
# npars_rw_M
0
# yrs_rw_M

# sigma_rw_M

# qprior
 3.48998e-007
# cvqprior
 1
# phase_q
 1
# q_power_prior
 1
# cvq_power_prior
 0.2
# phase_q_power
 -4
# phase_rw_q
 -1
# npars_rw_q
 0
# yrs_rw_q

# sigma_rw_q

# q_age_min
 1
# q_age_max
 12
# q_age_min
 1
# q_age_max
 12
# fsh_sel_opt(k)
2
# phase_sel_fsh(k)
2
# n_sel_ch_fsh(k)
1
# sel_slp_in_fsh(k)(1,n_sel_ch_fsh(k))
 1
# sel_inf_in_fsh(k)(1,n_sel_ch_fsh(k))
 2
# logsel_slp_in_fsh(k)(1,n_sel_ch_fsh(k))
 0
# yrs_sel_ch_fsh(k)(1,n_sel_ch_fsh(k))
 1

Survey SURVEY1
# ind_sel_opt(k)
2
# indname(k)
SURVEY1
# nselages_in_ind(k)
11
# phase_sel_ind(k)
2
# sel_change_in_ind(k)
 1 0 0 0 0 0 0 0 0 0 0 0 0 0 0 0 0 0 0 0 0 0 0 0 0 0 0 0 0 0
# n_sel_ch_ind(k)
1
# yrs_sel_ch_ind(k)(1,n_sel_ch_ind(k))
 1
# sel_slp_in_ind(k,1)
2
# sel_inf_in_ind(k,1)
1.5
# logsel_slp_in_ind(k,1)
0.693147
# logsel_slp_in_indv(k)
0.693147
SURVEY1 ind sel opt 2  1 0 0 0 0 0 0 0 0 0 0 0 0 0 0 0 0 0 0 0 0 0 0 0 0 0 0 0 0 0
Phase indices Sel_Coffs:  -1
 Test: 1.23457e+008
# Fshry Selages:  11
# Srvy  Selages:  11
# Phase for age-spec fishery  -1
# Phase for logistic fishery  2
# Phase for dble logistic fishery  -1
# Phase for age-spec indices   -1
# Phase for logistic indices   2
# Phase for dble logistic ind  -1
# Curv_pen_fsh: 
 0
# Curv_pen_ind: 
 0
# styr_fut
31
# endyr_fut
35
# nyrs_fsh_age
 30
# nyrs_fsh_age
 30
# yrs_fsh_age
 1 2 3 4 5 6 7 8 9 10 11 12 13 14 15 16 17 18 19 20 21 22 23 24 25 26 27 28 29 30
# n_sample_fsh_age
 200 200 200 200 200 200 200 200 200 200 200 200 200 200 200 200 200 200 200 200 200 200 200 200 200 200 200 200 200 200
# oac_fsh
 0.095 0.105 0.145 0.16 0.115 0.06 0.03 0.07 0.045 0.04 0.04 0.095
 0.055 0.115 0.11 0.12 0.1 0.115 0.04 0.075 0.04 0.05 0.04 0.14
 0.02 0.135 0.135 0.15 0.095 0.085 0.08 0.055 0.045 0.055 0.035 0.11
 0.04 0.065 0.165 0.14 0.155 0.045 0.105 0.035 0.035 0.035 0.035 0.145
 0.02 0.095 0.095 0.215 0.145 0.06 0.055 0.08 0.06 0.015 0.025 0.135
 0.12 0.07 0.105 0.065 0.14 0.14 0.05 0.075 0.045 0.04 0.02 0.13
 0.155 0.165 0.045 0.115 0.065 0.11 0.075 0.045 0.055 0.025 0.025 0.12
 0.04 0.205 0.18 0.075 0.085 0.04 0.1 0.065 0.03 0.04 0.03 0.11
 0.17 0.125 0.2 0.155 0.03 0.085 0.02 0.045 0.03 0.01 0.025 0.105
 0.16 0.235 0.12 0.13 0.11 0.025 0.045 0.025 0.04 0.025 0.01 0.075
 0.05 0.19 0.23 0.04 0.155 0.105 0.035 0.015 0.005 0.025 0.03 0.12
 0.205 0.07 0.205 0.28 0.03 0.09 0.04 0.005 0.03 0.005 0 0.04
 0.05 0.235 0.09 0.175 0.2 0.055 0.075 0.04 0.01 0.01 0.005 0.055
 0.055 0.095 0.31 0.085 0.1 0.14 0.05 0.06 0.03 0.015 0.005 0.055
 0.165 0.07 0.125 0.275 0.075 0.095 0.09 0.025 0.045 0.01 0.01 0.015
 0.05 0.245 0.12 0.065 0.205 0.085 0.07 0.06 0.025 0.035 0.01 0.03
 0.045 0.05 0.37 0.08 0.06 0.18 0.025 0.05 0.04 0.025 0.035 0.04
 0.135 0.1 0.04 0.3 0.07 0.05 0.105 0.035 0.055 0.07 0.015 0.025
 0.175 0.145 0.065 0.035 0.26 0.025 0.035 0.125 0.04 0.03 0.025 0.04
 0.075 0.34 0.15 0.02 0.065 0.18 0.015 0.02 0.065 0.01 0.015 0.045
 0.155 0.115 0.35 0.11 0.04 0.025 0.085 0.025 0.025 0.03 0 0.04
 0.035 0.23 0.11 0.345 0.085 0.035 0.025 0.08 0.015 0.005 0.025 0.01
 0.135 0.045 0.29 0.13 0.2 0.095 0.03 0.01 0.025 0.015 0 0.025
 0.33 0.185 0.015 0.185 0.065 0.12 0.04 0.015 0 0.01 0 0.035
 0.34 0.29 0.12 0.02 0.075 0.03 0.045 0.025 0.005 0.005 0.015 0.03
 0.12 0.335 0.32 0.105 0.015 0.055 0.005 0.02 0 0 0.005 0.02
 0.085 0.23 0.35 0.22 0.06 0 0.01 0.02 0.015 0 0.005 0.005
 0.045 0.175 0.16 0.305 0.185 0.07 0.015 0.02 0.005 0.01 0.01 0
 0.2 0.095 0.1 0.15 0.25 0.105 0.06 0.005 0.015 0 0.015 0.005
 0.27 0.235 0.06 0.16 0.11 0.09 0.05 0.005 0.005 0.005 0 0.01
# olc_fsh

# wt_fsh
 0.000530656 0.00119633 0.00205827 0.00303499 0.00405521 0.0050647 0.00602623 0.00691692 0.00772489 0.00844611 0.00908185 0.0096367
 0.000530656 0.00119633 0.00205827 0.00303499 0.00405521 0.0050647 0.00602623 0.00691692 0.00772489 0.00844611 0.00908185 0.0096367
 0.000530656 0.00119633 0.00205827 0.00303499 0.00405521 0.0050647 0.00602623 0.00691692 0.00772489 0.00844611 0.00908185 0.0096367
 0.000530656 0.00119633 0.00205827 0.00303499 0.00405521 0.0050647 0.00602623 0.00691692 0.00772489 0.00844611 0.00908185 0.0096367
 0.000530656 0.00119633 0.00205827 0.00303499 0.00405521 0.0050647 0.00602623 0.00691692 0.00772489 0.00844611 0.00908185 0.0096367
 0.000530656 0.00119633 0.00205827 0.00303499 0.00405521 0.0050647 0.00602623 0.00691692 0.00772489 0.00844611 0.00908185 0.0096367
 0.000530656 0.00119633 0.00205827 0.00303499 0.00405521 0.0050647 0.00602623 0.00691692 0.00772489 0.00844611 0.00908185 0.0096367
 0.000530656 0.00119633 0.00205827 0.00303499 0.00405521 0.0050647 0.00602623 0.00691692 0.00772489 0.00844611 0.00908185 0.0096367
 0.000530656 0.00119633 0.00205827 0.00303499 0.00405521 0.0050647 0.00602623 0.00691692 0.00772489 0.00844611 0.00908185 0.0096367
 0.000530656 0.00119633 0.00205827 0.00303499 0.00405521 0.0050647 0.00602623 0.00691692 0.00772489 0.00844611 0.00908185 0.0096367
 0.000530656 0.00119633 0.00205827 0.00303499 0.00405521 0.0050647 0.00602623 0.00691692 0.00772489 0.00844611 0.00908185 0.0096367
 0.000530656 0.00119633 0.00205827 0.00303499 0.00405521 0.0050647 0.00602623 0.00691692 0.00772489 0.00844611 0.00908185 0.0096367
 0.000530656 0.00119633 0.00205827 0.00303499 0.00405521 0.0050647 0.00602623 0.00691692 0.00772489 0.00844611 0.00908185 0.0096367
 0.000530656 0.00119633 0.00205827 0.00303499 0.00405521 0.0050647 0.00602623 0.00691692 0.00772489 0.00844611 0.00908185 0.0096367
 0.000530656 0.00119633 0.00205827 0.00303499 0.00405521 0.0050647 0.00602623 0.00691692 0.00772489 0.00844611 0.00908185 0.0096367
 0.000530656 0.00119633 0.00205827 0.00303499 0.00405521 0.0050647 0.00602623 0.00691692 0.00772489 0.00844611 0.00908185 0.0096367
 0.000530656 0.00119633 0.00205827 0.00303499 0.00405521 0.0050647 0.00602623 0.00691692 0.00772489 0.00844611 0.00908185 0.0096367
 0.000530656 0.00119633 0.00205827 0.00303499 0.00405521 0.0050647 0.00602623 0.00691692 0.00772489 0.00844611 0.00908185 0.0096367
 0.000530656 0.00119633 0.00205827 0.00303499 0.00405521 0.0050647 0.00602623 0.00691692 0.00772489 0.00844611 0.00908185 0.0096367
 0.000530656 0.00119633 0.00205827 0.00303499 0.00405521 0.0050647 0.00602623 0.00691692 0.00772489 0.00844611 0.00908185 0.0096367
 0.000530656 0.00119633 0.00205827 0.00303499 0.00405521 0.0050647 0.00602623 0.00691692 0.00772489 0.00844611 0.00908185 0.0096367
 0.000530656 0.00119633 0.00205827 0.00303499 0.00405521 0.0050647 0.00602623 0.00691692 0.00772489 0.00844611 0.00908185 0.0096367
 0.000530656 0.00119633 0.00205827 0.00303499 0.00405521 0.0050647 0.00602623 0.00691692 0.00772489 0.00844611 0.00908185 0.0096367
 0.000530656 0.00119633 0.00205827 0.00303499 0.00405521 0.0050647 0.00602623 0.00691692 0.00772489 0.00844611 0.00908185 0.0096367
 0.000530656 0.00119633 0.00205827 0.00303499 0.00405521 0.0050647 0.00602623 0.00691692 0.00772489 0.00844611 0.00908185 0.0096367
 0.000530656 0.00119633 0.00205827 0.00303499 0.00405521 0.0050647 0.00602623 0.00691692 0.00772489 0.00844611 0.00908185 0.0096367
 0.000530656 0.00119633 0.00205827 0.00303499 0.00405521 0.0050647 0.00602623 0.00691692 0.00772489 0.00844611 0.00908185 0.0096367
 0.000530656 0.00119633 0.00205827 0.00303499 0.00405521 0.0050647 0.00602623 0.00691692 0.00772489 0.00844611 0.00908185 0.0096367
 0.000530656 0.00119633 0.00205827 0.00303499 0.00405521 0.0050647 0.00602623 0.00691692 0.00772489 0.00844611 0.00908185 0.0096367
 0.000530656 0.00119633 0.00205827 0.00303499 0.00405521 0.0050647 0.00602623 0.00691692 0.00772489 0.00844611 0.00908185 0.0096367
# nyrs_ind_age
 30
# yrs_ind_age
 1 2 3 4 5 6 7 8 9 10 11 12 13 14 15 16 17 18 19 20 21 22 23 24 25 26 27 28 29 30
# n_sample_ind_age
 200 200 200 200 200 200 200 200 200 200 200 200 200 200 200 200 200 200 200 200 200 200 200 200 200 200 200 200 200 200
# oac_ind
 0.06 0.105 0.155 0.16 0.115 0.065 0.07 0.05 0.055 0.045 0.015 0.105
 0.065 0.115 0.18 0.145 0.065 0.12 0.05 0.03 0.04 0.045 0.03 0.115
 0.05 0.215 0.14 0.08 0.11 0.085 0.075 0.015 0.075 0.02 0.01 0.125
 0.075 0.1 0.14 0.135 0.105 0.08 0.055 0.075 0.055 0.03 0.04 0.11
 0.03 0.085 0.125 0.2 0.09 0.095 0.07 0.05 0.04 0.045 0.025 0.145
 0.09 0.09 0.155 0.075 0.195 0.09 0.03 0.04 0.05 0.02 0.02 0.145
 0.155 0.205 0.11 0.115 0.035 0.095 0.075 0.05 0.015 0.02 0.02 0.105
 0.035 0.255 0.22 0.075 0.075 0.04 0.055 0.05 0.005 0.055 0.015 0.12
 0.135 0.09 0.265 0.13 0.02 0.08 0.03 0.05 0.025 0.035 0.005 0.135
 0.11 0.275 0.155 0.165 0.08 0.04 0.02 0.025 0.06 0.01 0.01 0.05
 0.05 0.21 0.315 0.08 0.125 0.04 0.03 0.045 0.025 0.015 0.01 0.055
 0.155 0.14 0.185 0.215 0.08 0.095 0.045 0.005 0.03 0.01 0.01 0.03
 0.03 0.35 0.12 0.125 0.15 0.04 0.07 0.04 0.015 0.01 0 0.05
 0.05 0.075 0.33 0.095 0.095 0.125 0.055 0.09 0.04 0.01 0.005 0.03
 0.13 0.08 0.145 0.255 0.035 0.135 0.085 0.03 0.02 0.02 0.01 0.055
 0.02 0.34 0.095 0.07 0.175 0.05 0.06 0.06 0.03 0.05 0.01 0.04
 0.025 0.075 0.37 0.095 0.075 0.115 0.05 0.07 0.08 0.005 0.005 0.035
 0.055 0.095 0.11 0.29 0.075 0.045 0.13 0.055 0.065 0.025 0.015 0.04
 0.17 0.16 0.13 0.02 0.22 0.055 0.015 0.085 0.03 0.01 0.055 0.05
 0.065 0.405 0.21 0.05 0.04 0.085 0.03 0.02 0.045 0.005 0.025 0.02
 0.12 0.12 0.37 0.15 0.035 0.015 0.075 0.02 0.005 0.02 0.01 0.06
 0.025 0.32 0.15 0.27 0.08 0.04 0.025 0.05 0 0.005 0.015 0.02
 0.115 0.075 0.23 0.11 0.29 0.05 0.025 0 0.06 0.005 0 0.04
 0.21 0.25 0.055 0.195 0.085 0.11 0.03 0.02 0 0.015 0.01 0.02
 0.245 0.365 0.17 0.02 0.08 0.04 0.05 0.01 0.005 0 0.005 0.01
 0.095 0.4 0.3 0.055 0.035 0.045 0.025 0.025 0 0 0 0.02
 0.08 0.185 0.37 0.21 0.055 0.01 0.02 0.015 0.04 0 0.005 0.01
 0.04 0.175 0.25 0.335 0.1 0.06 0 0.01 0.02 0.01 0 0
 0.185 0.07 0.205 0.145 0.185 0.115 0.06 0.005 0.005 0.005 0.01 0.01
 0.15 0.38 0.09 0.115 0.12 0.08 0.04 0.015 0 0.005 0 0.005
# olc_ind

# obs_lse_ind
 0.198042 0.198042 0.198042 0.198042 0.198042 0.198042 0.198042 0.198042 0.198042 0.198042 0.198042 0.198042 0.198042 0.198042 0.198042 0.198042 0.198042 0.198042 0.198042 0.198042 0.198042 0.198042 0.198042 0.198042 0.198042 0.198042 0.198042 0.198042 0.198042 0.198042
# xages_fsh
 0 0 0 0 0 0 0 0 0 0 0 0
# xages_fsh
 0 0.0909091 0.181818 0.272727 0.363636 0.454545 0.545455 0.636364 0.727273 0.818182 0.909091 1
# xnodes_fsh

Yrs fsh_sel change:  1 0 0 0 0 0 0 0 0 0 0 0 0 0 0 0 0 0 0 0 0 0 0 0 0 0 0 0 0
Yrs ind_sel change:  1 0 0 0 0 0 0 0 0 0 0 0 0 0 0 0 0 0 0 0 0 0 0 0 0 0 0 0 0
# steepnessprior
0.75
# sigmarprior
0.6
#  SSB estimated in styr endyr: -13 28 
#  Rec estimated in styr endyr: -11 30 
#  SR Curve fit  in styr endyr: 1 30 
#             Model styr endyr: 1 30 
# qprior
 3.48998e-007
# q_power_prior 
 1 
# cv_catchbiomass 
0.05 
# CatchbiomassPen 
200 
# Number of projection years 
5 
# offset_fsh
 12653.1
# offset_ind
 12469.3
Mean Catch
1560.18
R_guess 
15.6127
# nfsh
1
# n_sel_ch_fsh
 1
# nselages_fsh
 11
# phase_selcoff_fsh
 -1
logRzero 15.6127
logmeanrec 15.6127
exp(log_sigmarprior 0.6
Fish sel phase: -1 FLEET1
Fixing fishery sel to
1
Srvy sel phase: -1
Fixing SURVEY1 indices sel to
1
# logsel_slp_in_indv
 0.693147
Leaving parameter init secton
# M
 0.2 0.2 0.2 0.2 0.2 0.2 0.2 0.2 0.2 0.2 0.2 0.2
 0.2 0.2 0.2 0.2 0.2 0.2 0.2 0.2 0.2 0.2 0.2 0.2
 0.2 0.2 0.2 0.2 0.2 0.2 0.2 0.2 0.2 0.2 0.2 0.2
 0.2 0.2 0.2 0.2 0.2 0.2 0.2 0.2 0.2 0.2 0.2 0.2
 0.2 0.2 0.2 0.2 0.2 0.2 0.2 0.2 0.2 0.2 0.2 0.2
 0.2 0.2 0.2 0.2 0.2 0.2 0.2 0.2 0.2 0.2 0.2 0.2
 0.2 0.2 0.2 0.2 0.2 0.2 0.2 0.2 0.2 0.2 0.2 0.2
 0.2 0.2 0.2 0.2 0.2 0.2 0.2 0.2 0.2 0.2 0.2 0.2
 0.2 0.2 0.2 0.2 0.2 0.2 0.2 0.2 0.2 0.2 0.2 0.2
 0.2 0.2 0.2 0.2 0.2 0.2 0.2 0.2 0.2 0.2 0.2 0.2
 0.2 0.2 0.2 0.2 0.2 0.2 0.2 0.2 0.2 0.2 0.2 0.2
 0.2 0.2 0.2 0.2 0.2 0.2 0.2 0.2 0.2 0.2 0.2 0.2
 0.2 0.2 0.2 0.2 0.2 0.2 0.2 0.2 0.2 0.2 0.2 0.2
 0.2 0.2 0.2 0.2 0.2 0.2 0.2 0.2 0.2 0.2 0.2 0.2
 0.2 0.2 0.2 0.2 0.2 0.2 0.2 0.2 0.2 0.2 0.2 0.2
 0.2 0.2 0.2 0.2 0.2 0.2 0.2 0.2 0.2 0.2 0.2 0.2
 0.2 0.2 0.2 0.2 0.2 0.2 0.2 0.2 0.2 0.2 0.2 0.2
 0.2 0.2 0.2 0.2 0.2 0.2 0.2 0.2 0.2 0.2 0.2 0.2
 0.2 0.2 0.2 0.2 0.2 0.2 0.2 0.2 0.2 0.2 0.2 0.2
 0.2 0.2 0.2 0.2 0.2 0.2 0.2 0.2 0.2 0.2 0.2 0.2
 0.2 0.2 0.2 0.2 0.2 0.2 0.2 0.2 0.2 0.2 0.2 0.2
 0.2 0.2 0.2 0.2 0.2 0.2 0.2 0.2 0.2 0.2 0.2 0.2
 0.2 0.2 0.2 0.2 0.2 0.2 0.2 0.2 0.2 0.2 0.2 0.2
 0.2 0.2 0.2 0.2 0.2 0.2 0.2 0.2 0.2 0.2 0.2 0.2
 0.2 0.2 0.2 0.2 0.2 0.2 0.2 0.2 0.2 0.2 0.2 0.2
 0.2 0.2 0.2 0.2 0.2 0.2 0.2 0.2 0.2 0.2 0.2 0.2
 0.2 0.2 0.2 0.2 0.2 0.2 0.2 0.2 0.2 0.2 0.2 0.2
 0.2 0.2 0.2 0.2 0.2 0.2 0.2 0.2 0.2 0.2 0.2 0.2
 0.2 0.2 0.2 0.2 0.2 0.2 0.2 0.2 0.2 0.2 0.2 0.2
 0.2 0.2 0.2 0.2 0.2 0.2 0.2 0.2 0.2 0.2 0.2 0.2
# mean_log_rec
13.7337
# log_Rzero
13.8081
# rec_dev
 -0.354972 -0.410265 -0.0321449 0.164817 0.124559 0.109019 -0.0027972 -0.222023 0.184449 0.135462 0.0865119 0.0124184 0.17819 0.370931 -0.438358 -0.0635643 -0.550786 0.37763 0.687688 -0.0365702 0.926415 0.61964 -0.0174709 1.00033 -0.244554 -0.291509 0.862219 -0.873368 -0.684823 -0.0647561 0.711687 -0.340574 0.202513 -1.42969 -0.00784168 0.709166 0.93666 0.238086 -0.0457482 -0.843971 0.471766 0.607834
# fmort
 0.00929287 0.0269158 0.0439589 0.0595152 0.0476511 0.0859346 0.086327 0.18284 0.107632 0.131039 0.149377 0.159566 0.116373 0.169811 0.181168 0.162946 0.321832 0.261628 0.259047 0.253805 0.348593 0.249518 0.400178 0.326645 0.325752 0.297176 0.296376 0.419259 0.314202 0.474024
# rec_dev_future
 0 0 0 0 0
