AMAK;Mar 2020
# styr
1
# endyr
30
# rec_age
1
# oldest_age
12
# nlength
81
# len_bins
 10 11 12 13 14 15 16 17 18 19 20 21 22 23 24 25 26 27 28 29 30 31 32 33 34 35 36 37 38 39 40 41 42 43 44 45 46 47 48 49 50 51 52 53 54 55 56 57 58 59 60 61 62 63 64 65 66 67 68 69 70 71 72 73 74 75 76 77 78 79 80 81 82 83 84 85 86 87 88 89 90
# datafile_name
amak_data.dat
# model_name
AMAK_MCP
# styr
1
# endyr
30
# rec_age
1
# oldest_age
12
# nfsh
1
# fshname
FLEET1
# catch_bio_in
 160.009 456.357 727.139 952.063 736.695 1275.22 1232.67 2399.44 1277.41 1463.81 1546.42 1540.46 1054.94 1483.11 1463.04 1226.97 2189.49 1618.2 1479.47 1347.9 1699.05 1128.91 1674.52 1235.18 1144.08 1021.94 1002.41 1297.81 892.692 1215.18
# catch_bio_sd_in
 0.01 0.01 0.01 0.01 0.01 0.01 0.01 0.01 0.01 0.01 0.01 0.01 0.01 0.01 0.01 0.01 0.01 0.01 0.01 0.01 0.01 0.01 0.01 0.01 0.01 0.01 0.01 0.01 0.01 0.01
# nyrs_fsh_age
 30
# nyrs_fsh_length
 0
# yrs_fsh_age_in
 1 2 3 4 5 6 7 8 9 10 11 12 13 14 15 16 17 18 19 20 21 22 23 24 25 26 27 28 29 30
# yrs_fsh_length_in

# n_sample_fsh_length_in

# olc_fsh_in

# nind
1
# indname
SURVEY1
# nyrs_ind
 30
# yrs_ind_in
 1 2 3 4 5 6 7 8 9 10 11 12 13 14 15 16 17 18 19 20 21 22 23 24 25 26 27 28 29 30
# mo_ind
 1
# obs_ind_in
 1.54992 1.43687 1.33994 1.35887 1.29424 1.75824 1.64586 1.30552 1.32433 1.25829 1.24949 1.27409 1.10337 0.985396 0.762762 1.15303 0.937163 1.15568 0.893588 0.76053 0.821703 0.702554 0.644062 0.628744 0.532742 0.605965 0.577698 0.52857 0.483014 0.443095
# obs_se_ind_in
 0.309984 0.287374 0.267989 0.271774 0.258848 0.351649 0.329173 0.261105 0.264867 0.251657 0.249899 0.254818 0.220674 0.197079 0.152552 0.230606 0.187433 0.231135 0.178718 0.152106 0.164341 0.140511 0.128812 0.125749 0.106548 0.121193 0.11554 0.105714 0.0966028 0.088619
# nyrs_ind_age
 30
# nyrs_ind_length
 0
# yrs_ind_age_in
 1 2 3 4 5 6 7 8 9 10 11 12 13 14 15 16 17 18 19 20 21 22 23 24 25 26 27 28 29 30
# yrs_ind_length_in

# yrs_ind_age_in
 1 2 3 4 5 6 7 8 9 10 11 12 13 14 15 16 17 18 19 20 21 22 23 24 25 26 27 28 29 30
# n_sample_ind_length_in

# olc_ind_in

# oac_ind_in
 0.06 0.15 0.115 0.085 0.09 0.105 0.075 0.065 0.045 0.02 0.015 0.175
 0.025 0.125 0.2 0.115 0.14 0.04 0.05 0.03 0.04 0.03 0.03 0.175
 0.085 0.06 0.17 0.115 0.14 0.085 0.075 0.055 0.045 0.035 0.025 0.11
 0.08 0.145 0.1 0.12 0.1 0.085 0.08 0.045 0.07 0.055 0.015 0.105
 0.05 0.195 0.15 0.07 0.085 0.09 0.07 0.03 0.05 0.035 0.04 0.135
 0.085 0.165 0.185 0.145 0.05 0.065 0.06 0.035 0.06 0.01 0.035 0.105
 0.08 0.17 0.125 0.19 0.09 0.05 0.055 0.03 0.03 0.07 0.02 0.09
 0.06 0.155 0.13 0.1 0.16 0.085 0.03 0.035 0.04 0.035 0.025 0.145
 0.06 0.165 0.185 0.125 0.07 0.055 0.125 0.03 0.035 0.04 0.015 0.095
 0.085 0.135 0.155 0.175 0.105 0.065 0.105 0.03 0.01 0.025 0.04 0.07
 0.135 0.16 0.135 0.115 0.105 0.075 0.075 0.04 0.035 0.005 0.015 0.105
 0.05 0.25 0.205 0.1 0.07 0.065 0.075 0.055 0.035 0.01 0.02 0.065
 0.14 0.12 0.26 0.14 0.065 0.075 0.06 0.02 0.03 0.02 0.01 0.06
 0.085 0.21 0.11 0.21 0.1 0.045 0.065 0.04 0.04 0.025 0.02 0.05
 0.1 0.165 0.25 0.12 0.115 0.05 0.02 0.055 0.04 0.01 0.015 0.06
 0.17 0.15 0.195 0.195 0.045 0.055 0.05 0.01 0.02 0.025 0.015 0.07
 0.115 0.295 0.22 0.12 0.06 0.055 0.05 0.02 0.015 0.01 0.015 0.025
 0.07 0.245 0.295 0.135 0.06 0.07 0.025 0.05 0.01 0.01 0.005 0.025
 0.09 0.15 0.22 0.22 0.125 0.045 0.07 0.015 0.025 0 0.015 0.025
 0.115 0.215 0.115 0.115 0.18 0.06 0.05 0.05 0.02 0.025 0.02 0.035
 0.07 0.27 0.19 0.1 0.13 0.075 0.035 0.015 0.03 0.015 0.03 0.04
 0.115 0.2 0.22 0.155 0.055 0.09 0.075 0.035 0.015 0.02 0.005 0.015
 0.105 0.245 0.215 0.135 0.105 0.045 0.03 0.04 0.015 0.03 0.01 0.025
 0.085 0.195 0.29 0.19 0.105 0.06 0.02 0.005 0.03 0.01 0 0.01
 0.21 0.17 0.23 0.145 0.095 0.045 0.04 0.01 0.03 0 0.005 0.02
 0.07 0.43 0.16 0.14 0.09 0.05 0.035 0.005 0.005 0.005 0.005 0.005
 0.08 0.185 0.355 0.125 0.09 0.065 0.045 0.015 0.01 0.005 0.01 0.015
 0.06 0.2 0.215 0.235 0.085 0.1 0.045 0.02 0.01 0.01 0.005 0.015
 0.095 0.195 0.175 0.155 0.23 0.06 0.035 0.03 0.005 0.015 0.005 0
 0.09 0.265 0.225 0.15 0.095 0.1 0.025 0.01 0.015 0.005 0.005 0.015
# wt_ind
 1 1 1 1 1 1 1 1 1 1 1 1
 1 1 1 1 1 1 1 1 1 1 1 1
 1 1 1 1 1 1 1 1 1 1 1 1
 1 1 1 1 1 1 1 1 1 1 1 1
 1 1 1 1 1 1 1 1 1 1 1 1
 1 1 1 1 1 1 1 1 1 1 1 1
 1 1 1 1 1 1 1 1 1 1 1 1
 1 1 1 1 1 1 1 1 1 1 1 1
 1 1 1 1 1 1 1 1 1 1 1 1
 1 1 1 1 1 1 1 1 1 1 1 1
 1 1 1 1 1 1 1 1 1 1 1 1
 1 1 1 1 1 1 1 1 1 1 1 1
 1 1 1 1 1 1 1 1 1 1 1 1
 1 1 1 1 1 1 1 1 1 1 1 1
 1 1 1 1 1 1 1 1 1 1 1 1
 1 1 1 1 1 1 1 1 1 1 1 1
 1 1 1 1 1 1 1 1 1 1 1 1
 1 1 1 1 1 1 1 1 1 1 1 1
 1 1 1 1 1 1 1 1 1 1 1 1
 1 1 1 1 1 1 1 1 1 1 1 1
 1 1 1 1 1 1 1 1 1 1 1 1
 1 1 1 1 1 1 1 1 1 1 1 1
 1 1 1 1 1 1 1 1 1 1 1 1
 1 1 1 1 1 1 1 1 1 1 1 1
 1 1 1 1 1 1 1 1 1 1 1 1
 1 1 1 1 1 1 1 1 1 1 1 1
 1 1 1 1 1 1 1 1 1 1 1 1
 1 1 1 1 1 1 1 1 1 1 1 1
 1 1 1 1 1 1 1 1 1 1 1 1
 1 1 1 1 1 1 1 1 1 1 1 1
# wt_pop
 0.000530656 0.00119633 0.00205827 0.00303499 0.00405521 0.0050647 0.00602623 0.00691692 0.00772489 0.00844611 0.00908185 0.0096367
# maturity
 0.0229774 0.320821 0.904651 0.99478 0.999739 0.999987 0.999999 1 1 1 1 1
# spawnmo
1
# age_err
 1 0 0 0 0 0 0 0 0 0 0 0
 0 1 0 0 0 0 0 0 0 0 0 0
 0 0 1 0 0 0 0 0 0 0 0 0
 0 0 0 1 0 0 0 0 0 0 0 0
 0 0 0 0 1 0 0 0 0 0 0 0
 0 0 0 0 0 1 0 0 0 0 0 0
 0 0 0 0 0 0 1 0 0 0 0 0
 0 0 0 0 0 0 0 1 0 0 0 0
 0 0 0 0 0 0 0 0 1 0 0 0
 0 0 0 0 0 0 0 0 0 1 0 0
 0 0 0 0 0 0 0 0 0 0 1 0
 0 0 0 0 0 0 0 0 0 0 0 1
# cntrlfile_name
C:\Users\bai.li\DOCUME~1\Github\AGE_ST~1\ASSAMC\example\output\AMAK\s153\amak.dat
# Map shared selectivity: 
# sel_map
 1 2
 1 1
# datafile_name
amak_data.dat
# model_name
AMAK_MCP
# SrType
2
# use_age_err
0
# retro
0
# sigmarprior
0.2
# cvsigmarprior
0.25
# phase_sigmar
-3
# styr_rec_est
1
# endyr_rec_est
30
# Linfprior
80
# cvLinfprior
0.25
# kprior
0.18
# cvkprior
0.25
# Loprior
27.688
# cvLoprior
0.25
# sdageprior
0.1
# cvsdageprior
0.25
# natmortprior
0.2
# cvnatmortprior
0.25
# phase_M
-4
# npars_Mage
0
# ages_M_changes

# Mage_in

# Mage_offset_in

# phase_Mage
-5
# phase_rw_M
0
# npars_rw_M
0
# yrs_rw_M

# sigma_rw_M

# qprior
 3.48998e-007
# cvqprior
 1
# phase_q
 1
# q_power_prior
 1
# cvq_power_prior
 0.2
# phase_q_power
 -4
# phase_rw_q
 -1
# npars_rw_q
 0
# yrs_rw_q

# sigma_rw_q

# q_age_min
 1
# q_age_max
 12
# q_age_min
 1
# q_age_max
 12
# fsh_sel_opt(k)
2
# phase_sel_fsh(k)
2
# n_sel_ch_fsh(k)
1
# sel_slp_in_fsh(k)(1,n_sel_ch_fsh(k))
 1
# sel_inf_in_fsh(k)(1,n_sel_ch_fsh(k))
 2
# logsel_slp_in_fsh(k)(1,n_sel_ch_fsh(k))
 0
# yrs_sel_ch_fsh(k)(1,n_sel_ch_fsh(k))
 1

Survey SURVEY1
# ind_sel_opt(k)
2
# indname(k)
SURVEY1
# nselages_in_ind(k)
11
# phase_sel_ind(k)
2
# sel_change_in_ind(k)
 1 0 0 0 0 0 0 0 0 0 0 0 0 0 0 0 0 0 0 0 0 0 0 0 0 0 0 0 0 0
# n_sel_ch_ind(k)
1
# yrs_sel_ch_ind(k)(1,n_sel_ch_ind(k))
 1
# sel_slp_in_ind(k,1)
2
# sel_inf_in_ind(k,1)
1.5
# logsel_slp_in_ind(k,1)
0.693147
# logsel_slp_in_indv(k)
0.693147
SURVEY1 ind sel opt 2  1 0 0 0 0 0 0 0 0 0 0 0 0 0 0 0 0 0 0 0 0 0 0 0 0 0 0 0 0 0
Phase indices Sel_Coffs:  -1
 Test: 1.23457e+008
# Fshry Selages:  11
# Srvy  Selages:  11
# Phase for age-spec fishery  -1
# Phase for logistic fishery  2
# Phase for dble logistic fishery  -1
# Phase for age-spec indices   -1
# Phase for logistic indices   2
# Phase for dble logistic ind  -1
# Curv_pen_fsh: 
 0
# Curv_pen_ind: 
 0
# styr_fut
31
# endyr_fut
35
# nyrs_fsh_age
 30
# nyrs_fsh_age
 30
# yrs_fsh_age
 1 2 3 4 5 6 7 8 9 10 11 12 13 14 15 16 17 18 19 20 21 22 23 24 25 26 27 28 29 30
# n_sample_fsh_age
 200 200 200 200 200 200 200 200 200 200 200 200 200 200 200 200 200 200 200 200 200 200 200 200 200 200 200 200 200 200
# oac_fsh
 0.06 0.1 0.11 0.125 0.155 0.065 0.075 0.04 0.055 0.035 0.035 0.145
 0.045 0.105 0.12 0.12 0.125 0.105 0.06 0.075 0.045 0.04 0.03 0.13
 0.1 0.06 0.155 0.08 0.09 0.12 0.07 0.07 0.045 0.03 0.01 0.17
 0.08 0.12 0.065 0.15 0.095 0.095 0.06 0.08 0.065 0.035 0.04 0.115
 0.075 0.145 0.17 0.11 0.1 0.06 0.045 0.055 0.05 0.045 0.015 0.13
 0.03 0.155 0.17 0.135 0.065 0.06 0.1 0.035 0.05 0.02 0.03 0.15
 0.08 0.095 0.105 0.185 0.135 0.065 0.07 0.05 0.035 0.035 0.01 0.135
 0.095 0.115 0.125 0.135 0.13 0.125 0.04 0.04 0.025 0.02 0.02 0.13
 0.075 0.115 0.155 0.12 0.13 0.095 0.07 0.015 0.055 0.025 0.04 0.105
 0.08 0.14 0.165 0.145 0.075 0.085 0.095 0.035 0.02 0.015 0.03 0.115
 0.09 0.135 0.12 0.18 0.06 0.095 0.06 0.06 0.035 0.02 0.035 0.11
 0.055 0.235 0.15 0.095 0.1 0.12 0.05 0.035 0.035 0.035 0.015 0.075
 0.11 0.09 0.225 0.12 0.09 0.06 0.07 0.06 0.06 0.015 0.025 0.075
 0.1 0.14 0.11 0.18 0.065 0.09 0.065 0.055 0.055 0.03 0.035 0.075
 0.105 0.145 0.15 0.075 0.18 0.09 0.035 0.04 0.05 0.025 0.02 0.085
 0.155 0.115 0.125 0.165 0.105 0.12 0.065 0.025 0.03 0.025 0.025 0.045
 0.105 0.225 0.195 0.16 0.11 0.06 0.065 0.03 0.01 0.005 0.005 0.03
 0.095 0.17 0.205 0.14 0.095 0.1 0.04 0.075 0.01 0.005 0.01 0.055
 0.075 0.15 0.28 0.225 0.075 0.05 0.04 0.015 0.045 0.01 0.015 0.02
 0.16 0.135 0.115 0.19 0.14 0.085 0.03 0.045 0.01 0.04 0.005 0.045
 0.125 0.16 0.195 0.095 0.105 0.14 0.06 0.02 0.02 0.01 0.015 0.055
 0.14 0.125 0.245 0.14 0.1 0.08 0.07 0.01 0.025 0.015 0.01 0.04
 0.145 0.195 0.21 0.16 0.135 0.045 0.03 0.03 0.005 0.005 0.01 0.03
 0.1 0.23 0.215 0.22 0.1 0.035 0.01 0.035 0.035 0.005 0 0.015
 0.185 0.16 0.24 0.14 0.09 0.065 0.03 0.015 0.03 0 0.005 0.04
 0.11 0.345 0.14 0.12 0.095 0.065 0.035 0.035 0.01 0.01 0.03 0.005
 0.11 0.17 0.275 0.1 0.16 0.07 0.04 0.03 0.015 0.02 0 0.01
 0.115 0.19 0.18 0.24 0.08 0.07 0.05 0.02 0.02 0.005 0 0.03
 0.195 0.135 0.19 0.165 0.19 0.05 0.02 0.02 0.005 0.005 0.02 0.005
 0.125 0.285 0.18 0.09 0.11 0.135 0.03 0.035 0 0.005 0 0.005
# olc_fsh

# wt_fsh
 0.000530656 0.00119633 0.00205827 0.00303499 0.00405521 0.0050647 0.00602623 0.00691692 0.00772489 0.00844611 0.00908185 0.0096367
 0.000530656 0.00119633 0.00205827 0.00303499 0.00405521 0.0050647 0.00602623 0.00691692 0.00772489 0.00844611 0.00908185 0.0096367
 0.000530656 0.00119633 0.00205827 0.00303499 0.00405521 0.0050647 0.00602623 0.00691692 0.00772489 0.00844611 0.00908185 0.0096367
 0.000530656 0.00119633 0.00205827 0.00303499 0.00405521 0.0050647 0.00602623 0.00691692 0.00772489 0.00844611 0.00908185 0.0096367
 0.000530656 0.00119633 0.00205827 0.00303499 0.00405521 0.0050647 0.00602623 0.00691692 0.00772489 0.00844611 0.00908185 0.0096367
 0.000530656 0.00119633 0.00205827 0.00303499 0.00405521 0.0050647 0.00602623 0.00691692 0.00772489 0.00844611 0.00908185 0.0096367
 0.000530656 0.00119633 0.00205827 0.00303499 0.00405521 0.0050647 0.00602623 0.00691692 0.00772489 0.00844611 0.00908185 0.0096367
 0.000530656 0.00119633 0.00205827 0.00303499 0.00405521 0.0050647 0.00602623 0.00691692 0.00772489 0.00844611 0.00908185 0.0096367
 0.000530656 0.00119633 0.00205827 0.00303499 0.00405521 0.0050647 0.00602623 0.00691692 0.00772489 0.00844611 0.00908185 0.0096367
 0.000530656 0.00119633 0.00205827 0.00303499 0.00405521 0.0050647 0.00602623 0.00691692 0.00772489 0.00844611 0.00908185 0.0096367
 0.000530656 0.00119633 0.00205827 0.00303499 0.00405521 0.0050647 0.00602623 0.00691692 0.00772489 0.00844611 0.00908185 0.0096367
 0.000530656 0.00119633 0.00205827 0.00303499 0.00405521 0.0050647 0.00602623 0.00691692 0.00772489 0.00844611 0.00908185 0.0096367
 0.000530656 0.00119633 0.00205827 0.00303499 0.00405521 0.0050647 0.00602623 0.00691692 0.00772489 0.00844611 0.00908185 0.0096367
 0.000530656 0.00119633 0.00205827 0.00303499 0.00405521 0.0050647 0.00602623 0.00691692 0.00772489 0.00844611 0.00908185 0.0096367
 0.000530656 0.00119633 0.00205827 0.00303499 0.00405521 0.0050647 0.00602623 0.00691692 0.00772489 0.00844611 0.00908185 0.0096367
 0.000530656 0.00119633 0.00205827 0.00303499 0.00405521 0.0050647 0.00602623 0.00691692 0.00772489 0.00844611 0.00908185 0.0096367
 0.000530656 0.00119633 0.00205827 0.00303499 0.00405521 0.0050647 0.00602623 0.00691692 0.00772489 0.00844611 0.00908185 0.0096367
 0.000530656 0.00119633 0.00205827 0.00303499 0.00405521 0.0050647 0.00602623 0.00691692 0.00772489 0.00844611 0.00908185 0.0096367
 0.000530656 0.00119633 0.00205827 0.00303499 0.00405521 0.0050647 0.00602623 0.00691692 0.00772489 0.00844611 0.00908185 0.0096367
 0.000530656 0.00119633 0.00205827 0.00303499 0.00405521 0.0050647 0.00602623 0.00691692 0.00772489 0.00844611 0.00908185 0.0096367
 0.000530656 0.00119633 0.00205827 0.00303499 0.00405521 0.0050647 0.00602623 0.00691692 0.00772489 0.00844611 0.00908185 0.0096367
 0.000530656 0.00119633 0.00205827 0.00303499 0.00405521 0.0050647 0.00602623 0.00691692 0.00772489 0.00844611 0.00908185 0.0096367
 0.000530656 0.00119633 0.00205827 0.00303499 0.00405521 0.0050647 0.00602623 0.00691692 0.00772489 0.00844611 0.00908185 0.0096367
 0.000530656 0.00119633 0.00205827 0.00303499 0.00405521 0.0050647 0.00602623 0.00691692 0.00772489 0.00844611 0.00908185 0.0096367
 0.000530656 0.00119633 0.00205827 0.00303499 0.00405521 0.0050647 0.00602623 0.00691692 0.00772489 0.00844611 0.00908185 0.0096367
 0.000530656 0.00119633 0.00205827 0.00303499 0.00405521 0.0050647 0.00602623 0.00691692 0.00772489 0.00844611 0.00908185 0.0096367
 0.000530656 0.00119633 0.00205827 0.00303499 0.00405521 0.0050647 0.00602623 0.00691692 0.00772489 0.00844611 0.00908185 0.0096367
 0.000530656 0.00119633 0.00205827 0.00303499 0.00405521 0.0050647 0.00602623 0.00691692 0.00772489 0.00844611 0.00908185 0.0096367
 0.000530656 0.00119633 0.00205827 0.00303499 0.00405521 0.0050647 0.00602623 0.00691692 0.00772489 0.00844611 0.00908185 0.0096367
 0.000530656 0.00119633 0.00205827 0.00303499 0.00405521 0.0050647 0.00602623 0.00691692 0.00772489 0.00844611 0.00908185 0.0096367
# nyrs_ind_age
 30
# yrs_ind_age
 1 2 3 4 5 6 7 8 9 10 11 12 13 14 15 16 17 18 19 20 21 22 23 24 25 26 27 28 29 30
# n_sample_ind_age
 200 200 200 200 200 200 200 200 200 200 200 200 200 200 200 200 200 200 200 200 200 200 200 200 200 200 200 200 200 200
# oac_ind
 0.06 0.15 0.115 0.085 0.09 0.105 0.075 0.065 0.045 0.02 0.015 0.175
 0.025 0.125 0.2 0.115 0.14 0.04 0.05 0.03 0.04 0.03 0.03 0.175
 0.085 0.06 0.17 0.115 0.14 0.085 0.075 0.055 0.045 0.035 0.025 0.11
 0.08 0.145 0.1 0.12 0.1 0.085 0.08 0.045 0.07 0.055 0.015 0.105
 0.05 0.195 0.15 0.07 0.085 0.09 0.07 0.03 0.05 0.035 0.04 0.135
 0.085 0.165 0.185 0.145 0.05 0.065 0.06 0.035 0.06 0.01 0.035 0.105
 0.08 0.17 0.125 0.19 0.09 0.05 0.055 0.03 0.03 0.07 0.02 0.09
 0.06 0.155 0.13 0.1 0.16 0.085 0.03 0.035 0.04 0.035 0.025 0.145
 0.06 0.165 0.185 0.125 0.07 0.055 0.125 0.03 0.035 0.04 0.015 0.095
 0.085 0.135 0.155 0.175 0.105 0.065 0.105 0.03 0.01 0.025 0.04 0.07
 0.135 0.16 0.135 0.115 0.105 0.075 0.075 0.04 0.035 0.005 0.015 0.105
 0.05 0.25 0.205 0.1 0.07 0.065 0.075 0.055 0.035 0.01 0.02 0.065
 0.14 0.12 0.26 0.14 0.065 0.075 0.06 0.02 0.03 0.02 0.01 0.06
 0.085 0.21 0.11 0.21 0.1 0.045 0.065 0.04 0.04 0.025 0.02 0.05
 0.1 0.165 0.25 0.12 0.115 0.05 0.02 0.055 0.04 0.01 0.015 0.06
 0.17 0.15 0.195 0.195 0.045 0.055 0.05 0.01 0.02 0.025 0.015 0.07
 0.115 0.295 0.22 0.12 0.06 0.055 0.05 0.02 0.015 0.01 0.015 0.025
 0.07 0.245 0.295 0.135 0.06 0.07 0.025 0.05 0.01 0.01 0.005 0.025
 0.09 0.15 0.22 0.22 0.125 0.045 0.07 0.015 0.025 0 0.015 0.025
 0.115 0.215 0.115 0.115 0.18 0.06 0.05 0.05 0.02 0.025 0.02 0.035
 0.07 0.27 0.19 0.1 0.13 0.075 0.035 0.015 0.03 0.015 0.03 0.04
 0.115 0.2 0.22 0.155 0.055 0.09 0.075 0.035 0.015 0.02 0.005 0.015
 0.105 0.245 0.215 0.135 0.105 0.045 0.03 0.04 0.015 0.03 0.01 0.025
 0.085 0.195 0.29 0.19 0.105 0.06 0.02 0.005 0.03 0.01 0 0.01
 0.21 0.17 0.23 0.145 0.095 0.045 0.04 0.01 0.03 0 0.005 0.02
 0.07 0.43 0.16 0.14 0.09 0.05 0.035 0.005 0.005 0.005 0.005 0.005
 0.08 0.185 0.355 0.125 0.09 0.065 0.045 0.015 0.01 0.005 0.01 0.015
 0.06 0.2 0.215 0.235 0.085 0.1 0.045 0.02 0.01 0.01 0.005 0.015
 0.095 0.195 0.175 0.155 0.23 0.06 0.035 0.03 0.005 0.015 0.005 0
 0.09 0.265 0.225 0.15 0.095 0.1 0.025 0.01 0.015 0.005 0.005 0.015
# olc_ind

# obs_lse_ind
 0.198042 0.198042 0.198042 0.198042 0.198042 0.198042 0.198042 0.198042 0.198042 0.198042 0.198042 0.198042 0.198042 0.198042 0.198042 0.198042 0.198042 0.198042 0.198042 0.198042 0.198042 0.198042 0.198042 0.198042 0.198042 0.198042 0.198042 0.198042 0.198042 0.198042
# xages_fsh
 0 0 0 0 0 0 0 0 0 0 0 0
# xages_fsh
 0 0.0909091 0.181818 0.272727 0.363636 0.454545 0.545455 0.636364 0.727273 0.818182 0.909091 1
# xnodes_fsh

Yrs fsh_sel change:  1 0 0 0 0 0 0 0 0 0 0 0 0 0 0 0 0 0 0 0 0 0 0 0 0 0 0 0 0
Yrs ind_sel change:  1 0 0 0 0 0 0 0 0 0 0 0 0 0 0 0 0 0 0 0 0 0 0 0 0 0 0 0 0
# steepnessprior
0.75
# sigmarprior
0.2
#  SSB estimated in styr endyr: -13 28 
#  Rec estimated in styr endyr: -11 30 
#  SR Curve fit  in styr endyr: 1 30 
#             Model styr endyr: 1 30 
# qprior
 3.48998e-007
# q_power_prior 
 1 
# cv_catchbiomass 
0.05 
# CatchbiomassPen 
200 
# Number of projection years 
5 
# offset_fsh
 13346.8
# offset_ind
 13010.2
Mean Catch
1264.75
R_guess 
15.4028
# nfsh
1
# n_sel_ch_fsh
 1
# nselages_fsh
 11
# phase_selcoff_fsh
 -1
logRzero 15.4028
logmeanrec 15.4028
exp(log_sigmarprior 0.2
Fish sel phase: -1 FLEET1
Fixing fishery sel to
1
Srvy sel phase: -1
Fixing SURVEY1 indices sel to
1
# logsel_slp_in_indv
 0.693147
Leaving parameter init secton
# M
 0.2 0.2 0.2 0.2 0.2 0.2 0.2 0.2 0.2 0.2 0.2 0.2
 0.2 0.2 0.2 0.2 0.2 0.2 0.2 0.2 0.2 0.2 0.2 0.2
 0.2 0.2 0.2 0.2 0.2 0.2 0.2 0.2 0.2 0.2 0.2 0.2
 0.2 0.2 0.2 0.2 0.2 0.2 0.2 0.2 0.2 0.2 0.2 0.2
 0.2 0.2 0.2 0.2 0.2 0.2 0.2 0.2 0.2 0.2 0.2 0.2
 0.2 0.2 0.2 0.2 0.2 0.2 0.2 0.2 0.2 0.2 0.2 0.2
 0.2 0.2 0.2 0.2 0.2 0.2 0.2 0.2 0.2 0.2 0.2 0.2
 0.2 0.2 0.2 0.2 0.2 0.2 0.2 0.2 0.2 0.2 0.2 0.2
 0.2 0.2 0.2 0.2 0.2 0.2 0.2 0.2 0.2 0.2 0.2 0.2
 0.2 0.2 0.2 0.2 0.2 0.2 0.2 0.2 0.2 0.2 0.2 0.2
 0.2 0.2 0.2 0.2 0.2 0.2 0.2 0.2 0.2 0.2 0.2 0.2
 0.2 0.2 0.2 0.2 0.2 0.2 0.2 0.2 0.2 0.2 0.2 0.2
 0.2 0.2 0.2 0.2 0.2 0.2 0.2 0.2 0.2 0.2 0.2 0.2
 0.2 0.2 0.2 0.2 0.2 0.2 0.2 0.2 0.2 0.2 0.2 0.2
 0.2 0.2 0.2 0.2 0.2 0.2 0.2 0.2 0.2 0.2 0.2 0.2
 0.2 0.2 0.2 0.2 0.2 0.2 0.2 0.2 0.2 0.2 0.2 0.2
 0.2 0.2 0.2 0.2 0.2 0.2 0.2 0.2 0.2 0.2 0.2 0.2
 0.2 0.2 0.2 0.2 0.2 0.2 0.2 0.2 0.2 0.2 0.2 0.2
 0.2 0.2 0.2 0.2 0.2 0.2 0.2 0.2 0.2 0.2 0.2 0.2
 0.2 0.2 0.2 0.2 0.2 0.2 0.2 0.2 0.2 0.2 0.2 0.2
 0.2 0.2 0.2 0.2 0.2 0.2 0.2 0.2 0.2 0.2 0.2 0.2
 0.2 0.2 0.2 0.2 0.2 0.2 0.2 0.2 0.2 0.2 0.2 0.2
 0.2 0.2 0.2 0.2 0.2 0.2 0.2 0.2 0.2 0.2 0.2 0.2
 0.2 0.2 0.2 0.2 0.2 0.2 0.2 0.2 0.2 0.2 0.2 0.2
 0.2 0.2 0.2 0.2 0.2 0.2 0.2 0.2 0.2 0.2 0.2 0.2
 0.2 0.2 0.2 0.2 0.2 0.2 0.2 0.2 0.2 0.2 0.2 0.2
 0.2 0.2 0.2 0.2 0.2 0.2 0.2 0.2 0.2 0.2 0.2 0.2
 0.2 0.2 0.2 0.2 0.2 0.2 0.2 0.2 0.2 0.2 0.2 0.2
 0.2 0.2 0.2 0.2 0.2 0.2 0.2 0.2 0.2 0.2 0.2 0.2
 0.2 0.2 0.2 0.2 0.2 0.2 0.2 0.2 0.2 0.2 0.2 0.2
# mean_log_rec
13.7716
# log_Rzero
13.7834
# rec_dev
 0.0445269 0.054952 -0.0586061 -0.100743 -0.0852017 -0.0593155 0.0297719 0.0659653 0.00152814 0.0930135 -0.0412846 0.0345824 0.0203385 -0.428743 0.182088 0.29981 0.0608234 0.0129916 0.109551 -0.00875169 -0.25094 -0.0797986 0.315018 -0.393162 0.108904 -0.126697 -0.0396704 0.374941 0.0850169 -0.432637 -0.170692 -0.0652395 -0.158783 -0.107568 -0.147203 -0.486683 0.2384 -0.39595 -0.507521 -0.565209 -0.264343 -0.52268
# fmort
 0.00910268 0.0263882 0.0435185 0.0597236 0.0480064 0.0863525 0.0878744 0.187661 0.110485 0.135889 0.155951 0.168681 0.121391 0.178514 0.188558 0.165593 0.318738 0.260437 0.255776 0.251135 0.352304 0.25615 0.416181 0.345592 0.339157 0.307805 0.298941 0.411725 0.309362 0.464053
# rec_dev_future
 0 0 0 0 0
