AMAK;Mar 2020
# styr
1
# endyr
30
# rec_age
1
# oldest_age
12
# nlength
81
# len_bins
 10 11 12 13 14 15 16 17 18 19 20 21 22 23 24 25 26 27 28 29 30 31 32 33 34 35 36 37 38 39 40 41 42 43 44 45 46 47 48 49 50 51 52 53 54 55 56 57 58 59 60 61 62 63 64 65 66 67 68 69 70 71 72 73 74 75 76 77 78 79 80 81 82 83 84 85 86 87 88 89 90
# datafile_name
amak_data.dat
# model_name
AMAK_MCP
# styr
1
# endyr
30
# rec_age
1
# oldest_age
12
# nfsh
1
# fshname
FLEET1
# catch_bio_in
 160.751 458.838 748.942 993.056 773.41 1327.6 1302.46 2506.43 1351.67 1557.83 1611.18 1580.83 1066.34 1459.75 1447.37 1227.04 2177.65 1593.52 1455.07 1333.77 1705.5 1134.04 1693.9 1244.84 1157.11 1013.39 988.08 1326.46 959.485 1345.32
# catch_bio_sd_in
 0.01 0.01 0.01 0.01 0.01 0.01 0.01 0.01 0.01 0.01 0.01 0.01 0.01 0.01 0.01 0.01 0.01 0.01 0.01 0.01 0.01 0.01 0.01 0.01 0.01 0.01 0.01 0.01 0.01 0.01
# nyrs_fsh_age
 30
# nyrs_fsh_length
 0
# yrs_fsh_age_in
 1 2 3 4 5 6 7 8 9 10 11 12 13 14 15 16 17 18 19 20 21 22 23 24 25 26 27 28 29 30
# yrs_fsh_length_in

# n_sample_fsh_length_in

# olc_fsh_in

# nind
1
# indname
SURVEY1
# nyrs_ind
 30
# yrs_ind_in
 1 2 3 4 5 6 7 8 9 10 11 12 13 14 15 16 17 18 19 20 21 22 23 24 25 26 27 28 29 30
# mo_ind
 1
# obs_ind_in
 1.58266 1.62565 1.72964 1.39026 1.69128 1.5602 1.32005 1.62508 1.39925 1.2554 1.22682 1.14569 0.924723 1.0119 0.895751 1.02519 1.0199 0.846026 0.875817 0.699436 0.724553 0.586268 0.6288 0.622525 0.642831 0.509657 0.56143 0.617359 0.559172 0.648959
# obs_se_ind_in
 0.316533 0.325129 0.345929 0.278051 0.338256 0.31204 0.264009 0.325017 0.279851 0.251081 0.245365 0.229139 0.184945 0.20238 0.17915 0.205038 0.203979 0.169205 0.175163 0.139887 0.144911 0.117254 0.12576 0.124505 0.128566 0.101931 0.112286 0.123472 0.111834 0.129792
# nyrs_ind_age
 30
# nyrs_ind_length
 0
# yrs_ind_age_in
 1 2 3 4 5 6 7 8 9 10 11 12 13 14 15 16 17 18 19 20 21 22 23 24 25 26 27 28 29 30
# yrs_ind_length_in

# yrs_ind_age_in
 1 2 3 4 5 6 7 8 9 10 11 12 13 14 15 16 17 18 19 20 21 22 23 24 25 26 27 28 29 30
# n_sample_ind_length_in

# olc_ind_in

# oac_ind_in
 0.085 0.145 0.12 0.14 0.095 0.105 0.055 0.05 0.04 0.04 0.03 0.095
 0.08 0.13 0.145 0.14 0.08 0.095 0.065 0.055 0.015 0.035 0.03 0.13
 0.055 0.15 0.145 0.115 0.075 0.095 0.08 0.095 0.025 0.045 0.015 0.105
 0.095 0.15 0.145 0.115 0.125 0.065 0.065 0.08 0.025 0.03 0.025 0.08
 0.05 0.23 0.145 0.16 0.085 0.065 0.035 0.06 0.025 0.015 0.035 0.095
 0.07 0.075 0.175 0.12 0.155 0.095 0.05 0.055 0.015 0.015 0.04 0.135
 0.08 0.16 0.1 0.175 0.12 0.07 0.05 0.04 0.02 0.04 0.015 0.13
 0.045 0.15 0.2 0.08 0.11 0.085 0.095 0.045 0.045 0.03 0.005 0.11
 0.06 0.19 0.17 0.135 0.095 0.085 0.055 0.05 0.015 0.035 0.035 0.075
 0.025 0.19 0.165 0.145 0.105 0.03 0.07 0.05 0.035 0.03 0.03 0.125
 0.105 0.115 0.14 0.19 0.12 0.06 0.05 0.035 0.03 0.055 0.025 0.075
 0.11 0.17 0.105 0.115 0.105 0.125 0.075 0.035 0.07 0.01 0.02 0.06
 0.045 0.225 0.185 0.105 0.115 0.085 0.05 0.025 0.035 0.025 0.03 0.075
 0.095 0.1 0.17 0.165 0.065 0.095 0.055 0.065 0.03 0.02 0.03 0.11
 0.11 0.245 0.135 0.17 0.09 0.06 0.05 0.045 0.03 0.02 0 0.045
 0.09 0.23 0.265 0.09 0.06 0.095 0.04 0.035 0.025 0.02 0.015 0.035
 0.11 0.135 0.24 0.19 0.05 0.07 0.065 0.045 0.02 0.005 0.03 0.04
 0.1 0.21 0.185 0.18 0.1 0.035 0.05 0.055 0.005 0.015 0.015 0.05
 0.14 0.21 0.185 0.185 0.095 0.07 0.04 0 0.01 0.01 0.015 0.04
 0.13 0.2 0.19 0.095 0.12 0.09 0.055 0.02 0.035 0.025 0.015 0.025
 0.095 0.17 0.295 0.155 0.135 0.06 0.04 0.02 0.01 0.01 0.005 0.005
 0.1 0.295 0.17 0.13 0.07 0.075 0.045 0.04 0.02 0.01 0.01 0.035
 0.14 0.235 0.215 0.115 0.075 0.06 0.04 0.035 0.03 0.02 0.01 0.025
 0.14 0.24 0.175 0.18 0.06 0.065 0.035 0.025 0.03 0.01 0.02 0.02
 0.09 0.295 0.16 0.17 0.105 0.025 0.065 0.035 0.015 0.005 0.015 0.02
 0.16 0.215 0.24 0.13 0.085 0.035 0.045 0.025 0.01 0.02 0 0.035
 0.15 0.295 0.195 0.14 0.07 0.065 0.03 0.035 0.01 0.01 0 0
 0.085 0.26 0.285 0.095 0.095 0.07 0.05 0.015 0.02 0.005 0 0.02
 0.14 0.24 0.215 0.17 0.085 0.08 0.025 0.02 0.01 0.01 0 0.005
 0.135 0.25 0.185 0.195 0.095 0.045 0.035 0.025 0.01 0.01 0 0.015
# wt_ind
 1 1 1 1 1 1 1 1 1 1 1 1
 1 1 1 1 1 1 1 1 1 1 1 1
 1 1 1 1 1 1 1 1 1 1 1 1
 1 1 1 1 1 1 1 1 1 1 1 1
 1 1 1 1 1 1 1 1 1 1 1 1
 1 1 1 1 1 1 1 1 1 1 1 1
 1 1 1 1 1 1 1 1 1 1 1 1
 1 1 1 1 1 1 1 1 1 1 1 1
 1 1 1 1 1 1 1 1 1 1 1 1
 1 1 1 1 1 1 1 1 1 1 1 1
 1 1 1 1 1 1 1 1 1 1 1 1
 1 1 1 1 1 1 1 1 1 1 1 1
 1 1 1 1 1 1 1 1 1 1 1 1
 1 1 1 1 1 1 1 1 1 1 1 1
 1 1 1 1 1 1 1 1 1 1 1 1
 1 1 1 1 1 1 1 1 1 1 1 1
 1 1 1 1 1 1 1 1 1 1 1 1
 1 1 1 1 1 1 1 1 1 1 1 1
 1 1 1 1 1 1 1 1 1 1 1 1
 1 1 1 1 1 1 1 1 1 1 1 1
 1 1 1 1 1 1 1 1 1 1 1 1
 1 1 1 1 1 1 1 1 1 1 1 1
 1 1 1 1 1 1 1 1 1 1 1 1
 1 1 1 1 1 1 1 1 1 1 1 1
 1 1 1 1 1 1 1 1 1 1 1 1
 1 1 1 1 1 1 1 1 1 1 1 1
 1 1 1 1 1 1 1 1 1 1 1 1
 1 1 1 1 1 1 1 1 1 1 1 1
 1 1 1 1 1 1 1 1 1 1 1 1
 1 1 1 1 1 1 1 1 1 1 1 1
# wt_pop
 0.000530656 0.00119633 0.00205827 0.00303499 0.00405521 0.0050647 0.00602623 0.00691692 0.00772489 0.00844611 0.00908185 0.0096367
# maturity
 0.0229774 0.320821 0.904651 0.99478 0.999739 0.999987 0.999999 1 1 1 1 1
# spawnmo
1
# age_err
 1 0 0 0 0 0 0 0 0 0 0 0
 0 1 0 0 0 0 0 0 0 0 0 0
 0 0 1 0 0 0 0 0 0 0 0 0
 0 0 0 1 0 0 0 0 0 0 0 0
 0 0 0 0 1 0 0 0 0 0 0 0
 0 0 0 0 0 1 0 0 0 0 0 0
 0 0 0 0 0 0 1 0 0 0 0 0
 0 0 0 0 0 0 0 1 0 0 0 0
 0 0 0 0 0 0 0 0 1 0 0 0
 0 0 0 0 0 0 0 0 0 1 0 0
 0 0 0 0 0 0 0 0 0 0 1 0
 0 0 0 0 0 0 0 0 0 0 0 1
# cntrlfile_name
C:\Users\bai.li\DOCUME~1\Github\AGE_ST~1\ASSAMC\example\output\AMAK\s60\amak.dat
# Map shared selectivity: 
# sel_map
 1 2
 1 1
# datafile_name
amak_data.dat
# model_name
AMAK_MCP
# SrType
2
# use_age_err
0
# retro
0
# sigmarprior
0.2
# cvsigmarprior
0.25
# phase_sigmar
-3
# styr_rec_est
1
# endyr_rec_est
30
# Linfprior
80
# cvLinfprior
0.25
# kprior
0.18
# cvkprior
0.25
# Loprior
27.688
# cvLoprior
0.25
# sdageprior
0.1
# cvsdageprior
0.25
# natmortprior
0.2
# cvnatmortprior
0.25
# phase_M
-4
# npars_Mage
0
# ages_M_changes

# Mage_in

# Mage_offset_in

# phase_Mage
-5
# phase_rw_M
0
# npars_rw_M
0
# yrs_rw_M

# sigma_rw_M

# qprior
 3.48998e-007
# cvqprior
 1
# phase_q
 1
# q_power_prior
 1
# cvq_power_prior
 0.2
# phase_q_power
 -4
# phase_rw_q
 -1
# npars_rw_q
 0
# yrs_rw_q

# sigma_rw_q

# q_age_min
 1
# q_age_max
 12
# q_age_min
 1
# q_age_max
 12
# fsh_sel_opt(k)
2
# phase_sel_fsh(k)
2
# n_sel_ch_fsh(k)
1
# sel_slp_in_fsh(k)(1,n_sel_ch_fsh(k))
 1
# sel_inf_in_fsh(k)(1,n_sel_ch_fsh(k))
 2
# logsel_slp_in_fsh(k)(1,n_sel_ch_fsh(k))
 0
# yrs_sel_ch_fsh(k)(1,n_sel_ch_fsh(k))
 1

Survey SURVEY1
# ind_sel_opt(k)
2
# indname(k)
SURVEY1
# nselages_in_ind(k)
11
# phase_sel_ind(k)
2
# sel_change_in_ind(k)
 1 0 0 0 0 0 0 0 0 0 0 0 0 0 0 0 0 0 0 0 0 0 0 0 0 0 0 0 0 0
# n_sel_ch_ind(k)
1
# yrs_sel_ch_ind(k)(1,n_sel_ch_ind(k))
 1
# sel_slp_in_ind(k,1)
2
# sel_inf_in_ind(k,1)
1.5
# logsel_slp_in_ind(k,1)
0.693147
# logsel_slp_in_indv(k)
0.693147
SURVEY1 ind sel opt 2  1 0 0 0 0 0 0 0 0 0 0 0 0 0 0 0 0 0 0 0 0 0 0 0 0 0 0 0 0 0
Phase indices Sel_Coffs:  -1
 Test: 1.23457e+008
# Fshry Selages:  11
# Srvy  Selages:  11
# Phase for age-spec fishery  -1
# Phase for logistic fishery  2
# Phase for dble logistic fishery  -1
# Phase for age-spec indices   -1
# Phase for logistic indices   2
# Phase for dble logistic ind  -1
# Curv_pen_fsh: 
 0
# Curv_pen_ind: 
 0
# styr_fut
31
# endyr_fut
35
# nyrs_fsh_age
 30
# nyrs_fsh_age
 30
# yrs_fsh_age
 1 2 3 4 5 6 7 8 9 10 11 12 13 14 15 16 17 18 19 20 21 22 23 24 25 26 27 28 29 30
# n_sample_fsh_age
 200 200 200 200 200 200 200 200 200 200 200 200 200 200 200 200 200 200 200 200 200 200 200 200 200 200 200 200 200 200
# oac_fsh
 0.075 0.1 0.12 0.125 0.13 0.08 0.09 0.055 0.05 0.055 0.02 0.1
 0.115 0.1 0.095 0.155 0.14 0.06 0.055 0.055 0.035 0.025 0.045 0.12
 0.06 0.12 0.12 0.1 0.095 0.1 0.12 0.07 0.01 0.04 0.035 0.13
 0.045 0.12 0.195 0.095 0.07 0.08 0.085 0.05 0.045 0.045 0.03 0.14
 0.06 0.085 0.11 0.22 0.105 0.06 0.065 0.055 0.025 0.045 0.025 0.145
 0.105 0.11 0.165 0.09 0.09 0.07 0.08 0.06 0.05 0.03 0.055 0.095
 0.1 0.125 0.11 0.165 0.075 0.08 0.085 0.055 0.045 0.055 0.015 0.09
 0.11 0.11 0.15 0.155 0.115 0.08 0.06 0.04 0.03 0.045 0.015 0.09
 0.03 0.16 0.18 0.145 0.11 0.125 0.06 0.05 0.015 0.035 0.015 0.075
 0.045 0.105 0.125 0.205 0.1 0.095 0.11 0.055 0.045 0 0.02 0.095
 0.11 0.065 0.12 0.15 0.105 0.13 0.07 0.045 0.015 0.035 0.015 0.14
 0.14 0.125 0.145 0.125 0.085 0.085 0.085 0.03 0.045 0.02 0.025 0.09
 0.085 0.185 0.16 0.08 0.075 0.115 0.075 0.08 0.03 0.02 0.025 0.07
 0.085 0.105 0.19 0.14 0.09 0.075 0.05 0.065 0.055 0.025 0.025 0.095
 0.125 0.15 0.12 0.14 0.11 0.045 0.05 0.06 0.05 0.055 0.03 0.065
 0.105 0.19 0.15 0.1 0.11 0.105 0.04 0.03 0.065 0.02 0.015 0.07
 0.085 0.155 0.23 0.165 0.075 0.065 0.06 0.025 0.02 0.02 0.015 0.085
 0.095 0.19 0.165 0.09 0.13 0.05 0.075 0.065 0.05 0.025 0.015 0.05
 0.165 0.13 0.185 0.17 0.1 0.075 0.02 0.035 0.035 0.005 0.015 0.065
 0.11 0.17 0.18 0.1 0.11 0.12 0.085 0.03 0.025 0.025 0.005 0.04
 0.12 0.18 0.165 0.175 0.14 0.065 0.07 0.035 0 0.005 0.01 0.035
 0.215 0.15 0.15 0.165 0.07 0.11 0.035 0.015 0.045 0.01 0.005 0.03
 0.09 0.24 0.23 0.095 0.095 0.085 0.045 0.04 0.03 0.025 0.01 0.015
 0.19 0.135 0.22 0.18 0.095 0.09 0.04 0.02 0.015 0 0 0.015
 0.13 0.245 0.195 0.12 0.105 0.025 0.055 0.025 0.02 0.025 0.03 0.025
 0.165 0.2 0.225 0.12 0.11 0.065 0.04 0.02 0.005 0.025 0.015 0.01
 0.19 0.22 0.215 0.15 0.055 0.07 0.03 0.03 0.015 0 0.015 0.01
 0.14 0.25 0.22 0.095 0.12 0.045 0.055 0.035 0.015 0.005 0.01 0.01
 0.13 0.18 0.19 0.18 0.11 0.095 0.045 0.03 0.02 0.005 0.005 0.01
 0.095 0.175 0.17 0.205 0.19 0.08 0.03 0.015 0.02 0 0.01 0.01
# olc_fsh

# wt_fsh
 0.000530656 0.00119633 0.00205827 0.00303499 0.00405521 0.0050647 0.00602623 0.00691692 0.00772489 0.00844611 0.00908185 0.0096367
 0.000530656 0.00119633 0.00205827 0.00303499 0.00405521 0.0050647 0.00602623 0.00691692 0.00772489 0.00844611 0.00908185 0.0096367
 0.000530656 0.00119633 0.00205827 0.00303499 0.00405521 0.0050647 0.00602623 0.00691692 0.00772489 0.00844611 0.00908185 0.0096367
 0.000530656 0.00119633 0.00205827 0.00303499 0.00405521 0.0050647 0.00602623 0.00691692 0.00772489 0.00844611 0.00908185 0.0096367
 0.000530656 0.00119633 0.00205827 0.00303499 0.00405521 0.0050647 0.00602623 0.00691692 0.00772489 0.00844611 0.00908185 0.0096367
 0.000530656 0.00119633 0.00205827 0.00303499 0.00405521 0.0050647 0.00602623 0.00691692 0.00772489 0.00844611 0.00908185 0.0096367
 0.000530656 0.00119633 0.00205827 0.00303499 0.00405521 0.0050647 0.00602623 0.00691692 0.00772489 0.00844611 0.00908185 0.0096367
 0.000530656 0.00119633 0.00205827 0.00303499 0.00405521 0.0050647 0.00602623 0.00691692 0.00772489 0.00844611 0.00908185 0.0096367
 0.000530656 0.00119633 0.00205827 0.00303499 0.00405521 0.0050647 0.00602623 0.00691692 0.00772489 0.00844611 0.00908185 0.0096367
 0.000530656 0.00119633 0.00205827 0.00303499 0.00405521 0.0050647 0.00602623 0.00691692 0.00772489 0.00844611 0.00908185 0.0096367
 0.000530656 0.00119633 0.00205827 0.00303499 0.00405521 0.0050647 0.00602623 0.00691692 0.00772489 0.00844611 0.00908185 0.0096367
 0.000530656 0.00119633 0.00205827 0.00303499 0.00405521 0.0050647 0.00602623 0.00691692 0.00772489 0.00844611 0.00908185 0.0096367
 0.000530656 0.00119633 0.00205827 0.00303499 0.00405521 0.0050647 0.00602623 0.00691692 0.00772489 0.00844611 0.00908185 0.0096367
 0.000530656 0.00119633 0.00205827 0.00303499 0.00405521 0.0050647 0.00602623 0.00691692 0.00772489 0.00844611 0.00908185 0.0096367
 0.000530656 0.00119633 0.00205827 0.00303499 0.00405521 0.0050647 0.00602623 0.00691692 0.00772489 0.00844611 0.00908185 0.0096367
 0.000530656 0.00119633 0.00205827 0.00303499 0.00405521 0.0050647 0.00602623 0.00691692 0.00772489 0.00844611 0.00908185 0.0096367
 0.000530656 0.00119633 0.00205827 0.00303499 0.00405521 0.0050647 0.00602623 0.00691692 0.00772489 0.00844611 0.00908185 0.0096367
 0.000530656 0.00119633 0.00205827 0.00303499 0.00405521 0.0050647 0.00602623 0.00691692 0.00772489 0.00844611 0.00908185 0.0096367
 0.000530656 0.00119633 0.00205827 0.00303499 0.00405521 0.0050647 0.00602623 0.00691692 0.00772489 0.00844611 0.00908185 0.0096367
 0.000530656 0.00119633 0.00205827 0.00303499 0.00405521 0.0050647 0.00602623 0.00691692 0.00772489 0.00844611 0.00908185 0.0096367
 0.000530656 0.00119633 0.00205827 0.00303499 0.00405521 0.0050647 0.00602623 0.00691692 0.00772489 0.00844611 0.00908185 0.0096367
 0.000530656 0.00119633 0.00205827 0.00303499 0.00405521 0.0050647 0.00602623 0.00691692 0.00772489 0.00844611 0.00908185 0.0096367
 0.000530656 0.00119633 0.00205827 0.00303499 0.00405521 0.0050647 0.00602623 0.00691692 0.00772489 0.00844611 0.00908185 0.0096367
 0.000530656 0.00119633 0.00205827 0.00303499 0.00405521 0.0050647 0.00602623 0.00691692 0.00772489 0.00844611 0.00908185 0.0096367
 0.000530656 0.00119633 0.00205827 0.00303499 0.00405521 0.0050647 0.00602623 0.00691692 0.00772489 0.00844611 0.00908185 0.0096367
 0.000530656 0.00119633 0.00205827 0.00303499 0.00405521 0.0050647 0.00602623 0.00691692 0.00772489 0.00844611 0.00908185 0.0096367
 0.000530656 0.00119633 0.00205827 0.00303499 0.00405521 0.0050647 0.00602623 0.00691692 0.00772489 0.00844611 0.00908185 0.0096367
 0.000530656 0.00119633 0.00205827 0.00303499 0.00405521 0.0050647 0.00602623 0.00691692 0.00772489 0.00844611 0.00908185 0.0096367
 0.000530656 0.00119633 0.00205827 0.00303499 0.00405521 0.0050647 0.00602623 0.00691692 0.00772489 0.00844611 0.00908185 0.0096367
 0.000530656 0.00119633 0.00205827 0.00303499 0.00405521 0.0050647 0.00602623 0.00691692 0.00772489 0.00844611 0.00908185 0.0096367
# nyrs_ind_age
 30
# yrs_ind_age
 1 2 3 4 5 6 7 8 9 10 11 12 13 14 15 16 17 18 19 20 21 22 23 24 25 26 27 28 29 30
# n_sample_ind_age
 200 200 200 200 200 200 200 200 200 200 200 200 200 200 200 200 200 200 200 200 200 200 200 200 200 200 200 200 200 200
# oac_ind
 0.085 0.145 0.12 0.14 0.095 0.105 0.055 0.05 0.04 0.04 0.03 0.095
 0.08 0.13 0.145 0.14 0.08 0.095 0.065 0.055 0.015 0.035 0.03 0.13
 0.055 0.15 0.145 0.115 0.075 0.095 0.08 0.095 0.025 0.045 0.015 0.105
 0.095 0.15 0.145 0.115 0.125 0.065 0.065 0.08 0.025 0.03 0.025 0.08
 0.05 0.23 0.145 0.16 0.085 0.065 0.035 0.06 0.025 0.015 0.035 0.095
 0.07 0.075 0.175 0.12 0.155 0.095 0.05 0.055 0.015 0.015 0.04 0.135
 0.08 0.16 0.1 0.175 0.12 0.07 0.05 0.04 0.02 0.04 0.015 0.13
 0.045 0.15 0.2 0.08 0.11 0.085 0.095 0.045 0.045 0.03 0.005 0.11
 0.06 0.19 0.17 0.135 0.095 0.085 0.055 0.05 0.015 0.035 0.035 0.075
 0.025 0.19 0.165 0.145 0.105 0.03 0.07 0.05 0.035 0.03 0.03 0.125
 0.105 0.115 0.14 0.19 0.12 0.06 0.05 0.035 0.03 0.055 0.025 0.075
 0.11 0.17 0.105 0.115 0.105 0.125 0.075 0.035 0.07 0.01 0.02 0.06
 0.045 0.225 0.185 0.105 0.115 0.085 0.05 0.025 0.035 0.025 0.03 0.075
 0.095 0.1 0.17 0.165 0.065 0.095 0.055 0.065 0.03 0.02 0.03 0.11
 0.11 0.245 0.135 0.17 0.09 0.06 0.05 0.045 0.03 0.02 0 0.045
 0.09 0.23 0.265 0.09 0.06 0.095 0.04 0.035 0.025 0.02 0.015 0.035
 0.11 0.135 0.24 0.19 0.05 0.07 0.065 0.045 0.02 0.005 0.03 0.04
 0.1 0.21 0.185 0.18 0.1 0.035 0.05 0.055 0.005 0.015 0.015 0.05
 0.14 0.21 0.185 0.185 0.095 0.07 0.04 0 0.01 0.01 0.015 0.04
 0.13 0.2 0.19 0.095 0.12 0.09 0.055 0.02 0.035 0.025 0.015 0.025
 0.095 0.17 0.295 0.155 0.135 0.06 0.04 0.02 0.01 0.01 0.005 0.005
 0.1 0.295 0.17 0.13 0.07 0.075 0.045 0.04 0.02 0.01 0.01 0.035
 0.14 0.235 0.215 0.115 0.075 0.06 0.04 0.035 0.03 0.02 0.01 0.025
 0.14 0.24 0.175 0.18 0.06 0.065 0.035 0.025 0.03 0.01 0.02 0.02
 0.09 0.295 0.16 0.17 0.105 0.025 0.065 0.035 0.015 0.005 0.015 0.02
 0.16 0.215 0.24 0.13 0.085 0.035 0.045 0.025 0.01 0.02 0 0.035
 0.15 0.295 0.195 0.14 0.07 0.065 0.03 0.035 0.01 0.01 0 0
 0.085 0.26 0.285 0.095 0.095 0.07 0.05 0.015 0.02 0.005 0 0.02
 0.14 0.24 0.215 0.17 0.085 0.08 0.025 0.02 0.01 0.01 0 0.005
 0.135 0.25 0.185 0.195 0.095 0.045 0.035 0.025 0.01 0.01 0 0.015
# olc_ind

# obs_lse_ind
 0.198042 0.198042 0.198042 0.198042 0.198042 0.198042 0.198042 0.198042 0.198042 0.198042 0.198042 0.198042 0.198042 0.198042 0.198042 0.198042 0.198042 0.198042 0.198042 0.198042 0.198042 0.198042 0.198042 0.198042 0.198042 0.198042 0.198042 0.198042 0.198042 0.198042
# xages_fsh
 0 0 0 0 0 0 0 0 0 0 0 0
# xages_fsh
 0 0.0909091 0.181818 0.272727 0.363636 0.454545 0.545455 0.636364 0.727273 0.818182 0.909091 1
# xnodes_fsh

Yrs fsh_sel change:  1 0 0 0 0 0 0 0 0 0 0 0 0 0 0 0 0 0 0 0 0 0 0 0 0 0 0 0 0
Yrs ind_sel change:  1 0 0 0 0 0 0 0 0 0 0 0 0 0 0 0 0 0 0 0 0 0 0 0 0 0 0 0 0
# steepnessprior
0.75
# sigmarprior
0.2
#  SSB estimated in styr endyr: -13 28 
#  Rec estimated in styr endyr: -11 30 
#  SR Curve fit  in styr endyr: 1 30 
#             Model styr endyr: 1 30 
# qprior
 3.48998e-007
# q_power_prior 
 1 
# cv_catchbiomass 
0.05 
# CatchbiomassPen 
200 
# Number of projection years 
5 
# offset_fsh
 13517.4
# offset_ind
 13171.1
Mean Catch
1290.05
R_guess 
15.4226
# nfsh
1
# n_sel_ch_fsh
 1
# nselages_fsh
 11
# phase_selcoff_fsh
 -1
logRzero 15.4226
logmeanrec 15.4226
exp(log_sigmarprior 0.2
Fish sel phase: -1 FLEET1
Fixing fishery sel to
1
Srvy sel phase: -1
Fixing SURVEY1 indices sel to
1
# logsel_slp_in_indv
 0.693147
Leaving parameter init secton
# M
 0.2 0.2 0.2 0.2 0.2 0.2 0.2 0.2 0.2 0.2 0.2 0.2
 0.2 0.2 0.2 0.2 0.2 0.2 0.2 0.2 0.2 0.2 0.2 0.2
 0.2 0.2 0.2 0.2 0.2 0.2 0.2 0.2 0.2 0.2 0.2 0.2
 0.2 0.2 0.2 0.2 0.2 0.2 0.2 0.2 0.2 0.2 0.2 0.2
 0.2 0.2 0.2 0.2 0.2 0.2 0.2 0.2 0.2 0.2 0.2 0.2
 0.2 0.2 0.2 0.2 0.2 0.2 0.2 0.2 0.2 0.2 0.2 0.2
 0.2 0.2 0.2 0.2 0.2 0.2 0.2 0.2 0.2 0.2 0.2 0.2
 0.2 0.2 0.2 0.2 0.2 0.2 0.2 0.2 0.2 0.2 0.2 0.2
 0.2 0.2 0.2 0.2 0.2 0.2 0.2 0.2 0.2 0.2 0.2 0.2
 0.2 0.2 0.2 0.2 0.2 0.2 0.2 0.2 0.2 0.2 0.2 0.2
 0.2 0.2 0.2 0.2 0.2 0.2 0.2 0.2 0.2 0.2 0.2 0.2
 0.2 0.2 0.2 0.2 0.2 0.2 0.2 0.2 0.2 0.2 0.2 0.2
 0.2 0.2 0.2 0.2 0.2 0.2 0.2 0.2 0.2 0.2 0.2 0.2
 0.2 0.2 0.2 0.2 0.2 0.2 0.2 0.2 0.2 0.2 0.2 0.2
 0.2 0.2 0.2 0.2 0.2 0.2 0.2 0.2 0.2 0.2 0.2 0.2
 0.2 0.2 0.2 0.2 0.2 0.2 0.2 0.2 0.2 0.2 0.2 0.2
 0.2 0.2 0.2 0.2 0.2 0.2 0.2 0.2 0.2 0.2 0.2 0.2
 0.2 0.2 0.2 0.2 0.2 0.2 0.2 0.2 0.2 0.2 0.2 0.2
 0.2 0.2 0.2 0.2 0.2 0.2 0.2 0.2 0.2 0.2 0.2 0.2
 0.2 0.2 0.2 0.2 0.2 0.2 0.2 0.2 0.2 0.2 0.2 0.2
 0.2 0.2 0.2 0.2 0.2 0.2 0.2 0.2 0.2 0.2 0.2 0.2
 0.2 0.2 0.2 0.2 0.2 0.2 0.2 0.2 0.2 0.2 0.2 0.2
 0.2 0.2 0.2 0.2 0.2 0.2 0.2 0.2 0.2 0.2 0.2 0.2
 0.2 0.2 0.2 0.2 0.2 0.2 0.2 0.2 0.2 0.2 0.2 0.2
 0.2 0.2 0.2 0.2 0.2 0.2 0.2 0.2 0.2 0.2 0.2 0.2
 0.2 0.2 0.2 0.2 0.2 0.2 0.2 0.2 0.2 0.2 0.2 0.2
 0.2 0.2 0.2 0.2 0.2 0.2 0.2 0.2 0.2 0.2 0.2 0.2
 0.2 0.2 0.2 0.2 0.2 0.2 0.2 0.2 0.2 0.2 0.2 0.2
 0.2 0.2 0.2 0.2 0.2 0.2 0.2 0.2 0.2 0.2 0.2 0.2
 0.2 0.2 0.2 0.2 0.2 0.2 0.2 0.2 0.2 0.2 0.2 0.2
# mean_log_rec
13.8148
# log_Rzero
13.8206
# rec_dev
 -0.108253 -0.129451 -0.0904906 0.107794 -0.0692582 -0.0644089 -0.0428953 0.123187 0.0624778 0.122905 0.0445779 0.0251166 0.0184673 0.301242 0.0483233 0.292391 -0.0724273 0.220178 0.21112 0.112859 -0.137732 -0.38558 0.0323842 0.00501143 -0.442155 0.0948375 0.108098 -0.0511347 -0.0488208 -0.176518 -0.0612718 -0.309829 -0.111157 -0.103028 -0.333989 -0.0779452 -0.317659 -0.0212658 -0.0708743 -0.333785 -0.281931 -0.375569
# fmort
 0.008706 0.0250109 0.0416212 0.0567876 0.0454135 0.0806175 0.0829456 0.173421 0.102029 0.125193 0.140652 0.151148 0.109143 0.158665 0.169412 0.151068 0.291857 0.239789 0.236774 0.232026 0.326157 0.235828 0.38472 0.314476 0.308647 0.275219 0.263411 0.356568 0.262149 0.38213
# rec_dev_future
 0 0 0 0 0
