AMAK;Mar 2020
# styr
1
# endyr
30
# rec_age
1
# oldest_age
12
# nlength
81
# len_bins
 10 11 12 13 14 15 16 17 18 19 20 21 22 23 24 25 26 27 28 29 30 31 32 33 34 35 36 37 38 39 40 41 42 43 44 45 46 47 48 49 50 51 52 53 54 55 56 57 58 59 60 61 62 63 64 65 66 67 68 69 70 71 72 73 74 75 76 77 78 79 80 81 82 83 84 85 86 87 88 89 90
# datafile_name
amak_data.dat
# model_name
AMAK_MCP
# styr
1
# endyr
30
# rec_age
1
# oldest_age
12
# nfsh
1
# fshname
FLEET1
# catch_bio_in
 160.835 458.486 737.509 970.585 734.838 1277.33 1240.99 2412.05 1314.92 1554.82 1695.13 1756.85 1235.03 1717.13 1710.24 1487.23 2637.63 1851.19 1642.74 1476.07 1849.93 1179.38 1653.41 1151.4 1075.18 1035.06 1129.97 1600.93 1171.26 1628.59
# catch_bio_sd_in
 0.01 0.01 0.01 0.01 0.01 0.01 0.01 0.01 0.01 0.01 0.01 0.01 0.01 0.01 0.01 0.01 0.01 0.01 0.01 0.01 0.01 0.01 0.01 0.01 0.01 0.01 0.01 0.01 0.01 0.01
# nyrs_fsh_age
 30
# nyrs_fsh_length
 0
# yrs_fsh_age_in
 1 2 3 4 5 6 7 8 9 10 11 12 13 14 15 16 17 18 19 20 21 22 23 24 25 26 27 28 29 30
# yrs_fsh_length_in

# n_sample_fsh_length_in

# olc_fsh_in

# nind
1
# indname
SURVEY1
# nyrs_ind
 30
# yrs_ind_in
 1 2 3 4 5 6 7 8 9 10 11 12 13 14 15 16 17 18 19 20 21 22 23 24 25 26 27 28 29 30
# mo_ind
 1
# obs_ind_in
 1.65795 1.42772 1.2184 1.17545 1.59302 1.42007 1.31194 1.27586 1.1746 1.28458 1.52732 1.33063 1.24538 1.10236 1.1396 1.17087 0.976301 0.768139 0.917917 0.788972 0.752461 0.576617 0.538055 0.589369 0.57313 0.66214 0.717459 0.694003 0.618131 0.529532
# obs_se_ind_in
 0.33159 0.285544 0.24368 0.235091 0.318604 0.284014 0.262388 0.255173 0.23492 0.256916 0.305464 0.266127 0.249077 0.220471 0.22792 0.234174 0.19526 0.153628 0.183583 0.157794 0.150492 0.115323 0.107611 0.117874 0.114626 0.132428 0.143492 0.138801 0.123626 0.105906
# nyrs_ind_age
 30
# nyrs_ind_length
 0
# yrs_ind_age_in
 1 2 3 4 5 6 7 8 9 10 11 12 13 14 15 16 17 18 19 20 21 22 23 24 25 26 27 28 29 30
# yrs_ind_length_in

# yrs_ind_age_in
 1 2 3 4 5 6 7 8 9 10 11 12 13 14 15 16 17 18 19 20 21 22 23 24 25 26 27 28 29 30
# n_sample_ind_length_in

# olc_ind_in

# oac_ind_in
 0.06 0.18 0.2 0.14 0.085 0.04 0.04 0.085 0.02 0.045 0.015 0.09
 0.06 0.185 0.11 0.11 0.12 0.05 0.055 0.04 0.045 0.05 0.035 0.14
 0.075 0.16 0.125 0.1 0.045 0.085 0.11 0.06 0.045 0.045 0.035 0.115
 0.045 0.18 0.135 0.1 0.09 0.085 0.05 0.09 0.045 0.035 0.025 0.12
 0.08 0.165 0.125 0.11 0.075 0.07 0.055 0.065 0.075 0.02 0.03 0.13
 0.055 0.175 0.13 0.15 0.12 0.035 0.075 0.04 0.045 0.045 0.015 0.115
 0.06 0.15 0.23 0.13 0.07 0.08 0.06 0.03 0.06 0.03 0.02 0.08
 0.105 0.09 0.16 0.175 0.095 0.075 0.045 0.05 0.05 0.035 0.015 0.105
 0.065 0.285 0.16 0.11 0.12 0.065 0.03 0.04 0.02 0.02 0.015 0.07
 0.08 0.175 0.215 0.12 0.075 0.115 0.025 0.03 0.035 0.02 0.01 0.1
 0.095 0.22 0.16 0.2 0.065 0.03 0.08 0.015 0.015 0.005 0.02 0.095
 0.055 0.2 0.215 0.145 0.14 0.045 0.025 0.045 0.02 0.035 0.01 0.065
 0.055 0.165 0.19 0.195 0.08 0.11 0.04 0.025 0.065 0.015 0.01 0.05
 0.15 0.11 0.125 0.185 0.14 0.035 0.055 0.055 0.035 0.035 0.02 0.055
 0.125 0.285 0.08 0.1 0.105 0.095 0.04 0.065 0.03 0.025 0.01 0.04
 0.065 0.19 0.295 0.045 0.08 0.125 0.04 0.035 0.04 0.025 0.01 0.05
 0.08 0.2 0.195 0.205 0.065 0.045 0.06 0.06 0.005 0.02 0.015 0.05
 0.085 0.13 0.17 0.18 0.17 0.055 0.065 0.04 0.055 0 0.015 0.035
 0.185 0.17 0.155 0.125 0.1 0.11 0.035 0.025 0.025 0.03 0.01 0.03
 0.07 0.37 0.15 0.11 0.105 0.055 0.065 0.015 0.025 0.005 0.01 0.02
 0.095 0.175 0.28 0.12 0.06 0.095 0.06 0.06 0.015 0.005 0.02 0.015
 0.035 0.155 0.15 0.325 0.095 0.05 0.035 0.065 0.04 0.01 0.005 0.035
 0.135 0.185 0.165 0.105 0.17 0.06 0.025 0.04 0.035 0.025 0.005 0.05
 0.175 0.245 0.155 0.095 0.085 0.125 0.04 0.035 0.015 0.015 0.015 0
 0.26 0.285 0.215 0.08 0.045 0.055 0.035 0.015 0 0 0.005 0.005
 0.135 0.285 0.26 0.105 0.07 0.035 0.03 0.025 0.015 0.01 0 0.03
 0.09 0.295 0.265 0.22 0.055 0.025 0.03 0.005 0.01 0 0 0.005
 0.07 0.215 0.275 0.225 0.12 0.035 0.015 0.005 0.005 0.015 0.005 0.015
 0.11 0.2 0.26 0.18 0.145 0.055 0.015 0.01 0.01 0.005 0 0.01
 0.175 0.21 0.175 0.16 0.125 0.065 0.055 0.005 0.01 0.01 0 0.01
# wt_ind
 1 1 1 1 1 1 1 1 1 1 1 1
 1 1 1 1 1 1 1 1 1 1 1 1
 1 1 1 1 1 1 1 1 1 1 1 1
 1 1 1 1 1 1 1 1 1 1 1 1
 1 1 1 1 1 1 1 1 1 1 1 1
 1 1 1 1 1 1 1 1 1 1 1 1
 1 1 1 1 1 1 1 1 1 1 1 1
 1 1 1 1 1 1 1 1 1 1 1 1
 1 1 1 1 1 1 1 1 1 1 1 1
 1 1 1 1 1 1 1 1 1 1 1 1
 1 1 1 1 1 1 1 1 1 1 1 1
 1 1 1 1 1 1 1 1 1 1 1 1
 1 1 1 1 1 1 1 1 1 1 1 1
 1 1 1 1 1 1 1 1 1 1 1 1
 1 1 1 1 1 1 1 1 1 1 1 1
 1 1 1 1 1 1 1 1 1 1 1 1
 1 1 1 1 1 1 1 1 1 1 1 1
 1 1 1 1 1 1 1 1 1 1 1 1
 1 1 1 1 1 1 1 1 1 1 1 1
 1 1 1 1 1 1 1 1 1 1 1 1
 1 1 1 1 1 1 1 1 1 1 1 1
 1 1 1 1 1 1 1 1 1 1 1 1
 1 1 1 1 1 1 1 1 1 1 1 1
 1 1 1 1 1 1 1 1 1 1 1 1
 1 1 1 1 1 1 1 1 1 1 1 1
 1 1 1 1 1 1 1 1 1 1 1 1
 1 1 1 1 1 1 1 1 1 1 1 1
 1 1 1 1 1 1 1 1 1 1 1 1
 1 1 1 1 1 1 1 1 1 1 1 1
 1 1 1 1 1 1 1 1 1 1 1 1
# wt_pop
 0.000530656 0.00119633 0.00205827 0.00303499 0.00405521 0.0050647 0.00602623 0.00691692 0.00772489 0.00844611 0.00908185 0.0096367
# maturity
 0.0229774 0.320821 0.904651 0.99478 0.999739 0.999987 0.999999 1 1 1 1 1
# spawnmo
1
# age_err
 1 0 0 0 0 0 0 0 0 0 0 0
 0 1 0 0 0 0 0 0 0 0 0 0
 0 0 1 0 0 0 0 0 0 0 0 0
 0 0 0 1 0 0 0 0 0 0 0 0
 0 0 0 0 1 0 0 0 0 0 0 0
 0 0 0 0 0 1 0 0 0 0 0 0
 0 0 0 0 0 0 1 0 0 0 0 0
 0 0 0 0 0 0 0 1 0 0 0 0
 0 0 0 0 0 0 0 0 1 0 0 0
 0 0 0 0 0 0 0 0 0 1 0 0
 0 0 0 0 0 0 0 0 0 0 1 0
 0 0 0 0 0 0 0 0 0 0 0 1
# cntrlfile_name
C:\Users\bai.li\DOCUME~1\Github\AGE_ST~2\ASSAMC\example\C1\output\AMAK\s4\amak.dat
# Map shared selectivity: 
# sel_map
 1 2
 1 1
# datafile_name
amak_data.dat
# model_name
AMAK_MCP
# SrType
2
# use_age_err
0
# retro
0
# sigmarprior
0.4
# cvsigmarprior
0.45
# phase_sigmar
-3
# styr_rec_est
1
# endyr_rec_est
30
# Linfprior
80
# cvLinfprior
0.25
# kprior
0.18
# cvkprior
0.25
# Loprior
27.688
# cvLoprior
0.25
# sdageprior
0.1
# cvsdageprior
0.25
# natmortprior
0.2
# cvnatmortprior
0.25
# phase_M
-4
# npars_Mage
0
# ages_M_changes

# Mage_in

# Mage_offset_in

# phase_Mage
-5
# phase_rw_M
0
# npars_rw_M
0
# yrs_rw_M

# sigma_rw_M

# qprior
 3.48998e-007
# cvqprior
 1
# phase_q
 1
# q_power_prior
 1
# cvq_power_prior
 0.2
# phase_q_power
 -4
# phase_rw_q
 -1
# npars_rw_q
 0
# yrs_rw_q

# sigma_rw_q

# q_age_min
 1
# q_age_max
 12
# q_age_min
 1
# q_age_max
 12
# fsh_sel_opt(k)
2
# phase_sel_fsh(k)
2
# n_sel_ch_fsh(k)
1
# sel_slp_in_fsh(k)(1,n_sel_ch_fsh(k))
 1
# sel_inf_in_fsh(k)(1,n_sel_ch_fsh(k))
 2
# logsel_slp_in_fsh(k)(1,n_sel_ch_fsh(k))
 0
# yrs_sel_ch_fsh(k)(1,n_sel_ch_fsh(k))
 1

Survey SURVEY1
# ind_sel_opt(k)
2
# indname(k)
SURVEY1
# nselages_in_ind(k)
11
# phase_sel_ind(k)
2
# sel_change_in_ind(k)
 1 0 0 0 0 0 0 0 0 0 0 0 0 0 0 0 0 0 0 0 0 0 0 0 0 0 0 0 0 0
# n_sel_ch_ind(k)
1
# yrs_sel_ch_ind(k)(1,n_sel_ch_ind(k))
 1
# sel_slp_in_ind(k,1)
2
# sel_inf_in_ind(k,1)
1.5
# logsel_slp_in_ind(k,1)
0.693147
# logsel_slp_in_indv(k)
0.693147
SURVEY1 ind sel opt 2  1 0 0 0 0 0 0 0 0 0 0 0 0 0 0 0 0 0 0 0 0 0 0 0 0 0 0 0 0 0
Phase indices Sel_Coffs:  -1
 Test: 1.23457e+008
# Fshry Selages:  11
# Srvy  Selages:  11
# Phase for age-spec fishery  -1
# Phase for logistic fishery  2
# Phase for dble logistic fishery  -1
# Phase for age-spec indices   -1
# Phase for logistic indices   2
# Phase for dble logistic ind  -1
# Curv_pen_fsh: 
 0
# Curv_pen_ind: 
 0
# styr_fut
31
# endyr_fut
35
# nyrs_fsh_age
 30
# nyrs_fsh_age
 30
# yrs_fsh_age
 1 2 3 4 5 6 7 8 9 10 11 12 13 14 15 16 17 18 19 20 21 22 23 24 25 26 27 28 29 30
# n_sample_fsh_age
 200 200 200 200 200 200 200 200 200 200 200 200 200 200 200 200 200 200 200 200 200 200 200 200 200 200 200 200 200 200
# oac_fsh
 0.08 0.105 0.105 0.125 0.14 0.075 0.075 0.065 0.055 0.025 0.02 0.13
 0.07 0.085 0.13 0.1 0.09 0.095 0.085 0.055 0.04 0.03 0.05 0.17
 0.06 0.125 0.095 0.105 0.12 0.08 0.075 0.055 0.075 0.025 0.045 0.14
 0.09 0.065 0.12 0.115 0.075 0.07 0.065 0.06 0.05 0.03 0.06 0.2
 0.105 0.08 0.1 0.17 0.06 0.11 0.075 0.06 0.04 0.045 0.035 0.12
 0.07 0.165 0.11 0.135 0.075 0.08 0.085 0.055 0.06 0.04 0.015 0.11
 0.075 0.15 0.165 0.125 0.085 0.095 0.065 0.05 0.03 0.035 0.015 0.11
 0.08 0.11 0.14 0.145 0.09 0.1 0.06 0.045 0.04 0.02 0.04 0.13
 0.06 0.16 0.105 0.12 0.11 0.085 0.085 0.06 0.04 0.03 0.025 0.12
 0.12 0.11 0.22 0.105 0.095 0.085 0.04 0.02 0.035 0.025 0.015 0.13
 0.1 0.165 0.115 0.195 0.085 0.13 0.045 0.03 0.02 0.04 0.01 0.065
 0.05 0.12 0.24 0.125 0.155 0.09 0.07 0.07 0.025 0.01 0.01 0.035
 0.04 0.145 0.205 0.125 0.1 0.115 0.07 0.05 0.055 0.015 0.01 0.07
 0.165 0.08 0.11 0.13 0.2 0.095 0.06 0.04 0.03 0.03 0.01 0.05
 0.115 0.135 0.1 0.115 0.17 0.11 0.045 0.105 0.025 0.005 0.03 0.045
 0.135 0.16 0.23 0.075 0.08 0.085 0.095 0.05 0.02 0.01 0.01 0.05
 0.065 0.125 0.195 0.24 0.065 0.075 0.1 0.065 0.015 0.015 0.01 0.03
 0.085 0.16 0.155 0.19 0.17 0.04 0.05 0.015 0.045 0.025 0.02 0.045
 0.185 0.105 0.115 0.195 0.13 0.11 0.02 0.01 0.015 0.05 0 0.065
 0.125 0.275 0.125 0.07 0.06 0.105 0.105 0.03 0.01 0.03 0.03 0.035
 0.065 0.13 0.24 0.14 0.1 0.09 0.055 0.05 0.02 0.04 0.025 0.045
 0.085 0.125 0.17 0.275 0.09 0.025 0.065 0.055 0.02 0.005 0.015 0.07
 0.155 0.105 0.165 0.12 0.185 0.065 0.05 0.04 0.035 0.03 0.015 0.035
 0.25 0.165 0.135 0.08 0.09 0.155 0.05 0.035 0.01 0.015 0.01 0.005
 0.205 0.335 0.15 0.075 0.065 0.035 0.07 0.02 0.015 0.015 0.01 0.005
 0.2 0.335 0.2 0.115 0.04 0.04 0.025 0.03 0 0 0.01 0.005
 0.14 0.21 0.29 0.165 0.085 0.035 0.015 0.03 0.01 0 0.01 0.01
 0.09 0.23 0.225 0.235 0.075 0.06 0.01 0.02 0.015 0.015 0 0.025
 0.13 0.195 0.195 0.2 0.13 0.065 0.045 0.015 0 0.005 0.01 0.01
 0.18 0.265 0.16 0.14 0.1 0.075 0.055 0.01 0.005 0 0.005 0.005
# olc_fsh

# wt_fsh
 0.000530656 0.00119633 0.00205827 0.00303499 0.00405521 0.0050647 0.00602623 0.00691692 0.00772489 0.00844611 0.00908185 0.0096367
 0.000530656 0.00119633 0.00205827 0.00303499 0.00405521 0.0050647 0.00602623 0.00691692 0.00772489 0.00844611 0.00908185 0.0096367
 0.000530656 0.00119633 0.00205827 0.00303499 0.00405521 0.0050647 0.00602623 0.00691692 0.00772489 0.00844611 0.00908185 0.0096367
 0.000530656 0.00119633 0.00205827 0.00303499 0.00405521 0.0050647 0.00602623 0.00691692 0.00772489 0.00844611 0.00908185 0.0096367
 0.000530656 0.00119633 0.00205827 0.00303499 0.00405521 0.0050647 0.00602623 0.00691692 0.00772489 0.00844611 0.00908185 0.0096367
 0.000530656 0.00119633 0.00205827 0.00303499 0.00405521 0.0050647 0.00602623 0.00691692 0.00772489 0.00844611 0.00908185 0.0096367
 0.000530656 0.00119633 0.00205827 0.00303499 0.00405521 0.0050647 0.00602623 0.00691692 0.00772489 0.00844611 0.00908185 0.0096367
 0.000530656 0.00119633 0.00205827 0.00303499 0.00405521 0.0050647 0.00602623 0.00691692 0.00772489 0.00844611 0.00908185 0.0096367
 0.000530656 0.00119633 0.00205827 0.00303499 0.00405521 0.0050647 0.00602623 0.00691692 0.00772489 0.00844611 0.00908185 0.0096367
 0.000530656 0.00119633 0.00205827 0.00303499 0.00405521 0.0050647 0.00602623 0.00691692 0.00772489 0.00844611 0.00908185 0.0096367
 0.000530656 0.00119633 0.00205827 0.00303499 0.00405521 0.0050647 0.00602623 0.00691692 0.00772489 0.00844611 0.00908185 0.0096367
 0.000530656 0.00119633 0.00205827 0.00303499 0.00405521 0.0050647 0.00602623 0.00691692 0.00772489 0.00844611 0.00908185 0.0096367
 0.000530656 0.00119633 0.00205827 0.00303499 0.00405521 0.0050647 0.00602623 0.00691692 0.00772489 0.00844611 0.00908185 0.0096367
 0.000530656 0.00119633 0.00205827 0.00303499 0.00405521 0.0050647 0.00602623 0.00691692 0.00772489 0.00844611 0.00908185 0.0096367
 0.000530656 0.00119633 0.00205827 0.00303499 0.00405521 0.0050647 0.00602623 0.00691692 0.00772489 0.00844611 0.00908185 0.0096367
 0.000530656 0.00119633 0.00205827 0.00303499 0.00405521 0.0050647 0.00602623 0.00691692 0.00772489 0.00844611 0.00908185 0.0096367
 0.000530656 0.00119633 0.00205827 0.00303499 0.00405521 0.0050647 0.00602623 0.00691692 0.00772489 0.00844611 0.00908185 0.0096367
 0.000530656 0.00119633 0.00205827 0.00303499 0.00405521 0.0050647 0.00602623 0.00691692 0.00772489 0.00844611 0.00908185 0.0096367
 0.000530656 0.00119633 0.00205827 0.00303499 0.00405521 0.0050647 0.00602623 0.00691692 0.00772489 0.00844611 0.00908185 0.0096367
 0.000530656 0.00119633 0.00205827 0.00303499 0.00405521 0.0050647 0.00602623 0.00691692 0.00772489 0.00844611 0.00908185 0.0096367
 0.000530656 0.00119633 0.00205827 0.00303499 0.00405521 0.0050647 0.00602623 0.00691692 0.00772489 0.00844611 0.00908185 0.0096367
 0.000530656 0.00119633 0.00205827 0.00303499 0.00405521 0.0050647 0.00602623 0.00691692 0.00772489 0.00844611 0.00908185 0.0096367
 0.000530656 0.00119633 0.00205827 0.00303499 0.00405521 0.0050647 0.00602623 0.00691692 0.00772489 0.00844611 0.00908185 0.0096367
 0.000530656 0.00119633 0.00205827 0.00303499 0.00405521 0.0050647 0.00602623 0.00691692 0.00772489 0.00844611 0.00908185 0.0096367
 0.000530656 0.00119633 0.00205827 0.00303499 0.00405521 0.0050647 0.00602623 0.00691692 0.00772489 0.00844611 0.00908185 0.0096367
 0.000530656 0.00119633 0.00205827 0.00303499 0.00405521 0.0050647 0.00602623 0.00691692 0.00772489 0.00844611 0.00908185 0.0096367
 0.000530656 0.00119633 0.00205827 0.00303499 0.00405521 0.0050647 0.00602623 0.00691692 0.00772489 0.00844611 0.00908185 0.0096367
 0.000530656 0.00119633 0.00205827 0.00303499 0.00405521 0.0050647 0.00602623 0.00691692 0.00772489 0.00844611 0.00908185 0.0096367
 0.000530656 0.00119633 0.00205827 0.00303499 0.00405521 0.0050647 0.00602623 0.00691692 0.00772489 0.00844611 0.00908185 0.0096367
 0.000530656 0.00119633 0.00205827 0.00303499 0.00405521 0.0050647 0.00602623 0.00691692 0.00772489 0.00844611 0.00908185 0.0096367
# nyrs_ind_age
 30
# yrs_ind_age
 1 2 3 4 5 6 7 8 9 10 11 12 13 14 15 16 17 18 19 20 21 22 23 24 25 26 27 28 29 30
# n_sample_ind_age
 200 200 200 200 200 200 200 200 200 200 200 200 200 200 200 200 200 200 200 200 200 200 200 200 200 200 200 200 200 200
# oac_ind
 0.06 0.18 0.2 0.14 0.085 0.04 0.04 0.085 0.02 0.045 0.015 0.09
 0.06 0.185 0.11 0.11 0.12 0.05 0.055 0.04 0.045 0.05 0.035 0.14
 0.075 0.16 0.125 0.1 0.045 0.085 0.11 0.06 0.045 0.045 0.035 0.115
 0.045 0.18 0.135 0.1 0.09 0.085 0.05 0.09 0.045 0.035 0.025 0.12
 0.08 0.165 0.125 0.11 0.075 0.07 0.055 0.065 0.075 0.02 0.03 0.13
 0.055 0.175 0.13 0.15 0.12 0.035 0.075 0.04 0.045 0.045 0.015 0.115
 0.06 0.15 0.23 0.13 0.07 0.08 0.06 0.03 0.06 0.03 0.02 0.08
 0.105 0.09 0.16 0.175 0.095 0.075 0.045 0.05 0.05 0.035 0.015 0.105
 0.065 0.285 0.16 0.11 0.12 0.065 0.03 0.04 0.02 0.02 0.015 0.07
 0.08 0.175 0.215 0.12 0.075 0.115 0.025 0.03 0.035 0.02 0.01 0.1
 0.095 0.22 0.16 0.2 0.065 0.03 0.08 0.015 0.015 0.005 0.02 0.095
 0.055 0.2 0.215 0.145 0.14 0.045 0.025 0.045 0.02 0.035 0.01 0.065
 0.055 0.165 0.19 0.195 0.08 0.11 0.04 0.025 0.065 0.015 0.01 0.05
 0.15 0.11 0.125 0.185 0.14 0.035 0.055 0.055 0.035 0.035 0.02 0.055
 0.125 0.285 0.08 0.1 0.105 0.095 0.04 0.065 0.03 0.025 0.01 0.04
 0.065 0.19 0.295 0.045 0.08 0.125 0.04 0.035 0.04 0.025 0.01 0.05
 0.08 0.2 0.195 0.205 0.065 0.045 0.06 0.06 0.005 0.02 0.015 0.05
 0.085 0.13 0.17 0.18 0.17 0.055 0.065 0.04 0.055 0 0.015 0.035
 0.185 0.17 0.155 0.125 0.1 0.11 0.035 0.025 0.025 0.03 0.01 0.03
 0.07 0.37 0.15 0.11 0.105 0.055 0.065 0.015 0.025 0.005 0.01 0.02
 0.095 0.175 0.28 0.12 0.06 0.095 0.06 0.06 0.015 0.005 0.02 0.015
 0.035 0.155 0.15 0.325 0.095 0.05 0.035 0.065 0.04 0.01 0.005 0.035
 0.135 0.185 0.165 0.105 0.17 0.06 0.025 0.04 0.035 0.025 0.005 0.05
 0.175 0.245 0.155 0.095 0.085 0.125 0.04 0.035 0.015 0.015 0.015 0
 0.26 0.285 0.215 0.08 0.045 0.055 0.035 0.015 0 0 0.005 0.005
 0.135 0.285 0.26 0.105 0.07 0.035 0.03 0.025 0.015 0.01 0 0.03
 0.09 0.295 0.265 0.22 0.055 0.025 0.03 0.005 0.01 0 0 0.005
 0.07 0.215 0.275 0.225 0.12 0.035 0.015 0.005 0.005 0.015 0.005 0.015
 0.11 0.2 0.26 0.18 0.145 0.055 0.015 0.01 0.01 0.005 0 0.01
 0.175 0.21 0.175 0.16 0.125 0.065 0.055 0.005 0.01 0.01 0 0.01
# olc_ind

# obs_lse_ind
 0.198042 0.198042 0.198042 0.198042 0.198042 0.198042 0.198042 0.198042 0.198042 0.198042 0.198042 0.198042 0.198042 0.198042 0.198042 0.198042 0.198042 0.198042 0.198042 0.198042 0.198042 0.198042 0.198042 0.198042 0.198042 0.198042 0.198042 0.198042 0.198042 0.198042
# xages_fsh
 0 0 0 0 0 0 0 0 0 0 0 0
# xages_fsh
 0 0.0909091 0.181818 0.272727 0.363636 0.454545 0.545455 0.636364 0.727273 0.818182 0.909091 1
# xnodes_fsh

Yrs fsh_sel change:  1 0 0 0 0 0 0 0 0 0 0 0 0 0 0 0 0 0 0 0 0 0 0 0 0 0 0 0 0
Yrs ind_sel change:  1 0 0 0 0 0 0 0 0 0 0 0 0 0 0 0 0 0 0 0 0 0 0 0 0 0 0 0 0
# steepnessprior
0.75
# sigmarprior
0.4
#  SSB estimated in styr endyr: -13 28 
#  Rec estimated in styr endyr: -11 30 
#  SR Curve fit  in styr endyr: 1 30 
#             Model styr endyr: 1 30 
# qprior
 3.48998e-007
# q_power_prior 
 1 
# cv_catchbiomass 
0.05 
# CatchbiomassPen 
200 
# Number of projection years 
5 
# offset_fsh
 13307
# offset_ind
 12947
Mean Catch
1384.89
R_guess 
15.4935
# nfsh
1
# n_sel_ch_fsh
 1
# nselages_fsh
 11
# phase_selcoff_fsh
 -1
logRzero 15.4935
logmeanrec 15.4935
exp(log_sigmarprior 0.4
Fish sel phase: -1 FLEET1
Fixing fishery sel to
1
Srvy sel phase: -1
Fixing SURVEY1 indices sel to
1
# logsel_slp_in_indv
 0.693147
Leaving parameter init secton
# M
 0.2 0.2 0.2 0.2 0.2 0.2 0.2 0.2 0.2 0.2 0.2 0.2
 0.2 0.2 0.2 0.2 0.2 0.2 0.2 0.2 0.2 0.2 0.2 0.2
 0.2 0.2 0.2 0.2 0.2 0.2 0.2 0.2 0.2 0.2 0.2 0.2
 0.2 0.2 0.2 0.2 0.2 0.2 0.2 0.2 0.2 0.2 0.2 0.2
 0.2 0.2 0.2 0.2 0.2 0.2 0.2 0.2 0.2 0.2 0.2 0.2
 0.2 0.2 0.2 0.2 0.2 0.2 0.2 0.2 0.2 0.2 0.2 0.2
 0.2 0.2 0.2 0.2 0.2 0.2 0.2 0.2 0.2 0.2 0.2 0.2
 0.2 0.2 0.2 0.2 0.2 0.2 0.2 0.2 0.2 0.2 0.2 0.2
 0.2 0.2 0.2 0.2 0.2 0.2 0.2 0.2 0.2 0.2 0.2 0.2
 0.2 0.2 0.2 0.2 0.2 0.2 0.2 0.2 0.2 0.2 0.2 0.2
 0.2 0.2 0.2 0.2 0.2 0.2 0.2 0.2 0.2 0.2 0.2 0.2
 0.2 0.2 0.2 0.2 0.2 0.2 0.2 0.2 0.2 0.2 0.2 0.2
 0.2 0.2 0.2 0.2 0.2 0.2 0.2 0.2 0.2 0.2 0.2 0.2
 0.2 0.2 0.2 0.2 0.2 0.2 0.2 0.2 0.2 0.2 0.2 0.2
 0.2 0.2 0.2 0.2 0.2 0.2 0.2 0.2 0.2 0.2 0.2 0.2
 0.2 0.2 0.2 0.2 0.2 0.2 0.2 0.2 0.2 0.2 0.2 0.2
 0.2 0.2 0.2 0.2 0.2 0.2 0.2 0.2 0.2 0.2 0.2 0.2
 0.2 0.2 0.2 0.2 0.2 0.2 0.2 0.2 0.2 0.2 0.2 0.2
 0.2 0.2 0.2 0.2 0.2 0.2 0.2 0.2 0.2 0.2 0.2 0.2
 0.2 0.2 0.2 0.2 0.2 0.2 0.2 0.2 0.2 0.2 0.2 0.2
 0.2 0.2 0.2 0.2 0.2 0.2 0.2 0.2 0.2 0.2 0.2 0.2
 0.2 0.2 0.2 0.2 0.2 0.2 0.2 0.2 0.2 0.2 0.2 0.2
 0.2 0.2 0.2 0.2 0.2 0.2 0.2 0.2 0.2 0.2 0.2 0.2
 0.2 0.2 0.2 0.2 0.2 0.2 0.2 0.2 0.2 0.2 0.2 0.2
 0.2 0.2 0.2 0.2 0.2 0.2 0.2 0.2 0.2 0.2 0.2 0.2
 0.2 0.2 0.2 0.2 0.2 0.2 0.2 0.2 0.2 0.2 0.2 0.2
 0.2 0.2 0.2 0.2 0.2 0.2 0.2 0.2 0.2 0.2 0.2 0.2
 0.2 0.2 0.2 0.2 0.2 0.2 0.2 0.2 0.2 0.2 0.2 0.2
 0.2 0.2 0.2 0.2 0.2 0.2 0.2 0.2 0.2 0.2 0.2 0.2
 0.2 0.2 0.2 0.2 0.2 0.2 0.2 0.2 0.2 0.2 0.2 0.2
# mean_log_rec
13.7684
# log_Rzero
13.836
# rec_dev
 -0.0969604 -0.116145 -0.22306 0.112148 0.0514321 0.124961 -0.0186062 -0.095369 0.164293 0.0935842 0.0162166 0.0300578 -0.0533596 0.0986612 0.0067499 -0.0148357 0.398826 0.106064 0.0109499 0.512356 0.021251 0.477307 0.306138 -0.0989397 -0.461481 0.526457 0.253994 0.0317952 -0.313312 -0.289363 0.385878 -0.387636 -0.582082 -0.708312 -0.300678 0.108108 0.261487 0.0707361 -0.148779 -0.449914 -0.308573 -0.105397
# fmort
 0.00904603 0.0261503 0.0433391 0.0596166 0.046971 0.0851441 0.0869416 0.183149 0.108092 0.132495 0.150282 0.162659 0.118241 0.171386 0.182345 0.16587 0.324086 0.263936 0.262053 0.258136 0.363302 0.263231 0.433768 0.361101 0.356541 0.330558 0.337001 0.489893 0.392525 0.636794
# rec_dev_future
 0 0 0 0 0
