AMAK;Mar 2020
# styr
1
# endyr
30
# rec_age
1
# oldest_age
12
# nlength
81
# len_bins
 10 11 12 13 14 15 16 17 18 19 20 21 22 23 24 25 26 27 28 29 30 31 32 33 34 35 36 37 38 39 40 41 42 43 44 45 46 47 48 49 50 51 52 53 54 55 56 57 58 59 60 61 62 63 64 65 66 67 68 69 70 71 72 73 74 75 76 77 78 79 80 81 82 83 84 85 86 87 88 89 90
# datafile_name
amak_data.dat
# model_name
AMAK_MCP
# styr
1
# endyr
30
# rec_age
1
# oldest_age
12
# nfsh
1
# fshname
FLEET1
# catch_bio_in
 159.551 458.207 730.781 948.04 741.553 1339.06 1359.66 2772.61 1521.7 1764.46 1864.08 1831.77 1245.38 1789.75 1910.27 1734.1 3187.72 2254.13 1945.03 1716.44 2101.48 1396.8 2160.65 1685.38 1805.13 1795.47 1940.99 2710.88 2020.49 2840.47
# catch_bio_sd_in
 0.01 0.01 0.01 0.01 0.01 0.01 0.01 0.01 0.01 0.01 0.01 0.01 0.01 0.01 0.01 0.01 0.01 0.01 0.01 0.01 0.01 0.01 0.01 0.01 0.01 0.01 0.01 0.01 0.01 0.01
# nyrs_fsh_age
 30
# nyrs_fsh_length
 0
# yrs_fsh_age_in
 1 2 3 4 5 6 7 8 9 10 11 12 13 14 15 16 17 18 19 20 21 22 23 24 25 26 27 28 29 30
# yrs_fsh_length_in

# n_sample_fsh_length_in

# olc_fsh_in

# nind
1
# indname
SURVEY1
# nyrs_ind
 30
# yrs_ind_in
 1 2 3 4 5 6 7 8 9 10 11 12 13 14 15 16 17 18 19 20 21 22 23 24 25 26 27 28 29 30
# mo_ind
 1
# obs_ind_in
 1.17281 1.04013 1.11677 1.04163 1.31626 1.26005 1.54482 1.40638 1.2361 1.12078 1.0165 0.921919 0.861429 1.18092 1.20538 1.20775 1.07826 0.84488 0.672758 0.665701 0.59938 0.735538 0.652076 0.687907 0.987768 0.927862 1.04053 0.880298 0.888654 0.849443
# obs_se_ind_in
 0.234563 0.208027 0.223355 0.208325 0.263252 0.25201 0.308964 0.281276 0.247221 0.224155 0.203301 0.184384 0.172286 0.236185 0.241076 0.241549 0.215652 0.168976 0.134552 0.13314 0.119876 0.147108 0.130415 0.137581 0.197554 0.185572 0.208106 0.17606 0.177731 0.169889
# nyrs_ind_age
 30
# nyrs_ind_length
 0
# yrs_ind_age_in
 1 2 3 4 5 6 7 8 9 10 11 12 13 14 15 16 17 18 19 20 21 22 23 24 25 26 27 28 29 30
# yrs_ind_length_in

# yrs_ind_age_in
 1 2 3 4 5 6 7 8 9 10 11 12 13 14 15 16 17 18 19 20 21 22 23 24 25 26 27 28 29 30
# n_sample_ind_length_in

# olc_ind_in

# oac_ind_in
 0.04 0.085 0.175 0.105 0.135 0.055 0.055 0.045 0.07 0.035 0.05 0.15
 0.02 0.145 0.17 0.095 0.12 0.075 0.055 0.085 0.07 0.04 0.025 0.1
 0.065 0.07 0.19 0.14 0.115 0.085 0.045 0.065 0.045 0.035 0.005 0.14
 0.175 0.115 0.095 0.12 0.085 0.085 0.06 0.055 0.035 0.045 0.025 0.105
 0.085 0.27 0.12 0.05 0.085 0.065 0.065 0.035 0.055 0.03 0.02 0.12
 0.16 0.185 0.265 0.06 0.025 0.045 0.045 0.05 0.03 0.02 0.025 0.09
 0.06 0.26 0.17 0.175 0.065 0.05 0.025 0.025 0.045 0.025 0.02 0.08
 0.105 0.075 0.305 0.105 0.145 0.05 0.025 0.025 0.02 0.02 0.03 0.095
 0.03 0.19 0.075 0.225 0.105 0.155 0.065 0.02 0.035 0.015 0.01 0.075
 0.125 0.06 0.165 0.065 0.195 0.095 0.095 0.04 0.015 0.045 0.025 0.075
 0.065 0.33 0.045 0.145 0.065 0.145 0.055 0.07 0.015 0.005 0.015 0.045
 0.025 0.09 0.35 0.055 0.075 0.035 0.105 0.055 0.065 0.02 0 0.125
 0.275 0.065 0.07 0.215 0.045 0.09 0.03 0.075 0.03 0.03 0.005 0.07
 0.165 0.415 0.055 0.05 0.115 0.005 0.025 0.01 0.06 0.025 0.035 0.04
 0.055 0.275 0.315 0.03 0.03 0.08 0.02 0.045 0.01 0.07 0.015 0.055
 0.105 0.065 0.28 0.335 0.02 0.015 0.055 0.025 0.035 0.01 0.025 0.03
 0.025 0.25 0.07 0.215 0.205 0.02 0.005 0.08 0.01 0.035 0.02 0.065
 0.055 0.075 0.275 0.075 0.2 0.18 0.045 0.01 0.03 0 0.02 0.035
 0.115 0.135 0.08 0.21 0.1 0.175 0.12 0.005 0.02 0.005 0.005 0.03
 0.105 0.29 0.095 0.075 0.145 0.03 0.12 0.08 0 0.01 0.01 0.04
 0.085 0.295 0.2 0.075 0.05 0.12 0.03 0.075 0.055 0.005 0 0.01
 0.15 0.175 0.195 0.16 0.085 0.01 0.065 0.02 0.035 0.065 0 0.04
 0.08 0.325 0.125 0.205 0.12 0.035 0.01 0.045 0 0.03 0.015 0.01
 0.185 0.25 0.225 0.07 0.105 0.05 0.035 0.01 0.03 0.01 0.02 0.01
 0.17 0.39 0.175 0.105 0.04 0.05 0.025 0.01 0.005 0.005 0 0.025
 0.06 0.32 0.315 0.125 0.075 0.02 0.02 0.04 0.005 0 0.005 0.015
 0.23 0.08 0.32 0.185 0.1 0.04 0.02 0.01 0.005 0 0 0.01
 0.085 0.41 0.065 0.21 0.15 0.03 0.03 0.02 0 0 0 0
 0.08 0.19 0.4 0.055 0.14 0.055 0.035 0.02 0.01 0 0.005 0.01
 0.07 0.16 0.18 0.385 0.03 0.06 0.075 0.015 0.015 0.005 0.005 0
# wt_ind
 1 1 1 1 1 1 1 1 1 1 1 1
 1 1 1 1 1 1 1 1 1 1 1 1
 1 1 1 1 1 1 1 1 1 1 1 1
 1 1 1 1 1 1 1 1 1 1 1 1
 1 1 1 1 1 1 1 1 1 1 1 1
 1 1 1 1 1 1 1 1 1 1 1 1
 1 1 1 1 1 1 1 1 1 1 1 1
 1 1 1 1 1 1 1 1 1 1 1 1
 1 1 1 1 1 1 1 1 1 1 1 1
 1 1 1 1 1 1 1 1 1 1 1 1
 1 1 1 1 1 1 1 1 1 1 1 1
 1 1 1 1 1 1 1 1 1 1 1 1
 1 1 1 1 1 1 1 1 1 1 1 1
 1 1 1 1 1 1 1 1 1 1 1 1
 1 1 1 1 1 1 1 1 1 1 1 1
 1 1 1 1 1 1 1 1 1 1 1 1
 1 1 1 1 1 1 1 1 1 1 1 1
 1 1 1 1 1 1 1 1 1 1 1 1
 1 1 1 1 1 1 1 1 1 1 1 1
 1 1 1 1 1 1 1 1 1 1 1 1
 1 1 1 1 1 1 1 1 1 1 1 1
 1 1 1 1 1 1 1 1 1 1 1 1
 1 1 1 1 1 1 1 1 1 1 1 1
 1 1 1 1 1 1 1 1 1 1 1 1
 1 1 1 1 1 1 1 1 1 1 1 1
 1 1 1 1 1 1 1 1 1 1 1 1
 1 1 1 1 1 1 1 1 1 1 1 1
 1 1 1 1 1 1 1 1 1 1 1 1
 1 1 1 1 1 1 1 1 1 1 1 1
 1 1 1 1 1 1 1 1 1 1 1 1
# wt_pop
 0.000530656 0.00119633 0.00205827 0.00303499 0.00405521 0.0050647 0.00602623 0.00691692 0.00772489 0.00844611 0.00908185 0.0096367
# maturity
 0.0229774 0.320821 0.904651 0.99478 0.999739 0.999987 0.999999 1 1 1 1 1
# spawnmo
1
# age_err
 1 0 0 0 0 0 0 0 0 0 0 0
 0 1 0 0 0 0 0 0 0 0 0 0
 0 0 1 0 0 0 0 0 0 0 0 0
 0 0 0 1 0 0 0 0 0 0 0 0
 0 0 0 0 1 0 0 0 0 0 0 0
 0 0 0 0 0 1 0 0 0 0 0 0
 0 0 0 0 0 0 1 0 0 0 0 0
 0 0 0 0 0 0 0 1 0 0 0 0
 0 0 0 0 0 0 0 0 1 0 0 0
 0 0 0 0 0 0 0 0 0 1 0 0
 0 0 0 0 0 0 0 0 0 0 1 0
 0 0 0 0 0 0 0 0 0 0 0 1
# cntrlfile_name
C:\Users\bai.li\DOCUME~1\Github\AGE_ST~2\ASSAMC\example\C2\output\AMAK\s2\amak.dat
# Map shared selectivity: 
# sel_map
 1 2
 1 1
# datafile_name
amak_data.dat
# model_name
AMAK_MCP
# SrType
2
# use_age_err
0
# retro
0
# sigmarprior
0.6
# cvsigmarprior
0.65
# phase_sigmar
-3
# styr_rec_est
1
# endyr_rec_est
30
# Linfprior
80
# cvLinfprior
0.25
# kprior
0.18
# cvkprior
0.25
# Loprior
27.688
# cvLoprior
0.25
# sdageprior
0.1
# cvsdageprior
0.25
# natmortprior
0.2
# cvnatmortprior
0.25
# phase_M
-4
# npars_Mage
0
# ages_M_changes

# Mage_in

# Mage_offset_in

# phase_Mage
-5
# phase_rw_M
0
# npars_rw_M
0
# yrs_rw_M

# sigma_rw_M

# qprior
 3.48998e-007
# cvqprior
 1
# phase_q
 1
# q_power_prior
 1
# cvq_power_prior
 0.2
# phase_q_power
 -4
# phase_rw_q
 -1
# npars_rw_q
 0
# yrs_rw_q

# sigma_rw_q

# q_age_min
 1
# q_age_max
 12
# q_age_min
 1
# q_age_max
 12
# fsh_sel_opt(k)
2
# phase_sel_fsh(k)
2
# n_sel_ch_fsh(k)
1
# sel_slp_in_fsh(k)(1,n_sel_ch_fsh(k))
 1
# sel_inf_in_fsh(k)(1,n_sel_ch_fsh(k))
 2
# logsel_slp_in_fsh(k)(1,n_sel_ch_fsh(k))
 0
# yrs_sel_ch_fsh(k)(1,n_sel_ch_fsh(k))
 1

Survey SURVEY1
# ind_sel_opt(k)
2
# indname(k)
SURVEY1
# nselages_in_ind(k)
11
# phase_sel_ind(k)
2
# sel_change_in_ind(k)
 1 0 0 0 0 0 0 0 0 0 0 0 0 0 0 0 0 0 0 0 0 0 0 0 0 0 0 0 0 0
# n_sel_ch_ind(k)
1
# yrs_sel_ch_ind(k)(1,n_sel_ch_ind(k))
 1
# sel_slp_in_ind(k,1)
2
# sel_inf_in_ind(k,1)
1.5
# logsel_slp_in_ind(k,1)
0.693147
# logsel_slp_in_indv(k)
0.693147
SURVEY1 ind sel opt 2  1 0 0 0 0 0 0 0 0 0 0 0 0 0 0 0 0 0 0 0 0 0 0 0 0 0 0 0 0 0
Phase indices Sel_Coffs:  -1
 Test: 1.23457e+008
# Fshry Selages:  11
# Srvy  Selages:  11
# Phase for age-spec fishery  -1
# Phase for logistic fishery  2
# Phase for dble logistic fishery  -1
# Phase for age-spec indices   -1
# Phase for logistic indices   2
# Phase for dble logistic ind  -1
# Curv_pen_fsh: 
 0
# Curv_pen_ind: 
 0
# styr_fut
31
# endyr_fut
35
# nyrs_fsh_age
 30
# nyrs_fsh_age
 30
# yrs_fsh_age
 1 2 3 4 5 6 7 8 9 10 11 12 13 14 15 16 17 18 19 20 21 22 23 24 25 26 27 28 29 30
# n_sample_fsh_age
 200 200 200 200 200 200 200 200 200 200 200 200 200 200 200 200 200 200 200 200 200 200 200 200 200 200 200 200 200 200
# oac_fsh
 0.06 0.08 0.18 0.18 0.1 0.09 0.06 0.06 0.065 0.025 0.025 0.075
 0.025 0.09 0.13 0.12 0.11 0.125 0.08 0.03 0.06 0.07 0.025 0.135
 0.05 0.075 0.145 0.13 0.095 0.095 0.085 0.07 0.05 0.03 0.03 0.145
 0.175 0.085 0.035 0.125 0.09 0.09 0.055 0.05 0.05 0.04 0.03 0.175
 0.09 0.225 0.11 0.055 0.09 0.065 0.065 0.065 0.045 0.03 0.025 0.135
 0.15 0.115 0.23 0.06 0.04 0.08 0.045 0.045 0.06 0.02 0.02 0.135
 0.035 0.175 0.16 0.26 0.075 0.04 0.06 0.035 0.04 0.02 0.015 0.085
 0.12 0.08 0.245 0.08 0.185 0.04 0.03 0.03 0.02 0.045 0.01 0.115
 0.035 0.08 0.07 0.31 0.12 0.14 0.035 0.025 0.055 0.02 0.01 0.1
 0.16 0.06 0.15 0.13 0.21 0.12 0.045 0.02 0 0.02 0.025 0.06
 0.03 0.295 0.065 0.125 0.085 0.175 0.07 0.075 0 0.01 0.01 0.06
 0.015 0.065 0.31 0.03 0.1 0.05 0.18 0.06 0.085 0.02 0 0.085
 0.24 0.055 0.03 0.235 0.08 0.045 0.05 0.09 0.045 0.07 0.03 0.03
 0.145 0.3 0.04 0.055 0.155 0.045 0.09 0.025 0.035 0.04 0.035 0.035
 0.05 0.295 0.285 0.04 0.04 0.095 0.02 0.055 0.015 0.04 0.025 0.04
 0.135 0.095 0.265 0.195 0.07 0.025 0.095 0.02 0.05 0 0.02 0.03
 0.055 0.185 0.11 0.25 0.215 0.015 0.025 0.045 0.005 0.015 0.005 0.075
 0.045 0.045 0.245 0.15 0.17 0.22 0.005 0.02 0.04 0.005 0.015 0.04
 0.15 0.115 0.045 0.23 0.075 0.18 0.115 0.005 0 0.04 0.01 0.035
 0.14 0.205 0.1 0.055 0.17 0.06 0.12 0.075 0.01 0.005 0.025 0.035
 0.11 0.17 0.21 0.065 0.06 0.145 0.04 0.1 0.065 0.005 0 0.03
 0.125 0.17 0.23 0.165 0.065 0.035 0.08 0.035 0.055 0.015 0.005 0.02
 0.155 0.26 0.115 0.15 0.09 0.05 0.045 0.055 0.01 0.025 0.025 0.02
 0.23 0.19 0.225 0.075 0.1 0.07 0.035 0.005 0.02 0.005 0.005 0.04
 0.235 0.29 0.18 0.14 0.05 0.035 0.035 0.005 0.005 0 0 0.025
 0.06 0.375 0.29 0.12 0.04 0.04 0.035 0.02 0.005 0 0.005 0.01
 0.285 0.075 0.265 0.23 0.07 0.03 0.015 0.005 0.01 0.005 0 0.01
 0.115 0.38 0.045 0.2 0.165 0.03 0.04 0.015 0.005 0.005 0 0
 0.125 0.205 0.295 0.05 0.17 0.095 0.025 0.025 0 0 0 0.01
 0.09 0.215 0.195 0.27 0.035 0.095 0.055 0.015 0.02 0.005 0.005 0
# olc_fsh

# wt_fsh
 0.000530656 0.00119633 0.00205827 0.00303499 0.00405521 0.0050647 0.00602623 0.00691692 0.00772489 0.00844611 0.00908185 0.0096367
 0.000530656 0.00119633 0.00205827 0.00303499 0.00405521 0.0050647 0.00602623 0.00691692 0.00772489 0.00844611 0.00908185 0.0096367
 0.000530656 0.00119633 0.00205827 0.00303499 0.00405521 0.0050647 0.00602623 0.00691692 0.00772489 0.00844611 0.00908185 0.0096367
 0.000530656 0.00119633 0.00205827 0.00303499 0.00405521 0.0050647 0.00602623 0.00691692 0.00772489 0.00844611 0.00908185 0.0096367
 0.000530656 0.00119633 0.00205827 0.00303499 0.00405521 0.0050647 0.00602623 0.00691692 0.00772489 0.00844611 0.00908185 0.0096367
 0.000530656 0.00119633 0.00205827 0.00303499 0.00405521 0.0050647 0.00602623 0.00691692 0.00772489 0.00844611 0.00908185 0.0096367
 0.000530656 0.00119633 0.00205827 0.00303499 0.00405521 0.0050647 0.00602623 0.00691692 0.00772489 0.00844611 0.00908185 0.0096367
 0.000530656 0.00119633 0.00205827 0.00303499 0.00405521 0.0050647 0.00602623 0.00691692 0.00772489 0.00844611 0.00908185 0.0096367
 0.000530656 0.00119633 0.00205827 0.00303499 0.00405521 0.0050647 0.00602623 0.00691692 0.00772489 0.00844611 0.00908185 0.0096367
 0.000530656 0.00119633 0.00205827 0.00303499 0.00405521 0.0050647 0.00602623 0.00691692 0.00772489 0.00844611 0.00908185 0.0096367
 0.000530656 0.00119633 0.00205827 0.00303499 0.00405521 0.0050647 0.00602623 0.00691692 0.00772489 0.00844611 0.00908185 0.0096367
 0.000530656 0.00119633 0.00205827 0.00303499 0.00405521 0.0050647 0.00602623 0.00691692 0.00772489 0.00844611 0.00908185 0.0096367
 0.000530656 0.00119633 0.00205827 0.00303499 0.00405521 0.0050647 0.00602623 0.00691692 0.00772489 0.00844611 0.00908185 0.0096367
 0.000530656 0.00119633 0.00205827 0.00303499 0.00405521 0.0050647 0.00602623 0.00691692 0.00772489 0.00844611 0.00908185 0.0096367
 0.000530656 0.00119633 0.00205827 0.00303499 0.00405521 0.0050647 0.00602623 0.00691692 0.00772489 0.00844611 0.00908185 0.0096367
 0.000530656 0.00119633 0.00205827 0.00303499 0.00405521 0.0050647 0.00602623 0.00691692 0.00772489 0.00844611 0.00908185 0.0096367
 0.000530656 0.00119633 0.00205827 0.00303499 0.00405521 0.0050647 0.00602623 0.00691692 0.00772489 0.00844611 0.00908185 0.0096367
 0.000530656 0.00119633 0.00205827 0.00303499 0.00405521 0.0050647 0.00602623 0.00691692 0.00772489 0.00844611 0.00908185 0.0096367
 0.000530656 0.00119633 0.00205827 0.00303499 0.00405521 0.0050647 0.00602623 0.00691692 0.00772489 0.00844611 0.00908185 0.0096367
 0.000530656 0.00119633 0.00205827 0.00303499 0.00405521 0.0050647 0.00602623 0.00691692 0.00772489 0.00844611 0.00908185 0.0096367
 0.000530656 0.00119633 0.00205827 0.00303499 0.00405521 0.0050647 0.00602623 0.00691692 0.00772489 0.00844611 0.00908185 0.0096367
 0.000530656 0.00119633 0.00205827 0.00303499 0.00405521 0.0050647 0.00602623 0.00691692 0.00772489 0.00844611 0.00908185 0.0096367
 0.000530656 0.00119633 0.00205827 0.00303499 0.00405521 0.0050647 0.00602623 0.00691692 0.00772489 0.00844611 0.00908185 0.0096367
 0.000530656 0.00119633 0.00205827 0.00303499 0.00405521 0.0050647 0.00602623 0.00691692 0.00772489 0.00844611 0.00908185 0.0096367
 0.000530656 0.00119633 0.00205827 0.00303499 0.00405521 0.0050647 0.00602623 0.00691692 0.00772489 0.00844611 0.00908185 0.0096367
 0.000530656 0.00119633 0.00205827 0.00303499 0.00405521 0.0050647 0.00602623 0.00691692 0.00772489 0.00844611 0.00908185 0.0096367
 0.000530656 0.00119633 0.00205827 0.00303499 0.00405521 0.0050647 0.00602623 0.00691692 0.00772489 0.00844611 0.00908185 0.0096367
 0.000530656 0.00119633 0.00205827 0.00303499 0.00405521 0.0050647 0.00602623 0.00691692 0.00772489 0.00844611 0.00908185 0.0096367
 0.000530656 0.00119633 0.00205827 0.00303499 0.00405521 0.0050647 0.00602623 0.00691692 0.00772489 0.00844611 0.00908185 0.0096367
 0.000530656 0.00119633 0.00205827 0.00303499 0.00405521 0.0050647 0.00602623 0.00691692 0.00772489 0.00844611 0.00908185 0.0096367
# nyrs_ind_age
 30
# yrs_ind_age
 1 2 3 4 5 6 7 8 9 10 11 12 13 14 15 16 17 18 19 20 21 22 23 24 25 26 27 28 29 30
# n_sample_ind_age
 200 200 200 200 200 200 200 200 200 200 200 200 200 200 200 200 200 200 200 200 200 200 200 200 200 200 200 200 200 200
# oac_ind
 0.04 0.085 0.175 0.105 0.135 0.055 0.055 0.045 0.07 0.035 0.05 0.15
 0.02 0.145 0.17 0.095 0.12 0.075 0.055 0.085 0.07 0.04 0.025 0.1
 0.065 0.07 0.19 0.14 0.115 0.085 0.045 0.065 0.045 0.035 0.005 0.14
 0.175 0.115 0.095 0.12 0.085 0.085 0.06 0.055 0.035 0.045 0.025 0.105
 0.085 0.27 0.12 0.05 0.085 0.065 0.065 0.035 0.055 0.03 0.02 0.12
 0.16 0.185 0.265 0.06 0.025 0.045 0.045 0.05 0.03 0.02 0.025 0.09
 0.06 0.26 0.17 0.175 0.065 0.05 0.025 0.025 0.045 0.025 0.02 0.08
 0.105 0.075 0.305 0.105 0.145 0.05 0.025 0.025 0.02 0.02 0.03 0.095
 0.03 0.19 0.075 0.225 0.105 0.155 0.065 0.02 0.035 0.015 0.01 0.075
 0.125 0.06 0.165 0.065 0.195 0.095 0.095 0.04 0.015 0.045 0.025 0.075
 0.065 0.33 0.045 0.145 0.065 0.145 0.055 0.07 0.015 0.005 0.015 0.045
 0.025 0.09 0.35 0.055 0.075 0.035 0.105 0.055 0.065 0.02 0 0.125
 0.275 0.065 0.07 0.215 0.045 0.09 0.03 0.075 0.03 0.03 0.005 0.07
 0.165 0.415 0.055 0.05 0.115 0.005 0.025 0.01 0.06 0.025 0.035 0.04
 0.055 0.275 0.315 0.03 0.03 0.08 0.02 0.045 0.01 0.07 0.015 0.055
 0.105 0.065 0.28 0.335 0.02 0.015 0.055 0.025 0.035 0.01 0.025 0.03
 0.025 0.25 0.07 0.215 0.205 0.02 0.005 0.08 0.01 0.035 0.02 0.065
 0.055 0.075 0.275 0.075 0.2 0.18 0.045 0.01 0.03 0 0.02 0.035
 0.115 0.135 0.08 0.21 0.1 0.175 0.12 0.005 0.02 0.005 0.005 0.03
 0.105 0.29 0.095 0.075 0.145 0.03 0.12 0.08 0 0.01 0.01 0.04
 0.085 0.295 0.2 0.075 0.05 0.12 0.03 0.075 0.055 0.005 0 0.01
 0.15 0.175 0.195 0.16 0.085 0.01 0.065 0.02 0.035 0.065 0 0.04
 0.08 0.325 0.125 0.205 0.12 0.035 0.01 0.045 0 0.03 0.015 0.01
 0.185 0.25 0.225 0.07 0.105 0.05 0.035 0.01 0.03 0.01 0.02 0.01
 0.17 0.39 0.175 0.105 0.04 0.05 0.025 0.01 0.005 0.005 0 0.025
 0.06 0.32 0.315 0.125 0.075 0.02 0.02 0.04 0.005 0 0.005 0.015
 0.23 0.08 0.32 0.185 0.1 0.04 0.02 0.01 0.005 0 0 0.01
 0.085 0.41 0.065 0.21 0.15 0.03 0.03 0.02 0 0 0 0
 0.08 0.19 0.4 0.055 0.14 0.055 0.035 0.02 0.01 0 0.005 0.01
 0.07 0.16 0.18 0.385 0.03 0.06 0.075 0.015 0.015 0.005 0.005 0
# olc_ind

# obs_lse_ind
 0.198042 0.198042 0.198042 0.198042 0.198042 0.198042 0.198042 0.198042 0.198042 0.198042 0.198042 0.198042 0.198042 0.198042 0.198042 0.198042 0.198042 0.198042 0.198042 0.198042 0.198042 0.198042 0.198042 0.198042 0.198042 0.198042 0.198042 0.198042 0.198042 0.198042
# xages_fsh
 0 0 0 0 0 0 0 0 0 0 0 0
# xages_fsh
 0 0.0909091 0.181818 0.272727 0.363636 0.454545 0.545455 0.636364 0.727273 0.818182 0.909091 1
# xnodes_fsh

Yrs fsh_sel change:  1 0 0 0 0 0 0 0 0 0 0 0 0 0 0 0 0 0 0 0 0 0 0 0 0 0 0 0 0
Yrs ind_sel change:  1 0 0 0 0 0 0 0 0 0 0 0 0 0 0 0 0 0 0 0 0 0 0 0 0 0 0 0 0
# steepnessprior
0.75
# sigmarprior
0.6
#  SSB estimated in styr endyr: -13 28 
#  Rec estimated in styr endyr: -11 30 
#  SR Curve fit  in styr endyr: 1 30 
#             Model styr endyr: 1 30 
# qprior
 3.48998e-007
# q_power_prior 
 1 
# cv_catchbiomass 
0.05 
# CatchbiomassPen 
200 
# Number of projection years 
5 
# offset_fsh
 12657.7
# offset_ind
 12407.7
Mean Catch
1724.4
R_guess 
15.7128
# nfsh
1
# n_sel_ch_fsh
 1
# nselages_fsh
 11
# phase_selcoff_fsh
 -1
logRzero 15.7128
logmeanrec 15.7128
exp(log_sigmarprior 0.6
Fish sel phase: -1 FLEET1
Fixing fishery sel to
1
Srvy sel phase: -1
Fixing SURVEY1 indices sel to
1
# logsel_slp_in_indv
 0.693147
Leaving parameter init secton
# M
 0.2 0.2 0.2 0.2 0.2 0.2 0.2 0.2 0.2 0.2 0.2 0.2
 0.2 0.2 0.2 0.2 0.2 0.2 0.2 0.2 0.2 0.2 0.2 0.2
 0.2 0.2 0.2 0.2 0.2 0.2 0.2 0.2 0.2 0.2 0.2 0.2
 0.2 0.2 0.2 0.2 0.2 0.2 0.2 0.2 0.2 0.2 0.2 0.2
 0.2 0.2 0.2 0.2 0.2 0.2 0.2 0.2 0.2 0.2 0.2 0.2
 0.2 0.2 0.2 0.2 0.2 0.2 0.2 0.2 0.2 0.2 0.2 0.2
 0.2 0.2 0.2 0.2 0.2 0.2 0.2 0.2 0.2 0.2 0.2 0.2
 0.2 0.2 0.2 0.2 0.2 0.2 0.2 0.2 0.2 0.2 0.2 0.2
 0.2 0.2 0.2 0.2 0.2 0.2 0.2 0.2 0.2 0.2 0.2 0.2
 0.2 0.2 0.2 0.2 0.2 0.2 0.2 0.2 0.2 0.2 0.2 0.2
 0.2 0.2 0.2 0.2 0.2 0.2 0.2 0.2 0.2 0.2 0.2 0.2
 0.2 0.2 0.2 0.2 0.2 0.2 0.2 0.2 0.2 0.2 0.2 0.2
 0.2 0.2 0.2 0.2 0.2 0.2 0.2 0.2 0.2 0.2 0.2 0.2
 0.2 0.2 0.2 0.2 0.2 0.2 0.2 0.2 0.2 0.2 0.2 0.2
 0.2 0.2 0.2 0.2 0.2 0.2 0.2 0.2 0.2 0.2 0.2 0.2
 0.2 0.2 0.2 0.2 0.2 0.2 0.2 0.2 0.2 0.2 0.2 0.2
 0.2 0.2 0.2 0.2 0.2 0.2 0.2 0.2 0.2 0.2 0.2 0.2
 0.2 0.2 0.2 0.2 0.2 0.2 0.2 0.2 0.2 0.2 0.2 0.2
 0.2 0.2 0.2 0.2 0.2 0.2 0.2 0.2 0.2 0.2 0.2 0.2
 0.2 0.2 0.2 0.2 0.2 0.2 0.2 0.2 0.2 0.2 0.2 0.2
 0.2 0.2 0.2 0.2 0.2 0.2 0.2 0.2 0.2 0.2 0.2 0.2
 0.2 0.2 0.2 0.2 0.2 0.2 0.2 0.2 0.2 0.2 0.2 0.2
 0.2 0.2 0.2 0.2 0.2 0.2 0.2 0.2 0.2 0.2 0.2 0.2
 0.2 0.2 0.2 0.2 0.2 0.2 0.2 0.2 0.2 0.2 0.2 0.2
 0.2 0.2 0.2 0.2 0.2 0.2 0.2 0.2 0.2 0.2 0.2 0.2
 0.2 0.2 0.2 0.2 0.2 0.2 0.2 0.2 0.2 0.2 0.2 0.2
 0.2 0.2 0.2 0.2 0.2 0.2 0.2 0.2 0.2 0.2 0.2 0.2
 0.2 0.2 0.2 0.2 0.2 0.2 0.2 0.2 0.2 0.2 0.2 0.2
 0.2 0.2 0.2 0.2 0.2 0.2 0.2 0.2 0.2 0.2 0.2 0.2
 0.2 0.2 0.2 0.2 0.2 0.2 0.2 0.2 0.2 0.2 0.2 0.2
# mean_log_rec
13.7748
# log_Rzero
13.8838
# rec_dev
 -0.355009 -0.410284 0.160607 -0.126927 0.234232 0.0780874 0.00259705 0.00621873 0.0972319 0.112246 0.130283 -0.0364587 0.0679382 -0.657948 -0.149229 0.858085 0.404331 0.978386 -0.226885 0.302582 -0.6806 0.748897 -0.697109 -0.872524 1.1 0.937877 -0.174106 0.602913 -0.738678 -0.417426 0.226932 0.200934 -0.219306 0.325324 0.251229 0.850738 0.865546 -0.578711 1.07362 0.237945 0.0834784 -0.284217
# fmort
 0.00864816 0.0252219 0.0418288 0.0570073 0.0459517 0.0831459 0.0840665 0.177085 0.10336 0.125582 0.142107 0.15179 0.10952 0.160108 0.169536 0.150038 0.291337 0.234552 0.228716 0.226052 0.312794 0.228763 0.387199 0.322994 0.331237 0.306491 0.309143 0.434806 0.334958 0.527063
# rec_dev_future
 0 0 0 0 0
