AMAK;Mar 2020
# styr
1
# endyr
30
# rec_age
1
# oldest_age
12
# nlength
81
# len_bins
 10 11 12 13 14 15 16 17 18 19 20 21 22 23 24 25 26 27 28 29 30 31 32 33 34 35 36 37 38 39 40 41 42 43 44 45 46 47 48 49 50 51 52 53 54 55 56 57 58 59 60 61 62 63 64 65 66 67 68 69 70 71 72 73 74 75 76 77 78 79 80 81 82 83 84 85 86 87 88 89 90
# datafile_name
amak_data.dat
# model_name
AMAK_MCP
# styr
1
# endyr
30
# rec_age
1
# oldest_age
12
# nfsh
1
# fshname
FLEET1
# catch_bio_in
 161.575 463.827 741.44 979.831 764.475 1316.29 1289.11 2502.43 1358.17 1586.7 1691.87 1700.93 1152.88 1561.52 1541.34 1289.34 2269.87 1615.02 1485.83 1376.54 1726.4 1150.86 1695.89 1249.03 1156.6 1012.93 954.481 1227.91 854.646 1187.94
# catch_bio_sd_in
 0.01 0.01 0.01 0.01 0.01 0.01 0.01 0.01 0.01 0.01 0.01 0.01 0.01 0.01 0.01 0.01 0.01 0.01 0.01 0.01 0.01 0.01 0.01 0.01 0.01 0.01 0.01 0.01 0.01 0.01
# nyrs_fsh_age
 30
# nyrs_fsh_length
 0
# yrs_fsh_age_in
 1 2 3 4 5 6 7 8 9 10 11 12 13 14 15 16 17 18 19 20 21 22 23 24 25 26 27 28 29 30
# yrs_fsh_length_in

# n_sample_fsh_length_in

# olc_fsh_in

# nind
1
# indname
SURVEY1
# nyrs_ind
 30
# yrs_ind_in
 1 2 3 4 5 6 7 8 9 10 11 12 13 14 15 16 17 18 19 20 21 22 23 24 25 26 27 28 29 30
# mo_ind
 1
# obs_ind_in
 1.38265 1.59939 1.56276 1.54167 1.53312 1.45307 1.53938 1.46127 1.47063 1.1854 1.34412 1.22275 0.993564 1.10536 0.966943 0.941063 1.16657 1.00515 0.891509 0.761445 0.703302 0.713956 0.662187 0.652418 0.617685 0.517904 0.52752 0.468275 0.505889 0.420303
# obs_se_ind_in
 0.276529 0.319878 0.312552 0.308334 0.306624 0.290613 0.307877 0.292254 0.294126 0.237079 0.268824 0.24455 0.198713 0.221072 0.193389 0.188213 0.233315 0.20103 0.178302 0.152289 0.14066 0.142791 0.132437 0.130484 0.123537 0.103581 0.105504 0.093655 0.101178 0.0840605
# nyrs_ind_age
 30
# nyrs_ind_length
 0
# yrs_ind_age_in
 1 2 3 4 5 6 7 8 9 10 11 12 13 14 15 16 17 18 19 20 21 22 23 24 25 26 27 28 29 30
# yrs_ind_length_in

# yrs_ind_age_in
 1 2 3 4 5 6 7 8 9 10 11 12 13 14 15 16 17 18 19 20 21 22 23 24 25 26 27 28 29 30
# n_sample_ind_length_in

# olc_ind_in

# oac_ind_in
 0.095 0.125 0.18 0.1 0.095 0.075 0.045 0.065 0.05 0.04 0.05 0.08
 0.07 0.125 0.155 0.12 0.105 0.065 0.055 0.05 0.055 0.045 0.025 0.13
 0.09 0.19 0.16 0.11 0.1 0.055 0.035 0.045 0.025 0.04 0.025 0.125
 0.07 0.16 0.16 0.14 0.08 0.08 0.075 0.045 0.03 0.025 0.03 0.105
 0.095 0.13 0.125 0.12 0.1 0.08 0.095 0.05 0.05 0.035 0.01 0.11
 0.07 0.195 0.19 0.085 0.08 0.105 0.065 0.05 0.025 0.035 0.03 0.07
 0.08 0.165 0.215 0.13 0.075 0.07 0.035 0.065 0.03 0.03 0.02 0.085
 0.055 0.165 0.18 0.175 0.055 0.06 0.05 0.08 0.045 0.03 0.015 0.09
 0.085 0.17 0.215 0.135 0.1 0.045 0.03 0.065 0.015 0.04 0.01 0.09
 0.07 0.165 0.155 0.14 0.12 0.055 0.02 0.025 0.035 0.035 0.055 0.125
 0.1 0.185 0.17 0.135 0.13 0.055 0.045 0.03 0.04 0.02 0.03 0.06
 0.045 0.18 0.175 0.17 0.1 0.09 0.05 0.06 0.03 0.01 0.02 0.07
 0.115 0.14 0.205 0.1 0.075 0.09 0.07 0.045 0.035 0.03 0.025 0.07
 0.085 0.175 0.14 0.16 0.145 0.065 0.08 0.05 0.025 0.015 0.01 0.05
 0.08 0.215 0.18 0.095 0.155 0.07 0.035 0.02 0.03 0.015 0.04 0.065
 0.125 0.14 0.205 0.14 0.055 0.115 0.045 0.035 0.035 0.035 0.01 0.06
 0.085 0.255 0.17 0.145 0.08 0.045 0.05 0.015 0.05 0.03 0.02 0.055
 0.08 0.165 0.28 0.105 0.09 0.085 0.045 0.025 0.01 0.025 0.04 0.05
 0.105 0.245 0.175 0.175 0.095 0.055 0.02 0.03 0.035 0.01 0.015 0.04
 0.15 0.185 0.235 0.105 0.13 0.045 0.06 0.025 0.01 0.005 0.005 0.045
 0.07 0.205 0.185 0.215 0.09 0.09 0.035 0.05 0.01 0.005 0.02 0.025
 0.115 0.1 0.3 0.155 0.13 0.055 0.035 0.015 0.04 0.025 0 0.03
 0.13 0.265 0.12 0.15 0.115 0.065 0.03 0.035 0.005 0.03 0.015 0.04
 0.115 0.265 0.29 0.1 0.08 0.045 0.05 0.005 0.015 0.005 0.005 0.025
 0.095 0.255 0.25 0.115 0.085 0.06 0.045 0.015 0.015 0.02 0.02 0.025
 0.115 0.175 0.265 0.16 0.115 0.045 0.06 0.025 0.015 0.01 0.005 0.01
 0.105 0.27 0.185 0.185 0.11 0.06 0.025 0.02 0.015 0.015 0 0.01
 0.1 0.18 0.315 0.14 0.11 0.065 0.035 0.01 0.005 0.02 0.005 0.015
 0.145 0.195 0.215 0.19 0.085 0.06 0.05 0.015 0.015 0.01 0.01 0.01
 0.14 0.315 0.185 0.1 0.125 0.045 0.03 0.02 0.035 0 0 0.005
# wt_ind
 1 1 1 1 1 1 1 1 1 1 1 1
 1 1 1 1 1 1 1 1 1 1 1 1
 1 1 1 1 1 1 1 1 1 1 1 1
 1 1 1 1 1 1 1 1 1 1 1 1
 1 1 1 1 1 1 1 1 1 1 1 1
 1 1 1 1 1 1 1 1 1 1 1 1
 1 1 1 1 1 1 1 1 1 1 1 1
 1 1 1 1 1 1 1 1 1 1 1 1
 1 1 1 1 1 1 1 1 1 1 1 1
 1 1 1 1 1 1 1 1 1 1 1 1
 1 1 1 1 1 1 1 1 1 1 1 1
 1 1 1 1 1 1 1 1 1 1 1 1
 1 1 1 1 1 1 1 1 1 1 1 1
 1 1 1 1 1 1 1 1 1 1 1 1
 1 1 1 1 1 1 1 1 1 1 1 1
 1 1 1 1 1 1 1 1 1 1 1 1
 1 1 1 1 1 1 1 1 1 1 1 1
 1 1 1 1 1 1 1 1 1 1 1 1
 1 1 1 1 1 1 1 1 1 1 1 1
 1 1 1 1 1 1 1 1 1 1 1 1
 1 1 1 1 1 1 1 1 1 1 1 1
 1 1 1 1 1 1 1 1 1 1 1 1
 1 1 1 1 1 1 1 1 1 1 1 1
 1 1 1 1 1 1 1 1 1 1 1 1
 1 1 1 1 1 1 1 1 1 1 1 1
 1 1 1 1 1 1 1 1 1 1 1 1
 1 1 1 1 1 1 1 1 1 1 1 1
 1 1 1 1 1 1 1 1 1 1 1 1
 1 1 1 1 1 1 1 1 1 1 1 1
 1 1 1 1 1 1 1 1 1 1 1 1
# wt_pop
 0.000530656 0.00119633 0.00205827 0.00303499 0.00405521 0.0050647 0.00602623 0.00691692 0.00772489 0.00844611 0.00908185 0.0096367
# maturity
 0.0229774 0.320821 0.904651 0.99478 0.999739 0.999987 0.999999 1 1 1 1 1
# spawnmo
1
# age_err
 1 0 0 0 0 0 0 0 0 0 0 0
 0 1 0 0 0 0 0 0 0 0 0 0
 0 0 1 0 0 0 0 0 0 0 0 0
 0 0 0 1 0 0 0 0 0 0 0 0
 0 0 0 0 1 0 0 0 0 0 0 0
 0 0 0 0 0 1 0 0 0 0 0 0
 0 0 0 0 0 0 1 0 0 0 0 0
 0 0 0 0 0 0 0 1 0 0 0 0
 0 0 0 0 0 0 0 0 1 0 0 0
 0 0 0 0 0 0 0 0 0 1 0 0
 0 0 0 0 0 0 0 0 0 0 1 0
 0 0 0 0 0 0 0 0 0 0 0 1
# cntrlfile_name
C:\Users\bai.li\DOCUME~1\Github\AGE_ST~1\ASSAMC\example\output\AMAK\s14\amak.dat
# Map shared selectivity: 
# sel_map
 1 2
 1 1
# datafile_name
amak_data.dat
# model_name
AMAK_MCP
# SrType
2
# use_age_err
0
# retro
0
# sigmarprior
0.2
# cvsigmarprior
0.25
# phase_sigmar
-3
# styr_rec_est
1
# endyr_rec_est
30
# Linfprior
80
# cvLinfprior
0.25
# kprior
0.18
# cvkprior
0.25
# Loprior
27.688
# cvLoprior
0.25
# sdageprior
0.1
# cvsdageprior
0.25
# natmortprior
0.2
# cvnatmortprior
0.25
# phase_M
-4
# npars_Mage
0
# ages_M_changes

# Mage_in

# Mage_offset_in

# phase_Mage
-5
# phase_rw_M
0
# npars_rw_M
0
# yrs_rw_M

# sigma_rw_M

# qprior
 3.48998e-007
# cvqprior
 1
# phase_q
 1
# q_power_prior
 1
# cvq_power_prior
 0.2
# phase_q_power
 -4
# phase_rw_q
 -1
# npars_rw_q
 0
# yrs_rw_q

# sigma_rw_q

# q_age_min
 1
# q_age_max
 12
# q_age_min
 1
# q_age_max
 12
# fsh_sel_opt(k)
2
# phase_sel_fsh(k)
2
# n_sel_ch_fsh(k)
1
# sel_slp_in_fsh(k)(1,n_sel_ch_fsh(k))
 1
# sel_inf_in_fsh(k)(1,n_sel_ch_fsh(k))
 2
# logsel_slp_in_fsh(k)(1,n_sel_ch_fsh(k))
 0
# yrs_sel_ch_fsh(k)(1,n_sel_ch_fsh(k))
 1

Survey SURVEY1
# ind_sel_opt(k)
2
# indname(k)
SURVEY1
# nselages_in_ind(k)
11
# phase_sel_ind(k)
2
# sel_change_in_ind(k)
 1 0 0 0 0 0 0 0 0 0 0 0 0 0 0 0 0 0 0 0 0 0 0 0 0 0 0 0 0 0
# n_sel_ch_ind(k)
1
# yrs_sel_ch_ind(k)(1,n_sel_ch_ind(k))
 1
# sel_slp_in_ind(k,1)
2
# sel_inf_in_ind(k,1)
1.5
# logsel_slp_in_ind(k,1)
0.693147
# logsel_slp_in_indv(k)
0.693147
SURVEY1 ind sel opt 2  1 0 0 0 0 0 0 0 0 0 0 0 0 0 0 0 0 0 0 0 0 0 0 0 0 0 0 0 0 0
Phase indices Sel_Coffs:  -1
 Test: 1.23457e+008
# Fshry Selages:  11
# Srvy  Selages:  11
# Phase for age-spec fishery  -1
# Phase for logistic fishery  2
# Phase for dble logistic fishery  -1
# Phase for age-spec indices   -1
# Phase for logistic indices   2
# Phase for dble logistic ind  -1
# Curv_pen_fsh: 
 0
# Curv_pen_ind: 
 0
# styr_fut
31
# endyr_fut
35
# nyrs_fsh_age
 30
# nyrs_fsh_age
 30
# yrs_fsh_age
 1 2 3 4 5 6 7 8 9 10 11 12 13 14 15 16 17 18 19 20 21 22 23 24 25 26 27 28 29 30
# n_sample_fsh_age
 200 200 200 200 200 200 200 200 200 200 200 200 200 200 200 200 200 200 200 200 200 200 200 200 200 200 200 200 200 200
# oac_fsh
 0.085 0.07 0.115 0.17 0.105 0.075 0.03 0.065 0.045 0.05 0.035 0.155
 0.045 0.13 0.1 0.135 0.115 0.095 0.095 0.055 0.025 0.07 0.025 0.11
 0.075 0.075 0.115 0.115 0.11 0.11 0.05 0.075 0.04 0.035 0.07 0.13
 0.115 0.09 0.12 0.14 0.095 0.085 0.075 0.045 0.035 0.035 0.01 0.155
 0.07 0.075 0.12 0.115 0.07 0.09 0.095 0.055 0.045 0.055 0.03 0.18
 0.105 0.115 0.125 0.125 0.165 0.075 0.055 0.035 0.055 0.02 0.025 0.1
 0.08 0.145 0.105 0.105 0.065 0.11 0.065 0.07 0.055 0.035 0.02 0.145
 0.105 0.135 0.125 0.14 0.085 0.07 0.095 0.05 0.045 0.03 0.03 0.09
 0.11 0.115 0.175 0.135 0.075 0.08 0.035 0.055 0.045 0.03 0.03 0.115
 0.08 0.105 0.135 0.225 0.14 0.06 0.06 0.055 0.015 0.02 0.015 0.09
 0.195 0.145 0.125 0.13 0.095 0.105 0.035 0.035 0.02 0.01 0.03 0.075
 0.055 0.2 0.16 0.14 0.105 0.075 0.045 0.07 0.03 0.02 0.03 0.07
 0.07 0.09 0.16 0.135 0.125 0.1 0.085 0.045 0.06 0.035 0.02 0.075
 0.155 0.15 0.125 0.15 0.08 0.08 0.075 0.035 0.035 0.025 0.015 0.075
 0.08 0.13 0.145 0.105 0.135 0.085 0.095 0.055 0.04 0.02 0.025 0.085
 0.15 0.14 0.18 0.14 0.075 0.075 0.045 0.065 0.04 0.01 0.025 0.055
 0.08 0.185 0.135 0.185 0.13 0.05 0.07 0.045 0.08 0.01 0 0.03
 0.16 0.135 0.175 0.145 0.1 0.06 0.035 0.08 0.02 0.015 0.02 0.055
 0.095 0.245 0.12 0.155 0.09 0.095 0.06 0.035 0.035 0.01 0.015 0.045
 0.175 0.155 0.185 0.13 0.145 0.065 0.015 0.045 0.015 0.005 0.005 0.06
 0.085 0.155 0.17 0.215 0.12 0.075 0.05 0.045 0.015 0.015 0.015 0.04
 0.165 0.12 0.235 0.135 0.12 0.085 0.055 0.02 0.035 0.01 0.015 0.005
 0.165 0.275 0.12 0.195 0.065 0.04 0.035 0.045 0.01 0.01 0.035 0.005
 0.145 0.255 0.26 0.065 0.125 0.07 0.055 0.005 0.005 0.005 0 0.01
 0.12 0.21 0.22 0.21 0.055 0.07 0.04 0.025 0.015 0.015 0.005 0.015
 0.19 0.125 0.185 0.18 0.13 0.06 0.055 0.015 0.025 0.015 0.01 0.01
 0.155 0.285 0.12 0.135 0.095 0.1 0.025 0.025 0.01 0.035 0.005 0.01
 0.155 0.175 0.265 0.08 0.09 0.11 0.055 0.025 0.025 0.005 0 0.015
 0.14 0.22 0.17 0.19 0.095 0.08 0.06 0.025 0.01 0.005 0.005 0
 0.215 0.26 0.15 0.135 0.12 0.035 0.025 0.03 0.01 0.005 0.01 0.005
# olc_fsh

# wt_fsh
 0.000530656 0.00119633 0.00205827 0.00303499 0.00405521 0.0050647 0.00602623 0.00691692 0.00772489 0.00844611 0.00908185 0.0096367
 0.000530656 0.00119633 0.00205827 0.00303499 0.00405521 0.0050647 0.00602623 0.00691692 0.00772489 0.00844611 0.00908185 0.0096367
 0.000530656 0.00119633 0.00205827 0.00303499 0.00405521 0.0050647 0.00602623 0.00691692 0.00772489 0.00844611 0.00908185 0.0096367
 0.000530656 0.00119633 0.00205827 0.00303499 0.00405521 0.0050647 0.00602623 0.00691692 0.00772489 0.00844611 0.00908185 0.0096367
 0.000530656 0.00119633 0.00205827 0.00303499 0.00405521 0.0050647 0.00602623 0.00691692 0.00772489 0.00844611 0.00908185 0.0096367
 0.000530656 0.00119633 0.00205827 0.00303499 0.00405521 0.0050647 0.00602623 0.00691692 0.00772489 0.00844611 0.00908185 0.0096367
 0.000530656 0.00119633 0.00205827 0.00303499 0.00405521 0.0050647 0.00602623 0.00691692 0.00772489 0.00844611 0.00908185 0.0096367
 0.000530656 0.00119633 0.00205827 0.00303499 0.00405521 0.0050647 0.00602623 0.00691692 0.00772489 0.00844611 0.00908185 0.0096367
 0.000530656 0.00119633 0.00205827 0.00303499 0.00405521 0.0050647 0.00602623 0.00691692 0.00772489 0.00844611 0.00908185 0.0096367
 0.000530656 0.00119633 0.00205827 0.00303499 0.00405521 0.0050647 0.00602623 0.00691692 0.00772489 0.00844611 0.00908185 0.0096367
 0.000530656 0.00119633 0.00205827 0.00303499 0.00405521 0.0050647 0.00602623 0.00691692 0.00772489 0.00844611 0.00908185 0.0096367
 0.000530656 0.00119633 0.00205827 0.00303499 0.00405521 0.0050647 0.00602623 0.00691692 0.00772489 0.00844611 0.00908185 0.0096367
 0.000530656 0.00119633 0.00205827 0.00303499 0.00405521 0.0050647 0.00602623 0.00691692 0.00772489 0.00844611 0.00908185 0.0096367
 0.000530656 0.00119633 0.00205827 0.00303499 0.00405521 0.0050647 0.00602623 0.00691692 0.00772489 0.00844611 0.00908185 0.0096367
 0.000530656 0.00119633 0.00205827 0.00303499 0.00405521 0.0050647 0.00602623 0.00691692 0.00772489 0.00844611 0.00908185 0.0096367
 0.000530656 0.00119633 0.00205827 0.00303499 0.00405521 0.0050647 0.00602623 0.00691692 0.00772489 0.00844611 0.00908185 0.0096367
 0.000530656 0.00119633 0.00205827 0.00303499 0.00405521 0.0050647 0.00602623 0.00691692 0.00772489 0.00844611 0.00908185 0.0096367
 0.000530656 0.00119633 0.00205827 0.00303499 0.00405521 0.0050647 0.00602623 0.00691692 0.00772489 0.00844611 0.00908185 0.0096367
 0.000530656 0.00119633 0.00205827 0.00303499 0.00405521 0.0050647 0.00602623 0.00691692 0.00772489 0.00844611 0.00908185 0.0096367
 0.000530656 0.00119633 0.00205827 0.00303499 0.00405521 0.0050647 0.00602623 0.00691692 0.00772489 0.00844611 0.00908185 0.0096367
 0.000530656 0.00119633 0.00205827 0.00303499 0.00405521 0.0050647 0.00602623 0.00691692 0.00772489 0.00844611 0.00908185 0.0096367
 0.000530656 0.00119633 0.00205827 0.00303499 0.00405521 0.0050647 0.00602623 0.00691692 0.00772489 0.00844611 0.00908185 0.0096367
 0.000530656 0.00119633 0.00205827 0.00303499 0.00405521 0.0050647 0.00602623 0.00691692 0.00772489 0.00844611 0.00908185 0.0096367
 0.000530656 0.00119633 0.00205827 0.00303499 0.00405521 0.0050647 0.00602623 0.00691692 0.00772489 0.00844611 0.00908185 0.0096367
 0.000530656 0.00119633 0.00205827 0.00303499 0.00405521 0.0050647 0.00602623 0.00691692 0.00772489 0.00844611 0.00908185 0.0096367
 0.000530656 0.00119633 0.00205827 0.00303499 0.00405521 0.0050647 0.00602623 0.00691692 0.00772489 0.00844611 0.00908185 0.0096367
 0.000530656 0.00119633 0.00205827 0.00303499 0.00405521 0.0050647 0.00602623 0.00691692 0.00772489 0.00844611 0.00908185 0.0096367
 0.000530656 0.00119633 0.00205827 0.00303499 0.00405521 0.0050647 0.00602623 0.00691692 0.00772489 0.00844611 0.00908185 0.0096367
 0.000530656 0.00119633 0.00205827 0.00303499 0.00405521 0.0050647 0.00602623 0.00691692 0.00772489 0.00844611 0.00908185 0.0096367
 0.000530656 0.00119633 0.00205827 0.00303499 0.00405521 0.0050647 0.00602623 0.00691692 0.00772489 0.00844611 0.00908185 0.0096367
# nyrs_ind_age
 30
# yrs_ind_age
 1 2 3 4 5 6 7 8 9 10 11 12 13 14 15 16 17 18 19 20 21 22 23 24 25 26 27 28 29 30
# n_sample_ind_age
 200 200 200 200 200 200 200 200 200 200 200 200 200 200 200 200 200 200 200 200 200 200 200 200 200 200 200 200 200 200
# oac_ind
 0.095 0.125 0.18 0.1 0.095 0.075 0.045 0.065 0.05 0.04 0.05 0.08
 0.07 0.125 0.155 0.12 0.105 0.065 0.055 0.05 0.055 0.045 0.025 0.13
 0.09 0.19 0.16 0.11 0.1 0.055 0.035 0.045 0.025 0.04 0.025 0.125
 0.07 0.16 0.16 0.14 0.08 0.08 0.075 0.045 0.03 0.025 0.03 0.105
 0.095 0.13 0.125 0.12 0.1 0.08 0.095 0.05 0.05 0.035 0.01 0.11
 0.07 0.195 0.19 0.085 0.08 0.105 0.065 0.05 0.025 0.035 0.03 0.07
 0.08 0.165 0.215 0.13 0.075 0.07 0.035 0.065 0.03 0.03 0.02 0.085
 0.055 0.165 0.18 0.175 0.055 0.06 0.05 0.08 0.045 0.03 0.015 0.09
 0.085 0.17 0.215 0.135 0.1 0.045 0.03 0.065 0.015 0.04 0.01 0.09
 0.07 0.165 0.155 0.14 0.12 0.055 0.02 0.025 0.035 0.035 0.055 0.125
 0.1 0.185 0.17 0.135 0.13 0.055 0.045 0.03 0.04 0.02 0.03 0.06
 0.045 0.18 0.175 0.17 0.1 0.09 0.05 0.06 0.03 0.01 0.02 0.07
 0.115 0.14 0.205 0.1 0.075 0.09 0.07 0.045 0.035 0.03 0.025 0.07
 0.085 0.175 0.14 0.16 0.145 0.065 0.08 0.05 0.025 0.015 0.01 0.05
 0.08 0.215 0.18 0.095 0.155 0.07 0.035 0.02 0.03 0.015 0.04 0.065
 0.125 0.14 0.205 0.14 0.055 0.115 0.045 0.035 0.035 0.035 0.01 0.06
 0.085 0.255 0.17 0.145 0.08 0.045 0.05 0.015 0.05 0.03 0.02 0.055
 0.08 0.165 0.28 0.105 0.09 0.085 0.045 0.025 0.01 0.025 0.04 0.05
 0.105 0.245 0.175 0.175 0.095 0.055 0.02 0.03 0.035 0.01 0.015 0.04
 0.15 0.185 0.235 0.105 0.13 0.045 0.06 0.025 0.01 0.005 0.005 0.045
 0.07 0.205 0.185 0.215 0.09 0.09 0.035 0.05 0.01 0.005 0.02 0.025
 0.115 0.1 0.3 0.155 0.13 0.055 0.035 0.015 0.04 0.025 0 0.03
 0.13 0.265 0.12 0.15 0.115 0.065 0.03 0.035 0.005 0.03 0.015 0.04
 0.115 0.265 0.29 0.1 0.08 0.045 0.05 0.005 0.015 0.005 0.005 0.025
 0.095 0.255 0.25 0.115 0.085 0.06 0.045 0.015 0.015 0.02 0.02 0.025
 0.115 0.175 0.265 0.16 0.115 0.045 0.06 0.025 0.015 0.01 0.005 0.01
 0.105 0.27 0.185 0.185 0.11 0.06 0.025 0.02 0.015 0.015 0 0.01
 0.1 0.18 0.315 0.14 0.11 0.065 0.035 0.01 0.005 0.02 0.005 0.015
 0.145 0.195 0.215 0.19 0.085 0.06 0.05 0.015 0.015 0.01 0.01 0.01
 0.14 0.315 0.185 0.1 0.125 0.045 0.03 0.02 0.035 0 0 0.005
# olc_ind

# obs_lse_ind
 0.198042 0.198042 0.198042 0.198042 0.198042 0.198042 0.198042 0.198042 0.198042 0.198042 0.198042 0.198042 0.198042 0.198042 0.198042 0.198042 0.198042 0.198042 0.198042 0.198042 0.198042 0.198042 0.198042 0.198042 0.198042 0.198042 0.198042 0.198042 0.198042 0.198042
# xages_fsh
 0 0 0 0 0 0 0 0 0 0 0 0
# xages_fsh
 0 0.0909091 0.181818 0.272727 0.363636 0.454545 0.545455 0.636364 0.727273 0.818182 0.909091 1
# xnodes_fsh

Yrs fsh_sel change:  1 0 0 0 0 0 0 0 0 0 0 0 0 0 0 0 0 0 0 0 0 0 0 0 0 0 0 0 0
Yrs ind_sel change:  1 0 0 0 0 0 0 0 0 0 0 0 0 0 0 0 0 0 0 0 0 0 0 0 0 0 0 0 0
# steepnessprior
0.75
# sigmarprior
0.2
#  SSB estimated in styr endyr: -13 28 
#  Rec estimated in styr endyr: -11 30 
#  SR Curve fit  in styr endyr: 1 30 
#             Model styr endyr: 1 30 
# qprior
 3.48998e-007
# q_power_prior 
 1 
# cv_catchbiomass 
0.05 
# CatchbiomassPen 
200 
# Number of projection years 
5 
# offset_fsh
 13431.2
# offset_ind
 13197.6
Mean Catch
1302.19
R_guess 
15.4319
# nfsh
1
# n_sel_ch_fsh
 1
# nselages_fsh
 11
# phase_selcoff_fsh
 -1
logRzero 15.4319
logmeanrec 15.4319
exp(log_sigmarprior 0.2
Fish sel phase: -1 FLEET1
Fixing fishery sel to
1
Srvy sel phase: -1
Fixing SURVEY1 indices sel to
1
# logsel_slp_in_indv
 0.693147
Leaving parameter init secton
# M
 0.2 0.2 0.2 0.2 0.2 0.2 0.2 0.2 0.2 0.2 0.2 0.2
 0.2 0.2 0.2 0.2 0.2 0.2 0.2 0.2 0.2 0.2 0.2 0.2
 0.2 0.2 0.2 0.2 0.2 0.2 0.2 0.2 0.2 0.2 0.2 0.2
 0.2 0.2 0.2 0.2 0.2 0.2 0.2 0.2 0.2 0.2 0.2 0.2
 0.2 0.2 0.2 0.2 0.2 0.2 0.2 0.2 0.2 0.2 0.2 0.2
 0.2 0.2 0.2 0.2 0.2 0.2 0.2 0.2 0.2 0.2 0.2 0.2
 0.2 0.2 0.2 0.2 0.2 0.2 0.2 0.2 0.2 0.2 0.2 0.2
 0.2 0.2 0.2 0.2 0.2 0.2 0.2 0.2 0.2 0.2 0.2 0.2
 0.2 0.2 0.2 0.2 0.2 0.2 0.2 0.2 0.2 0.2 0.2 0.2
 0.2 0.2 0.2 0.2 0.2 0.2 0.2 0.2 0.2 0.2 0.2 0.2
 0.2 0.2 0.2 0.2 0.2 0.2 0.2 0.2 0.2 0.2 0.2 0.2
 0.2 0.2 0.2 0.2 0.2 0.2 0.2 0.2 0.2 0.2 0.2 0.2
 0.2 0.2 0.2 0.2 0.2 0.2 0.2 0.2 0.2 0.2 0.2 0.2
 0.2 0.2 0.2 0.2 0.2 0.2 0.2 0.2 0.2 0.2 0.2 0.2
 0.2 0.2 0.2 0.2 0.2 0.2 0.2 0.2 0.2 0.2 0.2 0.2
 0.2 0.2 0.2 0.2 0.2 0.2 0.2 0.2 0.2 0.2 0.2 0.2
 0.2 0.2 0.2 0.2 0.2 0.2 0.2 0.2 0.2 0.2 0.2 0.2
 0.2 0.2 0.2 0.2 0.2 0.2 0.2 0.2 0.2 0.2 0.2 0.2
 0.2 0.2 0.2 0.2 0.2 0.2 0.2 0.2 0.2 0.2 0.2 0.2
 0.2 0.2 0.2 0.2 0.2 0.2 0.2 0.2 0.2 0.2 0.2 0.2
 0.2 0.2 0.2 0.2 0.2 0.2 0.2 0.2 0.2 0.2 0.2 0.2
 0.2 0.2 0.2 0.2 0.2 0.2 0.2 0.2 0.2 0.2 0.2 0.2
 0.2 0.2 0.2 0.2 0.2 0.2 0.2 0.2 0.2 0.2 0.2 0.2
 0.2 0.2 0.2 0.2 0.2 0.2 0.2 0.2 0.2 0.2 0.2 0.2
 0.2 0.2 0.2 0.2 0.2 0.2 0.2 0.2 0.2 0.2 0.2 0.2
 0.2 0.2 0.2 0.2 0.2 0.2 0.2 0.2 0.2 0.2 0.2 0.2
 0.2 0.2 0.2 0.2 0.2 0.2 0.2 0.2 0.2 0.2 0.2 0.2
 0.2 0.2 0.2 0.2 0.2 0.2 0.2 0.2 0.2 0.2 0.2 0.2
 0.2 0.2 0.2 0.2 0.2 0.2 0.2 0.2 0.2 0.2 0.2 0.2
 0.2 0.2 0.2 0.2 0.2 0.2 0.2 0.2 0.2 0.2 0.2 0.2
# mean_log_rec
13.8048
# log_Rzero
13.8033
# rec_dev
 -0.0939817 -0.112693 0.0559742 -0.0132833 0.188008 -0.032526 -0.241109 0.0121828 -0.0884709 0.0782622 0.10418 0.0361894 0.107327 0.114133 -0.0528698 0.0047911 0.178664 0.169208 0.244713 0.122259 0.102451 -0.0332106 0.200931 -0.347203 -0.0482043 0.0574353 -0.212326 0.147186 -0.240086 0.0637727 -0.213877 -0.0179481 -0.605784 -0.0115571 -0.0842844 -0.263972 -0.613272 -0.155272 -0.540303 -0.544126 -0.326139 -0.304332
# fmort
 0.00904918 0.0261889 0.0428124 0.058679 0.0475131 0.0854388 0.0881545 0.186403 0.110187 0.135625 0.154313 0.16731 0.120055 0.171668 0.183115 0.162667 0.318353 0.258756 0.25983 0.257818 0.3585 0.263266 0.430434 0.356532 0.353342 0.325321 0.317614 0.443099 0.335436 0.506633
# rec_dev_future
 0 0 0 0 0
