AMAK;Mar 2020
# styr
1
# endyr
30
# rec_age
1
# oldest_age
12
# nlength
81
# len_bins
 10 11 12 13 14 15 16 17 18 19 20 21 22 23 24 25 26 27 28 29 30 31 32 33 34 35 36 37 38 39 40 41 42 43 44 45 46 47 48 49 50 51 52 53 54 55 56 57 58 59 60 61 62 63 64 65 66 67 68 69 70 71 72 73 74 75 76 77 78 79 80 81 82 83 84 85 86 87 88 89 90
# datafile_name
amak_data.dat
# model_name
AMAK_MCP
# styr
1
# endyr
30
# rec_age
1
# oldest_age
12
# nfsh
1
# fshname
FLEET1
# catch_bio_in
 161.625 461.647 736.057 948.217 719.832 1255 1219.14 2376.85 1277.16 1473.12 1540.93 1511.35 1032.12 1416.27 1374.43 1168.52 2061.25 1481.67 1385.45 1292.41 1646.94 1123.22 1724.76 1302.91 1205.77 1045.86 985.312 1288.5 912.11 1259.37
# catch_bio_sd_in
 0.01 0.01 0.01 0.01 0.01 0.01 0.01 0.01 0.01 0.01 0.01 0.01 0.01 0.01 0.01 0.01 0.01 0.01 0.01 0.01 0.01 0.01 0.01 0.01 0.01 0.01 0.01 0.01 0.01 0.01
# nyrs_fsh_age
 30
# nyrs_fsh_length
 0
# yrs_fsh_age_in
 1 2 3 4 5 6 7 8 9 10 11 12 13 14 15 16 17 18 19 20 21 22 23 24 25 26 27 28 29 30
# yrs_fsh_length_in

# n_sample_fsh_length_in

# olc_fsh_in

# nind
1
# indname
SURVEY1
# nyrs_ind
 30
# yrs_ind_in
 1 2 3 4 5 6 7 8 9 10 11 12 13 14 15 16 17 18 19 20 21 22 23 24 25 26 27 28 29 30
# mo_ind
 1
# obs_ind_in
 1.7705 1.48839 1.37719 1.58329 1.53986 1.25945 1.78096 1.59917 1.44756 1.29478 1.1927 1.13713 1.01195 0.939042 1.05815 0.986039 0.927021 1.00375 0.774681 0.861749 0.653493 0.665746 0.672184 0.748659 0.710183 0.624211 0.592061 0.602313 0.486891 0.40156
# obs_se_ind_in
 0.354101 0.297677 0.275438 0.316658 0.307972 0.25189 0.356191 0.319834 0.289513 0.258955 0.238539 0.227426 0.20239 0.187808 0.21163 0.197208 0.185404 0.20075 0.154936 0.17235 0.130699 0.133149 0.134437 0.149732 0.142037 0.124842 0.118412 0.120463 0.0973783 0.080312
# nyrs_ind_age
 30
# nyrs_ind_length
 0
# yrs_ind_age_in
 1 2 3 4 5 6 7 8 9 10 11 12 13 14 15 16 17 18 19 20 21 22 23 24 25 26 27 28 29 30
# yrs_ind_length_in

# yrs_ind_age_in
 1 2 3 4 5 6 7 8 9 10 11 12 13 14 15 16 17 18 19 20 21 22 23 24 25 26 27 28 29 30
# n_sample_ind_length_in

# olc_ind_in

# oac_ind_in
 0.085 0.125 0.135 0.17 0.07 0.065 0.07 0.03 0.065 0.03 0.035 0.12
 0.025 0.14 0.245 0.095 0.125 0.06 0.06 0.045 0.03 0.04 0.035 0.1
 0.065 0.085 0.11 0.13 0.105 0.105 0.085 0.06 0.075 0.035 0.02 0.125
 0.095 0.115 0.08 0.115 0.145 0.11 0.06 0.045 0.055 0.03 0.03 0.12
 0.1 0.215 0.105 0.07 0.085 0.09 0.06 0.055 0.035 0.03 0.035 0.12
 0.065 0.195 0.175 0.14 0.035 0.08 0.075 0.045 0.035 0.025 0.025 0.105
 0.095 0.155 0.19 0.125 0.065 0.045 0.045 0.05 0.04 0.035 0.05 0.105
 0.06 0.16 0.155 0.145 0.105 0.075 0.05 0.05 0.065 0.01 0.01 0.115
 0.055 0.165 0.145 0.2 0.145 0.08 0.045 0.005 0.03 0.035 0.03 0.065
 0.06 0.16 0.14 0.13 0.125 0.12 0.065 0.03 0.015 0.025 0.02 0.11
 0.065 0.115 0.215 0.145 0.095 0.105 0.1 0.05 0.005 0.01 0.045 0.05
 0.055 0.19 0.195 0.16 0.1 0.055 0.04 0.07 0.045 0.015 0.005 0.07
 0.075 0.135 0.17 0.175 0.1 0.07 0.065 0.055 0.025 0.025 0.025 0.08
 0.09 0.175 0.17 0.13 0.09 0.075 0.07 0.035 0.025 0.045 0.03 0.065
 0.075 0.19 0.2 0.14 0.09 0.09 0.04 0.025 0.035 0.025 0.015 0.075
 0.125 0.115 0.155 0.185 0.1 0.08 0.055 0.06 0.025 0.025 0.03 0.045
 0.09 0.255 0.155 0.15 0.095 0.085 0.03 0.02 0.04 0.04 0.01 0.03
 0.13 0.18 0.24 0.125 0.09 0.03 0.03 0.05 0.02 0.02 0.015 0.07
 0.125 0.165 0.135 0.245 0.085 0.075 0.045 0.045 0.015 0.015 0.01 0.04
 0.1 0.25 0.205 0.115 0.13 0.06 0.04 0.015 0.015 0.005 0.015 0.05
 0.115 0.225 0.22 0.125 0.09 0.08 0.075 0.02 0.01 0.005 0 0.035
 0.115 0.23 0.235 0.17 0.065 0.045 0.065 0.01 0.015 0.025 0 0.025
 0.085 0.255 0.22 0.135 0.085 0.085 0.03 0.04 0.01 0.03 0.01 0.015
 0.105 0.215 0.295 0.135 0.075 0.035 0.065 0.02 0.03 0.005 0 0.02
 0.12 0.18 0.23 0.185 0.095 0.08 0.03 0.035 0.005 0.01 0.005 0.025
 0.075 0.215 0.27 0.185 0.12 0.055 0.035 0.015 0.015 0.01 0 0.005
 0.12 0.205 0.22 0.16 0.105 0.105 0.03 0.04 0 0.005 0.005 0.005
 0.08 0.295 0.15 0.19 0.07 0.085 0.035 0.035 0.01 0.02 0.015 0.015
 0.095 0.24 0.275 0.15 0.075 0.06 0.04 0.025 0.015 0.005 0.01 0.01
 0.14 0.25 0.22 0.195 0.05 0.07 0.03 0.02 0.01 0 0 0.015
# wt_ind
 1 1 1 1 1 1 1 1 1 1 1 1
 1 1 1 1 1 1 1 1 1 1 1 1
 1 1 1 1 1 1 1 1 1 1 1 1
 1 1 1 1 1 1 1 1 1 1 1 1
 1 1 1 1 1 1 1 1 1 1 1 1
 1 1 1 1 1 1 1 1 1 1 1 1
 1 1 1 1 1 1 1 1 1 1 1 1
 1 1 1 1 1 1 1 1 1 1 1 1
 1 1 1 1 1 1 1 1 1 1 1 1
 1 1 1 1 1 1 1 1 1 1 1 1
 1 1 1 1 1 1 1 1 1 1 1 1
 1 1 1 1 1 1 1 1 1 1 1 1
 1 1 1 1 1 1 1 1 1 1 1 1
 1 1 1 1 1 1 1 1 1 1 1 1
 1 1 1 1 1 1 1 1 1 1 1 1
 1 1 1 1 1 1 1 1 1 1 1 1
 1 1 1 1 1 1 1 1 1 1 1 1
 1 1 1 1 1 1 1 1 1 1 1 1
 1 1 1 1 1 1 1 1 1 1 1 1
 1 1 1 1 1 1 1 1 1 1 1 1
 1 1 1 1 1 1 1 1 1 1 1 1
 1 1 1 1 1 1 1 1 1 1 1 1
 1 1 1 1 1 1 1 1 1 1 1 1
 1 1 1 1 1 1 1 1 1 1 1 1
 1 1 1 1 1 1 1 1 1 1 1 1
 1 1 1 1 1 1 1 1 1 1 1 1
 1 1 1 1 1 1 1 1 1 1 1 1
 1 1 1 1 1 1 1 1 1 1 1 1
 1 1 1 1 1 1 1 1 1 1 1 1
 1 1 1 1 1 1 1 1 1 1 1 1
# wt_pop
 0.000530656 0.00119633 0.00205827 0.00303499 0.00405521 0.0050647 0.00602623 0.00691692 0.00772489 0.00844611 0.00908185 0.0096367
# maturity
 0.0229774 0.320821 0.904651 0.99478 0.999739 0.999987 0.999999 1 1 1 1 1
# spawnmo
1
# age_err
 1 0 0 0 0 0 0 0 0 0 0 0
 0 1 0 0 0 0 0 0 0 0 0 0
 0 0 1 0 0 0 0 0 0 0 0 0
 0 0 0 1 0 0 0 0 0 0 0 0
 0 0 0 0 1 0 0 0 0 0 0 0
 0 0 0 0 0 1 0 0 0 0 0 0
 0 0 0 0 0 0 1 0 0 0 0 0
 0 0 0 0 0 0 0 1 0 0 0 0
 0 0 0 0 0 0 0 0 1 0 0 0
 0 0 0 0 0 0 0 0 0 1 0 0
 0 0 0 0 0 0 0 0 0 0 1 0
 0 0 0 0 0 0 0 0 0 0 0 1
# cntrlfile_name
C:\Users\bai.li\DOCUME~1\Github\AGE_ST~1\ASSAMC\example\output\AMAK\s75\amak.dat
# Map shared selectivity: 
# sel_map
 1 2
 1 1
# datafile_name
amak_data.dat
# model_name
AMAK_MCP
# SrType
2
# use_age_err
0
# retro
0
# sigmarprior
0.2
# cvsigmarprior
0.25
# phase_sigmar
-3
# styr_rec_est
1
# endyr_rec_est
30
# Linfprior
80
# cvLinfprior
0.25
# kprior
0.18
# cvkprior
0.25
# Loprior
27.688
# cvLoprior
0.25
# sdageprior
0.1
# cvsdageprior
0.25
# natmortprior
0.2
# cvnatmortprior
0.25
# phase_M
-4
# npars_Mage
0
# ages_M_changes

# Mage_in

# Mage_offset_in

# phase_Mage
-5
# phase_rw_M
0
# npars_rw_M
0
# yrs_rw_M

# sigma_rw_M

# qprior
 3.48998e-007
# cvqprior
 1
# phase_q
 1
# q_power_prior
 1
# cvq_power_prior
 0.2
# phase_q_power
 -4
# phase_rw_q
 -1
# npars_rw_q
 0
# yrs_rw_q

# sigma_rw_q

# q_age_min
 1
# q_age_max
 12
# q_age_min
 1
# q_age_max
 12
# fsh_sel_opt(k)
2
# phase_sel_fsh(k)
2
# n_sel_ch_fsh(k)
1
# sel_slp_in_fsh(k)(1,n_sel_ch_fsh(k))
 1
# sel_inf_in_fsh(k)(1,n_sel_ch_fsh(k))
 2
# logsel_slp_in_fsh(k)(1,n_sel_ch_fsh(k))
 0
# yrs_sel_ch_fsh(k)(1,n_sel_ch_fsh(k))
 1

Survey SURVEY1
# ind_sel_opt(k)
2
# indname(k)
SURVEY1
# nselages_in_ind(k)
11
# phase_sel_ind(k)
2
# sel_change_in_ind(k)
 1 0 0 0 0 0 0 0 0 0 0 0 0 0 0 0 0 0 0 0 0 0 0 0 0 0 0 0 0 0
# n_sel_ch_ind(k)
1
# yrs_sel_ch_ind(k)(1,n_sel_ch_ind(k))
 1
# sel_slp_in_ind(k,1)
2
# sel_inf_in_ind(k,1)
1.5
# logsel_slp_in_ind(k,1)
0.693147
# logsel_slp_in_indv(k)
0.693147
SURVEY1 ind sel opt 2  1 0 0 0 0 0 0 0 0 0 0 0 0 0 0 0 0 0 0 0 0 0 0 0 0 0 0 0 0 0
Phase indices Sel_Coffs:  -1
 Test: 1.23457e+008
# Fshry Selages:  11
# Srvy  Selages:  11
# Phase for age-spec fishery  -1
# Phase for logistic fishery  2
# Phase for dble logistic fishery  -1
# Phase for age-spec indices   -1
# Phase for logistic indices   2
# Phase for dble logistic ind  -1
# Curv_pen_fsh: 
 0
# Curv_pen_ind: 
 0
# styr_fut
31
# endyr_fut
35
# nyrs_fsh_age
 30
# nyrs_fsh_age
 30
# yrs_fsh_age
 1 2 3 4 5 6 7 8 9 10 11 12 13 14 15 16 17 18 19 20 21 22 23 24 25 26 27 28 29 30
# n_sample_fsh_age
 200 200 200 200 200 200 200 200 200 200 200 200 200 200 200 200 200 200 200 200 200 200 200 200 200 200 200 200 200 200
# oac_fsh
 0.07 0.15 0.095 0.105 0.08 0.08 0.08 0.07 0.02 0.045 0.035 0.17
 0.035 0.14 0.11 0.095 0.07 0.125 0.095 0.045 0.07 0.045 0.035 0.135
 0.03 0.055 0.14 0.185 0.09 0.09 0.055 0.055 0.055 0.045 0.04 0.16
 0.11 0.11 0.07 0.12 0.09 0.08 0.085 0.06 0.07 0.045 0.02 0.14
 0.08 0.15 0.105 0.06 0.11 0.11 0.05 0.05 0.03 0.045 0.05 0.16
 0.115 0.115 0.165 0.105 0.07 0.1 0.06 0.055 0.035 0.02 0.03 0.13
 0.075 0.145 0.15 0.12 0.11 0.02 0.06 0.05 0.06 0.03 0.035 0.145
 0.09 0.11 0.155 0.185 0.085 0.1 0.06 0.045 0.025 0.01 0.03 0.105
 0.135 0.165 0.09 0.12 0.17 0.095 0.045 0.015 0.03 0.01 0.02 0.105
 0.09 0.135 0.135 0.145 0.12 0.085 0.055 0.055 0.01 0.04 0.025 0.105
 0.085 0.175 0.15 0.095 0.08 0.13 0.065 0.05 0.055 0.015 0.03 0.07
 0.115 0.175 0.14 0.09 0.115 0.09 0.065 0.06 0.04 0.005 0.005 0.1
 0.085 0.165 0.175 0.115 0.13 0.055 0.07 0.045 0.02 0.04 0.02 0.08
 0.135 0.135 0.155 0.14 0.11 0.085 0.07 0.06 0.02 0.025 0.03 0.035
 0.085 0.125 0.145 0.17 0.105 0.085 0.07 0.04 0.03 0.04 0.025 0.08
 0.14 0.12 0.15 0.145 0.12 0.09 0.045 0.035 0.03 0.015 0.025 0.085
 0.09 0.195 0.165 0.17 0.12 0.075 0.05 0.07 0.005 0.005 0.02 0.035
 0.135 0.17 0.235 0.1 0.06 0.07 0.07 0.06 0.025 0.015 0.005 0.055
 0.13 0.175 0.135 0.255 0.075 0.05 0.065 0.04 0.025 0.01 0.005 0.035
 0.09 0.21 0.18 0.11 0.16 0.05 0.07 0.015 0.04 0.025 0.015 0.035
 0.18 0.19 0.15 0.175 0.105 0.075 0.02 0.035 0.02 0.005 0.015 0.03
 0.16 0.18 0.175 0.155 0.11 0.06 0.07 0.01 0.015 0.02 0.015 0.03
 0.1 0.205 0.2 0.14 0.13 0.08 0.03 0.04 0.02 0.015 0.02 0.02
 0.135 0.2 0.245 0.155 0.095 0.04 0.04 0.025 0.03 0.01 0 0.025
 0.175 0.17 0.19 0.18 0.085 0.055 0.065 0.03 0.01 0.03 0.005 0.005
 0.125 0.285 0.175 0.115 0.14 0.07 0.03 0.015 0.02 0.01 0.015 0
 0.16 0.185 0.235 0.19 0.05 0.08 0.045 0.03 0.01 0.01 0 0.005
 0.12 0.28 0.135 0.175 0.105 0.085 0.06 0.015 0.005 0 0.005 0.015
 0.13 0.22 0.225 0.145 0.1 0.07 0.04 0.03 0.015 0 0.01 0.015
 0.195 0.22 0.16 0.155 0.1 0.08 0.045 0.015 0.015 0.005 0.005 0.005
# olc_fsh

# wt_fsh
 0.000530656 0.00119633 0.00205827 0.00303499 0.00405521 0.0050647 0.00602623 0.00691692 0.00772489 0.00844611 0.00908185 0.0096367
 0.000530656 0.00119633 0.00205827 0.00303499 0.00405521 0.0050647 0.00602623 0.00691692 0.00772489 0.00844611 0.00908185 0.0096367
 0.000530656 0.00119633 0.00205827 0.00303499 0.00405521 0.0050647 0.00602623 0.00691692 0.00772489 0.00844611 0.00908185 0.0096367
 0.000530656 0.00119633 0.00205827 0.00303499 0.00405521 0.0050647 0.00602623 0.00691692 0.00772489 0.00844611 0.00908185 0.0096367
 0.000530656 0.00119633 0.00205827 0.00303499 0.00405521 0.0050647 0.00602623 0.00691692 0.00772489 0.00844611 0.00908185 0.0096367
 0.000530656 0.00119633 0.00205827 0.00303499 0.00405521 0.0050647 0.00602623 0.00691692 0.00772489 0.00844611 0.00908185 0.0096367
 0.000530656 0.00119633 0.00205827 0.00303499 0.00405521 0.0050647 0.00602623 0.00691692 0.00772489 0.00844611 0.00908185 0.0096367
 0.000530656 0.00119633 0.00205827 0.00303499 0.00405521 0.0050647 0.00602623 0.00691692 0.00772489 0.00844611 0.00908185 0.0096367
 0.000530656 0.00119633 0.00205827 0.00303499 0.00405521 0.0050647 0.00602623 0.00691692 0.00772489 0.00844611 0.00908185 0.0096367
 0.000530656 0.00119633 0.00205827 0.00303499 0.00405521 0.0050647 0.00602623 0.00691692 0.00772489 0.00844611 0.00908185 0.0096367
 0.000530656 0.00119633 0.00205827 0.00303499 0.00405521 0.0050647 0.00602623 0.00691692 0.00772489 0.00844611 0.00908185 0.0096367
 0.000530656 0.00119633 0.00205827 0.00303499 0.00405521 0.0050647 0.00602623 0.00691692 0.00772489 0.00844611 0.00908185 0.0096367
 0.000530656 0.00119633 0.00205827 0.00303499 0.00405521 0.0050647 0.00602623 0.00691692 0.00772489 0.00844611 0.00908185 0.0096367
 0.000530656 0.00119633 0.00205827 0.00303499 0.00405521 0.0050647 0.00602623 0.00691692 0.00772489 0.00844611 0.00908185 0.0096367
 0.000530656 0.00119633 0.00205827 0.00303499 0.00405521 0.0050647 0.00602623 0.00691692 0.00772489 0.00844611 0.00908185 0.0096367
 0.000530656 0.00119633 0.00205827 0.00303499 0.00405521 0.0050647 0.00602623 0.00691692 0.00772489 0.00844611 0.00908185 0.0096367
 0.000530656 0.00119633 0.00205827 0.00303499 0.00405521 0.0050647 0.00602623 0.00691692 0.00772489 0.00844611 0.00908185 0.0096367
 0.000530656 0.00119633 0.00205827 0.00303499 0.00405521 0.0050647 0.00602623 0.00691692 0.00772489 0.00844611 0.00908185 0.0096367
 0.000530656 0.00119633 0.00205827 0.00303499 0.00405521 0.0050647 0.00602623 0.00691692 0.00772489 0.00844611 0.00908185 0.0096367
 0.000530656 0.00119633 0.00205827 0.00303499 0.00405521 0.0050647 0.00602623 0.00691692 0.00772489 0.00844611 0.00908185 0.0096367
 0.000530656 0.00119633 0.00205827 0.00303499 0.00405521 0.0050647 0.00602623 0.00691692 0.00772489 0.00844611 0.00908185 0.0096367
 0.000530656 0.00119633 0.00205827 0.00303499 0.00405521 0.0050647 0.00602623 0.00691692 0.00772489 0.00844611 0.00908185 0.0096367
 0.000530656 0.00119633 0.00205827 0.00303499 0.00405521 0.0050647 0.00602623 0.00691692 0.00772489 0.00844611 0.00908185 0.0096367
 0.000530656 0.00119633 0.00205827 0.00303499 0.00405521 0.0050647 0.00602623 0.00691692 0.00772489 0.00844611 0.00908185 0.0096367
 0.000530656 0.00119633 0.00205827 0.00303499 0.00405521 0.0050647 0.00602623 0.00691692 0.00772489 0.00844611 0.00908185 0.0096367
 0.000530656 0.00119633 0.00205827 0.00303499 0.00405521 0.0050647 0.00602623 0.00691692 0.00772489 0.00844611 0.00908185 0.0096367
 0.000530656 0.00119633 0.00205827 0.00303499 0.00405521 0.0050647 0.00602623 0.00691692 0.00772489 0.00844611 0.00908185 0.0096367
 0.000530656 0.00119633 0.00205827 0.00303499 0.00405521 0.0050647 0.00602623 0.00691692 0.00772489 0.00844611 0.00908185 0.0096367
 0.000530656 0.00119633 0.00205827 0.00303499 0.00405521 0.0050647 0.00602623 0.00691692 0.00772489 0.00844611 0.00908185 0.0096367
 0.000530656 0.00119633 0.00205827 0.00303499 0.00405521 0.0050647 0.00602623 0.00691692 0.00772489 0.00844611 0.00908185 0.0096367
# nyrs_ind_age
 30
# yrs_ind_age
 1 2 3 4 5 6 7 8 9 10 11 12 13 14 15 16 17 18 19 20 21 22 23 24 25 26 27 28 29 30
# n_sample_ind_age
 200 200 200 200 200 200 200 200 200 200 200 200 200 200 200 200 200 200 200 200 200 200 200 200 200 200 200 200 200 200
# oac_ind
 0.085 0.125 0.135 0.17 0.07 0.065 0.07 0.03 0.065 0.03 0.035 0.12
 0.025 0.14 0.245 0.095 0.125 0.06 0.06 0.045 0.03 0.04 0.035 0.1
 0.065 0.085 0.11 0.13 0.105 0.105 0.085 0.06 0.075 0.035 0.02 0.125
 0.095 0.115 0.08 0.115 0.145 0.11 0.06 0.045 0.055 0.03 0.03 0.12
 0.1 0.215 0.105 0.07 0.085 0.09 0.06 0.055 0.035 0.03 0.035 0.12
 0.065 0.195 0.175 0.14 0.035 0.08 0.075 0.045 0.035 0.025 0.025 0.105
 0.095 0.155 0.19 0.125 0.065 0.045 0.045 0.05 0.04 0.035 0.05 0.105
 0.06 0.16 0.155 0.145 0.105 0.075 0.05 0.05 0.065 0.01 0.01 0.115
 0.055 0.165 0.145 0.2 0.145 0.08 0.045 0.005 0.03 0.035 0.03 0.065
 0.06 0.16 0.14 0.13 0.125 0.12 0.065 0.03 0.015 0.025 0.02 0.11
 0.065 0.115 0.215 0.145 0.095 0.105 0.1 0.05 0.005 0.01 0.045 0.05
 0.055 0.19 0.195 0.16 0.1 0.055 0.04 0.07 0.045 0.015 0.005 0.07
 0.075 0.135 0.17 0.175 0.1 0.07 0.065 0.055 0.025 0.025 0.025 0.08
 0.09 0.175 0.17 0.13 0.09 0.075 0.07 0.035 0.025 0.045 0.03 0.065
 0.075 0.19 0.2 0.14 0.09 0.09 0.04 0.025 0.035 0.025 0.015 0.075
 0.125 0.115 0.155 0.185 0.1 0.08 0.055 0.06 0.025 0.025 0.03 0.045
 0.09 0.255 0.155 0.15 0.095 0.085 0.03 0.02 0.04 0.04 0.01 0.03
 0.13 0.18 0.24 0.125 0.09 0.03 0.03 0.05 0.02 0.02 0.015 0.07
 0.125 0.165 0.135 0.245 0.085 0.075 0.045 0.045 0.015 0.015 0.01 0.04
 0.1 0.25 0.205 0.115 0.13 0.06 0.04 0.015 0.015 0.005 0.015 0.05
 0.115 0.225 0.22 0.125 0.09 0.08 0.075 0.02 0.01 0.005 0 0.035
 0.115 0.23 0.235 0.17 0.065 0.045 0.065 0.01 0.015 0.025 0 0.025
 0.085 0.255 0.22 0.135 0.085 0.085 0.03 0.04 0.01 0.03 0.01 0.015
 0.105 0.215 0.295 0.135 0.075 0.035 0.065 0.02 0.03 0.005 0 0.02
 0.12 0.18 0.23 0.185 0.095 0.08 0.03 0.035 0.005 0.01 0.005 0.025
 0.075 0.215 0.27 0.185 0.12 0.055 0.035 0.015 0.015 0.01 0 0.005
 0.12 0.205 0.22 0.16 0.105 0.105 0.03 0.04 0 0.005 0.005 0.005
 0.08 0.295 0.15 0.19 0.07 0.085 0.035 0.035 0.01 0.02 0.015 0.015
 0.095 0.24 0.275 0.15 0.075 0.06 0.04 0.025 0.015 0.005 0.01 0.01
 0.14 0.25 0.22 0.195 0.05 0.07 0.03 0.02 0.01 0 0 0.015
# olc_ind

# obs_lse_ind
 0.198042 0.198042 0.198042 0.198042 0.198042 0.198042 0.198042 0.198042 0.198042 0.198042 0.198042 0.198042 0.198042 0.198042 0.198042 0.198042 0.198042 0.198042 0.198042 0.198042 0.198042 0.198042 0.198042 0.198042 0.198042 0.198042 0.198042 0.198042 0.198042 0.198042
# xages_fsh
 0 0 0 0 0 0 0 0 0 0 0 0
# xages_fsh
 0 0.0909091 0.181818 0.272727 0.363636 0.454545 0.545455 0.636364 0.727273 0.818182 0.909091 1
# xnodes_fsh

Yrs fsh_sel change:  1 0 0 0 0 0 0 0 0 0 0 0 0 0 0 0 0 0 0 0 0 0 0 0 0 0 0 0 0
Yrs ind_sel change:  1 0 0 0 0 0 0 0 0 0 0 0 0 0 0 0 0 0 0 0 0 0 0 0 0 0 0 0 0
# steepnessprior
0.75
# sigmarprior
0.2
#  SSB estimated in styr endyr: -13 28 
#  Rec estimated in styr endyr: -11 30 
#  SR Curve fit  in styr endyr: 1 30 
#             Model styr endyr: 1 30 
# qprior
 3.48998e-007
# q_power_prior 
 1 
# cv_catchbiomass 
0.05 
# CatchbiomassPen 
200 
# Number of projection years 
5 
# offset_fsh
 13413
# offset_ind
 13185.4
Mean Catch
1246.26
R_guess 
15.388
# nfsh
1
# n_sel_ch_fsh
 1
# nselages_fsh
 11
# phase_selcoff_fsh
 -1
logRzero 15.388
logmeanrec 15.388
exp(log_sigmarprior 0.2
Fish sel phase: -1 FLEET1
Fixing fishery sel to
1
Srvy sel phase: -1
Fixing SURVEY1 indices sel to
1
# logsel_slp_in_indv
 0.693147
Leaving parameter init secton
# M
 0.2 0.2 0.2 0.2 0.2 0.2 0.2 0.2 0.2 0.2 0.2 0.2
 0.2 0.2 0.2 0.2 0.2 0.2 0.2 0.2 0.2 0.2 0.2 0.2
 0.2 0.2 0.2 0.2 0.2 0.2 0.2 0.2 0.2 0.2 0.2 0.2
 0.2 0.2 0.2 0.2 0.2 0.2 0.2 0.2 0.2 0.2 0.2 0.2
 0.2 0.2 0.2 0.2 0.2 0.2 0.2 0.2 0.2 0.2 0.2 0.2
 0.2 0.2 0.2 0.2 0.2 0.2 0.2 0.2 0.2 0.2 0.2 0.2
 0.2 0.2 0.2 0.2 0.2 0.2 0.2 0.2 0.2 0.2 0.2 0.2
 0.2 0.2 0.2 0.2 0.2 0.2 0.2 0.2 0.2 0.2 0.2 0.2
 0.2 0.2 0.2 0.2 0.2 0.2 0.2 0.2 0.2 0.2 0.2 0.2
 0.2 0.2 0.2 0.2 0.2 0.2 0.2 0.2 0.2 0.2 0.2 0.2
 0.2 0.2 0.2 0.2 0.2 0.2 0.2 0.2 0.2 0.2 0.2 0.2
 0.2 0.2 0.2 0.2 0.2 0.2 0.2 0.2 0.2 0.2 0.2 0.2
 0.2 0.2 0.2 0.2 0.2 0.2 0.2 0.2 0.2 0.2 0.2 0.2
 0.2 0.2 0.2 0.2 0.2 0.2 0.2 0.2 0.2 0.2 0.2 0.2
 0.2 0.2 0.2 0.2 0.2 0.2 0.2 0.2 0.2 0.2 0.2 0.2
 0.2 0.2 0.2 0.2 0.2 0.2 0.2 0.2 0.2 0.2 0.2 0.2
 0.2 0.2 0.2 0.2 0.2 0.2 0.2 0.2 0.2 0.2 0.2 0.2
 0.2 0.2 0.2 0.2 0.2 0.2 0.2 0.2 0.2 0.2 0.2 0.2
 0.2 0.2 0.2 0.2 0.2 0.2 0.2 0.2 0.2 0.2 0.2 0.2
 0.2 0.2 0.2 0.2 0.2 0.2 0.2 0.2 0.2 0.2 0.2 0.2
 0.2 0.2 0.2 0.2 0.2 0.2 0.2 0.2 0.2 0.2 0.2 0.2
 0.2 0.2 0.2 0.2 0.2 0.2 0.2 0.2 0.2 0.2 0.2 0.2
 0.2 0.2 0.2 0.2 0.2 0.2 0.2 0.2 0.2 0.2 0.2 0.2
 0.2 0.2 0.2 0.2 0.2 0.2 0.2 0.2 0.2 0.2 0.2 0.2
 0.2 0.2 0.2 0.2 0.2 0.2 0.2 0.2 0.2 0.2 0.2 0.2
 0.2 0.2 0.2 0.2 0.2 0.2 0.2 0.2 0.2 0.2 0.2 0.2
 0.2 0.2 0.2 0.2 0.2 0.2 0.2 0.2 0.2 0.2 0.2 0.2
 0.2 0.2 0.2 0.2 0.2 0.2 0.2 0.2 0.2 0.2 0.2 0.2
 0.2 0.2 0.2 0.2 0.2 0.2 0.2 0.2 0.2 0.2 0.2 0.2
 0.2 0.2 0.2 0.2 0.2 0.2 0.2 0.2 0.2 0.2 0.2 0.2
# mean_log_rec
13.7709
# log_Rzero
13.7606
# rec_dev
 -0.0394072 -0.0477487 -0.0175885 0.00866186 -0.0225802 -0.0405608 0.0637339 0.0270583 -0.0733815 0.0202315 -0.0831206 0.160301 0.0448121 -0.55527 -0.0928046 0.213526 0.298277 0.210084 0.0164537 -0.00997791 0.0169244 -0.0397225 -0.0416573 -0.0687982 -0.0977352 -0.104547 -0.284788 0.256057 -0.243477 -0.0610727 -0.0717783 -0.146015 -0.0951553 0.0468695 -0.219503 -0.268303 -0.191351 -0.519273 -0.204372 -0.487722 -0.493628 -0.337917
# fmort
 0.00928305 0.0269186 0.0444709 0.0604169 0.0480411 0.087298 0.0887689 0.187974 0.110584 0.135441 0.152512 0.161836 0.116754 0.168178 0.175313 0.157485 0.305749 0.247412 0.249422 0.247504 0.344268 0.252424 0.420011 0.355512 0.35454 0.326819 0.320698 0.459576 0.360362 0.563253
# rec_dev_future
 0 0 0 0 0
