AMAK;Mar 2020
# styr
1
# endyr
30
# rec_age
1
# oldest_age
12
# nlength
81
# len_bins
 10 11 12 13 14 15 16 17 18 19 20 21 22 23 24 25 26 27 28 29 30 31 32 33 34 35 36 37 38 39 40 41 42 43 44 45 46 47 48 49 50 51 52 53 54 55 56 57 58 59 60 61 62 63 64 65 66 67 68 69 70 71 72 73 74 75 76 77 78 79 80 81 82 83 84 85 86 87 88 89 90
# datafile_name
amak_data.dat
# model_name
AMAK_MCP
# styr
1
# endyr
30
# rec_age
1
# oldest_age
12
# nfsh
1
# fshname
FLEET1
# catch_bio_in
 161.161 465.607 740.331 962.815 727.255 1227.92 1169.25 2267.79 1195 1385.61 1488.66 1493.02 1043.55 1468.25 1455.56 1240.81 2204.9 1600.76 1468.69 1330.2 1655.9 1089.1 1671.92 1233.46 1157.26 1009.44 951.037 1215.61 859.297 1210.86
# catch_bio_sd_in
 0.01 0.01 0.01 0.01 0.01 0.01 0.01 0.01 0.01 0.01 0.01 0.01 0.01 0.01 0.01 0.01 0.01 0.01 0.01 0.01 0.01 0.01 0.01 0.01 0.01 0.01 0.01 0.01 0.01 0.01
# nyrs_fsh_age
 30
# nyrs_fsh_length
 0
# yrs_fsh_age_in
 1 2 3 4 5 6 7 8 9 10 11 12 13 14 15 16 17 18 19 20 21 22 23 24 25 26 27 28 29 30
# yrs_fsh_length_in

# n_sample_fsh_length_in

# olc_fsh_in

# nind
1
# indname
SURVEY1
# nyrs_ind
 30
# yrs_ind_in
 1 2 3 4 5 6 7 8 9 10 11 12 13 14 15 16 17 18 19 20 21 22 23 24 25 26 27 28 29 30
# mo_ind
 1
# obs_ind_in
 1.46459 1.5336 1.57823 1.54398 1.44841 1.05809 1.27715 1.16422 1.09243 1.19633 1.1648 1.35099 1.03761 1.22804 0.956014 1.03155 1.30429 0.839998 0.754836 0.781219 0.69368 0.587843 0.687683 0.659522 0.567228 0.691519 0.526292 0.580888 0.624956 0.504373
# obs_se_ind_in
 0.292918 0.306719 0.315647 0.308797 0.289682 0.211617 0.255429 0.232845 0.218485 0.239266 0.232959 0.270198 0.207522 0.245608 0.191203 0.20631 0.260857 0.168 0.150967 0.156244 0.138736 0.117569 0.137537 0.131904 0.113446 0.138304 0.105258 0.116178 0.124991 0.100875
# nyrs_ind_age
 30
# nyrs_ind_length
 0
# yrs_ind_age_in
 1 2 3 4 5 6 7 8 9 10 11 12 13 14 15 16 17 18 19 20 21 22 23 24 25 26 27 28 29 30
# yrs_ind_length_in

# yrs_ind_age_in
 1 2 3 4 5 6 7 8 9 10 11 12 13 14 15 16 17 18 19 20 21 22 23 24 25 26 27 28 29 30
# n_sample_ind_length_in

# olc_ind_in

# oac_ind_in
 0.05 0.16 0.095 0.075 0.105 0.115 0.05 0.07 0.03 0.075 0.05 0.125
 0.05 0.135 0.13 0.12 0.105 0.07 0.095 0.035 0.045 0.025 0.045 0.145
 0.06 0.105 0.18 0.125 0.11 0.06 0.09 0.055 0.045 0.025 0.05 0.095
 0.04 0.085 0.135 0.13 0.1 0.115 0.075 0.04 0.03 0.035 0.04 0.175
 0.065 0.155 0.115 0.115 0.075 0.09 0.095 0.045 0.055 0.035 0.02 0.135
 0.105 0.13 0.095 0.165 0.1 0.065 0.06 0.06 0.05 0.03 0.015 0.125
 0.07 0.205 0.175 0.1 0.105 0.05 0.055 0.04 0.06 0.03 0.025 0.085
 0.065 0.14 0.21 0.135 0.1 0.06 0.05 0.045 0.06 0.015 0.015 0.105
 0.06 0.145 0.15 0.185 0.09 0.075 0.04 0.05 0.06 0.01 0.02 0.115
 0.08 0.135 0.175 0.105 0.165 0.065 0.04 0.065 0.045 0.03 0.025 0.07
 0.085 0.2 0.15 0.135 0.1 0.08 0.05 0.015 0.035 0.02 0.025 0.105
 0.06 0.21 0.205 0.14 0.08 0.07 0.035 0.035 0.05 0.005 0.015 0.095
 0.07 0.18 0.225 0.145 0.09 0.07 0.06 0.045 0.045 0.01 0.005 0.055
 0.025 0.13 0.17 0.275 0.11 0.06 0.045 0.055 0.035 0.025 0.015 0.055
 0.09 0.18 0.15 0.135 0.155 0.095 0.035 0.05 0.045 0.01 0.01 0.045
 0.15 0.245 0.16 0.07 0.095 0.075 0.085 0.03 0.01 0 0.015 0.065
 0.08 0.215 0.175 0.165 0.07 0.055 0.07 0.055 0.03 0.01 0.025 0.05
 0.08 0.18 0.245 0.15 0.095 0.05 0.04 0.045 0.02 0.02 0.025 0.05
 0.105 0.25 0.155 0.185 0.12 0.04 0.01 0.025 0.05 0.015 0.015 0.03
 0.085 0.25 0.22 0.13 0.115 0.085 0.025 0.02 0.025 0.005 0.02 0.02
 0.105 0.155 0.22 0.145 0.115 0.075 0.05 0.025 0.035 0.03 0.01 0.035
 0.19 0.195 0.135 0.22 0.06 0.05 0.05 0.045 0.02 0 0.01 0.025
 0.07 0.385 0.135 0.08 0.13 0.045 0.05 0.025 0.03 0.005 0.015 0.03
 0.1 0.195 0.315 0.1 0.08 0.075 0.06 0.015 0.03 0 0.015 0.015
 0.11 0.21 0.16 0.25 0.08 0.055 0.04 0.04 0.01 0.02 0 0.025
 0.1 0.235 0.205 0.145 0.185 0.025 0.04 0.015 0.02 0.005 0.005 0.02
 0.055 0.17 0.205 0.235 0.065 0.17 0.03 0.02 0.02 0.005 0 0.025
 0.105 0.255 0.2 0.16 0.115 0.05 0.06 0.015 0.015 0.01 0.005 0.01
 0.095 0.25 0.17 0.19 0.105 0.095 0.04 0.035 0.005 0.005 0.005 0.005
 0.115 0.205 0.235 0.195 0.08 0.065 0.035 0.025 0.03 0.005 0.01 0
# wt_ind
 1 1 1 1 1 1 1 1 1 1 1 1
 1 1 1 1 1 1 1 1 1 1 1 1
 1 1 1 1 1 1 1 1 1 1 1 1
 1 1 1 1 1 1 1 1 1 1 1 1
 1 1 1 1 1 1 1 1 1 1 1 1
 1 1 1 1 1 1 1 1 1 1 1 1
 1 1 1 1 1 1 1 1 1 1 1 1
 1 1 1 1 1 1 1 1 1 1 1 1
 1 1 1 1 1 1 1 1 1 1 1 1
 1 1 1 1 1 1 1 1 1 1 1 1
 1 1 1 1 1 1 1 1 1 1 1 1
 1 1 1 1 1 1 1 1 1 1 1 1
 1 1 1 1 1 1 1 1 1 1 1 1
 1 1 1 1 1 1 1 1 1 1 1 1
 1 1 1 1 1 1 1 1 1 1 1 1
 1 1 1 1 1 1 1 1 1 1 1 1
 1 1 1 1 1 1 1 1 1 1 1 1
 1 1 1 1 1 1 1 1 1 1 1 1
 1 1 1 1 1 1 1 1 1 1 1 1
 1 1 1 1 1 1 1 1 1 1 1 1
 1 1 1 1 1 1 1 1 1 1 1 1
 1 1 1 1 1 1 1 1 1 1 1 1
 1 1 1 1 1 1 1 1 1 1 1 1
 1 1 1 1 1 1 1 1 1 1 1 1
 1 1 1 1 1 1 1 1 1 1 1 1
 1 1 1 1 1 1 1 1 1 1 1 1
 1 1 1 1 1 1 1 1 1 1 1 1
 1 1 1 1 1 1 1 1 1 1 1 1
 1 1 1 1 1 1 1 1 1 1 1 1
 1 1 1 1 1 1 1 1 1 1 1 1
# wt_pop
 0.000530656 0.00119633 0.00205827 0.00303499 0.00405521 0.0050647 0.00602623 0.00691692 0.00772489 0.00844611 0.00908185 0.0096367
# maturity
 0.0229774 0.320821 0.904651 0.99478 0.999739 0.999987 0.999999 1 1 1 1 1
# spawnmo
1
# age_err
 1 0 0 0 0 0 0 0 0 0 0 0
 0 1 0 0 0 0 0 0 0 0 0 0
 0 0 1 0 0 0 0 0 0 0 0 0
 0 0 0 1 0 0 0 0 0 0 0 0
 0 0 0 0 1 0 0 0 0 0 0 0
 0 0 0 0 0 1 0 0 0 0 0 0
 0 0 0 0 0 0 1 0 0 0 0 0
 0 0 0 0 0 0 0 1 0 0 0 0
 0 0 0 0 0 0 0 0 1 0 0 0
 0 0 0 0 0 0 0 0 0 1 0 0
 0 0 0 0 0 0 0 0 0 0 1 0
 0 0 0 0 0 0 0 0 0 0 0 1
# cntrlfile_name
C:\Users\bai.li\DOCUME~1\Github\AGE_ST~1\ASSAMC\example\output\AMAK\s51\amak.dat
# Map shared selectivity: 
# sel_map
 1 2
 1 1
# datafile_name
amak_data.dat
# model_name
AMAK_MCP
# SrType
2
# use_age_err
0
# retro
0
# sigmarprior
0.2
# cvsigmarprior
0.25
# phase_sigmar
-3
# styr_rec_est
1
# endyr_rec_est
30
# Linfprior
80
# cvLinfprior
0.25
# kprior
0.18
# cvkprior
0.25
# Loprior
27.688
# cvLoprior
0.25
# sdageprior
0.1
# cvsdageprior
0.25
# natmortprior
0.2
# cvnatmortprior
0.25
# phase_M
-4
# npars_Mage
0
# ages_M_changes

# Mage_in

# Mage_offset_in

# phase_Mage
-5
# phase_rw_M
0
# npars_rw_M
0
# yrs_rw_M

# sigma_rw_M

# qprior
 3.48998e-007
# cvqprior
 1
# phase_q
 1
# q_power_prior
 1
# cvq_power_prior
 0.2
# phase_q_power
 -4
# phase_rw_q
 -1
# npars_rw_q
 0
# yrs_rw_q

# sigma_rw_q

# q_age_min
 1
# q_age_max
 12
# q_age_min
 1
# q_age_max
 12
# fsh_sel_opt(k)
2
# phase_sel_fsh(k)
2
# n_sel_ch_fsh(k)
1
# sel_slp_in_fsh(k)(1,n_sel_ch_fsh(k))
 1
# sel_inf_in_fsh(k)(1,n_sel_ch_fsh(k))
 2
# logsel_slp_in_fsh(k)(1,n_sel_ch_fsh(k))
 0
# yrs_sel_ch_fsh(k)(1,n_sel_ch_fsh(k))
 1

Survey SURVEY1
# ind_sel_opt(k)
2
# indname(k)
SURVEY1
# nselages_in_ind(k)
11
# phase_sel_ind(k)
2
# sel_change_in_ind(k)
 1 0 0 0 0 0 0 0 0 0 0 0 0 0 0 0 0 0 0 0 0 0 0 0 0 0 0 0 0 0
# n_sel_ch_ind(k)
1
# yrs_sel_ch_ind(k)(1,n_sel_ch_ind(k))
 1
# sel_slp_in_ind(k,1)
2
# sel_inf_in_ind(k,1)
1.5
# logsel_slp_in_ind(k,1)
0.693147
# logsel_slp_in_indv(k)
0.693147
SURVEY1 ind sel opt 2  1 0 0 0 0 0 0 0 0 0 0 0 0 0 0 0 0 0 0 0 0 0 0 0 0 0 0 0 0 0
Phase indices Sel_Coffs:  -1
 Test: 1.23457e+008
# Fshry Selages:  11
# Srvy  Selages:  11
# Phase for age-spec fishery  -1
# Phase for logistic fishery  2
# Phase for dble logistic fishery  -1
# Phase for age-spec indices   -1
# Phase for logistic indices   2
# Phase for dble logistic ind  -1
# Curv_pen_fsh: 
 0
# Curv_pen_ind: 
 0
# styr_fut
31
# endyr_fut
35
# nyrs_fsh_age
 30
# nyrs_fsh_age
 30
# yrs_fsh_age
 1 2 3 4 5 6 7 8 9 10 11 12 13 14 15 16 17 18 19 20 21 22 23 24 25 26 27 28 29 30
# n_sample_fsh_age
 200 200 200 200 200 200 200 200 200 200 200 200 200 200 200 200 200 200 200 200 200 200 200 200 200 200 200 200 200 200
# oac_fsh
 0.07 0.105 0.14 0.1 0.145 0.09 0.05 0.055 0.035 0.05 0.02 0.14
 0.07 0.07 0.125 0.13 0.1 0.09 0.11 0.04 0.055 0.015 0.03 0.165
 0.075 0.08 0.105 0.11 0.095 0.07 0.115 0.085 0.06 0.04 0.045 0.12
 0.04 0.09 0.115 0.135 0.095 0.085 0.065 0.075 0.08 0.06 0.02 0.14
 0.09 0.06 0.15 0.115 0.105 0.085 0.08 0.065 0.03 0.03 0.025 0.165
 0.11 0.135 0.075 0.14 0.08 0.075 0.035 0.06 0.07 0.06 0.04 0.12
 0.085 0.125 0.145 0.085 0.095 0.07 0.075 0.065 0.05 0.045 0.035 0.125
 0.085 0.14 0.17 0.16 0.08 0.04 0.02 0.055 0.055 0.035 0.04 0.12
 0.05 0.14 0.125 0.18 0.12 0.06 0.045 0.045 0.03 0.035 0.025 0.145
 0.095 0.135 0.16 0.125 0.15 0.055 0.05 0.035 0.05 0.02 0.03 0.095
 0.135 0.155 0.145 0.085 0.12 0.105 0.08 0.04 0.02 0.015 0.03 0.07
 0.09 0.19 0.13 0.115 0.125 0.075 0.085 0.06 0.025 0.01 0.025 0.07
 0.035 0.14 0.265 0.105 0.105 0.085 0.055 0.075 0.025 0.025 0.015 0.07
 0.09 0.125 0.17 0.235 0.105 0.05 0.055 0.025 0.03 0.035 0.025 0.055
 0.075 0.155 0.12 0.17 0.135 0.1 0.085 0.04 0.035 0.02 0.01 0.055
 0.17 0.155 0.14 0.1 0.095 0.13 0.105 0.015 0.02 0.015 0.01 0.045
 0.135 0.17 0.17 0.125 0.065 0.065 0.065 0.08 0.025 0.045 0.02 0.035
 0.095 0.215 0.2 0.16 0.1 0.03 0.065 0.045 0.015 0.01 0.015 0.05
 0.095 0.16 0.2 0.225 0.07 0.075 0.055 0.04 0.03 0.02 0 0.03
 0.08 0.2 0.245 0.15 0.115 0.035 0.04 0.02 0.03 0.01 0.01 0.065
 0.115 0.155 0.165 0.14 0.15 0.125 0.05 0.025 0.015 0.025 0.02 0.015
 0.245 0.16 0.11 0.155 0.1 0.075 0.07 0.02 0.025 0 0.005 0.035
 0.085 0.355 0.145 0.12 0.065 0.09 0.05 0.03 0.015 0.02 0.005 0.02
 0.075 0.15 0.33 0.165 0.075 0.085 0.02 0.02 0.04 0.01 0.005 0.025
 0.115 0.23 0.13 0.255 0.085 0.045 0.03 0.03 0.005 0.02 0.02 0.035
 0.125 0.195 0.245 0.115 0.175 0.025 0.04 0.03 0.01 0.02 0.005 0.015
 0.155 0.205 0.16 0.145 0.1 0.14 0.02 0.025 0 0.03 0.005 0.015
 0.165 0.215 0.195 0.16 0.12 0.045 0.045 0.03 0.015 0.005 0 0.005
 0.22 0.195 0.19 0.125 0.12 0.06 0.025 0.045 0.005 0.005 0.005 0.005
 0.155 0.27 0.2 0.125 0.065 0.045 0.045 0.025 0.025 0.01 0.01 0.025
# olc_fsh

# wt_fsh
 0.000530656 0.00119633 0.00205827 0.00303499 0.00405521 0.0050647 0.00602623 0.00691692 0.00772489 0.00844611 0.00908185 0.0096367
 0.000530656 0.00119633 0.00205827 0.00303499 0.00405521 0.0050647 0.00602623 0.00691692 0.00772489 0.00844611 0.00908185 0.0096367
 0.000530656 0.00119633 0.00205827 0.00303499 0.00405521 0.0050647 0.00602623 0.00691692 0.00772489 0.00844611 0.00908185 0.0096367
 0.000530656 0.00119633 0.00205827 0.00303499 0.00405521 0.0050647 0.00602623 0.00691692 0.00772489 0.00844611 0.00908185 0.0096367
 0.000530656 0.00119633 0.00205827 0.00303499 0.00405521 0.0050647 0.00602623 0.00691692 0.00772489 0.00844611 0.00908185 0.0096367
 0.000530656 0.00119633 0.00205827 0.00303499 0.00405521 0.0050647 0.00602623 0.00691692 0.00772489 0.00844611 0.00908185 0.0096367
 0.000530656 0.00119633 0.00205827 0.00303499 0.00405521 0.0050647 0.00602623 0.00691692 0.00772489 0.00844611 0.00908185 0.0096367
 0.000530656 0.00119633 0.00205827 0.00303499 0.00405521 0.0050647 0.00602623 0.00691692 0.00772489 0.00844611 0.00908185 0.0096367
 0.000530656 0.00119633 0.00205827 0.00303499 0.00405521 0.0050647 0.00602623 0.00691692 0.00772489 0.00844611 0.00908185 0.0096367
 0.000530656 0.00119633 0.00205827 0.00303499 0.00405521 0.0050647 0.00602623 0.00691692 0.00772489 0.00844611 0.00908185 0.0096367
 0.000530656 0.00119633 0.00205827 0.00303499 0.00405521 0.0050647 0.00602623 0.00691692 0.00772489 0.00844611 0.00908185 0.0096367
 0.000530656 0.00119633 0.00205827 0.00303499 0.00405521 0.0050647 0.00602623 0.00691692 0.00772489 0.00844611 0.00908185 0.0096367
 0.000530656 0.00119633 0.00205827 0.00303499 0.00405521 0.0050647 0.00602623 0.00691692 0.00772489 0.00844611 0.00908185 0.0096367
 0.000530656 0.00119633 0.00205827 0.00303499 0.00405521 0.0050647 0.00602623 0.00691692 0.00772489 0.00844611 0.00908185 0.0096367
 0.000530656 0.00119633 0.00205827 0.00303499 0.00405521 0.0050647 0.00602623 0.00691692 0.00772489 0.00844611 0.00908185 0.0096367
 0.000530656 0.00119633 0.00205827 0.00303499 0.00405521 0.0050647 0.00602623 0.00691692 0.00772489 0.00844611 0.00908185 0.0096367
 0.000530656 0.00119633 0.00205827 0.00303499 0.00405521 0.0050647 0.00602623 0.00691692 0.00772489 0.00844611 0.00908185 0.0096367
 0.000530656 0.00119633 0.00205827 0.00303499 0.00405521 0.0050647 0.00602623 0.00691692 0.00772489 0.00844611 0.00908185 0.0096367
 0.000530656 0.00119633 0.00205827 0.00303499 0.00405521 0.0050647 0.00602623 0.00691692 0.00772489 0.00844611 0.00908185 0.0096367
 0.000530656 0.00119633 0.00205827 0.00303499 0.00405521 0.0050647 0.00602623 0.00691692 0.00772489 0.00844611 0.00908185 0.0096367
 0.000530656 0.00119633 0.00205827 0.00303499 0.00405521 0.0050647 0.00602623 0.00691692 0.00772489 0.00844611 0.00908185 0.0096367
 0.000530656 0.00119633 0.00205827 0.00303499 0.00405521 0.0050647 0.00602623 0.00691692 0.00772489 0.00844611 0.00908185 0.0096367
 0.000530656 0.00119633 0.00205827 0.00303499 0.00405521 0.0050647 0.00602623 0.00691692 0.00772489 0.00844611 0.00908185 0.0096367
 0.000530656 0.00119633 0.00205827 0.00303499 0.00405521 0.0050647 0.00602623 0.00691692 0.00772489 0.00844611 0.00908185 0.0096367
 0.000530656 0.00119633 0.00205827 0.00303499 0.00405521 0.0050647 0.00602623 0.00691692 0.00772489 0.00844611 0.00908185 0.0096367
 0.000530656 0.00119633 0.00205827 0.00303499 0.00405521 0.0050647 0.00602623 0.00691692 0.00772489 0.00844611 0.00908185 0.0096367
 0.000530656 0.00119633 0.00205827 0.00303499 0.00405521 0.0050647 0.00602623 0.00691692 0.00772489 0.00844611 0.00908185 0.0096367
 0.000530656 0.00119633 0.00205827 0.00303499 0.00405521 0.0050647 0.00602623 0.00691692 0.00772489 0.00844611 0.00908185 0.0096367
 0.000530656 0.00119633 0.00205827 0.00303499 0.00405521 0.0050647 0.00602623 0.00691692 0.00772489 0.00844611 0.00908185 0.0096367
 0.000530656 0.00119633 0.00205827 0.00303499 0.00405521 0.0050647 0.00602623 0.00691692 0.00772489 0.00844611 0.00908185 0.0096367
# nyrs_ind_age
 30
# yrs_ind_age
 1 2 3 4 5 6 7 8 9 10 11 12 13 14 15 16 17 18 19 20 21 22 23 24 25 26 27 28 29 30
# n_sample_ind_age
 200 200 200 200 200 200 200 200 200 200 200 200 200 200 200 200 200 200 200 200 200 200 200 200 200 200 200 200 200 200
# oac_ind
 0.05 0.16 0.095 0.075 0.105 0.115 0.05 0.07 0.03 0.075 0.05 0.125
 0.05 0.135 0.13 0.12 0.105 0.07 0.095 0.035 0.045 0.025 0.045 0.145
 0.06 0.105 0.18 0.125 0.11 0.06 0.09 0.055 0.045 0.025 0.05 0.095
 0.04 0.085 0.135 0.13 0.1 0.115 0.075 0.04 0.03 0.035 0.04 0.175
 0.065 0.155 0.115 0.115 0.075 0.09 0.095 0.045 0.055 0.035 0.02 0.135
 0.105 0.13 0.095 0.165 0.1 0.065 0.06 0.06 0.05 0.03 0.015 0.125
 0.07 0.205 0.175 0.1 0.105 0.05 0.055 0.04 0.06 0.03 0.025 0.085
 0.065 0.14 0.21 0.135 0.1 0.06 0.05 0.045 0.06 0.015 0.015 0.105
 0.06 0.145 0.15 0.185 0.09 0.075 0.04 0.05 0.06 0.01 0.02 0.115
 0.08 0.135 0.175 0.105 0.165 0.065 0.04 0.065 0.045 0.03 0.025 0.07
 0.085 0.2 0.15 0.135 0.1 0.08 0.05 0.015 0.035 0.02 0.025 0.105
 0.06 0.21 0.205 0.14 0.08 0.07 0.035 0.035 0.05 0.005 0.015 0.095
 0.07 0.18 0.225 0.145 0.09 0.07 0.06 0.045 0.045 0.01 0.005 0.055
 0.025 0.13 0.17 0.275 0.11 0.06 0.045 0.055 0.035 0.025 0.015 0.055
 0.09 0.18 0.15 0.135 0.155 0.095 0.035 0.05 0.045 0.01 0.01 0.045
 0.15 0.245 0.16 0.07 0.095 0.075 0.085 0.03 0.01 0 0.015 0.065
 0.08 0.215 0.175 0.165 0.07 0.055 0.07 0.055 0.03 0.01 0.025 0.05
 0.08 0.18 0.245 0.15 0.095 0.05 0.04 0.045 0.02 0.02 0.025 0.05
 0.105 0.25 0.155 0.185 0.12 0.04 0.01 0.025 0.05 0.015 0.015 0.03
 0.085 0.25 0.22 0.13 0.115 0.085 0.025 0.02 0.025 0.005 0.02 0.02
 0.105 0.155 0.22 0.145 0.115 0.075 0.05 0.025 0.035 0.03 0.01 0.035
 0.19 0.195 0.135 0.22 0.06 0.05 0.05 0.045 0.02 0 0.01 0.025
 0.07 0.385 0.135 0.08 0.13 0.045 0.05 0.025 0.03 0.005 0.015 0.03
 0.1 0.195 0.315 0.1 0.08 0.075 0.06 0.015 0.03 0 0.015 0.015
 0.11 0.21 0.16 0.25 0.08 0.055 0.04 0.04 0.01 0.02 0 0.025
 0.1 0.235 0.205 0.145 0.185 0.025 0.04 0.015 0.02 0.005 0.005 0.02
 0.055 0.17 0.205 0.235 0.065 0.17 0.03 0.02 0.02 0.005 0 0.025
 0.105 0.255 0.2 0.16 0.115 0.05 0.06 0.015 0.015 0.01 0.005 0.01
 0.095 0.25 0.17 0.19 0.105 0.095 0.04 0.035 0.005 0.005 0.005 0.005
 0.115 0.205 0.235 0.195 0.08 0.065 0.035 0.025 0.03 0.005 0.01 0
# olc_ind

# obs_lse_ind
 0.198042 0.198042 0.198042 0.198042 0.198042 0.198042 0.198042 0.198042 0.198042 0.198042 0.198042 0.198042 0.198042 0.198042 0.198042 0.198042 0.198042 0.198042 0.198042 0.198042 0.198042 0.198042 0.198042 0.198042 0.198042 0.198042 0.198042 0.198042 0.198042 0.198042
# xages_fsh
 0 0 0 0 0 0 0 0 0 0 0 0
# xages_fsh
 0 0.0909091 0.181818 0.272727 0.363636 0.454545 0.545455 0.636364 0.727273 0.818182 0.909091 1
# xnodes_fsh

Yrs fsh_sel change:  1 0 0 0 0 0 0 0 0 0 0 0 0 0 0 0 0 0 0 0 0 0 0 0 0 0 0 0 0
Yrs ind_sel change:  1 0 0 0 0 0 0 0 0 0 0 0 0 0 0 0 0 0 0 0 0 0 0 0 0 0 0 0 0
# steepnessprior
0.75
# sigmarprior
0.2
#  SSB estimated in styr endyr: -13 28 
#  Rec estimated in styr endyr: -11 30 
#  SR Curve fit  in styr endyr: 1 30 
#             Model styr endyr: 1 30 
# qprior
 3.48998e-007
# q_power_prior 
 1 
# cv_catchbiomass 
0.05 
# CatchbiomassPen 
200 
# Number of projection years 
5 
# offset_fsh
 13385.3
# offset_ind
 13193.4
Mean Catch
1238.37
R_guess 
15.3817
# nfsh
1
# n_sel_ch_fsh
 1
# nselages_fsh
 11
# phase_selcoff_fsh
 -1
logRzero 15.3817
logmeanrec 15.3817
exp(log_sigmarprior 0.2
Fish sel phase: -1 FLEET1
Fixing fishery sel to
1
Srvy sel phase: -1
Fixing SURVEY1 indices sel to
1
# logsel_slp_in_indv
 0.693147
Leaving parameter init secton
# M
 0.2 0.2 0.2 0.2 0.2 0.2 0.2 0.2 0.2 0.2 0.2 0.2
 0.2 0.2 0.2 0.2 0.2 0.2 0.2 0.2 0.2 0.2 0.2 0.2
 0.2 0.2 0.2 0.2 0.2 0.2 0.2 0.2 0.2 0.2 0.2 0.2
 0.2 0.2 0.2 0.2 0.2 0.2 0.2 0.2 0.2 0.2 0.2 0.2
 0.2 0.2 0.2 0.2 0.2 0.2 0.2 0.2 0.2 0.2 0.2 0.2
 0.2 0.2 0.2 0.2 0.2 0.2 0.2 0.2 0.2 0.2 0.2 0.2
 0.2 0.2 0.2 0.2 0.2 0.2 0.2 0.2 0.2 0.2 0.2 0.2
 0.2 0.2 0.2 0.2 0.2 0.2 0.2 0.2 0.2 0.2 0.2 0.2
 0.2 0.2 0.2 0.2 0.2 0.2 0.2 0.2 0.2 0.2 0.2 0.2
 0.2 0.2 0.2 0.2 0.2 0.2 0.2 0.2 0.2 0.2 0.2 0.2
 0.2 0.2 0.2 0.2 0.2 0.2 0.2 0.2 0.2 0.2 0.2 0.2
 0.2 0.2 0.2 0.2 0.2 0.2 0.2 0.2 0.2 0.2 0.2 0.2
 0.2 0.2 0.2 0.2 0.2 0.2 0.2 0.2 0.2 0.2 0.2 0.2
 0.2 0.2 0.2 0.2 0.2 0.2 0.2 0.2 0.2 0.2 0.2 0.2
 0.2 0.2 0.2 0.2 0.2 0.2 0.2 0.2 0.2 0.2 0.2 0.2
 0.2 0.2 0.2 0.2 0.2 0.2 0.2 0.2 0.2 0.2 0.2 0.2
 0.2 0.2 0.2 0.2 0.2 0.2 0.2 0.2 0.2 0.2 0.2 0.2
 0.2 0.2 0.2 0.2 0.2 0.2 0.2 0.2 0.2 0.2 0.2 0.2
 0.2 0.2 0.2 0.2 0.2 0.2 0.2 0.2 0.2 0.2 0.2 0.2
 0.2 0.2 0.2 0.2 0.2 0.2 0.2 0.2 0.2 0.2 0.2 0.2
 0.2 0.2 0.2 0.2 0.2 0.2 0.2 0.2 0.2 0.2 0.2 0.2
 0.2 0.2 0.2 0.2 0.2 0.2 0.2 0.2 0.2 0.2 0.2 0.2
 0.2 0.2 0.2 0.2 0.2 0.2 0.2 0.2 0.2 0.2 0.2 0.2
 0.2 0.2 0.2 0.2 0.2 0.2 0.2 0.2 0.2 0.2 0.2 0.2
 0.2 0.2 0.2 0.2 0.2 0.2 0.2 0.2 0.2 0.2 0.2 0.2
 0.2 0.2 0.2 0.2 0.2 0.2 0.2 0.2 0.2 0.2 0.2 0.2
 0.2 0.2 0.2 0.2 0.2 0.2 0.2 0.2 0.2 0.2 0.2 0.2
 0.2 0.2 0.2 0.2 0.2 0.2 0.2 0.2 0.2 0.2 0.2 0.2
 0.2 0.2 0.2 0.2 0.2 0.2 0.2 0.2 0.2 0.2 0.2 0.2
 0.2 0.2 0.2 0.2 0.2 0.2 0.2 0.2 0.2 0.2 0.2 0.2
# mean_log_rec
13.7955
# log_Rzero
13.773
# rec_dev
 -0.0386166 -0.0467811 0.0095247 0.158485 -0.0976901 -0.0121322 -0.136934 0.134688 0.103685 -0.0655656 0.0290065 -0.0106542 -0.0261141 -0.147645 -0.122859 -0.250878 0.0506476 0.253074 -0.0167891 -0.0254316 -0.141834 0.093792 0.308162 -0.050311 -0.389781 -0.142626 -0.0257475 0.204018 -0.0497769 -0.0863966 -0.0750468 -0.420079 -0.367972 0.366715 -0.439039 -0.209503 -0.329899 -0.412131 -0.363159 -0.304742 -0.23494 -0.303743
# fmort
 0.00887826 0.0260724 0.0429311 0.0589031 0.046991 0.084083 0.085157 0.180926 0.104713 0.128791 0.147504 0.156485 0.112687 0.164642 0.175501 0.158495 0.309274 0.252357 0.249248 0.240803 0.332102 0.237967 0.392206 0.313271 0.307381 0.278696 0.26981 0.366978 0.272949 0.400842
# rec_dev_future
 0 0 0 0 0
