AMAK;Mar 2020
# styr
1
# endyr
30
# rec_age
1
# oldest_age
12
# nlength
81
# len_bins
 10 11 12 13 14 15 16 17 18 19 20 21 22 23 24 25 26 27 28 29 30 31 32 33 34 35 36 37 38 39 40 41 42 43 44 45 46 47 48 49 50 51 52 53 54 55 56 57 58 59 60 61 62 63 64 65 66 67 68 69 70 71 72 73 74 75 76 77 78 79 80 81 82 83 84 85 86 87 88 89 90
# datafile_name
amak_data.dat
# model_name
AMAK_MCP
# styr
1
# endyr
30
# rec_age
1
# oldest_age
12
# nfsh
1
# fshname
FLEET1
# catch_bio_in
 161.041 463.135 761.261 994.014 783.383 1356.08 1281.29 2410.66 1249.02 1395.77 1467.73 1436.9 984.877 1349.91 1365.72 1172.44 2119.47 1571.05 1503.49 1453.5 1886.11 1242.5 1867.17 1384.26 1320.74 1168.24 1139.46 1498.93 1074.42 1524.89
# catch_bio_sd_in
 0.01 0.01 0.01 0.01 0.01 0.01 0.01 0.01 0.01 0.01 0.01 0.01 0.01 0.01 0.01 0.01 0.01 0.01 0.01 0.01 0.01 0.01 0.01 0.01 0.01 0.01 0.01 0.01 0.01 0.01
# nyrs_fsh_age
 30
# nyrs_fsh_length
 0
# yrs_fsh_age_in
 1 2 3 4 5 6 7 8 9 10 11 12 13 14 15 16 17 18 19 20 21 22 23 24 25 26 27 28 29 30
# yrs_fsh_length_in

# n_sample_fsh_length_in

# olc_fsh_in

# nind
1
# indname
SURVEY1
# nyrs_ind
 30
# yrs_ind_in
 1 2 3 4 5 6 7 8 9 10 11 12 13 14 15 16 17 18 19 20 21 22 23 24 25 26 27 28 29 30
# mo_ind
 1
# obs_ind_in
 1.39677 1.41393 1.66066 1.50491 1.63361 1.55733 1.3081 1.3307 1.13926 0.912738 1.06461 0.897593 1.0587 0.819617 1.04622 0.893952 0.997474 1.02639 0.880047 0.992899 0.712693 0.666959 0.822935 0.578062 0.767738 0.667733 0.623506 0.717132 0.65537 0.592264
# obs_se_ind_in
 0.279354 0.282786 0.332133 0.300982 0.326722 0.311466 0.261619 0.26614 0.227851 0.182548 0.212922 0.179519 0.211741 0.163923 0.209245 0.17879 0.199495 0.205278 0.176009 0.19858 0.142539 0.133392 0.164587 0.115612 0.153548 0.133547 0.124701 0.143426 0.131074 0.118453
# nyrs_ind_age
 30
# nyrs_ind_length
 0
# yrs_ind_age_in
 1 2 3 4 5 6 7 8 9 10 11 12 13 14 15 16 17 18 19 20 21 22 23 24 25 26 27 28 29 30
# yrs_ind_length_in

# yrs_ind_age_in
 1 2 3 4 5 6 7 8 9 10 11 12 13 14 15 16 17 18 19 20 21 22 23 24 25 26 27 28 29 30
# n_sample_ind_length_in

# olc_ind_in

# oac_ind_in
 0.055 0.13 0.135 0.15 0.085 0.045 0.08 0.055 0.05 0.03 0.03 0.155
 0.03 0.105 0.16 0.135 0.09 0.11 0.08 0.065 0.045 0.055 0.035 0.09
 0.05 0.155 0.185 0.095 0.085 0.1 0.03 0.06 0.025 0.045 0.02 0.15
 0.085 0.125 0.18 0.125 0.07 0.095 0.045 0.045 0.01 0.045 0.01 0.165
 0.04 0.19 0.165 0.12 0.085 0.06 0.075 0.065 0.04 0.04 0.04 0.08
 0.02 0.09 0.2 0.125 0.11 0.115 0.1 0.03 0.045 0.02 0.025 0.12
 0.06 0.125 0.12 0.17 0.115 0.115 0.06 0.04 0.025 0.045 0.015 0.11
 0.07 0.14 0.16 0.105 0.125 0.085 0.095 0.035 0.05 0.025 0.02 0.09
 0.11 0.135 0.125 0.125 0.06 0.08 0.075 0.065 0.06 0.025 0.025 0.115
 0.115 0.175 0.18 0.085 0.095 0.045 0.04 0.07 0.045 0.045 0.03 0.075
 0.05 0.17 0.18 0.12 0.1 0.095 0.045 0.05 0.035 0.05 0.01 0.095
 0.06 0.155 0.205 0.155 0.07 0.08 0.075 0.05 0.045 0.015 0.03 0.06
 0.1 0.18 0.14 0.18 0.12 0.045 0.055 0.025 0.025 0.025 0.015 0.09
 0.08 0.195 0.19 0.105 0.11 0.1 0.045 0.02 0.03 0.02 0.03 0.075
 0.06 0.195 0.24 0.1 0.14 0.065 0.035 0.04 0.015 0.025 0.03 0.055
 0.095 0.22 0.14 0.18 0.055 0.09 0.045 0.035 0.04 0.035 0.035 0.03
 0.11 0.27 0.155 0.13 0.09 0.045 0.055 0.03 0.05 0.01 0.01 0.045
 0.1 0.215 0.22 0.13 0.09 0.08 0.04 0.025 0.045 0.02 0.02 0.015
 0.135 0.26 0.24 0.135 0.085 0.04 0.02 0.01 0.01 0.03 0.01 0.025
 0.09 0.225 0.26 0.14 0.1 0.08 0.02 0.02 0.015 0.025 0.005 0.02
 0.115 0.19 0.215 0.225 0.1 0.05 0.03 0.01 0 0.01 0.01 0.045
 0.09 0.245 0.19 0.13 0.12 0.09 0.055 0.02 0.005 0.02 0.015 0.02
 0.175 0.21 0.185 0.135 0.1 0.095 0.03 0.025 0.025 0 0.005 0.015
 0.075 0.36 0.215 0.1 0.085 0.03 0.065 0.015 0.015 0.02 0.005 0.015
 0.105 0.195 0.32 0.115 0.055 0.065 0.05 0.05 0.02 0 0 0.025
 0.085 0.29 0.19 0.21 0.065 0.04 0.04 0.02 0.03 0.005 0 0.025
 0.095 0.205 0.265 0.11 0.165 0.04 0.035 0.025 0.01 0.025 0.01 0.015
 0.13 0.325 0.12 0.205 0.07 0.08 0.035 0.005 0.005 0.01 0.01 0.005
 0.065 0.215 0.345 0.12 0.14 0.05 0.045 0.005 0.01 0 0 0.005
 0.12 0.215 0.16 0.21 0.1 0.105 0.03 0.04 0.005 0 0 0.015
# wt_ind
 1 1 1 1 1 1 1 1 1 1 1 1
 1 1 1 1 1 1 1 1 1 1 1 1
 1 1 1 1 1 1 1 1 1 1 1 1
 1 1 1 1 1 1 1 1 1 1 1 1
 1 1 1 1 1 1 1 1 1 1 1 1
 1 1 1 1 1 1 1 1 1 1 1 1
 1 1 1 1 1 1 1 1 1 1 1 1
 1 1 1 1 1 1 1 1 1 1 1 1
 1 1 1 1 1 1 1 1 1 1 1 1
 1 1 1 1 1 1 1 1 1 1 1 1
 1 1 1 1 1 1 1 1 1 1 1 1
 1 1 1 1 1 1 1 1 1 1 1 1
 1 1 1 1 1 1 1 1 1 1 1 1
 1 1 1 1 1 1 1 1 1 1 1 1
 1 1 1 1 1 1 1 1 1 1 1 1
 1 1 1 1 1 1 1 1 1 1 1 1
 1 1 1 1 1 1 1 1 1 1 1 1
 1 1 1 1 1 1 1 1 1 1 1 1
 1 1 1 1 1 1 1 1 1 1 1 1
 1 1 1 1 1 1 1 1 1 1 1 1
 1 1 1 1 1 1 1 1 1 1 1 1
 1 1 1 1 1 1 1 1 1 1 1 1
 1 1 1 1 1 1 1 1 1 1 1 1
 1 1 1 1 1 1 1 1 1 1 1 1
 1 1 1 1 1 1 1 1 1 1 1 1
 1 1 1 1 1 1 1 1 1 1 1 1
 1 1 1 1 1 1 1 1 1 1 1 1
 1 1 1 1 1 1 1 1 1 1 1 1
 1 1 1 1 1 1 1 1 1 1 1 1
 1 1 1 1 1 1 1 1 1 1 1 1
# wt_pop
 0.000530656 0.00119633 0.00205827 0.00303499 0.00405521 0.0050647 0.00602623 0.00691692 0.00772489 0.00844611 0.00908185 0.0096367
# maturity
 0.0229774 0.320821 0.904651 0.99478 0.999739 0.999987 0.999999 1 1 1 1 1
# spawnmo
1
# age_err
 1 0 0 0 0 0 0 0 0 0 0 0
 0 1 0 0 0 0 0 0 0 0 0 0
 0 0 1 0 0 0 0 0 0 0 0 0
 0 0 0 1 0 0 0 0 0 0 0 0
 0 0 0 0 1 0 0 0 0 0 0 0
 0 0 0 0 0 1 0 0 0 0 0 0
 0 0 0 0 0 0 1 0 0 0 0 0
 0 0 0 0 0 0 0 1 0 0 0 0
 0 0 0 0 0 0 0 0 1 0 0 0
 0 0 0 0 0 0 0 0 0 1 0 0
 0 0 0 0 0 0 0 0 0 0 1 0
 0 0 0 0 0 0 0 0 0 0 0 1
# cntrlfile_name
C:\Users\bai.li\DOCUME~1\Github\AGE_ST~1\ASSAMC\example\output\AMAK\s84\amak.dat
# Map shared selectivity: 
# sel_map
 1 2
 1 1
# datafile_name
amak_data.dat
# model_name
AMAK_MCP
# SrType
2
# use_age_err
0
# retro
0
# sigmarprior
0.2
# cvsigmarprior
0.25
# phase_sigmar
-3
# styr_rec_est
1
# endyr_rec_est
30
# Linfprior
80
# cvLinfprior
0.25
# kprior
0.18
# cvkprior
0.25
# Loprior
27.688
# cvLoprior
0.25
# sdageprior
0.1
# cvsdageprior
0.25
# natmortprior
0.2
# cvnatmortprior
0.25
# phase_M
-4
# npars_Mage
0
# ages_M_changes

# Mage_in

# Mage_offset_in

# phase_Mage
-5
# phase_rw_M
0
# npars_rw_M
0
# yrs_rw_M

# sigma_rw_M

# qprior
 3.48998e-007
# cvqprior
 1
# phase_q
 1
# q_power_prior
 1
# cvq_power_prior
 0.2
# phase_q_power
 -4
# phase_rw_q
 -1
# npars_rw_q
 0
# yrs_rw_q

# sigma_rw_q

# q_age_min
 1
# q_age_max
 12
# q_age_min
 1
# q_age_max
 12
# fsh_sel_opt(k)
2
# phase_sel_fsh(k)
2
# n_sel_ch_fsh(k)
1
# sel_slp_in_fsh(k)(1,n_sel_ch_fsh(k))
 1
# sel_inf_in_fsh(k)(1,n_sel_ch_fsh(k))
 2
# logsel_slp_in_fsh(k)(1,n_sel_ch_fsh(k))
 0
# yrs_sel_ch_fsh(k)(1,n_sel_ch_fsh(k))
 1

Survey SURVEY1
# ind_sel_opt(k)
2
# indname(k)
SURVEY1
# nselages_in_ind(k)
11
# phase_sel_ind(k)
2
# sel_change_in_ind(k)
 1 0 0 0 0 0 0 0 0 0 0 0 0 0 0 0 0 0 0 0 0 0 0 0 0 0 0 0 0 0
# n_sel_ch_ind(k)
1
# yrs_sel_ch_ind(k)(1,n_sel_ch_ind(k))
 1
# sel_slp_in_ind(k,1)
2
# sel_inf_in_ind(k,1)
1.5
# logsel_slp_in_ind(k,1)
0.693147
# logsel_slp_in_indv(k)
0.693147
SURVEY1 ind sel opt 2  1 0 0 0 0 0 0 0 0 0 0 0 0 0 0 0 0 0 0 0 0 0 0 0 0 0 0 0 0 0
Phase indices Sel_Coffs:  -1
 Test: 1.23457e+008
# Fshry Selages:  11
# Srvy  Selages:  11
# Phase for age-spec fishery  -1
# Phase for logistic fishery  2
# Phase for dble logistic fishery  -1
# Phase for age-spec indices   -1
# Phase for logistic indices   2
# Phase for dble logistic ind  -1
# Curv_pen_fsh: 
 0
# Curv_pen_ind: 
 0
# styr_fut
31
# endyr_fut
35
# nyrs_fsh_age
 30
# nyrs_fsh_age
 30
# yrs_fsh_age
 1 2 3 4 5 6 7 8 9 10 11 12 13 14 15 16 17 18 19 20 21 22 23 24 25 26 27 28 29 30
# n_sample_fsh_age
 200 200 200 200 200 200 200 200 200 200 200 200 200 200 200 200 200 200 200 200 200 200 200 200 200 200 200 200 200 200
# oac_fsh
 0.085 0.14 0.125 0.06 0.095 0.065 0.055 0.065 0.055 0.01 0.065 0.18
 0.13 0.155 0.12 0.075 0.09 0.05 0.05 0.065 0.045 0.055 0.045 0.12
 0.07 0.15 0.1 0.12 0.065 0.115 0.08 0.08 0.045 0.035 0.015 0.125
 0.065 0.145 0.155 0.11 0.08 0.065 0.055 0.035 0.055 0.04 0.02 0.175
 0.065 0.145 0.115 0.145 0.075 0.055 0.085 0.075 0.035 0.055 0.045 0.105
 0.095 0.095 0.195 0.105 0.16 0.05 0.045 0.04 0.06 0.02 0.025 0.11
 0.05 0.14 0.12 0.175 0.07 0.125 0.08 0.025 0.025 0.065 0.03 0.095
 0.045 0.11 0.125 0.1 0.07 0.085 0.145 0.095 0.04 0.04 0.025 0.12
 0.115 0.07 0.12 0.09 0.08 0.12 0.07 0.115 0.025 0.03 0.03 0.135
 0.08 0.105 0.135 0.125 0.105 0.055 0.095 0.065 0.04 0.035 0.035 0.125
 0.07 0.16 0.165 0.115 0.085 0.06 0.07 0.04 0.06 0.055 0.02 0.1
 0.085 0.11 0.17 0.15 0.105 0.09 0.075 0.04 0.03 0.04 0.01 0.095
 0.14 0.14 0.13 0.16 0.095 0.085 0.085 0.03 0.005 0.03 0.03 0.07
 0.055 0.165 0.145 0.14 0.13 0.09 0.055 0.035 0.03 0.03 0.015 0.11
 0.125 0.16 0.175 0.16 0.065 0.08 0.07 0.04 0.03 0.015 0.02 0.06
 0.205 0.2 0.135 0.125 0.085 0.075 0.04 0.04 0.02 0.03 0.01 0.035
 0.12 0.17 0.13 0.16 0.11 0.08 0.065 0.035 0.015 0.015 0.02 0.08
 0.16 0.155 0.17 0.1 0.165 0.085 0.045 0.05 0.03 0.02 0 0.02
 0.125 0.21 0.23 0.125 0.12 0.045 0.05 0.01 0.03 0.025 0.005 0.025
 0.085 0.155 0.265 0.15 0.11 0.09 0.04 0.03 0.015 0.005 0.03 0.025
 0.14 0.12 0.165 0.22 0.085 0.11 0.03 0.06 0.02 0.005 0.005 0.04
 0.11 0.22 0.13 0.195 0.145 0.055 0.07 0.035 0.015 0.015 0 0.01
 0.24 0.17 0.155 0.115 0.09 0.085 0.075 0.01 0.02 0.005 0 0.035
 0.07 0.28 0.245 0.115 0.085 0.07 0.07 0.04 0.01 0.005 0 0.01
 0.095 0.205 0.295 0.14 0.08 0.06 0.06 0.035 0.01 0.01 0 0.01
 0.115 0.21 0.125 0.245 0.11 0.045 0.035 0.045 0.02 0.01 0.01 0.03
 0.17 0.165 0.24 0.135 0.16 0.055 0.02 0.02 0.015 0.005 0.005 0.01
 0.17 0.255 0.135 0.155 0.075 0.105 0.045 0.02 0.005 0.005 0.02 0.01
 0.09 0.255 0.26 0.125 0.13 0.055 0.05 0.015 0 0.01 0 0.01
 0.145 0.19 0.21 0.15 0.085 0.1 0.06 0.045 0.005 0 0 0.01
# olc_fsh

# wt_fsh
 0.000530656 0.00119633 0.00205827 0.00303499 0.00405521 0.0050647 0.00602623 0.00691692 0.00772489 0.00844611 0.00908185 0.0096367
 0.000530656 0.00119633 0.00205827 0.00303499 0.00405521 0.0050647 0.00602623 0.00691692 0.00772489 0.00844611 0.00908185 0.0096367
 0.000530656 0.00119633 0.00205827 0.00303499 0.00405521 0.0050647 0.00602623 0.00691692 0.00772489 0.00844611 0.00908185 0.0096367
 0.000530656 0.00119633 0.00205827 0.00303499 0.00405521 0.0050647 0.00602623 0.00691692 0.00772489 0.00844611 0.00908185 0.0096367
 0.000530656 0.00119633 0.00205827 0.00303499 0.00405521 0.0050647 0.00602623 0.00691692 0.00772489 0.00844611 0.00908185 0.0096367
 0.000530656 0.00119633 0.00205827 0.00303499 0.00405521 0.0050647 0.00602623 0.00691692 0.00772489 0.00844611 0.00908185 0.0096367
 0.000530656 0.00119633 0.00205827 0.00303499 0.00405521 0.0050647 0.00602623 0.00691692 0.00772489 0.00844611 0.00908185 0.0096367
 0.000530656 0.00119633 0.00205827 0.00303499 0.00405521 0.0050647 0.00602623 0.00691692 0.00772489 0.00844611 0.00908185 0.0096367
 0.000530656 0.00119633 0.00205827 0.00303499 0.00405521 0.0050647 0.00602623 0.00691692 0.00772489 0.00844611 0.00908185 0.0096367
 0.000530656 0.00119633 0.00205827 0.00303499 0.00405521 0.0050647 0.00602623 0.00691692 0.00772489 0.00844611 0.00908185 0.0096367
 0.000530656 0.00119633 0.00205827 0.00303499 0.00405521 0.0050647 0.00602623 0.00691692 0.00772489 0.00844611 0.00908185 0.0096367
 0.000530656 0.00119633 0.00205827 0.00303499 0.00405521 0.0050647 0.00602623 0.00691692 0.00772489 0.00844611 0.00908185 0.0096367
 0.000530656 0.00119633 0.00205827 0.00303499 0.00405521 0.0050647 0.00602623 0.00691692 0.00772489 0.00844611 0.00908185 0.0096367
 0.000530656 0.00119633 0.00205827 0.00303499 0.00405521 0.0050647 0.00602623 0.00691692 0.00772489 0.00844611 0.00908185 0.0096367
 0.000530656 0.00119633 0.00205827 0.00303499 0.00405521 0.0050647 0.00602623 0.00691692 0.00772489 0.00844611 0.00908185 0.0096367
 0.000530656 0.00119633 0.00205827 0.00303499 0.00405521 0.0050647 0.00602623 0.00691692 0.00772489 0.00844611 0.00908185 0.0096367
 0.000530656 0.00119633 0.00205827 0.00303499 0.00405521 0.0050647 0.00602623 0.00691692 0.00772489 0.00844611 0.00908185 0.0096367
 0.000530656 0.00119633 0.00205827 0.00303499 0.00405521 0.0050647 0.00602623 0.00691692 0.00772489 0.00844611 0.00908185 0.0096367
 0.000530656 0.00119633 0.00205827 0.00303499 0.00405521 0.0050647 0.00602623 0.00691692 0.00772489 0.00844611 0.00908185 0.0096367
 0.000530656 0.00119633 0.00205827 0.00303499 0.00405521 0.0050647 0.00602623 0.00691692 0.00772489 0.00844611 0.00908185 0.0096367
 0.000530656 0.00119633 0.00205827 0.00303499 0.00405521 0.0050647 0.00602623 0.00691692 0.00772489 0.00844611 0.00908185 0.0096367
 0.000530656 0.00119633 0.00205827 0.00303499 0.00405521 0.0050647 0.00602623 0.00691692 0.00772489 0.00844611 0.00908185 0.0096367
 0.000530656 0.00119633 0.00205827 0.00303499 0.00405521 0.0050647 0.00602623 0.00691692 0.00772489 0.00844611 0.00908185 0.0096367
 0.000530656 0.00119633 0.00205827 0.00303499 0.00405521 0.0050647 0.00602623 0.00691692 0.00772489 0.00844611 0.00908185 0.0096367
 0.000530656 0.00119633 0.00205827 0.00303499 0.00405521 0.0050647 0.00602623 0.00691692 0.00772489 0.00844611 0.00908185 0.0096367
 0.000530656 0.00119633 0.00205827 0.00303499 0.00405521 0.0050647 0.00602623 0.00691692 0.00772489 0.00844611 0.00908185 0.0096367
 0.000530656 0.00119633 0.00205827 0.00303499 0.00405521 0.0050647 0.00602623 0.00691692 0.00772489 0.00844611 0.00908185 0.0096367
 0.000530656 0.00119633 0.00205827 0.00303499 0.00405521 0.0050647 0.00602623 0.00691692 0.00772489 0.00844611 0.00908185 0.0096367
 0.000530656 0.00119633 0.00205827 0.00303499 0.00405521 0.0050647 0.00602623 0.00691692 0.00772489 0.00844611 0.00908185 0.0096367
 0.000530656 0.00119633 0.00205827 0.00303499 0.00405521 0.0050647 0.00602623 0.00691692 0.00772489 0.00844611 0.00908185 0.0096367
# nyrs_ind_age
 30
# yrs_ind_age
 1 2 3 4 5 6 7 8 9 10 11 12 13 14 15 16 17 18 19 20 21 22 23 24 25 26 27 28 29 30
# n_sample_ind_age
 200 200 200 200 200 200 200 200 200 200 200 200 200 200 200 200 200 200 200 200 200 200 200 200 200 200 200 200 200 200
# oac_ind
 0.055 0.13 0.135 0.15 0.085 0.045 0.08 0.055 0.05 0.03 0.03 0.155
 0.03 0.105 0.16 0.135 0.09 0.11 0.08 0.065 0.045 0.055 0.035 0.09
 0.05 0.155 0.185 0.095 0.085 0.1 0.03 0.06 0.025 0.045 0.02 0.15
 0.085 0.125 0.18 0.125 0.07 0.095 0.045 0.045 0.01 0.045 0.01 0.165
 0.04 0.19 0.165 0.12 0.085 0.06 0.075 0.065 0.04 0.04 0.04 0.08
 0.02 0.09 0.2 0.125 0.11 0.115 0.1 0.03 0.045 0.02 0.025 0.12
 0.06 0.125 0.12 0.17 0.115 0.115 0.06 0.04 0.025 0.045 0.015 0.11
 0.07 0.14 0.16 0.105 0.125 0.085 0.095 0.035 0.05 0.025 0.02 0.09
 0.11 0.135 0.125 0.125 0.06 0.08 0.075 0.065 0.06 0.025 0.025 0.115
 0.115 0.175 0.18 0.085 0.095 0.045 0.04 0.07 0.045 0.045 0.03 0.075
 0.05 0.17 0.18 0.12 0.1 0.095 0.045 0.05 0.035 0.05 0.01 0.095
 0.06 0.155 0.205 0.155 0.07 0.08 0.075 0.05 0.045 0.015 0.03 0.06
 0.1 0.18 0.14 0.18 0.12 0.045 0.055 0.025 0.025 0.025 0.015 0.09
 0.08 0.195 0.19 0.105 0.11 0.1 0.045 0.02 0.03 0.02 0.03 0.075
 0.06 0.195 0.24 0.1 0.14 0.065 0.035 0.04 0.015 0.025 0.03 0.055
 0.095 0.22 0.14 0.18 0.055 0.09 0.045 0.035 0.04 0.035 0.035 0.03
 0.11 0.27 0.155 0.13 0.09 0.045 0.055 0.03 0.05 0.01 0.01 0.045
 0.1 0.215 0.22 0.13 0.09 0.08 0.04 0.025 0.045 0.02 0.02 0.015
 0.135 0.26 0.24 0.135 0.085 0.04 0.02 0.01 0.01 0.03 0.01 0.025
 0.09 0.225 0.26 0.14 0.1 0.08 0.02 0.02 0.015 0.025 0.005 0.02
 0.115 0.19 0.215 0.225 0.1 0.05 0.03 0.01 0 0.01 0.01 0.045
 0.09 0.245 0.19 0.13 0.12 0.09 0.055 0.02 0.005 0.02 0.015 0.02
 0.175 0.21 0.185 0.135 0.1 0.095 0.03 0.025 0.025 0 0.005 0.015
 0.075 0.36 0.215 0.1 0.085 0.03 0.065 0.015 0.015 0.02 0.005 0.015
 0.105 0.195 0.32 0.115 0.055 0.065 0.05 0.05 0.02 0 0 0.025
 0.085 0.29 0.19 0.21 0.065 0.04 0.04 0.02 0.03 0.005 0 0.025
 0.095 0.205 0.265 0.11 0.165 0.04 0.035 0.025 0.01 0.025 0.01 0.015
 0.13 0.325 0.12 0.205 0.07 0.08 0.035 0.005 0.005 0.01 0.01 0.005
 0.065 0.215 0.345 0.12 0.14 0.05 0.045 0.005 0.01 0 0 0.005
 0.12 0.215 0.16 0.21 0.1 0.105 0.03 0.04 0.005 0 0 0.015
# olc_ind

# obs_lse_ind
 0.198042 0.198042 0.198042 0.198042 0.198042 0.198042 0.198042 0.198042 0.198042 0.198042 0.198042 0.198042 0.198042 0.198042 0.198042 0.198042 0.198042 0.198042 0.198042 0.198042 0.198042 0.198042 0.198042 0.198042 0.198042 0.198042 0.198042 0.198042 0.198042 0.198042
# xages_fsh
 0 0 0 0 0 0 0 0 0 0 0 0
# xages_fsh
 0 0.0909091 0.181818 0.272727 0.363636 0.454545 0.545455 0.636364 0.727273 0.818182 0.909091 1
# xnodes_fsh

Yrs fsh_sel change:  1 0 0 0 0 0 0 0 0 0 0 0 0 0 0 0 0 0 0 0 0 0 0 0 0 0 0 0 0
Yrs ind_sel change:  1 0 0 0 0 0 0 0 0 0 0 0 0 0 0 0 0 0 0 0 0 0 0 0 0 0 0 0 0
# steepnessprior
0.75
# sigmarprior
0.2
#  SSB estimated in styr endyr: -13 28 
#  Rec estimated in styr endyr: -11 30 
#  SR Curve fit  in styr endyr: 1 30 
#             Model styr endyr: 1 30 
# qprior
 3.48998e-007
# q_power_prior 
 1 
# cv_catchbiomass 
0.05 
# CatchbiomassPen 
200 
# Number of projection years 
5 
# offset_fsh
 13373.2
# offset_ind
 13079.4
Mean Catch
1312.92
R_guess 
15.4401
# nfsh
1
# n_sel_ch_fsh
 1
# nselages_fsh
 11
# phase_selcoff_fsh
 -1
logRzero 15.4401
logmeanrec 15.4401
exp(log_sigmarprior 0.2
Fish sel phase: -1 FLEET1
Fixing fishery sel to
1
Srvy sel phase: -1
Fixing SURVEY1 indices sel to
1
# logsel_slp_in_indv
 0.693147
Leaving parameter init secton
# M
 0.2 0.2 0.2 0.2 0.2 0.2 0.2 0.2 0.2 0.2 0.2 0.2
 0.2 0.2 0.2 0.2 0.2 0.2 0.2 0.2 0.2 0.2 0.2 0.2
 0.2 0.2 0.2 0.2 0.2 0.2 0.2 0.2 0.2 0.2 0.2 0.2
 0.2 0.2 0.2 0.2 0.2 0.2 0.2 0.2 0.2 0.2 0.2 0.2
 0.2 0.2 0.2 0.2 0.2 0.2 0.2 0.2 0.2 0.2 0.2 0.2
 0.2 0.2 0.2 0.2 0.2 0.2 0.2 0.2 0.2 0.2 0.2 0.2
 0.2 0.2 0.2 0.2 0.2 0.2 0.2 0.2 0.2 0.2 0.2 0.2
 0.2 0.2 0.2 0.2 0.2 0.2 0.2 0.2 0.2 0.2 0.2 0.2
 0.2 0.2 0.2 0.2 0.2 0.2 0.2 0.2 0.2 0.2 0.2 0.2
 0.2 0.2 0.2 0.2 0.2 0.2 0.2 0.2 0.2 0.2 0.2 0.2
 0.2 0.2 0.2 0.2 0.2 0.2 0.2 0.2 0.2 0.2 0.2 0.2
 0.2 0.2 0.2 0.2 0.2 0.2 0.2 0.2 0.2 0.2 0.2 0.2
 0.2 0.2 0.2 0.2 0.2 0.2 0.2 0.2 0.2 0.2 0.2 0.2
 0.2 0.2 0.2 0.2 0.2 0.2 0.2 0.2 0.2 0.2 0.2 0.2
 0.2 0.2 0.2 0.2 0.2 0.2 0.2 0.2 0.2 0.2 0.2 0.2
 0.2 0.2 0.2 0.2 0.2 0.2 0.2 0.2 0.2 0.2 0.2 0.2
 0.2 0.2 0.2 0.2 0.2 0.2 0.2 0.2 0.2 0.2 0.2 0.2
 0.2 0.2 0.2 0.2 0.2 0.2 0.2 0.2 0.2 0.2 0.2 0.2
 0.2 0.2 0.2 0.2 0.2 0.2 0.2 0.2 0.2 0.2 0.2 0.2
 0.2 0.2 0.2 0.2 0.2 0.2 0.2 0.2 0.2 0.2 0.2 0.2
 0.2 0.2 0.2 0.2 0.2 0.2 0.2 0.2 0.2 0.2 0.2 0.2
 0.2 0.2 0.2 0.2 0.2 0.2 0.2 0.2 0.2 0.2 0.2 0.2
 0.2 0.2 0.2 0.2 0.2 0.2 0.2 0.2 0.2 0.2 0.2 0.2
 0.2 0.2 0.2 0.2 0.2 0.2 0.2 0.2 0.2 0.2 0.2 0.2
 0.2 0.2 0.2 0.2 0.2 0.2 0.2 0.2 0.2 0.2 0.2 0.2
 0.2 0.2 0.2 0.2 0.2 0.2 0.2 0.2 0.2 0.2 0.2 0.2
 0.2 0.2 0.2 0.2 0.2 0.2 0.2 0.2 0.2 0.2 0.2 0.2
 0.2 0.2 0.2 0.2 0.2 0.2 0.2 0.2 0.2 0.2 0.2 0.2
 0.2 0.2 0.2 0.2 0.2 0.2 0.2 0.2 0.2 0.2 0.2 0.2
 0.2 0.2 0.2 0.2 0.2 0.2 0.2 0.2 0.2 0.2 0.2 0.2
# mean_log_rec
13.7835
# log_Rzero
13.8539
# rec_dev
 -0.023441 -0.0284933 0.0908278 -0.0654314 0.0658296 -0.0621525 0.0628085 -0.038831 -0.119985 0.0828212 -0.0504205 -0.00333809 0.0869878 0.350249 0.105908 0.232294 -0.188991 -0.0350736 -0.122028 -0.176144 0.0159096 0.0493973 -0.169456 -0.198253 0.0237191 -0.111961 -0.0186571 0.13963 0.111079 0.327463 0.0306624 -0.194661 -0.152143 -0.118896 0.371179 -0.286458 0.046841 -0.354048 0.0873922 -0.155795 -0.402854 -0.216339
# fmort
 0.00897222 0.026187 0.0440673 0.0592541 0.0480056 0.086533 0.0870929 0.18263 0.106205 0.128119 0.146032 0.154956 0.112277 0.161427 0.17395 0.15606 0.305516 0.248571 0.246653 0.24441 0.341423 0.245149 0.402207 0.327591 0.322041 0.290329 0.284883 0.392631 0.296397 0.454994
# rec_dev_future
 0 0 0 0 0
