AMAK;Mar 2020
# styr
1
# endyr
30
# rec_age
1
# oldest_age
12
# nlength
81
# len_bins
 10 11 12 13 14 15 16 17 18 19 20 21 22 23 24 25 26 27 28 29 30 31 32 33 34 35 36 37 38 39 40 41 42 43 44 45 46 47 48 49 50 51 52 53 54 55 56 57 58 59 60 61 62 63 64 65 66 67 68 69 70 71 72 73 74 75 76 77 78 79 80 81 82 83 84 85 86 87 88 89 90
# datafile_name
amak_data.dat
# model_name
AMAK_MCP
# styr
1
# endyr
30
# rec_age
1
# oldest_age
12
# nfsh
1
# fshname
FLEET1
# catch_bio_in
 161.709 460.669 739.469 971.599 755.4 1281.75 1226.5 2365.77 1261.07 1470.5 1545.61 1533.48 1066.75 1522.25 1549.98 1372.32 2496.23 1852.86 1699.93 1559.9 1927.16 1263.29 1887.45 1362.13 1264.79 1117.02 1062.24 1380.15 1001.25 1406.23
# catch_bio_sd_in
 0.01 0.01 0.01 0.01 0.01 0.01 0.01 0.01 0.01 0.01 0.01 0.01 0.01 0.01 0.01 0.01 0.01 0.01 0.01 0.01 0.01 0.01 0.01 0.01 0.01 0.01 0.01 0.01 0.01 0.01
# nyrs_fsh_age
 30
# nyrs_fsh_length
 0
# yrs_fsh_age_in
 1 2 3 4 5 6 7 8 9 10 11 12 13 14 15 16 17 18 19 20 21 22 23 24 25 26 27 28 29 30
# yrs_fsh_length_in

# n_sample_fsh_length_in

# olc_fsh_in

# nind
1
# indname
SURVEY1
# nyrs_ind
 30
# yrs_ind_in
 1 2 3 4 5 6 7 8 9 10 11 12 13 14 15 16 17 18 19 20 21 22 23 24 25 26 27 28 29 30
# mo_ind
 1
# obs_ind_in
 1.4665 1.46806 1.36901 1.49957 1.53934 1.4739 0.980367 1.34484 1.23252 0.976861 0.975871 0.957966 1.11602 1.19272 0.873918 0.88295 1.17876 1.02319 0.979579 0.797219 0.811257 0.760736 0.630644 0.677665 0.699942 0.492301 0.563678 0.564587 0.455243 0.520141
# obs_se_ind_in
 0.2933 0.293613 0.273801 0.299914 0.307868 0.294779 0.196073 0.268967 0.246504 0.195372 0.195174 0.191593 0.223205 0.238543 0.174784 0.17659 0.235751 0.204638 0.195916 0.159444 0.162251 0.152147 0.126129 0.135533 0.139988 0.0984602 0.112736 0.112917 0.0910487 0.104028
# nyrs_ind_age
 30
# nyrs_ind_length
 0
# yrs_ind_age_in
 1 2 3 4 5 6 7 8 9 10 11 12 13 14 15 16 17 18 19 20 21 22 23 24 25 26 27 28 29 30
# yrs_ind_length_in

# yrs_ind_age_in
 1 2 3 4 5 6 7 8 9 10 11 12 13 14 15 16 17 18 19 20 21 22 23 24 25 26 27 28 29 30
# n_sample_ind_length_in

# olc_ind_in

# oac_ind_in
 0.075 0.12 0.16 0.1 0.135 0.095 0.045 0.06 0.025 0.035 0.03 0.12
 0.04 0.135 0.145 0.13 0.09 0.1 0.05 0.075 0.04 0.04 0.045 0.11
 0.065 0.13 0.13 0.125 0.13 0.095 0.055 0.07 0.045 0.035 0.03 0.09
 0.07 0.135 0.13 0.105 0.135 0.09 0.065 0.085 0.015 0.03 0.025 0.115
 0.06 0.15 0.22 0.095 0.085 0.085 0.05 0.055 0.04 0.02 0.03 0.11
 0.035 0.15 0.135 0.135 0.105 0.075 0.06 0.055 0.055 0.03 0.045 0.12
 0.135 0.09 0.13 0.18 0.09 0.075 0.055 0.025 0.05 0.03 0.04 0.1
 0.08 0.23 0.11 0.12 0.1 0.09 0.05 0.035 0.03 0.025 0.03 0.1
 0.085 0.145 0.185 0.075 0.13 0.07 0.065 0.02 0.02 0.03 0.045 0.13
 0.06 0.205 0.17 0.14 0.045 0.08 0.08 0.055 0.035 0.02 0.03 0.08
 0.09 0.12 0.14 0.175 0.14 0.06 0.06 0.08 0.025 0.015 0.015 0.08
 0.09 0.175 0.125 0.165 0.105 0.13 0.04 0.06 0.035 0.03 0.02 0.025
 0.12 0.255 0.17 0.085 0.045 0.075 0.08 0.03 0.025 0.02 0.045 0.05
 0.09 0.225 0.21 0.11 0.065 0.055 0.06 0.06 0.025 0.02 0.005 0.075
 0.045 0.24 0.235 0.135 0.1 0.065 0.04 0.035 0.03 0.01 0.01 0.055
 0.135 0.095 0.22 0.175 0.115 0.07 0.065 0.035 0.04 0.01 0.005 0.035
 0.1 0.24 0.15 0.14 0.14 0.07 0.055 0.025 0.015 0.01 0.015 0.04
 0.045 0.255 0.275 0.065 0.135 0.09 0.06 0.02 0.02 0.01 0.01 0.015
 0.065 0.235 0.225 0.2 0.045 0.08 0.07 0.04 0.01 0.01 0.005 0.015
 0.095 0.175 0.165 0.205 0.16 0.04 0.045 0.035 0.025 0.015 0 0.04
 0.08 0.225 0.175 0.14 0.135 0.085 0.03 0.03 0.025 0.025 0.01 0.04
 0.09 0.14 0.315 0.13 0.065 0.08 0.085 0.01 0.03 0.03 0.01 0.015
 0.11 0.24 0.235 0.155 0.075 0.04 0.055 0.035 0.01 0.03 0 0.015
 0.135 0.27 0.19 0.15 0.1 0.06 0.03 0.005 0.025 0.005 0.01 0.02
 0.115 0.35 0.265 0.085 0.065 0.05 0.01 0.005 0.025 0.01 0.01 0.01
 0.08 0.21 0.345 0.145 0.07 0.025 0.05 0.02 0.015 0.01 0.01 0.02
 0.145 0.255 0.135 0.235 0.11 0.05 0.045 0.01 0.01 0 0 0.005
 0.14 0.22 0.25 0.145 0.1 0.09 0.015 0.005 0.015 0.005 0 0.015
 0.13 0.29 0.2 0.155 0.09 0.055 0.04 0.01 0.015 0.005 0.005 0.005
 0.115 0.2 0.28 0.15 0.08 0.04 0.095 0.015 0.01 0.005 0.005 0.005
# wt_ind
 1 1 1 1 1 1 1 1 1 1 1 1
 1 1 1 1 1 1 1 1 1 1 1 1
 1 1 1 1 1 1 1 1 1 1 1 1
 1 1 1 1 1 1 1 1 1 1 1 1
 1 1 1 1 1 1 1 1 1 1 1 1
 1 1 1 1 1 1 1 1 1 1 1 1
 1 1 1 1 1 1 1 1 1 1 1 1
 1 1 1 1 1 1 1 1 1 1 1 1
 1 1 1 1 1 1 1 1 1 1 1 1
 1 1 1 1 1 1 1 1 1 1 1 1
 1 1 1 1 1 1 1 1 1 1 1 1
 1 1 1 1 1 1 1 1 1 1 1 1
 1 1 1 1 1 1 1 1 1 1 1 1
 1 1 1 1 1 1 1 1 1 1 1 1
 1 1 1 1 1 1 1 1 1 1 1 1
 1 1 1 1 1 1 1 1 1 1 1 1
 1 1 1 1 1 1 1 1 1 1 1 1
 1 1 1 1 1 1 1 1 1 1 1 1
 1 1 1 1 1 1 1 1 1 1 1 1
 1 1 1 1 1 1 1 1 1 1 1 1
 1 1 1 1 1 1 1 1 1 1 1 1
 1 1 1 1 1 1 1 1 1 1 1 1
 1 1 1 1 1 1 1 1 1 1 1 1
 1 1 1 1 1 1 1 1 1 1 1 1
 1 1 1 1 1 1 1 1 1 1 1 1
 1 1 1 1 1 1 1 1 1 1 1 1
 1 1 1 1 1 1 1 1 1 1 1 1
 1 1 1 1 1 1 1 1 1 1 1 1
 1 1 1 1 1 1 1 1 1 1 1 1
 1 1 1 1 1 1 1 1 1 1 1 1
# wt_pop
 0.000530656 0.00119633 0.00205827 0.00303499 0.00405521 0.0050647 0.00602623 0.00691692 0.00772489 0.00844611 0.00908185 0.0096367
# maturity
 0.0229774 0.320821 0.904651 0.99478 0.999739 0.999987 0.999999 1 1 1 1 1
# spawnmo
1
# age_err
 1 0 0 0 0 0 0 0 0 0 0 0
 0 1 0 0 0 0 0 0 0 0 0 0
 0 0 1 0 0 0 0 0 0 0 0 0
 0 0 0 1 0 0 0 0 0 0 0 0
 0 0 0 0 1 0 0 0 0 0 0 0
 0 0 0 0 0 1 0 0 0 0 0 0
 0 0 0 0 0 0 1 0 0 0 0 0
 0 0 0 0 0 0 0 1 0 0 0 0
 0 0 0 0 0 0 0 0 1 0 0 0
 0 0 0 0 0 0 0 0 0 1 0 0
 0 0 0 0 0 0 0 0 0 0 1 0
 0 0 0 0 0 0 0 0 0 0 0 1
# cntrlfile_name
C:\Users\bai.li\DOCUME~1\Github\AGE_ST~1\ASSAMC\example\output\AMAK\s67\amak.dat
# Map shared selectivity: 
# sel_map
 1 2
 1 1
# datafile_name
amak_data.dat
# model_name
AMAK_MCP
# SrType
2
# use_age_err
0
# retro
0
# sigmarprior
0.2
# cvsigmarprior
0.25
# phase_sigmar
-3
# styr_rec_est
1
# endyr_rec_est
30
# Linfprior
80
# cvLinfprior
0.25
# kprior
0.18
# cvkprior
0.25
# Loprior
27.688
# cvLoprior
0.25
# sdageprior
0.1
# cvsdageprior
0.25
# natmortprior
0.2
# cvnatmortprior
0.25
# phase_M
-4
# npars_Mage
0
# ages_M_changes

# Mage_in

# Mage_offset_in

# phase_Mage
-5
# phase_rw_M
0
# npars_rw_M
0
# yrs_rw_M

# sigma_rw_M

# qprior
 3.48998e-007
# cvqprior
 1
# phase_q
 1
# q_power_prior
 1
# cvq_power_prior
 0.2
# phase_q_power
 -4
# phase_rw_q
 -1
# npars_rw_q
 0
# yrs_rw_q

# sigma_rw_q

# q_age_min
 1
# q_age_max
 12
# q_age_min
 1
# q_age_max
 12
# fsh_sel_opt(k)
2
# phase_sel_fsh(k)
2
# n_sel_ch_fsh(k)
1
# sel_slp_in_fsh(k)(1,n_sel_ch_fsh(k))
 1
# sel_inf_in_fsh(k)(1,n_sel_ch_fsh(k))
 2
# logsel_slp_in_fsh(k)(1,n_sel_ch_fsh(k))
 0
# yrs_sel_ch_fsh(k)(1,n_sel_ch_fsh(k))
 1

Survey SURVEY1
# ind_sel_opt(k)
2
# indname(k)
SURVEY1
# nselages_in_ind(k)
11
# phase_sel_ind(k)
2
# sel_change_in_ind(k)
 1 0 0 0 0 0 0 0 0 0 0 0 0 0 0 0 0 0 0 0 0 0 0 0 0 0 0 0 0 0
# n_sel_ch_ind(k)
1
# yrs_sel_ch_ind(k)(1,n_sel_ch_ind(k))
 1
# sel_slp_in_ind(k,1)
2
# sel_inf_in_ind(k,1)
1.5
# logsel_slp_in_ind(k,1)
0.693147
# logsel_slp_in_indv(k)
0.693147
SURVEY1 ind sel opt 2  1 0 0 0 0 0 0 0 0 0 0 0 0 0 0 0 0 0 0 0 0 0 0 0 0 0 0 0 0 0
Phase indices Sel_Coffs:  -1
 Test: 1.23457e+008
# Fshry Selages:  11
# Srvy  Selages:  11
# Phase for age-spec fishery  -1
# Phase for logistic fishery  2
# Phase for dble logistic fishery  -1
# Phase for age-spec indices   -1
# Phase for logistic indices   2
# Phase for dble logistic ind  -1
# Curv_pen_fsh: 
 0
# Curv_pen_ind: 
 0
# styr_fut
31
# endyr_fut
35
# nyrs_fsh_age
 30
# nyrs_fsh_age
 30
# yrs_fsh_age
 1 2 3 4 5 6 7 8 9 10 11 12 13 14 15 16 17 18 19 20 21 22 23 24 25 26 27 28 29 30
# n_sample_fsh_age
 200 200 200 200 200 200 200 200 200 200 200 200 200 200 200 200 200 200 200 200 200 200 200 200 200 200 200 200 200 200
# oac_fsh
 0.105 0.1 0.16 0.09 0.1 0.085 0.055 0.055 0.06 0.02 0.03 0.14
 0.05 0.14 0.09 0.18 0.085 0.055 0.08 0.085 0.045 0.035 0.035 0.12
 0.055 0.105 0.125 0.13 0.09 0.085 0.065 0.06 0.065 0.035 0.03 0.155
 0.06 0.145 0.055 0.13 0.155 0.07 0.105 0.065 0.025 0.03 0.035 0.125
 0.06 0.145 0.175 0.11 0.12 0.085 0.035 0.055 0.035 0.05 0.055 0.075
 0.045 0.095 0.115 0.17 0.105 0.09 0.045 0.065 0.04 0.05 0.025 0.155
 0.11 0.11 0.165 0.14 0.11 0.07 0.04 0.03 0.035 0.03 0.005 0.155
 0.11 0.195 0.08 0.095 0.08 0.075 0.06 0.045 0.045 0.05 0.065 0.1
 0.06 0.13 0.205 0.08 0.09 0.105 0.08 0.04 0.03 0.035 0.03 0.115
 0.055 0.065 0.22 0.205 0.055 0.09 0.075 0.03 0.05 0.035 0.025 0.095
 0.125 0.1 0.16 0.135 0.155 0.06 0.075 0.05 0.04 0.01 0.005 0.085
 0.12 0.15 0.11 0.16 0.185 0.095 0.035 0.025 0.02 0.035 0.005 0.06
 0.11 0.165 0.145 0.095 0.11 0.105 0.095 0.035 0.01 0.035 0.045 0.05
 0.105 0.21 0.205 0.15 0.075 0.05 0.085 0.045 0.025 0.01 0.005 0.035
 0.065 0.17 0.17 0.14 0.14 0.065 0.08 0.045 0.045 0.02 0.015 0.045
 0.15 0.105 0.205 0.2 0.11 0.065 0.035 0.035 0.015 0.03 0.005 0.045
 0.115 0.19 0.11 0.18 0.115 0.125 0.035 0.03 0.03 0.025 0.015 0.03
 0.105 0.205 0.255 0.085 0.135 0.085 0.055 0.02 0.015 0 0 0.04
 0.07 0.135 0.205 0.21 0.05 0.075 0.135 0.04 0.025 0.02 0.005 0.03
 0.095 0.135 0.14 0.18 0.195 0.065 0.05 0.04 0.035 0.02 0.02 0.025
 0.11 0.22 0.18 0.11 0.14 0.065 0.05 0.045 0.04 0.005 0.015 0.02
 0.08 0.16 0.25 0.125 0.095 0.1 0.07 0.02 0.045 0.03 0.01 0.015
 0.12 0.175 0.16 0.235 0.085 0.035 0.065 0.07 0.01 0.015 0.01 0.02
 0.215 0.195 0.155 0.12 0.1 0.06 0.08 0.02 0.025 0 0.005 0.025
 0.085 0.235 0.215 0.155 0.1 0.1 0.03 0.025 0.01 0.02 0 0.025
 0.135 0.15 0.24 0.175 0.1 0.055 0.05 0.025 0.025 0.015 0.01 0.02
 0.145 0.16 0.17 0.185 0.11 0.065 0.05 0.04 0.015 0.02 0.015 0.025
 0.185 0.21 0.185 0.135 0.12 0.035 0.045 0.035 0.015 0.015 0.005 0.015
 0.125 0.28 0.175 0.165 0.085 0.1 0.01 0.025 0.005 0.015 0.005 0.01
 0.175 0.2 0.25 0.165 0.065 0.045 0.065 0.02 0.01 0.005 0 0
# olc_fsh

# wt_fsh
 0.000530656 0.00119633 0.00205827 0.00303499 0.00405521 0.0050647 0.00602623 0.00691692 0.00772489 0.00844611 0.00908185 0.0096367
 0.000530656 0.00119633 0.00205827 0.00303499 0.00405521 0.0050647 0.00602623 0.00691692 0.00772489 0.00844611 0.00908185 0.0096367
 0.000530656 0.00119633 0.00205827 0.00303499 0.00405521 0.0050647 0.00602623 0.00691692 0.00772489 0.00844611 0.00908185 0.0096367
 0.000530656 0.00119633 0.00205827 0.00303499 0.00405521 0.0050647 0.00602623 0.00691692 0.00772489 0.00844611 0.00908185 0.0096367
 0.000530656 0.00119633 0.00205827 0.00303499 0.00405521 0.0050647 0.00602623 0.00691692 0.00772489 0.00844611 0.00908185 0.0096367
 0.000530656 0.00119633 0.00205827 0.00303499 0.00405521 0.0050647 0.00602623 0.00691692 0.00772489 0.00844611 0.00908185 0.0096367
 0.000530656 0.00119633 0.00205827 0.00303499 0.00405521 0.0050647 0.00602623 0.00691692 0.00772489 0.00844611 0.00908185 0.0096367
 0.000530656 0.00119633 0.00205827 0.00303499 0.00405521 0.0050647 0.00602623 0.00691692 0.00772489 0.00844611 0.00908185 0.0096367
 0.000530656 0.00119633 0.00205827 0.00303499 0.00405521 0.0050647 0.00602623 0.00691692 0.00772489 0.00844611 0.00908185 0.0096367
 0.000530656 0.00119633 0.00205827 0.00303499 0.00405521 0.0050647 0.00602623 0.00691692 0.00772489 0.00844611 0.00908185 0.0096367
 0.000530656 0.00119633 0.00205827 0.00303499 0.00405521 0.0050647 0.00602623 0.00691692 0.00772489 0.00844611 0.00908185 0.0096367
 0.000530656 0.00119633 0.00205827 0.00303499 0.00405521 0.0050647 0.00602623 0.00691692 0.00772489 0.00844611 0.00908185 0.0096367
 0.000530656 0.00119633 0.00205827 0.00303499 0.00405521 0.0050647 0.00602623 0.00691692 0.00772489 0.00844611 0.00908185 0.0096367
 0.000530656 0.00119633 0.00205827 0.00303499 0.00405521 0.0050647 0.00602623 0.00691692 0.00772489 0.00844611 0.00908185 0.0096367
 0.000530656 0.00119633 0.00205827 0.00303499 0.00405521 0.0050647 0.00602623 0.00691692 0.00772489 0.00844611 0.00908185 0.0096367
 0.000530656 0.00119633 0.00205827 0.00303499 0.00405521 0.0050647 0.00602623 0.00691692 0.00772489 0.00844611 0.00908185 0.0096367
 0.000530656 0.00119633 0.00205827 0.00303499 0.00405521 0.0050647 0.00602623 0.00691692 0.00772489 0.00844611 0.00908185 0.0096367
 0.000530656 0.00119633 0.00205827 0.00303499 0.00405521 0.0050647 0.00602623 0.00691692 0.00772489 0.00844611 0.00908185 0.0096367
 0.000530656 0.00119633 0.00205827 0.00303499 0.00405521 0.0050647 0.00602623 0.00691692 0.00772489 0.00844611 0.00908185 0.0096367
 0.000530656 0.00119633 0.00205827 0.00303499 0.00405521 0.0050647 0.00602623 0.00691692 0.00772489 0.00844611 0.00908185 0.0096367
 0.000530656 0.00119633 0.00205827 0.00303499 0.00405521 0.0050647 0.00602623 0.00691692 0.00772489 0.00844611 0.00908185 0.0096367
 0.000530656 0.00119633 0.00205827 0.00303499 0.00405521 0.0050647 0.00602623 0.00691692 0.00772489 0.00844611 0.00908185 0.0096367
 0.000530656 0.00119633 0.00205827 0.00303499 0.00405521 0.0050647 0.00602623 0.00691692 0.00772489 0.00844611 0.00908185 0.0096367
 0.000530656 0.00119633 0.00205827 0.00303499 0.00405521 0.0050647 0.00602623 0.00691692 0.00772489 0.00844611 0.00908185 0.0096367
 0.000530656 0.00119633 0.00205827 0.00303499 0.00405521 0.0050647 0.00602623 0.00691692 0.00772489 0.00844611 0.00908185 0.0096367
 0.000530656 0.00119633 0.00205827 0.00303499 0.00405521 0.0050647 0.00602623 0.00691692 0.00772489 0.00844611 0.00908185 0.0096367
 0.000530656 0.00119633 0.00205827 0.00303499 0.00405521 0.0050647 0.00602623 0.00691692 0.00772489 0.00844611 0.00908185 0.0096367
 0.000530656 0.00119633 0.00205827 0.00303499 0.00405521 0.0050647 0.00602623 0.00691692 0.00772489 0.00844611 0.00908185 0.0096367
 0.000530656 0.00119633 0.00205827 0.00303499 0.00405521 0.0050647 0.00602623 0.00691692 0.00772489 0.00844611 0.00908185 0.0096367
 0.000530656 0.00119633 0.00205827 0.00303499 0.00405521 0.0050647 0.00602623 0.00691692 0.00772489 0.00844611 0.00908185 0.0096367
# nyrs_ind_age
 30
# yrs_ind_age
 1 2 3 4 5 6 7 8 9 10 11 12 13 14 15 16 17 18 19 20 21 22 23 24 25 26 27 28 29 30
# n_sample_ind_age
 200 200 200 200 200 200 200 200 200 200 200 200 200 200 200 200 200 200 200 200 200 200 200 200 200 200 200 200 200 200
# oac_ind
 0.075 0.12 0.16 0.1 0.135 0.095 0.045 0.06 0.025 0.035 0.03 0.12
 0.04 0.135 0.145 0.13 0.09 0.1 0.05 0.075 0.04 0.04 0.045 0.11
 0.065 0.13 0.13 0.125 0.13 0.095 0.055 0.07 0.045 0.035 0.03 0.09
 0.07 0.135 0.13 0.105 0.135 0.09 0.065 0.085 0.015 0.03 0.025 0.115
 0.06 0.15 0.22 0.095 0.085 0.085 0.05 0.055 0.04 0.02 0.03 0.11
 0.035 0.15 0.135 0.135 0.105 0.075 0.06 0.055 0.055 0.03 0.045 0.12
 0.135 0.09 0.13 0.18 0.09 0.075 0.055 0.025 0.05 0.03 0.04 0.1
 0.08 0.23 0.11 0.12 0.1 0.09 0.05 0.035 0.03 0.025 0.03 0.1
 0.085 0.145 0.185 0.075 0.13 0.07 0.065 0.02 0.02 0.03 0.045 0.13
 0.06 0.205 0.17 0.14 0.045 0.08 0.08 0.055 0.035 0.02 0.03 0.08
 0.09 0.12 0.14 0.175 0.14 0.06 0.06 0.08 0.025 0.015 0.015 0.08
 0.09 0.175 0.125 0.165 0.105 0.13 0.04 0.06 0.035 0.03 0.02 0.025
 0.12 0.255 0.17 0.085 0.045 0.075 0.08 0.03 0.025 0.02 0.045 0.05
 0.09 0.225 0.21 0.11 0.065 0.055 0.06 0.06 0.025 0.02 0.005 0.075
 0.045 0.24 0.235 0.135 0.1 0.065 0.04 0.035 0.03 0.01 0.01 0.055
 0.135 0.095 0.22 0.175 0.115 0.07 0.065 0.035 0.04 0.01 0.005 0.035
 0.1 0.24 0.15 0.14 0.14 0.07 0.055 0.025 0.015 0.01 0.015 0.04
 0.045 0.255 0.275 0.065 0.135 0.09 0.06 0.02 0.02 0.01 0.01 0.015
 0.065 0.235 0.225 0.2 0.045 0.08 0.07 0.04 0.01 0.01 0.005 0.015
 0.095 0.175 0.165 0.205 0.16 0.04 0.045 0.035 0.025 0.015 0 0.04
 0.08 0.225 0.175 0.14 0.135 0.085 0.03 0.03 0.025 0.025 0.01 0.04
 0.09 0.14 0.315 0.13 0.065 0.08 0.085 0.01 0.03 0.03 0.01 0.015
 0.11 0.24 0.235 0.155 0.075 0.04 0.055 0.035 0.01 0.03 0 0.015
 0.135 0.27 0.19 0.15 0.1 0.06 0.03 0.005 0.025 0.005 0.01 0.02
 0.115 0.35 0.265 0.085 0.065 0.05 0.01 0.005 0.025 0.01 0.01 0.01
 0.08 0.21 0.345 0.145 0.07 0.025 0.05 0.02 0.015 0.01 0.01 0.02
 0.145 0.255 0.135 0.235 0.11 0.05 0.045 0.01 0.01 0 0 0.005
 0.14 0.22 0.25 0.145 0.1 0.09 0.015 0.005 0.015 0.005 0 0.015
 0.13 0.29 0.2 0.155 0.09 0.055 0.04 0.01 0.015 0.005 0.005 0.005
 0.115 0.2 0.28 0.15 0.08 0.04 0.095 0.015 0.01 0.005 0.005 0.005
# olc_ind

# obs_lse_ind
 0.198042 0.198042 0.198042 0.198042 0.198042 0.198042 0.198042 0.198042 0.198042 0.198042 0.198042 0.198042 0.198042 0.198042 0.198042 0.198042 0.198042 0.198042 0.198042 0.198042 0.198042 0.198042 0.198042 0.198042 0.198042 0.198042 0.198042 0.198042 0.198042 0.198042
# xages_fsh
 0 0 0 0 0 0 0 0 0 0 0 0
# xages_fsh
 0 0.0909091 0.181818 0.272727 0.363636 0.454545 0.545455 0.636364 0.727273 0.818182 0.909091 1
# xnodes_fsh

Yrs fsh_sel change:  1 0 0 0 0 0 0 0 0 0 0 0 0 0 0 0 0 0 0 0 0 0 0 0 0 0 0 0 0
Yrs ind_sel change:  1 0 0 0 0 0 0 0 0 0 0 0 0 0 0 0 0 0 0 0 0 0 0 0 0 0 0 0 0
# steepnessprior
0.75
# sigmarprior
0.2
#  SSB estimated in styr endyr: -13 28 
#  Rec estimated in styr endyr: -11 30 
#  SR Curve fit  in styr endyr: 1 30 
#             Model styr endyr: 1 30 
# qprior
 3.48998e-007
# q_power_prior 
 1 
# cv_catchbiomass 
0.05 
# CatchbiomassPen 
200 
# Number of projection years 
5 
# offset_fsh
 13370.6
# offset_ind
 13036.5
Mean Catch
1352.18
R_guess 
15.4696
# nfsh
1
# n_sel_ch_fsh
 1
# nselages_fsh
 11
# phase_selcoff_fsh
 -1
logRzero 15.4696
logmeanrec 15.4696
exp(log_sigmarprior 0.2
Fish sel phase: -1 FLEET1
Fixing fishery sel to
1
Srvy sel phase: -1
Fixing SURVEY1 indices sel to
1
# logsel_slp_in_indv
 0.693147
Leaving parameter init secton
# M
 0.2 0.2 0.2 0.2 0.2 0.2 0.2 0.2 0.2 0.2 0.2 0.2
 0.2 0.2 0.2 0.2 0.2 0.2 0.2 0.2 0.2 0.2 0.2 0.2
 0.2 0.2 0.2 0.2 0.2 0.2 0.2 0.2 0.2 0.2 0.2 0.2
 0.2 0.2 0.2 0.2 0.2 0.2 0.2 0.2 0.2 0.2 0.2 0.2
 0.2 0.2 0.2 0.2 0.2 0.2 0.2 0.2 0.2 0.2 0.2 0.2
 0.2 0.2 0.2 0.2 0.2 0.2 0.2 0.2 0.2 0.2 0.2 0.2
 0.2 0.2 0.2 0.2 0.2 0.2 0.2 0.2 0.2 0.2 0.2 0.2
 0.2 0.2 0.2 0.2 0.2 0.2 0.2 0.2 0.2 0.2 0.2 0.2
 0.2 0.2 0.2 0.2 0.2 0.2 0.2 0.2 0.2 0.2 0.2 0.2
 0.2 0.2 0.2 0.2 0.2 0.2 0.2 0.2 0.2 0.2 0.2 0.2
 0.2 0.2 0.2 0.2 0.2 0.2 0.2 0.2 0.2 0.2 0.2 0.2
 0.2 0.2 0.2 0.2 0.2 0.2 0.2 0.2 0.2 0.2 0.2 0.2
 0.2 0.2 0.2 0.2 0.2 0.2 0.2 0.2 0.2 0.2 0.2 0.2
 0.2 0.2 0.2 0.2 0.2 0.2 0.2 0.2 0.2 0.2 0.2 0.2
 0.2 0.2 0.2 0.2 0.2 0.2 0.2 0.2 0.2 0.2 0.2 0.2
 0.2 0.2 0.2 0.2 0.2 0.2 0.2 0.2 0.2 0.2 0.2 0.2
 0.2 0.2 0.2 0.2 0.2 0.2 0.2 0.2 0.2 0.2 0.2 0.2
 0.2 0.2 0.2 0.2 0.2 0.2 0.2 0.2 0.2 0.2 0.2 0.2
 0.2 0.2 0.2 0.2 0.2 0.2 0.2 0.2 0.2 0.2 0.2 0.2
 0.2 0.2 0.2 0.2 0.2 0.2 0.2 0.2 0.2 0.2 0.2 0.2
 0.2 0.2 0.2 0.2 0.2 0.2 0.2 0.2 0.2 0.2 0.2 0.2
 0.2 0.2 0.2 0.2 0.2 0.2 0.2 0.2 0.2 0.2 0.2 0.2
 0.2 0.2 0.2 0.2 0.2 0.2 0.2 0.2 0.2 0.2 0.2 0.2
 0.2 0.2 0.2 0.2 0.2 0.2 0.2 0.2 0.2 0.2 0.2 0.2
 0.2 0.2 0.2 0.2 0.2 0.2 0.2 0.2 0.2 0.2 0.2 0.2
 0.2 0.2 0.2 0.2 0.2 0.2 0.2 0.2 0.2 0.2 0.2 0.2
 0.2 0.2 0.2 0.2 0.2 0.2 0.2 0.2 0.2 0.2 0.2 0.2
 0.2 0.2 0.2 0.2 0.2 0.2 0.2 0.2 0.2 0.2 0.2 0.2
 0.2 0.2 0.2 0.2 0.2 0.2 0.2 0.2 0.2 0.2 0.2 0.2
 0.2 0.2 0.2 0.2 0.2 0.2 0.2 0.2 0.2 0.2 0.2 0.2
# mean_log_rec
13.7237
# log_Rzero
13.8303
# rec_dev
 -0.114143 -0.13634 -0.0977959 -0.0473175 -0.0401745 -0.0203032 0.0981968 0.00683757 0.0597359 0.053031 0.136585 0.0489752 0.0484492 -0.0789535 0.235415 0.158439 0.0583501 -0.283505 0.424566 0.23585 0.000242825 -0.190739 0.0985327 0.284547 0.412669 0.332443 -0.282786 0.495741 0.307762 -0.0937301 -0.159214 0.159207 -0.165311 -0.19744 -0.0282882 0.175721 -0.354556 -0.237684 -0.213481 -0.0142861 -0.325625 -0.195108
# fmort
 0.00945067 0.0272428 0.0449849 0.0615879 0.0496633 0.0881424 0.089596 0.190365 0.111066 0.136406 0.153753 0.164559 0.118906 0.171625 0.179129 0.161348 0.315319 0.259597 0.256 0.253304 0.350286 0.25482 0.429997 0.357702 0.355889 0.327114 0.321239 0.451195 0.352328 0.538745
# rec_dev_future
 0 0 0 0 0
