AMAK;Mar 2020
# styr
1
# endyr
30
# rec_age
1
# oldest_age
12
# nlength
81
# len_bins
 10 11 12 13 14 15 16 17 18 19 20 21 22 23 24 25 26 27 28 29 30 31 32 33 34 35 36 37 38 39 40 41 42 43 44 45 46 47 48 49 50 51 52 53 54 55 56 57 58 59 60 61 62 63 64 65 66 67 68 69 70 71 72 73 74 75 76 77 78 79 80 81 82 83 84 85 86 87 88 89 90
# datafile_name
amak_data.dat
# model_name
AMAK_MCP
# styr
1
# endyr
30
# rec_age
1
# oldest_age
12
# nfsh
1
# fshname
FLEET1
# catch_bio_in
 161.71 460.252 730.517 941.865 708.647 1191.2 1123.23 2140.41 1142.37 1303.28 1379.1 1399.29 984.513 1432.16 1453.19 1265.11 2255.5 1616.91 1464.55 1332.63 1675.3 1104.68 1606.59 1134.28 1045.37 921.255 905.242 1221.77 879.721 1271.5
# catch_bio_sd_in
 0.01 0.01 0.01 0.01 0.01 0.01 0.01 0.01 0.01 0.01 0.01 0.01 0.01 0.01 0.01 0.01 0.01 0.01 0.01 0.01 0.01 0.01 0.01 0.01 0.01 0.01 0.01 0.01 0.01 0.01
# nyrs_fsh_age
 30
# nyrs_fsh_length
 0
# yrs_fsh_age_in
 1 2 3 4 5 6 7 8 9 10 11 12 13 14 15 16 17 18 19 20 21 22 23 24 25 26 27 28 29 30
# yrs_fsh_length_in

# n_sample_fsh_length_in

# olc_fsh_in

# nind
1
# indname
SURVEY1
# nyrs_ind
 30
# yrs_ind_in
 1 2 3 4 5 6 7 8 9 10 11 12 13 14 15 16 17 18 19 20 21 22 23 24 25 26 27 28 29 30
# mo_ind
 1
# obs_ind_in
 1.97273 1.71352 1.52987 1.42694 1.41025 1.62267 1.33033 1.1514 1.18792 0.951824 1.03379 1.19504 1.2577 1.2648 1.09794 1.20989 0.979518 0.863574 0.846507 0.910943 0.728873 0.688282 0.671175 0.687842 0.61243 0.542898 0.629262 0.607842 0.604265 0.565179
# obs_se_ind_in
 0.394546 0.342703 0.305975 0.285389 0.28205 0.324534 0.266066 0.230279 0.237584 0.190365 0.206758 0.239008 0.251541 0.252959 0.219589 0.241978 0.195904 0.172715 0.169301 0.182189 0.145775 0.137656 0.134235 0.137568 0.122486 0.10858 0.125852 0.121568 0.120853 0.113036
# nyrs_ind_age
 30
# nyrs_ind_length
 0
# yrs_ind_age_in
 1 2 3 4 5 6 7 8 9 10 11 12 13 14 15 16 17 18 19 20 21 22 23 24 25 26 27 28 29 30
# yrs_ind_length_in

# yrs_ind_age_in
 1 2 3 4 5 6 7 8 9 10 11 12 13 14 15 16 17 18 19 20 21 22 23 24 25 26 27 28 29 30
# n_sample_ind_length_in

# olc_ind_in

# oac_ind_in
 0.05 0.125 0.14 0.135 0.135 0.085 0.05 0.055 0.04 0.045 0.01 0.13
 0.03 0.15 0.105 0.115 0.115 0.08 0.095 0.045 0.07 0.025 0.045 0.125
 0.045 0.105 0.165 0.125 0.12 0.095 0.08 0.075 0.03 0.025 0.025 0.11
 0.075 0.12 0.115 0.145 0.07 0.095 0.065 0.07 0.08 0.055 0.025 0.085
 0.055 0.155 0.13 0.065 0.115 0.11 0.065 0.045 0.06 0.015 0.02 0.165
 0.075 0.1 0.115 0.13 0.09 0.07 0.055 0.09 0.08 0.035 0.035 0.125
 0.065 0.19 0.15 0.125 0.065 0.055 0.055 0.075 0.015 0.05 0.03 0.125
 0.06 0.175 0.255 0.1 0.09 0.065 0.06 0.06 0.02 0.02 0.035 0.06
 0.065 0.155 0.145 0.175 0.09 0.09 0.05 0.03 0.03 0.02 0.025 0.125
 0.135 0.135 0.125 0.1 0.15 0.05 0.06 0.04 0.01 0.04 0.045 0.11
 0.11 0.22 0.135 0.065 0.105 0.11 0.045 0.03 0.02 0.03 0.025 0.105
 0.085 0.225 0.22 0.07 0.05 0.07 0.1 0.05 0.035 0.03 0.01 0.055
 0.135 0.15 0.18 0.17 0.08 0.055 0.04 0.075 0.03 0.035 0 0.05
 0.095 0.22 0.2 0.135 0.09 0.055 0.025 0.05 0.035 0.01 0.02 0.065
 0.105 0.165 0.175 0.215 0.1 0.045 0.05 0.04 0.02 0.02 0.025 0.04
 0.085 0.19 0.17 0.11 0.135 0.075 0.085 0.015 0.03 0.035 0.015 0.055
 0.07 0.17 0.305 0.075 0.09 0.145 0.05 0.04 0.02 0.015 0 0.02
 0.07 0.255 0.105 0.155 0.115 0.07 0.08 0.04 0.04 0.015 0.015 0.04
 0.105 0.165 0.2 0.17 0.11 0.07 0.04 0.07 0.02 0.015 0.015 0.02
 0.125 0.275 0.135 0.145 0.065 0.07 0.045 0.06 0.03 0.015 0.015 0.02
 0.055 0.245 0.265 0.13 0.085 0.065 0.06 0.015 0.03 0.015 0.01 0.025
 0.085 0.165 0.235 0.185 0.085 0.11 0.04 0.045 0.015 0.02 0.005 0.01
 0.125 0.245 0.12 0.175 0.09 0.07 0.035 0.025 0.045 0.025 0 0.045
 0.165 0.22 0.24 0.075 0.105 0.07 0.05 0.035 0.015 0 0.005 0.02
 0.105 0.23 0.205 0.15 0.085 0.095 0.05 0.025 0.02 0.01 0.005 0.02
 0.095 0.28 0.25 0.12 0.1 0.045 0.035 0.035 0.015 0.01 0 0.015
 0.12 0.265 0.255 0.18 0.075 0.045 0.025 0.015 0.01 0 0 0.01
 0.11 0.27 0.205 0.22 0.085 0.04 0.035 0.01 0.005 0 0.015 0.005
 0.165 0.265 0.245 0.15 0.06 0.06 0.035 0.02 0 0 0 0
 0.13 0.3 0.18 0.165 0.085 0.06 0.03 0.02 0.005 0 0.015 0.01
# wt_ind
 1 1 1 1 1 1 1 1 1 1 1 1
 1 1 1 1 1 1 1 1 1 1 1 1
 1 1 1 1 1 1 1 1 1 1 1 1
 1 1 1 1 1 1 1 1 1 1 1 1
 1 1 1 1 1 1 1 1 1 1 1 1
 1 1 1 1 1 1 1 1 1 1 1 1
 1 1 1 1 1 1 1 1 1 1 1 1
 1 1 1 1 1 1 1 1 1 1 1 1
 1 1 1 1 1 1 1 1 1 1 1 1
 1 1 1 1 1 1 1 1 1 1 1 1
 1 1 1 1 1 1 1 1 1 1 1 1
 1 1 1 1 1 1 1 1 1 1 1 1
 1 1 1 1 1 1 1 1 1 1 1 1
 1 1 1 1 1 1 1 1 1 1 1 1
 1 1 1 1 1 1 1 1 1 1 1 1
 1 1 1 1 1 1 1 1 1 1 1 1
 1 1 1 1 1 1 1 1 1 1 1 1
 1 1 1 1 1 1 1 1 1 1 1 1
 1 1 1 1 1 1 1 1 1 1 1 1
 1 1 1 1 1 1 1 1 1 1 1 1
 1 1 1 1 1 1 1 1 1 1 1 1
 1 1 1 1 1 1 1 1 1 1 1 1
 1 1 1 1 1 1 1 1 1 1 1 1
 1 1 1 1 1 1 1 1 1 1 1 1
 1 1 1 1 1 1 1 1 1 1 1 1
 1 1 1 1 1 1 1 1 1 1 1 1
 1 1 1 1 1 1 1 1 1 1 1 1
 1 1 1 1 1 1 1 1 1 1 1 1
 1 1 1 1 1 1 1 1 1 1 1 1
 1 1 1 1 1 1 1 1 1 1 1 1
# wt_pop
 0.000530656 0.00119633 0.00205827 0.00303499 0.00405521 0.0050647 0.00602623 0.00691692 0.00772489 0.00844611 0.00908185 0.0096367
# maturity
 0.0229774 0.320821 0.904651 0.99478 0.999739 0.999987 0.999999 1 1 1 1 1
# spawnmo
1
# age_err
 1 0 0 0 0 0 0 0 0 0 0 0
 0 1 0 0 0 0 0 0 0 0 0 0
 0 0 1 0 0 0 0 0 0 0 0 0
 0 0 0 1 0 0 0 0 0 0 0 0
 0 0 0 0 1 0 0 0 0 0 0 0
 0 0 0 0 0 1 0 0 0 0 0 0
 0 0 0 0 0 0 1 0 0 0 0 0
 0 0 0 0 0 0 0 1 0 0 0 0
 0 0 0 0 0 0 0 0 1 0 0 0
 0 0 0 0 0 0 0 0 0 1 0 0
 0 0 0 0 0 0 0 0 0 0 1 0
 0 0 0 0 0 0 0 0 0 0 0 1
# cntrlfile_name
C:\Users\bai.li\DOCUME~1\Github\AGE_ST~1\ASSAMC\example\output\AMAK\s86\amak.dat
# Map shared selectivity: 
# sel_map
 1 2
 1 1
# datafile_name
amak_data.dat
# model_name
AMAK_MCP
# SrType
2
# use_age_err
0
# retro
0
# sigmarprior
0.2
# cvsigmarprior
0.25
# phase_sigmar
-3
# styr_rec_est
1
# endyr_rec_est
30
# Linfprior
80
# cvLinfprior
0.25
# kprior
0.18
# cvkprior
0.25
# Loprior
27.688
# cvLoprior
0.25
# sdageprior
0.1
# cvsdageprior
0.25
# natmortprior
0.2
# cvnatmortprior
0.25
# phase_M
-4
# npars_Mage
0
# ages_M_changes

# Mage_in

# Mage_offset_in

# phase_Mage
-5
# phase_rw_M
0
# npars_rw_M
0
# yrs_rw_M

# sigma_rw_M

# qprior
 3.48998e-007
# cvqprior
 1
# phase_q
 1
# q_power_prior
 1
# cvq_power_prior
 0.2
# phase_q_power
 -4
# phase_rw_q
 -1
# npars_rw_q
 0
# yrs_rw_q

# sigma_rw_q

# q_age_min
 1
# q_age_max
 12
# q_age_min
 1
# q_age_max
 12
# fsh_sel_opt(k)
2
# phase_sel_fsh(k)
2
# n_sel_ch_fsh(k)
1
# sel_slp_in_fsh(k)(1,n_sel_ch_fsh(k))
 1
# sel_inf_in_fsh(k)(1,n_sel_ch_fsh(k))
 2
# logsel_slp_in_fsh(k)(1,n_sel_ch_fsh(k))
 0
# yrs_sel_ch_fsh(k)(1,n_sel_ch_fsh(k))
 1

Survey SURVEY1
# ind_sel_opt(k)
2
# indname(k)
SURVEY1
# nselages_in_ind(k)
11
# phase_sel_ind(k)
2
# sel_change_in_ind(k)
 1 0 0 0 0 0 0 0 0 0 0 0 0 0 0 0 0 0 0 0 0 0 0 0 0 0 0 0 0 0
# n_sel_ch_ind(k)
1
# yrs_sel_ch_ind(k)(1,n_sel_ch_ind(k))
 1
# sel_slp_in_ind(k,1)
2
# sel_inf_in_ind(k,1)
1.5
# logsel_slp_in_ind(k,1)
0.693147
# logsel_slp_in_indv(k)
0.693147
SURVEY1 ind sel opt 2  1 0 0 0 0 0 0 0 0 0 0 0 0 0 0 0 0 0 0 0 0 0 0 0 0 0 0 0 0 0
Phase indices Sel_Coffs:  -1
 Test: 1.23457e+008
# Fshry Selages:  11
# Srvy  Selages:  11
# Phase for age-spec fishery  -1
# Phase for logistic fishery  2
# Phase for dble logistic fishery  -1
# Phase for age-spec indices   -1
# Phase for logistic indices   2
# Phase for dble logistic ind  -1
# Curv_pen_fsh: 
 0
# Curv_pen_ind: 
 0
# styr_fut
31
# endyr_fut
35
# nyrs_fsh_age
 30
# nyrs_fsh_age
 30
# yrs_fsh_age
 1 2 3 4 5 6 7 8 9 10 11 12 13 14 15 16 17 18 19 20 21 22 23 24 25 26 27 28 29 30
# n_sample_fsh_age
 200 200 200 200 200 200 200 200 200 200 200 200 200 200 200 200 200 200 200 200 200 200 200 200 200 200 200 200 200 200
# oac_fsh
 0.085 0.12 0.14 0.125 0.125 0.04 0.08 0.015 0.045 0.045 0.03 0.15
 0.02 0.11 0.125 0.115 0.095 0.09 0.095 0.075 0.07 0.035 0.04 0.13
 0.055 0.045 0.19 0.13 0.085 0.08 0.06 0.07 0.06 0.07 0.03 0.125
 0.08 0.105 0.105 0.1 0.125 0.075 0.04 0.07 0.045 0.025 0.04 0.19
 0.04 0.12 0.105 0.08 0.125 0.125 0.05 0.075 0.06 0.06 0.025 0.135
 0.15 0.125 0.115 0.105 0.045 0.09 0.075 0.07 0.05 0.025 0.02 0.13
 0.07 0.14 0.12 0.125 0.13 0.07 0.065 0.045 0.06 0.04 0.015 0.12
 0.065 0.135 0.165 0.115 0.06 0.08 0.035 0.045 0.05 0.03 0.04 0.18
 0.06 0.12 0.11 0.18 0.1 0.105 0.06 0.04 0.04 0.025 0.04 0.12
 0.125 0.07 0.125 0.145 0.145 0.09 0.075 0.045 0.01 0.035 0.02 0.115
 0.075 0.235 0.1 0.125 0.095 0.09 0.06 0.035 0.005 0.045 0.045 0.09
 0.16 0.155 0.145 0.125 0.095 0.07 0.08 0.02 0.05 0.02 0.005 0.075
 0.105 0.215 0.16 0.19 0.05 0.07 0.075 0.04 0 0.02 0.015 0.06
 0.065 0.13 0.21 0.16 0.115 0.075 0.045 0.055 0.025 0.025 0.03 0.065
 0.11 0.14 0.19 0.175 0.115 0.115 0.065 0.01 0.025 0.005 0.02 0.03
 0.055 0.185 0.115 0.175 0.105 0.13 0.035 0.055 0.02 0.025 0.02 0.08
 0.075 0.145 0.235 0.1 0.135 0.06 0.075 0.065 0.01 0.015 0.025 0.06
 0.07 0.17 0.17 0.175 0.11 0.07 0.07 0.06 0.015 0.02 0.005 0.065
 0.12 0.165 0.17 0.135 0.115 0.07 0.065 0.035 0.05 0.04 0.01 0.025
 0.095 0.24 0.125 0.16 0.085 0.1 0.035 0.045 0.015 0.025 0.02 0.055
 0.04 0.235 0.205 0.135 0.14 0.05 0.075 0.03 0.035 0.02 0.015 0.02
 0.09 0.12 0.255 0.19 0.065 0.09 0.07 0.045 0.025 0.015 0.005 0.03
 0.18 0.12 0.125 0.155 0.135 0.05 0.085 0.025 0.03 0.035 0.025 0.035
 0.16 0.205 0.175 0.09 0.14 0.065 0.075 0.015 0.01 0.03 0.015 0.02
 0.17 0.195 0.2 0.125 0.055 0.1 0.055 0.03 0.02 0.015 0.015 0.02
 0.165 0.2 0.21 0.125 0.11 0.025 0.06 0.05 0.01 0.025 0.005 0.015
 0.18 0.265 0.21 0.11 0.105 0.06 0.035 0.01 0.005 0.005 0 0.015
 0.185 0.195 0.18 0.165 0.07 0.12 0.04 0.015 0.01 0.01 0.005 0.005
 0.18 0.18 0.19 0.2 0.1 0.06 0.035 0.005 0.01 0.025 0.01 0.005
 0.145 0.255 0.19 0.16 0.105 0.09 0.035 0.005 0.005 0.005 0.005 0
# olc_fsh

# wt_fsh
 0.000530656 0.00119633 0.00205827 0.00303499 0.00405521 0.0050647 0.00602623 0.00691692 0.00772489 0.00844611 0.00908185 0.0096367
 0.000530656 0.00119633 0.00205827 0.00303499 0.00405521 0.0050647 0.00602623 0.00691692 0.00772489 0.00844611 0.00908185 0.0096367
 0.000530656 0.00119633 0.00205827 0.00303499 0.00405521 0.0050647 0.00602623 0.00691692 0.00772489 0.00844611 0.00908185 0.0096367
 0.000530656 0.00119633 0.00205827 0.00303499 0.00405521 0.0050647 0.00602623 0.00691692 0.00772489 0.00844611 0.00908185 0.0096367
 0.000530656 0.00119633 0.00205827 0.00303499 0.00405521 0.0050647 0.00602623 0.00691692 0.00772489 0.00844611 0.00908185 0.0096367
 0.000530656 0.00119633 0.00205827 0.00303499 0.00405521 0.0050647 0.00602623 0.00691692 0.00772489 0.00844611 0.00908185 0.0096367
 0.000530656 0.00119633 0.00205827 0.00303499 0.00405521 0.0050647 0.00602623 0.00691692 0.00772489 0.00844611 0.00908185 0.0096367
 0.000530656 0.00119633 0.00205827 0.00303499 0.00405521 0.0050647 0.00602623 0.00691692 0.00772489 0.00844611 0.00908185 0.0096367
 0.000530656 0.00119633 0.00205827 0.00303499 0.00405521 0.0050647 0.00602623 0.00691692 0.00772489 0.00844611 0.00908185 0.0096367
 0.000530656 0.00119633 0.00205827 0.00303499 0.00405521 0.0050647 0.00602623 0.00691692 0.00772489 0.00844611 0.00908185 0.0096367
 0.000530656 0.00119633 0.00205827 0.00303499 0.00405521 0.0050647 0.00602623 0.00691692 0.00772489 0.00844611 0.00908185 0.0096367
 0.000530656 0.00119633 0.00205827 0.00303499 0.00405521 0.0050647 0.00602623 0.00691692 0.00772489 0.00844611 0.00908185 0.0096367
 0.000530656 0.00119633 0.00205827 0.00303499 0.00405521 0.0050647 0.00602623 0.00691692 0.00772489 0.00844611 0.00908185 0.0096367
 0.000530656 0.00119633 0.00205827 0.00303499 0.00405521 0.0050647 0.00602623 0.00691692 0.00772489 0.00844611 0.00908185 0.0096367
 0.000530656 0.00119633 0.00205827 0.00303499 0.00405521 0.0050647 0.00602623 0.00691692 0.00772489 0.00844611 0.00908185 0.0096367
 0.000530656 0.00119633 0.00205827 0.00303499 0.00405521 0.0050647 0.00602623 0.00691692 0.00772489 0.00844611 0.00908185 0.0096367
 0.000530656 0.00119633 0.00205827 0.00303499 0.00405521 0.0050647 0.00602623 0.00691692 0.00772489 0.00844611 0.00908185 0.0096367
 0.000530656 0.00119633 0.00205827 0.00303499 0.00405521 0.0050647 0.00602623 0.00691692 0.00772489 0.00844611 0.00908185 0.0096367
 0.000530656 0.00119633 0.00205827 0.00303499 0.00405521 0.0050647 0.00602623 0.00691692 0.00772489 0.00844611 0.00908185 0.0096367
 0.000530656 0.00119633 0.00205827 0.00303499 0.00405521 0.0050647 0.00602623 0.00691692 0.00772489 0.00844611 0.00908185 0.0096367
 0.000530656 0.00119633 0.00205827 0.00303499 0.00405521 0.0050647 0.00602623 0.00691692 0.00772489 0.00844611 0.00908185 0.0096367
 0.000530656 0.00119633 0.00205827 0.00303499 0.00405521 0.0050647 0.00602623 0.00691692 0.00772489 0.00844611 0.00908185 0.0096367
 0.000530656 0.00119633 0.00205827 0.00303499 0.00405521 0.0050647 0.00602623 0.00691692 0.00772489 0.00844611 0.00908185 0.0096367
 0.000530656 0.00119633 0.00205827 0.00303499 0.00405521 0.0050647 0.00602623 0.00691692 0.00772489 0.00844611 0.00908185 0.0096367
 0.000530656 0.00119633 0.00205827 0.00303499 0.00405521 0.0050647 0.00602623 0.00691692 0.00772489 0.00844611 0.00908185 0.0096367
 0.000530656 0.00119633 0.00205827 0.00303499 0.00405521 0.0050647 0.00602623 0.00691692 0.00772489 0.00844611 0.00908185 0.0096367
 0.000530656 0.00119633 0.00205827 0.00303499 0.00405521 0.0050647 0.00602623 0.00691692 0.00772489 0.00844611 0.00908185 0.0096367
 0.000530656 0.00119633 0.00205827 0.00303499 0.00405521 0.0050647 0.00602623 0.00691692 0.00772489 0.00844611 0.00908185 0.0096367
 0.000530656 0.00119633 0.00205827 0.00303499 0.00405521 0.0050647 0.00602623 0.00691692 0.00772489 0.00844611 0.00908185 0.0096367
 0.000530656 0.00119633 0.00205827 0.00303499 0.00405521 0.0050647 0.00602623 0.00691692 0.00772489 0.00844611 0.00908185 0.0096367
# nyrs_ind_age
 30
# yrs_ind_age
 1 2 3 4 5 6 7 8 9 10 11 12 13 14 15 16 17 18 19 20 21 22 23 24 25 26 27 28 29 30
# n_sample_ind_age
 200 200 200 200 200 200 200 200 200 200 200 200 200 200 200 200 200 200 200 200 200 200 200 200 200 200 200 200 200 200
# oac_ind
 0.05 0.125 0.14 0.135 0.135 0.085 0.05 0.055 0.04 0.045 0.01 0.13
 0.03 0.15 0.105 0.115 0.115 0.08 0.095 0.045 0.07 0.025 0.045 0.125
 0.045 0.105 0.165 0.125 0.12 0.095 0.08 0.075 0.03 0.025 0.025 0.11
 0.075 0.12 0.115 0.145 0.07 0.095 0.065 0.07 0.08 0.055 0.025 0.085
 0.055 0.155 0.13 0.065 0.115 0.11 0.065 0.045 0.06 0.015 0.02 0.165
 0.075 0.1 0.115 0.13 0.09 0.07 0.055 0.09 0.08 0.035 0.035 0.125
 0.065 0.19 0.15 0.125 0.065 0.055 0.055 0.075 0.015 0.05 0.03 0.125
 0.06 0.175 0.255 0.1 0.09 0.065 0.06 0.06 0.02 0.02 0.035 0.06
 0.065 0.155 0.145 0.175 0.09 0.09 0.05 0.03 0.03 0.02 0.025 0.125
 0.135 0.135 0.125 0.1 0.15 0.05 0.06 0.04 0.01 0.04 0.045 0.11
 0.11 0.22 0.135 0.065 0.105 0.11 0.045 0.03 0.02 0.03 0.025 0.105
 0.085 0.225 0.22 0.07 0.05 0.07 0.1 0.05 0.035 0.03 0.01 0.055
 0.135 0.15 0.18 0.17 0.08 0.055 0.04 0.075 0.03 0.035 0 0.05
 0.095 0.22 0.2 0.135 0.09 0.055 0.025 0.05 0.035 0.01 0.02 0.065
 0.105 0.165 0.175 0.215 0.1 0.045 0.05 0.04 0.02 0.02 0.025 0.04
 0.085 0.19 0.17 0.11 0.135 0.075 0.085 0.015 0.03 0.035 0.015 0.055
 0.07 0.17 0.305 0.075 0.09 0.145 0.05 0.04 0.02 0.015 0 0.02
 0.07 0.255 0.105 0.155 0.115 0.07 0.08 0.04 0.04 0.015 0.015 0.04
 0.105 0.165 0.2 0.17 0.11 0.07 0.04 0.07 0.02 0.015 0.015 0.02
 0.125 0.275 0.135 0.145 0.065 0.07 0.045 0.06 0.03 0.015 0.015 0.02
 0.055 0.245 0.265 0.13 0.085 0.065 0.06 0.015 0.03 0.015 0.01 0.025
 0.085 0.165 0.235 0.185 0.085 0.11 0.04 0.045 0.015 0.02 0.005 0.01
 0.125 0.245 0.12 0.175 0.09 0.07 0.035 0.025 0.045 0.025 0 0.045
 0.165 0.22 0.24 0.075 0.105 0.07 0.05 0.035 0.015 0 0.005 0.02
 0.105 0.23 0.205 0.15 0.085 0.095 0.05 0.025 0.02 0.01 0.005 0.02
 0.095 0.28 0.25 0.12 0.1 0.045 0.035 0.035 0.015 0.01 0 0.015
 0.12 0.265 0.255 0.18 0.075 0.045 0.025 0.015 0.01 0 0 0.01
 0.11 0.27 0.205 0.22 0.085 0.04 0.035 0.01 0.005 0 0.015 0.005
 0.165 0.265 0.245 0.15 0.06 0.06 0.035 0.02 0 0 0 0
 0.13 0.3 0.18 0.165 0.085 0.06 0.03 0.02 0.005 0 0.015 0.01
# olc_ind

# obs_lse_ind
 0.198042 0.198042 0.198042 0.198042 0.198042 0.198042 0.198042 0.198042 0.198042 0.198042 0.198042 0.198042 0.198042 0.198042 0.198042 0.198042 0.198042 0.198042 0.198042 0.198042 0.198042 0.198042 0.198042 0.198042 0.198042 0.198042 0.198042 0.198042 0.198042 0.198042
# xages_fsh
 0 0 0 0 0 0 0 0 0 0 0 0
# xages_fsh
 0 0.0909091 0.181818 0.272727 0.363636 0.454545 0.545455 0.636364 0.727273 0.818182 0.909091 1
# xnodes_fsh

Yrs fsh_sel change:  1 0 0 0 0 0 0 0 0 0 0 0 0 0 0 0 0 0 0 0 0 0 0 0 0 0 0 0 0
Yrs ind_sel change:  1 0 0 0 0 0 0 0 0 0 0 0 0 0 0 0 0 0 0 0 0 0 0 0 0 0 0 0 0
# steepnessprior
0.75
# sigmarprior
0.2
#  SSB estimated in styr endyr: -13 28 
#  Rec estimated in styr endyr: -11 30 
#  SR Curve fit  in styr endyr: 1 30 
#             Model styr endyr: 1 30 
# qprior
 3.48998e-007
# q_power_prior 
 1 
# cv_catchbiomass 
0.05 
# CatchbiomassPen 
200 
# Number of projection years 
5 
# offset_fsh
 13441.2
# offset_ind
 13144.5
Mean Catch
1208.41
R_guess 
15.3572
# nfsh
1
# n_sel_ch_fsh
 1
# nselages_fsh
 11
# phase_selcoff_fsh
 -1
logRzero 15.3572
logmeanrec 15.3572
exp(log_sigmarprior 0.2
Fish sel phase: -1 FLEET1
Fixing fishery sel to
1
Srvy sel phase: -1
Fixing SURVEY1 indices sel to
1
# logsel_slp_in_indv
 0.693147
Leaving parameter init secton
# M
 0.2 0.2 0.2 0.2 0.2 0.2 0.2 0.2 0.2 0.2 0.2 0.2
 0.2 0.2 0.2 0.2 0.2 0.2 0.2 0.2 0.2 0.2 0.2 0.2
 0.2 0.2 0.2 0.2 0.2 0.2 0.2 0.2 0.2 0.2 0.2 0.2
 0.2 0.2 0.2 0.2 0.2 0.2 0.2 0.2 0.2 0.2 0.2 0.2
 0.2 0.2 0.2 0.2 0.2 0.2 0.2 0.2 0.2 0.2 0.2 0.2
 0.2 0.2 0.2 0.2 0.2 0.2 0.2 0.2 0.2 0.2 0.2 0.2
 0.2 0.2 0.2 0.2 0.2 0.2 0.2 0.2 0.2 0.2 0.2 0.2
 0.2 0.2 0.2 0.2 0.2 0.2 0.2 0.2 0.2 0.2 0.2 0.2
 0.2 0.2 0.2 0.2 0.2 0.2 0.2 0.2 0.2 0.2 0.2 0.2
 0.2 0.2 0.2 0.2 0.2 0.2 0.2 0.2 0.2 0.2 0.2 0.2
 0.2 0.2 0.2 0.2 0.2 0.2 0.2 0.2 0.2 0.2 0.2 0.2
 0.2 0.2 0.2 0.2 0.2 0.2 0.2 0.2 0.2 0.2 0.2 0.2
 0.2 0.2 0.2 0.2 0.2 0.2 0.2 0.2 0.2 0.2 0.2 0.2
 0.2 0.2 0.2 0.2 0.2 0.2 0.2 0.2 0.2 0.2 0.2 0.2
 0.2 0.2 0.2 0.2 0.2 0.2 0.2 0.2 0.2 0.2 0.2 0.2
 0.2 0.2 0.2 0.2 0.2 0.2 0.2 0.2 0.2 0.2 0.2 0.2
 0.2 0.2 0.2 0.2 0.2 0.2 0.2 0.2 0.2 0.2 0.2 0.2
 0.2 0.2 0.2 0.2 0.2 0.2 0.2 0.2 0.2 0.2 0.2 0.2
 0.2 0.2 0.2 0.2 0.2 0.2 0.2 0.2 0.2 0.2 0.2 0.2
 0.2 0.2 0.2 0.2 0.2 0.2 0.2 0.2 0.2 0.2 0.2 0.2
 0.2 0.2 0.2 0.2 0.2 0.2 0.2 0.2 0.2 0.2 0.2 0.2
 0.2 0.2 0.2 0.2 0.2 0.2 0.2 0.2 0.2 0.2 0.2 0.2
 0.2 0.2 0.2 0.2 0.2 0.2 0.2 0.2 0.2 0.2 0.2 0.2
 0.2 0.2 0.2 0.2 0.2 0.2 0.2 0.2 0.2 0.2 0.2 0.2
 0.2 0.2 0.2 0.2 0.2 0.2 0.2 0.2 0.2 0.2 0.2 0.2
 0.2 0.2 0.2 0.2 0.2 0.2 0.2 0.2 0.2 0.2 0.2 0.2
 0.2 0.2 0.2 0.2 0.2 0.2 0.2 0.2 0.2 0.2 0.2 0.2
 0.2 0.2 0.2 0.2 0.2 0.2 0.2 0.2 0.2 0.2 0.2 0.2
 0.2 0.2 0.2 0.2 0.2 0.2 0.2 0.2 0.2 0.2 0.2 0.2
 0.2 0.2 0.2 0.2 0.2 0.2 0.2 0.2 0.2 0.2 0.2 0.2
# mean_log_rec
13.797
# log_Rzero
13.735
# rec_dev
 -0.0316478 -0.0384266 -0.16206 0.0944062 -0.0988604 0.0394327 -0.0513393 0.0630463 0.0722609 0.0569544 2.08831e-005 0.00310544 0.0555882 -0.40525 -0.178737 -0.0477491 -0.176972 0.242018 -0.0728731 -0.281047 -0.316969 0.172298 0.0907858 0.195804 0.0660637 -0.159082 0.160464 -0.225938 -0.0533067 -0.34091 -0.0270792 -0.0800916 -0.718058 -0.392402 -0.31915 -0.320923 -0.252438 -0.290007 -0.286256 -0.380583 -0.193049 -0.385917
# fmort
 0.00907254 0.0261491 0.0429058 0.0583536 0.046405 0.0827544 0.0832609 0.174333 0.102809 0.125668 0.143024 0.154009 0.110669 0.162978 0.171664 0.154751 0.301549 0.246983 0.246645 0.242998 0.339267 0.249017 0.414121 0.342564 0.343967 0.314961 0.309834 0.436604 0.328781 0.503046
# rec_dev_future
 0 0 0 0 0
