AMAK;Mar 2020
# styr
1
# endyr
30
# rec_age
1
# oldest_age
12
# nlength
81
# len_bins
 10 11 12 13 14 15 16 17 18 19 20 21 22 23 24 25 26 27 28 29 30 31 32 33 34 35 36 37 38 39 40 41 42 43 44 45 46 47 48 49 50 51 52 53 54 55 56 57 58 59 60 61 62 63 64 65 66 67 68 69 70 71 72 73 74 75 76 77 78 79 80 81 82 83 84 85 86 87 88 89 90
# datafile_name
amak_data.dat
# model_name
AMAK_MCP
# styr
1
# endyr
30
# rec_age
1
# oldest_age
12
# nfsh
1
# fshname
FLEET1
# catch_bio_in
 160.473 464.499 733.767 958.886 735.645 1270.28 1213.85 2361.01 1298.01 1535.57 1657.18 1649.88 1130.75 1567.63 1546.47 1297.61 2218.56 1566.65 1379.2 1250.19 1563.95 1052.51 1594.9 1191.5 1120.3 990.481 971.924 1295.78 940.449 1345.38
# catch_bio_sd_in
 0.01 0.01 0.01 0.01 0.01 0.01 0.01 0.01 0.01 0.01 0.01 0.01 0.01 0.01 0.01 0.01 0.01 0.01 0.01 0.01 0.01 0.01 0.01 0.01 0.01 0.01 0.01 0.01 0.01 0.01
# nyrs_fsh_age
 30
# nyrs_fsh_length
 0
# yrs_fsh_age_in
 1 2 3 4 5 6 7 8 9 10 11 12 13 14 15 16 17 18 19 20 21 22 23 24 25 26 27 28 29 30
# yrs_fsh_length_in

# n_sample_fsh_length_in

# olc_fsh_in

# nind
1
# indname
SURVEY1
# nyrs_ind
 30
# yrs_ind_in
 1 2 3 4 5 6 7 8 9 10 11 12 13 14 15 16 17 18 19 20 21 22 23 24 25 26 27 28 29 30
# mo_ind
 1
# obs_ind_in
 1.55021 1.34808 1.55936 1.31185 1.42203 1.36779 1.23204 1.24325 1.20622 1.38291 1.2139 1.24757 1.26516 0.92902 1.15923 0.872048 1.02696 0.732099 0.660241 0.807549 0.577536 0.681177 0.609117 0.532036 0.615119 0.584401 0.554263 0.642259 0.645636 0.560792
# obs_se_ind_in
 0.310042 0.269617 0.311872 0.26237 0.284405 0.273557 0.246408 0.248651 0.241244 0.276583 0.24278 0.249513 0.253032 0.185804 0.231847 0.17441 0.205392 0.14642 0.132048 0.16151 0.115507 0.136235 0.121823 0.106407 0.123024 0.11688 0.110853 0.128452 0.129127 0.112158
# nyrs_ind_age
 30
# nyrs_ind_length
 0
# yrs_ind_age_in
 1 2 3 4 5 6 7 8 9 10 11 12 13 14 15 16 17 18 19 20 21 22 23 24 25 26 27 28 29 30
# yrs_ind_length_in

# yrs_ind_age_in
 1 2 3 4 5 6 7 8 9 10 11 12 13 14 15 16 17 18 19 20 21 22 23 24 25 26 27 28 29 30
# n_sample_ind_length_in

# olc_ind_in

# oac_ind_in
 0.035 0.09 0.11 0.145 0.115 0.065 0.1 0.035 0.05 0.02 0.02 0.215
 0.05 0.1 0.155 0.1 0.105 0.08 0.045 0.07 0.05 0.05 0.015 0.18
 0.075 0.1 0.145 0.165 0.11 0.08 0.07 0.04 0.035 0.04 0.03 0.11
 0.065 0.15 0.125 0.065 0.065 0.07 0.08 0.07 0.025 0.045 0.05 0.19
 0.075 0.125 0.17 0.095 0.09 0.08 0.07 0.055 0.02 0.025 0.04 0.155
 0.07 0.15 0.155 0.105 0.055 0.135 0.095 0.025 0.025 0.05 0.03 0.105
 0.1 0.135 0.15 0.115 0.13 0.08 0.07 0.05 0.055 0.025 0.03 0.06
 0.045 0.27 0.145 0.095 0.1 0.075 0.04 0.055 0.025 0.04 0 0.11
 0.065 0.135 0.28 0.115 0.09 0.055 0.05 0.045 0.035 0.035 0.015 0.08
 0.055 0.185 0.18 0.245 0.075 0.065 0.06 0.02 0.02 0.025 0.02 0.05
 0.055 0.2 0.235 0.115 0.155 0.04 0.03 0.025 0.025 0.015 0.02 0.085
 0.085 0.165 0.205 0.135 0.075 0.105 0.065 0.035 0.045 0.035 0.02 0.03
 0.07 0.16 0.15 0.14 0.14 0.1 0.1 0.04 0.03 0.015 0.025 0.03
 0.085 0.22 0.14 0.115 0.09 0.085 0.045 0.065 0.05 0.025 0.035 0.045
 0.07 0.2 0.22 0.115 0.04 0.085 0.08 0.025 0.045 0.02 0.005 0.095
 0.11 0.115 0.21 0.205 0.085 0.05 0.04 0.065 0.035 0.03 0.005 0.05
 0.07 0.205 0.125 0.115 0.18 0.06 0.04 0.045 0.05 0.015 0.03 0.065
 0.085 0.175 0.185 0.15 0.075 0.125 0.05 0.05 0.03 0.015 0.015 0.045
 0.185 0.145 0.16 0.18 0.095 0.05 0.05 0.03 0.02 0.025 0.005 0.055
 0.055 0.235 0.225 0.125 0.065 0.08 0.085 0.045 0.01 0.03 0.005 0.04
 0.12 0.21 0.225 0.125 0.09 0.09 0.025 0.035 0.035 0.01 0.005 0.03
 0.13 0.285 0.18 0.14 0.08 0.04 0.035 0.03 0.015 0.025 0.01 0.03
 0.11 0.215 0.295 0.145 0.1 0.025 0.035 0.04 0.02 0 0.015 0
 0.17 0.165 0.18 0.2 0.065 0.095 0.03 0.035 0.03 0.005 0 0.025
 0.075 0.345 0.18 0.135 0.11 0.04 0.03 0.01 0.01 0.01 0.01 0.045
 0.08 0.24 0.325 0.085 0.125 0.06 0.04 0.025 0.005 0.01 0 0.005
 0.145 0.22 0.185 0.235 0.075 0.045 0.015 0.015 0.03 0.01 0 0.025
 0.14 0.285 0.19 0.145 0.11 0.05 0.025 0.03 0.005 0.005 0.005 0.01
 0.095 0.27 0.255 0.13 0.1 0.06 0.02 0.03 0.02 0.005 0.01 0.005
 0.12 0.195 0.275 0.2 0.055 0.06 0.06 0.01 0.02 0.005 0 0
# wt_ind
 1 1 1 1 1 1 1 1 1 1 1 1
 1 1 1 1 1 1 1 1 1 1 1 1
 1 1 1 1 1 1 1 1 1 1 1 1
 1 1 1 1 1 1 1 1 1 1 1 1
 1 1 1 1 1 1 1 1 1 1 1 1
 1 1 1 1 1 1 1 1 1 1 1 1
 1 1 1 1 1 1 1 1 1 1 1 1
 1 1 1 1 1 1 1 1 1 1 1 1
 1 1 1 1 1 1 1 1 1 1 1 1
 1 1 1 1 1 1 1 1 1 1 1 1
 1 1 1 1 1 1 1 1 1 1 1 1
 1 1 1 1 1 1 1 1 1 1 1 1
 1 1 1 1 1 1 1 1 1 1 1 1
 1 1 1 1 1 1 1 1 1 1 1 1
 1 1 1 1 1 1 1 1 1 1 1 1
 1 1 1 1 1 1 1 1 1 1 1 1
 1 1 1 1 1 1 1 1 1 1 1 1
 1 1 1 1 1 1 1 1 1 1 1 1
 1 1 1 1 1 1 1 1 1 1 1 1
 1 1 1 1 1 1 1 1 1 1 1 1
 1 1 1 1 1 1 1 1 1 1 1 1
 1 1 1 1 1 1 1 1 1 1 1 1
 1 1 1 1 1 1 1 1 1 1 1 1
 1 1 1 1 1 1 1 1 1 1 1 1
 1 1 1 1 1 1 1 1 1 1 1 1
 1 1 1 1 1 1 1 1 1 1 1 1
 1 1 1 1 1 1 1 1 1 1 1 1
 1 1 1 1 1 1 1 1 1 1 1 1
 1 1 1 1 1 1 1 1 1 1 1 1
 1 1 1 1 1 1 1 1 1 1 1 1
# wt_pop
 0.000530656 0.00119633 0.00205827 0.00303499 0.00405521 0.0050647 0.00602623 0.00691692 0.00772489 0.00844611 0.00908185 0.0096367
# maturity
 0.0229774 0.320821 0.904651 0.99478 0.999739 0.999987 0.999999 1 1 1 1 1
# spawnmo
1
# age_err
 1 0 0 0 0 0 0 0 0 0 0 0
 0 1 0 0 0 0 0 0 0 0 0 0
 0 0 1 0 0 0 0 0 0 0 0 0
 0 0 0 1 0 0 0 0 0 0 0 0
 0 0 0 0 1 0 0 0 0 0 0 0
 0 0 0 0 0 1 0 0 0 0 0 0
 0 0 0 0 0 0 1 0 0 0 0 0
 0 0 0 0 0 0 0 1 0 0 0 0
 0 0 0 0 0 0 0 0 1 0 0 0
 0 0 0 0 0 0 0 0 0 1 0 0
 0 0 0 0 0 0 0 0 0 0 1 0
 0 0 0 0 0 0 0 0 0 0 0 1
# cntrlfile_name
C:\Users\bai.li\DOCUME~1\Github\AGE_ST~1\ASSAMC\example\output\AMAK\s129\amak.dat
# Map shared selectivity: 
# sel_map
 1 2
 1 1
# datafile_name
amak_data.dat
# model_name
AMAK_MCP
# SrType
2
# use_age_err
0
# retro
0
# sigmarprior
0.2
# cvsigmarprior
0.25
# phase_sigmar
-3
# styr_rec_est
1
# endyr_rec_est
30
# Linfprior
80
# cvLinfprior
0.25
# kprior
0.18
# cvkprior
0.25
# Loprior
27.688
# cvLoprior
0.25
# sdageprior
0.1
# cvsdageprior
0.25
# natmortprior
0.2
# cvnatmortprior
0.25
# phase_M
-4
# npars_Mage
0
# ages_M_changes

# Mage_in

# Mage_offset_in

# phase_Mage
-5
# phase_rw_M
0
# npars_rw_M
0
# yrs_rw_M

# sigma_rw_M

# qprior
 3.48998e-007
# cvqprior
 1
# phase_q
 1
# q_power_prior
 1
# cvq_power_prior
 0.2
# phase_q_power
 -4
# phase_rw_q
 -1
# npars_rw_q
 0
# yrs_rw_q

# sigma_rw_q

# q_age_min
 1
# q_age_max
 12
# q_age_min
 1
# q_age_max
 12
# fsh_sel_opt(k)
2
# phase_sel_fsh(k)
2
# n_sel_ch_fsh(k)
1
# sel_slp_in_fsh(k)(1,n_sel_ch_fsh(k))
 1
# sel_inf_in_fsh(k)(1,n_sel_ch_fsh(k))
 2
# logsel_slp_in_fsh(k)(1,n_sel_ch_fsh(k))
 0
# yrs_sel_ch_fsh(k)(1,n_sel_ch_fsh(k))
 1

Survey SURVEY1
# ind_sel_opt(k)
2
# indname(k)
SURVEY1
# nselages_in_ind(k)
11
# phase_sel_ind(k)
2
# sel_change_in_ind(k)
 1 0 0 0 0 0 0 0 0 0 0 0 0 0 0 0 0 0 0 0 0 0 0 0 0 0 0 0 0 0
# n_sel_ch_ind(k)
1
# yrs_sel_ch_ind(k)(1,n_sel_ch_ind(k))
 1
# sel_slp_in_ind(k,1)
2
# sel_inf_in_ind(k,1)
1.5
# logsel_slp_in_ind(k,1)
0.693147
# logsel_slp_in_indv(k)
0.693147
SURVEY1 ind sel opt 2  1 0 0 0 0 0 0 0 0 0 0 0 0 0 0 0 0 0 0 0 0 0 0 0 0 0 0 0 0 0
Phase indices Sel_Coffs:  -1
 Test: 1.23457e+008
# Fshry Selages:  11
# Srvy  Selages:  11
# Phase for age-spec fishery  -1
# Phase for logistic fishery  2
# Phase for dble logistic fishery  -1
# Phase for age-spec indices   -1
# Phase for logistic indices   2
# Phase for dble logistic ind  -1
# Curv_pen_fsh: 
 0
# Curv_pen_ind: 
 0
# styr_fut
31
# endyr_fut
35
# nyrs_fsh_age
 30
# nyrs_fsh_age
 30
# yrs_fsh_age
 1 2 3 4 5 6 7 8 9 10 11 12 13 14 15 16 17 18 19 20 21 22 23 24 25 26 27 28 29 30
# n_sample_fsh_age
 200 200 200 200 200 200 200 200 200 200 200 200 200 200 200 200 200 200 200 200 200 200 200 200 200 200 200 200 200 200
# oac_fsh
 0.075 0.12 0.075 0.125 0.105 0.095 0.085 0.08 0.025 0.04 0.045 0.13
 0.045 0.135 0.125 0.12 0.085 0.1 0.055 0.065 0.03 0.06 0.025 0.155
 0.1 0.095 0.14 0.105 0.11 0.095 0.055 0.055 0.05 0.035 0.035 0.125
 0.07 0.09 0.14 0.125 0.075 0.115 0.08 0.06 0.065 0.035 0.035 0.11
 0.08 0.07 0.16 0.07 0.09 0.085 0.08 0.075 0.055 0.045 0.02 0.17
 0.07 0.135 0.17 0.17 0.085 0.08 0.035 0.03 0.015 0.025 0.02 0.165
 0.1 0.115 0.135 0.12 0.12 0.035 0.075 0.03 0.055 0.055 0.025 0.135
 0.07 0.175 0.12 0.13 0.085 0.135 0.04 0.04 0.045 0.02 0.035 0.105
 0.08 0.12 0.185 0.15 0.09 0.065 0.07 0.04 0.02 0.035 0.02 0.125
 0.12 0.145 0.145 0.14 0.085 0.08 0.08 0.025 0.01 0.035 0.03 0.105
 0.095 0.125 0.125 0.155 0.155 0.05 0.055 0.07 0.025 0.005 0.03 0.11
 0.05 0.09 0.175 0.185 0.11 0.15 0.045 0.045 0.03 0.01 0.035 0.075
 0.105 0.09 0.105 0.14 0.115 0.085 0.11 0.03 0.07 0.03 0.045 0.075
 0.12 0.2 0.11 0.14 0.12 0.11 0.03 0.05 0.025 0.01 0.03 0.055
 0.055 0.18 0.165 0.11 0.11 0.075 0.07 0.04 0.075 0.02 0.02 0.08
 0.105 0.11 0.145 0.175 0.075 0.095 0.06 0.06 0.03 0.035 0.045 0.065
 0.06 0.12 0.17 0.195 0.18 0.06 0.005 0.05 0.045 0.045 0.015 0.055
 0.115 0.13 0.21 0.155 0.1 0.11 0.04 0.015 0.055 0.03 0.01 0.03
 0.135 0.125 0.185 0.15 0.06 0.07 0.09 0.035 0.04 0.035 0.02 0.055
 0.115 0.215 0.21 0.155 0.06 0.065 0.045 0.05 0.015 0.02 0.01 0.04
 0.135 0.18 0.21 0.165 0.085 0.065 0.06 0.025 0.04 0.005 0.005 0.025
 0.17 0.235 0.135 0.185 0.085 0.04 0.045 0.03 0.025 0.03 0.01 0.01
 0.135 0.18 0.205 0.11 0.18 0.05 0.015 0.035 0.025 0.015 0.01 0.04
 0.22 0.09 0.225 0.15 0.105 0.085 0.035 0.03 0.02 0.01 0.025 0.005
 0.175 0.295 0.125 0.135 0.11 0.065 0.04 0.02 0.015 0.005 0.01 0.005
 0.095 0.215 0.275 0.115 0.12 0.08 0.04 0.045 0.005 0 0 0.01
 0.145 0.125 0.155 0.275 0.1 0.105 0.035 0.015 0.01 0.015 0.01 0.01
 0.19 0.18 0.17 0.095 0.2 0.05 0.055 0.015 0.025 0.02 0 0
 0.13 0.29 0.23 0.105 0.095 0.075 0.025 0.01 0.02 0 0 0.02
 0.205 0.18 0.26 0.145 0.06 0.055 0.055 0.01 0.005 0.01 0.005 0.01
# olc_fsh

# wt_fsh
 0.000530656 0.00119633 0.00205827 0.00303499 0.00405521 0.0050647 0.00602623 0.00691692 0.00772489 0.00844611 0.00908185 0.0096367
 0.000530656 0.00119633 0.00205827 0.00303499 0.00405521 0.0050647 0.00602623 0.00691692 0.00772489 0.00844611 0.00908185 0.0096367
 0.000530656 0.00119633 0.00205827 0.00303499 0.00405521 0.0050647 0.00602623 0.00691692 0.00772489 0.00844611 0.00908185 0.0096367
 0.000530656 0.00119633 0.00205827 0.00303499 0.00405521 0.0050647 0.00602623 0.00691692 0.00772489 0.00844611 0.00908185 0.0096367
 0.000530656 0.00119633 0.00205827 0.00303499 0.00405521 0.0050647 0.00602623 0.00691692 0.00772489 0.00844611 0.00908185 0.0096367
 0.000530656 0.00119633 0.00205827 0.00303499 0.00405521 0.0050647 0.00602623 0.00691692 0.00772489 0.00844611 0.00908185 0.0096367
 0.000530656 0.00119633 0.00205827 0.00303499 0.00405521 0.0050647 0.00602623 0.00691692 0.00772489 0.00844611 0.00908185 0.0096367
 0.000530656 0.00119633 0.00205827 0.00303499 0.00405521 0.0050647 0.00602623 0.00691692 0.00772489 0.00844611 0.00908185 0.0096367
 0.000530656 0.00119633 0.00205827 0.00303499 0.00405521 0.0050647 0.00602623 0.00691692 0.00772489 0.00844611 0.00908185 0.0096367
 0.000530656 0.00119633 0.00205827 0.00303499 0.00405521 0.0050647 0.00602623 0.00691692 0.00772489 0.00844611 0.00908185 0.0096367
 0.000530656 0.00119633 0.00205827 0.00303499 0.00405521 0.0050647 0.00602623 0.00691692 0.00772489 0.00844611 0.00908185 0.0096367
 0.000530656 0.00119633 0.00205827 0.00303499 0.00405521 0.0050647 0.00602623 0.00691692 0.00772489 0.00844611 0.00908185 0.0096367
 0.000530656 0.00119633 0.00205827 0.00303499 0.00405521 0.0050647 0.00602623 0.00691692 0.00772489 0.00844611 0.00908185 0.0096367
 0.000530656 0.00119633 0.00205827 0.00303499 0.00405521 0.0050647 0.00602623 0.00691692 0.00772489 0.00844611 0.00908185 0.0096367
 0.000530656 0.00119633 0.00205827 0.00303499 0.00405521 0.0050647 0.00602623 0.00691692 0.00772489 0.00844611 0.00908185 0.0096367
 0.000530656 0.00119633 0.00205827 0.00303499 0.00405521 0.0050647 0.00602623 0.00691692 0.00772489 0.00844611 0.00908185 0.0096367
 0.000530656 0.00119633 0.00205827 0.00303499 0.00405521 0.0050647 0.00602623 0.00691692 0.00772489 0.00844611 0.00908185 0.0096367
 0.000530656 0.00119633 0.00205827 0.00303499 0.00405521 0.0050647 0.00602623 0.00691692 0.00772489 0.00844611 0.00908185 0.0096367
 0.000530656 0.00119633 0.00205827 0.00303499 0.00405521 0.0050647 0.00602623 0.00691692 0.00772489 0.00844611 0.00908185 0.0096367
 0.000530656 0.00119633 0.00205827 0.00303499 0.00405521 0.0050647 0.00602623 0.00691692 0.00772489 0.00844611 0.00908185 0.0096367
 0.000530656 0.00119633 0.00205827 0.00303499 0.00405521 0.0050647 0.00602623 0.00691692 0.00772489 0.00844611 0.00908185 0.0096367
 0.000530656 0.00119633 0.00205827 0.00303499 0.00405521 0.0050647 0.00602623 0.00691692 0.00772489 0.00844611 0.00908185 0.0096367
 0.000530656 0.00119633 0.00205827 0.00303499 0.00405521 0.0050647 0.00602623 0.00691692 0.00772489 0.00844611 0.00908185 0.0096367
 0.000530656 0.00119633 0.00205827 0.00303499 0.00405521 0.0050647 0.00602623 0.00691692 0.00772489 0.00844611 0.00908185 0.0096367
 0.000530656 0.00119633 0.00205827 0.00303499 0.00405521 0.0050647 0.00602623 0.00691692 0.00772489 0.00844611 0.00908185 0.0096367
 0.000530656 0.00119633 0.00205827 0.00303499 0.00405521 0.0050647 0.00602623 0.00691692 0.00772489 0.00844611 0.00908185 0.0096367
 0.000530656 0.00119633 0.00205827 0.00303499 0.00405521 0.0050647 0.00602623 0.00691692 0.00772489 0.00844611 0.00908185 0.0096367
 0.000530656 0.00119633 0.00205827 0.00303499 0.00405521 0.0050647 0.00602623 0.00691692 0.00772489 0.00844611 0.00908185 0.0096367
 0.000530656 0.00119633 0.00205827 0.00303499 0.00405521 0.0050647 0.00602623 0.00691692 0.00772489 0.00844611 0.00908185 0.0096367
 0.000530656 0.00119633 0.00205827 0.00303499 0.00405521 0.0050647 0.00602623 0.00691692 0.00772489 0.00844611 0.00908185 0.0096367
# nyrs_ind_age
 30
# yrs_ind_age
 1 2 3 4 5 6 7 8 9 10 11 12 13 14 15 16 17 18 19 20 21 22 23 24 25 26 27 28 29 30
# n_sample_ind_age
 200 200 200 200 200 200 200 200 200 200 200 200 200 200 200 200 200 200 200 200 200 200 200 200 200 200 200 200 200 200
# oac_ind
 0.035 0.09 0.11 0.145 0.115 0.065 0.1 0.035 0.05 0.02 0.02 0.215
 0.05 0.1 0.155 0.1 0.105 0.08 0.045 0.07 0.05 0.05 0.015 0.18
 0.075 0.1 0.145 0.165 0.11 0.08 0.07 0.04 0.035 0.04 0.03 0.11
 0.065 0.15 0.125 0.065 0.065 0.07 0.08 0.07 0.025 0.045 0.05 0.19
 0.075 0.125 0.17 0.095 0.09 0.08 0.07 0.055 0.02 0.025 0.04 0.155
 0.07 0.15 0.155 0.105 0.055 0.135 0.095 0.025 0.025 0.05 0.03 0.105
 0.1 0.135 0.15 0.115 0.13 0.08 0.07 0.05 0.055 0.025 0.03 0.06
 0.045 0.27 0.145 0.095 0.1 0.075 0.04 0.055 0.025 0.04 0 0.11
 0.065 0.135 0.28 0.115 0.09 0.055 0.05 0.045 0.035 0.035 0.015 0.08
 0.055 0.185 0.18 0.245 0.075 0.065 0.06 0.02 0.02 0.025 0.02 0.05
 0.055 0.2 0.235 0.115 0.155 0.04 0.03 0.025 0.025 0.015 0.02 0.085
 0.085 0.165 0.205 0.135 0.075 0.105 0.065 0.035 0.045 0.035 0.02 0.03
 0.07 0.16 0.15 0.14 0.14 0.1 0.1 0.04 0.03 0.015 0.025 0.03
 0.085 0.22 0.14 0.115 0.09 0.085 0.045 0.065 0.05 0.025 0.035 0.045
 0.07 0.2 0.22 0.115 0.04 0.085 0.08 0.025 0.045 0.02 0.005 0.095
 0.11 0.115 0.21 0.205 0.085 0.05 0.04 0.065 0.035 0.03 0.005 0.05
 0.07 0.205 0.125 0.115 0.18 0.06 0.04 0.045 0.05 0.015 0.03 0.065
 0.085 0.175 0.185 0.15 0.075 0.125 0.05 0.05 0.03 0.015 0.015 0.045
 0.185 0.145 0.16 0.18 0.095 0.05 0.05 0.03 0.02 0.025 0.005 0.055
 0.055 0.235 0.225 0.125 0.065 0.08 0.085 0.045 0.01 0.03 0.005 0.04
 0.12 0.21 0.225 0.125 0.09 0.09 0.025 0.035 0.035 0.01 0.005 0.03
 0.13 0.285 0.18 0.14 0.08 0.04 0.035 0.03 0.015 0.025 0.01 0.03
 0.11 0.215 0.295 0.145 0.1 0.025 0.035 0.04 0.02 0 0.015 0
 0.17 0.165 0.18 0.2 0.065 0.095 0.03 0.035 0.03 0.005 0 0.025
 0.075 0.345 0.18 0.135 0.11 0.04 0.03 0.01 0.01 0.01 0.01 0.045
 0.08 0.24 0.325 0.085 0.125 0.06 0.04 0.025 0.005 0.01 0 0.005
 0.145 0.22 0.185 0.235 0.075 0.045 0.015 0.015 0.03 0.01 0 0.025
 0.14 0.285 0.19 0.145 0.11 0.05 0.025 0.03 0.005 0.005 0.005 0.01
 0.095 0.27 0.255 0.13 0.1 0.06 0.02 0.03 0.02 0.005 0.01 0.005
 0.12 0.195 0.275 0.2 0.055 0.06 0.06 0.01 0.02 0.005 0 0
# olc_ind

# obs_lse_ind
 0.198042 0.198042 0.198042 0.198042 0.198042 0.198042 0.198042 0.198042 0.198042 0.198042 0.198042 0.198042 0.198042 0.198042 0.198042 0.198042 0.198042 0.198042 0.198042 0.198042 0.198042 0.198042 0.198042 0.198042 0.198042 0.198042 0.198042 0.198042 0.198042 0.198042
# xages_fsh
 0 0 0 0 0 0 0 0 0 0 0 0
# xages_fsh
 0 0.0909091 0.181818 0.272727 0.363636 0.454545 0.545455 0.636364 0.727273 0.818182 0.909091 1
# xnodes_fsh

Yrs fsh_sel change:  1 0 0 0 0 0 0 0 0 0 0 0 0 0 0 0 0 0 0 0 0 0 0 0 0 0 0 0 0
Yrs ind_sel change:  1 0 0 0 0 0 0 0 0 0 0 0 0 0 0 0 0 0 0 0 0 0 0 0 0 0 0 0 0
# steepnessprior
0.75
# sigmarprior
0.2
#  SSB estimated in styr endyr: -13 28 
#  Rec estimated in styr endyr: -11 30 
#  SR Curve fit  in styr endyr: 1 30 
#             Model styr endyr: 1 30 
# qprior
 3.48998e-007
# q_power_prior 
 1 
# cv_catchbiomass 
0.05 
# CatchbiomassPen 
200 
# Number of projection years 
5 
# offset_fsh
 13414.7
# offset_ind
 13098.6
Mean Catch
1268.78
R_guess 
15.406
# nfsh
1
# n_sel_ch_fsh
 1
# nselages_fsh
 11
# phase_selcoff_fsh
 -1
logRzero 15.406
logmeanrec 15.406
exp(log_sigmarprior 0.2
Fish sel phase: -1 FLEET1
Fixing fishery sel to
1
Srvy sel phase: -1
Fixing SURVEY1 indices sel to
1
# logsel_slp_in_indv
 0.693147
Leaving parameter init secton
# M
 0.2 0.2 0.2 0.2 0.2 0.2 0.2 0.2 0.2 0.2 0.2 0.2
 0.2 0.2 0.2 0.2 0.2 0.2 0.2 0.2 0.2 0.2 0.2 0.2
 0.2 0.2 0.2 0.2 0.2 0.2 0.2 0.2 0.2 0.2 0.2 0.2
 0.2 0.2 0.2 0.2 0.2 0.2 0.2 0.2 0.2 0.2 0.2 0.2
 0.2 0.2 0.2 0.2 0.2 0.2 0.2 0.2 0.2 0.2 0.2 0.2
 0.2 0.2 0.2 0.2 0.2 0.2 0.2 0.2 0.2 0.2 0.2 0.2
 0.2 0.2 0.2 0.2 0.2 0.2 0.2 0.2 0.2 0.2 0.2 0.2
 0.2 0.2 0.2 0.2 0.2 0.2 0.2 0.2 0.2 0.2 0.2 0.2
 0.2 0.2 0.2 0.2 0.2 0.2 0.2 0.2 0.2 0.2 0.2 0.2
 0.2 0.2 0.2 0.2 0.2 0.2 0.2 0.2 0.2 0.2 0.2 0.2
 0.2 0.2 0.2 0.2 0.2 0.2 0.2 0.2 0.2 0.2 0.2 0.2
 0.2 0.2 0.2 0.2 0.2 0.2 0.2 0.2 0.2 0.2 0.2 0.2
 0.2 0.2 0.2 0.2 0.2 0.2 0.2 0.2 0.2 0.2 0.2 0.2
 0.2 0.2 0.2 0.2 0.2 0.2 0.2 0.2 0.2 0.2 0.2 0.2
 0.2 0.2 0.2 0.2 0.2 0.2 0.2 0.2 0.2 0.2 0.2 0.2
 0.2 0.2 0.2 0.2 0.2 0.2 0.2 0.2 0.2 0.2 0.2 0.2
 0.2 0.2 0.2 0.2 0.2 0.2 0.2 0.2 0.2 0.2 0.2 0.2
 0.2 0.2 0.2 0.2 0.2 0.2 0.2 0.2 0.2 0.2 0.2 0.2
 0.2 0.2 0.2 0.2 0.2 0.2 0.2 0.2 0.2 0.2 0.2 0.2
 0.2 0.2 0.2 0.2 0.2 0.2 0.2 0.2 0.2 0.2 0.2 0.2
 0.2 0.2 0.2 0.2 0.2 0.2 0.2 0.2 0.2 0.2 0.2 0.2
 0.2 0.2 0.2 0.2 0.2 0.2 0.2 0.2 0.2 0.2 0.2 0.2
 0.2 0.2 0.2 0.2 0.2 0.2 0.2 0.2 0.2 0.2 0.2 0.2
 0.2 0.2 0.2 0.2 0.2 0.2 0.2 0.2 0.2 0.2 0.2 0.2
 0.2 0.2 0.2 0.2 0.2 0.2 0.2 0.2 0.2 0.2 0.2 0.2
 0.2 0.2 0.2 0.2 0.2 0.2 0.2 0.2 0.2 0.2 0.2 0.2
 0.2 0.2 0.2 0.2 0.2 0.2 0.2 0.2 0.2 0.2 0.2 0.2
 0.2 0.2 0.2 0.2 0.2 0.2 0.2 0.2 0.2 0.2 0.2 0.2
 0.2 0.2 0.2 0.2 0.2 0.2 0.2 0.2 0.2 0.2 0.2 0.2
 0.2 0.2 0.2 0.2 0.2 0.2 0.2 0.2 0.2 0.2 0.2 0.2
# mean_log_rec
13.7853
# log_Rzero
13.8279
# rec_dev
 0.06276 0.0778275 0.0191617 -0.174309 0.0560762 0.0195713 0.0828197 -0.124267 0.0191469 0.0171122 -0.0552992 -0.0176399 0.015335 -0.203352 0.154799 0.0626316 0.0560219 0.00673378 0.50747 0.0298178 0.200588 0.093996 -0.185898 -0.263426 0.2285 -0.0247251 -0.24558 -0.108599 -0.307873 -0.289093 0.0134485 -0.317673 -0.0293926 -0.155884 -0.483366 0.152919 -0.324803 -0.500543 -0.145611 -0.0292587 -0.405556 -0.135361
# fmort
 0.00899752 0.0266019 0.0435632 0.0596906 0.0477743 0.0864236 0.0870904 0.183649 0.108777 0.13376 0.152632 0.16336 0.118646 0.173637 0.18436 0.164627 0.316624 0.26211 0.258509 0.255558 0.351889 0.254431 0.417351 0.344708 0.337826 0.302234 0.297033 0.414204 0.31208 0.464667
# rec_dev_future
 0 0 0 0 0
