AMAK;Mar 2020
# styr
1
# endyr
30
# rec_age
1
# oldest_age
12
# nlength
81
# len_bins
 10 11 12 13 14 15 16 17 18 19 20 21 22 23 24 25 26 27 28 29 30 31 32 33 34 35 36 37 38 39 40 41 42 43 44 45 46 47 48 49 50 51 52 53 54 55 56 57 58 59 60 61 62 63 64 65 66 67 68 69 70 71 72 73 74 75 76 77 78 79 80 81 82 83 84 85 86 87 88 89 90
# datafile_name
amak_data.dat
# model_name
AMAK_MCP
# styr
1
# endyr
30
# rec_age
1
# oldest_age
12
# nfsh
1
# fshname
FLEET1
# catch_bio_in
 162.087 461.588 744.792 974.585 759.504 1299.08 1241.04 2356.98 1208.41 1375.43 1467.18 1470.71 1027.51 1441.67 1416.95 1208.44 2171.7 1591.31 1483.42 1348.25 1678.77 1110.06 1683.31 1266.98 1197.05 1070.77 1043.52 1385.51 971.362 1365.66
# catch_bio_sd_in
 0.01 0.01 0.01 0.01 0.01 0.01 0.01 0.01 0.01 0.01 0.01 0.01 0.01 0.01 0.01 0.01 0.01 0.01 0.01 0.01 0.01 0.01 0.01 0.01 0.01 0.01 0.01 0.01 0.01 0.01
# nyrs_fsh_age
 30
# nyrs_fsh_length
 0
# yrs_fsh_age_in
 1 2 3 4 5 6 7 8 9 10 11 12 13 14 15 16 17 18 19 20 21 22 23 24 25 26 27 28 29 30
# yrs_fsh_length_in

# n_sample_fsh_length_in

# olc_fsh_in

# nind
1
# indname
SURVEY1
# nyrs_ind
 30
# yrs_ind_in
 1 2 3 4 5 6 7 8 9 10 11 12 13 14 15 16 17 18 19 20 21 22 23 24 25 26 27 28 29 30
# mo_ind
 1
# obs_ind_in
 1.34513 1.62989 1.43486 1.25998 1.25113 1.52976 1.4469 1.04535 1.05697 0.923292 1.33945 1.17879 1.04893 1.03918 0.885017 0.926914 0.867465 0.923544 0.722918 0.768133 0.713983 0.533283 0.711584 0.641576 0.54834 0.642624 0.647217 0.658991 0.52847 0.508811
# obs_se_ind_in
 0.269025 0.325978 0.286972 0.251996 0.250227 0.305952 0.289379 0.209069 0.211394 0.184658 0.26789 0.235757 0.209785 0.207836 0.177003 0.185383 0.173493 0.184709 0.144584 0.153627 0.142797 0.106657 0.142317 0.128315 0.109668 0.128525 0.129443 0.131798 0.105694 0.101762
# nyrs_ind_age
 30
# nyrs_ind_length
 0
# yrs_ind_age_in
 1 2 3 4 5 6 7 8 9 10 11 12 13 14 15 16 17 18 19 20 21 22 23 24 25 26 27 28 29 30
# yrs_ind_length_in

# yrs_ind_age_in
 1 2 3 4 5 6 7 8 9 10 11 12 13 14 15 16 17 18 19 20 21 22 23 24 25 26 27 28 29 30
# n_sample_ind_length_in

# olc_ind_in

# oac_ind_in
 0.085 0.17 0.15 0.12 0.085 0.095 0.08 0.05 0.025 0.02 0.01 0.11
 0.06 0.135 0.17 0.09 0.06 0.1 0.09 0.07 0.04 0.03 0.01 0.145
 0.05 0.15 0.185 0.145 0.095 0.08 0.035 0.055 0.04 0.025 0.025 0.115
 0.06 0.155 0.16 0.105 0.105 0.08 0.07 0.055 0.025 0.03 0.01 0.145
 0.055 0.125 0.16 0.19 0.08 0.075 0.075 0.06 0.03 0.035 0.035 0.08
 0.09 0.125 0.13 0.155 0.12 0.06 0.05 0.09 0.04 0.015 0.03 0.095
 0.05 0.115 0.165 0.13 0.135 0.1 0.045 0.05 0.055 0.045 0.015 0.095
 0.045 0.135 0.15 0.13 0.115 0.105 0.045 0.065 0.025 0.025 0.03 0.13
 0.09 0.165 0.17 0.12 0.115 0.075 0.075 0.05 0.025 0.025 0.015 0.075
 0.115 0.22 0.13 0.075 0.095 0.07 0.055 0.055 0.035 0.04 0.005 0.105
 0.045 0.275 0.18 0.095 0.065 0.065 0.04 0.03 0.02 0.035 0.025 0.125
 0.055 0.125 0.255 0.16 0.055 0.085 0.065 0.035 0.035 0.02 0.015 0.095
 0.07 0.215 0.145 0.185 0.15 0.045 0.07 0.03 0.005 0.01 0.01 0.065
 0.09 0.13 0.195 0.13 0.16 0.065 0.05 0.045 0.03 0.02 0.03 0.055
 0.13 0.155 0.175 0.13 0.08 0.11 0.07 0.04 0.02 0.01 0.02 0.06
 0.115 0.205 0.23 0.115 0.1 0.08 0.045 0.055 0.015 0.005 0.015 0.02
 0.09 0.215 0.225 0.12 0.08 0.055 0.05 0.055 0.025 0.005 0.025 0.055
 0.075 0.2 0.205 0.175 0.11 0.07 0.035 0.03 0.03 0.03 0.01 0.03
 0.095 0.23 0.22 0.125 0.185 0.04 0.015 0.035 0.005 0.02 0.005 0.025
 0.08 0.17 0.195 0.215 0.1 0.07 0.06 0.01 0.035 0.01 0.02 0.035
 0.095 0.215 0.17 0.135 0.135 0.07 0.045 0.035 0.035 0.01 0 0.055
 0.16 0.185 0.255 0.12 0.115 0.065 0.025 0.01 0.02 0.005 0.005 0.035
 0.06 0.345 0.185 0.115 0.07 0.06 0.085 0.03 0.025 0.005 0 0.02
 0.115 0.21 0.33 0.105 0.07 0.04 0.065 0.015 0.02 0.015 0.005 0.01
 0.135 0.18 0.21 0.26 0.065 0.055 0.02 0.02 0.015 0.03 0.005 0.005
 0.2 0.205 0.2 0.135 0.135 0.05 0.01 0.02 0.015 0 0.01 0.02
 0.055 0.34 0.25 0.13 0.065 0.075 0.02 0.02 0.005 0 0.01 0.03
 0.125 0.14 0.3 0.125 0.165 0.06 0.05 0.01 0 0.015 0.005 0.005
 0.08 0.225 0.185 0.245 0.12 0.07 0.025 0.02 0.005 0.005 0.01 0.01
 0.145 0.24 0.225 0.12 0.135 0.065 0.035 0.015 0.015 0 0 0.005
# wt_ind
 1 1 1 1 1 1 1 1 1 1 1 1
 1 1 1 1 1 1 1 1 1 1 1 1
 1 1 1 1 1 1 1 1 1 1 1 1
 1 1 1 1 1 1 1 1 1 1 1 1
 1 1 1 1 1 1 1 1 1 1 1 1
 1 1 1 1 1 1 1 1 1 1 1 1
 1 1 1 1 1 1 1 1 1 1 1 1
 1 1 1 1 1 1 1 1 1 1 1 1
 1 1 1 1 1 1 1 1 1 1 1 1
 1 1 1 1 1 1 1 1 1 1 1 1
 1 1 1 1 1 1 1 1 1 1 1 1
 1 1 1 1 1 1 1 1 1 1 1 1
 1 1 1 1 1 1 1 1 1 1 1 1
 1 1 1 1 1 1 1 1 1 1 1 1
 1 1 1 1 1 1 1 1 1 1 1 1
 1 1 1 1 1 1 1 1 1 1 1 1
 1 1 1 1 1 1 1 1 1 1 1 1
 1 1 1 1 1 1 1 1 1 1 1 1
 1 1 1 1 1 1 1 1 1 1 1 1
 1 1 1 1 1 1 1 1 1 1 1 1
 1 1 1 1 1 1 1 1 1 1 1 1
 1 1 1 1 1 1 1 1 1 1 1 1
 1 1 1 1 1 1 1 1 1 1 1 1
 1 1 1 1 1 1 1 1 1 1 1 1
 1 1 1 1 1 1 1 1 1 1 1 1
 1 1 1 1 1 1 1 1 1 1 1 1
 1 1 1 1 1 1 1 1 1 1 1 1
 1 1 1 1 1 1 1 1 1 1 1 1
 1 1 1 1 1 1 1 1 1 1 1 1
 1 1 1 1 1 1 1 1 1 1 1 1
# wt_pop
 0.000530656 0.00119633 0.00205827 0.00303499 0.00405521 0.0050647 0.00602623 0.00691692 0.00772489 0.00844611 0.00908185 0.0096367
# maturity
 0.0229774 0.320821 0.904651 0.99478 0.999739 0.999987 0.999999 1 1 1 1 1
# spawnmo
1
# age_err
 1 0 0 0 0 0 0 0 0 0 0 0
 0 1 0 0 0 0 0 0 0 0 0 0
 0 0 1 0 0 0 0 0 0 0 0 0
 0 0 0 1 0 0 0 0 0 0 0 0
 0 0 0 0 1 0 0 0 0 0 0 0
 0 0 0 0 0 1 0 0 0 0 0 0
 0 0 0 0 0 0 1 0 0 0 0 0
 0 0 0 0 0 0 0 1 0 0 0 0
 0 0 0 0 0 0 0 0 1 0 0 0
 0 0 0 0 0 0 0 0 0 1 0 0
 0 0 0 0 0 0 0 0 0 0 1 0
 0 0 0 0 0 0 0 0 0 0 0 1
# cntrlfile_name
C:\Users\bai.li\DOCUME~1\Github\AGE_ST~1\ASSAMC\example\output\AMAK\s114\amak.dat
# Map shared selectivity: 
# sel_map
 1 2
 1 1
# datafile_name
amak_data.dat
# model_name
AMAK_MCP
# SrType
2
# use_age_err
0
# retro
0
# sigmarprior
0.2
# cvsigmarprior
0.25
# phase_sigmar
-3
# styr_rec_est
1
# endyr_rec_est
30
# Linfprior
80
# cvLinfprior
0.25
# kprior
0.18
# cvkprior
0.25
# Loprior
27.688
# cvLoprior
0.25
# sdageprior
0.1
# cvsdageprior
0.25
# natmortprior
0.2
# cvnatmortprior
0.25
# phase_M
-4
# npars_Mage
0
# ages_M_changes

# Mage_in

# Mage_offset_in

# phase_Mage
-5
# phase_rw_M
0
# npars_rw_M
0
# yrs_rw_M

# sigma_rw_M

# qprior
 3.48998e-007
# cvqprior
 1
# phase_q
 1
# q_power_prior
 1
# cvq_power_prior
 0.2
# phase_q_power
 -4
# phase_rw_q
 -1
# npars_rw_q
 0
# yrs_rw_q

# sigma_rw_q

# q_age_min
 1
# q_age_max
 12
# q_age_min
 1
# q_age_max
 12
# fsh_sel_opt(k)
2
# phase_sel_fsh(k)
2
# n_sel_ch_fsh(k)
1
# sel_slp_in_fsh(k)(1,n_sel_ch_fsh(k))
 1
# sel_inf_in_fsh(k)(1,n_sel_ch_fsh(k))
 2
# logsel_slp_in_fsh(k)(1,n_sel_ch_fsh(k))
 0
# yrs_sel_ch_fsh(k)(1,n_sel_ch_fsh(k))
 1

Survey SURVEY1
# ind_sel_opt(k)
2
# indname(k)
SURVEY1
# nselages_in_ind(k)
11
# phase_sel_ind(k)
2
# sel_change_in_ind(k)
 1 0 0 0 0 0 0 0 0 0 0 0 0 0 0 0 0 0 0 0 0 0 0 0 0 0 0 0 0 0
# n_sel_ch_ind(k)
1
# yrs_sel_ch_ind(k)(1,n_sel_ch_ind(k))
 1
# sel_slp_in_ind(k,1)
2
# sel_inf_in_ind(k,1)
1.5
# logsel_slp_in_ind(k,1)
0.693147
# logsel_slp_in_indv(k)
0.693147
SURVEY1 ind sel opt 2  1 0 0 0 0 0 0 0 0 0 0 0 0 0 0 0 0 0 0 0 0 0 0 0 0 0 0 0 0 0
Phase indices Sel_Coffs:  -1
 Test: 1.23457e+008
# Fshry Selages:  11
# Srvy  Selages:  11
# Phase for age-spec fishery  -1
# Phase for logistic fishery  2
# Phase for dble logistic fishery  -1
# Phase for age-spec indices   -1
# Phase for logistic indices   2
# Phase for dble logistic ind  -1
# Curv_pen_fsh: 
 0
# Curv_pen_ind: 
 0
# styr_fut
31
# endyr_fut
35
# nyrs_fsh_age
 30
# nyrs_fsh_age
 30
# yrs_fsh_age
 1 2 3 4 5 6 7 8 9 10 11 12 13 14 15 16 17 18 19 20 21 22 23 24 25 26 27 28 29 30
# n_sample_fsh_age
 200 200 200 200 200 200 200 200 200 200 200 200 200 200 200 200 200 200 200 200 200 200 200 200 200 200 200 200 200 200
# oac_fsh
 0.045 0.105 0.13 0.14 0.065 0.085 0.095 0.095 0.065 0.025 0.035 0.115
 0.065 0.145 0.095 0.125 0.12 0.055 0.045 0.06 0.045 0.04 0.03 0.175
 0.07 0.15 0.1 0.115 0.08 0.075 0.065 0.05 0.055 0.045 0.04 0.155
 0.075 0.12 0.145 0.12 0.045 0.105 0.09 0.02 0.06 0.05 0.03 0.14
 0.035 0.1 0.145 0.09 0.12 0.11 0.05 0.055 0.04 0.05 0.04 0.165
 0.055 0.175 0.085 0.14 0.15 0.095 0.045 0.045 0.06 0.045 0.03 0.075
 0.065 0.135 0.165 0.115 0.12 0.1 0.045 0.045 0.03 0.04 0.035 0.105
 0.055 0.115 0.115 0.105 0.135 0.1 0.09 0.055 0.035 0.035 0.005 0.155
 0.08 0.07 0.095 0.125 0.1 0.08 0.08 0.095 0.05 0.03 0.035 0.16
 0.14 0.165 0.125 0.1 0.085 0.045 0.055 0.04 0.055 0.035 0.04 0.115
 0.095 0.17 0.23 0.115 0.06 0.085 0.06 0.035 0.015 0.01 0.035 0.09
 0.105 0.115 0.185 0.155 0.12 0.065 0.06 0.03 0.03 0.015 0.02 0.1
 0.08 0.155 0.145 0.17 0.14 0.05 0.04 0.04 0.05 0.015 0.025 0.09
 0.11 0.12 0.155 0.13 0.165 0.075 0.04 0.025 0.025 0.04 0.02 0.095
 0.145 0.14 0.11 0.16 0.105 0.115 0.075 0.045 0.005 0.025 0.005 0.07
 0.09 0.2 0.15 0.14 0.095 0.055 0.065 0.055 0.02 0.025 0.03 0.075
 0.13 0.135 0.225 0.16 0.08 0.06 0.065 0.08 0.015 0.02 0.01 0.02
 0.08 0.195 0.175 0.14 0.115 0.095 0.045 0.02 0.045 0.03 0.02 0.04
 0.1 0.15 0.2 0.175 0.15 0.075 0.055 0.025 0.01 0.015 0.01 0.035
 0.1 0.125 0.22 0.185 0.11 0.075 0.065 0.04 0.015 0 0.02 0.045
 0.145 0.165 0.135 0.15 0.15 0.065 0.07 0.025 0.04 0.015 0.015 0.025
 0.17 0.17 0.2 0.12 0.1 0.06 0.075 0.025 0.03 0 0.005 0.045
 0.125 0.265 0.165 0.18 0.09 0.055 0.05 0.015 0.025 0.005 0.005 0.02
 0.15 0.18 0.3 0.13 0.095 0.03 0.035 0.035 0.02 0.01 0.005 0.01
 0.145 0.155 0.195 0.2 0.085 0.065 0.035 0.015 0.045 0.025 0.005 0.03
 0.17 0.27 0.175 0.16 0.105 0.03 0.035 0.02 0.01 0.005 0 0.02
 0.085 0.245 0.22 0.175 0.125 0.09 0.015 0.015 0.005 0.01 0 0.015
 0.165 0.095 0.285 0.17 0.07 0.11 0.065 0.015 0.01 0 0 0.015
 0.16 0.205 0.15 0.245 0.11 0.035 0.04 0.04 0.01 0 0 0.005
 0.2 0.16 0.23 0.09 0.14 0.065 0.045 0.03 0.01 0.015 0 0.015
# olc_fsh

# wt_fsh
 0.000530656 0.00119633 0.00205827 0.00303499 0.00405521 0.0050647 0.00602623 0.00691692 0.00772489 0.00844611 0.00908185 0.0096367
 0.000530656 0.00119633 0.00205827 0.00303499 0.00405521 0.0050647 0.00602623 0.00691692 0.00772489 0.00844611 0.00908185 0.0096367
 0.000530656 0.00119633 0.00205827 0.00303499 0.00405521 0.0050647 0.00602623 0.00691692 0.00772489 0.00844611 0.00908185 0.0096367
 0.000530656 0.00119633 0.00205827 0.00303499 0.00405521 0.0050647 0.00602623 0.00691692 0.00772489 0.00844611 0.00908185 0.0096367
 0.000530656 0.00119633 0.00205827 0.00303499 0.00405521 0.0050647 0.00602623 0.00691692 0.00772489 0.00844611 0.00908185 0.0096367
 0.000530656 0.00119633 0.00205827 0.00303499 0.00405521 0.0050647 0.00602623 0.00691692 0.00772489 0.00844611 0.00908185 0.0096367
 0.000530656 0.00119633 0.00205827 0.00303499 0.00405521 0.0050647 0.00602623 0.00691692 0.00772489 0.00844611 0.00908185 0.0096367
 0.000530656 0.00119633 0.00205827 0.00303499 0.00405521 0.0050647 0.00602623 0.00691692 0.00772489 0.00844611 0.00908185 0.0096367
 0.000530656 0.00119633 0.00205827 0.00303499 0.00405521 0.0050647 0.00602623 0.00691692 0.00772489 0.00844611 0.00908185 0.0096367
 0.000530656 0.00119633 0.00205827 0.00303499 0.00405521 0.0050647 0.00602623 0.00691692 0.00772489 0.00844611 0.00908185 0.0096367
 0.000530656 0.00119633 0.00205827 0.00303499 0.00405521 0.0050647 0.00602623 0.00691692 0.00772489 0.00844611 0.00908185 0.0096367
 0.000530656 0.00119633 0.00205827 0.00303499 0.00405521 0.0050647 0.00602623 0.00691692 0.00772489 0.00844611 0.00908185 0.0096367
 0.000530656 0.00119633 0.00205827 0.00303499 0.00405521 0.0050647 0.00602623 0.00691692 0.00772489 0.00844611 0.00908185 0.0096367
 0.000530656 0.00119633 0.00205827 0.00303499 0.00405521 0.0050647 0.00602623 0.00691692 0.00772489 0.00844611 0.00908185 0.0096367
 0.000530656 0.00119633 0.00205827 0.00303499 0.00405521 0.0050647 0.00602623 0.00691692 0.00772489 0.00844611 0.00908185 0.0096367
 0.000530656 0.00119633 0.00205827 0.00303499 0.00405521 0.0050647 0.00602623 0.00691692 0.00772489 0.00844611 0.00908185 0.0096367
 0.000530656 0.00119633 0.00205827 0.00303499 0.00405521 0.0050647 0.00602623 0.00691692 0.00772489 0.00844611 0.00908185 0.0096367
 0.000530656 0.00119633 0.00205827 0.00303499 0.00405521 0.0050647 0.00602623 0.00691692 0.00772489 0.00844611 0.00908185 0.0096367
 0.000530656 0.00119633 0.00205827 0.00303499 0.00405521 0.0050647 0.00602623 0.00691692 0.00772489 0.00844611 0.00908185 0.0096367
 0.000530656 0.00119633 0.00205827 0.00303499 0.00405521 0.0050647 0.00602623 0.00691692 0.00772489 0.00844611 0.00908185 0.0096367
 0.000530656 0.00119633 0.00205827 0.00303499 0.00405521 0.0050647 0.00602623 0.00691692 0.00772489 0.00844611 0.00908185 0.0096367
 0.000530656 0.00119633 0.00205827 0.00303499 0.00405521 0.0050647 0.00602623 0.00691692 0.00772489 0.00844611 0.00908185 0.0096367
 0.000530656 0.00119633 0.00205827 0.00303499 0.00405521 0.0050647 0.00602623 0.00691692 0.00772489 0.00844611 0.00908185 0.0096367
 0.000530656 0.00119633 0.00205827 0.00303499 0.00405521 0.0050647 0.00602623 0.00691692 0.00772489 0.00844611 0.00908185 0.0096367
 0.000530656 0.00119633 0.00205827 0.00303499 0.00405521 0.0050647 0.00602623 0.00691692 0.00772489 0.00844611 0.00908185 0.0096367
 0.000530656 0.00119633 0.00205827 0.00303499 0.00405521 0.0050647 0.00602623 0.00691692 0.00772489 0.00844611 0.00908185 0.0096367
 0.000530656 0.00119633 0.00205827 0.00303499 0.00405521 0.0050647 0.00602623 0.00691692 0.00772489 0.00844611 0.00908185 0.0096367
 0.000530656 0.00119633 0.00205827 0.00303499 0.00405521 0.0050647 0.00602623 0.00691692 0.00772489 0.00844611 0.00908185 0.0096367
 0.000530656 0.00119633 0.00205827 0.00303499 0.00405521 0.0050647 0.00602623 0.00691692 0.00772489 0.00844611 0.00908185 0.0096367
 0.000530656 0.00119633 0.00205827 0.00303499 0.00405521 0.0050647 0.00602623 0.00691692 0.00772489 0.00844611 0.00908185 0.0096367
# nyrs_ind_age
 30
# yrs_ind_age
 1 2 3 4 5 6 7 8 9 10 11 12 13 14 15 16 17 18 19 20 21 22 23 24 25 26 27 28 29 30
# n_sample_ind_age
 200 200 200 200 200 200 200 200 200 200 200 200 200 200 200 200 200 200 200 200 200 200 200 200 200 200 200 200 200 200
# oac_ind
 0.085 0.17 0.15 0.12 0.085 0.095 0.08 0.05 0.025 0.02 0.01 0.11
 0.06 0.135 0.17 0.09 0.06 0.1 0.09 0.07 0.04 0.03 0.01 0.145
 0.05 0.15 0.185 0.145 0.095 0.08 0.035 0.055 0.04 0.025 0.025 0.115
 0.06 0.155 0.16 0.105 0.105 0.08 0.07 0.055 0.025 0.03 0.01 0.145
 0.055 0.125 0.16 0.19 0.08 0.075 0.075 0.06 0.03 0.035 0.035 0.08
 0.09 0.125 0.13 0.155 0.12 0.06 0.05 0.09 0.04 0.015 0.03 0.095
 0.05 0.115 0.165 0.13 0.135 0.1 0.045 0.05 0.055 0.045 0.015 0.095
 0.045 0.135 0.15 0.13 0.115 0.105 0.045 0.065 0.025 0.025 0.03 0.13
 0.09 0.165 0.17 0.12 0.115 0.075 0.075 0.05 0.025 0.025 0.015 0.075
 0.115 0.22 0.13 0.075 0.095 0.07 0.055 0.055 0.035 0.04 0.005 0.105
 0.045 0.275 0.18 0.095 0.065 0.065 0.04 0.03 0.02 0.035 0.025 0.125
 0.055 0.125 0.255 0.16 0.055 0.085 0.065 0.035 0.035 0.02 0.015 0.095
 0.07 0.215 0.145 0.185 0.15 0.045 0.07 0.03 0.005 0.01 0.01 0.065
 0.09 0.13 0.195 0.13 0.16 0.065 0.05 0.045 0.03 0.02 0.03 0.055
 0.13 0.155 0.175 0.13 0.08 0.11 0.07 0.04 0.02 0.01 0.02 0.06
 0.115 0.205 0.23 0.115 0.1 0.08 0.045 0.055 0.015 0.005 0.015 0.02
 0.09 0.215 0.225 0.12 0.08 0.055 0.05 0.055 0.025 0.005 0.025 0.055
 0.075 0.2 0.205 0.175 0.11 0.07 0.035 0.03 0.03 0.03 0.01 0.03
 0.095 0.23 0.22 0.125 0.185 0.04 0.015 0.035 0.005 0.02 0.005 0.025
 0.08 0.17 0.195 0.215 0.1 0.07 0.06 0.01 0.035 0.01 0.02 0.035
 0.095 0.215 0.17 0.135 0.135 0.07 0.045 0.035 0.035 0.01 0 0.055
 0.16 0.185 0.255 0.12 0.115 0.065 0.025 0.01 0.02 0.005 0.005 0.035
 0.06 0.345 0.185 0.115 0.07 0.06 0.085 0.03 0.025 0.005 0 0.02
 0.115 0.21 0.33 0.105 0.07 0.04 0.065 0.015 0.02 0.015 0.005 0.01
 0.135 0.18 0.21 0.26 0.065 0.055 0.02 0.02 0.015 0.03 0.005 0.005
 0.2 0.205 0.2 0.135 0.135 0.05 0.01 0.02 0.015 0 0.01 0.02
 0.055 0.34 0.25 0.13 0.065 0.075 0.02 0.02 0.005 0 0.01 0.03
 0.125 0.14 0.3 0.125 0.165 0.06 0.05 0.01 0 0.015 0.005 0.005
 0.08 0.225 0.185 0.245 0.12 0.07 0.025 0.02 0.005 0.005 0.01 0.01
 0.145 0.24 0.225 0.12 0.135 0.065 0.035 0.015 0.015 0 0 0.005
# olc_ind

# obs_lse_ind
 0.198042 0.198042 0.198042 0.198042 0.198042 0.198042 0.198042 0.198042 0.198042 0.198042 0.198042 0.198042 0.198042 0.198042 0.198042 0.198042 0.198042 0.198042 0.198042 0.198042 0.198042 0.198042 0.198042 0.198042 0.198042 0.198042 0.198042 0.198042 0.198042 0.198042
# xages_fsh
 0 0 0 0 0 0 0 0 0 0 0 0
# xages_fsh
 0 0.0909091 0.181818 0.272727 0.363636 0.454545 0.545455 0.636364 0.727273 0.818182 0.909091 1
# xnodes_fsh

Yrs fsh_sel change:  1 0 0 0 0 0 0 0 0 0 0 0 0 0 0 0 0 0 0 0 0 0 0 0 0 0 0 0 0
Yrs ind_sel change:  1 0 0 0 0 0 0 0 0 0 0 0 0 0 0 0 0 0 0 0 0 0 0 0 0 0 0 0 0
# steepnessprior
0.75
# sigmarprior
0.2
#  SSB estimated in styr endyr: -13 28 
#  Rec estimated in styr endyr: -11 30 
#  SR Curve fit  in styr endyr: 1 30 
#             Model styr endyr: 1 30 
# qprior
 3.48998e-007
# q_power_prior 
 1 
# cv_catchbiomass 
0.05 
# CatchbiomassPen 
200 
# Number of projection years 
5 
# offset_fsh
 13379.6
# offset_ind
 13026
Mean Catch
1266.12
R_guess 
15.4039
# nfsh
1
# n_sel_ch_fsh
 1
# nselages_fsh
 11
# phase_selcoff_fsh
 -1
logRzero 15.4039
logmeanrec 15.4039
exp(log_sigmarprior 0.2
Fish sel phase: -1 FLEET1
Fixing fishery sel to
1
Srvy sel phase: -1
Fixing SURVEY1 indices sel to
1
# logsel_slp_in_indv
 0.693147
Leaving parameter init secton
# M
 0.2 0.2 0.2 0.2 0.2 0.2 0.2 0.2 0.2 0.2 0.2 0.2
 0.2 0.2 0.2 0.2 0.2 0.2 0.2 0.2 0.2 0.2 0.2 0.2
 0.2 0.2 0.2 0.2 0.2 0.2 0.2 0.2 0.2 0.2 0.2 0.2
 0.2 0.2 0.2 0.2 0.2 0.2 0.2 0.2 0.2 0.2 0.2 0.2
 0.2 0.2 0.2 0.2 0.2 0.2 0.2 0.2 0.2 0.2 0.2 0.2
 0.2 0.2 0.2 0.2 0.2 0.2 0.2 0.2 0.2 0.2 0.2 0.2
 0.2 0.2 0.2 0.2 0.2 0.2 0.2 0.2 0.2 0.2 0.2 0.2
 0.2 0.2 0.2 0.2 0.2 0.2 0.2 0.2 0.2 0.2 0.2 0.2
 0.2 0.2 0.2 0.2 0.2 0.2 0.2 0.2 0.2 0.2 0.2 0.2
 0.2 0.2 0.2 0.2 0.2 0.2 0.2 0.2 0.2 0.2 0.2 0.2
 0.2 0.2 0.2 0.2 0.2 0.2 0.2 0.2 0.2 0.2 0.2 0.2
 0.2 0.2 0.2 0.2 0.2 0.2 0.2 0.2 0.2 0.2 0.2 0.2
 0.2 0.2 0.2 0.2 0.2 0.2 0.2 0.2 0.2 0.2 0.2 0.2
 0.2 0.2 0.2 0.2 0.2 0.2 0.2 0.2 0.2 0.2 0.2 0.2
 0.2 0.2 0.2 0.2 0.2 0.2 0.2 0.2 0.2 0.2 0.2 0.2
 0.2 0.2 0.2 0.2 0.2 0.2 0.2 0.2 0.2 0.2 0.2 0.2
 0.2 0.2 0.2 0.2 0.2 0.2 0.2 0.2 0.2 0.2 0.2 0.2
 0.2 0.2 0.2 0.2 0.2 0.2 0.2 0.2 0.2 0.2 0.2 0.2
 0.2 0.2 0.2 0.2 0.2 0.2 0.2 0.2 0.2 0.2 0.2 0.2
 0.2 0.2 0.2 0.2 0.2 0.2 0.2 0.2 0.2 0.2 0.2 0.2
 0.2 0.2 0.2 0.2 0.2 0.2 0.2 0.2 0.2 0.2 0.2 0.2
 0.2 0.2 0.2 0.2 0.2 0.2 0.2 0.2 0.2 0.2 0.2 0.2
 0.2 0.2 0.2 0.2 0.2 0.2 0.2 0.2 0.2 0.2 0.2 0.2
 0.2 0.2 0.2 0.2 0.2 0.2 0.2 0.2 0.2 0.2 0.2 0.2
 0.2 0.2 0.2 0.2 0.2 0.2 0.2 0.2 0.2 0.2 0.2 0.2
 0.2 0.2 0.2 0.2 0.2 0.2 0.2 0.2 0.2 0.2 0.2 0.2
 0.2 0.2 0.2 0.2 0.2 0.2 0.2 0.2 0.2 0.2 0.2 0.2
 0.2 0.2 0.2 0.2 0.2 0.2 0.2 0.2 0.2 0.2 0.2 0.2
 0.2 0.2 0.2 0.2 0.2 0.2 0.2 0.2 0.2 0.2 0.2 0.2
 0.2 0.2 0.2 0.2 0.2 0.2 0.2 0.2 0.2 0.2 0.2 0.2
# mean_log_rec
13.7509
# log_Rzero
13.8014
# rec_dev
 -0.0216998 -0.0263912 -0.0410462 -0.195453 0.000280472 0.00332039 0.137311 0.0555025 -0.142781 0.0714315 0.0491714 0.026321 0.0820131 0.21161 0.147415 -0.0128785 0.00479044 -0.0246702 -0.181311 -0.209869 0.182766 0.331114 -0.167346 -0.0364156 -0.171347 0.00383933 0.20345 0.0292535 0.128412 -0.10156 -0.329033 -0.165693 -0.278365 0.242773 -0.1581 -0.207453 -0.0958788 0.143455 -0.609177 -0.221753 -0.374861 -0.0985961
# fmort
 0.00936066 0.0269755 0.044566 0.0603277 0.0486245 0.0870585 0.0888323 0.188647 0.108758 0.13281 0.151257 0.161013 0.117243 0.172067 0.180602 0.160748 0.312599 0.255359 0.256454 0.251202 0.351306 0.256166 0.42298 0.349679 0.346251 0.315342 0.305075 0.423666 0.319657 0.491803
# rec_dev_future
 0 0 0 0 0
