AMAK;Mar 2020
# styr
1
# endyr
30
# rec_age
1
# oldest_age
12
# nlength
81
# len_bins
 10 11 12 13 14 15 16 17 18 19 20 21 22 23 24 25 26 27 28 29 30 31 32 33 34 35 36 37 38 39 40 41 42 43 44 45 46 47 48 49 50 51 52 53 54 55 56 57 58 59 60 61 62 63 64 65 66 67 68 69 70 71 72 73 74 75 76 77 78 79 80 81 82 83 84 85 86 87 88 89 90
# datafile_name
amak_data.dat
# model_name
AMAK_MCP
# styr
1
# endyr
30
# rec_age
1
# oldest_age
12
# nfsh
1
# fshname
FLEET1
# catch_bio_in
 160.427 463.535 735.998 958.085 733.179 1267.95 1222.78 2320.82 1224.12 1395.27 1464.33 1417.85 960.6 1312.95 1283.85 1100.38 1956.06 1449.53 1356.9 1328.96 1749.23 1214.98 1861.11 1378.6 1262.53 1079.99 1010.75 1318.17 942.336 1330.13
# catch_bio_sd_in
 0.01 0.01 0.01 0.01 0.01 0.01 0.01 0.01 0.01 0.01 0.01 0.01 0.01 0.01 0.01 0.01 0.01 0.01 0.01 0.01 0.01 0.01 0.01 0.01 0.01 0.01 0.01 0.01 0.01 0.01
# nyrs_fsh_age
 30
# nyrs_fsh_length
 0
# yrs_fsh_age_in
 1 2 3 4 5 6 7 8 9 10 11 12 13 14 15 16 17 18 19 20 21 22 23 24 25 26 27 28 29 30
# yrs_fsh_length_in

# n_sample_fsh_length_in

# olc_fsh_in

# nind
1
# indname
SURVEY1
# nyrs_ind
 30
# yrs_ind_in
 1 2 3 4 5 6 7 8 9 10 11 12 13 14 15 16 17 18 19 20 21 22 23 24 25 26 27 28 29 30
# mo_ind
 1
# obs_ind_in
 1.41954 1.47605 1.77309 1.32172 1.63211 1.42959 1.17847 1.3171 0.944595 1.36971 1.00907 1.09803 1.00326 0.765286 0.824727 0.724116 0.678213 1.02947 0.956252 0.802612 0.97369 0.917988 0.825717 0.64744 0.751792 0.669673 0.579873 0.701 0.529205 0.523269
# obs_se_ind_in
 0.283908 0.29521 0.354617 0.264345 0.326421 0.285918 0.235694 0.263421 0.188919 0.273941 0.201815 0.219606 0.200653 0.153057 0.164945 0.144823 0.135643 0.205894 0.19125 0.160522 0.194738 0.183598 0.165143 0.129488 0.150358 0.133935 0.115975 0.1402 0.105841 0.104654
# nyrs_ind_age
 30
# nyrs_ind_length
 0
# yrs_ind_age_in
 1 2 3 4 5 6 7 8 9 10 11 12 13 14 15 16 17 18 19 20 21 22 23 24 25 26 27 28 29 30
# yrs_ind_length_in

# yrs_ind_age_in
 1 2 3 4 5 6 7 8 9 10 11 12 13 14 15 16 17 18 19 20 21 22 23 24 25 26 27 28 29 30
# n_sample_ind_length_in

# olc_ind_in

# oac_ind_in
 0.075 0.125 0.125 0.16 0.135 0.07 0.065 0.065 0.01 0.01 0.03 0.13
 0.03 0.155 0.13 0.095 0.115 0.115 0.055 0.085 0.04 0.035 0.035 0.11
 0.085 0.11 0.145 0.13 0.105 0.08 0.065 0.05 0.065 0.02 0.015 0.13
 0.045 0.17 0.105 0.13 0.075 0.08 0.08 0.055 0.04 0.06 0.02 0.14
 0.09 0.155 0.165 0.07 0.12 0.04 0.1 0.065 0.035 0.04 0.03 0.09
 0.04 0.15 0.175 0.14 0.09 0.075 0.065 0.04 0.07 0.01 0.04 0.105
 0.035 0.135 0.2 0.175 0.14 0.055 0.04 0.06 0.035 0.01 0 0.115
 0.08 0.13 0.135 0.18 0.105 0.1 0.035 0.025 0.06 0.025 0.015 0.11
 0.065 0.125 0.18 0.115 0.14 0.1 0.035 0.035 0.035 0.015 0.01 0.145
 0.015 0.24 0.14 0.15 0.095 0.09 0.075 0.025 0.01 0.01 0.025 0.125
 0.04 0.11 0.215 0.105 0.095 0.09 0.095 0.04 0.055 0.015 0.015 0.125
 0.085 0.125 0.11 0.21 0.105 0.045 0.05 0.105 0.055 0.01 0.02 0.08
 0.075 0.16 0.13 0.105 0.125 0.1 0.1 0.06 0.025 0.025 0.01 0.085
 0.09 0.125 0.235 0.14 0.1 0.09 0.03 0.03 0.045 0.035 0.02 0.06
 0.06 0.285 0.125 0.18 0.08 0.03 0.055 0.045 0.025 0.01 0.035 0.07
 0.06 0.145 0.32 0.09 0.125 0.07 0.035 0.025 0.035 0.04 0.005 0.05
 0.07 0.195 0.185 0.21 0.06 0.07 0.05 0.035 0.025 0 0.025 0.075
 0.115 0.22 0.175 0.115 0.13 0.035 0.085 0.02 0.015 0.035 0.02 0.035
 0.1 0.28 0.2 0.1 0.1 0.07 0.03 0.03 0.015 0.015 0.025 0.035
 0.155 0.235 0.235 0.155 0.075 0.025 0.055 0.005 0.01 0.015 0.005 0.03
 0.08 0.31 0.205 0.165 0.105 0.03 0.015 0.04 0 0.005 0.005 0.04
 0.115 0.215 0.27 0.115 0.115 0.075 0.045 0.01 0.015 0.005 0.01 0.01
 0.09 0.27 0.18 0.145 0.105 0.12 0.025 0.025 0.015 0.01 0 0.015
 0.095 0.23 0.265 0.14 0.115 0.035 0.065 0.005 0.02 0.005 0.02 0.005
 0.085 0.24 0.22 0.22 0.105 0.06 0.025 0.02 0.01 0.005 0 0.01
 0.125 0.18 0.27 0.13 0.15 0.055 0.025 0.03 0.005 0.01 0.01 0.01
 0.145 0.24 0.19 0.13 0.105 0.08 0.035 0.03 0.025 0.015 0 0.005
 0.12 0.325 0.19 0.105 0.135 0.045 0.02 0.01 0.015 0.015 0.01 0.01
 0.105 0.3 0.265 0.13 0.075 0.055 0.025 0.025 0.005 0.005 0 0.01
 0.125 0.295 0.235 0.18 0.075 0.02 0.02 0.005 0.015 0.015 0.005 0.01
# wt_ind
 1 1 1 1 1 1 1 1 1 1 1 1
 1 1 1 1 1 1 1 1 1 1 1 1
 1 1 1 1 1 1 1 1 1 1 1 1
 1 1 1 1 1 1 1 1 1 1 1 1
 1 1 1 1 1 1 1 1 1 1 1 1
 1 1 1 1 1 1 1 1 1 1 1 1
 1 1 1 1 1 1 1 1 1 1 1 1
 1 1 1 1 1 1 1 1 1 1 1 1
 1 1 1 1 1 1 1 1 1 1 1 1
 1 1 1 1 1 1 1 1 1 1 1 1
 1 1 1 1 1 1 1 1 1 1 1 1
 1 1 1 1 1 1 1 1 1 1 1 1
 1 1 1 1 1 1 1 1 1 1 1 1
 1 1 1 1 1 1 1 1 1 1 1 1
 1 1 1 1 1 1 1 1 1 1 1 1
 1 1 1 1 1 1 1 1 1 1 1 1
 1 1 1 1 1 1 1 1 1 1 1 1
 1 1 1 1 1 1 1 1 1 1 1 1
 1 1 1 1 1 1 1 1 1 1 1 1
 1 1 1 1 1 1 1 1 1 1 1 1
 1 1 1 1 1 1 1 1 1 1 1 1
 1 1 1 1 1 1 1 1 1 1 1 1
 1 1 1 1 1 1 1 1 1 1 1 1
 1 1 1 1 1 1 1 1 1 1 1 1
 1 1 1 1 1 1 1 1 1 1 1 1
 1 1 1 1 1 1 1 1 1 1 1 1
 1 1 1 1 1 1 1 1 1 1 1 1
 1 1 1 1 1 1 1 1 1 1 1 1
 1 1 1 1 1 1 1 1 1 1 1 1
 1 1 1 1 1 1 1 1 1 1 1 1
# wt_pop
 0.000530656 0.00119633 0.00205827 0.00303499 0.00405521 0.0050647 0.00602623 0.00691692 0.00772489 0.00844611 0.00908185 0.0096367
# maturity
 0.0229774 0.320821 0.904651 0.99478 0.999739 0.999987 0.999999 1 1 1 1 1
# spawnmo
1
# age_err
 1 0 0 0 0 0 0 0 0 0 0 0
 0 1 0 0 0 0 0 0 0 0 0 0
 0 0 1 0 0 0 0 0 0 0 0 0
 0 0 0 1 0 0 0 0 0 0 0 0
 0 0 0 0 1 0 0 0 0 0 0 0
 0 0 0 0 0 1 0 0 0 0 0 0
 0 0 0 0 0 0 1 0 0 0 0 0
 0 0 0 0 0 0 0 1 0 0 0 0
 0 0 0 0 0 0 0 0 1 0 0 0
 0 0 0 0 0 0 0 0 0 1 0 0
 0 0 0 0 0 0 0 0 0 0 1 0
 0 0 0 0 0 0 0 0 0 0 0 1
# cntrlfile_name
C:\Users\bai.li\DOCUME~1\Github\AGE_ST~1\ASSAMC\example\output\AMAK\s140\amak.dat
# Map shared selectivity: 
# sel_map
 1 2
 1 1
# datafile_name
amak_data.dat
# model_name
AMAK_MCP
# SrType
2
# use_age_err
0
# retro
0
# sigmarprior
0.2
# cvsigmarprior
0.25
# phase_sigmar
-3
# styr_rec_est
1
# endyr_rec_est
30
# Linfprior
80
# cvLinfprior
0.25
# kprior
0.18
# cvkprior
0.25
# Loprior
27.688
# cvLoprior
0.25
# sdageprior
0.1
# cvsdageprior
0.25
# natmortprior
0.2
# cvnatmortprior
0.25
# phase_M
-4
# npars_Mage
0
# ages_M_changes

# Mage_in

# Mage_offset_in

# phase_Mage
-5
# phase_rw_M
0
# npars_rw_M
0
# yrs_rw_M

# sigma_rw_M

# qprior
 3.48998e-007
# cvqprior
 1
# phase_q
 1
# q_power_prior
 1
# cvq_power_prior
 0.2
# phase_q_power
 -4
# phase_rw_q
 -1
# npars_rw_q
 0
# yrs_rw_q

# sigma_rw_q

# q_age_min
 1
# q_age_max
 12
# q_age_min
 1
# q_age_max
 12
# fsh_sel_opt(k)
2
# phase_sel_fsh(k)
2
# n_sel_ch_fsh(k)
1
# sel_slp_in_fsh(k)(1,n_sel_ch_fsh(k))
 1
# sel_inf_in_fsh(k)(1,n_sel_ch_fsh(k))
 2
# logsel_slp_in_fsh(k)(1,n_sel_ch_fsh(k))
 0
# yrs_sel_ch_fsh(k)(1,n_sel_ch_fsh(k))
 1

Survey SURVEY1
# ind_sel_opt(k)
2
# indname(k)
SURVEY1
# nselages_in_ind(k)
11
# phase_sel_ind(k)
2
# sel_change_in_ind(k)
 1 0 0 0 0 0 0 0 0 0 0 0 0 0 0 0 0 0 0 0 0 0 0 0 0 0 0 0 0 0
# n_sel_ch_ind(k)
1
# yrs_sel_ch_ind(k)(1,n_sel_ch_ind(k))
 1
# sel_slp_in_ind(k,1)
2
# sel_inf_in_ind(k,1)
1.5
# logsel_slp_in_ind(k,1)
0.693147
# logsel_slp_in_indv(k)
0.693147
SURVEY1 ind sel opt 2  1 0 0 0 0 0 0 0 0 0 0 0 0 0 0 0 0 0 0 0 0 0 0 0 0 0 0 0 0 0
Phase indices Sel_Coffs:  -1
 Test: 1.23457e+008
# Fshry Selages:  11
# Srvy  Selages:  11
# Phase for age-spec fishery  -1
# Phase for logistic fishery  2
# Phase for dble logistic fishery  -1
# Phase for age-spec indices   -1
# Phase for logistic indices   2
# Phase for dble logistic ind  -1
# Curv_pen_fsh: 
 0
# Curv_pen_ind: 
 0
# styr_fut
31
# endyr_fut
35
# nyrs_fsh_age
 30
# nyrs_fsh_age
 30
# yrs_fsh_age
 1 2 3 4 5 6 7 8 9 10 11 12 13 14 15 16 17 18 19 20 21 22 23 24 25 26 27 28 29 30
# n_sample_fsh_age
 200 200 200 200 200 200 200 200 200 200 200 200 200 200 200 200 200 200 200 200 200 200 200 200 200 200 200 200 200 200
# oac_fsh
 0.055 0.07 0.11 0.145 0.095 0.1 0.095 0.055 0.04 0.055 0.025 0.155
 0.05 0.11 0.13 0.125 0.125 0.095 0.08 0.06 0.06 0.03 0.015 0.12
 0.06 0.07 0.16 0.15 0.095 0.075 0.075 0.055 0.05 0.08 0.02 0.11
 0.125 0.105 0.085 0.15 0.11 0.065 0.075 0.07 0.05 0.03 0.03 0.105
 0.12 0.135 0.12 0.12 0.08 0.065 0.105 0.065 0.03 0.02 0.015 0.125
 0.075 0.14 0.125 0.135 0.065 0.065 0.095 0.045 0.045 0.055 0.045 0.11
 0.065 0.115 0.19 0.135 0.09 0.05 0.045 0.08 0.045 0.05 0.05 0.085
 0.075 0.07 0.095 0.19 0.12 0.075 0.035 0.075 0.055 0.035 0.045 0.13
 0.115 0.12 0.13 0.11 0.135 0.115 0.05 0.02 0.06 0.04 0.01 0.095
 0.045 0.16 0.135 0.15 0.095 0.09 0.09 0.06 0.035 0.03 0.02 0.09
 0.085 0.085 0.195 0.12 0.085 0.105 0.07 0.05 0.04 0.025 0.03 0.11
 0.09 0.13 0.16 0.155 0.095 0.05 0.08 0.095 0.04 0.025 0.015 0.065
 0.06 0.18 0.2 0.105 0.125 0.05 0.06 0.035 0.08 0.015 0.03 0.06
 0.16 0.08 0.18 0.1 0.075 0.115 0.07 0.04 0.02 0.055 0.01 0.095
 0.145 0.15 0.08 0.12 0.11 0.07 0.09 0.06 0.035 0.035 0.035 0.07
 0.1 0.195 0.245 0.06 0.14 0.065 0.025 0.045 0.05 0.02 0 0.055
 0.16 0.115 0.135 0.21 0.06 0.07 0.065 0.02 0.05 0.01 0.03 0.075
 0.195 0.205 0.165 0.16 0.095 0.03 0.055 0.03 0.015 0.01 0 0.04
 0.115 0.24 0.205 0.085 0.125 0.06 0.03 0.055 0.03 0.01 0.01 0.035
 0.14 0.135 0.205 0.17 0.13 0.08 0.04 0.025 0.01 0.02 0.01 0.035
 0.12 0.175 0.22 0.145 0.1 0.095 0.045 0.025 0.02 0.015 0.005 0.035
 0.225 0.145 0.24 0.13 0.12 0.06 0.01 0.025 0.005 0.005 0.005 0.03
 0.1 0.23 0.165 0.18 0.115 0.11 0.04 0.015 0.015 0.01 0 0.02
 0.13 0.145 0.25 0.16 0.125 0.065 0.055 0.015 0.02 0.02 0.005 0.01
 0.055 0.24 0.18 0.185 0.125 0.09 0.04 0.03 0.02 0.005 0.01 0.02
 0.16 0.15 0.19 0.115 0.155 0.115 0.05 0.02 0.025 0.01 0 0.01
 0.205 0.205 0.15 0.2 0.065 0.07 0.04 0.025 0.01 0.015 0.01 0.005
 0.135 0.26 0.19 0.14 0.075 0.05 0.06 0.05 0.01 0.005 0.005 0.02
 0.2 0.205 0.21 0.13 0.085 0.05 0.03 0.045 0.005 0.025 0.005 0.01
 0.16 0.235 0.245 0.19 0.055 0.03 0.045 0.025 0.005 0.005 0 0.005
# olc_fsh

# wt_fsh
 0.000530656 0.00119633 0.00205827 0.00303499 0.00405521 0.0050647 0.00602623 0.00691692 0.00772489 0.00844611 0.00908185 0.0096367
 0.000530656 0.00119633 0.00205827 0.00303499 0.00405521 0.0050647 0.00602623 0.00691692 0.00772489 0.00844611 0.00908185 0.0096367
 0.000530656 0.00119633 0.00205827 0.00303499 0.00405521 0.0050647 0.00602623 0.00691692 0.00772489 0.00844611 0.00908185 0.0096367
 0.000530656 0.00119633 0.00205827 0.00303499 0.00405521 0.0050647 0.00602623 0.00691692 0.00772489 0.00844611 0.00908185 0.0096367
 0.000530656 0.00119633 0.00205827 0.00303499 0.00405521 0.0050647 0.00602623 0.00691692 0.00772489 0.00844611 0.00908185 0.0096367
 0.000530656 0.00119633 0.00205827 0.00303499 0.00405521 0.0050647 0.00602623 0.00691692 0.00772489 0.00844611 0.00908185 0.0096367
 0.000530656 0.00119633 0.00205827 0.00303499 0.00405521 0.0050647 0.00602623 0.00691692 0.00772489 0.00844611 0.00908185 0.0096367
 0.000530656 0.00119633 0.00205827 0.00303499 0.00405521 0.0050647 0.00602623 0.00691692 0.00772489 0.00844611 0.00908185 0.0096367
 0.000530656 0.00119633 0.00205827 0.00303499 0.00405521 0.0050647 0.00602623 0.00691692 0.00772489 0.00844611 0.00908185 0.0096367
 0.000530656 0.00119633 0.00205827 0.00303499 0.00405521 0.0050647 0.00602623 0.00691692 0.00772489 0.00844611 0.00908185 0.0096367
 0.000530656 0.00119633 0.00205827 0.00303499 0.00405521 0.0050647 0.00602623 0.00691692 0.00772489 0.00844611 0.00908185 0.0096367
 0.000530656 0.00119633 0.00205827 0.00303499 0.00405521 0.0050647 0.00602623 0.00691692 0.00772489 0.00844611 0.00908185 0.0096367
 0.000530656 0.00119633 0.00205827 0.00303499 0.00405521 0.0050647 0.00602623 0.00691692 0.00772489 0.00844611 0.00908185 0.0096367
 0.000530656 0.00119633 0.00205827 0.00303499 0.00405521 0.0050647 0.00602623 0.00691692 0.00772489 0.00844611 0.00908185 0.0096367
 0.000530656 0.00119633 0.00205827 0.00303499 0.00405521 0.0050647 0.00602623 0.00691692 0.00772489 0.00844611 0.00908185 0.0096367
 0.000530656 0.00119633 0.00205827 0.00303499 0.00405521 0.0050647 0.00602623 0.00691692 0.00772489 0.00844611 0.00908185 0.0096367
 0.000530656 0.00119633 0.00205827 0.00303499 0.00405521 0.0050647 0.00602623 0.00691692 0.00772489 0.00844611 0.00908185 0.0096367
 0.000530656 0.00119633 0.00205827 0.00303499 0.00405521 0.0050647 0.00602623 0.00691692 0.00772489 0.00844611 0.00908185 0.0096367
 0.000530656 0.00119633 0.00205827 0.00303499 0.00405521 0.0050647 0.00602623 0.00691692 0.00772489 0.00844611 0.00908185 0.0096367
 0.000530656 0.00119633 0.00205827 0.00303499 0.00405521 0.0050647 0.00602623 0.00691692 0.00772489 0.00844611 0.00908185 0.0096367
 0.000530656 0.00119633 0.00205827 0.00303499 0.00405521 0.0050647 0.00602623 0.00691692 0.00772489 0.00844611 0.00908185 0.0096367
 0.000530656 0.00119633 0.00205827 0.00303499 0.00405521 0.0050647 0.00602623 0.00691692 0.00772489 0.00844611 0.00908185 0.0096367
 0.000530656 0.00119633 0.00205827 0.00303499 0.00405521 0.0050647 0.00602623 0.00691692 0.00772489 0.00844611 0.00908185 0.0096367
 0.000530656 0.00119633 0.00205827 0.00303499 0.00405521 0.0050647 0.00602623 0.00691692 0.00772489 0.00844611 0.00908185 0.0096367
 0.000530656 0.00119633 0.00205827 0.00303499 0.00405521 0.0050647 0.00602623 0.00691692 0.00772489 0.00844611 0.00908185 0.0096367
 0.000530656 0.00119633 0.00205827 0.00303499 0.00405521 0.0050647 0.00602623 0.00691692 0.00772489 0.00844611 0.00908185 0.0096367
 0.000530656 0.00119633 0.00205827 0.00303499 0.00405521 0.0050647 0.00602623 0.00691692 0.00772489 0.00844611 0.00908185 0.0096367
 0.000530656 0.00119633 0.00205827 0.00303499 0.00405521 0.0050647 0.00602623 0.00691692 0.00772489 0.00844611 0.00908185 0.0096367
 0.000530656 0.00119633 0.00205827 0.00303499 0.00405521 0.0050647 0.00602623 0.00691692 0.00772489 0.00844611 0.00908185 0.0096367
 0.000530656 0.00119633 0.00205827 0.00303499 0.00405521 0.0050647 0.00602623 0.00691692 0.00772489 0.00844611 0.00908185 0.0096367
# nyrs_ind_age
 30
# yrs_ind_age
 1 2 3 4 5 6 7 8 9 10 11 12 13 14 15 16 17 18 19 20 21 22 23 24 25 26 27 28 29 30
# n_sample_ind_age
 200 200 200 200 200 200 200 200 200 200 200 200 200 200 200 200 200 200 200 200 200 200 200 200 200 200 200 200 200 200
# oac_ind
 0.075 0.125 0.125 0.16 0.135 0.07 0.065 0.065 0.01 0.01 0.03 0.13
 0.03 0.155 0.13 0.095 0.115 0.115 0.055 0.085 0.04 0.035 0.035 0.11
 0.085 0.11 0.145 0.13 0.105 0.08 0.065 0.05 0.065 0.02 0.015 0.13
 0.045 0.17 0.105 0.13 0.075 0.08 0.08 0.055 0.04 0.06 0.02 0.14
 0.09 0.155 0.165 0.07 0.12 0.04 0.1 0.065 0.035 0.04 0.03 0.09
 0.04 0.15 0.175 0.14 0.09 0.075 0.065 0.04 0.07 0.01 0.04 0.105
 0.035 0.135 0.2 0.175 0.14 0.055 0.04 0.06 0.035 0.01 0 0.115
 0.08 0.13 0.135 0.18 0.105 0.1 0.035 0.025 0.06 0.025 0.015 0.11
 0.065 0.125 0.18 0.115 0.14 0.1 0.035 0.035 0.035 0.015 0.01 0.145
 0.015 0.24 0.14 0.15 0.095 0.09 0.075 0.025 0.01 0.01 0.025 0.125
 0.04 0.11 0.215 0.105 0.095 0.09 0.095 0.04 0.055 0.015 0.015 0.125
 0.085 0.125 0.11 0.21 0.105 0.045 0.05 0.105 0.055 0.01 0.02 0.08
 0.075 0.16 0.13 0.105 0.125 0.1 0.1 0.06 0.025 0.025 0.01 0.085
 0.09 0.125 0.235 0.14 0.1 0.09 0.03 0.03 0.045 0.035 0.02 0.06
 0.06 0.285 0.125 0.18 0.08 0.03 0.055 0.045 0.025 0.01 0.035 0.07
 0.06 0.145 0.32 0.09 0.125 0.07 0.035 0.025 0.035 0.04 0.005 0.05
 0.07 0.195 0.185 0.21 0.06 0.07 0.05 0.035 0.025 0 0.025 0.075
 0.115 0.22 0.175 0.115 0.13 0.035 0.085 0.02 0.015 0.035 0.02 0.035
 0.1 0.28 0.2 0.1 0.1 0.07 0.03 0.03 0.015 0.015 0.025 0.035
 0.155 0.235 0.235 0.155 0.075 0.025 0.055 0.005 0.01 0.015 0.005 0.03
 0.08 0.31 0.205 0.165 0.105 0.03 0.015 0.04 0 0.005 0.005 0.04
 0.115 0.215 0.27 0.115 0.115 0.075 0.045 0.01 0.015 0.005 0.01 0.01
 0.09 0.27 0.18 0.145 0.105 0.12 0.025 0.025 0.015 0.01 0 0.015
 0.095 0.23 0.265 0.14 0.115 0.035 0.065 0.005 0.02 0.005 0.02 0.005
 0.085 0.24 0.22 0.22 0.105 0.06 0.025 0.02 0.01 0.005 0 0.01
 0.125 0.18 0.27 0.13 0.15 0.055 0.025 0.03 0.005 0.01 0.01 0.01
 0.145 0.24 0.19 0.13 0.105 0.08 0.035 0.03 0.025 0.015 0 0.005
 0.12 0.325 0.19 0.105 0.135 0.045 0.02 0.01 0.015 0.015 0.01 0.01
 0.105 0.3 0.265 0.13 0.075 0.055 0.025 0.025 0.005 0.005 0 0.01
 0.125 0.295 0.235 0.18 0.075 0.02 0.02 0.005 0.015 0.015 0.005 0.01
# olc_ind

# obs_lse_ind
 0.198042 0.198042 0.198042 0.198042 0.198042 0.198042 0.198042 0.198042 0.198042 0.198042 0.198042 0.198042 0.198042 0.198042 0.198042 0.198042 0.198042 0.198042 0.198042 0.198042 0.198042 0.198042 0.198042 0.198042 0.198042 0.198042 0.198042 0.198042 0.198042 0.198042
# xages_fsh
 0 0 0 0 0 0 0 0 0 0 0 0
# xages_fsh
 0 0.0909091 0.181818 0.272727 0.363636 0.454545 0.545455 0.636364 0.727273 0.818182 0.909091 1
# xnodes_fsh

Yrs fsh_sel change:  1 0 0 0 0 0 0 0 0 0 0 0 0 0 0 0 0 0 0 0 0 0 0 0 0 0 0 0 0
Yrs ind_sel change:  1 0 0 0 0 0 0 0 0 0 0 0 0 0 0 0 0 0 0 0 0 0 0 0 0 0 0 0 0
# steepnessprior
0.75
# sigmarprior
0.2
#  SSB estimated in styr endyr: -13 28 
#  Rec estimated in styr endyr: -11 30 
#  SR Curve fit  in styr endyr: 1 30 
#             Model styr endyr: 1 30 
# qprior
 3.48998e-007
# q_power_prior 
 1 
# cv_catchbiomass 
0.05 
# CatchbiomassPen 
200 
# Number of projection years 
5 
# offset_fsh
 13401
# offset_ind
 12953.2
Mean Catch
1242.05
R_guess 
15.3847
# nfsh
1
# n_sel_ch_fsh
 1
# nselages_fsh
 11
# phase_selcoff_fsh
 -1
logRzero 15.3847
logmeanrec 15.3847
exp(log_sigmarprior 0.2
Fish sel phase: -1 FLEET1
Fixing fishery sel to
1
Srvy sel phase: -1
Fixing SURVEY1 indices sel to
1
# logsel_slp_in_indv
 0.693147
Leaving parameter init secton
# M
 0.2 0.2 0.2 0.2 0.2 0.2 0.2 0.2 0.2 0.2 0.2 0.2
 0.2 0.2 0.2 0.2 0.2 0.2 0.2 0.2 0.2 0.2 0.2 0.2
 0.2 0.2 0.2 0.2 0.2 0.2 0.2 0.2 0.2 0.2 0.2 0.2
 0.2 0.2 0.2 0.2 0.2 0.2 0.2 0.2 0.2 0.2 0.2 0.2
 0.2 0.2 0.2 0.2 0.2 0.2 0.2 0.2 0.2 0.2 0.2 0.2
 0.2 0.2 0.2 0.2 0.2 0.2 0.2 0.2 0.2 0.2 0.2 0.2
 0.2 0.2 0.2 0.2 0.2 0.2 0.2 0.2 0.2 0.2 0.2 0.2
 0.2 0.2 0.2 0.2 0.2 0.2 0.2 0.2 0.2 0.2 0.2 0.2
 0.2 0.2 0.2 0.2 0.2 0.2 0.2 0.2 0.2 0.2 0.2 0.2
 0.2 0.2 0.2 0.2 0.2 0.2 0.2 0.2 0.2 0.2 0.2 0.2
 0.2 0.2 0.2 0.2 0.2 0.2 0.2 0.2 0.2 0.2 0.2 0.2
 0.2 0.2 0.2 0.2 0.2 0.2 0.2 0.2 0.2 0.2 0.2 0.2
 0.2 0.2 0.2 0.2 0.2 0.2 0.2 0.2 0.2 0.2 0.2 0.2
 0.2 0.2 0.2 0.2 0.2 0.2 0.2 0.2 0.2 0.2 0.2 0.2
 0.2 0.2 0.2 0.2 0.2 0.2 0.2 0.2 0.2 0.2 0.2 0.2
 0.2 0.2 0.2 0.2 0.2 0.2 0.2 0.2 0.2 0.2 0.2 0.2
 0.2 0.2 0.2 0.2 0.2 0.2 0.2 0.2 0.2 0.2 0.2 0.2
 0.2 0.2 0.2 0.2 0.2 0.2 0.2 0.2 0.2 0.2 0.2 0.2
 0.2 0.2 0.2 0.2 0.2 0.2 0.2 0.2 0.2 0.2 0.2 0.2
 0.2 0.2 0.2 0.2 0.2 0.2 0.2 0.2 0.2 0.2 0.2 0.2
 0.2 0.2 0.2 0.2 0.2 0.2 0.2 0.2 0.2 0.2 0.2 0.2
 0.2 0.2 0.2 0.2 0.2 0.2 0.2 0.2 0.2 0.2 0.2 0.2
 0.2 0.2 0.2 0.2 0.2 0.2 0.2 0.2 0.2 0.2 0.2 0.2
 0.2 0.2 0.2 0.2 0.2 0.2 0.2 0.2 0.2 0.2 0.2 0.2
 0.2 0.2 0.2 0.2 0.2 0.2 0.2 0.2 0.2 0.2 0.2 0.2
 0.2 0.2 0.2 0.2 0.2 0.2 0.2 0.2 0.2 0.2 0.2 0.2
 0.2 0.2 0.2 0.2 0.2 0.2 0.2 0.2 0.2 0.2 0.2 0.2
 0.2 0.2 0.2 0.2 0.2 0.2 0.2 0.2 0.2 0.2 0.2 0.2
 0.2 0.2 0.2 0.2 0.2 0.2 0.2 0.2 0.2 0.2 0.2 0.2
 0.2 0.2 0.2 0.2 0.2 0.2 0.2 0.2 0.2 0.2 0.2 0.2
# mean_log_rec
13.7386
# log_Rzero
13.7576
# rec_dev
 -0.0629868 -0.0759551 -0.10759 -0.115051 -0.247744 0.0562358 0.137476 0.0335331 0.0929849 0.169462 0.00157551 0.0511298 0.0661722 -0.269752 0.103989 0.205029 0.376915 -0.0365418 -0.0555994 -0.105488 0.156873 -0.416663 -0.220438 -0.0199574 -0.589956 0.171176 -0.111817 -0.18105 0.0554888 0.233779 -0.0250262 0.178668 -0.0534198 0.176379 -0.271451 -0.158511 -0.522085 -0.323839 -0.0547412 -0.199664 -0.188963 -0.286009
# fmort
 0.00938529 0.0274006 0.0448192 0.0610251 0.0484821 0.0870561 0.0881327 0.183191 0.106741 0.130373 0.148889 0.158265 0.115455 0.168352 0.178094 0.161338 0.315805 0.263184 0.260775 0.262326 0.365631 0.266511 0.438008 0.363742 0.364026 0.339076 0.33774 0.481616 0.36819 0.558511
# rec_dev_future
 0 0 0 0 0
