AMAK;Mar 2020
# styr
1
# endyr
30
# rec_age
1
# oldest_age
12
# nlength
81
# len_bins
 10 11 12 13 14 15 16 17 18 19 20 21 22 23 24 25 26 27 28 29 30 31 32 33 34 35 36 37 38 39 40 41 42 43 44 45 46 47 48 49 50 51 52 53 54 55 56 57 58 59 60 61 62 63 64 65 66 67 68 69 70 71 72 73 74 75 76 77 78 79 80 81 82 83 84 85 86 87 88 89 90
# datafile_name
amak_data.dat
# model_name
AMAK_MCP
# styr
1
# endyr
30
# rec_age
1
# oldest_age
12
# nfsh
1
# fshname
FLEET1
# catch_bio_in
 161.842 461.453 742.292 970.265 742.279 1278.34 1220.81 2321.58 1242.64 1448.02 1545.24 1561.12 1064.72 1465.5 1467.72 1274.83 2328.59 1706.1 1546.41 1390.76 1756.25 1180.17 1763.21 1279.62 1165.29 1023.23 992.58 1336 959.408 1363.27
# catch_bio_sd_in
 0.01 0.01 0.01 0.01 0.01 0.01 0.01 0.01 0.01 0.01 0.01 0.01 0.01 0.01 0.01 0.01 0.01 0.01 0.01 0.01 0.01 0.01 0.01 0.01 0.01 0.01 0.01 0.01 0.01 0.01
# nyrs_fsh_age
 30
# nyrs_fsh_length
 0
# yrs_fsh_age_in
 1 2 3 4 5 6 7 8 9 10 11 12 13 14 15 16 17 18 19 20 21 22 23 24 25 26 27 28 29 30
# yrs_fsh_length_in

# n_sample_fsh_length_in

# olc_fsh_in

# nind
1
# indname
SURVEY1
# nyrs_ind
 30
# yrs_ind_in
 1 2 3 4 5 6 7 8 9 10 11 12 13 14 15 16 17 18 19 20 21 22 23 24 25 26 27 28 29 30
# mo_ind
 1
# obs_ind_in
 1.4207 1.31497 1.48482 1.54063 1.449 1.45362 1.43807 1.24752 1.08458 1.34196 1.27859 0.903965 1.12927 0.986446 0.971682 0.932753 1.22035 0.981503 0.737421 0.810673 0.844584 0.678712 0.864753 0.549533 0.639474 0.603818 0.515615 0.838135 0.536766 0.522818
# obs_se_ind_in
 0.28414 0.262995 0.296965 0.308127 0.2898 0.290725 0.287613 0.249504 0.216915 0.268392 0.255719 0.180793 0.225854 0.197289 0.194336 0.186551 0.24407 0.196301 0.147484 0.162135 0.168917 0.135742 0.172951 0.109907 0.127895 0.120764 0.103123 0.167627 0.107353 0.104564
# nyrs_ind_age
 30
# nyrs_ind_length
 0
# yrs_ind_age_in
 1 2 3 4 5 6 7 8 9 10 11 12 13 14 15 16 17 18 19 20 21 22 23 24 25 26 27 28 29 30
# yrs_ind_length_in

# yrs_ind_age_in
 1 2 3 4 5 6 7 8 9 10 11 12 13 14 15 16 17 18 19 20 21 22 23 24 25 26 27 28 29 30
# n_sample_ind_length_in

# olc_ind_in

# oac_ind_in
 0.095 0.135 0.165 0.11 0.09 0.055 0.085 0.035 0.07 0.02 0.025 0.115
 0.075 0.155 0.135 0.145 0.05 0.085 0.04 0.075 0.05 0.05 0.03 0.11
 0.09 0.17 0.12 0.11 0.105 0.065 0.05 0.045 0.045 0.045 0.04 0.115
 0.055 0.105 0.175 0.155 0.1 0.08 0.065 0.04 0.03 0.03 0.045 0.12
 0.075 0.14 0.115 0.155 0.085 0.075 0.065 0.04 0.04 0.04 0.015 0.155
 0.075 0.135 0.115 0.14 0.12 0.115 0.06 0.04 0.06 0.02 0.015 0.105
 0.09 0.145 0.175 0.095 0.1 0.065 0.045 0.07 0.055 0.035 0.005 0.12
 0.105 0.14 0.185 0.13 0.095 0.05 0.05 0.055 0.05 0.05 0.015 0.075
 0.07 0.2 0.18 0.09 0.085 0.03 0.05 0.04 0.035 0.015 0.04 0.165
 0.1 0.17 0.195 0.135 0.095 0.09 0.015 0.065 0.025 0.005 0.02 0.085
 0.04 0.205 0.225 0.175 0.1 0.055 0.02 0.035 0.02 0.015 0.025 0.085
 0.06 0.175 0.205 0.155 0.145 0.06 0.02 0.025 0.02 0.01 0.03 0.095
 0.11 0.125 0.195 0.145 0.125 0.06 0.025 0.065 0.04 0.02 0.025 0.065
 0.07 0.245 0.14 0.12 0.135 0.09 0.05 0.03 0.015 0.015 0.035 0.055
 0.12 0.17 0.185 0.095 0.08 0.12 0.09 0.055 0.025 0.03 0 0.03
 0.145 0.205 0.215 0.125 0.03 0.055 0.06 0.05 0.03 0.035 0.01 0.04
 0.085 0.22 0.22 0.12 0.1 0.055 0.06 0.035 0.04 0.04 0.015 0.01
 0.065 0.165 0.29 0.17 0.055 0.11 0.02 0.01 0.04 0.015 0 0.06
 0.125 0.17 0.215 0.14 0.135 0.05 0.05 0 0.015 0.03 0.025 0.045
 0.14 0.18 0.165 0.13 0.155 0.105 0.03 0.035 0.015 0.01 0.01 0.025
 0.12 0.28 0.205 0.14 0.045 0.08 0.05 0.03 0.03 0 0.01 0.01
 0.08 0.185 0.36 0.145 0.055 0.05 0.075 0.015 0.01 0.01 0.005 0.01
 0.09 0.225 0.105 0.25 0.08 0.035 0.06 0.06 0.04 0.01 0.03 0.015
 0.075 0.21 0.175 0.18 0.15 0.07 0.04 0.03 0.035 0 0.005 0.03
 0.125 0.32 0.215 0.155 0.06 0.055 0.025 0.015 0.005 0.015 0 0.01
 0.11 0.245 0.215 0.16 0.095 0.03 0.09 0.02 0 0.015 0.015 0.005
 0.105 0.27 0.23 0.15 0.065 0.06 0.025 0.035 0.025 0.015 0 0.02
 0.135 0.3 0.195 0.15 0.085 0.035 0.035 0.02 0.02 0.005 0.005 0.015
 0.11 0.315 0.23 0.145 0.065 0.06 0.035 0.015 0 0.015 0.005 0.005
 0.12 0.225 0.21 0.18 0.1 0.055 0.05 0.015 0.02 0.005 0.005 0.015
# wt_ind
 1 1 1 1 1 1 1 1 1 1 1 1
 1 1 1 1 1 1 1 1 1 1 1 1
 1 1 1 1 1 1 1 1 1 1 1 1
 1 1 1 1 1 1 1 1 1 1 1 1
 1 1 1 1 1 1 1 1 1 1 1 1
 1 1 1 1 1 1 1 1 1 1 1 1
 1 1 1 1 1 1 1 1 1 1 1 1
 1 1 1 1 1 1 1 1 1 1 1 1
 1 1 1 1 1 1 1 1 1 1 1 1
 1 1 1 1 1 1 1 1 1 1 1 1
 1 1 1 1 1 1 1 1 1 1 1 1
 1 1 1 1 1 1 1 1 1 1 1 1
 1 1 1 1 1 1 1 1 1 1 1 1
 1 1 1 1 1 1 1 1 1 1 1 1
 1 1 1 1 1 1 1 1 1 1 1 1
 1 1 1 1 1 1 1 1 1 1 1 1
 1 1 1 1 1 1 1 1 1 1 1 1
 1 1 1 1 1 1 1 1 1 1 1 1
 1 1 1 1 1 1 1 1 1 1 1 1
 1 1 1 1 1 1 1 1 1 1 1 1
 1 1 1 1 1 1 1 1 1 1 1 1
 1 1 1 1 1 1 1 1 1 1 1 1
 1 1 1 1 1 1 1 1 1 1 1 1
 1 1 1 1 1 1 1 1 1 1 1 1
 1 1 1 1 1 1 1 1 1 1 1 1
 1 1 1 1 1 1 1 1 1 1 1 1
 1 1 1 1 1 1 1 1 1 1 1 1
 1 1 1 1 1 1 1 1 1 1 1 1
 1 1 1 1 1 1 1 1 1 1 1 1
 1 1 1 1 1 1 1 1 1 1 1 1
# wt_pop
 0.000530656 0.00119633 0.00205827 0.00303499 0.00405521 0.0050647 0.00602623 0.00691692 0.00772489 0.00844611 0.00908185 0.0096367
# maturity
 0.0229774 0.320821 0.904651 0.99478 0.999739 0.999987 0.999999 1 1 1 1 1
# spawnmo
1
# age_err
 1 0 0 0 0 0 0 0 0 0 0 0
 0 1 0 0 0 0 0 0 0 0 0 0
 0 0 1 0 0 0 0 0 0 0 0 0
 0 0 0 1 0 0 0 0 0 0 0 0
 0 0 0 0 1 0 0 0 0 0 0 0
 0 0 0 0 0 1 0 0 0 0 0 0
 0 0 0 0 0 0 1 0 0 0 0 0
 0 0 0 0 0 0 0 1 0 0 0 0
 0 0 0 0 0 0 0 0 1 0 0 0
 0 0 0 0 0 0 0 0 0 1 0 0
 0 0 0 0 0 0 0 0 0 0 1 0
 0 0 0 0 0 0 0 0 0 0 0 1
# cntrlfile_name
C:\Users\bai.li\DOCUME~1\Github\AGE_ST~1\ASSAMC\example\output\AMAK\s116\amak.dat
# Map shared selectivity: 
# sel_map
 1 2
 1 1
# datafile_name
amak_data.dat
# model_name
AMAK_MCP
# SrType
2
# use_age_err
0
# retro
0
# sigmarprior
0.2
# cvsigmarprior
0.25
# phase_sigmar
-3
# styr_rec_est
1
# endyr_rec_est
30
# Linfprior
80
# cvLinfprior
0.25
# kprior
0.18
# cvkprior
0.25
# Loprior
27.688
# cvLoprior
0.25
# sdageprior
0.1
# cvsdageprior
0.25
# natmortprior
0.2
# cvnatmortprior
0.25
# phase_M
-4
# npars_Mage
0
# ages_M_changes

# Mage_in

# Mage_offset_in

# phase_Mage
-5
# phase_rw_M
0
# npars_rw_M
0
# yrs_rw_M

# sigma_rw_M

# qprior
 3.48998e-007
# cvqprior
 1
# phase_q
 1
# q_power_prior
 1
# cvq_power_prior
 0.2
# phase_q_power
 -4
# phase_rw_q
 -1
# npars_rw_q
 0
# yrs_rw_q

# sigma_rw_q

# q_age_min
 1
# q_age_max
 12
# q_age_min
 1
# q_age_max
 12
# fsh_sel_opt(k)
2
# phase_sel_fsh(k)
2
# n_sel_ch_fsh(k)
1
# sel_slp_in_fsh(k)(1,n_sel_ch_fsh(k))
 1
# sel_inf_in_fsh(k)(1,n_sel_ch_fsh(k))
 2
# logsel_slp_in_fsh(k)(1,n_sel_ch_fsh(k))
 0
# yrs_sel_ch_fsh(k)(1,n_sel_ch_fsh(k))
 1

Survey SURVEY1
# ind_sel_opt(k)
2
# indname(k)
SURVEY1
# nselages_in_ind(k)
11
# phase_sel_ind(k)
2
# sel_change_in_ind(k)
 1 0 0 0 0 0 0 0 0 0 0 0 0 0 0 0 0 0 0 0 0 0 0 0 0 0 0 0 0 0
# n_sel_ch_ind(k)
1
# yrs_sel_ch_ind(k)(1,n_sel_ch_ind(k))
 1
# sel_slp_in_ind(k,1)
2
# sel_inf_in_ind(k,1)
1.5
# logsel_slp_in_ind(k,1)
0.693147
# logsel_slp_in_indv(k)
0.693147
SURVEY1 ind sel opt 2  1 0 0 0 0 0 0 0 0 0 0 0 0 0 0 0 0 0 0 0 0 0 0 0 0 0 0 0 0 0
Phase indices Sel_Coffs:  -1
 Test: 1.23457e+008
# Fshry Selages:  11
# Srvy  Selages:  11
# Phase for age-spec fishery  -1
# Phase for logistic fishery  2
# Phase for dble logistic fishery  -1
# Phase for age-spec indices   -1
# Phase for logistic indices   2
# Phase for dble logistic ind  -1
# Curv_pen_fsh: 
 0
# Curv_pen_ind: 
 0
# styr_fut
31
# endyr_fut
35
# nyrs_fsh_age
 30
# nyrs_fsh_age
 30
# yrs_fsh_age
 1 2 3 4 5 6 7 8 9 10 11 12 13 14 15 16 17 18 19 20 21 22 23 24 25 26 27 28 29 30
# n_sample_fsh_age
 200 200 200 200 200 200 200 200 200 200 200 200 200 200 200 200 200 200 200 200 200 200 200 200 200 200 200 200 200 200
# oac_fsh
 0.1 0.04 0.12 0.125 0.1 0.12 0.07 0.065 0.035 0.03 0.04 0.155
 0.065 0.12 0.135 0.14 0.095 0.075 0.05 0.08 0.035 0.035 0.03 0.14
 0.1 0.13 0.135 0.135 0.105 0.095 0.075 0.04 0.015 0.035 0.02 0.115
 0.05 0.11 0.18 0.13 0.09 0.075 0.06 0.06 0.05 0.025 0.025 0.145
 0.085 0.125 0.14 0.125 0.085 0.07 0.065 0.04 0.025 0.06 0.01 0.17
 0.07 0.09 0.13 0.1 0.1 0.055 0.095 0.08 0.09 0.055 0.025 0.11
 0.08 0.155 0.155 0.115 0.105 0.04 0.045 0.04 0.055 0.045 0.035 0.13
 0.115 0.095 0.185 0.115 0.07 0.11 0.06 0.04 0.035 0.03 0.015 0.13
 0.11 0.185 0.115 0.155 0.11 0.105 0.04 0.035 0.02 0.02 0.01 0.095
 0.105 0.135 0.2 0.11 0.115 0.06 0.04 0.06 0.03 0.02 0.025 0.1
 0.035 0.15 0.175 0.16 0.085 0.105 0.045 0.065 0.015 0.005 0.025 0.135
 0.07 0.145 0.195 0.115 0.145 0.05 0.04 0.07 0.04 0.03 0.01 0.09
 0.085 0.075 0.135 0.195 0.105 0.135 0.065 0.055 0.045 0.04 0.02 0.045
 0.08 0.16 0.1 0.14 0.135 0.12 0.11 0.02 0.035 0.015 0.01 0.075
 0.12 0.18 0.15 0.095 0.1 0.125 0.085 0.03 0.035 0.015 0.02 0.045
 0.15 0.15 0.145 0.105 0.08 0.05 0.08 0.08 0.08 0.01 0.01 0.06
 0.075 0.13 0.265 0.115 0.125 0.04 0.06 0.08 0.03 0.015 0.02 0.045
 0.08 0.14 0.285 0.175 0.1 0.07 0.025 0.02 0.025 0.02 0.025 0.035
 0.07 0.15 0.145 0.175 0.16 0.075 0.07 0.015 0.03 0.04 0.025 0.045
 0.2 0.18 0.135 0.125 0.135 0.085 0.025 0.055 0.02 0.02 0 0.02
 0.1 0.24 0.14 0.135 0.115 0.09 0.08 0.02 0.005 0.015 0.015 0.045
 0.15 0.15 0.27 0.125 0.075 0.06 0.05 0.05 0.04 0.015 0 0.015
 0.115 0.18 0.17 0.235 0.105 0.065 0.04 0.035 0.04 0 0 0.015
 0.135 0.17 0.185 0.15 0.14 0.07 0.03 0.035 0.03 0.025 0.015 0.015
 0.17 0.245 0.21 0.125 0.075 0.09 0.03 0.01 0.01 0.005 0.01 0.02
 0.16 0.165 0.215 0.15 0.11 0.1 0.05 0.01 0.01 0.005 0.01 0.015
 0.175 0.175 0.205 0.195 0.105 0.06 0.02 0.03 0.005 0.005 0.005 0.02
 0.115 0.25 0.16 0.18 0.115 0.09 0.03 0.025 0.015 0.01 0 0.01
 0.2 0.205 0.18 0.195 0.08 0.06 0.03 0.02 0 0.015 0 0.015
 0.15 0.275 0.21 0.175 0.055 0.045 0.03 0.01 0.015 0.015 0.01 0.01
# olc_fsh

# wt_fsh
 0.000530656 0.00119633 0.00205827 0.00303499 0.00405521 0.0050647 0.00602623 0.00691692 0.00772489 0.00844611 0.00908185 0.0096367
 0.000530656 0.00119633 0.00205827 0.00303499 0.00405521 0.0050647 0.00602623 0.00691692 0.00772489 0.00844611 0.00908185 0.0096367
 0.000530656 0.00119633 0.00205827 0.00303499 0.00405521 0.0050647 0.00602623 0.00691692 0.00772489 0.00844611 0.00908185 0.0096367
 0.000530656 0.00119633 0.00205827 0.00303499 0.00405521 0.0050647 0.00602623 0.00691692 0.00772489 0.00844611 0.00908185 0.0096367
 0.000530656 0.00119633 0.00205827 0.00303499 0.00405521 0.0050647 0.00602623 0.00691692 0.00772489 0.00844611 0.00908185 0.0096367
 0.000530656 0.00119633 0.00205827 0.00303499 0.00405521 0.0050647 0.00602623 0.00691692 0.00772489 0.00844611 0.00908185 0.0096367
 0.000530656 0.00119633 0.00205827 0.00303499 0.00405521 0.0050647 0.00602623 0.00691692 0.00772489 0.00844611 0.00908185 0.0096367
 0.000530656 0.00119633 0.00205827 0.00303499 0.00405521 0.0050647 0.00602623 0.00691692 0.00772489 0.00844611 0.00908185 0.0096367
 0.000530656 0.00119633 0.00205827 0.00303499 0.00405521 0.0050647 0.00602623 0.00691692 0.00772489 0.00844611 0.00908185 0.0096367
 0.000530656 0.00119633 0.00205827 0.00303499 0.00405521 0.0050647 0.00602623 0.00691692 0.00772489 0.00844611 0.00908185 0.0096367
 0.000530656 0.00119633 0.00205827 0.00303499 0.00405521 0.0050647 0.00602623 0.00691692 0.00772489 0.00844611 0.00908185 0.0096367
 0.000530656 0.00119633 0.00205827 0.00303499 0.00405521 0.0050647 0.00602623 0.00691692 0.00772489 0.00844611 0.00908185 0.0096367
 0.000530656 0.00119633 0.00205827 0.00303499 0.00405521 0.0050647 0.00602623 0.00691692 0.00772489 0.00844611 0.00908185 0.0096367
 0.000530656 0.00119633 0.00205827 0.00303499 0.00405521 0.0050647 0.00602623 0.00691692 0.00772489 0.00844611 0.00908185 0.0096367
 0.000530656 0.00119633 0.00205827 0.00303499 0.00405521 0.0050647 0.00602623 0.00691692 0.00772489 0.00844611 0.00908185 0.0096367
 0.000530656 0.00119633 0.00205827 0.00303499 0.00405521 0.0050647 0.00602623 0.00691692 0.00772489 0.00844611 0.00908185 0.0096367
 0.000530656 0.00119633 0.00205827 0.00303499 0.00405521 0.0050647 0.00602623 0.00691692 0.00772489 0.00844611 0.00908185 0.0096367
 0.000530656 0.00119633 0.00205827 0.00303499 0.00405521 0.0050647 0.00602623 0.00691692 0.00772489 0.00844611 0.00908185 0.0096367
 0.000530656 0.00119633 0.00205827 0.00303499 0.00405521 0.0050647 0.00602623 0.00691692 0.00772489 0.00844611 0.00908185 0.0096367
 0.000530656 0.00119633 0.00205827 0.00303499 0.00405521 0.0050647 0.00602623 0.00691692 0.00772489 0.00844611 0.00908185 0.0096367
 0.000530656 0.00119633 0.00205827 0.00303499 0.00405521 0.0050647 0.00602623 0.00691692 0.00772489 0.00844611 0.00908185 0.0096367
 0.000530656 0.00119633 0.00205827 0.00303499 0.00405521 0.0050647 0.00602623 0.00691692 0.00772489 0.00844611 0.00908185 0.0096367
 0.000530656 0.00119633 0.00205827 0.00303499 0.00405521 0.0050647 0.00602623 0.00691692 0.00772489 0.00844611 0.00908185 0.0096367
 0.000530656 0.00119633 0.00205827 0.00303499 0.00405521 0.0050647 0.00602623 0.00691692 0.00772489 0.00844611 0.00908185 0.0096367
 0.000530656 0.00119633 0.00205827 0.00303499 0.00405521 0.0050647 0.00602623 0.00691692 0.00772489 0.00844611 0.00908185 0.0096367
 0.000530656 0.00119633 0.00205827 0.00303499 0.00405521 0.0050647 0.00602623 0.00691692 0.00772489 0.00844611 0.00908185 0.0096367
 0.000530656 0.00119633 0.00205827 0.00303499 0.00405521 0.0050647 0.00602623 0.00691692 0.00772489 0.00844611 0.00908185 0.0096367
 0.000530656 0.00119633 0.00205827 0.00303499 0.00405521 0.0050647 0.00602623 0.00691692 0.00772489 0.00844611 0.00908185 0.0096367
 0.000530656 0.00119633 0.00205827 0.00303499 0.00405521 0.0050647 0.00602623 0.00691692 0.00772489 0.00844611 0.00908185 0.0096367
 0.000530656 0.00119633 0.00205827 0.00303499 0.00405521 0.0050647 0.00602623 0.00691692 0.00772489 0.00844611 0.00908185 0.0096367
# nyrs_ind_age
 30
# yrs_ind_age
 1 2 3 4 5 6 7 8 9 10 11 12 13 14 15 16 17 18 19 20 21 22 23 24 25 26 27 28 29 30
# n_sample_ind_age
 200 200 200 200 200 200 200 200 200 200 200 200 200 200 200 200 200 200 200 200 200 200 200 200 200 200 200 200 200 200
# oac_ind
 0.095 0.135 0.165 0.11 0.09 0.055 0.085 0.035 0.07 0.02 0.025 0.115
 0.075 0.155 0.135 0.145 0.05 0.085 0.04 0.075 0.05 0.05 0.03 0.11
 0.09 0.17 0.12 0.11 0.105 0.065 0.05 0.045 0.045 0.045 0.04 0.115
 0.055 0.105 0.175 0.155 0.1 0.08 0.065 0.04 0.03 0.03 0.045 0.12
 0.075 0.14 0.115 0.155 0.085 0.075 0.065 0.04 0.04 0.04 0.015 0.155
 0.075 0.135 0.115 0.14 0.12 0.115 0.06 0.04 0.06 0.02 0.015 0.105
 0.09 0.145 0.175 0.095 0.1 0.065 0.045 0.07 0.055 0.035 0.005 0.12
 0.105 0.14 0.185 0.13 0.095 0.05 0.05 0.055 0.05 0.05 0.015 0.075
 0.07 0.2 0.18 0.09 0.085 0.03 0.05 0.04 0.035 0.015 0.04 0.165
 0.1 0.17 0.195 0.135 0.095 0.09 0.015 0.065 0.025 0.005 0.02 0.085
 0.04 0.205 0.225 0.175 0.1 0.055 0.02 0.035 0.02 0.015 0.025 0.085
 0.06 0.175 0.205 0.155 0.145 0.06 0.02 0.025 0.02 0.01 0.03 0.095
 0.11 0.125 0.195 0.145 0.125 0.06 0.025 0.065 0.04 0.02 0.025 0.065
 0.07 0.245 0.14 0.12 0.135 0.09 0.05 0.03 0.015 0.015 0.035 0.055
 0.12 0.17 0.185 0.095 0.08 0.12 0.09 0.055 0.025 0.03 0 0.03
 0.145 0.205 0.215 0.125 0.03 0.055 0.06 0.05 0.03 0.035 0.01 0.04
 0.085 0.22 0.22 0.12 0.1 0.055 0.06 0.035 0.04 0.04 0.015 0.01
 0.065 0.165 0.29 0.17 0.055 0.11 0.02 0.01 0.04 0.015 0 0.06
 0.125 0.17 0.215 0.14 0.135 0.05 0.05 0 0.015 0.03 0.025 0.045
 0.14 0.18 0.165 0.13 0.155 0.105 0.03 0.035 0.015 0.01 0.01 0.025
 0.12 0.28 0.205 0.14 0.045 0.08 0.05 0.03 0.03 0 0.01 0.01
 0.08 0.185 0.36 0.145 0.055 0.05 0.075 0.015 0.01 0.01 0.005 0.01
 0.09 0.225 0.105 0.25 0.08 0.035 0.06 0.06 0.04 0.01 0.03 0.015
 0.075 0.21 0.175 0.18 0.15 0.07 0.04 0.03 0.035 0 0.005 0.03
 0.125 0.32 0.215 0.155 0.06 0.055 0.025 0.015 0.005 0.015 0 0.01
 0.11 0.245 0.215 0.16 0.095 0.03 0.09 0.02 0 0.015 0.015 0.005
 0.105 0.27 0.23 0.15 0.065 0.06 0.025 0.035 0.025 0.015 0 0.02
 0.135 0.3 0.195 0.15 0.085 0.035 0.035 0.02 0.02 0.005 0.005 0.015
 0.11 0.315 0.23 0.145 0.065 0.06 0.035 0.015 0 0.015 0.005 0.005
 0.12 0.225 0.21 0.18 0.1 0.055 0.05 0.015 0.02 0.005 0.005 0.015
# olc_ind

# obs_lse_ind
 0.198042 0.198042 0.198042 0.198042 0.198042 0.198042 0.198042 0.198042 0.198042 0.198042 0.198042 0.198042 0.198042 0.198042 0.198042 0.198042 0.198042 0.198042 0.198042 0.198042 0.198042 0.198042 0.198042 0.198042 0.198042 0.198042 0.198042 0.198042 0.198042 0.198042
# xages_fsh
 0 0 0 0 0 0 0 0 0 0 0 0
# xages_fsh
 0 0.0909091 0.181818 0.272727 0.363636 0.454545 0.545455 0.636364 0.727273 0.818182 0.909091 1
# xnodes_fsh

Yrs fsh_sel change:  1 0 0 0 0 0 0 0 0 0 0 0 0 0 0 0 0 0 0 0 0 0 0 0 0 0 0 0 0
Yrs ind_sel change:  1 0 0 0 0 0 0 0 0 0 0 0 0 0 0 0 0 0 0 0 0 0 0 0 0 0 0 0 0
# steepnessprior
0.75
# sigmarprior
0.2
#  SSB estimated in styr endyr: -13 28 
#  Rec estimated in styr endyr: -11 30 
#  SR Curve fit  in styr endyr: 1 30 
#             Model styr endyr: 1 30 
# qprior
 3.48998e-007
# q_power_prior 
 1 
# cv_catchbiomass 
0.05 
# CatchbiomassPen 
200 
# Number of projection years 
5 
# offset_fsh
 13358.8
# offset_ind
 13065.8
Mean Catch
1291.99
R_guess 
15.4241
# nfsh
1
# n_sel_ch_fsh
 1
# nselages_fsh
 11
# phase_selcoff_fsh
 -1
logRzero 15.4241
logmeanrec 15.4241
exp(log_sigmarprior 0.2
Fish sel phase: -1 FLEET1
Fixing fishery sel to
1
Srvy sel phase: -1
Fixing SURVEY1 indices sel to
1
# logsel_slp_in_indv
 0.693147
Leaving parameter init secton
# M
 0.2 0.2 0.2 0.2 0.2 0.2 0.2 0.2 0.2 0.2 0.2 0.2
 0.2 0.2 0.2 0.2 0.2 0.2 0.2 0.2 0.2 0.2 0.2 0.2
 0.2 0.2 0.2 0.2 0.2 0.2 0.2 0.2 0.2 0.2 0.2 0.2
 0.2 0.2 0.2 0.2 0.2 0.2 0.2 0.2 0.2 0.2 0.2 0.2
 0.2 0.2 0.2 0.2 0.2 0.2 0.2 0.2 0.2 0.2 0.2 0.2
 0.2 0.2 0.2 0.2 0.2 0.2 0.2 0.2 0.2 0.2 0.2 0.2
 0.2 0.2 0.2 0.2 0.2 0.2 0.2 0.2 0.2 0.2 0.2 0.2
 0.2 0.2 0.2 0.2 0.2 0.2 0.2 0.2 0.2 0.2 0.2 0.2
 0.2 0.2 0.2 0.2 0.2 0.2 0.2 0.2 0.2 0.2 0.2 0.2
 0.2 0.2 0.2 0.2 0.2 0.2 0.2 0.2 0.2 0.2 0.2 0.2
 0.2 0.2 0.2 0.2 0.2 0.2 0.2 0.2 0.2 0.2 0.2 0.2
 0.2 0.2 0.2 0.2 0.2 0.2 0.2 0.2 0.2 0.2 0.2 0.2
 0.2 0.2 0.2 0.2 0.2 0.2 0.2 0.2 0.2 0.2 0.2 0.2
 0.2 0.2 0.2 0.2 0.2 0.2 0.2 0.2 0.2 0.2 0.2 0.2
 0.2 0.2 0.2 0.2 0.2 0.2 0.2 0.2 0.2 0.2 0.2 0.2
 0.2 0.2 0.2 0.2 0.2 0.2 0.2 0.2 0.2 0.2 0.2 0.2
 0.2 0.2 0.2 0.2 0.2 0.2 0.2 0.2 0.2 0.2 0.2 0.2
 0.2 0.2 0.2 0.2 0.2 0.2 0.2 0.2 0.2 0.2 0.2 0.2
 0.2 0.2 0.2 0.2 0.2 0.2 0.2 0.2 0.2 0.2 0.2 0.2
 0.2 0.2 0.2 0.2 0.2 0.2 0.2 0.2 0.2 0.2 0.2 0.2
 0.2 0.2 0.2 0.2 0.2 0.2 0.2 0.2 0.2 0.2 0.2 0.2
 0.2 0.2 0.2 0.2 0.2 0.2 0.2 0.2 0.2 0.2 0.2 0.2
 0.2 0.2 0.2 0.2 0.2 0.2 0.2 0.2 0.2 0.2 0.2 0.2
 0.2 0.2 0.2 0.2 0.2 0.2 0.2 0.2 0.2 0.2 0.2 0.2
 0.2 0.2 0.2 0.2 0.2 0.2 0.2 0.2 0.2 0.2 0.2 0.2
 0.2 0.2 0.2 0.2 0.2 0.2 0.2 0.2 0.2 0.2 0.2 0.2
 0.2 0.2 0.2 0.2 0.2 0.2 0.2 0.2 0.2 0.2 0.2 0.2
 0.2 0.2 0.2 0.2 0.2 0.2 0.2 0.2 0.2 0.2 0.2 0.2
 0.2 0.2 0.2 0.2 0.2 0.2 0.2 0.2 0.2 0.2 0.2 0.2
 0.2 0.2 0.2 0.2 0.2 0.2 0.2 0.2 0.2 0.2 0.2 0.2
# mean_log_rec
13.7497
# log_Rzero
13.8223
# rec_dev
 -0.0434501 -0.0525853 -0.00715608 -0.0966518 0.098269 0.0324338 -0.0175455 -0.0539018 -0.0440892 -0.0006691 0.120804 0.00119672 0.0604398 0.0905416 0.040779 -0.051602 0.0503783 0.120794 -0.00549926 0.345008 0.222772 0.279415 -0.096736 -0.405626 0.0936816 -0.0582507 0.278595 0.309099 -0.109163 -0.258708 -0.144912 0.307542 -0.253409 -0.183932 -0.22514 -0.128866 -0.22939 -0.255548 -0.125525 -0.202789 -0.178073 -0.284562
# fmort
 0.0093169 0.0269413 0.0445791 0.0607479 0.0484498 0.0877109 0.0891989 0.186596 0.109142 0.13228 0.147456 0.157405 0.11254 0.163176 0.175062 0.158561 0.31303 0.257339 0.255619 0.248961 0.345098 0.249701 0.410427 0.339879 0.334239 0.307059 0.303369 0.432643 0.328003 0.497401
# rec_dev_future
 0 0 0 0 0
