AMAK;Mar 2020
# styr
1
# endyr
30
# rec_age
1
# oldest_age
12
# nlength
81
# len_bins
 10 11 12 13 14 15 16 17 18 19 20 21 22 23 24 25 26 27 28 29 30 31 32 33 34 35 36 37 38 39 40 41 42 43 44 45 46 47 48 49 50 51 52 53 54 55 56 57 58 59 60 61 62 63 64 65 66 67 68 69 70 71 72 73 74 75 76 77 78 79 80 81 82 83 84 85 86 87 88 89 90
# datafile_name
amak_data.dat
# model_name
AMAK_MCP
# styr
1
# endyr
30
# rec_age
1
# oldest_age
12
# nfsh
1
# fshname
FLEET1
# catch_bio_in
 195.101 351.946 380.967 720.018 1238.14 1123.33 1861.5 1428.61 1283.47 1246.83 1157.25 1970.38 1541.47 1270.41 1130.71 1501.57 1376.97 1271.9 1757.76 1521.92 1925.37 1386.13 1504.71 889.847 1037.99 1381.5 1319.7 1279.13 780.589 1069.21
# catch_bio_sd_in
 0.01 0.01 0.01 0.01 0.01 0.01 0.01 0.01 0.01 0.01 0.01 0.01 0.01 0.01 0.01 0.01 0.01 0.01 0.01 0.01 0.01 0.01 0.01 0.01 0.01 0.01 0.01 0.01 0.01 0.01
# nyrs_fsh_age
 30
# nyrs_fsh_length
 0
# yrs_fsh_age_in
 1 2 3 4 5 6 7 8 9 10 11 12 13 14 15 16 17 18 19 20 21 22 23 24 25 26 27 28 29 30
# yrs_fsh_length_in

# n_sample_fsh_length_in

# olc_fsh_in

# nind
1
# indname
SURVEY1
# nyrs_ind
 30
# yrs_ind_in
 1 2 3 4 5 6 7 8 9 10 11 12 13 14 15 16 17 18 19 20 21 22 23 24 25 26 27 28 29 30
# mo_ind
 1
# obs_ind_in
 1.56551 1.305 1.47379 1.61202 1.55975 1.70303 1.38865 1.04746 1.16905 1.25133 1.00955 1.16863 0.927983 0.910499 0.765017 1.14733 1.04066 0.796685 0.729818 0.894951 0.678558 0.707588 0.622396 0.680303 0.732171 0.585617 0.601017 0.653266 0.587376 0.526638
# obs_se_ind_in
 0.313101 0.261 0.294758 0.322403 0.311951 0.340606 0.27773 0.209493 0.23381 0.250266 0.20191 0.233725 0.185597 0.1821 0.153003 0.229465 0.208132 0.159337 0.145964 0.17899 0.135712 0.141518 0.124479 0.136061 0.146434 0.117123 0.120203 0.130653 0.117475 0.105328
# nyrs_ind_age
 30
# nyrs_ind_length
 0
# yrs_ind_age_in
 1 2 3 4 5 6 7 8 9 10 11 12 13 14 15 16 17 18 19 20 21 22 23 24 25 26 27 28 29 30
# yrs_ind_length_in

# yrs_ind_age_in
 1 2 3 4 5 6 7 8 9 10 11 12 13 14 15 16 17 18 19 20 21 22 23 24 25 26 27 28 29 30
# n_sample_ind_length_in

# olc_ind_in

# oac_ind_in
 0.075 0.14 0.14 0.1 0.1 0.1 0.03 0.065 0.08 0.035 0.03 0.105
 0.075 0.1 0.135 0.17 0.11 0.06 0.06 0.055 0.01 0.05 0.035 0.14
 0.045 0.19 0.19 0.08 0.11 0.075 0.05 0.045 0.04 0.035 0.03 0.11
 0.08 0.1 0.15 0.1 0.115 0.035 0.095 0.045 0.025 0.055 0.03 0.17
 0.105 0.125 0.115 0.155 0.085 0.08 0.085 0.03 0.03 0.03 0.025 0.135
 0.055 0.18 0.13 0.115 0.16 0.07 0.045 0.045 0.04 0.025 0.035 0.1
 0.055 0.165 0.195 0.1 0.05 0.065 0.065 0.09 0.06 0.03 0.02 0.105
 0.09 0.08 0.14 0.17 0.095 0.075 0.06 0.08 0.05 0.045 0.025 0.09
 0.07 0.135 0.145 0.185 0.115 0.075 0.05 0.055 0.03 0.05 0.005 0.085
 0.055 0.215 0.14 0.13 0.11 0.07 0.08 0.03 0.015 0.03 0.025 0.1
 0.06 0.195 0.185 0.13 0.09 0.095 0.075 0.035 0.01 0.03 0.02 0.075
 0.07 0.185 0.12 0.165 0.115 0.065 0.07 0.065 0.02 0.02 0.03 0.075
 0.07 0.18 0.205 0.13 0.125 0.07 0.04 0.03 0.05 0.015 0.01 0.075
 0.11 0.14 0.16 0.18 0.115 0.115 0.045 0.015 0.025 0 0.015 0.08
 0.08 0.24 0.165 0.14 0.11 0.07 0.04 0.02 0 0.035 0.03 0.07
 0.06 0.26 0.245 0.095 0.11 0.045 0.04 0.05 0.03 0.02 0.01 0.035
 0.075 0.185 0.165 0.16 0.055 0.12 0.06 0.05 0.035 0.03 0.005 0.06
 0.115 0.19 0.22 0.17 0.08 0.08 0.04 0.025 0.005 0.015 0.015 0.045
 0.09 0.255 0.13 0.135 0.1 0.09 0.055 0.035 0.025 0.025 0.02 0.04
 0.09 0.18 0.245 0.09 0.125 0.095 0.055 0.055 0.015 0.015 0.015 0.02
 0.11 0.22 0.12 0.21 0.095 0.09 0.075 0.02 0.02 0.01 0.005 0.025
 0.115 0.24 0.205 0.125 0.13 0.045 0.03 0.005 0.03 0.02 0.03 0.025
 0.145 0.295 0.175 0.14 0.08 0.08 0.01 0.04 0.005 0.015 0 0.015
 0.09 0.235 0.245 0.13 0.11 0.065 0.045 0.005 0.035 0.015 0 0.025
 0.135 0.24 0.25 0.125 0.07 0.055 0.045 0.025 0.015 0.015 0 0.025
 0.09 0.255 0.255 0.155 0.115 0.055 0.02 0.02 0.02 0.005 0.005 0.005
 0.155 0.245 0.2 0.1 0.135 0.04 0.025 0.04 0.02 0.025 0.005 0.01
 0.08 0.18 0.305 0.17 0.115 0.04 0.04 0.04 0.005 0.01 0.01 0.005
 0.16 0.25 0.195 0.16 0.115 0.075 0.005 0.015 0.015 0 0.005 0.005
 0.125 0.215 0.22 0.18 0.11 0.065 0.035 0.015 0.025 0.005 0 0.005
# wt_ind
 1 1 1 1 1 1 1 1 1 1 1 1
 1 1 1 1 1 1 1 1 1 1 1 1
 1 1 1 1 1 1 1 1 1 1 1 1
 1 1 1 1 1 1 1 1 1 1 1 1
 1 1 1 1 1 1 1 1 1 1 1 1
 1 1 1 1 1 1 1 1 1 1 1 1
 1 1 1 1 1 1 1 1 1 1 1 1
 1 1 1 1 1 1 1 1 1 1 1 1
 1 1 1 1 1 1 1 1 1 1 1 1
 1 1 1 1 1 1 1 1 1 1 1 1
 1 1 1 1 1 1 1 1 1 1 1 1
 1 1 1 1 1 1 1 1 1 1 1 1
 1 1 1 1 1 1 1 1 1 1 1 1
 1 1 1 1 1 1 1 1 1 1 1 1
 1 1 1 1 1 1 1 1 1 1 1 1
 1 1 1 1 1 1 1 1 1 1 1 1
 1 1 1 1 1 1 1 1 1 1 1 1
 1 1 1 1 1 1 1 1 1 1 1 1
 1 1 1 1 1 1 1 1 1 1 1 1
 1 1 1 1 1 1 1 1 1 1 1 1
 1 1 1 1 1 1 1 1 1 1 1 1
 1 1 1 1 1 1 1 1 1 1 1 1
 1 1 1 1 1 1 1 1 1 1 1 1
 1 1 1 1 1 1 1 1 1 1 1 1
 1 1 1 1 1 1 1 1 1 1 1 1
 1 1 1 1 1 1 1 1 1 1 1 1
 1 1 1 1 1 1 1 1 1 1 1 1
 1 1 1 1 1 1 1 1 1 1 1 1
 1 1 1 1 1 1 1 1 1 1 1 1
 1 1 1 1 1 1 1 1 1 1 1 1
# wt_pop
 0.000530656 0.00119633 0.00205827 0.00303499 0.00405521 0.0050647 0.00602623 0.00691692 0.00772489 0.00844611 0.00908185 0.0096367
# maturity
 0.0229774 0.320821 0.904651 0.99478 0.999739 0.999987 0.999999 1 1 1 1 1
# spawnmo
1
# age_err
 1 0 0 0 0 0 0 0 0 0 0 0
 0 1 0 0 0 0 0 0 0 0 0 0
 0 0 1 0 0 0 0 0 0 0 0 0
 0 0 0 1 0 0 0 0 0 0 0 0
 0 0 0 0 1 0 0 0 0 0 0 0
 0 0 0 0 0 1 0 0 0 0 0 0
 0 0 0 0 0 0 1 0 0 0 0 0
 0 0 0 0 0 0 0 1 0 0 0 0
 0 0 0 0 0 0 0 0 1 0 0 0
 0 0 0 0 0 0 0 0 0 1 0 0
 0 0 0 0 0 0 0 0 0 0 1 0
 0 0 0 0 0 0 0 0 0 0 0 1
# cntrlfile_name
C:\Users\bai.li\DOCUME~1\Github\AGE_ST~1\ASSAMC\example\em_input\amak.dat
# Map shared selectivity: 
# sel_map
 1 2
 1 1
# datafile_name
amak_data.dat
# model_name
AMAK_MCP
# SrType
2
# use_age_err
0
# retro
0
# sigmarprior
0.2
# cvsigmarprior
0.25
# phase_sigmar
-3
# styr_rec_est
1
# endyr_rec_est
30
# Linfprior
80
# cvLinfprior
0.25
# kprior
0.18
# cvkprior
0.25
# Loprior
27.688
# cvLoprior
0.25
# sdageprior
0.1
# cvsdageprior
0.25
# natmortprior
0.2
# cvnatmortprior
0.25
# phase_M
-4
# npars_Mage
0
# ages_M_changes

# Mage_in

# Mage_offset_in

# phase_Mage
-5
# phase_rw_M
0
# npars_rw_M
0
# yrs_rw_M

# sigma_rw_M

# qprior
 3.48998e-007
# cvqprior
 1
# phase_q
 1
# q_power_prior
 1
# cvq_power_prior
 0.2
# phase_q_power
 -4
# phase_rw_q
 -1
# npars_rw_q
 0
# yrs_rw_q

# sigma_rw_q

# q_age_min
 1
# q_age_max
 12
# q_age_min
 1
# q_age_max
 12
# fsh_sel_opt(k)
2
# phase_sel_fsh(k)
2
# n_sel_ch_fsh(k)
1
# sel_slp_in_fsh(k)(1,n_sel_ch_fsh(k))
 1
# sel_inf_in_fsh(k)(1,n_sel_ch_fsh(k))
 2
# logsel_slp_in_fsh(k)(1,n_sel_ch_fsh(k))
 0
# yrs_sel_ch_fsh(k)(1,n_sel_ch_fsh(k))
 1

Survey SURVEY1
# ind_sel_opt(k)
2
# indname(k)
SURVEY1
# nselages_in_ind(k)
11
# phase_sel_ind(k)
2
# sel_change_in_ind(k)
 1 0 0 0 0 0 0 0 0 0 0 0 0 0 0 0 0 0 0 0 0 0 0 0 0 0 0 0 0 0
# n_sel_ch_ind(k)
1
# yrs_sel_ch_ind(k)(1,n_sel_ch_ind(k))
 1
# sel_slp_in_ind(k,1)
2
# sel_inf_in_ind(k,1)
1.5
# logsel_slp_in_ind(k,1)
0.693147
# logsel_slp_in_indv(k)
0.693147
SURVEY1 ind sel opt 2  1 0 0 0 0 0 0 0 0 0 0 0 0 0 0 0 0 0 0 0 0 0 0 0 0 0 0 0 0 0
Phase indices Sel_Coffs:  -1
 Test: 1.23457e+008
# Fshry Selages:  11
# Srvy  Selages:  11
# Phase for age-spec fishery  -1
# Phase for logistic fishery  2
# Phase for dble logistic fishery  -1
# Phase for age-spec indices   -1
# Phase for logistic indices   2
# Phase for dble logistic ind  -1
# Curv_pen_fsh: 
 0
# Curv_pen_ind: 
 0
# styr_fut
31
# endyr_fut
35
# nyrs_fsh_age
 30
# nyrs_fsh_age
 30
# yrs_fsh_age
 1 2 3 4 5 6 7 8 9 10 11 12 13 14 15 16 17 18 19 20 21 22 23 24 25 26 27 28 29 30
# n_sample_fsh_age
 200 200 200 200 200 200 200 200 200 200 200 200 200 200 200 200 200 200 200 200 200 200 200 200 200 200 200 200 200 200
# oac_fsh
 0.06 0.105 0.15 0.125 0.105 0.08 0.085 0.045 0.02 0.04 0.05 0.135
 0.075 0.1 0.13 0.11 0.09 0.11 0.055 0.05 0.045 0.035 0.035 0.165
 0.07 0.155 0.12 0.115 0.09 0.065 0.045 0.065 0.055 0.04 0.04 0.14
 0.07 0.105 0.105 0.125 0.095 0.09 0.085 0.06 0.07 0.05 0.01 0.135
 0.08 0.085 0.175 0.135 0.125 0.08 0.07 0.065 0.045 0.035 0.02 0.085
 0.1 0.17 0.1 0.1 0.1 0.085 0.07 0.03 0.035 0.035 0.015 0.16
 0.035 0.11 0.225 0.12 0.09 0.13 0.06 0.06 0.025 0.02 0.03 0.095
 0.07 0.105 0.15 0.16 0.075 0.08 0.095 0.055 0.045 0.04 0.03 0.095
 0.1 0.115 0.1 0.12 0.18 0.035 0.06 0.065 0.04 0.055 0.015 0.115
 0.105 0.125 0.145 0.1 0.125 0.085 0.075 0.05 0.045 0.05 0.03 0.065
 0.125 0.115 0.255 0.07 0.06 0.075 0.06 0.03 0.065 0.035 0.025 0.085
 0.06 0.185 0.175 0.135 0.095 0.06 0.085 0.03 0.06 0.035 0.02 0.06
 0.07 0.135 0.155 0.1 0.135 0.07 0.055 0.045 0.08 0.03 0.02 0.105
 0.085 0.11 0.15 0.17 0.105 0.14 0.07 0.04 0.02 0.025 0.02 0.065
 0.1 0.165 0.115 0.135 0.125 0.07 0.095 0.035 0.04 0.025 0.03 0.065
 0.14 0.175 0.17 0.12 0.12 0.075 0.055 0.04 0.02 0.01 0.005 0.07
 0.11 0.135 0.125 0.165 0.125 0.08 0.08 0.025 0.055 0.035 0.015 0.05
 0.11 0.11 0.205 0.135 0.155 0.08 0.065 0.03 0.03 0.01 0.01 0.06
 0.105 0.23 0.095 0.16 0.13 0.11 0.045 0.01 0.025 0.02 0.03 0.04
 0.14 0.15 0.205 0.115 0.12 0.055 0.06 0.05 0.055 0.02 0.005 0.025
 0.11 0.17 0.155 0.22 0.115 0.065 0.05 0.02 0.02 0.025 0.015 0.035
 0.17 0.19 0.165 0.115 0.165 0.045 0.055 0.04 0.02 0.005 0.015 0.015
 0.15 0.22 0.135 0.125 0.105 0.1 0.03 0.05 0.03 0.02 0.01 0.025
 0.145 0.185 0.2 0.17 0.125 0.075 0.045 0 0.02 0.01 0.01 0.015
 0.15 0.17 0.205 0.16 0.115 0.085 0.04 0.03 0.02 0.02 0.005 0
 0.13 0.185 0.19 0.145 0.135 0.09 0.035 0.025 0.005 0.02 0.01 0.03
 0.13 0.21 0.235 0.145 0.095 0.095 0.03 0.03 0.015 0 0.01 0.005
 0.205 0.15 0.175 0.135 0.11 0.08 0.075 0.03 0.015 0.005 0.01 0.01
 0.175 0.225 0.185 0.14 0.1 0.085 0.045 0.02 0 0 0 0.025
 0.14 0.175 0.225 0.125 0.115 0.105 0.035 0.05 0.02 0 0.005 0.005
# olc_fsh

# wt_fsh
 0.000530656 0.00119633 0.00205827 0.00303499 0.00405521 0.0050647 0.00602623 0.00691692 0.00772489 0.00844611 0.00908185 0.0096367
 0.000530656 0.00119633 0.00205827 0.00303499 0.00405521 0.0050647 0.00602623 0.00691692 0.00772489 0.00844611 0.00908185 0.0096367
 0.000530656 0.00119633 0.00205827 0.00303499 0.00405521 0.0050647 0.00602623 0.00691692 0.00772489 0.00844611 0.00908185 0.0096367
 0.000530656 0.00119633 0.00205827 0.00303499 0.00405521 0.0050647 0.00602623 0.00691692 0.00772489 0.00844611 0.00908185 0.0096367
 0.000530656 0.00119633 0.00205827 0.00303499 0.00405521 0.0050647 0.00602623 0.00691692 0.00772489 0.00844611 0.00908185 0.0096367
 0.000530656 0.00119633 0.00205827 0.00303499 0.00405521 0.0050647 0.00602623 0.00691692 0.00772489 0.00844611 0.00908185 0.0096367
 0.000530656 0.00119633 0.00205827 0.00303499 0.00405521 0.0050647 0.00602623 0.00691692 0.00772489 0.00844611 0.00908185 0.0096367
 0.000530656 0.00119633 0.00205827 0.00303499 0.00405521 0.0050647 0.00602623 0.00691692 0.00772489 0.00844611 0.00908185 0.0096367
 0.000530656 0.00119633 0.00205827 0.00303499 0.00405521 0.0050647 0.00602623 0.00691692 0.00772489 0.00844611 0.00908185 0.0096367
 0.000530656 0.00119633 0.00205827 0.00303499 0.00405521 0.0050647 0.00602623 0.00691692 0.00772489 0.00844611 0.00908185 0.0096367
 0.000530656 0.00119633 0.00205827 0.00303499 0.00405521 0.0050647 0.00602623 0.00691692 0.00772489 0.00844611 0.00908185 0.0096367
 0.000530656 0.00119633 0.00205827 0.00303499 0.00405521 0.0050647 0.00602623 0.00691692 0.00772489 0.00844611 0.00908185 0.0096367
 0.000530656 0.00119633 0.00205827 0.00303499 0.00405521 0.0050647 0.00602623 0.00691692 0.00772489 0.00844611 0.00908185 0.0096367
 0.000530656 0.00119633 0.00205827 0.00303499 0.00405521 0.0050647 0.00602623 0.00691692 0.00772489 0.00844611 0.00908185 0.0096367
 0.000530656 0.00119633 0.00205827 0.00303499 0.00405521 0.0050647 0.00602623 0.00691692 0.00772489 0.00844611 0.00908185 0.0096367
 0.000530656 0.00119633 0.00205827 0.00303499 0.00405521 0.0050647 0.00602623 0.00691692 0.00772489 0.00844611 0.00908185 0.0096367
 0.000530656 0.00119633 0.00205827 0.00303499 0.00405521 0.0050647 0.00602623 0.00691692 0.00772489 0.00844611 0.00908185 0.0096367
 0.000530656 0.00119633 0.00205827 0.00303499 0.00405521 0.0050647 0.00602623 0.00691692 0.00772489 0.00844611 0.00908185 0.0096367
 0.000530656 0.00119633 0.00205827 0.00303499 0.00405521 0.0050647 0.00602623 0.00691692 0.00772489 0.00844611 0.00908185 0.0096367
 0.000530656 0.00119633 0.00205827 0.00303499 0.00405521 0.0050647 0.00602623 0.00691692 0.00772489 0.00844611 0.00908185 0.0096367
 0.000530656 0.00119633 0.00205827 0.00303499 0.00405521 0.0050647 0.00602623 0.00691692 0.00772489 0.00844611 0.00908185 0.0096367
 0.000530656 0.00119633 0.00205827 0.00303499 0.00405521 0.0050647 0.00602623 0.00691692 0.00772489 0.00844611 0.00908185 0.0096367
 0.000530656 0.00119633 0.00205827 0.00303499 0.00405521 0.0050647 0.00602623 0.00691692 0.00772489 0.00844611 0.00908185 0.0096367
 0.000530656 0.00119633 0.00205827 0.00303499 0.00405521 0.0050647 0.00602623 0.00691692 0.00772489 0.00844611 0.00908185 0.0096367
 0.000530656 0.00119633 0.00205827 0.00303499 0.00405521 0.0050647 0.00602623 0.00691692 0.00772489 0.00844611 0.00908185 0.0096367
 0.000530656 0.00119633 0.00205827 0.00303499 0.00405521 0.0050647 0.00602623 0.00691692 0.00772489 0.00844611 0.00908185 0.0096367
 0.000530656 0.00119633 0.00205827 0.00303499 0.00405521 0.0050647 0.00602623 0.00691692 0.00772489 0.00844611 0.00908185 0.0096367
 0.000530656 0.00119633 0.00205827 0.00303499 0.00405521 0.0050647 0.00602623 0.00691692 0.00772489 0.00844611 0.00908185 0.0096367
 0.000530656 0.00119633 0.00205827 0.00303499 0.00405521 0.0050647 0.00602623 0.00691692 0.00772489 0.00844611 0.00908185 0.0096367
 0.000530656 0.00119633 0.00205827 0.00303499 0.00405521 0.0050647 0.00602623 0.00691692 0.00772489 0.00844611 0.00908185 0.0096367
# nyrs_ind_age
 30
# yrs_ind_age
 1 2 3 4 5 6 7 8 9 10 11 12 13 14 15 16 17 18 19 20 21 22 23 24 25 26 27 28 29 30
# n_sample_ind_age
 200 200 200 200 200 200 200 200 200 200 200 200 200 200 200 200 200 200 200 200 200 200 200 200 200 200 200 200 200 200
# oac_ind
 0.075 0.14 0.14 0.1 0.1 0.1 0.03 0.065 0.08 0.035 0.03 0.105
 0.075 0.1 0.135 0.17 0.11 0.06 0.06 0.055 0.01 0.05 0.035 0.14
 0.045 0.19 0.19 0.08 0.11 0.075 0.05 0.045 0.04 0.035 0.03 0.11
 0.08 0.1 0.15 0.1 0.115 0.035 0.095 0.045 0.025 0.055 0.03 0.17
 0.105 0.125 0.115 0.155 0.085 0.08 0.085 0.03 0.03 0.03 0.025 0.135
 0.055 0.18 0.13 0.115 0.16 0.07 0.045 0.045 0.04 0.025 0.035 0.1
 0.055 0.165 0.195 0.1 0.05 0.065 0.065 0.09 0.06 0.03 0.02 0.105
 0.09 0.08 0.14 0.17 0.095 0.075 0.06 0.08 0.05 0.045 0.025 0.09
 0.07 0.135 0.145 0.185 0.115 0.075 0.05 0.055 0.03 0.05 0.005 0.085
 0.055 0.215 0.14 0.13 0.11 0.07 0.08 0.03 0.015 0.03 0.025 0.1
 0.06 0.195 0.185 0.13 0.09 0.095 0.075 0.035 0.01 0.03 0.02 0.075
 0.07 0.185 0.12 0.165 0.115 0.065 0.07 0.065 0.02 0.02 0.03 0.075
 0.07 0.18 0.205 0.13 0.125 0.07 0.04 0.03 0.05 0.015 0.01 0.075
 0.11 0.14 0.16 0.18 0.115 0.115 0.045 0.015 0.025 0 0.015 0.08
 0.08 0.24 0.165 0.14 0.11 0.07 0.04 0.02 0 0.035 0.03 0.07
 0.06 0.26 0.245 0.095 0.11 0.045 0.04 0.05 0.03 0.02 0.01 0.035
 0.075 0.185 0.165 0.16 0.055 0.12 0.06 0.05 0.035 0.03 0.005 0.06
 0.115 0.19 0.22 0.17 0.08 0.08 0.04 0.025 0.005 0.015 0.015 0.045
 0.09 0.255 0.13 0.135 0.1 0.09 0.055 0.035 0.025 0.025 0.02 0.04
 0.09 0.18 0.245 0.09 0.125 0.095 0.055 0.055 0.015 0.015 0.015 0.02
 0.11 0.22 0.12 0.21 0.095 0.09 0.075 0.02 0.02 0.01 0.005 0.025
 0.115 0.24 0.205 0.125 0.13 0.045 0.03 0.005 0.03 0.02 0.03 0.025
 0.145 0.295 0.175 0.14 0.08 0.08 0.01 0.04 0.005 0.015 0 0.015
 0.09 0.235 0.245 0.13 0.11 0.065 0.045 0.005 0.035 0.015 0 0.025
 0.135 0.24 0.25 0.125 0.07 0.055 0.045 0.025 0.015 0.015 0 0.025
 0.09 0.255 0.255 0.155 0.115 0.055 0.02 0.02 0.02 0.005 0.005 0.005
 0.155 0.245 0.2 0.1 0.135 0.04 0.025 0.04 0.02 0.025 0.005 0.01
 0.08 0.18 0.305 0.17 0.115 0.04 0.04 0.04 0.005 0.01 0.01 0.005
 0.16 0.25 0.195 0.16 0.115 0.075 0.005 0.015 0.015 0 0.005 0.005
 0.125 0.215 0.22 0.18 0.11 0.065 0.035 0.015 0.025 0.005 0 0.005
# olc_ind

# obs_lse_ind
 0.198042 0.198042 0.198042 0.198042 0.198042 0.198042 0.198042 0.198042 0.198042 0.198042 0.198042 0.198042 0.198042 0.198042 0.198042 0.198042 0.198042 0.198042 0.198042 0.198042 0.198042 0.198042 0.198042 0.198042 0.198042 0.198042 0.198042 0.198042 0.198042 0.198042
# xages_fsh
 0 0 0 0 0 0 0 0 0 0 0 0
# xages_fsh
 0 0.0909091 0.181818 0.272727 0.363636 0.454545 0.545455 0.636364 0.727273 0.818182 0.909091 1
# xnodes_fsh

Yrs fsh_sel change:  1 0 0 0 0 0 0 0 0 0 0 0 0 0 0 0 0 0 0 0 0 0 0 0 0 0 0 0 0
Yrs ind_sel change:  1 0 0 0 0 0 0 0 0 0 0 0 0 0 0 0 0 0 0 0 0 0 0 0 0 0 0 0 0
# steepnessprior
0.75
# sigmarprior
0.2
#  SSB estimated in styr endyr: -13 28 
#  Rec estimated in styr endyr: -11 30 
#  SR Curve fit  in styr endyr: 1 30 
#             Model styr endyr: 1 30 
# qprior
 3.48998e-007
# q_power_prior 
 1 
# cv_catchbiomass 
0.05 
# CatchbiomassPen 
200 
# Number of projection years 
5 
# offset_fsh
 13564.2
# offset_ind
 13169.9
Mean Catch
1230.15
R_guess 
15.375
# nfsh
1
# n_sel_ch_fsh
 1
# nselages_fsh
 11
# phase_selcoff_fsh
 -1
logRzero 15.375
logmeanrec 15.375
exp(log_sigmarprior 0.2
Fish sel phase: -1 FLEET1
Fixing fishery sel to
1
Srvy sel phase: -1
Fixing SURVEY1 indices sel to
1
# logsel_slp_in_indv
 0.693147
Leaving parameter init secton
# M
 0.2 0.2 0.2 0.2 0.2 0.2 0.2 0.2 0.2 0.2 0.2 0.2
 0.2 0.2 0.2 0.2 0.2 0.2 0.2 0.2 0.2 0.2 0.2 0.2
 0.2 0.2 0.2 0.2 0.2 0.2 0.2 0.2 0.2 0.2 0.2 0.2
 0.2 0.2 0.2 0.2 0.2 0.2 0.2 0.2 0.2 0.2 0.2 0.2
 0.2 0.2 0.2 0.2 0.2 0.2 0.2 0.2 0.2 0.2 0.2 0.2
 0.2 0.2 0.2 0.2 0.2 0.2 0.2 0.2 0.2 0.2 0.2 0.2
 0.2 0.2 0.2 0.2 0.2 0.2 0.2 0.2 0.2 0.2 0.2 0.2
 0.2 0.2 0.2 0.2 0.2 0.2 0.2 0.2 0.2 0.2 0.2 0.2
 0.2 0.2 0.2 0.2 0.2 0.2 0.2 0.2 0.2 0.2 0.2 0.2
 0.2 0.2 0.2 0.2 0.2 0.2 0.2 0.2 0.2 0.2 0.2 0.2
 0.2 0.2 0.2 0.2 0.2 0.2 0.2 0.2 0.2 0.2 0.2 0.2
 0.2 0.2 0.2 0.2 0.2 0.2 0.2 0.2 0.2 0.2 0.2 0.2
 0.2 0.2 0.2 0.2 0.2 0.2 0.2 0.2 0.2 0.2 0.2 0.2
 0.2 0.2 0.2 0.2 0.2 0.2 0.2 0.2 0.2 0.2 0.2 0.2
 0.2 0.2 0.2 0.2 0.2 0.2 0.2 0.2 0.2 0.2 0.2 0.2
 0.2 0.2 0.2 0.2 0.2 0.2 0.2 0.2 0.2 0.2 0.2 0.2
 0.2 0.2 0.2 0.2 0.2 0.2 0.2 0.2 0.2 0.2 0.2 0.2
 0.2 0.2 0.2 0.2 0.2 0.2 0.2 0.2 0.2 0.2 0.2 0.2
 0.2 0.2 0.2 0.2 0.2 0.2 0.2 0.2 0.2 0.2 0.2 0.2
 0.2 0.2 0.2 0.2 0.2 0.2 0.2 0.2 0.2 0.2 0.2 0.2
 0.2 0.2 0.2 0.2 0.2 0.2 0.2 0.2 0.2 0.2 0.2 0.2
 0.2 0.2 0.2 0.2 0.2 0.2 0.2 0.2 0.2 0.2 0.2 0.2
 0.2 0.2 0.2 0.2 0.2 0.2 0.2 0.2 0.2 0.2 0.2 0.2
 0.2 0.2 0.2 0.2 0.2 0.2 0.2 0.2 0.2 0.2 0.2 0.2
 0.2 0.2 0.2 0.2 0.2 0.2 0.2 0.2 0.2 0.2 0.2 0.2
 0.2 0.2 0.2 0.2 0.2 0.2 0.2 0.2 0.2 0.2 0.2 0.2
 0.2 0.2 0.2 0.2 0.2 0.2 0.2 0.2 0.2 0.2 0.2 0.2
 0.2 0.2 0.2 0.2 0.2 0.2 0.2 0.2 0.2 0.2 0.2 0.2
 0.2 0.2 0.2 0.2 0.2 0.2 0.2 0.2 0.2 0.2 0.2 0.2
 0.2 0.2 0.2 0.2 0.2 0.2 0.2 0.2 0.2 0.2 0.2 0.2
# mean_log_rec
13.7145
# log_Rzero
13.7938
# rec_dev
 -0.0712565 -0.0857851 0.0709445 -0.00305549 0.063471 -0.150071 -0.0126352 -0.0226408 -0.0542923 0.00599284 0.056521 0.102258 0.0973796 0.255247 -0.000492598 -0.00200281 0.353755 0.137589 -0.199668 -0.0414098 0.252948 -0.0187652 0.122327 0.0217134 -0.145708 0.127233 0.0366415 0.0836383 -0.256741 0.23701 -0.143372 -0.0519387 -0.11008 0.0342873 -0.0535159 -0.119661 -0.0449982 -0.0882596 -0.248658 -0.136683 -0.200994 -0.227474
# fmort
 0.0119089 0.0216861 0.0237203 0.0456628 0.0818743 0.0781934 0.139037 0.116165 0.111639 0.115077 0.11196 0.20573 0.177614 0.156351 0.144915 0.201656 0.19677 0.190283 0.283178 0.270235 0.38852 0.319326 0.38294 0.236261 0.269835 0.370508 0.381932 0.40234 0.251424 0.341767
# rec_dev_future
 0 0 0 0 0
