AMAK;Mar 2020
# styr
1
# endyr
30
# rec_age
1
# oldest_age
12
# nlength
81
# len_bins
 10 11 12 13 14 15 16 17 18 19 20 21 22 23 24 25 26 27 28 29 30 31 32 33 34 35 36 37 38 39 40 41 42 43 44 45 46 47 48 49 50 51 52 53 54 55 56 57 58 59 60 61 62 63 64 65 66 67 68 69 70 71 72 73 74 75 76 77 78 79 80 81 82 83 84 85 86 87 88 89 90
# datafile_name
amak_data.dat
# model_name
AMAK_MCP
# styr
1
# endyr
30
# rec_age
1
# oldest_age
12
# nfsh
1
# fshname
FLEET1
# catch_bio_in
 160.766 466.319 749.662 978.061 753.913 1297.24 1255.01 2388.89 1257.79 1467.99 1548.33 1571.79 1077.63 1490.66 1505.42 1295.36 2313.07 1690.66 1574.73 1484.35 1844.08 1225.6 1802.98 1294.38 1188.24 1007.91 953.856 1253.75 895.108 1296.78
# catch_bio_sd_in
 0.01 0.01 0.01 0.01 0.01 0.01 0.01 0.01 0.01 0.01 0.01 0.01 0.01 0.01 0.01 0.01 0.01 0.01 0.01 0.01 0.01 0.01 0.01 0.01 0.01 0.01 0.01 0.01 0.01 0.01
# nyrs_fsh_age
 30
# nyrs_fsh_length
 0
# yrs_fsh_age_in
 1 2 3 4 5 6 7 8 9 10 11 12 13 14 15 16 17 18 19 20 21 22 23 24 25 26 27 28 29 30
# yrs_fsh_length_in

# n_sample_fsh_length_in

# olc_fsh_in

# nind
1
# indname
SURVEY1
# nyrs_ind
 30
# yrs_ind_in
 1 2 3 4 5 6 7 8 9 10 11 12 13 14 15 16 17 18 19 20 21 22 23 24 25 26 27 28 29 30
# mo_ind
 1
# obs_ind_in
 1.49215 1.54282 1.44258 1.41145 1.45817 1.41672 1.42246 1.2233 1.44181 1.14656 1.05421 1.03697 0.970265 1.12389 1.1053 1.09231 0.99197 0.908182 0.90808 0.972275 0.673141 0.908246 0.648678 0.544181 0.592873 0.480318 0.619681 0.562582 0.57609 0.538914
# obs_se_ind_in
 0.29843 0.308564 0.288515 0.282291 0.291633 0.283344 0.284492 0.24466 0.288361 0.229312 0.210842 0.207394 0.194053 0.224778 0.22106 0.218461 0.198394 0.181636 0.181616 0.194455 0.134628 0.181649 0.129736 0.108836 0.118575 0.0960635 0.123936 0.112516 0.115218 0.107783
# nyrs_ind_age
 30
# nyrs_ind_length
 0
# yrs_ind_age_in
 1 2 3 4 5 6 7 8 9 10 11 12 13 14 15 16 17 18 19 20 21 22 23 24 25 26 27 28 29 30
# yrs_ind_length_in

# yrs_ind_age_in
 1 2 3 4 5 6 7 8 9 10 11 12 13 14 15 16 17 18 19 20 21 22 23 24 25 26 27 28 29 30
# n_sample_ind_length_in

# olc_ind_in

# oac_ind_in
 0.05 0.15 0.13 0.15 0.075 0.105 0.085 0.035 0.065 0.025 0.02 0.11
 0.065 0.175 0.11 0.125 0.11 0.08 0.055 0.06 0.05 0.02 0.035 0.115
 0.05 0.16 0.115 0.125 0.09 0.075 0.055 0.055 0.055 0.05 0.025 0.145
 0.045 0.135 0.195 0.155 0.08 0.08 0.055 0.04 0.015 0.025 0.035 0.14
 0.07 0.16 0.15 0.14 0.06 0.045 0.065 0.075 0.04 0.025 0.03 0.14
 0.08 0.16 0.12 0.1 0.12 0.105 0.08 0.05 0.03 0.045 0.015 0.095
 0.07 0.18 0.14 0.145 0.105 0.1 0.07 0.03 0.02 0.025 0.01 0.105
 0.085 0.165 0.16 0.17 0.105 0.04 0.06 0.04 0.03 0.035 0.025 0.085
 0.065 0.15 0.125 0.18 0.125 0.085 0.05 0.06 0.035 0.02 0.025 0.08
 0.105 0.15 0.21 0.08 0.095 0.075 0.07 0.04 0.03 0.035 0.02 0.09
 0.06 0.195 0.205 0.12 0.07 0.125 0.06 0.05 0.025 0.01 0.02 0.06
 0.095 0.125 0.205 0.155 0.115 0.065 0.055 0.05 0.025 0.025 0.025 0.06
 0.08 0.19 0.13 0.175 0.09 0.095 0.035 0.05 0.055 0.015 0.015 0.07
 0.1 0.16 0.235 0.065 0.15 0.065 0.04 0.01 0.04 0.03 0.01 0.095
 0.07 0.29 0.165 0.14 0.06 0.085 0.06 0.045 0.01 0.005 0.02 0.05
 0.09 0.15 0.255 0.115 0.105 0.06 0.075 0.055 0.025 0.015 0 0.055
 0.095 0.22 0.165 0.175 0.09 0.1 0.015 0.055 0.02 0 0.005 0.06
 0.065 0.255 0.205 0.095 0.13 0.075 0.065 0.02 0.025 0.02 0.01 0.035
 0.1 0.205 0.24 0.16 0.075 0.09 0.025 0.025 0.02 0.01 0.025 0.025
 0.1 0.24 0.15 0.19 0.115 0.055 0.03 0.05 0.035 0.005 0.005 0.025
 0.09 0.165 0.235 0.105 0.135 0.085 0.045 0.075 0.015 0.015 0.02 0.015
 0.09 0.16 0.215 0.175 0.135 0.075 0.05 0.035 0.03 0.005 0.015 0.015
 0.12 0.205 0.175 0.175 0.12 0.08 0.035 0.045 0.01 0.015 0.005 0.015
 0.175 0.275 0.19 0.095 0.08 0.05 0.03 0.035 0.015 0.015 0.01 0.03
 0.085 0.25 0.255 0.16 0.09 0.075 0.03 0.02 0.005 0.005 0.01 0.015
 0.165 0.2 0.175 0.195 0.09 0.07 0.04 0.02 0.01 0.015 0.005 0.015
 0.115 0.35 0.135 0.14 0.105 0.045 0.015 0.03 0 0.01 0.02 0.035
 0.14 0.215 0.255 0.14 0.075 0.085 0.04 0.01 0.015 0.015 0 0.01
 0.09 0.305 0.215 0.16 0.065 0.055 0.045 0.03 0.015 0.01 0 0.01
 0.105 0.315 0.23 0.15 0.07 0.035 0.055 0.015 0.015 0 0 0.01
# wt_ind
 1 1 1 1 1 1 1 1 1 1 1 1
 1 1 1 1 1 1 1 1 1 1 1 1
 1 1 1 1 1 1 1 1 1 1 1 1
 1 1 1 1 1 1 1 1 1 1 1 1
 1 1 1 1 1 1 1 1 1 1 1 1
 1 1 1 1 1 1 1 1 1 1 1 1
 1 1 1 1 1 1 1 1 1 1 1 1
 1 1 1 1 1 1 1 1 1 1 1 1
 1 1 1 1 1 1 1 1 1 1 1 1
 1 1 1 1 1 1 1 1 1 1 1 1
 1 1 1 1 1 1 1 1 1 1 1 1
 1 1 1 1 1 1 1 1 1 1 1 1
 1 1 1 1 1 1 1 1 1 1 1 1
 1 1 1 1 1 1 1 1 1 1 1 1
 1 1 1 1 1 1 1 1 1 1 1 1
 1 1 1 1 1 1 1 1 1 1 1 1
 1 1 1 1 1 1 1 1 1 1 1 1
 1 1 1 1 1 1 1 1 1 1 1 1
 1 1 1 1 1 1 1 1 1 1 1 1
 1 1 1 1 1 1 1 1 1 1 1 1
 1 1 1 1 1 1 1 1 1 1 1 1
 1 1 1 1 1 1 1 1 1 1 1 1
 1 1 1 1 1 1 1 1 1 1 1 1
 1 1 1 1 1 1 1 1 1 1 1 1
 1 1 1 1 1 1 1 1 1 1 1 1
 1 1 1 1 1 1 1 1 1 1 1 1
 1 1 1 1 1 1 1 1 1 1 1 1
 1 1 1 1 1 1 1 1 1 1 1 1
 1 1 1 1 1 1 1 1 1 1 1 1
 1 1 1 1 1 1 1 1 1 1 1 1
# wt_pop
 0.000530656 0.00119633 0.00205827 0.00303499 0.00405521 0.0050647 0.00602623 0.00691692 0.00772489 0.00844611 0.00908185 0.0096367
# maturity
 0.0229774 0.320821 0.904651 0.99478 0.999739 0.999987 0.999999 1 1 1 1 1
# spawnmo
1
# age_err
 1 0 0 0 0 0 0 0 0 0 0 0
 0 1 0 0 0 0 0 0 0 0 0 0
 0 0 1 0 0 0 0 0 0 0 0 0
 0 0 0 1 0 0 0 0 0 0 0 0
 0 0 0 0 1 0 0 0 0 0 0 0
 0 0 0 0 0 1 0 0 0 0 0 0
 0 0 0 0 0 0 1 0 0 0 0 0
 0 0 0 0 0 0 0 1 0 0 0 0
 0 0 0 0 0 0 0 0 1 0 0 0
 0 0 0 0 0 0 0 0 0 1 0 0
 0 0 0 0 0 0 0 0 0 0 1 0
 0 0 0 0 0 0 0 0 0 0 0 1
# cntrlfile_name
C:\Users\bai.li\DOCUME~1\Github\AGE_ST~1\ASSAMC\example\output\AMAK\s102\amak.dat
# Map shared selectivity: 
# sel_map
 1 2
 1 1
# datafile_name
amak_data.dat
# model_name
AMAK_MCP
# SrType
2
# use_age_err
0
# retro
0
# sigmarprior
0.2
# cvsigmarprior
0.25
# phase_sigmar
-3
# styr_rec_est
1
# endyr_rec_est
30
# Linfprior
80
# cvLinfprior
0.25
# kprior
0.18
# cvkprior
0.25
# Loprior
27.688
# cvLoprior
0.25
# sdageprior
0.1
# cvsdageprior
0.25
# natmortprior
0.2
# cvnatmortprior
0.25
# phase_M
-4
# npars_Mage
0
# ages_M_changes

# Mage_in

# Mage_offset_in

# phase_Mage
-5
# phase_rw_M
0
# npars_rw_M
0
# yrs_rw_M

# sigma_rw_M

# qprior
 3.48998e-007
# cvqprior
 1
# phase_q
 1
# q_power_prior
 1
# cvq_power_prior
 0.2
# phase_q_power
 -4
# phase_rw_q
 -1
# npars_rw_q
 0
# yrs_rw_q

# sigma_rw_q

# q_age_min
 1
# q_age_max
 12
# q_age_min
 1
# q_age_max
 12
# fsh_sel_opt(k)
2
# phase_sel_fsh(k)
2
# n_sel_ch_fsh(k)
1
# sel_slp_in_fsh(k)(1,n_sel_ch_fsh(k))
 1
# sel_inf_in_fsh(k)(1,n_sel_ch_fsh(k))
 2
# logsel_slp_in_fsh(k)(1,n_sel_ch_fsh(k))
 0
# yrs_sel_ch_fsh(k)(1,n_sel_ch_fsh(k))
 1

Survey SURVEY1
# ind_sel_opt(k)
2
# indname(k)
SURVEY1
# nselages_in_ind(k)
11
# phase_sel_ind(k)
2
# sel_change_in_ind(k)
 1 0 0 0 0 0 0 0 0 0 0 0 0 0 0 0 0 0 0 0 0 0 0 0 0 0 0 0 0 0
# n_sel_ch_ind(k)
1
# yrs_sel_ch_ind(k)(1,n_sel_ch_ind(k))
 1
# sel_slp_in_ind(k,1)
2
# sel_inf_in_ind(k,1)
1.5
# logsel_slp_in_ind(k,1)
0.693147
# logsel_slp_in_indv(k)
0.693147
SURVEY1 ind sel opt 2  1 0 0 0 0 0 0 0 0 0 0 0 0 0 0 0 0 0 0 0 0 0 0 0 0 0 0 0 0 0
Phase indices Sel_Coffs:  -1
 Test: 1.23457e+008
# Fshry Selages:  11
# Srvy  Selages:  11
# Phase for age-spec fishery  -1
# Phase for logistic fishery  2
# Phase for dble logistic fishery  -1
# Phase for age-spec indices   -1
# Phase for logistic indices   2
# Phase for dble logistic ind  -1
# Curv_pen_fsh: 
 0
# Curv_pen_ind: 
 0
# styr_fut
31
# endyr_fut
35
# nyrs_fsh_age
 30
# nyrs_fsh_age
 30
# yrs_fsh_age
 1 2 3 4 5 6 7 8 9 10 11 12 13 14 15 16 17 18 19 20 21 22 23 24 25 26 27 28 29 30
# n_sample_fsh_age
 200 200 200 200 200 200 200 200 200 200 200 200 200 200 200 200 200 200 200 200 200 200 200 200 200 200 200 200 200 200
# oac_fsh
 0.045 0.13 0.16 0.145 0.125 0.075 0.065 0.06 0.06 0.03 0.025 0.08
 0.09 0.105 0.09 0.12 0.115 0.11 0.07 0.075 0.065 0.01 0.035 0.115
 0.095 0.125 0.1 0.14 0.125 0.06 0.07 0.065 0.015 0.035 0.025 0.145
 0.09 0.135 0.125 0.135 0.1 0.085 0.06 0.04 0.025 0.03 0.035 0.14
 0.085 0.11 0.09 0.18 0.09 0.09 0.05 0.055 0.045 0.03 0.025 0.15
 0.09 0.095 0.16 0.07 0.165 0.055 0.09 0.04 0.055 0.06 0.01 0.11
 0.07 0.125 0.12 0.115 0.09 0.125 0.075 0.05 0.03 0.035 0.025 0.14
 0.09 0.105 0.12 0.16 0.09 0.065 0.07 0.05 0.035 0.04 0.035 0.14
 0.09 0.185 0.1 0.105 0.085 0.065 0.07 0.06 0.055 0.04 0.03 0.115
 0.1 0.11 0.11 0.085 0.1 0.135 0.06 0.06 0.055 0.025 0.03 0.13
 0.09 0.14 0.15 0.205 0.045 0.105 0.06 0.07 0.03 0.025 0.015 0.065
 0.095 0.07 0.19 0.16 0.14 0.06 0.08 0.04 0.025 0.02 0.01 0.11
 0.06 0.19 0.15 0.185 0.085 0.12 0.02 0.035 0.025 0.035 0.01 0.085
 0.135 0.135 0.16 0.075 0.135 0.065 0.06 0.065 0.05 0.025 0.005 0.09
 0.095 0.255 0.17 0.1 0.065 0.09 0.06 0.065 0.01 0.02 0.015 0.055
 0.145 0.11 0.23 0.145 0.13 0.06 0.045 0.03 0.045 0.025 0.01 0.025
 0.13 0.21 0.11 0.175 0.08 0.13 0.03 0.04 0.035 0.025 0.015 0.02
 0.105 0.15 0.23 0.115 0.155 0.05 0.05 0.035 0.015 0.03 0.025 0.04
 0.08 0.17 0.135 0.25 0.05 0.135 0.03 0.055 0.015 0.025 0.025 0.03
 0.16 0.17 0.155 0.205 0.09 0.025 0.06 0.055 0.02 0.02 0.02 0.02
 0.14 0.175 0.185 0.15 0.135 0.055 0.03 0.06 0.005 0.02 0.01 0.035
 0.105 0.165 0.235 0.125 0.085 0.11 0.09 0.015 0.025 0.015 0.01 0.02
 0.105 0.21 0.155 0.13 0.14 0.07 0.07 0.05 0.02 0.005 0.01 0.035
 0.145 0.19 0.21 0.125 0.13 0.085 0.055 0.03 0.005 0.01 0 0.015
 0.145 0.17 0.27 0.145 0.085 0.095 0.05 0.015 0.01 0.01 0 0.005
 0.17 0.105 0.205 0.185 0.1 0.07 0.06 0.05 0.01 0.015 0.005 0.025
 0.125 0.295 0.135 0.135 0.135 0.06 0.04 0.005 0.015 0 0 0.055
 0.16 0.15 0.27 0.125 0.095 0.075 0.07 0.025 0.01 0.005 0 0.015
 0.235 0.2 0.22 0.17 0.055 0.03 0.015 0.025 0.01 0.01 0 0.03
 0.15 0.3 0.22 0.1 0.11 0.04 0.035 0.01 0.02 0 0.01 0.005
# olc_fsh

# wt_fsh
 0.000530656 0.00119633 0.00205827 0.00303499 0.00405521 0.0050647 0.00602623 0.00691692 0.00772489 0.00844611 0.00908185 0.0096367
 0.000530656 0.00119633 0.00205827 0.00303499 0.00405521 0.0050647 0.00602623 0.00691692 0.00772489 0.00844611 0.00908185 0.0096367
 0.000530656 0.00119633 0.00205827 0.00303499 0.00405521 0.0050647 0.00602623 0.00691692 0.00772489 0.00844611 0.00908185 0.0096367
 0.000530656 0.00119633 0.00205827 0.00303499 0.00405521 0.0050647 0.00602623 0.00691692 0.00772489 0.00844611 0.00908185 0.0096367
 0.000530656 0.00119633 0.00205827 0.00303499 0.00405521 0.0050647 0.00602623 0.00691692 0.00772489 0.00844611 0.00908185 0.0096367
 0.000530656 0.00119633 0.00205827 0.00303499 0.00405521 0.0050647 0.00602623 0.00691692 0.00772489 0.00844611 0.00908185 0.0096367
 0.000530656 0.00119633 0.00205827 0.00303499 0.00405521 0.0050647 0.00602623 0.00691692 0.00772489 0.00844611 0.00908185 0.0096367
 0.000530656 0.00119633 0.00205827 0.00303499 0.00405521 0.0050647 0.00602623 0.00691692 0.00772489 0.00844611 0.00908185 0.0096367
 0.000530656 0.00119633 0.00205827 0.00303499 0.00405521 0.0050647 0.00602623 0.00691692 0.00772489 0.00844611 0.00908185 0.0096367
 0.000530656 0.00119633 0.00205827 0.00303499 0.00405521 0.0050647 0.00602623 0.00691692 0.00772489 0.00844611 0.00908185 0.0096367
 0.000530656 0.00119633 0.00205827 0.00303499 0.00405521 0.0050647 0.00602623 0.00691692 0.00772489 0.00844611 0.00908185 0.0096367
 0.000530656 0.00119633 0.00205827 0.00303499 0.00405521 0.0050647 0.00602623 0.00691692 0.00772489 0.00844611 0.00908185 0.0096367
 0.000530656 0.00119633 0.00205827 0.00303499 0.00405521 0.0050647 0.00602623 0.00691692 0.00772489 0.00844611 0.00908185 0.0096367
 0.000530656 0.00119633 0.00205827 0.00303499 0.00405521 0.0050647 0.00602623 0.00691692 0.00772489 0.00844611 0.00908185 0.0096367
 0.000530656 0.00119633 0.00205827 0.00303499 0.00405521 0.0050647 0.00602623 0.00691692 0.00772489 0.00844611 0.00908185 0.0096367
 0.000530656 0.00119633 0.00205827 0.00303499 0.00405521 0.0050647 0.00602623 0.00691692 0.00772489 0.00844611 0.00908185 0.0096367
 0.000530656 0.00119633 0.00205827 0.00303499 0.00405521 0.0050647 0.00602623 0.00691692 0.00772489 0.00844611 0.00908185 0.0096367
 0.000530656 0.00119633 0.00205827 0.00303499 0.00405521 0.0050647 0.00602623 0.00691692 0.00772489 0.00844611 0.00908185 0.0096367
 0.000530656 0.00119633 0.00205827 0.00303499 0.00405521 0.0050647 0.00602623 0.00691692 0.00772489 0.00844611 0.00908185 0.0096367
 0.000530656 0.00119633 0.00205827 0.00303499 0.00405521 0.0050647 0.00602623 0.00691692 0.00772489 0.00844611 0.00908185 0.0096367
 0.000530656 0.00119633 0.00205827 0.00303499 0.00405521 0.0050647 0.00602623 0.00691692 0.00772489 0.00844611 0.00908185 0.0096367
 0.000530656 0.00119633 0.00205827 0.00303499 0.00405521 0.0050647 0.00602623 0.00691692 0.00772489 0.00844611 0.00908185 0.0096367
 0.000530656 0.00119633 0.00205827 0.00303499 0.00405521 0.0050647 0.00602623 0.00691692 0.00772489 0.00844611 0.00908185 0.0096367
 0.000530656 0.00119633 0.00205827 0.00303499 0.00405521 0.0050647 0.00602623 0.00691692 0.00772489 0.00844611 0.00908185 0.0096367
 0.000530656 0.00119633 0.00205827 0.00303499 0.00405521 0.0050647 0.00602623 0.00691692 0.00772489 0.00844611 0.00908185 0.0096367
 0.000530656 0.00119633 0.00205827 0.00303499 0.00405521 0.0050647 0.00602623 0.00691692 0.00772489 0.00844611 0.00908185 0.0096367
 0.000530656 0.00119633 0.00205827 0.00303499 0.00405521 0.0050647 0.00602623 0.00691692 0.00772489 0.00844611 0.00908185 0.0096367
 0.000530656 0.00119633 0.00205827 0.00303499 0.00405521 0.0050647 0.00602623 0.00691692 0.00772489 0.00844611 0.00908185 0.0096367
 0.000530656 0.00119633 0.00205827 0.00303499 0.00405521 0.0050647 0.00602623 0.00691692 0.00772489 0.00844611 0.00908185 0.0096367
 0.000530656 0.00119633 0.00205827 0.00303499 0.00405521 0.0050647 0.00602623 0.00691692 0.00772489 0.00844611 0.00908185 0.0096367
# nyrs_ind_age
 30
# yrs_ind_age
 1 2 3 4 5 6 7 8 9 10 11 12 13 14 15 16 17 18 19 20 21 22 23 24 25 26 27 28 29 30
# n_sample_ind_age
 200 200 200 200 200 200 200 200 200 200 200 200 200 200 200 200 200 200 200 200 200 200 200 200 200 200 200 200 200 200
# oac_ind
 0.05 0.15 0.13 0.15 0.075 0.105 0.085 0.035 0.065 0.025 0.02 0.11
 0.065 0.175 0.11 0.125 0.11 0.08 0.055 0.06 0.05 0.02 0.035 0.115
 0.05 0.16 0.115 0.125 0.09 0.075 0.055 0.055 0.055 0.05 0.025 0.145
 0.045 0.135 0.195 0.155 0.08 0.08 0.055 0.04 0.015 0.025 0.035 0.14
 0.07 0.16 0.15 0.14 0.06 0.045 0.065 0.075 0.04 0.025 0.03 0.14
 0.08 0.16 0.12 0.1 0.12 0.105 0.08 0.05 0.03 0.045 0.015 0.095
 0.07 0.18 0.14 0.145 0.105 0.1 0.07 0.03 0.02 0.025 0.01 0.105
 0.085 0.165 0.16 0.17 0.105 0.04 0.06 0.04 0.03 0.035 0.025 0.085
 0.065 0.15 0.125 0.18 0.125 0.085 0.05 0.06 0.035 0.02 0.025 0.08
 0.105 0.15 0.21 0.08 0.095 0.075 0.07 0.04 0.03 0.035 0.02 0.09
 0.06 0.195 0.205 0.12 0.07 0.125 0.06 0.05 0.025 0.01 0.02 0.06
 0.095 0.125 0.205 0.155 0.115 0.065 0.055 0.05 0.025 0.025 0.025 0.06
 0.08 0.19 0.13 0.175 0.09 0.095 0.035 0.05 0.055 0.015 0.015 0.07
 0.1 0.16 0.235 0.065 0.15 0.065 0.04 0.01 0.04 0.03 0.01 0.095
 0.07 0.29 0.165 0.14 0.06 0.085 0.06 0.045 0.01 0.005 0.02 0.05
 0.09 0.15 0.255 0.115 0.105 0.06 0.075 0.055 0.025 0.015 0 0.055
 0.095 0.22 0.165 0.175 0.09 0.1 0.015 0.055 0.02 0 0.005 0.06
 0.065 0.255 0.205 0.095 0.13 0.075 0.065 0.02 0.025 0.02 0.01 0.035
 0.1 0.205 0.24 0.16 0.075 0.09 0.025 0.025 0.02 0.01 0.025 0.025
 0.1 0.24 0.15 0.19 0.115 0.055 0.03 0.05 0.035 0.005 0.005 0.025
 0.09 0.165 0.235 0.105 0.135 0.085 0.045 0.075 0.015 0.015 0.02 0.015
 0.09 0.16 0.215 0.175 0.135 0.075 0.05 0.035 0.03 0.005 0.015 0.015
 0.12 0.205 0.175 0.175 0.12 0.08 0.035 0.045 0.01 0.015 0.005 0.015
 0.175 0.275 0.19 0.095 0.08 0.05 0.03 0.035 0.015 0.015 0.01 0.03
 0.085 0.25 0.255 0.16 0.09 0.075 0.03 0.02 0.005 0.005 0.01 0.015
 0.165 0.2 0.175 0.195 0.09 0.07 0.04 0.02 0.01 0.015 0.005 0.015
 0.115 0.35 0.135 0.14 0.105 0.045 0.015 0.03 0 0.01 0.02 0.035
 0.14 0.215 0.255 0.14 0.075 0.085 0.04 0.01 0.015 0.015 0 0.01
 0.09 0.305 0.215 0.16 0.065 0.055 0.045 0.03 0.015 0.01 0 0.01
 0.105 0.315 0.23 0.15 0.07 0.035 0.055 0.015 0.015 0 0 0.01
# olc_ind

# obs_lse_ind
 0.198042 0.198042 0.198042 0.198042 0.198042 0.198042 0.198042 0.198042 0.198042 0.198042 0.198042 0.198042 0.198042 0.198042 0.198042 0.198042 0.198042 0.198042 0.198042 0.198042 0.198042 0.198042 0.198042 0.198042 0.198042 0.198042 0.198042 0.198042 0.198042 0.198042
# xages_fsh
 0 0 0 0 0 0 0 0 0 0 0 0
# xages_fsh
 0 0.0909091 0.181818 0.272727 0.363636 0.454545 0.545455 0.636364 0.727273 0.818182 0.909091 1
# xnodes_fsh

Yrs fsh_sel change:  1 0 0 0 0 0 0 0 0 0 0 0 0 0 0 0 0 0 0 0 0 0 0 0 0 0 0 0 0
Yrs ind_sel change:  1 0 0 0 0 0 0 0 0 0 0 0 0 0 0 0 0 0 0 0 0 0 0 0 0 0 0 0 0
# steepnessprior
0.75
# sigmarprior
0.2
#  SSB estimated in styr endyr: -13 28 
#  Rec estimated in styr endyr: -11 30 
#  SR Curve fit  in styr endyr: 1 30 
#             Model styr endyr: 1 30 
# qprior
 3.48998e-007
# q_power_prior 
 1 
# cv_catchbiomass 
0.05 
# CatchbiomassPen 
200 
# Number of projection years 
5 
# offset_fsh
 13372.5
# offset_ind
 13133.5
Mean Catch
1303.01
R_guess 
15.4326
# nfsh
1
# n_sel_ch_fsh
 1
# nselages_fsh
 11
# phase_selcoff_fsh
 -1
logRzero 15.4326
logmeanrec 15.4326
exp(log_sigmarprior 0.2
Fish sel phase: -1 FLEET1
Fixing fishery sel to
1
Srvy sel phase: -1
Fixing SURVEY1 indices sel to
1
# logsel_slp_in_indv
 0.693147
Leaving parameter init secton
# M
 0.2 0.2 0.2 0.2 0.2 0.2 0.2 0.2 0.2 0.2 0.2 0.2
 0.2 0.2 0.2 0.2 0.2 0.2 0.2 0.2 0.2 0.2 0.2 0.2
 0.2 0.2 0.2 0.2 0.2 0.2 0.2 0.2 0.2 0.2 0.2 0.2
 0.2 0.2 0.2 0.2 0.2 0.2 0.2 0.2 0.2 0.2 0.2 0.2
 0.2 0.2 0.2 0.2 0.2 0.2 0.2 0.2 0.2 0.2 0.2 0.2
 0.2 0.2 0.2 0.2 0.2 0.2 0.2 0.2 0.2 0.2 0.2 0.2
 0.2 0.2 0.2 0.2 0.2 0.2 0.2 0.2 0.2 0.2 0.2 0.2
 0.2 0.2 0.2 0.2 0.2 0.2 0.2 0.2 0.2 0.2 0.2 0.2
 0.2 0.2 0.2 0.2 0.2 0.2 0.2 0.2 0.2 0.2 0.2 0.2
 0.2 0.2 0.2 0.2 0.2 0.2 0.2 0.2 0.2 0.2 0.2 0.2
 0.2 0.2 0.2 0.2 0.2 0.2 0.2 0.2 0.2 0.2 0.2 0.2
 0.2 0.2 0.2 0.2 0.2 0.2 0.2 0.2 0.2 0.2 0.2 0.2
 0.2 0.2 0.2 0.2 0.2 0.2 0.2 0.2 0.2 0.2 0.2 0.2
 0.2 0.2 0.2 0.2 0.2 0.2 0.2 0.2 0.2 0.2 0.2 0.2
 0.2 0.2 0.2 0.2 0.2 0.2 0.2 0.2 0.2 0.2 0.2 0.2
 0.2 0.2 0.2 0.2 0.2 0.2 0.2 0.2 0.2 0.2 0.2 0.2
 0.2 0.2 0.2 0.2 0.2 0.2 0.2 0.2 0.2 0.2 0.2 0.2
 0.2 0.2 0.2 0.2 0.2 0.2 0.2 0.2 0.2 0.2 0.2 0.2
 0.2 0.2 0.2 0.2 0.2 0.2 0.2 0.2 0.2 0.2 0.2 0.2
 0.2 0.2 0.2 0.2 0.2 0.2 0.2 0.2 0.2 0.2 0.2 0.2
 0.2 0.2 0.2 0.2 0.2 0.2 0.2 0.2 0.2 0.2 0.2 0.2
 0.2 0.2 0.2 0.2 0.2 0.2 0.2 0.2 0.2 0.2 0.2 0.2
 0.2 0.2 0.2 0.2 0.2 0.2 0.2 0.2 0.2 0.2 0.2 0.2
 0.2 0.2 0.2 0.2 0.2 0.2 0.2 0.2 0.2 0.2 0.2 0.2
 0.2 0.2 0.2 0.2 0.2 0.2 0.2 0.2 0.2 0.2 0.2 0.2
 0.2 0.2 0.2 0.2 0.2 0.2 0.2 0.2 0.2 0.2 0.2 0.2
 0.2 0.2 0.2 0.2 0.2 0.2 0.2 0.2 0.2 0.2 0.2 0.2
 0.2 0.2 0.2 0.2 0.2 0.2 0.2 0.2 0.2 0.2 0.2 0.2
 0.2 0.2 0.2 0.2 0.2 0.2 0.2 0.2 0.2 0.2 0.2 0.2
 0.2 0.2 0.2 0.2 0.2 0.2 0.2 0.2 0.2 0.2 0.2 0.2
# mean_log_rec
13.7663
# log_Rzero
13.8237
# rec_dev
 -0.0835842 -0.100388 -0.0733419 0.00917611 -0.0263298 0.0875149 0.0107615 -0.0820609 0.0342098 0.0895049 0.0525897 0.0297828 0.0498668 0.264055 -0.0192212 0.0826126 0.156749 0.156736 -0.202606 0.189996 0.0522069 0.206396 -0.302224 0.160883 -0.063217 0.385139 -0.199429 0.244713 0.183108 -0.106814 -0.00746924 -0.0300574 -0.27648 -0.174309 -0.0745382 -0.282525 -0.558747 -0.0719886 -0.36729 -0.186884 -0.0615433 -0.336732
# fmort
 0.00910864 0.0266983 0.0439457 0.0593895 0.0473568 0.0848896 0.0868262 0.181585 0.105505 0.130623 0.147422 0.160836 0.116125 0.166883 0.177443 0.157754 0.303986 0.24717 0.246593 0.248051 0.341095 0.250663 0.414067 0.341658 0.34326 0.310778 0.304292 0.424362 0.315954 0.475848
# rec_dev_future
 0 0 0 0 0
