AMAK;Mar 2020
# styr
1
# endyr
30
# rec_age
1
# oldest_age
12
# nlength
81
# len_bins
 10 11 12 13 14 15 16 17 18 19 20 21 22 23 24 25 26 27 28 29 30 31 32 33 34 35 36 37 38 39 40 41 42 43 44 45 46 47 48 49 50 51 52 53 54 55 56 57 58 59 60 61 62 63 64 65 66 67 68 69 70 71 72 73 74 75 76 77 78 79 80 81 82 83 84 85 86 87 88 89 90
# datafile_name
amak_data.dat
# model_name
AMAK_MCP
# styr
1
# endyr
30
# rec_age
1
# oldest_age
12
# nfsh
1
# fshname
FLEET1
# catch_bio_in
 159.857 459.278 744.93 965.409 747.962 1286.5 1261.06 2399.7 1280.98 1483.83 1597.27 1593.5 1093.72 1501.81 1507.78 1239.62 2139.9 1521.22 1360.87 1246.5 1585.24 1082.39 1652.32 1227.73 1129.73 976.633 938.456 1249.72 884.616 1291.98
# catch_bio_sd_in
 0.01 0.01 0.01 0.01 0.01 0.01 0.01 0.01 0.01 0.01 0.01 0.01 0.01 0.01 0.01 0.01 0.01 0.01 0.01 0.01 0.01 0.01 0.01 0.01 0.01 0.01 0.01 0.01 0.01 0.01
# nyrs_fsh_age
 30
# nyrs_fsh_length
 0
# yrs_fsh_age_in
 1 2 3 4 5 6 7 8 9 10 11 12 13 14 15 16 17 18 19 20 21 22 23 24 25 26 27 28 29 30
# yrs_fsh_length_in

# n_sample_fsh_length_in

# olc_fsh_in

# nind
1
# indname
SURVEY1
# nyrs_ind
 30
# yrs_ind_in
 1 2 3 4 5 6 7 8 9 10 11 12 13 14 15 16 17 18 19 20 21 22 23 24 25 26 27 28 29 30
# mo_ind
 1
# obs_ind_in
 1.7118 1.32397 1.31268 1.14618 1.53663 1.82267 1.24255 1.32703 1.25956 1.18224 1.29055 1.03233 0.981932 1.01677 0.848381 0.978977 0.848191 0.746992 0.862411 0.786862 0.707198 0.675479 0.755567 0.661656 0.613403 0.555443 0.555033 0.568022 0.503085 0.540329
# obs_se_ind_in
 0.342359 0.264793 0.262536 0.229235 0.307325 0.364534 0.24851 0.265406 0.251912 0.236448 0.25811 0.206466 0.196386 0.203354 0.169676 0.195795 0.169638 0.149398 0.172482 0.157372 0.14144 0.135096 0.151113 0.132331 0.122681 0.111089 0.111007 0.113604 0.100617 0.108066
# nyrs_ind_age
 30
# nyrs_ind_length
 0
# yrs_ind_age_in
 1 2 3 4 5 6 7 8 9 10 11 12 13 14 15 16 17 18 19 20 21 22 23 24 25 26 27 28 29 30
# yrs_ind_length_in

# yrs_ind_age_in
 1 2 3 4 5 6 7 8 9 10 11 12 13 14 15 16 17 18 19 20 21 22 23 24 25 26 27 28 29 30
# n_sample_ind_length_in

# olc_ind_in

# oac_ind_in
 0.065 0.1 0.17 0.145 0.09 0.07 0.075 0.055 0.03 0.025 0.04 0.135
 0.075 0.16 0.16 0.1 0.07 0.1 0.07 0.05 0.045 0.055 0.025 0.09
 0.09 0.08 0.165 0.08 0.13 0.08 0.065 0.04 0.06 0.035 0.015 0.16
 0.105 0.12 0.11 0.095 0.12 0.08 0.05 0.085 0.02 0.04 0.02 0.155
 0.055 0.195 0.11 0.095 0.12 0.09 0.04 0.065 0.03 0.045 0.025 0.13
 0.09 0.12 0.19 0.15 0.095 0.06 0.06 0.06 0.035 0.02 0.04 0.08
 0.075 0.185 0.145 0.175 0.11 0.05 0.07 0.03 0.025 0.025 0.01 0.1
 0.095 0.11 0.185 0.13 0.145 0.08 0.04 0.05 0.01 0.02 0.025 0.11
 0.045 0.18 0.14 0.14 0.085 0.14 0.05 0.045 0.01 0.035 0.025 0.105
 0.095 0.105 0.26 0.1 0.1 0.05 0.12 0.045 0.02 0.025 0.01 0.07
 0.065 0.18 0.14 0.225 0.095 0.08 0.035 0.055 0.02 0.01 0.015 0.08
 0.06 0.2 0.195 0.06 0.14 0.055 0.05 0.05 0.08 0.02 0.015 0.075
 0.075 0.135 0.215 0.15 0.08 0.095 0.055 0.015 0.04 0.035 0.03 0.075
 0.08 0.215 0.15 0.195 0.1 0.06 0.07 0.01 0.035 0.025 0.03 0.03
 0.075 0.19 0.16 0.11 0.105 0.105 0.055 0.035 0.035 0.02 0.015 0.095
 0.075 0.17 0.195 0.125 0.11 0.09 0.095 0.04 0.03 0.01 0.005 0.055
 0.12 0.135 0.17 0.13 0.125 0.055 0.09 0.065 0.035 0.025 0.01 0.04
 0.075 0.2 0.165 0.115 0.125 0.085 0.05 0.035 0.045 0.02 0.015 0.07
 0.155 0.16 0.23 0.15 0.035 0.085 0.04 0.015 0.02 0.03 0.025 0.055
 0.095 0.29 0.175 0.175 0.09 0.055 0.06 0.015 0.005 0.015 0.005 0.02
 0.07 0.245 0.22 0.17 0.06 0.075 0.055 0.035 0.025 0.005 0.025 0.015
 0.155 0.225 0.145 0.205 0.07 0.06 0.07 0.01 0.01 0.01 0.01 0.03
 0.03 0.27 0.195 0.17 0.135 0.055 0.03 0.02 0.025 0.02 0.01 0.04
 0.075 0.175 0.28 0.16 0.135 0.09 0.03 0.01 0.005 0 0.02 0.02
 0.145 0.155 0.195 0.235 0.105 0.035 0.06 0.015 0.025 0 0 0.03
 0.145 0.27 0.2 0.115 0.15 0.035 0.025 0.02 0.02 0.015 0.005 0
 0.11 0.285 0.255 0.115 0.075 0.08 0.035 0.025 0.01 0 0 0.01
 0.115 0.275 0.245 0.21 0.055 0.03 0.03 0.02 0 0.005 0.01 0.005
 0.125 0.3 0.185 0.15 0.11 0.03 0.015 0.03 0.025 0 0.02 0.01
 0.13 0.24 0.24 0.14 0.11 0.065 0.02 0.015 0.02 0.005 0.005 0.01
# wt_ind
 1 1 1 1 1 1 1 1 1 1 1 1
 1 1 1 1 1 1 1 1 1 1 1 1
 1 1 1 1 1 1 1 1 1 1 1 1
 1 1 1 1 1 1 1 1 1 1 1 1
 1 1 1 1 1 1 1 1 1 1 1 1
 1 1 1 1 1 1 1 1 1 1 1 1
 1 1 1 1 1 1 1 1 1 1 1 1
 1 1 1 1 1 1 1 1 1 1 1 1
 1 1 1 1 1 1 1 1 1 1 1 1
 1 1 1 1 1 1 1 1 1 1 1 1
 1 1 1 1 1 1 1 1 1 1 1 1
 1 1 1 1 1 1 1 1 1 1 1 1
 1 1 1 1 1 1 1 1 1 1 1 1
 1 1 1 1 1 1 1 1 1 1 1 1
 1 1 1 1 1 1 1 1 1 1 1 1
 1 1 1 1 1 1 1 1 1 1 1 1
 1 1 1 1 1 1 1 1 1 1 1 1
 1 1 1 1 1 1 1 1 1 1 1 1
 1 1 1 1 1 1 1 1 1 1 1 1
 1 1 1 1 1 1 1 1 1 1 1 1
 1 1 1 1 1 1 1 1 1 1 1 1
 1 1 1 1 1 1 1 1 1 1 1 1
 1 1 1 1 1 1 1 1 1 1 1 1
 1 1 1 1 1 1 1 1 1 1 1 1
 1 1 1 1 1 1 1 1 1 1 1 1
 1 1 1 1 1 1 1 1 1 1 1 1
 1 1 1 1 1 1 1 1 1 1 1 1
 1 1 1 1 1 1 1 1 1 1 1 1
 1 1 1 1 1 1 1 1 1 1 1 1
 1 1 1 1 1 1 1 1 1 1 1 1
# wt_pop
 0.000530656 0.00119633 0.00205827 0.00303499 0.00405521 0.0050647 0.00602623 0.00691692 0.00772489 0.00844611 0.00908185 0.0096367
# maturity
 0.0229774 0.320821 0.904651 0.99478 0.999739 0.999987 0.999999 1 1 1 1 1
# spawnmo
1
# age_err
 1 0 0 0 0 0 0 0 0 0 0 0
 0 1 0 0 0 0 0 0 0 0 0 0
 0 0 1 0 0 0 0 0 0 0 0 0
 0 0 0 1 0 0 0 0 0 0 0 0
 0 0 0 0 1 0 0 0 0 0 0 0
 0 0 0 0 0 1 0 0 0 0 0 0
 0 0 0 0 0 0 1 0 0 0 0 0
 0 0 0 0 0 0 0 1 0 0 0 0
 0 0 0 0 0 0 0 0 1 0 0 0
 0 0 0 0 0 0 0 0 0 1 0 0
 0 0 0 0 0 0 0 0 0 0 1 0
 0 0 0 0 0 0 0 0 0 0 0 1
# cntrlfile_name
C:\Users\bai.li\DOCUME~1\Github\AGE_ST~1\ASSAMC\example\output\AMAK\s97\amak.dat
# Map shared selectivity: 
# sel_map
 1 2
 1 1
# datafile_name
amak_data.dat
# model_name
AMAK_MCP
# SrType
2
# use_age_err
0
# retro
0
# sigmarprior
0.2
# cvsigmarprior
0.25
# phase_sigmar
-3
# styr_rec_est
1
# endyr_rec_est
30
# Linfprior
80
# cvLinfprior
0.25
# kprior
0.18
# cvkprior
0.25
# Loprior
27.688
# cvLoprior
0.25
# sdageprior
0.1
# cvsdageprior
0.25
# natmortprior
0.2
# cvnatmortprior
0.25
# phase_M
-4
# npars_Mage
0
# ages_M_changes

# Mage_in

# Mage_offset_in

# phase_Mage
-5
# phase_rw_M
0
# npars_rw_M
0
# yrs_rw_M

# sigma_rw_M

# qprior
 3.48998e-007
# cvqprior
 1
# phase_q
 1
# q_power_prior
 1
# cvq_power_prior
 0.2
# phase_q_power
 -4
# phase_rw_q
 -1
# npars_rw_q
 0
# yrs_rw_q

# sigma_rw_q

# q_age_min
 1
# q_age_max
 12
# q_age_min
 1
# q_age_max
 12
# fsh_sel_opt(k)
2
# phase_sel_fsh(k)
2
# n_sel_ch_fsh(k)
1
# sel_slp_in_fsh(k)(1,n_sel_ch_fsh(k))
 1
# sel_inf_in_fsh(k)(1,n_sel_ch_fsh(k))
 2
# logsel_slp_in_fsh(k)(1,n_sel_ch_fsh(k))
 0
# yrs_sel_ch_fsh(k)(1,n_sel_ch_fsh(k))
 1

Survey SURVEY1
# ind_sel_opt(k)
2
# indname(k)
SURVEY1
# nselages_in_ind(k)
11
# phase_sel_ind(k)
2
# sel_change_in_ind(k)
 1 0 0 0 0 0 0 0 0 0 0 0 0 0 0 0 0 0 0 0 0 0 0 0 0 0 0 0 0 0
# n_sel_ch_ind(k)
1
# yrs_sel_ch_ind(k)(1,n_sel_ch_ind(k))
 1
# sel_slp_in_ind(k,1)
2
# sel_inf_in_ind(k,1)
1.5
# logsel_slp_in_ind(k,1)
0.693147
# logsel_slp_in_indv(k)
0.693147
SURVEY1 ind sel opt 2  1 0 0 0 0 0 0 0 0 0 0 0 0 0 0 0 0 0 0 0 0 0 0 0 0 0 0 0 0 0
Phase indices Sel_Coffs:  -1
 Test: 1.23457e+008
# Fshry Selages:  11
# Srvy  Selages:  11
# Phase for age-spec fishery  -1
# Phase for logistic fishery  2
# Phase for dble logistic fishery  -1
# Phase for age-spec indices   -1
# Phase for logistic indices   2
# Phase for dble logistic ind  -1
# Curv_pen_fsh: 
 0
# Curv_pen_ind: 
 0
# styr_fut
31
# endyr_fut
35
# nyrs_fsh_age
 30
# nyrs_fsh_age
 30
# yrs_fsh_age
 1 2 3 4 5 6 7 8 9 10 11 12 13 14 15 16 17 18 19 20 21 22 23 24 25 26 27 28 29 30
# n_sample_fsh_age
 200 200 200 200 200 200 200 200 200 200 200 200 200 200 200 200 200 200 200 200 200 200 200 200 200 200 200 200 200 200
# oac_fsh
 0.065 0.095 0.13 0.165 0.08 0.05 0.075 0.03 0.055 0.03 0.02 0.205
 0.085 0.125 0.16 0.11 0.085 0.14 0.03 0.05 0.05 0.045 0.025 0.095
 0.115 0.08 0.08 0.135 0.085 0.11 0.065 0.05 0.045 0.05 0.035 0.15
 0.1 0.07 0.1 0.145 0.145 0.085 0.075 0.035 0.045 0.035 0.035 0.13
 0.08 0.125 0.115 0.14 0.065 0.07 0.095 0.035 0.045 0.065 0.035 0.13
 0.05 0.115 0.165 0.16 0.09 0.06 0.085 0.09 0.04 0.035 0.015 0.095
 0.065 0.12 0.095 0.165 0.155 0.075 0.075 0.045 0.045 0.04 0.015 0.105
 0.11 0.105 0.17 0.095 0.12 0.08 0.015 0.025 0.04 0.05 0.055 0.135
 0.045 0.175 0.115 0.13 0.11 0.13 0.065 0.035 0.025 0.02 0.045 0.105
 0.095 0.095 0.18 0.105 0.095 0.125 0.085 0.045 0.025 0.03 0.015 0.105
 0.095 0.185 0.16 0.14 0.09 0.065 0.07 0.045 0.02 0.015 0.025 0.09
 0.09 0.145 0.155 0.135 0.145 0.085 0.05 0.03 0.035 0.04 0.005 0.085
 0.095 0.13 0.19 0.155 0.085 0.1 0.025 0.035 0.03 0.055 0.025 0.075
 0.09 0.115 0.145 0.16 0.12 0.065 0.1 0.04 0.05 0.025 0.035 0.055
 0.1 0.155 0.125 0.105 0.115 0.14 0.05 0.065 0.02 0.03 0.02 0.075
 0.09 0.085 0.155 0.155 0.085 0.15 0.08 0.04 0.065 0.025 0.02 0.05
 0.085 0.155 0.16 0.165 0.085 0.04 0.085 0.06 0.04 0.035 0.02 0.07
 0.115 0.17 0.19 0.12 0.09 0.045 0.08 0.055 0.03 0.035 0.015 0.055
 0.165 0.14 0.22 0.155 0.075 0.075 0.055 0.02 0.025 0.01 0.015 0.045
 0.08 0.28 0.14 0.185 0.11 0.025 0.065 0.03 0.015 0.015 0.015 0.04
 0.11 0.165 0.24 0.125 0.15 0.06 0.035 0.015 0.025 0.01 0.01 0.055
 0.145 0.15 0.14 0.22 0.07 0.09 0.065 0.03 0.02 0.04 0.015 0.015
 0.105 0.27 0.145 0.18 0.11 0.05 0.075 0.025 0.015 0.005 0 0.02
 0.11 0.14 0.28 0.125 0.12 0.11 0.025 0.03 0.025 0.005 0.015 0.015
 0.165 0.13 0.17 0.195 0.13 0.07 0.055 0.035 0.02 0.005 0 0.025
 0.135 0.255 0.175 0.13 0.135 0.06 0.03 0.045 0 0.01 0.01 0.015
 0.1 0.23 0.25 0.145 0.075 0.11 0.035 0.025 0.015 0.005 0 0.01
 0.165 0.15 0.215 0.21 0.075 0.02 0.1 0.025 0.015 0.005 0.015 0.005
 0.19 0.28 0.165 0.125 0.075 0.04 0.045 0.04 0.01 0.01 0.015 0.005
 0.23 0.21 0.205 0.11 0.055 0.1 0.02 0.02 0.025 0.005 0.01 0.01
# olc_fsh

# wt_fsh
 0.000530656 0.00119633 0.00205827 0.00303499 0.00405521 0.0050647 0.00602623 0.00691692 0.00772489 0.00844611 0.00908185 0.0096367
 0.000530656 0.00119633 0.00205827 0.00303499 0.00405521 0.0050647 0.00602623 0.00691692 0.00772489 0.00844611 0.00908185 0.0096367
 0.000530656 0.00119633 0.00205827 0.00303499 0.00405521 0.0050647 0.00602623 0.00691692 0.00772489 0.00844611 0.00908185 0.0096367
 0.000530656 0.00119633 0.00205827 0.00303499 0.00405521 0.0050647 0.00602623 0.00691692 0.00772489 0.00844611 0.00908185 0.0096367
 0.000530656 0.00119633 0.00205827 0.00303499 0.00405521 0.0050647 0.00602623 0.00691692 0.00772489 0.00844611 0.00908185 0.0096367
 0.000530656 0.00119633 0.00205827 0.00303499 0.00405521 0.0050647 0.00602623 0.00691692 0.00772489 0.00844611 0.00908185 0.0096367
 0.000530656 0.00119633 0.00205827 0.00303499 0.00405521 0.0050647 0.00602623 0.00691692 0.00772489 0.00844611 0.00908185 0.0096367
 0.000530656 0.00119633 0.00205827 0.00303499 0.00405521 0.0050647 0.00602623 0.00691692 0.00772489 0.00844611 0.00908185 0.0096367
 0.000530656 0.00119633 0.00205827 0.00303499 0.00405521 0.0050647 0.00602623 0.00691692 0.00772489 0.00844611 0.00908185 0.0096367
 0.000530656 0.00119633 0.00205827 0.00303499 0.00405521 0.0050647 0.00602623 0.00691692 0.00772489 0.00844611 0.00908185 0.0096367
 0.000530656 0.00119633 0.00205827 0.00303499 0.00405521 0.0050647 0.00602623 0.00691692 0.00772489 0.00844611 0.00908185 0.0096367
 0.000530656 0.00119633 0.00205827 0.00303499 0.00405521 0.0050647 0.00602623 0.00691692 0.00772489 0.00844611 0.00908185 0.0096367
 0.000530656 0.00119633 0.00205827 0.00303499 0.00405521 0.0050647 0.00602623 0.00691692 0.00772489 0.00844611 0.00908185 0.0096367
 0.000530656 0.00119633 0.00205827 0.00303499 0.00405521 0.0050647 0.00602623 0.00691692 0.00772489 0.00844611 0.00908185 0.0096367
 0.000530656 0.00119633 0.00205827 0.00303499 0.00405521 0.0050647 0.00602623 0.00691692 0.00772489 0.00844611 0.00908185 0.0096367
 0.000530656 0.00119633 0.00205827 0.00303499 0.00405521 0.0050647 0.00602623 0.00691692 0.00772489 0.00844611 0.00908185 0.0096367
 0.000530656 0.00119633 0.00205827 0.00303499 0.00405521 0.0050647 0.00602623 0.00691692 0.00772489 0.00844611 0.00908185 0.0096367
 0.000530656 0.00119633 0.00205827 0.00303499 0.00405521 0.0050647 0.00602623 0.00691692 0.00772489 0.00844611 0.00908185 0.0096367
 0.000530656 0.00119633 0.00205827 0.00303499 0.00405521 0.0050647 0.00602623 0.00691692 0.00772489 0.00844611 0.00908185 0.0096367
 0.000530656 0.00119633 0.00205827 0.00303499 0.00405521 0.0050647 0.00602623 0.00691692 0.00772489 0.00844611 0.00908185 0.0096367
 0.000530656 0.00119633 0.00205827 0.00303499 0.00405521 0.0050647 0.00602623 0.00691692 0.00772489 0.00844611 0.00908185 0.0096367
 0.000530656 0.00119633 0.00205827 0.00303499 0.00405521 0.0050647 0.00602623 0.00691692 0.00772489 0.00844611 0.00908185 0.0096367
 0.000530656 0.00119633 0.00205827 0.00303499 0.00405521 0.0050647 0.00602623 0.00691692 0.00772489 0.00844611 0.00908185 0.0096367
 0.000530656 0.00119633 0.00205827 0.00303499 0.00405521 0.0050647 0.00602623 0.00691692 0.00772489 0.00844611 0.00908185 0.0096367
 0.000530656 0.00119633 0.00205827 0.00303499 0.00405521 0.0050647 0.00602623 0.00691692 0.00772489 0.00844611 0.00908185 0.0096367
 0.000530656 0.00119633 0.00205827 0.00303499 0.00405521 0.0050647 0.00602623 0.00691692 0.00772489 0.00844611 0.00908185 0.0096367
 0.000530656 0.00119633 0.00205827 0.00303499 0.00405521 0.0050647 0.00602623 0.00691692 0.00772489 0.00844611 0.00908185 0.0096367
 0.000530656 0.00119633 0.00205827 0.00303499 0.00405521 0.0050647 0.00602623 0.00691692 0.00772489 0.00844611 0.00908185 0.0096367
 0.000530656 0.00119633 0.00205827 0.00303499 0.00405521 0.0050647 0.00602623 0.00691692 0.00772489 0.00844611 0.00908185 0.0096367
 0.000530656 0.00119633 0.00205827 0.00303499 0.00405521 0.0050647 0.00602623 0.00691692 0.00772489 0.00844611 0.00908185 0.0096367
# nyrs_ind_age
 30
# yrs_ind_age
 1 2 3 4 5 6 7 8 9 10 11 12 13 14 15 16 17 18 19 20 21 22 23 24 25 26 27 28 29 30
# n_sample_ind_age
 200 200 200 200 200 200 200 200 200 200 200 200 200 200 200 200 200 200 200 200 200 200 200 200 200 200 200 200 200 200
# oac_ind
 0.065 0.1 0.17 0.145 0.09 0.07 0.075 0.055 0.03 0.025 0.04 0.135
 0.075 0.16 0.16 0.1 0.07 0.1 0.07 0.05 0.045 0.055 0.025 0.09
 0.09 0.08 0.165 0.08 0.13 0.08 0.065 0.04 0.06 0.035 0.015 0.16
 0.105 0.12 0.11 0.095 0.12 0.08 0.05 0.085 0.02 0.04 0.02 0.155
 0.055 0.195 0.11 0.095 0.12 0.09 0.04 0.065 0.03 0.045 0.025 0.13
 0.09 0.12 0.19 0.15 0.095 0.06 0.06 0.06 0.035 0.02 0.04 0.08
 0.075 0.185 0.145 0.175 0.11 0.05 0.07 0.03 0.025 0.025 0.01 0.1
 0.095 0.11 0.185 0.13 0.145 0.08 0.04 0.05 0.01 0.02 0.025 0.11
 0.045 0.18 0.14 0.14 0.085 0.14 0.05 0.045 0.01 0.035 0.025 0.105
 0.095 0.105 0.26 0.1 0.1 0.05 0.12 0.045 0.02 0.025 0.01 0.07
 0.065 0.18 0.14 0.225 0.095 0.08 0.035 0.055 0.02 0.01 0.015 0.08
 0.06 0.2 0.195 0.06 0.14 0.055 0.05 0.05 0.08 0.02 0.015 0.075
 0.075 0.135 0.215 0.15 0.08 0.095 0.055 0.015 0.04 0.035 0.03 0.075
 0.08 0.215 0.15 0.195 0.1 0.06 0.07 0.01 0.035 0.025 0.03 0.03
 0.075 0.19 0.16 0.11 0.105 0.105 0.055 0.035 0.035 0.02 0.015 0.095
 0.075 0.17 0.195 0.125 0.11 0.09 0.095 0.04 0.03 0.01 0.005 0.055
 0.12 0.135 0.17 0.13 0.125 0.055 0.09 0.065 0.035 0.025 0.01 0.04
 0.075 0.2 0.165 0.115 0.125 0.085 0.05 0.035 0.045 0.02 0.015 0.07
 0.155 0.16 0.23 0.15 0.035 0.085 0.04 0.015 0.02 0.03 0.025 0.055
 0.095 0.29 0.175 0.175 0.09 0.055 0.06 0.015 0.005 0.015 0.005 0.02
 0.07 0.245 0.22 0.17 0.06 0.075 0.055 0.035 0.025 0.005 0.025 0.015
 0.155 0.225 0.145 0.205 0.07 0.06 0.07 0.01 0.01 0.01 0.01 0.03
 0.03 0.27 0.195 0.17 0.135 0.055 0.03 0.02 0.025 0.02 0.01 0.04
 0.075 0.175 0.28 0.16 0.135 0.09 0.03 0.01 0.005 0 0.02 0.02
 0.145 0.155 0.195 0.235 0.105 0.035 0.06 0.015 0.025 0 0 0.03
 0.145 0.27 0.2 0.115 0.15 0.035 0.025 0.02 0.02 0.015 0.005 0
 0.11 0.285 0.255 0.115 0.075 0.08 0.035 0.025 0.01 0 0 0.01
 0.115 0.275 0.245 0.21 0.055 0.03 0.03 0.02 0 0.005 0.01 0.005
 0.125 0.3 0.185 0.15 0.11 0.03 0.015 0.03 0.025 0 0.02 0.01
 0.13 0.24 0.24 0.14 0.11 0.065 0.02 0.015 0.02 0.005 0.005 0.01
# olc_ind

# obs_lse_ind
 0.198042 0.198042 0.198042 0.198042 0.198042 0.198042 0.198042 0.198042 0.198042 0.198042 0.198042 0.198042 0.198042 0.198042 0.198042 0.198042 0.198042 0.198042 0.198042 0.198042 0.198042 0.198042 0.198042 0.198042 0.198042 0.198042 0.198042 0.198042 0.198042 0.198042
# xages_fsh
 0 0 0 0 0 0 0 0 0 0 0 0
# xages_fsh
 0 0.0909091 0.181818 0.272727 0.363636 0.454545 0.545455 0.636364 0.727273 0.818182 0.909091 1
# xnodes_fsh

Yrs fsh_sel change:  1 0 0 0 0 0 0 0 0 0 0 0 0 0 0 0 0 0 0 0 0 0 0 0 0 0 0 0 0
Yrs ind_sel change:  1 0 0 0 0 0 0 0 0 0 0 0 0 0 0 0 0 0 0 0 0 0 0 0 0 0 0 0 0
# steepnessprior
0.75
# sigmarprior
0.2
#  SSB estimated in styr endyr: -13 28 
#  Rec estimated in styr endyr: -11 30 
#  SR Curve fit  in styr endyr: 1 30 
#             Model styr endyr: 1 30 
# qprior
 3.48998e-007
# q_power_prior 
 1 
# cv_catchbiomass 
0.05 
# CatchbiomassPen 
200 
# Number of projection years 
5 
# offset_fsh
 13459.6
# offset_ind
 13115.1
Mean Catch
1253.68
R_guess 
15.394
# nfsh
1
# n_sel_ch_fsh
 1
# nselages_fsh
 11
# phase_selcoff_fsh
 -1
logRzero 15.394
logmeanrec 15.394
exp(log_sigmarprior 0.2
Fish sel phase: -1 FLEET1
Fixing fishery sel to
1
Srvy sel phase: -1
Fixing SURVEY1 indices sel to
1
# logsel_slp_in_indv
 0.693147
Leaving parameter init secton
# M
 0.2 0.2 0.2 0.2 0.2 0.2 0.2 0.2 0.2 0.2 0.2 0.2
 0.2 0.2 0.2 0.2 0.2 0.2 0.2 0.2 0.2 0.2 0.2 0.2
 0.2 0.2 0.2 0.2 0.2 0.2 0.2 0.2 0.2 0.2 0.2 0.2
 0.2 0.2 0.2 0.2 0.2 0.2 0.2 0.2 0.2 0.2 0.2 0.2
 0.2 0.2 0.2 0.2 0.2 0.2 0.2 0.2 0.2 0.2 0.2 0.2
 0.2 0.2 0.2 0.2 0.2 0.2 0.2 0.2 0.2 0.2 0.2 0.2
 0.2 0.2 0.2 0.2 0.2 0.2 0.2 0.2 0.2 0.2 0.2 0.2
 0.2 0.2 0.2 0.2 0.2 0.2 0.2 0.2 0.2 0.2 0.2 0.2
 0.2 0.2 0.2 0.2 0.2 0.2 0.2 0.2 0.2 0.2 0.2 0.2
 0.2 0.2 0.2 0.2 0.2 0.2 0.2 0.2 0.2 0.2 0.2 0.2
 0.2 0.2 0.2 0.2 0.2 0.2 0.2 0.2 0.2 0.2 0.2 0.2
 0.2 0.2 0.2 0.2 0.2 0.2 0.2 0.2 0.2 0.2 0.2 0.2
 0.2 0.2 0.2 0.2 0.2 0.2 0.2 0.2 0.2 0.2 0.2 0.2
 0.2 0.2 0.2 0.2 0.2 0.2 0.2 0.2 0.2 0.2 0.2 0.2
 0.2 0.2 0.2 0.2 0.2 0.2 0.2 0.2 0.2 0.2 0.2 0.2
 0.2 0.2 0.2 0.2 0.2 0.2 0.2 0.2 0.2 0.2 0.2 0.2
 0.2 0.2 0.2 0.2 0.2 0.2 0.2 0.2 0.2 0.2 0.2 0.2
 0.2 0.2 0.2 0.2 0.2 0.2 0.2 0.2 0.2 0.2 0.2 0.2
 0.2 0.2 0.2 0.2 0.2 0.2 0.2 0.2 0.2 0.2 0.2 0.2
 0.2 0.2 0.2 0.2 0.2 0.2 0.2 0.2 0.2 0.2 0.2 0.2
 0.2 0.2 0.2 0.2 0.2 0.2 0.2 0.2 0.2 0.2 0.2 0.2
 0.2 0.2 0.2 0.2 0.2 0.2 0.2 0.2 0.2 0.2 0.2 0.2
 0.2 0.2 0.2 0.2 0.2 0.2 0.2 0.2 0.2 0.2 0.2 0.2
 0.2 0.2 0.2 0.2 0.2 0.2 0.2 0.2 0.2 0.2 0.2 0.2
 0.2 0.2 0.2 0.2 0.2 0.2 0.2 0.2 0.2 0.2 0.2 0.2
 0.2 0.2 0.2 0.2 0.2 0.2 0.2 0.2 0.2 0.2 0.2 0.2
 0.2 0.2 0.2 0.2 0.2 0.2 0.2 0.2 0.2 0.2 0.2 0.2
 0.2 0.2 0.2 0.2 0.2 0.2 0.2 0.2 0.2 0.2 0.2 0.2
 0.2 0.2 0.2 0.2 0.2 0.2 0.2 0.2 0.2 0.2 0.2 0.2
 0.2 0.2 0.2 0.2 0.2 0.2 0.2 0.2 0.2 0.2 0.2 0.2
# mean_log_rec
13.7502
# log_Rzero
13.7944
# rec_dev
 0.000133337 0.000168797 -0.0667865 -0.0968199 0.0216926 -0.0453639 0.0262138 -0.108783 0.022565 0.0743755 0.100792 0.0480557 0.0219875 -0.124381 0.139582 0.446241 0.0506948 0.141858 -0.0807845 0.356993 -0.13175 0.210802 0.176068 -0.199251 -0.0931023 -0.0229992 -0.295314 -0.120473 0.00309018 -0.278424 0.174854 -0.183801 -0.235509 0.12655 -0.491518 -0.5306 -0.0979803 -0.24442 -0.420769 -0.164791 -0.250701 -0.0998543
# fmort
 0.00932089 0.027114 0.0452917 0.061091 0.0488379 0.0866617 0.0889731 0.18452 0.107886 0.131823 0.151165 0.161321 0.116073 0.167388 0.182097 0.161296 0.314667 0.260669 0.256241 0.249707 0.342827 0.249186 0.411172 0.343683 0.345042 0.317208 0.312353 0.442028 0.33148 0.511698
# rec_dev_future
 0 0 0 0 0
