AMAK;Mar 2020
# styr
1
# endyr
30
# rec_age
1
# oldest_age
12
# nlength
81
# len_bins
 10 11 12 13 14 15 16 17 18 19 20 21 22 23 24 25 26 27 28 29 30 31 32 33 34 35 36 37 38 39 40 41 42 43 44 45 46 47 48 49 50 51 52 53 54 55 56 57 58 59 60 61 62 63 64 65 66 67 68 69 70 71 72 73 74 75 76 77 78 79 80 81 82 83 84 85 86 87 88 89 90
# datafile_name
amak_data.dat
# model_name
AMAK_MCP
# styr
1
# endyr
30
# rec_age
1
# oldest_age
12
# nfsh
1
# fshname
FLEET1
# catch_bio_in
 160.947 459.284 751.632 967.687 738.186 1291.53 1234.1 2432.08 1312.33 1502.45 1590.75 1579.65 1077.99 1484.7 1453.11 1222.94 2102.03 1480.05 1334.68 1265.58 1650.35 1118.99 1684.28 1262.26 1215.12 1089.39 1034.63 1339.77 929.606 1305.69
# catch_bio_sd_in
 0.01 0.01 0.01 0.01 0.01 0.01 0.01 0.01 0.01 0.01 0.01 0.01 0.01 0.01 0.01 0.01 0.01 0.01 0.01 0.01 0.01 0.01 0.01 0.01 0.01 0.01 0.01 0.01 0.01 0.01
# nyrs_fsh_age
 30
# nyrs_fsh_length
 0
# yrs_fsh_age_in
 1 2 3 4 5 6 7 8 9 10 11 12 13 14 15 16 17 18 19 20 21 22 23 24 25 26 27 28 29 30
# yrs_fsh_length_in

# n_sample_fsh_length_in

# olc_fsh_in

# nind
1
# indname
SURVEY1
# nyrs_ind
 30
# yrs_ind_in
 1 2 3 4 5 6 7 8 9 10 11 12 13 14 15 16 17 18 19 20 21 22 23 24 25 26 27 28 29 30
# mo_ind
 1
# obs_ind_in
 1.516 1.40035 1.60764 1.24991 1.53468 1.61308 1.4042 1.4499 1.19994 1.2837 1.00304 1.08123 0.96761 0.985626 0.805113 0.877834 0.823404 0.786704 0.755165 0.84212 0.854543 0.650607 0.712974 0.760301 0.660081 0.657789 0.492343 0.558196 0.551528 0.525203
# obs_se_ind_in
 0.3032 0.280071 0.321528 0.249982 0.306936 0.322617 0.28084 0.28998 0.239989 0.256741 0.200608 0.216245 0.193522 0.197125 0.161023 0.175567 0.164681 0.157341 0.151033 0.168424 0.170909 0.130121 0.142595 0.15206 0.132016 0.131558 0.0984686 0.111639 0.110306 0.105041
# nyrs_ind_age
 30
# nyrs_ind_length
 0
# yrs_ind_age_in
 1 2 3 4 5 6 7 8 9 10 11 12 13 14 15 16 17 18 19 20 21 22 23 24 25 26 27 28 29 30
# yrs_ind_length_in

# yrs_ind_age_in
 1 2 3 4 5 6 7 8 9 10 11 12 13 14 15 16 17 18 19 20 21 22 23 24 25 26 27 28 29 30
# n_sample_ind_length_in

# olc_ind_in

# oac_ind_in
 0.065 0.13 0.125 0.145 0.125 0.095 0.07 0.05 0.05 0.015 0.025 0.105
 0.04 0.1 0.115 0.13 0.125 0.105 0.095 0.065 0.06 0.03 0.015 0.12
 0.04 0.1 0.16 0.145 0.11 0.115 0.08 0.045 0.045 0.045 0.03 0.085
 0.05 0.115 0.165 0.125 0.105 0.08 0.05 0.045 0.035 0.03 0.025 0.175
 0.06 0.18 0.1 0.14 0.065 0.065 0.095 0.055 0.045 0.02 0.015 0.16
 0.065 0.17 0.2 0.075 0.1 0.08 0.04 0.08 0.07 0.03 0.015 0.075
 0.065 0.14 0.2 0.145 0.085 0.08 0.085 0.02 0.045 0.02 0.015 0.1
 0.05 0.2 0.15 0.135 0.145 0.035 0.065 0.055 0.035 0.01 0.025 0.095
 0.065 0.185 0.195 0.135 0.095 0.09 0.05 0.055 0.02 0.03 0.04 0.04
 0.065 0.18 0.15 0.13 0.12 0.095 0.02 0.04 0.045 0.01 0.015 0.13
 0.1 0.22 0.145 0.1 0.12 0.09 0.065 0.02 0.01 0.01 0.015 0.105
 0.05 0.17 0.195 0.15 0.105 0.08 0.05 0.06 0.025 0.02 0.015 0.08
 0.1 0.17 0.23 0.135 0.09 0.075 0.025 0.045 0.025 0.04 0.005 0.06
 0.055 0.215 0.19 0.135 0.09 0.065 0.1 0.025 0.015 0.04 0.01 0.06
 0.125 0.145 0.175 0.105 0.115 0.085 0.06 0.035 0.04 0.025 0.015 0.075
 0.07 0.22 0.185 0.14 0.08 0.07 0.045 0.05 0.025 0.03 0.03 0.055
 0.07 0.19 0.165 0.14 0.11 0.105 0.055 0.055 0.005 0.015 0.03 0.06
 0.135 0.115 0.245 0.17 0.09 0.035 0.075 0.015 0.035 0.025 0.01 0.05
 0.15 0.205 0.115 0.12 0.15 0.075 0.05 0.025 0.03 0.04 0.015 0.025
 0.07 0.335 0.245 0.095 0.075 0.055 0.025 0.02 0.015 0.02 0.01 0.035
 0.05 0.21 0.31 0.19 0.065 0.065 0.025 0.015 0.01 0.02 0.005 0.035
 0.145 0.13 0.195 0.21 0.13 0.05 0.02 0.035 0.04 0.02 0 0.025
 0.09 0.31 0.135 0.105 0.17 0.075 0.025 0.015 0.03 0.02 0 0.025
 0.17 0.25 0.215 0.135 0.075 0.085 0.015 0.03 0.005 0.01 0 0.01
 0.095 0.29 0.205 0.2 0.065 0.045 0.055 0.015 0.005 0.02 0 0.005
 0.105 0.15 0.295 0.21 0.12 0.06 0 0.025 0.005 0.01 0 0.02
 0.13 0.17 0.215 0.225 0.095 0.065 0.025 0.025 0.02 0.015 0 0.015
 0.09 0.29 0.14 0.155 0.15 0.06 0.035 0.02 0.015 0.035 0.005 0.005
 0.11 0.235 0.27 0.17 0.055 0.095 0.035 0.015 0.005 0.005 0.005 0
 0.155 0.265 0.18 0.185 0.06 0.065 0.05 0.01 0.02 0 0 0.01
# wt_ind
 1 1 1 1 1 1 1 1 1 1 1 1
 1 1 1 1 1 1 1 1 1 1 1 1
 1 1 1 1 1 1 1 1 1 1 1 1
 1 1 1 1 1 1 1 1 1 1 1 1
 1 1 1 1 1 1 1 1 1 1 1 1
 1 1 1 1 1 1 1 1 1 1 1 1
 1 1 1 1 1 1 1 1 1 1 1 1
 1 1 1 1 1 1 1 1 1 1 1 1
 1 1 1 1 1 1 1 1 1 1 1 1
 1 1 1 1 1 1 1 1 1 1 1 1
 1 1 1 1 1 1 1 1 1 1 1 1
 1 1 1 1 1 1 1 1 1 1 1 1
 1 1 1 1 1 1 1 1 1 1 1 1
 1 1 1 1 1 1 1 1 1 1 1 1
 1 1 1 1 1 1 1 1 1 1 1 1
 1 1 1 1 1 1 1 1 1 1 1 1
 1 1 1 1 1 1 1 1 1 1 1 1
 1 1 1 1 1 1 1 1 1 1 1 1
 1 1 1 1 1 1 1 1 1 1 1 1
 1 1 1 1 1 1 1 1 1 1 1 1
 1 1 1 1 1 1 1 1 1 1 1 1
 1 1 1 1 1 1 1 1 1 1 1 1
 1 1 1 1 1 1 1 1 1 1 1 1
 1 1 1 1 1 1 1 1 1 1 1 1
 1 1 1 1 1 1 1 1 1 1 1 1
 1 1 1 1 1 1 1 1 1 1 1 1
 1 1 1 1 1 1 1 1 1 1 1 1
 1 1 1 1 1 1 1 1 1 1 1 1
 1 1 1 1 1 1 1 1 1 1 1 1
 1 1 1 1 1 1 1 1 1 1 1 1
# wt_pop
 0.000530656 0.00119633 0.00205827 0.00303499 0.00405521 0.0050647 0.00602623 0.00691692 0.00772489 0.00844611 0.00908185 0.0096367
# maturity
 0.0229774 0.320821 0.904651 0.99478 0.999739 0.999987 0.999999 1 1 1 1 1
# spawnmo
1
# age_err
 1 0 0 0 0 0 0 0 0 0 0 0
 0 1 0 0 0 0 0 0 0 0 0 0
 0 0 1 0 0 0 0 0 0 0 0 0
 0 0 0 1 0 0 0 0 0 0 0 0
 0 0 0 0 1 0 0 0 0 0 0 0
 0 0 0 0 0 1 0 0 0 0 0 0
 0 0 0 0 0 0 1 0 0 0 0 0
 0 0 0 0 0 0 0 1 0 0 0 0
 0 0 0 0 0 0 0 0 1 0 0 0
 0 0 0 0 0 0 0 0 0 1 0 0
 0 0 0 0 0 0 0 0 0 0 1 0
 0 0 0 0 0 0 0 0 0 0 0 1
# cntrlfile_name
C:\Users\bai.li\DOCUME~1\Github\AGE_ST~1\ASSAMC\example\output\AMAK\s34\amak.dat
# Map shared selectivity: 
# sel_map
 1 2
 1 1
# datafile_name
amak_data.dat
# model_name
AMAK_MCP
# SrType
2
# use_age_err
0
# retro
0
# sigmarprior
0.2
# cvsigmarprior
0.25
# phase_sigmar
-3
# styr_rec_est
1
# endyr_rec_est
30
# Linfprior
80
# cvLinfprior
0.25
# kprior
0.18
# cvkprior
0.25
# Loprior
27.688
# cvLoprior
0.25
# sdageprior
0.1
# cvsdageprior
0.25
# natmortprior
0.2
# cvnatmortprior
0.25
# phase_M
-4
# npars_Mage
0
# ages_M_changes

# Mage_in

# Mage_offset_in

# phase_Mage
-5
# phase_rw_M
0
# npars_rw_M
0
# yrs_rw_M

# sigma_rw_M

# qprior
 3.48998e-007
# cvqprior
 1
# phase_q
 1
# q_power_prior
 1
# cvq_power_prior
 0.2
# phase_q_power
 -4
# phase_rw_q
 -1
# npars_rw_q
 0
# yrs_rw_q

# sigma_rw_q

# q_age_min
 1
# q_age_max
 12
# q_age_min
 1
# q_age_max
 12
# fsh_sel_opt(k)
2
# phase_sel_fsh(k)
2
# n_sel_ch_fsh(k)
1
# sel_slp_in_fsh(k)(1,n_sel_ch_fsh(k))
 1
# sel_inf_in_fsh(k)(1,n_sel_ch_fsh(k))
 2
# logsel_slp_in_fsh(k)(1,n_sel_ch_fsh(k))
 0
# yrs_sel_ch_fsh(k)(1,n_sel_ch_fsh(k))
 1

Survey SURVEY1
# ind_sel_opt(k)
2
# indname(k)
SURVEY1
# nselages_in_ind(k)
11
# phase_sel_ind(k)
2
# sel_change_in_ind(k)
 1 0 0 0 0 0 0 0 0 0 0 0 0 0 0 0 0 0 0 0 0 0 0 0 0 0 0 0 0 0
# n_sel_ch_ind(k)
1
# yrs_sel_ch_ind(k)(1,n_sel_ch_ind(k))
 1
# sel_slp_in_ind(k,1)
2
# sel_inf_in_ind(k,1)
1.5
# logsel_slp_in_ind(k,1)
0.693147
# logsel_slp_in_indv(k)
0.693147
SURVEY1 ind sel opt 2  1 0 0 0 0 0 0 0 0 0 0 0 0 0 0 0 0 0 0 0 0 0 0 0 0 0 0 0 0 0
Phase indices Sel_Coffs:  -1
 Test: 1.23457e+008
# Fshry Selages:  11
# Srvy  Selages:  11
# Phase for age-spec fishery  -1
# Phase for logistic fishery  2
# Phase for dble logistic fishery  -1
# Phase for age-spec indices   -1
# Phase for logistic indices   2
# Phase for dble logistic ind  -1
# Curv_pen_fsh: 
 0
# Curv_pen_ind: 
 0
# styr_fut
31
# endyr_fut
35
# nyrs_fsh_age
 30
# nyrs_fsh_age
 30
# yrs_fsh_age
 1 2 3 4 5 6 7 8 9 10 11 12 13 14 15 16 17 18 19 20 21 22 23 24 25 26 27 28 29 30
# n_sample_fsh_age
 200 200 200 200 200 200 200 200 200 200 200 200 200 200 200 200 200 200 200 200 200 200 200 200 200 200 200 200 200 200
# oac_fsh
 0.085 0.105 0.1 0.1 0.105 0.14 0.04 0.07 0.03 0.035 0.03 0.16
 0.085 0.125 0.11 0.16 0.08 0.065 0.075 0.075 0.055 0.03 0.03 0.11
 0.03 0.12 0.095 0.145 0.105 0.09 0.105 0.045 0.05 0.045 0.03 0.14
 0.105 0.095 0.14 0.1 0.115 0.095 0.025 0.065 0.045 0.03 0.05 0.135
 0.07 0.135 0.09 0.105 0.125 0.07 0.07 0.06 0.045 0.06 0.04 0.13
 0.085 0.105 0.15 0.12 0.125 0.085 0.055 0.05 0.04 0.04 0.025 0.12
 0.065 0.14 0.145 0.165 0.085 0.055 0.05 0.07 0.07 0.035 0.03 0.09
 0.06 0.15 0.165 0.19 0.105 0.05 0.045 0.055 0.065 0.03 0 0.085
 0.075 0.15 0.125 0.155 0.12 0.09 0.035 0.04 0.02 0.02 0.03 0.14
 0.09 0.115 0.095 0.155 0.15 0.095 0.085 0.055 0.035 0.04 0.015 0.07
 0.125 0.135 0.09 0.16 0.12 0.075 0.08 0.05 0.01 0.025 0.035 0.095
 0.06 0.135 0.16 0.16 0.12 0.1 0.06 0.055 0.05 0.015 0.015 0.07
 0.075 0.095 0.2 0.09 0.14 0.09 0.08 0.06 0.045 0.05 0.02 0.055
 0.055 0.13 0.14 0.175 0.09 0.085 0.065 0.06 0.045 0.04 0.035 0.08
 0.09 0.14 0.165 0.16 0.135 0.065 0.045 0.08 0.035 0.025 0.02 0.04
 0.115 0.215 0.075 0.125 0.115 0.075 0.05 0.05 0.055 0.04 0.02 0.065
 0.065 0.21 0.165 0.11 0.135 0.06 0.07 0.05 0.01 0.025 0.025 0.075
 0.155 0.14 0.17 0.155 0.075 0.06 0.06 0.055 0.02 0.025 0.015 0.07
 0.185 0.215 0.08 0.125 0.095 0.07 0.075 0.045 0.055 0.01 0.01 0.035
 0.05 0.335 0.2 0.055 0.12 0.07 0.045 0.025 0.045 0.025 0.01 0.02
 0.085 0.12 0.335 0.24 0.065 0.04 0.035 0.025 0.025 0.005 0.005 0.02
 0.165 0.125 0.15 0.255 0.11 0.04 0.04 0.05 0.01 0.01 0.005 0.04
 0.18 0.21 0.105 0.13 0.215 0.05 0.02 0.04 0.03 0 0.005 0.015
 0.165 0.24 0.23 0.085 0.075 0.085 0.07 0.005 0.015 0.015 0.01 0.005
 0.135 0.17 0.265 0.18 0.065 0.06 0.035 0.04 0.01 0.015 0.005 0.02
 0.125 0.155 0.245 0.205 0.115 0.04 0.025 0.025 0.035 0 0.005 0.025
 0.185 0.13 0.205 0.175 0.135 0.06 0.04 0.03 0.03 0 0.005 0.005
 0.125 0.205 0.16 0.155 0.14 0.06 0.05 0.045 0.035 0.015 0.005 0.005
 0.145 0.14 0.26 0.125 0.115 0.11 0.03 0.02 0.015 0.01 0.01 0.02
 0.205 0.195 0.185 0.15 0.06 0.08 0.055 0.02 0.02 0.02 0.005 0.005
# olc_fsh

# wt_fsh
 0.000530656 0.00119633 0.00205827 0.00303499 0.00405521 0.0050647 0.00602623 0.00691692 0.00772489 0.00844611 0.00908185 0.0096367
 0.000530656 0.00119633 0.00205827 0.00303499 0.00405521 0.0050647 0.00602623 0.00691692 0.00772489 0.00844611 0.00908185 0.0096367
 0.000530656 0.00119633 0.00205827 0.00303499 0.00405521 0.0050647 0.00602623 0.00691692 0.00772489 0.00844611 0.00908185 0.0096367
 0.000530656 0.00119633 0.00205827 0.00303499 0.00405521 0.0050647 0.00602623 0.00691692 0.00772489 0.00844611 0.00908185 0.0096367
 0.000530656 0.00119633 0.00205827 0.00303499 0.00405521 0.0050647 0.00602623 0.00691692 0.00772489 0.00844611 0.00908185 0.0096367
 0.000530656 0.00119633 0.00205827 0.00303499 0.00405521 0.0050647 0.00602623 0.00691692 0.00772489 0.00844611 0.00908185 0.0096367
 0.000530656 0.00119633 0.00205827 0.00303499 0.00405521 0.0050647 0.00602623 0.00691692 0.00772489 0.00844611 0.00908185 0.0096367
 0.000530656 0.00119633 0.00205827 0.00303499 0.00405521 0.0050647 0.00602623 0.00691692 0.00772489 0.00844611 0.00908185 0.0096367
 0.000530656 0.00119633 0.00205827 0.00303499 0.00405521 0.0050647 0.00602623 0.00691692 0.00772489 0.00844611 0.00908185 0.0096367
 0.000530656 0.00119633 0.00205827 0.00303499 0.00405521 0.0050647 0.00602623 0.00691692 0.00772489 0.00844611 0.00908185 0.0096367
 0.000530656 0.00119633 0.00205827 0.00303499 0.00405521 0.0050647 0.00602623 0.00691692 0.00772489 0.00844611 0.00908185 0.0096367
 0.000530656 0.00119633 0.00205827 0.00303499 0.00405521 0.0050647 0.00602623 0.00691692 0.00772489 0.00844611 0.00908185 0.0096367
 0.000530656 0.00119633 0.00205827 0.00303499 0.00405521 0.0050647 0.00602623 0.00691692 0.00772489 0.00844611 0.00908185 0.0096367
 0.000530656 0.00119633 0.00205827 0.00303499 0.00405521 0.0050647 0.00602623 0.00691692 0.00772489 0.00844611 0.00908185 0.0096367
 0.000530656 0.00119633 0.00205827 0.00303499 0.00405521 0.0050647 0.00602623 0.00691692 0.00772489 0.00844611 0.00908185 0.0096367
 0.000530656 0.00119633 0.00205827 0.00303499 0.00405521 0.0050647 0.00602623 0.00691692 0.00772489 0.00844611 0.00908185 0.0096367
 0.000530656 0.00119633 0.00205827 0.00303499 0.00405521 0.0050647 0.00602623 0.00691692 0.00772489 0.00844611 0.00908185 0.0096367
 0.000530656 0.00119633 0.00205827 0.00303499 0.00405521 0.0050647 0.00602623 0.00691692 0.00772489 0.00844611 0.00908185 0.0096367
 0.000530656 0.00119633 0.00205827 0.00303499 0.00405521 0.0050647 0.00602623 0.00691692 0.00772489 0.00844611 0.00908185 0.0096367
 0.000530656 0.00119633 0.00205827 0.00303499 0.00405521 0.0050647 0.00602623 0.00691692 0.00772489 0.00844611 0.00908185 0.0096367
 0.000530656 0.00119633 0.00205827 0.00303499 0.00405521 0.0050647 0.00602623 0.00691692 0.00772489 0.00844611 0.00908185 0.0096367
 0.000530656 0.00119633 0.00205827 0.00303499 0.00405521 0.0050647 0.00602623 0.00691692 0.00772489 0.00844611 0.00908185 0.0096367
 0.000530656 0.00119633 0.00205827 0.00303499 0.00405521 0.0050647 0.00602623 0.00691692 0.00772489 0.00844611 0.00908185 0.0096367
 0.000530656 0.00119633 0.00205827 0.00303499 0.00405521 0.0050647 0.00602623 0.00691692 0.00772489 0.00844611 0.00908185 0.0096367
 0.000530656 0.00119633 0.00205827 0.00303499 0.00405521 0.0050647 0.00602623 0.00691692 0.00772489 0.00844611 0.00908185 0.0096367
 0.000530656 0.00119633 0.00205827 0.00303499 0.00405521 0.0050647 0.00602623 0.00691692 0.00772489 0.00844611 0.00908185 0.0096367
 0.000530656 0.00119633 0.00205827 0.00303499 0.00405521 0.0050647 0.00602623 0.00691692 0.00772489 0.00844611 0.00908185 0.0096367
 0.000530656 0.00119633 0.00205827 0.00303499 0.00405521 0.0050647 0.00602623 0.00691692 0.00772489 0.00844611 0.00908185 0.0096367
 0.000530656 0.00119633 0.00205827 0.00303499 0.00405521 0.0050647 0.00602623 0.00691692 0.00772489 0.00844611 0.00908185 0.0096367
 0.000530656 0.00119633 0.00205827 0.00303499 0.00405521 0.0050647 0.00602623 0.00691692 0.00772489 0.00844611 0.00908185 0.0096367
# nyrs_ind_age
 30
# yrs_ind_age
 1 2 3 4 5 6 7 8 9 10 11 12 13 14 15 16 17 18 19 20 21 22 23 24 25 26 27 28 29 30
# n_sample_ind_age
 200 200 200 200 200 200 200 200 200 200 200 200 200 200 200 200 200 200 200 200 200 200 200 200 200 200 200 200 200 200
# oac_ind
 0.065 0.13 0.125 0.145 0.125 0.095 0.07 0.05 0.05 0.015 0.025 0.105
 0.04 0.1 0.115 0.13 0.125 0.105 0.095 0.065 0.06 0.03 0.015 0.12
 0.04 0.1 0.16 0.145 0.11 0.115 0.08 0.045 0.045 0.045 0.03 0.085
 0.05 0.115 0.165 0.125 0.105 0.08 0.05 0.045 0.035 0.03 0.025 0.175
 0.06 0.18 0.1 0.14 0.065 0.065 0.095 0.055 0.045 0.02 0.015 0.16
 0.065 0.17 0.2 0.075 0.1 0.08 0.04 0.08 0.07 0.03 0.015 0.075
 0.065 0.14 0.2 0.145 0.085 0.08 0.085 0.02 0.045 0.02 0.015 0.1
 0.05 0.2 0.15 0.135 0.145 0.035 0.065 0.055 0.035 0.01 0.025 0.095
 0.065 0.185 0.195 0.135 0.095 0.09 0.05 0.055 0.02 0.03 0.04 0.04
 0.065 0.18 0.15 0.13 0.12 0.095 0.02 0.04 0.045 0.01 0.015 0.13
 0.1 0.22 0.145 0.1 0.12 0.09 0.065 0.02 0.01 0.01 0.015 0.105
 0.05 0.17 0.195 0.15 0.105 0.08 0.05 0.06 0.025 0.02 0.015 0.08
 0.1 0.17 0.23 0.135 0.09 0.075 0.025 0.045 0.025 0.04 0.005 0.06
 0.055 0.215 0.19 0.135 0.09 0.065 0.1 0.025 0.015 0.04 0.01 0.06
 0.125 0.145 0.175 0.105 0.115 0.085 0.06 0.035 0.04 0.025 0.015 0.075
 0.07 0.22 0.185 0.14 0.08 0.07 0.045 0.05 0.025 0.03 0.03 0.055
 0.07 0.19 0.165 0.14 0.11 0.105 0.055 0.055 0.005 0.015 0.03 0.06
 0.135 0.115 0.245 0.17 0.09 0.035 0.075 0.015 0.035 0.025 0.01 0.05
 0.15 0.205 0.115 0.12 0.15 0.075 0.05 0.025 0.03 0.04 0.015 0.025
 0.07 0.335 0.245 0.095 0.075 0.055 0.025 0.02 0.015 0.02 0.01 0.035
 0.05 0.21 0.31 0.19 0.065 0.065 0.025 0.015 0.01 0.02 0.005 0.035
 0.145 0.13 0.195 0.21 0.13 0.05 0.02 0.035 0.04 0.02 0 0.025
 0.09 0.31 0.135 0.105 0.17 0.075 0.025 0.015 0.03 0.02 0 0.025
 0.17 0.25 0.215 0.135 0.075 0.085 0.015 0.03 0.005 0.01 0 0.01
 0.095 0.29 0.205 0.2 0.065 0.045 0.055 0.015 0.005 0.02 0 0.005
 0.105 0.15 0.295 0.21 0.12 0.06 0 0.025 0.005 0.01 0 0.02
 0.13 0.17 0.215 0.225 0.095 0.065 0.025 0.025 0.02 0.015 0 0.015
 0.09 0.29 0.14 0.155 0.15 0.06 0.035 0.02 0.015 0.035 0.005 0.005
 0.11 0.235 0.27 0.17 0.055 0.095 0.035 0.015 0.005 0.005 0.005 0
 0.155 0.265 0.18 0.185 0.06 0.065 0.05 0.01 0.02 0 0 0.01
# olc_ind

# obs_lse_ind
 0.198042 0.198042 0.198042 0.198042 0.198042 0.198042 0.198042 0.198042 0.198042 0.198042 0.198042 0.198042 0.198042 0.198042 0.198042 0.198042 0.198042 0.198042 0.198042 0.198042 0.198042 0.198042 0.198042 0.198042 0.198042 0.198042 0.198042 0.198042 0.198042 0.198042
# xages_fsh
 0 0 0 0 0 0 0 0 0 0 0 0
# xages_fsh
 0 0.0909091 0.181818 0.272727 0.363636 0.454545 0.545455 0.636364 0.727273 0.818182 0.909091 1
# xnodes_fsh

Yrs fsh_sel change:  1 0 0 0 0 0 0 0 0 0 0 0 0 0 0 0 0 0 0 0 0 0 0 0 0 0 0 0 0
Yrs ind_sel change:  1 0 0 0 0 0 0 0 0 0 0 0 0 0 0 0 0 0 0 0 0 0 0 0 0 0 0 0 0
# steepnessprior
0.75
# sigmarprior
0.2
#  SSB estimated in styr endyr: -13 28 
#  Rec estimated in styr endyr: -11 30 
#  SR Curve fit  in styr endyr: 1 30 
#             Model styr endyr: 1 30 
# qprior
 3.48998e-007
# q_power_prior 
 1 
# cv_catchbiomass 
0.05 
# CatchbiomassPen 
200 
# Number of projection years 
5 
# offset_fsh
 13447.3
# offset_ind
 13053.6
Mean Catch
1269.06
R_guess 
15.4062
# nfsh
1
# n_sel_ch_fsh
 1
# nselages_fsh
 11
# phase_selcoff_fsh
 -1
logRzero 15.4062
logmeanrec 15.4062
exp(log_sigmarprior 0.2
Fish sel phase: -1 FLEET1
Fixing fishery sel to
1
Srvy sel phase: -1
Fixing SURVEY1 indices sel to
1
# logsel_slp_in_indv
 0.693147
Leaving parameter init secton
# M
 0.2 0.2 0.2 0.2 0.2 0.2 0.2 0.2 0.2 0.2 0.2 0.2
 0.2 0.2 0.2 0.2 0.2 0.2 0.2 0.2 0.2 0.2 0.2 0.2
 0.2 0.2 0.2 0.2 0.2 0.2 0.2 0.2 0.2 0.2 0.2 0.2
 0.2 0.2 0.2 0.2 0.2 0.2 0.2 0.2 0.2 0.2 0.2 0.2
 0.2 0.2 0.2 0.2 0.2 0.2 0.2 0.2 0.2 0.2 0.2 0.2
 0.2 0.2 0.2 0.2 0.2 0.2 0.2 0.2 0.2 0.2 0.2 0.2
 0.2 0.2 0.2 0.2 0.2 0.2 0.2 0.2 0.2 0.2 0.2 0.2
 0.2 0.2 0.2 0.2 0.2 0.2 0.2 0.2 0.2 0.2 0.2 0.2
 0.2 0.2 0.2 0.2 0.2 0.2 0.2 0.2 0.2 0.2 0.2 0.2
 0.2 0.2 0.2 0.2 0.2 0.2 0.2 0.2 0.2 0.2 0.2 0.2
 0.2 0.2 0.2 0.2 0.2 0.2 0.2 0.2 0.2 0.2 0.2 0.2
 0.2 0.2 0.2 0.2 0.2 0.2 0.2 0.2 0.2 0.2 0.2 0.2
 0.2 0.2 0.2 0.2 0.2 0.2 0.2 0.2 0.2 0.2 0.2 0.2
 0.2 0.2 0.2 0.2 0.2 0.2 0.2 0.2 0.2 0.2 0.2 0.2
 0.2 0.2 0.2 0.2 0.2 0.2 0.2 0.2 0.2 0.2 0.2 0.2
 0.2 0.2 0.2 0.2 0.2 0.2 0.2 0.2 0.2 0.2 0.2 0.2
 0.2 0.2 0.2 0.2 0.2 0.2 0.2 0.2 0.2 0.2 0.2 0.2
 0.2 0.2 0.2 0.2 0.2 0.2 0.2 0.2 0.2 0.2 0.2 0.2
 0.2 0.2 0.2 0.2 0.2 0.2 0.2 0.2 0.2 0.2 0.2 0.2
 0.2 0.2 0.2 0.2 0.2 0.2 0.2 0.2 0.2 0.2 0.2 0.2
 0.2 0.2 0.2 0.2 0.2 0.2 0.2 0.2 0.2 0.2 0.2 0.2
 0.2 0.2 0.2 0.2 0.2 0.2 0.2 0.2 0.2 0.2 0.2 0.2
 0.2 0.2 0.2 0.2 0.2 0.2 0.2 0.2 0.2 0.2 0.2 0.2
 0.2 0.2 0.2 0.2 0.2 0.2 0.2 0.2 0.2 0.2 0.2 0.2
 0.2 0.2 0.2 0.2 0.2 0.2 0.2 0.2 0.2 0.2 0.2 0.2
 0.2 0.2 0.2 0.2 0.2 0.2 0.2 0.2 0.2 0.2 0.2 0.2
 0.2 0.2 0.2 0.2 0.2 0.2 0.2 0.2 0.2 0.2 0.2 0.2
 0.2 0.2 0.2 0.2 0.2 0.2 0.2 0.2 0.2 0.2 0.2 0.2
 0.2 0.2 0.2 0.2 0.2 0.2 0.2 0.2 0.2 0.2 0.2 0.2
 0.2 0.2 0.2 0.2 0.2 0.2 0.2 0.2 0.2 0.2 0.2 0.2
# mean_log_rec
13.7483
# log_Rzero
13.7868
# rec_dev
 -0.065938 -0.0794561 -0.0857738 -0.171823 -0.0632485 0.117125 -0.0380056 0.081113 0.0934046 0.0191488 0.130329 0.0237163 0.0378671 0.0588867 -0.207164 0.257422 0.250503 0.20068 0.192175 0.0840031 -0.0184934 0.00629971 0.108815 -0.108724 -0.0770017 -0.252942 0.0259982 -0.0828066 -0.519704 0.104137 0.397004 -0.293468 -0.434301 0.0581949 0.00939884 0.0795025 -0.291767 -0.472622 -0.104412 -0.417959 -0.287688 -0.0631687
# fmort
 0.00933308 0.0268887 0.0452564 0.06083 0.0482803 0.0880126 0.0881657 0.1887 0.111225 0.13482 0.153374 0.164763 0.118845 0.172917 0.183423 0.165357 0.319799 0.261581 0.256737 0.25261 0.348295 0.251733 0.412013 0.338491 0.336103 0.30803 0.29904 0.417929 0.313047 0.473919
# rec_dev_future
 0 0 0 0 0
