AMAK;Mar 2020
# styr
1
# endyr
30
# rec_age
1
# oldest_age
12
# nlength
81
# len_bins
 10 11 12 13 14 15 16 17 18 19 20 21 22 23 24 25 26 27 28 29 30 31 32 33 34 35 36 37 38 39 40 41 42 43 44 45 46 47 48 49 50 51 52 53 54 55 56 57 58 59 60 61 62 63 64 65 66 67 68 69 70 71 72 73 74 75 76 77 78 79 80 81 82 83 84 85 86 87 88 89 90
# datafile_name
amak_data.dat
# model_name
AMAK_MCP
# styr
1
# endyr
30
# rec_age
1
# oldest_age
12
# nfsh
1
# fshname
FLEET1
# catch_bio_in
 160.596 464.299 742.939 965.279 741.911 1275.94 1223.06 2356.59 1257.89 1447.07 1557.75 1547.11 1086.4 1521.65 1527.03 1323.12 2371.68 1687.4 1508.04 1370.01 1697.06 1122.47 1697.75 1224.68 1133.01 981.594 976.691 1312.58 936.553 1308.23
# catch_bio_sd_in
 0.01 0.01 0.01 0.01 0.01 0.01 0.01 0.01 0.01 0.01 0.01 0.01 0.01 0.01 0.01 0.01 0.01 0.01 0.01 0.01 0.01 0.01 0.01 0.01 0.01 0.01 0.01 0.01 0.01 0.01
# nyrs_fsh_age
 30
# nyrs_fsh_length
 0
# yrs_fsh_age_in
 1 2 3 4 5 6 7 8 9 10 11 12 13 14 15 16 17 18 19 20 21 22 23 24 25 26 27 28 29 30
# yrs_fsh_length_in

# n_sample_fsh_length_in

# olc_fsh_in

# nind
1
# indname
SURVEY1
# nyrs_ind
 30
# yrs_ind_in
 1 2 3 4 5 6 7 8 9 10 11 12 13 14 15 16 17 18 19 20 21 22 23 24 25 26 27 28 29 30
# mo_ind
 1
# obs_ind_in
 1.43887 1.3391 1.3723 1.49689 1.5138 1.35899 1.52079 1.39646 1.09465 1.2653 1.11959 1.10575 0.944916 1.06198 1.25299 0.841907 1.0482 0.934126 0.843469 0.890813 0.828726 0.575602 0.740478 0.644491 0.548586 0.590567 0.60902 0.572066 0.617219 0.618459
# obs_se_ind_in
 0.287774 0.267821 0.274459 0.299379 0.30276 0.271797 0.304158 0.279292 0.21893 0.25306 0.223919 0.221151 0.188983 0.212395 0.250598 0.168381 0.209641 0.186825 0.168694 0.178163 0.165745 0.11512 0.148096 0.128898 0.109717 0.118113 0.121804 0.114413 0.123444 0.123692
# nyrs_ind_age
 30
# nyrs_ind_length
 0
# yrs_ind_age_in
 1 2 3 4 5 6 7 8 9 10 11 12 13 14 15 16 17 18 19 20 21 22 23 24 25 26 27 28 29 30
# yrs_ind_length_in

# yrs_ind_age_in
 1 2 3 4 5 6 7 8 9 10 11 12 13 14 15 16 17 18 19 20 21 22 23 24 25 26 27 28 29 30
# n_sample_ind_length_in

# olc_ind_in

# oac_ind_in
 0.095 0.115 0.155 0.14 0.095 0.07 0.075 0.065 0.025 0.03 0.025 0.11
 0.08 0.17 0.1 0.14 0.115 0.08 0.035 0.05 0.04 0.015 0.015 0.16
 0.095 0.135 0.165 0.095 0.06 0.115 0.055 0.025 0.06 0.03 0.02 0.145
 0.055 0.18 0.11 0.155 0.105 0.09 0.04 0.06 0.03 0.03 0.03 0.115
 0.06 0.11 0.2 0.1 0.095 0.085 0.025 0.075 0.045 0.06 0.055 0.09
 0.05 0.21 0.09 0.155 0.09 0.045 0.075 0.09 0.045 0.015 0.025 0.11
 0.075 0.145 0.175 0.125 0.135 0.035 0.05 0.075 0.035 0.035 0.015 0.1
 0.095 0.125 0.16 0.17 0.075 0.11 0.045 0.04 0.025 0.02 0.015 0.12
 0.1 0.15 0.11 0.17 0.14 0.035 0.09 0.045 0.03 0.02 0.045 0.065
 0.065 0.19 0.24 0.155 0.055 0.085 0.02 0.045 0.035 0.015 0.03 0.065
 0.035 0.195 0.15 0.15 0.1 0.09 0.07 0.025 0.02 0.02 0.02 0.125
 0.09 0.11 0.15 0.125 0.12 0.1 0.065 0.05 0.035 0.035 0.02 0.1
 0.07 0.195 0.155 0.135 0.145 0.095 0.05 0.03 0.045 0.025 0.005 0.05
 0.075 0.225 0.245 0.1 0.1 0.06 0.05 0.04 0.015 0.005 0.015 0.07
 0.11 0.19 0.16 0.165 0.1 0.09 0.055 0.02 0.02 0.045 0.01 0.035
 0.075 0.23 0.195 0.095 0.14 0.08 0.02 0.045 0.03 0.02 0.01 0.06
 0.075 0.155 0.21 0.155 0.08 0.115 0.055 0.08 0.01 0.01 0.015 0.04
 0.06 0.185 0.195 0.155 0.1 0.06 0.08 0.04 0.045 0.02 0.015 0.045
 0.09 0.175 0.195 0.13 0.16 0.065 0.03 0.025 0.03 0.035 0.02 0.045
 0.17 0.185 0.185 0.105 0.095 0.07 0.07 0.045 0.02 0.015 0.005 0.035
 0.13 0.235 0.18 0.11 0.11 0.07 0.07 0.03 0.02 0.01 0.01 0.025
 0.13 0.245 0.22 0.135 0.09 0.035 0.045 0.025 0.03 0.01 0.005 0.03
 0.08 0.26 0.21 0.175 0.105 0.045 0.04 0.02 0.015 0.02 0.01 0.02
 0.125 0.215 0.255 0.125 0.1 0.05 0.045 0.025 0.025 0.005 0.025 0.005
 0.125 0.23 0.155 0.185 0.105 0.05 0.065 0.02 0.01 0.005 0.015 0.035
 0.115 0.36 0.205 0.095 0.105 0.05 0.015 0.02 0.01 0.01 0 0.015
 0.11 0.305 0.265 0.1 0.075 0.085 0.03 0.01 0.005 0.005 0 0.01
 0.065 0.315 0.28 0.165 0.06 0.04 0.03 0.015 0.015 0.005 0.01 0
 0.125 0.145 0.27 0.155 0.145 0.045 0.025 0.06 0.005 0.01 0 0.015
 0.125 0.305 0.11 0.23 0.085 0.075 0.03 0.015 0 0.005 0.005 0.015
# wt_ind
 1 1 1 1 1 1 1 1 1 1 1 1
 1 1 1 1 1 1 1 1 1 1 1 1
 1 1 1 1 1 1 1 1 1 1 1 1
 1 1 1 1 1 1 1 1 1 1 1 1
 1 1 1 1 1 1 1 1 1 1 1 1
 1 1 1 1 1 1 1 1 1 1 1 1
 1 1 1 1 1 1 1 1 1 1 1 1
 1 1 1 1 1 1 1 1 1 1 1 1
 1 1 1 1 1 1 1 1 1 1 1 1
 1 1 1 1 1 1 1 1 1 1 1 1
 1 1 1 1 1 1 1 1 1 1 1 1
 1 1 1 1 1 1 1 1 1 1 1 1
 1 1 1 1 1 1 1 1 1 1 1 1
 1 1 1 1 1 1 1 1 1 1 1 1
 1 1 1 1 1 1 1 1 1 1 1 1
 1 1 1 1 1 1 1 1 1 1 1 1
 1 1 1 1 1 1 1 1 1 1 1 1
 1 1 1 1 1 1 1 1 1 1 1 1
 1 1 1 1 1 1 1 1 1 1 1 1
 1 1 1 1 1 1 1 1 1 1 1 1
 1 1 1 1 1 1 1 1 1 1 1 1
 1 1 1 1 1 1 1 1 1 1 1 1
 1 1 1 1 1 1 1 1 1 1 1 1
 1 1 1 1 1 1 1 1 1 1 1 1
 1 1 1 1 1 1 1 1 1 1 1 1
 1 1 1 1 1 1 1 1 1 1 1 1
 1 1 1 1 1 1 1 1 1 1 1 1
 1 1 1 1 1 1 1 1 1 1 1 1
 1 1 1 1 1 1 1 1 1 1 1 1
 1 1 1 1 1 1 1 1 1 1 1 1
# wt_pop
 0.000530656 0.00119633 0.00205827 0.00303499 0.00405521 0.0050647 0.00602623 0.00691692 0.00772489 0.00844611 0.00908185 0.0096367
# maturity
 0.0229774 0.320821 0.904651 0.99478 0.999739 0.999987 0.999999 1 1 1 1 1
# spawnmo
1
# age_err
 1 0 0 0 0 0 0 0 0 0 0 0
 0 1 0 0 0 0 0 0 0 0 0 0
 0 0 1 0 0 0 0 0 0 0 0 0
 0 0 0 1 0 0 0 0 0 0 0 0
 0 0 0 0 1 0 0 0 0 0 0 0
 0 0 0 0 0 1 0 0 0 0 0 0
 0 0 0 0 0 0 1 0 0 0 0 0
 0 0 0 0 0 0 0 1 0 0 0 0
 0 0 0 0 0 0 0 0 1 0 0 0
 0 0 0 0 0 0 0 0 0 1 0 0
 0 0 0 0 0 0 0 0 0 0 1 0
 0 0 0 0 0 0 0 0 0 0 0 1
# cntrlfile_name
C:\Users\bai.li\DOCUME~1\Github\AGE_ST~1\ASSAMC\example\output\AMAK\s100\amak.dat
# Map shared selectivity: 
# sel_map
 1 2
 1 1
# datafile_name
amak_data.dat
# model_name
AMAK_MCP
# SrType
2
# use_age_err
0
# retro
0
# sigmarprior
0.2
# cvsigmarprior
0.25
# phase_sigmar
-3
# styr_rec_est
1
# endyr_rec_est
30
# Linfprior
80
# cvLinfprior
0.25
# kprior
0.18
# cvkprior
0.25
# Loprior
27.688
# cvLoprior
0.25
# sdageprior
0.1
# cvsdageprior
0.25
# natmortprior
0.2
# cvnatmortprior
0.25
# phase_M
-4
# npars_Mage
0
# ages_M_changes

# Mage_in

# Mage_offset_in

# phase_Mage
-5
# phase_rw_M
0
# npars_rw_M
0
# yrs_rw_M

# sigma_rw_M

# qprior
 3.48998e-007
# cvqprior
 1
# phase_q
 1
# q_power_prior
 1
# cvq_power_prior
 0.2
# phase_q_power
 -4
# phase_rw_q
 -1
# npars_rw_q
 0
# yrs_rw_q

# sigma_rw_q

# q_age_min
 1
# q_age_max
 12
# q_age_min
 1
# q_age_max
 12
# fsh_sel_opt(k)
2
# phase_sel_fsh(k)
2
# n_sel_ch_fsh(k)
1
# sel_slp_in_fsh(k)(1,n_sel_ch_fsh(k))
 1
# sel_inf_in_fsh(k)(1,n_sel_ch_fsh(k))
 2
# logsel_slp_in_fsh(k)(1,n_sel_ch_fsh(k))
 0
# yrs_sel_ch_fsh(k)(1,n_sel_ch_fsh(k))
 1

Survey SURVEY1
# ind_sel_opt(k)
2
# indname(k)
SURVEY1
# nselages_in_ind(k)
11
# phase_sel_ind(k)
2
# sel_change_in_ind(k)
 1 0 0 0 0 0 0 0 0 0 0 0 0 0 0 0 0 0 0 0 0 0 0 0 0 0 0 0 0 0
# n_sel_ch_ind(k)
1
# yrs_sel_ch_ind(k)(1,n_sel_ch_ind(k))
 1
# sel_slp_in_ind(k,1)
2
# sel_inf_in_ind(k,1)
1.5
# logsel_slp_in_ind(k,1)
0.693147
# logsel_slp_in_indv(k)
0.693147
SURVEY1 ind sel opt 2  1 0 0 0 0 0 0 0 0 0 0 0 0 0 0 0 0 0 0 0 0 0 0 0 0 0 0 0 0 0
Phase indices Sel_Coffs:  -1
 Test: 1.23457e+008
# Fshry Selages:  11
# Srvy  Selages:  11
# Phase for age-spec fishery  -1
# Phase for logistic fishery  2
# Phase for dble logistic fishery  -1
# Phase for age-spec indices   -1
# Phase for logistic indices   2
# Phase for dble logistic ind  -1
# Curv_pen_fsh: 
 0
# Curv_pen_ind: 
 0
# styr_fut
31
# endyr_fut
35
# nyrs_fsh_age
 30
# nyrs_fsh_age
 30
# yrs_fsh_age
 1 2 3 4 5 6 7 8 9 10 11 12 13 14 15 16 17 18 19 20 21 22 23 24 25 26 27 28 29 30
# n_sample_fsh_age
 200 200 200 200 200 200 200 200 200 200 200 200 200 200 200 200 200 200 200 200 200 200 200 200 200 200 200 200 200 200
# oac_fsh
 0.055 0.07 0.13 0.11 0.1 0.095 0.09 0.055 0.05 0.065 0.04 0.14
 0.07 0.13 0.155 0.11 0.15 0.06 0.06 0.07 0.055 0.035 0.015 0.09
 0.105 0.125 0.105 0.115 0.12 0.055 0.06 0.065 0.01 0.045 0.025 0.17
 0.11 0.09 0.135 0.11 0.09 0.105 0.075 0.045 0.05 0.025 0.035 0.13
 0.085 0.115 0.12 0.08 0.085 0.145 0.075 0.055 0.03 0.045 0.025 0.14
 0.09 0.155 0.105 0.11 0.075 0.09 0.06 0.085 0.03 0.015 0.025 0.16
 0.09 0.1 0.17 0.145 0.06 0.08 0.06 0.04 0.075 0.03 0.025 0.125
 0.07 0.095 0.16 0.15 0.075 0.1 0.07 0.085 0.04 0.035 0.015 0.105
 0.09 0.155 0.16 0.14 0.13 0.06 0.06 0.03 0.04 0.02 0.015 0.1
 0.12 0.125 0.125 0.12 0.1 0.05 0.065 0.075 0.045 0.04 0.035 0.1
 0.07 0.155 0.12 0.125 0.07 0.115 0.07 0.055 0.035 0.03 0.055 0.1
 0.12 0.085 0.205 0.14 0.09 0.09 0.045 0.075 0.04 0.015 0.025 0.07
 0.09 0.16 0.13 0.155 0.11 0.12 0.055 0.035 0.04 0.025 0.02 0.06
 0.08 0.125 0.165 0.095 0.195 0.055 0.065 0.04 0.045 0.025 0.015 0.095
 0.14 0.14 0.145 0.175 0.095 0.07 0.03 0.045 0.01 0.025 0.025 0.1
 0.065 0.15 0.205 0.1 0.17 0.07 0.055 0.035 0.03 0.03 0.015 0.075
 0.11 0.135 0.165 0.18 0.085 0.105 0.045 0.08 0.03 0.02 0 0.045
 0.135 0.14 0.19 0.16 0.115 0.04 0.075 0.045 0.005 0.01 0.015 0.07
 0.105 0.17 0.175 0.165 0.14 0.05 0.045 0.035 0.05 0.03 0.005 0.03
 0.205 0.155 0.205 0.13 0.07 0.065 0.04 0.04 0.03 0.02 0.005 0.035
 0.115 0.205 0.19 0.11 0.11 0.075 0.05 0.025 0.045 0.045 0.01 0.02
 0.155 0.175 0.215 0.09 0.105 0.075 0.05 0.05 0.025 0.02 0.01 0.03
 0.06 0.205 0.22 0.205 0.075 0.055 0.045 0.04 0.04 0.015 0 0.04
 0.125 0.165 0.235 0.13 0.14 0.055 0.055 0.02 0.02 0.03 0.005 0.02
 0.17 0.17 0.155 0.245 0.09 0.05 0.045 0.015 0 0.01 0.01 0.04
 0.185 0.23 0.21 0.105 0.135 0.05 0.05 0.02 0.01 0 0 0.005
 0.18 0.185 0.25 0.105 0.075 0.07 0.03 0.055 0.015 0.01 0.015 0.01
 0.105 0.24 0.195 0.185 0.11 0.055 0.055 0.015 0.015 0.01 0.01 0.005
 0.165 0.14 0.265 0.185 0.13 0.03 0.025 0.02 0.01 0.01 0 0.02
 0.145 0.27 0.12 0.235 0.09 0.08 0.03 0.005 0.01 0 0 0.015
# olc_fsh

# wt_fsh
 0.000530656 0.00119633 0.00205827 0.00303499 0.00405521 0.0050647 0.00602623 0.00691692 0.00772489 0.00844611 0.00908185 0.0096367
 0.000530656 0.00119633 0.00205827 0.00303499 0.00405521 0.0050647 0.00602623 0.00691692 0.00772489 0.00844611 0.00908185 0.0096367
 0.000530656 0.00119633 0.00205827 0.00303499 0.00405521 0.0050647 0.00602623 0.00691692 0.00772489 0.00844611 0.00908185 0.0096367
 0.000530656 0.00119633 0.00205827 0.00303499 0.00405521 0.0050647 0.00602623 0.00691692 0.00772489 0.00844611 0.00908185 0.0096367
 0.000530656 0.00119633 0.00205827 0.00303499 0.00405521 0.0050647 0.00602623 0.00691692 0.00772489 0.00844611 0.00908185 0.0096367
 0.000530656 0.00119633 0.00205827 0.00303499 0.00405521 0.0050647 0.00602623 0.00691692 0.00772489 0.00844611 0.00908185 0.0096367
 0.000530656 0.00119633 0.00205827 0.00303499 0.00405521 0.0050647 0.00602623 0.00691692 0.00772489 0.00844611 0.00908185 0.0096367
 0.000530656 0.00119633 0.00205827 0.00303499 0.00405521 0.0050647 0.00602623 0.00691692 0.00772489 0.00844611 0.00908185 0.0096367
 0.000530656 0.00119633 0.00205827 0.00303499 0.00405521 0.0050647 0.00602623 0.00691692 0.00772489 0.00844611 0.00908185 0.0096367
 0.000530656 0.00119633 0.00205827 0.00303499 0.00405521 0.0050647 0.00602623 0.00691692 0.00772489 0.00844611 0.00908185 0.0096367
 0.000530656 0.00119633 0.00205827 0.00303499 0.00405521 0.0050647 0.00602623 0.00691692 0.00772489 0.00844611 0.00908185 0.0096367
 0.000530656 0.00119633 0.00205827 0.00303499 0.00405521 0.0050647 0.00602623 0.00691692 0.00772489 0.00844611 0.00908185 0.0096367
 0.000530656 0.00119633 0.00205827 0.00303499 0.00405521 0.0050647 0.00602623 0.00691692 0.00772489 0.00844611 0.00908185 0.0096367
 0.000530656 0.00119633 0.00205827 0.00303499 0.00405521 0.0050647 0.00602623 0.00691692 0.00772489 0.00844611 0.00908185 0.0096367
 0.000530656 0.00119633 0.00205827 0.00303499 0.00405521 0.0050647 0.00602623 0.00691692 0.00772489 0.00844611 0.00908185 0.0096367
 0.000530656 0.00119633 0.00205827 0.00303499 0.00405521 0.0050647 0.00602623 0.00691692 0.00772489 0.00844611 0.00908185 0.0096367
 0.000530656 0.00119633 0.00205827 0.00303499 0.00405521 0.0050647 0.00602623 0.00691692 0.00772489 0.00844611 0.00908185 0.0096367
 0.000530656 0.00119633 0.00205827 0.00303499 0.00405521 0.0050647 0.00602623 0.00691692 0.00772489 0.00844611 0.00908185 0.0096367
 0.000530656 0.00119633 0.00205827 0.00303499 0.00405521 0.0050647 0.00602623 0.00691692 0.00772489 0.00844611 0.00908185 0.0096367
 0.000530656 0.00119633 0.00205827 0.00303499 0.00405521 0.0050647 0.00602623 0.00691692 0.00772489 0.00844611 0.00908185 0.0096367
 0.000530656 0.00119633 0.00205827 0.00303499 0.00405521 0.0050647 0.00602623 0.00691692 0.00772489 0.00844611 0.00908185 0.0096367
 0.000530656 0.00119633 0.00205827 0.00303499 0.00405521 0.0050647 0.00602623 0.00691692 0.00772489 0.00844611 0.00908185 0.0096367
 0.000530656 0.00119633 0.00205827 0.00303499 0.00405521 0.0050647 0.00602623 0.00691692 0.00772489 0.00844611 0.00908185 0.0096367
 0.000530656 0.00119633 0.00205827 0.00303499 0.00405521 0.0050647 0.00602623 0.00691692 0.00772489 0.00844611 0.00908185 0.0096367
 0.000530656 0.00119633 0.00205827 0.00303499 0.00405521 0.0050647 0.00602623 0.00691692 0.00772489 0.00844611 0.00908185 0.0096367
 0.000530656 0.00119633 0.00205827 0.00303499 0.00405521 0.0050647 0.00602623 0.00691692 0.00772489 0.00844611 0.00908185 0.0096367
 0.000530656 0.00119633 0.00205827 0.00303499 0.00405521 0.0050647 0.00602623 0.00691692 0.00772489 0.00844611 0.00908185 0.0096367
 0.000530656 0.00119633 0.00205827 0.00303499 0.00405521 0.0050647 0.00602623 0.00691692 0.00772489 0.00844611 0.00908185 0.0096367
 0.000530656 0.00119633 0.00205827 0.00303499 0.00405521 0.0050647 0.00602623 0.00691692 0.00772489 0.00844611 0.00908185 0.0096367
 0.000530656 0.00119633 0.00205827 0.00303499 0.00405521 0.0050647 0.00602623 0.00691692 0.00772489 0.00844611 0.00908185 0.0096367
# nyrs_ind_age
 30
# yrs_ind_age
 1 2 3 4 5 6 7 8 9 10 11 12 13 14 15 16 17 18 19 20 21 22 23 24 25 26 27 28 29 30
# n_sample_ind_age
 200 200 200 200 200 200 200 200 200 200 200 200 200 200 200 200 200 200 200 200 200 200 200 200 200 200 200 200 200 200
# oac_ind
 0.095 0.115 0.155 0.14 0.095 0.07 0.075 0.065 0.025 0.03 0.025 0.11
 0.08 0.17 0.1 0.14 0.115 0.08 0.035 0.05 0.04 0.015 0.015 0.16
 0.095 0.135 0.165 0.095 0.06 0.115 0.055 0.025 0.06 0.03 0.02 0.145
 0.055 0.18 0.11 0.155 0.105 0.09 0.04 0.06 0.03 0.03 0.03 0.115
 0.06 0.11 0.2 0.1 0.095 0.085 0.025 0.075 0.045 0.06 0.055 0.09
 0.05 0.21 0.09 0.155 0.09 0.045 0.075 0.09 0.045 0.015 0.025 0.11
 0.075 0.145 0.175 0.125 0.135 0.035 0.05 0.075 0.035 0.035 0.015 0.1
 0.095 0.125 0.16 0.17 0.075 0.11 0.045 0.04 0.025 0.02 0.015 0.12
 0.1 0.15 0.11 0.17 0.14 0.035 0.09 0.045 0.03 0.02 0.045 0.065
 0.065 0.19 0.24 0.155 0.055 0.085 0.02 0.045 0.035 0.015 0.03 0.065
 0.035 0.195 0.15 0.15 0.1 0.09 0.07 0.025 0.02 0.02 0.02 0.125
 0.09 0.11 0.15 0.125 0.12 0.1 0.065 0.05 0.035 0.035 0.02 0.1
 0.07 0.195 0.155 0.135 0.145 0.095 0.05 0.03 0.045 0.025 0.005 0.05
 0.075 0.225 0.245 0.1 0.1 0.06 0.05 0.04 0.015 0.005 0.015 0.07
 0.11 0.19 0.16 0.165 0.1 0.09 0.055 0.02 0.02 0.045 0.01 0.035
 0.075 0.23 0.195 0.095 0.14 0.08 0.02 0.045 0.03 0.02 0.01 0.06
 0.075 0.155 0.21 0.155 0.08 0.115 0.055 0.08 0.01 0.01 0.015 0.04
 0.06 0.185 0.195 0.155 0.1 0.06 0.08 0.04 0.045 0.02 0.015 0.045
 0.09 0.175 0.195 0.13 0.16 0.065 0.03 0.025 0.03 0.035 0.02 0.045
 0.17 0.185 0.185 0.105 0.095 0.07 0.07 0.045 0.02 0.015 0.005 0.035
 0.13 0.235 0.18 0.11 0.11 0.07 0.07 0.03 0.02 0.01 0.01 0.025
 0.13 0.245 0.22 0.135 0.09 0.035 0.045 0.025 0.03 0.01 0.005 0.03
 0.08 0.26 0.21 0.175 0.105 0.045 0.04 0.02 0.015 0.02 0.01 0.02
 0.125 0.215 0.255 0.125 0.1 0.05 0.045 0.025 0.025 0.005 0.025 0.005
 0.125 0.23 0.155 0.185 0.105 0.05 0.065 0.02 0.01 0.005 0.015 0.035
 0.115 0.36 0.205 0.095 0.105 0.05 0.015 0.02 0.01 0.01 0 0.015
 0.11 0.305 0.265 0.1 0.075 0.085 0.03 0.01 0.005 0.005 0 0.01
 0.065 0.315 0.28 0.165 0.06 0.04 0.03 0.015 0.015 0.005 0.01 0
 0.125 0.145 0.27 0.155 0.145 0.045 0.025 0.06 0.005 0.01 0 0.015
 0.125 0.305 0.11 0.23 0.085 0.075 0.03 0.015 0 0.005 0.005 0.015
# olc_ind

# obs_lse_ind
 0.198042 0.198042 0.198042 0.198042 0.198042 0.198042 0.198042 0.198042 0.198042 0.198042 0.198042 0.198042 0.198042 0.198042 0.198042 0.198042 0.198042 0.198042 0.198042 0.198042 0.198042 0.198042 0.198042 0.198042 0.198042 0.198042 0.198042 0.198042 0.198042 0.198042
# xages_fsh
 0 0 0 0 0 0 0 0 0 0 0 0
# xages_fsh
 0 0.0909091 0.181818 0.272727 0.363636 0.454545 0.545455 0.636364 0.727273 0.818182 0.909091 1
# xnodes_fsh

Yrs fsh_sel change:  1 0 0 0 0 0 0 0 0 0 0 0 0 0 0 0 0 0 0 0 0 0 0 0 0 0 0 0 0
Yrs ind_sel change:  1 0 0 0 0 0 0 0 0 0 0 0 0 0 0 0 0 0 0 0 0 0 0 0 0 0 0 0 0
# steepnessprior
0.75
# sigmarprior
0.2
#  SSB estimated in styr endyr: -13 28 
#  Rec estimated in styr endyr: -11 30 
#  SR Curve fit  in styr endyr: 1 30 
#             Model styr endyr: 1 30 
# qprior
 3.48998e-007
# q_power_prior 
 1 
# cv_catchbiomass 
0.05 
# CatchbiomassPen 
200 
# Number of projection years 
5 
# offset_fsh
 13456.9
# offset_ind
 13112.4
Mean Catch
1284.21
R_guess 
15.418
# nfsh
1
# n_sel_ch_fsh
 1
# nselages_fsh
 11
# phase_selcoff_fsh
 -1
logRzero 15.418
logmeanrec 15.418
exp(log_sigmarprior 0.2
Fish sel phase: -1 FLEET1
Fixing fishery sel to
1
Srvy sel phase: -1
Fixing SURVEY1 indices sel to
1
# logsel_slp_in_indv
 0.693147
Leaving parameter init secton
# M
 0.2 0.2 0.2 0.2 0.2 0.2 0.2 0.2 0.2 0.2 0.2 0.2
 0.2 0.2 0.2 0.2 0.2 0.2 0.2 0.2 0.2 0.2 0.2 0.2
 0.2 0.2 0.2 0.2 0.2 0.2 0.2 0.2 0.2 0.2 0.2 0.2
 0.2 0.2 0.2 0.2 0.2 0.2 0.2 0.2 0.2 0.2 0.2 0.2
 0.2 0.2 0.2 0.2 0.2 0.2 0.2 0.2 0.2 0.2 0.2 0.2
 0.2 0.2 0.2 0.2 0.2 0.2 0.2 0.2 0.2 0.2 0.2 0.2
 0.2 0.2 0.2 0.2 0.2 0.2 0.2 0.2 0.2 0.2 0.2 0.2
 0.2 0.2 0.2 0.2 0.2 0.2 0.2 0.2 0.2 0.2 0.2 0.2
 0.2 0.2 0.2 0.2 0.2 0.2 0.2 0.2 0.2 0.2 0.2 0.2
 0.2 0.2 0.2 0.2 0.2 0.2 0.2 0.2 0.2 0.2 0.2 0.2
 0.2 0.2 0.2 0.2 0.2 0.2 0.2 0.2 0.2 0.2 0.2 0.2
 0.2 0.2 0.2 0.2 0.2 0.2 0.2 0.2 0.2 0.2 0.2 0.2
 0.2 0.2 0.2 0.2 0.2 0.2 0.2 0.2 0.2 0.2 0.2 0.2
 0.2 0.2 0.2 0.2 0.2 0.2 0.2 0.2 0.2 0.2 0.2 0.2
 0.2 0.2 0.2 0.2 0.2 0.2 0.2 0.2 0.2 0.2 0.2 0.2
 0.2 0.2 0.2 0.2 0.2 0.2 0.2 0.2 0.2 0.2 0.2 0.2
 0.2 0.2 0.2 0.2 0.2 0.2 0.2 0.2 0.2 0.2 0.2 0.2
 0.2 0.2 0.2 0.2 0.2 0.2 0.2 0.2 0.2 0.2 0.2 0.2
 0.2 0.2 0.2 0.2 0.2 0.2 0.2 0.2 0.2 0.2 0.2 0.2
 0.2 0.2 0.2 0.2 0.2 0.2 0.2 0.2 0.2 0.2 0.2 0.2
 0.2 0.2 0.2 0.2 0.2 0.2 0.2 0.2 0.2 0.2 0.2 0.2
 0.2 0.2 0.2 0.2 0.2 0.2 0.2 0.2 0.2 0.2 0.2 0.2
 0.2 0.2 0.2 0.2 0.2 0.2 0.2 0.2 0.2 0.2 0.2 0.2
 0.2 0.2 0.2 0.2 0.2 0.2 0.2 0.2 0.2 0.2 0.2 0.2
 0.2 0.2 0.2 0.2 0.2 0.2 0.2 0.2 0.2 0.2 0.2 0.2
 0.2 0.2 0.2 0.2 0.2 0.2 0.2 0.2 0.2 0.2 0.2 0.2
 0.2 0.2 0.2 0.2 0.2 0.2 0.2 0.2 0.2 0.2 0.2 0.2
 0.2 0.2 0.2 0.2 0.2 0.2 0.2 0.2 0.2 0.2 0.2 0.2
 0.2 0.2 0.2 0.2 0.2 0.2 0.2 0.2 0.2 0.2 0.2 0.2
 0.2 0.2 0.2 0.2 0.2 0.2 0.2 0.2 0.2 0.2 0.2 0.2
# mean_log_rec
13.7984
# log_Rzero
13.8356
# rec_dev
 -0.0357184 -0.0433161 0.0176965 -0.0176773 -0.170721 0.0455103 0.0524115 -0.0465889 -0.114503 0.0697455 0.11453 0.030281 0.0968594 -0.0338653 0.190507 -0.06186 0.252105 0.0929233 -0.00364528 0.111959 -0.00632002 0.148384 -0.163233 0.212164 -0.119886 0.0450196 0.132748 -0.111947 -0.162557 -0.197988 -0.241672 0.0149264 -0.196482 0.0007632 -0.485062 -0.359323 -0.0176426 -0.138186 0.00982024 -0.674207 -0.109854 -0.268222
# fmort
 0.00892333 0.0260694 0.0427413 0.0576293 0.0458 0.0818641 0.0824785 0.172981 0.100933 0.12262 0.140938 0.14976 0.109983 0.160198 0.170521 0.154894 0.306758 0.25168 0.250672 0.249602 0.344867 0.247297 0.407515 0.330979 0.328476 0.292495 0.28407 0.386561 0.282723 0.411823
# rec_dev_future
 0 0 0 0 0
