AMAK;Mar 2020
# styr
1
# endyr
30
# rec_age
1
# oldest_age
12
# nlength
81
# len_bins
 10 11 12 13 14 15 16 17 18 19 20 21 22 23 24 25 26 27 28 29 30 31 32 33 34 35 36 37 38 39 40 41 42 43 44 45 46 47 48 49 50 51 52 53 54 55 56 57 58 59 60 61 62 63 64 65 66 67 68 69 70 71 72 73 74 75 76 77 78 79 80 81 82 83 84 85 86 87 88 89 90
# datafile_name
amak_data.dat
# model_name
AMAK_MCP
# styr
1
# endyr
30
# rec_age
1
# oldest_age
12
# nfsh
1
# fshname
FLEET1
# catch_bio_in
 160.576 462.538 742.191 951.589 723.742 1244.15 1200.54 2357.77 1260.01 1469.7 1590.12 1612.28 1126.89 1614.05 1626.83 1399.02 2474.24 1749.73 1577.15 1434.63 1792.97 1203.08 1786.73 1254.47 1137.62 990.449 949.194 1271.12 913.351 1322.92
# catch_bio_sd_in
 0.01 0.01 0.01 0.01 0.01 0.01 0.01 0.01 0.01 0.01 0.01 0.01 0.01 0.01 0.01 0.01 0.01 0.01 0.01 0.01 0.01 0.01 0.01 0.01 0.01 0.01 0.01 0.01 0.01 0.01
# nyrs_fsh_age
 30
# nyrs_fsh_length
 0
# yrs_fsh_age_in
 1 2 3 4 5 6 7 8 9 10 11 12 13 14 15 16 17 18 19 20 21 22 23 24 25 26 27 28 29 30
# yrs_fsh_length_in

# n_sample_fsh_length_in

# olc_fsh_in

# nind
1
# indname
SURVEY1
# nyrs_ind
 30
# yrs_ind_in
 1 2 3 4 5 6 7 8 9 10 11 12 13 14 15 16 17 18 19 20 21 22 23 24 25 26 27 28 29 30
# mo_ind
 1
# obs_ind_in
 1.53269 1.44195 1.33241 1.55942 1.25881 1.57774 1.42308 1.34111 1.29303 1.11423 1.07484 1.1759 1.06607 1.11656 1.22402 1.18784 1.02023 1.05803 0.752699 0.817735 0.909599 0.693189 0.630708 0.547597 0.53424 0.630446 0.549456 0.529467 0.547146 0.50906
# obs_se_ind_in
 0.306538 0.28839 0.266482 0.311884 0.251762 0.315547 0.284616 0.268222 0.258607 0.222847 0.214967 0.23518 0.213215 0.223311 0.244803 0.237567 0.204045 0.211607 0.15054 0.163547 0.18192 0.138638 0.126142 0.109519 0.106848 0.126089 0.109891 0.105893 0.109429 0.101812
# nyrs_ind_age
 30
# nyrs_ind_length
 0
# yrs_ind_age_in
 1 2 3 4 5 6 7 8 9 10 11 12 13 14 15 16 17 18 19 20 21 22 23 24 25 26 27 28 29 30
# yrs_ind_length_in

# yrs_ind_age_in
 1 2 3 4 5 6 7 8 9 10 11 12 13 14 15 16 17 18 19 20 21 22 23 24 25 26 27 28 29 30
# n_sample_ind_length_in

# olc_ind_in

# oac_ind_in
 0.1 0.145 0.145 0.13 0.065 0.065 0.06 0.09 0.03 0.05 0.03 0.09
 0.06 0.135 0.17 0.145 0.105 0.04 0.06 0.05 0.04 0.05 0.015 0.13
 0.065 0.1 0.13 0.115 0.09 0.1 0.085 0.07 0.04 0.055 0.01 0.14
 0.09 0.14 0.06 0.165 0.115 0.105 0.065 0.06 0.045 0.04 0.025 0.09
 0.075 0.135 0.145 0.085 0.095 0.11 0.055 0.05 0.045 0.035 0.04 0.13
 0.115 0.13 0.185 0.135 0.075 0.06 0.03 0.04 0.035 0.045 0.035 0.115
 0.065 0.225 0.16 0.125 0.09 0.07 0.045 0.025 0.04 0.045 0.025 0.085
 0.08 0.175 0.225 0.12 0.08 0.055 0.025 0.045 0.03 0.015 0.01 0.14
 0.115 0.155 0.165 0.19 0.09 0.035 0.03 0.03 0.05 0.02 0.03 0.09
 0.06 0.195 0.14 0.165 0.125 0.055 0.06 0.05 0.035 0.025 0.01 0.08
 0.07 0.16 0.175 0.155 0.11 0.115 0.045 0.035 0.015 0.015 0.015 0.09
 0.085 0.2 0.155 0.2 0.095 0.055 0.085 0.01 0.045 0.005 0.01 0.055
 0.115 0.255 0.18 0.13 0.08 0.055 0.035 0.05 0.025 0.01 0.02 0.045
 0.05 0.22 0.2 0.15 0.095 0.085 0.045 0.01 0.055 0.025 0.015 0.05
 0.115 0.135 0.25 0.15 0.075 0.09 0.05 0.02 0.015 0.055 0.01 0.035
 0.13 0.19 0.135 0.15 0.1 0.08 0.05 0.045 0.03 0.005 0.03 0.055
 0.09 0.175 0.255 0.115 0.12 0.06 0.02 0.065 0.04 0.005 0.03 0.025
 0.07 0.2 0.28 0.135 0.04 0.115 0.07 0.045 0.01 0.005 0 0.03
 0.1 0.2 0.17 0.19 0.13 0.055 0.045 0.025 0.015 0.025 0.005 0.04
 0.135 0.245 0.2 0.135 0.08 0.08 0.025 0.035 0.02 0.015 0.01 0.02
 0.06 0.25 0.24 0.08 0.11 0.105 0.045 0.01 0.035 0.025 0.01 0.03
 0.105 0.08 0.28 0.205 0.095 0.09 0.06 0.03 0.01 0.015 0.005 0.025
 0.105 0.245 0.13 0.18 0.115 0.06 0.03 0.03 0.025 0.035 0.015 0.03
 0.135 0.23 0.2 0.105 0.115 0.11 0.025 0.02 0.025 0.005 0.015 0.015
 0.07 0.25 0.265 0.165 0.065 0.05 0.035 0.015 0.03 0.015 0.01 0.03
 0.1 0.285 0.23 0.15 0.085 0.015 0.06 0.045 0.005 0.015 0 0.01
 0.17 0.18 0.23 0.16 0.11 0.045 0.01 0.035 0.02 0.015 0.005 0.02
 0.155 0.23 0.165 0.21 0.11 0.02 0.03 0.01 0.03 0.015 0.005 0.02
 0.135 0.25 0.255 0.15 0.085 0.055 0.025 0.02 0.005 0.015 0 0.005
 0.09 0.275 0.21 0.2 0.115 0.035 0.045 0.01 0 0.01 0.005 0.005
# wt_ind
 1 1 1 1 1 1 1 1 1 1 1 1
 1 1 1 1 1 1 1 1 1 1 1 1
 1 1 1 1 1 1 1 1 1 1 1 1
 1 1 1 1 1 1 1 1 1 1 1 1
 1 1 1 1 1 1 1 1 1 1 1 1
 1 1 1 1 1 1 1 1 1 1 1 1
 1 1 1 1 1 1 1 1 1 1 1 1
 1 1 1 1 1 1 1 1 1 1 1 1
 1 1 1 1 1 1 1 1 1 1 1 1
 1 1 1 1 1 1 1 1 1 1 1 1
 1 1 1 1 1 1 1 1 1 1 1 1
 1 1 1 1 1 1 1 1 1 1 1 1
 1 1 1 1 1 1 1 1 1 1 1 1
 1 1 1 1 1 1 1 1 1 1 1 1
 1 1 1 1 1 1 1 1 1 1 1 1
 1 1 1 1 1 1 1 1 1 1 1 1
 1 1 1 1 1 1 1 1 1 1 1 1
 1 1 1 1 1 1 1 1 1 1 1 1
 1 1 1 1 1 1 1 1 1 1 1 1
 1 1 1 1 1 1 1 1 1 1 1 1
 1 1 1 1 1 1 1 1 1 1 1 1
 1 1 1 1 1 1 1 1 1 1 1 1
 1 1 1 1 1 1 1 1 1 1 1 1
 1 1 1 1 1 1 1 1 1 1 1 1
 1 1 1 1 1 1 1 1 1 1 1 1
 1 1 1 1 1 1 1 1 1 1 1 1
 1 1 1 1 1 1 1 1 1 1 1 1
 1 1 1 1 1 1 1 1 1 1 1 1
 1 1 1 1 1 1 1 1 1 1 1 1
 1 1 1 1 1 1 1 1 1 1 1 1
# wt_pop
 0.000530656 0.00119633 0.00205827 0.00303499 0.00405521 0.0050647 0.00602623 0.00691692 0.00772489 0.00844611 0.00908185 0.0096367
# maturity
 0.0229774 0.320821 0.904651 0.99478 0.999739 0.999987 0.999999 1 1 1 1 1
# spawnmo
1
# age_err
 1 0 0 0 0 0 0 0 0 0 0 0
 0 1 0 0 0 0 0 0 0 0 0 0
 0 0 1 0 0 0 0 0 0 0 0 0
 0 0 0 1 0 0 0 0 0 0 0 0
 0 0 0 0 1 0 0 0 0 0 0 0
 0 0 0 0 0 1 0 0 0 0 0 0
 0 0 0 0 0 0 1 0 0 0 0 0
 0 0 0 0 0 0 0 1 0 0 0 0
 0 0 0 0 0 0 0 0 1 0 0 0
 0 0 0 0 0 0 0 0 0 1 0 0
 0 0 0 0 0 0 0 0 0 0 1 0
 0 0 0 0 0 0 0 0 0 0 0 1
# cntrlfile_name
C:\Users\bai.li\DOCUME~1\Github\AGE_ST~1\ASSAMC\example\output\AMAK\s118\amak.dat
# Map shared selectivity: 
# sel_map
 1 2
 1 1
# datafile_name
amak_data.dat
# model_name
AMAK_MCP
# SrType
2
# use_age_err
0
# retro
0
# sigmarprior
0.2
# cvsigmarprior
0.25
# phase_sigmar
-3
# styr_rec_est
1
# endyr_rec_est
30
# Linfprior
80
# cvLinfprior
0.25
# kprior
0.18
# cvkprior
0.25
# Loprior
27.688
# cvLoprior
0.25
# sdageprior
0.1
# cvsdageprior
0.25
# natmortprior
0.2
# cvnatmortprior
0.25
# phase_M
-4
# npars_Mage
0
# ages_M_changes

# Mage_in

# Mage_offset_in

# phase_Mage
-5
# phase_rw_M
0
# npars_rw_M
0
# yrs_rw_M

# sigma_rw_M

# qprior
 3.48998e-007
# cvqprior
 1
# phase_q
 1
# q_power_prior
 1
# cvq_power_prior
 0.2
# phase_q_power
 -4
# phase_rw_q
 -1
# npars_rw_q
 0
# yrs_rw_q

# sigma_rw_q

# q_age_min
 1
# q_age_max
 12
# q_age_min
 1
# q_age_max
 12
# fsh_sel_opt(k)
2
# phase_sel_fsh(k)
2
# n_sel_ch_fsh(k)
1
# sel_slp_in_fsh(k)(1,n_sel_ch_fsh(k))
 1
# sel_inf_in_fsh(k)(1,n_sel_ch_fsh(k))
 2
# logsel_slp_in_fsh(k)(1,n_sel_ch_fsh(k))
 0
# yrs_sel_ch_fsh(k)(1,n_sel_ch_fsh(k))
 1

Survey SURVEY1
# ind_sel_opt(k)
2
# indname(k)
SURVEY1
# nselages_in_ind(k)
11
# phase_sel_ind(k)
2
# sel_change_in_ind(k)
 1 0 0 0 0 0 0 0 0 0 0 0 0 0 0 0 0 0 0 0 0 0 0 0 0 0 0 0 0 0
# n_sel_ch_ind(k)
1
# yrs_sel_ch_ind(k)(1,n_sel_ch_ind(k))
 1
# sel_slp_in_ind(k,1)
2
# sel_inf_in_ind(k,1)
1.5
# logsel_slp_in_ind(k,1)
0.693147
# logsel_slp_in_indv(k)
0.693147
SURVEY1 ind sel opt 2  1 0 0 0 0 0 0 0 0 0 0 0 0 0 0 0 0 0 0 0 0 0 0 0 0 0 0 0 0 0
Phase indices Sel_Coffs:  -1
 Test: 1.23457e+008
# Fshry Selages:  11
# Srvy  Selages:  11
# Phase for age-spec fishery  -1
# Phase for logistic fishery  2
# Phase for dble logistic fishery  -1
# Phase for age-spec indices   -1
# Phase for logistic indices   2
# Phase for dble logistic ind  -1
# Curv_pen_fsh: 
 0
# Curv_pen_ind: 
 0
# styr_fut
31
# endyr_fut
35
# nyrs_fsh_age
 30
# nyrs_fsh_age
 30
# yrs_fsh_age
 1 2 3 4 5 6 7 8 9 10 11 12 13 14 15 16 17 18 19 20 21 22 23 24 25 26 27 28 29 30
# n_sample_fsh_age
 200 200 200 200 200 200 200 200 200 200 200 200 200 200 200 200 200 200 200 200 200 200 200 200 200 200 200 200 200 200
# oac_fsh
 0.065 0.135 0.11 0.085 0.08 0.095 0.095 0.065 0.08 0.02 0.035 0.135
 0.065 0.12 0.115 0.09 0.085 0.15 0.065 0.06 0.035 0.055 0.035 0.125
 0.09 0.07 0.1 0.14 0.12 0.09 0.08 0.045 0.015 0.045 0.06 0.145
 0.085 0.115 0.085 0.165 0.08 0.09 0.065 0.06 0.045 0.045 0.04 0.125
 0.07 0.115 0.145 0.065 0.125 0.07 0.09 0.09 0.07 0.025 0.03 0.105
 0.125 0.095 0.09 0.105 0.08 0.135 0.05 0.05 0.055 0.035 0.05 0.13
 0.08 0.165 0.12 0.165 0.095 0.075 0.06 0.08 0.025 0.02 0.02 0.095
 0.07 0.185 0.115 0.11 0.09 0.105 0.08 0.055 0.035 0.035 0.015 0.105
 0.12 0.115 0.175 0.155 0.095 0.09 0.06 0.02 0.035 0.02 0.02 0.095
 0.125 0.125 0.16 0.125 0.135 0.105 0.06 0.02 0.02 0.03 0.025 0.07
 0.085 0.135 0.235 0.155 0.105 0.045 0.08 0.025 0.04 0.015 0.015 0.065
 0.125 0.09 0.145 0.155 0.11 0.075 0.1 0.055 0.045 0.025 0.01 0.065
 0.18 0.12 0.17 0.14 0.1 0.115 0.035 0.03 0.025 0.015 0.005 0.065
 0.095 0.165 0.185 0.15 0.095 0.135 0.035 0.03 0.02 0.005 0.025 0.06
 0.115 0.065 0.22 0.15 0.075 0.1 0.08 0.035 0.035 0.045 0.01 0.07
 0.1 0.16 0.135 0.155 0.125 0.11 0.06 0.04 0.01 0.02 0.035 0.05
 0.075 0.18 0.185 0.135 0.115 0.095 0.055 0.035 0.025 0.025 0.025 0.05
 0.095 0.13 0.16 0.195 0.065 0.155 0.055 0.05 0.03 0.025 0.02 0.02
 0.105 0.13 0.18 0.155 0.11 0.065 0.095 0.04 0.02 0.04 0.01 0.05
 0.165 0.23 0.115 0.15 0.08 0.105 0.05 0.045 0.01 0 0.015 0.035
 0.055 0.24 0.235 0.1 0.12 0.075 0.05 0.02 0.045 0.015 0.005 0.04
 0.135 0.1 0.28 0.21 0.08 0.055 0.045 0.025 0.015 0.005 0 0.05
 0.1 0.17 0.195 0.185 0.11 0.08 0.06 0.02 0.025 0.01 0.01 0.035
 0.2 0.185 0.2 0.075 0.13 0.07 0.065 0.04 0.02 0.005 0 0.01
 0.135 0.24 0.19 0.155 0.08 0.065 0.03 0.035 0.03 0.01 0.01 0.02
 0.14 0.195 0.23 0.145 0.11 0.035 0.07 0.03 0.01 0 0.015 0.02
 0.145 0.195 0.24 0.135 0.095 0.06 0.035 0.055 0.03 0.005 0 0.005
 0.11 0.275 0.205 0.12 0.12 0.08 0.035 0.01 0.005 0.03 0.005 0.005
 0.205 0.17 0.235 0.175 0.1 0.05 0.01 0.025 0.005 0.005 0.01 0.01
 0.185 0.26 0.22 0.1 0.1 0.05 0.045 0.005 0.02 0 0.005 0.01
# olc_fsh

# wt_fsh
 0.000530656 0.00119633 0.00205827 0.00303499 0.00405521 0.0050647 0.00602623 0.00691692 0.00772489 0.00844611 0.00908185 0.0096367
 0.000530656 0.00119633 0.00205827 0.00303499 0.00405521 0.0050647 0.00602623 0.00691692 0.00772489 0.00844611 0.00908185 0.0096367
 0.000530656 0.00119633 0.00205827 0.00303499 0.00405521 0.0050647 0.00602623 0.00691692 0.00772489 0.00844611 0.00908185 0.0096367
 0.000530656 0.00119633 0.00205827 0.00303499 0.00405521 0.0050647 0.00602623 0.00691692 0.00772489 0.00844611 0.00908185 0.0096367
 0.000530656 0.00119633 0.00205827 0.00303499 0.00405521 0.0050647 0.00602623 0.00691692 0.00772489 0.00844611 0.00908185 0.0096367
 0.000530656 0.00119633 0.00205827 0.00303499 0.00405521 0.0050647 0.00602623 0.00691692 0.00772489 0.00844611 0.00908185 0.0096367
 0.000530656 0.00119633 0.00205827 0.00303499 0.00405521 0.0050647 0.00602623 0.00691692 0.00772489 0.00844611 0.00908185 0.0096367
 0.000530656 0.00119633 0.00205827 0.00303499 0.00405521 0.0050647 0.00602623 0.00691692 0.00772489 0.00844611 0.00908185 0.0096367
 0.000530656 0.00119633 0.00205827 0.00303499 0.00405521 0.0050647 0.00602623 0.00691692 0.00772489 0.00844611 0.00908185 0.0096367
 0.000530656 0.00119633 0.00205827 0.00303499 0.00405521 0.0050647 0.00602623 0.00691692 0.00772489 0.00844611 0.00908185 0.0096367
 0.000530656 0.00119633 0.00205827 0.00303499 0.00405521 0.0050647 0.00602623 0.00691692 0.00772489 0.00844611 0.00908185 0.0096367
 0.000530656 0.00119633 0.00205827 0.00303499 0.00405521 0.0050647 0.00602623 0.00691692 0.00772489 0.00844611 0.00908185 0.0096367
 0.000530656 0.00119633 0.00205827 0.00303499 0.00405521 0.0050647 0.00602623 0.00691692 0.00772489 0.00844611 0.00908185 0.0096367
 0.000530656 0.00119633 0.00205827 0.00303499 0.00405521 0.0050647 0.00602623 0.00691692 0.00772489 0.00844611 0.00908185 0.0096367
 0.000530656 0.00119633 0.00205827 0.00303499 0.00405521 0.0050647 0.00602623 0.00691692 0.00772489 0.00844611 0.00908185 0.0096367
 0.000530656 0.00119633 0.00205827 0.00303499 0.00405521 0.0050647 0.00602623 0.00691692 0.00772489 0.00844611 0.00908185 0.0096367
 0.000530656 0.00119633 0.00205827 0.00303499 0.00405521 0.0050647 0.00602623 0.00691692 0.00772489 0.00844611 0.00908185 0.0096367
 0.000530656 0.00119633 0.00205827 0.00303499 0.00405521 0.0050647 0.00602623 0.00691692 0.00772489 0.00844611 0.00908185 0.0096367
 0.000530656 0.00119633 0.00205827 0.00303499 0.00405521 0.0050647 0.00602623 0.00691692 0.00772489 0.00844611 0.00908185 0.0096367
 0.000530656 0.00119633 0.00205827 0.00303499 0.00405521 0.0050647 0.00602623 0.00691692 0.00772489 0.00844611 0.00908185 0.0096367
 0.000530656 0.00119633 0.00205827 0.00303499 0.00405521 0.0050647 0.00602623 0.00691692 0.00772489 0.00844611 0.00908185 0.0096367
 0.000530656 0.00119633 0.00205827 0.00303499 0.00405521 0.0050647 0.00602623 0.00691692 0.00772489 0.00844611 0.00908185 0.0096367
 0.000530656 0.00119633 0.00205827 0.00303499 0.00405521 0.0050647 0.00602623 0.00691692 0.00772489 0.00844611 0.00908185 0.0096367
 0.000530656 0.00119633 0.00205827 0.00303499 0.00405521 0.0050647 0.00602623 0.00691692 0.00772489 0.00844611 0.00908185 0.0096367
 0.000530656 0.00119633 0.00205827 0.00303499 0.00405521 0.0050647 0.00602623 0.00691692 0.00772489 0.00844611 0.00908185 0.0096367
 0.000530656 0.00119633 0.00205827 0.00303499 0.00405521 0.0050647 0.00602623 0.00691692 0.00772489 0.00844611 0.00908185 0.0096367
 0.000530656 0.00119633 0.00205827 0.00303499 0.00405521 0.0050647 0.00602623 0.00691692 0.00772489 0.00844611 0.00908185 0.0096367
 0.000530656 0.00119633 0.00205827 0.00303499 0.00405521 0.0050647 0.00602623 0.00691692 0.00772489 0.00844611 0.00908185 0.0096367
 0.000530656 0.00119633 0.00205827 0.00303499 0.00405521 0.0050647 0.00602623 0.00691692 0.00772489 0.00844611 0.00908185 0.0096367
 0.000530656 0.00119633 0.00205827 0.00303499 0.00405521 0.0050647 0.00602623 0.00691692 0.00772489 0.00844611 0.00908185 0.0096367
# nyrs_ind_age
 30
# yrs_ind_age
 1 2 3 4 5 6 7 8 9 10 11 12 13 14 15 16 17 18 19 20 21 22 23 24 25 26 27 28 29 30
# n_sample_ind_age
 200 200 200 200 200 200 200 200 200 200 200 200 200 200 200 200 200 200 200 200 200 200 200 200 200 200 200 200 200 200
# oac_ind
 0.1 0.145 0.145 0.13 0.065 0.065 0.06 0.09 0.03 0.05 0.03 0.09
 0.06 0.135 0.17 0.145 0.105 0.04 0.06 0.05 0.04 0.05 0.015 0.13
 0.065 0.1 0.13 0.115 0.09 0.1 0.085 0.07 0.04 0.055 0.01 0.14
 0.09 0.14 0.06 0.165 0.115 0.105 0.065 0.06 0.045 0.04 0.025 0.09
 0.075 0.135 0.145 0.085 0.095 0.11 0.055 0.05 0.045 0.035 0.04 0.13
 0.115 0.13 0.185 0.135 0.075 0.06 0.03 0.04 0.035 0.045 0.035 0.115
 0.065 0.225 0.16 0.125 0.09 0.07 0.045 0.025 0.04 0.045 0.025 0.085
 0.08 0.175 0.225 0.12 0.08 0.055 0.025 0.045 0.03 0.015 0.01 0.14
 0.115 0.155 0.165 0.19 0.09 0.035 0.03 0.03 0.05 0.02 0.03 0.09
 0.06 0.195 0.14 0.165 0.125 0.055 0.06 0.05 0.035 0.025 0.01 0.08
 0.07 0.16 0.175 0.155 0.11 0.115 0.045 0.035 0.015 0.015 0.015 0.09
 0.085 0.2 0.155 0.2 0.095 0.055 0.085 0.01 0.045 0.005 0.01 0.055
 0.115 0.255 0.18 0.13 0.08 0.055 0.035 0.05 0.025 0.01 0.02 0.045
 0.05 0.22 0.2 0.15 0.095 0.085 0.045 0.01 0.055 0.025 0.015 0.05
 0.115 0.135 0.25 0.15 0.075 0.09 0.05 0.02 0.015 0.055 0.01 0.035
 0.13 0.19 0.135 0.15 0.1 0.08 0.05 0.045 0.03 0.005 0.03 0.055
 0.09 0.175 0.255 0.115 0.12 0.06 0.02 0.065 0.04 0.005 0.03 0.025
 0.07 0.2 0.28 0.135 0.04 0.115 0.07 0.045 0.01 0.005 0 0.03
 0.1 0.2 0.17 0.19 0.13 0.055 0.045 0.025 0.015 0.025 0.005 0.04
 0.135 0.245 0.2 0.135 0.08 0.08 0.025 0.035 0.02 0.015 0.01 0.02
 0.06 0.25 0.24 0.08 0.11 0.105 0.045 0.01 0.035 0.025 0.01 0.03
 0.105 0.08 0.28 0.205 0.095 0.09 0.06 0.03 0.01 0.015 0.005 0.025
 0.105 0.245 0.13 0.18 0.115 0.06 0.03 0.03 0.025 0.035 0.015 0.03
 0.135 0.23 0.2 0.105 0.115 0.11 0.025 0.02 0.025 0.005 0.015 0.015
 0.07 0.25 0.265 0.165 0.065 0.05 0.035 0.015 0.03 0.015 0.01 0.03
 0.1 0.285 0.23 0.15 0.085 0.015 0.06 0.045 0.005 0.015 0 0.01
 0.17 0.18 0.23 0.16 0.11 0.045 0.01 0.035 0.02 0.015 0.005 0.02
 0.155 0.23 0.165 0.21 0.11 0.02 0.03 0.01 0.03 0.015 0.005 0.02
 0.135 0.25 0.255 0.15 0.085 0.055 0.025 0.02 0.005 0.015 0 0.005
 0.09 0.275 0.21 0.2 0.115 0.035 0.045 0.01 0 0.01 0.005 0.005
# olc_ind

# obs_lse_ind
 0.198042 0.198042 0.198042 0.198042 0.198042 0.198042 0.198042 0.198042 0.198042 0.198042 0.198042 0.198042 0.198042 0.198042 0.198042 0.198042 0.198042 0.198042 0.198042 0.198042 0.198042 0.198042 0.198042 0.198042 0.198042 0.198042 0.198042 0.198042 0.198042 0.198042
# xages_fsh
 0 0 0 0 0 0 0 0 0 0 0 0
# xages_fsh
 0 0.0909091 0.181818 0.272727 0.363636 0.454545 0.545455 0.636364 0.727273 0.818182 0.909091 1
# xnodes_fsh

Yrs fsh_sel change:  1 0 0 0 0 0 0 0 0 0 0 0 0 0 0 0 0 0 0 0 0 0 0 0 0 0 0 0 0
Yrs ind_sel change:  1 0 0 0 0 0 0 0 0 0 0 0 0 0 0 0 0 0 0 0 0 0 0 0 0 0 0 0 0
# steepnessprior
0.75
# sigmarprior
0.2
#  SSB estimated in styr endyr: -13 28 
#  Rec estimated in styr endyr: -11 30 
#  SR Curve fit  in styr endyr: 1 30 
#             Model styr endyr: 1 30 
# qprior
 3.48998e-007
# q_power_prior 
 1 
# cv_catchbiomass 
0.05 
# CatchbiomassPen 
200 
# Number of projection years 
5 
# offset_fsh
 13399.4
# offset_ind
 13083.7
Mean Catch
1313.32
R_guess 
15.4405
# nfsh
1
# n_sel_ch_fsh
 1
# nselages_fsh
 11
# phase_selcoff_fsh
 -1
logRzero 15.4405
logmeanrec 15.4405
exp(log_sigmarprior 0.2
Fish sel phase: -1 FLEET1
Fixing fishery sel to
1
Srvy sel phase: -1
Fixing SURVEY1 indices sel to
1
# logsel_slp_in_indv
 0.693147
Leaving parameter init secton
# M
 0.2 0.2 0.2 0.2 0.2 0.2 0.2 0.2 0.2 0.2 0.2 0.2
 0.2 0.2 0.2 0.2 0.2 0.2 0.2 0.2 0.2 0.2 0.2 0.2
 0.2 0.2 0.2 0.2 0.2 0.2 0.2 0.2 0.2 0.2 0.2 0.2
 0.2 0.2 0.2 0.2 0.2 0.2 0.2 0.2 0.2 0.2 0.2 0.2
 0.2 0.2 0.2 0.2 0.2 0.2 0.2 0.2 0.2 0.2 0.2 0.2
 0.2 0.2 0.2 0.2 0.2 0.2 0.2 0.2 0.2 0.2 0.2 0.2
 0.2 0.2 0.2 0.2 0.2 0.2 0.2 0.2 0.2 0.2 0.2 0.2
 0.2 0.2 0.2 0.2 0.2 0.2 0.2 0.2 0.2 0.2 0.2 0.2
 0.2 0.2 0.2 0.2 0.2 0.2 0.2 0.2 0.2 0.2 0.2 0.2
 0.2 0.2 0.2 0.2 0.2 0.2 0.2 0.2 0.2 0.2 0.2 0.2
 0.2 0.2 0.2 0.2 0.2 0.2 0.2 0.2 0.2 0.2 0.2 0.2
 0.2 0.2 0.2 0.2 0.2 0.2 0.2 0.2 0.2 0.2 0.2 0.2
 0.2 0.2 0.2 0.2 0.2 0.2 0.2 0.2 0.2 0.2 0.2 0.2
 0.2 0.2 0.2 0.2 0.2 0.2 0.2 0.2 0.2 0.2 0.2 0.2
 0.2 0.2 0.2 0.2 0.2 0.2 0.2 0.2 0.2 0.2 0.2 0.2
 0.2 0.2 0.2 0.2 0.2 0.2 0.2 0.2 0.2 0.2 0.2 0.2
 0.2 0.2 0.2 0.2 0.2 0.2 0.2 0.2 0.2 0.2 0.2 0.2
 0.2 0.2 0.2 0.2 0.2 0.2 0.2 0.2 0.2 0.2 0.2 0.2
 0.2 0.2 0.2 0.2 0.2 0.2 0.2 0.2 0.2 0.2 0.2 0.2
 0.2 0.2 0.2 0.2 0.2 0.2 0.2 0.2 0.2 0.2 0.2 0.2
 0.2 0.2 0.2 0.2 0.2 0.2 0.2 0.2 0.2 0.2 0.2 0.2
 0.2 0.2 0.2 0.2 0.2 0.2 0.2 0.2 0.2 0.2 0.2 0.2
 0.2 0.2 0.2 0.2 0.2 0.2 0.2 0.2 0.2 0.2 0.2 0.2
 0.2 0.2 0.2 0.2 0.2 0.2 0.2 0.2 0.2 0.2 0.2 0.2
 0.2 0.2 0.2 0.2 0.2 0.2 0.2 0.2 0.2 0.2 0.2 0.2
 0.2 0.2 0.2 0.2 0.2 0.2 0.2 0.2 0.2 0.2 0.2 0.2
 0.2 0.2 0.2 0.2 0.2 0.2 0.2 0.2 0.2 0.2 0.2 0.2
 0.2 0.2 0.2 0.2 0.2 0.2 0.2 0.2 0.2 0.2 0.2 0.2
 0.2 0.2 0.2 0.2 0.2 0.2 0.2 0.2 0.2 0.2 0.2 0.2
 0.2 0.2 0.2 0.2 0.2 0.2 0.2 0.2 0.2 0.2 0.2 0.2
# mean_log_rec
13.7143
# log_Rzero
13.8023
# rec_dev
 -0.130544 -0.155525 -0.0603163 -0.112334 0.0962621 0.0921908 -0.00373626 5.44708e-006 0.052519 0.0153532 0.0299394 0.0472163 0.125452 -0.239959 0.0477496 0.100875 0.0545301 0.430698 0.173688 0.11439 0.302574 0.1638 0.104514 0.225971 0.396381 -0.152922 0.243157 0.184788 0.0322702 -0.168844 0.167786 0.188206 -0.566398 -0.158519 -0.226551 -0.121101 -0.231362 -0.311471 -0.157422 -0.302024 -0.154084 -0.336332
# fmort
 0.00955887 0.0279539 0.0463473 0.0623644 0.0496632 0.0894795 0.0909019 0.193832 0.112249 0.136381 0.155273 0.166582 0.119912 0.175846 0.185999 0.166819 0.324419 0.262602 0.260123 0.254434 0.349482 0.257345 0.434359 0.358218 0.356658 0.328197 0.322512 0.462952 0.356197 0.562732
# rec_dev_future
 0 0 0 0 0
