AMAK;Mar 2020
# styr
1
# endyr
30
# rec_age
1
# oldest_age
12
# nlength
81
# len_bins
 10 11 12 13 14 15 16 17 18 19 20 21 22 23 24 25 26 27 28 29 30 31 32 33 34 35 36 37 38 39 40 41 42 43 44 45 46 47 48 49 50 51 52 53 54 55 56 57 58 59 60 61 62 63 64 65 66 67 68 69 70 71 72 73 74 75 76 77 78 79 80 81 82 83 84 85 86 87 88 89 90
# datafile_name
amak_data.dat
# model_name
AMAK_MCP
# styr
1
# endyr
30
# rec_age
1
# oldest_age
12
# nfsh
1
# fshname
FLEET1
# catch_bio_in
 160.748 460 748.676 955.603 731.644 1263.42 1203.97 2319.32 1208.55 1374.28 1442.57 1413.38 967.613 1383.67 1405.04 1209.97 2127.67 1545.11 1418.64 1358.72 1778.49 1205.38 1819.85 1375.19 1306.39 1161.26 1108.48 1447.87 1020.12 1440.96
# catch_bio_sd_in
 0.01 0.01 0.01 0.01 0.01 0.01 0.01 0.01 0.01 0.01 0.01 0.01 0.01 0.01 0.01 0.01 0.01 0.01 0.01 0.01 0.01 0.01 0.01 0.01 0.01 0.01 0.01 0.01 0.01 0.01
# nyrs_fsh_age
 30
# nyrs_fsh_length
 0
# yrs_fsh_age_in
 1 2 3 4 5 6 7 8 9 10 11 12 13 14 15 16 17 18 19 20 21 22 23 24 25 26 27 28 29 30
# yrs_fsh_length_in

# n_sample_fsh_length_in

# olc_fsh_in

# nind
1
# indname
SURVEY1
# nyrs_ind
 30
# yrs_ind_in
 1 2 3 4 5 6 7 8 9 10 11 12 13 14 15 16 17 18 19 20 21 22 23 24 25 26 27 28 29 30
# mo_ind
 1
# obs_ind_in
 1.35054 1.58825 1.68444 1.28782 1.26513 1.62584 1.32452 1.18191 1.2261 1.02091 1.18035 0.962544 1.01804 1.09496 0.825874 0.970454 1.30002 0.778443 0.917161 0.913598 0.863013 0.751221 0.765844 0.726721 0.62009 0.615522 0.574904 0.597027 0.554639 0.578249
# obs_se_ind_in
 0.270107 0.31765 0.336887 0.257563 0.253025 0.325167 0.264903 0.236382 0.24522 0.204182 0.23607 0.192509 0.203609 0.218992 0.165175 0.194091 0.260005 0.155689 0.183432 0.18272 0.172603 0.150244 0.153169 0.145344 0.124018 0.123104 0.114981 0.119405 0.110928 0.11565
# nyrs_ind_age
 30
# nyrs_ind_length
 0
# yrs_ind_age_in
 1 2 3 4 5 6 7 8 9 10 11 12 13 14 15 16 17 18 19 20 21 22 23 24 25 26 27 28 29 30
# yrs_ind_length_in

# yrs_ind_age_in
 1 2 3 4 5 6 7 8 9 10 11 12 13 14 15 16 17 18 19 20 21 22 23 24 25 26 27 28 29 30
# n_sample_ind_length_in

# olc_ind_in

# oac_ind_in
 0.055 0.15 0.19 0.125 0.115 0.08 0.04 0.035 0.01 0.04 0.04 0.12
 0.06 0.115 0.145 0.16 0.115 0.11 0.035 0.05 0.065 0.025 0.025 0.095
 0.045 0.125 0.145 0.135 0.115 0.1 0.09 0.02 0.05 0.02 0.01 0.145
 0.055 0.155 0.11 0.11 0.1 0.085 0.075 0.045 0.035 0.035 0.045 0.15
 0.085 0.1 0.13 0.105 0.105 0.12 0.05 0.025 0.04 0.05 0.04 0.15
 0.075 0.17 0.14 0.14 0.075 0.065 0.045 0.05 0.025 0.04 0.04 0.135
 0.075 0.115 0.18 0.13 0.075 0.04 0.075 0.06 0.045 0.04 0.015 0.15
 0.09 0.14 0.155 0.14 0.075 0.055 0.05 0.025 0.06 0.05 0.03 0.13
 0.085 0.19 0.14 0.115 0.125 0.085 0.08 0.035 0.025 0.015 0.03 0.075
 0.06 0.13 0.23 0.11 0.075 0.125 0.08 0.035 0.025 0.035 0.03 0.065
 0.035 0.165 0.15 0.17 0.115 0.085 0.065 0.06 0.03 0.015 0.03 0.08
 0.125 0.195 0.175 0.13 0.085 0.025 0.065 0.055 0.03 0.04 0 0.075
 0.09 0.335 0.115 0.115 0.09 0.05 0.04 0.025 0.035 0.035 0.02 0.05
 0.06 0.2 0.2 0.085 0.11 0.03 0.075 0.05 0.045 0.025 0.02 0.1
 0.06 0.13 0.29 0.175 0.095 0.08 0.015 0.055 0.015 0.015 0.02 0.05
 0.14 0.2 0.11 0.22 0.145 0.035 0.04 0.02 0.025 0.005 0.005 0.055
 0.105 0.25 0.15 0.09 0.15 0.08 0.035 0.03 0.025 0.025 0 0.06
 0.14 0.205 0.235 0.115 0.07 0.105 0.035 0.005 0.02 0.005 0.015 0.05
 0.145 0.22 0.155 0.16 0.06 0.06 0.105 0.035 0.01 0.02 0 0.03
 0.08 0.23 0.205 0.15 0.125 0.05 0.03 0.035 0.05 0.015 0.01 0.02
 0.095 0.25 0.235 0.14 0.08 0.07 0.03 0.03 0.005 0.035 0 0.03
 0.105 0.19 0.27 0.145 0.095 0.07 0.05 0.03 0.015 0 0.01 0.02
 0.165 0.205 0.155 0.135 0.115 0.095 0.02 0.05 0.035 0 0 0.025
 0.11 0.31 0.2 0.12 0.095 0.05 0.045 0.015 0.025 0.01 0.005 0.015
 0.105 0.27 0.26 0.11 0.055 0.095 0.035 0.02 0.025 0.01 0 0.015
 0.17 0.16 0.23 0.165 0.105 0.05 0.055 0.035 0.02 0 0 0.01
 0.1 0.35 0.175 0.105 0.115 0.035 0.025 0.05 0.015 0.015 0 0.015
 0.075 0.15 0.36 0.165 0.105 0.08 0.04 0.005 0.01 0.01 0 0
 0.18 0.285 0.115 0.2 0.035 0.075 0.06 0.005 0.015 0 0.005 0.025
 0.09 0.235 0.24 0.155 0.09 0.065 0.04 0.03 0.03 0.005 0.005 0.015
# wt_ind
 1 1 1 1 1 1 1 1 1 1 1 1
 1 1 1 1 1 1 1 1 1 1 1 1
 1 1 1 1 1 1 1 1 1 1 1 1
 1 1 1 1 1 1 1 1 1 1 1 1
 1 1 1 1 1 1 1 1 1 1 1 1
 1 1 1 1 1 1 1 1 1 1 1 1
 1 1 1 1 1 1 1 1 1 1 1 1
 1 1 1 1 1 1 1 1 1 1 1 1
 1 1 1 1 1 1 1 1 1 1 1 1
 1 1 1 1 1 1 1 1 1 1 1 1
 1 1 1 1 1 1 1 1 1 1 1 1
 1 1 1 1 1 1 1 1 1 1 1 1
 1 1 1 1 1 1 1 1 1 1 1 1
 1 1 1 1 1 1 1 1 1 1 1 1
 1 1 1 1 1 1 1 1 1 1 1 1
 1 1 1 1 1 1 1 1 1 1 1 1
 1 1 1 1 1 1 1 1 1 1 1 1
 1 1 1 1 1 1 1 1 1 1 1 1
 1 1 1 1 1 1 1 1 1 1 1 1
 1 1 1 1 1 1 1 1 1 1 1 1
 1 1 1 1 1 1 1 1 1 1 1 1
 1 1 1 1 1 1 1 1 1 1 1 1
 1 1 1 1 1 1 1 1 1 1 1 1
 1 1 1 1 1 1 1 1 1 1 1 1
 1 1 1 1 1 1 1 1 1 1 1 1
 1 1 1 1 1 1 1 1 1 1 1 1
 1 1 1 1 1 1 1 1 1 1 1 1
 1 1 1 1 1 1 1 1 1 1 1 1
 1 1 1 1 1 1 1 1 1 1 1 1
 1 1 1 1 1 1 1 1 1 1 1 1
# wt_pop
 0.000530656 0.00119633 0.00205827 0.00303499 0.00405521 0.0050647 0.00602623 0.00691692 0.00772489 0.00844611 0.00908185 0.0096367
# maturity
 0.0229774 0.320821 0.904651 0.99478 0.999739 0.999987 0.999999 1 1 1 1 1
# spawnmo
1
# age_err
 1 0 0 0 0 0 0 0 0 0 0 0
 0 1 0 0 0 0 0 0 0 0 0 0
 0 0 1 0 0 0 0 0 0 0 0 0
 0 0 0 1 0 0 0 0 0 0 0 0
 0 0 0 0 1 0 0 0 0 0 0 0
 0 0 0 0 0 1 0 0 0 0 0 0
 0 0 0 0 0 0 1 0 0 0 0 0
 0 0 0 0 0 0 0 1 0 0 0 0
 0 0 0 0 0 0 0 0 1 0 0 0
 0 0 0 0 0 0 0 0 0 1 0 0
 0 0 0 0 0 0 0 0 0 0 1 0
 0 0 0 0 0 0 0 0 0 0 0 1
# cntrlfile_name
C:\Users\bai.li\DOCUME~1\Github\AGE_ST~1\ASSAMC\example\output\AMAK\s68\amak.dat
# Map shared selectivity: 
# sel_map
 1 2
 1 1
# datafile_name
amak_data.dat
# model_name
AMAK_MCP
# SrType
2
# use_age_err
0
# retro
0
# sigmarprior
0.2
# cvsigmarprior
0.25
# phase_sigmar
-3
# styr_rec_est
1
# endyr_rec_est
30
# Linfprior
80
# cvLinfprior
0.25
# kprior
0.18
# cvkprior
0.25
# Loprior
27.688
# cvLoprior
0.25
# sdageprior
0.1
# cvsdageprior
0.25
# natmortprior
0.2
# cvnatmortprior
0.25
# phase_M
-4
# npars_Mage
0
# ages_M_changes

# Mage_in

# Mage_offset_in

# phase_Mage
-5
# phase_rw_M
0
# npars_rw_M
0
# yrs_rw_M

# sigma_rw_M

# qprior
 3.48998e-007
# cvqprior
 1
# phase_q
 1
# q_power_prior
 1
# cvq_power_prior
 0.2
# phase_q_power
 -4
# phase_rw_q
 -1
# npars_rw_q
 0
# yrs_rw_q

# sigma_rw_q

# q_age_min
 1
# q_age_max
 12
# q_age_min
 1
# q_age_max
 12
# fsh_sel_opt(k)
2
# phase_sel_fsh(k)
2
# n_sel_ch_fsh(k)
1
# sel_slp_in_fsh(k)(1,n_sel_ch_fsh(k))
 1
# sel_inf_in_fsh(k)(1,n_sel_ch_fsh(k))
 2
# logsel_slp_in_fsh(k)(1,n_sel_ch_fsh(k))
 0
# yrs_sel_ch_fsh(k)(1,n_sel_ch_fsh(k))
 1

Survey SURVEY1
# ind_sel_opt(k)
2
# indname(k)
SURVEY1
# nselages_in_ind(k)
11
# phase_sel_ind(k)
2
# sel_change_in_ind(k)
 1 0 0 0 0 0 0 0 0 0 0 0 0 0 0 0 0 0 0 0 0 0 0 0 0 0 0 0 0 0
# n_sel_ch_ind(k)
1
# yrs_sel_ch_ind(k)(1,n_sel_ch_ind(k))
 1
# sel_slp_in_ind(k,1)
2
# sel_inf_in_ind(k,1)
1.5
# logsel_slp_in_ind(k,1)
0.693147
# logsel_slp_in_indv(k)
0.693147
SURVEY1 ind sel opt 2  1 0 0 0 0 0 0 0 0 0 0 0 0 0 0 0 0 0 0 0 0 0 0 0 0 0 0 0 0 0
Phase indices Sel_Coffs:  -1
 Test: 1.23457e+008
# Fshry Selages:  11
# Srvy  Selages:  11
# Phase for age-spec fishery  -1
# Phase for logistic fishery  2
# Phase for dble logistic fishery  -1
# Phase for age-spec indices   -1
# Phase for logistic indices   2
# Phase for dble logistic ind  -1
# Curv_pen_fsh: 
 0
# Curv_pen_ind: 
 0
# styr_fut
31
# endyr_fut
35
# nyrs_fsh_age
 30
# nyrs_fsh_age
 30
# yrs_fsh_age
 1 2 3 4 5 6 7 8 9 10 11 12 13 14 15 16 17 18 19 20 21 22 23 24 25 26 27 28 29 30
# n_sample_fsh_age
 200 200 200 200 200 200 200 200 200 200 200 200 200 200 200 200 200 200 200 200 200 200 200 200 200 200 200 200 200 200
# oac_fsh
 0.105 0.09 0.14 0.115 0.115 0.095 0.08 0.03 0.04 0.055 0.025 0.11
 0.08 0.11 0.105 0.17 0.11 0.06 0.095 0.05 0.04 0.03 0.04 0.11
 0.07 0.09 0.1 0.14 0.14 0.115 0.095 0.05 0.03 0.02 0.03 0.12
 0.055 0.15 0.08 0.13 0.1 0.065 0.03 0.07 0.075 0.035 0.05 0.16
 0.08 0.135 0.11 0.095 0.08 0.105 0.105 0.055 0.035 0.05 0.03 0.12
 0.07 0.13 0.115 0.15 0.065 0.08 0.08 0.035 0.025 0.07 0.02 0.16
 0.06 0.155 0.16 0.125 0.08 0.075 0.08 0.085 0.05 0.025 0.015 0.09
 0.12 0.115 0.11 0.185 0.095 0.07 0.065 0.04 0.02 0.03 0.04 0.11
 0.06 0.115 0.115 0.1 0.125 0.1 0.1 0.05 0.035 0.02 0.03 0.15
 0.105 0.12 0.145 0.115 0.07 0.125 0.055 0.06 0.05 0.035 0.02 0.1
 0.075 0.155 0.13 0.14 0.07 0.08 0.1 0.075 0.035 0.01 0.02 0.11
 0.145 0.13 0.15 0.11 0.095 0.08 0.065 0.07 0.015 0.025 0.015 0.1
 0.19 0.19 0.13 0.125 0.07 0.08 0.05 0.045 0.04 0.005 0.02 0.055
 0.055 0.195 0.24 0.12 0.06 0.08 0.065 0.02 0.045 0.035 0.015 0.07
 0.1 0.06 0.25 0.215 0.1 0.06 0.04 0.055 0.025 0.005 0.035 0.055
 0.105 0.14 0.105 0.27 0.16 0.065 0.04 0.015 0.02 0.025 0.015 0.04
 0.09 0.215 0.195 0.065 0.12 0.135 0.04 0.035 0.025 0.025 0.015 0.04
 0.12 0.19 0.185 0.13 0.065 0.09 0.09 0.03 0.025 0.035 0.005 0.035
 0.14 0.18 0.225 0.16 0.065 0.05 0.055 0.07 0.025 0.005 0 0.025
 0.14 0.195 0.205 0.165 0.135 0.04 0.01 0.04 0.015 0.005 0.01 0.04
 0.095 0.21 0.195 0.12 0.11 0.1 0.04 0.02 0.025 0.03 0.015 0.04
 0.115 0.18 0.25 0.185 0.105 0.06 0.045 0.015 0.02 0 0.005 0.02
 0.18 0.135 0.16 0.18 0.13 0.055 0.065 0.015 0.015 0.005 0.03 0.03
 0.155 0.24 0.18 0.14 0.09 0.1 0.025 0.015 0.01 0.01 0 0.035
 0.05 0.2 0.35 0.14 0.075 0.07 0.065 0.01 0.015 0.005 0.005 0.015
 0.18 0.14 0.19 0.215 0.1 0.055 0.045 0.025 0.025 0.01 0 0.015
 0.1 0.255 0.13 0.225 0.15 0.055 0.04 0.005 0.025 0.005 0 0.01
 0.145 0.185 0.27 0.11 0.11 0.09 0.03 0.025 0.015 0.01 0 0.01
 0.155 0.225 0.205 0.18 0.095 0.045 0.045 0.02 0.005 0.01 0.005 0.01
 0.165 0.225 0.2 0.14 0.13 0.06 0.035 0.01 0.005 0.01 0.005 0.015
# olc_fsh

# wt_fsh
 0.000530656 0.00119633 0.00205827 0.00303499 0.00405521 0.0050647 0.00602623 0.00691692 0.00772489 0.00844611 0.00908185 0.0096367
 0.000530656 0.00119633 0.00205827 0.00303499 0.00405521 0.0050647 0.00602623 0.00691692 0.00772489 0.00844611 0.00908185 0.0096367
 0.000530656 0.00119633 0.00205827 0.00303499 0.00405521 0.0050647 0.00602623 0.00691692 0.00772489 0.00844611 0.00908185 0.0096367
 0.000530656 0.00119633 0.00205827 0.00303499 0.00405521 0.0050647 0.00602623 0.00691692 0.00772489 0.00844611 0.00908185 0.0096367
 0.000530656 0.00119633 0.00205827 0.00303499 0.00405521 0.0050647 0.00602623 0.00691692 0.00772489 0.00844611 0.00908185 0.0096367
 0.000530656 0.00119633 0.00205827 0.00303499 0.00405521 0.0050647 0.00602623 0.00691692 0.00772489 0.00844611 0.00908185 0.0096367
 0.000530656 0.00119633 0.00205827 0.00303499 0.00405521 0.0050647 0.00602623 0.00691692 0.00772489 0.00844611 0.00908185 0.0096367
 0.000530656 0.00119633 0.00205827 0.00303499 0.00405521 0.0050647 0.00602623 0.00691692 0.00772489 0.00844611 0.00908185 0.0096367
 0.000530656 0.00119633 0.00205827 0.00303499 0.00405521 0.0050647 0.00602623 0.00691692 0.00772489 0.00844611 0.00908185 0.0096367
 0.000530656 0.00119633 0.00205827 0.00303499 0.00405521 0.0050647 0.00602623 0.00691692 0.00772489 0.00844611 0.00908185 0.0096367
 0.000530656 0.00119633 0.00205827 0.00303499 0.00405521 0.0050647 0.00602623 0.00691692 0.00772489 0.00844611 0.00908185 0.0096367
 0.000530656 0.00119633 0.00205827 0.00303499 0.00405521 0.0050647 0.00602623 0.00691692 0.00772489 0.00844611 0.00908185 0.0096367
 0.000530656 0.00119633 0.00205827 0.00303499 0.00405521 0.0050647 0.00602623 0.00691692 0.00772489 0.00844611 0.00908185 0.0096367
 0.000530656 0.00119633 0.00205827 0.00303499 0.00405521 0.0050647 0.00602623 0.00691692 0.00772489 0.00844611 0.00908185 0.0096367
 0.000530656 0.00119633 0.00205827 0.00303499 0.00405521 0.0050647 0.00602623 0.00691692 0.00772489 0.00844611 0.00908185 0.0096367
 0.000530656 0.00119633 0.00205827 0.00303499 0.00405521 0.0050647 0.00602623 0.00691692 0.00772489 0.00844611 0.00908185 0.0096367
 0.000530656 0.00119633 0.00205827 0.00303499 0.00405521 0.0050647 0.00602623 0.00691692 0.00772489 0.00844611 0.00908185 0.0096367
 0.000530656 0.00119633 0.00205827 0.00303499 0.00405521 0.0050647 0.00602623 0.00691692 0.00772489 0.00844611 0.00908185 0.0096367
 0.000530656 0.00119633 0.00205827 0.00303499 0.00405521 0.0050647 0.00602623 0.00691692 0.00772489 0.00844611 0.00908185 0.0096367
 0.000530656 0.00119633 0.00205827 0.00303499 0.00405521 0.0050647 0.00602623 0.00691692 0.00772489 0.00844611 0.00908185 0.0096367
 0.000530656 0.00119633 0.00205827 0.00303499 0.00405521 0.0050647 0.00602623 0.00691692 0.00772489 0.00844611 0.00908185 0.0096367
 0.000530656 0.00119633 0.00205827 0.00303499 0.00405521 0.0050647 0.00602623 0.00691692 0.00772489 0.00844611 0.00908185 0.0096367
 0.000530656 0.00119633 0.00205827 0.00303499 0.00405521 0.0050647 0.00602623 0.00691692 0.00772489 0.00844611 0.00908185 0.0096367
 0.000530656 0.00119633 0.00205827 0.00303499 0.00405521 0.0050647 0.00602623 0.00691692 0.00772489 0.00844611 0.00908185 0.0096367
 0.000530656 0.00119633 0.00205827 0.00303499 0.00405521 0.0050647 0.00602623 0.00691692 0.00772489 0.00844611 0.00908185 0.0096367
 0.000530656 0.00119633 0.00205827 0.00303499 0.00405521 0.0050647 0.00602623 0.00691692 0.00772489 0.00844611 0.00908185 0.0096367
 0.000530656 0.00119633 0.00205827 0.00303499 0.00405521 0.0050647 0.00602623 0.00691692 0.00772489 0.00844611 0.00908185 0.0096367
 0.000530656 0.00119633 0.00205827 0.00303499 0.00405521 0.0050647 0.00602623 0.00691692 0.00772489 0.00844611 0.00908185 0.0096367
 0.000530656 0.00119633 0.00205827 0.00303499 0.00405521 0.0050647 0.00602623 0.00691692 0.00772489 0.00844611 0.00908185 0.0096367
 0.000530656 0.00119633 0.00205827 0.00303499 0.00405521 0.0050647 0.00602623 0.00691692 0.00772489 0.00844611 0.00908185 0.0096367
# nyrs_ind_age
 30
# yrs_ind_age
 1 2 3 4 5 6 7 8 9 10 11 12 13 14 15 16 17 18 19 20 21 22 23 24 25 26 27 28 29 30
# n_sample_ind_age
 200 200 200 200 200 200 200 200 200 200 200 200 200 200 200 200 200 200 200 200 200 200 200 200 200 200 200 200 200 200
# oac_ind
 0.055 0.15 0.19 0.125 0.115 0.08 0.04 0.035 0.01 0.04 0.04 0.12
 0.06 0.115 0.145 0.16 0.115 0.11 0.035 0.05 0.065 0.025 0.025 0.095
 0.045 0.125 0.145 0.135 0.115 0.1 0.09 0.02 0.05 0.02 0.01 0.145
 0.055 0.155 0.11 0.11 0.1 0.085 0.075 0.045 0.035 0.035 0.045 0.15
 0.085 0.1 0.13 0.105 0.105 0.12 0.05 0.025 0.04 0.05 0.04 0.15
 0.075 0.17 0.14 0.14 0.075 0.065 0.045 0.05 0.025 0.04 0.04 0.135
 0.075 0.115 0.18 0.13 0.075 0.04 0.075 0.06 0.045 0.04 0.015 0.15
 0.09 0.14 0.155 0.14 0.075 0.055 0.05 0.025 0.06 0.05 0.03 0.13
 0.085 0.19 0.14 0.115 0.125 0.085 0.08 0.035 0.025 0.015 0.03 0.075
 0.06 0.13 0.23 0.11 0.075 0.125 0.08 0.035 0.025 0.035 0.03 0.065
 0.035 0.165 0.15 0.17 0.115 0.085 0.065 0.06 0.03 0.015 0.03 0.08
 0.125 0.195 0.175 0.13 0.085 0.025 0.065 0.055 0.03 0.04 0 0.075
 0.09 0.335 0.115 0.115 0.09 0.05 0.04 0.025 0.035 0.035 0.02 0.05
 0.06 0.2 0.2 0.085 0.11 0.03 0.075 0.05 0.045 0.025 0.02 0.1
 0.06 0.13 0.29 0.175 0.095 0.08 0.015 0.055 0.015 0.015 0.02 0.05
 0.14 0.2 0.11 0.22 0.145 0.035 0.04 0.02 0.025 0.005 0.005 0.055
 0.105 0.25 0.15 0.09 0.15 0.08 0.035 0.03 0.025 0.025 0 0.06
 0.14 0.205 0.235 0.115 0.07 0.105 0.035 0.005 0.02 0.005 0.015 0.05
 0.145 0.22 0.155 0.16 0.06 0.06 0.105 0.035 0.01 0.02 0 0.03
 0.08 0.23 0.205 0.15 0.125 0.05 0.03 0.035 0.05 0.015 0.01 0.02
 0.095 0.25 0.235 0.14 0.08 0.07 0.03 0.03 0.005 0.035 0 0.03
 0.105 0.19 0.27 0.145 0.095 0.07 0.05 0.03 0.015 0 0.01 0.02
 0.165 0.205 0.155 0.135 0.115 0.095 0.02 0.05 0.035 0 0 0.025
 0.11 0.31 0.2 0.12 0.095 0.05 0.045 0.015 0.025 0.01 0.005 0.015
 0.105 0.27 0.26 0.11 0.055 0.095 0.035 0.02 0.025 0.01 0 0.015
 0.17 0.16 0.23 0.165 0.105 0.05 0.055 0.035 0.02 0 0 0.01
 0.1 0.35 0.175 0.105 0.115 0.035 0.025 0.05 0.015 0.015 0 0.015
 0.075 0.15 0.36 0.165 0.105 0.08 0.04 0.005 0.01 0.01 0 0
 0.18 0.285 0.115 0.2 0.035 0.075 0.06 0.005 0.015 0 0.005 0.025
 0.09 0.235 0.24 0.155 0.09 0.065 0.04 0.03 0.03 0.005 0.005 0.015
# olc_ind

# obs_lse_ind
 0.198042 0.198042 0.198042 0.198042 0.198042 0.198042 0.198042 0.198042 0.198042 0.198042 0.198042 0.198042 0.198042 0.198042 0.198042 0.198042 0.198042 0.198042 0.198042 0.198042 0.198042 0.198042 0.198042 0.198042 0.198042 0.198042 0.198042 0.198042 0.198042 0.198042
# xages_fsh
 0 0 0 0 0 0 0 0 0 0 0 0
# xages_fsh
 0 0.0909091 0.181818 0.272727 0.363636 0.454545 0.545455 0.636364 0.727273 0.818182 0.909091 1
# xnodes_fsh

Yrs fsh_sel change:  1 0 0 0 0 0 0 0 0 0 0 0 0 0 0 0 0 0 0 0 0 0 0 0 0 0 0 0 0
Yrs ind_sel change:  1 0 0 0 0 0 0 0 0 0 0 0 0 0 0 0 0 0 0 0 0 0 0 0 0 0 0 0 0
# steepnessprior
0.75
# sigmarprior
0.2
#  SSB estimated in styr endyr: -13 28 
#  Rec estimated in styr endyr: -11 30 
#  SR Curve fit  in styr endyr: 1 30 
#             Model styr endyr: 1 30 
# qprior
 3.48998e-007
# q_power_prior 
 1 
# cv_catchbiomass 
0.05 
# CatchbiomassPen 
200 
# Number of projection years 
5 
# offset_fsh
 13286.6
# offset_ind
 13055.6
Mean Catch
1278.75
R_guess 
15.4138
# nfsh
1
# n_sel_ch_fsh
 1
# nselages_fsh
 11
# phase_selcoff_fsh
 -1
logRzero 15.4138
logmeanrec 15.4138
exp(log_sigmarprior 0.2
Fish sel phase: -1 FLEET1
Fixing fishery sel to
1
Srvy sel phase: -1
Fixing SURVEY1 indices sel to
1
# logsel_slp_in_indv
 0.693147
Leaving parameter init secton
# M
 0.2 0.2 0.2 0.2 0.2 0.2 0.2 0.2 0.2 0.2 0.2 0.2
 0.2 0.2 0.2 0.2 0.2 0.2 0.2 0.2 0.2 0.2 0.2 0.2
 0.2 0.2 0.2 0.2 0.2 0.2 0.2 0.2 0.2 0.2 0.2 0.2
 0.2 0.2 0.2 0.2 0.2 0.2 0.2 0.2 0.2 0.2 0.2 0.2
 0.2 0.2 0.2 0.2 0.2 0.2 0.2 0.2 0.2 0.2 0.2 0.2
 0.2 0.2 0.2 0.2 0.2 0.2 0.2 0.2 0.2 0.2 0.2 0.2
 0.2 0.2 0.2 0.2 0.2 0.2 0.2 0.2 0.2 0.2 0.2 0.2
 0.2 0.2 0.2 0.2 0.2 0.2 0.2 0.2 0.2 0.2 0.2 0.2
 0.2 0.2 0.2 0.2 0.2 0.2 0.2 0.2 0.2 0.2 0.2 0.2
 0.2 0.2 0.2 0.2 0.2 0.2 0.2 0.2 0.2 0.2 0.2 0.2
 0.2 0.2 0.2 0.2 0.2 0.2 0.2 0.2 0.2 0.2 0.2 0.2
 0.2 0.2 0.2 0.2 0.2 0.2 0.2 0.2 0.2 0.2 0.2 0.2
 0.2 0.2 0.2 0.2 0.2 0.2 0.2 0.2 0.2 0.2 0.2 0.2
 0.2 0.2 0.2 0.2 0.2 0.2 0.2 0.2 0.2 0.2 0.2 0.2
 0.2 0.2 0.2 0.2 0.2 0.2 0.2 0.2 0.2 0.2 0.2 0.2
 0.2 0.2 0.2 0.2 0.2 0.2 0.2 0.2 0.2 0.2 0.2 0.2
 0.2 0.2 0.2 0.2 0.2 0.2 0.2 0.2 0.2 0.2 0.2 0.2
 0.2 0.2 0.2 0.2 0.2 0.2 0.2 0.2 0.2 0.2 0.2 0.2
 0.2 0.2 0.2 0.2 0.2 0.2 0.2 0.2 0.2 0.2 0.2 0.2
 0.2 0.2 0.2 0.2 0.2 0.2 0.2 0.2 0.2 0.2 0.2 0.2
 0.2 0.2 0.2 0.2 0.2 0.2 0.2 0.2 0.2 0.2 0.2 0.2
 0.2 0.2 0.2 0.2 0.2 0.2 0.2 0.2 0.2 0.2 0.2 0.2
 0.2 0.2 0.2 0.2 0.2 0.2 0.2 0.2 0.2 0.2 0.2 0.2
 0.2 0.2 0.2 0.2 0.2 0.2 0.2 0.2 0.2 0.2 0.2 0.2
 0.2 0.2 0.2 0.2 0.2 0.2 0.2 0.2 0.2 0.2 0.2 0.2
 0.2 0.2 0.2 0.2 0.2 0.2 0.2 0.2 0.2 0.2 0.2 0.2
 0.2 0.2 0.2 0.2 0.2 0.2 0.2 0.2 0.2 0.2 0.2 0.2
 0.2 0.2 0.2 0.2 0.2 0.2 0.2 0.2 0.2 0.2 0.2 0.2
 0.2 0.2 0.2 0.2 0.2 0.2 0.2 0.2 0.2 0.2 0.2 0.2
 0.2 0.2 0.2 0.2 0.2 0.2 0.2 0.2 0.2 0.2 0.2 0.2
# mean_log_rec
13.7815
# log_Rzero
13.7836
# rec_dev
 -0.065353 -0.0787549 -0.00157173 0.131171 -0.207222 -0.0540338 -0.0399847 0.0161641 0.0922316 -4.10406e-005 0.156863 0.0659149 -0.0154681 -0.194574 0.0272519 -0.0238926 0.230946 -0.0795005 -0.188664 0.0464092 -0.269969 -0.130291 -0.273518 0.314245 0.302767 -0.471372 -0.158393 0.157793 -0.0121466 7.49606e-005 0.109944 0.0802267 -0.238272 -0.197476 0.186005 -0.103915 -0.458913 0.0658452 -0.447043 -0.266962 -0.256438 -0.392367
# fmort
 0.00897746 0.0259423 0.0435041 0.0582128 0.0465512 0.0842818 0.085262 0.181676 0.105555 0.129321 0.148439 0.158727 0.113199 0.164351 0.173627 0.15594 0.300003 0.243618 0.23753 0.236005 0.329207 0.238792 0.39296 0.330051 0.332062 0.308857 0.304439 0.430376 0.332409 0.526353
# rec_dev_future
 0 0 0 0 0
