AMAK;Mar 2020
# styr
1
# endyr
30
# rec_age
1
# oldest_age
12
# nlength
81
# len_bins
 10 11 12 13 14 15 16 17 18 19 20 21 22 23 24 25 26 27 28 29 30 31 32 33 34 35 36 37 38 39 40 41 42 43 44 45 46 47 48 49 50 51 52 53 54 55 56 57 58 59 60 61 62 63 64 65 66 67 68 69 70 71 72 73 74 75 76 77 78 79 80 81 82 83 84 85 86 87 88 89 90
# datafile_name
amak_data.dat
# model_name
AMAK_MCP
# styr
1
# endyr
30
# rec_age
1
# oldest_age
12
# nfsh
1
# fshname
FLEET1
# catch_bio_in
 160.525 462.992 745.324 984.041 767.797 1364.51 1334.82 2581.61 1344.43 1523.82 1563.13 1539.01 1045.64 1423.51 1410.92 1216.93 2183.02 1535.11 1362.11 1236.74 1512.67 1016.07 1528.59 1136.77 1092.17 1018.04 1045.98 1431.81 1030.99 1437.72
# catch_bio_sd_in
 0.01 0.01 0.01 0.01 0.01 0.01 0.01 0.01 0.01 0.01 0.01 0.01 0.01 0.01 0.01 0.01 0.01 0.01 0.01 0.01 0.01 0.01 0.01 0.01 0.01 0.01 0.01 0.01 0.01 0.01
# nyrs_fsh_age
 30
# nyrs_fsh_length
 0
# yrs_fsh_age_in
 1 2 3 4 5 6 7 8 9 10 11 12 13 14 15 16 17 18 19 20 21 22 23 24 25 26 27 28 29 30
# yrs_fsh_length_in

# n_sample_fsh_length_in

# olc_fsh_in

# nind
1
# indname
SURVEY1
# nyrs_ind
 30
# yrs_ind_in
 1 2 3 4 5 6 7 8 9 10 11 12 13 14 15 16 17 18 19 20 21 22 23 24 25 26 27 28 29 30
# mo_ind
 1
# obs_ind_in
 1.43099 1.43201 1.61145 1.26397 1.64628 1.55588 1.30499 1.20529 1.20521 1.33951 0.949436 1.23809 0.857574 0.895573 1.11434 1.14114 0.824763 0.74185 0.870994 0.677578 0.595275 0.633873 0.686456 0.631212 0.728263 0.65855 0.59707 0.619516 0.53484 0.545017
# obs_se_ind_in
 0.286197 0.286403 0.32229 0.252794 0.329257 0.311176 0.260999 0.241058 0.241042 0.267902 0.189887 0.247618 0.171515 0.179115 0.222868 0.228228 0.164953 0.14837 0.174199 0.135516 0.119055 0.126775 0.137291 0.126242 0.145653 0.13171 0.119414 0.123903 0.106968 0.109003
# nyrs_ind_age
 30
# nyrs_ind_length
 0
# yrs_ind_age_in
 1 2 3 4 5 6 7 8 9 10 11 12 13 14 15 16 17 18 19 20 21 22 23 24 25 26 27 28 29 30
# yrs_ind_length_in

# yrs_ind_age_in
 1 2 3 4 5 6 7 8 9 10 11 12 13 14 15 16 17 18 19 20 21 22 23 24 25 26 27 28 29 30
# n_sample_ind_length_in

# olc_ind_in

# oac_ind_in
 0.07 0.145 0.105 0.105 0.09 0.105 0.04 0.055 0.075 0.05 0.045 0.115
 0.06 0.13 0.105 0.15 0.11 0.1 0.07 0.045 0.025 0.025 0.03 0.15
 0.085 0.115 0.155 0.125 0.095 0.085 0.07 0.04 0.04 0.035 0.02 0.135
 0.06 0.245 0.135 0.115 0.085 0.055 0.05 0.08 0.025 0.01 0.04 0.1
 0.03 0.185 0.21 0.085 0.065 0.095 0.055 0.035 0.055 0.04 0.015 0.13
 0.09 0.12 0.215 0.185 0.08 0.045 0.055 0.045 0.03 0.03 0.025 0.08
 0.035 0.2 0.15 0.155 0.125 0.09 0.04 0.03 0.035 0.03 0.035 0.075
 0.05 0.055 0.225 0.135 0.125 0.09 0.06 0.055 0.04 0.03 0.02 0.115
 0.095 0.13 0.105 0.16 0.115 0.115 0.08 0.055 0.04 0.01 0.035 0.06
 0.08 0.185 0.135 0.08 0.125 0.095 0.04 0.075 0.05 0.035 0.01 0.09
 0.09 0.14 0.21 0.11 0.08 0.05 0.05 0.11 0.025 0.035 0.015 0.085
 0.08 0.19 0.12 0.135 0.09 0.06 0.075 0.07 0.04 0.035 0.035 0.07
 0.075 0.18 0.21 0.115 0.13 0.04 0.045 0.04 0.035 0.04 0.015 0.075
 0.07 0.185 0.185 0.155 0.115 0.06 0.04 0.045 0.025 0.01 0.01 0.1
 0.12 0.16 0.155 0.155 0.095 0.065 0.07 0.025 0.04 0.025 0.01 0.08
 0.095 0.205 0.17 0.135 0.13 0.065 0.085 0.045 0.015 0.02 0 0.035
 0.04 0.205 0.215 0.12 0.095 0.1 0.07 0.035 0.05 0 0.025 0.045
 0.065 0.2 0.18 0.24 0.09 0.09 0.03 0.04 0.01 0.035 0 0.02
 0.065 0.18 0.22 0.12 0.13 0.09 0.075 0.025 0.025 0.02 0.015 0.035
 0.13 0.135 0.195 0.175 0.095 0.095 0.06 0.035 0.02 0.02 0.01 0.03
 0.115 0.235 0.165 0.125 0.075 0.06 0.095 0.045 0.025 0.025 0.01 0.025
 0.08 0.245 0.245 0.075 0.11 0.07 0.06 0.07 0.025 0.005 0.005 0.01
 0.095 0.24 0.225 0.15 0.105 0.06 0.07 0.01 0.02 0 0.005 0.02
 0.21 0.205 0.205 0.085 0.12 0.045 0.05 0.015 0.02 0.02 0.02 0.005
 0.125 0.295 0.18 0.18 0.085 0.06 0.035 0.005 0.01 0 0.015 0.01
 0.13 0.325 0.21 0.145 0.105 0.03 0.03 0 0.01 0.005 0.005 0.005
 0.155 0.24 0.215 0.22 0.045 0.03 0.035 0.025 0.01 0.005 0.005 0.015
 0.075 0.215 0.26 0.17 0.135 0.055 0.045 0.02 0.01 0.005 0 0.01
 0.165 0.2 0.24 0.175 0.12 0.045 0.01 0.025 0.01 0.005 0 0.005
 0.16 0.27 0.175 0.125 0.1 0.085 0.04 0.02 0.01 0 0.01 0.005
# wt_ind
 1 1 1 1 1 1 1 1 1 1 1 1
 1 1 1 1 1 1 1 1 1 1 1 1
 1 1 1 1 1 1 1 1 1 1 1 1
 1 1 1 1 1 1 1 1 1 1 1 1
 1 1 1 1 1 1 1 1 1 1 1 1
 1 1 1 1 1 1 1 1 1 1 1 1
 1 1 1 1 1 1 1 1 1 1 1 1
 1 1 1 1 1 1 1 1 1 1 1 1
 1 1 1 1 1 1 1 1 1 1 1 1
 1 1 1 1 1 1 1 1 1 1 1 1
 1 1 1 1 1 1 1 1 1 1 1 1
 1 1 1 1 1 1 1 1 1 1 1 1
 1 1 1 1 1 1 1 1 1 1 1 1
 1 1 1 1 1 1 1 1 1 1 1 1
 1 1 1 1 1 1 1 1 1 1 1 1
 1 1 1 1 1 1 1 1 1 1 1 1
 1 1 1 1 1 1 1 1 1 1 1 1
 1 1 1 1 1 1 1 1 1 1 1 1
 1 1 1 1 1 1 1 1 1 1 1 1
 1 1 1 1 1 1 1 1 1 1 1 1
 1 1 1 1 1 1 1 1 1 1 1 1
 1 1 1 1 1 1 1 1 1 1 1 1
 1 1 1 1 1 1 1 1 1 1 1 1
 1 1 1 1 1 1 1 1 1 1 1 1
 1 1 1 1 1 1 1 1 1 1 1 1
 1 1 1 1 1 1 1 1 1 1 1 1
 1 1 1 1 1 1 1 1 1 1 1 1
 1 1 1 1 1 1 1 1 1 1 1 1
 1 1 1 1 1 1 1 1 1 1 1 1
 1 1 1 1 1 1 1 1 1 1 1 1
# wt_pop
 0.000530656 0.00119633 0.00205827 0.00303499 0.00405521 0.0050647 0.00602623 0.00691692 0.00772489 0.00844611 0.00908185 0.0096367
# maturity
 0.0229774 0.320821 0.904651 0.99478 0.999739 0.999987 0.999999 1 1 1 1 1
# spawnmo
1
# age_err
 1 0 0 0 0 0 0 0 0 0 0 0
 0 1 0 0 0 0 0 0 0 0 0 0
 0 0 1 0 0 0 0 0 0 0 0 0
 0 0 0 1 0 0 0 0 0 0 0 0
 0 0 0 0 1 0 0 0 0 0 0 0
 0 0 0 0 0 1 0 0 0 0 0 0
 0 0 0 0 0 0 1 0 0 0 0 0
 0 0 0 0 0 0 0 1 0 0 0 0
 0 0 0 0 0 0 0 0 1 0 0 0
 0 0 0 0 0 0 0 0 0 1 0 0
 0 0 0 0 0 0 0 0 0 0 1 0
 0 0 0 0 0 0 0 0 0 0 0 1
# cntrlfile_name
C:\Users\bai.li\DOCUME~1\Github\AGE_ST~1\ASSAMC\example\output\AMAK\s151\amak.dat
# Map shared selectivity: 
# sel_map
 1 2
 1 1
# datafile_name
amak_data.dat
# model_name
AMAK_MCP
# SrType
2
# use_age_err
0
# retro
0
# sigmarprior
0.2
# cvsigmarprior
0.25
# phase_sigmar
-3
# styr_rec_est
1
# endyr_rec_est
30
# Linfprior
80
# cvLinfprior
0.25
# kprior
0.18
# cvkprior
0.25
# Loprior
27.688
# cvLoprior
0.25
# sdageprior
0.1
# cvsdageprior
0.25
# natmortprior
0.2
# cvnatmortprior
0.25
# phase_M
-4
# npars_Mage
0
# ages_M_changes

# Mage_in

# Mage_offset_in

# phase_Mage
-5
# phase_rw_M
0
# npars_rw_M
0
# yrs_rw_M

# sigma_rw_M

# qprior
 3.48998e-007
# cvqprior
 1
# phase_q
 1
# q_power_prior
 1
# cvq_power_prior
 0.2
# phase_q_power
 -4
# phase_rw_q
 -1
# npars_rw_q
 0
# yrs_rw_q

# sigma_rw_q

# q_age_min
 1
# q_age_max
 12
# q_age_min
 1
# q_age_max
 12
# fsh_sel_opt(k)
2
# phase_sel_fsh(k)
2
# n_sel_ch_fsh(k)
1
# sel_slp_in_fsh(k)(1,n_sel_ch_fsh(k))
 1
# sel_inf_in_fsh(k)(1,n_sel_ch_fsh(k))
 2
# logsel_slp_in_fsh(k)(1,n_sel_ch_fsh(k))
 0
# yrs_sel_ch_fsh(k)(1,n_sel_ch_fsh(k))
 1

Survey SURVEY1
# ind_sel_opt(k)
2
# indname(k)
SURVEY1
# nselages_in_ind(k)
11
# phase_sel_ind(k)
2
# sel_change_in_ind(k)
 1 0 0 0 0 0 0 0 0 0 0 0 0 0 0 0 0 0 0 0 0 0 0 0 0 0 0 0 0 0
# n_sel_ch_ind(k)
1
# yrs_sel_ch_ind(k)(1,n_sel_ch_ind(k))
 1
# sel_slp_in_ind(k,1)
2
# sel_inf_in_ind(k,1)
1.5
# logsel_slp_in_ind(k,1)
0.693147
# logsel_slp_in_indv(k)
0.693147
SURVEY1 ind sel opt 2  1 0 0 0 0 0 0 0 0 0 0 0 0 0 0 0 0 0 0 0 0 0 0 0 0 0 0 0 0 0
Phase indices Sel_Coffs:  -1
 Test: 1.23457e+008
# Fshry Selages:  11
# Srvy  Selages:  11
# Phase for age-spec fishery  -1
# Phase for logistic fishery  2
# Phase for dble logistic fishery  -1
# Phase for age-spec indices   -1
# Phase for logistic indices   2
# Phase for dble logistic ind  -1
# Curv_pen_fsh: 
 0
# Curv_pen_ind: 
 0
# styr_fut
31
# endyr_fut
35
# nyrs_fsh_age
 30
# nyrs_fsh_age
 30
# yrs_fsh_age
 1 2 3 4 5 6 7 8 9 10 11 12 13 14 15 16 17 18 19 20 21 22 23 24 25 26 27 28 29 30
# n_sample_fsh_age
 200 200 200 200 200 200 200 200 200 200 200 200 200 200 200 200 200 200 200 200 200 200 200 200 200 200 200 200 200 200
# oac_fsh
 0.065 0.13 0.11 0.165 0.09 0.06 0.125 0.055 0.03 0.015 0.035 0.12
 0.065 0.09 0.12 0.12 0.12 0.125 0.065 0.05 0.045 0.035 0.035 0.13
 0.095 0.12 0.18 0.105 0.105 0.095 0.065 0.025 0.025 0.035 0.03 0.12
 0.09 0.125 0.145 0.105 0.095 0.09 0.05 0.04 0.035 0.02 0.03 0.175
 0.055 0.16 0.125 0.15 0.1 0.065 0.065 0.085 0.035 0.035 0.015 0.11
 0.07 0.1 0.195 0.135 0.1 0.06 0.08 0.04 0.05 0.055 0.015 0.1
 0.04 0.16 0.13 0.14 0.09 0.06 0.08 0.055 0.045 0.015 0.04 0.145
 0.06 0.07 0.17 0.15 0.105 0.125 0.085 0.025 0.035 0.05 0.02 0.105
 0.06 0.075 0.125 0.185 0.16 0.135 0.065 0.03 0.03 0.045 0 0.09
 0.065 0.17 0.09 0.1 0.1 0.125 0.085 0.04 0.07 0.03 0.02 0.105
 0.085 0.115 0.135 0.095 0.09 0.11 0.105 0.08 0.04 0.025 0.02 0.1
 0.11 0.13 0.215 0.095 0.08 0.055 0.08 0.09 0.045 0.02 0.005 0.075
 0.135 0.14 0.115 0.125 0.135 0.065 0.04 0.04 0.05 0.035 0.015 0.105
 0.075 0.155 0.215 0.13 0.095 0.07 0.03 0.035 0.045 0.02 0.04 0.09
 0.105 0.145 0.18 0.12 0.11 0.11 0.065 0.025 0.035 0.04 0.01 0.055
 0.1 0.195 0.16 0.13 0.125 0.055 0.085 0.055 0.005 0.025 0.01 0.055
 0.07 0.165 0.21 0.125 0.13 0.095 0.05 0.055 0.025 0.01 0.02 0.045
 0.08 0.17 0.13 0.185 0.105 0.1 0.08 0.045 0.025 0.03 0.01 0.04
 0.075 0.13 0.205 0.115 0.105 0.105 0.1 0.035 0.025 0.015 0.015 0.075
 0.14 0.155 0.14 0.16 0.08 0.12 0.05 0.075 0.025 0.015 0.015 0.025
 0.07 0.23 0.215 0.095 0.125 0.045 0.065 0.06 0.02 0.01 0.03 0.035
 0.155 0.195 0.225 0.115 0.1 0.08 0.05 0.02 0.01 0.01 0.02 0.02
 0.11 0.26 0.225 0.165 0.065 0.045 0.045 0.035 0.02 0.01 0.01 0.01
 0.22 0.185 0.215 0.11 0.12 0.06 0.035 0.02 0.01 0.015 0.005 0.005
 0.16 0.23 0.22 0.135 0.07 0.085 0.02 0.005 0.025 0.02 0.005 0.025
 0.23 0.195 0.2 0.13 0.13 0.045 0.03 0.03 0 0.005 0 0.005
 0.105 0.285 0.255 0.145 0.075 0.055 0.02 0.02 0.01 0 0.005 0.025
 0.11 0.185 0.285 0.185 0.135 0.04 0.025 0.015 0.005 0.005 0 0.01
 0.175 0.21 0.185 0.14 0.15 0.06 0.025 0.03 0.005 0.005 0.005 0.01
 0.15 0.145 0.185 0.185 0.145 0.09 0.04 0.015 0.03 0.005 0 0.01
# olc_fsh

# wt_fsh
 0.000530656 0.00119633 0.00205827 0.00303499 0.00405521 0.0050647 0.00602623 0.00691692 0.00772489 0.00844611 0.00908185 0.0096367
 0.000530656 0.00119633 0.00205827 0.00303499 0.00405521 0.0050647 0.00602623 0.00691692 0.00772489 0.00844611 0.00908185 0.0096367
 0.000530656 0.00119633 0.00205827 0.00303499 0.00405521 0.0050647 0.00602623 0.00691692 0.00772489 0.00844611 0.00908185 0.0096367
 0.000530656 0.00119633 0.00205827 0.00303499 0.00405521 0.0050647 0.00602623 0.00691692 0.00772489 0.00844611 0.00908185 0.0096367
 0.000530656 0.00119633 0.00205827 0.00303499 0.00405521 0.0050647 0.00602623 0.00691692 0.00772489 0.00844611 0.00908185 0.0096367
 0.000530656 0.00119633 0.00205827 0.00303499 0.00405521 0.0050647 0.00602623 0.00691692 0.00772489 0.00844611 0.00908185 0.0096367
 0.000530656 0.00119633 0.00205827 0.00303499 0.00405521 0.0050647 0.00602623 0.00691692 0.00772489 0.00844611 0.00908185 0.0096367
 0.000530656 0.00119633 0.00205827 0.00303499 0.00405521 0.0050647 0.00602623 0.00691692 0.00772489 0.00844611 0.00908185 0.0096367
 0.000530656 0.00119633 0.00205827 0.00303499 0.00405521 0.0050647 0.00602623 0.00691692 0.00772489 0.00844611 0.00908185 0.0096367
 0.000530656 0.00119633 0.00205827 0.00303499 0.00405521 0.0050647 0.00602623 0.00691692 0.00772489 0.00844611 0.00908185 0.0096367
 0.000530656 0.00119633 0.00205827 0.00303499 0.00405521 0.0050647 0.00602623 0.00691692 0.00772489 0.00844611 0.00908185 0.0096367
 0.000530656 0.00119633 0.00205827 0.00303499 0.00405521 0.0050647 0.00602623 0.00691692 0.00772489 0.00844611 0.00908185 0.0096367
 0.000530656 0.00119633 0.00205827 0.00303499 0.00405521 0.0050647 0.00602623 0.00691692 0.00772489 0.00844611 0.00908185 0.0096367
 0.000530656 0.00119633 0.00205827 0.00303499 0.00405521 0.0050647 0.00602623 0.00691692 0.00772489 0.00844611 0.00908185 0.0096367
 0.000530656 0.00119633 0.00205827 0.00303499 0.00405521 0.0050647 0.00602623 0.00691692 0.00772489 0.00844611 0.00908185 0.0096367
 0.000530656 0.00119633 0.00205827 0.00303499 0.00405521 0.0050647 0.00602623 0.00691692 0.00772489 0.00844611 0.00908185 0.0096367
 0.000530656 0.00119633 0.00205827 0.00303499 0.00405521 0.0050647 0.00602623 0.00691692 0.00772489 0.00844611 0.00908185 0.0096367
 0.000530656 0.00119633 0.00205827 0.00303499 0.00405521 0.0050647 0.00602623 0.00691692 0.00772489 0.00844611 0.00908185 0.0096367
 0.000530656 0.00119633 0.00205827 0.00303499 0.00405521 0.0050647 0.00602623 0.00691692 0.00772489 0.00844611 0.00908185 0.0096367
 0.000530656 0.00119633 0.00205827 0.00303499 0.00405521 0.0050647 0.00602623 0.00691692 0.00772489 0.00844611 0.00908185 0.0096367
 0.000530656 0.00119633 0.00205827 0.00303499 0.00405521 0.0050647 0.00602623 0.00691692 0.00772489 0.00844611 0.00908185 0.0096367
 0.000530656 0.00119633 0.00205827 0.00303499 0.00405521 0.0050647 0.00602623 0.00691692 0.00772489 0.00844611 0.00908185 0.0096367
 0.000530656 0.00119633 0.00205827 0.00303499 0.00405521 0.0050647 0.00602623 0.00691692 0.00772489 0.00844611 0.00908185 0.0096367
 0.000530656 0.00119633 0.00205827 0.00303499 0.00405521 0.0050647 0.00602623 0.00691692 0.00772489 0.00844611 0.00908185 0.0096367
 0.000530656 0.00119633 0.00205827 0.00303499 0.00405521 0.0050647 0.00602623 0.00691692 0.00772489 0.00844611 0.00908185 0.0096367
 0.000530656 0.00119633 0.00205827 0.00303499 0.00405521 0.0050647 0.00602623 0.00691692 0.00772489 0.00844611 0.00908185 0.0096367
 0.000530656 0.00119633 0.00205827 0.00303499 0.00405521 0.0050647 0.00602623 0.00691692 0.00772489 0.00844611 0.00908185 0.0096367
 0.000530656 0.00119633 0.00205827 0.00303499 0.00405521 0.0050647 0.00602623 0.00691692 0.00772489 0.00844611 0.00908185 0.0096367
 0.000530656 0.00119633 0.00205827 0.00303499 0.00405521 0.0050647 0.00602623 0.00691692 0.00772489 0.00844611 0.00908185 0.0096367
 0.000530656 0.00119633 0.00205827 0.00303499 0.00405521 0.0050647 0.00602623 0.00691692 0.00772489 0.00844611 0.00908185 0.0096367
# nyrs_ind_age
 30
# yrs_ind_age
 1 2 3 4 5 6 7 8 9 10 11 12 13 14 15 16 17 18 19 20 21 22 23 24 25 26 27 28 29 30
# n_sample_ind_age
 200 200 200 200 200 200 200 200 200 200 200 200 200 200 200 200 200 200 200 200 200 200 200 200 200 200 200 200 200 200
# oac_ind
 0.07 0.145 0.105 0.105 0.09 0.105 0.04 0.055 0.075 0.05 0.045 0.115
 0.06 0.13 0.105 0.15 0.11 0.1 0.07 0.045 0.025 0.025 0.03 0.15
 0.085 0.115 0.155 0.125 0.095 0.085 0.07 0.04 0.04 0.035 0.02 0.135
 0.06 0.245 0.135 0.115 0.085 0.055 0.05 0.08 0.025 0.01 0.04 0.1
 0.03 0.185 0.21 0.085 0.065 0.095 0.055 0.035 0.055 0.04 0.015 0.13
 0.09 0.12 0.215 0.185 0.08 0.045 0.055 0.045 0.03 0.03 0.025 0.08
 0.035 0.2 0.15 0.155 0.125 0.09 0.04 0.03 0.035 0.03 0.035 0.075
 0.05 0.055 0.225 0.135 0.125 0.09 0.06 0.055 0.04 0.03 0.02 0.115
 0.095 0.13 0.105 0.16 0.115 0.115 0.08 0.055 0.04 0.01 0.035 0.06
 0.08 0.185 0.135 0.08 0.125 0.095 0.04 0.075 0.05 0.035 0.01 0.09
 0.09 0.14 0.21 0.11 0.08 0.05 0.05 0.11 0.025 0.035 0.015 0.085
 0.08 0.19 0.12 0.135 0.09 0.06 0.075 0.07 0.04 0.035 0.035 0.07
 0.075 0.18 0.21 0.115 0.13 0.04 0.045 0.04 0.035 0.04 0.015 0.075
 0.07 0.185 0.185 0.155 0.115 0.06 0.04 0.045 0.025 0.01 0.01 0.1
 0.12 0.16 0.155 0.155 0.095 0.065 0.07 0.025 0.04 0.025 0.01 0.08
 0.095 0.205 0.17 0.135 0.13 0.065 0.085 0.045 0.015 0.02 0 0.035
 0.04 0.205 0.215 0.12 0.095 0.1 0.07 0.035 0.05 0 0.025 0.045
 0.065 0.2 0.18 0.24 0.09 0.09 0.03 0.04 0.01 0.035 0 0.02
 0.065 0.18 0.22 0.12 0.13 0.09 0.075 0.025 0.025 0.02 0.015 0.035
 0.13 0.135 0.195 0.175 0.095 0.095 0.06 0.035 0.02 0.02 0.01 0.03
 0.115 0.235 0.165 0.125 0.075 0.06 0.095 0.045 0.025 0.025 0.01 0.025
 0.08 0.245 0.245 0.075 0.11 0.07 0.06 0.07 0.025 0.005 0.005 0.01
 0.095 0.24 0.225 0.15 0.105 0.06 0.07 0.01 0.02 0 0.005 0.02
 0.21 0.205 0.205 0.085 0.12 0.045 0.05 0.015 0.02 0.02 0.02 0.005
 0.125 0.295 0.18 0.18 0.085 0.06 0.035 0.005 0.01 0 0.015 0.01
 0.13 0.325 0.21 0.145 0.105 0.03 0.03 0 0.01 0.005 0.005 0.005
 0.155 0.24 0.215 0.22 0.045 0.03 0.035 0.025 0.01 0.005 0.005 0.015
 0.075 0.215 0.26 0.17 0.135 0.055 0.045 0.02 0.01 0.005 0 0.01
 0.165 0.2 0.24 0.175 0.12 0.045 0.01 0.025 0.01 0.005 0 0.005
 0.16 0.27 0.175 0.125 0.1 0.085 0.04 0.02 0.01 0 0.01 0.005
# olc_ind

# obs_lse_ind
 0.198042 0.198042 0.198042 0.198042 0.198042 0.198042 0.198042 0.198042 0.198042 0.198042 0.198042 0.198042 0.198042 0.198042 0.198042 0.198042 0.198042 0.198042 0.198042 0.198042 0.198042 0.198042 0.198042 0.198042 0.198042 0.198042 0.198042 0.198042 0.198042 0.198042
# xages_fsh
 0 0 0 0 0 0 0 0 0 0 0 0
# xages_fsh
 0 0.0909091 0.181818 0.272727 0.363636 0.454545 0.545455 0.636364 0.727273 0.818182 0.909091 1
# xnodes_fsh

Yrs fsh_sel change:  1 0 0 0 0 0 0 0 0 0 0 0 0 0 0 0 0 0 0 0 0 0 0 0 0 0 0 0 0
Yrs ind_sel change:  1 0 0 0 0 0 0 0 0 0 0 0 0 0 0 0 0 0 0 0 0 0 0 0 0 0 0 0 0
# steepnessprior
0.75
# sigmarprior
0.2
#  SSB estimated in styr endyr: -13 28 
#  Rec estimated in styr endyr: -11 30 
#  SR Curve fit  in styr endyr: 1 30 
#             Model styr endyr: 1 30 
# qprior
 3.48998e-007
# q_power_prior 
 1 
# cv_catchbiomass 
0.05 
# CatchbiomassPen 
200 
# Number of projection years 
5 
# offset_fsh
 13354
# offset_ind
 13138.9
Mean Catch
1267.89
R_guess 
15.4053
# nfsh
1
# n_sel_ch_fsh
 1
# nselages_fsh
 11
# phase_selcoff_fsh
 -1
logRzero 15.4053
logmeanrec 15.4053
exp(log_sigmarprior 0.2
Fish sel phase: -1 FLEET1
Fixing fishery sel to
1
Srvy sel phase: -1
Fixing SURVEY1 indices sel to
1
# logsel_slp_in_indv
 0.693147
Leaving parameter init secton
# M
 0.2 0.2 0.2 0.2 0.2 0.2 0.2 0.2 0.2 0.2 0.2 0.2
 0.2 0.2 0.2 0.2 0.2 0.2 0.2 0.2 0.2 0.2 0.2 0.2
 0.2 0.2 0.2 0.2 0.2 0.2 0.2 0.2 0.2 0.2 0.2 0.2
 0.2 0.2 0.2 0.2 0.2 0.2 0.2 0.2 0.2 0.2 0.2 0.2
 0.2 0.2 0.2 0.2 0.2 0.2 0.2 0.2 0.2 0.2 0.2 0.2
 0.2 0.2 0.2 0.2 0.2 0.2 0.2 0.2 0.2 0.2 0.2 0.2
 0.2 0.2 0.2 0.2 0.2 0.2 0.2 0.2 0.2 0.2 0.2 0.2
 0.2 0.2 0.2 0.2 0.2 0.2 0.2 0.2 0.2 0.2 0.2 0.2
 0.2 0.2 0.2 0.2 0.2 0.2 0.2 0.2 0.2 0.2 0.2 0.2
 0.2 0.2 0.2 0.2 0.2 0.2 0.2 0.2 0.2 0.2 0.2 0.2
 0.2 0.2 0.2 0.2 0.2 0.2 0.2 0.2 0.2 0.2 0.2 0.2
 0.2 0.2 0.2 0.2 0.2 0.2 0.2 0.2 0.2 0.2 0.2 0.2
 0.2 0.2 0.2 0.2 0.2 0.2 0.2 0.2 0.2 0.2 0.2 0.2
 0.2 0.2 0.2 0.2 0.2 0.2 0.2 0.2 0.2 0.2 0.2 0.2
 0.2 0.2 0.2 0.2 0.2 0.2 0.2 0.2 0.2 0.2 0.2 0.2
 0.2 0.2 0.2 0.2 0.2 0.2 0.2 0.2 0.2 0.2 0.2 0.2
 0.2 0.2 0.2 0.2 0.2 0.2 0.2 0.2 0.2 0.2 0.2 0.2
 0.2 0.2 0.2 0.2 0.2 0.2 0.2 0.2 0.2 0.2 0.2 0.2
 0.2 0.2 0.2 0.2 0.2 0.2 0.2 0.2 0.2 0.2 0.2 0.2
 0.2 0.2 0.2 0.2 0.2 0.2 0.2 0.2 0.2 0.2 0.2 0.2
 0.2 0.2 0.2 0.2 0.2 0.2 0.2 0.2 0.2 0.2 0.2 0.2
 0.2 0.2 0.2 0.2 0.2 0.2 0.2 0.2 0.2 0.2 0.2 0.2
 0.2 0.2 0.2 0.2 0.2 0.2 0.2 0.2 0.2 0.2 0.2 0.2
 0.2 0.2 0.2 0.2 0.2 0.2 0.2 0.2 0.2 0.2 0.2 0.2
 0.2 0.2 0.2 0.2 0.2 0.2 0.2 0.2 0.2 0.2 0.2 0.2
 0.2 0.2 0.2 0.2 0.2 0.2 0.2 0.2 0.2 0.2 0.2 0.2
 0.2 0.2 0.2 0.2 0.2 0.2 0.2 0.2 0.2 0.2 0.2 0.2
 0.2 0.2 0.2 0.2 0.2 0.2 0.2 0.2 0.2 0.2 0.2 0.2
 0.2 0.2 0.2 0.2 0.2 0.2 0.2 0.2 0.2 0.2 0.2 0.2
 0.2 0.2 0.2 0.2 0.2 0.2 0.2 0.2 0.2 0.2 0.2 0.2
# mean_log_rec
13.732
# log_Rzero
13.7999
# rec_dev
 -0.0619061 -0.0746522 0.0864227 -0.0264954 -0.0203901 -0.0254677 -0.127834 -0.0825836 0.137266 0.0690823 0.0241783 0.0451526 0.054511 0.139269 0.345677 0.40943 0.20922 0.289492 -0.218129 -0.284022 0.0922906 -0.0129041 -0.00829462 0.0597616 0.0633344 -0.0504701 0.202076 -0.158933 -0.101533 -0.355512 -0.400546 -0.0516412 -0.264714 -0.0820316 -0.277488 0.0483407 0.037267 0.0537634 -0.186691 -0.349964 -0.185192 -0.139975
# fmort
 0.0094073 0.0274736 0.045328 0.061649 0.0489972 0.0888998 0.0904338 0.191664 0.111652 0.137536 0.154692 0.166638 0.119914 0.170462 0.178915 0.160898 0.316816 0.255818 0.252516 0.253044 0.349325 0.257438 0.424951 0.350911 0.347642 0.317654 0.312624 0.439798 0.337831 0.517911
# rec_dev_future
 0 0 0 0 0
