AMAK;Mar 2020
# styr
1
# endyr
30
# rec_age
1
# oldest_age
12
# nlength
81
# len_bins
 10 11 12 13 14 15 16 17 18 19 20 21 22 23 24 25 26 27 28 29 30 31 32 33 34 35 36 37 38 39 40 41 42 43 44 45 46 47 48 49 50 51 52 53 54 55 56 57 58 59 60 61 62 63 64 65 66 67 68 69 70 71 72 73 74 75 76 77 78 79 80 81 82 83 84 85 86 87 88 89 90
# datafile_name
amak_data.dat
# model_name
AMAK_MCP
# styr
1
# endyr
30
# rec_age
1
# oldest_age
12
# nfsh
1
# fshname
FLEET1
# catch_bio_in
 161.943 463.378 753.497 998.238 769.693 1335.88 1269.02 2401.24 1257.71 1434.25 1500.66 1488.19 1025.49 1418.3 1405.56 1194.72 2106.86 1508.32 1380.16 1297.44 1693.47 1147.81 1740.39 1283.64 1187.48 1070.1 1082.62 1453.03 1035.63 1399.8
# catch_bio_sd_in
 0.01 0.01 0.01 0.01 0.01 0.01 0.01 0.01 0.01 0.01 0.01 0.01 0.01 0.01 0.01 0.01 0.01 0.01 0.01 0.01 0.01 0.01 0.01 0.01 0.01 0.01 0.01 0.01 0.01 0.01
# nyrs_fsh_age
 30
# nyrs_fsh_length
 0
# yrs_fsh_age_in
 1 2 3 4 5 6 7 8 9 10 11 12 13 14 15 16 17 18 19 20 21 22 23 24 25 26 27 28 29 30
# yrs_fsh_length_in

# n_sample_fsh_length_in

# olc_fsh_in

# nind
1
# indname
SURVEY1
# nyrs_ind
 30
# yrs_ind_in
 1 2 3 4 5 6 7 8 9 10 11 12 13 14 15 16 17 18 19 20 21 22 23 24 25 26 27 28 29 30
# mo_ind
 1
# obs_ind_in
 1.48004 1.52694 1.51429 1.5536 1.33384 1.36513 1.18545 1.25888 0.989867 1.11455 1.04605 1.05137 1.16542 1.00054 0.939835 0.865485 0.812578 0.931105 0.796036 0.695255 0.810808 0.660399 0.632608 0.634819 0.645716 0.641256 0.586901 0.533771 0.532419 0.506226
# obs_se_ind_in
 0.296008 0.305387 0.302857 0.31072 0.266767 0.273025 0.237089 0.251776 0.197973 0.22291 0.20921 0.210274 0.233085 0.200108 0.187967 0.173097 0.162516 0.186221 0.159207 0.139051 0.162162 0.13208 0.126522 0.126964 0.129143 0.128251 0.11738 0.106754 0.106484 0.101245
# nyrs_ind_age
 30
# nyrs_ind_length
 0
# yrs_ind_age_in
 1 2 3 4 5 6 7 8 9 10 11 12 13 14 15 16 17 18 19 20 21 22 23 24 25 26 27 28 29 30
# yrs_ind_length_in

# yrs_ind_age_in
 1 2 3 4 5 6 7 8 9 10 11 12 13 14 15 16 17 18 19 20 21 22 23 24 25 26 27 28 29 30
# n_sample_ind_length_in

# olc_ind_in

# oac_ind_in
 0.065 0.125 0.13 0.17 0.115 0.085 0.09 0.025 0.045 0.025 0.015 0.11
 0.085 0.13 0.15 0.095 0.105 0.085 0.06 0.055 0.065 0.035 0.04 0.095
 0.085 0.175 0.175 0.12 0.085 0.045 0.045 0.055 0.015 0.025 0.02 0.155
 0.065 0.18 0.16 0.08 0.105 0.09 0.065 0.05 0.025 0.045 0.005 0.13
 0.035 0.13 0.145 0.15 0.095 0.055 0.065 0.065 0.04 0.04 0.05 0.13
 0.035 0.145 0.13 0.145 0.135 0.035 0.045 0.08 0.05 0.025 0.03 0.145
 0.085 0.135 0.15 0.115 0.135 0.06 0.075 0.06 0.04 0.045 0.005 0.095
 0.045 0.165 0.095 0.095 0.07 0.135 0.095 0.05 0.045 0.035 0.03 0.14
 0.07 0.11 0.26 0.135 0.1 0.055 0.05 0.07 0.06 0.025 0.005 0.06
 0.1 0.14 0.145 0.155 0.075 0.06 0.05 0.04 0.045 0.04 0.035 0.115
 0.09 0.19 0.145 0.105 0.15 0.065 0.02 0.035 0.03 0.045 0.015 0.11
 0.07 0.125 0.225 0.11 0.075 0.13 0.035 0.06 0.03 0.03 0.03 0.08
 0.06 0.165 0.13 0.185 0.095 0.065 0.1 0.03 0.045 0.015 0.045 0.065
 0.12 0.235 0.23 0.13 0.1 0.05 0.015 0.05 0.03 0.005 0.005 0.03
 0.095 0.185 0.18 0.145 0.08 0.115 0.05 0.025 0.04 0.015 0.01 0.06
 0.115 0.2 0.155 0.145 0.09 0.08 0.075 0.025 0.015 0.035 0.02 0.045
 0.055 0.225 0.12 0.155 0.155 0.08 0.04 0.06 0.035 0.01 0.015 0.05
 0.095 0.165 0.17 0.105 0.105 0.065 0.08 0.055 0.05 0.03 0.015 0.065
 0.09 0.23 0.15 0.2 0.1 0.06 0.04 0.05 0.05 0.01 0.005 0.015
 0.155 0.23 0.25 0.055 0.09 0.08 0.06 0.015 0.015 0.025 0.005 0.02
 0.085 0.33 0.175 0.14 0.11 0.05 0.025 0.02 0.01 0.025 0.01 0.02
 0.085 0.165 0.34 0.12 0.13 0.05 0.035 0.03 0.015 0.02 0 0.01
 0.15 0.22 0.16 0.195 0.09 0.075 0.04 0.02 0.015 0.015 0 0.02
 0.135 0.22 0.18 0.12 0.135 0.08 0.05 0.03 0.025 0.005 0.005 0.015
 0.125 0.33 0.21 0.1 0.055 0.085 0.05 0.005 0.01 0.015 0.005 0.01
 0.125 0.27 0.265 0.14 0.08 0.02 0.045 0.025 0.005 0 0.01 0.015
 0.11 0.225 0.24 0.16 0.105 0.065 0.025 0.025 0.015 0 0.005 0.025
 0.085 0.215 0.235 0.235 0.1 0.04 0.03 0.03 0.015 0.005 0 0.01
 0.1 0.155 0.23 0.245 0.115 0.07 0.045 0.02 0.005 0.005 0.01 0
 0.1 0.24 0.175 0.135 0.19 0.085 0.03 0 0.015 0.015 0.005 0.01
# wt_ind
 1 1 1 1 1 1 1 1 1 1 1 1
 1 1 1 1 1 1 1 1 1 1 1 1
 1 1 1 1 1 1 1 1 1 1 1 1
 1 1 1 1 1 1 1 1 1 1 1 1
 1 1 1 1 1 1 1 1 1 1 1 1
 1 1 1 1 1 1 1 1 1 1 1 1
 1 1 1 1 1 1 1 1 1 1 1 1
 1 1 1 1 1 1 1 1 1 1 1 1
 1 1 1 1 1 1 1 1 1 1 1 1
 1 1 1 1 1 1 1 1 1 1 1 1
 1 1 1 1 1 1 1 1 1 1 1 1
 1 1 1 1 1 1 1 1 1 1 1 1
 1 1 1 1 1 1 1 1 1 1 1 1
 1 1 1 1 1 1 1 1 1 1 1 1
 1 1 1 1 1 1 1 1 1 1 1 1
 1 1 1 1 1 1 1 1 1 1 1 1
 1 1 1 1 1 1 1 1 1 1 1 1
 1 1 1 1 1 1 1 1 1 1 1 1
 1 1 1 1 1 1 1 1 1 1 1 1
 1 1 1 1 1 1 1 1 1 1 1 1
 1 1 1 1 1 1 1 1 1 1 1 1
 1 1 1 1 1 1 1 1 1 1 1 1
 1 1 1 1 1 1 1 1 1 1 1 1
 1 1 1 1 1 1 1 1 1 1 1 1
 1 1 1 1 1 1 1 1 1 1 1 1
 1 1 1 1 1 1 1 1 1 1 1 1
 1 1 1 1 1 1 1 1 1 1 1 1
 1 1 1 1 1 1 1 1 1 1 1 1
 1 1 1 1 1 1 1 1 1 1 1 1
 1 1 1 1 1 1 1 1 1 1 1 1
# wt_pop
 0.000530656 0.00119633 0.00205827 0.00303499 0.00405521 0.0050647 0.00602623 0.00691692 0.00772489 0.00844611 0.00908185 0.0096367
# maturity
 0.0229774 0.320821 0.904651 0.99478 0.999739 0.999987 0.999999 1 1 1 1 1
# spawnmo
1
# age_err
 1 0 0 0 0 0 0 0 0 0 0 0
 0 1 0 0 0 0 0 0 0 0 0 0
 0 0 1 0 0 0 0 0 0 0 0 0
 0 0 0 1 0 0 0 0 0 0 0 0
 0 0 0 0 1 0 0 0 0 0 0 0
 0 0 0 0 0 1 0 0 0 0 0 0
 0 0 0 0 0 0 1 0 0 0 0 0
 0 0 0 0 0 0 0 1 0 0 0 0
 0 0 0 0 0 0 0 0 1 0 0 0
 0 0 0 0 0 0 0 0 0 1 0 0
 0 0 0 0 0 0 0 0 0 0 1 0
 0 0 0 0 0 0 0 0 0 0 0 1
# cntrlfile_name
C:\Users\bai.li\DOCUME~1\Github\AGE_ST~1\ASSAMC\example\output\AMAK\s43\amak.dat
# Map shared selectivity: 
# sel_map
 1 2
 1 1
# datafile_name
amak_data.dat
# model_name
AMAK_MCP
# SrType
2
# use_age_err
0
# retro
0
# sigmarprior
0.2
# cvsigmarprior
0.25
# phase_sigmar
-3
# styr_rec_est
1
# endyr_rec_est
30
# Linfprior
80
# cvLinfprior
0.25
# kprior
0.18
# cvkprior
0.25
# Loprior
27.688
# cvLoprior
0.25
# sdageprior
0.1
# cvsdageprior
0.25
# natmortprior
0.2
# cvnatmortprior
0.25
# phase_M
-4
# npars_Mage
0
# ages_M_changes

# Mage_in

# Mage_offset_in

# phase_Mage
-5
# phase_rw_M
0
# npars_rw_M
0
# yrs_rw_M

# sigma_rw_M

# qprior
 3.48998e-007
# cvqprior
 1
# phase_q
 1
# q_power_prior
 1
# cvq_power_prior
 0.2
# phase_q_power
 -4
# phase_rw_q
 -1
# npars_rw_q
 0
# yrs_rw_q

# sigma_rw_q

# q_age_min
 1
# q_age_max
 12
# q_age_min
 1
# q_age_max
 12
# fsh_sel_opt(k)
2
# phase_sel_fsh(k)
2
# n_sel_ch_fsh(k)
1
# sel_slp_in_fsh(k)(1,n_sel_ch_fsh(k))
 1
# sel_inf_in_fsh(k)(1,n_sel_ch_fsh(k))
 2
# logsel_slp_in_fsh(k)(1,n_sel_ch_fsh(k))
 0
# yrs_sel_ch_fsh(k)(1,n_sel_ch_fsh(k))
 1

Survey SURVEY1
# ind_sel_opt(k)
2
# indname(k)
SURVEY1
# nselages_in_ind(k)
11
# phase_sel_ind(k)
2
# sel_change_in_ind(k)
 1 0 0 0 0 0 0 0 0 0 0 0 0 0 0 0 0 0 0 0 0 0 0 0 0 0 0 0 0 0
# n_sel_ch_ind(k)
1
# yrs_sel_ch_ind(k)(1,n_sel_ch_ind(k))
 1
# sel_slp_in_ind(k,1)
2
# sel_inf_in_ind(k,1)
1.5
# logsel_slp_in_ind(k,1)
0.693147
# logsel_slp_in_indv(k)
0.693147
SURVEY1 ind sel opt 2  1 0 0 0 0 0 0 0 0 0 0 0 0 0 0 0 0 0 0 0 0 0 0 0 0 0 0 0 0 0
Phase indices Sel_Coffs:  -1
 Test: 1.23457e+008
# Fshry Selages:  11
# Srvy  Selages:  11
# Phase for age-spec fishery  -1
# Phase for logistic fishery  2
# Phase for dble logistic fishery  -1
# Phase for age-spec indices   -1
# Phase for logistic indices   2
# Phase for dble logistic ind  -1
# Curv_pen_fsh: 
 0
# Curv_pen_ind: 
 0
# styr_fut
31
# endyr_fut
35
# nyrs_fsh_age
 30
# nyrs_fsh_age
 30
# yrs_fsh_age
 1 2 3 4 5 6 7 8 9 10 11 12 13 14 15 16 17 18 19 20 21 22 23 24 25 26 27 28 29 30
# n_sample_fsh_age
 200 200 200 200 200 200 200 200 200 200 200 200 200 200 200 200 200 200 200 200 200 200 200 200 200 200 200 200 200 200
# oac_fsh
 0.05 0.1 0.14 0.105 0.1 0.105 0.065 0.04 0.03 0.075 0.03 0.16
 0.06 0.14 0.125 0.15 0.1 0.08 0.015 0.05 0.04 0.05 0.04 0.15
 0.075 0.105 0.095 0.14 0.08 0.11 0.07 0.1 0.025 0.04 0.02 0.14
 0.1 0.075 0.165 0.13 0.09 0.07 0.08 0.04 0.055 0.02 0.055 0.12
 0.045 0.095 0.145 0.185 0.1 0.105 0.07 0.055 0.05 0.02 0.04 0.09
 0.06 0.115 0.15 0.17 0.115 0.04 0.055 0.07 0.055 0.03 0.015 0.125
 0.12 0.11 0.14 0.07 0.125 0.115 0.065 0.035 0.025 0.025 0.03 0.14
 0.035 0.24 0.14 0.085 0.065 0.095 0.08 0.05 0.02 0.02 0.055 0.115
 0.07 0.1 0.185 0.155 0.065 0.05 0.09 0.065 0.02 0.04 0.005 0.155
 0.08 0.11 0.1 0.185 0.085 0.085 0.045 0.065 0.065 0.04 0.03 0.11
 0.085 0.11 0.155 0.075 0.16 0.085 0.06 0.045 0.035 0.04 0.025 0.125
 0.09 0.14 0.19 0.14 0.06 0.15 0.03 0.02 0.05 0.045 0.01 0.075
 0.105 0.185 0.135 0.145 0.08 0.09 0.105 0.03 0.02 0.005 0.03 0.07
 0.105 0.11 0.165 0.135 0.125 0.055 0.05 0.06 0.04 0.05 0.005 0.1
 0.16 0.12 0.16 0.115 0.105 0.095 0.05 0.045 0.045 0.04 0.02 0.045
 0.15 0.17 0.135 0.19 0.105 0.075 0.05 0.015 0.025 0.02 0.02 0.045
 0.065 0.175 0.23 0.105 0.095 0.095 0.06 0.045 0.025 0.02 0.02 0.065
 0.16 0.12 0.165 0.165 0.08 0.085 0.055 0.03 0.03 0.015 0.01 0.085
 0.155 0.2 0.135 0.115 0.115 0.06 0.035 0.045 0.035 0.03 0.015 0.06
 0.15 0.16 0.25 0.115 0.12 0.05 0.03 0.04 0.04 0.01 0.015 0.02
 0.105 0.295 0.155 0.18 0.075 0.065 0.035 0.02 0.015 0.015 0.01 0.03
 0.155 0.13 0.31 0.115 0.095 0.05 0.035 0.05 0.01 0.025 0.005 0.02
 0.18 0.21 0.155 0.225 0.085 0.075 0.02 0.02 0.01 0 0 0.02
 0.155 0.165 0.2 0.125 0.155 0.085 0.055 0.025 0.005 0.015 0.005 0.01
 0.17 0.265 0.21 0.135 0.065 0.055 0.015 0.04 0.02 0 0.01 0.015
 0.14 0.245 0.185 0.145 0.11 0.035 0.045 0.04 0.025 0 0.015 0.015
 0.095 0.265 0.255 0.15 0.075 0.075 0.02 0.03 0.01 0.015 0.005 0.005
 0.095 0.175 0.31 0.14 0.08 0.07 0.04 0.02 0.03 0.02 0.005 0.015
 0.18 0.105 0.22 0.195 0.125 0.08 0.04 0.025 0.015 0.01 0 0.005
 0.15 0.165 0.22 0.135 0.13 0.1 0.05 0.04 0 0.005 0 0.005
# olc_fsh

# wt_fsh
 0.000530656 0.00119633 0.00205827 0.00303499 0.00405521 0.0050647 0.00602623 0.00691692 0.00772489 0.00844611 0.00908185 0.0096367
 0.000530656 0.00119633 0.00205827 0.00303499 0.00405521 0.0050647 0.00602623 0.00691692 0.00772489 0.00844611 0.00908185 0.0096367
 0.000530656 0.00119633 0.00205827 0.00303499 0.00405521 0.0050647 0.00602623 0.00691692 0.00772489 0.00844611 0.00908185 0.0096367
 0.000530656 0.00119633 0.00205827 0.00303499 0.00405521 0.0050647 0.00602623 0.00691692 0.00772489 0.00844611 0.00908185 0.0096367
 0.000530656 0.00119633 0.00205827 0.00303499 0.00405521 0.0050647 0.00602623 0.00691692 0.00772489 0.00844611 0.00908185 0.0096367
 0.000530656 0.00119633 0.00205827 0.00303499 0.00405521 0.0050647 0.00602623 0.00691692 0.00772489 0.00844611 0.00908185 0.0096367
 0.000530656 0.00119633 0.00205827 0.00303499 0.00405521 0.0050647 0.00602623 0.00691692 0.00772489 0.00844611 0.00908185 0.0096367
 0.000530656 0.00119633 0.00205827 0.00303499 0.00405521 0.0050647 0.00602623 0.00691692 0.00772489 0.00844611 0.00908185 0.0096367
 0.000530656 0.00119633 0.00205827 0.00303499 0.00405521 0.0050647 0.00602623 0.00691692 0.00772489 0.00844611 0.00908185 0.0096367
 0.000530656 0.00119633 0.00205827 0.00303499 0.00405521 0.0050647 0.00602623 0.00691692 0.00772489 0.00844611 0.00908185 0.0096367
 0.000530656 0.00119633 0.00205827 0.00303499 0.00405521 0.0050647 0.00602623 0.00691692 0.00772489 0.00844611 0.00908185 0.0096367
 0.000530656 0.00119633 0.00205827 0.00303499 0.00405521 0.0050647 0.00602623 0.00691692 0.00772489 0.00844611 0.00908185 0.0096367
 0.000530656 0.00119633 0.00205827 0.00303499 0.00405521 0.0050647 0.00602623 0.00691692 0.00772489 0.00844611 0.00908185 0.0096367
 0.000530656 0.00119633 0.00205827 0.00303499 0.00405521 0.0050647 0.00602623 0.00691692 0.00772489 0.00844611 0.00908185 0.0096367
 0.000530656 0.00119633 0.00205827 0.00303499 0.00405521 0.0050647 0.00602623 0.00691692 0.00772489 0.00844611 0.00908185 0.0096367
 0.000530656 0.00119633 0.00205827 0.00303499 0.00405521 0.0050647 0.00602623 0.00691692 0.00772489 0.00844611 0.00908185 0.0096367
 0.000530656 0.00119633 0.00205827 0.00303499 0.00405521 0.0050647 0.00602623 0.00691692 0.00772489 0.00844611 0.00908185 0.0096367
 0.000530656 0.00119633 0.00205827 0.00303499 0.00405521 0.0050647 0.00602623 0.00691692 0.00772489 0.00844611 0.00908185 0.0096367
 0.000530656 0.00119633 0.00205827 0.00303499 0.00405521 0.0050647 0.00602623 0.00691692 0.00772489 0.00844611 0.00908185 0.0096367
 0.000530656 0.00119633 0.00205827 0.00303499 0.00405521 0.0050647 0.00602623 0.00691692 0.00772489 0.00844611 0.00908185 0.0096367
 0.000530656 0.00119633 0.00205827 0.00303499 0.00405521 0.0050647 0.00602623 0.00691692 0.00772489 0.00844611 0.00908185 0.0096367
 0.000530656 0.00119633 0.00205827 0.00303499 0.00405521 0.0050647 0.00602623 0.00691692 0.00772489 0.00844611 0.00908185 0.0096367
 0.000530656 0.00119633 0.00205827 0.00303499 0.00405521 0.0050647 0.00602623 0.00691692 0.00772489 0.00844611 0.00908185 0.0096367
 0.000530656 0.00119633 0.00205827 0.00303499 0.00405521 0.0050647 0.00602623 0.00691692 0.00772489 0.00844611 0.00908185 0.0096367
 0.000530656 0.00119633 0.00205827 0.00303499 0.00405521 0.0050647 0.00602623 0.00691692 0.00772489 0.00844611 0.00908185 0.0096367
 0.000530656 0.00119633 0.00205827 0.00303499 0.00405521 0.0050647 0.00602623 0.00691692 0.00772489 0.00844611 0.00908185 0.0096367
 0.000530656 0.00119633 0.00205827 0.00303499 0.00405521 0.0050647 0.00602623 0.00691692 0.00772489 0.00844611 0.00908185 0.0096367
 0.000530656 0.00119633 0.00205827 0.00303499 0.00405521 0.0050647 0.00602623 0.00691692 0.00772489 0.00844611 0.00908185 0.0096367
 0.000530656 0.00119633 0.00205827 0.00303499 0.00405521 0.0050647 0.00602623 0.00691692 0.00772489 0.00844611 0.00908185 0.0096367
 0.000530656 0.00119633 0.00205827 0.00303499 0.00405521 0.0050647 0.00602623 0.00691692 0.00772489 0.00844611 0.00908185 0.0096367
# nyrs_ind_age
 30
# yrs_ind_age
 1 2 3 4 5 6 7 8 9 10 11 12 13 14 15 16 17 18 19 20 21 22 23 24 25 26 27 28 29 30
# n_sample_ind_age
 200 200 200 200 200 200 200 200 200 200 200 200 200 200 200 200 200 200 200 200 200 200 200 200 200 200 200 200 200 200
# oac_ind
 0.065 0.125 0.13 0.17 0.115 0.085 0.09 0.025 0.045 0.025 0.015 0.11
 0.085 0.13 0.15 0.095 0.105 0.085 0.06 0.055 0.065 0.035 0.04 0.095
 0.085 0.175 0.175 0.12 0.085 0.045 0.045 0.055 0.015 0.025 0.02 0.155
 0.065 0.18 0.16 0.08 0.105 0.09 0.065 0.05 0.025 0.045 0.005 0.13
 0.035 0.13 0.145 0.15 0.095 0.055 0.065 0.065 0.04 0.04 0.05 0.13
 0.035 0.145 0.13 0.145 0.135 0.035 0.045 0.08 0.05 0.025 0.03 0.145
 0.085 0.135 0.15 0.115 0.135 0.06 0.075 0.06 0.04 0.045 0.005 0.095
 0.045 0.165 0.095 0.095 0.07 0.135 0.095 0.05 0.045 0.035 0.03 0.14
 0.07 0.11 0.26 0.135 0.1 0.055 0.05 0.07 0.06 0.025 0.005 0.06
 0.1 0.14 0.145 0.155 0.075 0.06 0.05 0.04 0.045 0.04 0.035 0.115
 0.09 0.19 0.145 0.105 0.15 0.065 0.02 0.035 0.03 0.045 0.015 0.11
 0.07 0.125 0.225 0.11 0.075 0.13 0.035 0.06 0.03 0.03 0.03 0.08
 0.06 0.165 0.13 0.185 0.095 0.065 0.1 0.03 0.045 0.015 0.045 0.065
 0.12 0.235 0.23 0.13 0.1 0.05 0.015 0.05 0.03 0.005 0.005 0.03
 0.095 0.185 0.18 0.145 0.08 0.115 0.05 0.025 0.04 0.015 0.01 0.06
 0.115 0.2 0.155 0.145 0.09 0.08 0.075 0.025 0.015 0.035 0.02 0.045
 0.055 0.225 0.12 0.155 0.155 0.08 0.04 0.06 0.035 0.01 0.015 0.05
 0.095 0.165 0.17 0.105 0.105 0.065 0.08 0.055 0.05 0.03 0.015 0.065
 0.09 0.23 0.15 0.2 0.1 0.06 0.04 0.05 0.05 0.01 0.005 0.015
 0.155 0.23 0.25 0.055 0.09 0.08 0.06 0.015 0.015 0.025 0.005 0.02
 0.085 0.33 0.175 0.14 0.11 0.05 0.025 0.02 0.01 0.025 0.01 0.02
 0.085 0.165 0.34 0.12 0.13 0.05 0.035 0.03 0.015 0.02 0 0.01
 0.15 0.22 0.16 0.195 0.09 0.075 0.04 0.02 0.015 0.015 0 0.02
 0.135 0.22 0.18 0.12 0.135 0.08 0.05 0.03 0.025 0.005 0.005 0.015
 0.125 0.33 0.21 0.1 0.055 0.085 0.05 0.005 0.01 0.015 0.005 0.01
 0.125 0.27 0.265 0.14 0.08 0.02 0.045 0.025 0.005 0 0.01 0.015
 0.11 0.225 0.24 0.16 0.105 0.065 0.025 0.025 0.015 0 0.005 0.025
 0.085 0.215 0.235 0.235 0.1 0.04 0.03 0.03 0.015 0.005 0 0.01
 0.1 0.155 0.23 0.245 0.115 0.07 0.045 0.02 0.005 0.005 0.01 0
 0.1 0.24 0.175 0.135 0.19 0.085 0.03 0 0.015 0.015 0.005 0.01
# olc_ind

# obs_lse_ind
 0.198042 0.198042 0.198042 0.198042 0.198042 0.198042 0.198042 0.198042 0.198042 0.198042 0.198042 0.198042 0.198042 0.198042 0.198042 0.198042 0.198042 0.198042 0.198042 0.198042 0.198042 0.198042 0.198042 0.198042 0.198042 0.198042 0.198042 0.198042 0.198042 0.198042
# xages_fsh
 0 0 0 0 0 0 0 0 0 0 0 0
# xages_fsh
 0 0.0909091 0.181818 0.272727 0.363636 0.454545 0.545455 0.636364 0.727273 0.818182 0.909091 1
# xnodes_fsh

Yrs fsh_sel change:  1 0 0 0 0 0 0 0 0 0 0 0 0 0 0 0 0 0 0 0 0 0 0 0 0 0 0 0 0
Yrs ind_sel change:  1 0 0 0 0 0 0 0 0 0 0 0 0 0 0 0 0 0 0 0 0 0 0 0 0 0 0 0 0
# steepnessprior
0.75
# sigmarprior
0.2
#  SSB estimated in styr endyr: -13 28 
#  Rec estimated in styr endyr: -11 30 
#  SR Curve fit  in styr endyr: 1 30 
#             Model styr endyr: 1 30 
# qprior
 3.48998e-007
# q_power_prior 
 1 
# cv_catchbiomass 
0.05 
# CatchbiomassPen 
200 
# Number of projection years 
5 
# offset_fsh
 13341.4
# offset_ind
 13134.4
Mean Catch
1275.48
R_guess 
15.4112
# nfsh
1
# n_sel_ch_fsh
 1
# nselages_fsh
 11
# phase_selcoff_fsh
 -1
logRzero 15.4112
logmeanrec 15.4112
exp(log_sigmarprior 0.2
Fish sel phase: -1 FLEET1
Fixing fishery sel to
1
Srvy sel phase: -1
Fixing SURVEY1 indices sel to
1
# logsel_slp_in_indv
 0.693147
Leaving parameter init secton
# M
 0.2 0.2 0.2 0.2 0.2 0.2 0.2 0.2 0.2 0.2 0.2 0.2
 0.2 0.2 0.2 0.2 0.2 0.2 0.2 0.2 0.2 0.2 0.2 0.2
 0.2 0.2 0.2 0.2 0.2 0.2 0.2 0.2 0.2 0.2 0.2 0.2
 0.2 0.2 0.2 0.2 0.2 0.2 0.2 0.2 0.2 0.2 0.2 0.2
 0.2 0.2 0.2 0.2 0.2 0.2 0.2 0.2 0.2 0.2 0.2 0.2
 0.2 0.2 0.2 0.2 0.2 0.2 0.2 0.2 0.2 0.2 0.2 0.2
 0.2 0.2 0.2 0.2 0.2 0.2 0.2 0.2 0.2 0.2 0.2 0.2
 0.2 0.2 0.2 0.2 0.2 0.2 0.2 0.2 0.2 0.2 0.2 0.2
 0.2 0.2 0.2 0.2 0.2 0.2 0.2 0.2 0.2 0.2 0.2 0.2
 0.2 0.2 0.2 0.2 0.2 0.2 0.2 0.2 0.2 0.2 0.2 0.2
 0.2 0.2 0.2 0.2 0.2 0.2 0.2 0.2 0.2 0.2 0.2 0.2
 0.2 0.2 0.2 0.2 0.2 0.2 0.2 0.2 0.2 0.2 0.2 0.2
 0.2 0.2 0.2 0.2 0.2 0.2 0.2 0.2 0.2 0.2 0.2 0.2
 0.2 0.2 0.2 0.2 0.2 0.2 0.2 0.2 0.2 0.2 0.2 0.2
 0.2 0.2 0.2 0.2 0.2 0.2 0.2 0.2 0.2 0.2 0.2 0.2
 0.2 0.2 0.2 0.2 0.2 0.2 0.2 0.2 0.2 0.2 0.2 0.2
 0.2 0.2 0.2 0.2 0.2 0.2 0.2 0.2 0.2 0.2 0.2 0.2
 0.2 0.2 0.2 0.2 0.2 0.2 0.2 0.2 0.2 0.2 0.2 0.2
 0.2 0.2 0.2 0.2 0.2 0.2 0.2 0.2 0.2 0.2 0.2 0.2
 0.2 0.2 0.2 0.2 0.2 0.2 0.2 0.2 0.2 0.2 0.2 0.2
 0.2 0.2 0.2 0.2 0.2 0.2 0.2 0.2 0.2 0.2 0.2 0.2
 0.2 0.2 0.2 0.2 0.2 0.2 0.2 0.2 0.2 0.2 0.2 0.2
 0.2 0.2 0.2 0.2 0.2 0.2 0.2 0.2 0.2 0.2 0.2 0.2
 0.2 0.2 0.2 0.2 0.2 0.2 0.2 0.2 0.2 0.2 0.2 0.2
 0.2 0.2 0.2 0.2 0.2 0.2 0.2 0.2 0.2 0.2 0.2 0.2
 0.2 0.2 0.2 0.2 0.2 0.2 0.2 0.2 0.2 0.2 0.2 0.2
 0.2 0.2 0.2 0.2 0.2 0.2 0.2 0.2 0.2 0.2 0.2 0.2
 0.2 0.2 0.2 0.2 0.2 0.2 0.2 0.2 0.2 0.2 0.2 0.2
 0.2 0.2 0.2 0.2 0.2 0.2 0.2 0.2 0.2 0.2 0.2 0.2
 0.2 0.2 0.2 0.2 0.2 0.2 0.2 0.2 0.2 0.2 0.2 0.2
# mean_log_rec
13.8017
# log_Rzero
13.8082
# rec_dev
 -0.0145701 -0.0177365 -0.0931968 0.177879 -0.0717115 -0.0782512 0.00548403 -0.00791498 -0.0333557 0.115885 -0.000479861 0.0223589 -0.00464635 0.250003 0.206072 -0.132642 -0.111083 -0.100433 0.363469 -0.325721 -0.198862 0.0798371 -0.13873 -0.0233017 -0.0670225 -0.182583 -0.0595318 -0.0499265 -0.368824 0.0402851 -0.132933 0.267791 -0.375034 -0.166866 -0.124677 -0.0332135 0.00877813 0.0293165 -0.311593 -0.547783 -0.366504 -0.385792
# fmort
 0.00886668 0.0256712 0.0426917 0.0584447 0.0466052 0.0849387 0.0861372 0.180132 0.104424 0.127733 0.144996 0.155961 0.113448 0.16443 0.174362 0.156436 0.305536 0.250339 0.25018 0.247583 0.344582 0.24683 0.405527 0.333758 0.321117 0.286745 0.2812 0.391037 0.30109 0.454683
# rec_dev_future
 0 0 0 0 0
