AMAK;Mar 2020
# styr
1
# endyr
30
# rec_age
1
# oldest_age
12
# nlength
81
# len_bins
 10 11 12 13 14 15 16 17 18 19 20 21 22 23 24 25 26 27 28 29 30 31 32 33 34 35 36 37 38 39 40 41 42 43 44 45 46 47 48 49 50 51 52 53 54 55 56 57 58 59 60 61 62 63 64 65 66 67 68 69 70 71 72 73 74 75 76 77 78 79 80 81 82 83 84 85 86 87 88 89 90
# datafile_name
amak_data.dat
# model_name
AMAK_MCP
# styr
1
# endyr
30
# rec_age
1
# oldest_age
12
# nfsh
1
# fshname
FLEET1
# catch_bio_in
 160.301 459.405 744.923 960.377 748.966 1266.75 1218.64 2326.37 1229.36 1399.34 1469.11 1438.11 991.59 1361.9 1351.89 1140.25 2036.32 1473.01 1353.18 1233.13 1536.22 1010.48 1512.32 1104 1019.83 895.076 858.38 1175.29 833.427 1200.27
# catch_bio_sd_in
 0.01 0.01 0.01 0.01 0.01 0.01 0.01 0.01 0.01 0.01 0.01 0.01 0.01 0.01 0.01 0.01 0.01 0.01 0.01 0.01 0.01 0.01 0.01 0.01 0.01 0.01 0.01 0.01 0.01 0.01
# nyrs_fsh_age
 30
# nyrs_fsh_length
 0
# yrs_fsh_age_in
 1 2 3 4 5 6 7 8 9 10 11 12 13 14 15 16 17 18 19 20 21 22 23 24 25 26 27 28 29 30
# yrs_fsh_length_in

# n_sample_fsh_length_in

# olc_fsh_in

# nind
1
# indname
SURVEY1
# nyrs_ind
 30
# yrs_ind_in
 1 2 3 4 5 6 7 8 9 10 11 12 13 14 15 16 17 18 19 20 21 22 23 24 25 26 27 28 29 30
# mo_ind
 1
# obs_ind_in
 1.17422 1.49764 1.81746 1.78182 1.28787 1.258 1.50038 1.29042 1.36158 1.20675 1.00354 1.01423 1.07926 0.960984 1.08194 0.957482 0.957474 0.950465 0.789807 0.709019 0.778879 0.576062 0.661091 0.596228 0.53898 0.466214 0.570751 0.54625 0.561189 0.519679
# obs_se_ind_in
 0.234843 0.299528 0.363491 0.356365 0.257574 0.251599 0.300077 0.258083 0.272315 0.24135 0.200708 0.202846 0.215852 0.192197 0.216388 0.191496 0.191495 0.190093 0.157961 0.141804 0.155776 0.115212 0.132218 0.119246 0.107796 0.0932429 0.11415 0.10925 0.112238 0.103936
# nyrs_ind_age
 30
# nyrs_ind_length
 0
# yrs_ind_age_in
 1 2 3 4 5 6 7 8 9 10 11 12 13 14 15 16 17 18 19 20 21 22 23 24 25 26 27 28 29 30
# yrs_ind_length_in

# yrs_ind_age_in
 1 2 3 4 5 6 7 8 9 10 11 12 13 14 15 16 17 18 19 20 21 22 23 24 25 26 27 28 29 30
# n_sample_ind_length_in

# olc_ind_in

# oac_ind_in
 0.09 0.145 0.13 0.125 0.095 0.105 0.06 0.055 0.035 0.02 0.025 0.115
 0.09 0.155 0.12 0.105 0.125 0.045 0.095 0.055 0.025 0.02 0.025 0.14
 0.045 0.145 0.165 0.135 0.075 0.085 0.035 0.035 0.04 0.045 0.02 0.175
 0.075 0.115 0.17 0.13 0.1 0.095 0.06 0.06 0.04 0.035 0.015 0.105
 0.045 0.195 0.155 0.115 0.115 0.05 0.055 0.075 0.04 0.015 0.02 0.12
 0.09 0.175 0.155 0.075 0.105 0.085 0.08 0.025 0.03 0.045 0.015 0.12
 0.055 0.165 0.18 0.11 0.105 0.09 0.08 0.04 0.05 0.025 0.015 0.085
 0.065 0.19 0.135 0.135 0.095 0.085 0.055 0.04 0.045 0.045 0.02 0.09
 0.06 0.185 0.135 0.135 0.095 0.09 0.07 0.05 0.04 0 0.015 0.125
 0.06 0.135 0.18 0.12 0.105 0.125 0.06 0.04 0.03 0.015 0.01 0.12
 0.06 0.215 0.165 0.15 0.105 0.065 0.035 0.035 0.025 0.025 0.02 0.1
 0.065 0.24 0.14 0.125 0.115 0.1 0.025 0.04 0.055 0.015 0.01 0.07
 0.075 0.18 0.195 0.125 0.1 0.065 0.06 0.02 0.03 0.04 0.04 0.07
 0.09 0.175 0.17 0.18 0.1 0.04 0.055 0.02 0.035 0.03 0.035 0.07
 0.115 0.175 0.12 0.18 0.15 0.1 0.04 0.045 0.02 0.015 0.005 0.035
 0.105 0.21 0.14 0.165 0.065 0.09 0.05 0.02 0.05 0.015 0.015 0.075
 0.1 0.18 0.23 0.135 0.065 0.105 0.045 0.03 0.015 0.02 0.01 0.065
 0.105 0.21 0.21 0.19 0.065 0.065 0.045 0.05 0.035 0.01 0 0.015
 0.07 0.235 0.23 0.115 0.12 0.04 0.05 0.05 0.04 0 0.015 0.035
 0.085 0.18 0.19 0.19 0.135 0.08 0.045 0.03 0.02 0.015 0.005 0.025
 0.08 0.175 0.16 0.195 0.12 0.085 0.07 0.04 0.045 0.005 0.01 0.015
 0.095 0.325 0.16 0.13 0.145 0.06 0.015 0.03 0.01 0.01 0.015 0.005
 0.105 0.275 0.16 0.145 0.07 0.09 0.04 0.025 0.03 0.02 0.015 0.025
 0.13 0.175 0.275 0.18 0.07 0.03 0.045 0.065 0.015 0.01 0 0.005
 0.165 0.275 0.18 0.155 0.08 0.045 0.02 0.035 0.01 0.005 0.01 0.02
 0.1 0.255 0.235 0.125 0.095 0.085 0.04 0.02 0.025 0.005 0 0.015
 0.095 0.2 0.3 0.155 0.09 0.055 0.04 0.015 0.005 0.025 0.005 0.015
 0.14 0.25 0.215 0.205 0.075 0.035 0.025 0.025 0.01 0.005 0.01 0.005
 0.09 0.325 0.19 0.135 0.11 0.05 0.04 0.025 0.01 0.005 0.005 0.015
 0.15 0.205 0.265 0.155 0.09 0.075 0.025 0.015 0.01 0.005 0 0.005
# wt_ind
 1 1 1 1 1 1 1 1 1 1 1 1
 1 1 1 1 1 1 1 1 1 1 1 1
 1 1 1 1 1 1 1 1 1 1 1 1
 1 1 1 1 1 1 1 1 1 1 1 1
 1 1 1 1 1 1 1 1 1 1 1 1
 1 1 1 1 1 1 1 1 1 1 1 1
 1 1 1 1 1 1 1 1 1 1 1 1
 1 1 1 1 1 1 1 1 1 1 1 1
 1 1 1 1 1 1 1 1 1 1 1 1
 1 1 1 1 1 1 1 1 1 1 1 1
 1 1 1 1 1 1 1 1 1 1 1 1
 1 1 1 1 1 1 1 1 1 1 1 1
 1 1 1 1 1 1 1 1 1 1 1 1
 1 1 1 1 1 1 1 1 1 1 1 1
 1 1 1 1 1 1 1 1 1 1 1 1
 1 1 1 1 1 1 1 1 1 1 1 1
 1 1 1 1 1 1 1 1 1 1 1 1
 1 1 1 1 1 1 1 1 1 1 1 1
 1 1 1 1 1 1 1 1 1 1 1 1
 1 1 1 1 1 1 1 1 1 1 1 1
 1 1 1 1 1 1 1 1 1 1 1 1
 1 1 1 1 1 1 1 1 1 1 1 1
 1 1 1 1 1 1 1 1 1 1 1 1
 1 1 1 1 1 1 1 1 1 1 1 1
 1 1 1 1 1 1 1 1 1 1 1 1
 1 1 1 1 1 1 1 1 1 1 1 1
 1 1 1 1 1 1 1 1 1 1 1 1
 1 1 1 1 1 1 1 1 1 1 1 1
 1 1 1 1 1 1 1 1 1 1 1 1
 1 1 1 1 1 1 1 1 1 1 1 1
# wt_pop
 0.000530656 0.00119633 0.00205827 0.00303499 0.00405521 0.0050647 0.00602623 0.00691692 0.00772489 0.00844611 0.00908185 0.0096367
# maturity
 0.0229774 0.320821 0.904651 0.99478 0.999739 0.999987 0.999999 1 1 1 1 1
# spawnmo
1
# age_err
 1 0 0 0 0 0 0 0 0 0 0 0
 0 1 0 0 0 0 0 0 0 0 0 0
 0 0 1 0 0 0 0 0 0 0 0 0
 0 0 0 1 0 0 0 0 0 0 0 0
 0 0 0 0 1 0 0 0 0 0 0 0
 0 0 0 0 0 1 0 0 0 0 0 0
 0 0 0 0 0 0 1 0 0 0 0 0
 0 0 0 0 0 0 0 1 0 0 0 0
 0 0 0 0 0 0 0 0 1 0 0 0
 0 0 0 0 0 0 0 0 0 1 0 0
 0 0 0 0 0 0 0 0 0 0 1 0
 0 0 0 0 0 0 0 0 0 0 0 1
# cntrlfile_name
C:\Users\bai.li\DOCUME~1\Github\AGE_ST~1\ASSAMC\example\output\AMAK\s28\amak.dat
# Map shared selectivity: 
# sel_map
 1 2
 1 1
# datafile_name
amak_data.dat
# model_name
AMAK_MCP
# SrType
2
# use_age_err
0
# retro
0
# sigmarprior
0.2
# cvsigmarprior
0.25
# phase_sigmar
-3
# styr_rec_est
1
# endyr_rec_est
30
# Linfprior
80
# cvLinfprior
0.25
# kprior
0.18
# cvkprior
0.25
# Loprior
27.688
# cvLoprior
0.25
# sdageprior
0.1
# cvsdageprior
0.25
# natmortprior
0.2
# cvnatmortprior
0.25
# phase_M
-4
# npars_Mage
0
# ages_M_changes

# Mage_in

# Mage_offset_in

# phase_Mage
-5
# phase_rw_M
0
# npars_rw_M
0
# yrs_rw_M

# sigma_rw_M

# qprior
 3.48998e-007
# cvqprior
 1
# phase_q
 1
# q_power_prior
 1
# cvq_power_prior
 0.2
# phase_q_power
 -4
# phase_rw_q
 -1
# npars_rw_q
 0
# yrs_rw_q

# sigma_rw_q

# q_age_min
 1
# q_age_max
 12
# q_age_min
 1
# q_age_max
 12
# fsh_sel_opt(k)
2
# phase_sel_fsh(k)
2
# n_sel_ch_fsh(k)
1
# sel_slp_in_fsh(k)(1,n_sel_ch_fsh(k))
 1
# sel_inf_in_fsh(k)(1,n_sel_ch_fsh(k))
 2
# logsel_slp_in_fsh(k)(1,n_sel_ch_fsh(k))
 0
# yrs_sel_ch_fsh(k)(1,n_sel_ch_fsh(k))
 1

Survey SURVEY1
# ind_sel_opt(k)
2
# indname(k)
SURVEY1
# nselages_in_ind(k)
11
# phase_sel_ind(k)
2
# sel_change_in_ind(k)
 1 0 0 0 0 0 0 0 0 0 0 0 0 0 0 0 0 0 0 0 0 0 0 0 0 0 0 0 0 0
# n_sel_ch_ind(k)
1
# yrs_sel_ch_ind(k)(1,n_sel_ch_ind(k))
 1
# sel_slp_in_ind(k,1)
2
# sel_inf_in_ind(k,1)
1.5
# logsel_slp_in_ind(k,1)
0.693147
# logsel_slp_in_indv(k)
0.693147
SURVEY1 ind sel opt 2  1 0 0 0 0 0 0 0 0 0 0 0 0 0 0 0 0 0 0 0 0 0 0 0 0 0 0 0 0 0
Phase indices Sel_Coffs:  -1
 Test: 1.23457e+008
# Fshry Selages:  11
# Srvy  Selages:  11
# Phase for age-spec fishery  -1
# Phase for logistic fishery  2
# Phase for dble logistic fishery  -1
# Phase for age-spec indices   -1
# Phase for logistic indices   2
# Phase for dble logistic ind  -1
# Curv_pen_fsh: 
 0
# Curv_pen_ind: 
 0
# styr_fut
31
# endyr_fut
35
# nyrs_fsh_age
 30
# nyrs_fsh_age
 30
# yrs_fsh_age
 1 2 3 4 5 6 7 8 9 10 11 12 13 14 15 16 17 18 19 20 21 22 23 24 25 26 27 28 29 30
# n_sample_fsh_age
 200 200 200 200 200 200 200 200 200 200 200 200 200 200 200 200 200 200 200 200 200 200 200 200 200 200 200 200 200 200
# oac_fsh
 0.055 0.115 0.145 0.095 0.1 0.08 0.1 0.08 0.035 0.045 0.02 0.13
 0.075 0.1 0.18 0.12 0.075 0.08 0.045 0.085 0.05 0.015 0.045 0.13
 0.055 0.085 0.12 0.14 0.125 0.08 0.065 0.025 0.05 0.065 0.04 0.15
 0.04 0.095 0.16 0.155 0.105 0.07 0.08 0.055 0.055 0.025 0.05 0.11
 0.065 0.11 0.1 0.16 0.115 0.08 0.08 0.07 0.035 0.04 0.025 0.12
 0.06 0.105 0.13 0.085 0.115 0.09 0.055 0.05 0.09 0.055 0.06 0.105
 0.065 0.11 0.145 0.1 0.06 0.155 0.06 0.045 0.05 0.035 0.025 0.15
 0.085 0.13 0.135 0.115 0.115 0.07 0.13 0.03 0.045 0.035 0.02 0.09
 0.07 0.17 0.105 0.16 0.1 0.05 0.05 0.06 0.04 0.03 0.035 0.13
 0.09 0.14 0.15 0.135 0.115 0.095 0.075 0.02 0.035 0.015 0.04 0.09
 0.095 0.135 0.12 0.155 0.155 0.09 0.06 0.05 0.025 0.02 0.02 0.075
 0.09 0.185 0.14 0.115 0.105 0.06 0.075 0.045 0.04 0.02 0.025 0.1
 0.1 0.135 0.205 0.13 0.1 0.07 0.05 0.045 0.03 0.025 0.01 0.1
 0.07 0.15 0.175 0.11 0.13 0.05 0.08 0.06 0.045 0.04 0.015 0.075
 0.115 0.135 0.185 0.15 0.09 0.075 0.045 0.04 0.03 0.03 0.025 0.08
 0.115 0.185 0.15 0.155 0.135 0.06 0.045 0.03 0.015 0.01 0.01 0.09
 0.095 0.165 0.22 0.115 0.085 0.085 0.065 0.055 0.015 0.035 0.015 0.05
 0.125 0.205 0.125 0.16 0.075 0.065 0.075 0.055 0.055 0.015 0.005 0.04
 0.07 0.205 0.225 0.135 0.135 0.085 0.03 0.02 0.015 0.025 0.01 0.045
 0.09 0.07 0.205 0.23 0.115 0.08 0.045 0.045 0.025 0.015 0.02 0.06
 0.165 0.135 0.155 0.175 0.115 0.09 0.055 0.02 0.015 0.035 0.01 0.03
 0.135 0.265 0.15 0.115 0.09 0.085 0.04 0.015 0.03 0.015 0.03 0.03
 0.125 0.175 0.22 0.115 0.085 0.09 0.065 0.03 0.03 0.01 0.02 0.035
 0.16 0.165 0.22 0.17 0.065 0.045 0.035 0.075 0.015 0.02 0 0.03
 0.16 0.19 0.165 0.115 0.14 0.065 0.04 0.04 0.04 0.01 0.02 0.015
 0.14 0.24 0.125 0.165 0.14 0.075 0.03 0.025 0.01 0.015 0.02 0.015
 0.2 0.18 0.235 0.15 0.07 0.075 0.015 0.02 0.01 0.005 0.02 0.02
 0.165 0.24 0.17 0.225 0.085 0.02 0.035 0.035 0.01 0.005 0 0.01
 0.125 0.27 0.18 0.145 0.12 0.03 0.05 0.03 0.01 0.025 0.01 0.005
 0.235 0.15 0.24 0.15 0.065 0.065 0.025 0.035 0.015 0.01 0 0.01
# olc_fsh

# wt_fsh
 0.000530656 0.00119633 0.00205827 0.00303499 0.00405521 0.0050647 0.00602623 0.00691692 0.00772489 0.00844611 0.00908185 0.0096367
 0.000530656 0.00119633 0.00205827 0.00303499 0.00405521 0.0050647 0.00602623 0.00691692 0.00772489 0.00844611 0.00908185 0.0096367
 0.000530656 0.00119633 0.00205827 0.00303499 0.00405521 0.0050647 0.00602623 0.00691692 0.00772489 0.00844611 0.00908185 0.0096367
 0.000530656 0.00119633 0.00205827 0.00303499 0.00405521 0.0050647 0.00602623 0.00691692 0.00772489 0.00844611 0.00908185 0.0096367
 0.000530656 0.00119633 0.00205827 0.00303499 0.00405521 0.0050647 0.00602623 0.00691692 0.00772489 0.00844611 0.00908185 0.0096367
 0.000530656 0.00119633 0.00205827 0.00303499 0.00405521 0.0050647 0.00602623 0.00691692 0.00772489 0.00844611 0.00908185 0.0096367
 0.000530656 0.00119633 0.00205827 0.00303499 0.00405521 0.0050647 0.00602623 0.00691692 0.00772489 0.00844611 0.00908185 0.0096367
 0.000530656 0.00119633 0.00205827 0.00303499 0.00405521 0.0050647 0.00602623 0.00691692 0.00772489 0.00844611 0.00908185 0.0096367
 0.000530656 0.00119633 0.00205827 0.00303499 0.00405521 0.0050647 0.00602623 0.00691692 0.00772489 0.00844611 0.00908185 0.0096367
 0.000530656 0.00119633 0.00205827 0.00303499 0.00405521 0.0050647 0.00602623 0.00691692 0.00772489 0.00844611 0.00908185 0.0096367
 0.000530656 0.00119633 0.00205827 0.00303499 0.00405521 0.0050647 0.00602623 0.00691692 0.00772489 0.00844611 0.00908185 0.0096367
 0.000530656 0.00119633 0.00205827 0.00303499 0.00405521 0.0050647 0.00602623 0.00691692 0.00772489 0.00844611 0.00908185 0.0096367
 0.000530656 0.00119633 0.00205827 0.00303499 0.00405521 0.0050647 0.00602623 0.00691692 0.00772489 0.00844611 0.00908185 0.0096367
 0.000530656 0.00119633 0.00205827 0.00303499 0.00405521 0.0050647 0.00602623 0.00691692 0.00772489 0.00844611 0.00908185 0.0096367
 0.000530656 0.00119633 0.00205827 0.00303499 0.00405521 0.0050647 0.00602623 0.00691692 0.00772489 0.00844611 0.00908185 0.0096367
 0.000530656 0.00119633 0.00205827 0.00303499 0.00405521 0.0050647 0.00602623 0.00691692 0.00772489 0.00844611 0.00908185 0.0096367
 0.000530656 0.00119633 0.00205827 0.00303499 0.00405521 0.0050647 0.00602623 0.00691692 0.00772489 0.00844611 0.00908185 0.0096367
 0.000530656 0.00119633 0.00205827 0.00303499 0.00405521 0.0050647 0.00602623 0.00691692 0.00772489 0.00844611 0.00908185 0.0096367
 0.000530656 0.00119633 0.00205827 0.00303499 0.00405521 0.0050647 0.00602623 0.00691692 0.00772489 0.00844611 0.00908185 0.0096367
 0.000530656 0.00119633 0.00205827 0.00303499 0.00405521 0.0050647 0.00602623 0.00691692 0.00772489 0.00844611 0.00908185 0.0096367
 0.000530656 0.00119633 0.00205827 0.00303499 0.00405521 0.0050647 0.00602623 0.00691692 0.00772489 0.00844611 0.00908185 0.0096367
 0.000530656 0.00119633 0.00205827 0.00303499 0.00405521 0.0050647 0.00602623 0.00691692 0.00772489 0.00844611 0.00908185 0.0096367
 0.000530656 0.00119633 0.00205827 0.00303499 0.00405521 0.0050647 0.00602623 0.00691692 0.00772489 0.00844611 0.00908185 0.0096367
 0.000530656 0.00119633 0.00205827 0.00303499 0.00405521 0.0050647 0.00602623 0.00691692 0.00772489 0.00844611 0.00908185 0.0096367
 0.000530656 0.00119633 0.00205827 0.00303499 0.00405521 0.0050647 0.00602623 0.00691692 0.00772489 0.00844611 0.00908185 0.0096367
 0.000530656 0.00119633 0.00205827 0.00303499 0.00405521 0.0050647 0.00602623 0.00691692 0.00772489 0.00844611 0.00908185 0.0096367
 0.000530656 0.00119633 0.00205827 0.00303499 0.00405521 0.0050647 0.00602623 0.00691692 0.00772489 0.00844611 0.00908185 0.0096367
 0.000530656 0.00119633 0.00205827 0.00303499 0.00405521 0.0050647 0.00602623 0.00691692 0.00772489 0.00844611 0.00908185 0.0096367
 0.000530656 0.00119633 0.00205827 0.00303499 0.00405521 0.0050647 0.00602623 0.00691692 0.00772489 0.00844611 0.00908185 0.0096367
 0.000530656 0.00119633 0.00205827 0.00303499 0.00405521 0.0050647 0.00602623 0.00691692 0.00772489 0.00844611 0.00908185 0.0096367
# nyrs_ind_age
 30
# yrs_ind_age
 1 2 3 4 5 6 7 8 9 10 11 12 13 14 15 16 17 18 19 20 21 22 23 24 25 26 27 28 29 30
# n_sample_ind_age
 200 200 200 200 200 200 200 200 200 200 200 200 200 200 200 200 200 200 200 200 200 200 200 200 200 200 200 200 200 200
# oac_ind
 0.09 0.145 0.13 0.125 0.095 0.105 0.06 0.055 0.035 0.02 0.025 0.115
 0.09 0.155 0.12 0.105 0.125 0.045 0.095 0.055 0.025 0.02 0.025 0.14
 0.045 0.145 0.165 0.135 0.075 0.085 0.035 0.035 0.04 0.045 0.02 0.175
 0.075 0.115 0.17 0.13 0.1 0.095 0.06 0.06 0.04 0.035 0.015 0.105
 0.045 0.195 0.155 0.115 0.115 0.05 0.055 0.075 0.04 0.015 0.02 0.12
 0.09 0.175 0.155 0.075 0.105 0.085 0.08 0.025 0.03 0.045 0.015 0.12
 0.055 0.165 0.18 0.11 0.105 0.09 0.08 0.04 0.05 0.025 0.015 0.085
 0.065 0.19 0.135 0.135 0.095 0.085 0.055 0.04 0.045 0.045 0.02 0.09
 0.06 0.185 0.135 0.135 0.095 0.09 0.07 0.05 0.04 0 0.015 0.125
 0.06 0.135 0.18 0.12 0.105 0.125 0.06 0.04 0.03 0.015 0.01 0.12
 0.06 0.215 0.165 0.15 0.105 0.065 0.035 0.035 0.025 0.025 0.02 0.1
 0.065 0.24 0.14 0.125 0.115 0.1 0.025 0.04 0.055 0.015 0.01 0.07
 0.075 0.18 0.195 0.125 0.1 0.065 0.06 0.02 0.03 0.04 0.04 0.07
 0.09 0.175 0.17 0.18 0.1 0.04 0.055 0.02 0.035 0.03 0.035 0.07
 0.115 0.175 0.12 0.18 0.15 0.1 0.04 0.045 0.02 0.015 0.005 0.035
 0.105 0.21 0.14 0.165 0.065 0.09 0.05 0.02 0.05 0.015 0.015 0.075
 0.1 0.18 0.23 0.135 0.065 0.105 0.045 0.03 0.015 0.02 0.01 0.065
 0.105 0.21 0.21 0.19 0.065 0.065 0.045 0.05 0.035 0.01 0 0.015
 0.07 0.235 0.23 0.115 0.12 0.04 0.05 0.05 0.04 0 0.015 0.035
 0.085 0.18 0.19 0.19 0.135 0.08 0.045 0.03 0.02 0.015 0.005 0.025
 0.08 0.175 0.16 0.195 0.12 0.085 0.07 0.04 0.045 0.005 0.01 0.015
 0.095 0.325 0.16 0.13 0.145 0.06 0.015 0.03 0.01 0.01 0.015 0.005
 0.105 0.275 0.16 0.145 0.07 0.09 0.04 0.025 0.03 0.02 0.015 0.025
 0.13 0.175 0.275 0.18 0.07 0.03 0.045 0.065 0.015 0.01 0 0.005
 0.165 0.275 0.18 0.155 0.08 0.045 0.02 0.035 0.01 0.005 0.01 0.02
 0.1 0.255 0.235 0.125 0.095 0.085 0.04 0.02 0.025 0.005 0 0.015
 0.095 0.2 0.3 0.155 0.09 0.055 0.04 0.015 0.005 0.025 0.005 0.015
 0.14 0.25 0.215 0.205 0.075 0.035 0.025 0.025 0.01 0.005 0.01 0.005
 0.09 0.325 0.19 0.135 0.11 0.05 0.04 0.025 0.01 0.005 0.005 0.015
 0.15 0.205 0.265 0.155 0.09 0.075 0.025 0.015 0.01 0.005 0 0.005
# olc_ind

# obs_lse_ind
 0.198042 0.198042 0.198042 0.198042 0.198042 0.198042 0.198042 0.198042 0.198042 0.198042 0.198042 0.198042 0.198042 0.198042 0.198042 0.198042 0.198042 0.198042 0.198042 0.198042 0.198042 0.198042 0.198042 0.198042 0.198042 0.198042 0.198042 0.198042 0.198042 0.198042
# xages_fsh
 0 0 0 0 0 0 0 0 0 0 0 0
# xages_fsh
 0 0.0909091 0.181818 0.272727 0.363636 0.454545 0.545455 0.636364 0.727273 0.818182 0.909091 1
# xnodes_fsh

Yrs fsh_sel change:  1 0 0 0 0 0 0 0 0 0 0 0 0 0 0 0 0 0 0 0 0 0 0 0 0 0 0 0 0
Yrs ind_sel change:  1 0 0 0 0 0 0 0 0 0 0 0 0 0 0 0 0 0 0 0 0 0 0 0 0 0 0 0 0
# steepnessprior
0.75
# sigmarprior
0.2
#  SSB estimated in styr endyr: -13 28 
#  Rec estimated in styr endyr: -11 30 
#  SR Curve fit  in styr endyr: 1 30 
#             Model styr endyr: 1 30 
# qprior
 3.48998e-007
# q_power_prior 
 1 
# cv_catchbiomass 
0.05 
# CatchbiomassPen 
200 
# Number of projection years 
5 
# offset_fsh
 13529.2
# offset_ind
 13108.8
Mean Catch
1183.61
R_guess 
15.3365
# nfsh
1
# n_sel_ch_fsh
 1
# nselages_fsh
 11
# phase_selcoff_fsh
 -1
logRzero 15.3365
logmeanrec 15.3365
exp(log_sigmarprior 0.2
Fish sel phase: -1 FLEET1
Fixing fishery sel to
1
Srvy sel phase: -1
Fixing SURVEY1 indices sel to
1
# logsel_slp_in_indv
 0.693147
Leaving parameter init secton
# M
 0.2 0.2 0.2 0.2 0.2 0.2 0.2 0.2 0.2 0.2 0.2 0.2
 0.2 0.2 0.2 0.2 0.2 0.2 0.2 0.2 0.2 0.2 0.2 0.2
 0.2 0.2 0.2 0.2 0.2 0.2 0.2 0.2 0.2 0.2 0.2 0.2
 0.2 0.2 0.2 0.2 0.2 0.2 0.2 0.2 0.2 0.2 0.2 0.2
 0.2 0.2 0.2 0.2 0.2 0.2 0.2 0.2 0.2 0.2 0.2 0.2
 0.2 0.2 0.2 0.2 0.2 0.2 0.2 0.2 0.2 0.2 0.2 0.2
 0.2 0.2 0.2 0.2 0.2 0.2 0.2 0.2 0.2 0.2 0.2 0.2
 0.2 0.2 0.2 0.2 0.2 0.2 0.2 0.2 0.2 0.2 0.2 0.2
 0.2 0.2 0.2 0.2 0.2 0.2 0.2 0.2 0.2 0.2 0.2 0.2
 0.2 0.2 0.2 0.2 0.2 0.2 0.2 0.2 0.2 0.2 0.2 0.2
 0.2 0.2 0.2 0.2 0.2 0.2 0.2 0.2 0.2 0.2 0.2 0.2
 0.2 0.2 0.2 0.2 0.2 0.2 0.2 0.2 0.2 0.2 0.2 0.2
 0.2 0.2 0.2 0.2 0.2 0.2 0.2 0.2 0.2 0.2 0.2 0.2
 0.2 0.2 0.2 0.2 0.2 0.2 0.2 0.2 0.2 0.2 0.2 0.2
 0.2 0.2 0.2 0.2 0.2 0.2 0.2 0.2 0.2 0.2 0.2 0.2
 0.2 0.2 0.2 0.2 0.2 0.2 0.2 0.2 0.2 0.2 0.2 0.2
 0.2 0.2 0.2 0.2 0.2 0.2 0.2 0.2 0.2 0.2 0.2 0.2
 0.2 0.2 0.2 0.2 0.2 0.2 0.2 0.2 0.2 0.2 0.2 0.2
 0.2 0.2 0.2 0.2 0.2 0.2 0.2 0.2 0.2 0.2 0.2 0.2
 0.2 0.2 0.2 0.2 0.2 0.2 0.2 0.2 0.2 0.2 0.2 0.2
 0.2 0.2 0.2 0.2 0.2 0.2 0.2 0.2 0.2 0.2 0.2 0.2
 0.2 0.2 0.2 0.2 0.2 0.2 0.2 0.2 0.2 0.2 0.2 0.2
 0.2 0.2 0.2 0.2 0.2 0.2 0.2 0.2 0.2 0.2 0.2 0.2
 0.2 0.2 0.2 0.2 0.2 0.2 0.2 0.2 0.2 0.2 0.2 0.2
 0.2 0.2 0.2 0.2 0.2 0.2 0.2 0.2 0.2 0.2 0.2 0.2
 0.2 0.2 0.2 0.2 0.2 0.2 0.2 0.2 0.2 0.2 0.2 0.2
 0.2 0.2 0.2 0.2 0.2 0.2 0.2 0.2 0.2 0.2 0.2 0.2
 0.2 0.2 0.2 0.2 0.2 0.2 0.2 0.2 0.2 0.2 0.2 0.2
 0.2 0.2 0.2 0.2 0.2 0.2 0.2 0.2 0.2 0.2 0.2 0.2
 0.2 0.2 0.2 0.2 0.2 0.2 0.2 0.2 0.2 0.2 0.2 0.2
# mean_log_rec
13.7648
# log_Rzero
13.7355
# rec_dev
 -0.0121066 -0.0147812 -0.0691378 0.00996073 -0.207188 0.0974395 0.0468939 -0.0134718 -0.0626629 0.0639291 0.0308256 0.0500077 0.081463 0.180824 -0.138218 0.0554868 0.0631855 0.0215803 -0.0299528 0.0446232 -0.222906 -0.0550883 0.0430223 -0.0273495 -0.126335 -0.227671 0.0941877 -0.1111 0.0667889 -0.0494256 -0.503404 -0.448522 -0.131911 -0.229626 -0.453892 -0.389843 -0.147302 -0.460174 -0.332868 -0.167876 -0.577086 -0.108516
# fmort
 0.0092782 0.026822 0.0445135 0.0595737 0.0482665 0.0855703 0.087534 0.184631 0.108368 0.132404 0.150842 0.160028 0.115996 0.166421 0.176189 0.156124 0.304407 0.246382 0.242819 0.237203 0.330277 0.240398 0.398812 0.331166 0.329866 0.301296 0.290917 0.4165 0.30962 0.468867
# rec_dev_future
 0 0 0 0 0
