AMAK;Mar 2020
# styr
1
# endyr
30
# rec_age
1
# oldest_age
12
# nlength
81
# len_bins
 10 11 12 13 14 15 16 17 18 19 20 21 22 23 24 25 26 27 28 29 30 31 32 33 34 35 36 37 38 39 40 41 42 43 44 45 46 47 48 49 50 51 52 53 54 55 56 57 58 59 60 61 62 63 64 65 66 67 68 69 70 71 72 73 74 75 76 77 78 79 80 81 82 83 84 85 86 87 88 89 90
# datafile_name
amak_data.dat
# model_name
AMAK_MCP
# styr
1
# endyr
30
# rec_age
1
# oldest_age
12
# nfsh
1
# fshname
FLEET1
# catch_bio_in
 160.56 464.974 746.491 985.436 748.398 1287.75 1236.08 2405.59 1290.47 1518.29 1623.98 1628.68 1101.45 1532.21 1504.12 1288.68 2230.19 1583.78 1397.62 1272.21 1567.54 1051.79 1602.24 1187.4 1139.78 1010.74 975.559 1312.18 965.493 1413.9
# catch_bio_sd_in
 0.01 0.01 0.01 0.01 0.01 0.01 0.01 0.01 0.01 0.01 0.01 0.01 0.01 0.01 0.01 0.01 0.01 0.01 0.01 0.01 0.01 0.01 0.01 0.01 0.01 0.01 0.01 0.01 0.01 0.01
# nyrs_fsh_age
 30
# nyrs_fsh_length
 0
# yrs_fsh_age_in
 1 2 3 4 5 6 7 8 9 10 11 12 13 14 15 16 17 18 19 20 21 22 23 24 25 26 27 28 29 30
# yrs_fsh_length_in

# n_sample_fsh_length_in

# olc_fsh_in

# nind
1
# indname
SURVEY1
# nyrs_ind
 30
# yrs_ind_in
 1 2 3 4 5 6 7 8 9 10 11 12 13 14 15 16 17 18 19 20 21 22 23 24 25 26 27 28 29 30
# mo_ind
 1
# obs_ind_in
 1.66659 1.43365 1.41684 1.4861 1.43946 1.5507 1.38106 1.27221 1.37591 1.50911 1.33335 1.04081 1.05146 1.0355 0.930232 0.992725 0.911157 0.789095 0.742177 0.675298 0.599898 0.585263 0.803341 0.705942 0.610793 0.680313 0.586177 0.560767 0.564657 0.499449
# obs_se_ind_in
 0.333319 0.286731 0.283367 0.297219 0.287893 0.310139 0.276213 0.254442 0.275182 0.301821 0.266669 0.208163 0.210293 0.2071 0.186046 0.198545 0.182231 0.157819 0.148435 0.13506 0.11998 0.117053 0.160668 0.141188 0.122159 0.136063 0.117235 0.112153 0.112931 0.0998898
# nyrs_ind_age
 30
# nyrs_ind_length
 0
# yrs_ind_age_in
 1 2 3 4 5 6 7 8 9 10 11 12 13 14 15 16 17 18 19 20 21 22 23 24 25 26 27 28 29 30
# yrs_ind_length_in

# yrs_ind_age_in
 1 2 3 4 5 6 7 8 9 10 11 12 13 14 15 16 17 18 19 20 21 22 23 24 25 26 27 28 29 30
# n_sample_ind_length_in

# olc_ind_in

# oac_ind_in
 0.05 0.19 0.095 0.1 0.135 0.1 0.06 0.05 0.025 0.015 0.02 0.16
 0.04 0.17 0.145 0.135 0.085 0.065 0.095 0.05 0.05 0.015 0.03 0.12
 0.075 0.165 0.175 0.12 0.065 0.075 0.055 0.075 0.035 0.025 0.03 0.105
 0.075 0.15 0.17 0.165 0.11 0.04 0.085 0.06 0.02 0.02 0.015 0.09
 0.02 0.14 0.14 0.15 0.08 0.075 0.07 0.05 0.035 0.07 0.02 0.15
 0.06 0.1 0.16 0.13 0.12 0.105 0.055 0.03 0.05 0.03 0.025 0.135
 0.045 0.19 0.12 0.165 0.105 0.07 0.05 0.05 0.035 0.045 0.02 0.105
 0.11 0.185 0.17 0.09 0.09 0.115 0.04 0.035 0.03 0.01 0.03 0.095
 0.095 0.2 0.16 0.125 0.08 0.07 0.07 0.04 0.025 0.005 0.025 0.105
 0.06 0.2 0.23 0.12 0.13 0.04 0.035 0.055 0.01 0.025 0.02 0.075
 0.065 0.145 0.2 0.17 0.105 0.07 0.05 0.025 0.065 0.02 0.005 0.08
 0.115 0.14 0.135 0.18 0.13 0.04 0.075 0.02 0.015 0.025 0.025 0.1
 0.09 0.19 0.155 0.115 0.115 0.11 0.045 0.065 0.03 0.025 0.02 0.04
 0.105 0.15 0.175 0.15 0.065 0.07 0.065 0.05 0.065 0.025 0.015 0.065
 0.095 0.195 0.16 0.14 0.085 0.075 0.08 0.06 0.03 0.03 0.005 0.045
 0.09 0.19 0.21 0.1 0.1 0.09 0.05 0.04 0.03 0.025 0.025 0.05
 0.1 0.185 0.205 0.105 0.11 0.105 0.03 0.035 0.005 0.025 0.02 0.075
 0.1 0.19 0.19 0.165 0.105 0.085 0.055 0.025 0.025 0.01 0.02 0.03
 0.06 0.28 0.18 0.15 0.115 0.065 0.02 0.025 0.03 0.02 0.01 0.045
 0.135 0.145 0.23 0.15 0.11 0.085 0.04 0.025 0.03 0.025 0.015 0.01
 0.105 0.24 0.15 0.18 0.055 0.1 0.05 0.035 0.025 0.03 0 0.03
 0.19 0.2 0.27 0.12 0.085 0.035 0.03 0.015 0.015 0.02 0.005 0.015
 0.135 0.225 0.18 0.155 0.08 0.115 0.015 0.025 0.025 0.02 0.005 0.02
 0.135 0.22 0.24 0.195 0.1 0.02 0.03 0.005 0.015 0.015 0.005 0.02
 0.11 0.24 0.205 0.145 0.09 0.095 0.035 0.025 0.015 0 0 0.04
 0.135 0.275 0.235 0.145 0.07 0.055 0.04 0 0.02 0.01 0.005 0.01
 0.155 0.215 0.25 0.135 0.11 0.065 0.02 0.01 0.02 0.01 0.01 0
 0.125 0.26 0.195 0.19 0.13 0.035 0.03 0.02 0.01 0 0 0.005
 0.15 0.31 0.205 0.15 0.085 0.055 0.025 0.01 0 0.005 0 0.005
 0.065 0.325 0.24 0.16 0.075 0.05 0.035 0.01 0.03 0.005 0.005 0
# wt_ind
 1 1 1 1 1 1 1 1 1 1 1 1
 1 1 1 1 1 1 1 1 1 1 1 1
 1 1 1 1 1 1 1 1 1 1 1 1
 1 1 1 1 1 1 1 1 1 1 1 1
 1 1 1 1 1 1 1 1 1 1 1 1
 1 1 1 1 1 1 1 1 1 1 1 1
 1 1 1 1 1 1 1 1 1 1 1 1
 1 1 1 1 1 1 1 1 1 1 1 1
 1 1 1 1 1 1 1 1 1 1 1 1
 1 1 1 1 1 1 1 1 1 1 1 1
 1 1 1 1 1 1 1 1 1 1 1 1
 1 1 1 1 1 1 1 1 1 1 1 1
 1 1 1 1 1 1 1 1 1 1 1 1
 1 1 1 1 1 1 1 1 1 1 1 1
 1 1 1 1 1 1 1 1 1 1 1 1
 1 1 1 1 1 1 1 1 1 1 1 1
 1 1 1 1 1 1 1 1 1 1 1 1
 1 1 1 1 1 1 1 1 1 1 1 1
 1 1 1 1 1 1 1 1 1 1 1 1
 1 1 1 1 1 1 1 1 1 1 1 1
 1 1 1 1 1 1 1 1 1 1 1 1
 1 1 1 1 1 1 1 1 1 1 1 1
 1 1 1 1 1 1 1 1 1 1 1 1
 1 1 1 1 1 1 1 1 1 1 1 1
 1 1 1 1 1 1 1 1 1 1 1 1
 1 1 1 1 1 1 1 1 1 1 1 1
 1 1 1 1 1 1 1 1 1 1 1 1
 1 1 1 1 1 1 1 1 1 1 1 1
 1 1 1 1 1 1 1 1 1 1 1 1
 1 1 1 1 1 1 1 1 1 1 1 1
# wt_pop
 0.000530656 0.00119633 0.00205827 0.00303499 0.00405521 0.0050647 0.00602623 0.00691692 0.00772489 0.00844611 0.00908185 0.0096367
# maturity
 0.0229774 0.320821 0.904651 0.99478 0.999739 0.999987 0.999999 1 1 1 1 1
# spawnmo
1
# age_err
 1 0 0 0 0 0 0 0 0 0 0 0
 0 1 0 0 0 0 0 0 0 0 0 0
 0 0 1 0 0 0 0 0 0 0 0 0
 0 0 0 1 0 0 0 0 0 0 0 0
 0 0 0 0 1 0 0 0 0 0 0 0
 0 0 0 0 0 1 0 0 0 0 0 0
 0 0 0 0 0 0 1 0 0 0 0 0
 0 0 0 0 0 0 0 1 0 0 0 0
 0 0 0 0 0 0 0 0 1 0 0 0
 0 0 0 0 0 0 0 0 0 1 0 0
 0 0 0 0 0 0 0 0 0 0 1 0
 0 0 0 0 0 0 0 0 0 0 0 1
# cntrlfile_name
C:\Users\bai.li\DOCUME~1\Github\AGE_ST~1\ASSAMC\example\output\AMAK\s98\amak.dat
# Map shared selectivity: 
# sel_map
 1 2
 1 1
# datafile_name
amak_data.dat
# model_name
AMAK_MCP
# SrType
2
# use_age_err
0
# retro
0
# sigmarprior
0.2
# cvsigmarprior
0.25
# phase_sigmar
-3
# styr_rec_est
1
# endyr_rec_est
30
# Linfprior
80
# cvLinfprior
0.25
# kprior
0.18
# cvkprior
0.25
# Loprior
27.688
# cvLoprior
0.25
# sdageprior
0.1
# cvsdageprior
0.25
# natmortprior
0.2
# cvnatmortprior
0.25
# phase_M
-4
# npars_Mage
0
# ages_M_changes

# Mage_in

# Mage_offset_in

# phase_Mage
-5
# phase_rw_M
0
# npars_rw_M
0
# yrs_rw_M

# sigma_rw_M

# qprior
 3.48998e-007
# cvqprior
 1
# phase_q
 1
# q_power_prior
 1
# cvq_power_prior
 0.2
# phase_q_power
 -4
# phase_rw_q
 -1
# npars_rw_q
 0
# yrs_rw_q

# sigma_rw_q

# q_age_min
 1
# q_age_max
 12
# q_age_min
 1
# q_age_max
 12
# fsh_sel_opt(k)
2
# phase_sel_fsh(k)
2
# n_sel_ch_fsh(k)
1
# sel_slp_in_fsh(k)(1,n_sel_ch_fsh(k))
 1
# sel_inf_in_fsh(k)(1,n_sel_ch_fsh(k))
 2
# logsel_slp_in_fsh(k)(1,n_sel_ch_fsh(k))
 0
# yrs_sel_ch_fsh(k)(1,n_sel_ch_fsh(k))
 1

Survey SURVEY1
# ind_sel_opt(k)
2
# indname(k)
SURVEY1
# nselages_in_ind(k)
11
# phase_sel_ind(k)
2
# sel_change_in_ind(k)
 1 0 0 0 0 0 0 0 0 0 0 0 0 0 0 0 0 0 0 0 0 0 0 0 0 0 0 0 0 0
# n_sel_ch_ind(k)
1
# yrs_sel_ch_ind(k)(1,n_sel_ch_ind(k))
 1
# sel_slp_in_ind(k,1)
2
# sel_inf_in_ind(k,1)
1.5
# logsel_slp_in_ind(k,1)
0.693147
# logsel_slp_in_indv(k)
0.693147
SURVEY1 ind sel opt 2  1 0 0 0 0 0 0 0 0 0 0 0 0 0 0 0 0 0 0 0 0 0 0 0 0 0 0 0 0 0
Phase indices Sel_Coffs:  -1
 Test: 1.23457e+008
# Fshry Selages:  11
# Srvy  Selages:  11
# Phase for age-spec fishery  -1
# Phase for logistic fishery  2
# Phase for dble logistic fishery  -1
# Phase for age-spec indices   -1
# Phase for logistic indices   2
# Phase for dble logistic ind  -1
# Curv_pen_fsh: 
 0
# Curv_pen_ind: 
 0
# styr_fut
31
# endyr_fut
35
# nyrs_fsh_age
 30
# nyrs_fsh_age
 30
# yrs_fsh_age
 1 2 3 4 5 6 7 8 9 10 11 12 13 14 15 16 17 18 19 20 21 22 23 24 25 26 27 28 29 30
# n_sample_fsh_age
 200 200 200 200 200 200 200 200 200 200 200 200 200 200 200 200 200 200 200 200 200 200 200 200 200 200 200 200 200 200
# oac_fsh
 0.025 0.145 0.07 0.12 0.13 0.1 0.095 0.095 0.04 0.045 0.02 0.115
 0.085 0.095 0.16 0.14 0.07 0.07 0.065 0.065 0.055 0.06 0.03 0.105
 0.055 0.13 0.115 0.145 0.1 0.09 0.04 0.035 0.055 0.02 0.025 0.19
 0.06 0.09 0.155 0.115 0.1 0.095 0.065 0.055 0.07 0.055 0.015 0.125
 0.055 0.1 0.11 0.15 0.08 0.13 0.045 0.06 0.05 0.045 0.025 0.15
 0.065 0.11 0.155 0.14 0.115 0.11 0.055 0.07 0.005 0.035 0.03 0.11
 0.065 0.145 0.055 0.145 0.13 0.105 0.08 0.055 0.05 0.035 0.03 0.105
 0.12 0.095 0.14 0.16 0.125 0.06 0.065 0.045 0.055 0.025 0.035 0.075
 0.09 0.155 0.155 0.16 0.065 0.05 0.07 0.035 0.065 0.01 0.025 0.12
 0.08 0.15 0.205 0.14 0.14 0.05 0.06 0.045 0.01 0.03 0.01 0.08
 0.1 0.12 0.175 0.21 0.06 0.095 0.04 0.045 0.025 0.025 0.02 0.085
 0.1 0.105 0.1 0.19 0.205 0.065 0.085 0.005 0.045 0.03 0.005 0.065
 0.1 0.18 0.115 0.075 0.15 0.115 0.045 0.06 0.055 0.02 0.02 0.065
 0.075 0.13 0.22 0.14 0.085 0.085 0.095 0.04 0.03 0.025 0.02 0.055
 0.135 0.115 0.13 0.155 0.09 0.08 0.08 0.075 0.03 0.04 0.02 0.05
 0.145 0.195 0.175 0.115 0.085 0.08 0.045 0.03 0.035 0.005 0.02 0.07
 0.08 0.15 0.205 0.13 0.12 0.085 0.06 0.045 0.04 0.025 0.005 0.055
 0.11 0.24 0.145 0.145 0.095 0.085 0.03 0.06 0.015 0.025 0.015 0.035
 0.08 0.17 0.165 0.15 0.115 0.095 0.055 0.045 0.03 0.035 0.015 0.045
 0.155 0.11 0.185 0.155 0.11 0.115 0.065 0.045 0.005 0.02 0.005 0.03
 0.13 0.26 0.105 0.155 0.09 0.12 0.055 0.02 0.01 0.02 0.005 0.03
 0.16 0.23 0.21 0.1 0.095 0.045 0.035 0.045 0.035 0.015 0 0.03
 0.2 0.19 0.2 0.125 0.065 0.06 0.05 0.06 0.01 0.01 0.005 0.025
 0.2 0.215 0.165 0.14 0.115 0.055 0.02 0.035 0.025 0.01 0 0.02
 0.215 0.185 0.23 0.135 0.085 0.065 0.02 0.02 0.02 0.005 0.01 0.01
 0.1 0.21 0.19 0.185 0.1 0.08 0.07 0.005 0.02 0.02 0.01 0.01
 0.165 0.145 0.225 0.17 0.135 0.075 0.04 0.02 0.005 0.015 0 0.005
 0.175 0.305 0.15 0.13 0.095 0.055 0.05 0.015 0.02 0.005 0 0
 0.19 0.25 0.255 0.095 0.1 0.03 0.01 0.03 0.015 0.01 0 0.015
 0.13 0.245 0.245 0.195 0.05 0.035 0.03 0.015 0.02 0.025 0.005 0.005
# olc_fsh

# wt_fsh
 0.000530656 0.00119633 0.00205827 0.00303499 0.00405521 0.0050647 0.00602623 0.00691692 0.00772489 0.00844611 0.00908185 0.0096367
 0.000530656 0.00119633 0.00205827 0.00303499 0.00405521 0.0050647 0.00602623 0.00691692 0.00772489 0.00844611 0.00908185 0.0096367
 0.000530656 0.00119633 0.00205827 0.00303499 0.00405521 0.0050647 0.00602623 0.00691692 0.00772489 0.00844611 0.00908185 0.0096367
 0.000530656 0.00119633 0.00205827 0.00303499 0.00405521 0.0050647 0.00602623 0.00691692 0.00772489 0.00844611 0.00908185 0.0096367
 0.000530656 0.00119633 0.00205827 0.00303499 0.00405521 0.0050647 0.00602623 0.00691692 0.00772489 0.00844611 0.00908185 0.0096367
 0.000530656 0.00119633 0.00205827 0.00303499 0.00405521 0.0050647 0.00602623 0.00691692 0.00772489 0.00844611 0.00908185 0.0096367
 0.000530656 0.00119633 0.00205827 0.00303499 0.00405521 0.0050647 0.00602623 0.00691692 0.00772489 0.00844611 0.00908185 0.0096367
 0.000530656 0.00119633 0.00205827 0.00303499 0.00405521 0.0050647 0.00602623 0.00691692 0.00772489 0.00844611 0.00908185 0.0096367
 0.000530656 0.00119633 0.00205827 0.00303499 0.00405521 0.0050647 0.00602623 0.00691692 0.00772489 0.00844611 0.00908185 0.0096367
 0.000530656 0.00119633 0.00205827 0.00303499 0.00405521 0.0050647 0.00602623 0.00691692 0.00772489 0.00844611 0.00908185 0.0096367
 0.000530656 0.00119633 0.00205827 0.00303499 0.00405521 0.0050647 0.00602623 0.00691692 0.00772489 0.00844611 0.00908185 0.0096367
 0.000530656 0.00119633 0.00205827 0.00303499 0.00405521 0.0050647 0.00602623 0.00691692 0.00772489 0.00844611 0.00908185 0.0096367
 0.000530656 0.00119633 0.00205827 0.00303499 0.00405521 0.0050647 0.00602623 0.00691692 0.00772489 0.00844611 0.00908185 0.0096367
 0.000530656 0.00119633 0.00205827 0.00303499 0.00405521 0.0050647 0.00602623 0.00691692 0.00772489 0.00844611 0.00908185 0.0096367
 0.000530656 0.00119633 0.00205827 0.00303499 0.00405521 0.0050647 0.00602623 0.00691692 0.00772489 0.00844611 0.00908185 0.0096367
 0.000530656 0.00119633 0.00205827 0.00303499 0.00405521 0.0050647 0.00602623 0.00691692 0.00772489 0.00844611 0.00908185 0.0096367
 0.000530656 0.00119633 0.00205827 0.00303499 0.00405521 0.0050647 0.00602623 0.00691692 0.00772489 0.00844611 0.00908185 0.0096367
 0.000530656 0.00119633 0.00205827 0.00303499 0.00405521 0.0050647 0.00602623 0.00691692 0.00772489 0.00844611 0.00908185 0.0096367
 0.000530656 0.00119633 0.00205827 0.00303499 0.00405521 0.0050647 0.00602623 0.00691692 0.00772489 0.00844611 0.00908185 0.0096367
 0.000530656 0.00119633 0.00205827 0.00303499 0.00405521 0.0050647 0.00602623 0.00691692 0.00772489 0.00844611 0.00908185 0.0096367
 0.000530656 0.00119633 0.00205827 0.00303499 0.00405521 0.0050647 0.00602623 0.00691692 0.00772489 0.00844611 0.00908185 0.0096367
 0.000530656 0.00119633 0.00205827 0.00303499 0.00405521 0.0050647 0.00602623 0.00691692 0.00772489 0.00844611 0.00908185 0.0096367
 0.000530656 0.00119633 0.00205827 0.00303499 0.00405521 0.0050647 0.00602623 0.00691692 0.00772489 0.00844611 0.00908185 0.0096367
 0.000530656 0.00119633 0.00205827 0.00303499 0.00405521 0.0050647 0.00602623 0.00691692 0.00772489 0.00844611 0.00908185 0.0096367
 0.000530656 0.00119633 0.00205827 0.00303499 0.00405521 0.0050647 0.00602623 0.00691692 0.00772489 0.00844611 0.00908185 0.0096367
 0.000530656 0.00119633 0.00205827 0.00303499 0.00405521 0.0050647 0.00602623 0.00691692 0.00772489 0.00844611 0.00908185 0.0096367
 0.000530656 0.00119633 0.00205827 0.00303499 0.00405521 0.0050647 0.00602623 0.00691692 0.00772489 0.00844611 0.00908185 0.0096367
 0.000530656 0.00119633 0.00205827 0.00303499 0.00405521 0.0050647 0.00602623 0.00691692 0.00772489 0.00844611 0.00908185 0.0096367
 0.000530656 0.00119633 0.00205827 0.00303499 0.00405521 0.0050647 0.00602623 0.00691692 0.00772489 0.00844611 0.00908185 0.0096367
 0.000530656 0.00119633 0.00205827 0.00303499 0.00405521 0.0050647 0.00602623 0.00691692 0.00772489 0.00844611 0.00908185 0.0096367
# nyrs_ind_age
 30
# yrs_ind_age
 1 2 3 4 5 6 7 8 9 10 11 12 13 14 15 16 17 18 19 20 21 22 23 24 25 26 27 28 29 30
# n_sample_ind_age
 200 200 200 200 200 200 200 200 200 200 200 200 200 200 200 200 200 200 200 200 200 200 200 200 200 200 200 200 200 200
# oac_ind
 0.05 0.19 0.095 0.1 0.135 0.1 0.06 0.05 0.025 0.015 0.02 0.16
 0.04 0.17 0.145 0.135 0.085 0.065 0.095 0.05 0.05 0.015 0.03 0.12
 0.075 0.165 0.175 0.12 0.065 0.075 0.055 0.075 0.035 0.025 0.03 0.105
 0.075 0.15 0.17 0.165 0.11 0.04 0.085 0.06 0.02 0.02 0.015 0.09
 0.02 0.14 0.14 0.15 0.08 0.075 0.07 0.05 0.035 0.07 0.02 0.15
 0.06 0.1 0.16 0.13 0.12 0.105 0.055 0.03 0.05 0.03 0.025 0.135
 0.045 0.19 0.12 0.165 0.105 0.07 0.05 0.05 0.035 0.045 0.02 0.105
 0.11 0.185 0.17 0.09 0.09 0.115 0.04 0.035 0.03 0.01 0.03 0.095
 0.095 0.2 0.16 0.125 0.08 0.07 0.07 0.04 0.025 0.005 0.025 0.105
 0.06 0.2 0.23 0.12 0.13 0.04 0.035 0.055 0.01 0.025 0.02 0.075
 0.065 0.145 0.2 0.17 0.105 0.07 0.05 0.025 0.065 0.02 0.005 0.08
 0.115 0.14 0.135 0.18 0.13 0.04 0.075 0.02 0.015 0.025 0.025 0.1
 0.09 0.19 0.155 0.115 0.115 0.11 0.045 0.065 0.03 0.025 0.02 0.04
 0.105 0.15 0.175 0.15 0.065 0.07 0.065 0.05 0.065 0.025 0.015 0.065
 0.095 0.195 0.16 0.14 0.085 0.075 0.08 0.06 0.03 0.03 0.005 0.045
 0.09 0.19 0.21 0.1 0.1 0.09 0.05 0.04 0.03 0.025 0.025 0.05
 0.1 0.185 0.205 0.105 0.11 0.105 0.03 0.035 0.005 0.025 0.02 0.075
 0.1 0.19 0.19 0.165 0.105 0.085 0.055 0.025 0.025 0.01 0.02 0.03
 0.06 0.28 0.18 0.15 0.115 0.065 0.02 0.025 0.03 0.02 0.01 0.045
 0.135 0.145 0.23 0.15 0.11 0.085 0.04 0.025 0.03 0.025 0.015 0.01
 0.105 0.24 0.15 0.18 0.055 0.1 0.05 0.035 0.025 0.03 0 0.03
 0.19 0.2 0.27 0.12 0.085 0.035 0.03 0.015 0.015 0.02 0.005 0.015
 0.135 0.225 0.18 0.155 0.08 0.115 0.015 0.025 0.025 0.02 0.005 0.02
 0.135 0.22 0.24 0.195 0.1 0.02 0.03 0.005 0.015 0.015 0.005 0.02
 0.11 0.24 0.205 0.145 0.09 0.095 0.035 0.025 0.015 0 0 0.04
 0.135 0.275 0.235 0.145 0.07 0.055 0.04 0 0.02 0.01 0.005 0.01
 0.155 0.215 0.25 0.135 0.11 0.065 0.02 0.01 0.02 0.01 0.01 0
 0.125 0.26 0.195 0.19 0.13 0.035 0.03 0.02 0.01 0 0 0.005
 0.15 0.31 0.205 0.15 0.085 0.055 0.025 0.01 0 0.005 0 0.005
 0.065 0.325 0.24 0.16 0.075 0.05 0.035 0.01 0.03 0.005 0.005 0
# olc_ind

# obs_lse_ind
 0.198042 0.198042 0.198042 0.198042 0.198042 0.198042 0.198042 0.198042 0.198042 0.198042 0.198042 0.198042 0.198042 0.198042 0.198042 0.198042 0.198042 0.198042 0.198042 0.198042 0.198042 0.198042 0.198042 0.198042 0.198042 0.198042 0.198042 0.198042 0.198042 0.198042
# xages_fsh
 0 0 0 0 0 0 0 0 0 0 0 0
# xages_fsh
 0 0.0909091 0.181818 0.272727 0.363636 0.454545 0.545455 0.636364 0.727273 0.818182 0.909091 1
# xnodes_fsh

Yrs fsh_sel change:  1 0 0 0 0 0 0 0 0 0 0 0 0 0 0 0 0 0 0 0 0 0 0 0 0 0 0 0 0
Yrs ind_sel change:  1 0 0 0 0 0 0 0 0 0 0 0 0 0 0 0 0 0 0 0 0 0 0 0 0 0 0 0 0
# steepnessprior
0.75
# sigmarprior
0.2
#  SSB estimated in styr endyr: -13 28 
#  Rec estimated in styr endyr: -11 30 
#  SR Curve fit  in styr endyr: 1 30 
#             Model styr endyr: 1 30 
# qprior
 3.48998e-007
# q_power_prior 
 1 
# cv_catchbiomass 
0.05 
# CatchbiomassPen 
200 
# Number of projection years 
5 
# offset_fsh
 13336.8
# offset_ind
 13055.1
Mean Catch
1274.45
R_guess 
15.4104
# nfsh
1
# n_sel_ch_fsh
 1
# nselages_fsh
 11
# phase_selcoff_fsh
 -1
logRzero 15.4104
logmeanrec 15.4104
exp(log_sigmarprior 0.2
Fish sel phase: -1 FLEET1
Fixing fishery sel to
1
Srvy sel phase: -1
Fixing SURVEY1 indices sel to
1
# logsel_slp_in_indv
 0.693147
Leaving parameter init secton
# M
 0.2 0.2 0.2 0.2 0.2 0.2 0.2 0.2 0.2 0.2 0.2 0.2
 0.2 0.2 0.2 0.2 0.2 0.2 0.2 0.2 0.2 0.2 0.2 0.2
 0.2 0.2 0.2 0.2 0.2 0.2 0.2 0.2 0.2 0.2 0.2 0.2
 0.2 0.2 0.2 0.2 0.2 0.2 0.2 0.2 0.2 0.2 0.2 0.2
 0.2 0.2 0.2 0.2 0.2 0.2 0.2 0.2 0.2 0.2 0.2 0.2
 0.2 0.2 0.2 0.2 0.2 0.2 0.2 0.2 0.2 0.2 0.2 0.2
 0.2 0.2 0.2 0.2 0.2 0.2 0.2 0.2 0.2 0.2 0.2 0.2
 0.2 0.2 0.2 0.2 0.2 0.2 0.2 0.2 0.2 0.2 0.2 0.2
 0.2 0.2 0.2 0.2 0.2 0.2 0.2 0.2 0.2 0.2 0.2 0.2
 0.2 0.2 0.2 0.2 0.2 0.2 0.2 0.2 0.2 0.2 0.2 0.2
 0.2 0.2 0.2 0.2 0.2 0.2 0.2 0.2 0.2 0.2 0.2 0.2
 0.2 0.2 0.2 0.2 0.2 0.2 0.2 0.2 0.2 0.2 0.2 0.2
 0.2 0.2 0.2 0.2 0.2 0.2 0.2 0.2 0.2 0.2 0.2 0.2
 0.2 0.2 0.2 0.2 0.2 0.2 0.2 0.2 0.2 0.2 0.2 0.2
 0.2 0.2 0.2 0.2 0.2 0.2 0.2 0.2 0.2 0.2 0.2 0.2
 0.2 0.2 0.2 0.2 0.2 0.2 0.2 0.2 0.2 0.2 0.2 0.2
 0.2 0.2 0.2 0.2 0.2 0.2 0.2 0.2 0.2 0.2 0.2 0.2
 0.2 0.2 0.2 0.2 0.2 0.2 0.2 0.2 0.2 0.2 0.2 0.2
 0.2 0.2 0.2 0.2 0.2 0.2 0.2 0.2 0.2 0.2 0.2 0.2
 0.2 0.2 0.2 0.2 0.2 0.2 0.2 0.2 0.2 0.2 0.2 0.2
 0.2 0.2 0.2 0.2 0.2 0.2 0.2 0.2 0.2 0.2 0.2 0.2
 0.2 0.2 0.2 0.2 0.2 0.2 0.2 0.2 0.2 0.2 0.2 0.2
 0.2 0.2 0.2 0.2 0.2 0.2 0.2 0.2 0.2 0.2 0.2 0.2
 0.2 0.2 0.2 0.2 0.2 0.2 0.2 0.2 0.2 0.2 0.2 0.2
 0.2 0.2 0.2 0.2 0.2 0.2 0.2 0.2 0.2 0.2 0.2 0.2
 0.2 0.2 0.2 0.2 0.2 0.2 0.2 0.2 0.2 0.2 0.2 0.2
 0.2 0.2 0.2 0.2 0.2 0.2 0.2 0.2 0.2 0.2 0.2 0.2
 0.2 0.2 0.2 0.2 0.2 0.2 0.2 0.2 0.2 0.2 0.2 0.2
 0.2 0.2 0.2 0.2 0.2 0.2 0.2 0.2 0.2 0.2 0.2 0.2
 0.2 0.2 0.2 0.2 0.2 0.2 0.2 0.2 0.2 0.2 0.2 0.2
# mean_log_rec
13.7244
# log_Rzero
13.8034
# rec_dev
 -0.0427163 -0.0517117 -0.140976 -0.042984 -0.0887642 0.00463923 0.0304999 0.142067 0.0161836 0.00394073 -0.0760431 0.152674 0.0900313 0.143606 0.150574 0.109889 -0.154303 0.291728 0.0270157 0.431834 0.228639 -0.126622 -0.0475068 0.0925083 -0.0755502 -0.0127229 0.112541 0.013193 -0.123968 -0.0398195 -0.502494 0.0231521 -0.118436 -0.0874559 -0.0966754 -0.160173 -0.141873 -0.421668 -0.0750089 -0.0994959 -0.0972415 -0.540291
# fmort
 0.00949756 0.0278403 0.0458029 0.062683 0.0493142 0.0886612 0.0903072 0.192991 0.113046 0.139124 0.158128 0.17113 0.122661 0.18015 0.190896 0.17366 0.334684 0.274131 0.267922 0.26636 0.367436 0.26858 0.445665 0.367946 0.372818 0.343558 0.338195 0.485409 0.377486 0.601764
# rec_dev_future
 0 0 0 0 0
