AMAK;Mar 2020
# styr
1
# endyr
30
# rec_age
1
# oldest_age
12
# nlength
81
# len_bins
 10 11 12 13 14 15 16 17 18 19 20 21 22 23 24 25 26 27 28 29 30 31 32 33 34 35 36 37 38 39 40 41 42 43 44 45 46 47 48 49 50 51 52 53 54 55 56 57 58 59 60 61 62 63 64 65 66 67 68 69 70 71 72 73 74 75 76 77 78 79 80 81 82 83 84 85 86 87 88 89 90
# datafile_name
amak_data.dat
# model_name
AMAK_MCP
# styr
1
# endyr
30
# rec_age
1
# oldest_age
12
# nfsh
1
# fshname
FLEET1
# catch_bio_in
 160.578 462.887 742.525 968.438 743.297 1293.36 1243.49 2399.98 1313.33 1517.3 1621.31 1657.16 1133.8 1591.03 1620.18 1383.89 2471.1 1804.5 1640.05 1526.03 1947.2 1267.41 1834.28 1316.47 1242.34 1111.47 1069.32 1364.25 934.094 1310.09
# catch_bio_sd_in
 0.01 0.01 0.01 0.01 0.01 0.01 0.01 0.01 0.01 0.01 0.01 0.01 0.01 0.01 0.01 0.01 0.01 0.01 0.01 0.01 0.01 0.01 0.01 0.01 0.01 0.01 0.01 0.01 0.01 0.01
# nyrs_fsh_age
 30
# nyrs_fsh_length
 0
# yrs_fsh_age_in
 1 2 3 4 5 6 7 8 9 10 11 12 13 14 15 16 17 18 19 20 21 22 23 24 25 26 27 28 29 30
# yrs_fsh_length_in

# n_sample_fsh_length_in

# olc_fsh_in

# nind
1
# indname
SURVEY1
# nyrs_ind
 30
# yrs_ind_in
 1 2 3 4 5 6 7 8 9 10 11 12 13 14 15 16 17 18 19 20 21 22 23 24 25 26 27 28 29 30
# mo_ind
 1
# obs_ind_in
 1.46983 1.52439 1.56733 1.28974 1.27168 1.35516 1.19464 1.27129 1.28259 0.996348 1.38354 1.01598 1.05247 1.15773 1.27265 0.895946 1.10692 1.08473 0.90878 0.99699 0.733546 0.678549 0.751648 0.630812 0.680157 0.487231 0.613994 0.535238 0.473843 0.545319
# obs_se_ind_in
 0.293966 0.304877 0.313465 0.257948 0.254335 0.271033 0.238927 0.254258 0.256519 0.19927 0.276708 0.203196 0.210494 0.231546 0.254531 0.179189 0.221384 0.216947 0.181756 0.199398 0.146709 0.13571 0.15033 0.126162 0.136031 0.0974462 0.122799 0.107048 0.0947686 0.109064
# nyrs_ind_age
 30
# nyrs_ind_length
 0
# yrs_ind_age_in
 1 2 3 4 5 6 7 8 9 10 11 12 13 14 15 16 17 18 19 20 21 22 23 24 25 26 27 28 29 30
# yrs_ind_length_in

# yrs_ind_age_in
 1 2 3 4 5 6 7 8 9 10 11 12 13 14 15 16 17 18 19 20 21 22 23 24 25 26 27 28 29 30
# n_sample_ind_length_in

# olc_ind_in

# oac_ind_in
 0.01 0.145 0.13 0.125 0.09 0.095 0.07 0.07 0.05 0.045 0.05 0.12
 0.075 0.145 0.13 0.11 0.095 0.09 0.03 0.05 0.06 0.045 0.035 0.135
 0.07 0.105 0.105 0.15 0.11 0.1 0.09 0.025 0.035 0.05 0.045 0.115
 0.055 0.185 0.11 0.115 0.105 0.075 0.095 0.07 0.05 0.02 0.015 0.105
 0.055 0.105 0.195 0.1 0.105 0.06 0.06 0.06 0.04 0.055 0.025 0.14
 0.055 0.175 0.16 0.125 0.1 0.06 0.055 0.035 0.055 0.03 0.03 0.12
 0.07 0.2 0.15 0.115 0.105 0.05 0.06 0.04 0.055 0.03 0.01 0.115
 0.085 0.18 0.17 0.11 0.105 0.055 0.05 0.02 0.06 0.03 0.02 0.115
 0.09 0.16 0.17 0.185 0.09 0.075 0.045 0.025 0.03 0.03 0.03 0.07
 0.08 0.22 0.195 0.135 0.07 0.04 0.05 0.03 0.015 0.015 0.02 0.13
 0.07 0.17 0.22 0.13 0.105 0.075 0.06 0.04 0.035 0.015 0.01 0.07
 0.03 0.16 0.21 0.175 0.085 0.095 0.055 0.06 0.03 0.025 0.02 0.055
 0.055 0.18 0.185 0.18 0.08 0.075 0.06 0.02 0.025 0.025 0.02 0.095
 0.055 0.215 0.125 0.15 0.13 0.1 0.07 0.02 0.04 0.025 0.015 0.055
 0.08 0.19 0.21 0.095 0.105 0.085 0.065 0.035 0.035 0.015 0.015 0.07
 0.075 0.205 0.175 0.215 0.075 0.075 0.03 0.035 0.025 0.04 0.005 0.045
 0.12 0.155 0.23 0.125 0.145 0.08 0.03 0.02 0.025 0.025 0.005 0.04
 0.085 0.24 0.165 0.19 0.11 0.05 0.04 0.03 0.02 0.015 0.005 0.05
 0.085 0.19 0.245 0.095 0.115 0.055 0.08 0.04 0.005 0.025 0.02 0.045
 0.05 0.24 0.175 0.165 0.11 0.05 0.035 0.07 0.005 0.02 0.03 0.05
 0.12 0.215 0.24 0.135 0.12 0.05 0.065 0.02 0.01 0 0.01 0.015
 0.13 0.19 0.165 0.16 0.13 0.09 0.03 0.01 0.045 0.02 0.005 0.025
 0.105 0.255 0.125 0.16 0.115 0.065 0.07 0.02 0.03 0.015 0.01 0.03
 0.15 0.23 0.195 0.125 0.07 0.115 0.04 0.03 0.01 0.01 0.005 0.02
 0.135 0.37 0.17 0.105 0.06 0.055 0.045 0.005 0.005 0.02 0.01 0.02
 0.095 0.27 0.265 0.125 0.075 0.02 0.04 0.035 0.03 0.02 0.005 0.02
 0.085 0.24 0.18 0.25 0.1 0.075 0.045 0.005 0.005 0.005 0.005 0.005
 0.105 0.215 0.19 0.185 0.15 0.06 0.035 0.015 0.01 0.01 0.02 0.005
 0.145 0.255 0.155 0.125 0.13 0.095 0.04 0.02 0.01 0.005 0.015 0.005
 0.095 0.365 0.175 0.065 0.1 0.06 0.075 0.01 0.03 0.005 0.005 0.015
# wt_ind
 1 1 1 1 1 1 1 1 1 1 1 1
 1 1 1 1 1 1 1 1 1 1 1 1
 1 1 1 1 1 1 1 1 1 1 1 1
 1 1 1 1 1 1 1 1 1 1 1 1
 1 1 1 1 1 1 1 1 1 1 1 1
 1 1 1 1 1 1 1 1 1 1 1 1
 1 1 1 1 1 1 1 1 1 1 1 1
 1 1 1 1 1 1 1 1 1 1 1 1
 1 1 1 1 1 1 1 1 1 1 1 1
 1 1 1 1 1 1 1 1 1 1 1 1
 1 1 1 1 1 1 1 1 1 1 1 1
 1 1 1 1 1 1 1 1 1 1 1 1
 1 1 1 1 1 1 1 1 1 1 1 1
 1 1 1 1 1 1 1 1 1 1 1 1
 1 1 1 1 1 1 1 1 1 1 1 1
 1 1 1 1 1 1 1 1 1 1 1 1
 1 1 1 1 1 1 1 1 1 1 1 1
 1 1 1 1 1 1 1 1 1 1 1 1
 1 1 1 1 1 1 1 1 1 1 1 1
 1 1 1 1 1 1 1 1 1 1 1 1
 1 1 1 1 1 1 1 1 1 1 1 1
 1 1 1 1 1 1 1 1 1 1 1 1
 1 1 1 1 1 1 1 1 1 1 1 1
 1 1 1 1 1 1 1 1 1 1 1 1
 1 1 1 1 1 1 1 1 1 1 1 1
 1 1 1 1 1 1 1 1 1 1 1 1
 1 1 1 1 1 1 1 1 1 1 1 1
 1 1 1 1 1 1 1 1 1 1 1 1
 1 1 1 1 1 1 1 1 1 1 1 1
 1 1 1 1 1 1 1 1 1 1 1 1
# wt_pop
 0.000530656 0.00119633 0.00205827 0.00303499 0.00405521 0.0050647 0.00602623 0.00691692 0.00772489 0.00844611 0.00908185 0.0096367
# maturity
 0.0229774 0.320821 0.904651 0.99478 0.999739 0.999987 0.999999 1 1 1 1 1
# spawnmo
1
# age_err
 1 0 0 0 0 0 0 0 0 0 0 0
 0 1 0 0 0 0 0 0 0 0 0 0
 0 0 1 0 0 0 0 0 0 0 0 0
 0 0 0 1 0 0 0 0 0 0 0 0
 0 0 0 0 1 0 0 0 0 0 0 0
 0 0 0 0 0 1 0 0 0 0 0 0
 0 0 0 0 0 0 1 0 0 0 0 0
 0 0 0 0 0 0 0 1 0 0 0 0
 0 0 0 0 0 0 0 0 1 0 0 0
 0 0 0 0 0 0 0 0 0 1 0 0
 0 0 0 0 0 0 0 0 0 0 1 0
 0 0 0 0 0 0 0 0 0 0 0 1
# cntrlfile_name
C:\Users\bai.li\DOCUME~1\Github\AGE_ST~1\ASSAMC\example\output\AMAK\s143\amak.dat
# Map shared selectivity: 
# sel_map
 1 2
 1 1
# datafile_name
amak_data.dat
# model_name
AMAK_MCP
# SrType
2
# use_age_err
0
# retro
0
# sigmarprior
0.2
# cvsigmarprior
0.25
# phase_sigmar
-3
# styr_rec_est
1
# endyr_rec_est
30
# Linfprior
80
# cvLinfprior
0.25
# kprior
0.18
# cvkprior
0.25
# Loprior
27.688
# cvLoprior
0.25
# sdageprior
0.1
# cvsdageprior
0.25
# natmortprior
0.2
# cvnatmortprior
0.25
# phase_M
-4
# npars_Mage
0
# ages_M_changes

# Mage_in

# Mage_offset_in

# phase_Mage
-5
# phase_rw_M
0
# npars_rw_M
0
# yrs_rw_M

# sigma_rw_M

# qprior
 3.48998e-007
# cvqprior
 1
# phase_q
 1
# q_power_prior
 1
# cvq_power_prior
 0.2
# phase_q_power
 -4
# phase_rw_q
 -1
# npars_rw_q
 0
# yrs_rw_q

# sigma_rw_q

# q_age_min
 1
# q_age_max
 12
# q_age_min
 1
# q_age_max
 12
# fsh_sel_opt(k)
2
# phase_sel_fsh(k)
2
# n_sel_ch_fsh(k)
1
# sel_slp_in_fsh(k)(1,n_sel_ch_fsh(k))
 1
# sel_inf_in_fsh(k)(1,n_sel_ch_fsh(k))
 2
# logsel_slp_in_fsh(k)(1,n_sel_ch_fsh(k))
 0
# yrs_sel_ch_fsh(k)(1,n_sel_ch_fsh(k))
 1

Survey SURVEY1
# ind_sel_opt(k)
2
# indname(k)
SURVEY1
# nselages_in_ind(k)
11
# phase_sel_ind(k)
2
# sel_change_in_ind(k)
 1 0 0 0 0 0 0 0 0 0 0 0 0 0 0 0 0 0 0 0 0 0 0 0 0 0 0 0 0 0
# n_sel_ch_ind(k)
1
# yrs_sel_ch_ind(k)(1,n_sel_ch_ind(k))
 1
# sel_slp_in_ind(k,1)
2
# sel_inf_in_ind(k,1)
1.5
# logsel_slp_in_ind(k,1)
0.693147
# logsel_slp_in_indv(k)
0.693147
SURVEY1 ind sel opt 2  1 0 0 0 0 0 0 0 0 0 0 0 0 0 0 0 0 0 0 0 0 0 0 0 0 0 0 0 0 0
Phase indices Sel_Coffs:  -1
 Test: 1.23457e+008
# Fshry Selages:  11
# Srvy  Selages:  11
# Phase for age-spec fishery  -1
# Phase for logistic fishery  2
# Phase for dble logistic fishery  -1
# Phase for age-spec indices   -1
# Phase for logistic indices   2
# Phase for dble logistic ind  -1
# Curv_pen_fsh: 
 0
# Curv_pen_ind: 
 0
# styr_fut
31
# endyr_fut
35
# nyrs_fsh_age
 30
# nyrs_fsh_age
 30
# yrs_fsh_age
 1 2 3 4 5 6 7 8 9 10 11 12 13 14 15 16 17 18 19 20 21 22 23 24 25 26 27 28 29 30
# n_sample_fsh_age
 200 200 200 200 200 200 200 200 200 200 200 200 200 200 200 200 200 200 200 200 200 200 200 200 200 200 200 200 200 200
# oac_fsh
 0.065 0.085 0.09 0.15 0.1 0.085 0.065 0.09 0.055 0.04 0.05 0.125
 0.09 0.11 0.095 0.155 0.085 0.105 0.08 0.045 0.025 0.04 0.045 0.125
 0.09 0.11 0.07 0.135 0.06 0.085 0.075 0.055 0.065 0.05 0.035 0.17
 0.095 0.135 0.14 0.11 0.105 0.09 0.115 0.03 0.035 0.04 0.02 0.085
 0.09 0.08 0.155 0.12 0.1 0.065 0.075 0.05 0.05 0.04 0.055 0.12
 0.06 0.145 0.12 0.14 0.095 0.09 0.055 0.065 0.045 0.03 0.04 0.115
 0.105 0.1 0.165 0.145 0.115 0.075 0.075 0.035 0.04 0.025 0.02 0.1
 0.09 0.12 0.145 0.155 0.095 0.11 0.065 0.035 0.035 0.02 0.03 0.1
 0.05 0.21 0.12 0.105 0.11 0.085 0.07 0.045 0.05 0.03 0.05 0.075
 0.105 0.11 0.11 0.16 0.135 0.11 0.055 0.035 0.015 0.025 0.035 0.105
 0.12 0.145 0.18 0.165 0.13 0.065 0.035 0.025 0.025 0.025 0.02 0.065
 0.08 0.105 0.18 0.125 0.13 0.1 0.06 0.065 0.025 0.02 0.01 0.1
 0.145 0.15 0.15 0.145 0.095 0.07 0.09 0.05 0.025 0.01 0.005 0.065
 0.115 0.25 0.12 0.08 0.135 0.065 0.07 0.065 0.015 0.025 0.01 0.05
 0.095 0.14 0.2 0.145 0.1 0.115 0.055 0.045 0.03 0.005 0.005 0.065
 0.055 0.17 0.155 0.22 0.09 0.095 0.085 0.02 0.04 0.01 0.005 0.055
 0.11 0.11 0.2 0.11 0.16 0.105 0.035 0.045 0.03 0.03 0.005 0.06
 0.125 0.265 0.14 0.155 0.085 0.07 0.025 0.03 0.04 0.015 0.01 0.04
 0.13 0.13 0.15 0.16 0.185 0.035 0.08 0.045 0.02 0.015 0.01 0.04
 0.08 0.195 0.21 0.195 0.08 0.085 0.05 0.03 0.005 0.02 0.015 0.035
 0.11 0.155 0.19 0.14 0.13 0.1 0.065 0.035 0.025 0.01 0.005 0.035
 0.13 0.23 0.175 0.19 0.09 0.055 0.02 0.045 0.04 0.005 0.01 0.01
 0.14 0.15 0.155 0.135 0.16 0.08 0.09 0.02 0.02 0.015 0.01 0.025
 0.21 0.185 0.145 0.16 0.08 0.08 0.05 0.03 0.015 0.02 0.005 0.02
 0.115 0.28 0.195 0.13 0.085 0.04 0.055 0.03 0.02 0.01 0.015 0.025
 0.135 0.175 0.275 0.15 0.075 0.09 0.03 0.03 0.015 0.005 0.005 0.015
 0.14 0.165 0.16 0.21 0.095 0.095 0.055 0.04 0.015 0 0.01 0.015
 0.115 0.21 0.17 0.155 0.19 0.05 0.04 0.03 0.005 0.01 0.01 0.015
 0.215 0.18 0.19 0.155 0.125 0.07 0.015 0.02 0.01 0.005 0.005 0.01
 0.16 0.25 0.195 0.12 0.09 0.105 0.03 0.03 0.015 0 0 0.005
# olc_fsh

# wt_fsh
 0.000530656 0.00119633 0.00205827 0.00303499 0.00405521 0.0050647 0.00602623 0.00691692 0.00772489 0.00844611 0.00908185 0.0096367
 0.000530656 0.00119633 0.00205827 0.00303499 0.00405521 0.0050647 0.00602623 0.00691692 0.00772489 0.00844611 0.00908185 0.0096367
 0.000530656 0.00119633 0.00205827 0.00303499 0.00405521 0.0050647 0.00602623 0.00691692 0.00772489 0.00844611 0.00908185 0.0096367
 0.000530656 0.00119633 0.00205827 0.00303499 0.00405521 0.0050647 0.00602623 0.00691692 0.00772489 0.00844611 0.00908185 0.0096367
 0.000530656 0.00119633 0.00205827 0.00303499 0.00405521 0.0050647 0.00602623 0.00691692 0.00772489 0.00844611 0.00908185 0.0096367
 0.000530656 0.00119633 0.00205827 0.00303499 0.00405521 0.0050647 0.00602623 0.00691692 0.00772489 0.00844611 0.00908185 0.0096367
 0.000530656 0.00119633 0.00205827 0.00303499 0.00405521 0.0050647 0.00602623 0.00691692 0.00772489 0.00844611 0.00908185 0.0096367
 0.000530656 0.00119633 0.00205827 0.00303499 0.00405521 0.0050647 0.00602623 0.00691692 0.00772489 0.00844611 0.00908185 0.0096367
 0.000530656 0.00119633 0.00205827 0.00303499 0.00405521 0.0050647 0.00602623 0.00691692 0.00772489 0.00844611 0.00908185 0.0096367
 0.000530656 0.00119633 0.00205827 0.00303499 0.00405521 0.0050647 0.00602623 0.00691692 0.00772489 0.00844611 0.00908185 0.0096367
 0.000530656 0.00119633 0.00205827 0.00303499 0.00405521 0.0050647 0.00602623 0.00691692 0.00772489 0.00844611 0.00908185 0.0096367
 0.000530656 0.00119633 0.00205827 0.00303499 0.00405521 0.0050647 0.00602623 0.00691692 0.00772489 0.00844611 0.00908185 0.0096367
 0.000530656 0.00119633 0.00205827 0.00303499 0.00405521 0.0050647 0.00602623 0.00691692 0.00772489 0.00844611 0.00908185 0.0096367
 0.000530656 0.00119633 0.00205827 0.00303499 0.00405521 0.0050647 0.00602623 0.00691692 0.00772489 0.00844611 0.00908185 0.0096367
 0.000530656 0.00119633 0.00205827 0.00303499 0.00405521 0.0050647 0.00602623 0.00691692 0.00772489 0.00844611 0.00908185 0.0096367
 0.000530656 0.00119633 0.00205827 0.00303499 0.00405521 0.0050647 0.00602623 0.00691692 0.00772489 0.00844611 0.00908185 0.0096367
 0.000530656 0.00119633 0.00205827 0.00303499 0.00405521 0.0050647 0.00602623 0.00691692 0.00772489 0.00844611 0.00908185 0.0096367
 0.000530656 0.00119633 0.00205827 0.00303499 0.00405521 0.0050647 0.00602623 0.00691692 0.00772489 0.00844611 0.00908185 0.0096367
 0.000530656 0.00119633 0.00205827 0.00303499 0.00405521 0.0050647 0.00602623 0.00691692 0.00772489 0.00844611 0.00908185 0.0096367
 0.000530656 0.00119633 0.00205827 0.00303499 0.00405521 0.0050647 0.00602623 0.00691692 0.00772489 0.00844611 0.00908185 0.0096367
 0.000530656 0.00119633 0.00205827 0.00303499 0.00405521 0.0050647 0.00602623 0.00691692 0.00772489 0.00844611 0.00908185 0.0096367
 0.000530656 0.00119633 0.00205827 0.00303499 0.00405521 0.0050647 0.00602623 0.00691692 0.00772489 0.00844611 0.00908185 0.0096367
 0.000530656 0.00119633 0.00205827 0.00303499 0.00405521 0.0050647 0.00602623 0.00691692 0.00772489 0.00844611 0.00908185 0.0096367
 0.000530656 0.00119633 0.00205827 0.00303499 0.00405521 0.0050647 0.00602623 0.00691692 0.00772489 0.00844611 0.00908185 0.0096367
 0.000530656 0.00119633 0.00205827 0.00303499 0.00405521 0.0050647 0.00602623 0.00691692 0.00772489 0.00844611 0.00908185 0.0096367
 0.000530656 0.00119633 0.00205827 0.00303499 0.00405521 0.0050647 0.00602623 0.00691692 0.00772489 0.00844611 0.00908185 0.0096367
 0.000530656 0.00119633 0.00205827 0.00303499 0.00405521 0.0050647 0.00602623 0.00691692 0.00772489 0.00844611 0.00908185 0.0096367
 0.000530656 0.00119633 0.00205827 0.00303499 0.00405521 0.0050647 0.00602623 0.00691692 0.00772489 0.00844611 0.00908185 0.0096367
 0.000530656 0.00119633 0.00205827 0.00303499 0.00405521 0.0050647 0.00602623 0.00691692 0.00772489 0.00844611 0.00908185 0.0096367
 0.000530656 0.00119633 0.00205827 0.00303499 0.00405521 0.0050647 0.00602623 0.00691692 0.00772489 0.00844611 0.00908185 0.0096367
# nyrs_ind_age
 30
# yrs_ind_age
 1 2 3 4 5 6 7 8 9 10 11 12 13 14 15 16 17 18 19 20 21 22 23 24 25 26 27 28 29 30
# n_sample_ind_age
 200 200 200 200 200 200 200 200 200 200 200 200 200 200 200 200 200 200 200 200 200 200 200 200 200 200 200 200 200 200
# oac_ind
 0.01 0.145 0.13 0.125 0.09 0.095 0.07 0.07 0.05 0.045 0.05 0.12
 0.075 0.145 0.13 0.11 0.095 0.09 0.03 0.05 0.06 0.045 0.035 0.135
 0.07 0.105 0.105 0.15 0.11 0.1 0.09 0.025 0.035 0.05 0.045 0.115
 0.055 0.185 0.11 0.115 0.105 0.075 0.095 0.07 0.05 0.02 0.015 0.105
 0.055 0.105 0.195 0.1 0.105 0.06 0.06 0.06 0.04 0.055 0.025 0.14
 0.055 0.175 0.16 0.125 0.1 0.06 0.055 0.035 0.055 0.03 0.03 0.12
 0.07 0.2 0.15 0.115 0.105 0.05 0.06 0.04 0.055 0.03 0.01 0.115
 0.085 0.18 0.17 0.11 0.105 0.055 0.05 0.02 0.06 0.03 0.02 0.115
 0.09 0.16 0.17 0.185 0.09 0.075 0.045 0.025 0.03 0.03 0.03 0.07
 0.08 0.22 0.195 0.135 0.07 0.04 0.05 0.03 0.015 0.015 0.02 0.13
 0.07 0.17 0.22 0.13 0.105 0.075 0.06 0.04 0.035 0.015 0.01 0.07
 0.03 0.16 0.21 0.175 0.085 0.095 0.055 0.06 0.03 0.025 0.02 0.055
 0.055 0.18 0.185 0.18 0.08 0.075 0.06 0.02 0.025 0.025 0.02 0.095
 0.055 0.215 0.125 0.15 0.13 0.1 0.07 0.02 0.04 0.025 0.015 0.055
 0.08 0.19 0.21 0.095 0.105 0.085 0.065 0.035 0.035 0.015 0.015 0.07
 0.075 0.205 0.175 0.215 0.075 0.075 0.03 0.035 0.025 0.04 0.005 0.045
 0.12 0.155 0.23 0.125 0.145 0.08 0.03 0.02 0.025 0.025 0.005 0.04
 0.085 0.24 0.165 0.19 0.11 0.05 0.04 0.03 0.02 0.015 0.005 0.05
 0.085 0.19 0.245 0.095 0.115 0.055 0.08 0.04 0.005 0.025 0.02 0.045
 0.05 0.24 0.175 0.165 0.11 0.05 0.035 0.07 0.005 0.02 0.03 0.05
 0.12 0.215 0.24 0.135 0.12 0.05 0.065 0.02 0.01 0 0.01 0.015
 0.13 0.19 0.165 0.16 0.13 0.09 0.03 0.01 0.045 0.02 0.005 0.025
 0.105 0.255 0.125 0.16 0.115 0.065 0.07 0.02 0.03 0.015 0.01 0.03
 0.15 0.23 0.195 0.125 0.07 0.115 0.04 0.03 0.01 0.01 0.005 0.02
 0.135 0.37 0.17 0.105 0.06 0.055 0.045 0.005 0.005 0.02 0.01 0.02
 0.095 0.27 0.265 0.125 0.075 0.02 0.04 0.035 0.03 0.02 0.005 0.02
 0.085 0.24 0.18 0.25 0.1 0.075 0.045 0.005 0.005 0.005 0.005 0.005
 0.105 0.215 0.19 0.185 0.15 0.06 0.035 0.015 0.01 0.01 0.02 0.005
 0.145 0.255 0.155 0.125 0.13 0.095 0.04 0.02 0.01 0.005 0.015 0.005
 0.095 0.365 0.175 0.065 0.1 0.06 0.075 0.01 0.03 0.005 0.005 0.015
# olc_ind

# obs_lse_ind
 0.198042 0.198042 0.198042 0.198042 0.198042 0.198042 0.198042 0.198042 0.198042 0.198042 0.198042 0.198042 0.198042 0.198042 0.198042 0.198042 0.198042 0.198042 0.198042 0.198042 0.198042 0.198042 0.198042 0.198042 0.198042 0.198042 0.198042 0.198042 0.198042 0.198042
# xages_fsh
 0 0 0 0 0 0 0 0 0 0 0 0
# xages_fsh
 0 0.0909091 0.181818 0.272727 0.363636 0.454545 0.545455 0.636364 0.727273 0.818182 0.909091 1
# xnodes_fsh

Yrs fsh_sel change:  1 0 0 0 0 0 0 0 0 0 0 0 0 0 0 0 0 0 0 0 0 0 0 0 0 0 0 0 0
Yrs ind_sel change:  1 0 0 0 0 0 0 0 0 0 0 0 0 0 0 0 0 0 0 0 0 0 0 0 0 0 0 0 0
# steepnessprior
0.75
# sigmarprior
0.2
#  SSB estimated in styr endyr: -13 28 
#  Rec estimated in styr endyr: -11 30 
#  SR Curve fit  in styr endyr: 1 30 
#             Model styr endyr: 1 30 
# qprior
 3.48998e-007
# q_power_prior 
 1 
# cv_catchbiomass 
0.05 
# CatchbiomassPen 
200 
# Number of projection years 
5 
# offset_fsh
 13428
# offset_ind
 13166.1
Mean Catch
1356.37
R_guess 
15.4727
# nfsh
1
# n_sel_ch_fsh
 1
# nselages_fsh
 11
# phase_selcoff_fsh
 -1
logRzero 15.4727
logmeanrec 15.4727
exp(log_sigmarprior 0.2
Fish sel phase: -1 FLEET1
Fixing fishery sel to
1
Srvy sel phase: -1
Fixing SURVEY1 indices sel to
1
# logsel_slp_in_indv
 0.693147
Leaving parameter init secton
# M
 0.2 0.2 0.2 0.2 0.2 0.2 0.2 0.2 0.2 0.2 0.2 0.2
 0.2 0.2 0.2 0.2 0.2 0.2 0.2 0.2 0.2 0.2 0.2 0.2
 0.2 0.2 0.2 0.2 0.2 0.2 0.2 0.2 0.2 0.2 0.2 0.2
 0.2 0.2 0.2 0.2 0.2 0.2 0.2 0.2 0.2 0.2 0.2 0.2
 0.2 0.2 0.2 0.2 0.2 0.2 0.2 0.2 0.2 0.2 0.2 0.2
 0.2 0.2 0.2 0.2 0.2 0.2 0.2 0.2 0.2 0.2 0.2 0.2
 0.2 0.2 0.2 0.2 0.2 0.2 0.2 0.2 0.2 0.2 0.2 0.2
 0.2 0.2 0.2 0.2 0.2 0.2 0.2 0.2 0.2 0.2 0.2 0.2
 0.2 0.2 0.2 0.2 0.2 0.2 0.2 0.2 0.2 0.2 0.2 0.2
 0.2 0.2 0.2 0.2 0.2 0.2 0.2 0.2 0.2 0.2 0.2 0.2
 0.2 0.2 0.2 0.2 0.2 0.2 0.2 0.2 0.2 0.2 0.2 0.2
 0.2 0.2 0.2 0.2 0.2 0.2 0.2 0.2 0.2 0.2 0.2 0.2
 0.2 0.2 0.2 0.2 0.2 0.2 0.2 0.2 0.2 0.2 0.2 0.2
 0.2 0.2 0.2 0.2 0.2 0.2 0.2 0.2 0.2 0.2 0.2 0.2
 0.2 0.2 0.2 0.2 0.2 0.2 0.2 0.2 0.2 0.2 0.2 0.2
 0.2 0.2 0.2 0.2 0.2 0.2 0.2 0.2 0.2 0.2 0.2 0.2
 0.2 0.2 0.2 0.2 0.2 0.2 0.2 0.2 0.2 0.2 0.2 0.2
 0.2 0.2 0.2 0.2 0.2 0.2 0.2 0.2 0.2 0.2 0.2 0.2
 0.2 0.2 0.2 0.2 0.2 0.2 0.2 0.2 0.2 0.2 0.2 0.2
 0.2 0.2 0.2 0.2 0.2 0.2 0.2 0.2 0.2 0.2 0.2 0.2
 0.2 0.2 0.2 0.2 0.2 0.2 0.2 0.2 0.2 0.2 0.2 0.2
 0.2 0.2 0.2 0.2 0.2 0.2 0.2 0.2 0.2 0.2 0.2 0.2
 0.2 0.2 0.2 0.2 0.2 0.2 0.2 0.2 0.2 0.2 0.2 0.2
 0.2 0.2 0.2 0.2 0.2 0.2 0.2 0.2 0.2 0.2 0.2 0.2
 0.2 0.2 0.2 0.2 0.2 0.2 0.2 0.2 0.2 0.2 0.2 0.2
 0.2 0.2 0.2 0.2 0.2 0.2 0.2 0.2 0.2 0.2 0.2 0.2
 0.2 0.2 0.2 0.2 0.2 0.2 0.2 0.2 0.2 0.2 0.2 0.2
 0.2 0.2 0.2 0.2 0.2 0.2 0.2 0.2 0.2 0.2 0.2 0.2
 0.2 0.2 0.2 0.2 0.2 0.2 0.2 0.2 0.2 0.2 0.2 0.2
 0.2 0.2 0.2 0.2 0.2 0.2 0.2 0.2 0.2 0.2 0.2 0.2
# mean_log_rec
13.802
# log_Rzero
13.8632
# rec_dev
 -0.122766 -0.146408 0.0904844 0.0349508 0.0492108 0.0686297 -0.0151071 -0.0195026 0.0140241 0.108621 0.0158878 -0.00501526 -0.0754572 -0.0508581 0.147224 0.00673933 0.135013 0.0858745 0.189906 0.177868 0.120274 0.211389 -0.00935603 -0.0939653 0.325325 0.00787846 0.221744 -0.12079 0.227509 -0.0258513 0.1168 -0.228391 -0.192786 -0.182476 -0.204485 0.179846 -0.176366 -0.328338 -0.427722 -0.357069 -0.00624965 -0.281181
# fmort
 0.00865641 0.0253914 0.0421174 0.0574865 0.0459613 0.0836825 0.0849711 0.178754 0.10646 0.128774 0.145231 0.157917 0.112549 0.163327 0.174701 0.155001 0.301448 0.248413 0.243647 0.241388 0.340336 0.245728 0.39958 0.324846 0.321829 0.292078 0.283897 0.388221 0.283924 0.417984
# rec_dev_future
 0 0 0 0 0
