AMAK;Mar 2020
# styr
1
# endyr
30
# rec_age
1
# oldest_age
12
# nlength
81
# len_bins
 10 11 12 13 14 15 16 17 18 19 20 21 22 23 24 25 26 27 28 29 30 31 32 33 34 35 36 37 38 39 40 41 42 43 44 45 46 47 48 49 50 51 52 53 54 55 56 57 58 59 60 61 62 63 64 65 66 67 68 69 70 71 72 73 74 75 76 77 78 79 80 81 82 83 84 85 86 87 88 89 90
# datafile_name
amak_data.dat
# model_name
AMAK_MCP
# styr
1
# endyr
30
# rec_age
1
# oldest_age
12
# nfsh
1
# fshname
FLEET1
# catch_bio_in
 159.812 461.135 745.57 961.623 737.361 1285.11 1228.37 2371.53 1270.89 1475.25 1570.2 1606.16 1117.75 1538.76 1544 1326.21 2364.5 1674.34 1502.12 1373.15 1721.98 1125.4 1641.72 1164.52 1105.6 1009.82 1041.48 1425.22 1027.26 1463.09
# catch_bio_sd_in
 0.01 0.01 0.01 0.01 0.01 0.01 0.01 0.01 0.01 0.01 0.01 0.01 0.01 0.01 0.01 0.01 0.01 0.01 0.01 0.01 0.01 0.01 0.01 0.01 0.01 0.01 0.01 0.01 0.01 0.01
# nyrs_fsh_age
 30
# nyrs_fsh_length
 0
# yrs_fsh_age_in
 1 2 3 4 5 6 7 8 9 10 11 12 13 14 15 16 17 18 19 20 21 22 23 24 25 26 27 28 29 30
# yrs_fsh_length_in

# n_sample_fsh_length_in

# olc_fsh_in

# nind
1
# indname
SURVEY1
# nyrs_ind
 30
# yrs_ind_in
 1 2 3 4 5 6 7 8 9 10 11 12 13 14 15 16 17 18 19 20 21 22 23 24 25 26 27 28 29 30
# mo_ind
 1
# obs_ind_in
 1.88845 1.34446 1.26778 1.56515 1.27043 1.6028 1.15866 1.22154 1.34418 1.27037 1.22416 1.32539 1.01134 1.26735 1.14066 0.923251 0.974609 0.762008 0.802541 0.814592 0.731434 0.677743 0.603994 0.583947 0.566104 0.604864 0.655826 0.660086 0.498891 0.553989
# obs_se_ind_in
 0.37769 0.268892 0.253557 0.31303 0.254086 0.32056 0.231731 0.244308 0.268835 0.254074 0.244831 0.265078 0.202267 0.25347 0.228132 0.18465 0.194922 0.152402 0.160508 0.162918 0.146287 0.135549 0.120799 0.116789 0.113221 0.120973 0.131165 0.132017 0.0997781 0.110798
# nyrs_ind_age
 30
# nyrs_ind_length
 0
# yrs_ind_age_in
 1 2 3 4 5 6 7 8 9 10 11 12 13 14 15 16 17 18 19 20 21 22 23 24 25 26 27 28 29 30
# yrs_ind_length_in

# yrs_ind_age_in
 1 2 3 4 5 6 7 8 9 10 11 12 13 14 15 16 17 18 19 20 21 22 23 24 25 26 27 28 29 30
# n_sample_ind_length_in

# olc_ind_in

# oac_ind_in
 0.045 0.125 0.175 0.125 0.11 0.07 0.09 0.06 0.04 0.03 0.02 0.11
 0.05 0.13 0.155 0.14 0.075 0.055 0.065 0.06 0.045 0.075 0.05 0.1
 0.075 0.115 0.115 0.1 0.14 0.09 0.065 0.055 0.04 0.025 0.015 0.165
 0.095 0.12 0.115 0.16 0.09 0.075 0.09 0.05 0.025 0.03 0.03 0.12
 0.07 0.145 0.125 0.125 0.095 0.065 0.065 0.04 0.05 0.02 0.025 0.175
 0.09 0.185 0.135 0.14 0.075 0.085 0.05 0.06 0.065 0.005 0.025 0.085
 0.055 0.185 0.22 0.11 0.085 0.08 0.06 0.03 0.03 0.03 0.01 0.105
 0.075 0.175 0.13 0.105 0.11 0.09 0.08 0.025 0.025 0.02 0.045 0.12
 0.07 0.26 0.145 0.105 0.085 0.04 0.06 0.05 0.02 0.04 0.03 0.095
 0.115 0.15 0.16 0.13 0.12 0.085 0.045 0.025 0.035 0.045 0.025 0.065
 0.125 0.175 0.15 0.13 0.115 0.06 0.065 0.035 0.01 0.015 0.03 0.09
 0.075 0.15 0.23 0.13 0.125 0.07 0.055 0.05 0.005 0.01 0.02 0.08
 0.08 0.14 0.15 0.14 0.075 0.09 0.075 0.075 0.045 0.045 0.015 0.07
 0.07 0.12 0.18 0.17 0.155 0.06 0.07 0.025 0.035 0.02 0.005 0.09
 0.09 0.255 0.115 0.08 0.11 0.075 0.075 0.05 0.04 0.02 0.01 0.08
 0.08 0.22 0.195 0.085 0.065 0.12 0.09 0.03 0.03 0.01 0.025 0.05
 0.095 0.17 0.15 0.19 0.08 0.09 0.05 0.045 0.04 0.025 0.02 0.045
 0.085 0.155 0.22 0.175 0.125 0.06 0.05 0.025 0.025 0.015 0.02 0.045
 0.12 0.18 0.205 0.155 0.115 0.085 0.055 0.015 0.015 0.015 0.01 0.03
 0.09 0.245 0.2 0.115 0.08 0.1 0.05 0.025 0.02 0.03 0.015 0.03
 0.08 0.19 0.245 0.14 0.09 0.055 0.075 0.04 0.025 0.02 0.01 0.03
 0.115 0.205 0.225 0.19 0.085 0.045 0.025 0.03 0.02 0.015 0.01 0.035
 0.09 0.175 0.23 0.16 0.145 0.065 0.045 0.035 0.01 0.02 0 0.025
 0.13 0.21 0.205 0.15 0.11 0.085 0.02 0.02 0.025 0.02 0.01 0.015
 0.155 0.235 0.235 0.115 0.085 0.055 0.06 0.03 0.01 0.005 0.005 0.01
 0.125 0.265 0.28 0.115 0.065 0.06 0.02 0.035 0.01 0.01 0.005 0.01
 0.12 0.27 0.205 0.19 0.075 0.06 0.035 0.015 0.015 0.005 0 0.01
 0.075 0.275 0.22 0.185 0.09 0.065 0.03 0.015 0.005 0.015 0.015 0.01
 0.085 0.255 0.215 0.21 0.125 0.06 0.03 0.005 0 0.005 0.01 0
 0.13 0.245 0.185 0.15 0.115 0.07 0.04 0.045 0 0.005 0 0.015
# wt_ind
 1 1 1 1 1 1 1 1 1 1 1 1
 1 1 1 1 1 1 1 1 1 1 1 1
 1 1 1 1 1 1 1 1 1 1 1 1
 1 1 1 1 1 1 1 1 1 1 1 1
 1 1 1 1 1 1 1 1 1 1 1 1
 1 1 1 1 1 1 1 1 1 1 1 1
 1 1 1 1 1 1 1 1 1 1 1 1
 1 1 1 1 1 1 1 1 1 1 1 1
 1 1 1 1 1 1 1 1 1 1 1 1
 1 1 1 1 1 1 1 1 1 1 1 1
 1 1 1 1 1 1 1 1 1 1 1 1
 1 1 1 1 1 1 1 1 1 1 1 1
 1 1 1 1 1 1 1 1 1 1 1 1
 1 1 1 1 1 1 1 1 1 1 1 1
 1 1 1 1 1 1 1 1 1 1 1 1
 1 1 1 1 1 1 1 1 1 1 1 1
 1 1 1 1 1 1 1 1 1 1 1 1
 1 1 1 1 1 1 1 1 1 1 1 1
 1 1 1 1 1 1 1 1 1 1 1 1
 1 1 1 1 1 1 1 1 1 1 1 1
 1 1 1 1 1 1 1 1 1 1 1 1
 1 1 1 1 1 1 1 1 1 1 1 1
 1 1 1 1 1 1 1 1 1 1 1 1
 1 1 1 1 1 1 1 1 1 1 1 1
 1 1 1 1 1 1 1 1 1 1 1 1
 1 1 1 1 1 1 1 1 1 1 1 1
 1 1 1 1 1 1 1 1 1 1 1 1
 1 1 1 1 1 1 1 1 1 1 1 1
 1 1 1 1 1 1 1 1 1 1 1 1
 1 1 1 1 1 1 1 1 1 1 1 1
# wt_pop
 0.000530656 0.00119633 0.00205827 0.00303499 0.00405521 0.0050647 0.00602623 0.00691692 0.00772489 0.00844611 0.00908185 0.0096367
# maturity
 0.0229774 0.320821 0.904651 0.99478 0.999739 0.999987 0.999999 1 1 1 1 1
# spawnmo
1
# age_err
 1 0 0 0 0 0 0 0 0 0 0 0
 0 1 0 0 0 0 0 0 0 0 0 0
 0 0 1 0 0 0 0 0 0 0 0 0
 0 0 0 1 0 0 0 0 0 0 0 0
 0 0 0 0 1 0 0 0 0 0 0 0
 0 0 0 0 0 1 0 0 0 0 0 0
 0 0 0 0 0 0 1 0 0 0 0 0
 0 0 0 0 0 0 0 1 0 0 0 0
 0 0 0 0 0 0 0 0 1 0 0 0
 0 0 0 0 0 0 0 0 0 1 0 0
 0 0 0 0 0 0 0 0 0 0 1 0
 0 0 0 0 0 0 0 0 0 0 0 1
# cntrlfile_name
C:\Users\bai.li\DOCUME~1\Github\AGE_ST~1\ASSAMC\example\output\AMAK\s4\amak.dat
# Map shared selectivity: 
# sel_map
 1 2
 1 1
# datafile_name
amak_data.dat
# model_name
AMAK_MCP
# SrType
2
# use_age_err
0
# retro
0
# sigmarprior
0.2
# cvsigmarprior
0.25
# phase_sigmar
-3
# styr_rec_est
1
# endyr_rec_est
30
# Linfprior
80
# cvLinfprior
0.25
# kprior
0.18
# cvkprior
0.25
# Loprior
27.688
# cvLoprior
0.25
# sdageprior
0.1
# cvsdageprior
0.25
# natmortprior
0.2
# cvnatmortprior
0.25
# phase_M
-4
# npars_Mage
0
# ages_M_changes

# Mage_in

# Mage_offset_in

# phase_Mage
-5
# phase_rw_M
0
# npars_rw_M
0
# yrs_rw_M

# sigma_rw_M

# qprior
 3.48998e-007
# cvqprior
 1
# phase_q
 1
# q_power_prior
 1
# cvq_power_prior
 0.2
# phase_q_power
 -4
# phase_rw_q
 -1
# npars_rw_q
 0
# yrs_rw_q

# sigma_rw_q

# q_age_min
 1
# q_age_max
 12
# q_age_min
 1
# q_age_max
 12
# fsh_sel_opt(k)
2
# phase_sel_fsh(k)
2
# n_sel_ch_fsh(k)
1
# sel_slp_in_fsh(k)(1,n_sel_ch_fsh(k))
 1
# sel_inf_in_fsh(k)(1,n_sel_ch_fsh(k))
 2
# logsel_slp_in_fsh(k)(1,n_sel_ch_fsh(k))
 0
# yrs_sel_ch_fsh(k)(1,n_sel_ch_fsh(k))
 1

Survey SURVEY1
# ind_sel_opt(k)
2
# indname(k)
SURVEY1
# nselages_in_ind(k)
11
# phase_sel_ind(k)
2
# sel_change_in_ind(k)
 1 0 0 0 0 0 0 0 0 0 0 0 0 0 0 0 0 0 0 0 0 0 0 0 0 0 0 0 0 0
# n_sel_ch_ind(k)
1
# yrs_sel_ch_ind(k)(1,n_sel_ch_ind(k))
 1
# sel_slp_in_ind(k,1)
2
# sel_inf_in_ind(k,1)
1.5
# logsel_slp_in_ind(k,1)
0.693147
# logsel_slp_in_indv(k)
0.693147
SURVEY1 ind sel opt 2  1 0 0 0 0 0 0 0 0 0 0 0 0 0 0 0 0 0 0 0 0 0 0 0 0 0 0 0 0 0
Phase indices Sel_Coffs:  -1
 Test: 1.23457e+008
# Fshry Selages:  11
# Srvy  Selages:  11
# Phase for age-spec fishery  -1
# Phase for logistic fishery  2
# Phase for dble logistic fishery  -1
# Phase for age-spec indices   -1
# Phase for logistic indices   2
# Phase for dble logistic ind  -1
# Curv_pen_fsh: 
 0
# Curv_pen_ind: 
 0
# styr_fut
31
# endyr_fut
35
# nyrs_fsh_age
 30
# nyrs_fsh_age
 30
# yrs_fsh_age
 1 2 3 4 5 6 7 8 9 10 11 12 13 14 15 16 17 18 19 20 21 22 23 24 25 26 27 28 29 30
# n_sample_fsh_age
 200 200 200 200 200 200 200 200 200 200 200 200 200 200 200 200 200 200 200 200 200 200 200 200 200 200 200 200 200 200
# oac_fsh
 0.06 0.13 0.155 0.105 0.07 0.085 0.06 0.08 0.03 0.05 0.015 0.16
 0.045 0.11 0.14 0.13 0.125 0.055 0.05 0.07 0.03 0.02 0.07 0.155
 0.06 0.08 0.14 0.125 0.115 0.065 0.085 0.065 0.04 0.03 0.04 0.155
 0.09 0.105 0.125 0.13 0.09 0.065 0.09 0.045 0.025 0.045 0.045 0.145
 0.095 0.09 0.115 0.07 0.135 0.065 0.075 0.055 0.04 0.035 0.05 0.175
 0.11 0.145 0.125 0.105 0.075 0.1 0.06 0.055 0.03 0.02 0.055 0.12
 0.085 0.09 0.14 0.155 0.09 0.095 0.055 0.085 0.03 0.03 0.045 0.1
 0.11 0.135 0.155 0.155 0.07 0.045 0.055 0.035 0.05 0.035 0.01 0.145
 0.09 0.14 0.13 0.125 0.1 0.095 0.06 0.065 0.07 0.025 0.03 0.07
 0.095 0.15 0.175 0.115 0.105 0.12 0.035 0.055 0.025 0.025 0.025 0.075
 0.095 0.17 0.1 0.13 0.13 0.08 0.105 0.045 0.04 0.04 0.01 0.055
 0.065 0.13 0.21 0.11 0.145 0.08 0.085 0.045 0.025 0.015 0.025 0.065
 0.03 0.11 0.17 0.18 0.115 0.085 0.075 0.04 0.035 0.04 0.015 0.105
 0.125 0.13 0.165 0.13 0.11 0.09 0.065 0.06 0.035 0 0.005 0.085
 0.065 0.17 0.15 0.115 0.105 0.135 0.06 0.05 0.03 0.025 0.025 0.07
 0.085 0.12 0.27 0.095 0.08 0.115 0.085 0.035 0.02 0.025 0.025 0.045
 0.115 0.17 0.12 0.235 0.1 0.06 0.08 0.015 0.025 0.015 0.015 0.05
 0.105 0.135 0.165 0.18 0.125 0.06 0.08 0.05 0.02 0.015 0.01 0.055
 0.135 0.185 0.16 0.12 0.09 0.12 0.025 0.05 0.03 0.02 0.015 0.05
 0.135 0.185 0.14 0.115 0.13 0.085 0.07 0.04 0.015 0.03 0.02 0.035
 0.15 0.12 0.245 0.12 0.13 0.06 0.055 0.035 0.025 0.02 0.005 0.035
 0.105 0.115 0.21 0.235 0.1 0.065 0.05 0.035 0.02 0.015 0 0.05
 0.185 0.145 0.19 0.115 0.13 0.04 0.055 0.02 0.03 0.02 0.01 0.06
 0.18 0.22 0.16 0.115 0.11 0.09 0.045 0.025 0.025 0.005 0.005 0.02
 0.195 0.235 0.185 0.1 0.09 0.075 0.06 0.01 0.01 0.005 0.01 0.025
 0.235 0.285 0.205 0.13 0.045 0.03 0.01 0.025 0.02 0.005 0 0.01
 0.12 0.255 0.28 0.155 0.08 0.02 0.03 0.015 0.035 0 0 0.01
 0.095 0.205 0.195 0.245 0.07 0.1 0.05 0.01 0.01 0.005 0.005 0.01
 0.13 0.22 0.19 0.175 0.13 0.08 0.035 0.01 0.01 0.01 0 0.01
 0.155 0.215 0.11 0.135 0.17 0.1 0.065 0.005 0.03 0 0.005 0.01
# olc_fsh

# wt_fsh
 0.000530656 0.00119633 0.00205827 0.00303499 0.00405521 0.0050647 0.00602623 0.00691692 0.00772489 0.00844611 0.00908185 0.0096367
 0.000530656 0.00119633 0.00205827 0.00303499 0.00405521 0.0050647 0.00602623 0.00691692 0.00772489 0.00844611 0.00908185 0.0096367
 0.000530656 0.00119633 0.00205827 0.00303499 0.00405521 0.0050647 0.00602623 0.00691692 0.00772489 0.00844611 0.00908185 0.0096367
 0.000530656 0.00119633 0.00205827 0.00303499 0.00405521 0.0050647 0.00602623 0.00691692 0.00772489 0.00844611 0.00908185 0.0096367
 0.000530656 0.00119633 0.00205827 0.00303499 0.00405521 0.0050647 0.00602623 0.00691692 0.00772489 0.00844611 0.00908185 0.0096367
 0.000530656 0.00119633 0.00205827 0.00303499 0.00405521 0.0050647 0.00602623 0.00691692 0.00772489 0.00844611 0.00908185 0.0096367
 0.000530656 0.00119633 0.00205827 0.00303499 0.00405521 0.0050647 0.00602623 0.00691692 0.00772489 0.00844611 0.00908185 0.0096367
 0.000530656 0.00119633 0.00205827 0.00303499 0.00405521 0.0050647 0.00602623 0.00691692 0.00772489 0.00844611 0.00908185 0.0096367
 0.000530656 0.00119633 0.00205827 0.00303499 0.00405521 0.0050647 0.00602623 0.00691692 0.00772489 0.00844611 0.00908185 0.0096367
 0.000530656 0.00119633 0.00205827 0.00303499 0.00405521 0.0050647 0.00602623 0.00691692 0.00772489 0.00844611 0.00908185 0.0096367
 0.000530656 0.00119633 0.00205827 0.00303499 0.00405521 0.0050647 0.00602623 0.00691692 0.00772489 0.00844611 0.00908185 0.0096367
 0.000530656 0.00119633 0.00205827 0.00303499 0.00405521 0.0050647 0.00602623 0.00691692 0.00772489 0.00844611 0.00908185 0.0096367
 0.000530656 0.00119633 0.00205827 0.00303499 0.00405521 0.0050647 0.00602623 0.00691692 0.00772489 0.00844611 0.00908185 0.0096367
 0.000530656 0.00119633 0.00205827 0.00303499 0.00405521 0.0050647 0.00602623 0.00691692 0.00772489 0.00844611 0.00908185 0.0096367
 0.000530656 0.00119633 0.00205827 0.00303499 0.00405521 0.0050647 0.00602623 0.00691692 0.00772489 0.00844611 0.00908185 0.0096367
 0.000530656 0.00119633 0.00205827 0.00303499 0.00405521 0.0050647 0.00602623 0.00691692 0.00772489 0.00844611 0.00908185 0.0096367
 0.000530656 0.00119633 0.00205827 0.00303499 0.00405521 0.0050647 0.00602623 0.00691692 0.00772489 0.00844611 0.00908185 0.0096367
 0.000530656 0.00119633 0.00205827 0.00303499 0.00405521 0.0050647 0.00602623 0.00691692 0.00772489 0.00844611 0.00908185 0.0096367
 0.000530656 0.00119633 0.00205827 0.00303499 0.00405521 0.0050647 0.00602623 0.00691692 0.00772489 0.00844611 0.00908185 0.0096367
 0.000530656 0.00119633 0.00205827 0.00303499 0.00405521 0.0050647 0.00602623 0.00691692 0.00772489 0.00844611 0.00908185 0.0096367
 0.000530656 0.00119633 0.00205827 0.00303499 0.00405521 0.0050647 0.00602623 0.00691692 0.00772489 0.00844611 0.00908185 0.0096367
 0.000530656 0.00119633 0.00205827 0.00303499 0.00405521 0.0050647 0.00602623 0.00691692 0.00772489 0.00844611 0.00908185 0.0096367
 0.000530656 0.00119633 0.00205827 0.00303499 0.00405521 0.0050647 0.00602623 0.00691692 0.00772489 0.00844611 0.00908185 0.0096367
 0.000530656 0.00119633 0.00205827 0.00303499 0.00405521 0.0050647 0.00602623 0.00691692 0.00772489 0.00844611 0.00908185 0.0096367
 0.000530656 0.00119633 0.00205827 0.00303499 0.00405521 0.0050647 0.00602623 0.00691692 0.00772489 0.00844611 0.00908185 0.0096367
 0.000530656 0.00119633 0.00205827 0.00303499 0.00405521 0.0050647 0.00602623 0.00691692 0.00772489 0.00844611 0.00908185 0.0096367
 0.000530656 0.00119633 0.00205827 0.00303499 0.00405521 0.0050647 0.00602623 0.00691692 0.00772489 0.00844611 0.00908185 0.0096367
 0.000530656 0.00119633 0.00205827 0.00303499 0.00405521 0.0050647 0.00602623 0.00691692 0.00772489 0.00844611 0.00908185 0.0096367
 0.000530656 0.00119633 0.00205827 0.00303499 0.00405521 0.0050647 0.00602623 0.00691692 0.00772489 0.00844611 0.00908185 0.0096367
 0.000530656 0.00119633 0.00205827 0.00303499 0.00405521 0.0050647 0.00602623 0.00691692 0.00772489 0.00844611 0.00908185 0.0096367
# nyrs_ind_age
 30
# yrs_ind_age
 1 2 3 4 5 6 7 8 9 10 11 12 13 14 15 16 17 18 19 20 21 22 23 24 25 26 27 28 29 30
# n_sample_ind_age
 200 200 200 200 200 200 200 200 200 200 200 200 200 200 200 200 200 200 200 200 200 200 200 200 200 200 200 200 200 200
# oac_ind
 0.045 0.125 0.175 0.125 0.11 0.07 0.09 0.06 0.04 0.03 0.02 0.11
 0.05 0.13 0.155 0.14 0.075 0.055 0.065 0.06 0.045 0.075 0.05 0.1
 0.075 0.115 0.115 0.1 0.14 0.09 0.065 0.055 0.04 0.025 0.015 0.165
 0.095 0.12 0.115 0.16 0.09 0.075 0.09 0.05 0.025 0.03 0.03 0.12
 0.07 0.145 0.125 0.125 0.095 0.065 0.065 0.04 0.05 0.02 0.025 0.175
 0.09 0.185 0.135 0.14 0.075 0.085 0.05 0.06 0.065 0.005 0.025 0.085
 0.055 0.185 0.22 0.11 0.085 0.08 0.06 0.03 0.03 0.03 0.01 0.105
 0.075 0.175 0.13 0.105 0.11 0.09 0.08 0.025 0.025 0.02 0.045 0.12
 0.07 0.26 0.145 0.105 0.085 0.04 0.06 0.05 0.02 0.04 0.03 0.095
 0.115 0.15 0.16 0.13 0.12 0.085 0.045 0.025 0.035 0.045 0.025 0.065
 0.125 0.175 0.15 0.13 0.115 0.06 0.065 0.035 0.01 0.015 0.03 0.09
 0.075 0.15 0.23 0.13 0.125 0.07 0.055 0.05 0.005 0.01 0.02 0.08
 0.08 0.14 0.15 0.14 0.075 0.09 0.075 0.075 0.045 0.045 0.015 0.07
 0.07 0.12 0.18 0.17 0.155 0.06 0.07 0.025 0.035 0.02 0.005 0.09
 0.09 0.255 0.115 0.08 0.11 0.075 0.075 0.05 0.04 0.02 0.01 0.08
 0.08 0.22 0.195 0.085 0.065 0.12 0.09 0.03 0.03 0.01 0.025 0.05
 0.095 0.17 0.15 0.19 0.08 0.09 0.05 0.045 0.04 0.025 0.02 0.045
 0.085 0.155 0.22 0.175 0.125 0.06 0.05 0.025 0.025 0.015 0.02 0.045
 0.12 0.18 0.205 0.155 0.115 0.085 0.055 0.015 0.015 0.015 0.01 0.03
 0.09 0.245 0.2 0.115 0.08 0.1 0.05 0.025 0.02 0.03 0.015 0.03
 0.08 0.19 0.245 0.14 0.09 0.055 0.075 0.04 0.025 0.02 0.01 0.03
 0.115 0.205 0.225 0.19 0.085 0.045 0.025 0.03 0.02 0.015 0.01 0.035
 0.09 0.175 0.23 0.16 0.145 0.065 0.045 0.035 0.01 0.02 0 0.025
 0.13 0.21 0.205 0.15 0.11 0.085 0.02 0.02 0.025 0.02 0.01 0.015
 0.155 0.235 0.235 0.115 0.085 0.055 0.06 0.03 0.01 0.005 0.005 0.01
 0.125 0.265 0.28 0.115 0.065 0.06 0.02 0.035 0.01 0.01 0.005 0.01
 0.12 0.27 0.205 0.19 0.075 0.06 0.035 0.015 0.015 0.005 0 0.01
 0.075 0.275 0.22 0.185 0.09 0.065 0.03 0.015 0.005 0.015 0.015 0.01
 0.085 0.255 0.215 0.21 0.125 0.06 0.03 0.005 0 0.005 0.01 0
 0.13 0.245 0.185 0.15 0.115 0.07 0.04 0.045 0 0.005 0 0.015
# olc_ind

# obs_lse_ind
 0.198042 0.198042 0.198042 0.198042 0.198042 0.198042 0.198042 0.198042 0.198042 0.198042 0.198042 0.198042 0.198042 0.198042 0.198042 0.198042 0.198042 0.198042 0.198042 0.198042 0.198042 0.198042 0.198042 0.198042 0.198042 0.198042 0.198042 0.198042 0.198042 0.198042
# xages_fsh
 0 0 0 0 0 0 0 0 0 0 0 0
# xages_fsh
 0 0.0909091 0.181818 0.272727 0.363636 0.454545 0.545455 0.636364 0.727273 0.818182 0.909091 1
# xnodes_fsh

Yrs fsh_sel change:  1 0 0 0 0 0 0 0 0 0 0 0 0 0 0 0 0 0 0 0 0 0 0 0 0 0 0 0 0
Yrs ind_sel change:  1 0 0 0 0 0 0 0 0 0 0 0 0 0 0 0 0 0 0 0 0 0 0 0 0 0 0 0 0
# steepnessprior
0.75
# sigmarprior
0.2
#  SSB estimated in styr endyr: -13 28 
#  Rec estimated in styr endyr: -11 30 
#  SR Curve fit  in styr endyr: 1 30 
#             Model styr endyr: 1 30 
# qprior
 3.48998e-007
# q_power_prior 
 1 
# cv_catchbiomass 
0.05 
# CatchbiomassPen 
200 
# Number of projection years 
5 
# offset_fsh
 13415.4
# offset_ind
 13229.2
Mean Catch
1301.33
R_guess 
15.4313
# nfsh
1
# n_sel_ch_fsh
 1
# nselages_fsh
 11
# phase_selcoff_fsh
 -1
logRzero 15.4313
logmeanrec 15.4313
exp(log_sigmarprior 0.2
Fish sel phase: -1 FLEET1
Fixing fishery sel to
1
Srvy sel phase: -1
Fixing SURVEY1 indices sel to
1
# logsel_slp_in_indv
 0.693147
Leaving parameter init secton
# M
 0.2 0.2 0.2 0.2 0.2 0.2 0.2 0.2 0.2 0.2 0.2 0.2
 0.2 0.2 0.2 0.2 0.2 0.2 0.2 0.2 0.2 0.2 0.2 0.2
 0.2 0.2 0.2 0.2 0.2 0.2 0.2 0.2 0.2 0.2 0.2 0.2
 0.2 0.2 0.2 0.2 0.2 0.2 0.2 0.2 0.2 0.2 0.2 0.2
 0.2 0.2 0.2 0.2 0.2 0.2 0.2 0.2 0.2 0.2 0.2 0.2
 0.2 0.2 0.2 0.2 0.2 0.2 0.2 0.2 0.2 0.2 0.2 0.2
 0.2 0.2 0.2 0.2 0.2 0.2 0.2 0.2 0.2 0.2 0.2 0.2
 0.2 0.2 0.2 0.2 0.2 0.2 0.2 0.2 0.2 0.2 0.2 0.2
 0.2 0.2 0.2 0.2 0.2 0.2 0.2 0.2 0.2 0.2 0.2 0.2
 0.2 0.2 0.2 0.2 0.2 0.2 0.2 0.2 0.2 0.2 0.2 0.2
 0.2 0.2 0.2 0.2 0.2 0.2 0.2 0.2 0.2 0.2 0.2 0.2
 0.2 0.2 0.2 0.2 0.2 0.2 0.2 0.2 0.2 0.2 0.2 0.2
 0.2 0.2 0.2 0.2 0.2 0.2 0.2 0.2 0.2 0.2 0.2 0.2
 0.2 0.2 0.2 0.2 0.2 0.2 0.2 0.2 0.2 0.2 0.2 0.2
 0.2 0.2 0.2 0.2 0.2 0.2 0.2 0.2 0.2 0.2 0.2 0.2
 0.2 0.2 0.2 0.2 0.2 0.2 0.2 0.2 0.2 0.2 0.2 0.2
 0.2 0.2 0.2 0.2 0.2 0.2 0.2 0.2 0.2 0.2 0.2 0.2
 0.2 0.2 0.2 0.2 0.2 0.2 0.2 0.2 0.2 0.2 0.2 0.2
 0.2 0.2 0.2 0.2 0.2 0.2 0.2 0.2 0.2 0.2 0.2 0.2
 0.2 0.2 0.2 0.2 0.2 0.2 0.2 0.2 0.2 0.2 0.2 0.2
 0.2 0.2 0.2 0.2 0.2 0.2 0.2 0.2 0.2 0.2 0.2 0.2
 0.2 0.2 0.2 0.2 0.2 0.2 0.2 0.2 0.2 0.2 0.2 0.2
 0.2 0.2 0.2 0.2 0.2 0.2 0.2 0.2 0.2 0.2 0.2 0.2
 0.2 0.2 0.2 0.2 0.2 0.2 0.2 0.2 0.2 0.2 0.2 0.2
 0.2 0.2 0.2 0.2 0.2 0.2 0.2 0.2 0.2 0.2 0.2 0.2
 0.2 0.2 0.2 0.2 0.2 0.2 0.2 0.2 0.2 0.2 0.2 0.2
 0.2 0.2 0.2 0.2 0.2 0.2 0.2 0.2 0.2 0.2 0.2 0.2
 0.2 0.2 0.2 0.2 0.2 0.2 0.2 0.2 0.2 0.2 0.2 0.2
 0.2 0.2 0.2 0.2 0.2 0.2 0.2 0.2 0.2 0.2 0.2 0.2
 0.2 0.2 0.2 0.2 0.2 0.2 0.2 0.2 0.2 0.2 0.2 0.2
# mean_log_rec
13.8131
# log_Rzero
13.8409
# rec_dev
 -0.0189552 -0.023066 -0.147498 0.236956 -0.033653 0.0101309 0.0297613 -0.0919606 -0.134395 0.0118045 0.0947609 0.0106273 0.0543752 -0.0589313 -0.0513254 0.00242546 0.19826 0.131345 0.0974318 0.196187 -0.0306162 0.222562 0.0862118 -0.149109 -0.27054 0.211635 -0.0293066 -0.108736 -0.188074 -0.23974 0.0770785 -0.242645 -0.31141 -0.434287 -0.213318 -0.101703 0.0447931 -0.0166684 -0.234744 -0.422662 -0.35081 -0.280702
# fmort
 0.0087357 0.0255792 0.042605 0.0574666 0.0459604 0.0838275 0.0844754 0.177167 0.103121 0.125281 0.14065 0.152457 0.110905 0.159904 0.17178 0.155701 0.308372 0.252955 0.251947 0.250119 0.347794 0.251028 0.410895 0.331893 0.329306 0.29631 0.292007 0.406541 0.309105 0.48317
# rec_dev_future
 0 0 0 0 0
