AMAK;Mar 2020
# styr
1
# endyr
30
# rec_age
1
# oldest_age
12
# nlength
81
# len_bins
 10 11 12 13 14 15 16 17 18 19 20 21 22 23 24 25 26 27 28 29 30 31 32 33 34 35 36 37 38 39 40 41 42 43 44 45 46 47 48 49 50 51 52 53 54 55 56 57 58 59 60 61 62 63 64 65 66 67 68 69 70 71 72 73 74 75 76 77 78 79 80 81 82 83 84 85 86 87 88 89 90
# datafile_name
amak_data.dat
# model_name
AMAK_MCP
# styr
1
# endyr
30
# rec_age
1
# oldest_age
12
# nfsh
1
# fshname
FLEET1
# catch_bio_in
 161.885 461.662 736.804 958.3 734.112 1252.05 1177.18 2237.18 1153.52 1329.01 1419.49 1444.29 1022.94 1437.21 1439.98 1224.62 2144.77 1540.52 1382.03 1291.93 1615.07 1102.82 1660.36 1201.87 1098.3 957.408 955.187 1318.26 964.336 1421.05
# catch_bio_sd_in
 0.01 0.01 0.01 0.01 0.01 0.01 0.01 0.01 0.01 0.01 0.01 0.01 0.01 0.01 0.01 0.01 0.01 0.01 0.01 0.01 0.01 0.01 0.01 0.01 0.01 0.01 0.01 0.01 0.01 0.01
# nyrs_fsh_age
 30
# nyrs_fsh_length
 0
# yrs_fsh_age_in
 1 2 3 4 5 6 7 8 9 10 11 12 13 14 15 16 17 18 19 20 21 22 23 24 25 26 27 28 29 30
# yrs_fsh_length_in

# n_sample_fsh_length_in

# olc_fsh_in

# nind
1
# indname
SURVEY1
# nyrs_ind
 30
# yrs_ind_in
 1 2 3 4 5 6 7 8 9 10 11 12 13 14 15 16 17 18 19 20 21 22 23 24 25 26 27 28 29 30
# mo_ind
 1
# obs_ind_in
 1.44295 1.56146 1.55278 1.65489 1.40981 1.28224 1.22803 1.09188 1.22942 1.30371 1.04666 1.13253 1.17144 1.13613 0.891572 1.03163 0.977261 0.800539 0.821607 0.790415 0.888518 0.737468 0.678619 0.582768 0.509125 0.543353 0.619168 0.622679 0.588447 0.594926
# obs_se_ind_in
 0.28859 0.312292 0.310556 0.330979 0.281962 0.256447 0.245606 0.218375 0.245885 0.260742 0.209332 0.226506 0.234288 0.227226 0.178314 0.206325 0.195452 0.160108 0.164321 0.158083 0.177704 0.147494 0.135724 0.116554 0.101825 0.108671 0.123834 0.124536 0.117689 0.118985
# nyrs_ind_age
 30
# nyrs_ind_length
 0
# yrs_ind_age_in
 1 2 3 4 5 6 7 8 9 10 11 12 13 14 15 16 17 18 19 20 21 22 23 24 25 26 27 28 29 30
# yrs_ind_length_in

# yrs_ind_age_in
 1 2 3 4 5 6 7 8 9 10 11 12 13 14 15 16 17 18 19 20 21 22 23 24 25 26 27 28 29 30
# n_sample_ind_length_in

# olc_ind_in

# oac_ind_in
 0.06 0.115 0.17 0.115 0.095 0.07 0.085 0.065 0.03 0.035 0.03 0.13
 0.08 0.15 0.175 0.115 0.095 0.05 0.06 0.035 0.04 0.02 0.03 0.15
 0.04 0.115 0.14 0.15 0.09 0.105 0.1 0.04 0.035 0.02 0.015 0.15
 0.1 0.11 0.135 0.165 0.08 0.09 0.07 0.045 0.03 0.04 0.045 0.09
 0.075 0.15 0.1 0.145 0.085 0.065 0.08 0.055 0.065 0.03 0.035 0.115
 0.04 0.095 0.19 0.105 0.09 0.08 0.085 0.06 0.045 0.035 0.035 0.14
 0.1 0.11 0.12 0.155 0.115 0.09 0.055 0.05 0.025 0.025 0.005 0.15
 0.08 0.14 0.135 0.105 0.14 0.08 0.07 0.045 0.04 0.045 0.04 0.08
 0.06 0.135 0.13 0.11 0.125 0.115 0.055 0.06 0.035 0.045 0.025 0.105
 0.105 0.195 0.2 0.13 0.05 0.085 0.055 0.02 0.025 0.04 0.025 0.07
 0.135 0.16 0.165 0.145 0.075 0.055 0.04 0.06 0.01 0.035 0.035 0.085
 0.045 0.245 0.23 0.165 0.125 0.03 0.025 0.025 0.03 0.01 0.005 0.065
 0.075 0.08 0.21 0.19 0.075 0.085 0.06 0.045 0.02 0.05 0.01 0.1
 0.065 0.23 0.095 0.265 0.08 0.08 0.045 0.035 0.005 0.015 0.035 0.05
 0.115 0.14 0.215 0.08 0.12 0.09 0.065 0.03 0.035 0.005 0.01 0.095
 0.07 0.25 0.135 0.15 0.08 0.11 0.06 0.03 0.06 0.005 0.01 0.04
 0.105 0.14 0.28 0.12 0.11 0.055 0.065 0.02 0.02 0.02 0.02 0.045
 0.055 0.31 0.12 0.155 0.055 0.135 0.02 0.05 0.02 0.015 0.015 0.05
 0.065 0.17 0.27 0.085 0.1 0.055 0.09 0.035 0.05 0.015 0.01 0.055
 0.14 0.285 0.125 0.19 0.06 0.075 0.035 0.045 0.005 0.02 0.01 0.01
 0.07 0.34 0.18 0.085 0.12 0.065 0.05 0.025 0.01 0 0.01 0.045
 0.125 0.195 0.31 0.155 0.055 0.04 0.025 0.03 0.015 0.01 0.02 0.02
 0.1 0.205 0.175 0.235 0.13 0.04 0.045 0.025 0.02 0.01 0.01 0.005
 0.07 0.23 0.25 0.155 0.14 0.06 0.025 0.025 0.025 0.01 0.005 0.005
 0.16 0.205 0.22 0.145 0.11 0.065 0.03 0.01 0.02 0.005 0.005 0.025
 0.085 0.335 0.17 0.175 0.095 0.025 0.06 0.04 0 0.01 0.005 0
 0.12 0.255 0.29 0.135 0.09 0.045 0.01 0.025 0.015 0.005 0.005 0.005
 0.095 0.275 0.225 0.16 0.055 0.07 0.025 0.035 0.03 0.01 0 0.02
 0.135 0.2 0.305 0.16 0.1 0.03 0.04 0.015 0.01 0 0 0.005
 0.11 0.315 0.215 0.165 0.075 0.035 0.02 0.02 0.01 0.005 0.01 0.02
# wt_ind
 1 1 1 1 1 1 1 1 1 1 1 1
 1 1 1 1 1 1 1 1 1 1 1 1
 1 1 1 1 1 1 1 1 1 1 1 1
 1 1 1 1 1 1 1 1 1 1 1 1
 1 1 1 1 1 1 1 1 1 1 1 1
 1 1 1 1 1 1 1 1 1 1 1 1
 1 1 1 1 1 1 1 1 1 1 1 1
 1 1 1 1 1 1 1 1 1 1 1 1
 1 1 1 1 1 1 1 1 1 1 1 1
 1 1 1 1 1 1 1 1 1 1 1 1
 1 1 1 1 1 1 1 1 1 1 1 1
 1 1 1 1 1 1 1 1 1 1 1 1
 1 1 1 1 1 1 1 1 1 1 1 1
 1 1 1 1 1 1 1 1 1 1 1 1
 1 1 1 1 1 1 1 1 1 1 1 1
 1 1 1 1 1 1 1 1 1 1 1 1
 1 1 1 1 1 1 1 1 1 1 1 1
 1 1 1 1 1 1 1 1 1 1 1 1
 1 1 1 1 1 1 1 1 1 1 1 1
 1 1 1 1 1 1 1 1 1 1 1 1
 1 1 1 1 1 1 1 1 1 1 1 1
 1 1 1 1 1 1 1 1 1 1 1 1
 1 1 1 1 1 1 1 1 1 1 1 1
 1 1 1 1 1 1 1 1 1 1 1 1
 1 1 1 1 1 1 1 1 1 1 1 1
 1 1 1 1 1 1 1 1 1 1 1 1
 1 1 1 1 1 1 1 1 1 1 1 1
 1 1 1 1 1 1 1 1 1 1 1 1
 1 1 1 1 1 1 1 1 1 1 1 1
 1 1 1 1 1 1 1 1 1 1 1 1
# wt_pop
 0.000530656 0.00119633 0.00205827 0.00303499 0.00405521 0.0050647 0.00602623 0.00691692 0.00772489 0.00844611 0.00908185 0.0096367
# maturity
 0.0229774 0.320821 0.904651 0.99478 0.999739 0.999987 0.999999 1 1 1 1 1
# spawnmo
1
# age_err
 1 0 0 0 0 0 0 0 0 0 0 0
 0 1 0 0 0 0 0 0 0 0 0 0
 0 0 1 0 0 0 0 0 0 0 0 0
 0 0 0 1 0 0 0 0 0 0 0 0
 0 0 0 0 1 0 0 0 0 0 0 0
 0 0 0 0 0 1 0 0 0 0 0 0
 0 0 0 0 0 0 1 0 0 0 0 0
 0 0 0 0 0 0 0 1 0 0 0 0
 0 0 0 0 0 0 0 0 1 0 0 0
 0 0 0 0 0 0 0 0 0 1 0 0
 0 0 0 0 0 0 0 0 0 0 1 0
 0 0 0 0 0 0 0 0 0 0 0 1
# cntrlfile_name
C:\Users\bai.li\DOCUME~1\Github\AGE_ST~1\ASSAMC\example\output\AMAK\s30\amak.dat
# Map shared selectivity: 
# sel_map
 1 2
 1 1
# datafile_name
amak_data.dat
# model_name
AMAK_MCP
# SrType
2
# use_age_err
0
# retro
0
# sigmarprior
0.2
# cvsigmarprior
0.25
# phase_sigmar
-3
# styr_rec_est
1
# endyr_rec_est
30
# Linfprior
80
# cvLinfprior
0.25
# kprior
0.18
# cvkprior
0.25
# Loprior
27.688
# cvLoprior
0.25
# sdageprior
0.1
# cvsdageprior
0.25
# natmortprior
0.2
# cvnatmortprior
0.25
# phase_M
-4
# npars_Mage
0
# ages_M_changes

# Mage_in

# Mage_offset_in

# phase_Mage
-5
# phase_rw_M
0
# npars_rw_M
0
# yrs_rw_M

# sigma_rw_M

# qprior
 3.48998e-007
# cvqprior
 1
# phase_q
 1
# q_power_prior
 1
# cvq_power_prior
 0.2
# phase_q_power
 -4
# phase_rw_q
 -1
# npars_rw_q
 0
# yrs_rw_q

# sigma_rw_q

# q_age_min
 1
# q_age_max
 12
# q_age_min
 1
# q_age_max
 12
# fsh_sel_opt(k)
2
# phase_sel_fsh(k)
2
# n_sel_ch_fsh(k)
1
# sel_slp_in_fsh(k)(1,n_sel_ch_fsh(k))
 1
# sel_inf_in_fsh(k)(1,n_sel_ch_fsh(k))
 2
# logsel_slp_in_fsh(k)(1,n_sel_ch_fsh(k))
 0
# yrs_sel_ch_fsh(k)(1,n_sel_ch_fsh(k))
 1

Survey SURVEY1
# ind_sel_opt(k)
2
# indname(k)
SURVEY1
# nselages_in_ind(k)
11
# phase_sel_ind(k)
2
# sel_change_in_ind(k)
 1 0 0 0 0 0 0 0 0 0 0 0 0 0 0 0 0 0 0 0 0 0 0 0 0 0 0 0 0 0
# n_sel_ch_ind(k)
1
# yrs_sel_ch_ind(k)(1,n_sel_ch_ind(k))
 1
# sel_slp_in_ind(k,1)
2
# sel_inf_in_ind(k,1)
1.5
# logsel_slp_in_ind(k,1)
0.693147
# logsel_slp_in_indv(k)
0.693147
SURVEY1 ind sel opt 2  1 0 0 0 0 0 0 0 0 0 0 0 0 0 0 0 0 0 0 0 0 0 0 0 0 0 0 0 0 0
Phase indices Sel_Coffs:  -1
 Test: 1.23457e+008
# Fshry Selages:  11
# Srvy  Selages:  11
# Phase for age-spec fishery  -1
# Phase for logistic fishery  2
# Phase for dble logistic fishery  -1
# Phase for age-spec indices   -1
# Phase for logistic indices   2
# Phase for dble logistic ind  -1
# Curv_pen_fsh: 
 0
# Curv_pen_ind: 
 0
# styr_fut
31
# endyr_fut
35
# nyrs_fsh_age
 30
# nyrs_fsh_age
 30
# yrs_fsh_age
 1 2 3 4 5 6 7 8 9 10 11 12 13 14 15 16 17 18 19 20 21 22 23 24 25 26 27 28 29 30
# n_sample_fsh_age
 200 200 200 200 200 200 200 200 200 200 200 200 200 200 200 200 200 200 200 200 200 200 200 200 200 200 200 200 200 200
# oac_fsh
 0.06 0.09 0.13 0.125 0.085 0.095 0.12 0.05 0.035 0.02 0.02 0.17
 0.065 0.085 0.13 0.17 0.115 0.055 0.1 0.055 0.04 0.035 0.015 0.135
 0.055 0.09 0.14 0.095 0.09 0.105 0.065 0.07 0.045 0.045 0.045 0.155
 0.105 0.065 0.125 0.16 0.105 0.07 0.075 0.05 0.055 0.03 0.03 0.13
 0.07 0.165 0.125 0.15 0.1 0.06 0.045 0.06 0.045 0.03 0.01 0.14
 0.06 0.095 0.225 0.11 0.075 0.06 0.075 0.055 0.055 0.035 0.035 0.12
 0.04 0.1 0.11 0.215 0.075 0.08 0.085 0.045 0.03 0.04 0.07 0.11
 0.13 0.1 0.11 0.09 0.125 0.075 0.095 0.04 0.025 0.03 0.02 0.16
 0.1 0.105 0.155 0.08 0.115 0.105 0.07 0.045 0.06 0.055 0.03 0.08
 0.115 0.14 0.18 0.095 0.075 0.085 0.09 0.055 0.005 0.03 0.03 0.1
 0.145 0.15 0.135 0.165 0.105 0.06 0.06 0.065 0.005 0.015 0.025 0.07
 0.07 0.235 0.16 0.14 0.15 0.07 0.055 0.02 0.01 0.025 0.015 0.05
 0.165 0.09 0.205 0.12 0.11 0.11 0.045 0.02 0.03 0.025 0.01 0.07
 0.07 0.205 0.105 0.205 0.11 0.115 0.045 0.03 0.02 0.025 0.01 0.06
 0.105 0.115 0.16 0.085 0.22 0.085 0.09 0.035 0.015 0.015 0.01 0.065
 0.065 0.19 0.115 0.165 0.105 0.155 0.035 0.065 0.04 0.02 0.005 0.04
 0.15 0.095 0.18 0.13 0.11 0.055 0.07 0.06 0.03 0.035 0.035 0.05
 0.115 0.21 0.095 0.135 0.095 0.085 0.06 0.075 0.025 0.025 0.03 0.05
 0.13 0.105 0.305 0.1 0.115 0.055 0.06 0.02 0.035 0.02 0.015 0.04
 0.185 0.205 0.12 0.225 0.05 0.09 0.035 0.015 0.01 0.02 0.01 0.035
 0.1 0.295 0.14 0.09 0.2 0.075 0.035 0.015 0.005 0.005 0.025 0.015
 0.11 0.14 0.28 0.12 0.1 0.115 0.06 0.025 0.02 0.025 0 0.005
 0.135 0.175 0.19 0.22 0.115 0.03 0.055 0.02 0.02 0.01 0 0.03
 0.125 0.195 0.215 0.075 0.185 0.075 0.05 0.05 0.02 0 0 0.01
 0.26 0.115 0.18 0.15 0.095 0.095 0.07 0 0.005 0.005 0.01 0.015
 0.135 0.265 0.14 0.165 0.125 0.045 0.055 0.02 0.01 0.015 0 0.025
 0.18 0.22 0.25 0.07 0.115 0.04 0.04 0.045 0.01 0.005 0.015 0.01
 0.145 0.215 0.195 0.205 0.07 0.08 0.035 0.025 0.01 0.015 0 0.005
 0.195 0.18 0.235 0.15 0.115 0.05 0.03 0.02 0.01 0.01 0 0.005
 0.13 0.245 0.145 0.225 0.085 0.105 0.015 0.03 0 0.01 0.01 0
# olc_fsh

# wt_fsh
 0.000530656 0.00119633 0.00205827 0.00303499 0.00405521 0.0050647 0.00602623 0.00691692 0.00772489 0.00844611 0.00908185 0.0096367
 0.000530656 0.00119633 0.00205827 0.00303499 0.00405521 0.0050647 0.00602623 0.00691692 0.00772489 0.00844611 0.00908185 0.0096367
 0.000530656 0.00119633 0.00205827 0.00303499 0.00405521 0.0050647 0.00602623 0.00691692 0.00772489 0.00844611 0.00908185 0.0096367
 0.000530656 0.00119633 0.00205827 0.00303499 0.00405521 0.0050647 0.00602623 0.00691692 0.00772489 0.00844611 0.00908185 0.0096367
 0.000530656 0.00119633 0.00205827 0.00303499 0.00405521 0.0050647 0.00602623 0.00691692 0.00772489 0.00844611 0.00908185 0.0096367
 0.000530656 0.00119633 0.00205827 0.00303499 0.00405521 0.0050647 0.00602623 0.00691692 0.00772489 0.00844611 0.00908185 0.0096367
 0.000530656 0.00119633 0.00205827 0.00303499 0.00405521 0.0050647 0.00602623 0.00691692 0.00772489 0.00844611 0.00908185 0.0096367
 0.000530656 0.00119633 0.00205827 0.00303499 0.00405521 0.0050647 0.00602623 0.00691692 0.00772489 0.00844611 0.00908185 0.0096367
 0.000530656 0.00119633 0.00205827 0.00303499 0.00405521 0.0050647 0.00602623 0.00691692 0.00772489 0.00844611 0.00908185 0.0096367
 0.000530656 0.00119633 0.00205827 0.00303499 0.00405521 0.0050647 0.00602623 0.00691692 0.00772489 0.00844611 0.00908185 0.0096367
 0.000530656 0.00119633 0.00205827 0.00303499 0.00405521 0.0050647 0.00602623 0.00691692 0.00772489 0.00844611 0.00908185 0.0096367
 0.000530656 0.00119633 0.00205827 0.00303499 0.00405521 0.0050647 0.00602623 0.00691692 0.00772489 0.00844611 0.00908185 0.0096367
 0.000530656 0.00119633 0.00205827 0.00303499 0.00405521 0.0050647 0.00602623 0.00691692 0.00772489 0.00844611 0.00908185 0.0096367
 0.000530656 0.00119633 0.00205827 0.00303499 0.00405521 0.0050647 0.00602623 0.00691692 0.00772489 0.00844611 0.00908185 0.0096367
 0.000530656 0.00119633 0.00205827 0.00303499 0.00405521 0.0050647 0.00602623 0.00691692 0.00772489 0.00844611 0.00908185 0.0096367
 0.000530656 0.00119633 0.00205827 0.00303499 0.00405521 0.0050647 0.00602623 0.00691692 0.00772489 0.00844611 0.00908185 0.0096367
 0.000530656 0.00119633 0.00205827 0.00303499 0.00405521 0.0050647 0.00602623 0.00691692 0.00772489 0.00844611 0.00908185 0.0096367
 0.000530656 0.00119633 0.00205827 0.00303499 0.00405521 0.0050647 0.00602623 0.00691692 0.00772489 0.00844611 0.00908185 0.0096367
 0.000530656 0.00119633 0.00205827 0.00303499 0.00405521 0.0050647 0.00602623 0.00691692 0.00772489 0.00844611 0.00908185 0.0096367
 0.000530656 0.00119633 0.00205827 0.00303499 0.00405521 0.0050647 0.00602623 0.00691692 0.00772489 0.00844611 0.00908185 0.0096367
 0.000530656 0.00119633 0.00205827 0.00303499 0.00405521 0.0050647 0.00602623 0.00691692 0.00772489 0.00844611 0.00908185 0.0096367
 0.000530656 0.00119633 0.00205827 0.00303499 0.00405521 0.0050647 0.00602623 0.00691692 0.00772489 0.00844611 0.00908185 0.0096367
 0.000530656 0.00119633 0.00205827 0.00303499 0.00405521 0.0050647 0.00602623 0.00691692 0.00772489 0.00844611 0.00908185 0.0096367
 0.000530656 0.00119633 0.00205827 0.00303499 0.00405521 0.0050647 0.00602623 0.00691692 0.00772489 0.00844611 0.00908185 0.0096367
 0.000530656 0.00119633 0.00205827 0.00303499 0.00405521 0.0050647 0.00602623 0.00691692 0.00772489 0.00844611 0.00908185 0.0096367
 0.000530656 0.00119633 0.00205827 0.00303499 0.00405521 0.0050647 0.00602623 0.00691692 0.00772489 0.00844611 0.00908185 0.0096367
 0.000530656 0.00119633 0.00205827 0.00303499 0.00405521 0.0050647 0.00602623 0.00691692 0.00772489 0.00844611 0.00908185 0.0096367
 0.000530656 0.00119633 0.00205827 0.00303499 0.00405521 0.0050647 0.00602623 0.00691692 0.00772489 0.00844611 0.00908185 0.0096367
 0.000530656 0.00119633 0.00205827 0.00303499 0.00405521 0.0050647 0.00602623 0.00691692 0.00772489 0.00844611 0.00908185 0.0096367
 0.000530656 0.00119633 0.00205827 0.00303499 0.00405521 0.0050647 0.00602623 0.00691692 0.00772489 0.00844611 0.00908185 0.0096367
# nyrs_ind_age
 30
# yrs_ind_age
 1 2 3 4 5 6 7 8 9 10 11 12 13 14 15 16 17 18 19 20 21 22 23 24 25 26 27 28 29 30
# n_sample_ind_age
 200 200 200 200 200 200 200 200 200 200 200 200 200 200 200 200 200 200 200 200 200 200 200 200 200 200 200 200 200 200
# oac_ind
 0.06 0.115 0.17 0.115 0.095 0.07 0.085 0.065 0.03 0.035 0.03 0.13
 0.08 0.15 0.175 0.115 0.095 0.05 0.06 0.035 0.04 0.02 0.03 0.15
 0.04 0.115 0.14 0.15 0.09 0.105 0.1 0.04 0.035 0.02 0.015 0.15
 0.1 0.11 0.135 0.165 0.08 0.09 0.07 0.045 0.03 0.04 0.045 0.09
 0.075 0.15 0.1 0.145 0.085 0.065 0.08 0.055 0.065 0.03 0.035 0.115
 0.04 0.095 0.19 0.105 0.09 0.08 0.085 0.06 0.045 0.035 0.035 0.14
 0.1 0.11 0.12 0.155 0.115 0.09 0.055 0.05 0.025 0.025 0.005 0.15
 0.08 0.14 0.135 0.105 0.14 0.08 0.07 0.045 0.04 0.045 0.04 0.08
 0.06 0.135 0.13 0.11 0.125 0.115 0.055 0.06 0.035 0.045 0.025 0.105
 0.105 0.195 0.2 0.13 0.05 0.085 0.055 0.02 0.025 0.04 0.025 0.07
 0.135 0.16 0.165 0.145 0.075 0.055 0.04 0.06 0.01 0.035 0.035 0.085
 0.045 0.245 0.23 0.165 0.125 0.03 0.025 0.025 0.03 0.01 0.005 0.065
 0.075 0.08 0.21 0.19 0.075 0.085 0.06 0.045 0.02 0.05 0.01 0.1
 0.065 0.23 0.095 0.265 0.08 0.08 0.045 0.035 0.005 0.015 0.035 0.05
 0.115 0.14 0.215 0.08 0.12 0.09 0.065 0.03 0.035 0.005 0.01 0.095
 0.07 0.25 0.135 0.15 0.08 0.11 0.06 0.03 0.06 0.005 0.01 0.04
 0.105 0.14 0.28 0.12 0.11 0.055 0.065 0.02 0.02 0.02 0.02 0.045
 0.055 0.31 0.12 0.155 0.055 0.135 0.02 0.05 0.02 0.015 0.015 0.05
 0.065 0.17 0.27 0.085 0.1 0.055 0.09 0.035 0.05 0.015 0.01 0.055
 0.14 0.285 0.125 0.19 0.06 0.075 0.035 0.045 0.005 0.02 0.01 0.01
 0.07 0.34 0.18 0.085 0.12 0.065 0.05 0.025 0.01 0 0.01 0.045
 0.125 0.195 0.31 0.155 0.055 0.04 0.025 0.03 0.015 0.01 0.02 0.02
 0.1 0.205 0.175 0.235 0.13 0.04 0.045 0.025 0.02 0.01 0.01 0.005
 0.07 0.23 0.25 0.155 0.14 0.06 0.025 0.025 0.025 0.01 0.005 0.005
 0.16 0.205 0.22 0.145 0.11 0.065 0.03 0.01 0.02 0.005 0.005 0.025
 0.085 0.335 0.17 0.175 0.095 0.025 0.06 0.04 0 0.01 0.005 0
 0.12 0.255 0.29 0.135 0.09 0.045 0.01 0.025 0.015 0.005 0.005 0.005
 0.095 0.275 0.225 0.16 0.055 0.07 0.025 0.035 0.03 0.01 0 0.02
 0.135 0.2 0.305 0.16 0.1 0.03 0.04 0.015 0.01 0 0 0.005
 0.11 0.315 0.215 0.165 0.075 0.035 0.02 0.02 0.01 0.005 0.01 0.02
# olc_ind

# obs_lse_ind
 0.198042 0.198042 0.198042 0.198042 0.198042 0.198042 0.198042 0.198042 0.198042 0.198042 0.198042 0.198042 0.198042 0.198042 0.198042 0.198042 0.198042 0.198042 0.198042 0.198042 0.198042 0.198042 0.198042 0.198042 0.198042 0.198042 0.198042 0.198042 0.198042 0.198042
# xages_fsh
 0 0 0 0 0 0 0 0 0 0 0 0
# xages_fsh
 0 0.0909091 0.181818 0.272727 0.363636 0.454545 0.545455 0.636364 0.727273 0.818182 0.909091 1
# xnodes_fsh

Yrs fsh_sel change:  1 0 0 0 0 0 0 0 0 0 0 0 0 0 0 0 0 0 0 0 0 0 0 0 0 0 0 0 0
Yrs ind_sel change:  1 0 0 0 0 0 0 0 0 0 0 0 0 0 0 0 0 0 0 0 0 0 0 0 0 0 0 0 0
# steepnessprior
0.75
# sigmarprior
0.2
#  SSB estimated in styr endyr: -13 28 
#  Rec estimated in styr endyr: -11 30 
#  SR Curve fit  in styr endyr: 1 30 
#             Model styr endyr: 1 30 
# qprior
 3.48998e-007
# q_power_prior 
 1 
# cv_catchbiomass 
0.05 
# CatchbiomassPen 
200 
# Number of projection years 
5 
# offset_fsh
 13252.6
# offset_ind
 13004.7
Mean Catch
1228.14
R_guess 
15.3734
# nfsh
1
# n_sel_ch_fsh
 1
# nselages_fsh
 11
# phase_selcoff_fsh
 -1
logRzero 15.3734
logmeanrec 15.3734
exp(log_sigmarprior 0.2
Fish sel phase: -1 FLEET1
Fixing fishery sel to
1
Srvy sel phase: -1
Fixing SURVEY1 indices sel to
1
# logsel_slp_in_indv
 0.693147
Leaving parameter init secton
# M
 0.2 0.2 0.2 0.2 0.2 0.2 0.2 0.2 0.2 0.2 0.2 0.2
 0.2 0.2 0.2 0.2 0.2 0.2 0.2 0.2 0.2 0.2 0.2 0.2
 0.2 0.2 0.2 0.2 0.2 0.2 0.2 0.2 0.2 0.2 0.2 0.2
 0.2 0.2 0.2 0.2 0.2 0.2 0.2 0.2 0.2 0.2 0.2 0.2
 0.2 0.2 0.2 0.2 0.2 0.2 0.2 0.2 0.2 0.2 0.2 0.2
 0.2 0.2 0.2 0.2 0.2 0.2 0.2 0.2 0.2 0.2 0.2 0.2
 0.2 0.2 0.2 0.2 0.2 0.2 0.2 0.2 0.2 0.2 0.2 0.2
 0.2 0.2 0.2 0.2 0.2 0.2 0.2 0.2 0.2 0.2 0.2 0.2
 0.2 0.2 0.2 0.2 0.2 0.2 0.2 0.2 0.2 0.2 0.2 0.2
 0.2 0.2 0.2 0.2 0.2 0.2 0.2 0.2 0.2 0.2 0.2 0.2
 0.2 0.2 0.2 0.2 0.2 0.2 0.2 0.2 0.2 0.2 0.2 0.2
 0.2 0.2 0.2 0.2 0.2 0.2 0.2 0.2 0.2 0.2 0.2 0.2
 0.2 0.2 0.2 0.2 0.2 0.2 0.2 0.2 0.2 0.2 0.2 0.2
 0.2 0.2 0.2 0.2 0.2 0.2 0.2 0.2 0.2 0.2 0.2 0.2
 0.2 0.2 0.2 0.2 0.2 0.2 0.2 0.2 0.2 0.2 0.2 0.2
 0.2 0.2 0.2 0.2 0.2 0.2 0.2 0.2 0.2 0.2 0.2 0.2
 0.2 0.2 0.2 0.2 0.2 0.2 0.2 0.2 0.2 0.2 0.2 0.2
 0.2 0.2 0.2 0.2 0.2 0.2 0.2 0.2 0.2 0.2 0.2 0.2
 0.2 0.2 0.2 0.2 0.2 0.2 0.2 0.2 0.2 0.2 0.2 0.2
 0.2 0.2 0.2 0.2 0.2 0.2 0.2 0.2 0.2 0.2 0.2 0.2
 0.2 0.2 0.2 0.2 0.2 0.2 0.2 0.2 0.2 0.2 0.2 0.2
 0.2 0.2 0.2 0.2 0.2 0.2 0.2 0.2 0.2 0.2 0.2 0.2
 0.2 0.2 0.2 0.2 0.2 0.2 0.2 0.2 0.2 0.2 0.2 0.2
 0.2 0.2 0.2 0.2 0.2 0.2 0.2 0.2 0.2 0.2 0.2 0.2
 0.2 0.2 0.2 0.2 0.2 0.2 0.2 0.2 0.2 0.2 0.2 0.2
 0.2 0.2 0.2 0.2 0.2 0.2 0.2 0.2 0.2 0.2 0.2 0.2
 0.2 0.2 0.2 0.2 0.2 0.2 0.2 0.2 0.2 0.2 0.2 0.2
 0.2 0.2 0.2 0.2 0.2 0.2 0.2 0.2 0.2 0.2 0.2 0.2
 0.2 0.2 0.2 0.2 0.2 0.2 0.2 0.2 0.2 0.2 0.2 0.2
 0.2 0.2 0.2 0.2 0.2 0.2 0.2 0.2 0.2 0.2 0.2 0.2
# mean_log_rec
13.6986
# log_Rzero
13.7585
# rec_dev
 0.0121127 0.0148217 -0.059712 -0.14165 -0.156856 -0.00190505 0.0384061 0.0296695 -0.0212406 0.0872744 0.0577608 0.0451853 0.0937341 0.0428493 -0.13732 0.340938 -0.0859009 -0.248946 -0.0764563 0.177279 0.092568 0.103431 0.430424 -0.38611 0.16736 -0.248351 0.12279 -0.350144 0.301659 -0.41262 -0.0198543 0.330902 -0.259045 -0.15405 -0.132393 -0.510317 0.0613157 -0.214253 -0.0261974 -0.349961 -0.0728195 -0.364283
# fmort
 0.00996048 0.0287465 0.0472258 0.0640685 0.0510749 0.0913971 0.0918971 0.195142 0.112413 0.137789 0.155874 0.167261 0.121714 0.176688 0.188594 0.170444 0.333393 0.277028 0.273293 0.273114 0.369556 0.267496 0.437256 0.360285 0.355912 0.32332 0.321838 0.464589 0.359699 0.583519
# rec_dev_future
 0 0 0 0 0
