AMAK;Mar 2020
# styr
1
# endyr
30
# rec_age
1
# oldest_age
12
# nlength
81
# len_bins
 10 11 12 13 14 15 16 17 18 19 20 21 22 23 24 25 26 27 28 29 30 31 32 33 34 35 36 37 38 39 40 41 42 43 44 45 46 47 48 49 50 51 52 53 54 55 56 57 58 59 60 61 62 63 64 65 66 67 68 69 70 71 72 73 74 75 76 77 78 79 80 81 82 83 84 85 86 87 88 89 90
# datafile_name
amak_data.dat
# model_name
AMAK_MCP
# styr
1
# endyr
30
# rec_age
1
# oldest_age
12
# nfsh
1
# fshname
FLEET1
# catch_bio_in
 160.897 458.194 743.208 958.52 724.471 1246.14 1178.89 2253.79 1184.33 1347.85 1427.83 1430.53 973.995 1359.05 1345.76 1149.44 2057.15 1480.02 1377.18 1238.85 1535.39 1013.47 1513.95 1129.98 1091 1000.67 983.676 1270.43 872.267 1223.68
# catch_bio_sd_in
 0.01 0.01 0.01 0.01 0.01 0.01 0.01 0.01 0.01 0.01 0.01 0.01 0.01 0.01 0.01 0.01 0.01 0.01 0.01 0.01 0.01 0.01 0.01 0.01 0.01 0.01 0.01 0.01 0.01 0.01
# nyrs_fsh_age
 30
# nyrs_fsh_length
 0
# yrs_fsh_age_in
 1 2 3 4 5 6 7 8 9 10 11 12 13 14 15 16 17 18 19 20 21 22 23 24 25 26 27 28 29 30
# yrs_fsh_length_in

# n_sample_fsh_length_in

# olc_fsh_in

# nind
1
# indname
SURVEY1
# nyrs_ind
 30
# yrs_ind_in
 1 2 3 4 5 6 7 8 9 10 11 12 13 14 15 16 17 18 19 20 21 22 23 24 25 26 27 28 29 30
# mo_ind
 1
# obs_ind_in
 1.61143 1.51519 1.56121 1.31023 1.69538 1.51975 1.19747 1.16376 1.20866 1.10724 1.24277 1.18752 0.90497 1.05323 0.841524 0.974259 0.880997 0.99172 0.772787 0.821345 0.690168 0.630876 0.604371 0.587537 0.658465 0.718102 0.647131 0.637994 0.580841 0.526528
# obs_se_ind_in
 0.322287 0.303038 0.312242 0.262047 0.339075 0.30395 0.239494 0.232752 0.241732 0.221447 0.248554 0.237504 0.180994 0.210646 0.168305 0.194852 0.176199 0.198344 0.154557 0.164269 0.138034 0.126175 0.120874 0.117507 0.131693 0.14362 0.129426 0.127599 0.116168 0.105306
# nyrs_ind_age
 30
# nyrs_ind_length
 0
# yrs_ind_age_in
 1 2 3 4 5 6 7 8 9 10 11 12 13 14 15 16 17 18 19 20 21 22 23 24 25 26 27 28 29 30
# yrs_ind_length_in

# yrs_ind_age_in
 1 2 3 4 5 6 7 8 9 10 11 12 13 14 15 16 17 18 19 20 21 22 23 24 25 26 27 28 29 30
# n_sample_ind_length_in

# olc_ind_in

# oac_ind_in
 0.085 0.125 0.17 0.135 0.11 0.095 0.035 0.04 0.025 0.05 0.02 0.11
 0.02 0.215 0.17 0.1 0.11 0.07 0.05 0.05 0.045 0.035 0.025 0.11
 0.1 0.08 0.16 0.135 0.105 0.115 0.065 0.06 0.04 0.025 0.04 0.075
 0.065 0.15 0.115 0.15 0.1 0.115 0.035 0.05 0.035 0.03 0.025 0.13
 0.045 0.1 0.245 0.08 0.1 0.07 0.065 0.05 0.065 0.045 0.015 0.12
 0.11 0.155 0.11 0.12 0.035 0.11 0.085 0.07 0.04 0.025 0.03 0.11
 0.085 0.135 0.12 0.14 0.16 0.03 0.045 0.035 0.055 0.04 0.05 0.105
 0.035 0.19 0.2 0.13 0.11 0.055 0.045 0.075 0.025 0.025 0.03 0.08
 0.065 0.16 0.18 0.135 0.075 0.045 0.06 0.035 0.055 0.045 0.02 0.125
 0.085 0.15 0.18 0.195 0.095 0.055 0.05 0.03 0.025 0.04 0.01 0.085
 0.105 0.22 0.155 0.13 0.105 0.05 0.04 0.065 0.035 0.005 0.02 0.07
 0.06 0.2 0.215 0.09 0.085 0.07 0.055 0.04 0.035 0.04 0.005 0.105
 0.06 0.15 0.19 0.14 0.115 0.06 0.08 0.05 0.03 0.05 0.015 0.06
 0.07 0.21 0.12 0.145 0.115 0.06 0.04 0.05 0.035 0.05 0.015 0.09
 0.095 0.15 0.245 0.115 0.125 0.075 0.07 0.015 0.045 0.01 0.015 0.04
 0.095 0.195 0.17 0.18 0.07 0.09 0.075 0.03 0.015 0.035 0.01 0.035
 0.075 0.26 0.2 0.135 0.115 0.05 0.04 0.035 0.015 0.005 0.025 0.045
 0.09 0.19 0.235 0.165 0.1 0.065 0.045 0.02 0.045 0.015 0.005 0.025
 0.12 0.16 0.225 0.14 0.115 0.06 0.04 0.025 0.01 0.035 0.01 0.06
 0.08 0.2 0.2 0.18 0.12 0.06 0.05 0.015 0.02 0.02 0 0.055
 0.115 0.175 0.24 0.095 0.145 0.06 0.06 0.03 0.03 0 0.01 0.04
 0.125 0.25 0.15 0.17 0.095 0.07 0.03 0.045 0.005 0.015 0.015 0.03
 0.105 0.235 0.255 0.115 0.105 0.06 0.06 0.035 0.005 0.005 0.015 0.005
 0.14 0.26 0.245 0.15 0.055 0.065 0.03 0.02 0.01 0.005 0.005 0.015
 0.13 0.31 0.2 0.125 0.085 0.055 0.035 0.02 0.01 0.005 0.005 0.02
 0.135 0.195 0.335 0.095 0.105 0.07 0.035 0.015 0.005 0 0 0.01
 0.075 0.31 0.15 0.25 0.075 0.065 0.035 0.015 0.01 0.01 0 0.005
 0.085 0.24 0.255 0.115 0.185 0.055 0.04 0.01 0.01 0.005 0 0
 0.19 0.17 0.245 0.155 0.07 0.12 0.03 0 0.01 0 0.01 0
 0.11 0.305 0.155 0.16 0.16 0.035 0.04 0.02 0.005 0.005 0 0.005
# wt_ind
 1 1 1 1 1 1 1 1 1 1 1 1
 1 1 1 1 1 1 1 1 1 1 1 1
 1 1 1 1 1 1 1 1 1 1 1 1
 1 1 1 1 1 1 1 1 1 1 1 1
 1 1 1 1 1 1 1 1 1 1 1 1
 1 1 1 1 1 1 1 1 1 1 1 1
 1 1 1 1 1 1 1 1 1 1 1 1
 1 1 1 1 1 1 1 1 1 1 1 1
 1 1 1 1 1 1 1 1 1 1 1 1
 1 1 1 1 1 1 1 1 1 1 1 1
 1 1 1 1 1 1 1 1 1 1 1 1
 1 1 1 1 1 1 1 1 1 1 1 1
 1 1 1 1 1 1 1 1 1 1 1 1
 1 1 1 1 1 1 1 1 1 1 1 1
 1 1 1 1 1 1 1 1 1 1 1 1
 1 1 1 1 1 1 1 1 1 1 1 1
 1 1 1 1 1 1 1 1 1 1 1 1
 1 1 1 1 1 1 1 1 1 1 1 1
 1 1 1 1 1 1 1 1 1 1 1 1
 1 1 1 1 1 1 1 1 1 1 1 1
 1 1 1 1 1 1 1 1 1 1 1 1
 1 1 1 1 1 1 1 1 1 1 1 1
 1 1 1 1 1 1 1 1 1 1 1 1
 1 1 1 1 1 1 1 1 1 1 1 1
 1 1 1 1 1 1 1 1 1 1 1 1
 1 1 1 1 1 1 1 1 1 1 1 1
 1 1 1 1 1 1 1 1 1 1 1 1
 1 1 1 1 1 1 1 1 1 1 1 1
 1 1 1 1 1 1 1 1 1 1 1 1
 1 1 1 1 1 1 1 1 1 1 1 1
# wt_pop
 0.000530656 0.00119633 0.00205827 0.00303499 0.00405521 0.0050647 0.00602623 0.00691692 0.00772489 0.00844611 0.00908185 0.0096367
# maturity
 0.0229774 0.320821 0.904651 0.99478 0.999739 0.999987 0.999999 1 1 1 1 1
# spawnmo
1
# age_err
 1 0 0 0 0 0 0 0 0 0 0 0
 0 1 0 0 0 0 0 0 0 0 0 0
 0 0 1 0 0 0 0 0 0 0 0 0
 0 0 0 1 0 0 0 0 0 0 0 0
 0 0 0 0 1 0 0 0 0 0 0 0
 0 0 0 0 0 1 0 0 0 0 0 0
 0 0 0 0 0 0 1 0 0 0 0 0
 0 0 0 0 0 0 0 1 0 0 0 0
 0 0 0 0 0 0 0 0 1 0 0 0
 0 0 0 0 0 0 0 0 0 1 0 0
 0 0 0 0 0 0 0 0 0 0 1 0
 0 0 0 0 0 0 0 0 0 0 0 1
# cntrlfile_name
C:\Users\bai.li\DOCUME~1\Github\AGE_ST~1\ASSAMC\example\output\AMAK\s55\amak.dat
# Map shared selectivity: 
# sel_map
 1 2
 1 1
# datafile_name
amak_data.dat
# model_name
AMAK_MCP
# SrType
2
# use_age_err
0
# retro
0
# sigmarprior
0.2
# cvsigmarprior
0.25
# phase_sigmar
-3
# styr_rec_est
1
# endyr_rec_est
30
# Linfprior
80
# cvLinfprior
0.25
# kprior
0.18
# cvkprior
0.25
# Loprior
27.688
# cvLoprior
0.25
# sdageprior
0.1
# cvsdageprior
0.25
# natmortprior
0.2
# cvnatmortprior
0.25
# phase_M
-4
# npars_Mage
0
# ages_M_changes

# Mage_in

# Mage_offset_in

# phase_Mage
-5
# phase_rw_M
0
# npars_rw_M
0
# yrs_rw_M

# sigma_rw_M

# qprior
 3.48998e-007
# cvqprior
 1
# phase_q
 1
# q_power_prior
 1
# cvq_power_prior
 0.2
# phase_q_power
 -4
# phase_rw_q
 -1
# npars_rw_q
 0
# yrs_rw_q

# sigma_rw_q

# q_age_min
 1
# q_age_max
 12
# q_age_min
 1
# q_age_max
 12
# fsh_sel_opt(k)
2
# phase_sel_fsh(k)
2
# n_sel_ch_fsh(k)
1
# sel_slp_in_fsh(k)(1,n_sel_ch_fsh(k))
 1
# sel_inf_in_fsh(k)(1,n_sel_ch_fsh(k))
 2
# logsel_slp_in_fsh(k)(1,n_sel_ch_fsh(k))
 0
# yrs_sel_ch_fsh(k)(1,n_sel_ch_fsh(k))
 1

Survey SURVEY1
# ind_sel_opt(k)
2
# indname(k)
SURVEY1
# nselages_in_ind(k)
11
# phase_sel_ind(k)
2
# sel_change_in_ind(k)
 1 0 0 0 0 0 0 0 0 0 0 0 0 0 0 0 0 0 0 0 0 0 0 0 0 0 0 0 0 0
# n_sel_ch_ind(k)
1
# yrs_sel_ch_ind(k)(1,n_sel_ch_ind(k))
 1
# sel_slp_in_ind(k,1)
2
# sel_inf_in_ind(k,1)
1.5
# logsel_slp_in_ind(k,1)
0.693147
# logsel_slp_in_indv(k)
0.693147
SURVEY1 ind sel opt 2  1 0 0 0 0 0 0 0 0 0 0 0 0 0 0 0 0 0 0 0 0 0 0 0 0 0 0 0 0 0
Phase indices Sel_Coffs:  -1
 Test: 1.23457e+008
# Fshry Selages:  11
# Srvy  Selages:  11
# Phase for age-spec fishery  -1
# Phase for logistic fishery  2
# Phase for dble logistic fishery  -1
# Phase for age-spec indices   -1
# Phase for logistic indices   2
# Phase for dble logistic ind  -1
# Curv_pen_fsh: 
 0
# Curv_pen_ind: 
 0
# styr_fut
31
# endyr_fut
35
# nyrs_fsh_age
 30
# nyrs_fsh_age
 30
# yrs_fsh_age
 1 2 3 4 5 6 7 8 9 10 11 12 13 14 15 16 17 18 19 20 21 22 23 24 25 26 27 28 29 30
# n_sample_fsh_age
 200 200 200 200 200 200 200 200 200 200 200 200 200 200 200 200 200 200 200 200 200 200 200 200 200 200 200 200 200 200
# oac_fsh
 0.05 0.135 0.13 0.08 0.085 0.1 0.09 0.07 0.05 0.045 0.015 0.15
 0.05 0.1 0.155 0.12 0.13 0.095 0.055 0.06 0.065 0.025 0.02 0.125
 0.095 0.07 0.09 0.125 0.13 0.05 0.08 0.035 0.05 0.09 0.04 0.145
 0.055 0.115 0.075 0.14 0.12 0.06 0.09 0.07 0.04 0.05 0.025 0.16
 0.045 0.095 0.165 0.085 0.08 0.125 0.075 0.06 0.045 0.055 0.04 0.13
 0.105 0.07 0.125 0.15 0.105 0.065 0.08 0.07 0.05 0.02 0.035 0.125
 0.1 0.135 0.105 0.12 0.11 0.075 0.09 0.055 0.03 0.02 0.035 0.125
 0.06 0.14 0.155 0.125 0.12 0.095 0.03 0.045 0.045 0.04 0.025 0.12
 0.115 0.1 0.16 0.145 0.11 0.05 0.065 0.05 0.025 0.045 0.04 0.095
 0.1 0.1 0.1 0.165 0.105 0.1 0.065 0.06 0.03 0.03 0.02 0.125
 0.09 0.185 0.165 0.14 0.1 0.075 0.045 0.035 0.05 0.015 0.025 0.075
 0.07 0.135 0.225 0.11 0.105 0.08 0.075 0.03 0.015 0.055 0.015 0.085
 0.085 0.105 0.2 0.14 0.145 0.08 0.045 0.03 0.035 0.015 0.03 0.09
 0.1 0.135 0.14 0.15 0.15 0.075 0.07 0.03 0.02 0.015 0.025 0.09
 0.13 0.15 0.125 0.085 0.12 0.145 0.07 0.04 0.04 0.01 0.025 0.06
 0.155 0.1 0.22 0.165 0.1 0.085 0.045 0.035 0.025 0.02 0.015 0.035
 0.125 0.17 0.19 0.155 0.125 0.035 0.06 0.035 0.035 0.015 0.02 0.035
 0.1 0.175 0.215 0.155 0.11 0.05 0.065 0.035 0.015 0.005 0.015 0.06
 0.13 0.12 0.15 0.215 0.145 0.08 0.06 0.03 0.015 0.01 0.01 0.035
 0.085 0.17 0.165 0.18 0.11 0.075 0.08 0.055 0.02 0.02 0.01 0.03
 0.165 0.175 0.17 0.115 0.12 0.09 0.08 0.03 0.02 0 0 0.035
 0.15 0.165 0.185 0.13 0.105 0.055 0.085 0.04 0.025 0.02 0.005 0.035
 0.16 0.17 0.22 0.115 0.095 0.07 0.07 0.035 0.02 0.02 0 0.025
 0.275 0.195 0.18 0.1 0.045 0.065 0.04 0.03 0.02 0.03 0.01 0.01
 0.125 0.275 0.22 0.16 0.1 0.04 0.025 0.03 0.005 0 0.01 0.01
 0.125 0.195 0.3 0.145 0.085 0.06 0.03 0.005 0.03 0.01 0 0.015
 0.115 0.215 0.18 0.26 0.075 0.055 0.06 0.01 0.005 0.015 0.005 0.005
 0.065 0.165 0.245 0.11 0.21 0.06 0.06 0.03 0.005 0.02 0.015 0.015
 0.17 0.17 0.235 0.135 0.08 0.085 0.065 0.03 0.01 0.005 0.005 0.01
 0.17 0.24 0.185 0.125 0.125 0.05 0.065 0.01 0.01 0.02 0 0
# olc_fsh

# wt_fsh
 0.000530656 0.00119633 0.00205827 0.00303499 0.00405521 0.0050647 0.00602623 0.00691692 0.00772489 0.00844611 0.00908185 0.0096367
 0.000530656 0.00119633 0.00205827 0.00303499 0.00405521 0.0050647 0.00602623 0.00691692 0.00772489 0.00844611 0.00908185 0.0096367
 0.000530656 0.00119633 0.00205827 0.00303499 0.00405521 0.0050647 0.00602623 0.00691692 0.00772489 0.00844611 0.00908185 0.0096367
 0.000530656 0.00119633 0.00205827 0.00303499 0.00405521 0.0050647 0.00602623 0.00691692 0.00772489 0.00844611 0.00908185 0.0096367
 0.000530656 0.00119633 0.00205827 0.00303499 0.00405521 0.0050647 0.00602623 0.00691692 0.00772489 0.00844611 0.00908185 0.0096367
 0.000530656 0.00119633 0.00205827 0.00303499 0.00405521 0.0050647 0.00602623 0.00691692 0.00772489 0.00844611 0.00908185 0.0096367
 0.000530656 0.00119633 0.00205827 0.00303499 0.00405521 0.0050647 0.00602623 0.00691692 0.00772489 0.00844611 0.00908185 0.0096367
 0.000530656 0.00119633 0.00205827 0.00303499 0.00405521 0.0050647 0.00602623 0.00691692 0.00772489 0.00844611 0.00908185 0.0096367
 0.000530656 0.00119633 0.00205827 0.00303499 0.00405521 0.0050647 0.00602623 0.00691692 0.00772489 0.00844611 0.00908185 0.0096367
 0.000530656 0.00119633 0.00205827 0.00303499 0.00405521 0.0050647 0.00602623 0.00691692 0.00772489 0.00844611 0.00908185 0.0096367
 0.000530656 0.00119633 0.00205827 0.00303499 0.00405521 0.0050647 0.00602623 0.00691692 0.00772489 0.00844611 0.00908185 0.0096367
 0.000530656 0.00119633 0.00205827 0.00303499 0.00405521 0.0050647 0.00602623 0.00691692 0.00772489 0.00844611 0.00908185 0.0096367
 0.000530656 0.00119633 0.00205827 0.00303499 0.00405521 0.0050647 0.00602623 0.00691692 0.00772489 0.00844611 0.00908185 0.0096367
 0.000530656 0.00119633 0.00205827 0.00303499 0.00405521 0.0050647 0.00602623 0.00691692 0.00772489 0.00844611 0.00908185 0.0096367
 0.000530656 0.00119633 0.00205827 0.00303499 0.00405521 0.0050647 0.00602623 0.00691692 0.00772489 0.00844611 0.00908185 0.0096367
 0.000530656 0.00119633 0.00205827 0.00303499 0.00405521 0.0050647 0.00602623 0.00691692 0.00772489 0.00844611 0.00908185 0.0096367
 0.000530656 0.00119633 0.00205827 0.00303499 0.00405521 0.0050647 0.00602623 0.00691692 0.00772489 0.00844611 0.00908185 0.0096367
 0.000530656 0.00119633 0.00205827 0.00303499 0.00405521 0.0050647 0.00602623 0.00691692 0.00772489 0.00844611 0.00908185 0.0096367
 0.000530656 0.00119633 0.00205827 0.00303499 0.00405521 0.0050647 0.00602623 0.00691692 0.00772489 0.00844611 0.00908185 0.0096367
 0.000530656 0.00119633 0.00205827 0.00303499 0.00405521 0.0050647 0.00602623 0.00691692 0.00772489 0.00844611 0.00908185 0.0096367
 0.000530656 0.00119633 0.00205827 0.00303499 0.00405521 0.0050647 0.00602623 0.00691692 0.00772489 0.00844611 0.00908185 0.0096367
 0.000530656 0.00119633 0.00205827 0.00303499 0.00405521 0.0050647 0.00602623 0.00691692 0.00772489 0.00844611 0.00908185 0.0096367
 0.000530656 0.00119633 0.00205827 0.00303499 0.00405521 0.0050647 0.00602623 0.00691692 0.00772489 0.00844611 0.00908185 0.0096367
 0.000530656 0.00119633 0.00205827 0.00303499 0.00405521 0.0050647 0.00602623 0.00691692 0.00772489 0.00844611 0.00908185 0.0096367
 0.000530656 0.00119633 0.00205827 0.00303499 0.00405521 0.0050647 0.00602623 0.00691692 0.00772489 0.00844611 0.00908185 0.0096367
 0.000530656 0.00119633 0.00205827 0.00303499 0.00405521 0.0050647 0.00602623 0.00691692 0.00772489 0.00844611 0.00908185 0.0096367
 0.000530656 0.00119633 0.00205827 0.00303499 0.00405521 0.0050647 0.00602623 0.00691692 0.00772489 0.00844611 0.00908185 0.0096367
 0.000530656 0.00119633 0.00205827 0.00303499 0.00405521 0.0050647 0.00602623 0.00691692 0.00772489 0.00844611 0.00908185 0.0096367
 0.000530656 0.00119633 0.00205827 0.00303499 0.00405521 0.0050647 0.00602623 0.00691692 0.00772489 0.00844611 0.00908185 0.0096367
 0.000530656 0.00119633 0.00205827 0.00303499 0.00405521 0.0050647 0.00602623 0.00691692 0.00772489 0.00844611 0.00908185 0.0096367
# nyrs_ind_age
 30
# yrs_ind_age
 1 2 3 4 5 6 7 8 9 10 11 12 13 14 15 16 17 18 19 20 21 22 23 24 25 26 27 28 29 30
# n_sample_ind_age
 200 200 200 200 200 200 200 200 200 200 200 200 200 200 200 200 200 200 200 200 200 200 200 200 200 200 200 200 200 200
# oac_ind
 0.085 0.125 0.17 0.135 0.11 0.095 0.035 0.04 0.025 0.05 0.02 0.11
 0.02 0.215 0.17 0.1 0.11 0.07 0.05 0.05 0.045 0.035 0.025 0.11
 0.1 0.08 0.16 0.135 0.105 0.115 0.065 0.06 0.04 0.025 0.04 0.075
 0.065 0.15 0.115 0.15 0.1 0.115 0.035 0.05 0.035 0.03 0.025 0.13
 0.045 0.1 0.245 0.08 0.1 0.07 0.065 0.05 0.065 0.045 0.015 0.12
 0.11 0.155 0.11 0.12 0.035 0.11 0.085 0.07 0.04 0.025 0.03 0.11
 0.085 0.135 0.12 0.14 0.16 0.03 0.045 0.035 0.055 0.04 0.05 0.105
 0.035 0.19 0.2 0.13 0.11 0.055 0.045 0.075 0.025 0.025 0.03 0.08
 0.065 0.16 0.18 0.135 0.075 0.045 0.06 0.035 0.055 0.045 0.02 0.125
 0.085 0.15 0.18 0.195 0.095 0.055 0.05 0.03 0.025 0.04 0.01 0.085
 0.105 0.22 0.155 0.13 0.105 0.05 0.04 0.065 0.035 0.005 0.02 0.07
 0.06 0.2 0.215 0.09 0.085 0.07 0.055 0.04 0.035 0.04 0.005 0.105
 0.06 0.15 0.19 0.14 0.115 0.06 0.08 0.05 0.03 0.05 0.015 0.06
 0.07 0.21 0.12 0.145 0.115 0.06 0.04 0.05 0.035 0.05 0.015 0.09
 0.095 0.15 0.245 0.115 0.125 0.075 0.07 0.015 0.045 0.01 0.015 0.04
 0.095 0.195 0.17 0.18 0.07 0.09 0.075 0.03 0.015 0.035 0.01 0.035
 0.075 0.26 0.2 0.135 0.115 0.05 0.04 0.035 0.015 0.005 0.025 0.045
 0.09 0.19 0.235 0.165 0.1 0.065 0.045 0.02 0.045 0.015 0.005 0.025
 0.12 0.16 0.225 0.14 0.115 0.06 0.04 0.025 0.01 0.035 0.01 0.06
 0.08 0.2 0.2 0.18 0.12 0.06 0.05 0.015 0.02 0.02 0 0.055
 0.115 0.175 0.24 0.095 0.145 0.06 0.06 0.03 0.03 0 0.01 0.04
 0.125 0.25 0.15 0.17 0.095 0.07 0.03 0.045 0.005 0.015 0.015 0.03
 0.105 0.235 0.255 0.115 0.105 0.06 0.06 0.035 0.005 0.005 0.015 0.005
 0.14 0.26 0.245 0.15 0.055 0.065 0.03 0.02 0.01 0.005 0.005 0.015
 0.13 0.31 0.2 0.125 0.085 0.055 0.035 0.02 0.01 0.005 0.005 0.02
 0.135 0.195 0.335 0.095 0.105 0.07 0.035 0.015 0.005 0 0 0.01
 0.075 0.31 0.15 0.25 0.075 0.065 0.035 0.015 0.01 0.01 0 0.005
 0.085 0.24 0.255 0.115 0.185 0.055 0.04 0.01 0.01 0.005 0 0
 0.19 0.17 0.245 0.155 0.07 0.12 0.03 0 0.01 0 0.01 0
 0.11 0.305 0.155 0.16 0.16 0.035 0.04 0.02 0.005 0.005 0 0.005
# olc_ind

# obs_lse_ind
 0.198042 0.198042 0.198042 0.198042 0.198042 0.198042 0.198042 0.198042 0.198042 0.198042 0.198042 0.198042 0.198042 0.198042 0.198042 0.198042 0.198042 0.198042 0.198042 0.198042 0.198042 0.198042 0.198042 0.198042 0.198042 0.198042 0.198042 0.198042 0.198042 0.198042
# xages_fsh
 0 0 0 0 0 0 0 0 0 0 0 0
# xages_fsh
 0 0.0909091 0.181818 0.272727 0.363636 0.454545 0.545455 0.636364 0.727273 0.818182 0.909091 1
# xnodes_fsh

Yrs fsh_sel change:  1 0 0 0 0 0 0 0 0 0 0 0 0 0 0 0 0 0 0 0 0 0 0 0 0 0 0 0 0
Yrs ind_sel change:  1 0 0 0 0 0 0 0 0 0 0 0 0 0 0 0 0 0 0 0 0 0 0 0 0 0 0 0 0
# steepnessprior
0.75
# sigmarprior
0.2
#  SSB estimated in styr endyr: -13 28 
#  Rec estimated in styr endyr: -11 30 
#  SR Curve fit  in styr endyr: 1 30 
#             Model styr endyr: 1 30 
# qprior
 3.48998e-007
# q_power_prior 
 1 
# cv_catchbiomass 
0.05 
# CatchbiomassPen 
200 
# Number of projection years 
5 
# offset_fsh
 13418.8
# offset_ind
 13035.2
Mean Catch
1191.02
R_guess 
15.3427
# nfsh
1
# n_sel_ch_fsh
 1
# nselages_fsh
 11
# phase_selcoff_fsh
 -1
logRzero 15.3427
logmeanrec 15.3427
exp(log_sigmarprior 0.2
Fish sel phase: -1 FLEET1
Fixing fishery sel to
1
Srvy sel phase: -1
Fixing SURVEY1 indices sel to
1
# logsel_slp_in_indv
 0.693147
Leaving parameter init secton
# M
 0.2 0.2 0.2 0.2 0.2 0.2 0.2 0.2 0.2 0.2 0.2 0.2
 0.2 0.2 0.2 0.2 0.2 0.2 0.2 0.2 0.2 0.2 0.2 0.2
 0.2 0.2 0.2 0.2 0.2 0.2 0.2 0.2 0.2 0.2 0.2 0.2
 0.2 0.2 0.2 0.2 0.2 0.2 0.2 0.2 0.2 0.2 0.2 0.2
 0.2 0.2 0.2 0.2 0.2 0.2 0.2 0.2 0.2 0.2 0.2 0.2
 0.2 0.2 0.2 0.2 0.2 0.2 0.2 0.2 0.2 0.2 0.2 0.2
 0.2 0.2 0.2 0.2 0.2 0.2 0.2 0.2 0.2 0.2 0.2 0.2
 0.2 0.2 0.2 0.2 0.2 0.2 0.2 0.2 0.2 0.2 0.2 0.2
 0.2 0.2 0.2 0.2 0.2 0.2 0.2 0.2 0.2 0.2 0.2 0.2
 0.2 0.2 0.2 0.2 0.2 0.2 0.2 0.2 0.2 0.2 0.2 0.2
 0.2 0.2 0.2 0.2 0.2 0.2 0.2 0.2 0.2 0.2 0.2 0.2
 0.2 0.2 0.2 0.2 0.2 0.2 0.2 0.2 0.2 0.2 0.2 0.2
 0.2 0.2 0.2 0.2 0.2 0.2 0.2 0.2 0.2 0.2 0.2 0.2
 0.2 0.2 0.2 0.2 0.2 0.2 0.2 0.2 0.2 0.2 0.2 0.2
 0.2 0.2 0.2 0.2 0.2 0.2 0.2 0.2 0.2 0.2 0.2 0.2
 0.2 0.2 0.2 0.2 0.2 0.2 0.2 0.2 0.2 0.2 0.2 0.2
 0.2 0.2 0.2 0.2 0.2 0.2 0.2 0.2 0.2 0.2 0.2 0.2
 0.2 0.2 0.2 0.2 0.2 0.2 0.2 0.2 0.2 0.2 0.2 0.2
 0.2 0.2 0.2 0.2 0.2 0.2 0.2 0.2 0.2 0.2 0.2 0.2
 0.2 0.2 0.2 0.2 0.2 0.2 0.2 0.2 0.2 0.2 0.2 0.2
 0.2 0.2 0.2 0.2 0.2 0.2 0.2 0.2 0.2 0.2 0.2 0.2
 0.2 0.2 0.2 0.2 0.2 0.2 0.2 0.2 0.2 0.2 0.2 0.2
 0.2 0.2 0.2 0.2 0.2 0.2 0.2 0.2 0.2 0.2 0.2 0.2
 0.2 0.2 0.2 0.2 0.2 0.2 0.2 0.2 0.2 0.2 0.2 0.2
 0.2 0.2 0.2 0.2 0.2 0.2 0.2 0.2 0.2 0.2 0.2 0.2
 0.2 0.2 0.2 0.2 0.2 0.2 0.2 0.2 0.2 0.2 0.2 0.2
 0.2 0.2 0.2 0.2 0.2 0.2 0.2 0.2 0.2 0.2 0.2 0.2
 0.2 0.2 0.2 0.2 0.2 0.2 0.2 0.2 0.2 0.2 0.2 0.2
 0.2 0.2 0.2 0.2 0.2 0.2 0.2 0.2 0.2 0.2 0.2 0.2
 0.2 0.2 0.2 0.2 0.2 0.2 0.2 0.2 0.2 0.2 0.2 0.2
# mean_log_rec
13.7231
# log_Rzero
13.7113
# rec_dev
 -0.0717189 -0.0863593 -0.199733 -0.0214354 -0.0412651 0.0764904 -0.0348016 -0.00579745 0.0380494 0.0167675 0.0972359 0.127057 0.105983 -0.349871 0.212859 -0.0645882 -0.0988573 0.066077 0.147594 -0.137641 -0.0785785 0.139105 0.0088398 -0.319198 -0.0221634 -0.0471304 0.0317889 0.0908409 -0.0302787 -0.265204 -0.165799 -0.414341 -0.120735 -0.161978 -0.193922 0.246246 -0.397625 -0.124086 -0.329455 -0.584056 -0.141485 -0.322845
# fmort
 0.0098112 0.0281609 0.0468815 0.063181 0.0498947 0.0904875 0.0914974 0.194019 0.113249 0.137629 0.156822 0.169366 0.121368 0.177713 0.188472 0.168728 0.329838 0.267732 0.270953 0.264519 0.367832 0.268861 0.444048 0.365435 0.360862 0.328323 0.319946 0.438524 0.323604 0.491918
# rec_dev_future
 0 0 0 0 0
