AMAK;Mar 2020
# styr
1
# endyr
30
# rec_age
1
# oldest_age
12
# nlength
81
# len_bins
 10 11 12 13 14 15 16 17 18 19 20 21 22 23 24 25 26 27 28 29 30 31 32 33 34 35 36 37 38 39 40 41 42 43 44 45 46 47 48 49 50 51 52 53 54 55 56 57 58 59 60 61 62 63 64 65 66 67 68 69 70 71 72 73 74 75 76 77 78 79 80 81 82 83 84 85 86 87 88 89 90
# datafile_name
amak_data.dat
# model_name
AMAK_MCP
# styr
1
# endyr
30
# rec_age
1
# oldest_age
12
# nfsh
1
# fshname
FLEET1
# catch_bio_in
 161.161 459.813 741.121 965.171 748.88 1262.41 1196.99 2270.79 1187.19 1351.77 1420.3 1432.01 996.422 1376.75 1383.28 1170.78 2114.48 1539.65 1401.82 1269.53 1598.81 1074.78 1652.06 1261.64 1190.32 1050.33 997.828 1287.13 892.856 1254.34
# catch_bio_sd_in
 0.01 0.01 0.01 0.01 0.01 0.01 0.01 0.01 0.01 0.01 0.01 0.01 0.01 0.01 0.01 0.01 0.01 0.01 0.01 0.01 0.01 0.01 0.01 0.01 0.01 0.01 0.01 0.01 0.01 0.01
# nyrs_fsh_age
 30
# nyrs_fsh_length
 0
# yrs_fsh_age_in
 1 2 3 4 5 6 7 8 9 10 11 12 13 14 15 16 17 18 19 20 21 22 23 24 25 26 27 28 29 30
# yrs_fsh_length_in

# n_sample_fsh_length_in

# olc_fsh_in

# nind
1
# indname
SURVEY1
# nyrs_ind
 30
# yrs_ind_in
 1 2 3 4 5 6 7 8 9 10 11 12 13 14 15 16 17 18 19 20 21 22 23 24 25 26 27 28 29 30
# mo_ind
 1
# obs_ind_in
 1.60992 1.50393 1.61717 1.45135 1.29908 1.61524 1.26559 1.26377 1.04001 1.193 0.840797 1.31006 1.11316 1.08678 1.04646 0.96433 0.880027 0.835665 0.885071 0.954518 0.677928 0.703 0.891719 0.744426 0.703535 0.633592 0.558903 0.550367 0.473579 0.669705
# obs_se_ind_in
 0.321984 0.300786 0.323434 0.290271 0.259815 0.323048 0.253117 0.252755 0.208001 0.2386 0.168159 0.262011 0.222631 0.217356 0.209292 0.192866 0.176005 0.167133 0.177014 0.190904 0.135586 0.1406 0.178344 0.148885 0.140707 0.126718 0.111781 0.110073 0.0947157 0.133941
# nyrs_ind_age
 30
# nyrs_ind_length
 0
# yrs_ind_age_in
 1 2 3 4 5 6 7 8 9 10 11 12 13 14 15 16 17 18 19 20 21 22 23 24 25 26 27 28 29 30
# yrs_ind_length_in

# yrs_ind_age_in
 1 2 3 4 5 6 7 8 9 10 11 12 13 14 15 16 17 18 19 20 21 22 23 24 25 26 27 28 29 30
# n_sample_ind_length_in

# olc_ind_in

# oac_ind_in
 0.045 0.17 0.135 0.07 0.135 0.095 0.075 0.05 0.05 0.015 0.005 0.155
 0.02 0.1 0.21 0.15 0.13 0.065 0.055 0.065 0.035 0.025 0.02 0.125
 0.065 0.12 0.155 0.16 0.09 0.1 0.07 0.065 0.05 0.025 0.015 0.085
 0.05 0.19 0.14 0.11 0.105 0.06 0.06 0.06 0.05 0.035 0.03 0.11
 0.065 0.165 0.205 0.105 0.085 0.055 0.06 0.055 0.025 0.045 0.035 0.1
 0.04 0.125 0.185 0.14 0.085 0.075 0.06 0.05 0.035 0.025 0.03 0.15
 0.095 0.14 0.1 0.135 0.1 0.075 0.065 0.055 0.04 0.02 0.025 0.15
 0.04 0.14 0.165 0.115 0.08 0.13 0.05 0.055 0.04 0.055 0.005 0.125
 0.075 0.115 0.175 0.15 0.085 0.085 0.065 0.03 0.06 0.04 0.02 0.1
 0.115 0.185 0.13 0.125 0.11 0.06 0.065 0.055 0.04 0.02 0.02 0.075
 0.08 0.225 0.16 0.095 0.09 0.065 0.035 0.085 0.055 0.04 0.015 0.055
 0.085 0.155 0.215 0.17 0.105 0.05 0.055 0.025 0.01 0.04 0.015 0.075
 0.075 0.165 0.195 0.17 0.07 0.07 0.07 0.055 0.05 0.02 0.015 0.045
 0.085 0.19 0.15 0.2 0.115 0.08 0.03 0.035 0.03 0.02 0.02 0.045
 0.075 0.2 0.17 0.13 0.075 0.09 0.055 0.05 0.025 0.015 0.01 0.105
 0.115 0.15 0.205 0.115 0.11 0.05 0.09 0.04 0.015 0.01 0.035 0.065
 0.105 0.23 0.18 0.14 0.095 0.065 0.045 0.035 0.02 0.025 0.015 0.045
 0.1 0.155 0.245 0.135 0.105 0.065 0.04 0.05 0.04 0.02 0.01 0.035
 0.08 0.185 0.145 0.24 0.08 0.075 0.04 0.025 0.04 0.01 0.04 0.04
 0.125 0.11 0.205 0.165 0.15 0.065 0.045 0.005 0.03 0.03 0.02 0.05
 0.11 0.195 0.13 0.24 0.06 0.1 0.05 0.05 0.025 0.01 0 0.03
 0.16 0.27 0.185 0.08 0.065 0.09 0.065 0.01 0.02 0.005 0 0.05
 0.09 0.34 0.255 0.12 0.035 0.06 0.02 0.035 0.005 0.02 0.01 0.01
 0.15 0.18 0.345 0.175 0.06 0.02 0.025 0.01 0.01 0.01 0.005 0.01
 0.08 0.32 0.115 0.24 0.115 0.065 0.02 0.025 0 0.01 0 0.01
 0.135 0.165 0.275 0.125 0.145 0.075 0.03 0.005 0.02 0.015 0.01 0
 0.105 0.26 0.16 0.135 0.115 0.09 0.07 0.02 0.015 0.015 0.005 0.01
 0.14 0.21 0.255 0.135 0.115 0.035 0.05 0.015 0.02 0.01 0.01 0.005
 0.155 0.215 0.2 0.155 0.065 0.1 0.05 0.035 0.005 0 0.01 0.01
 0.17 0.245 0.19 0.15 0.11 0.04 0.04 0.015 0.005 0.02 0.005 0.01
# wt_ind
 1 1 1 1 1 1 1 1 1 1 1 1
 1 1 1 1 1 1 1 1 1 1 1 1
 1 1 1 1 1 1 1 1 1 1 1 1
 1 1 1 1 1 1 1 1 1 1 1 1
 1 1 1 1 1 1 1 1 1 1 1 1
 1 1 1 1 1 1 1 1 1 1 1 1
 1 1 1 1 1 1 1 1 1 1 1 1
 1 1 1 1 1 1 1 1 1 1 1 1
 1 1 1 1 1 1 1 1 1 1 1 1
 1 1 1 1 1 1 1 1 1 1 1 1
 1 1 1 1 1 1 1 1 1 1 1 1
 1 1 1 1 1 1 1 1 1 1 1 1
 1 1 1 1 1 1 1 1 1 1 1 1
 1 1 1 1 1 1 1 1 1 1 1 1
 1 1 1 1 1 1 1 1 1 1 1 1
 1 1 1 1 1 1 1 1 1 1 1 1
 1 1 1 1 1 1 1 1 1 1 1 1
 1 1 1 1 1 1 1 1 1 1 1 1
 1 1 1 1 1 1 1 1 1 1 1 1
 1 1 1 1 1 1 1 1 1 1 1 1
 1 1 1 1 1 1 1 1 1 1 1 1
 1 1 1 1 1 1 1 1 1 1 1 1
 1 1 1 1 1 1 1 1 1 1 1 1
 1 1 1 1 1 1 1 1 1 1 1 1
 1 1 1 1 1 1 1 1 1 1 1 1
 1 1 1 1 1 1 1 1 1 1 1 1
 1 1 1 1 1 1 1 1 1 1 1 1
 1 1 1 1 1 1 1 1 1 1 1 1
 1 1 1 1 1 1 1 1 1 1 1 1
 1 1 1 1 1 1 1 1 1 1 1 1
# wt_pop
 0.000530656 0.00119633 0.00205827 0.00303499 0.00405521 0.0050647 0.00602623 0.00691692 0.00772489 0.00844611 0.00908185 0.0096367
# maturity
 0.0229774 0.320821 0.904651 0.99478 0.999739 0.999987 0.999999 1 1 1 1 1
# spawnmo
1
# age_err
 1 0 0 0 0 0 0 0 0 0 0 0
 0 1 0 0 0 0 0 0 0 0 0 0
 0 0 1 0 0 0 0 0 0 0 0 0
 0 0 0 1 0 0 0 0 0 0 0 0
 0 0 0 0 1 0 0 0 0 0 0 0
 0 0 0 0 0 1 0 0 0 0 0 0
 0 0 0 0 0 0 1 0 0 0 0 0
 0 0 0 0 0 0 0 1 0 0 0 0
 0 0 0 0 0 0 0 0 1 0 0 0
 0 0 0 0 0 0 0 0 0 1 0 0
 0 0 0 0 0 0 0 0 0 0 1 0
 0 0 0 0 0 0 0 0 0 0 0 1
# cntrlfile_name
C:\Users\bai.li\DOCUME~1\Github\AGE_ST~1\ASSAMC\example\output\AMAK\s12\amak.dat
# Map shared selectivity: 
# sel_map
 1 2
 1 1
# datafile_name
amak_data.dat
# model_name
AMAK_MCP
# SrType
2
# use_age_err
0
# retro
0
# sigmarprior
0.2
# cvsigmarprior
0.25
# phase_sigmar
-3
# styr_rec_est
1
# endyr_rec_est
30
# Linfprior
80
# cvLinfprior
0.25
# kprior
0.18
# cvkprior
0.25
# Loprior
27.688
# cvLoprior
0.25
# sdageprior
0.1
# cvsdageprior
0.25
# natmortprior
0.2
# cvnatmortprior
0.25
# phase_M
-4
# npars_Mage
0
# ages_M_changes

# Mage_in

# Mage_offset_in

# phase_Mage
-5
# phase_rw_M
0
# npars_rw_M
0
# yrs_rw_M

# sigma_rw_M

# qprior
 3.48998e-007
# cvqprior
 1
# phase_q
 1
# q_power_prior
 1
# cvq_power_prior
 0.2
# phase_q_power
 -4
# phase_rw_q
 -1
# npars_rw_q
 0
# yrs_rw_q

# sigma_rw_q

# q_age_min
 1
# q_age_max
 12
# q_age_min
 1
# q_age_max
 12
# fsh_sel_opt(k)
2
# phase_sel_fsh(k)
2
# n_sel_ch_fsh(k)
1
# sel_slp_in_fsh(k)(1,n_sel_ch_fsh(k))
 1
# sel_inf_in_fsh(k)(1,n_sel_ch_fsh(k))
 2
# logsel_slp_in_fsh(k)(1,n_sel_ch_fsh(k))
 0
# yrs_sel_ch_fsh(k)(1,n_sel_ch_fsh(k))
 1

Survey SURVEY1
# ind_sel_opt(k)
2
# indname(k)
SURVEY1
# nselages_in_ind(k)
11
# phase_sel_ind(k)
2
# sel_change_in_ind(k)
 1 0 0 0 0 0 0 0 0 0 0 0 0 0 0 0 0 0 0 0 0 0 0 0 0 0 0 0 0 0
# n_sel_ch_ind(k)
1
# yrs_sel_ch_ind(k)(1,n_sel_ch_ind(k))
 1
# sel_slp_in_ind(k,1)
2
# sel_inf_in_ind(k,1)
1.5
# logsel_slp_in_ind(k,1)
0.693147
# logsel_slp_in_indv(k)
0.693147
SURVEY1 ind sel opt 2  1 0 0 0 0 0 0 0 0 0 0 0 0 0 0 0 0 0 0 0 0 0 0 0 0 0 0 0 0 0
Phase indices Sel_Coffs:  -1
 Test: 1.23457e+008
# Fshry Selages:  11
# Srvy  Selages:  11
# Phase for age-spec fishery  -1
# Phase for logistic fishery  2
# Phase for dble logistic fishery  -1
# Phase for age-spec indices   -1
# Phase for logistic indices   2
# Phase for dble logistic ind  -1
# Curv_pen_fsh: 
 0
# Curv_pen_ind: 
 0
# styr_fut
31
# endyr_fut
35
# nyrs_fsh_age
 30
# nyrs_fsh_age
 30
# yrs_fsh_age
 1 2 3 4 5 6 7 8 9 10 11 12 13 14 15 16 17 18 19 20 21 22 23 24 25 26 27 28 29 30
# n_sample_fsh_age
 200 200 200 200 200 200 200 200 200 200 200 200 200 200 200 200 200 200 200 200 200 200 200 200 200 200 200 200 200 200
# oac_fsh
 0.045 0.085 0.165 0.11 0.075 0.095 0.06 0.06 0.07 0.07 0.02 0.145
 0.06 0.11 0.125 0.165 0.1 0.045 0.06 0.07 0.045 0.045 0.035 0.14
 0.055 0.07 0.135 0.13 0.11 0.08 0.055 0.085 0.04 0.045 0.02 0.175
 0.105 0.155 0.11 0.135 0.07 0.09 0.05 0.045 0.055 0.04 0.025 0.12
 0.075 0.14 0.16 0.105 0.11 0.075 0.075 0.055 0.04 0.03 0.04 0.095
 0.075 0.07 0.155 0.165 0.075 0.08 0.055 0.05 0.055 0.065 0.04 0.115
 0.09 0.115 0.065 0.17 0.145 0.06 0.1 0.045 0.035 0.03 0.035 0.11
 0.08 0.1 0.125 0.135 0.105 0.11 0.07 0.055 0.055 0.035 0.02 0.11
 0.07 0.07 0.14 0.13 0.075 0.08 0.12 0.05 0.055 0.055 0.015 0.14
 0.14 0.125 0.085 0.12 0.07 0.065 0.11 0.05 0.04 0.04 0.04 0.115
 0.07 0.15 0.16 0.12 0.125 0.1 0.04 0.04 0.06 0.03 0.045 0.06
 0.07 0.145 0.155 0.19 0.1 0.055 0.07 0.03 0.02 0.03 0.02 0.115
 0.085 0.13 0.185 0.18 0.13 0.05 0.07 0.03 0.025 0.02 0.03 0.065
 0.15 0.14 0.13 0.125 0.175 0.085 0.035 0.055 0.03 0.025 0.005 0.045
 0.065 0.2 0.155 0.11 0.14 0.12 0.05 0.025 0.02 0.03 0.01 0.075
 0.11 0.135 0.245 0.12 0.095 0.09 0.045 0.025 0.005 0.04 0.025 0.065
 0.11 0.205 0.135 0.2 0.11 0.035 0.045 0.035 0.02 0.03 0.015 0.06
 0.09 0.17 0.25 0.07 0.14 0.065 0.04 0.045 0.045 0.02 0.015 0.05
 0.085 0.16 0.17 0.22 0.11 0.1 0.015 0.035 0.02 0.045 0 0.04
 0.145 0.12 0.175 0.165 0.18 0.055 0.05 0.04 0.015 0.025 0.015 0.015
 0.165 0.19 0.115 0.195 0.105 0.08 0.045 0.045 0.025 0.005 0.01 0.02
 0.23 0.23 0.12 0.065 0.14 0.045 0.1 0.035 0.01 0.005 0.005 0.015
 0.1 0.235 0.235 0.12 0.07 0.08 0.055 0.035 0.01 0.025 0.005 0.03
 0.215 0.155 0.21 0.17 0.105 0.04 0.03 0.025 0.015 0.005 0.02 0.01
 0.135 0.225 0.17 0.22 0.105 0.07 0.025 0.03 0.005 0.005 0 0.01
 0.115 0.195 0.26 0.115 0.145 0.055 0.06 0.01 0.015 0.005 0.01 0.015
 0.14 0.235 0.16 0.255 0.085 0.04 0.05 0.015 0.01 0 0 0.01
 0.135 0.2 0.205 0.135 0.135 0.05 0.09 0.02 0.01 0 0.01 0.01
 0.16 0.165 0.225 0.175 0.06 0.1 0.04 0.045 0.01 0.01 0.005 0.005
 0.2 0.21 0.21 0.135 0.11 0.035 0.04 0.015 0.025 0.005 0.005 0.01
# olc_fsh

# wt_fsh
 0.000530656 0.00119633 0.00205827 0.00303499 0.00405521 0.0050647 0.00602623 0.00691692 0.00772489 0.00844611 0.00908185 0.0096367
 0.000530656 0.00119633 0.00205827 0.00303499 0.00405521 0.0050647 0.00602623 0.00691692 0.00772489 0.00844611 0.00908185 0.0096367
 0.000530656 0.00119633 0.00205827 0.00303499 0.00405521 0.0050647 0.00602623 0.00691692 0.00772489 0.00844611 0.00908185 0.0096367
 0.000530656 0.00119633 0.00205827 0.00303499 0.00405521 0.0050647 0.00602623 0.00691692 0.00772489 0.00844611 0.00908185 0.0096367
 0.000530656 0.00119633 0.00205827 0.00303499 0.00405521 0.0050647 0.00602623 0.00691692 0.00772489 0.00844611 0.00908185 0.0096367
 0.000530656 0.00119633 0.00205827 0.00303499 0.00405521 0.0050647 0.00602623 0.00691692 0.00772489 0.00844611 0.00908185 0.0096367
 0.000530656 0.00119633 0.00205827 0.00303499 0.00405521 0.0050647 0.00602623 0.00691692 0.00772489 0.00844611 0.00908185 0.0096367
 0.000530656 0.00119633 0.00205827 0.00303499 0.00405521 0.0050647 0.00602623 0.00691692 0.00772489 0.00844611 0.00908185 0.0096367
 0.000530656 0.00119633 0.00205827 0.00303499 0.00405521 0.0050647 0.00602623 0.00691692 0.00772489 0.00844611 0.00908185 0.0096367
 0.000530656 0.00119633 0.00205827 0.00303499 0.00405521 0.0050647 0.00602623 0.00691692 0.00772489 0.00844611 0.00908185 0.0096367
 0.000530656 0.00119633 0.00205827 0.00303499 0.00405521 0.0050647 0.00602623 0.00691692 0.00772489 0.00844611 0.00908185 0.0096367
 0.000530656 0.00119633 0.00205827 0.00303499 0.00405521 0.0050647 0.00602623 0.00691692 0.00772489 0.00844611 0.00908185 0.0096367
 0.000530656 0.00119633 0.00205827 0.00303499 0.00405521 0.0050647 0.00602623 0.00691692 0.00772489 0.00844611 0.00908185 0.0096367
 0.000530656 0.00119633 0.00205827 0.00303499 0.00405521 0.0050647 0.00602623 0.00691692 0.00772489 0.00844611 0.00908185 0.0096367
 0.000530656 0.00119633 0.00205827 0.00303499 0.00405521 0.0050647 0.00602623 0.00691692 0.00772489 0.00844611 0.00908185 0.0096367
 0.000530656 0.00119633 0.00205827 0.00303499 0.00405521 0.0050647 0.00602623 0.00691692 0.00772489 0.00844611 0.00908185 0.0096367
 0.000530656 0.00119633 0.00205827 0.00303499 0.00405521 0.0050647 0.00602623 0.00691692 0.00772489 0.00844611 0.00908185 0.0096367
 0.000530656 0.00119633 0.00205827 0.00303499 0.00405521 0.0050647 0.00602623 0.00691692 0.00772489 0.00844611 0.00908185 0.0096367
 0.000530656 0.00119633 0.00205827 0.00303499 0.00405521 0.0050647 0.00602623 0.00691692 0.00772489 0.00844611 0.00908185 0.0096367
 0.000530656 0.00119633 0.00205827 0.00303499 0.00405521 0.0050647 0.00602623 0.00691692 0.00772489 0.00844611 0.00908185 0.0096367
 0.000530656 0.00119633 0.00205827 0.00303499 0.00405521 0.0050647 0.00602623 0.00691692 0.00772489 0.00844611 0.00908185 0.0096367
 0.000530656 0.00119633 0.00205827 0.00303499 0.00405521 0.0050647 0.00602623 0.00691692 0.00772489 0.00844611 0.00908185 0.0096367
 0.000530656 0.00119633 0.00205827 0.00303499 0.00405521 0.0050647 0.00602623 0.00691692 0.00772489 0.00844611 0.00908185 0.0096367
 0.000530656 0.00119633 0.00205827 0.00303499 0.00405521 0.0050647 0.00602623 0.00691692 0.00772489 0.00844611 0.00908185 0.0096367
 0.000530656 0.00119633 0.00205827 0.00303499 0.00405521 0.0050647 0.00602623 0.00691692 0.00772489 0.00844611 0.00908185 0.0096367
 0.000530656 0.00119633 0.00205827 0.00303499 0.00405521 0.0050647 0.00602623 0.00691692 0.00772489 0.00844611 0.00908185 0.0096367
 0.000530656 0.00119633 0.00205827 0.00303499 0.00405521 0.0050647 0.00602623 0.00691692 0.00772489 0.00844611 0.00908185 0.0096367
 0.000530656 0.00119633 0.00205827 0.00303499 0.00405521 0.0050647 0.00602623 0.00691692 0.00772489 0.00844611 0.00908185 0.0096367
 0.000530656 0.00119633 0.00205827 0.00303499 0.00405521 0.0050647 0.00602623 0.00691692 0.00772489 0.00844611 0.00908185 0.0096367
 0.000530656 0.00119633 0.00205827 0.00303499 0.00405521 0.0050647 0.00602623 0.00691692 0.00772489 0.00844611 0.00908185 0.0096367
# nyrs_ind_age
 30
# yrs_ind_age
 1 2 3 4 5 6 7 8 9 10 11 12 13 14 15 16 17 18 19 20 21 22 23 24 25 26 27 28 29 30
# n_sample_ind_age
 200 200 200 200 200 200 200 200 200 200 200 200 200 200 200 200 200 200 200 200 200 200 200 200 200 200 200 200 200 200
# oac_ind
 0.045 0.17 0.135 0.07 0.135 0.095 0.075 0.05 0.05 0.015 0.005 0.155
 0.02 0.1 0.21 0.15 0.13 0.065 0.055 0.065 0.035 0.025 0.02 0.125
 0.065 0.12 0.155 0.16 0.09 0.1 0.07 0.065 0.05 0.025 0.015 0.085
 0.05 0.19 0.14 0.11 0.105 0.06 0.06 0.06 0.05 0.035 0.03 0.11
 0.065 0.165 0.205 0.105 0.085 0.055 0.06 0.055 0.025 0.045 0.035 0.1
 0.04 0.125 0.185 0.14 0.085 0.075 0.06 0.05 0.035 0.025 0.03 0.15
 0.095 0.14 0.1 0.135 0.1 0.075 0.065 0.055 0.04 0.02 0.025 0.15
 0.04 0.14 0.165 0.115 0.08 0.13 0.05 0.055 0.04 0.055 0.005 0.125
 0.075 0.115 0.175 0.15 0.085 0.085 0.065 0.03 0.06 0.04 0.02 0.1
 0.115 0.185 0.13 0.125 0.11 0.06 0.065 0.055 0.04 0.02 0.02 0.075
 0.08 0.225 0.16 0.095 0.09 0.065 0.035 0.085 0.055 0.04 0.015 0.055
 0.085 0.155 0.215 0.17 0.105 0.05 0.055 0.025 0.01 0.04 0.015 0.075
 0.075 0.165 0.195 0.17 0.07 0.07 0.07 0.055 0.05 0.02 0.015 0.045
 0.085 0.19 0.15 0.2 0.115 0.08 0.03 0.035 0.03 0.02 0.02 0.045
 0.075 0.2 0.17 0.13 0.075 0.09 0.055 0.05 0.025 0.015 0.01 0.105
 0.115 0.15 0.205 0.115 0.11 0.05 0.09 0.04 0.015 0.01 0.035 0.065
 0.105 0.23 0.18 0.14 0.095 0.065 0.045 0.035 0.02 0.025 0.015 0.045
 0.1 0.155 0.245 0.135 0.105 0.065 0.04 0.05 0.04 0.02 0.01 0.035
 0.08 0.185 0.145 0.24 0.08 0.075 0.04 0.025 0.04 0.01 0.04 0.04
 0.125 0.11 0.205 0.165 0.15 0.065 0.045 0.005 0.03 0.03 0.02 0.05
 0.11 0.195 0.13 0.24 0.06 0.1 0.05 0.05 0.025 0.01 0 0.03
 0.16 0.27 0.185 0.08 0.065 0.09 0.065 0.01 0.02 0.005 0 0.05
 0.09 0.34 0.255 0.12 0.035 0.06 0.02 0.035 0.005 0.02 0.01 0.01
 0.15 0.18 0.345 0.175 0.06 0.02 0.025 0.01 0.01 0.01 0.005 0.01
 0.08 0.32 0.115 0.24 0.115 0.065 0.02 0.025 0 0.01 0 0.01
 0.135 0.165 0.275 0.125 0.145 0.075 0.03 0.005 0.02 0.015 0.01 0
 0.105 0.26 0.16 0.135 0.115 0.09 0.07 0.02 0.015 0.015 0.005 0.01
 0.14 0.21 0.255 0.135 0.115 0.035 0.05 0.015 0.02 0.01 0.01 0.005
 0.155 0.215 0.2 0.155 0.065 0.1 0.05 0.035 0.005 0 0.01 0.01
 0.17 0.245 0.19 0.15 0.11 0.04 0.04 0.015 0.005 0.02 0.005 0.01
# olc_ind

# obs_lse_ind
 0.198042 0.198042 0.198042 0.198042 0.198042 0.198042 0.198042 0.198042 0.198042 0.198042 0.198042 0.198042 0.198042 0.198042 0.198042 0.198042 0.198042 0.198042 0.198042 0.198042 0.198042 0.198042 0.198042 0.198042 0.198042 0.198042 0.198042 0.198042 0.198042 0.198042
# xages_fsh
 0 0 0 0 0 0 0 0 0 0 0 0
# xages_fsh
 0 0.0909091 0.181818 0.272727 0.363636 0.454545 0.545455 0.636364 0.727273 0.818182 0.909091 1
# xnodes_fsh

Yrs fsh_sel change:  1 0 0 0 0 0 0 0 0 0 0 0 0 0 0 0 0 0 0 0 0 0 0 0 0 0 0 0 0
Yrs ind_sel change:  1 0 0 0 0 0 0 0 0 0 0 0 0 0 0 0 0 0 0 0 0 0 0 0 0 0 0 0 0
# steepnessprior
0.75
# sigmarprior
0.2
#  SSB estimated in styr endyr: -13 28 
#  Rec estimated in styr endyr: -11 30 
#  SR Curve fit  in styr endyr: 1 30 
#             Model styr endyr: 1 30 
# qprior
 3.48998e-007
# q_power_prior 
 1 
# cv_catchbiomass 
0.05 
# CatchbiomassPen 
200 
# Number of projection years 
5 
# offset_fsh
 13375.4
# offset_ind
 13148.2
Mean Catch
1223.68
R_guess 
15.3698
# nfsh
1
# n_sel_ch_fsh
 1
# nselages_fsh
 11
# phase_selcoff_fsh
 -1
logRzero 15.3698
logmeanrec 15.3698
exp(log_sigmarprior 0.2
Fish sel phase: -1 FLEET1
Fixing fishery sel to
1
Srvy sel phase: -1
Fixing SURVEY1 indices sel to
1
# logsel_slp_in_indv
 0.693147
Leaving parameter init secton
# M
 0.2 0.2 0.2 0.2 0.2 0.2 0.2 0.2 0.2 0.2 0.2 0.2
 0.2 0.2 0.2 0.2 0.2 0.2 0.2 0.2 0.2 0.2 0.2 0.2
 0.2 0.2 0.2 0.2 0.2 0.2 0.2 0.2 0.2 0.2 0.2 0.2
 0.2 0.2 0.2 0.2 0.2 0.2 0.2 0.2 0.2 0.2 0.2 0.2
 0.2 0.2 0.2 0.2 0.2 0.2 0.2 0.2 0.2 0.2 0.2 0.2
 0.2 0.2 0.2 0.2 0.2 0.2 0.2 0.2 0.2 0.2 0.2 0.2
 0.2 0.2 0.2 0.2 0.2 0.2 0.2 0.2 0.2 0.2 0.2 0.2
 0.2 0.2 0.2 0.2 0.2 0.2 0.2 0.2 0.2 0.2 0.2 0.2
 0.2 0.2 0.2 0.2 0.2 0.2 0.2 0.2 0.2 0.2 0.2 0.2
 0.2 0.2 0.2 0.2 0.2 0.2 0.2 0.2 0.2 0.2 0.2 0.2
 0.2 0.2 0.2 0.2 0.2 0.2 0.2 0.2 0.2 0.2 0.2 0.2
 0.2 0.2 0.2 0.2 0.2 0.2 0.2 0.2 0.2 0.2 0.2 0.2
 0.2 0.2 0.2 0.2 0.2 0.2 0.2 0.2 0.2 0.2 0.2 0.2
 0.2 0.2 0.2 0.2 0.2 0.2 0.2 0.2 0.2 0.2 0.2 0.2
 0.2 0.2 0.2 0.2 0.2 0.2 0.2 0.2 0.2 0.2 0.2 0.2
 0.2 0.2 0.2 0.2 0.2 0.2 0.2 0.2 0.2 0.2 0.2 0.2
 0.2 0.2 0.2 0.2 0.2 0.2 0.2 0.2 0.2 0.2 0.2 0.2
 0.2 0.2 0.2 0.2 0.2 0.2 0.2 0.2 0.2 0.2 0.2 0.2
 0.2 0.2 0.2 0.2 0.2 0.2 0.2 0.2 0.2 0.2 0.2 0.2
 0.2 0.2 0.2 0.2 0.2 0.2 0.2 0.2 0.2 0.2 0.2 0.2
 0.2 0.2 0.2 0.2 0.2 0.2 0.2 0.2 0.2 0.2 0.2 0.2
 0.2 0.2 0.2 0.2 0.2 0.2 0.2 0.2 0.2 0.2 0.2 0.2
 0.2 0.2 0.2 0.2 0.2 0.2 0.2 0.2 0.2 0.2 0.2 0.2
 0.2 0.2 0.2 0.2 0.2 0.2 0.2 0.2 0.2 0.2 0.2 0.2
 0.2 0.2 0.2 0.2 0.2 0.2 0.2 0.2 0.2 0.2 0.2 0.2
 0.2 0.2 0.2 0.2 0.2 0.2 0.2 0.2 0.2 0.2 0.2 0.2
 0.2 0.2 0.2 0.2 0.2 0.2 0.2 0.2 0.2 0.2 0.2 0.2
 0.2 0.2 0.2 0.2 0.2 0.2 0.2 0.2 0.2 0.2 0.2 0.2
 0.2 0.2 0.2 0.2 0.2 0.2 0.2 0.2 0.2 0.2 0.2 0.2
 0.2 0.2 0.2 0.2 0.2 0.2 0.2 0.2 0.2 0.2 0.2 0.2
# mean_log_rec
13.7264
# log_Rzero
13.7658
# rec_dev
 -0.022965 -0.0279241 -0.233095 -0.0187298 -0.0299423 -0.0550946 0.082851 0.109627 -0.0480458 -0.0440467 0.094825 0.112659 0.0783054 -0.0836132 0.309117 0.17044 -0.169577 0.0305489 0.00226545 -0.246115 0.0172691 0.217817 0.0164131 -0.183196 -0.136677 0.166482 -0.210637 0.271027 -0.13197 -0.0446347 -0.570882 -0.163347 0.0829731 0.265664 -0.324587 0.0859961 -0.430582 -0.163851 -0.297945 -0.334132 -0.223905 -0.060114
# fmort
 0.0096131 0.0277277 0.0458225 0.0618881 0.0496183 0.0871948 0.0878317 0.18487 0.107957 0.132117 0.149401 0.161497 0.117833 0.170178 0.182814 0.162037 0.319771 0.262263 0.260171 0.256391 0.363494 0.26508 0.432747 0.355853 0.349277 0.317729 0.308697 0.427072 0.317762 0.475581
# rec_dev_future
 0 0 0 0 0
