AMAK;Mar 2020
# styr
1
# endyr
30
# rec_age
1
# oldest_age
12
# nlength
81
# len_bins
 10 11 12 13 14 15 16 17 18 19 20 21 22 23 24 25 26 27 28 29 30 31 32 33 34 35 36 37 38 39 40 41 42 43 44 45 46 47 48 49 50 51 52 53 54 55 56 57 58 59 60 61 62 63 64 65 66 67 68 69 70 71 72 73 74 75 76 77 78 79 80 81 82 83 84 85 86 87 88 89 90
# datafile_name
amak_data.dat
# model_name
AMAK_MCP
# styr
1
# endyr
30
# rec_age
1
# oldest_age
12
# nfsh
1
# fshname
FLEET1
# catch_bio_in
 159.764 465.225 739.285 970.678 742.135 1266.39 1207.53 2327.12 1247.34 1453.73 1541.13 1526.48 1042.13 1433.03 1400.35 1165.84 2007.31 1428.42 1290.56 1188.25 1485.22 1008.87 1536.1 1138.7 1082.89 943.583 926.718 1205.06 846.352 1144.34
# catch_bio_sd_in
 0.01 0.01 0.01 0.01 0.01 0.01 0.01 0.01 0.01 0.01 0.01 0.01 0.01 0.01 0.01 0.01 0.01 0.01 0.01 0.01 0.01 0.01 0.01 0.01 0.01 0.01 0.01 0.01 0.01 0.01
# nyrs_fsh_age
 30
# nyrs_fsh_length
 0
# yrs_fsh_age_in
 1 2 3 4 5 6 7 8 9 10 11 12 13 14 15 16 17 18 19 20 21 22 23 24 25 26 27 28 29 30
# yrs_fsh_length_in

# n_sample_fsh_length_in

# olc_fsh_in

# nind
1
# indname
SURVEY1
# nyrs_ind
 30
# yrs_ind_in
 1 2 3 4 5 6 7 8 9 10 11 12 13 14 15 16 17 18 19 20 21 22 23 24 25 26 27 28 29 30
# mo_ind
 1
# obs_ind_in
 1.33331 1.65998 1.43597 1.61535 1.38984 1.63694 1.38422 1.33157 1.41349 1.16836 1.20402 1.3123 1.08331 1.06869 1.05164 0.689209 1.0424 0.780081 0.631647 0.792035 0.756943 0.601473 0.625764 0.511703 0.571486 0.627964 0.546206 0.477803 0.474773 0.450849
# obs_se_ind_in
 0.266662 0.331995 0.287195 0.32307 0.277969 0.327387 0.276844 0.266315 0.282697 0.233672 0.240804 0.262461 0.216662 0.213739 0.210329 0.137842 0.208481 0.156016 0.126329 0.158407 0.151389 0.120295 0.125153 0.102341 0.114297 0.125593 0.109241 0.0955607 0.0949546 0.0901697
# nyrs_ind_age
 30
# nyrs_ind_length
 0
# yrs_ind_age_in
 1 2 3 4 5 6 7 8 9 10 11 12 13 14 15 16 17 18 19 20 21 22 23 24 25 26 27 28 29 30
# yrs_ind_length_in

# yrs_ind_age_in
 1 2 3 4 5 6 7 8 9 10 11 12 13 14 15 16 17 18 19 20 21 22 23 24 25 26 27 28 29 30
# n_sample_ind_length_in

# olc_ind_in

# oac_ind_in
 0.04 0.19 0.11 0.08 0.08 0.09 0.09 0.035 0.05 0.085 0.055 0.095
 0.08 0.15 0.16 0.11 0.09 0.075 0.07 0.03 0.04 0.035 0.02 0.14
 0.075 0.125 0.135 0.145 0.075 0.06 0.08 0.065 0.015 0.03 0.04 0.155
 0.055 0.135 0.16 0.115 0.115 0.095 0.045 0.04 0.045 0.03 0.04 0.125
 0.04 0.125 0.145 0.19 0.07 0.085 0.085 0.045 0.03 0.035 0.015 0.135
 0.08 0.175 0.145 0.08 0.165 0.08 0.035 0.055 0.04 0.01 0.02 0.115
 0.06 0.245 0.125 0.095 0.07 0.115 0.07 0.055 0.015 0.01 0.03 0.11
 0.035 0.175 0.195 0.12 0.065 0.08 0.09 0.035 0.04 0.01 0.04 0.115
 0.085 0.25 0.14 0.155 0.07 0.04 0.075 0.045 0.025 0.015 0.02 0.08
 0.075 0.135 0.165 0.155 0.14 0.055 0.04 0.045 0.05 0.025 0.015 0.1
 0.12 0.175 0.09 0.165 0.12 0.115 0.04 0.015 0.01 0.04 0.03 0.08
 0.085 0.19 0.17 0.1 0.11 0.135 0.065 0.025 0.02 0.015 0.005 0.08
 0.075 0.155 0.22 0.11 0.075 0.075 0.08 0.05 0.035 0.02 0.015 0.09
 0.09 0.195 0.155 0.075 0.12 0.115 0.04 0.055 0.05 0.025 0.02 0.06
 0.05 0.215 0.21 0.17 0.09 0.095 0.03 0.035 0.025 0.025 0.005 0.05
 0.075 0.12 0.23 0.175 0.06 0.1 0.035 0.03 0.03 0.055 0.035 0.055
 0.11 0.23 0.115 0.15 0.095 0.055 0.045 0.05 0.045 0.015 0.015 0.075
 0.11 0.21 0.21 0.105 0.11 0.085 0.035 0.05 0.02 0.02 0 0.045
 0.09 0.225 0.205 0.17 0.055 0.075 0.05 0.025 0.045 0.005 0.005 0.05
 0.13 0.18 0.245 0.14 0.11 0.035 0.025 0.035 0.025 0.03 0.02 0.025
 0.115 0.205 0.215 0.17 0.11 0.09 0.01 0.045 0.01 0.01 0.005 0.015
 0.12 0.2 0.285 0.095 0.09 0.065 0.02 0.025 0.045 0.02 0.01 0.025
 0.05 0.29 0.16 0.175 0.085 0.09 0.065 0.035 0.01 0.01 0.005 0.025
 0.135 0.175 0.245 0.165 0.08 0.08 0.045 0.03 0.015 0 0.005 0.025
 0.13 0.325 0.165 0.17 0.075 0.045 0.04 0.025 0.005 0.005 0 0.015
 0.12 0.255 0.23 0.095 0.14 0.095 0.02 0.02 0.015 0.005 0 0.005
 0.135 0.235 0.21 0.17 0.08 0.045 0.065 0.035 0.005 0.005 0 0.015
 0.09 0.22 0.22 0.165 0.14 0.07 0.065 0.005 0.005 0.005 0.01 0.005
 0.115 0.235 0.255 0.11 0.095 0.07 0.05 0.02 0.025 0.01 0 0.015
 0.135 0.21 0.21 0.17 0.085 0.085 0.05 0.005 0.015 0.02 0.005 0.01
# wt_ind
 1 1 1 1 1 1 1 1 1 1 1 1
 1 1 1 1 1 1 1 1 1 1 1 1
 1 1 1 1 1 1 1 1 1 1 1 1
 1 1 1 1 1 1 1 1 1 1 1 1
 1 1 1 1 1 1 1 1 1 1 1 1
 1 1 1 1 1 1 1 1 1 1 1 1
 1 1 1 1 1 1 1 1 1 1 1 1
 1 1 1 1 1 1 1 1 1 1 1 1
 1 1 1 1 1 1 1 1 1 1 1 1
 1 1 1 1 1 1 1 1 1 1 1 1
 1 1 1 1 1 1 1 1 1 1 1 1
 1 1 1 1 1 1 1 1 1 1 1 1
 1 1 1 1 1 1 1 1 1 1 1 1
 1 1 1 1 1 1 1 1 1 1 1 1
 1 1 1 1 1 1 1 1 1 1 1 1
 1 1 1 1 1 1 1 1 1 1 1 1
 1 1 1 1 1 1 1 1 1 1 1 1
 1 1 1 1 1 1 1 1 1 1 1 1
 1 1 1 1 1 1 1 1 1 1 1 1
 1 1 1 1 1 1 1 1 1 1 1 1
 1 1 1 1 1 1 1 1 1 1 1 1
 1 1 1 1 1 1 1 1 1 1 1 1
 1 1 1 1 1 1 1 1 1 1 1 1
 1 1 1 1 1 1 1 1 1 1 1 1
 1 1 1 1 1 1 1 1 1 1 1 1
 1 1 1 1 1 1 1 1 1 1 1 1
 1 1 1 1 1 1 1 1 1 1 1 1
 1 1 1 1 1 1 1 1 1 1 1 1
 1 1 1 1 1 1 1 1 1 1 1 1
 1 1 1 1 1 1 1 1 1 1 1 1
# wt_pop
 0.000530656 0.00119633 0.00205827 0.00303499 0.00405521 0.0050647 0.00602623 0.00691692 0.00772489 0.00844611 0.00908185 0.0096367
# maturity
 0.0229774 0.320821 0.904651 0.99478 0.999739 0.999987 0.999999 1 1 1 1 1
# spawnmo
1
# age_err
 1 0 0 0 0 0 0 0 0 0 0 0
 0 1 0 0 0 0 0 0 0 0 0 0
 0 0 1 0 0 0 0 0 0 0 0 0
 0 0 0 1 0 0 0 0 0 0 0 0
 0 0 0 0 1 0 0 0 0 0 0 0
 0 0 0 0 0 1 0 0 0 0 0 0
 0 0 0 0 0 0 1 0 0 0 0 0
 0 0 0 0 0 0 0 1 0 0 0 0
 0 0 0 0 0 0 0 0 1 0 0 0
 0 0 0 0 0 0 0 0 0 1 0 0
 0 0 0 0 0 0 0 0 0 0 1 0
 0 0 0 0 0 0 0 0 0 0 0 1
# cntrlfile_name
C:\Users\bai.li\DOCUME~1\Github\AGE_ST~1\ASSAMC\example\output\AMAK\s142\amak.dat
# Map shared selectivity: 
# sel_map
 1 2
 1 1
# datafile_name
amak_data.dat
# model_name
AMAK_MCP
# SrType
2
# use_age_err
0
# retro
0
# sigmarprior
0.2
# cvsigmarprior
0.25
# phase_sigmar
-3
# styr_rec_est
1
# endyr_rec_est
30
# Linfprior
80
# cvLinfprior
0.25
# kprior
0.18
# cvkprior
0.25
# Loprior
27.688
# cvLoprior
0.25
# sdageprior
0.1
# cvsdageprior
0.25
# natmortprior
0.2
# cvnatmortprior
0.25
# phase_M
-4
# npars_Mage
0
# ages_M_changes

# Mage_in

# Mage_offset_in

# phase_Mage
-5
# phase_rw_M
0
# npars_rw_M
0
# yrs_rw_M

# sigma_rw_M

# qprior
 3.48998e-007
# cvqprior
 1
# phase_q
 1
# q_power_prior
 1
# cvq_power_prior
 0.2
# phase_q_power
 -4
# phase_rw_q
 -1
# npars_rw_q
 0
# yrs_rw_q

# sigma_rw_q

# q_age_min
 1
# q_age_max
 12
# q_age_min
 1
# q_age_max
 12
# fsh_sel_opt(k)
2
# phase_sel_fsh(k)
2
# n_sel_ch_fsh(k)
1
# sel_slp_in_fsh(k)(1,n_sel_ch_fsh(k))
 1
# sel_inf_in_fsh(k)(1,n_sel_ch_fsh(k))
 2
# logsel_slp_in_fsh(k)(1,n_sel_ch_fsh(k))
 0
# yrs_sel_ch_fsh(k)(1,n_sel_ch_fsh(k))
 1

Survey SURVEY1
# ind_sel_opt(k)
2
# indname(k)
SURVEY1
# nselages_in_ind(k)
11
# phase_sel_ind(k)
2
# sel_change_in_ind(k)
 1 0 0 0 0 0 0 0 0 0 0 0 0 0 0 0 0 0 0 0 0 0 0 0 0 0 0 0 0 0
# n_sel_ch_ind(k)
1
# yrs_sel_ch_ind(k)(1,n_sel_ch_ind(k))
 1
# sel_slp_in_ind(k,1)
2
# sel_inf_in_ind(k,1)
1.5
# logsel_slp_in_ind(k,1)
0.693147
# logsel_slp_in_indv(k)
0.693147
SURVEY1 ind sel opt 2  1 0 0 0 0 0 0 0 0 0 0 0 0 0 0 0 0 0 0 0 0 0 0 0 0 0 0 0 0 0
Phase indices Sel_Coffs:  -1
 Test: 1.23457e+008
# Fshry Selages:  11
# Srvy  Selages:  11
# Phase for age-spec fishery  -1
# Phase for logistic fishery  2
# Phase for dble logistic fishery  -1
# Phase for age-spec indices   -1
# Phase for logistic indices   2
# Phase for dble logistic ind  -1
# Curv_pen_fsh: 
 0
# Curv_pen_ind: 
 0
# styr_fut
31
# endyr_fut
35
# nyrs_fsh_age
 30
# nyrs_fsh_age
 30
# yrs_fsh_age
 1 2 3 4 5 6 7 8 9 10 11 12 13 14 15 16 17 18 19 20 21 22 23 24 25 26 27 28 29 30
# n_sample_fsh_age
 200 200 200 200 200 200 200 200 200 200 200 200 200 200 200 200 200 200 200 200 200 200 200 200 200 200 200 200 200 200
# oac_fsh
 0.06 0.085 0.115 0.13 0.105 0.08 0.09 0.065 0.055 0.05 0.02 0.145
 0.085 0.095 0.105 0.115 0.115 0.06 0.085 0.05 0.05 0.055 0.045 0.14
 0.075 0.125 0.115 0.135 0.115 0.085 0.065 0.075 0.015 0.04 0.025 0.13
 0.06 0.1 0.135 0.145 0.14 0.08 0.095 0.055 0.02 0.025 0.025 0.12
 0.04 0.11 0.14 0.185 0.08 0.09 0.06 0.055 0.055 0.04 0.025 0.12
 0.135 0.075 0.09 0.115 0.14 0.085 0.045 0.035 0.035 0.025 0.02 0.2
 0.12 0.17 0.1 0.09 0.105 0.09 0.065 0.065 0.03 0.03 0.035 0.1
 0.07 0.17 0.225 0.11 0.055 0.065 0.065 0.07 0.045 0.03 0.015 0.08
 0.1 0.175 0.145 0.155 0.08 0.03 0.07 0.05 0.02 0.025 0.015 0.135
 0.055 0.12 0.18 0.165 0.125 0.075 0.06 0.04 0.025 0.04 0.01 0.105
 0.09 0.095 0.11 0.16 0.145 0.105 0.06 0.04 0.03 0.035 0.025 0.105
 0.09 0.16 0.14 0.115 0.105 0.08 0.08 0.055 0.02 0.025 0.025 0.105
 0.065 0.14 0.165 0.16 0.1 0.095 0.09 0.055 0.015 0.025 0.01 0.08
 0.135 0.1 0.13 0.175 0.1 0.085 0.08 0.025 0.06 0.02 0.01 0.08
 0.07 0.155 0.12 0.135 0.155 0.1 0.065 0.035 0.035 0.035 0.035 0.06
 0.135 0.14 0.155 0.155 0.105 0.075 0.04 0.035 0.03 0.025 0.035 0.07
 0.18 0.14 0.11 0.155 0.095 0.07 0.06 0.02 0.055 0.035 0.05 0.03
 0.145 0.165 0.165 0.04 0.21 0.09 0.04 0.055 0.025 0.01 0.015 0.04
 0.11 0.135 0.195 0.165 0.075 0.12 0.04 0.035 0.025 0.005 0.02 0.075
 0.12 0.165 0.145 0.205 0.135 0.045 0.06 0.04 0.02 0.03 0.015 0.02
 0.145 0.215 0.125 0.14 0.125 0.095 0.03 0.015 0.03 0.02 0.01 0.05
 0.175 0.175 0.19 0.14 0.09 0.09 0.045 0.025 0.02 0.01 0.005 0.035
 0.16 0.24 0.21 0.13 0.065 0.075 0.035 0.025 0.01 0.02 0.005 0.025
 0.145 0.135 0.275 0.16 0.105 0.06 0.05 0.025 0.01 0 0 0.035
 0.14 0.235 0.205 0.135 0.13 0.06 0.025 0.015 0.01 0.01 0.005 0.03
 0.125 0.23 0.21 0.145 0.12 0.065 0.035 0.02 0.01 0.005 0.005 0.03
 0.215 0.215 0.13 0.195 0.12 0.05 0.025 0.005 0.02 0.005 0.01 0.01
 0.09 0.185 0.23 0.175 0.17 0.075 0.045 0.015 0.01 0 0 0.005
 0.145 0.18 0.2 0.15 0.095 0.14 0.02 0.035 0.02 0 0 0.015
 0.215 0.17 0.16 0.17 0.105 0.065 0.065 0.005 0.025 0.01 0.005 0.005
# olc_fsh

# wt_fsh
 0.000530656 0.00119633 0.00205827 0.00303499 0.00405521 0.0050647 0.00602623 0.00691692 0.00772489 0.00844611 0.00908185 0.0096367
 0.000530656 0.00119633 0.00205827 0.00303499 0.00405521 0.0050647 0.00602623 0.00691692 0.00772489 0.00844611 0.00908185 0.0096367
 0.000530656 0.00119633 0.00205827 0.00303499 0.00405521 0.0050647 0.00602623 0.00691692 0.00772489 0.00844611 0.00908185 0.0096367
 0.000530656 0.00119633 0.00205827 0.00303499 0.00405521 0.0050647 0.00602623 0.00691692 0.00772489 0.00844611 0.00908185 0.0096367
 0.000530656 0.00119633 0.00205827 0.00303499 0.00405521 0.0050647 0.00602623 0.00691692 0.00772489 0.00844611 0.00908185 0.0096367
 0.000530656 0.00119633 0.00205827 0.00303499 0.00405521 0.0050647 0.00602623 0.00691692 0.00772489 0.00844611 0.00908185 0.0096367
 0.000530656 0.00119633 0.00205827 0.00303499 0.00405521 0.0050647 0.00602623 0.00691692 0.00772489 0.00844611 0.00908185 0.0096367
 0.000530656 0.00119633 0.00205827 0.00303499 0.00405521 0.0050647 0.00602623 0.00691692 0.00772489 0.00844611 0.00908185 0.0096367
 0.000530656 0.00119633 0.00205827 0.00303499 0.00405521 0.0050647 0.00602623 0.00691692 0.00772489 0.00844611 0.00908185 0.0096367
 0.000530656 0.00119633 0.00205827 0.00303499 0.00405521 0.0050647 0.00602623 0.00691692 0.00772489 0.00844611 0.00908185 0.0096367
 0.000530656 0.00119633 0.00205827 0.00303499 0.00405521 0.0050647 0.00602623 0.00691692 0.00772489 0.00844611 0.00908185 0.0096367
 0.000530656 0.00119633 0.00205827 0.00303499 0.00405521 0.0050647 0.00602623 0.00691692 0.00772489 0.00844611 0.00908185 0.0096367
 0.000530656 0.00119633 0.00205827 0.00303499 0.00405521 0.0050647 0.00602623 0.00691692 0.00772489 0.00844611 0.00908185 0.0096367
 0.000530656 0.00119633 0.00205827 0.00303499 0.00405521 0.0050647 0.00602623 0.00691692 0.00772489 0.00844611 0.00908185 0.0096367
 0.000530656 0.00119633 0.00205827 0.00303499 0.00405521 0.0050647 0.00602623 0.00691692 0.00772489 0.00844611 0.00908185 0.0096367
 0.000530656 0.00119633 0.00205827 0.00303499 0.00405521 0.0050647 0.00602623 0.00691692 0.00772489 0.00844611 0.00908185 0.0096367
 0.000530656 0.00119633 0.00205827 0.00303499 0.00405521 0.0050647 0.00602623 0.00691692 0.00772489 0.00844611 0.00908185 0.0096367
 0.000530656 0.00119633 0.00205827 0.00303499 0.00405521 0.0050647 0.00602623 0.00691692 0.00772489 0.00844611 0.00908185 0.0096367
 0.000530656 0.00119633 0.00205827 0.00303499 0.00405521 0.0050647 0.00602623 0.00691692 0.00772489 0.00844611 0.00908185 0.0096367
 0.000530656 0.00119633 0.00205827 0.00303499 0.00405521 0.0050647 0.00602623 0.00691692 0.00772489 0.00844611 0.00908185 0.0096367
 0.000530656 0.00119633 0.00205827 0.00303499 0.00405521 0.0050647 0.00602623 0.00691692 0.00772489 0.00844611 0.00908185 0.0096367
 0.000530656 0.00119633 0.00205827 0.00303499 0.00405521 0.0050647 0.00602623 0.00691692 0.00772489 0.00844611 0.00908185 0.0096367
 0.000530656 0.00119633 0.00205827 0.00303499 0.00405521 0.0050647 0.00602623 0.00691692 0.00772489 0.00844611 0.00908185 0.0096367
 0.000530656 0.00119633 0.00205827 0.00303499 0.00405521 0.0050647 0.00602623 0.00691692 0.00772489 0.00844611 0.00908185 0.0096367
 0.000530656 0.00119633 0.00205827 0.00303499 0.00405521 0.0050647 0.00602623 0.00691692 0.00772489 0.00844611 0.00908185 0.0096367
 0.000530656 0.00119633 0.00205827 0.00303499 0.00405521 0.0050647 0.00602623 0.00691692 0.00772489 0.00844611 0.00908185 0.0096367
 0.000530656 0.00119633 0.00205827 0.00303499 0.00405521 0.0050647 0.00602623 0.00691692 0.00772489 0.00844611 0.00908185 0.0096367
 0.000530656 0.00119633 0.00205827 0.00303499 0.00405521 0.0050647 0.00602623 0.00691692 0.00772489 0.00844611 0.00908185 0.0096367
 0.000530656 0.00119633 0.00205827 0.00303499 0.00405521 0.0050647 0.00602623 0.00691692 0.00772489 0.00844611 0.00908185 0.0096367
 0.000530656 0.00119633 0.00205827 0.00303499 0.00405521 0.0050647 0.00602623 0.00691692 0.00772489 0.00844611 0.00908185 0.0096367
# nyrs_ind_age
 30
# yrs_ind_age
 1 2 3 4 5 6 7 8 9 10 11 12 13 14 15 16 17 18 19 20 21 22 23 24 25 26 27 28 29 30
# n_sample_ind_age
 200 200 200 200 200 200 200 200 200 200 200 200 200 200 200 200 200 200 200 200 200 200 200 200 200 200 200 200 200 200
# oac_ind
 0.04 0.19 0.11 0.08 0.08 0.09 0.09 0.035 0.05 0.085 0.055 0.095
 0.08 0.15 0.16 0.11 0.09 0.075 0.07 0.03 0.04 0.035 0.02 0.14
 0.075 0.125 0.135 0.145 0.075 0.06 0.08 0.065 0.015 0.03 0.04 0.155
 0.055 0.135 0.16 0.115 0.115 0.095 0.045 0.04 0.045 0.03 0.04 0.125
 0.04 0.125 0.145 0.19 0.07 0.085 0.085 0.045 0.03 0.035 0.015 0.135
 0.08 0.175 0.145 0.08 0.165 0.08 0.035 0.055 0.04 0.01 0.02 0.115
 0.06 0.245 0.125 0.095 0.07 0.115 0.07 0.055 0.015 0.01 0.03 0.11
 0.035 0.175 0.195 0.12 0.065 0.08 0.09 0.035 0.04 0.01 0.04 0.115
 0.085 0.25 0.14 0.155 0.07 0.04 0.075 0.045 0.025 0.015 0.02 0.08
 0.075 0.135 0.165 0.155 0.14 0.055 0.04 0.045 0.05 0.025 0.015 0.1
 0.12 0.175 0.09 0.165 0.12 0.115 0.04 0.015 0.01 0.04 0.03 0.08
 0.085 0.19 0.17 0.1 0.11 0.135 0.065 0.025 0.02 0.015 0.005 0.08
 0.075 0.155 0.22 0.11 0.075 0.075 0.08 0.05 0.035 0.02 0.015 0.09
 0.09 0.195 0.155 0.075 0.12 0.115 0.04 0.055 0.05 0.025 0.02 0.06
 0.05 0.215 0.21 0.17 0.09 0.095 0.03 0.035 0.025 0.025 0.005 0.05
 0.075 0.12 0.23 0.175 0.06 0.1 0.035 0.03 0.03 0.055 0.035 0.055
 0.11 0.23 0.115 0.15 0.095 0.055 0.045 0.05 0.045 0.015 0.015 0.075
 0.11 0.21 0.21 0.105 0.11 0.085 0.035 0.05 0.02 0.02 0 0.045
 0.09 0.225 0.205 0.17 0.055 0.075 0.05 0.025 0.045 0.005 0.005 0.05
 0.13 0.18 0.245 0.14 0.11 0.035 0.025 0.035 0.025 0.03 0.02 0.025
 0.115 0.205 0.215 0.17 0.11 0.09 0.01 0.045 0.01 0.01 0.005 0.015
 0.12 0.2 0.285 0.095 0.09 0.065 0.02 0.025 0.045 0.02 0.01 0.025
 0.05 0.29 0.16 0.175 0.085 0.09 0.065 0.035 0.01 0.01 0.005 0.025
 0.135 0.175 0.245 0.165 0.08 0.08 0.045 0.03 0.015 0 0.005 0.025
 0.13 0.325 0.165 0.17 0.075 0.045 0.04 0.025 0.005 0.005 0 0.015
 0.12 0.255 0.23 0.095 0.14 0.095 0.02 0.02 0.015 0.005 0 0.005
 0.135 0.235 0.21 0.17 0.08 0.045 0.065 0.035 0.005 0.005 0 0.015
 0.09 0.22 0.22 0.165 0.14 0.07 0.065 0.005 0.005 0.005 0.01 0.005
 0.115 0.235 0.255 0.11 0.095 0.07 0.05 0.02 0.025 0.01 0 0.015
 0.135 0.21 0.21 0.17 0.085 0.085 0.05 0.005 0.015 0.02 0.005 0.01
# olc_ind

# obs_lse_ind
 0.198042 0.198042 0.198042 0.198042 0.198042 0.198042 0.198042 0.198042 0.198042 0.198042 0.198042 0.198042 0.198042 0.198042 0.198042 0.198042 0.198042 0.198042 0.198042 0.198042 0.198042 0.198042 0.198042 0.198042 0.198042 0.198042 0.198042 0.198042 0.198042 0.198042
# xages_fsh
 0 0 0 0 0 0 0 0 0 0 0 0
# xages_fsh
 0 0.0909091 0.181818 0.272727 0.363636 0.454545 0.545455 0.636364 0.727273 0.818182 0.909091 1
# xnodes_fsh

Yrs fsh_sel change:  1 0 0 0 0 0 0 0 0 0 0 0 0 0 0 0 0 0 0 0 0 0 0 0 0 0 0 0 0
Yrs ind_sel change:  1 0 0 0 0 0 0 0 0 0 0 0 0 0 0 0 0 0 0 0 0 0 0 0 0 0 0 0 0
# steepnessprior
0.75
# sigmarprior
0.2
#  SSB estimated in styr endyr: -13 28 
#  Rec estimated in styr endyr: -11 30 
#  SR Curve fit  in styr endyr: 1 30 
#             Model styr endyr: 1 30 
# qprior
 3.48998e-007
# q_power_prior 
 1 
# cv_catchbiomass 
0.05 
# CatchbiomassPen 
200 
# Number of projection years 
5 
# offset_fsh
 13427
# offset_ind
 13148.9
Mean Catch
1197.35
R_guess 
15.348
# nfsh
1
# n_sel_ch_fsh
 1
# nselages_fsh
 11
# phase_selcoff_fsh
 -1
logRzero 15.348
logmeanrec 15.348
exp(log_sigmarprior 0.2
Fish sel phase: -1 FLEET1
Fixing fishery sel to
1
Srvy sel phase: -1
Fixing SURVEY1 indices sel to
1
# logsel_slp_in_indv
 0.693147
Leaving parameter init secton
# M
 0.2 0.2 0.2 0.2 0.2 0.2 0.2 0.2 0.2 0.2 0.2 0.2
 0.2 0.2 0.2 0.2 0.2 0.2 0.2 0.2 0.2 0.2 0.2 0.2
 0.2 0.2 0.2 0.2 0.2 0.2 0.2 0.2 0.2 0.2 0.2 0.2
 0.2 0.2 0.2 0.2 0.2 0.2 0.2 0.2 0.2 0.2 0.2 0.2
 0.2 0.2 0.2 0.2 0.2 0.2 0.2 0.2 0.2 0.2 0.2 0.2
 0.2 0.2 0.2 0.2 0.2 0.2 0.2 0.2 0.2 0.2 0.2 0.2
 0.2 0.2 0.2 0.2 0.2 0.2 0.2 0.2 0.2 0.2 0.2 0.2
 0.2 0.2 0.2 0.2 0.2 0.2 0.2 0.2 0.2 0.2 0.2 0.2
 0.2 0.2 0.2 0.2 0.2 0.2 0.2 0.2 0.2 0.2 0.2 0.2
 0.2 0.2 0.2 0.2 0.2 0.2 0.2 0.2 0.2 0.2 0.2 0.2
 0.2 0.2 0.2 0.2 0.2 0.2 0.2 0.2 0.2 0.2 0.2 0.2
 0.2 0.2 0.2 0.2 0.2 0.2 0.2 0.2 0.2 0.2 0.2 0.2
 0.2 0.2 0.2 0.2 0.2 0.2 0.2 0.2 0.2 0.2 0.2 0.2
 0.2 0.2 0.2 0.2 0.2 0.2 0.2 0.2 0.2 0.2 0.2 0.2
 0.2 0.2 0.2 0.2 0.2 0.2 0.2 0.2 0.2 0.2 0.2 0.2
 0.2 0.2 0.2 0.2 0.2 0.2 0.2 0.2 0.2 0.2 0.2 0.2
 0.2 0.2 0.2 0.2 0.2 0.2 0.2 0.2 0.2 0.2 0.2 0.2
 0.2 0.2 0.2 0.2 0.2 0.2 0.2 0.2 0.2 0.2 0.2 0.2
 0.2 0.2 0.2 0.2 0.2 0.2 0.2 0.2 0.2 0.2 0.2 0.2
 0.2 0.2 0.2 0.2 0.2 0.2 0.2 0.2 0.2 0.2 0.2 0.2
 0.2 0.2 0.2 0.2 0.2 0.2 0.2 0.2 0.2 0.2 0.2 0.2
 0.2 0.2 0.2 0.2 0.2 0.2 0.2 0.2 0.2 0.2 0.2 0.2
 0.2 0.2 0.2 0.2 0.2 0.2 0.2 0.2 0.2 0.2 0.2 0.2
 0.2 0.2 0.2 0.2 0.2 0.2 0.2 0.2 0.2 0.2 0.2 0.2
 0.2 0.2 0.2 0.2 0.2 0.2 0.2 0.2 0.2 0.2 0.2 0.2
 0.2 0.2 0.2 0.2 0.2 0.2 0.2 0.2 0.2 0.2 0.2 0.2
 0.2 0.2 0.2 0.2 0.2 0.2 0.2 0.2 0.2 0.2 0.2 0.2
 0.2 0.2 0.2 0.2 0.2 0.2 0.2 0.2 0.2 0.2 0.2 0.2
 0.2 0.2 0.2 0.2 0.2 0.2 0.2 0.2 0.2 0.2 0.2 0.2
 0.2 0.2 0.2 0.2 0.2 0.2 0.2 0.2 0.2 0.2 0.2 0.2
# mean_log_rec
13.7724
# log_Rzero
13.7329
# rec_dev
 -0.0362427 -0.0439366 0.0651774 0.214123 0.0767195 -0.0221005 -0.138935 0.0139502 -0.0784699 -0.0499923 -0.0680181 0.0752821 -0.00597464 0.23791 -0.0313418 -0.223875 -0.119606 0.36862 0.224348 0.113039 -0.135541 -0.107791 0.0404338 -0.192796 -0.136693 0.0236552 -0.574938 -0.0863948 -0.0598126 -0.173993 -0.350467 -0.182656 -0.187523 -0.056766 -0.397795 -0.069737 -0.299751 -0.364279 -0.302529 -0.550973 -0.544332 -0.262762
# fmort
 0.00923364 0.0273111 0.0446145 0.0610102 0.0486987 0.0874973 0.0885197 0.185819 0.108174 0.13272 0.150859 0.161911 0.117307 0.170374 0.180199 0.160627 0.3105 0.254644 0.252077 0.249586 0.343439 0.251328 0.414186 0.338345 0.336841 0.299883 0.295836 0.407427 0.307557 0.450575
# rec_dev_future
 0 0 0 0 0
