AMAK;Mar 2020
# styr
1
# endyr
30
# rec_age
1
# oldest_age
12
# nlength
81
# len_bins
 10 11 12 13 14 15 16 17 18 19 20 21 22 23 24 25 26 27 28 29 30 31 32 33 34 35 36 37 38 39 40 41 42 43 44 45 46 47 48 49 50 51 52 53 54 55 56 57 58 59 60 61 62 63 64 65 66 67 68 69 70 71 72 73 74 75 76 77 78 79 80 81 82 83 84 85 86 87 88 89 90
# datafile_name
amak_data.dat
# model_name
AMAK_MCP
# styr
1
# endyr
30
# rec_age
1
# oldest_age
12
# nfsh
1
# fshname
FLEET1
# catch_bio_in
 160.752 461.985 739.68 965.994 741.728 1282.09 1259.76 2501.42 1373.31 1651.24 1871.6 1958.73 1380.22 1938.41 1941.97 1700.16 3005.17 2094.9 1834.39 1612.34 1983.41 1271.17 1734.16 1175.15 1108.09 1140.61 1287.79 1859.53 1348.08 1905.03
# catch_bio_sd_in
 0.01 0.01 0.01 0.01 0.01 0.01 0.01 0.01 0.01 0.01 0.01 0.01 0.01 0.01 0.01 0.01 0.01 0.01 0.01 0.01 0.01 0.01 0.01 0.01 0.01 0.01 0.01 0.01 0.01 0.01
# nyrs_fsh_age
 30
# nyrs_fsh_length
 0
# yrs_fsh_age_in
 1 2 3 4 5 6 7 8 9 10 11 12 13 14 15 16 17 18 19 20 21 22 23 24 25 26 27 28 29 30
# yrs_fsh_length_in

# n_sample_fsh_length_in

# olc_fsh_in

# nind
1
# indname
SURVEY1
# nyrs_ind
 30
# yrs_ind_in
 1 2 3 4 5 6 7 8 9 10 11 12 13 14 15 16 17 18 19 20 21 22 23 24 25 26 27 28 29 30
# mo_ind
 1
# obs_ind_in
 1.34348 1.27596 1.21357 1.12448 1.23103 1.53487 1.3643 1.45672 1.28548 1.34903 1.4658 1.2506 1.04609 1.30899 1.20035 1.22788 1.05323 0.849542 0.929783 0.780017 0.692622 0.546329 0.477687 0.468415 0.516 0.801486 0.747796 0.869546 0.65047 0.693296
# obs_se_ind_in
 0.268696 0.255192 0.242714 0.224895 0.246206 0.306975 0.272859 0.291344 0.257096 0.269806 0.29316 0.25012 0.209217 0.261798 0.24007 0.245576 0.210646 0.169908 0.185957 0.156003 0.138524 0.109266 0.0955375 0.093683 0.1032 0.160297 0.149559 0.173909 0.130094 0.138659
# nyrs_ind_age
 30
# nyrs_ind_length
 0
# yrs_ind_age_in
 1 2 3 4 5 6 7 8 9 10 11 12 13 14 15 16 17 18 19 20 21 22 23 24 25 26 27 28 29 30
# yrs_ind_length_in

# yrs_ind_age_in
 1 2 3 4 5 6 7 8 9 10 11 12 13 14 15 16 17 18 19 20 21 22 23 24 25 26 27 28 29 30
# n_sample_ind_length_in

# olc_ind_in

# oac_ind_in
 0.045 0.125 0.135 0.175 0.105 0.08 0.06 0.04 0.06 0.03 0.02 0.125
 0.04 0.12 0.145 0.175 0.075 0.08 0.055 0.085 0.025 0.02 0.05 0.13
 0.045 0.18 0.17 0.07 0.115 0.065 0.07 0.065 0.025 0.04 0.035 0.12
 0.065 0.11 0.175 0.12 0.115 0.095 0.05 0.06 0.045 0.02 0.05 0.095
 0.14 0.135 0.115 0.08 0.09 0.115 0.065 0.03 0.045 0.04 0.02 0.125
 0.07 0.29 0.095 0.09 0.085 0.035 0.09 0.05 0.04 0.035 0.015 0.105
 0.065 0.115 0.24 0.135 0.04 0.08 0.07 0.04 0.05 0.015 0.025 0.125
 0.145 0.1 0.145 0.21 0.09 0.065 0.045 0.035 0.01 0.035 0.01 0.11
 0.045 0.275 0.12 0.115 0.17 0.055 0.055 0.035 0.02 0.005 0.015 0.09
 0.115 0.165 0.27 0.105 0.09 0.105 0.02 0.025 0.02 0.04 0.005 0.04
 0.085 0.27 0.12 0.175 0.07 0.055 0.09 0.03 0.015 0.03 0.005 0.055
 0.04 0.2 0.265 0.12 0.155 0.045 0.045 0.06 0.02 0 0.005 0.045
 0.035 0.105 0.24 0.26 0.065 0.135 0.03 0.025 0.045 0.005 0.025 0.03
 0.17 0.045 0.12 0.155 0.225 0.08 0.1 0.03 0.025 0.015 0.025 0.01
 0.1 0.315 0.06 0.09 0.125 0.105 0.045 0.075 0.005 0.01 0.025 0.045
 0.075 0.21 0.345 0.05 0.05 0.085 0.04 0.015 0.055 0.02 0.005 0.05
 0.04 0.16 0.235 0.26 0.045 0.035 0.06 0.07 0.02 0.03 0.01 0.035
 0.055 0.115 0.225 0.175 0.25 0.035 0.03 0.03 0.045 0 0.02 0.02
 0.175 0.15 0.11 0.125 0.155 0.145 0.015 0.015 0.03 0.025 0.005 0.05
 0.085 0.34 0.15 0.09 0.09 0.055 0.07 0.005 0.025 0.025 0.01 0.055
 0.05 0.14 0.365 0.095 0.055 0.055 0.06 0.09 0.005 0.005 0.03 0.05
 0.04 0.12 0.22 0.38 0.075 0.035 0.025 0.035 0.05 0.005 0.005 0.01
 0.12 0.165 0.15 0.16 0.22 0.03 0.04 0.025 0.025 0.02 0.005 0.04
 0.185 0.235 0.11 0.09 0.1 0.145 0.045 0.025 0.01 0.03 0.005 0.02
 0.19 0.385 0.15 0.02 0.035 0.04 0.1 0.015 0.01 0.015 0.01 0.03
 0.145 0.37 0.255 0.105 0.045 0.02 0.02 0.025 0 0 0.01 0.005
 0.085 0.265 0.365 0.17 0.04 0.025 0.015 0.01 0.01 0 0.005 0.01
 0.045 0.195 0.315 0.28 0.08 0.025 0.01 0.01 0.01 0.02 0 0.01
 0.095 0.195 0.215 0.185 0.175 0.095 0.01 0.005 0 0 0.015 0.01
 0.17 0.18 0.105 0.18 0.17 0.14 0.035 0.02 0 0 0 0
# wt_ind
 1 1 1 1 1 1 1 1 1 1 1 1
 1 1 1 1 1 1 1 1 1 1 1 1
 1 1 1 1 1 1 1 1 1 1 1 1
 1 1 1 1 1 1 1 1 1 1 1 1
 1 1 1 1 1 1 1 1 1 1 1 1
 1 1 1 1 1 1 1 1 1 1 1 1
 1 1 1 1 1 1 1 1 1 1 1 1
 1 1 1 1 1 1 1 1 1 1 1 1
 1 1 1 1 1 1 1 1 1 1 1 1
 1 1 1 1 1 1 1 1 1 1 1 1
 1 1 1 1 1 1 1 1 1 1 1 1
 1 1 1 1 1 1 1 1 1 1 1 1
 1 1 1 1 1 1 1 1 1 1 1 1
 1 1 1 1 1 1 1 1 1 1 1 1
 1 1 1 1 1 1 1 1 1 1 1 1
 1 1 1 1 1 1 1 1 1 1 1 1
 1 1 1 1 1 1 1 1 1 1 1 1
 1 1 1 1 1 1 1 1 1 1 1 1
 1 1 1 1 1 1 1 1 1 1 1 1
 1 1 1 1 1 1 1 1 1 1 1 1
 1 1 1 1 1 1 1 1 1 1 1 1
 1 1 1 1 1 1 1 1 1 1 1 1
 1 1 1 1 1 1 1 1 1 1 1 1
 1 1 1 1 1 1 1 1 1 1 1 1
 1 1 1 1 1 1 1 1 1 1 1 1
 1 1 1 1 1 1 1 1 1 1 1 1
 1 1 1 1 1 1 1 1 1 1 1 1
 1 1 1 1 1 1 1 1 1 1 1 1
 1 1 1 1 1 1 1 1 1 1 1 1
 1 1 1 1 1 1 1 1 1 1 1 1
# wt_pop
 0.000530656 0.00119633 0.00205827 0.00303499 0.00405521 0.0050647 0.00602623 0.00691692 0.00772489 0.00844611 0.00908185 0.0096367
# maturity
 0.0229774 0.320821 0.904651 0.99478 0.999739 0.999987 0.999999 1 1 1 1 1
# spawnmo
1
# age_err
 1 0 0 0 0 0 0 0 0 0 0 0
 0 1 0 0 0 0 0 0 0 0 0 0
 0 0 1 0 0 0 0 0 0 0 0 0
 0 0 0 1 0 0 0 0 0 0 0 0
 0 0 0 0 1 0 0 0 0 0 0 0
 0 0 0 0 0 1 0 0 0 0 0 0
 0 0 0 0 0 0 1 0 0 0 0 0
 0 0 0 0 0 0 0 1 0 0 0 0
 0 0 0 0 0 0 0 0 1 0 0 0
 0 0 0 0 0 0 0 0 0 1 0 0
 0 0 0 0 0 0 0 0 0 0 1 0
 0 0 0 0 0 0 0 0 0 0 0 1
# cntrlfile_name
C:\Users\bai.li\DOCUME~1\Github\AGE_ST~2\ASSAMC\example\C2\output\AMAK\s4\amak.dat
# Map shared selectivity: 
# sel_map
 1 2
 1 1
# datafile_name
amak_data.dat
# model_name
AMAK_MCP
# SrType
2
# use_age_err
0
# retro
0
# sigmarprior
0.6
# cvsigmarprior
0.65
# phase_sigmar
-3
# styr_rec_est
1
# endyr_rec_est
30
# Linfprior
80
# cvLinfprior
0.25
# kprior
0.18
# cvkprior
0.25
# Loprior
27.688
# cvLoprior
0.25
# sdageprior
0.1
# cvsdageprior
0.25
# natmortprior
0.2
# cvnatmortprior
0.25
# phase_M
-4
# npars_Mage
0
# ages_M_changes

# Mage_in

# Mage_offset_in

# phase_Mage
-5
# phase_rw_M
0
# npars_rw_M
0
# yrs_rw_M

# sigma_rw_M

# qprior
 3.48998e-007
# cvqprior
 1
# phase_q
 1
# q_power_prior
 1
# cvq_power_prior
 0.2
# phase_q_power
 -4
# phase_rw_q
 -1
# npars_rw_q
 0
# yrs_rw_q

# sigma_rw_q

# q_age_min
 1
# q_age_max
 12
# q_age_min
 1
# q_age_max
 12
# fsh_sel_opt(k)
2
# phase_sel_fsh(k)
2
# n_sel_ch_fsh(k)
1
# sel_slp_in_fsh(k)(1,n_sel_ch_fsh(k))
 1
# sel_inf_in_fsh(k)(1,n_sel_ch_fsh(k))
 2
# logsel_slp_in_fsh(k)(1,n_sel_ch_fsh(k))
 0
# yrs_sel_ch_fsh(k)(1,n_sel_ch_fsh(k))
 1

Survey SURVEY1
# ind_sel_opt(k)
2
# indname(k)
SURVEY1
# nselages_in_ind(k)
11
# phase_sel_ind(k)
2
# sel_change_in_ind(k)
 1 0 0 0 0 0 0 0 0 0 0 0 0 0 0 0 0 0 0 0 0 0 0 0 0 0 0 0 0 0
# n_sel_ch_ind(k)
1
# yrs_sel_ch_ind(k)(1,n_sel_ch_ind(k))
 1
# sel_slp_in_ind(k,1)
2
# sel_inf_in_ind(k,1)
1.5
# logsel_slp_in_ind(k,1)
0.693147
# logsel_slp_in_indv(k)
0.693147
SURVEY1 ind sel opt 2  1 0 0 0 0 0 0 0 0 0 0 0 0 0 0 0 0 0 0 0 0 0 0 0 0 0 0 0 0 0
Phase indices Sel_Coffs:  -1
 Test: 1.23457e+008
# Fshry Selages:  11
# Srvy  Selages:  11
# Phase for age-spec fishery  -1
# Phase for logistic fishery  2
# Phase for dble logistic fishery  -1
# Phase for age-spec indices   -1
# Phase for logistic indices   2
# Phase for dble logistic ind  -1
# Curv_pen_fsh: 
 0
# Curv_pen_ind: 
 0
# styr_fut
31
# endyr_fut
35
# nyrs_fsh_age
 30
# nyrs_fsh_age
 30
# yrs_fsh_age
 1 2 3 4 5 6 7 8 9 10 11 12 13 14 15 16 17 18 19 20 21 22 23 24 25 26 27 28 29 30
# n_sample_fsh_age
 200 200 200 200 200 200 200 200 200 200 200 200 200 200 200 200 200 200 200 200 200 200 200 200 200 200 200 200 200 200
# oac_fsh
 0.05 0.11 0.1 0.13 0.09 0.08 0.08 0.07 0.045 0.035 0.025 0.185
 0.08 0.1 0.145 0.09 0.09 0.1 0.06 0.06 0.045 0.06 0.02 0.15
 0.075 0.13 0.085 0.115 0.095 0.06 0.055 0.055 0.05 0.04 0.025 0.215
 0.08 0.09 0.1 0.11 0.155 0.05 0.095 0.065 0.05 0.03 0.04 0.135
 0.14 0.085 0.1 0.135 0.09 0.115 0.055 0.07 0.025 0.03 0.04 0.115
 0.08 0.195 0.14 0.095 0.08 0.09 0.06 0.065 0.04 0.035 0.02 0.1
 0.075 0.105 0.205 0.11 0.08 0.075 0.055 0.075 0.04 0.03 0.025 0.125
 0.135 0.07 0.135 0.205 0.075 0.085 0.05 0.045 0.055 0.03 0.02 0.095
 0.07 0.19 0.12 0.13 0.145 0.055 0.025 0.045 0.035 0.02 0.03 0.135
 0.165 0.115 0.215 0.075 0.08 0.135 0.045 0.07 0.01 0.015 0.01 0.065
 0.145 0.235 0.09 0.195 0.065 0.05 0.07 0.035 0.02 0.025 0.005 0.065
 0.045 0.14 0.275 0.125 0.165 0.035 0.06 0.06 0.025 0.01 0.005 0.055
 0.025 0.065 0.17 0.295 0.105 0.13 0.06 0.02 0.05 0.015 0.015 0.05
 0.165 0.08 0.085 0.155 0.205 0.08 0.125 0.02 0.03 0.015 0.01 0.03
 0.155 0.24 0.065 0.065 0.125 0.13 0.045 0.065 0.03 0.035 0.01 0.035
 0.07 0.14 0.34 0.05 0.075 0.09 0.08 0.035 0.05 0.02 0.025 0.025
 0.08 0.12 0.19 0.275 0.04 0.04 0.045 0.045 0.03 0.06 0 0.075
 0.065 0.11 0.15 0.19 0.235 0.065 0.035 0.04 0.03 0.005 0.015 0.06
 0.19 0.07 0.06 0.14 0.145 0.21 0.02 0.04 0.03 0.035 0.015 0.045
 0.085 0.32 0.095 0.12 0.1 0.09 0.085 0.005 0.01 0.02 0.025 0.045
 0.06 0.075 0.375 0.105 0.08 0.06 0.085 0.065 0.005 0.035 0.01 0.045
 0.06 0.1 0.125 0.4 0.06 0.02 0.055 0.06 0.04 0.01 0.02 0.05
 0.175 0.125 0.105 0.145 0.23 0.05 0.05 0.015 0.02 0.04 0.005 0.04
 0.27 0.195 0.085 0.1 0.08 0.12 0.04 0.03 0.01 0.01 0.045 0.015
 0.28 0.295 0.155 0.03 0.05 0.05 0.07 0.01 0.02 0.005 0.005 0.03
 0.27 0.35 0.175 0.075 0.035 0.04 0.01 0.035 0 0 0 0.01
 0.105 0.225 0.325 0.185 0.055 0.02 0.025 0.02 0.015 0.005 0 0.02
 0.085 0.175 0.26 0.255 0.125 0.045 0.01 0.015 0.005 0.005 0.015 0.005
 0.195 0.09 0.165 0.2 0.225 0.07 0.04 0 0 0.005 0.01 0
 0.24 0.215 0.105 0.175 0.12 0.085 0.025 0.02 0 0.01 0 0.005
# olc_fsh

# wt_fsh
 0.000530656 0.00119633 0.00205827 0.00303499 0.00405521 0.0050647 0.00602623 0.00691692 0.00772489 0.00844611 0.00908185 0.0096367
 0.000530656 0.00119633 0.00205827 0.00303499 0.00405521 0.0050647 0.00602623 0.00691692 0.00772489 0.00844611 0.00908185 0.0096367
 0.000530656 0.00119633 0.00205827 0.00303499 0.00405521 0.0050647 0.00602623 0.00691692 0.00772489 0.00844611 0.00908185 0.0096367
 0.000530656 0.00119633 0.00205827 0.00303499 0.00405521 0.0050647 0.00602623 0.00691692 0.00772489 0.00844611 0.00908185 0.0096367
 0.000530656 0.00119633 0.00205827 0.00303499 0.00405521 0.0050647 0.00602623 0.00691692 0.00772489 0.00844611 0.00908185 0.0096367
 0.000530656 0.00119633 0.00205827 0.00303499 0.00405521 0.0050647 0.00602623 0.00691692 0.00772489 0.00844611 0.00908185 0.0096367
 0.000530656 0.00119633 0.00205827 0.00303499 0.00405521 0.0050647 0.00602623 0.00691692 0.00772489 0.00844611 0.00908185 0.0096367
 0.000530656 0.00119633 0.00205827 0.00303499 0.00405521 0.0050647 0.00602623 0.00691692 0.00772489 0.00844611 0.00908185 0.0096367
 0.000530656 0.00119633 0.00205827 0.00303499 0.00405521 0.0050647 0.00602623 0.00691692 0.00772489 0.00844611 0.00908185 0.0096367
 0.000530656 0.00119633 0.00205827 0.00303499 0.00405521 0.0050647 0.00602623 0.00691692 0.00772489 0.00844611 0.00908185 0.0096367
 0.000530656 0.00119633 0.00205827 0.00303499 0.00405521 0.0050647 0.00602623 0.00691692 0.00772489 0.00844611 0.00908185 0.0096367
 0.000530656 0.00119633 0.00205827 0.00303499 0.00405521 0.0050647 0.00602623 0.00691692 0.00772489 0.00844611 0.00908185 0.0096367
 0.000530656 0.00119633 0.00205827 0.00303499 0.00405521 0.0050647 0.00602623 0.00691692 0.00772489 0.00844611 0.00908185 0.0096367
 0.000530656 0.00119633 0.00205827 0.00303499 0.00405521 0.0050647 0.00602623 0.00691692 0.00772489 0.00844611 0.00908185 0.0096367
 0.000530656 0.00119633 0.00205827 0.00303499 0.00405521 0.0050647 0.00602623 0.00691692 0.00772489 0.00844611 0.00908185 0.0096367
 0.000530656 0.00119633 0.00205827 0.00303499 0.00405521 0.0050647 0.00602623 0.00691692 0.00772489 0.00844611 0.00908185 0.0096367
 0.000530656 0.00119633 0.00205827 0.00303499 0.00405521 0.0050647 0.00602623 0.00691692 0.00772489 0.00844611 0.00908185 0.0096367
 0.000530656 0.00119633 0.00205827 0.00303499 0.00405521 0.0050647 0.00602623 0.00691692 0.00772489 0.00844611 0.00908185 0.0096367
 0.000530656 0.00119633 0.00205827 0.00303499 0.00405521 0.0050647 0.00602623 0.00691692 0.00772489 0.00844611 0.00908185 0.0096367
 0.000530656 0.00119633 0.00205827 0.00303499 0.00405521 0.0050647 0.00602623 0.00691692 0.00772489 0.00844611 0.00908185 0.0096367
 0.000530656 0.00119633 0.00205827 0.00303499 0.00405521 0.0050647 0.00602623 0.00691692 0.00772489 0.00844611 0.00908185 0.0096367
 0.000530656 0.00119633 0.00205827 0.00303499 0.00405521 0.0050647 0.00602623 0.00691692 0.00772489 0.00844611 0.00908185 0.0096367
 0.000530656 0.00119633 0.00205827 0.00303499 0.00405521 0.0050647 0.00602623 0.00691692 0.00772489 0.00844611 0.00908185 0.0096367
 0.000530656 0.00119633 0.00205827 0.00303499 0.00405521 0.0050647 0.00602623 0.00691692 0.00772489 0.00844611 0.00908185 0.0096367
 0.000530656 0.00119633 0.00205827 0.00303499 0.00405521 0.0050647 0.00602623 0.00691692 0.00772489 0.00844611 0.00908185 0.0096367
 0.000530656 0.00119633 0.00205827 0.00303499 0.00405521 0.0050647 0.00602623 0.00691692 0.00772489 0.00844611 0.00908185 0.0096367
 0.000530656 0.00119633 0.00205827 0.00303499 0.00405521 0.0050647 0.00602623 0.00691692 0.00772489 0.00844611 0.00908185 0.0096367
 0.000530656 0.00119633 0.00205827 0.00303499 0.00405521 0.0050647 0.00602623 0.00691692 0.00772489 0.00844611 0.00908185 0.0096367
 0.000530656 0.00119633 0.00205827 0.00303499 0.00405521 0.0050647 0.00602623 0.00691692 0.00772489 0.00844611 0.00908185 0.0096367
 0.000530656 0.00119633 0.00205827 0.00303499 0.00405521 0.0050647 0.00602623 0.00691692 0.00772489 0.00844611 0.00908185 0.0096367
# nyrs_ind_age
 30
# yrs_ind_age
 1 2 3 4 5 6 7 8 9 10 11 12 13 14 15 16 17 18 19 20 21 22 23 24 25 26 27 28 29 30
# n_sample_ind_age
 200 200 200 200 200 200 200 200 200 200 200 200 200 200 200 200 200 200 200 200 200 200 200 200 200 200 200 200 200 200
# oac_ind
 0.045 0.125 0.135 0.175 0.105 0.08 0.06 0.04 0.06 0.03 0.02 0.125
 0.04 0.12 0.145 0.175 0.075 0.08 0.055 0.085 0.025 0.02 0.05 0.13
 0.045 0.18 0.17 0.07 0.115 0.065 0.07 0.065 0.025 0.04 0.035 0.12
 0.065 0.11 0.175 0.12 0.115 0.095 0.05 0.06 0.045 0.02 0.05 0.095
 0.14 0.135 0.115 0.08 0.09 0.115 0.065 0.03 0.045 0.04 0.02 0.125
 0.07 0.29 0.095 0.09 0.085 0.035 0.09 0.05 0.04 0.035 0.015 0.105
 0.065 0.115 0.24 0.135 0.04 0.08 0.07 0.04 0.05 0.015 0.025 0.125
 0.145 0.1 0.145 0.21 0.09 0.065 0.045 0.035 0.01 0.035 0.01 0.11
 0.045 0.275 0.12 0.115 0.17 0.055 0.055 0.035 0.02 0.005 0.015 0.09
 0.115 0.165 0.27 0.105 0.09 0.105 0.02 0.025 0.02 0.04 0.005 0.04
 0.085 0.27 0.12 0.175 0.07 0.055 0.09 0.03 0.015 0.03 0.005 0.055
 0.04 0.2 0.265 0.12 0.155 0.045 0.045 0.06 0.02 0 0.005 0.045
 0.035 0.105 0.24 0.26 0.065 0.135 0.03 0.025 0.045 0.005 0.025 0.03
 0.17 0.045 0.12 0.155 0.225 0.08 0.1 0.03 0.025 0.015 0.025 0.01
 0.1 0.315 0.06 0.09 0.125 0.105 0.045 0.075 0.005 0.01 0.025 0.045
 0.075 0.21 0.345 0.05 0.05 0.085 0.04 0.015 0.055 0.02 0.005 0.05
 0.04 0.16 0.235 0.26 0.045 0.035 0.06 0.07 0.02 0.03 0.01 0.035
 0.055 0.115 0.225 0.175 0.25 0.035 0.03 0.03 0.045 0 0.02 0.02
 0.175 0.15 0.11 0.125 0.155 0.145 0.015 0.015 0.03 0.025 0.005 0.05
 0.085 0.34 0.15 0.09 0.09 0.055 0.07 0.005 0.025 0.025 0.01 0.055
 0.05 0.14 0.365 0.095 0.055 0.055 0.06 0.09 0.005 0.005 0.03 0.05
 0.04 0.12 0.22 0.38 0.075 0.035 0.025 0.035 0.05 0.005 0.005 0.01
 0.12 0.165 0.15 0.16 0.22 0.03 0.04 0.025 0.025 0.02 0.005 0.04
 0.185 0.235 0.11 0.09 0.1 0.145 0.045 0.025 0.01 0.03 0.005 0.02
 0.19 0.385 0.15 0.02 0.035 0.04 0.1 0.015 0.01 0.015 0.01 0.03
 0.145 0.37 0.255 0.105 0.045 0.02 0.02 0.025 0 0 0.01 0.005
 0.085 0.265 0.365 0.17 0.04 0.025 0.015 0.01 0.01 0 0.005 0.01
 0.045 0.195 0.315 0.28 0.08 0.025 0.01 0.01 0.01 0.02 0 0.01
 0.095 0.195 0.215 0.185 0.175 0.095 0.01 0.005 0 0 0.015 0.01
 0.17 0.18 0.105 0.18 0.17 0.14 0.035 0.02 0 0 0 0
# olc_ind

# obs_lse_ind
 0.198042 0.198042 0.198042 0.198042 0.198042 0.198042 0.198042 0.198042 0.198042 0.198042 0.198042 0.198042 0.198042 0.198042 0.198042 0.198042 0.198042 0.198042 0.198042 0.198042 0.198042 0.198042 0.198042 0.198042 0.198042 0.198042 0.198042 0.198042 0.198042 0.198042
# xages_fsh
 0 0 0 0 0 0 0 0 0 0 0 0
# xages_fsh
 0 0.0909091 0.181818 0.272727 0.363636 0.454545 0.545455 0.636364 0.727273 0.818182 0.909091 1
# xnodes_fsh

Yrs fsh_sel change:  1 0 0 0 0 0 0 0 0 0 0 0 0 0 0 0 0 0 0 0 0 0 0 0 0 0 0 0 0
Yrs ind_sel change:  1 0 0 0 0 0 0 0 0 0 0 0 0 0 0 0 0 0 0 0 0 0 0 0 0 0 0 0 0
# steepnessprior
0.75
# sigmarprior
0.6
#  SSB estimated in styr endyr: -13 28 
#  Rec estimated in styr endyr: -11 30 
#  SR Curve fit  in styr endyr: 1 30 
#             Model styr endyr: 1 30 
# qprior
 3.48998e-007
# q_power_prior 
 1 
# cv_catchbiomass 
0.05 
# CatchbiomassPen 
200 
# Number of projection years 
5 
# offset_fsh
 12956.8
# offset_ind
 12611
Mean Catch
1509.63
R_guess 
15.5798
# nfsh
1
# n_sel_ch_fsh
 1
# nselages_fsh
 11
# phase_selcoff_fsh
 -1
logRzero 15.5798
logmeanrec 15.5798
exp(log_sigmarprior 0.6
Fish sel phase: -1 FLEET1
Fixing fishery sel to
1
Srvy sel phase: -1
Fixing SURVEY1 indices sel to
1
# logsel_slp_in_indv
 0.693147
Leaving parameter init secton
# M
 0.2 0.2 0.2 0.2 0.2 0.2 0.2 0.2 0.2 0.2 0.2 0.2
 0.2 0.2 0.2 0.2 0.2 0.2 0.2 0.2 0.2 0.2 0.2 0.2
 0.2 0.2 0.2 0.2 0.2 0.2 0.2 0.2 0.2 0.2 0.2 0.2
 0.2 0.2 0.2 0.2 0.2 0.2 0.2 0.2 0.2 0.2 0.2 0.2
 0.2 0.2 0.2 0.2 0.2 0.2 0.2 0.2 0.2 0.2 0.2 0.2
 0.2 0.2 0.2 0.2 0.2 0.2 0.2 0.2 0.2 0.2 0.2 0.2
 0.2 0.2 0.2 0.2 0.2 0.2 0.2 0.2 0.2 0.2 0.2 0.2
 0.2 0.2 0.2 0.2 0.2 0.2 0.2 0.2 0.2 0.2 0.2 0.2
 0.2 0.2 0.2 0.2 0.2 0.2 0.2 0.2 0.2 0.2 0.2 0.2
 0.2 0.2 0.2 0.2 0.2 0.2 0.2 0.2 0.2 0.2 0.2 0.2
 0.2 0.2 0.2 0.2 0.2 0.2 0.2 0.2 0.2 0.2 0.2 0.2
 0.2 0.2 0.2 0.2 0.2 0.2 0.2 0.2 0.2 0.2 0.2 0.2
 0.2 0.2 0.2 0.2 0.2 0.2 0.2 0.2 0.2 0.2 0.2 0.2
 0.2 0.2 0.2 0.2 0.2 0.2 0.2 0.2 0.2 0.2 0.2 0.2
 0.2 0.2 0.2 0.2 0.2 0.2 0.2 0.2 0.2 0.2 0.2 0.2
 0.2 0.2 0.2 0.2 0.2 0.2 0.2 0.2 0.2 0.2 0.2 0.2
 0.2 0.2 0.2 0.2 0.2 0.2 0.2 0.2 0.2 0.2 0.2 0.2
 0.2 0.2 0.2 0.2 0.2 0.2 0.2 0.2 0.2 0.2 0.2 0.2
 0.2 0.2 0.2 0.2 0.2 0.2 0.2 0.2 0.2 0.2 0.2 0.2
 0.2 0.2 0.2 0.2 0.2 0.2 0.2 0.2 0.2 0.2 0.2 0.2
 0.2 0.2 0.2 0.2 0.2 0.2 0.2 0.2 0.2 0.2 0.2 0.2
 0.2 0.2 0.2 0.2 0.2 0.2 0.2 0.2 0.2 0.2 0.2 0.2
 0.2 0.2 0.2 0.2 0.2 0.2 0.2 0.2 0.2 0.2 0.2 0.2
 0.2 0.2 0.2 0.2 0.2 0.2 0.2 0.2 0.2 0.2 0.2 0.2
 0.2 0.2 0.2 0.2 0.2 0.2 0.2 0.2 0.2 0.2 0.2 0.2
 0.2 0.2 0.2 0.2 0.2 0.2 0.2 0.2 0.2 0.2 0.2 0.2
 0.2 0.2 0.2 0.2 0.2 0.2 0.2 0.2 0.2 0.2 0.2 0.2
 0.2 0.2 0.2 0.2 0.2 0.2 0.2 0.2 0.2 0.2 0.2 0.2
 0.2 0.2 0.2 0.2 0.2 0.2 0.2 0.2 0.2 0.2 0.2 0.2
 0.2 0.2 0.2 0.2 0.2 0.2 0.2 0.2 0.2 0.2 0.2 0.2
# mean_log_rec
13.6884
# log_Rzero
13.8905
# rec_dev
 -0.0723786 -0.0870536 -0.253272 5.84656e-005 0.0378827 0.0394114 0.0218471 -0.012255 0.0391327 0.0132511 0.0681741 0.140629 -0.00819715 0.0778565 -0.0738149 0.050752 0.750556 0.195754 -0.00597328 0.859852 0.159769 0.895405 0.497837 -0.197075 -0.62707 0.979642 0.475244 0.0703131 -0.336305 -0.386117 0.703037 -0.288336 -0.652223 -0.884723 -0.204428 0.35981 0.735165 0.474496 0.058512 -0.479428 0.00128282 0.430946
# fmort
 0.00974168 0.02847 0.0470857 0.0645069 0.0515151 0.0921987 0.0940217 0.199362 0.116579 0.141471 0.162002 0.172697 0.124066 0.180278 0.19172 0.173781 0.336807 0.274897 0.273439 0.267008 0.370585 0.271606 0.4425 0.363285 0.35311 0.328727 0.324085 0.455491 0.349055 0.5515
# rec_dev_future
 0 0 0 0 0
