#nyears
 30
#year1
 1
#nages
 12
#nfleets
 1
#nselblocks
 1
#navailindices
 1
#M
  0.2 0.2 0.2 0.2 0.2 0.2 0.2 0.2 0.2 0.2 0.2 0.2
 0.2 0.2 0.2 0.2 0.2 0.2 0.2 0.2 0.2 0.2 0.2 0.2
 0.2 0.2 0.2 0.2 0.2 0.2 0.2 0.2 0.2 0.2 0.2 0.2
 0.2 0.2 0.2 0.2 0.2 0.2 0.2 0.2 0.2 0.2 0.2 0.2
 0.2 0.2 0.2 0.2 0.2 0.2 0.2 0.2 0.2 0.2 0.2 0.2
 0.2 0.2 0.2 0.2 0.2 0.2 0.2 0.2 0.2 0.2 0.2 0.2
 0.2 0.2 0.2 0.2 0.2 0.2 0.2 0.2 0.2 0.2 0.2 0.2
 0.2 0.2 0.2 0.2 0.2 0.2 0.2 0.2 0.2 0.2 0.2 0.2
 0.2 0.2 0.2 0.2 0.2 0.2 0.2 0.2 0.2 0.2 0.2 0.2
 0.2 0.2 0.2 0.2 0.2 0.2 0.2 0.2 0.2 0.2 0.2 0.2
 0.2 0.2 0.2 0.2 0.2 0.2 0.2 0.2 0.2 0.2 0.2 0.2
 0.2 0.2 0.2 0.2 0.2 0.2 0.2 0.2 0.2 0.2 0.2 0.2
 0.2 0.2 0.2 0.2 0.2 0.2 0.2 0.2 0.2 0.2 0.2 0.2
 0.2 0.2 0.2 0.2 0.2 0.2 0.2 0.2 0.2 0.2 0.2 0.2
 0.2 0.2 0.2 0.2 0.2 0.2 0.2 0.2 0.2 0.2 0.2 0.2
 0.2 0.2 0.2 0.2 0.2 0.2 0.2 0.2 0.2 0.2 0.2 0.2
 0.2 0.2 0.2 0.2 0.2 0.2 0.2 0.2 0.2 0.2 0.2 0.2
 0.2 0.2 0.2 0.2 0.2 0.2 0.2 0.2 0.2 0.2 0.2 0.2
 0.2 0.2 0.2 0.2 0.2 0.2 0.2 0.2 0.2 0.2 0.2 0.2
 0.2 0.2 0.2 0.2 0.2 0.2 0.2 0.2 0.2 0.2 0.2 0.2
 0.2 0.2 0.2 0.2 0.2 0.2 0.2 0.2 0.2 0.2 0.2 0.2
 0.2 0.2 0.2 0.2 0.2 0.2 0.2 0.2 0.2 0.2 0.2 0.2
 0.2 0.2 0.2 0.2 0.2 0.2 0.2 0.2 0.2 0.2 0.2 0.2
 0.2 0.2 0.2 0.2 0.2 0.2 0.2 0.2 0.2 0.2 0.2 0.2
 0.2 0.2 0.2 0.2 0.2 0.2 0.2 0.2 0.2 0.2 0.2 0.2
 0.2 0.2 0.2 0.2 0.2 0.2 0.2 0.2 0.2 0.2 0.2 0.2
 0.2 0.2 0.2 0.2 0.2 0.2 0.2 0.2 0.2 0.2 0.2 0.2
 0.2 0.2 0.2 0.2 0.2 0.2 0.2 0.2 0.2 0.2 0.2 0.2
 0.2 0.2 0.2 0.2 0.2 0.2 0.2 0.2 0.2 0.2 0.2 0.2
 0.2 0.2 0.2 0.2 0.2 0.2 0.2 0.2 0.2 0.2 0.2 0.2
#isfecund
 0
#fracyearSSB
 0
#mature
  0.0114887 0.160411 0.452325 0.49739 0.499869 0.499993 0.5 0.5 0.5 0.5 0.5 0.5
 0.0114887 0.160411 0.452325 0.49739 0.499869 0.499993 0.5 0.5 0.5 0.5 0.5 0.5
 0.0114887 0.160411 0.452325 0.49739 0.499869 0.499993 0.5 0.5 0.5 0.5 0.5 0.5
 0.0114887 0.160411 0.452325 0.49739 0.499869 0.499993 0.5 0.5 0.5 0.5 0.5 0.5
 0.0114887 0.160411 0.452325 0.49739 0.499869 0.499993 0.5 0.5 0.5 0.5 0.5 0.5
 0.0114887 0.160411 0.452325 0.49739 0.499869 0.499993 0.5 0.5 0.5 0.5 0.5 0.5
 0.0114887 0.160411 0.452325 0.49739 0.499869 0.499993 0.5 0.5 0.5 0.5 0.5 0.5
 0.0114887 0.160411 0.452325 0.49739 0.499869 0.499993 0.5 0.5 0.5 0.5 0.5 0.5
 0.0114887 0.160411 0.452325 0.49739 0.499869 0.499993 0.5 0.5 0.5 0.5 0.5 0.5
 0.0114887 0.160411 0.452325 0.49739 0.499869 0.499993 0.5 0.5 0.5 0.5 0.5 0.5
 0.0114887 0.160411 0.452325 0.49739 0.499869 0.499993 0.5 0.5 0.5 0.5 0.5 0.5
 0.0114887 0.160411 0.452325 0.49739 0.499869 0.499993 0.5 0.5 0.5 0.5 0.5 0.5
 0.0114887 0.160411 0.452325 0.49739 0.499869 0.499993 0.5 0.5 0.5 0.5 0.5 0.5
 0.0114887 0.160411 0.452325 0.49739 0.499869 0.499993 0.5 0.5 0.5 0.5 0.5 0.5
 0.0114887 0.160411 0.452325 0.49739 0.499869 0.499993 0.5 0.5 0.5 0.5 0.5 0.5
 0.0114887 0.160411 0.452325 0.49739 0.499869 0.499993 0.5 0.5 0.5 0.5 0.5 0.5
 0.0114887 0.160411 0.452325 0.49739 0.499869 0.499993 0.5 0.5 0.5 0.5 0.5 0.5
 0.0114887 0.160411 0.452325 0.49739 0.499869 0.499993 0.5 0.5 0.5 0.5 0.5 0.5
 0.0114887 0.160411 0.452325 0.49739 0.499869 0.499993 0.5 0.5 0.5 0.5 0.5 0.5
 0.0114887 0.160411 0.452325 0.49739 0.499869 0.499993 0.5 0.5 0.5 0.5 0.5 0.5
 0.0114887 0.160411 0.452325 0.49739 0.499869 0.499993 0.5 0.5 0.5 0.5 0.5 0.5
 0.0114887 0.160411 0.452325 0.49739 0.499869 0.499993 0.5 0.5 0.5 0.5 0.5 0.5
 0.0114887 0.160411 0.452325 0.49739 0.499869 0.499993 0.5 0.5 0.5 0.5 0.5 0.5
 0.0114887 0.160411 0.452325 0.49739 0.499869 0.499993 0.5 0.5 0.5 0.5 0.5 0.5
 0.0114887 0.160411 0.452325 0.49739 0.499869 0.499993 0.5 0.5 0.5 0.5 0.5 0.5
 0.0114887 0.160411 0.452325 0.49739 0.499869 0.499993 0.5 0.5 0.5 0.5 0.5 0.5
 0.0114887 0.160411 0.452325 0.49739 0.499869 0.499993 0.5 0.5 0.5 0.5 0.5 0.5
 0.0114887 0.160411 0.452325 0.49739 0.499869 0.499993 0.5 0.5 0.5 0.5 0.5 0.5
 0.0114887 0.160411 0.452325 0.49739 0.499869 0.499993 0.5 0.5 0.5 0.5 0.5 0.5
 0.0114887 0.160411 0.452325 0.49739 0.499869 0.499993 0.5 0.5 0.5 0.5 0.5 0.5
#nWAAmatrices
 1
#WAA_ini
  0.530655 1.19633 2.05827 3.03499 4.05521 5.0647 6.02623 6.91692 7.72489 8.44611 9.08185 9.63669
 0.530655 1.19633 2.05827 3.03499 4.05521 5.0647 6.02623 6.91692 7.72489 8.44611 9.08185 9.63669
 0.530655 1.19633 2.05827 3.03499 4.05521 5.0647 6.02623 6.91692 7.72489 8.44611 9.08185 9.63669
 0.530655 1.19633 2.05827 3.03499 4.05521 5.0647 6.02623 6.91692 7.72489 8.44611 9.08185 9.63669
 0.530655 1.19633 2.05827 3.03499 4.05521 5.0647 6.02623 6.91692 7.72489 8.44611 9.08185 9.63669
 0.530655 1.19633 2.05827 3.03499 4.05521 5.0647 6.02623 6.91692 7.72489 8.44611 9.08185 9.63669
 0.530655 1.19633 2.05827 3.03499 4.05521 5.0647 6.02623 6.91692 7.72489 8.44611 9.08185 9.63669
 0.530655 1.19633 2.05827 3.03499 4.05521 5.0647 6.02623 6.91692 7.72489 8.44611 9.08185 9.63669
 0.530655 1.19633 2.05827 3.03499 4.05521 5.0647 6.02623 6.91692 7.72489 8.44611 9.08185 9.63669
 0.530655 1.19633 2.05827 3.03499 4.05521 5.0647 6.02623 6.91692 7.72489 8.44611 9.08185 9.63669
 0.530655 1.19633 2.05827 3.03499 4.05521 5.0647 6.02623 6.91692 7.72489 8.44611 9.08185 9.63669
 0.530655 1.19633 2.05827 3.03499 4.05521 5.0647 6.02623 6.91692 7.72489 8.44611 9.08185 9.63669
 0.530655 1.19633 2.05827 3.03499 4.05521 5.0647 6.02623 6.91692 7.72489 8.44611 9.08185 9.63669
 0.530655 1.19633 2.05827 3.03499 4.05521 5.0647 6.02623 6.91692 7.72489 8.44611 9.08185 9.63669
 0.530655 1.19633 2.05827 3.03499 4.05521 5.0647 6.02623 6.91692 7.72489 8.44611 9.08185 9.63669
 0.530655 1.19633 2.05827 3.03499 4.05521 5.0647 6.02623 6.91692 7.72489 8.44611 9.08185 9.63669
 0.530655 1.19633 2.05827 3.03499 4.05521 5.0647 6.02623 6.91692 7.72489 8.44611 9.08185 9.63669
 0.530655 1.19633 2.05827 3.03499 4.05521 5.0647 6.02623 6.91692 7.72489 8.44611 9.08185 9.63669
 0.530655 1.19633 2.05827 3.03499 4.05521 5.0647 6.02623 6.91692 7.72489 8.44611 9.08185 9.63669
 0.530655 1.19633 2.05827 3.03499 4.05521 5.0647 6.02623 6.91692 7.72489 8.44611 9.08185 9.63669
 0.530655 1.19633 2.05827 3.03499 4.05521 5.0647 6.02623 6.91692 7.72489 8.44611 9.08185 9.63669
 0.530655 1.19633 2.05827 3.03499 4.05521 5.0647 6.02623 6.91692 7.72489 8.44611 9.08185 9.63669
 0.530655 1.19633 2.05827 3.03499 4.05521 5.0647 6.02623 6.91692 7.72489 8.44611 9.08185 9.63669
 0.530655 1.19633 2.05827 3.03499 4.05521 5.0647 6.02623 6.91692 7.72489 8.44611 9.08185 9.63669
 0.530655 1.19633 2.05827 3.03499 4.05521 5.0647 6.02623 6.91692 7.72489 8.44611 9.08185 9.63669
 0.530655 1.19633 2.05827 3.03499 4.05521 5.0647 6.02623 6.91692 7.72489 8.44611 9.08185 9.63669
 0.530655 1.19633 2.05827 3.03499 4.05521 5.0647 6.02623 6.91692 7.72489 8.44611 9.08185 9.63669
 0.530655 1.19633 2.05827 3.03499 4.05521 5.0647 6.02623 6.91692 7.72489 8.44611 9.08185 9.63669
 0.530655 1.19633 2.05827 3.03499 4.05521 5.0647 6.02623 6.91692 7.72489 8.44611 9.08185 9.63669
 0.530655 1.19633 2.05827 3.03499 4.05521 5.0647 6.02623 6.91692 7.72489 8.44611 9.08185 9.63669
#WAApointbio
  1 1 1 1 1 1
#sel_blocks
  1 1 1 1 1 1 1 1 1 1 1 1 1 1 1 1 1 1 1 1 1 1 1 1 1 1 1 1 1 1
#sel_option
  2
#sel_ini
  0 0 0 0
 0 0 0 0
 0 0 0 0
 0 0 0 0
 0 0 0 0
 0 0 0 0
 0 0 0 0
 0 0 0 0
 0 0 0 0
 0 0 0 0
 0 0 0 0
 0 0 0 0
 2 2 0 0.5
 1 2 0 0.5
 0 0 0 0
 0 0 0 0
 0 0 0 0
 0 0 0 0
#sel_start_age
  1
#sel_end_age
  12
#Freport_agemin
 6
#Freport_agemax
 12
#Freport_wtopt
 1
#use_likelihood_constants
 0
#release_mort
  0
#CAA_ini
  0.085 0.14 0.125 0.06 0.095 0.065 0.055 0.065 0.055 0.01 0.065 0.18 161.041
 0.13 0.155 0.12 0.075 0.09 0.05 0.05 0.065 0.045 0.055 0.045 0.12 463.135
 0.07 0.15 0.1 0.12 0.065 0.115 0.08 0.08 0.045 0.035 0.015 0.125 761.261
 0.065 0.145 0.155 0.11 0.08 0.065 0.055 0.035 0.055 0.04 0.02 0.175 994.014
 0.065 0.145 0.115 0.145 0.075 0.055 0.085 0.075 0.035 0.055 0.045 0.105 783.383
 0.095 0.095 0.195 0.105 0.16 0.05 0.045 0.04 0.06 0.02 0.025 0.11 1356.08
 0.05 0.14 0.12 0.175 0.07 0.125 0.08 0.025 0.025 0.065 0.03 0.095 1281.29
 0.045 0.11 0.125 0.1 0.07 0.085 0.145 0.095 0.04 0.04 0.025 0.12 2410.66
 0.115 0.07 0.12 0.09 0.08 0.12 0.07 0.115 0.025 0.03 0.03 0.135 1249.02
 0.08 0.105 0.135 0.125 0.105 0.055 0.095 0.065 0.04 0.035 0.035 0.125 1395.77
 0.07 0.16 0.165 0.115 0.085 0.06 0.07 0.04 0.06 0.055 0.02 0.1 1467.73
 0.085 0.11 0.17 0.15 0.105 0.09 0.075 0.04 0.03 0.04 0.01 0.095 1436.9
 0.14 0.14 0.13 0.16 0.095 0.085 0.085 0.03 0.005 0.03 0.03 0.07 984.877
 0.055 0.165 0.145 0.14 0.13 0.09 0.055 0.035 0.03 0.03 0.015 0.11 1349.91
 0.125 0.16 0.175 0.16 0.065 0.08 0.07 0.04 0.03 0.015 0.02 0.06 1365.72
 0.205 0.2 0.135 0.125 0.085 0.075 0.04 0.04 0.02 0.03 0.01 0.035 1172.44
 0.12 0.17 0.13 0.16 0.11 0.08 0.065 0.035 0.015 0.015 0.02 0.08 2119.47
 0.16 0.155 0.17 0.1 0.165 0.085 0.045 0.05 0.03 0.02 0 0.02 1571.05
 0.125 0.21 0.23 0.125 0.12 0.045 0.05 0.01 0.03 0.025 0.005 0.025 1503.49
 0.085 0.155 0.265 0.15 0.11 0.09 0.04 0.03 0.015 0.005 0.03 0.025 1453.5
 0.14 0.12 0.165 0.22 0.085 0.11 0.03 0.06 0.02 0.005 0.005 0.04 1886.11
 0.11 0.22 0.13 0.195 0.145 0.055 0.07 0.035 0.015 0.015 0 0.01 1242.5
 0.24 0.17 0.155 0.115 0.09 0.085 0.075 0.01 0.02 0.005 0 0.035 1867.17
 0.07 0.28 0.245 0.115 0.085 0.07 0.07 0.04 0.01 0.005 0 0.01 1384.26
 0.095 0.205 0.295 0.14 0.08 0.06 0.06 0.035 0.01 0.01 0 0.01 1320.74
 0.115 0.21 0.125 0.245 0.11 0.045 0.035 0.045 0.02 0.01 0.01 0.03 1168.24
 0.17 0.165 0.24 0.135 0.16 0.055 0.02 0.02 0.015 0.005 0.005 0.01 1139.46
 0.17 0.255 0.135 0.155 0.075 0.105 0.045 0.02 0.005 0.005 0.02 0.01 1498.93
 0.09 0.255 0.26 0.125 0.13 0.055 0.05 0.015 0 0.01 0 0.01 1074.42
 0.145 0.19 0.21 0.15 0.085 0.1 0.06 0.045 0.005 0 0 0.01 1524.89
#Discard_ini
  0 0 0 0 0 0 0 0 0 0 0 0 0
 0 0 0 0 0 0 0 0 0 0 0 0 0
 0 0 0 0 0 0 0 0 0 0 0 0 0
 0 0 0 0 0 0 0 0 0 0 0 0 0
 0 0 0 0 0 0 0 0 0 0 0 0 0
 0 0 0 0 0 0 0 0 0 0 0 0 0
 0 0 0 0 0 0 0 0 0 0 0 0 0
 0 0 0 0 0 0 0 0 0 0 0 0 0
 0 0 0 0 0 0 0 0 0 0 0 0 0
 0 0 0 0 0 0 0 0 0 0 0 0 0
 0 0 0 0 0 0 0 0 0 0 0 0 0
 0 0 0 0 0 0 0 0 0 0 0 0 0
 0 0 0 0 0 0 0 0 0 0 0 0 0
 0 0 0 0 0 0 0 0 0 0 0 0 0
 0 0 0 0 0 0 0 0 0 0 0 0 0
 0 0 0 0 0 0 0 0 0 0 0 0 0
 0 0 0 0 0 0 0 0 0 0 0 0 0
 0 0 0 0 0 0 0 0 0 0 0 0 0
 0 0 0 0 0 0 0 0 0 0 0 0 0
 0 0 0 0 0 0 0 0 0 0 0 0 0
 0 0 0 0 0 0 0 0 0 0 0 0 0
 0 0 0 0 0 0 0 0 0 0 0 0 0
 0 0 0 0 0 0 0 0 0 0 0 0 0
 0 0 0 0 0 0 0 0 0 0 0 0 0
 0 0 0 0 0 0 0 0 0 0 0 0 0
 0 0 0 0 0 0 0 0 0 0 0 0 0
 0 0 0 0 0 0 0 0 0 0 0 0 0
 0 0 0 0 0 0 0 0 0 0 0 0 0
 0 0 0 0 0 0 0 0 0 0 0 0 0
 0 0 0 0 0 0 0 0 0 0 0 0 0
#proportion_release_ini
  0 0 0 0 0 0 0 0 0 0 0 0
 0 0 0 0 0 0 0 0 0 0 0 0
 0 0 0 0 0 0 0 0 0 0 0 0
 0 0 0 0 0 0 0 0 0 0 0 0
 0 0 0 0 0 0 0 0 0 0 0 0
 0 0 0 0 0 0 0 0 0 0 0 0
 0 0 0 0 0 0 0 0 0 0 0 0
 0 0 0 0 0 0 0 0 0 0 0 0
 0 0 0 0 0 0 0 0 0 0 0 0
 0 0 0 0 0 0 0 0 0 0 0 0
 0 0 0 0 0 0 0 0 0 0 0 0
 0 0 0 0 0 0 0 0 0 0 0 0
 0 0 0 0 0 0 0 0 0 0 0 0
 0 0 0 0 0 0 0 0 0 0 0 0
 0 0 0 0 0 0 0 0 0 0 0 0
 0 0 0 0 0 0 0 0 0 0 0 0
 0 0 0 0 0 0 0 0 0 0 0 0
 0 0 0 0 0 0 0 0 0 0 0 0
 0 0 0 0 0 0 0 0 0 0 0 0
 0 0 0 0 0 0 0 0 0 0 0 0
 0 0 0 0 0 0 0 0 0 0 0 0
 0 0 0 0 0 0 0 0 0 0 0 0
 0 0 0 0 0 0 0 0 0 0 0 0
 0 0 0 0 0 0 0 0 0 0 0 0
 0 0 0 0 0 0 0 0 0 0 0 0
 0 0 0 0 0 0 0 0 0 0 0 0
 0 0 0 0 0 0 0 0 0 0 0 0
 0 0 0 0 0 0 0 0 0 0 0 0
 0 0 0 0 0 0 0 0 0 0 0 0
 0 0 0 0 0 0 0 0 0 0 0 0
#index_units_aggregate_ini
  2
#index_units_proportions_ini
  2
#index_WAApoint_ini
  1
#index_month_ini
  1
#index_sel_choice_ini
  -1
#index_sel_option_ini
  2
#index_start_age_ini
  1
#index_end_age_ini
  12
#index_estimate_proportions_ini
  1
#use_index
  1
#index_sel_ini
  0 0 0 0
 0 0 0 0
 0 0 0 0
 0 0 0 0
 0 0 0 0
 0 0 0 0
 0 0 0 0
 0 0 0 0
 0 0 0 0
 0 0 0 0
 0 0 0 0
 0 0 0 0
 1.5 2 1 0.5
 0.5 2 1 0.5
 0 0 0 0
 0 0 0 0
 0 0 0 0
 0 0 0 0
#index_ini
  1 1.39677 0.2 0.055 0.13 0.135 0.15 0.085 0.045 0.08 0.055 0.05 0.03 0.03 0.155 200
 2 1.41393 0.2 0.03 0.105 0.16 0.135 0.09 0.11 0.08 0.065 0.045 0.055 0.035 0.09 200
 3 1.66066 0.2 0.05 0.155 0.185 0.095 0.085 0.1 0.03 0.06 0.025 0.045 0.02 0.15 200
 4 1.50491 0.2 0.085 0.125 0.18 0.125 0.07 0.095 0.045 0.045 0.01 0.045 0.01 0.165 200
 5 1.63361 0.2 0.04 0.19 0.165 0.12 0.085 0.06 0.075 0.065 0.04 0.04 0.04 0.08 200
 6 1.55733 0.2 0.02 0.09 0.2 0.125 0.11 0.115 0.1 0.03 0.045 0.02 0.025 0.12 200
 7 1.3081 0.2 0.06 0.125 0.12 0.17 0.115 0.115 0.06 0.04 0.025 0.045 0.015 0.11 200
 8 1.3307 0.2 0.07 0.14 0.16 0.105 0.125 0.085 0.095 0.035 0.05 0.025 0.02 0.09 200
 9 1.13926 0.2 0.11 0.135 0.125 0.125 0.06 0.08 0.075 0.065 0.06 0.025 0.025 0.115 200
 10 0.912738 0.2 0.115 0.175 0.18 0.085 0.095 0.045 0.04 0.07 0.045 0.045 0.03 0.075 200
 11 1.06461 0.2 0.05 0.17 0.18 0.12 0.1 0.095 0.045 0.05 0.035 0.05 0.01 0.095 200
 12 0.897593 0.2 0.06 0.155 0.205 0.155 0.07 0.08 0.075 0.05 0.045 0.015 0.03 0.06 200
 13 1.0587 0.2 0.1 0.18 0.14 0.18 0.12 0.045 0.055 0.025 0.025 0.025 0.015 0.09 200
 14 0.819617 0.2 0.08 0.195 0.19 0.105 0.11 0.1 0.045 0.02 0.03 0.02 0.03 0.075 200
 15 1.04622 0.2 0.06 0.195 0.24 0.1 0.14 0.065 0.035 0.04 0.015 0.025 0.03 0.055 200
 16 0.893952 0.2 0.095 0.22 0.14 0.18 0.055 0.09 0.045 0.035 0.04 0.035 0.035 0.03 200
 17 0.997474 0.2 0.11 0.27 0.155 0.13 0.09 0.045 0.055 0.03 0.05 0.01 0.01 0.045 200
 18 1.02639 0.2 0.1 0.215 0.22 0.13 0.09 0.08 0.04 0.025 0.045 0.02 0.02 0.015 200
 19 0.880047 0.2 0.135 0.26 0.24 0.135 0.085 0.04 0.02 0.01 0.01 0.03 0.01 0.025 200
 20 0.992899 0.2 0.09 0.225 0.26 0.14 0.1 0.08 0.02 0.02 0.015 0.025 0.005 0.02 200
 21 0.712693 0.2 0.115 0.19 0.215 0.225 0.1 0.05 0.03 0.01 0 0.01 0.01 0.045 200
 22 0.666959 0.2 0.09 0.245 0.19 0.13 0.12 0.09 0.055 0.02 0.005 0.02 0.015 0.02 200
 23 0.822935 0.2 0.175 0.21 0.185 0.135 0.1 0.095 0.03 0.025 0.025 0 0.005 0.015 200
 24 0.578062 0.2 0.075 0.36 0.215 0.1 0.085 0.03 0.065 0.015 0.015 0.02 0.005 0.015 200
 25 0.767738 0.2 0.105 0.195 0.32 0.115 0.055 0.065 0.05 0.05 0.02 0 0 0.025 200
 26 0.667733 0.2 0.085 0.29 0.19 0.21 0.065 0.04 0.04 0.02 0.03 0.005 0 0.025 200
 27 0.623506 0.2 0.095 0.205 0.265 0.11 0.165 0.04 0.035 0.025 0.01 0.025 0.01 0.015 200
 28 0.717132 0.2 0.13 0.325 0.12 0.205 0.07 0.08 0.035 0.005 0.005 0.01 0.01 0.005 200
 29 0.65537 0.2 0.065 0.215 0.345 0.12 0.14 0.05 0.045 0.005 0.01 0 0 0.005 200
 30 0.592264 0.2 0.12 0.215 0.16 0.21 0.1 0.105 0.03 0.04 0.005 0 0 0.015 200
#phase_Fmult_year1
 1
#phase_Fmult_devs
 2
#phase_recruit_devs
 2
#phase_N_year1_devs
 2
#phase_q_year1
 1
#phase_q_devs
 -5
#phase_SR_scaler
 1
#phase_steepness
 -3
#recruit_CV
  0.202017 0.202017 0.202017 0.202017 0.202017 0.202017 0.202017 0.202017 0.202017 0.202017 0.202017 0.202017 0.202017 0.202017 0.202017 0.202017 0.202017 0.202017 0.202017 0.202017 0.202017 0.202017 0.202017 0.202017 0.202017 0.202017 0.202017 0.202017 0.202017 0.202017
#lambda_ind_ini
  1
#lambda_catch_tot
  1
#lambda_Discard_tot
  0
#catch_tot_CV
  0.01
 0.01
 0.01
 0.01
 0.01
 0.01
 0.01
 0.01
 0.01
 0.01
 0.01
 0.01
 0.01
 0.01
 0.01
 0.01
 0.01
 0.01
 0.01
 0.01
 0.01
 0.01
 0.01
 0.01
 0.01
 0.01
 0.01
 0.01
 0.01
 0.01
#discard_tot_CV
  0
 0
 0
 0
 0
 0
 0
 0
 0
 0
 0
 0
 0
 0
 0
 0
 0
 0
 0
 0
 0
 0
 0
 0
 0
 0
 0
 0
 0
 0
#input_eff_samp_size_catch_ini
  200
 200
 200
 200
 200
 200
 200
 200
 200
 200
 200
 200
 200
 200
 200
 200
 200
 200
 200
 200
 200
 200
 200
 200
 200
 200
 200
 200
 200
 200
#input_eff_samp_size_discard_ini
  0
 0
 0
 0
 0
 0
 0
 0
 0
 0
 0
 0
 0
 0
 0
 0
 0
 0
 0
 0
 0
 0
 0
 0
 0
 0
 0
 0
 0
 0
#lambda_Fmult_year1
  0
#Fmult_year1_CV
  1
#lambda_Fmult_devs
  0
#Fmult_devs_CV
  1
#lambda_N_year1_devs
 0
#N_year1_CV
 1
#lambda_recruit_devs
 1
#lambda_q_year1_ini
  0
#q_year1_CV_ini
  1
#lambda_q_devs_ini
  0
#q_devs_CV_ini
  1
#lambda_steepness
 0
#steepness_CV
 1
#lambda_SR_scaler
 0
#SR_scaler_CV
 1
#NAA_year1_flag
 1
#NAA_year1_ini
  1000 818.731 670.32 548.812 449.329 367.879 301.194 246.597 201.897 165.299 135.335 611.263
#Fmult_year1_ini
  0.00945917
#q_year1_iniavail
  0.000339401
#is_SR_scaler_R
 1
#SR_scaler_ini
 1000
#SR_steepness_ini
 0.75
#Fmult_max_value
 4
#ignore_guesses
 0
#do_projections
 0
#directed_fleet
  1
#nfinalyear
 31
#project_ini
  31 -1 3 -99 1
#doMCMC
 0
#MCMCnyear_opt
 1
#MCMCnboot
 1000
#MCMCnthin
 200
#MCMCseed
 657483
#fillR_opt
 0
#Ravg_start
 1
#Ravg_end
 30
#make_Rfile
 1
#test_value
 -23456
