AMAK;Mar 2020
# styr
1
# endyr
30
# rec_age
1
# oldest_age
12
# nlength
81
# len_bins
 10 11 12 13 14 15 16 17 18 19 20 21 22 23 24 25 26 27 28 29 30 31 32 33 34 35 36 37 38 39 40 41 42 43 44 45 46 47 48 49 50 51 52 53 54 55 56 57 58 59 60 61 62 63 64 65 66 67 68 69 70 71 72 73 74 75 76 77 78 79 80 81 82 83 84 85 86 87 88 89 90
# datafile_name
amak_data.dat
# model_name
AMAK_MCP
# styr
1
# endyr
30
# rec_age
1
# oldest_age
12
# nfsh
1
# fshname
FLEET1
# catch_bio_in
 160.58 460.836 746.996 993.76 756.218 1309.31 1256.7 2392.55 1246.73 1400.18 1470.49 1460.97 1006.63 1391.91 1400.47 1208.22 2191.21 1597.16 1454.36 1343.82 1675.26 1085.53 1610.34 1196.37 1130.58 1022.66 1014.01 1352.41 957.33 1336.97
# catch_bio_sd_in
 0.01 0.01 0.01 0.01 0.01 0.01 0.01 0.01 0.01 0.01 0.01 0.01 0.01 0.01 0.01 0.01 0.01 0.01 0.01 0.01 0.01 0.01 0.01 0.01 0.01 0.01 0.01 0.01 0.01 0.01
# nyrs_fsh_age
 30
# nyrs_fsh_length
 0
# yrs_fsh_age_in
 1 2 3 4 5 6 7 8 9 10 11 12 13 14 15 16 17 18 19 20 21 22 23 24 25 26 27 28 29 30
# yrs_fsh_length_in

# n_sample_fsh_length_in

# olc_fsh_in

# nind
1
# indname
SURVEY1
# nyrs_ind
 30
# yrs_ind_in
 1 2 3 4 5 6 7 8 9 10 11 12 13 14 15 16 17 18 19 20 21 22 23 24 25 26 27 28 29 30
# mo_ind
 1
# obs_ind_in
 1.33917 1.6893 1.60222 1.54463 1.53963 1.47604 1.26053 1.29489 1.1504 1.28067 1.14561 1.03318 1.05701 0.864555 1.0752 1.08363 0.840227 0.85155 0.736998 0.752648 0.817079 0.639878 0.688617 0.634557 0.621205 0.604683 0.62618 0.742892 0.629082 0.56514
# obs_se_ind_in
 0.267835 0.337859 0.320443 0.308927 0.307926 0.295209 0.252106 0.258977 0.23008 0.256134 0.229121 0.206636 0.211403 0.172911 0.21504 0.216727 0.168045 0.17031 0.1474 0.15053 0.163416 0.127976 0.137723 0.126911 0.124241 0.120937 0.125236 0.148578 0.125816 0.113028
# nyrs_ind_age
 30
# nyrs_ind_length
 0
# yrs_ind_age_in
 1 2 3 4 5 6 7 8 9 10 11 12 13 14 15 16 17 18 19 20 21 22 23 24 25 26 27 28 29 30
# yrs_ind_length_in

# yrs_ind_age_in
 1 2 3 4 5 6 7 8 9 10 11 12 13 14 15 16 17 18 19 20 21 22 23 24 25 26 27 28 29 30
# n_sample_ind_length_in

# olc_ind_in

# oac_ind_in
 0.045 0.15 0.13 0.115 0.115 0.07 0.09 0.05 0.045 0.02 0.03 0.14
 0.07 0.115 0.145 0.125 0.125 0.07 0.065 0.07 0.05 0.035 0.02 0.11
 0.055 0.16 0.2 0.1 0.09 0.09 0.045 0.035 0.04 0.04 0.035 0.11
 0.06 0.1 0.23 0.135 0.09 0.075 0.055 0.05 0.03 0.015 0.015 0.145
 0.065 0.175 0.115 0.155 0.11 0.06 0.06 0.06 0.035 0.045 0.035 0.085
 0.08 0.145 0.205 0.095 0.13 0.055 0.04 0.055 0.025 0.05 0.02 0.1
 0.055 0.16 0.14 0.16 0.085 0.09 0.06 0.04 0.02 0.03 0.04 0.12
 0.085 0.1 0.145 0.16 0.105 0.03 0.08 0.045 0.035 0.02 0.04 0.155
 0.105 0.13 0.15 0.13 0.11 0.115 0.06 0.06 0.03 0.02 0.01 0.08
 0.07 0.145 0.185 0.145 0.07 0.075 0.06 0.05 0.07 0.01 0.025 0.095
 0.12 0.165 0.195 0.075 0.095 0.07 0.1 0.025 0.025 0.05 0.015 0.065
 0.065 0.215 0.19 0.155 0.08 0.07 0.04 0.05 0.04 0.005 0.03 0.06
 0.09 0.165 0.205 0.145 0.12 0.05 0.03 0.06 0.025 0.02 0.015 0.075
 0.165 0.14 0.105 0.195 0.12 0.07 0.055 0.05 0.01 0.03 0.02 0.04
 0.09 0.27 0.15 0.11 0.11 0.095 0.035 0.04 0.035 0.015 0.015 0.035
 0.07 0.225 0.25 0.115 0.1 0.07 0.025 0.055 0.02 0 0.02 0.05
 0.115 0.16 0.215 0.23 0.075 0.04 0.035 0.025 0.04 0.015 0.015 0.035
 0.085 0.22 0.14 0.19 0.165 0.045 0.02 0.045 0.02 0.045 0.005 0.02
 0.13 0.165 0.235 0.12 0.105 0.115 0.025 0.015 0.035 0.015 0.015 0.025
 0.085 0.23 0.17 0.2 0.075 0.13 0.035 0.025 0.005 0 0.005 0.04
 0.1 0.19 0.275 0.125 0.09 0.045 0.095 0.045 0.005 0.02 0 0.01
 0.09 0.235 0.155 0.225 0.075 0.085 0.035 0.045 0.03 0.005 0.005 0.015
 0.125 0.22 0.235 0.11 0.12 0.065 0.045 0.02 0.02 0.025 0 0.015
 0.1 0.32 0.17 0.1 0.09 0.09 0.02 0.03 0.01 0.03 0.015 0.025
 0.075 0.245 0.22 0.21 0.08 0.045 0.04 0.015 0.01 0.015 0 0.045
 0.13 0.22 0.26 0.175 0.085 0.055 0.015 0.015 0.01 0.025 0.005 0.005
 0.09 0.315 0.26 0.12 0.11 0.03 0.015 0.02 0.02 0.005 0.005 0.01
 0.155 0.165 0.295 0.14 0.1 0.065 0.04 0.01 0.01 0.005 0.01 0.005
 0.11 0.235 0.18 0.225 0.135 0.045 0.015 0.02 0.02 0.005 0.01 0
 0.145 0.23 0.24 0.105 0.16 0.04 0.01 0.03 0.02 0 0 0.02
# wt_ind
 1 1 1 1 1 1 1 1 1 1 1 1
 1 1 1 1 1 1 1 1 1 1 1 1
 1 1 1 1 1 1 1 1 1 1 1 1
 1 1 1 1 1 1 1 1 1 1 1 1
 1 1 1 1 1 1 1 1 1 1 1 1
 1 1 1 1 1 1 1 1 1 1 1 1
 1 1 1 1 1 1 1 1 1 1 1 1
 1 1 1 1 1 1 1 1 1 1 1 1
 1 1 1 1 1 1 1 1 1 1 1 1
 1 1 1 1 1 1 1 1 1 1 1 1
 1 1 1 1 1 1 1 1 1 1 1 1
 1 1 1 1 1 1 1 1 1 1 1 1
 1 1 1 1 1 1 1 1 1 1 1 1
 1 1 1 1 1 1 1 1 1 1 1 1
 1 1 1 1 1 1 1 1 1 1 1 1
 1 1 1 1 1 1 1 1 1 1 1 1
 1 1 1 1 1 1 1 1 1 1 1 1
 1 1 1 1 1 1 1 1 1 1 1 1
 1 1 1 1 1 1 1 1 1 1 1 1
 1 1 1 1 1 1 1 1 1 1 1 1
 1 1 1 1 1 1 1 1 1 1 1 1
 1 1 1 1 1 1 1 1 1 1 1 1
 1 1 1 1 1 1 1 1 1 1 1 1
 1 1 1 1 1 1 1 1 1 1 1 1
 1 1 1 1 1 1 1 1 1 1 1 1
 1 1 1 1 1 1 1 1 1 1 1 1
 1 1 1 1 1 1 1 1 1 1 1 1
 1 1 1 1 1 1 1 1 1 1 1 1
 1 1 1 1 1 1 1 1 1 1 1 1
 1 1 1 1 1 1 1 1 1 1 1 1
# wt_pop
 0.000530656 0.00119633 0.00205827 0.00303499 0.00405521 0.0050647 0.00602623 0.00691692 0.00772489 0.00844611 0.00908185 0.0096367
# maturity
 0.0229774 0.320821 0.904651 0.99478 0.999739 0.999987 0.999999 1 1 1 1 1
# spawnmo
1
# age_err
 1 0 0 0 0 0 0 0 0 0 0 0
 0 1 0 0 0 0 0 0 0 0 0 0
 0 0 1 0 0 0 0 0 0 0 0 0
 0 0 0 1 0 0 0 0 0 0 0 0
 0 0 0 0 1 0 0 0 0 0 0 0
 0 0 0 0 0 1 0 0 0 0 0 0
 0 0 0 0 0 0 1 0 0 0 0 0
 0 0 0 0 0 0 0 1 0 0 0 0
 0 0 0 0 0 0 0 0 1 0 0 0
 0 0 0 0 0 0 0 0 0 1 0 0
 0 0 0 0 0 0 0 0 0 0 1 0
 0 0 0 0 0 0 0 0 0 0 0 1
# cntrlfile_name
C:\Users\bai.li\DOCUME~1\Github\AGE_ST~1\ASSAMC\example\output\AMAK\s19\amak.dat
# Map shared selectivity: 
# sel_map
 1 2
 1 1
# datafile_name
amak_data.dat
# model_name
AMAK_MCP
# SrType
2
# use_age_err
0
# retro
0
# sigmarprior
0.2
# cvsigmarprior
0.25
# phase_sigmar
-3
# styr_rec_est
1
# endyr_rec_est
30
# Linfprior
80
# cvLinfprior
0.25
# kprior
0.18
# cvkprior
0.25
# Loprior
27.688
# cvLoprior
0.25
# sdageprior
0.1
# cvsdageprior
0.25
# natmortprior
0.2
# cvnatmortprior
0.25
# phase_M
-4
# npars_Mage
0
# ages_M_changes

# Mage_in

# Mage_offset_in

# phase_Mage
-5
# phase_rw_M
0
# npars_rw_M
0
# yrs_rw_M

# sigma_rw_M

# qprior
 3.48998e-007
# cvqprior
 1
# phase_q
 1
# q_power_prior
 1
# cvq_power_prior
 0.2
# phase_q_power
 -4
# phase_rw_q
 -1
# npars_rw_q
 0
# yrs_rw_q

# sigma_rw_q

# q_age_min
 1
# q_age_max
 12
# q_age_min
 1
# q_age_max
 12
# fsh_sel_opt(k)
2
# phase_sel_fsh(k)
2
# n_sel_ch_fsh(k)
1
# sel_slp_in_fsh(k)(1,n_sel_ch_fsh(k))
 1
# sel_inf_in_fsh(k)(1,n_sel_ch_fsh(k))
 2
# logsel_slp_in_fsh(k)(1,n_sel_ch_fsh(k))
 0
# yrs_sel_ch_fsh(k)(1,n_sel_ch_fsh(k))
 1

Survey SURVEY1
# ind_sel_opt(k)
2
# indname(k)
SURVEY1
# nselages_in_ind(k)
11
# phase_sel_ind(k)
2
# sel_change_in_ind(k)
 1 0 0 0 0 0 0 0 0 0 0 0 0 0 0 0 0 0 0 0 0 0 0 0 0 0 0 0 0 0
# n_sel_ch_ind(k)
1
# yrs_sel_ch_ind(k)(1,n_sel_ch_ind(k))
 1
# sel_slp_in_ind(k,1)
2
# sel_inf_in_ind(k,1)
1.5
# logsel_slp_in_ind(k,1)
0.693147
# logsel_slp_in_indv(k)
0.693147
SURVEY1 ind sel opt 2  1 0 0 0 0 0 0 0 0 0 0 0 0 0 0 0 0 0 0 0 0 0 0 0 0 0 0 0 0 0
Phase indices Sel_Coffs:  -1
 Test: 1.23457e+008
# Fshry Selages:  11
# Srvy  Selages:  11
# Phase for age-spec fishery  -1
# Phase for logistic fishery  2
# Phase for dble logistic fishery  -1
# Phase for age-spec indices   -1
# Phase for logistic indices   2
# Phase for dble logistic ind  -1
# Curv_pen_fsh: 
 0
# Curv_pen_ind: 
 0
# styr_fut
31
# endyr_fut
35
# nyrs_fsh_age
 30
# nyrs_fsh_age
 30
# yrs_fsh_age
 1 2 3 4 5 6 7 8 9 10 11 12 13 14 15 16 17 18 19 20 21 22 23 24 25 26 27 28 29 30
# n_sample_fsh_age
 200 200 200 200 200 200 200 200 200 200 200 200 200 200 200 200 200 200 200 200 200 200 200 200 200 200 200 200 200 200
# oac_fsh
 0.045 0.11 0.105 0.12 0.145 0.085 0.075 0.065 0.04 0.02 0.02 0.17
 0.09 0.1 0.135 0.13 0.1 0.06 0.06 0.04 0.065 0.025 0.04 0.155
 0.07 0.1 0.08 0.14 0.085 0.105 0.07 0.045 0.06 0.04 0.045 0.16
 0.055 0.12 0.17 0.125 0.095 0.075 0.065 0.06 0.035 0.02 0.025 0.155
 0.08 0.125 0.075 0.14 0.105 0.075 0.1 0.055 0.045 0.04 0.015 0.145
 0.045 0.12 0.185 0.09 0.09 0.1 0.07 0.08 0.055 0.045 0.035 0.085
 0.065 0.09 0.155 0.11 0.115 0.11 0.1 0.055 0.045 0.03 0.02 0.105
 0.08 0.105 0.11 0.145 0.13 0.08 0.085 0.07 0.06 0.035 0.025 0.075
 0.06 0.14 0.12 0.1 0.15 0.095 0.045 0.065 0.045 0.01 0.035 0.135
 0.085 0.17 0.16 0.145 0.135 0.06 0.08 0.025 0.04 0.015 0.025 0.06
 0.13 0.145 0.17 0.145 0.075 0.075 0.08 0.03 0.01 0.045 0.005 0.09
 0.06 0.215 0.125 0.115 0.09 0.11 0.065 0.065 0.04 0.025 0.025 0.065
 0.09 0.08 0.24 0.21 0.09 0.075 0.035 0.025 0.03 0.03 0.015 0.08
 0.18 0.105 0.115 0.17 0.12 0.1 0.045 0.045 0.02 0.03 0.01 0.06
 0.155 0.19 0.12 0.13 0.16 0.06 0.03 0.04 0.025 0.015 0.01 0.065
 0.075 0.22 0.25 0.1 0.055 0.095 0.06 0.04 0.005 0.015 0.015 0.07
 0.095 0.095 0.255 0.145 0.12 0.055 0.06 0.03 0.07 0.015 0.01 0.05
 0.055 0.21 0.145 0.17 0.145 0.055 0.06 0.055 0.03 0.02 0.015 0.04
 0.14 0.165 0.175 0.135 0.13 0.115 0.035 0.03 0.01 0.015 0.01 0.04
 0.075 0.17 0.195 0.21 0.09 0.095 0.055 0.025 0.025 0.025 0.01 0.025
 0.12 0.135 0.235 0.12 0.085 0.08 0.08 0.06 0.01 0.005 0.03 0.04
 0.145 0.14 0.165 0.17 0.14 0.085 0.03 0.045 0.025 0.01 0.005 0.04
 0.16 0.175 0.215 0.065 0.12 0.09 0.065 0.01 0.035 0.03 0.02 0.015
 0.165 0.175 0.145 0.185 0.08 0.11 0.065 0.015 0.02 0.02 0.015 0.005
 0.14 0.195 0.275 0.11 0.07 0.075 0.055 0.025 0.025 0.015 0.01 0.005
 0.25 0.135 0.175 0.19 0.085 0.055 0.015 0.04 0.025 0 0.005 0.025
 0.11 0.275 0.195 0.185 0.105 0.02 0.04 0.01 0.015 0.025 0 0.02
 0.175 0.16 0.25 0.14 0.095 0.08 0.035 0.025 0.01 0.005 0.01 0.015
 0.23 0.185 0.175 0.175 0.1 0.04 0.03 0.03 0.02 0 0.01 0.005
 0.13 0.225 0.23 0.115 0.16 0.08 0.025 0.01 0.01 0.005 0 0.01
# olc_fsh

# wt_fsh
 0.000530656 0.00119633 0.00205827 0.00303499 0.00405521 0.0050647 0.00602623 0.00691692 0.00772489 0.00844611 0.00908185 0.0096367
 0.000530656 0.00119633 0.00205827 0.00303499 0.00405521 0.0050647 0.00602623 0.00691692 0.00772489 0.00844611 0.00908185 0.0096367
 0.000530656 0.00119633 0.00205827 0.00303499 0.00405521 0.0050647 0.00602623 0.00691692 0.00772489 0.00844611 0.00908185 0.0096367
 0.000530656 0.00119633 0.00205827 0.00303499 0.00405521 0.0050647 0.00602623 0.00691692 0.00772489 0.00844611 0.00908185 0.0096367
 0.000530656 0.00119633 0.00205827 0.00303499 0.00405521 0.0050647 0.00602623 0.00691692 0.00772489 0.00844611 0.00908185 0.0096367
 0.000530656 0.00119633 0.00205827 0.00303499 0.00405521 0.0050647 0.00602623 0.00691692 0.00772489 0.00844611 0.00908185 0.0096367
 0.000530656 0.00119633 0.00205827 0.00303499 0.00405521 0.0050647 0.00602623 0.00691692 0.00772489 0.00844611 0.00908185 0.0096367
 0.000530656 0.00119633 0.00205827 0.00303499 0.00405521 0.0050647 0.00602623 0.00691692 0.00772489 0.00844611 0.00908185 0.0096367
 0.000530656 0.00119633 0.00205827 0.00303499 0.00405521 0.0050647 0.00602623 0.00691692 0.00772489 0.00844611 0.00908185 0.0096367
 0.000530656 0.00119633 0.00205827 0.00303499 0.00405521 0.0050647 0.00602623 0.00691692 0.00772489 0.00844611 0.00908185 0.0096367
 0.000530656 0.00119633 0.00205827 0.00303499 0.00405521 0.0050647 0.00602623 0.00691692 0.00772489 0.00844611 0.00908185 0.0096367
 0.000530656 0.00119633 0.00205827 0.00303499 0.00405521 0.0050647 0.00602623 0.00691692 0.00772489 0.00844611 0.00908185 0.0096367
 0.000530656 0.00119633 0.00205827 0.00303499 0.00405521 0.0050647 0.00602623 0.00691692 0.00772489 0.00844611 0.00908185 0.0096367
 0.000530656 0.00119633 0.00205827 0.00303499 0.00405521 0.0050647 0.00602623 0.00691692 0.00772489 0.00844611 0.00908185 0.0096367
 0.000530656 0.00119633 0.00205827 0.00303499 0.00405521 0.0050647 0.00602623 0.00691692 0.00772489 0.00844611 0.00908185 0.0096367
 0.000530656 0.00119633 0.00205827 0.00303499 0.00405521 0.0050647 0.00602623 0.00691692 0.00772489 0.00844611 0.00908185 0.0096367
 0.000530656 0.00119633 0.00205827 0.00303499 0.00405521 0.0050647 0.00602623 0.00691692 0.00772489 0.00844611 0.00908185 0.0096367
 0.000530656 0.00119633 0.00205827 0.00303499 0.00405521 0.0050647 0.00602623 0.00691692 0.00772489 0.00844611 0.00908185 0.0096367
 0.000530656 0.00119633 0.00205827 0.00303499 0.00405521 0.0050647 0.00602623 0.00691692 0.00772489 0.00844611 0.00908185 0.0096367
 0.000530656 0.00119633 0.00205827 0.00303499 0.00405521 0.0050647 0.00602623 0.00691692 0.00772489 0.00844611 0.00908185 0.0096367
 0.000530656 0.00119633 0.00205827 0.00303499 0.00405521 0.0050647 0.00602623 0.00691692 0.00772489 0.00844611 0.00908185 0.0096367
 0.000530656 0.00119633 0.00205827 0.00303499 0.00405521 0.0050647 0.00602623 0.00691692 0.00772489 0.00844611 0.00908185 0.0096367
 0.000530656 0.00119633 0.00205827 0.00303499 0.00405521 0.0050647 0.00602623 0.00691692 0.00772489 0.00844611 0.00908185 0.0096367
 0.000530656 0.00119633 0.00205827 0.00303499 0.00405521 0.0050647 0.00602623 0.00691692 0.00772489 0.00844611 0.00908185 0.0096367
 0.000530656 0.00119633 0.00205827 0.00303499 0.00405521 0.0050647 0.00602623 0.00691692 0.00772489 0.00844611 0.00908185 0.0096367
 0.000530656 0.00119633 0.00205827 0.00303499 0.00405521 0.0050647 0.00602623 0.00691692 0.00772489 0.00844611 0.00908185 0.0096367
 0.000530656 0.00119633 0.00205827 0.00303499 0.00405521 0.0050647 0.00602623 0.00691692 0.00772489 0.00844611 0.00908185 0.0096367
 0.000530656 0.00119633 0.00205827 0.00303499 0.00405521 0.0050647 0.00602623 0.00691692 0.00772489 0.00844611 0.00908185 0.0096367
 0.000530656 0.00119633 0.00205827 0.00303499 0.00405521 0.0050647 0.00602623 0.00691692 0.00772489 0.00844611 0.00908185 0.0096367
 0.000530656 0.00119633 0.00205827 0.00303499 0.00405521 0.0050647 0.00602623 0.00691692 0.00772489 0.00844611 0.00908185 0.0096367
# nyrs_ind_age
 30
# yrs_ind_age
 1 2 3 4 5 6 7 8 9 10 11 12 13 14 15 16 17 18 19 20 21 22 23 24 25 26 27 28 29 30
# n_sample_ind_age
 200 200 200 200 200 200 200 200 200 200 200 200 200 200 200 200 200 200 200 200 200 200 200 200 200 200 200 200 200 200
# oac_ind
 0.045 0.15 0.13 0.115 0.115 0.07 0.09 0.05 0.045 0.02 0.03 0.14
 0.07 0.115 0.145 0.125 0.125 0.07 0.065 0.07 0.05 0.035 0.02 0.11
 0.055 0.16 0.2 0.1 0.09 0.09 0.045 0.035 0.04 0.04 0.035 0.11
 0.06 0.1 0.23 0.135 0.09 0.075 0.055 0.05 0.03 0.015 0.015 0.145
 0.065 0.175 0.115 0.155 0.11 0.06 0.06 0.06 0.035 0.045 0.035 0.085
 0.08 0.145 0.205 0.095 0.13 0.055 0.04 0.055 0.025 0.05 0.02 0.1
 0.055 0.16 0.14 0.16 0.085 0.09 0.06 0.04 0.02 0.03 0.04 0.12
 0.085 0.1 0.145 0.16 0.105 0.03 0.08 0.045 0.035 0.02 0.04 0.155
 0.105 0.13 0.15 0.13 0.11 0.115 0.06 0.06 0.03 0.02 0.01 0.08
 0.07 0.145 0.185 0.145 0.07 0.075 0.06 0.05 0.07 0.01 0.025 0.095
 0.12 0.165 0.195 0.075 0.095 0.07 0.1 0.025 0.025 0.05 0.015 0.065
 0.065 0.215 0.19 0.155 0.08 0.07 0.04 0.05 0.04 0.005 0.03 0.06
 0.09 0.165 0.205 0.145 0.12 0.05 0.03 0.06 0.025 0.02 0.015 0.075
 0.165 0.14 0.105 0.195 0.12 0.07 0.055 0.05 0.01 0.03 0.02 0.04
 0.09 0.27 0.15 0.11 0.11 0.095 0.035 0.04 0.035 0.015 0.015 0.035
 0.07 0.225 0.25 0.115 0.1 0.07 0.025 0.055 0.02 0 0.02 0.05
 0.115 0.16 0.215 0.23 0.075 0.04 0.035 0.025 0.04 0.015 0.015 0.035
 0.085 0.22 0.14 0.19 0.165 0.045 0.02 0.045 0.02 0.045 0.005 0.02
 0.13 0.165 0.235 0.12 0.105 0.115 0.025 0.015 0.035 0.015 0.015 0.025
 0.085 0.23 0.17 0.2 0.075 0.13 0.035 0.025 0.005 0 0.005 0.04
 0.1 0.19 0.275 0.125 0.09 0.045 0.095 0.045 0.005 0.02 0 0.01
 0.09 0.235 0.155 0.225 0.075 0.085 0.035 0.045 0.03 0.005 0.005 0.015
 0.125 0.22 0.235 0.11 0.12 0.065 0.045 0.02 0.02 0.025 0 0.015
 0.1 0.32 0.17 0.1 0.09 0.09 0.02 0.03 0.01 0.03 0.015 0.025
 0.075 0.245 0.22 0.21 0.08 0.045 0.04 0.015 0.01 0.015 0 0.045
 0.13 0.22 0.26 0.175 0.085 0.055 0.015 0.015 0.01 0.025 0.005 0.005
 0.09 0.315 0.26 0.12 0.11 0.03 0.015 0.02 0.02 0.005 0.005 0.01
 0.155 0.165 0.295 0.14 0.1 0.065 0.04 0.01 0.01 0.005 0.01 0.005
 0.11 0.235 0.18 0.225 0.135 0.045 0.015 0.02 0.02 0.005 0.01 0
 0.145 0.23 0.24 0.105 0.16 0.04 0.01 0.03 0.02 0 0 0.02
# olc_ind

# obs_lse_ind
 0.198042 0.198042 0.198042 0.198042 0.198042 0.198042 0.198042 0.198042 0.198042 0.198042 0.198042 0.198042 0.198042 0.198042 0.198042 0.198042 0.198042 0.198042 0.198042 0.198042 0.198042 0.198042 0.198042 0.198042 0.198042 0.198042 0.198042 0.198042 0.198042 0.198042
# xages_fsh
 0 0 0 0 0 0 0 0 0 0 0 0
# xages_fsh
 0 0.0909091 0.181818 0.272727 0.363636 0.454545 0.545455 0.636364 0.727273 0.818182 0.909091 1
# xnodes_fsh

Yrs fsh_sel change:  1 0 0 0 0 0 0 0 0 0 0 0 0 0 0 0 0 0 0 0 0 0 0 0 0 0 0 0 0
Yrs ind_sel change:  1 0 0 0 0 0 0 0 0 0 0 0 0 0 0 0 0 0 0 0 0 0 0 0 0 0 0 0 0
# steepnessprior
0.75
# sigmarprior
0.2
#  SSB estimated in styr endyr: -13 28 
#  Rec estimated in styr endyr: -11 30 
#  SR Curve fit  in styr endyr: 1 30 
#             Model styr endyr: 1 30 
# qprior
 3.48998e-007
# q_power_prior 
 1 
# cv_catchbiomass 
0.05 
# CatchbiomassPen 
200 
# Number of projection years 
5 
# offset_fsh
 13380.5
# offset_ind
 13045.8
Mean Catch
1254.35
R_guess 
15.3945
# nfsh
1
# n_sel_ch_fsh
 1
# nselages_fsh
 11
# phase_selcoff_fsh
 -1
logRzero 15.3945
logmeanrec 15.3945
exp(log_sigmarprior 0.2
Fish sel phase: -1 FLEET1
Fixing fishery sel to
1
Srvy sel phase: -1
Fixing SURVEY1 indices sel to
1
# logsel_slp_in_indv
 0.693147
Leaving parameter init secton
# M
 0.2 0.2 0.2 0.2 0.2 0.2 0.2 0.2 0.2 0.2 0.2 0.2
 0.2 0.2 0.2 0.2 0.2 0.2 0.2 0.2 0.2 0.2 0.2 0.2
 0.2 0.2 0.2 0.2 0.2 0.2 0.2 0.2 0.2 0.2 0.2 0.2
 0.2 0.2 0.2 0.2 0.2 0.2 0.2 0.2 0.2 0.2 0.2 0.2
 0.2 0.2 0.2 0.2 0.2 0.2 0.2 0.2 0.2 0.2 0.2 0.2
 0.2 0.2 0.2 0.2 0.2 0.2 0.2 0.2 0.2 0.2 0.2 0.2
 0.2 0.2 0.2 0.2 0.2 0.2 0.2 0.2 0.2 0.2 0.2 0.2
 0.2 0.2 0.2 0.2 0.2 0.2 0.2 0.2 0.2 0.2 0.2 0.2
 0.2 0.2 0.2 0.2 0.2 0.2 0.2 0.2 0.2 0.2 0.2 0.2
 0.2 0.2 0.2 0.2 0.2 0.2 0.2 0.2 0.2 0.2 0.2 0.2
 0.2 0.2 0.2 0.2 0.2 0.2 0.2 0.2 0.2 0.2 0.2 0.2
 0.2 0.2 0.2 0.2 0.2 0.2 0.2 0.2 0.2 0.2 0.2 0.2
 0.2 0.2 0.2 0.2 0.2 0.2 0.2 0.2 0.2 0.2 0.2 0.2
 0.2 0.2 0.2 0.2 0.2 0.2 0.2 0.2 0.2 0.2 0.2 0.2
 0.2 0.2 0.2 0.2 0.2 0.2 0.2 0.2 0.2 0.2 0.2 0.2
 0.2 0.2 0.2 0.2 0.2 0.2 0.2 0.2 0.2 0.2 0.2 0.2
 0.2 0.2 0.2 0.2 0.2 0.2 0.2 0.2 0.2 0.2 0.2 0.2
 0.2 0.2 0.2 0.2 0.2 0.2 0.2 0.2 0.2 0.2 0.2 0.2
 0.2 0.2 0.2 0.2 0.2 0.2 0.2 0.2 0.2 0.2 0.2 0.2
 0.2 0.2 0.2 0.2 0.2 0.2 0.2 0.2 0.2 0.2 0.2 0.2
 0.2 0.2 0.2 0.2 0.2 0.2 0.2 0.2 0.2 0.2 0.2 0.2
 0.2 0.2 0.2 0.2 0.2 0.2 0.2 0.2 0.2 0.2 0.2 0.2
 0.2 0.2 0.2 0.2 0.2 0.2 0.2 0.2 0.2 0.2 0.2 0.2
 0.2 0.2 0.2 0.2 0.2 0.2 0.2 0.2 0.2 0.2 0.2 0.2
 0.2 0.2 0.2 0.2 0.2 0.2 0.2 0.2 0.2 0.2 0.2 0.2
 0.2 0.2 0.2 0.2 0.2 0.2 0.2 0.2 0.2 0.2 0.2 0.2
 0.2 0.2 0.2 0.2 0.2 0.2 0.2 0.2 0.2 0.2 0.2 0.2
 0.2 0.2 0.2 0.2 0.2 0.2 0.2 0.2 0.2 0.2 0.2 0.2
 0.2 0.2 0.2 0.2 0.2 0.2 0.2 0.2 0.2 0.2 0.2 0.2
 0.2 0.2 0.2 0.2 0.2 0.2 0.2 0.2 0.2 0.2 0.2 0.2
# mean_log_rec
13.6628
# log_Rzero
13.7953
# rec_dev
 -0.0191949 -0.0233333 -0.0875227 -0.144772 -0.0030402 0.0192956 -0.00952828 -0.0601544 0.0664245 0.0844891 0.0411292 0.0525302 0.0783784 0.339693 -0.0927951 0.241227 0.217132 0.00936135 -0.0156958 -0.00450234 0.13269 0.0828595 0.293781 -0.223588 -0.146079 0.462862 0.379051 -0.139891 0.16812 -0.0757862 0.172225 -0.317652 -0.120853 -0.189425 0.0372668 -0.129022 -0.150641 0.196325 -0.352244 -0.0651889 -0.0684427 -0.167997
# fmort
 0.0100796 0.0293028 0.0487625 0.0673691 0.0530916 0.0959068 0.0976836 0.206919 0.120862 0.145853 0.164854 0.175701 0.126521 0.181728 0.191803 0.168441 0.325153 0.264517 0.259182 0.255351 0.351177 0.250804 0.41326 0.347126 0.34924 0.323835 0.320308 0.444649 0.330495 0.487988
# rec_dev_future
 0 0 0 0 0
