#nyears
 30
#year1
 1
#nages
 12
#nfleets
 1
#nselblocks
 1
#navailindices
 1
#M
  0.2 0.2 0.2 0.2 0.2 0.2 0.2 0.2 0.2 0.2 0.2 0.2
 0.2 0.2 0.2 0.2 0.2 0.2 0.2 0.2 0.2 0.2 0.2 0.2
 0.2 0.2 0.2 0.2 0.2 0.2 0.2 0.2 0.2 0.2 0.2 0.2
 0.2 0.2 0.2 0.2 0.2 0.2 0.2 0.2 0.2 0.2 0.2 0.2
 0.2 0.2 0.2 0.2 0.2 0.2 0.2 0.2 0.2 0.2 0.2 0.2
 0.2 0.2 0.2 0.2 0.2 0.2 0.2 0.2 0.2 0.2 0.2 0.2
 0.2 0.2 0.2 0.2 0.2 0.2 0.2 0.2 0.2 0.2 0.2 0.2
 0.2 0.2 0.2 0.2 0.2 0.2 0.2 0.2 0.2 0.2 0.2 0.2
 0.2 0.2 0.2 0.2 0.2 0.2 0.2 0.2 0.2 0.2 0.2 0.2
 0.2 0.2 0.2 0.2 0.2 0.2 0.2 0.2 0.2 0.2 0.2 0.2
 0.2 0.2 0.2 0.2 0.2 0.2 0.2 0.2 0.2 0.2 0.2 0.2
 0.2 0.2 0.2 0.2 0.2 0.2 0.2 0.2 0.2 0.2 0.2 0.2
 0.2 0.2 0.2 0.2 0.2 0.2 0.2 0.2 0.2 0.2 0.2 0.2
 0.2 0.2 0.2 0.2 0.2 0.2 0.2 0.2 0.2 0.2 0.2 0.2
 0.2 0.2 0.2 0.2 0.2 0.2 0.2 0.2 0.2 0.2 0.2 0.2
 0.2 0.2 0.2 0.2 0.2 0.2 0.2 0.2 0.2 0.2 0.2 0.2
 0.2 0.2 0.2 0.2 0.2 0.2 0.2 0.2 0.2 0.2 0.2 0.2
 0.2 0.2 0.2 0.2 0.2 0.2 0.2 0.2 0.2 0.2 0.2 0.2
 0.2 0.2 0.2 0.2 0.2 0.2 0.2 0.2 0.2 0.2 0.2 0.2
 0.2 0.2 0.2 0.2 0.2 0.2 0.2 0.2 0.2 0.2 0.2 0.2
 0.2 0.2 0.2 0.2 0.2 0.2 0.2 0.2 0.2 0.2 0.2 0.2
 0.2 0.2 0.2 0.2 0.2 0.2 0.2 0.2 0.2 0.2 0.2 0.2
 0.2 0.2 0.2 0.2 0.2 0.2 0.2 0.2 0.2 0.2 0.2 0.2
 0.2 0.2 0.2 0.2 0.2 0.2 0.2 0.2 0.2 0.2 0.2 0.2
 0.2 0.2 0.2 0.2 0.2 0.2 0.2 0.2 0.2 0.2 0.2 0.2
 0.2 0.2 0.2 0.2 0.2 0.2 0.2 0.2 0.2 0.2 0.2 0.2
 0.2 0.2 0.2 0.2 0.2 0.2 0.2 0.2 0.2 0.2 0.2 0.2
 0.2 0.2 0.2 0.2 0.2 0.2 0.2 0.2 0.2 0.2 0.2 0.2
 0.2 0.2 0.2 0.2 0.2 0.2 0.2 0.2 0.2 0.2 0.2 0.2
 0.2 0.2 0.2 0.2 0.2 0.2 0.2 0.2 0.2 0.2 0.2 0.2
#isfecund
 0
#fracyearSSB
 0
#mature
  0.0114887 0.160411 0.452325 0.49739 0.499869 0.499993 0.5 0.5 0.5 0.5 0.5 0.5
 0.0114887 0.160411 0.452325 0.49739 0.499869 0.499993 0.5 0.5 0.5 0.5 0.5 0.5
 0.0114887 0.160411 0.452325 0.49739 0.499869 0.499993 0.5 0.5 0.5 0.5 0.5 0.5
 0.0114887 0.160411 0.452325 0.49739 0.499869 0.499993 0.5 0.5 0.5 0.5 0.5 0.5
 0.0114887 0.160411 0.452325 0.49739 0.499869 0.499993 0.5 0.5 0.5 0.5 0.5 0.5
 0.0114887 0.160411 0.452325 0.49739 0.499869 0.499993 0.5 0.5 0.5 0.5 0.5 0.5
 0.0114887 0.160411 0.452325 0.49739 0.499869 0.499993 0.5 0.5 0.5 0.5 0.5 0.5
 0.0114887 0.160411 0.452325 0.49739 0.499869 0.499993 0.5 0.5 0.5 0.5 0.5 0.5
 0.0114887 0.160411 0.452325 0.49739 0.499869 0.499993 0.5 0.5 0.5 0.5 0.5 0.5
 0.0114887 0.160411 0.452325 0.49739 0.499869 0.499993 0.5 0.5 0.5 0.5 0.5 0.5
 0.0114887 0.160411 0.452325 0.49739 0.499869 0.499993 0.5 0.5 0.5 0.5 0.5 0.5
 0.0114887 0.160411 0.452325 0.49739 0.499869 0.499993 0.5 0.5 0.5 0.5 0.5 0.5
 0.0114887 0.160411 0.452325 0.49739 0.499869 0.499993 0.5 0.5 0.5 0.5 0.5 0.5
 0.0114887 0.160411 0.452325 0.49739 0.499869 0.499993 0.5 0.5 0.5 0.5 0.5 0.5
 0.0114887 0.160411 0.452325 0.49739 0.499869 0.499993 0.5 0.5 0.5 0.5 0.5 0.5
 0.0114887 0.160411 0.452325 0.49739 0.499869 0.499993 0.5 0.5 0.5 0.5 0.5 0.5
 0.0114887 0.160411 0.452325 0.49739 0.499869 0.499993 0.5 0.5 0.5 0.5 0.5 0.5
 0.0114887 0.160411 0.452325 0.49739 0.499869 0.499993 0.5 0.5 0.5 0.5 0.5 0.5
 0.0114887 0.160411 0.452325 0.49739 0.499869 0.499993 0.5 0.5 0.5 0.5 0.5 0.5
 0.0114887 0.160411 0.452325 0.49739 0.499869 0.499993 0.5 0.5 0.5 0.5 0.5 0.5
 0.0114887 0.160411 0.452325 0.49739 0.499869 0.499993 0.5 0.5 0.5 0.5 0.5 0.5
 0.0114887 0.160411 0.452325 0.49739 0.499869 0.499993 0.5 0.5 0.5 0.5 0.5 0.5
 0.0114887 0.160411 0.452325 0.49739 0.499869 0.499993 0.5 0.5 0.5 0.5 0.5 0.5
 0.0114887 0.160411 0.452325 0.49739 0.499869 0.499993 0.5 0.5 0.5 0.5 0.5 0.5
 0.0114887 0.160411 0.452325 0.49739 0.499869 0.499993 0.5 0.5 0.5 0.5 0.5 0.5
 0.0114887 0.160411 0.452325 0.49739 0.499869 0.499993 0.5 0.5 0.5 0.5 0.5 0.5
 0.0114887 0.160411 0.452325 0.49739 0.499869 0.499993 0.5 0.5 0.5 0.5 0.5 0.5
 0.0114887 0.160411 0.452325 0.49739 0.499869 0.499993 0.5 0.5 0.5 0.5 0.5 0.5
 0.0114887 0.160411 0.452325 0.49739 0.499869 0.499993 0.5 0.5 0.5 0.5 0.5 0.5
 0.0114887 0.160411 0.452325 0.49739 0.499869 0.499993 0.5 0.5 0.5 0.5 0.5 0.5
#nWAAmatrices
 1
#WAA_ini
  0.530655 1.19633 2.05827 3.03499 4.05521 5.0647 6.02623 6.91692 7.72489 8.44611 9.08185 9.63669
 0.530655 1.19633 2.05827 3.03499 4.05521 5.0647 6.02623 6.91692 7.72489 8.44611 9.08185 9.63669
 0.530655 1.19633 2.05827 3.03499 4.05521 5.0647 6.02623 6.91692 7.72489 8.44611 9.08185 9.63669
 0.530655 1.19633 2.05827 3.03499 4.05521 5.0647 6.02623 6.91692 7.72489 8.44611 9.08185 9.63669
 0.530655 1.19633 2.05827 3.03499 4.05521 5.0647 6.02623 6.91692 7.72489 8.44611 9.08185 9.63669
 0.530655 1.19633 2.05827 3.03499 4.05521 5.0647 6.02623 6.91692 7.72489 8.44611 9.08185 9.63669
 0.530655 1.19633 2.05827 3.03499 4.05521 5.0647 6.02623 6.91692 7.72489 8.44611 9.08185 9.63669
 0.530655 1.19633 2.05827 3.03499 4.05521 5.0647 6.02623 6.91692 7.72489 8.44611 9.08185 9.63669
 0.530655 1.19633 2.05827 3.03499 4.05521 5.0647 6.02623 6.91692 7.72489 8.44611 9.08185 9.63669
 0.530655 1.19633 2.05827 3.03499 4.05521 5.0647 6.02623 6.91692 7.72489 8.44611 9.08185 9.63669
 0.530655 1.19633 2.05827 3.03499 4.05521 5.0647 6.02623 6.91692 7.72489 8.44611 9.08185 9.63669
 0.530655 1.19633 2.05827 3.03499 4.05521 5.0647 6.02623 6.91692 7.72489 8.44611 9.08185 9.63669
 0.530655 1.19633 2.05827 3.03499 4.05521 5.0647 6.02623 6.91692 7.72489 8.44611 9.08185 9.63669
 0.530655 1.19633 2.05827 3.03499 4.05521 5.0647 6.02623 6.91692 7.72489 8.44611 9.08185 9.63669
 0.530655 1.19633 2.05827 3.03499 4.05521 5.0647 6.02623 6.91692 7.72489 8.44611 9.08185 9.63669
 0.530655 1.19633 2.05827 3.03499 4.05521 5.0647 6.02623 6.91692 7.72489 8.44611 9.08185 9.63669
 0.530655 1.19633 2.05827 3.03499 4.05521 5.0647 6.02623 6.91692 7.72489 8.44611 9.08185 9.63669
 0.530655 1.19633 2.05827 3.03499 4.05521 5.0647 6.02623 6.91692 7.72489 8.44611 9.08185 9.63669
 0.530655 1.19633 2.05827 3.03499 4.05521 5.0647 6.02623 6.91692 7.72489 8.44611 9.08185 9.63669
 0.530655 1.19633 2.05827 3.03499 4.05521 5.0647 6.02623 6.91692 7.72489 8.44611 9.08185 9.63669
 0.530655 1.19633 2.05827 3.03499 4.05521 5.0647 6.02623 6.91692 7.72489 8.44611 9.08185 9.63669
 0.530655 1.19633 2.05827 3.03499 4.05521 5.0647 6.02623 6.91692 7.72489 8.44611 9.08185 9.63669
 0.530655 1.19633 2.05827 3.03499 4.05521 5.0647 6.02623 6.91692 7.72489 8.44611 9.08185 9.63669
 0.530655 1.19633 2.05827 3.03499 4.05521 5.0647 6.02623 6.91692 7.72489 8.44611 9.08185 9.63669
 0.530655 1.19633 2.05827 3.03499 4.05521 5.0647 6.02623 6.91692 7.72489 8.44611 9.08185 9.63669
 0.530655 1.19633 2.05827 3.03499 4.05521 5.0647 6.02623 6.91692 7.72489 8.44611 9.08185 9.63669
 0.530655 1.19633 2.05827 3.03499 4.05521 5.0647 6.02623 6.91692 7.72489 8.44611 9.08185 9.63669
 0.530655 1.19633 2.05827 3.03499 4.05521 5.0647 6.02623 6.91692 7.72489 8.44611 9.08185 9.63669
 0.530655 1.19633 2.05827 3.03499 4.05521 5.0647 6.02623 6.91692 7.72489 8.44611 9.08185 9.63669
 0.530655 1.19633 2.05827 3.03499 4.05521 5.0647 6.02623 6.91692 7.72489 8.44611 9.08185 9.63669
#WAApointbio
  1 1 1 1 1 1
#sel_blocks
  1 1 1 1 1 1 1 1 1 1 1 1 1 1 1 1 1 1 1 1 1 1 1 1 1 1 1 1 1 1
#sel_option
  2
#sel_ini
  0 0 0 0
 0 0 0 0
 0 0 0 0
 0 0 0 0
 0 0 0 0
 0 0 0 0
 0 0 0 0
 0 0 0 0
 0 0 0 0
 0 0 0 0
 0 0 0 0
 0 0 0 0
 2 2 0 0.5
 1 2 0 0.5
 0 0 0 0
 0 0 0 0
 0 0 0 0
 0 0 0 0
#sel_start_age
  1
#sel_end_age
  12
#Freport_agemin
 6
#Freport_agemax
 12
#Freport_wtopt
 1
#use_likelihood_constants
 0
#release_mort
  0
#CAA_ini
  0.025 0.145 0.115 0.09 0.1 0.09 0.06 0.09 0.075 0.04 0.055 0.115 161.585
 0.045 0.12 0.13 0.12 0.115 0.12 0.1 0.04 0.035 0.05 0.02 0.105 458.35
 0.05 0.08 0.14 0.11 0.1 0.13 0.075 0.055 0.075 0.03 0.025 0.13 738.505
 0.05 0.09 0.12 0.14 0.11 0.09 0.085 0.07 0.05 0.04 0.045 0.11 953.79
 0.06 0.115 0.115 0.125 0.085 0.125 0.085 0.04 0.06 0.035 0.025 0.13 733.875
 0.045 0.09 0.135 0.13 0.135 0.075 0.065 0.07 0.07 0.025 0.03 0.13 1249.74
 0.075 0.15 0.135 0.1 0.095 0.085 0.08 0.06 0.055 0.03 0.02 0.115 1178.43
 0.09 0.14 0.13 0.12 0.105 0.065 0.075 0.025 0.05 0.06 0.02 0.12 2250.8
 0.05 0.14 0.145 0.2 0.075 0.08 0.065 0.02 0.05 0.03 0.015 0.13 1212.37
 0.075 0.14 0.215 0.115 0.13 0.06 0.065 0.06 0.02 0.005 0.035 0.08 1403.38
 0.065 0.145 0.145 0.195 0.09 0.09 0.06 0.06 0.03 0.02 0.01 0.09 1494.45
 0.105 0.12 0.11 0.115 0.145 0.095 0.085 0.06 0.03 0.045 0.005 0.085 1473.76
 0.12 0.165 0.115 0.135 0.1 0.09 0.075 0.04 0.035 0.03 0.035 0.06 1014.66
 0.12 0.11 0.17 0.1 0.11 0.075 0.055 0.08 0.035 0.04 0.03 0.075 1416.15
 0.12 0.19 0.175 0.155 0.07 0.07 0.055 0.055 0.015 0.035 0.015 0.045 1445.16
 0.15 0.155 0.15 0.135 0.1 0.085 0.055 0.045 0.045 0.02 0.035 0.025 1276.68
 0.07 0.21 0.195 0.2 0.09 0.065 0.035 0.025 0.02 0.035 0.005 0.05 2288.47
 0.14 0.09 0.265 0.12 0.14 0.09 0.075 0.025 0.015 0.005 0.01 0.025 1675.17
 0.14 0.27 0.115 0.19 0.09 0.055 0.04 0.035 0.02 0.005 0.005 0.035 1543.33
 0.12 0.25 0.195 0.055 0.145 0.08 0.07 0.03 0.015 0.01 0.01 0.02 1424.47
 0.115 0.14 0.215 0.2 0.07 0.095 0.035 0.045 0.035 0.01 0.01 0.03 1825.54
 0.115 0.185 0.185 0.165 0.15 0.04 0.05 0.025 0.02 0.01 0.025 0.03 1202.45
 0.095 0.185 0.135 0.19 0.125 0.12 0.04 0.075 0.015 0.005 0.005 0.01 1776.75
 0.17 0.165 0.22 0.135 0.045 0.1 0.08 0.015 0.025 0.015 0.01 0.02 1268.48
 0.155 0.205 0.17 0.14 0.13 0.06 0.06 0.015 0.015 0.02 0.01 0.02 1175.67
 0.145 0.23 0.24 0.105 0.095 0.1 0.035 0.015 0.03 0 0 0.005 1048.91
 0.13 0.175 0.21 0.24 0.07 0.055 0.04 0.025 0.025 0.015 0 0.015 1012.48
 0.175 0.195 0.155 0.125 0.165 0.06 0.05 0.025 0.01 0.02 0.005 0.015 1302.72
 0.16 0.175 0.195 0.165 0.105 0.08 0.04 0.03 0.02 0.01 0.005 0.015 908.638
 0.15 0.305 0.24 0.095 0.085 0.055 0.04 0.015 0.01 0 0.005 0 1266.09
#Discard_ini
  0 0 0 0 0 0 0 0 0 0 0 0 0
 0 0 0 0 0 0 0 0 0 0 0 0 0
 0 0 0 0 0 0 0 0 0 0 0 0 0
 0 0 0 0 0 0 0 0 0 0 0 0 0
 0 0 0 0 0 0 0 0 0 0 0 0 0
 0 0 0 0 0 0 0 0 0 0 0 0 0
 0 0 0 0 0 0 0 0 0 0 0 0 0
 0 0 0 0 0 0 0 0 0 0 0 0 0
 0 0 0 0 0 0 0 0 0 0 0 0 0
 0 0 0 0 0 0 0 0 0 0 0 0 0
 0 0 0 0 0 0 0 0 0 0 0 0 0
 0 0 0 0 0 0 0 0 0 0 0 0 0
 0 0 0 0 0 0 0 0 0 0 0 0 0
 0 0 0 0 0 0 0 0 0 0 0 0 0
 0 0 0 0 0 0 0 0 0 0 0 0 0
 0 0 0 0 0 0 0 0 0 0 0 0 0
 0 0 0 0 0 0 0 0 0 0 0 0 0
 0 0 0 0 0 0 0 0 0 0 0 0 0
 0 0 0 0 0 0 0 0 0 0 0 0 0
 0 0 0 0 0 0 0 0 0 0 0 0 0
 0 0 0 0 0 0 0 0 0 0 0 0 0
 0 0 0 0 0 0 0 0 0 0 0 0 0
 0 0 0 0 0 0 0 0 0 0 0 0 0
 0 0 0 0 0 0 0 0 0 0 0 0 0
 0 0 0 0 0 0 0 0 0 0 0 0 0
 0 0 0 0 0 0 0 0 0 0 0 0 0
 0 0 0 0 0 0 0 0 0 0 0 0 0
 0 0 0 0 0 0 0 0 0 0 0 0 0
 0 0 0 0 0 0 0 0 0 0 0 0 0
 0 0 0 0 0 0 0 0 0 0 0 0 0
#proportion_release_ini
  0 0 0 0 0 0 0 0 0 0 0 0
 0 0 0 0 0 0 0 0 0 0 0 0
 0 0 0 0 0 0 0 0 0 0 0 0
 0 0 0 0 0 0 0 0 0 0 0 0
 0 0 0 0 0 0 0 0 0 0 0 0
 0 0 0 0 0 0 0 0 0 0 0 0
 0 0 0 0 0 0 0 0 0 0 0 0
 0 0 0 0 0 0 0 0 0 0 0 0
 0 0 0 0 0 0 0 0 0 0 0 0
 0 0 0 0 0 0 0 0 0 0 0 0
 0 0 0 0 0 0 0 0 0 0 0 0
 0 0 0 0 0 0 0 0 0 0 0 0
 0 0 0 0 0 0 0 0 0 0 0 0
 0 0 0 0 0 0 0 0 0 0 0 0
 0 0 0 0 0 0 0 0 0 0 0 0
 0 0 0 0 0 0 0 0 0 0 0 0
 0 0 0 0 0 0 0 0 0 0 0 0
 0 0 0 0 0 0 0 0 0 0 0 0
 0 0 0 0 0 0 0 0 0 0 0 0
 0 0 0 0 0 0 0 0 0 0 0 0
 0 0 0 0 0 0 0 0 0 0 0 0
 0 0 0 0 0 0 0 0 0 0 0 0
 0 0 0 0 0 0 0 0 0 0 0 0
 0 0 0 0 0 0 0 0 0 0 0 0
 0 0 0 0 0 0 0 0 0 0 0 0
 0 0 0 0 0 0 0 0 0 0 0 0
 0 0 0 0 0 0 0 0 0 0 0 0
 0 0 0 0 0 0 0 0 0 0 0 0
 0 0 0 0 0 0 0 0 0 0 0 0
 0 0 0 0 0 0 0 0 0 0 0 0
#index_units_aggregate_ini
  2
#index_units_proportions_ini
  2
#index_WAApoint_ini
  1
#index_month_ini
  1
#index_sel_choice_ini
  -1
#index_sel_option_ini
  2
#index_start_age_ini
  1
#index_end_age_ini
  12
#index_estimate_proportions_ini
  1
#use_index
  1
#index_sel_ini
  0 0 0 0
 0 0 0 0
 0 0 0 0
 0 0 0 0
 0 0 0 0
 0 0 0 0
 0 0 0 0
 0 0 0 0
 0 0 0 0
 0 0 0 0
 0 0 0 0
 0 0 0 0
 1.5 2 1 0.5
 0.5 2 1 0.5
 0 0 0 0
 0 0 0 0
 0 0 0 0
 0 0 0 0
#index_ini
  1 1.29955 0.2 0.075 0.165 0.155 0.135 0.095 0.07 0.075 0.03 0.035 0.045 0.03 0.09 200
 2 1.65 0.2 0.07 0.14 0.12 0.095 0.1 0.11 0.065 0.05 0.03 0.04 0.01 0.17 200
 3 1.49339 0.2 0.065 0.145 0.2 0.135 0.08 0.045 0.05 0.04 0.045 0.01 0.02 0.165 200
 4 1.44115 0.2 0.045 0.14 0.115 0.16 0.145 0.08 0.03 0.06 0.04 0.04 0.015 0.13 200
 5 1.42954 0.2 0.06 0.135 0.135 0.08 0.12 0.1 0.085 0.05 0.035 0.035 0.025 0.14 200
 6 1.33179 0.2 0.075 0.11 0.11 0.185 0.065 0.065 0.085 0.075 0.02 0.025 0.005 0.18 200
 7 1.25877 0.2 0.045 0.18 0.18 0.08 0.11 0.085 0.06 0.025 0.045 0.025 0.035 0.13 200
 8 1.28832 0.2 0.15 0.15 0.19 0.12 0.07 0.055 0.075 0.035 0.035 0.015 0.015 0.09 200
 9 1.18014 0.2 0.06 0.24 0.15 0.14 0.085 0.045 0.05 0.045 0.035 0.035 0.005 0.11 200
 10 1.27046 0.2 0.05 0.18 0.22 0.135 0.105 0.065 0.055 0.04 0.035 0.035 0.02 0.06 200
 11 1.07629 0.2 0.08 0.13 0.16 0.22 0.055 0.105 0.035 0.035 0.035 0.035 0.015 0.095 200
 12 1.00846 0.2 0.1 0.145 0.15 0.185 0.125 0.075 0.045 0.03 0.025 0.02 0.01 0.09 200
 13 1.03027 0.2 0.1 0.195 0.17 0.095 0.115 0.1 0.05 0.055 0.03 0.02 0.01 0.06 200
 14 1.09281 0.2 0.12 0.19 0.215 0.1 0.065 0.095 0.105 0.035 0.005 0.005 0 0.065 200
 15 1.02014 0.2 0.055 0.215 0.18 0.195 0.075 0.055 0.03 0.055 0.025 0.02 0.015 0.08 200
 16 0.909538 0.2 0.125 0.165 0.19 0.13 0.14 0.09 0.025 0.04 0.035 0.015 0.01 0.035 200
 17 1.08756 0.2 0.05 0.29 0.135 0.165 0.125 0.075 0.045 0.025 0.02 0.035 0.01 0.025 200
 18 0.837322 0.2 0.125 0.085 0.275 0.135 0.115 0.085 0.025 0.025 0.025 0.015 0.03 0.06 200
 19 0.880482 0.2 0.085 0.28 0.095 0.205 0.08 0.1 0.04 0.045 0.015 0.02 0.01 0.025 200
 20 0.919428 0.2 0.09 0.23 0.26 0.085 0.125 0.05 0.035 0.035 0.025 0 0.01 0.055 200
 21 0.844209 0.2 0.085 0.17 0.215 0.195 0.08 0.105 0.03 0.035 0.015 0.015 0.02 0.035 200
 22 0.683854 0.2 0.105 0.19 0.16 0.22 0.115 0.045 0.065 0.035 0.015 0.015 0.02 0.015 200
 23 0.762432 0.2 0.075 0.215 0.18 0.15 0.165 0.09 0.015 0.035 0.025 0.02 0.015 0.015 200
 24 0.698942 0.2 0.2 0.145 0.195 0.105 0.105 0.08 0.065 0.015 0.04 0.005 0.02 0.025 200
 25 0.592355 0.2 0.15 0.34 0.14 0.155 0.09 0.06 0.02 0.025 0 0.005 0 0.015 200
 26 0.605199 0.2 0.115 0.28 0.265 0.1 0.115 0.035 0.015 0.045 0.005 0.01 0 0.015 200
 27 0.549636 0.2 0.07 0.205 0.3 0.235 0.06 0.06 0.035 0.01 0 0.005 0.005 0.015 200
 28 0.581275 0.2 0.11 0.255 0.21 0.175 0.085 0.055 0.045 0.025 0.015 0.01 0.005 0.01 200
 29 0.517689 0.2 0.085 0.29 0.185 0.16 0.135 0.045 0.035 0.02 0.03 0.005 0.005 0.005 200
 30 0.362178 0.2 0.14 0.21 0.275 0.11 0.06 0.08 0.07 0.015 0.02 0.005 0 0.015 200
#phase_Fmult_year1
 1
#phase_Fmult_devs
 2
#phase_recruit_devs
 2
#phase_N_year1_devs
 2
#phase_q_year1
 1
#phase_q_devs
 -5
#phase_SR_scaler
 1
#phase_steepness
 -3
#recruit_CV
  0.202017 0.202017 0.202017 0.202017 0.202017 0.202017 0.202017 0.202017 0.202017 0.202017 0.202017 0.202017 0.202017 0.202017 0.202017 0.202017 0.202017 0.202017 0.202017 0.202017 0.202017 0.202017 0.202017 0.202017 0.202017 0.202017 0.202017 0.202017 0.202017 0.202017
#lambda_ind_ini
  1
#lambda_catch_tot
  1
#lambda_Discard_tot
  0
#catch_tot_CV
  0.01
 0.01
 0.01
 0.01
 0.01
 0.01
 0.01
 0.01
 0.01
 0.01
 0.01
 0.01
 0.01
 0.01
 0.01
 0.01
 0.01
 0.01
 0.01
 0.01
 0.01
 0.01
 0.01
 0.01
 0.01
 0.01
 0.01
 0.01
 0.01
 0.01
#discard_tot_CV
  0
 0
 0
 0
 0
 0
 0
 0
 0
 0
 0
 0
 0
 0
 0
 0
 0
 0
 0
 0
 0
 0
 0
 0
 0
 0
 0
 0
 0
 0
#input_eff_samp_size_catch_ini
  200
 200
 200
 200
 200
 200
 200
 200
 200
 200
 200
 200
 200
 200
 200
 200
 200
 200
 200
 200
 200
 200
 200
 200
 200
 200
 200
 200
 200
 200
#input_eff_samp_size_discard_ini
  0
 0
 0
 0
 0
 0
 0
 0
 0
 0
 0
 0
 0
 0
 0
 0
 0
 0
 0
 0
 0
 0
 0
 0
 0
 0
 0
 0
 0
 0
#lambda_Fmult_year1
  0
#Fmult_year1_CV
  1
#lambda_Fmult_devs
  0
#Fmult_devs_CV
  1
#lambda_N_year1_devs
 0
#N_year1_CV
 1
#lambda_recruit_devs
 1
#lambda_q_year1_ini
  0
#q_year1_CV_ini
  1
#lambda_q_devs_ini
  0
#q_devs_CV_ini
  1
#lambda_steepness
 0
#steepness_CV
 1
#lambda_SR_scaler
 0
#SR_scaler_CV
 1
#NAA_year1_flag
 1
#NAA_year1_ini
  1000 818.731 670.32 548.812 449.329 367.879 301.194 246.597 201.897 165.299 135.335 611.263
#Fmult_year1_ini
  0.00945917
#q_year1_iniavail
  0.000351271
#is_SR_scaler_R
 1
#SR_scaler_ini
 1000
#SR_steepness_ini
 0.75
#Fmult_max_value
 4
#ignore_guesses
 0
#do_projections
 0
#directed_fleet
  1
#nfinalyear
 31
#project_ini
  31 -1 3 -99 1
#doMCMC
 0
#MCMCnyear_opt
 1
#MCMCnboot
 1000
#MCMCnthin
 200
#MCMCseed
 657483
#fillR_opt
 0
#Ravg_start
 1
#Ravg_end
 30
#make_Rfile
 1
#test_value
 -23456
