AMAK;Mar 2020
# styr
1
# endyr
30
# rec_age
1
# oldest_age
12
# nlength
81
# len_bins
 10 11 12 13 14 15 16 17 18 19 20 21 22 23 24 25 26 27 28 29 30 31 32 33 34 35 36 37 38 39 40 41 42 43 44 45 46 47 48 49 50 51 52 53 54 55 56 57 58 59 60 61 62 63 64 65 66 67 68 69 70 71 72 73 74 75 76 77 78 79 80 81 82 83 84 85 86 87 88 89 90
# datafile_name
amak_data.dat
# model_name
AMAK_MCP
# styr
1
# endyr
30
# rec_age
1
# oldest_age
12
# nfsh
1
# fshname
FLEET1
# catch_bio_in
 160.567 460.629 740.216 969.951 745.313 1270.17 1203.48 2285.07 1206.4 1357.56 1423.75 1397.43 951.667 1320.96 1348.61 1187.52 2200.01 1627.14 1505.26 1360.96 1706.73 1130.2 1673.22 1213.2 1148.26 1040.69 1032.09 1320.01 921.16 1289.36
# catch_bio_sd_in
 0.01 0.01 0.01 0.01 0.01 0.01 0.01 0.01 0.01 0.01 0.01 0.01 0.01 0.01 0.01 0.01 0.01 0.01 0.01 0.01 0.01 0.01 0.01 0.01 0.01 0.01 0.01 0.01 0.01 0.01
# nyrs_fsh_age
 30
# nyrs_fsh_length
 0
# yrs_fsh_age_in
 1 2 3 4 5 6 7 8 9 10 11 12 13 14 15 16 17 18 19 20 21 22 23 24 25 26 27 28 29 30
# yrs_fsh_length_in

# n_sample_fsh_length_in

# olc_fsh_in

# nind
1
# indname
SURVEY1
# nyrs_ind
 30
# yrs_ind_in
 1 2 3 4 5 6 7 8 9 10 11 12 13 14 15 16 17 18 19 20 21 22 23 24 25 26 27 28 29 30
# mo_ind
 1
# obs_ind_in
 1.44335 1.4991 1.3033 1.60639 1.48417 1.54132 1.49289 1.16252 1.13499 1.17571 0.963583 0.986822 0.885045 0.979026 1.05491 0.959884 1.063 1.00473 0.893822 0.862155 0.741099 0.761813 0.605718 0.616377 0.658557 0.674712 0.635185 0.622082 0.503164 0.519531
# obs_se_ind_in
 0.288671 0.299821 0.260659 0.321278 0.296835 0.308264 0.298577 0.232505 0.226997 0.235141 0.192717 0.197364 0.177009 0.195805 0.210981 0.191977 0.212599 0.200946 0.178764 0.172431 0.14822 0.152363 0.121144 0.123275 0.131711 0.134942 0.127037 0.124416 0.100633 0.103906
# nyrs_ind_age
 30
# nyrs_ind_length
 0
# yrs_ind_age_in
 1 2 3 4 5 6 7 8 9 10 11 12 13 14 15 16 17 18 19 20 21 22 23 24 25 26 27 28 29 30
# yrs_ind_length_in

# yrs_ind_age_in
 1 2 3 4 5 6 7 8 9 10 11 12 13 14 15 16 17 18 19 20 21 22 23 24 25 26 27 28 29 30
# n_sample_ind_length_in

# olc_ind_in

# oac_ind_in
 0.08 0.15 0.115 0.1 0.13 0.085 0.04 0.07 0.055 0 0.025 0.15
 0.075 0.165 0.17 0.095 0.13 0.05 0.055 0.035 0.02 0.035 0.025 0.145
 0.05 0.115 0.13 0.115 0.115 0.09 0.06 0.045 0.05 0.045 0.02 0.165
 0.05 0.12 0.17 0.135 0.105 0.075 0.06 0.075 0.03 0.025 0.035 0.12
 0.05 0.165 0.14 0.09 0.12 0.07 0.065 0.04 0.035 0.06 0.035 0.13
 0.075 0.11 0.16 0.11 0.1 0.09 0.095 0.035 0.035 0.045 0.02 0.125
 0.05 0.095 0.125 0.13 0.105 0.11 0.08 0.07 0.05 0.015 0.045 0.125
 0.1 0.175 0.165 0.11 0.075 0.08 0.1 0.035 0.025 0.025 0.025 0.085
 0.09 0.2 0.17 0.1 0.105 0.1 0.04 0.04 0.035 0.015 0.005 0.1
 0.065 0.17 0.175 0.11 0.105 0.09 0.08 0.035 0.065 0.015 0.005 0.085
 0.03 0.18 0.17 0.18 0.145 0.08 0.05 0.04 0.015 0.025 0.03 0.055
 0.075 0.165 0.18 0.17 0.09 0.075 0.07 0.035 0.03 0.025 0.01 0.075
 0.095 0.14 0.205 0.095 0.115 0.065 0.06 0.085 0.025 0.045 0.005 0.065
 0.075 0.205 0.135 0.14 0.11 0.06 0.06 0.085 0.025 0.02 0.02 0.065
 0.075 0.245 0.215 0.105 0.07 0.08 0.04 0.05 0.02 0.02 0.02 0.06
 0.15 0.21 0.22 0.14 0.07 0.06 0.045 0.035 0.025 0.005 0.01 0.03
 0.08 0.245 0.175 0.165 0.115 0.035 0.03 0.05 0.015 0.02 0.01 0.06
 0.07 0.155 0.28 0.155 0.095 0.09 0.035 0.03 0.02 0.02 0.005 0.045
 0.105 0.12 0.155 0.27 0.1 0.1 0.045 0.015 0.025 0 0.005 0.06
 0.115 0.235 0.125 0.105 0.175 0.1 0.065 0.035 0.005 0.005 0.005 0.03
 0.15 0.14 0.275 0.11 0.095 0.09 0.03 0.02 0.03 0.025 0 0.035
 0.105 0.235 0.205 0.17 0.045 0.08 0.06 0.025 0.01 0.02 0.01 0.035
 0.105 0.2 0.215 0.175 0.09 0.03 0.04 0.075 0.015 0.015 0.02 0.02
 0.17 0.265 0.175 0.175 0.06 0.055 0.02 0.01 0.04 0.015 0.005 0.01
 0.19 0.26 0.175 0.09 0.1 0.055 0.04 0.03 0.015 0.035 0.005 0.005
 0.18 0.195 0.25 0.155 0.055 0.065 0.03 0.035 0.025 0 0.01 0
 0.065 0.245 0.275 0.21 0.095 0.045 0.025 0.005 0.005 0.01 0 0.02
 0.13 0.165 0.275 0.18 0.125 0.065 0.02 0.02 0.005 0.005 0 0.01
 0.15 0.23 0.155 0.16 0.13 0.07 0.035 0.015 0.025 0.01 0.005 0.015
 0.16 0.22 0.21 0.105 0.08 0.095 0.095 0.015 0.01 0.01 0 0
# wt_ind
 1 1 1 1 1 1 1 1 1 1 1 1
 1 1 1 1 1 1 1 1 1 1 1 1
 1 1 1 1 1 1 1 1 1 1 1 1
 1 1 1 1 1 1 1 1 1 1 1 1
 1 1 1 1 1 1 1 1 1 1 1 1
 1 1 1 1 1 1 1 1 1 1 1 1
 1 1 1 1 1 1 1 1 1 1 1 1
 1 1 1 1 1 1 1 1 1 1 1 1
 1 1 1 1 1 1 1 1 1 1 1 1
 1 1 1 1 1 1 1 1 1 1 1 1
 1 1 1 1 1 1 1 1 1 1 1 1
 1 1 1 1 1 1 1 1 1 1 1 1
 1 1 1 1 1 1 1 1 1 1 1 1
 1 1 1 1 1 1 1 1 1 1 1 1
 1 1 1 1 1 1 1 1 1 1 1 1
 1 1 1 1 1 1 1 1 1 1 1 1
 1 1 1 1 1 1 1 1 1 1 1 1
 1 1 1 1 1 1 1 1 1 1 1 1
 1 1 1 1 1 1 1 1 1 1 1 1
 1 1 1 1 1 1 1 1 1 1 1 1
 1 1 1 1 1 1 1 1 1 1 1 1
 1 1 1 1 1 1 1 1 1 1 1 1
 1 1 1 1 1 1 1 1 1 1 1 1
 1 1 1 1 1 1 1 1 1 1 1 1
 1 1 1 1 1 1 1 1 1 1 1 1
 1 1 1 1 1 1 1 1 1 1 1 1
 1 1 1 1 1 1 1 1 1 1 1 1
 1 1 1 1 1 1 1 1 1 1 1 1
 1 1 1 1 1 1 1 1 1 1 1 1
 1 1 1 1 1 1 1 1 1 1 1 1
# wt_pop
 0.000530656 0.00119633 0.00205827 0.00303499 0.00405521 0.0050647 0.00602623 0.00691692 0.00772489 0.00844611 0.00908185 0.0096367
# maturity
 0.0229774 0.320821 0.904651 0.99478 0.999739 0.999987 0.999999 1 1 1 1 1
# spawnmo
1
# age_err
 1 0 0 0 0 0 0 0 0 0 0 0
 0 1 0 0 0 0 0 0 0 0 0 0
 0 0 1 0 0 0 0 0 0 0 0 0
 0 0 0 1 0 0 0 0 0 0 0 0
 0 0 0 0 1 0 0 0 0 0 0 0
 0 0 0 0 0 1 0 0 0 0 0 0
 0 0 0 0 0 0 1 0 0 0 0 0
 0 0 0 0 0 0 0 1 0 0 0 0
 0 0 0 0 0 0 0 0 1 0 0 0
 0 0 0 0 0 0 0 0 0 1 0 0
 0 0 0 0 0 0 0 0 0 0 1 0
 0 0 0 0 0 0 0 0 0 0 0 1
# cntrlfile_name
C:\Users\bai.li\DOCUME~1\Github\AGE_ST~1\ASSAMC\example\output\AMAK\s83\amak.dat
# Map shared selectivity: 
# sel_map
 1 2
 1 1
# datafile_name
amak_data.dat
# model_name
AMAK_MCP
# SrType
2
# use_age_err
0
# retro
0
# sigmarprior
0.2
# cvsigmarprior
0.25
# phase_sigmar
-3
# styr_rec_est
1
# endyr_rec_est
30
# Linfprior
80
# cvLinfprior
0.25
# kprior
0.18
# cvkprior
0.25
# Loprior
27.688
# cvLoprior
0.25
# sdageprior
0.1
# cvsdageprior
0.25
# natmortprior
0.2
# cvnatmortprior
0.25
# phase_M
-4
# npars_Mage
0
# ages_M_changes

# Mage_in

# Mage_offset_in

# phase_Mage
-5
# phase_rw_M
0
# npars_rw_M
0
# yrs_rw_M

# sigma_rw_M

# qprior
 3.48998e-007
# cvqprior
 1
# phase_q
 1
# q_power_prior
 1
# cvq_power_prior
 0.2
# phase_q_power
 -4
# phase_rw_q
 -1
# npars_rw_q
 0
# yrs_rw_q

# sigma_rw_q

# q_age_min
 1
# q_age_max
 12
# q_age_min
 1
# q_age_max
 12
# fsh_sel_opt(k)
2
# phase_sel_fsh(k)
2
# n_sel_ch_fsh(k)
1
# sel_slp_in_fsh(k)(1,n_sel_ch_fsh(k))
 1
# sel_inf_in_fsh(k)(1,n_sel_ch_fsh(k))
 2
# logsel_slp_in_fsh(k)(1,n_sel_ch_fsh(k))
 0
# yrs_sel_ch_fsh(k)(1,n_sel_ch_fsh(k))
 1

Survey SURVEY1
# ind_sel_opt(k)
2
# indname(k)
SURVEY1
# nselages_in_ind(k)
11
# phase_sel_ind(k)
2
# sel_change_in_ind(k)
 1 0 0 0 0 0 0 0 0 0 0 0 0 0 0 0 0 0 0 0 0 0 0 0 0 0 0 0 0 0
# n_sel_ch_ind(k)
1
# yrs_sel_ch_ind(k)(1,n_sel_ch_ind(k))
 1
# sel_slp_in_ind(k,1)
2
# sel_inf_in_ind(k,1)
1.5
# logsel_slp_in_ind(k,1)
0.693147
# logsel_slp_in_indv(k)
0.693147
SURVEY1 ind sel opt 2  1 0 0 0 0 0 0 0 0 0 0 0 0 0 0 0 0 0 0 0 0 0 0 0 0 0 0 0 0 0
Phase indices Sel_Coffs:  -1
 Test: 1.23457e+008
# Fshry Selages:  11
# Srvy  Selages:  11
# Phase for age-spec fishery  -1
# Phase for logistic fishery  2
# Phase for dble logistic fishery  -1
# Phase for age-spec indices   -1
# Phase for logistic indices   2
# Phase for dble logistic ind  -1
# Curv_pen_fsh: 
 0
# Curv_pen_ind: 
 0
# styr_fut
31
# endyr_fut
35
# nyrs_fsh_age
 30
# nyrs_fsh_age
 30
# yrs_fsh_age
 1 2 3 4 5 6 7 8 9 10 11 12 13 14 15 16 17 18 19 20 21 22 23 24 25 26 27 28 29 30
# n_sample_fsh_age
 200 200 200 200 200 200 200 200 200 200 200 200 200 200 200 200 200 200 200 200 200 200 200 200 200 200 200 200 200 200
# oac_fsh
 0.05 0.08 0.145 0.115 0.12 0.09 0.07 0.065 0.075 0.03 0.015 0.145
 0.07 0.08 0.14 0.09 0.12 0.07 0.09 0.065 0.035 0.035 0.03 0.175
 0.07 0.115 0.095 0.125 0.1 0.1 0.065 0.045 0.06 0.04 0.04 0.145
 0.12 0.08 0.115 0.08 0.125 0.11 0.035 0.075 0.07 0.04 0.06 0.09
 0.08 0.1 0.095 0.105 0.09 0.09 0.04 0.045 0.09 0.03 0.035 0.2
 0.09 0.095 0.135 0.115 0.18 0.04 0.07 0.08 0.045 0.025 0.015 0.11
 0.065 0.125 0.135 0.13 0.11 0.075 0.045 0.06 0.065 0.045 0.035 0.11
 0.07 0.12 0.14 0.11 0.07 0.105 0.07 0.045 0.06 0.02 0.015 0.175
 0.1 0.165 0.115 0.135 0.12 0.075 0.055 0.02 0.065 0.03 0.015 0.105
 0.11 0.135 0.135 0.155 0.1 0.05 0.045 0.05 0.045 0.025 0.03 0.12
 0.075 0.105 0.16 0.145 0.13 0.115 0.035 0.03 0.04 0.04 0.02 0.105
 0.105 0.155 0.09 0.18 0.105 0.085 0.05 0.025 0.045 0.05 0.02 0.09
 0.115 0.125 0.155 0.1 0.13 0.1 0.05 0.065 0.025 0.035 0.015 0.085
 0.1 0.155 0.09 0.17 0.155 0.09 0.06 0.065 0.02 0.02 0.035 0.04
 0.1 0.205 0.205 0.125 0.075 0.045 0.07 0.05 0.02 0.025 0.015 0.065
 0.15 0.14 0.195 0.17 0.06 0.09 0.055 0.035 0.015 0.015 0.015 0.06
 0.055 0.255 0.18 0.16 0.145 0.05 0.045 0.025 0.015 0.01 0.015 0.045
 0.12 0.095 0.285 0.13 0.14 0.09 0.015 0.025 0.02 0.025 0.005 0.05
 0.085 0.125 0.19 0.225 0.155 0.07 0.05 0.035 0 0.01 0.015 0.04
 0.095 0.21 0.115 0.1 0.215 0.065 0.06 0.05 0.01 0.04 0 0.04
 0.145 0.175 0.15 0.095 0.135 0.11 0.065 0.05 0.02 0.02 0.025 0.01
 0.12 0.18 0.13 0.18 0.075 0.06 0.11 0.05 0.02 0.03 0.01 0.035
 0.17 0.15 0.215 0.14 0.12 0.06 0.03 0.07 0.01 0.02 0.01 0.005
 0.18 0.16 0.17 0.195 0.085 0.08 0.03 0.025 0.03 0.015 0.015 0.015
 0.12 0.29 0.17 0.125 0.105 0.06 0.05 0.015 0.015 0.025 0.005 0.02
 0.125 0.255 0.27 0.135 0.045 0.08 0.05 0.025 0.005 0 0.01 0
 0.08 0.18 0.28 0.185 0.105 0.06 0.045 0.03 0.01 0.005 0.005 0.015
 0.155 0.13 0.205 0.18 0.155 0.055 0.045 0.025 0.02 0.005 0 0.025
 0.185 0.19 0.16 0.17 0.1 0.085 0.035 0.025 0.03 0.01 0.01 0
 0.17 0.26 0.175 0.1 0.115 0.055 0.065 0.025 0.01 0.01 0 0.015
# olc_fsh

# wt_fsh
 0.000530656 0.00119633 0.00205827 0.00303499 0.00405521 0.0050647 0.00602623 0.00691692 0.00772489 0.00844611 0.00908185 0.0096367
 0.000530656 0.00119633 0.00205827 0.00303499 0.00405521 0.0050647 0.00602623 0.00691692 0.00772489 0.00844611 0.00908185 0.0096367
 0.000530656 0.00119633 0.00205827 0.00303499 0.00405521 0.0050647 0.00602623 0.00691692 0.00772489 0.00844611 0.00908185 0.0096367
 0.000530656 0.00119633 0.00205827 0.00303499 0.00405521 0.0050647 0.00602623 0.00691692 0.00772489 0.00844611 0.00908185 0.0096367
 0.000530656 0.00119633 0.00205827 0.00303499 0.00405521 0.0050647 0.00602623 0.00691692 0.00772489 0.00844611 0.00908185 0.0096367
 0.000530656 0.00119633 0.00205827 0.00303499 0.00405521 0.0050647 0.00602623 0.00691692 0.00772489 0.00844611 0.00908185 0.0096367
 0.000530656 0.00119633 0.00205827 0.00303499 0.00405521 0.0050647 0.00602623 0.00691692 0.00772489 0.00844611 0.00908185 0.0096367
 0.000530656 0.00119633 0.00205827 0.00303499 0.00405521 0.0050647 0.00602623 0.00691692 0.00772489 0.00844611 0.00908185 0.0096367
 0.000530656 0.00119633 0.00205827 0.00303499 0.00405521 0.0050647 0.00602623 0.00691692 0.00772489 0.00844611 0.00908185 0.0096367
 0.000530656 0.00119633 0.00205827 0.00303499 0.00405521 0.0050647 0.00602623 0.00691692 0.00772489 0.00844611 0.00908185 0.0096367
 0.000530656 0.00119633 0.00205827 0.00303499 0.00405521 0.0050647 0.00602623 0.00691692 0.00772489 0.00844611 0.00908185 0.0096367
 0.000530656 0.00119633 0.00205827 0.00303499 0.00405521 0.0050647 0.00602623 0.00691692 0.00772489 0.00844611 0.00908185 0.0096367
 0.000530656 0.00119633 0.00205827 0.00303499 0.00405521 0.0050647 0.00602623 0.00691692 0.00772489 0.00844611 0.00908185 0.0096367
 0.000530656 0.00119633 0.00205827 0.00303499 0.00405521 0.0050647 0.00602623 0.00691692 0.00772489 0.00844611 0.00908185 0.0096367
 0.000530656 0.00119633 0.00205827 0.00303499 0.00405521 0.0050647 0.00602623 0.00691692 0.00772489 0.00844611 0.00908185 0.0096367
 0.000530656 0.00119633 0.00205827 0.00303499 0.00405521 0.0050647 0.00602623 0.00691692 0.00772489 0.00844611 0.00908185 0.0096367
 0.000530656 0.00119633 0.00205827 0.00303499 0.00405521 0.0050647 0.00602623 0.00691692 0.00772489 0.00844611 0.00908185 0.0096367
 0.000530656 0.00119633 0.00205827 0.00303499 0.00405521 0.0050647 0.00602623 0.00691692 0.00772489 0.00844611 0.00908185 0.0096367
 0.000530656 0.00119633 0.00205827 0.00303499 0.00405521 0.0050647 0.00602623 0.00691692 0.00772489 0.00844611 0.00908185 0.0096367
 0.000530656 0.00119633 0.00205827 0.00303499 0.00405521 0.0050647 0.00602623 0.00691692 0.00772489 0.00844611 0.00908185 0.0096367
 0.000530656 0.00119633 0.00205827 0.00303499 0.00405521 0.0050647 0.00602623 0.00691692 0.00772489 0.00844611 0.00908185 0.0096367
 0.000530656 0.00119633 0.00205827 0.00303499 0.00405521 0.0050647 0.00602623 0.00691692 0.00772489 0.00844611 0.00908185 0.0096367
 0.000530656 0.00119633 0.00205827 0.00303499 0.00405521 0.0050647 0.00602623 0.00691692 0.00772489 0.00844611 0.00908185 0.0096367
 0.000530656 0.00119633 0.00205827 0.00303499 0.00405521 0.0050647 0.00602623 0.00691692 0.00772489 0.00844611 0.00908185 0.0096367
 0.000530656 0.00119633 0.00205827 0.00303499 0.00405521 0.0050647 0.00602623 0.00691692 0.00772489 0.00844611 0.00908185 0.0096367
 0.000530656 0.00119633 0.00205827 0.00303499 0.00405521 0.0050647 0.00602623 0.00691692 0.00772489 0.00844611 0.00908185 0.0096367
 0.000530656 0.00119633 0.00205827 0.00303499 0.00405521 0.0050647 0.00602623 0.00691692 0.00772489 0.00844611 0.00908185 0.0096367
 0.000530656 0.00119633 0.00205827 0.00303499 0.00405521 0.0050647 0.00602623 0.00691692 0.00772489 0.00844611 0.00908185 0.0096367
 0.000530656 0.00119633 0.00205827 0.00303499 0.00405521 0.0050647 0.00602623 0.00691692 0.00772489 0.00844611 0.00908185 0.0096367
 0.000530656 0.00119633 0.00205827 0.00303499 0.00405521 0.0050647 0.00602623 0.00691692 0.00772489 0.00844611 0.00908185 0.0096367
# nyrs_ind_age
 30
# yrs_ind_age
 1 2 3 4 5 6 7 8 9 10 11 12 13 14 15 16 17 18 19 20 21 22 23 24 25 26 27 28 29 30
# n_sample_ind_age
 200 200 200 200 200 200 200 200 200 200 200 200 200 200 200 200 200 200 200 200 200 200 200 200 200 200 200 200 200 200
# oac_ind
 0.08 0.15 0.115 0.1 0.13 0.085 0.04 0.07 0.055 0 0.025 0.15
 0.075 0.165 0.17 0.095 0.13 0.05 0.055 0.035 0.02 0.035 0.025 0.145
 0.05 0.115 0.13 0.115 0.115 0.09 0.06 0.045 0.05 0.045 0.02 0.165
 0.05 0.12 0.17 0.135 0.105 0.075 0.06 0.075 0.03 0.025 0.035 0.12
 0.05 0.165 0.14 0.09 0.12 0.07 0.065 0.04 0.035 0.06 0.035 0.13
 0.075 0.11 0.16 0.11 0.1 0.09 0.095 0.035 0.035 0.045 0.02 0.125
 0.05 0.095 0.125 0.13 0.105 0.11 0.08 0.07 0.05 0.015 0.045 0.125
 0.1 0.175 0.165 0.11 0.075 0.08 0.1 0.035 0.025 0.025 0.025 0.085
 0.09 0.2 0.17 0.1 0.105 0.1 0.04 0.04 0.035 0.015 0.005 0.1
 0.065 0.17 0.175 0.11 0.105 0.09 0.08 0.035 0.065 0.015 0.005 0.085
 0.03 0.18 0.17 0.18 0.145 0.08 0.05 0.04 0.015 0.025 0.03 0.055
 0.075 0.165 0.18 0.17 0.09 0.075 0.07 0.035 0.03 0.025 0.01 0.075
 0.095 0.14 0.205 0.095 0.115 0.065 0.06 0.085 0.025 0.045 0.005 0.065
 0.075 0.205 0.135 0.14 0.11 0.06 0.06 0.085 0.025 0.02 0.02 0.065
 0.075 0.245 0.215 0.105 0.07 0.08 0.04 0.05 0.02 0.02 0.02 0.06
 0.15 0.21 0.22 0.14 0.07 0.06 0.045 0.035 0.025 0.005 0.01 0.03
 0.08 0.245 0.175 0.165 0.115 0.035 0.03 0.05 0.015 0.02 0.01 0.06
 0.07 0.155 0.28 0.155 0.095 0.09 0.035 0.03 0.02 0.02 0.005 0.045
 0.105 0.12 0.155 0.27 0.1 0.1 0.045 0.015 0.025 0 0.005 0.06
 0.115 0.235 0.125 0.105 0.175 0.1 0.065 0.035 0.005 0.005 0.005 0.03
 0.15 0.14 0.275 0.11 0.095 0.09 0.03 0.02 0.03 0.025 0 0.035
 0.105 0.235 0.205 0.17 0.045 0.08 0.06 0.025 0.01 0.02 0.01 0.035
 0.105 0.2 0.215 0.175 0.09 0.03 0.04 0.075 0.015 0.015 0.02 0.02
 0.17 0.265 0.175 0.175 0.06 0.055 0.02 0.01 0.04 0.015 0.005 0.01
 0.19 0.26 0.175 0.09 0.1 0.055 0.04 0.03 0.015 0.035 0.005 0.005
 0.18 0.195 0.25 0.155 0.055 0.065 0.03 0.035 0.025 0 0.01 0
 0.065 0.245 0.275 0.21 0.095 0.045 0.025 0.005 0.005 0.01 0 0.02
 0.13 0.165 0.275 0.18 0.125 0.065 0.02 0.02 0.005 0.005 0 0.01
 0.15 0.23 0.155 0.16 0.13 0.07 0.035 0.015 0.025 0.01 0.005 0.015
 0.16 0.22 0.21 0.105 0.08 0.095 0.095 0.015 0.01 0.01 0 0
# olc_ind

# obs_lse_ind
 0.198042 0.198042 0.198042 0.198042 0.198042 0.198042 0.198042 0.198042 0.198042 0.198042 0.198042 0.198042 0.198042 0.198042 0.198042 0.198042 0.198042 0.198042 0.198042 0.198042 0.198042 0.198042 0.198042 0.198042 0.198042 0.198042 0.198042 0.198042 0.198042 0.198042
# xages_fsh
 0 0 0 0 0 0 0 0 0 0 0 0
# xages_fsh
 0 0.0909091 0.181818 0.272727 0.363636 0.454545 0.545455 0.636364 0.727273 0.818182 0.909091 1
# xnodes_fsh

Yrs fsh_sel change:  1 0 0 0 0 0 0 0 0 0 0 0 0 0 0 0 0 0 0 0 0 0 0 0 0 0 0 0 0
Yrs ind_sel change:  1 0 0 0 0 0 0 0 0 0 0 0 0 0 0 0 0 0 0 0 0 0 0 0 0 0 0 0 0
# steepnessprior
0.75
# sigmarprior
0.2
#  SSB estimated in styr endyr: -13 28 
#  Rec estimated in styr endyr: -11 30 
#  SR Curve fit  in styr endyr: 1 30 
#             Model styr endyr: 1 30 
# qprior
 3.48998e-007
# q_power_prior 
 1 
# cv_catchbiomass 
0.05 
# CatchbiomassPen 
200 
# Number of projection years 
5 
# offset_fsh
 13433
# offset_ind
 13140.2
Mean Catch
1239.92
R_guess 
15.3829
# nfsh
1
# n_sel_ch_fsh
 1
# nselages_fsh
 11
# phase_selcoff_fsh
 -1
logRzero 15.3829
logmeanrec 15.3829
exp(log_sigmarprior 0.2
Fish sel phase: -1 FLEET1
Fixing fishery sel to
1
Srvy sel phase: -1
Fixing SURVEY1 indices sel to
1
# logsel_slp_in_indv
 0.693147
Leaving parameter init secton
# M
 0.2 0.2 0.2 0.2 0.2 0.2 0.2 0.2 0.2 0.2 0.2 0.2
 0.2 0.2 0.2 0.2 0.2 0.2 0.2 0.2 0.2 0.2 0.2 0.2
 0.2 0.2 0.2 0.2 0.2 0.2 0.2 0.2 0.2 0.2 0.2 0.2
 0.2 0.2 0.2 0.2 0.2 0.2 0.2 0.2 0.2 0.2 0.2 0.2
 0.2 0.2 0.2 0.2 0.2 0.2 0.2 0.2 0.2 0.2 0.2 0.2
 0.2 0.2 0.2 0.2 0.2 0.2 0.2 0.2 0.2 0.2 0.2 0.2
 0.2 0.2 0.2 0.2 0.2 0.2 0.2 0.2 0.2 0.2 0.2 0.2
 0.2 0.2 0.2 0.2 0.2 0.2 0.2 0.2 0.2 0.2 0.2 0.2
 0.2 0.2 0.2 0.2 0.2 0.2 0.2 0.2 0.2 0.2 0.2 0.2
 0.2 0.2 0.2 0.2 0.2 0.2 0.2 0.2 0.2 0.2 0.2 0.2
 0.2 0.2 0.2 0.2 0.2 0.2 0.2 0.2 0.2 0.2 0.2 0.2
 0.2 0.2 0.2 0.2 0.2 0.2 0.2 0.2 0.2 0.2 0.2 0.2
 0.2 0.2 0.2 0.2 0.2 0.2 0.2 0.2 0.2 0.2 0.2 0.2
 0.2 0.2 0.2 0.2 0.2 0.2 0.2 0.2 0.2 0.2 0.2 0.2
 0.2 0.2 0.2 0.2 0.2 0.2 0.2 0.2 0.2 0.2 0.2 0.2
 0.2 0.2 0.2 0.2 0.2 0.2 0.2 0.2 0.2 0.2 0.2 0.2
 0.2 0.2 0.2 0.2 0.2 0.2 0.2 0.2 0.2 0.2 0.2 0.2
 0.2 0.2 0.2 0.2 0.2 0.2 0.2 0.2 0.2 0.2 0.2 0.2
 0.2 0.2 0.2 0.2 0.2 0.2 0.2 0.2 0.2 0.2 0.2 0.2
 0.2 0.2 0.2 0.2 0.2 0.2 0.2 0.2 0.2 0.2 0.2 0.2
 0.2 0.2 0.2 0.2 0.2 0.2 0.2 0.2 0.2 0.2 0.2 0.2
 0.2 0.2 0.2 0.2 0.2 0.2 0.2 0.2 0.2 0.2 0.2 0.2
 0.2 0.2 0.2 0.2 0.2 0.2 0.2 0.2 0.2 0.2 0.2 0.2
 0.2 0.2 0.2 0.2 0.2 0.2 0.2 0.2 0.2 0.2 0.2 0.2
 0.2 0.2 0.2 0.2 0.2 0.2 0.2 0.2 0.2 0.2 0.2 0.2
 0.2 0.2 0.2 0.2 0.2 0.2 0.2 0.2 0.2 0.2 0.2 0.2
 0.2 0.2 0.2 0.2 0.2 0.2 0.2 0.2 0.2 0.2 0.2 0.2
 0.2 0.2 0.2 0.2 0.2 0.2 0.2 0.2 0.2 0.2 0.2 0.2
 0.2 0.2 0.2 0.2 0.2 0.2 0.2 0.2 0.2 0.2 0.2 0.2
 0.2 0.2 0.2 0.2 0.2 0.2 0.2 0.2 0.2 0.2 0.2 0.2
# mean_log_rec
13.7326
# log_Rzero
13.7871
# rec_dev
 0.0355514 0.0438043 -0.0850492 -0.205456 0.0627534 0.0725092 -0.0440646 -0.00305531 0.0950317 -0.0276615 -0.0227579 0.0911228 -0.0149062 0.103818 -0.0360163 0.0801379 -0.0821355 0.0602304 0.0505866 0.0693968 0.0397767 -0.134755 -0.0978234 -0.293521 0.152807 0.18237 0.0745822 0.513679 -0.191181 -0.397939 -0.011202 -0.218032 -0.000545394 -0.334177 -0.166022 0.114837 -0.0214024 -0.142743 -0.582202 -0.283714 -0.1602 -0.15326
# fmort
 0.00950173 0.0276913 0.0458905 0.0628284 0.050431 0.090558 0.091704 0.193049 0.112911 0.135094 0.152095 0.16156 0.116293 0.168414 0.180542 0.161531 0.315627 0.255828 0.254713 0.249682 0.349953 0.256091 0.422161 0.345868 0.342723 0.310725 0.30527 0.413029 0.309808 0.465977
# rec_dev_future
 0 0 0 0 0
