AMAK;Mar 2020
# styr
1
# endyr
30
# rec_age
1
# oldest_age
12
# nlength
81
# len_bins
 10 11 12 13 14 15 16 17 18 19 20 21 22 23 24 25 26 27 28 29 30 31 32 33 34 35 36 37 38 39 40 41 42 43 44 45 46 47 48 49 50 51 52 53 54 55 56 57 58 59 60 61 62 63 64 65 66 67 68 69 70 71 72 73 74 75 76 77 78 79 80 81 82 83 84 85 86 87 88 89 90
# datafile_name
amak_data.dat
# model_name
AMAK_MCP
# styr
1
# endyr
30
# rec_age
1
# oldest_age
12
# nfsh
1
# fshname
FLEET1
# catch_bio_in
 161.77 460.299 739.362 956.457 732.53 1258.38 1219.62 2322.79 1245.5 1456.67 1564.36 1556.81 1068.51 1484.06 1518 1292.63 2283.88 1656.76 1478.69 1337.41 1662.51 1082.1 1619.53 1175 1092.03 958.123 938.577 1237.65 889.875 1315.7
# catch_bio_sd_in
 0.01 0.01 0.01 0.01 0.01 0.01 0.01 0.01 0.01 0.01 0.01 0.01 0.01 0.01 0.01 0.01 0.01 0.01 0.01 0.01 0.01 0.01 0.01 0.01 0.01 0.01 0.01 0.01 0.01 0.01
# nyrs_fsh_age
 30
# nyrs_fsh_length
 0
# yrs_fsh_age_in
 1 2 3 4 5 6 7 8 9 10 11 12 13 14 15 16 17 18 19 20 21 22 23 24 25 26 27 28 29 30
# yrs_fsh_length_in

# n_sample_fsh_length_in

# olc_fsh_in

# nind
1
# indname
SURVEY1
# nyrs_ind
 30
# yrs_ind_in
 1 2 3 4 5 6 7 8 9 10 11 12 13 14 15 16 17 18 19 20 21 22 23 24 25 26 27 28 29 30
# mo_ind
 1
# obs_ind_in
 1.46245 1.44819 1.43643 1.64511 1.48936 1.77259 1.40904 1.54388 1.46441 1.12683 1.29865 0.992332 1.02777 1.01775 0.974509 1.02295 1.19924 0.806522 0.809128 0.93907 0.777834 0.653793 0.710699 0.520259 0.500907 0.77088 0.622675 0.501445 0.5611 0.730502
# obs_se_ind_in
 0.29249 0.289638 0.287287 0.329022 0.297872 0.354518 0.281808 0.308776 0.292881 0.225365 0.259729 0.198466 0.205555 0.203551 0.194902 0.20459 0.239848 0.161304 0.161826 0.187814 0.155567 0.130759 0.14214 0.104052 0.100181 0.154176 0.124535 0.100289 0.11222 0.1461
# nyrs_ind_age
 30
# nyrs_ind_length
 0
# yrs_ind_age_in
 1 2 3 4 5 6 7 8 9 10 11 12 13 14 15 16 17 18 19 20 21 22 23 24 25 26 27 28 29 30
# yrs_ind_length_in

# yrs_ind_age_in
 1 2 3 4 5 6 7 8 9 10 11 12 13 14 15 16 17 18 19 20 21 22 23 24 25 26 27 28 29 30
# n_sample_ind_length_in

# olc_ind_in

# oac_ind_in
 0.065 0.16 0.14 0.115 0.1 0.06 0.09 0.02 0.04 0.025 0.035 0.15
 0.05 0.155 0.11 0.13 0.07 0.11 0.035 0.055 0.045 0.06 0.02 0.16
 0.055 0.12 0.14 0.115 0.075 0.095 0.095 0.055 0.045 0.04 0.045 0.12
 0.055 0.095 0.115 0.15 0.14 0.11 0.07 0.08 0.03 0.03 0.015 0.11
 0.085 0.165 0.12 0.145 0.075 0.075 0.065 0.06 0.025 0.05 0.045 0.09
 0.11 0.13 0.21 0.105 0.065 0.075 0.06 0.055 0.045 0.025 0.03 0.09
 0.07 0.175 0.145 0.135 0.035 0.055 0.06 0.055 0.04 0.025 0.03 0.175
 0.11 0.135 0.11 0.11 0.145 0.085 0.07 0.045 0.025 0.015 0.045 0.105
 0.07 0.185 0.16 0.13 0.08 0.09 0.035 0.07 0.06 0.02 0.035 0.065
 0.08 0.18 0.155 0.185 0.085 0.065 0.07 0.04 0.015 0.04 0.025 0.06
 0.07 0.18 0.225 0.14 0.115 0.08 0.035 0.045 0.015 0.01 0.04 0.045
 0.05 0.14 0.2 0.155 0.135 0.07 0.07 0.03 0.05 0.035 0.01 0.055
 0.14 0.13 0.145 0.14 0.12 0.105 0.07 0.04 0.04 0.02 0.015 0.035
 0.065 0.22 0.175 0.1 0.085 0.075 0.075 0.045 0.025 0.035 0.015 0.085
 0.1 0.185 0.24 0.155 0.09 0.07 0.025 0.045 0.025 0.01 0.01 0.045
 0.085 0.215 0.18 0.175 0.075 0.045 0.07 0.075 0.025 0.015 0.02 0.02
 0.085 0.23 0.18 0.135 0.09 0.055 0.03 0.05 0.035 0.035 0.015 0.06
 0.09 0.175 0.21 0.135 0.13 0.11 0.015 0.055 0.02 0.015 0.005 0.04
 0.09 0.225 0.17 0.125 0.16 0.085 0.085 0.015 0.005 0.01 0 0.03
 0.085 0.205 0.215 0.16 0.12 0.065 0.06 0.025 0.02 0.005 0.025 0.015
 0.095 0.235 0.2 0.15 0.12 0.05 0.04 0.035 0.04 0.01 0 0.025
 0.095 0.225 0.185 0.17 0.125 0.035 0.05 0.035 0.035 0.015 0.015 0.015
 0.115 0.235 0.17 0.155 0.08 0.085 0.055 0.02 0.025 0.015 0.015 0.03
 0.105 0.29 0.195 0.105 0.105 0.08 0.045 0.02 0.03 0.01 0.01 0.005
 0.125 0.215 0.225 0.145 0.11 0.05 0.035 0.025 0.02 0 0.02 0.03
 0.08 0.265 0.22 0.125 0.115 0.055 0.03 0.035 0.025 0.005 0.005 0.04
 0.05 0.305 0.275 0.155 0.08 0.05 0.04 0.01 0.02 0.01 0 0.005
 0.11 0.18 0.315 0.16 0.08 0.04 0.05 0.01 0.015 0.025 0.005 0.01
 0.145 0.345 0.115 0.175 0.095 0.045 0.045 0.015 0.01 0.005 0 0.005
 0.13 0.305 0.275 0.085 0.11 0.045 0.02 0.02 0.005 0 0 0.005
# wt_ind
 1 1 1 1 1 1 1 1 1 1 1 1
 1 1 1 1 1 1 1 1 1 1 1 1
 1 1 1 1 1 1 1 1 1 1 1 1
 1 1 1 1 1 1 1 1 1 1 1 1
 1 1 1 1 1 1 1 1 1 1 1 1
 1 1 1 1 1 1 1 1 1 1 1 1
 1 1 1 1 1 1 1 1 1 1 1 1
 1 1 1 1 1 1 1 1 1 1 1 1
 1 1 1 1 1 1 1 1 1 1 1 1
 1 1 1 1 1 1 1 1 1 1 1 1
 1 1 1 1 1 1 1 1 1 1 1 1
 1 1 1 1 1 1 1 1 1 1 1 1
 1 1 1 1 1 1 1 1 1 1 1 1
 1 1 1 1 1 1 1 1 1 1 1 1
 1 1 1 1 1 1 1 1 1 1 1 1
 1 1 1 1 1 1 1 1 1 1 1 1
 1 1 1 1 1 1 1 1 1 1 1 1
 1 1 1 1 1 1 1 1 1 1 1 1
 1 1 1 1 1 1 1 1 1 1 1 1
 1 1 1 1 1 1 1 1 1 1 1 1
 1 1 1 1 1 1 1 1 1 1 1 1
 1 1 1 1 1 1 1 1 1 1 1 1
 1 1 1 1 1 1 1 1 1 1 1 1
 1 1 1 1 1 1 1 1 1 1 1 1
 1 1 1 1 1 1 1 1 1 1 1 1
 1 1 1 1 1 1 1 1 1 1 1 1
 1 1 1 1 1 1 1 1 1 1 1 1
 1 1 1 1 1 1 1 1 1 1 1 1
 1 1 1 1 1 1 1 1 1 1 1 1
 1 1 1 1 1 1 1 1 1 1 1 1
# wt_pop
 0.000530656 0.00119633 0.00205827 0.00303499 0.00405521 0.0050647 0.00602623 0.00691692 0.00772489 0.00844611 0.00908185 0.0096367
# maturity
 0.0229774 0.320821 0.904651 0.99478 0.999739 0.999987 0.999999 1 1 1 1 1
# spawnmo
1
# age_err
 1 0 0 0 0 0 0 0 0 0 0 0
 0 1 0 0 0 0 0 0 0 0 0 0
 0 0 1 0 0 0 0 0 0 0 0 0
 0 0 0 1 0 0 0 0 0 0 0 0
 0 0 0 0 1 0 0 0 0 0 0 0
 0 0 0 0 0 1 0 0 0 0 0 0
 0 0 0 0 0 0 1 0 0 0 0 0
 0 0 0 0 0 0 0 1 0 0 0 0
 0 0 0 0 0 0 0 0 1 0 0 0
 0 0 0 0 0 0 0 0 0 1 0 0
 0 0 0 0 0 0 0 0 0 0 1 0
 0 0 0 0 0 0 0 0 0 0 0 1
# cntrlfile_name
C:\Users\bai.li\DOCUME~1\Github\AGE_ST~1\ASSAMC\example\output\AMAK\s13\amak.dat
# Map shared selectivity: 
# sel_map
 1 2
 1 1
# datafile_name
amak_data.dat
# model_name
AMAK_MCP
# SrType
2
# use_age_err
0
# retro
0
# sigmarprior
0.2
# cvsigmarprior
0.25
# phase_sigmar
-3
# styr_rec_est
1
# endyr_rec_est
30
# Linfprior
80
# cvLinfprior
0.25
# kprior
0.18
# cvkprior
0.25
# Loprior
27.688
# cvLoprior
0.25
# sdageprior
0.1
# cvsdageprior
0.25
# natmortprior
0.2
# cvnatmortprior
0.25
# phase_M
-4
# npars_Mage
0
# ages_M_changes

# Mage_in

# Mage_offset_in

# phase_Mage
-5
# phase_rw_M
0
# npars_rw_M
0
# yrs_rw_M

# sigma_rw_M

# qprior
 3.48998e-007
# cvqprior
 1
# phase_q
 1
# q_power_prior
 1
# cvq_power_prior
 0.2
# phase_q_power
 -4
# phase_rw_q
 -1
# npars_rw_q
 0
# yrs_rw_q

# sigma_rw_q

# q_age_min
 1
# q_age_max
 12
# q_age_min
 1
# q_age_max
 12
# fsh_sel_opt(k)
2
# phase_sel_fsh(k)
2
# n_sel_ch_fsh(k)
1
# sel_slp_in_fsh(k)(1,n_sel_ch_fsh(k))
 1
# sel_inf_in_fsh(k)(1,n_sel_ch_fsh(k))
 2
# logsel_slp_in_fsh(k)(1,n_sel_ch_fsh(k))
 0
# yrs_sel_ch_fsh(k)(1,n_sel_ch_fsh(k))
 1

Survey SURVEY1
# ind_sel_opt(k)
2
# indname(k)
SURVEY1
# nselages_in_ind(k)
11
# phase_sel_ind(k)
2
# sel_change_in_ind(k)
 1 0 0 0 0 0 0 0 0 0 0 0 0 0 0 0 0 0 0 0 0 0 0 0 0 0 0 0 0 0
# n_sel_ch_ind(k)
1
# yrs_sel_ch_ind(k)(1,n_sel_ch_ind(k))
 1
# sel_slp_in_ind(k,1)
2
# sel_inf_in_ind(k,1)
1.5
# logsel_slp_in_ind(k,1)
0.693147
# logsel_slp_in_indv(k)
0.693147
SURVEY1 ind sel opt 2  1 0 0 0 0 0 0 0 0 0 0 0 0 0 0 0 0 0 0 0 0 0 0 0 0 0 0 0 0 0
Phase indices Sel_Coffs:  -1
 Test: 1.23457e+008
# Fshry Selages:  11
# Srvy  Selages:  11
# Phase for age-spec fishery  -1
# Phase for logistic fishery  2
# Phase for dble logistic fishery  -1
# Phase for age-spec indices   -1
# Phase for logistic indices   2
# Phase for dble logistic ind  -1
# Curv_pen_fsh: 
 0
# Curv_pen_ind: 
 0
# styr_fut
31
# endyr_fut
35
# nyrs_fsh_age
 30
# nyrs_fsh_age
 30
# yrs_fsh_age
 1 2 3 4 5 6 7 8 9 10 11 12 13 14 15 16 17 18 19 20 21 22 23 24 25 26 27 28 29 30
# n_sample_fsh_age
 200 200 200 200 200 200 200 200 200 200 200 200 200 200 200 200 200 200 200 200 200 200 200 200 200 200 200 200 200 200
# oac_fsh
 0.045 0.095 0.1 0.14 0.1 0.06 0.12 0.07 0.06 0.06 0.015 0.135
 0.05 0.145 0.115 0.145 0.14 0.085 0.05 0.04 0.02 0.04 0.045 0.125
 0.045 0.105 0.115 0.115 0.145 0.1 0.05 0.095 0.04 0.065 0.03 0.095
 0.15 0.085 0.1 0.105 0.105 0.075 0.065 0.08 0.055 0.045 0.045 0.09
 0.095 0.135 0.075 0.12 0.1 0.09 0.09 0.035 0.025 0.07 0.02 0.145
 0.09 0.11 0.185 0.09 0.08 0.095 0.085 0.045 0.05 0.025 0.01 0.135
 0.085 0.13 0.115 0.16 0.11 0.095 0.065 0.07 0.03 0.005 0.025 0.11
 0.095 0.145 0.14 0.12 0.14 0.075 0.035 0.06 0.045 0.035 0.025 0.085
 0.1 0.155 0.1 0.165 0.08 0.115 0.045 0.06 0.03 0.03 0.015 0.105
 0.075 0.175 0.17 0.155 0.105 0.07 0.075 0.02 0.03 0.025 0.02 0.08
 0.06 0.085 0.195 0.145 0.125 0.08 0.11 0.055 0.015 0.025 0.02 0.085
 0.105 0.135 0.185 0.09 0.15 0.085 0.045 0.05 0.04 0.005 0.015 0.095
 0.165 0.1 0.16 0.185 0.095 0.08 0.05 0.045 0.03 0.02 0.01 0.06
 0.085 0.165 0.115 0.15 0.175 0.085 0.08 0.02 0.02 0.01 0.015 0.08
 0.12 0.125 0.205 0.105 0.105 0.12 0.035 0.05 0.05 0.02 0.02 0.045
 0.11 0.165 0.145 0.155 0.095 0.08 0.055 0.03 0.03 0.045 0.025 0.065
 0.095 0.15 0.21 0.14 0.15 0.03 0.055 0.04 0.04 0.01 0.025 0.055
 0.11 0.14 0.165 0.18 0.1 0.13 0.045 0.035 0.02 0.03 0 0.045
 0.085 0.165 0.135 0.19 0.12 0.105 0.05 0.02 0.045 0.01 0.015 0.06
 0.13 0.15 0.205 0.165 0.075 0.075 0.07 0.025 0.045 0 0.02 0.04
 0.11 0.215 0.125 0.14 0.105 0.075 0.075 0.03 0.035 0.02 0.01 0.06
 0.115 0.145 0.185 0.135 0.125 0.1 0.065 0.055 0.015 0.01 0.03 0.02
 0.17 0.22 0.14 0.17 0.07 0.085 0.065 0.03 0.015 0.015 0 0.02
 0.155 0.24 0.215 0.125 0.105 0.04 0.055 0.015 0.02 0.015 0.005 0.01
 0.14 0.225 0.19 0.135 0.12 0.09 0.04 0.025 0.02 0 0.005 0.01
 0.195 0.205 0.195 0.145 0.075 0.09 0.05 0.015 0.005 0.01 0.005 0.01
 0.1 0.235 0.15 0.18 0.1 0.085 0.05 0.02 0.025 0.015 0.015 0.025
 0.14 0.135 0.315 0.185 0.115 0.04 0.015 0.02 0.015 0 0 0.02
 0.16 0.225 0.15 0.155 0.105 0.085 0.06 0.025 0.01 0.015 0 0.01
 0.13 0.33 0.24 0.055 0.14 0.05 0.015 0.025 0.01 0 0 0.005
# olc_fsh

# wt_fsh
 0.000530656 0.00119633 0.00205827 0.00303499 0.00405521 0.0050647 0.00602623 0.00691692 0.00772489 0.00844611 0.00908185 0.0096367
 0.000530656 0.00119633 0.00205827 0.00303499 0.00405521 0.0050647 0.00602623 0.00691692 0.00772489 0.00844611 0.00908185 0.0096367
 0.000530656 0.00119633 0.00205827 0.00303499 0.00405521 0.0050647 0.00602623 0.00691692 0.00772489 0.00844611 0.00908185 0.0096367
 0.000530656 0.00119633 0.00205827 0.00303499 0.00405521 0.0050647 0.00602623 0.00691692 0.00772489 0.00844611 0.00908185 0.0096367
 0.000530656 0.00119633 0.00205827 0.00303499 0.00405521 0.0050647 0.00602623 0.00691692 0.00772489 0.00844611 0.00908185 0.0096367
 0.000530656 0.00119633 0.00205827 0.00303499 0.00405521 0.0050647 0.00602623 0.00691692 0.00772489 0.00844611 0.00908185 0.0096367
 0.000530656 0.00119633 0.00205827 0.00303499 0.00405521 0.0050647 0.00602623 0.00691692 0.00772489 0.00844611 0.00908185 0.0096367
 0.000530656 0.00119633 0.00205827 0.00303499 0.00405521 0.0050647 0.00602623 0.00691692 0.00772489 0.00844611 0.00908185 0.0096367
 0.000530656 0.00119633 0.00205827 0.00303499 0.00405521 0.0050647 0.00602623 0.00691692 0.00772489 0.00844611 0.00908185 0.0096367
 0.000530656 0.00119633 0.00205827 0.00303499 0.00405521 0.0050647 0.00602623 0.00691692 0.00772489 0.00844611 0.00908185 0.0096367
 0.000530656 0.00119633 0.00205827 0.00303499 0.00405521 0.0050647 0.00602623 0.00691692 0.00772489 0.00844611 0.00908185 0.0096367
 0.000530656 0.00119633 0.00205827 0.00303499 0.00405521 0.0050647 0.00602623 0.00691692 0.00772489 0.00844611 0.00908185 0.0096367
 0.000530656 0.00119633 0.00205827 0.00303499 0.00405521 0.0050647 0.00602623 0.00691692 0.00772489 0.00844611 0.00908185 0.0096367
 0.000530656 0.00119633 0.00205827 0.00303499 0.00405521 0.0050647 0.00602623 0.00691692 0.00772489 0.00844611 0.00908185 0.0096367
 0.000530656 0.00119633 0.00205827 0.00303499 0.00405521 0.0050647 0.00602623 0.00691692 0.00772489 0.00844611 0.00908185 0.0096367
 0.000530656 0.00119633 0.00205827 0.00303499 0.00405521 0.0050647 0.00602623 0.00691692 0.00772489 0.00844611 0.00908185 0.0096367
 0.000530656 0.00119633 0.00205827 0.00303499 0.00405521 0.0050647 0.00602623 0.00691692 0.00772489 0.00844611 0.00908185 0.0096367
 0.000530656 0.00119633 0.00205827 0.00303499 0.00405521 0.0050647 0.00602623 0.00691692 0.00772489 0.00844611 0.00908185 0.0096367
 0.000530656 0.00119633 0.00205827 0.00303499 0.00405521 0.0050647 0.00602623 0.00691692 0.00772489 0.00844611 0.00908185 0.0096367
 0.000530656 0.00119633 0.00205827 0.00303499 0.00405521 0.0050647 0.00602623 0.00691692 0.00772489 0.00844611 0.00908185 0.0096367
 0.000530656 0.00119633 0.00205827 0.00303499 0.00405521 0.0050647 0.00602623 0.00691692 0.00772489 0.00844611 0.00908185 0.0096367
 0.000530656 0.00119633 0.00205827 0.00303499 0.00405521 0.0050647 0.00602623 0.00691692 0.00772489 0.00844611 0.00908185 0.0096367
 0.000530656 0.00119633 0.00205827 0.00303499 0.00405521 0.0050647 0.00602623 0.00691692 0.00772489 0.00844611 0.00908185 0.0096367
 0.000530656 0.00119633 0.00205827 0.00303499 0.00405521 0.0050647 0.00602623 0.00691692 0.00772489 0.00844611 0.00908185 0.0096367
 0.000530656 0.00119633 0.00205827 0.00303499 0.00405521 0.0050647 0.00602623 0.00691692 0.00772489 0.00844611 0.00908185 0.0096367
 0.000530656 0.00119633 0.00205827 0.00303499 0.00405521 0.0050647 0.00602623 0.00691692 0.00772489 0.00844611 0.00908185 0.0096367
 0.000530656 0.00119633 0.00205827 0.00303499 0.00405521 0.0050647 0.00602623 0.00691692 0.00772489 0.00844611 0.00908185 0.0096367
 0.000530656 0.00119633 0.00205827 0.00303499 0.00405521 0.0050647 0.00602623 0.00691692 0.00772489 0.00844611 0.00908185 0.0096367
 0.000530656 0.00119633 0.00205827 0.00303499 0.00405521 0.0050647 0.00602623 0.00691692 0.00772489 0.00844611 0.00908185 0.0096367
 0.000530656 0.00119633 0.00205827 0.00303499 0.00405521 0.0050647 0.00602623 0.00691692 0.00772489 0.00844611 0.00908185 0.0096367
# nyrs_ind_age
 30
# yrs_ind_age
 1 2 3 4 5 6 7 8 9 10 11 12 13 14 15 16 17 18 19 20 21 22 23 24 25 26 27 28 29 30
# n_sample_ind_age
 200 200 200 200 200 200 200 200 200 200 200 200 200 200 200 200 200 200 200 200 200 200 200 200 200 200 200 200 200 200
# oac_ind
 0.065 0.16 0.14 0.115 0.1 0.06 0.09 0.02 0.04 0.025 0.035 0.15
 0.05 0.155 0.11 0.13 0.07 0.11 0.035 0.055 0.045 0.06 0.02 0.16
 0.055 0.12 0.14 0.115 0.075 0.095 0.095 0.055 0.045 0.04 0.045 0.12
 0.055 0.095 0.115 0.15 0.14 0.11 0.07 0.08 0.03 0.03 0.015 0.11
 0.085 0.165 0.12 0.145 0.075 0.075 0.065 0.06 0.025 0.05 0.045 0.09
 0.11 0.13 0.21 0.105 0.065 0.075 0.06 0.055 0.045 0.025 0.03 0.09
 0.07 0.175 0.145 0.135 0.035 0.055 0.06 0.055 0.04 0.025 0.03 0.175
 0.11 0.135 0.11 0.11 0.145 0.085 0.07 0.045 0.025 0.015 0.045 0.105
 0.07 0.185 0.16 0.13 0.08 0.09 0.035 0.07 0.06 0.02 0.035 0.065
 0.08 0.18 0.155 0.185 0.085 0.065 0.07 0.04 0.015 0.04 0.025 0.06
 0.07 0.18 0.225 0.14 0.115 0.08 0.035 0.045 0.015 0.01 0.04 0.045
 0.05 0.14 0.2 0.155 0.135 0.07 0.07 0.03 0.05 0.035 0.01 0.055
 0.14 0.13 0.145 0.14 0.12 0.105 0.07 0.04 0.04 0.02 0.015 0.035
 0.065 0.22 0.175 0.1 0.085 0.075 0.075 0.045 0.025 0.035 0.015 0.085
 0.1 0.185 0.24 0.155 0.09 0.07 0.025 0.045 0.025 0.01 0.01 0.045
 0.085 0.215 0.18 0.175 0.075 0.045 0.07 0.075 0.025 0.015 0.02 0.02
 0.085 0.23 0.18 0.135 0.09 0.055 0.03 0.05 0.035 0.035 0.015 0.06
 0.09 0.175 0.21 0.135 0.13 0.11 0.015 0.055 0.02 0.015 0.005 0.04
 0.09 0.225 0.17 0.125 0.16 0.085 0.085 0.015 0.005 0.01 0 0.03
 0.085 0.205 0.215 0.16 0.12 0.065 0.06 0.025 0.02 0.005 0.025 0.015
 0.095 0.235 0.2 0.15 0.12 0.05 0.04 0.035 0.04 0.01 0 0.025
 0.095 0.225 0.185 0.17 0.125 0.035 0.05 0.035 0.035 0.015 0.015 0.015
 0.115 0.235 0.17 0.155 0.08 0.085 0.055 0.02 0.025 0.015 0.015 0.03
 0.105 0.29 0.195 0.105 0.105 0.08 0.045 0.02 0.03 0.01 0.01 0.005
 0.125 0.215 0.225 0.145 0.11 0.05 0.035 0.025 0.02 0 0.02 0.03
 0.08 0.265 0.22 0.125 0.115 0.055 0.03 0.035 0.025 0.005 0.005 0.04
 0.05 0.305 0.275 0.155 0.08 0.05 0.04 0.01 0.02 0.01 0 0.005
 0.11 0.18 0.315 0.16 0.08 0.04 0.05 0.01 0.015 0.025 0.005 0.01
 0.145 0.345 0.115 0.175 0.095 0.045 0.045 0.015 0.01 0.005 0 0.005
 0.13 0.305 0.275 0.085 0.11 0.045 0.02 0.02 0.005 0 0 0.005
# olc_ind

# obs_lse_ind
 0.198042 0.198042 0.198042 0.198042 0.198042 0.198042 0.198042 0.198042 0.198042 0.198042 0.198042 0.198042 0.198042 0.198042 0.198042 0.198042 0.198042 0.198042 0.198042 0.198042 0.198042 0.198042 0.198042 0.198042 0.198042 0.198042 0.198042 0.198042 0.198042 0.198042
# xages_fsh
 0 0 0 0 0 0 0 0 0 0 0 0
# xages_fsh
 0 0.0909091 0.181818 0.272727 0.363636 0.454545 0.545455 0.636364 0.727273 0.818182 0.909091 1
# xnodes_fsh

Yrs fsh_sel change:  1 0 0 0 0 0 0 0 0 0 0 0 0 0 0 0 0 0 0 0 0 0 0 0 0 0 0 0 0
Yrs ind_sel change:  1 0 0 0 0 0 0 0 0 0 0 0 0 0 0 0 0 0 0 0 0 0 0 0 0 0 0 0 0
# steepnessprior
0.75
# sigmarprior
0.2
#  SSB estimated in styr endyr: -13 28 
#  Rec estimated in styr endyr: -11 30 
#  SR Curve fit  in styr endyr: 1 30 
#             Model styr endyr: 1 30 
# qprior
 3.48998e-007
# q_power_prior 
 1 
# cv_catchbiomass 
0.05 
# CatchbiomassPen 
200 
# Number of projection years 
5 
# offset_fsh
 13418.9
# offset_ind
 13162.5
Mean Catch
1258.85
R_guess 
15.3981
# nfsh
1
# n_sel_ch_fsh
 1
# nselages_fsh
 11
# phase_selcoff_fsh
 -1
logRzero 15.3981
logmeanrec 15.3981
exp(log_sigmarprior 0.2
Fish sel phase: -1 FLEET1
Fixing fishery sel to
1
Srvy sel phase: -1
Fixing SURVEY1 indices sel to
1
# logsel_slp_in_indv
 0.693147
Leaving parameter init secton
# M
 0.2 0.2 0.2 0.2 0.2 0.2 0.2 0.2 0.2 0.2 0.2 0.2
 0.2 0.2 0.2 0.2 0.2 0.2 0.2 0.2 0.2 0.2 0.2 0.2
 0.2 0.2 0.2 0.2 0.2 0.2 0.2 0.2 0.2 0.2 0.2 0.2
 0.2 0.2 0.2 0.2 0.2 0.2 0.2 0.2 0.2 0.2 0.2 0.2
 0.2 0.2 0.2 0.2 0.2 0.2 0.2 0.2 0.2 0.2 0.2 0.2
 0.2 0.2 0.2 0.2 0.2 0.2 0.2 0.2 0.2 0.2 0.2 0.2
 0.2 0.2 0.2 0.2 0.2 0.2 0.2 0.2 0.2 0.2 0.2 0.2
 0.2 0.2 0.2 0.2 0.2 0.2 0.2 0.2 0.2 0.2 0.2 0.2
 0.2 0.2 0.2 0.2 0.2 0.2 0.2 0.2 0.2 0.2 0.2 0.2
 0.2 0.2 0.2 0.2 0.2 0.2 0.2 0.2 0.2 0.2 0.2 0.2
 0.2 0.2 0.2 0.2 0.2 0.2 0.2 0.2 0.2 0.2 0.2 0.2
 0.2 0.2 0.2 0.2 0.2 0.2 0.2 0.2 0.2 0.2 0.2 0.2
 0.2 0.2 0.2 0.2 0.2 0.2 0.2 0.2 0.2 0.2 0.2 0.2
 0.2 0.2 0.2 0.2 0.2 0.2 0.2 0.2 0.2 0.2 0.2 0.2
 0.2 0.2 0.2 0.2 0.2 0.2 0.2 0.2 0.2 0.2 0.2 0.2
 0.2 0.2 0.2 0.2 0.2 0.2 0.2 0.2 0.2 0.2 0.2 0.2
 0.2 0.2 0.2 0.2 0.2 0.2 0.2 0.2 0.2 0.2 0.2 0.2
 0.2 0.2 0.2 0.2 0.2 0.2 0.2 0.2 0.2 0.2 0.2 0.2
 0.2 0.2 0.2 0.2 0.2 0.2 0.2 0.2 0.2 0.2 0.2 0.2
 0.2 0.2 0.2 0.2 0.2 0.2 0.2 0.2 0.2 0.2 0.2 0.2
 0.2 0.2 0.2 0.2 0.2 0.2 0.2 0.2 0.2 0.2 0.2 0.2
 0.2 0.2 0.2 0.2 0.2 0.2 0.2 0.2 0.2 0.2 0.2 0.2
 0.2 0.2 0.2 0.2 0.2 0.2 0.2 0.2 0.2 0.2 0.2 0.2
 0.2 0.2 0.2 0.2 0.2 0.2 0.2 0.2 0.2 0.2 0.2 0.2
 0.2 0.2 0.2 0.2 0.2 0.2 0.2 0.2 0.2 0.2 0.2 0.2
 0.2 0.2 0.2 0.2 0.2 0.2 0.2 0.2 0.2 0.2 0.2 0.2
 0.2 0.2 0.2 0.2 0.2 0.2 0.2 0.2 0.2 0.2 0.2 0.2
 0.2 0.2 0.2 0.2 0.2 0.2 0.2 0.2 0.2 0.2 0.2 0.2
 0.2 0.2 0.2 0.2 0.2 0.2 0.2 0.2 0.2 0.2 0.2 0.2
 0.2 0.2 0.2 0.2 0.2 0.2 0.2 0.2 0.2 0.2 0.2 0.2
# mean_log_rec
13.7206
# log_Rzero
13.7838
# rec_dev
 -0.0863861 -0.103711 -0.149413 -0.0421119 0.0748855 -0.053397 0.0921936 -0.0350528 0.0342958 0.0446076 0.0613253 0.0641778 0.096059 -0.0417686 -0.182123 0.325752 0.0666444 0.151375 0.168918 0.241846 0.149093 0.153199 -0.073758 -0.141044 0.28627 0.0684931 0.178724 0.0421733 -0.0576263 -0.00726461 -0.204104 -0.104161 -0.258326 -0.199411 -0.158978 -0.229719 -0.209841 -0.0431589 -0.693878 -0.111993 -0.0293951 -0.292332
# fmort
 0.00964534 0.0277704 0.0459441 0.0621434 0.0496281 0.0890816 0.09113 0.189507 0.110678 0.135404 0.153998 0.164098 0.118245 0.171206 0.185195 0.164155 0.316887 0.261494 0.256085 0.250849 0.348292 0.250983 0.419607 0.347626 0.34736 0.31497 0.311348 0.434488 0.330545 0.517893
# rec_dev_future
 0 0 0 0 0
